
Gurobi 10.0.1 (win64) logging started Sat Jun 10 18:09:45 2023

Set parameter LogFile to value "results/log/Fattahi_setup_14_modified_deadline.log"
Gurobi Optimizer version 10.0.1 build v10.0.1rc0 (win64)

CPU model: AMD Ryzen 7 3700X 8-Core Processor, instruction set [SSE2|AVX|AVX2]
Thread count: 8 physical cores, 16 logical processors, using up to 16 threads

Optimize a model with 641 rows, 610 columns and 2623 nonzeros
Model fingerprint: 0xdc735f0b
Variable types: 0 continuous, 610 integer (553 binary)
Coefficient statistics:
  Matrix range     [1e+00, 1e+09]
  Objective range  [1e+00, 1e+00]
  Bounds range     [1e+00, 1e+00]
  RHS range        [1e+00, 3e+09]
Warning: Model contains large matrix coefficients
Warning: Model contains large rhs
         Consider reformulating model or setting NumericFocus parameter
         to avoid numerical issues.
Presolve removed 107 rows and 376 columns
Presolve time: 0.01s
Presolved: 534 rows, 234 columns, 2419 nonzeros
Variable types: 0 continuous, 234 integer (177 binary)

Root relaxation: objective 1.976355e+03, 100 iterations, 0.00 seconds (0.00 work units)

    Nodes    |    Current Node    |     Objective Bounds      |     Work
 Expl Unexpl |  Obj  Depth IntInf | Incumbent    BestBd   Gap | It/Node Time

     0     0 1976.35492    0   49          - 1976.35492      -     -    0s
H    0     0                    5683.0000000 1976.35492  65.2%     -    0s
H    0     0                    5681.0000000 1976.35492  65.2%     -    0s
H    0     0                    4304.0000000 1981.00008  54.0%     -    0s
     0     0 1981.00008    0   52 4304.00000 1981.00008  54.0%     -    0s
H    0     0                    4143.0000000 1996.68232  51.8%     -    0s
     0     0 1996.68232    0   40 4143.00000 1996.68232  51.8%     -    0s
     0     0 1996.68232    0   40 4143.00000 1996.68232  51.8%     -    0s
H    0     0                    4039.0000000 2001.00002  50.5%     -    0s
     0     0 2023.70685    0   52 4039.00000 2023.70685  49.9%     -    0s
     0     0 2023.70685    0   53 4039.00000 2023.70685  49.9%     -    0s
     0     0 2026.39352    0   50 4039.00000 2026.39352  49.8%     -    0s
     0     0 2026.39352    0   50 4039.00000 2026.39352  49.8%     -    0s
H    0     0                    3474.0000000 2026.39352  41.7%     -    0s
     0     0 2035.90390    0   48 3474.00000 2035.90390  41.4%     -    0s
     0     0 2035.90390    0   48 3474.00000 2035.90390  41.4%     -    0s
     0     0 2035.90390    0   48 3474.00000 2035.90390  41.4%     -    0s
H    0     0                    3341.0000000 2035.90390  39.1%     -    0s
H    0     0                    3206.0000000 2035.90390  36.5%     -    0s
     0     0 2046.71223    0   50 3206.00000 2046.71223  36.2%     -    0s
     0     0 2051.00001    0   50 3206.00000 2051.00001  36.0%     -    0s
H    0     0                    3004.0000000 2051.00001  31.7%     -    0s
     0     0 2051.00001    0   50 3004.00000 2051.00001  31.7%     -    0s
     0     0 2051.00001    0   50 3004.00000 2051.00001  31.7%     -    0s
     0     0 2054.00001    0   50 3004.00000 2054.00001  31.6%     -    0s
     0     0 2054.00001    0   50 3004.00000 2054.00001  31.6%     -    0s
     0     0 2054.00001    0   40 3004.00000 2054.00001  31.6%     -    0s
     0     0 2054.30301    0   30 3004.00000 2054.30301  31.6%     -    0s
     0     0 2057.38462    0   34 3004.00000 2057.38462  31.5%     -    0s
     0     0 2059.00001    0   37 3004.00000 2059.00001  31.5%     -    0s
     0     0 2059.00001    0   37 3004.00000 2059.00001  31.5%     -    0s
     0     0 2061.00000    0   27 3004.00000 2061.00000  31.4%     -    0s
     0     0 2061.00000    0   27 3004.00000 2061.00000  31.4%     -    0s
     0     2 2061.00000    0   27 3004.00000 2061.00000  31.4%     -    0s
H   72    60                    2927.0000000 2061.00000  29.6%  16.1    0s
H  137    98                    2888.0000000 2061.00000  28.6%  11.3    0s
H 3117  1222                    2853.0000000 2148.88278  24.7%   1.9    1s
H 3126  1162                    2846.0000000 2148.88278  24.5%   1.9    1s
H 3177  1153                    2813.0000000 2148.88278  23.6%   2.1    1s
H 3385  1166                    2754.0000000 2148.88278  22.0%   2.4    1s
H17735  5115                    2741.0000000 2181.00000  20.4%   5.2    2s
 92811 22852 infeasible   45      2741.00000 2343.21178  14.5%   4.9    5s
 231900 33285 2630.74352   47   19 2741.00000 2478.40324  9.58%   4.9   10s
 352634 19485 2673.18182   52   12 2741.00000 2594.59711  5.34%   5.0   15s

Cutting planes:
  Learned: 1
  Gomory: 3
  Flow cover: 1

Explored 403873 nodes (1969983 simplex iterations) in 16.81 seconds (11.24 work units)
Thread count was 16 (of 16 available processors)

Solution count 10: 2741 2754 2813 ... 3341

Optimal solution found (tolerance 1.00e-04)
Best objective 2.741000000000e+03, best bound 2.741000000000e+03, gap 0.0000%
Warning: variable name "y[job:0, stage:0, machine:1]" has a space
Warning: constraint name "precedence between 1,0 to 0,0 if x_[j,l,h,z,i]=1" has a space
Warning: to let Gurobi read it back, use rlp format
Warning: variable name "y[job:0, stage:0, machine:1]" has a space
Warning: constraint name "precedence between 1,0 to 0,0 if x_[j,l,h,z,i]=1" has a space
Warning: default variable names used to write mps file
Warning: default constraint names used to write mps file
Warning: variable name "y[job:0, stage:0, machine:1]" has a space
Warning: default variable names used to write solution file
