
Gurobi 10.0.1 (win64) logging started Thu Jul 13 17:18:25 2023

Set parameter LogFile to value "results/log/MetalMeca_makespan.log"
Gurobi Optimizer version 10.0.1 build v10.0.1rc0 (win64)

CPU model: AMD Ryzen 7 3700X 8-Core Processor, instruction set [SSE2|AVX|AVX2]
Thread count: 8 physical cores, 16 logical processors, using up to 16 threads

Optimize a model with 18596 rows, 45876 columns and 89198 nonzeros
Model fingerprint: 0x444cce72
Variable types: 0 continuous, 45876 integer (45332 binary)
Coefficient statistics:
  Matrix range     [1e+00, 1e+08]
  Objective range  [1e+00, 1e+00]
  Bounds range     [1e+00, 1e+00]
  RHS range        [1e+00, 3e+08]
Presolve removed 949 rows and 40526 columns
Presolve time: 0.16s
Presolved: 17647 rows, 5350 columns, 77533 nonzeros
Variable types: 0 continuous, 5350 integer (4807 binary)

Root relaxation: objective 2.368020e+06, 2393 iterations, 0.03 seconds (0.06 work units)

    Nodes    |    Current Node    |     Objective Bounds      |     Work
 Expl Unexpl |  Obj  Depth IntInf | Incumbent    BestBd   Gap | It/Node Time

     0     0 2368020.00    0  491          - 2368020.00      -     -    0s
     0     0 2374788.08    0  655          - 2374788.08      -     -    0s
     0     0 2381489.48    0  624          - 2381489.48      -     -    0s
     0     0 2381856.03    0  621          - 2381856.03      -     -    0s
     0     0 2381856.03    0  622          - 2381856.03      -     -    0s
     0     0 2387198.44    0  801          - 2387198.44      -     -    0s
     0     0 2387230.32    0  726          - 2387230.32      -     -    1s
     0     0 2387230.32    0  701          - 2387230.32      -     -    1s
     0     0 2460783.57    0  589          - 2460783.57      -     -    1s
     0     0 2460856.10    0  590          - 2460856.10      -     -    1s
     0     0 2460856.10    0  586          - 2460856.10      -     -    1s
     0     0 2464774.71    0  581          - 2464774.71      -     -    1s
     0     0 2465328.95    0  586          - 2465328.95      -     -    1s
     0     0 2465545.06    0  585          - 2465545.06      -     -    1s
     0     0 2465554.07    0  588          - 2465554.07      -     -    1s
     0     0 2466255.25    0  614          - 2466255.25      -     -    1s
     0     0 2466255.25    0  616          - 2466255.25      -     -    1s
     0     0 2466856.84    0  625          - 2466856.84      -     -    1s
     0     0 2467148.38    0  619          - 2467148.38      -     -    2s
     0     0 2467148.38    0  626          - 2467148.38      -     -    2s
     0     0 2467941.10    0  620          - 2467941.10      -     -    2s
     0     0 2468519.67    0  618          - 2468519.67      -     -    2s
     0     0 2468681.05    0  622          - 2468681.05      -     -    2s
     0     0 2468681.05    0  618          - 2468681.05      -     -    2s
     0     0 2468885.04    0  613          - 2468885.04      -     -    2s
     0     0 2468885.04    0  613          - 2468885.04      -     -    2s
     0     0 2468929.99    0  619          - 2468929.99      -     -    2s
     0     0 2468954.09    0  612          - 2468954.09      -     -    2s
     0     0 2468954.09    0  615          - 2468954.09      -     -    2s
     0     0 2469072.08    0  621          - 2469072.08      -     -    2s
     0     0 2469310.44    0  617          - 2469310.44      -     -    2s
     0     0 2469310.44    0  617          - 2469310.44      -     -    2s
     0     0 2469346.92    0  604          - 2469346.92      -     -    3s
     0     0 2469346.92    0  605          - 2469346.92      -     -    3s
     0     0 2469496.48    0  616          - 2469496.48      -     -    3s
     0     0 2469578.42    0  606          - 2469578.42      -     -    3s
     0     0 2469596.43    0  603          - 2469596.43      -     -    3s
     0     0 2469651.74    0  608          - 2469651.74      -     -    3s
     0     0 2469651.74    0  609          - 2469651.74      -     -    3s
     0     0 2469657.38    0  637          - 2469657.38      -     -    3s
     0     0 2469657.38    0  634          - 2469657.38      -     -    3s
     0     0 2469659.51    0  627          - 2469659.51      -     -    3s
     0     0 2469659.51    0  652          - 2469659.51      -     -    3s
     0     0 2469661.64    0  652          - 2469661.64      -     -    3s
     0     0 2469661.64    0  652          - 2469661.64      -     -    4s
     0     2 2469661.64    0  509          - 2469661.64      -     -    4s
    47    63 2482004.78    7  481          - 2473121.58      -  56.7    5s
  5464  5218 3273233.00  545   57          - 2475818.00      -  12.3   10s
  7012  6456 2683466.00  144  999          - 2532966.45      -  11.7   15s
  7039  6474 2627320.02   71 1448          - 2556662.76      -  11.7   20s
  7057  6486 2793532.00  279 1385          - 2559087.66      -  11.7   25s
  7069  6496 2817018.00  363 1236          - 2559269.42      -  17.9   30s
  7088  6508 2871029.00  309 1305          - 2560896.47      -  17.8   35s
  7104  6522 2563557.86   30 1229          - 2561328.19      -  11.2   40s
  7483  6788 2582924.65   57 1184          - 2561584.79      -  18.0   45s
  8049  7086 2598655.44   86 1141          - 2561584.79      -  27.3   50s
  9242  7564 2666847.29  167  940          - 2561584.79      -  34.7   55s
 11320  8428 2896840.00  312  698          - 2561584.79      -  32.1   60s
 13455  9371 3068551.00  431  502          - 2561584.79      -  28.0   65s
 14760  9573 2956421.70  251  787          - 2561584.79      -  26.0   70s
 14779  9586 2991874.00  419  804          - 2562944.57      -  26.0   75s
 14789  9596 2563771.74   43  763          - 2563337.50      -  27.8   82s
 15031  9765 2568200.58   58  720          - 2563864.14      -  29.4   85s
 15331  9956 2569744.65   72  674          - 2563864.14      -  31.8   90s
 15477 10045 2573497.22   80  667          - 2563864.14      -  32.7   95s
 15987 10368 infeasible  101               - 2563864.14      -  36.1  100s
 16782 10814 2589881.40  134  595          - 2563864.14      -  39.4  105s
 18467 11828 infeasible  190               - 2563864.14      -  39.6  110s
 21347 13939 2758512.00  364  182          - 2563864.14      -  36.6  116s
 24968 15542 2591028.59   60  699          - 2564291.65      -  32.7  121s
 28375 18009 2949702.90  191  275          - 2564291.65      -  30.5  126s
 32587 19773 3220281.02  359  143          - 2564291.65      -  27.6  130s
H34607 20020                    3860612.0000 2564291.65  33.6%  26.3  131s
H34892 17315                    3448607.0000 2564291.65  25.6%  26.2  133s
H34906 16171                    3364572.0000 2564291.65  23.8%  26.2  133s
H34959 15681                    3363883.0000 2564745.52  23.8%  26.2  134s
H35028 15245                    3352199.0000 2565064.76  23.5%  26.2  134s
H35075 14746                    3337657.0000 2565064.76  23.1%  26.4  135s
H35076 14353                    3320773.0000 2565064.76  22.8%  26.4  135s
H35078 14159                    3306375.0000 2565064.76  22.4%  26.4  135s
H35144 14186                    3298483.0000 2565064.76  22.2%  26.8  137s
H35145 14170                    3292191.0000 2565064.76  22.1%  26.8  137s
H35148 13741                    3240744.0000 2565064.76  20.8%  26.9  137s
H35203 13755                    3233790.0000 2565064.76  20.7%  27.0  138s
H35204 13632                    3222655.0000 2565064.76  20.4%  27.0  138s
H35265 13558                    3207878.0000 2565064.76  20.0%  27.3  139s
 35272 13608 2623316.06   70  573 3207878.00 2565064.76  20.0%  27.3  140s
H35314 13486                    3188707.0000 2565064.76  19.6%  27.5  140s
H35340 13388                    3173545.0000 2565064.76  19.2%  27.6  141s
H35429 13454                    3161975.0000 2565064.76  18.9%  27.8  142s
H35565 13466                    3145356.0000 2565064.76  18.4%  28.1  143s
 35715 13514 2932214.53  135  315 3145356.00 2565073.85  18.4%  28.0  145s
H35717 13451                    3137109.0000 2565073.85  18.2%  28.0  145s
H35759 13446                    3135608.0000 2565073.85  18.2%  28.1  145s
H35763 13374                    3129010.0000 2565073.85  18.0%  28.1  145s
H35806 13198                    3105807.0000 2565073.85  17.4%  28.1  146s
H35831 13109                    3099852.0000 2565073.85  17.3%  28.1  146s
H35957 12923                    3089310.0000 2565073.85  17.0%  28.1  148s
H35983 12802                    3082150.0000 2565073.85  16.8%  28.1  148s
 36119 12805 2569031.28   59  735 3082150.00 2565073.85  16.8%  28.0  150s
H36120 12704                    3076237.0000 2565073.85  16.6%  28.0  150s
H36132 12649                    3073989.0000 2565073.85  16.6%  28.0  150s
H36147 12413                    3063782.0000 2565073.85  16.3%  28.1  152s
H36198 12470                    3061926.0000 2565073.85  16.2%  28.3  153s
H36254 12360                    3057198.0000 2565073.85  16.1%  28.4  156s
H36255 12266                    3054078.0000 2565073.85  16.0%  28.4  156s
H36256 12153                    3049225.0000 2565073.85  15.9%  28.4  156s
H36268 12162                    3048220.0000 2565073.85  15.9%  28.4  158s
H36289 12155                    3047918.0000 2565073.85  15.8%  28.5  158s
 36318 12255 2574981.43   80  620 3047918.00 2565073.85  15.8%  28.5  162s
H36380 12215                    3046105.0000 2565073.85  15.8%  28.7  162s
H36446 12293                    3044853.0000 2565073.85  15.8%  28.8  164s
H36472 12291                    3044679.0000 2565073.85  15.8%  28.9  164s
 36549 12348 2595731.56  113  504 3044679.00 2565073.85  15.8%  29.1  165s
H36600 12345                    3044505.0000 2565073.85  15.7%  29.1  165s
H36606 12351                    3043979.0000 2565073.85  15.7%  29.1  169s
H36607 12320                    3042213.0000 2565073.85  15.7%  29.1  169s
H36613 12232                    3039166.0000 2565073.85  15.6%  29.1  169s
 36614 12602 2596615.07  112  505 3039166.00 2565073.85  15.6%  29.2  171s
H36628 12580                    3038448.0000 2565073.85  15.6%  29.2  171s
H36762 12565                    3037865.0000 2565073.85  15.6%  29.2  171s
H36988 12571                    3037705.0000 2565073.85  15.6%  29.2  179s
H36990 12533                    3037571.0000 2565073.85  15.6%  29.2  179s
H36993 12528                    3037425.0000 2565073.85  15.6%  29.2  179s
 36996 12972 2610459.72  123  449 3037425.00 2565073.85  15.6%  29.2  181s
H38027 13440                    3036328.0000 2565520.17  15.5%  29.8  185s
H38114 13427                    3036111.0000 2565520.17  15.5%  30.0  185s
 38993 14809 2669504.43   93  526 3036111.00 2565520.17  15.5%  30.4  190s
H39798 15150                    3035532.0000 2565603.07  15.5%  30.4  192s
 40336 15478 2569108.97   59  735 3035532.00 2565603.07  15.5%  30.9  195s
H40948 16050                    3035181.0000 2565603.07  15.5%  31.6  198s
 41232 16333 2583223.87   69  681 3035181.00 2565603.07  15.5%  31.8  200s
H41515 16479                    3034062.0000 2565603.07  15.4%  32.1  202s
 42391 17550 2734105.70   82  497 3034062.00 2565603.07  15.4%  32.5  206s
H42972 17875                    3033946.0000 2566001.04  15.4%  32.7  208s
H43123 17871                    3033780.0000 2566001.04  15.4%  32.8  208s
H43148 17866                    3033467.0000 2566001.04  15.4%  32.9  208s
 43300 18244 2573034.67   57  746 3033467.00 2566001.04  15.4%  33.2  211s
H43777 18212                    3031707.0000 2566001.04  15.4%  33.5  215s
H43784 18207                    3031351.0000 2566001.04  15.4%  33.6  215s
H44627 18951                    3031116.0000 2566092.19  15.3%  34.1  265s
 44631 18006 2599573.05  130  780 3031116.00 2566092.19  15.3%  34.1  272s
 44635 18009 2577986.19   86  821 3031116.00 2566631.99  15.3%  34.1  275s
 44648 18017 2987132.00  203  795 3031116.00 2570044.45  15.2%  34.1  282s
 44651 18019 2976268.88  304  866 3031116.00 2570330.14  15.2%  34.1  287s
 44656 18023 2782858.58  154  874 3031116.00 2570650.84  15.2%  34.1  291s
 44660 18025 2969780.00  447  818 3031116.00 2570872.00  15.2%  34.1  295s
H44660 17123                    3031089.0000 2570900.60  15.2%  34.1  296s
 44663 17125 2867602.54  158  803 3031089.00 2571007.60  15.2%  34.1  301s
 44665 17127 2840233.12  330  870 3031089.00 2571062.89  15.2%  34.1  305s
H44668 16272                    3030328.0000 2571125.02  15.2%  34.1  310s
H44668 15458                    3029916.0000 2571125.02  15.1%  34.1  310s
H44670 14685                    3029868.0000 2571147.31  15.1%  34.1  316s
H44671 13951                    3029850.0000 2571147.31  15.1%  34.1  317s
 44673 13952 2921121.51  161  844 3029850.00 2571177.17  15.1%  34.1  322s
H44673 13254                    3029757.0000 2571177.17  15.1%  34.1  323s
H44673 12590                    3029748.0000 2571196.82  15.1%  34.1  325s
H44674 11961                    3029735.0000 2571196.82  15.1%  34.1  325s
H44674 11362                    3029323.0000 2571196.82  15.1%  34.1  325s
 44678 11364 2722480.07  300  819 3029323.00 2571333.67  15.1%  34.1  330s
H44678 10795                    3029236.0000 2571333.67  15.1%  34.1  330s
H44678 10254                    3029214.0000 2571333.67  15.1%  34.1  330s
 44683 10258 2754295.72  204  873 3029214.00 2571480.25  15.1%  34.1  335s
H44683  9745                    3028009.0000 2571480.25  15.1%  34.1  336s
H44684  9256                    3026291.0000 2571497.73  15.0%  34.1  340s
H44685  8793                    3026251.0000 2571497.73  15.0%  34.1  342s
H44685  8353                    3025971.0000 2571497.73  15.0%  34.1  342s
 44688  8355 2959619.00  404  879 3025971.00 2571612.47  15.0%  34.1  346s
 44691  7938 2966756.00  192  870 3025971.00 2571716.90  15.0%  34.1  351s
H44691  7540                    3025949.0000 2571745.60  15.0%  34.1  352s
 44693  7541 2740777.01   91  838 3025949.00 2571833.14  15.0%  34.1  355s

Cutting planes:
  Learned: 5
  Gomory: 38
  Implied bound: 52
  MIR: 301
  Flow cover: 803
  Inf proof: 15
  Zero half: 14
  Mod-K: 1
  RLT: 4
  Relax-and-lift: 179

Explored 44697 nodes (1673908 simplex iterations) in 360.19 seconds (447.68 work units)
Thread count was 16 (of 16 available processors)

Solution count 10: 3.02595e+06 3.02597e+06 3.02597e+06 ... 3.02974e+06

Time limit reached
Best objective 3.025949000000e+06, best bound 2.572008165959e+06, gap 15.0016%
Warning: constraint name "precedence between 1,0 to 0,0 if x_[j,l,h,z,i]=1" has a space
Warning: constraint name "precedence between 1,0 to 0,0 if x_[j,l,h,z,i]=1" has a space
Warning: default constraint names used to write mps file
