
Gurobi 10.0.1 (win64) logging started Sun Jun 11 10:15:22 2023

Set parameter LogFile to value "results/log/FTQL_modified_deadline.log"
Gurobi Optimizer version 10.0.1 build v10.0.1rc0 (win64)

CPU model: AMD Ryzen 7 3700X 8-Core Processor, instruction set [SSE2|AVX|AVX2]
Thread count: 8 physical cores, 16 logical processors, using up to 16 threads

Optimize a model with 220 rows, 649 columns and 697 nonzeros
Model fingerprint: 0xd01e46ad
Variable types: 0 continuous, 649 integer (624 binary)
Coefficient statistics:
  Matrix range     [1e+00, 4e+06]
  Objective range  [1e+00, 1e+00]
  Bounds range     [1e+00, 1e+00]
  RHS range        [1e+00, 1e+07]
Presolve removed 107 rows and 578 columns
Presolve time: 0.00s
Presolved: 113 rows, 71 columns, 320 nonzeros
Variable types: 0 continuous, 71 integer (47 binary)

Root relaxation: objective 1.555300e+04, 34 iterations, 0.00 seconds (0.00 work units)

    Nodes    |    Current Node    |     Objective Bounds      |     Work
 Expl Unexpl |  Obj  Depth IntInf | Incumbent    BestBd   Gap | It/Node Time

     0     0 15553.0000    0   24          - 15553.0000      -     -    0s
H    0     0                    37465.000000 15553.0000  58.5%     -    0s
H    0     0                    37464.000000 15553.0000  58.5%     -    0s
     0     0 25643.0000    0   37 37464.0000 25643.0000  31.6%     -    0s
H    0     0                    37463.000000 25643.0000  31.6%     -    0s
     0     0 25700.8762    0   34 37463.0000 25700.8762  31.4%     -    0s
     0     0 25707.0835    0   36 37463.0000 25707.0835  31.4%     -    0s
     0     0 25707.0835    0   36 37463.0000 25707.0835  31.4%     -    0s
H    0     0                    36044.000000 25707.0835  28.7%     -    0s
     0     0 27125.2245    0   49 36044.0000 27125.2245  24.7%     -    0s
     0     0 27129.0083    0   46 36044.0000 27129.0083  24.7%     -    0s
     0     0 27129.0083    0   47 36044.0000 27129.0083  24.7%     -    0s
     0     0 27131.8380    0   46 36044.0000 27131.8380  24.7%     -    0s
     0     0 27134.2089    0   48 36044.0000 27134.2089  24.7%     -    0s
     0     0 27136.0000    0   47 36044.0000 27136.0000  24.7%     -    0s
     0     0 27146.0000    0   45 36044.0000 27146.0000  24.7%     -    0s
H    0     0                    34533.000000 27146.0000  21.4%     -    0s
     0     2 27146.8888    0   45 34533.0000 27146.8888  21.4%     -    0s

Cutting planes:
  Gomory: 2
  Implied bound: 8
  MIR: 4
  RLT: 2
  Relax-and-lift: 11

Explored 241 nodes (2249 simplex iterations) in 0.07 seconds (0.03 work units)
Thread count was 16 (of 16 available processors)

Solution count 5: 34533 36044 37463 ... 37465

Optimal solution found (tolerance 1.00e-04)
Best objective 3.453300000000e+04, best bound 3.453300000000e+04, gap 0.0000%
Warning: variable name "y[job:0, stage:0, machine:1]" has a space
Warning: constraint name "precedence between 1,0 to 0,0 if x_[j,l,h,z,i]=1" has a space
Warning: to let Gurobi read it back, use rlp format
Warning: variable name "y[job:0, stage:0, machine:1]" has a space
Warning: constraint name "precedence between 1,0 to 0,0 if x_[j,l,h,z,i]=1" has a space
Warning: default variable names used to write mps file
Warning: default constraint names used to write mps file
Warning: variable name "y[job:0, stage:0, machine:1]" has a space
Warning: default variable names used to write solution file
