
Gurobi 10.0.1 (win64) logging started Thu May 18 16:25:37 2023

Set parameter LogFile to value "results/log/Fattahi_setup_15_modificated.log"
Gurobi Optimizer version 10.0.1 build v10.0.1rc0 (win64)

CPU model: AMD Ryzen 7 3700X 8-Core Processor, instruction set [SSE2|AVX|AVX2]
Thread count: 8 physical cores, 16 logical processors, using up to 16 threads

Optimize a model with 628 rows, 552 columns and 2624 nonzeros
Model fingerprint: 0x2993f7ba
Variable types: 0 continuous, 552 integer (496 binary)
Coefficient statistics:
  Matrix range     [1e+00, 1e+09]
  Objective range  [1e+00, 1e+00]
  Bounds range     [1e+00, 1e+00]
  RHS range        [1e+00, 3e+09]
Warning: Model contains large matrix coefficients
Warning: Model contains large rhs
         Consider reformulating model or setting NumericFocus parameter
         to avoid numerical issues.
Presolve removed 101 rows and 301 columns
Presolve time: 0.00s
Presolved: 527 rows, 251 columns, 2450 nonzeros
Variable types: 0 continuous, 251 integer (196 binary)

Root relaxation: objective 2.403000e+03, 76 iterations, 0.00 seconds (0.00 work units)

    Nodes    |    Current Node    |     Objective Bounds      |     Work
 Expl Unexpl |  Obj  Depth IntInf | Incumbent    BestBd   Gap | It/Node Time

     0     0 2403.00006    0   36          - 2403.00006      -     -    0s
H    0     0                    4559.0000000 2403.00006  47.3%     -    0s
H    0     0                    4399.0000000 2403.00006  45.4%     -    0s
H    0     0                    4138.0000000 2403.00006  41.9%     -    0s
     0     0 2403.00006    0   44 4138.00000 2403.00006  41.9%     -    0s
     0     0 2415.00000    0   41 4138.00000 2415.00000  41.6%     -    0s
     0     0 2421.00000    0   41 4138.00000 2421.00000  41.5%     -    0s
H    0     0                    3926.0000000 2421.00000  38.3%     -    0s
     0     0 2461.02750    0   36 3926.00000 2461.02750  37.3%     -    0s
H    0     0                    3640.0000000 2461.02750  32.4%     -    0s
     0     0 2461.02750    0   34 3640.00000 2461.02750  32.4%     -    0s
     0     0 2461.02750    0   34 3640.00000 2461.02750  32.4%     -    0s
     0     0 2510.11551    0   39 3640.00000 2510.11551  31.0%     -    0s
     0     0 2511.58746    0   38 3640.00000 2511.58746  31.0%     -    0s
     0     0 2511.58746    0   39 3640.00000 2511.58746  31.0%     -    0s
     0     0 2517.79297    0   33 3640.00000 2517.79297  30.8%     -    0s
     0     0 2517.80946    0   34 3640.00000 2517.80946  30.8%     -    0s
     0     0 2524.12331    0   35 3640.00000 2524.12331  30.7%     -    0s
H    0     0                    3592.0000000 2524.12331  29.7%     -    0s
     0     0 2524.16311    0   35 3592.00000 2524.16311  29.7%     -    0s
     0     0 2524.16311    0   35 3592.00000 2524.16311  29.7%     -    0s
     0     0 2528.46284    0   40 3592.00000 2528.46284  29.6%     -    0s
     0     0 2528.46284    0   38 3592.00000 2528.46284  29.6%     -    0s
     0     0 2528.46284    0   36 3592.00000 2528.46284  29.6%     -    0s
     0     0 2528.46284    0   35 3592.00000 2528.46284  29.6%     -    0s
     0     0 2528.46284    0   31 3592.00000 2528.46284  29.6%     -    0s
     0     0 2528.46284    0   30 3592.00000 2528.46284  29.6%     -    0s
     0     0 2528.46284    0   31 3592.00000 2528.46284  29.6%     -    0s
     0     0 2528.46284    0   31 3592.00000 2528.46284  29.6%     -    0s
H    0     0                    3461.0000000 2528.46284  26.9%     -    0s
     0     0 2532.52128    0   32 3461.00000 2532.52128  26.8%     -    0s
     0     0 2532.52128    0   33 3461.00000 2532.52128  26.8%     -    0s
     0     0 2532.52128    0   36 3461.00000 2532.52128  26.8%     -    0s
     0     0 2532.52128    0   35 3461.00000 2532.52128  26.8%     -    0s
H    0     0                    3453.0000000 2532.52128  26.7%     -    0s
     0     0 2532.52128    0   35 3453.00000 2532.52128  26.7%     -    0s
     0     0 2532.52128    0   35 3453.00000 2532.52128  26.7%     -    0s
     0     0 2545.02128    0   35 3453.00000 2545.02128  26.3%     -    0s
     0     0 2545.02128    0   33 3453.00000 2545.02128  26.3%     -    0s
     0     0 2545.02128    0   31 3453.00000 2545.02128  26.3%     -    0s
     0     2 2545.02128    0   31 3453.00000 2545.02128  26.3%     -    0s
H   79    92                    3447.0000000 2558.83411  25.8%   6.9    0s
H 3091  1446                    3434.0000000 2691.28388  21.6%   1.3    1s
H 3223  1468                    3404.0000000 2691.28388  20.9%   1.7    1s
H 5320  1702                    3377.0000000 2723.14734  19.4%   4.4    1s
* 6953  1987              47    3376.0000000 2775.64238  17.8%   5.3    1s
H 7065  2248                    3374.0000000 2778.34424  17.7%   5.3    1s
* 7142  2244              48    3373.0000000 2778.68072  17.6%   5.3    1s
H 7684  2196                    3324.0000000 2783.22244  16.3%   5.6    1s
H 8516  2529                    3288.0000000 2786.57516  15.3%   5.8    1s
 41500 12022 3014.68556   41   62 3288.00000 2899.13831  11.8%   7.5    5s
 41605 12092 3028.80720   36   70 3288.00000 2899.13831  11.8%   7.5   10s
 81082 13654     cutoff   66      3288.00000 2922.59167  11.1%   8.3   15s
 146707 28688 3270.00000   77    8 3288.00000 2994.15701  8.94%   8.2   20s
 211685 40451     cutoff   74      3288.00000 3033.81665  7.73%   8.0   25s
*224974 42000              85    3283.0000000 3040.10108  7.40%   8.0   26s
 274700 47921     cutoff   66      3283.00000 3063.37063  6.69%   7.9   30s
 343108 54681     cutoff   68      3283.00000 3090.40323  5.87%   7.8   35s
 404182 58120     cutoff   74      3283.00000 3110.00638  5.27%   7.7   40s
 468234 61076 3168.00000   66    5 3283.00000 3127.54412  4.74%   7.6   45s
 533670 62223 3234.74442   77   13 3283.00000 3144.43228  4.22%   7.5   50s
 596421 61611 3219.62528   78   15 3283.00000 3158.99147  3.78%   7.4   55s
 655627 59349     cutoff   74      3283.00000 3172.00000  3.38%   7.4   60s
 710159 55182 3184.51429   74   10 3283.00000 3183.81502  3.02%   7.3   65s
 768573 48825 3252.29958   71   21 3283.00000 3197.00000  2.62%   7.3   70s
 820087 41754 3239.60251   76   10 3283.00000 3209.00000  2.25%   7.3   75s
 874778 30757 3247.00000   73    4 3283.00000 3224.00000  1.80%   7.2   80s
 927766 14308 3267.55048   70   14 3283.00000 3246.59701  1.11%   7.2   85s

Cutting planes:
  Learned: 143
  Gomory: 53
  Cover: 1
  Implied bound: 9
  MIR: 240
  StrongCG: 67
  Flow cover: 386
  Inf proof: 138
  Zero half: 18
  RLT: 6
  Relax-and-lift: 6

Explored 955198 nodes (6897019 simplex iterations) in 87.52 seconds (44.15 work units)
Thread count was 16 (of 16 available processors)

Solution count 10: 3283 3288 3324 ... 3447

Optimal solution found (tolerance 1.00e-04)
Best objective 3.283000000000e+03, best bound 3.283000000000e+03, gap 0.0000%
Warning: variable name "y[job:0, stage:0, machine:1]" has a space
Warning: constraint name "precedence between 0,1 to 0,0 if x_[j,l,h,z,i]=1" has a space
Warning: to let Gurobi read it back, use rlp format
Warning: variable name "y[job:0, stage:0, machine:1]" has a space
Warning: constraint name "precedence between 0,1 to 0,0 if x_[j,l,h,z,i]=1" has a space
Warning: default variable names used to write mps file
Warning: default constraint names used to write mps file
Warning: variable name "y[job:0, stage:0, machine:1]" has a space
Warning: default variable names used to write solution file
