
Gurobi 10.0.1 (win64) logging started Sat Sep  9 01:38:35 2023

Set parameter LogFile to value "results-heuristic-start//log/BA_06_makespan.log"
Gurobi Optimizer version 10.0.1 build v10.0.1rc0 (win64)

CPU model: AMD Ryzen 7 3700X 8-Core Processor, instruction set [SSE2|AVX|AVX2]
Thread count: 8 physical cores, 16 logical processors, using up to 16 threads

Optimize a model with 95 rows, 100 columns and 337 nonzeros
Model fingerprint: 0x08144b4f
Variable types: 9 continuous, 91 integer (90 binary)
Coefficient statistics:
  Matrix range     [1e+00, 1e+06]
  Objective range  [1e+00, 1e+00]
  Bounds range     [1e+00, 1e+00]
  RHS range        [1e+00, 3e+06]

User MIP start produced solution with objective 1055 (0.00s)
Loaded user MIP start with objective 1055

Presolve removed 50 rows and 74 columns
Presolve time: 0.00s
Presolved: 45 rows, 26 columns, 128 nonzeros
Variable types: 7 continuous, 19 integer (18 binary)
Found heuristic solution: objective 1054.0000000

Root relaxation: objective 6.200000e+01, 15 iterations, 0.00 seconds (0.00 work units)

    Nodes    |    Current Node    |     Objective Bounds      |     Work
 Expl Unexpl |  Obj  Depth IntInf | Incumbent    BestBd   Gap | It/Node Time

     0     0   62.00000    0    8 1054.00000   62.00000  94.1%     -    0s
H    0     0                     147.0000000   78.00000  46.9%     -    0s
H    0     0                     136.0000000   78.00000  42.6%     -    0s
H    0     0                     128.0000000   78.00000  39.1%     -    0s
H    0     0                      98.0000000   78.00000  20.4%     -    0s

Cutting planes:
  Learned: 1
  Implied bound: 5
  Relax-and-lift: 3

Explored 1 nodes (15 simplex iterations) in 0.00 seconds (0.00 work units)
Thread count was 16 (of 16 available processors)

Solution count 7: 98 98 128 ... 1055

Optimal solution found (tolerance 1.00e-04)
Best objective 9.800000000000e+01, best bound 9.800000000000e+01, gap 0.0000%
Warning: constraint name "precedence between 0,1 to 0,0 if x_[j,l,h,z,i]=1" has a space
Warning: constraint name "precedence between 0,1 to 0,0 if x_[j,l,h,z,i]=1" has a space
Warning: default constraint names used to write mps file
