
Gurobi 10.0.1 (win64) logging started Sat Sep  9 09:27:09 2023

Set parameter LogFile to value "results-heuristic-start//log/BA_18_deadline.log"
Gurobi Optimizer version 10.0.1 build v10.0.1rc0 (win64)

CPU model: AMD Ryzen 7 3700X 8-Core Processor, instruction set [SSE2|AVX|AVX2]
Thread count: 8 physical cores, 16 logical processors, using up to 16 threads

Optimize a model with 2013 rows, 1540 columns and 8900 nonzeros
Model fingerprint: 0x875db45c
Model has 1 quadratic constraint
Variable types: 108 continuous, 1432 integer (1431 binary)
Coefficient statistics:
  Matrix range     [1e+00, 1e+06]
  QMatrix range    [1e+00, 1e+00]
  QLMatrix range   [1e+00, 2e+01]
  Objective range  [1e+00, 1e+00]
  Bounds range     [1e+00, 1e+00]
  RHS range        [1e+00, 3e+06]

Warning: Completing partial solution with 1398 unfixed non-continuous variables out of 1432
User MIP start produced solution with objective 2555 (0.00s)
User MIP start produced solution with objective 2493 (0.00s)
User MIP start produced solution with objective 2391 (0.00s)
User MIP start produced solution with objective 2380 (0.00s)
User MIP start produced solution with objective 2370 (0.00s)
Loaded user MIP start with objective 2370

Presolve removed 129 rows and 731 columns
Presolve time: 0.02s
Presolved: 1912 rows, 836 columns, 8860 nonzeros
Variable types: 135 continuous, 701 integer (700 binary)

Root relaxation: objective 0.000000e+00, 151 iterations, 0.00 seconds (0.00 work units)

    Nodes    |    Current Node    |     Objective Bounds      |     Work
 Expl Unexpl |  Obj  Depth IntInf | Incumbent    BestBd   Gap | It/Node Time

     0     0    0.00000    0   11 2370.00000    0.00000   100%     -    0s
H    0     0                    2368.0000000    0.00000   100%     -    0s
     0     0    0.00000    0   19 2368.00000    0.00000   100%     -    0s
     0     0    0.00000    0   19 2368.00000    0.00000   100%     -    0s
H    0     0                    2367.0000000    0.00000   100%     -    0s
     0     0    0.00000    0   25 2367.00000    0.00000   100%     -    0s
H    0     0                    2366.0000000    0.00000   100%     -    0s
     0     0    0.00000    0   12 2366.00000    0.00000   100%     -    0s
H    0     0                    2365.0000000    0.00000   100%     -    0s
H    0     0                     223.0000000    0.00000   100%     -    0s
     0     0    0.00000    0   26  223.00000    0.00000   100%     -    0s
     0     0    0.00000    0   15  223.00000    0.00000   100%     -    0s
H    0     0                     222.0000000    0.00000   100%     -    0s
     0     0    0.00000    0   16  222.00000    0.00000   100%     -    0s
     0     0    0.00000    0   23  222.00000    0.00000   100%     -    0s
H    0     0                     208.0000000    0.00000   100%     -    0s
     0     0    0.00000    0   33  208.00000    0.00000   100%     -    0s
     0     0    0.00000    0   23  208.00000    0.00000   100%     -    0s
     0     0    0.00000    0   23  208.00000    0.00000   100%     -    0s
     0     2    0.00000    0   12  208.00000    0.00000   100%     -    0s
H   36    30                     193.0000000    0.00000   100%   183    0s
H   66    56                     191.0000000    0.00000   100%   115    1s
H  120    96                     189.0000000    0.00000   100%  74.3    1s
H  128    96                     187.0000000    0.00000   100%  70.8    1s
H  251   193                     185.0000000    0.00000   100%  43.0    2s
H  253   193                     169.0000000    0.00000   100%  42.7    2s
H  315   286                     166.0000000    0.00000   100%  36.3    2s
H  448   359                     161.0000000    0.00000   100%  29.1    3s
H  546   414                     154.0000000    0.00000   100%  27.4    3s
  1572  1068   83.00000   83   75  154.00000    6.00000  96.1%  19.1    5s
H 1576  1019                     152.0000000    6.00000  96.1%   6.4    5s
H 1591   977                     151.0000000    6.00000  96.0%   6.3    5s
  1859  1114    9.00000   37   56  151.00000    6.00000  96.0%  17.1   10s
H15040  8428                     150.0000000    7.00000  95.3%  14.1   14s
H15049  8412                     149.0000000    7.00000  95.3%  14.1   14s
H15053  8386                     147.0000000    7.00000  95.2%  14.1   14s
 16160  9254  112.00000   94   26  147.00000    7.00000  95.2%  13.9   15s
 27281 16692  114.00000   96   26  147.00000    7.00000  95.2%  13.9   20s
 42808 24511    7.00000   35   23  147.00000    7.00000  95.2%  14.1   26s
 42949 24603   11.00000   43   74  147.00000   10.00000  93.2%  14.8   32s
H43039 23424                     146.0000000   10.00000  93.2%  14.9   34s
H43044 22257                     145.0000000   10.00000  93.1%  15.0   34s
 43092 22281   11.00000   47   73  145.00000   10.00000  93.1%  15.0   36s
 48581 23951   22.68689   44   84  145.00000   10.00000  93.1%  18.1   40s
 56443 26097   38.00000   62   58  145.00000   10.00000  93.1%  20.9   45s
 60282 26803   96.99999   74   42  145.00000   10.00000  93.1%  22.1   52s
 63341 28361   46.00000   72   62  145.00000   10.00000  93.1%  23.0   55s
 70002 29524  101.29148   98   39  145.00000   10.96897  92.4%  24.1   60s
 75373 31217   12.00000   65   71  145.00000   11.00000  92.4%  25.0   65s
 83068 34026   43.00000   76   58  145.00000   11.00000  92.4%  26.7   72s
 86359 34300   12.88193   65   87  145.00000   11.00000  92.4%  27.0   75s
 91417 35567   20.00000   58   72  145.00000   11.00000  92.4%  27.8   81s
H95740 35041                     144.0000000   11.00000  92.4%  28.6   84s
 97804 34361   22.33521   50   79  144.00000   11.00000  92.4%  28.7   92s
 100263 36477  120.65183   76   37  144.00000   11.00000  92.4%  29.2   96s
 105085 37563   74.00000   99   44  144.00000   11.00000  92.4%  30.1  101s
 110190 40457   13.00000   59   99  144.00000   11.00000  92.4%  30.9  106s
 115337 43653   11.00000   62   75  144.00000   11.00000  92.4%  31.6  111s
 120894 47039   88.00000   95   37  144.00000   11.00000  92.4%  32.4  116s
 126723 48715   93.07692   70   56  144.00000   11.00000  92.4%  33.0  123s
 126739 50036  101.07692   71   53  144.00000   11.00000  92.4%  33.0  125s
 131815 53143   24.00000   63   70  144.00000   11.00000  92.4%  33.6  130s
 136981 56735   23.65385   71   72  144.00000   11.00000  92.4%  34.1  136s
 143133 59983   32.00000   66   62  144.00000   11.00000  92.4%  34.5  141s
 148205 62247   37.00000   82   67  144.00000   11.00000  92.4%  34.8  145s
 153168 65178   88.88095   91   36  144.00000   11.00000  92.4%  35.1  150s
 157890 67225  113.00000   97   48  144.00000   11.00000  92.4%  35.5  156s
 158987 67244   11.00000   62   79  144.00000   11.00000  92.4%  35.5  160s
 161743 70372   11.00000   54   71  144.00000   11.00000  92.4%  35.8  166s
 167503 73261   15.14257   66   67  144.00000   11.00000  92.4%  36.1  173s
 169655 74715   72.00000   92   44  144.00000   11.00000  92.4%  36.2  176s
 174622 78337   46.00000   69   56  144.00000   11.00000  92.4%  36.7  182s
 178566 78505   11.00000   45   65  144.00000   11.00000  92.4%  36.8  186s
 181294 81051 infeasible  104       144.00000   11.00000  92.4%  37.0  191s
 185638 83822  129.33004   88   36  144.00000   11.00000  92.4%  37.3  196s
 191478 87126   48.03882   71   63  144.00000   11.00000  92.4%  37.6  200s
 193975 96194   55.00000   85   52  144.00000   11.00000  92.4%  37.8  221s
 209991 97673   25.00000   75   67  144.00000   11.00000  92.4%  38.6  225s
 213133 99352   35.00000   75   60  144.00000   11.00000  92.4%  38.8  230s
 218576 102221   13.00000   79   76  144.00000   11.00000  92.4%  39.1  235s
 221201 103562   33.21536   69   70  144.00000   11.00000  92.4%  39.2  241s
 226215 105634   51.00000   66   48  144.00000   11.00000  92.4%  39.5  247s
H226479 104980                     140.0000000   11.00000  92.1%  39.5  247s
 227162 106465   23.77519   69   84  140.00000   11.00000  92.1%  39.5  250s
 231351 109020  114.72398   92   38  140.00000   11.00000  92.1%  39.7  255s
 236910 111992   23.00000   65   69  140.00000   11.00000  92.1%  40.0  261s
 242180 114997   11.00000   55   77  140.00000   11.00000  92.1%  40.2  266s
 247638 117515   36.15142   59   76  140.00000   11.00000  92.1%  40.3  270s
 250006 117522   35.05377   58   80  140.00000   11.00000  92.1%  40.3  277s
 252066 119967   23.94428   54   81  140.00000   11.00000  92.1%  40.4  282s
 255300 121260   11.00000   73   76  140.00000   11.00000  92.1%  40.6  285s
 259717 124622   16.00000   67   79  140.00000   11.00000  92.1%  40.7  290s
 263413 126354   11.00000   56   83  140.00000   11.00000  92.1%  40.8  296s
 268554 128007   85.00000  114   43  140.00000   11.00000  92.1%  41.1  300s
 271509 131000   14.00000   70   67  140.00000   11.00000  92.1%  41.2  305s
 277014 132706  134.04406   83   47  140.00000   11.00000  92.1%  41.4  311s
 277403 132718   11.00000   57   88  140.00000   11.00000  92.1%  41.4  316s
 279551 135667  106.05170   86   30  140.00000   11.00000  92.1%  41.5  322s
 282569 137139   36.00000   74   59  140.00000   11.00000  92.1%  41.6  325s
 287980 140150  113.00000  125   25  140.00000   11.00000  92.1%  41.8  330s
 293261 143024   24.13332   68   87  140.00000   11.00000  92.1%  41.9  336s
 298169 145652  103.00000  116   34  140.00000   11.00000  92.1%  42.1  341s
 303178 147210 infeasible   86       140.00000   11.00000  92.1%  42.3  347s
 303620 155088  118.25090  108   37  140.00000   11.00000  92.1%  42.3  367s
 318365 155150   33.00000   77   68  140.00000   11.00000  92.1%  42.8  374s
 318468 156770   33.00000   78   74  140.00000   11.00000  92.1%  42.8  377s
 321331 158281   38.00000   74   74  140.00000   11.00000  92.1%  42.9  380s
 326182 161433   15.00000   85   80  140.00000   11.00000  92.1%  43.1  386s
 331960 162946   36.39818   73   68  140.00000   11.00000  92.1%  43.3  394s
 332216 164399   37.00000   74   57  140.00000   11.00000  92.1%  43.3  397s
 334902 164457   11.00000   70   74  140.00000   11.00000  92.1%  43.4  404s
 335017 166111   11.33333   71   81  140.00000   11.00000  92.1%  43.4  408s
 338002 167472  107.00000  108   46  140.00000   11.00000  92.1%  43.5  412s
 340773 168823   61.00000   94   57  140.00000   11.00000  92.1%  43.5  416s
 345834 171466  117.00000   93   30  140.00000   11.00000  92.1%  43.8  423s
 348303 172961   53.63636   80   60  140.00000   11.00000  92.1%  43.9  427s
 351040 174331   13.87306   70   77  140.00000   11.00000  92.1%  43.9  431s
 353626 175551   12.00000   66   64  140.00000   11.00000  92.1%  44.1  435s
 358734 178429   11.00000   64   88  140.00000   11.00000  92.1%  44.2  443s
 361335 178596   54.00000   89   42  140.00000   11.00000  92.1%  44.3  447s
H361613 178335                     139.0000000   11.00000  92.1%  44.3  447s
 361665 179662  105.18794   90   41  139.00000   11.00000  92.1%  44.3  451s
 364177 179797   16.00000   83   76  139.00000   11.00000  92.1%  44.4  458s
 364426 181381   35.22500   84   62  139.00000   11.00000  92.1%  44.4  462s
 367329 183008   37.00000   81   61  139.00000   11.00000  92.1%  44.5  466s
 370258 184445 infeasible  111       139.00000   11.00000  92.1%  44.6  470s
 374872 186659   11.01338   66   82  139.00000   11.00000  92.1%  44.7  476s
 376906 187970 infeasible  114       139.00000   11.00000  92.1%  44.7  480s
 381848 190647   11.00000   62   75  139.00000   11.00000  92.1%  44.8  487s
 384280 191984 infeasible  112       139.00000   11.00000  92.1%  44.8  491s
 386801 193322   33.00000   72   71  139.00000   11.00000  92.1%  44.9  495s
 389242 193331   12.00000   70   84  139.00000   11.00000  92.1%  44.9  505s
 389258 201757   12.00000   71   84  139.00000   11.00000  92.1%  44.9  539s
 405274 203366   23.00000   62   81  139.00000   11.00000  92.1%  45.2  545s
 410956 204925   12.00000   69   79  139.00000   11.00000  92.1%  45.4  556s
 411054 213428   19.90132   70   73  139.00000   11.00000  92.1%  45.4  592s
 425068 213428   14.00000   63   71  139.00000   11.00000  92.1%  45.6  595s
 429940 215039   16.00000   59   78  139.00000   11.00000  92.1%  45.7  603s
 430021 216457   16.00000   60   80  139.00000   11.00000  92.1%  45.7  607s
 432718 217799   58.00000   98   44  139.00000   11.00000  92.1%  45.8  611s
 435247 218028   94.02543  100   45  139.00000   11.00000  92.1%  45.8  617s
 435720 220085   48.00000   87   56  139.00000   11.00000  92.1%  45.9  622s
 439521 221480   68.00000   82   51  139.00000   11.00000  92.1%  45.9  627s
 442371 223066   12.02380   74   61  139.00000   11.00000  92.1%  46.0  631s
 445372 224632   55.96192   83   58  139.00000   11.00000  92.1%  46.1  635s
 451181 227550   12.00000   77   72  139.00000   11.00000  92.1%  46.2  643s
 453941 228996   30.59286   78   56  139.00000   11.00000  92.1%  46.2  647s
 456668 230328   11.00000   54   74  139.00000   11.00000  92.1%  46.3  650s
 459197 230338   28.00000   73   69  139.00000   11.00000  92.1%  46.4  656s
 459216 230641   29.67180   74   65  139.00000   11.00000  92.1%  46.4  661s
 459636 232576   36.78289   88   66  139.00000   11.00000  92.1%  46.5  665s
 465653 235527   57.00000   94   57  139.00000   11.00000  92.1%  46.6  673s
 468411 236861   12.00000   77   85  139.00000   11.00000  92.1%  46.6  676s
 470927 238110   11.52413   81   73  139.00000   11.00000  92.1%  46.6  680s
 476100 241063   80.69739   97   51  139.00000   11.00000  92.1%  46.7  688s
 478933 242294   21.46588   75   88  139.00000   11.00000  92.1%  46.8  691s
 483746 245087   62.00000  110   40  139.00000   11.00000  92.1%  46.9  696s
 488935 246416   58.00000   98   55  139.00000   11.00000  92.1%  47.0  704s
 488991 247545   70.34420   99   49  139.00000   11.00000  92.1%  47.0  706s
 493783 249142   14.00000   67   85  139.00000   11.00000  92.1%  47.1  713s
 493991 250712   14.00000   68   87  139.00000   11.00000  92.1%  47.1  717s
 496960 252113   11.00000   71   75  139.00000   11.00000  92.1%  47.1  720s
 502336 255065   42.28154   76   63  139.00000   11.00000  92.1%  47.2  726s
 507240 257594   24.85719   90   68  139.00000   11.00000  92.1%  47.3  732s
 509885 258114   41.00000   68   68  139.00000   11.00000  92.1%  47.3  737s
H510564 257769                     138.0000000   11.00000  92.0%  47.3  737s
 510773 259204   11.00000   65   84  138.00000   11.00000  92.0%  47.4  740s
 515812 262034   59.64693   71   69  138.00000   11.00000  92.0%  47.5  746s
 521454 264840   11.00000   59   92  138.00000   11.00000  92.0%  47.5  752s
 524082 266340   83.00000  104   47  138.00000   11.00000  92.0%  47.6  755s
 529308 269081   49.00000   81   51  138.00000   11.00000  92.0%  47.6  761s
 533909 270488   24.12702   67   60  138.00000   11.00000  92.0%  47.7  770s
 536727 273516  125.00000   94   32  138.00000   11.00000  92.0%  47.7  776s
 539283 274971   38.00000   76   56  138.00000   11.00000  92.0%  47.7  780s
 544585 277731   12.22794   80   79  138.00000   11.00000  92.0%  47.8  786s
 550025 280706   11.00000   54   69  138.00000   11.00000  92.0%  47.8  792s
 552726 282093   24.00000   72   60  138.00000   11.00000  92.0%  47.9  795s
 555326 283144   97.00000   99   58  138.00000   11.00000  92.0%  47.9  801s
 559766 286088   89.72053   87   48  138.00000   11.00000  92.0%  47.9  807s
 562524 287477  113.09984   95   38  138.00000   11.00000  92.0%  48.0  810s
 567613 288942   31.20285   75   74  138.00000   11.00000  92.0%  48.0  817s
 567695 290318   32.00000   76   81  138.00000   11.00000  92.0%  48.0  820s
 573187 293195   41.00000   78   69  138.00000   11.00000  92.0%  48.1  826s
 575266 293411   48.00000   77   51  138.00000   11.00000  92.0%  48.2  830s
 575696 294680   48.00000   77   53  138.00000   11.00000  92.0%  48.2  835s
 580832 297697   11.00000   71   78  138.00000   11.00000  92.0%  48.2  842s
 583854 299185   28.00000   63   84  138.00000   11.00000  92.0%  48.2  845s
 589246 302050  112.00000  104   36  138.00000   11.00000  92.0%  48.2  851s
 591546 302076   46.00000   75   52  138.00000   11.00000  92.0%  48.2  856s
 593751 304499   62.00000   92   57  138.00000   11.00000  92.0%  48.3  861s
 595979 305957  111.99999   85   31  138.00000   11.00000  92.0%  48.3  865s
 601112 308514   33.00000   83   53  138.00000   11.00000  92.0%  48.3  870s
 606314 310243   45.00000   78   56  138.00000   11.00000  92.0%  48.3  878s
 606340 311589   54.43478   79   55  138.00000   11.00000  92.0%  48.3  881s
 611226 313100   28.00000   76   58  138.00000   11.00000  92.0%  48.4  887s
 611355 314522   28.00000   77   59  138.00000   11.00000  92.0%  48.4  890s
 616451 317720   17.00000   69   62  138.00000   11.00000  92.0%  48.4  897s
 619507 319333 infeasible   95       138.00000   11.00000  92.0%  48.4  900s
 624769 322330   11.00000   62   69  138.00000   11.00000  92.0%  48.4  907s
 627462 323946   11.00000   75   83  138.00000   11.00000  92.0%  48.5  910s
 632646 326683  118.00000  101   31  138.00000   11.00000  92.0%  48.5  916s
 635200 326700   99.01303   88   41  138.00000   11.00000  92.0%  48.5  921s
 637570 329227   11.93296   68   74  138.00000   11.00000  92.0%  48.5  927s
 640153 330718  114.00000   99   35  138.00000   11.00000  92.0%  48.6  931s
 642873 332130   65.92856   75   61  138.00000   11.00000  92.0%  48.6  937s
 645256 333648  122.00000  104   31  138.00000   11.00000  92.0%  48.6  941s
 647872 335320   35.00000   83   65  138.00000   11.00000  92.0%  48.6  945s
 653175 338089   11.00000   72   77  138.00000   11.00000  92.0%  48.7  951s
 655777 338141   42.00000   71   65  138.00000   11.00000  92.0%  48.7  956s
 658122 340863   11.82432   65   89  138.00000   11.00000  92.0%  48.7  963s
 660864 342110   27.50000   65   64  138.00000   11.00000  92.0%  48.7  966s
 665594 344856   16.00000   75   69  138.00000   11.00000  92.0%  48.8  973s
 668296 346331   88.00000   82   32  138.00000   11.00000  92.0%  48.8  977s
 671410 347590   93.93676   80   50  138.00000   11.00000  92.0%  48.8  980s
 676574 350467   65.29814   77   54  138.00000   11.00000  92.0%  48.8  986s
 678848 350478   21.00000   74   81  138.00000   11.00000  92.0%  48.8  997s
 678867 351420   21.00000   75   76  138.00000   11.00000  92.0%  48.8 1001s
 681585 352834   56.00000   97   34  138.00000   11.00000  92.0%  48.9 1005s
 685184 355302   44.00000   83   57  138.00000   11.00000  92.0%  48.9 1013s
 687695 356891   64.00000   85   53  138.00000   11.00000  92.0%  48.9 1017s
 690552 358624   38.76049   74   72  138.00000   11.00000  92.0%  48.9 1022s
 693567 358765   74.00000  102   41  138.00000   11.00000  92.0%  49.0 1027s
 693782 360154   95.33732  103   39  138.00000   11.00000  92.0%  49.0 1032s
 696333 361413   13.00000   78   65  138.00000   11.00000  92.0%  49.0 1036s
 698954 362997   27.00000   59   62  138.00000   11.00000  92.0%  49.0 1041s
 701942 364711   25.00000   76   59  138.00000   11.00000  92.0%  49.0 1046s
 704834 365987   11.00000   70   76  138.00000   11.00000  92.0%  49.0 1050s
 707205 367356   30.64040   54   58  138.00000   11.00000  92.0%  49.0 1055s
 709898 367421   22.00975   60   81  138.00000   11.00000  92.0%  49.1 1060s
 712789 368912  112.16894  102   41  138.00000   11.00000  92.0%  49.1 1070s
 713017 377685   14.00000   68   76  138.00000   11.00000  92.0%  49.1 1105s
 729033 378574   95.00000  107   31  138.00000   11.00000  92.0%  49.2 1111s
 731656 379927   11.00000   63   79  138.00000   11.00000  92.0%  49.2 1115s
 736185 381769   12.00877   72   76  138.00000   11.00000  92.0%  49.2 1124s
 736575 390405   16.22160   73   68  138.00000   11.00000  92.0%  49.2 1158s
 752591 390431  119.27273  106   25  138.00000   11.00000  92.0%  49.3 1166s
 752640 390509  120.00000  107   23  138.00000   11.00000  92.0%  49.3 1171s
 752882 392002  120.00000  108   22  138.00000   11.00000  92.0%  49.3 1175s
 758063 394792   31.55031   56   82  138.00000   11.00000  92.0%  49.4 1184s
 760859 396098   11.00000   63   86  138.00000   11.00000  92.0%  49.4 1188s
 763395 397393 infeasible  113       138.00000   11.00000  92.0%  49.4 1191s
 765663 398802   22.00000   58   74  138.00000   11.00000  92.0%  49.4 1195s
 768178 398887   48.00000   80   62  138.00000   11.00000  92.0%  49.4 1201s
 768323 400292   54.16295   81   55  138.00000   11.00000  92.0%  49.4 1205s
 773701 403250 infeasible  115       138.00000   11.00000  92.0%  49.5 1213s
 776313 404712   99.30513  103   45  138.00000   11.00000  92.0%  49.5 1217s
 779149 406296  108.00000   84   67  138.00000   11.00000  92.0%  49.5 1222s
 782015 407677   11.36974   64   70  138.00000   11.00000  92.0%  49.5 1226s
 784586 407704   30.54762   89   59  138.00000   11.00000  92.0%  49.5 1230s
 786929 410522   68.63790   76   48  138.00000   11.00000  92.0%  49.6 1238s
 789665 411020   84.06252   97   47  138.00000   11.00000  92.0%  49.6 1245s
 790653 412512   12.00000   71   86  138.00000   11.00000  92.0%  49.6 1250s
 796118 415665   40.00000   87   54  138.00000   11.00000  92.0%  49.7 1258s
 799093 417298   11.00000   67   73  138.00000   11.00000  92.0%  49.7 1263s
 801895 418860   59.00000   79   56  138.00000   11.00000  92.0%  49.7 1267s
 804853 420074   29.02068   71   67  138.00000   11.00000  92.0%  49.7 1271s
 807379 421446   79.13649   95   40  138.00000   11.00000  92.0%  49.7 1275s
 812346 424277   77.00000   91   46  138.00000   11.00000  92.0%  49.8 1282s
 814962 425363   19.00000   84   81  138.00000   11.00000  92.0%  49.8 1286s
 817069 425372   24.14799   78   68  138.00000   11.00000  92.0%  49.8 1291s
 817085 427033   14.00000   77   66  138.00000   11.00000  92.0%  49.8 1295s
 822619 428633   76.00000   79   47  138.00000   11.00000  92.0%  49.8 1302s
 822843 437235   76.00000   80   46  138.00000   11.00000  92.0%  49.8 1334s
 837858 437235   67.00000   95   40  138.00000   11.00000  92.0%  49.9 1337s
 838859 437301 infeasible  111       138.00000   11.00000  92.0%  49.9 1341s
 842332 440630     cutoff  110       138.00000   11.00000  92.0%  49.9 1348s
 845019 442440   26.00000   78   63  138.00000   11.00000  92.0%  49.9 1351s
 850413 444624   93.00000  108   42  138.00000   11.00000  92.0%  49.9 1356s
 854704 447533   27.00000   72   56  138.00000   11.00000  92.0%  50.0 1362s
 857274 448878   68.99999   93   42  138.00000   11.00000  92.0%  50.0 1366s
 859762 448999   54.00000   93   52  138.00000   11.00000  92.0%  50.0 1373s
 859849 450474   62.05445   94   54  138.00000   11.00000  92.0%  50.0 1377s
 862726 452146   32.00000   76   67  138.00000   11.00000  92.0%  50.0 1380s
 868124 455246   20.00000   70   71  138.00000   11.00000  92.0%  50.0 1388s
 871268 456325   27.36844   55   82  138.00000   11.00000  92.0%  50.0 1391s
 875800 459228   75.50690   95   46  138.00000   11.00000  92.0%  50.1 1397s
 878640 460549   18.95580   57   81  138.00000   11.00000  92.0%  50.1 1400s
 881048 460604   12.00000   67   92  138.00000   11.00000  92.0%  50.1 1405s
 883628 463386   46.00000   85   65  138.00000   11.00000  92.0%  50.1 1411s
 886057 464987   57.00000   74   75  138.00000   11.00000  92.0%  50.2 1415s
 891165 467393   24.27696   54   64  138.00000   11.00000  92.0%  50.2 1421s
 893494 467405   23.07470   83   53  138.00000   11.00000  92.0%  50.2 1427s
 893510 468630   72.00000   83   45  138.00000   11.00000  92.0%  50.2 1430s
 895864 468898   66.00000   86   55  138.00000   11.00000  92.0%  50.2 1435s
 899286 471801   13.00000   81   69  138.00000   11.00000  92.0%  50.3 1442s
 901771 473328   25.00000   67   70  138.00000   11.00000  92.0%  50.3 1446s
 904481 474858   62.00000   82   60  138.00000   11.00000  92.0%  50.3 1450s
 909699 477649   16.00000   73   68  138.00000   11.00000  92.0%  50.3 1457s
 912395 479184   85.00000  103   41  138.00000   11.00000  92.0%  50.3 1461s
 917383 481782   33.00000   76   45  138.00000   11.00000  92.0%  50.4 1467s
 919894 481855 infeasible   88       138.00000   11.00000  92.0%  50.4 1471s
 920042 483353  111.00000  104   30  138.00000   11.00000  92.0%  50.4 1475s
 925067 485918   51.00000   86   48  138.00000   11.00000  92.0%  50.4 1482s
 927862 487465   12.00000   74   92  138.00000   11.00000  92.0%  50.4 1486s
 933277 490268   29.00000   73   62  138.00000   11.00000  92.0%  50.5 1492s
 935892 491505   12.00000   71   70  138.00000   11.00000  92.0%  50.5 1495s
 940756 494361  125.45455  111   23  138.00000   11.00000  92.0%  50.5 1502s
 943304 494442   16.10362   51   83  138.00000   11.00000  92.0%  50.5 1506s
 946111 497188   13.00000   70   79  138.00000   11.00000  92.0%  50.5 1512s
 948142 498509   23.00000   78   73  138.00000   11.00000  92.0%  50.5 1515s
 950488 500142   57.00000   92   44  138.00000   11.00000  92.0%  50.5 1520s
 956229 502761   11.00000   62   85  138.00000   11.00000  92.0%  50.5 1526s
 960991 505377   12.03870   66   72  138.00000   11.00000  92.0%  50.6 1532s
 963238 506784   96.00000   97   41  138.00000   11.00000  92.0%  50.6 1535s
 965735 506801 infeasible  120       138.00000   11.00000  92.0%  50.6 1540s
 968262 508945   86.27302   99   50  138.00000   11.00000  92.0%  50.6 1547s
 969667 510341   14.00000   75   75  138.00000   11.00000  92.0%  50.6 1551s
 972307 511890   30.00000   71   62  138.00000   11.00000  92.0%  50.6 1555s
 977626 514726   86.00000  104   33  138.00000   11.00000  92.0%  50.6 1562s
 980292 516221   11.06516   67   87  138.00000   11.00000  92.0%  50.7 1565s
 984913 518529   11.00000   60   79  138.00000   11.00000  92.0%  50.7 1571s
 987084 519904   64.36522   85   52  138.00000   11.00000  92.0%  50.7 1575s
 992223 521355   95.20164   92   48  138.00000   11.00000  92.0%  50.7 1583s
 992367 522910   96.00000   93   47  138.00000   11.00000  92.0%  50.7 1587s
 995079 524342   35.00000   87   66  138.00000   11.00000  92.0%  50.8 1591s
 997879 524356   65.00000   83   47  138.00000   11.00000  92.0%  50.8 1598s
 997896 525164   65.96676   84   55  138.00000   11.00000  92.0%  50.8 1601s
 999399 527020   63.00000   81   64  138.00000   11.00000  92.0%  50.8 1607s
 1002925 528012   33.21640   69   77  138.00000   11.00000  92.0%  50.8 1611s
 1004954 529180   36.06418   69   64  138.00000   11.00000  92.0%  50.8 1615s
 1007226 529208   51.00000   82   62  138.00000   11.00000  92.0%  50.8 1622s
 1007280 530713   55.43712   83   69  138.00000   11.00000  92.0%  50.8 1626s
 1010112 532278  118.00000   93   34  138.00000   11.00000  92.0%  50.8 1632s
 1013103 533897   30.00000   72   64  138.00000   11.00000  92.0%  50.8 1636s
 1015971 535513   23.00000   67   65  138.00000   11.00000  92.0%  50.9 1641s
 1018896 536725   15.00000   71   70  138.00000   11.00000  92.0%  50.9 1645s
 1020991 537987 infeasible  128       138.00000   11.00000  92.0%  50.9 1650s
 1026346 541183   11.00000   68   76  138.00000   11.00000  92.0%  50.9 1659s
 1029061 542840   20.05317   78   84  138.00000   11.00000  92.0%  50.9 1663s
 1032044 543997   40.00000   54   65  138.00000   11.00000  92.0%  50.9 1668s
 1034406 545431   18.00000   70   79  138.00000   11.00000  92.0%  50.9 1672s
 1037026 545472   33.04608   60   95  138.00000   11.00000  92.0%  50.9 1677s
 1037124 554279   34.00000   61   88  138.00000   11.00000  92.0%  50.9 1714s
 1046133 554279   40.00000   88   59  138.00000   11.00000  92.0%  50.9 1716s
 1053140 555709   62.00000   86   44  138.00000   11.00000  92.0%  50.9 1721s
 1055869 557360   11.00000   57   75  138.00000   11.00000  92.0%  50.9 1725s
 1058783 558219   15.08766   57   67  138.00000   11.00000  92.0%  50.9 1732s
 1060383 560967   33.00000   76   74  138.00000   11.00000  92.0%  51.0 1739s
 1065602 561040   70.00000   66   67  138.00000   11.00000  92.0%  51.0 1745s
 1065754 562475   70.47195   67   67  138.00000   11.00000  92.0%  51.0 1750s
 1071244 565421   95.60198  105   35  138.00000   11.00000  92.0%  51.0 1759s
 1073862 566949   24.00000   73   64  138.00000   11.00000  92.0%  51.0 1763s
 1076620 568323   56.00000   85   50  138.00000   11.00000  92.0%  51.0 1767s
 1079061 569523   12.12725   61   73  138.00000   11.00000  92.0%  51.0 1771s
 1081530 571031   12.00000   60   87  138.00000   11.00000  92.0%  51.0 1776s
 1084427 572509   13.00000   73   75  138.00000   11.00000  92.0%  51.0 1786s
 1087178 574106   22.00000   74   80  138.00000   11.00000  92.0%  51.0 1792s
 1090392 575915  124.00000  100   34  138.00000   11.00000  92.0%  51.0 1797s
 1093652 577412   30.00000   88   66  138.00000   11.00000  92.0%  51.1 1802s
 1096393 579032   13.00000   67   74  138.00000   11.00000  92.0%  51.1 1807s
 1099594 580346   38.00000   75   56  138.00000   11.00000  92.0%  51.1 1812s
 1102006 582066   54.00000   85   48  138.00000   11.00000  92.0%  51.1 1817s
 1105078 583259   15.00000   80   63  138.00000   11.00000  92.0%  51.1 1821s
 1107397 584561 infeasible   78       138.00000   11.00000  92.0%  51.1 1825s
 1109982 584574   26.58205   66   68  138.00000   11.00000  92.0%  51.1 1838s
 1109998 585894   27.00000   67   68  138.00000   11.00000  92.0%  51.1 1841s
 1112378 587220   12.00000   70   88  138.00000   11.00000  92.0%  51.2 1846s
 1114942 588398   32.65126   65   70  138.00000   11.00000  92.0%  51.2 1850s
 1119697 591077   33.00000   61   76  138.00000   11.00000  92.0%  51.2 1858s
 1122221 592569   14.00000   63   81  138.00000   11.00000  92.0%  51.2 1863s
 1124942 594048   11.00000   65   70  138.00000   11.00000  92.0%  51.2 1868s
 1127745 594087   19.00000   68   65  138.00000   11.00000  92.0%  51.2 1874s
 1127834 595597   19.00000   69   63  138.00000   11.00000  92.0%  51.2 1879s
 1130741 596931   60.00000   81   63  138.00000   11.00000  92.0%  51.3 1883s
 1133353 598203   88.99999   90   40  138.00000   11.00000  92.0%  51.3 1888s
 1135777 599775   23.56516   73   69  138.00000   11.00000  92.0%  51.3 1893s
 1138813 601155   74.18112   92   52  138.00000   11.00000  92.0%  51.3 1896s
 1141297 602462   48.00000  101   52  138.00000   11.00000  92.0%  51.3 1900s
 1146207 605360   67.00000   98   48  138.00000   11.00000  92.0%  51.3 1908s
 1149137 605375   12.00000   70   80  138.00000   11.00000  92.0%  51.3 1913s
 1149153 606619   12.00000   71   80  138.00000   11.00000  92.0%  51.3 1917s
 1151546 608027   24.00000   66   75  138.00000   11.00000  92.0%  51.3 1921s
 1154280 609324 infeasible  105       138.00000   11.00000  92.0%  51.3 1925s
 1159401 612143   22.00000   71   77  138.00000   11.00000  92.0%  51.4 1932s
 1161747 613333   83.51826   96   62  138.00000   11.00000  92.0%  51.4 1935s
 1166593 616162   12.82047   70   78  138.00000   11.00000  92.0%  51.4 1943s
 1169274 617649   30.22241   78   55  138.00000   11.00000  92.0%  51.4 1947s
 1172016 618995   16.00000   70   66  138.00000   11.00000  92.0%  51.5 1951s
 1174584 620443   18.00000   75   72  138.00000   11.00000  92.0%  51.5 1955s
 1177380 620465   70.33333   79   50  138.00000   11.00000  92.0%  51.5 1960s
 1179731 623041   11.00000   76   72  138.00000   11.00000  92.0%  51.5 1967s
 1182170 624351   73.00000  101   46  138.00000   11.00000  92.0%  51.5 1971s
 1184854 625549   11.65992   66   95  138.00000   11.00000  92.0%  51.5 1975s
 1190029 628473   30.00000   69   71  138.00000   11.00000  92.0%  51.5 1983s
 1192888 630022  111.00000   99   27  138.00000   11.00000  92.0%  51.5 1987s
 1195576 631379   11.00000   60   90  138.00000   11.00000  92.0%  51.5 1990s
 1200244 634039   93.00000   79   48  138.00000   11.00000  92.0%  51.6 1997s
 1202774 634179   11.00000   78   70  138.00000   11.00000  92.0%  51.6 2003s
 1203065 635791   72.09578   83   66  138.00000   11.00000  92.0%  51.6 2007s
 1205973 637265   45.00000   77   56  138.00000   11.00000  92.0%  51.6 2011s
 1211253 639951   53.29665   88   68  138.00000   11.00000  92.0%  51.6 2019s
 1213769 641524   12.00000   68   83  138.00000   11.00000  92.0%  51.6 2023s
 1216666 642799   21.00000   59   99  138.00000   11.00000  92.0%  51.6 2027s
 1219071 642806   19.95312   60   60  138.00000   11.00000  92.0%  51.6 2033s
 1219091 644292   19.96252   61   62  138.00000   11.00000  92.0%  51.6 2037s
 1221837 644311  115.78421   97   37  138.00000   11.00000  92.0%  51.6 2042s
 1221901 645710  116.68421   98   36  138.00000   11.00000  92.0%  51.6 2046s
 1225751 647144   25.33333   62   61  138.00000   11.00000  92.0%  51.6 2050s
 1229767 649960   12.00000   87   82  138.00000   11.00000  92.0%  51.6 2058s
 1232406 651514  112.99999   83   30  138.00000   11.00000  92.0%  51.6 2062s
 1235194 652997   26.00000   80   75  138.00000   11.00000  92.0%  51.6 2066s
 1237733 654530   17.00000   74   77  138.00000   11.00000  92.0%  51.6 2070s
 1243153 657073   45.00000   75   61  138.00000   11.00000  92.0%  51.6 2078s
 1245340 657170   79.29072   87   33  138.00000   11.00000  92.0%  51.6 2083s
 1245525 658564   80.00000   88   32  138.00000   11.00000  92.0%  51.6 2087s
 1248400 659908   30.00000   71   79  138.00000   11.00000  92.0%  51.6 2091s
 1250973 661442   29.54870   69   71  138.00000   11.00000  92.0%  51.6 2095s
 1254336 663118   17.00000   82   85  138.00000   11.00000  92.0%  51.6 2100s
 1259006 665538   13.00000   71   81  138.00000   11.00000  92.0%  51.6 2107s
 1261547 666947   11.00000   68   78  138.00000   11.00000  92.0%  51.6 2110s
 1266400 669456 infeasible   89       138.00000   11.00000  92.0%  51.6 2117s
 1268631 669465   23.00000   62   61  138.00000   11.00000  92.0%  51.7 2122s
 1268650 670867   48.50000   63   55  138.00000   11.00000  92.0%  51.7 2126s
 1271209 672478   11.00000   59   64  138.00000   11.00000  92.0%  51.7 2130s
 1276315 675259   12.00000   73   87  138.00000   11.00000  92.0%  51.7 2138s
 1279101 676688   18.00000   76   88  138.00000   11.00000  92.0%  51.7 2142s
 1281629 678134   12.00000   69   65  138.00000   11.00000  92.0%  51.7 2146s
 1284380 678619   30.00000   78   54  138.00000   11.00000  92.0%  51.7 2150s
 1288065 681278   89.00000   95   34  138.00000   11.00000  92.0%  51.7 2158s
 1290192 682926   43.08458   84   57  138.00000   11.00000  92.0%  51.7 2162s
 1293183 683057   58.54294   77   48  138.00000   11.00000  92.0%  51.7 2167s
 1293432 684379   31.59437   61   77  138.00000   11.00000  92.0%  51.7 2171s
 1296123 685763  106.00000  110   31  138.00000   11.00000  92.0%  51.7 2175s
 1298816 687270   12.00000   66   84  138.00000   11.00000  92.0%  51.7 2180s
 1304571 690286   49.58341  100   57  138.00000   11.00000  92.0%  51.8 2188s
 1306957 691277   23.93872   66   72  138.00000   11.00000  92.0%  51.7 2191s
 1308791 692774   18.00000   64   65  138.00000   11.00000  92.0%  51.8 2195s
 1313924 695348   51.92775   58   60  138.00000   11.00000  92.0%  51.8 2203s
 1316011 695462   11.00000   50   67  138.00000   11.00000  92.0%  51.8 2209s
 1316187 697045   11.06518   51   72  138.00000   11.00000  92.0%  51.8 2214s
 1318990 698265  101.24195   85   38  138.00000   11.00000  92.0%  51.8 2219s
 1321327 699855   14.08811   49   79  138.00000   11.00000  92.0%  51.8 2224s
 1324248 699867   58.00000   88   52  138.00000   11.00000  92.0%  51.8 2232s
 1324264 701111   58.00000   89   47  138.00000   11.00000  92.0%  51.8 2237s
 1326629 702272   22.58808   66   82  138.00000   11.00000  92.0%  51.8 2241s
 1328844 703816   22.47102   80   56  138.00000   11.00000  92.0%  51.8 2247s
 1331562 703879   62.00000   93   49  138.00000   11.00000  92.0%  51.9 2253s
 1331685 705350   62.00000   94   49  138.00000   11.00000  92.0%  51.9 2258s
 1334456 707047   20.33842   60   70  138.00000   11.00000  92.0%  51.9 2264s
 1337486 708592 infeasible   96       138.00000   11.00000  92.0%  51.9 2269s
 1340225 710144   11.45809   62   97  138.00000   11.00000  92.0%  51.9 2274s
 1342895 711544   11.12553   67   76  138.00000   11.00000  92.0%  51.9 2280s
 1345472 713186   24.16713   69   71  138.00000   11.00000  92.0%  51.9 2285s
 1348401 714692   14.00000   66   84  138.00000   11.00000  92.0%  51.9 2291s
 1351009 716035   11.00000   77   70  138.00000   11.00000  92.0%  51.9 2296s
 1353484 717331   23.00000   71   54  138.00000   11.00000  92.0%  51.9 2301s
 1356056 718758 infeasible   95       138.00000   11.00000  92.0%  51.9 2305s
 1360067 719749   36.00000   61   60  138.00000   11.00000  92.0%  51.9 2310s
 1360556 719865   92.00000   84   42  138.00000   11.00000  92.0%  51.9 2316s
 1360774 721130   92.00000   85   41  138.00000   11.00000  92.0%  51.9 2321s
 1363143 722560   11.53812   74   72  138.00000   11.00000  92.0%  51.9 2326s
 1365814 724184   12.00000   77   87  138.00000   11.00000  92.0%  51.9 2332s
 1368706 725271   11.00000   70   67  138.00000   11.00000  92.0%  51.9 2337s
 1370880 726766   73.00000   77   49  138.00000   11.00000  92.0%  51.9 2342s
 1373611 728232   95.00000   91   51  138.00000   11.00000  92.0%  51.9 2347s
 1376219 729511  102.00000  109   37  138.00000   11.00000  92.0%  52.0 2351s
 1378649 729524   63.00000   83   45  138.00000   11.00000  92.0%  52.0 2358s
 1378665 730817   64.30178   84   48  138.00000   11.00000  92.0%  52.0 2362s
 1381040 732279   13.67020   61   67  138.00000   11.00000  92.0%  52.0 2367s
 1383755 733347   12.00000   63   69  138.00000   11.00000  92.0%  52.0 2372s
 1385865 734624   30.05714   71   60  138.00000   11.00000  92.0%  52.0 2377s
 1388283 736121   23.00000   61   75  138.00000   11.00000  92.0%  52.0 2382s
 1391258 737564 infeasible  114       138.00000   11.00000  92.0%  52.0 2387s
 1393999 738830   11.00000   77   72  138.00000   11.00000  92.0%  52.0 2392s
 1396350 740258   20.00000   89   68  138.00000   11.00000  92.0%  52.0 2397s
 1399004 741642   12.00000   53   84  138.00000   11.00000  92.0%  52.0 2401s
 1401512 742983 infeasible  101       138.00000   11.00000  92.0%  52.0 2406s
 1404017 744167   21.00000   76   76  138.00000   11.00000  92.0%  52.0 2411s
 1406401 744276   11.04170   62   79  138.00000   11.00000  92.0%  52.0 2417s
 1406594 745902   22.15018   63   77  138.00000   11.00000  92.0%  52.0 2422s
 1409359 747838   58.77334   94   45  138.00000   11.00000  92.0%  52.0 2429s
 1412880 748841   50.01282   90   45  138.00000   11.00000  92.0%  52.0 2433s
 1414715 749970  124.25827   87   39  138.00000   11.00000  92.0%  52.0 2437s
 1416763 751130   16.40214   70   66  138.00000   11.00000  92.0%  52.0 2441s
 1418880 752607   56.00000   70   54  138.00000   11.00000  92.0%  52.0 2446s
 1421523 752617   17.00000   64   64  138.00000   11.00000  92.0%  52.0 2455s
 1421539 754190   17.00000   64   59  138.00000   11.00000  92.0%  52.0 2460s
 1424238 755617  127.01284  111   32  138.00000   11.00000  92.0%  52.0 2465s
 1426697 756920   44.00000   99   49  138.00000   11.00000  92.0%  52.0 2470s
 1429019 756933   56.00000   97   48  138.00000   11.00000  92.0%  52.0 2476s
 1429035 758263   57.13432   98   51  138.00000   11.00000  92.0%  52.0 2480s
 1431507 759750   21.00000   72   75  138.00000   11.00000  92.0%  52.0 2487s
 1434310 761152   33.54577   73   61  138.00000   11.00000  92.0%  52.0 2491s
 1436920 762561   90.00000  102   37  138.00000   11.00000  92.0%  52.0 2496s
 1439539 763815   27.00000   72   76  138.00000   11.00000  92.0%  52.0 2500s
 1441892 765303   95.71978   81   47  138.00000   11.00000  92.0%  52.0 2505s
 1446720 767658   17.84821   70   83  138.00000   11.00000  92.0%  52.0 2512s
 1449100 769368   12.00000   63   75  138.00000   11.00000  92.0%  52.0 2517s
 1452123 770965   11.00000   69   78  138.00000   11.00000  92.0%  52.0 2522s
 1455060 772713  104.17804  110   35  138.00000   11.00000  92.0%  52.0 2526s
 1457905 772753 infeasible  104       138.00000   11.00000  92.0%  52.0 2532s
 1457992 774046   11.00000   58   86  138.00000   11.00000  92.0%  52.0 2536s
 1460375 775684  100.00000   84   47  138.00000   11.00000  92.0%  52.0 2540s
 1464563 776994   53.00000   79   58  138.00000   11.00000  92.0%  52.0 2545s
 1468476 779739   15.20611   78   68  138.00000   11.00000  92.0%  52.0 2552s
 1470461 780933   23.00000   71   59  138.00000   11.00000  92.0%  52.0 2556s
 1472750 782463   13.00000   64   77  138.00000   11.00000  92.0%  52.0 2561s
 1475545 783709   11.00000   67   75  138.00000   11.00000  92.0%  52.0 2565s
 1477969 785232   61.00000   80   51  138.00000   11.00000  92.0%  52.1 2570s
 1483218 786762   40.00000   79   52  138.00000   11.00000  92.0%  52.1 2578s
 1483363 788147   40.00000   80   51  138.00000   11.00000  92.0%  52.1 2583s
 1485925 789426   14.56493   62   74  138.00000   11.00000  92.0%  52.1 2587s
 1488295 791258   19.00000   70   72  138.00000   11.00000  92.0%  52.1 2592s
 1491368 792693   41.00000   82   60  138.00000   11.00000  92.0%  52.1 2596s
 1494064 794477   28.00000   78   60  138.00000   11.00000  92.0%  52.1 2602s
 1497338 795608   11.00000   49   82  138.00000   11.00000  92.0%  52.1 2606s
 1499445 796773   12.74534   69   63  138.00000   11.00000  92.0%  52.1 2610s
 1501579 798383   15.00000   68   81  138.00000   11.00000  92.0%  52.1 2615s
 1504374 798404   11.00000   66   69  138.00000   11.00000  92.0%  52.1 2621s
 1504401 799350   21.00000   67   60  138.00000   11.00000  92.0%  52.1 2625s
 1508661 802085   22.00000   87   70  138.00000   11.00000  92.0%  52.1 2634s
 1511231 803564   76.88999   92   33  138.00000   11.00000  92.0%  52.1 2639s
 1513936 805018   11.00000   70   74  138.00000   11.00000  92.0%  52.1 2644s
 1516477 806515   68.00000   92   54  138.00000   11.00000  92.0%  52.1 2649s
 1518272 806515  127.00000  100   40  138.00000   11.00000  92.0%  52.1 2650s
 1520069 808084   53.00000   82   48  138.00000   11.00000  92.0%  52.1 2655s
 1524428 809211   12.00000   70   66  138.00000   11.00000  92.0%  52.1 2669s
 1524444 809230   23.00000   71   67  138.00000   11.00000  92.0%  52.1 2675s
 1524475 810579   42.88235   72   59  138.00000   11.00000  92.0%  52.1 2680s
 1526977 811961   51.00000   72   62  138.00000   11.00000  92.0%  52.1 2685s
 1531672 814399   12.00000   72   70  138.00000   11.00000  92.0%  52.1 2694s
 1533714 815786   18.90757   61   79  138.00000   11.00000  92.0%  52.1 2698s
 1536255 817053   77.66667   81   55  138.00000   11.00000  92.0%  52.1 2703s
 1538599 818599   39.00000   83   66  138.00000   11.00000  92.0%  52.1 2709s
 1541535 819893   15.00000   81   72  138.00000   11.00000  92.0%  52.2 2714s
 1544131 821075   11.00000   68   81  138.00000   11.00000  92.0%  52.2 2719s
 1546441 821114   17.00000   64   83  138.00000   11.00000  92.0%  52.2 2726s
 1546503 822610   17.00000   65   77  138.00000   11.00000  92.0%  52.2 2731s
 1549101 824189   18.00000   67   72  138.00000   11.00000  92.0%  52.2 2736s
 1551753 825748   61.00000   98   41  138.00000   11.00000  92.0%  52.2 2741s
 1554433 827034   93.00000  106   27  138.00000   11.00000  92.0%  52.2 2745s
 1556890 828307   12.00000   60   78  138.00000   11.00000  92.0%  52.2 2750s
 1559313 829876   92.00000   97   48  138.00000   11.00000  92.0%  52.2 2755s
 1562025 831180   81.20795   78   60  138.00000   11.00000  92.0%  52.2 2760s
 1564335 832738  123.15260  107   39  138.00000   11.00000  92.0%  52.2 2765s
 1569741 835649   14.00000   74   68  138.00000   11.00000  92.0%  52.2 2774s
 1572474 836970   24.00000   77   80  138.00000   11.00000  92.0%  52.2 2779s
 1574887 837052  105.68650  111   38  138.00000   11.00000  92.0%  52.2 2784s
 1575030 838336   18.00000   84   69  138.00000   11.00000  92.0%  52.2 2789s
 1577412 839736   26.00000   81   66  138.00000   11.00000  92.0%  52.2 2794s
 1580300 841301   12.69723   72   90  138.00000   11.00000  92.0%  52.2 2800s
 1585363 843738   11.00000   53   87  138.00000   11.00000  92.0%  52.2 2808s
 1587854 845001   12.00000   60   67  138.00000   11.00000  92.0%  52.3 2813s
 1590264 846655   39.00000   80   66  138.00000   11.00000  92.0%  52.3 2818s
 1593199 847947   11.00000   70   79  138.00000   11.00000  92.0%  52.3 2822s
 1595483 847978   14.00000   82   73  138.00000   11.00000  92.0%  52.3 2828s
 1595526 849580   28.92798   83   63  138.00000   11.00000  92.0%  52.3 2833s
 1598375 851186 infeasible  111       138.00000   11.00000  92.0%  52.3 2838s
 1601191 852920   22.00000   65   73  138.00000   11.00000  92.0%  52.3 2844s
 1604213 854171   42.29694   78   44  138.00000   11.00000  92.0%  52.3 2848s
 1606531 855598   78.57096   82   48  138.00000   11.00000  92.0%  52.3 2852s
 1609009 856921   28.21850   75   76  138.00000   11.00000  92.0%  52.3 2857s
 1611618 858251   23.00000   60   72  138.00000   11.00000  92.0%  52.3 2862s
 1614202 859573  109.07692   91   38  138.00000   11.00000  92.0%  52.3 2866s
 1616777 859582  127.00000  102   24  138.00000   11.00000  92.0%  52.3 2873s
 1616795 859615 infeasible  103       138.00000   11.00000  92.0%  52.3 2879s
 1616847 860305  134.00000  100   24  138.00000   11.00000  92.0%  52.3 2883s
 1618249 861840   66.00000   77   55  138.00000   11.00000  92.0%  52.3 2888s
 1621001 863239   44.00431   91   71  138.00000   11.00000  92.0%  52.3 2893s
 1623529 864878  103.00000   93   42  138.00000   11.00000  92.0%  52.3 2899s
 1626463 866120  122.00000  104   29  138.00000   11.00000  92.0%  52.3 2903s
 1628762 867453   35.01088   91   68  138.00000   11.00000  92.0%  52.3 2908s
 1631193 868686 infeasible  103       138.00000   11.00000  92.0%  52.3 2912s
 1633595 869953   48.00000   73   77  138.00000   11.00000  92.0%  52.3 2917s
 1635983 870026   13.00000   75   71  138.00000   11.00000  92.0%  52.3 2923s
 1636100 871425   14.00000   76   77  138.00000   11.00000  92.0%  52.3 2927s
 1638764 872762   11.00000   67   85  138.00000   11.00000  92.0%  52.3 2933s
 1641602 874126  123.86498  106   42  138.00000   11.00000  92.0%  52.3 2938s
 1644197 875807  124.00000   89   38  138.00000   11.00000  92.0%  52.3 2943s
 1647271 876897   14.65095   73   82  138.00000   11.00000  92.0%  52.3 2947s
 1649315 878346   14.00000   82   71  138.00000   11.00000  92.0%  52.3 2952s
 1651952 879623   11.00000   57   91  138.00000   11.00000  92.0%  52.3 2956s
 1654291 880997  103.00000  112   39  138.00000   11.00000  92.0%  52.3 2960s
 1656703 882215   13.41830   64   86  138.00000   11.00000  92.0%  52.3 2965s
 1659051 883551 infeasible   93       138.00000   11.00000  92.0%  52.4 2970s
 1661446 883632   65.00000  105   43  138.00000   11.00000  92.0%  52.4 2975s
 1661645 885532   69.00000  106   34  138.00000   11.00000  92.0%  52.4 2980s
 1664821 887017   12.00000   69   88  138.00000   11.00000  92.0%  52.4 2986s
 1667634 888691   94.00000   88   42  138.00000   11.00000  92.0%  52.4 2991s
 1670506 889801   40.00000   80   59  138.00000   11.00000  92.0%  52.4 2995s
 1675156 892527   26.00000   83   61  138.00000   11.00000  92.0%  52.4 3004s
 1677656 893885   83.99432   74   52  138.00000   11.00000  92.0%  52.4 3008s
 1680168 893908   57.00000   87   48  138.00000   11.00000  92.0%  52.4 3014s
 1680220 895092   58.00000   88   44  138.00000   11.00000  92.0%  52.4 3018s
 1682468 896541   17.12638   85   67  138.00000   11.00000  92.0%  52.4 3023s
 1685126 897937   12.12527   66   86  138.00000   11.00000  92.0%  52.4 3028s
 1687711 899670  133.00000   99   25  138.00000   11.00000  92.0%  52.4 3034s
 1690774 900852 infeasible   96       138.00000   11.00000  92.0%  52.4 3039s
 1693105 902103  103.00000  100   33  138.00000   11.00000  92.0%  52.4 3043s
 1695456 903365   61.00000   80   45  138.00000   11.00000  92.0%  52.4 3047s
 1697699 904966   46.13668   79   69  138.00000   11.00000  92.0%  52.5 3052s
 1700580 906189   11.00000   57   73  138.00000   11.00000  92.0%  52.4 3057s
 1702909 907357   11.91120   60   86  138.00000   11.00000  92.0%  52.5 3061s
 1705104 907377   18.42731   65   73  138.00000   11.00000  92.0%  52.5 3066s
 1705144 907650   19.00000   66   78  138.00000   11.00000  92.0%  52.5 3074s
 1705561 909116 infeasible   90       138.00000   11.00000  92.0%  52.5 3079s
 1708348 910193   23.15341   73   72  138.00000   11.00000  92.0%  52.5 3087s
 1710350 912011   43.00000   80   54  138.00000   11.00000  92.0%  52.5 3094s
 1713998 913382  110.66702   91   50  138.00000   11.00000  92.0%  52.5 3100s
 1716863 913407   18.77692   61   80  138.00000   11.00000  92.0%  52.5 3107s
 1716895 914588   11.00000   61   82  138.00000   11.00000  92.0%  52.5 3112s
 1719096 916058  115.11111   98   41  138.00000   11.00000  92.0%  52.5 3119s
 1721827 917690 infeasible  102       138.00000   11.00000  92.0%  52.5 3125s
 1724665 918976   14.00000   72   83  138.00000   11.00000  92.0%  52.5 3132s
 1727071 920328  135.00877  114   21  138.00000   11.00000  92.0%  52.5 3138s
 1729679 921888   18.00000   70   82  138.00000   11.00000  92.0%  52.5 3145s
 1732370 923358   13.00000   76   78  138.00000   11.00000  92.0%  52.5 3152s
 1735028 924816   13.04573   82   65  138.00000   11.00000  92.0%  52.5 3158s
 1737709 925938   15.00000   78   72  138.00000   11.00000  92.0%  52.5 3163s
 1739868 926038   12.00000   76   74  138.00000   11.00000  92.0%  52.5 3171s
 1740038 927294  130.00000  107   18  138.00000   11.00000  92.0%  52.5 3176s
 1742391 928556   11.70691   65   77  138.00000   11.00000  92.0%  52.6 3182s
 1744691 929583   74.00000   83   51  138.00000   11.00000  92.0%  52.6 3187s
 1746725 930813 infeasible   87       138.00000   11.00000  92.0%  52.6 3192s
 1748993 932424   68.00000  104   43  138.00000   11.00000  92.0%  52.6 3199s
 1749248 932424   94.00000  111   44  138.00000   11.00000  92.0%  52.6 3200s
 1751964 933797   12.00000   69   81  138.00000   11.00000  92.0%  52.6 3206s
 1754402 935075   21.00000   77   69  138.00000   11.00000  92.0%  52.6 3212s
 1756841 936482   93.60839   95   31  138.00000   11.00000  92.0%  52.7 3218s
 1759476 937850   12.00000   68   84  138.00000   11.00000  92.0%  52.7 3224s
 1759822 937850   35.00000   79   62  138.00000   11.00000  92.0%  52.7 3225s
 1762187 938038   11.00000   65   74  138.00000   11.00000  92.0%  52.7 3232s
 1762505 939373   13.10606   78   71  138.00000   11.00000  92.0%  52.7 3238s
 1764953 940669  129.00000   86   44  138.00000   11.00000  92.0%  52.7 3245s
 1767757 942179   29.00000   73   55  138.00000   11.00000  92.0%  52.7 3252s
 1770590 943635 infeasible   92       138.00000   11.00000  92.0%  52.8 3259s
 1773240 945004   32.00000   85   64  138.00000   11.00000  92.0%  52.8 3265s
 1775809 946406   28.37673   78   61  138.00000   11.00000  92.0%  52.8 3271s
 1778345 947827   65.00000  101   42  138.00000   11.00000  92.0%  52.8 3278s
 1781000 947996  125.00000  103   36  138.00000   11.00000  92.0%  52.8 3285s
 1781295 949506 infeasible  103       138.00000   11.00000  92.0%  52.8 3291s
 1784052 950861 infeasible  103       138.00000   11.00000  92.0%  52.9 3298s
 1786567 952146   11.00000   70   71  138.00000   11.00000  92.0%  52.9 3304s
 1789094 953469   12.00000   77   70  138.00000   11.00000  92.0%  52.9 3310s
 1791625 954950   21.00000   79   72  138.00000   11.00000  92.0%  52.9 3317s
 1794370 954959   16.54967   67   69  138.00000   11.00000  92.0%  53.0 3326s
 1794387 963550   17.00000   68   67  138.00000   11.00000  92.0%  53.0 3378s
 1800393 963550   14.00000   70   76  138.00000   11.00000  92.0%  53.0 3380s
 1810403 964530  113.31250  106   37  138.00000   11.00000  92.0%  53.0 3387s
 1812204 966235   12.00000   71   79  138.00000   11.00000  92.0%  53.1 3394s
 1815426 966424   13.28681   67   70  138.00000   11.00000  92.0%  53.1 3401s
 1815741 974967   14.00000   68   69  138.00000   11.00000  92.0%  53.1 3443s
 1831757 974987  113.00000  130   23  138.00000   11.00000  92.0%  53.2 3458s
 1831820 976340   15.11045   69   92  138.00000   11.00000  92.0%  53.2 3463s
 1834665 977986   11.00000   71   74  138.00000   11.00000  92.0%  53.2 3469s
 1837566 979406   11.00000   64   83  138.00000   11.00000  92.0%  53.2 3474s
 1840015 980748   13.00000   75   74  138.00000   11.00000  92.0%  53.2 3480s
 1842814 982020   71.00000   99   46  138.00000   11.00000  92.0%  53.2 3485s
 1845184 983428   21.00000   72   86  138.00000   11.00000  92.0%  53.3 3490s
 1847895 983481   19.00000   72   73  138.00000   11.00000  92.0%  53.3 3497s
 1848019 984799   21.40553   73   76  138.00000   11.00000  92.0%  53.3 3502s
 1850605 986214   74.00000   85   43  138.00000   11.00000  92.0%  53.3 3508s
 1853082 987547  105.00000  119   31  138.00000   11.00000  92.0%  53.3 3513s
 1855667 988877   49.01492   80   62  138.00000   11.00000  92.0%  53.3 3518s
 1858136 990227   76.00000   89   43  138.00000   11.00000  92.0%  53.4 3524s
 1860734 991705   69.00000   86   61  138.00000   11.00000  92.0%  53.4 3529s
 1863528 992970   12.00000   76   75  138.00000   11.00000  92.0%  53.4 3534s
 1864665 992970   17.21958   73   79  138.00000   11.00000  92.0%  53.4 3535s
 1866085 993043   12.00000   79   86  138.00000   11.00000  92.0%  53.4 3541s
 1866225 994248   12.00000   80   83  138.00000   11.00000  92.0%  53.4 3546s
 1868485 995581   91.91645   94   56  138.00000   11.00000  92.0%  53.4 3552s
 1871030 995594   11.48817   73   81  138.00000   11.00000  92.0%  53.4 3560s
 1871046 996997   11.02303   73   84  138.00000   11.00000  92.0%  53.4 3565s
 1873642 998386   14.00000   75   60  138.00000   11.00000  92.0%  53.5 3571s
 1876121 999767   70.00000   82   48  138.00000   11.00000  92.0%  53.5 3577s
 1879048 1001109   12.00000   79   81  138.00000   11.00000  92.0%  53.5 3583s
 1881624 1001148   33.00000   74   61  138.00000   11.00000  92.0%  53.5 3590s
 1881692 1002738   33.00000   75   60  138.00000   11.00000  92.0%  53.5 3596s
 1884478 1003561   90.06023   85   55  138.00000   11.00000  92.0%  53.5 3600s

Cutting planes:
  Learned: 1327
  Gomory: 410
  Cover: 144
  Implied bound: 18
  Clique: 1
  MIR: 426
  Flow cover: 904
  GUB cover: 17
  Zero half: 2
  RLT: 4
  Relax-and-lift: 5

Explored 1886051 nodes (100972924 simplex iterations) in 3600.33 seconds (1240.42 work units)
Thread count was 16 (of 16 available processors)

Solution count 10: 138 139 140 ... 151

Time limit reached
Best objective 1.380000000000e+02, best bound 1.100000000000e+01, gap 92.0290%
Warning: constraint name "precedence between 0,2 to 0,0 if x_[j,l,h,z,i]=1" has a space
Warning: constraint name "precedence between 0,2 to 0,0 if x_[j,l,h,z,i]=1" has a space
Warning: default constraint names used to write mps file
