
Gurobi 10.0.1 (win64) logging started Sat Sep  9 06:26:44 2023

Set parameter LogFile to value "results-heuristic-start//log/BA_17_makespan.log"
Gurobi Optimizer version 10.0.1 build v10.0.1rc0 (win64)

CPU model: AMD Ryzen 7 3700X 8-Core Processor, instruction set [SSE2|AVX|AVX2]
Thread count: 8 physical cores, 16 logical processors, using up to 16 threads

Optimize a model with 1774 rows, 1217 columns and 7983 nonzeros
Model fingerprint: 0x60e03149
Variable types: 96 continuous, 1121 integer (1120 binary)
Coefficient statistics:
  Matrix range     [1e+00, 1e+06]
  Objective range  [1e+00, 1e+00]
  Bounds range     [1e+00, 1e+00]
  RHS range        [1e+00, 3e+06]

Warning: Completing partial solution with 1091 unfixed non-continuous variables out of 1121
User MIP start produced solution with objective 2338 (0.00s)
User MIP start produced solution with objective 2338 (0.00s)
Loaded user MIP start with objective 2338

Presolve removed 111 rows and 532 columns
Presolve time: 0.03s
Presolved: 1663 rows, 685 columns, 7821 nonzeros
Variable types: 96 continuous, 589 integer (588 binary)

Root relaxation: objective 6.700000e+01, 174 iterations, 0.00 seconds (0.00 work units)

    Nodes    |    Current Node    |     Objective Bounds      |     Work
 Expl Unexpl |  Obj  Depth IntInf | Incumbent    BestBd   Gap | It/Node Time

     0     0   67.00000    0   23 2338.00000   67.00000  97.1%     -    0s
H    0     0                    2336.0000000   67.00000  97.1%     -    0s
     0     0   67.00000    0   52 2336.00000   67.00000  97.1%     -    0s
H    0     0                    2335.0000000   67.00000  97.1%     -    0s
H    0     0                     786.0000000   67.00000  91.5%     -    0s
H    0     0                     579.9999999   67.00000  88.4%     -    0s
H    0     0                     281.0000000   68.74036  75.5%     -    0s
     0     0   69.86173    0   78  281.00000   69.86173  75.1%     -    0s
     0     0   70.12542    0   64  281.00000   70.12542  75.0%     -    0s
H    0     0                     280.0000000   70.12542  75.0%     -    0s
     0     0   70.12542    0   70  280.00000   70.12542  75.0%     -    0s
     0     0   70.12542    0   74  280.00000   70.12542  75.0%     -    0s
     0     0   71.56076    0   77  280.00000   71.56076  74.4%     -    0s
     0     0   71.67428    0   70  280.00000   71.67428  74.4%     -    0s
     0     0   71.68110    0   78  280.00000   71.68110  74.4%     -    0s
     0     0   71.68110    0   78  280.00000   71.68110  74.4%     -    0s
     0     0   71.73398    0   80  280.00000   71.73398  74.4%     -    0s
H    0     0                     276.0000000   71.73398  74.0%     -    0s
     0     0   71.86537    0   75  276.00000   71.86537  74.0%     -    0s
     0     0   71.86767    0   84  276.00000   71.86767  74.0%     -    0s
     0     0   71.86767    0   78  276.00000   71.86767  74.0%     -    0s
     0     0   71.86767    0   85  276.00000   71.86767  74.0%     -    0s
     0     0   71.86767    0   88  276.00000   71.86767  74.0%     -    0s
     0     0   71.86767    0   91  276.00000   71.86767  74.0%     -    0s
     0     0   71.95268    0   90  276.00000   71.95268  73.9%     -    0s
     0     0   71.95297    0   92  276.00000   71.95297  73.9%     -    0s
     0     0   71.95528    0   91  276.00000   71.95528  73.9%     -    0s
     0     0   71.95528    0   87  276.00000   71.95528  73.9%     -    0s
     0     0   71.95554    0   82  276.00000   71.95554  73.9%     -    0s
     0     0   71.95554    0   81  276.00000   71.95554  73.9%     -    0s
     0     0   71.95554    0   86  276.00000   71.95554  73.9%     -    0s
H    0     0                     271.0000000   72.00000  73.4%     -    0s
H    0     0                     268.0000000   72.00000  73.1%     -    0s
     0     0   72.00000    0   45  268.00000   72.00000  73.1%     -    1s
H    0     0                     265.0000000   72.00000  72.8%     -    1s
     0     0   72.00000    0   65  265.00000   72.00000  72.8%     -    1s
     0     0   72.00000    0   55  265.00000   72.00000  72.8%     -    1s
H    0     0                     264.0000000   72.00000  72.7%     -    1s
     0     0   72.00000    0   69  264.00000   72.00000  72.7%     -    1s
     0     0   72.00000    0   30  264.00000   72.00000  72.7%     -    1s
H    0     0                     260.0000000   72.00000  72.3%     -    1s
     0     0   72.00000    0   59  260.00000   72.00000  72.3%     -    1s
H    0     0                     250.0000000   72.00000  71.2%     -    1s
     0     0   72.00000    0   42  250.00000   72.00000  71.2%     -    1s
     0     0   72.00000    0   41  250.00000   72.00000  71.2%     -    1s
     0     2   72.00000    0   32  250.00000   72.00000  71.2%     -    1s
H  185   149                     246.0000000   72.00000  70.7%   100    2s
H  208   175                     245.0000000   72.00000  70.6%  95.2    2s
H  222   175                     241.0000000   72.00000  70.1%  92.8    2s
H  387   268                     234.0000000   72.00000  69.2%  66.0    2s
H 1431   940                     233.0000000   72.72076  68.8%  36.1    3s
H 1536   895                     231.0000000   73.00000  68.4%  35.1    4s
  1539   897  128.00000   59   74  231.00000   73.00000  68.4%  35.0    5s
H 1540   852                     229.0000000   74.00000  67.7%  35.0    5s
  3656  1661   77.00000   38   48  229.00000   76.00000  66.8%  15.4   12s
  3689  1812   79.00000   40   50  229.00000   76.00000  66.8%  15.4   15s
 32362 22104   81.84886   49   43  229.00000   76.00000  66.8%   8.7   20s
 49635 32594  159.00000   93   26  229.00000   76.00000  66.8%   7.9   26s
 73505 50284  198.00000  100   23  229.00000   76.00000  66.8%   7.5   30s
 111904 73416  183.00000   93   21  229.00000   76.00000  66.8%   7.1   36s
 138835 92890  105.00000   59   44  229.00000   76.00000  66.8%   7.0   40s
 169228 110822  147.00000   86   30  229.00000   76.00000  66.8%   6.9   45s
 202904 134884  184.00000   91   25  229.00000   76.00000  66.8%   6.9   50s
 240341 157731  133.00000   66   34  229.00000   76.00000  66.8%   6.9   56s
 250235 166126  109.20000   78   39  229.00000   76.00000  66.8%   6.9   60s
 288917 189562  113.00000   70   38  229.00000   76.00000  66.8%   6.9   65s
 300298 206789  104.09360   63   39  229.00000   76.00000  66.8%   6.9   71s
 322658 213350  168.00000   86   30  229.00000   76.00000  66.8%   6.9   75s
 361187 236328  110.00000   64   43  229.00000   76.00000  66.8%   6.9   80s
 387607 254234   99.00000   65   46  229.00000   76.00000  66.8%   6.9   85s
 425117 276712  162.02597   89   33  229.00000   76.00000  66.8%   6.9   90s
 451998 295549  159.00000   90   25  229.00000   76.00000  66.8%   6.9   95s
 473082 310255  225.00995  107   23  229.00000   76.00000  66.8%   6.9  100s
 494838 324806  172.71429   92   26  229.00000   76.00000  66.8%   6.9  105s
 528120 347499  125.06206   61   33  229.00000   76.00000  66.8%   6.9  110s
 557955 365967  147.00000   81   33  229.00000   76.00000  66.8%   6.9  116s
 580142 383259 infeasible  116       229.00000   76.00000  66.8%   6.9  120s
 607649 402353  198.00000   99   21  229.00000   76.00000  66.8%   6.9  125s
 626181 425022  188.03980  104   23  229.00000   76.00000  66.8%   6.9  134s
 642197 429379  131.79071   64   31  229.00000   76.00000  66.8%   6.9  137s
 649348 431770  154.00000   82   28  229.00000   76.00000  66.8%   6.9  141s
 656836 442023  189.00000  112   20  229.00000   76.00000  66.8%   6.9  146s
 683240 453125  193.00000  105   18  229.00000   76.00000  66.8%   6.9  150s
 714087 472789  196.00000  112   19  229.00000   76.00000  66.8%   6.9  155s
 733131 484960  148.00000   77   33  229.00000   76.00000  66.8%   6.9  160s
 764018 504591  200.00000  108   20  229.00000   76.00000  66.8%   6.9  165s
 794935 524821   84.00000   56   40  229.00000   76.00000  66.8%   6.9  170s
 815870 536619 infeasible  102       229.00000   76.00000  66.8%   6.9  175s
 838680 553214   81.39409   63   44  229.00000   76.00000  66.8%   6.9  180s
 867549 571450   96.00000   67   39  229.00000   76.00000  66.8%   6.9  185s
 874391 574250  188.00000   74   23  229.00000   76.00000  66.8%   6.9  190s
 894595 589455  154.00000   96   23  229.00000   76.00000  66.8%   6.9  195s
 922762 606708  174.93333   83   24  229.00000   76.00000  66.8%   6.9  200s
 941544 617062  140.10378   91   32  229.00000   76.00000  66.8%   6.9  205s
 961114 631450  227.00000  114   17  229.00000   76.00000  66.8%   6.9  210s
 988793 648841  103.30994   60   41  229.00000   76.00000  66.8%   6.9  215s
 1014002 663570  123.00000   67   36  229.00000   76.00000  66.8%   6.9  221s
 1028612 674872 infeasible  127       229.00000   76.00000  66.8%   6.9  225s
 1054706 690922  222.00000   97   15  229.00000   76.00000  66.8%   6.9  230s
 1080585 708290  215.57143   97   20  229.00000   76.00000  66.8%   6.9  235s
 1083121 708311  169.00000   88   29  229.00000   76.00000  66.8%   6.9  240s
 1099493 720900 infeasible  107       229.00000   76.00000  66.8%   6.9  245s
 1125202 736677  128.05805   75   30  229.00000   76.00000  66.8%   6.9  250s
 1139540 746150  124.19757   73   38  229.00000   76.00000  66.8%   6.9  255s
 1161861 760151  226.00000  128   14  229.00000   76.00000  66.8%   6.9  260s
 1187429 776681   91.27536   60   41  229.00000   76.00000  66.8%   6.9  265s
 1211206 789748   87.97087   55   49  229.00000   76.00000  66.8%   6.9  272s
H1211210 781598                     227.0000000   76.00000  66.5%   6.9  272s
 1221749 789431  117.01966   59   37  227.00000   76.00000  66.5%   6.9  275s
 1239848 799536  177.13604   56   28  227.00000   76.00000  66.5%   6.9  280s
 1259871 811038 infeasible   80       227.00000   76.00000  66.5%   6.9  285s
H1262851 802778                     225.0000000   76.00000  66.2%   7.0  287s
H1265115 788324                     222.0000000   76.00000  65.8%   7.0  288s
 1266921 788327  183.00000   75   25  222.00000   76.00000  65.8%   7.0  291s
H1266937 782784                     221.0000000   76.00000  65.6%   7.0  291s
H1269023 780495                     220.0000000   76.00000  65.5%   7.0  293s
 1277895 784890 infeasible  122       220.00000   76.00000  65.5%   7.0  295s
H1284978 775405                     218.0000000   76.00000  65.1%   7.0  298s
 1284983 775419  215.00000   83   17  218.00000   76.00000  65.1%   7.0  301s
 1295480 783322  101.12695   54   35  218.00000   76.00000  65.1%   7.0  305s
 1311915 792957  147.03542   65   34  218.00000   76.00000  65.1%   7.0  310s
 1329077 803070  206.11244   63   25  218.00000   76.00000  65.1%   7.0  315s
 1338871 808827  195.00000   80   19  218.00000   76.00000  65.1%   7.0  320s
 1358365 819689  101.01812   62   39  218.00000   76.00000  65.1%   7.0  325s
 1371640 825671  117.11244   63   34  218.00000   76.00000  65.1%   7.0  330s
 1383505 833934   98.00000   58   45  218.00000   76.00000  65.1%   7.0  335s
 1397464 840382  112.08579   54   40  218.00000   76.00000  65.1%   7.0  340s
 1401416 843614  209.00000   74   24  218.00000   76.00000  65.1%   7.0  345s
 1416372 852980  169.00000   76   27  218.00000   76.00000  65.1%   7.0  350s
 1433572 862895  162.00000   73   31  218.00000   76.00000  65.1%   7.1  355s
 1447552 870607  208.00000   78   19  218.00000   76.00000  65.1%   7.1  360s
 1455702 878308  214.03960   87   23  218.00000   76.00000  65.1%   7.1  365s
 1476279 887910   76.00000   54   45  218.00000   76.00000  65.1%   7.1  370s
 1496153 898092 infeasible   79       218.00000   76.00000  65.1%   7.1  375s
 1503495 903437  201.22644   87   26  218.00000   76.00000  65.1%   7.1  380s
 1520969 913540  192.00000   82   22  218.00000   76.00000  65.1%   7.1  385s
H1526870 903203                     216.0000000   76.00000  64.8%   7.1  387s
 1528703 903267  145.00000   69   32  216.00000   76.00000  64.8%   7.1  390s
H1528704 888434                     214.0000000   76.00000  64.5%   7.1  390s
H1528818 865788                     211.0000000   76.00000  64.0%   7.1  390s
 1539075 874672  140.22353   64   34  211.00000   76.00000  64.0%   7.1  397s
 1553242 882661  153.00000   66   33  211.00000   76.00000  64.0%   7.1  401s
 1570271 890585  176.00000  102   25  211.00000   76.00000  64.0%   7.1  405s
 1589693 901915  129.00000   67   31  211.00000   76.00000  64.0%   7.1  410s
H1592652 878339                     208.0000000   76.00000  63.5%   7.1  413s
 1594038 879222  197.00000   94   17  208.00000   76.00000  63.5%   7.1  417s
 1601662 887679  120.05088   70   36  208.00000   76.00000  63.5%   7.1  421s
 1617706 894924  127.00000   62   39  208.00000   76.00000  63.5%   7.1  425s
 1636795 904214 infeasible  119       208.00000   76.00000  63.5%   7.1  430s
 1643047 910858  134.00000   66   28  208.00000   76.00000  63.5%   7.2  435s
 1662714 920840 infeasible  102       208.00000   76.00000  63.5%   7.2  440s
 1682799 930348  165.00000   84   26  208.00000   76.00000  63.5%   7.2  445s
 1700053 939582  146.90000   61   34  208.00000   76.00000  63.5%   7.2  452s
 1709122 945384  163.00000   71   28  208.00000   76.00000  63.5%   7.2  455s
 1727141 956866  151.00000   69   33  208.00000   76.00000  63.5%   7.2  460s
 1736339 960139  101.02180   62   43  208.00000   76.00000  63.5%   7.2  465s
 1741720 963323  171.00000   81   24  208.00000   76.00000  63.5%   7.2  470s
 1756706 973259  204.00000   73   23  208.00000   76.00000  63.5%   7.2  475s
 1775927 984210  126.30667   79   34  208.00000   76.00000  63.5%   7.2  480s
 1792918 993314  177.05911   85   27  208.00000   76.00000  63.5%   7.2  485s
 1798350 997178  192.00000  111   20  208.00000   76.00000  63.5%   7.2  490s
 1816236 1007197   76.15199   51   45  208.00000   76.00000  63.5%   7.2  495s
 1835687 1016494  170.06379   82   31  208.00000   76.00000  63.5%   7.2  500s
 1853634 1027789  182.07035   93   23  208.00000   76.00000  63.5%   7.3  505s
 1858456 1029389   87.00000   59   46  208.00000   76.00000  63.5%   7.3  510s
 1874790 1039133  137.59448   71   38  208.00000   76.00000  63.5%   7.3  515s
 1893000 1048524  113.14514   59   36  208.00000   76.00000  63.5%   7.3  520s
 1903370 1052926  182.00000  103   22  208.00000   76.00000  63.5%   7.3  525s
 1916500 1062143   88.05249   68   49  208.00000   76.00000  63.5%   7.3  530s
 1934594 1072118  187.00000   65   25  208.00000   76.00000  63.5%   7.3  535s
 1942487 1074557  130.00000   63   37  208.00000   76.00000  63.5%   7.3  540s
 1945240 1077064  198.00000   66   22  208.00000   76.00000  63.5%   7.3  545s
 1959544 1086222  157.00000   92   28  208.00000   76.00000  63.5%   7.3  550s
 1977924 1096504   89.00000   64   45  208.00000   76.00000  63.5%   7.3  555s
 1995330 1104479  182.14286   86   30  208.00000   76.00000  63.5%   7.3  562s
 2001426 1109564  164.19678   77   30  208.00000   76.00000  63.5%   7.3  565s
 2018623 1119116  127.00000   71   28  208.00000   76.00000  63.5%   7.4  570s
 2036938 1127978  115.00000   60   37  208.00000   76.00000  63.5%   7.4  575s
 2052937 1136432  143.00000   93   28  208.00000   76.00000  63.5%   7.4  581s
 2060803 1142262 infeasible   76       208.00000   76.00000  63.5%   7.4  585s
 2076195 1151738  151.00000   74   31  208.00000   76.00000  63.5%   7.4  590s
 2093416 1161768  147.00843   81   31  208.00000   76.00000  63.5%   7.4  595s
 2099203 1162679 infeasible   88       208.00000   76.00000  63.5%   7.4  600s
 2103593 1166112  111.00000   69   36  208.00000   76.00000  63.5%   7.4  605s
 2118709 1174541  199.00000   82   21  208.00000   76.00000  63.5%   7.4  610s
 2136673 1184464 infeasible   82       208.00000   76.00000  63.5%   7.4  615s
 2144442 1187927  102.00000   49   41  208.00000   76.00000  63.5%   7.4  620s
 2158630 1196705  107.00000   72   36  208.00000   76.00000  63.5%   7.4  625s
 2168870 1201291  199.24028   98   26  208.00000   76.00000  63.5%   7.4  630s
 2182748 1212479  149.00000   72   33  208.00000   76.00000  63.5%   7.4  636s
 2190104 1215660  164.99228   71   29  208.00000   76.00000  63.5%   7.4  640s
 2204099 1224205   83.00000   47   39  208.00000   76.00000  63.5%   7.4  645s
 2221375 1231568   82.16006   43   48  208.00000   76.00000  63.5%   7.4  650s
 2238558 1240179  113.00000   66   33  208.00000   76.00000  63.5%   7.4  657s
 2245085 1244693  134.73913   61   30  208.00000   76.00000  63.5%   7.4  660s
 2259200 1251884  100.00000   64   39  208.00000   76.00000  63.5%   7.5  666s
 2267706 1259497  163.00000   80   25  208.00000   76.00000  63.5%   7.5  671s
 2279104 1262924  195.00000   87   24  208.00000   76.00000  63.5%   7.5  676s
 2288212 1270592  197.00000   86   24  208.00000   76.00000  63.5%   7.5  680s
 2306641 1279083  153.00000   85   33  208.00000   76.00000  63.5%   7.5  685s
 2324591 1290331  192.19757   71   34  208.00000   76.00000  63.5%   7.5  690s
 2334790 1294045 infeasible   74       208.00000   76.00000  63.5%   7.5  695s
 2340605 1297396  193.16987   58   31  208.00000   76.00000  63.5%   7.5  700s
 2352035 1306293   76.16768   49   50  208.00000   76.00000  63.5%   7.5  706s
 2365743 1312869  115.00000   71   36  208.00000   76.00000  63.5%   7.5  710s
 2381128 1319777  150.00000   62   32  208.00000   76.00000  63.5%   7.5  717s
 2387868 1325485   88.00000   56   42  208.00000   76.00000  63.5%   7.5  720s
 2402889 1333776   76.00000   58   45  208.00000   76.00000  63.5%   7.5  725s
 2415817 1341260 infeasible   73       208.00000   76.00000  63.5%   7.5  730s
 2430385 1349152  100.03150   59   40  208.00000   76.00000  63.5%   7.5  735s
 2436626 1360005  118.63736   55   41  208.00000   76.00000  63.5%   7.5  745s
 2457423 1362706  119.00000   68   36  208.00000   76.00000  63.5%   7.5  751s
 2457439 1371421  119.08579   69   36  208.00000   76.00000  63.5%   7.5  758s
 2473455 1374378  190.00000   84   16  208.00000   76.00000  63.5%   7.5  761s
 2485002 1379373   76.00000   57   48  208.00000   76.00000  63.5%   7.5  765s
 2500638 1389249   81.03431   58   49  208.00000   76.00000  63.5%   7.5  770s
 2517053 1397831  128.00000   63   31  208.00000   76.00000  63.5%   7.5  775s
 2527334 1402118   76.00000   52   43  208.00000   76.00000  63.5%   7.5  780s
 2537196 1409600   77.31940   55   51  208.00000   76.00000  63.5%   7.5  785s
 2549503 1416968  118.09014   65   39  208.00000   76.00000  63.5%   7.5  790s
 2566222 1426248  169.05249   73   29  208.00000   76.00000  63.5%   7.5  795s
 2581597 1433474   92.00000   53   48  208.00000   76.00000  63.5%   7.5  800s
 2593944 1439698  145.49826   62   33  208.00000   76.00000  63.5%   7.5  809s
 2593960 1440320 infeasible   63       208.00000   76.00000  63.5%   7.5  810s
 2604841 1448295  199.01556   87   28  208.00000   76.00000  63.5%   7.5  816s
 2618250 1455152   91.04520   60   44  208.00000   76.00000  63.5%   7.5  820s
 2633257 1463376  182.00000   80   39  208.00000   76.00000  63.5%   7.5  825s
 2640228 1465292   92.05805   53   40  208.00000   76.00000  63.5%   7.5  830s
 2652368 1474713   91.60000   53   41  208.00000   76.00000  63.5%   7.5  836s
 2667164 1481417  114.00000   68   40  208.00000   76.00000  63.5%   7.5  840s
 2679642 1490437  176.01005   81   28  208.00000   76.00000  63.5%   7.6  845s
 2695874 1498911  111.00000   54   40  208.00000   76.00000  63.5%   7.6  850s
 2703281 1501674  132.00000   60   34  208.00000   76.00000  63.5%   7.6  855s
 2703716 1504469  181.02358   72   31  208.00000   76.00000  63.5%   7.6  860s
 2716851 1510443  121.25052   57   34  208.00000   76.00000  63.5%   7.6  865s
 2729626 1517703  137.00000   78   35  208.00000   76.00000  63.5%   7.6  870s
 2741838 1525624  130.09359   63   41  208.00000   76.00000  63.5%   7.6  875s
 2748385 1528082  194.00000   73   25  208.00000   76.00000  63.5%   7.6  880s
 2760203 1536042  146.54545   65   32  208.00000   76.00000  63.5%   7.6  885s
 2773501 1543893  139.82353   67   34  208.00000   76.00000  63.5%   7.6  890s
 2789812 1552116  127.00000   67   36  208.00000   76.00000  63.5%   7.6  895s
 2803809 1560168 infeasible   79       208.00000   76.00000  63.5%   7.6  900s
 2808560 1562227  195.00000   77   28  208.00000   76.00000  63.5%   7.6  905s
 2816204 1568797  114.00519   64   45  208.00000   76.00000  63.5%   7.6  911s
 2827590 1574969   97.81451   58   39  208.00000   76.00000  63.5%   7.6  915s
 2840626 1580734  156.00000   86   33  208.00000   76.00000  63.5%   7.6  924s
 2841443 1581711   84.00000   49   48  208.00000   76.00000  63.5%   7.6  925s
 2844813 1584001  183.01130   75   27  208.00000   76.00000  63.5%   7.6  930s
 2856912 1591424   86.14863   56   41  208.00000   76.00000  63.5%   7.6  935s
 2868916 1597403   76.00000   54   54  208.00000   76.00000  63.5%   7.6  940s
 2883362 1607030  204.30000   86   25  208.00000   76.00000  63.5%   7.6  946s
 2897053 1614509  115.08779   54   39  208.00000   76.00000  63.5%   7.6  951s
 2905860 1617778  129.20007   71   35  208.00000   76.00000  63.5%   7.6  956s
 2912550 1623307   92.00000   58   39  208.00000   76.00000  63.5%   7.6  960s
 2925113 1630088   82.00000   54   51  208.00000   76.00000  63.5%   7.6  965s
 2938012 1637673   98.13333   59   40  208.00000   76.00000  63.5%   7.6  970s
 2952994 1645756  178.00000   66   28  208.00000   76.00000  63.5%   7.6  975s
 2964791 1653382   98.08314   50   42  208.00000   76.00000  63.5%   7.6  980s
 2969800 1654184  170.23592   66   25  208.00000   76.00000  63.5%   7.6  985s
 2981744 1661913  185.00000   84   25  208.00000   76.00000  63.5%   7.6  990s
 2995963 1668580  201.00000   79   19  208.00000   76.00000  63.5%   7.6  995s
 3006180 1676140  123.88000   49   37  208.00000   76.00000  63.5%   7.6 1000s
 3021280 1682431  168.03846   82   32  208.00000   76.00000  63.5%   7.6 1005s
 3026549 1684830  129.00000   67   35  208.00000   76.00000  63.5%   7.6 1010s
 3035759 1690595   94.00000   56   45  208.00000   76.00000  63.5%   7.6 1015s
 3049993 1698905  141.00000   78   30  208.00000   76.00000  63.5%   7.6 1020s
 3056715 1701624  164.00000   77   32  208.00000   76.00000  63.5%   7.6 1027s
 3060543 1706125  164.00000   80   28  208.00000   76.00000  63.5%   7.6 1031s
 3064698 1706732   76.76404   51   50  208.00000   76.00000  63.5%   7.6 1035s
 3073659 1712584  181.00000   79   26  208.00000   76.00000  63.5%   7.6 1040s
 3087088 1719437 infeasible  106       208.00000   76.00000  63.5%   7.6 1045s
 3101267 1726471  202.00000  106   20  208.00000   76.00000  63.5%   7.6 1050s
 3114510 1733744   95.00000   51   45  208.00000   76.00000  63.5%   7.6 1055s
 3122306 1737329  167.00000   82   28  208.00000   76.00000  63.5%   7.6 1061s
 3127820 1742175  167.03924   74   26  208.00000   76.00000  63.5%   7.6 1065s
 3143369 1750239   89.29613   48   46  208.00000   76.00000  63.5%   7.6 1070s
 3155473 1757407  200.11438   76   25  208.00000   76.00000  63.5%   7.6 1075s
 3170667 1764581  139.00000   69   38  208.00000   76.00000  63.5%   7.6 1081s
 3174571 1766166  109.00000   68   37  208.00000   76.00000  63.5%   7.6 1085s
 3181719 1771984  172.01988   87   27  208.00000   76.00000  63.5%   7.6 1090s
 3197450 1779576 infeasible   95       208.00000   76.00000  63.5%   7.7 1095s
 3206448 1787451  103.00000   59   42  208.00000   76.00000  63.5%   7.7 1100s
 3223013 1794477  191.08759   85   26  208.00000   76.00000  63.5%   7.7 1105s
 3229925 1796962  193.00000   74   28  208.00000   76.00000  63.5%   7.7 1111s
 3237867 1802809  140.05249   75   38  208.00000   76.00000  63.5%   7.7 1115s
 3248843 1807341  114.26800   61   37  208.00000   76.00000  63.5%   7.7 1123s
 3248862 1816589  115.00000   62   36  208.00000   76.00000  63.5%   7.7 1132s
 3264878 1816740   77.68316   59   49  208.00000   76.00000  63.5%   7.7 1137s
 3265158 1820655   78.00000   60   48  208.00000   76.00000  63.5%   7.7 1140s
 3274179 1824935  158.00000   71   30  208.00000   76.00000  63.5%   7.7 1145s
 3289778 1831480  184.00000   75   27  208.00000   76.00000  63.5%   7.7 1150s
 3301512 1838360  177.00000   91   22  208.00000   76.00000  63.5%   7.7 1155s
 3307283 1841218 infeasible   85       208.00000   76.00000  63.5%   7.7 1160s
 3319665 1847928  187.00000   71   22  208.00000   76.00000  63.5%   7.7 1165s
 3331921 1855673  192.00000  102   21  208.00000   76.00000  63.5%   7.7 1170s
 3343149 1861529   96.00000   49   43  208.00000   76.00000  63.5%   7.7 1175s
 3356507 1868949   83.00000   55   47  208.00000   76.00000  63.5%   7.7 1180s
 3364242 1872040  182.00000   86   28  208.00000   76.00000  63.5%   7.7 1186s
 3371050 1878083  146.00000   70   34  208.00000   76.00000  63.5%   7.7 1191s
 3381890 1884065  204.00000  108   14  208.00000   76.00000  63.5%   7.7 1195s
 3395123 1889777  132.00000   56   46  208.00000   76.00000  63.5%   7.7 1200s
 3407408 1896674 infeasible  112       208.00000   76.00000  63.5%   7.7 1205s
 3418499 1903602  119.00000   64   41  208.00000   76.00000  63.5%   7.7 1210s
 3421453 1903612   81.98551   59   44  208.00000   76.00000  63.5%   7.7 1215s
 3431595 1909701 infeasible   84       208.00000   76.00000  63.5%   7.7 1220s
 3435070 1911327  140.07198   81   33  208.00000   76.00000  63.5%   7.7 1226s
 3441199 1917052  115.00000   60   35  208.00000   76.00000  63.5%   7.7 1230s
 3453623 1923075  193.00000   85   19  208.00000   76.00000  63.5%   7.7 1235s
 3456937 1923667  201.00000   85   17  208.00000   76.00000  63.5%   7.7 1240s
 3466829 1929700  201.00000  102   14  208.00000   76.00000  63.5%   7.7 1245s
 3478879 1937244  152.60000   70   31  208.00000   76.00000  63.5%   7.7 1250s
 3488113 1942977  137.11429   65   37  208.00000   76.00000  63.5%   7.7 1255s
 3499628 1947233  108.00000   62   45  208.00000   76.00000  63.5%   7.7 1262s
 3501912 1950372 infeasible   88       208.00000   76.00000  63.5%   7.7 1265s
 3515574 1957357  131.25347   63   42  208.00000   76.00000  63.5%   7.7 1270s
 3527012 1963564   76.00000   58   53  208.00000   76.00000  63.5%   7.7 1275s
 3539339 1971305  191.00000   90   23  208.00000   76.00000  63.5%   7.7 1281s
 3547820 1976024   99.00000   67   44  208.00000   76.00000  63.5%   7.7 1285s
 3559840 1983453   76.00000   56   46  208.00000   76.00000  63.5%   7.7 1290s
 3563738 1984078 infeasible   94       208.00000   76.00000  63.5%   7.7 1295s
 3575113 1991515  166.02180   94   22  208.00000   76.00000  63.5%   7.7 1300s
 3589599 1999233   76.00000   52   50  208.00000   76.00000  63.5%   7.7 1305s
 3603187 2006702   76.00000   45   45  208.00000   76.00000  63.5%   7.7 1310s
 3617290 2013738   83.28308   50   48  208.00000   76.00000  63.5%   7.7 1318s
 3617308 2023336   77.00000   51   47  208.00000   76.00000  63.5%   7.7 1325s
 3633324 2027078 infeasible   72       208.00000   76.00000  63.5%   7.7 1330s
 3639772 2027088  206.00000  111   22  208.00000   76.00000  63.5%   7.7 1337s
 3639791 2036150 infeasible  112       208.00000   76.00000  63.5%   7.7 1345s
 3660362 2041342   98.83458   55   46  208.00000   76.00000  63.5%   7.7 1350s
 3674845 2048110  144.22644   58   32  208.00000   76.00000  63.5%   7.7 1355s
 3689700 2057460  184.00000  100   22  208.00000   76.00000  63.5%   7.7 1361s
 3701216 2061604  170.00000   75   33  208.00000   76.00000  63.5%   7.7 1367s
 3706324 2065492 infeasible   82       208.00000   76.00000  63.5%   7.7 1370s
 3719129 2073651   87.37137   54   41  208.00000   76.00000  63.5%   7.7 1375s
 3730269 2081221  110.00000   62   38  208.00000   76.00000  63.5%   7.7 1380s
 3746643 2089104 infeasible   95       208.00000   76.00000  63.5%   7.7 1385s
 3753690 2091091  200.00000   86   23  208.00000   76.00000  63.5%   7.7 1391s
 3761115 2095943   84.06288   57   47  208.00000   76.00000  63.5%   7.7 1395s
 3774085 2104147   86.90474   58   48  208.00000   76.00000  63.5%   7.7 1400s
 3787803 2112085   90.70310   59   46  208.00000   76.00000  63.5%   7.7 1405s
 3801844 2118788   76.00000   45   45  208.00000   76.00000  63.5%   7.7 1410s
 3802845 2118809   85.00000   60   43  208.00000   76.00000  63.5%   7.7 1419s
 3803899 2119988 infeasible  106       208.00000   76.00000  63.5%   7.7 1420s
 3813149 2128234  137.00000   75   28  208.00000   76.00000  63.5%   7.7 1426s
 3825959 2133811  194.15439   97   24  208.00000   76.00000  63.5%   7.7 1430s
 3830275 2135042   96.00000   61   42  208.00000   76.00000  63.5%   7.7 1435s
 3841123 2142341   76.00000   51   42  208.00000   76.00000  63.5%   7.7 1440s
 3853761 2149505  194.00000   92   18  208.00000   76.00000  63.5%   7.8 1445s
 3866418 2156637 infeasible   80       208.00000   76.00000  63.5%   7.8 1450s
 3878125 2163733  135.36364   63   34  208.00000   76.00000  63.5%   7.8 1455s
 3883476 2164319  126.00000   55   33  208.00000   76.00000  63.5%   7.8 1460s
 3894024 2170831  106.10644   53   37  208.00000   76.00000  63.5%   7.8 1465s
 3906058 2178669  166.08374   86   25  208.00000   76.00000  63.5%   7.8 1470s
 3920861 2186607  205.00000   96   27  208.00000   76.00000  63.5%   7.8 1475s
 3931634 2193016  172.00000   64   27  208.00000   76.00000  63.5%   7.8 1480s
 3946587 2200776  206.00000   92   19  208.00000   76.00000  63.5%   7.8 1485s
 3949504 2201757  185.00000   76   28  208.00000   76.00000  63.5%   7.8 1490s
 3961180 2209444   81.18311   49   50  208.00000   76.00000  63.5%   7.8 1495s
 3974716 2215906 infeasible   67       208.00000   76.00000  63.5%   7.8 1500s
 3988162 2223174   76.00000   42   48  208.00000   76.00000  63.5%   7.8 1509s
 3988184 2223668   95.38000   43   43  208.00000   76.00000  63.5%   7.8 1510s
 3989140 2224460   77.00000   56   45  208.00000   76.00000  63.5%   7.8 1515s
 4000823 2232654  135.00000   70   37  208.00000   76.00000  63.5%   7.8 1521s
 4009163 2238892  105.81933   67   43  208.00000   76.00000  63.5%   7.8 1525s
 4024575 2245422   90.00000   54   46  208.00000   76.00000  63.5%   7.8 1530s
 4036678 2252599  151.00000   84   30  208.00000   76.00000  63.5%   7.8 1535s
 4041074 2253222  199.00000   80   31  208.00000   76.00000  63.5%   7.8 1540s
 4049399 2259725  174.00000   73   26  208.00000   76.00000  63.5%   7.8 1545s
 4063970 2266245  134.00000   72   34  208.00000   76.00000  63.5%   7.8 1550s
 4078276 2275270  204.36239  104   17  208.00000   76.00000  63.5%   7.8 1555s
 4091433 2282022 infeasible   78       208.00000   76.00000  63.5%   7.8 1560s
 4103802 2290342   95.14384   60   41  208.00000   76.00000  63.5%   7.8 1565s
 4106950 2290346  144.00000   72   29  208.00000   76.00000  63.5%   7.8 1570s
 4114596 2296568  104.05195   65   38  208.00000   76.00000  63.5%   7.8 1575s
 4129921 2305402   93.08122   55   49  208.00000   76.00000  63.5%   7.8 1581s
 4143143 2311653  165.00000   76   24  208.00000   76.00000  63.5%   7.8 1585s
 4154066 2319385  136.97150   69   36  208.00000   76.00000  63.5%   7.8 1590s
 4165537 2323730  165.00265   72   33  208.00000   76.00000  63.5%   7.8 1598s
 4166690 2326563  111.00000   64   37  208.00000   76.00000  63.5%   7.8 1600s
 4171792 2327301   86.00000   58   38  208.00000   76.00000  63.5%   7.8 1606s
 4179520 2333966  202.09651   93   23  208.00000   76.00000  63.5%   7.8 1611s
 4190448 2339711  172.00000   56   33  208.00000   76.00000  63.5%   7.8 1615s
 4193723 2339723  203.00000   78   22  208.00000   76.00000  63.5%   7.8 1620s
 4202978 2346911  155.00000   68   30  208.00000   76.00000  63.5%   7.8 1625s
 4216550 2353546  199.00000   80   23  208.00000   76.00000  63.5%   7.8 1630s
 4228184 2361780  191.00000   61   22  208.00000   76.00000  63.5%   7.8 1635s
 4241924 2368031  205.00000   90   18  208.00000   76.00000  63.5%   7.8 1640s
 4253059 2376122  199.14470   75   21  208.00000   76.00000  63.5%   7.8 1646s
 4257654 2376132  127.08579   83   35  208.00000   76.00000  63.5%   7.8 1650s
 4264539 2382610  202.00000   85   17  208.00000   76.00000  63.5%   7.8 1655s
 4278961 2390319  207.00000   91   21  208.00000   76.00000  63.5%   7.8 1661s
 4289434 2396603  160.00000   92   22  208.00000   76.00000  63.5%   7.8 1665s
 4303341 2403070   96.00000   53   39  208.00000   76.00000  63.5%   7.8 1670s
 4313923 2408707  165.00000   83   28  208.00000   76.00000  63.5%   7.8 1679s
 4313943 2418379  165.00000   84   30  208.00000   76.00000  63.5%   7.8 1688s
 4329959 2422118  184.00000   75   28  208.00000   76.00000  63.5%   7.8 1692s
 4336687 2424245  204.00000   74   26  208.00000   76.00000  63.5%   7.8 1695s
 4340682 2424255  136.00000   54   38  208.00000   76.00000  63.5%   7.8 1700s
 4340702 2424300  136.00000   55   35  208.00000   76.00000  63.5%   7.8 1705s
 4353258 2432762  204.00000   79   22  208.00000   76.00000  63.5%   7.8 1710s
 4367554 2440568  122.00000   58   38  208.00000   76.00000  63.5%   7.8 1715s
 4379994 2448178  110.00000   68   41  208.00000   76.00000  63.5%   7.8 1720s
 4385611 2449424  162.00000   65   29  208.00000   76.00000  63.5%   7.8 1728s
 4386937 2451159  141.00000   72   31  208.00000   76.00000  63.5%   7.8 1730s
 4399043 2459129   79.21200   56   46  208.00000   76.00000  63.5%   7.8 1735s
 4410684 2464072   81.00000   54   48  208.00000   76.00000  63.5%   7.8 1740s
 4422594 2471808  169.00000   68   36  208.00000   76.00000  63.5%   7.8 1745s
 4433367 2478063  134.00000   63   30  208.00000   76.00000  63.5%   7.8 1750s
 4438877 2479769   76.00000   54   46  208.00000   76.00000  63.5%   7.8 1756s
 4446210 2484816 infeasible  110       208.00000   76.00000  63.5%   7.8 1760s
 4457180 2490808  158.00000   79   31  208.00000   76.00000  63.5%   7.8 1765s
 4468348 2498557  157.00000   67   33  208.00000   76.00000  63.5%   7.8 1770s
 4482134 2505164  125.08579   74   37  208.00000   76.00000  63.5%   7.8 1775s
 4492698 2512900  128.00000   78   35  208.00000   76.00000  63.5%   7.8 1780s
 4500373 2515223  153.00000   69   29  208.00000   76.00000  63.5%   7.8 1787s
 4504328 2519630  178.00000   79   27  208.00000   76.00000  63.5%   7.8 1790s
 4518210 2525581 infeasible   85       208.00000   76.00000  63.5%   7.8 1800s
 4527988 2532920   97.00000   59   34  208.00000   76.00000  63.5%   7.8 1805s
 4538880 2539034  175.42857   71   35  208.00000   76.00000  63.5%   7.8 1810s
 4545958 2541435  171.00000   95   23  208.00000   76.00000  63.5%   7.8 1816s
 4551687 2546771   92.12444   59   43  208.00000   76.00000  63.5%   7.8 1820s
 4565013 2552360  196.07121   87   27  208.00000   76.00000  63.5%   7.8 1825s
 4576721 2559555  205.00000   96   21  208.00000   76.00000  63.5%   7.8 1830s
 4588863 2566303  137.00000   69   34  208.00000   76.00000  63.5%   7.8 1835s
 4600585 2572192   76.00330   44   49  208.00000   76.00000  63.5%   7.8 1844s
 4600606 2572595   76.00330   45   51  208.00000   76.00000  63.5%   7.8 1845s
 4609647 2579942 infeasible   85       208.00000   76.00000  63.5%   7.8 1850s
 4616272 2581387   81.00000   59   44  208.00000   76.00000  63.5%   7.8 1856s
 4616291 2590822   81.00000   60   43  208.00000   76.00000  63.5%   7.8 1865s
 4632307 2590873  114.48593   63   39  208.00000   76.00000  63.5%   7.8 1872s
 4637540 2595486  205.03053   80   24  208.00000   76.00000  63.5%   7.8 1876s
 4650145 2602530 infeasible   98       208.00000   76.00000  63.5%   7.8 1880s
 4662208 2609360   76.03256   56   50  208.00000   76.00000  63.5%   7.8 1885s
 4677026 2617865  117.00000   66   36  208.00000   76.00000  63.5%   7.8 1890s
 4688411 2622737  189.22581   90   24  208.00000   76.00000  63.5%   7.8 1899s
 4689511 2624880  117.60000   62   37  208.00000   76.00000  63.5%   7.8 1900s
 4700321 2631674 infeasible   85       208.00000   76.00000  63.5%   7.8 1906s
 4711303 2636720  178.12002   89   30  208.00000   76.00000  63.5%   7.8 1910s
 4722944 2644923  116.06667   64   39  208.00000   76.00000  63.5%   7.8 1916s
 4734187 2648539  152.00000   81   32  208.00000   76.00000  63.5%   7.8 1920s
 4742203 2655170  135.00000   71   37  208.00000   76.00000  63.5%   7.8 1925s
 4748741 2656195   80.79742   51   44  208.00000   76.00000  63.5%   7.8 1937s
 4751681 2658452   99.00000   54   40  208.00000   76.00000  63.5%   7.8 1940s
 4759366 2664408  103.00000   61   42  208.00000   76.00000  63.5%   7.8 1946s
 4768919 2668572  157.00000   85   29  208.00000   76.00000  63.5%   7.8 1950s
 4779119 2674144 infeasible   95       208.00000   76.00000  63.5%   7.8 1955s
 4791107 2679954 infeasible   95       208.00000   76.00000  63.5%   7.8 1966s
 4795695 2684754  200.00000   79   21  208.00000   76.00000  63.5%   7.8 1970s
 4806719 2690896  101.02890   50   43  208.00000   76.00000  63.5%   7.8 1976s
 4815704 2695122  108.20570   65   43  208.00000   76.00000  63.5%   7.8 1980s
 4825419 2699981 infeasible   69       208.00000   76.00000  63.5%   7.8 1985s
 4833902 2707442  190.00000   72   32  208.00000   76.00000  63.5%   7.8 1992s
 4844400 2711323   85.11064   58   43  208.00000   76.00000  63.5%   7.8 1995s
 4847935 2712142  203.00000   92   18  208.00000   76.00000  63.5%   7.8 2002s
 4850294 2715636  205.00000   73   22  208.00000   76.00000  63.5%   7.8 2006s
 4858616 2718411  113.00000   72   46  208.00000   76.00000  63.5%   7.8 2014s
 4858633 2719078  113.00000   73   45  208.00000   76.00000  63.5%   7.8 2015s
 4865343 2723069  139.00000   81   36  208.00000   76.00000  63.5%   7.8 2020s
 4875437 2730074  113.06533   63   38  208.00000   76.00000  63.5%   7.8 2026s
 4885782 2735349  179.00000   92   24  208.00000   76.00000  63.5%   7.8 2031s
 4890420 2736389 infeasible   62       208.00000   76.00000  63.5%   7.8 2037s
 4892670 2738829   95.00000   58   49  208.00000   76.00000  63.5%   7.8 2040s
 4902920 2744048  100.00000   57   47  208.00000   76.00000  63.5%   7.8 2045s
 4911051 2749595  181.19048   79   27  208.00000   76.00000  63.5%   7.8 2050s
 4918118 2755240  167.00000   64   23  208.00000   76.00000  63.5%   7.8 2055s
 4928930 2760393   93.91513   67   43  208.00000   76.00000  63.5%   7.8 2060s
 4940268 2764872  116.02890   71   39  208.00000   76.00000  63.5%   7.8 2071s
 4940288 2774207  116.02890   72   40  208.00000   76.00000  63.5%   7.8 2081s
 4956304 2777246 infeasible   76       208.00000   76.00000  63.5%   7.9 2086s
 4961703 2777531   91.68308   57   44  208.00000   76.00000  63.5%   7.9 2092s
 4962260 2786495  141.34316   65   39  208.00000   76.00000  63.5%   7.9 2099s
 4978276 2786503  194.00000   66   26  208.00000   76.00000  63.5%   7.9 2113s
 4979519 2789442  133.00000   55   37  208.00000   76.00000  63.5%   7.9 2115s
 4989952 2794907  144.22644   62   36  208.00000   76.00000  63.5%   7.8 2120s
 5002631 2802144   76.00000   45   49  208.00000   76.00000  63.5%   7.8 2125s
 5014131 2807648  144.60000   66   30  208.00000   76.00000  63.5%   7.8 2130s
 5021426 2811202  180.00000  106   17  208.00000   76.00000  63.5%   7.8 2138s
 5022574 2813720   99.00000   64   40  208.00000   76.00000  63.5%   7.8 2140s
 5033143 2820212  178.00000  109   23  208.00000   76.00000  63.5%   7.8 2146s
 5043777 2826196 infeasible   85       208.00000   76.00000  63.5%   7.8 2151s
 5051501 2830989  192.00000   90   18  208.00000   76.00000  63.5%   7.8 2155s
 5063103 2836030 infeasible   81       208.00000   76.00000  63.5%   7.8 2160s
 5072209 2842435 infeasible   75       208.00000   76.00000  63.5%   7.8 2166s
 5075554 2842450  113.10588   50   47  208.00000   76.00000  63.5%   7.8 2172s
 5077764 2845598  135.65528   79   38  208.00000   76.00000  63.5%   7.9 2175s
 5085860 2850249  199.00000  108   16  208.00000   76.00000  63.5%   7.9 2180s
 5097236 2855775  106.00515   55   42  208.00000   76.00000  63.5%   7.9 2186s
 5099260 2855786  131.00000   73   33  208.00000   76.00000  63.5%   7.9 2192s
 5104113 2859344  192.00000   74   30  208.00000   76.00000  63.5%   7.9 2195s
 5114548 2864349  106.00000   52   46  208.00000   76.00000  63.5%   7.9 2204s
 5114567 2865271  130.00000   53   41  208.00000   76.00000  63.5%   7.9 2205s
 5123504 2871442 infeasible   80       208.00000   76.00000  63.5%   7.9 2210s
 5134382 2875872  149.00000   80   30  208.00000   76.00000  63.5%   7.9 2215s
 5145243 2881637  197.00000   94   18  208.00000   76.00000  63.5%   7.9 2220s
 5157250 2888932  113.00000   88   40  208.00000   76.00000  63.5%   7.9 2225s
 5167891 2894087  205.00000   98   21  208.00000   76.00000  63.5%   7.9 2235s
 5177320 2901030  158.00000   72   30  208.00000   76.00000  63.5%   7.9 2241s
 5188278 2906433  133.19048   78   31  208.00000   76.00000  63.5%   7.9 2246s
 5197626 2911641  154.00000   75   34  208.00000   76.00000  63.5%   7.9 2250s
 5208935 2917132  160.00000   74   25  208.00000   76.00000  63.5%   7.9 2255s
 5218772 2921973   80.18263   61   52  208.00000   76.00000  63.5%   7.9 2264s
 5218791 2922478   86.13719   62   48  208.00000   76.00000  63.5%   7.9 2265s
 5221883 2923776  126.00000   66   42  208.00000   76.00000  63.5%   7.9 2272s
 5224701 2927204  109.00000   61   41  208.00000   76.00000  63.5%   7.9 2275s
 5235012 2933109   99.00000   57   40  208.00000   76.00000  63.5%   7.9 2281s
 5243462 2937456  135.02890   64   34  208.00000   76.00000  63.5%   7.9 2285s
 5253620 2943997  176.00000   77   31  208.00000   76.00000  63.5%   7.9 2290s
 5261060 2946542  178.03714   67   31  208.00000   76.00000  63.5%   7.9 2295s
 5269764 2953043 infeasible   78       208.00000   76.00000  63.5%   7.9 2300s
 5275917 2957897  192.97079   91   27  208.00000   76.00000  63.5%   7.9 2305s
 5292594 2965136  200.25219  103   19  208.00000   76.00000  63.5%   7.9 2310s
 5303428 2971101  154.00000   69   30  208.00000   76.00000  63.5%   7.9 2316s
 5314142 2975824  185.00000   79   25  208.00000   76.00000  63.5%   7.9 2320s
 5318439 2977552  134.00000   71   37  208.00000   76.00000  63.5%   7.9 2327s
 5318455 2986832  145.00000   72   35  208.00000   76.00000  63.5%   7.9 2337s
 5334471 2990481  130.10390   64   43  208.00000   76.00000  63.5%   7.9 2342s
 5341018 2990492  185.08911   66   27  208.00000   76.00000  63.5%   7.9 2349s
 5341034 2999419  186.00000   67   26  208.00000   76.00000  63.5%   7.9 2361s
 5357050 3000839  167.28000   77   40  208.00000   76.00000  63.5%   7.9 2365s
 5369164 3007200 infeasible   94       208.00000   76.00000  63.5%   7.9 2371s
 5380836 3013933  171.00000   71   29  208.00000   76.00000  63.5%   7.9 2375s
 5393330 3021860  108.73333   51   41  208.00000   76.00000  63.5%   7.9 2380s
 5400143 3023591  107.00000   52   39  208.00000   76.00000  63.5%   7.9 2388s
 5403220 3026482  153.00000   80   33  208.00000   76.00000  63.5%   7.9 2390s
 5414098 3033416  109.00000   57   43  208.00000   76.00000  63.5%   7.9 2395s
 5426730 3040104  195.52482   87   25  208.00000   76.00000  63.5%   7.9 2400s
 5436369 3045587  105.00000   61   39  208.00000   76.00000  63.5%   7.9 2405s
 5448955 3052446  186.00000   77   25  208.00000   76.00000  63.5%   7.9 2410s
 5459807 3057006  109.00000   62   36  208.00000   76.00000  63.5%   7.9 2421s
 5467294 3062370   99.00000   70   38  208.00000   76.00000  63.5%   7.9 2425s
 5468466 3062382   77.10430   53   51  208.00000   76.00000  63.5%   7.9 2432s
 5471199 3065797 infeasible   77       208.00000   76.00000  63.5%   7.9 2435s
 5484835 3073913 infeasible   85       208.00000   76.00000  63.5%   7.9 2441s
 5495318 3080044   98.00000   57   41  208.00000   76.00000  63.5%   7.9 2445s
 5500603 3080895   95.00000   59   41  208.00000   76.00000  63.5%   7.9 2452s
 5505495 3084576   76.00000   49   52  208.00000   76.00000  63.5%   7.9 2455s
 5516509 3090988 infeasible  105       208.00000   76.00000  63.5%   7.9 2460s
 5526755 3096575  144.00000   76   31  208.00000   76.00000  63.5%   7.9 2465s
 5537665 3102656  141.00000   73   33  208.00000   76.00000  63.5%   7.9 2470s
 5544560 3105528   88.27087   49   43  208.00000   76.00000  63.5%   7.9 2479s
 5544577 3106366   76.00000   47   46  208.00000   76.00000  63.5%   7.9 2480s
 5555523 3112272  173.00000   71   25  208.00000   76.00000  63.5%   7.9 2485s
 5565066 3118365  164.00000   68   33  208.00000   76.00000  63.5%   7.9 2490s
 5577850 3124759   90.35273   55   50  208.00000   76.00000  63.5%   7.9 2495s
 5583872 3130284  184.00000   85   23  208.00000   76.00000  63.5%   7.9 2500s
 5595692 3134664 infeasible   73       208.00000   76.00000  63.5%   7.9 2505s
 5600203 3136488  108.00000   62   40  208.00000   76.00000  63.5%   7.9 2514s
 5600220 3137164  115.00000   63   38  208.00000   76.00000  63.5%   7.9 2515s
 5602458 3137860   96.14022   47   40  208.00000   76.00000  63.5%   7.9 2523s
 5603742 3140716  155.00000   88   26  208.00000   76.00000  63.5%   7.9 2526s
 5613658 3145180  101.00000   58   42  208.00000   76.00000  63.5%   7.9 2530s
 5624084 3150935  202.07282   77   20  208.00000   76.00000  63.5%   7.9 2535s
 5630493 3155719   76.00000   58   48  208.00000   76.00000  63.5%   7.9 2540s
 5641211 3160043  182.00000   72   36  208.00000   76.00000  63.5%   7.9 2551s
 5644514 3163655 infeasible   80       208.00000   76.00000  63.5%   7.9 2555s
 5652537 3168253  162.00000   79   27  208.00000   76.00000  63.5%   7.9 2560s
 5663179 3174157  120.00000   55   35  208.00000   76.00000  63.5%   7.9 2565s
 5670996 3179598  162.00000   76   28  208.00000   76.00000  63.5%   7.9 2570s
 5682451 3183656 infeasible   83       208.00000   76.00000  63.5%   7.9 2575s
 5691022 3187637   89.00000   52   57  208.00000   76.00000  63.5%   7.9 2586s
 5691044 3197163   90.00000   53   57  208.00000   76.00000  63.5%   7.9 2599s
 5700053 3197163  161.00000   72   28  208.00000   76.00000  63.5%   7.9 2601s
 5707060 3200749  169.00000   88   30  208.00000   76.00000  63.5%   7.9 2605s
 5720452 3204327   92.92308   52   44  208.00000   76.00000  63.5%   7.9 2617s
 5720468 3204340   92.92308   53   48  208.00000   76.00000  63.5%   7.9 2625s
 5731652 3212035  106.00000   60   41  208.00000   76.00000  63.5%   7.9 2631s
 5741010 3217072  179.00000   66   29  208.00000   76.00000  63.5%   7.9 2635s
 5753664 3224479  104.24602   63   40  208.00000   76.00000  63.5%   7.9 2640s
 5763047 3228819  195.14979   94   28  208.00000   76.00000  63.5%   7.9 2645s
 5773002 3235693  171.00000   82   25  208.00000   76.00000  63.5%   7.9 2650s
 5776267 3235700 infeasible   81       208.00000   76.00000  63.5%   7.9 2658s
 5777343 3237097 infeasible   80       208.00000   76.00000  63.5%   7.9 2660s
 5785789 3241834  186.00000   72   27  208.00000   76.00000  63.5%   7.9 2665s
 5794622 3248005  160.00000  104   20  208.00000   76.00000  63.5%   7.9 2670s
 5802938 3252871   95.00000   51   46  208.00000   76.00000  63.5%   7.9 2675s
 5816500 3258224  189.07198   79   25  208.00000   76.00000  63.5%   7.9 2683s
 5818122 3260594  178.08579   56   33  208.00000   76.00000  63.5%   7.9 2685s
 5828785 3266781  129.39259   60   35  208.00000   76.00000  63.5%   7.9 2691s
 5835764 3269030  184.00000   84   24  208.00000   76.00000  63.5%   7.9 2701s
 5840505 3273727   83.14384   55   44  208.00000   76.00000  63.5%   7.9 2705s
 5851315 3279816  180.09303  109   19  208.00000   76.00000  63.5%   7.9 2711s
 5857478 3283681  201.00000   85   21  208.00000   76.00000  63.5%   7.9 2715s
 5860570 3283861  114.00000   60   37  208.00000   76.00000  63.5%   7.9 2720s
 5866670 3289898   91.11082   46   50  208.00000   76.00000  63.5%   7.9 2726s
 5877507 3294386 infeasible   84       208.00000   76.00000  63.5%   7.9 2730s
 5887335 3300284   92.00000   61   46  208.00000   76.00000  63.5%   7.9 2736s
 5890200 3300294   82.42126   62   48  208.00000   76.00000  63.5%   7.9 2744s
 5890217 3300761   82.42126   63   46  208.00000   76.00000  63.5%   7.9 2745s
 5896253 3306767  155.00000   85   29  208.00000   76.00000  63.5%   7.9 2750s
 5901075 3306777  204.00000   77   15  208.00000   76.00000  63.5%   7.9 2760s
 5905558 3311160  146.00000   53   35  208.00000   76.00000  63.5%   7.9 2765s
 5913648 3315466   92.40869   64   43  208.00000   76.00000  63.5%   7.9 2770s
 5916581 3315777  127.00000   65   32  208.00000   76.00000  63.5%   7.9 2777s
 5918554 3317308   97.00000   55   49  208.00000   76.00000  63.5%   7.9 2780s
 5927406 3322186   91.00000   57   45  208.00000   76.00000  63.5%   7.9 2785s
 5937253 3328331  140.01031   71   36  208.00000   76.00000  63.5%   7.9 2791s
 5945676 3332610  181.00000   64   29  208.00000   76.00000  63.5%   7.9 2795s
 5957697 3339646  160.00000   68   28  208.00000   76.00000  63.5%   7.9 2801s
 5966787 3344942  190.08579   85   27  208.00000   76.00000  63.5%   7.9 2805s
 5976435 3353168   76.13952   48   49  208.00000   76.00000  63.5%   7.9 2812s
 5983320 3353249  201.00000   89   27  208.00000   76.00000  63.5%   7.9 2820s
 5989736 3359029   89.00000   49   41  208.00000   76.00000  63.5%   7.9 2825s
 5998631 3364901  197.00000   86   22  208.00000   76.00000  63.5%   7.9 2830s
 6011426 3370877 infeasible   52       208.00000   76.00000  63.5%   7.9 2835s
 6019405 3377324  155.00000   67   31  208.00000   76.00000  63.5%   7.9 2841s
 6029243 3378874  188.00000  110   18  208.00000   76.00000  63.5%   7.9 2851s
 6029960 3379251   78.00000   47   51  208.00000   76.00000  63.5%   7.9 2859s
 6030996 3380524 infeasible   74       208.00000   76.00000  63.5%   7.9 2860s
 6038262 3385508  112.08579   58   39  208.00000   76.00000  63.5%   7.9 2865s
 6048901 3390644   97.00000   75   39  208.00000   76.00000  63.5%   7.9 2870s
 6059232 3396881  204.06392   75   27  208.00000   76.00000  63.5%   7.9 2875s
 6069027 3402456  134.00000   57   44  208.00000   76.00000  63.5%   7.9 2880s
 6078132 3406601  183.00000   72   29  208.00000   76.00000  63.5%   7.9 2893s
 6079158 3407097  206.05025   77   23  208.00000   76.00000  63.5%   7.9 2904s
 6079178 3407835 infeasible   78       208.00000   76.00000  63.5%   7.9 2905s
 6088691 3413591  166.00000   95   38  208.00000   76.00000  63.5%   7.9 2911s
 6095634 3417470   96.00000   53   42  208.00000   76.00000  63.5%   7.9 2915s
 6105181 3424442   93.03183   48   43  208.00000   76.00000  63.5%   7.9 2921s
 6114135 3429114  147.89158   79   30  208.00000   76.00000  63.5%   7.9 2925s
 6121673 3431811  201.00000   83   25  208.00000   76.00000  63.5%   7.9 2936s
 6128160 3437793 infeasible   79       208.00000   76.00000  63.5%   7.9 2941s
 6136851 3442935  163.00000   72   28  208.00000   76.00000  63.5%   7.9 2945s
 6147649 3448522  130.18650   58   35  208.00000   76.00000  63.5%   7.9 2950s
 6158123 3453578  204.00000   86   17  208.00000   76.00000  63.5%   7.9 2955s
 6166439 3459557  100.00000   55   42  208.00000   76.00000  63.5%   7.9 2960s
 6172594 3461614  159.00000   76   27  208.00000   76.00000  63.5%   7.9 2970s
 6176897 3466852  127.29635   58   33  208.00000   76.00000  63.5%   7.9 2975s
 6187918 3472045  121.44442   66   34  208.00000   76.00000  63.5%   7.9 2980s
 6198383 3478985   91.97541   51   42  208.00000   76.00000  63.5%   7.9 2986s
 6208946 3483304  130.00000   72   30  208.00000   76.00000  63.5%   7.9 2990s
 6219108 3490455  188.00000   79   26  208.00000   76.00000  63.5%   7.9 2995s
 6225764 3492192   77.00000   56   49  208.00000   76.00000  63.5%   7.9 3005s
 6232866 3497915  165.00000   67   38  208.00000   76.00000  63.5%   7.9 3010s
 6243128 3505034  158.00000   85   27  208.00000   76.00000  63.5%   7.9 3015s
 6253229 3509704  202.60000   73   26  208.00000   76.00000  63.5%   7.9 3020s
 6262101 3513730   80.06260   48   50  208.00000   76.00000  63.5%   7.9 3025s
 6263266 3513738  195.00000   79   20  208.00000   76.00000  63.5%   7.9 3034s
 6263288 3513748 infeasible   80       208.00000   76.00000  63.5%   7.9 3041s
 6265385 3516506  174.00000   66   24  208.00000   76.00000  63.5%   7.9 3045s
 6276996 3524075   93.44628   50   47  208.00000   76.00000  63.5%   7.9 3052s
 6284636 3527939  114.00000   57   40  208.00000   76.00000  63.5%   7.9 3056s
 6292946 3532215  132.00000   76   31  208.00000   76.00000  63.5%   7.9 3060s
 6303694 3538688   99.07235   59   42  208.00000   76.00000  63.5%   7.9 3066s
 6307227 3538697   99.00000   51   44  208.00000   76.00000  63.5%   7.9 3076s
 6307247 3548172   99.00000   52   45  208.00000   76.00000  63.5%   7.9 3087s
 6323263 3551983  193.00000  116   19  208.00000   76.00000  63.5%   7.9 3093s
 6329800 3554338  139.09865   68   34  208.00000   76.00000  63.5%   7.9 3095s
 6341896 3560475  153.00000   68   31  208.00000   76.00000  63.5%   7.9 3101s
 6349394 3564540  182.00000   69   29  208.00000   76.00000  63.5%   7.9 3105s
 6360572 3571187  182.07026   72   27  208.00000   76.00000  63.5%   7.9 3110s
 6366348 3572637  195.00000   75   24  208.00000   76.00000  63.5%   7.9 3120s
 6373214 3578966  202.00000   74   22  208.00000   76.00000  63.5%   7.9 3125s
 6384967 3584640  164.00000   70   36  208.00000   76.00000  63.5%   7.9 3130s
 6393948 3590669  155.95202   66   33  208.00000   76.00000  63.5%   7.9 3136s
 6404063 3595642  119.63967   61   46  208.00000   76.00000  63.5%   7.9 3141s
 6411167 3599900   91.00000   57   42  208.00000   76.00000  63.5%   7.9 3145s
 6418031 3605449   80.11429   45   52  208.00000   76.00000  63.5%   7.9 3150s
 6427309 3607921   88.18182   58   42  208.00000   76.00000  63.5%   7.9 3162s
 6431681 3612317  180.78571  100   25  208.00000   76.00000  63.5%   7.9 3166s
 6435781 3613019  115.82353   55   41  208.00000   76.00000  63.5%   7.9 3180s
 6442093 3617313  198.00000   78   28  208.00000   76.00000  63.5%   7.9 3185s
 6449952 3622924  204.00000   67   24  208.00000   76.00000  63.5%   7.9 3190s
 6459225 3629126   99.00887   57   46  208.00000   76.00000  63.5%   7.9 3196s
 6465663 3630450  100.00000   56   48  208.00000   76.00000  63.5%   7.9 3207s
 6467483 3632518   94.07178   57   46  208.00000   76.00000  63.5%   7.9 3210s
 6475657 3638108   76.48627   51   49  208.00000   76.00000  63.5%   7.9 3215s
 6482196 3643117  107.05714   51   41  208.00000   76.00000  63.5%   7.9 3220s
 6493233 3647404  183.00000   81   24  208.00000   76.00000  63.5%   7.9 3225s
 6500703 3652874  106.28859   58   39  208.00000   76.00000  63.5%   7.9 3230s
 6509184 3657284   76.23515   56   48  208.00000   76.00000  63.5%   7.9 3235s
 6518419 3662585  201.00000   83   29  208.00000   76.00000  63.5%   7.9 3240s
 6522164 3663213  190.00000   73   25  208.00000   76.00000  63.5%   7.9 3251s
 6525588 3666172   76.00000   46   47  208.00000   76.00000  63.5%   7.9 3255s
 6532904 3671740 infeasible   53       208.00000   76.00000  63.5%   7.9 3260s
 6543890 3677598  114.16327   64   37  208.00000   76.00000  63.5%   7.9 3266s
 6548325 3682165  186.00000   75   29  208.00000   76.00000  63.5%   7.9 3271s
 6560408 3685832  134.35911   73   34  208.00000   76.00000  63.5%   7.9 3276s
 6568658 3690597   86.61167   59   46  208.00000   76.00000  63.5%   7.9 3281s
 6576976 3695183  195.00000   70   27  208.00000   76.00000  63.5%   7.9 3286s
 6584560 3699769   95.00000   55   43  208.00000   76.00000  63.5%   7.9 3290s
 6585906 3699778  175.00000   65   28  208.00000   76.00000  63.5%   7.9 3302s
 6587832 3701553  182.00000   79   25  208.00000   76.00000  63.5%   7.9 3305s
 6596080 3707002  174.00000   69   25  208.00000   76.00000  63.5%   7.9 3311s
 6602998 3711746  104.00000   63   41  208.00000   76.00000  63.5%   7.9 3315s
 6613578 3716353 infeasible   65       208.00000   76.00000  63.5%   7.9 3320s
 6621266 3720760  114.00000   64   39  208.00000   76.00000  63.5%   7.9 3325s
 6629155 3726515  168.00000   93   17  208.00000   76.00000  63.5%   7.9 3330s
 6637363 3731117  196.00000   73   24  208.00000   76.00000  63.5%   7.9 3335s
 6646384 3736294  110.00000   56   43  208.00000   76.00000  63.5%   7.9 3340s
 6652886 3741056 infeasible   80       208.00000   76.00000  63.5%   7.9 3345s
 6657679 3741056 infeasible   96       208.00000   76.00000  63.5%   7.9 3358s
 6657709 3741064   77.00000   47   47  208.00000   76.00000  63.5%   7.9 3369s
 6658561 3742159  119.00000   56   39  208.00000   76.00000  63.5%   7.9 3370s
 6663022 3745279   77.00000   43   47  208.00000   76.00000  63.5%   7.9 3375s
 6671493 3750063  149.00000   82   28  208.00000   76.00000  63.5%   7.9 3380s
 6680264 3754607  143.00000   80   33  208.00000   76.00000  63.5%   7.9 3386s
 6687460 3758474  109.00000   66   47  208.00000   76.00000  63.5%   7.9 3390s
 6695641 3764473  127.00000   67   34  208.00000   76.00000  63.5%   7.9 3396s
 6703842 3769118 infeasible   94       208.00000   76.00000  63.5%   7.9 3401s
 6706938 3769132   76.00000   50   49  208.00000   76.00000  63.5%   7.9 3410s
 6715267 3775810   98.00000   63   41  208.00000   76.00000  63.5%   7.9 3416s
 6723921 3778949  161.03584   77   31  208.00000   76.00000  63.5%   7.9 3420s
 6732613 3784709  191.00000   71   19  208.00000   76.00000  63.5%   7.9 3425s
 6743175 3789827 infeasible   80       208.00000   76.00000  63.5%   7.9 3431s
 6751010 3794396  121.00000   62   39  208.00000   76.00000  63.5%   7.9 3436s
 6759852 3798348  190.00000   99   26  208.00000   76.00000  63.5%   7.9 3449s
 6759872 3798783 infeasible  100       208.00000   76.00000  63.5%   7.9 3450s
 6767567 3805695  189.00000   71   30  208.00000   76.00000  63.5%   7.9 3457s
 6776565 3809474  138.00000   84   28  208.00000   76.00000  63.5%   7.9 3461s
 6783794 3813714   95.10084   60   40  208.00000   76.00000  63.5%   7.9 3465s
 6793177 3819539  199.00000  102   22  208.00000   76.00000  63.5%   7.9 3471s
 6802223 3823035  150.08579   81   30  208.00000   76.00000  63.5%   7.9 3475s
 6813539 3828521  202.04717   96   24  208.00000   76.00000  63.5%   7.9 3489s
 6813557 3829081 infeasible   97       208.00000   76.00000  63.5%   7.9 3490s
 6820818 3834672 infeasible   72       208.00000   76.00000  63.5%   7.9 3496s
 6824285 3834685   76.00000   52   47  208.00000   76.00000  63.5%   7.9 3507s
 6826767 3836896  129.05128   59   36  208.00000   76.00000  63.5%   7.9 3510s
 6833771 3843011   84.00000   55   45  208.00000   76.00000  63.5%   7.9 3515s
 6843084 3845362  106.00000   48   37  208.00000   76.00000  63.5%   7.9 3528s
 6843927 3846847   97.00000   48   44  208.00000   76.00000  63.5%   7.9 3530s
 6853382 3853716 infeasible   88       208.00000   76.00000  63.5%   7.9 3536s
 6860651 3857240  102.00000   53   40  208.00000   76.00000  63.5%   7.9 3540s
 6869422 3862200  128.00000   72   34  208.00000   76.00000  63.5%   7.9 3545s
 6880359 3867044   99.00000   65   39  208.00000   76.00000  63.5%   7.9 3550s
 6889789 3872249  168.00000   71   34  208.00000   76.00000  63.5%   7.9 3555s
 6898305 3876419  132.00000   64   30  208.00000   76.00000  63.5%   7.9 3569s
 6898321 3877528  132.00000   65   30  208.00000   76.00000  63.5%   7.9 3571s
 6906332 3883322  164.00000   67   32  208.00000   76.00000  63.5%   7.9 3576s
 6913946 3885891 infeasible   74       208.00000   76.00000  63.5%   7.9 3580s
 6923699 3891418  147.00000   66   28  208.00000   76.00000  63.5%   7.9 3585s
 6931709 3896457  176.00000   64   24  208.00000   76.00000  63.5%   7.9 3590s
 6941142 3901371  114.36016   56   47  208.00000   76.00000  63.5%   7.9 3595s
 6950720 3905942 infeasible   69       208.00000   76.00000  63.5%   7.9 3600s

Cutting planes:
  Learned: 2
  Gomory: 2
  Projected implied bound: 1
  MIR: 3
  Flow cover: 8

Explored 6951313 nodes (55211446 simplex iterations) in 3600.10 seconds (430.47 work units)
Thread count was 16 (of 16 available processors)

Solution count 10: 208 211 214 ... 227

Time limit reached
Best objective 2.080000000000e+02, best bound 7.600000000000e+01, gap 63.4615%
Warning: constraint name "precedence between 0,2 to 0,0 if x_[j,l,h,z,i]=1" has a space
Warning: constraint name "precedence between 0,2 to 0,0 if x_[j,l,h,z,i]=1" has a space
Warning: default constraint names used to write mps file
