
Gurobi 10.0.1 (win64) logging started Sat Sep  9 02:42:07 2023

Set parameter LogFile to value "results-heuristic-start//log/BA_14_deadline.log"
Gurobi Optimizer version 10.0.1 build v10.0.1rc0 (win64)

CPU model: AMD Ryzen 7 3700X 8-Core Processor, instruction set [SSE2|AVX|AVX2]
Thread count: 8 physical cores, 16 logical processors, using up to 16 threads

Optimize a model with 838 rows, 589 columns and 3472 nonzeros
Model fingerprint: 0x9f0593e3
Model has 1 quadratic constraint
Variable types: 63 continuous, 526 integer (525 binary)
Coefficient statistics:
  Matrix range     [1e+00, 1e+06]
  QMatrix range    [1e+00, 1e+00]
  QLMatrix range   [1e+00, 1e+01]
  Objective range  [1e+00, 1e+00]
  Bounds range     [1e+00, 1e+00]
  RHS range        [1e+00, 3e+06]

Warning: Completing partial solution with 505 unfixed non-continuous variables out of 526
User MIP start produced solution with objective 1252 (0.00s)
Loaded user MIP start with objective 1252

Presolve removed 85 rows and 237 columns
Presolve time: 0.00s
Presolved: 775 rows, 373 columns, 3464 nonzeros
Variable types: 84 continuous, 289 integer (288 binary)

Root relaxation: objective 0.000000e+00, 92 iterations, 0.00 seconds (0.00 work units)

    Nodes    |    Current Node    |     Objective Bounds      |     Work
 Expl Unexpl |  Obj  Depth IntInf | Incumbent    BestBd   Gap | It/Node Time

     0     0    0.00000    0    3 1252.00000    0.00000   100%     -    0s
H    0     0                     111.0000000    0.00000   100%     -    0s
H    0     0                     110.0000000    0.00000   100%     -    0s
     0     0    0.00000    0   13  110.00000    0.00000   100%     -    0s
H    0     0                     104.0000000    0.00000   100%     -    0s
     0     0    0.00000    0   16  104.00000    0.00000   100%     -    0s
     0     0    0.00000    0    5  104.00000    0.00000   100%     -    0s
H    0     0                     100.0000000    0.00000   100%     -    0s
     0     0    0.00000    0   13  100.00000    0.00000   100%     -    0s
     0     0    0.00000    0   13  100.00000    0.00000   100%     -    0s
H    0     0                      86.0000000    0.00000   100%     -    0s
     0     0    0.00000    0    6   86.00000    0.00000   100%     -    0s
     0     0    0.00000    0    8   86.00000    0.00000   100%     -    0s
     0     0    0.00000    0    3   86.00000    0.00000   100%     -    0s
     0     0    0.00000    0    3   86.00000    0.00000   100%     -    0s
     0     2    0.00000    0    3   86.00000    0.00000   100%     -    0s
H   35    36                      80.0000000    0.00000   100%  40.7    0s
H   99    99                      78.0000000    0.00000   100%  22.4    0s
H  107    99                      76.0000000    0.00000   100%  21.7    0s
H  239   225                      63.0000000    0.00000   100%  13.2    0s
H  433   409                      59.0000000    0.00000   100%  10.3    0s
H  816   644                      55.0000000    0.00000   100%   8.9    0s
H 1624   890                      53.0000000    8.00000  84.9%   8.2    1s
  1981  1382    9.00000   50   20   53.00000    8.00000  84.9%  18.6    5s
H 2089  1299                      50.0000000    8.00000  84.0%  18.8    5s
H 2127  1242                      44.0000000    8.00000  81.8%  18.7    5s
 29888 12688   41.00000   58   13   44.00000    8.00000  81.8%  13.5   10s
 55946 22862   24.50000   64   17   44.00000    8.00000  81.8%  13.6   15s
 82694 32045   11.80000   54   18   44.00000    8.00000  81.8%  13.7   20s
 126584 48712   32.00000   61   20   44.00000    8.00000  81.8%  13.9   25s
H150757 55994                      43.0000000    8.00000  81.4%  14.0   28s
 160759 59427 infeasible   48        43.00000    8.00000  81.4%  14.0   30s
 179496 65815   27.00000   63   13   43.00000    8.00000  81.4%  14.1   35s
 209101 76440   36.73684   64   14   43.00000    8.00000  81.4%  14.1   40s
 254751 90383 infeasible   70        43.00000    9.00000  79.1%  14.1   45s
 298287 102058 infeasible   72        43.00000   10.00000  76.7%  14.0   50s
 340843 114108   27.41303   53   20   43.00000   10.00000  76.7%  14.1   55s
 381806 125500 infeasible   68        43.00000   11.00000  74.4%  14.1   60s
 427755 137328   34.00000   57   13   43.00000   11.00000  74.4%  14.0   65s
 479811 151752 infeasible   72        43.00000   12.00000  72.1%  13.8   70s
 534038 165399 infeasible   69        43.00000   12.00000  72.1%  13.5   75s
 585786 178781   42.00000   68    8   43.00000   13.00000  69.8%  13.3   80s
*606238 180813              74      42.0000000   13.00000  69.0%  13.1   81s
 637938 187660   22.00000   57   15   42.00000   13.00000  69.0%  13.1   85s
 686661 197832   30.00000   60   13   42.00000   13.00000  69.0%  13.0   90s
 734759 208258 infeasible   68        42.00000   14.00000  66.7%  12.9   95s
 784873 219991 infeasible   60        42.00000   14.00000  66.7%  12.7  100s
 830517 229683 infeasible   65        42.00000   14.00000  66.7%  12.7  105s
 876516 238192   34.00000   67   14   42.00000   14.00000  66.7%  12.7  110s
 925027 248630 infeasible   66        42.00000   15.00000  64.3%  12.6  115s
H951411 247482                      41.0000000   15.00000  63.4%  12.5  118s
 961448 249370   29.00000   69   12   41.00000   15.00000  63.4%  12.5  120s
 1005308 256648   38.00000   61   16   41.00000   15.00000  63.4%  12.6  125s
 1053051 264687   17.00000   52   21   41.00000   16.00000  61.0%  12.6  130s
 1108578 275499 infeasible   62        41.00000   16.00000  61.0%  12.5  135s
 1158838 284078   36.00000   70   15   41.00000   16.00000  61.0%  12.5  140s
 1210346 292895   30.00000   73   15   41.00000   16.00000  61.0%  12.5  145s
 1268744 303706   36.00000   57   13   41.00000   17.00000  58.5%  12.4  150s
 1323084 313389 infeasible   71        41.00000   17.00000  58.5%  12.3  155s
 1377501 321908   27.00000   63   15   41.00000   17.00000  58.5%  12.3  160s
 1435029 330133 infeasible   75        41.00000   17.00000  58.5%  12.4  165s
 1490048 339577   32.00000   67   11   41.00000   17.71429  56.8%  12.3  170s
 1547130 348949 infeasible   81        41.00000   18.00000  56.1%  12.3  175s
 1601684 356320   40.00000   71   10   41.00000   18.00000  56.1%  12.3  180s
 1653825 362958   34.00000   72   17   41.00000   18.00000  56.1%  12.3  185s
 1707771 369911 infeasible   64        41.00000   18.00000  56.1%  12.3  190s
 1763488 378694 infeasible   63        41.00000   19.00000  53.7%  12.3  195s
 1819400 386432   31.00000   62   15   41.00000   19.00000  53.7%  12.3  200s
 1866892 392275 infeasible   69        41.00000   19.00000  53.7%  12.3  205s
 1921972 399100   27.00000   56   13   41.00000   19.00000  53.7%  12.3  210s
 1975569 405479   28.00000   63   18   41.00000   19.00000  53.7%  12.3  215s
 2029877 411467 infeasible   66        41.00000   19.00000  53.7%  12.3  220s
 2085372 417990 infeasible   65        41.00000   20.00000  51.2%  12.3  225s
 2133566 423032   25.00000   73   14   41.00000   20.00000  51.2%  12.3  230s
 2184781 428915   20.00000   71   12   41.00000   20.00000  51.2%  12.2  235s
 2243211 434410 infeasible   75        41.00000   20.00000  51.2%  12.2  240s
 2297699 439350 infeasible   66        41.00000   20.00000  51.2%  12.2  245s
 2351075 444407   39.30000   72   14   41.00000   20.00000  51.2%  12.2  250s
 2408145 449612 infeasible   61        41.00000   20.00000  51.2%  12.2  255s
 2464754 455338   29.00000   68   12   41.00000   21.00000  48.8%  12.2  260s
 2523242 461554 infeasible   74        41.00000   21.00000  48.8%  12.2  265s
 2582030 467476 infeasible   68        41.00000   21.00000  48.8%  12.1  270s
 2622266 471152 infeasible   74        41.00000   21.00000  48.8%  12.1  275s
 2668349 475045   29.00000   60   17   41.00000   21.00000  48.8%  12.1  280s
 2715282 478806   37.00000   65   12   41.00000   21.00000  48.8%  12.1  285s
 2749467 481320 infeasible   72        41.00000   21.00000  48.8%  12.1  290s
 2794960 485496 infeasible   59        41.00000   21.00000  48.8%  12.2  295s
 2842164 489493   37.00000   61   13   41.00000   21.96429  46.4%  12.1  300s
 2889575 494147 infeasible   73        41.00000   22.00000  46.3%  12.1  305s
 2940024 498896   26.38806   63   19   41.00000   22.00000  46.3%  12.1  310s
 2974454 501726   38.30000   70   14   41.00000   22.00000  46.3%  12.1  315s
 3008666 504614 infeasible   68        41.00000   22.00000  46.3%  12.0  320s
 3058979 507985   22.00000   59   16   41.00000   22.00000  46.3%  12.0  325s
 3106410 511434 infeasible   74        41.00000   22.00000  46.3%  12.0  330s
 3147573 514402   23.00000   69   11   41.00000   22.00000  46.3%  12.0  335s
 3197350 517772   36.00000   65   11   41.00000   22.00000  46.3%  12.1  340s
 3245457 521147   25.00000   50   17   41.00000   22.00000  46.3%  12.1  345s
 3309308 525943 infeasible   62        41.00000   22.00000  46.3%  12.0  350s
 3373710 531115   23.13333   73   21   41.00000   23.00000  43.9%  12.0  355s
 3424012 535040   27.00000   67   11   41.00000   23.00000  43.9%  12.0  360s
 3489063 539124   31.00000   66   10   41.00000   23.00000  43.9%  12.0  365s
 3538753 541323 infeasible   65        41.00000   23.00000  43.9%  12.0  370s
 3603964 544080   38.00000   62   15   41.00000   23.00000  43.9%  12.0  375s
 3656956 547285   23.00000   57   17   41.00000   23.00000  43.9%  12.0  380s
 3721428 550467   37.00000   75   13   41.00000   23.00000  43.9%  12.0  385s
 3773825 553933 infeasible   75        41.00000   23.00000  43.9%  12.0  390s
 3831188 558150 infeasible   72        41.00000   24.00000  41.5%  11.9  395s
 3899461 562338 infeasible   72        41.00000   24.00000  41.5%  11.9  400s
 3964252 566079   39.00000   68   11   41.00000   24.00000  41.5%  11.9  405s
 4020953 568456   30.00000   72   10   41.00000   24.00000  41.5%  11.9  410s
 4087640 571296 infeasible   64        41.00000   24.00000  41.5%  11.9  415s
 4154546 573869   38.00000   70   11   41.00000   24.00000  41.5%  11.9  420s
 4203236 577335   36.24000   65   12   41.00000   24.00000  41.5%  11.9  425s
 4249006 578499   38.00000   69   16   41.00000   24.00000  41.5%  11.9  430s
 4302853 581681 infeasible   69        41.00000   24.00000  41.5%  11.9  435s
 4364405 584564   24.00000   61   17   41.00000   24.00000  41.5%  11.9  440s
 4419828 587205   30.00000   66   12   41.00000   25.00000  39.0%  11.9  445s
 4470152 588528   35.00000   73   12   41.00000   25.00000  39.0%  11.8  450s
 4527591 590481   25.00000   63   14   41.00000   25.00000  39.0%  11.8  455s
 4591612 592353 infeasible   86        41.00000   25.00000  39.0%  11.8  460s
 4640905 592916   30.00000   73   16   41.00000   25.00000  39.0%  11.8  465s
 4704297 593918   26.00000   72   12   41.00000   25.00000  39.0%  11.8  470s
 4743055 594605   33.00000   70   11   41.00000   25.00000  39.0%  11.8  475s
 4805601 595842   33.00000   72   14   41.00000   25.00000  39.0%  11.8  480s
 4853587 596777 infeasible   68        41.00000   25.00000  39.0%  11.8  485s
 4914954 597802 infeasible   67        41.00000   25.00000  39.0%  11.8  490s
 4976901 599583   30.00000   62   13   41.00000   26.00000  36.6%  11.8  495s
 5027924 600926 infeasible   61        41.00000   26.00000  36.6%  11.8  500s
 5088829 602600   28.00000   63   14   41.00000   26.00000  36.6%  11.8  505s
 5150493 603792   26.00000   66   15   41.00000   26.00000  36.6%  11.7  510s
 5211355 604056 infeasible   75        41.00000   26.00000  36.6%  11.7  515s
 5261149 604042   39.00000   69   11   41.00000   26.00000  36.6%  11.7  520s
 5323890 604177 infeasible   69        41.00000   26.00000  36.6%  11.7  525s
 5372714 604522   35.00000   60   14   41.00000   26.00000  36.6%  11.7  530s
 5418955 605385   40.00000   66   13   41.00000   26.00000  36.6%  11.7  535s
 5480251 606030 infeasible   67        41.00000   26.00000  36.6%  11.7  540s
 5524307 606503   40.00000   74   11   41.00000   26.00000  36.6%  11.7  545s
 5590732 607619 infeasible   64        41.00000   26.38000  35.7%  11.7  550s
 5651626 608968 infeasible   63        41.00000   27.00000  34.1%  11.7  555s
 5693222 609069 infeasible   69        41.00000   27.00000  34.1%  11.7  560s
 5744446 610231 infeasible   71        41.00000   27.00000  34.1%  11.7  565s
 5804958 611101 infeasible   78        41.00000   27.00000  34.1%  11.7  570s
 5863063 610640   27.00000   60   14   41.00000   27.00000  34.1%  11.6  575s
 5909364 609867 infeasible   71        41.00000   27.00000  34.1%  11.6  580s
 5970549 608774   35.00000   70    9   41.00000   27.00000  34.1%  11.6  585s
 6027966 608965   35.00000   63   15   41.00000   27.00000  34.1%  11.7  590s
 6075524 609436 infeasible   68        41.00000   27.00000  34.1%  11.7  595s
 6134064 609953   34.00000   73   18   41.00000   27.00000  34.1%  11.7  600s
 6181978 610586   36.09091   66   12   41.00000   27.00000  34.1%  11.7  605s
 6236863 611155 infeasible   68        41.00000   27.00000  34.1%  11.7  610s
 6295483 611868   38.00000   72    7   41.00000   28.00000  31.7%  11.6  615s
 6349007 612355   30.00000   69   10   41.00000   28.00000  31.7%  11.6  620s
 6386968 612048   35.00000   71   11   41.00000   28.00000  31.7%  11.6  625s
 6446544 612552 infeasible   71        41.00000   28.00000  31.7%  11.6  630s
 6503319 613632   39.00000   63   12   41.00000   28.00000  31.7%  11.6  635s
 6550951 612503   37.00000   69    8   41.00000   28.00000  31.7%  11.6  640s
 6598807 610400   30.00000   65   12   41.00000   28.00000  31.7%  11.6  645s
 6641430 608903 infeasible   72        41.00000   28.00000  31.7%  11.6  650s
 6676709 608066 infeasible   69        41.00000   28.00000  31.7%  11.6  655s
 6719201 607172 infeasible   62        41.00000   28.00000  31.7%  11.6  660s
 6749929 607008 infeasible   67        41.00000   28.00000  31.7%  11.6  665s
 6783264 606747 infeasible   66        41.00000   28.00000  31.7%  11.6  670s
 6829541 606811   29.21212   71   16   41.00000   28.00000  31.7%  11.6  675s
 6875373 606235   37.00000   71   10   41.00000   28.00000  31.7%  11.6  680s
 6919605 605507 infeasible   69        41.00000   28.00000  31.7%  11.6  685s
 6957532 604935   33.00000   72   12   41.00000   28.09375  31.5%  11.5  690s
 6987863 604336   38.00000   74   11   41.00000   29.00000  29.3%  11.5  695s
 7026473 603757   29.00000   84    8   41.00000   29.00000  29.3%  11.5  700s
 7068410 602258   29.00000   62   13   41.00000   29.00000  29.3%  11.5  705s
 7113511 601228 infeasible   73        41.00000   29.00000  29.3%  11.5  710s
 7156338 600196 infeasible   78        41.00000   29.00000  29.3%  11.5  715s
 7192866 598672   38.00000   68    9   41.00000   29.00000  29.3%  11.5  720s
 7239179 596637   33.00000   58   13   41.00000   29.00000  29.3%  11.5  725s
 7284682 594424   34.00000   59   10   41.00000   29.00000  29.3%  11.5  730s
 7332516 592861   30.00000   66   16   41.00000   29.00000  29.3%  11.5  735s
 7377682 591050   38.00000   71   17   41.00000   29.00000  29.3%  11.5  740s
 7415372 589665 infeasible   71        41.00000   29.00000  29.3%  11.5  745s
 7460330 588204   32.00000   77    6   41.00000   29.00000  29.3%  11.5  750s
 7505052 587072 infeasible   68        41.00000   29.00000  29.3%  11.5  755s
 7552073 585790 infeasible   55        41.00000   29.00000  29.3%  11.5  760s
 7587041 584335   39.00000   67   10   41.00000   29.00000  29.3%  11.5  765s
 7634293 582871 infeasible   58        41.00000   30.00000  26.8%  11.5  770s
 7677552 582901 infeasible   64        41.00000   30.00000  26.8%  11.5  775s
 7716986 581507   30.00000   53   15   41.00000   30.00000  26.8%  11.5  780s
 7767498 579986 infeasible   62        41.00000   30.00000  26.8%  11.4  785s
 7813454 579101 infeasible   65        41.00000   30.00000  26.8%  11.4  790s
 7856880 577144   33.00000   74   11   41.00000   30.00000  26.8%  11.4  795s
 7902031 574399   37.00000   59   13   41.00000   30.00000  26.8%  11.4  800s
 7949813 570908   39.00000   67   10   41.00000   30.00000  26.8%  11.4  805s
 7995230 568918   31.00000   65   13   41.00000   30.00000  26.8%  11.4  810s
 8028628 567163     cutoff   71        41.00000   30.00000  26.8%  11.4  815s
 8076341 565252 infeasible   68        41.00000   30.00000  26.8%  11.4  820s
 8126352 563993 infeasible   74        41.00000   30.00000  26.8%  11.4  825s
 8169254 562885 infeasible   61        41.00000   30.00000  26.8%  11.4  830s
 8204515 562091   31.00000   66   10   41.00000   30.00000  26.8%  11.4  835s
 8241518 561080 infeasible   69        41.00000   30.00000  26.8%  11.4  840s
 8286787 559942 infeasible   67        41.00000   30.00000  26.8%  11.4  845s
 8326180 558170 infeasible   72        41.00000   30.00000  26.8%  11.4  850s
 8359644 556579   34.00000   74   13   41.00000   30.20000  26.3%  11.4  855s
 8406001 554499   38.00000   66   15   41.00000   31.00000  24.4%  11.4  860s
 8440531 552127   35.00000   70   11   41.00000   31.00000  24.4%  11.4  865s
 8488741 549386   39.00000   66    9   41.00000   31.00000  24.4%  11.4  870s
 8537190 547239   39.22785   63   13   41.00000   31.00000  24.4%  11.4  875s
 8583435 543939 infeasible   70        41.00000   31.00000  24.4%  11.4  880s
 8619724 540893 infeasible   77        41.00000   31.00000  24.4%  11.3  885s
 8668022 536549   32.00000   62   13   41.00000   31.00000  24.4%  11.3  890s
 8712954 532636 infeasible   64        41.00000   31.00000  24.4%  11.3  895s
 8749903 529672 infeasible   63        41.00000   31.00000  24.4%  11.3  900s
 8786376 527023   31.00000   71   16   41.00000   31.00000  24.4%  11.3  905s
 8831640 524202 infeasible   74        41.00000   31.00000  24.4%  11.3  910s
 8877259 521297   40.00000   59   12   41.00000   31.00000  24.4%  11.3  915s
 8915359 519713 infeasible   72        41.00000   31.00000  24.4%  11.3  920s
 8961368 516927 infeasible   75        41.00000   31.00000  24.4%  11.3  925s
 9006088 512677   40.00000   66   10   41.00000   32.00000  22.0%  11.3  930s
 9051895 509881 infeasible   73        41.00000   32.00000  22.0%  11.3  935s
 9086755 506489   37.00000   66    7   41.00000   32.00000  22.0%  11.3  940s
 9132762 503178 infeasible   80        41.00000   32.00000  22.0%  11.3  945s
 9178917 499623   39.00000   71    6   41.00000   32.00000  22.0%  11.3  950s
 9216953 495692 infeasible   85        41.00000   32.00000  22.0%  11.3  955s
 9263004 490854   37.00000   81   11   41.00000   32.00000  22.0%  11.3  960s
 9299015 487008   32.00000   70   16   41.00000   32.00000  22.0%  11.3  965s
 9335719 483345   40.00000   74   11   41.00000   32.00000  22.0%  11.3  970s
 9381295 479207 infeasible   70        41.00000   32.00000  22.0%  11.3  975s
 9421969 475964 infeasible   67        41.00000   32.00000  22.0%  11.3  980s
 9464096 472833 infeasible   64        41.00000   32.00000  22.0%  11.3  985s
 9509426 469506   34.00000   66   16   41.00000   32.00000  22.0%  11.3  990s
 9556959 464863 infeasible   66        41.00000   32.00000  22.0%  11.3  995s
 9589606 460866 infeasible   76        41.00000   32.57143  20.6%  11.2 1000s
 9634017 457517 infeasible   65        41.00000   33.00000  19.5%  11.2 1005s
 9680397 452749 infeasible   65        41.00000   33.00000  19.5%  11.2 1010s
 9726076 449187 infeasible   72        41.00000   33.00000  19.5%  11.2 1015s
 9762652 446364 infeasible   67        41.00000   33.00000  19.5%  11.2 1020s
 9807150 441534 infeasible   68        41.00000   33.00000  19.5%  11.2 1025s
 9846672 437437   33.00000   66   13   41.00000   33.00000  19.5%  11.2 1030s
 9887881 433018   33.33333   64   13   41.00000   33.00000  19.5%  11.2 1035s
 9933548 428403 infeasible   82        41.00000   33.00000  19.5%  11.2 1040s
 9976819 424614   37.00000   64   12   41.00000   33.00000  19.5%  11.2 1045s
 10020939 420730 infeasible   64        41.00000   33.00000  19.5%  11.2 1050s
 10068668 417159   36.00000   58   14   41.00000   33.00000  19.5%  11.2 1055s
 10104887 414193   37.00000   73    9   41.00000   33.00000  19.5%  11.2 1060s
 10147484 409577 infeasible   60        41.00000   33.00000  19.5%  11.2 1065s
 10192678 403581 infeasible   63        41.00000   34.00000  17.1%  11.2 1070s
 10230685 399268 infeasible   83        41.00000   34.00000  17.1%  11.2 1075s
 10278761 393385   34.00000   62   14   41.00000   34.00000  17.1%  11.2 1080s
 10323773 387906 infeasible   70        41.00000   34.00000  17.1%  11.1 1085s
 10373052 380986   34.20000   68   12   41.00000   34.00000  17.1%  11.1 1090s
 10420162 374346   35.00000   73   12   41.00000   34.00000  17.1%  11.1 1095s
 10458665 368874   37.00000   72   10   41.00000   34.00000  17.1%  11.1 1100s
 10506300 362577   39.00000   62   13   41.00000   34.00000  17.1%  11.1 1105s
 10553700 356562 infeasible   78        41.00000   34.00000  17.1%  11.1 1110s
 10597656 350977   38.00000   63   11   41.00000   34.00000  17.1%  11.1 1115s
 10636009 345757   34.00000   63   13   41.00000   34.00000  17.1%  11.1 1120s
 10679405 339549   40.00000   65    6   41.00000   35.00000  14.6%  11.1 1125s
 10716699 334788   39.00000   52    7   41.00000   35.00000  14.6%  11.1 1130s
 10754469 329671 infeasible   73        41.00000   35.00000  14.6%  11.1 1135s
 10802775 323153   35.00000   68   11   41.00000   35.00000  14.6%  11.1 1140s
 10848432 315814   38.00000   69    8   41.00000   35.00000  14.6%  11.1 1145s
 10895926 308565 infeasible   68        41.00000   35.00000  14.6%  11.1 1150s
 10942714 301897   35.00000   68   13   41.00000   35.00000  14.6%  11.1 1155s
 10982484 296310 infeasible   61        41.00000   35.00000  14.6%  11.1 1160s
 11029383 289949   40.00000   59   11   41.00000   35.00000  14.6%  11.0 1165s
 11073968 283583   35.00000   68   16   41.00000   35.00000  14.6%  11.0 1170s
 11104505 278805 infeasible   61        41.00000   36.00000  12.2%  11.0 1175s
 11141831 272376 infeasible   64        41.00000   36.00000  12.2%  11.0 1180s
 11185793 265047 infeasible   70        41.00000   36.00000  12.2%  11.0 1185s
 11233335 257174 infeasible   65        41.00000   36.00000  12.2%  11.0 1190s
 11279618 248727 infeasible   71        41.00000   36.00000  12.2%  11.0 1195s
 11324626 240387   36.00000   65   14   41.00000   36.00000  12.2%  11.0 1200s
 11372231 232318   36.00000   72   15   41.00000   36.00000  12.2%  11.0 1205s
 11403372 227577 infeasible   66        41.00000   36.00000  12.2%  11.0 1210s
 11447921 220014   36.00000   60   15   41.00000   36.00000  12.2%  11.0 1215s
 11491993 211338 infeasible   70        41.00000   37.00000  9.76%  11.0 1220s
 11526942 204732 infeasible   65        41.00000   37.00000  9.76%  11.0 1225s
 11571481 196918     cutoff   70        41.00000   37.00000  9.76%  10.9 1230s
 11615907 188211 infeasible   67        41.00000   37.00000  9.76%  10.9 1235s
 11660348 179005 infeasible   70        41.00000   37.00000  9.76%  10.9 1240s
 11707380 169649 infeasible   58        41.00000   37.00000  9.76%  10.9 1245s
 11748023 161740   40.00000   68   17   41.00000   37.00000  9.76%  10.9 1250s
 11787971 152806 infeasible   65        41.00000   37.00000  9.76%  10.9 1255s
 11828352 143340   38.00000   70   16   41.00000   38.00000  7.32%  10.9 1260s
 11872987 133709   39.00000   72   12   41.00000   38.00000  7.32%  10.9 1265s
 11912207 124307   38.00000   65   11   41.00000   38.00000  7.32%  10.9 1270s
 11957498 114176   38.00000   67    9   41.00000   38.00000  7.32%  10.9 1275s
 12002631 103891 infeasible   68        41.00000   38.00000  7.32%  10.9 1280s
 12046204 93353 infeasible   65        41.00000   38.00000  7.32%  10.9 1285s
 12079590 83549 infeasible   77        41.00000   39.00000  4.88%  10.8 1290s
 12121961 71986 infeasible   77        41.00000   39.00000  4.88%  10.8 1295s
 12165050 60240 infeasible   65        41.00000   39.00000  4.88%  10.8 1300s
 12207137 49835 infeasible   65        41.00000   39.00000  4.88%  10.8 1305s
 12246880 38134   40.00000   63   14   41.00000   39.00000  4.88%  10.8 1310s
 12288237 20530 infeasible   71        41.00000   40.00000  2.44%  10.8 1315s
 12325813  3107   40.00000   59   12   41.00000   40.00000  2.44%  10.8 1320s

Cutting planes:
  Learned: 2
  Gomory: 1
  Cover: 1
  Implied bound: 16
  MIR: 4
  Flow cover: 5

Explored 12338283 nodes (133076639 simplex iterations) in 1321.53 seconds (431.72 work units)
Thread count was 16 (of 16 available processors)

Solution count 10: 41 41 42 ... 63

Optimal solution found (tolerance 1.00e-04)
Best objective 4.100000000000e+01, best bound 4.100000000000e+01, gap 0.0000%
Warning: constraint name "precedence between 0,2 to 0,0 if x_[j,l,h,z,i]=1" has a space
Warning: constraint name "precedence between 0,2 to 0,0 if x_[j,l,h,z,i]=1" has a space
Warning: default constraint names used to write mps file
