
Gurobi 10.0.1 (win64) logging started Sat Sep  9 01:41:42 2023

Set parameter LogFile to value "results-heuristic-start//log/BA_14_makespan.log"
Gurobi Optimizer version 10.0.1 build v10.0.1rc0 (win64)

CPU model: AMD Ryzen 7 3700X 8-Core Processor, instruction set [SSE2|AVX|AVX2]
Thread count: 8 physical cores, 16 logical processors, using up to 16 threads

Optimize a model with 797 rows, 568 columns and 3389 nonzeros
Model fingerprint: 0x9d5725c8
Variable types: 63 continuous, 505 integer (504 binary)
Coefficient statistics:
  Matrix range     [1e+00, 1e+06]
  Objective range  [1e+00, 1e+00]
  Bounds range     [1e+00, 1e+00]
  RHS range        [1e+00, 3e+06]

Warning: Completing partial solution with 484 unfixed non-continuous variables out of 505
User MIP start produced solution with objective 1330 (0.02s)
Loaded user MIP start with objective 1330

Presolve removed 81 rows and 235 columns
Presolve time: 0.00s
Presolved: 716 rows, 333 columns, 3277 nonzeros
Variable types: 63 continuous, 270 integer (269 binary)
Found heuristic solution: objective 1329.0000000

Root relaxation: objective 5.400000e+01, 108 iterations, 0.00 seconds (0.00 work units)

    Nodes    |    Current Node    |     Objective Bounds      |     Work
 Expl Unexpl |  Obj  Depth IntInf | Incumbent    BestBd   Gap | It/Node Time

     0     0   54.00000    0   11 1329.00000   54.00000  95.9%     -    0s
H    0     0                     239.0000000   54.00000  77.4%     -    0s
H    0     0                     210.0000000   54.00000  74.3%     -    0s
H    0     0                     172.0000000   54.00000  68.6%     -    0s
     0     0   54.00000    0   20  172.00000   54.00000  68.6%     -    0s
H    0     0                     162.0000000   54.00000  66.7%     -    0s
     0     0   55.00000    0   27  162.00000   55.00000  66.0%     -    0s
     0     0   56.58596    0   30  162.00000   56.58596  65.1%     -    0s
     0     0   56.58596    0   33  162.00000   56.58596  65.1%     -    0s
     0     0   56.58596    0   45  162.00000   56.58596  65.1%     -    0s
     0     0   56.58596    0   44  162.00000   56.58596  65.1%     -    0s
     0     0   57.11201    0   46  162.00000   57.11201  64.7%     -    0s
     0     0   57.21721    0   48  162.00000   57.21721  64.7%     -    0s
     0     0   57.22536    0   45  162.00000   57.22536  64.7%     -    0s
     0     0   57.23250    0   52  162.00000   57.23250  64.7%     -    0s
     0     0   57.23250    0   55  162.00000   57.23250  64.7%     -    0s
     0     0   57.31598    0   55  162.00000   57.31598  64.6%     -    0s
     0     0   57.31598    0   56  162.00000   57.31598  64.6%     -    0s
     0     0   57.32270    0   48  162.00000   57.32270  64.6%     -    0s
     0     0   57.32270    0   51  162.00000   57.32270  64.6%     -    0s
     0     0   57.32270    0   51  162.00000   57.32270  64.6%     -    0s
     0     0   57.32270    0   49  162.00000   57.32270  64.6%     -    0s
H    0     0                     147.0000000   57.32270  61.0%     -    0s
     0     0   57.32270    0   29  147.00000   57.32270  61.0%     -    0s
     0     0   58.00000    0   18  147.00000   58.00000  60.5%     -    0s
H    0     0                     143.0000000   58.00000  59.4%     -    0s
     0     0   58.00000    0   30  143.00000   58.00000  59.4%     -    0s
     0     0   58.00000    0   27  143.00000   58.00000  59.4%     -    0s
     0     0   58.00000    0   32  143.00000   58.00000  59.4%     -    0s
     0     0   58.00000    0   16  143.00000   58.00000  59.4%     -    0s
H    0     0                     141.0000000   58.00000  58.9%     -    0s
     0     0   58.00000    0   36  141.00000   58.00000  58.9%     -    0s
     0     0   58.00000    0   24  141.00000   58.00000  58.9%     -    0s
     0     0   58.00000    0   13  141.00000   58.00000  58.9%     -    0s
     0     2   58.00000    0    9  141.00000   58.00000  58.9%     -    0s
H  124    92                     140.0000000   58.00000  58.6%  44.4    0s
H  263   180                     130.0000000   58.00000  55.4%  27.0    0s
H  267   180                     123.0000000   58.00000  52.8%  26.7    0s
H  696   376                     116.0000000   58.00000  50.0%  18.7    0s
H 3630  1647                     115.0000000   61.00000  47.0%   9.5    3s
 33166 17882     cutoff   65       115.00000   61.00000  47.0%   8.3    5s
 135212 66839   78.00000   51   21  115.00000   61.00000  47.0%   7.7   10s
 231983 113132   62.00000   50   24  115.00000   61.00000  47.0%   8.1   15s
 342016 164903   91.00000   63   14  115.00000   61.00000  47.0%   8.0   20s
 451888 216345 infeasible   61       115.00000   61.00000  47.0%   8.1   25s
 555961 264996  110.00000   64   12  115.00000   61.00000  47.0%   8.1   30s
 655589 311653   95.00000   58   22  115.00000   61.00000  47.0%   8.2   35s
 795453 372586 infeasible   65       115.00000   62.00000  46.1%   8.1   40s
 984859 453713 infeasible   58       115.00000   62.00000  46.1%   7.9   45s
 1157972 529827   63.84154   45   27  115.00000   62.65385  45.5%   7.7   50s
 1339783 605082  108.00000   68   15  115.00000   63.00000  45.2%   7.6   55s
 1501753 673547   96.00000   65   16  115.00000   63.00000  45.2%   7.6   60s
 1665513 740118 infeasible   65       115.00000   63.03145  45.2%   7.5   65s
 1823811 806496   95.00000   57   15  115.00000   64.00000  44.3%   7.5   70s
 1990798 872648 infeasible   61       115.00000   64.00000  44.3%   7.4   75s
 2149984 935218  111.00000   72    9  115.00000   64.00000  44.3%   7.4   80s
 2306138 996853   89.00000   61   23  115.00000   64.00000  44.3%   7.4   85s
 2455844 1056371  103.00000   58   16  115.00000   64.88112  43.6%   7.4   90s
 2598945 1107405   68.24603   50   21  115.00000   65.00000  43.5%   7.4   95s
 2754201 1166643   79.00000   57   19  115.00000   65.00000  43.5%   7.3  100s
 2902084 1218998  101.00000   58   17  115.00000   65.00000  43.5%   7.3  105s
 3047781 1275487   65.35714   54   29  115.00000   65.00000  43.5%   7.3  110s
 3185486 1324415 infeasible   70       115.00000   65.05063  43.4%   7.3  115s
 3327514 1379645 infeasible   61       115.00000   66.00000  42.6%   7.3  120s
 3475192 1431098   79.00000   53   19  115.00000   66.00000  42.6%   7.3  125s
 3622604 1483215  110.00000   61   12  115.00000   66.00000  42.6%   7.3  130s
 3756193 1529162   83.00000   58   22  115.00000   66.00000  42.6%   7.3  135s
 3896850 1577957 infeasible   69       115.00000   66.00000  42.6%   7.3  140s
 4035547 1625894 infeasible   65       115.00000   66.00000  42.6%   7.3  145s
 4171501 1673288 infeasible   82       115.00000   66.50000  42.2%   7.3  150s
 4308496 1721331  107.00000   66   10  115.00000   67.00000  41.7%   7.3  155s
 4438142 1764443 infeasible   66       115.00000   67.00000  41.7%   7.2  160s
 4570882 1812471   96.00000   75   14  115.00000   67.00000  41.7%   7.2  165s
 4709985 1857226   68.00000   44   23  115.00000   67.00000  41.7%   7.2  170s
 4841353 1902496   87.00000   58   19  115.00000   67.00000  41.7%   7.2  175s
 4958794 1941387   93.00000   59   23  115.00000   67.00000  41.7%   7.2  180s
 5084108 1983630 infeasible   51       115.00000   67.05291  41.7%   7.2  185s
 5208887 2027424  101.00000   50   10  115.00000   67.77778  41.1%   7.2  190s
 5337905 2070116   76.00000   57   18  115.00000   68.00000  40.9%   7.2  195s
 5472302 2116798 infeasible   65       115.00000   68.00000  40.9%   7.2  200s
 5584794 2157522   69.33333   47   20  115.00000   68.00000  40.9%   7.2  205s
 5721291 2203176   90.00000   64   20  115.00000   68.00000  40.9%   7.2  210s
 5847820 2246662  113.00000   67    9  115.00000   68.00000  40.9%   7.2  215s
 5981129 2286676 infeasible   50       115.00000   68.00000  40.9%   7.2  220s
 6102002 2327157   99.00000   58   19  115.00000   68.00000  40.9%   7.2  225s
 6228641 2370789   88.00000   54   18  115.00000   68.03145  40.8%   7.2  230s
 6342134 2410562  109.15385   77   13  115.00000   68.32911  40.6%   7.2  235s
 6467077 2453337   96.00000   63   14  115.00000   69.00000  40.0%   7.1  240s
 6596157 2498956   85.26674   56   18  115.00000   69.00000  40.0%   7.1  245s
 6721227 2539970  104.00000   59   16  115.00000   69.00000  40.0%   7.1  250s
 6842877 2582271  109.00000   64    7  115.00000   69.00000  40.0%   7.1  255s
 6964464 2620580  103.00000   66   15  115.00000   69.00000  40.0%   7.1  260s
 7070565 2656054  101.00000   65   16  115.00000   69.00000  40.0%   7.1  265s
 7189552 2698822   94.00000   60   16  115.00000   69.00000  40.0%   7.1  270s
 7304030 2733696   98.00000   63   17  115.00000   69.00000  40.0%   7.1  275s
 7419041 2771308   96.00000   58   22  115.00000   69.00000  40.0%   7.1  280s
 7529411 2807177   95.00000   58   23  115.00000   69.00000  40.0%   7.1  285s
 7630995 2841712   86.00000   61   20  115.00000   69.03896  40.0%   7.1  290s
 7744868 2880600  101.00000   69   14  115.00000   69.17425  39.8%   7.1  295s
 7861125 2921275  105.00000   59   12  115.00000   69.85714  39.3%   7.1  300s
 7972735 2958498  108.00000   60   15  115.00000   70.00000  39.1%   7.1  305s
 8086854 2995889 infeasible   65       115.00000   70.00000  39.1%   7.1  310s
 8197698 3035105  111.00000   69   13  115.00000   70.00000  39.1%   7.1  315s
 8307862 3069649 infeasible   58       115.00000   70.00000  39.1%   7.0  320s
 8411694 3105217   80.21164   56   17  115.00000   70.00000  39.1%   7.0  325s
 8501126 3133279   93.00000   58   16  115.00000   70.00000  39.1%   7.0  330s
 8604685 3165433  107.00000   67   17  115.00000   70.00000  39.1%   7.0  335s
 8712153 3198911   71.00000   55   19  115.00000   70.00000  39.1%   7.0  340s
 8813674 3233759   93.00000   60   16  115.00000   70.00000  39.1%   7.0  345s
 8916475 3264846 infeasible   68       115.00000   70.00000  39.1%   7.0  350s
 9013482 3297645   81.00000   64   21  115.00000   70.00000  39.1%   7.0  355s
 9111684 3328342   87.00000   69   20  115.00000   70.00000  39.1%   7.0  360s
 9187788 3350713   72.00000   62   19  115.00000   70.00000  39.1%   7.0  365s
 9274697 3380569  111.00000   67    8  115.00000   70.00000  39.1%   7.0  370s
 9396094 3420869 infeasible   61       115.00000   70.05063  39.1%   7.0  375s
 9511206 3459532  104.11594   67   15  115.00000   70.14943  39.0%   7.0  380s
 9603037 3490908   92.00000   49   15  115.00000   70.43901  38.7%   7.0  385s
 9702637 3524573 infeasible   58       115.00000   70.88000  38.4%   7.0  390s
 9793934 3555508   73.00000   53   19  115.00000   71.00000  38.3%   7.0  395s
 9901677 3590465   76.00000   60   19  115.00000   71.00000  38.3%   7.0  400s
 9991264 3619952 infeasible   66       115.00000   71.00000  38.3%   7.0  405s
 10107751 3657827 infeasible   64       115.00000   71.00000  38.3%   7.0  410s
 10206383 3689399   75.00000   64   20  115.00000   71.00000  38.3%   7.0  415s
 10280230 3714274   92.00000   70   17  115.00000   71.00000  38.3%   7.0  420s
 10389458 3748480   75.00000   57   23  115.00000   71.00000  38.3%   7.0  425s
 10478580 3774826   92.00000   59   16  115.00000   71.00000  38.3%   7.0  430s
 10581880 3807773   98.00000   63   14  115.00000   71.00000  38.3%   7.0  435s
 10621771 3820623 infeasible   58       115.00000   71.00000  38.3%   7.0  440s
 10718235 3851273  109.00000   62   11  115.00000   71.00000  38.3%   7.0  445s
 10813789 3878447 infeasible   61       115.00000   71.00000  38.3%   7.0  450s
 10875162 3895804   93.00000   69   12  115.00000   71.00000  38.3%   7.0  455s
 10970093 3925495   93.00000   63   15  115.00000   71.00000  38.3%   7.0  460s
 11049845 3949019   88.00000   60   17  115.00000   71.00000  38.3%   7.0  465s
 11146736 3980524   97.00000   59   12  115.00000   71.00000  38.3%   7.0  470s
 11240556 4010308   90.00000   57   18  115.00000   71.00000  38.3%   7.0  475s
 11309576 4031676   76.00000   59   23  115.00000   71.00000  38.3%   7.0  480s
 11407361 4060868  104.00000   67   12  115.00000   71.00000  38.3%   7.0  485s
 11479616 4084833   86.00000   64   26  115.00000   71.00000  38.3%   7.0  490s
 11551475 4105876   91.00000   65   16  115.00000   71.00000  38.3%   7.0  495s
 11642921 4135819   90.00000   63   16  115.00000   71.01572  38.2%   7.0  500s
 11726955 4164968   81.00000   54   19  115.00000   71.07500  38.2%   7.0  505s
 11798292 4184850   81.12508   55   18  115.00000   71.12508  38.2%   7.0  510s
 11881901 4214885 infeasible   47       115.00000   71.21021  38.1%   7.0  515s
 11973005 4242959 infeasible   69       115.00000   71.53333  37.8%   7.0  520s
 12025757 4259547   93.00000   51   15  115.00000   71.78174  37.6%   7.0  525s
 12074967 4274943   71.90278   61   24  115.00000   71.90278  37.5%   7.0  530s
 12160845 4304476  112.00000   61   15  115.00000   72.00000  37.4%   7.0  535s
 12242370 4327778  105.22535   60   18  115.00000   72.00000  37.4%   7.0  540s
 12306324 4347458   97.11594   71   14  115.00000   72.00000  37.4%   7.0  545s
 12389338 4373205   73.00000   58   22  115.00000   72.00000  37.4%   7.0  550s
 12473148 4399162  103.00000   68   13  115.00000   72.00000  37.4%   7.0  555s
 12534442 4419342   96.00000   62   14  115.00000   72.00000  37.4%   7.0  560s
 12620350 4445590  100.00000   61   12  115.00000   72.00000  37.4%   7.0  565s
 12700996 4470753   94.00000   58   15  115.00000   72.00000  37.4%   7.0  570s
 12763496 4489096   72.00000   55   19  115.00000   72.00000  37.4%   7.0  575s
 12841569 4513615   72.00000   58   21  115.00000   72.00000  37.4%   7.0  580s
 12906624 4532660   96.00000   66   15  115.00000   72.00000  37.4%   7.0  585s
 12972882 4553137  104.00000   61   14  115.00000   72.00000  37.4%   7.0  590s
 13056051 4577615  105.00000   61    9  115.00000   72.00000  37.4%   7.0  595s
 13134383 4598882  104.00000   69   12  115.00000   72.00000  37.4%   7.0  600s
 13204577 4620660  105.00000   53   19  115.00000   72.00000  37.4%   7.0  605s
 13288913 4646576 infeasible   75       115.00000   72.00000  37.4%   7.0  610s
 13367458 4670776   77.00000   59   26  115.00000   72.00000  37.4%   7.0  615s
 13427569 4686827  105.00000   63   17  115.00000   72.00000  37.4%   7.0  620s
 13499728 4709576 infeasible   74       115.00000   72.00000  37.4%   7.0  625s
 13552070 4722697 infeasible   57       115.00000   72.00000  37.4%   7.0  630s
 13597784 4736097   89.00000   57   18  115.00000   72.00000  37.4%   7.0  635s
 13673819 4757920 infeasible   71       115.00000   72.00000  37.4%   7.0  640s
 13737407 4778186 infeasible   67       115.00000   72.00000  37.4%   7.0  645s
 13806038 4796523   96.00000   51   10  115.00000   72.00000  37.4%   7.0  650s
 13866165 4814351 infeasible   67       115.00000   72.00000  37.4%   7.0  655s
 13917465 4831000   99.00000   73   14  115.00000   72.00000  37.4%   7.0  660s
 13988335 4853006   77.00000   54   19  115.00000   72.00000  37.4%   7.0  665s
 14059673 4873820   89.42857   64   18  115.00000   72.00000  37.4%   7.0  671s
 14111220 4890594  109.00000   72   10  115.00000   72.00000  37.4%   7.0  675s
 14181117 4911209   95.00000   62   17  115.00000   72.00000  37.4%   7.0  680s
 14247541 4933353 infeasible   66       115.00000   72.00000  37.4%   7.0  685s
 14312516 4953078  109.00000   62   16  115.00000   72.00000  37.4%   7.0  690s
 14352330 4963097   78.00000   60   22  115.00000   72.00000  37.4%   7.0  695s
 14419634 4989010   88.06818   53   23  115.00000   72.02899  37.4%   7.0  700s
 14494532 5012509  104.24280   70   15  115.00000   72.07042  37.3%   7.0  705s
 14562017 5033975   97.00000   67   15  115.00000   72.11268  37.3%   7.0  710s
 14608595 5047856   90.00000   55   22  115.00000   72.13415  37.3%   7.0  715s
 14682713 5071558   84.25000   58   23  115.00000   72.20290  37.2%   7.0  720s
 14755279 5094088 infeasible   69       115.00000   72.35565  37.1%   7.0  725s
 14823802 5115948 infeasible   71       115.00000   72.64141  36.8%   7.0  730s
 14879432 5133266 infeasible   60       115.00000   72.80000  36.7%   6.9  735s
 14908129 5143080  109.00000   53   12  115.00000   72.87421  36.6%   7.0  740s
 14973973 5161928   89.00000   57   20  115.00000   72.96154  36.6%   6.9  745s
 15027703 5178896 infeasible   69       115.00000   73.00000  36.5%   6.9  750s
 15092925 5200063   98.00000   72   16  115.00000   73.00000  36.5%   6.9  755s
 15145150 5215409   99.00000   65   15  115.00000   73.00000  36.5%   6.9  760s
 15208955 5235048  102.00000   64   17  115.00000   73.00000  36.5%   6.9  765s
 15274880 5253686   95.00000   68   14  115.00000   73.00000  36.5%   6.9  770s
 15327367 5269544   93.00000   56   14  115.00000   73.00000  36.5%   6.9  775s
 15393302 5289523   99.20950   59   18  115.00000   73.00000  36.5%   6.9  780s
 15460899 5310374 infeasible   72       115.00000   73.00000  36.5%   6.9  785s
 15509473 5326146   73.00000   58   22  115.00000   73.00000  36.5%   6.9  790s
 15574447 5345788   80.00000   65   19  115.00000   73.00000  36.5%   6.9  795s
 15643788 5365958  109.00000   62   11  115.00000   73.00000  36.5%   6.9  800s
 15706389 5385456   82.00000   61   16  115.00000   73.00000  36.5%   6.9  805s
 15745068 5394294   83.00000   62   21  115.00000   73.00000  36.5%   6.9  810s
 15809157 5413060 infeasible   64       115.00000   73.00000  36.5%   6.9  815s
 15870903 5432972   77.00000   53   20  115.00000   73.00000  36.5%   6.9  820s
 15936456 5451177   82.17196   62   17  115.00000   73.00000  36.5%   6.9  826s
 15983300 5465308  104.00000   68   11  115.00000   73.00000  36.5%   6.9  830s
 16039694 5484117   93.31325   59   18  115.00000   73.00000  36.5%   6.9  835s
 16103531 5501377   89.23288   64   18  115.00000   73.00000  36.5%   6.9  840s
 16142453 5511279   91.00000   59   15  115.00000   73.00000  36.5%   6.9  845s
 16172585 5521610   94.00000   68   13  115.00000   73.00000  36.5%   6.9  850s
 16217103 5534118 infeasible   73       115.00000   73.00000  36.5%   6.9  855s
 16272468 5547055 infeasible   72       115.00000   73.00000  36.5%   6.9  860s
 16324534 5563726   89.35931   58   19  115.00000   73.00000  36.5%   6.9  865s
 16366289 5574909 infeasible   65       115.00000   73.00000  36.5%   6.9  870s
 16429462 5592071   99.00000   62   11  115.00000   73.00000  36.5%   6.9  875s
 16487255 5609015 infeasible   56       115.00000   73.00000  36.5%   6.9  880s
 16513080 5617894   92.00000   61   16  115.00000   73.00000  36.5%   6.9  885s
 16575600 5634311  112.08696   69   14  115.00000   73.00000  36.5%   6.9  890s
 16611448 5646405   90.00000   64   15  115.00000   73.00000  36.5%   6.9  895s
 16674502 5662709 infeasible   55       115.00000   73.00000  36.5%   6.9  900s
 16731145 5677073   84.00000   57   19  115.00000   73.00000  36.5%   6.9  906s
 16773686 5689634   73.00000   57   23  115.00000   73.00000  36.5%   6.9  910s
 16827634 5706613 infeasible   68       115.00000   73.00000  36.5%   6.9  915s
 16885725 5721748  108.01539   76   13  115.00000   73.00000  36.5%   6.9  920s
 16920133 5731438   76.71429   62   22  115.00000   73.00000  36.5%   6.9  925s
 16976338 5747977   95.00000   64   19  115.00000   73.00000  36.5%   6.9  930s
 17029245 5763295   86.00000   57   21  115.00000   73.00000  36.5%   6.9  935s
 17081037 5776218  108.00000   54   16  115.00000   73.00000  36.5%   6.9  940s
 17112710 5785089   86.02348   59   24  115.00000   73.00000  36.5%   6.9  945s
 17166784 5800681 infeasible   66       115.00000   73.00000  36.5%   6.9  950s
 17217890 5815431  107.00000   75    8  115.00000   73.00000  36.5%   6.9  955s
 17265046 5829262   73.00000   61   23  115.00000   73.00000  36.5%   6.9  960s
 17313286 5841569 infeasible   71       115.00000   73.00000  36.5%   6.9  965s
 17352700 5852907  109.00000   58   11  115.00000   73.00000  36.5%   6.9  970s
 17388706 5863546   88.00000   66   20  115.00000   73.00000  36.5%   6.9  977s
 17411075 5870865  104.00000   62   12  115.00000   73.00000  36.5%   6.9  980s
 17458771 5884060   75.00000   65   22  115.00000   73.00000  36.5%   6.9  985s
 17506560 5897570   90.00000   61   14  115.00000   73.00000  36.5%   6.9  990s
 17551115 5910055 infeasible   67       115.00000   73.00000  36.5%   6.9  995s
 17594070 5922118 infeasible   68       115.00000   73.00000  36.5%   6.9 1000s
 17617592 5931180  101.00000   70   14  115.00000   73.00000  36.5%   6.9 1005s
 17668268 5946247 infeasible   74       115.00000   73.01548  36.5%   6.9 1010s
 17715495 5962835   85.34299   64   22  115.00000   73.03195  36.5%   6.9 1015s
 17763174 5977439  113.05063   59   16  115.00000   73.05063  36.5%   6.9 1020s
 17808814 5992548   76.00000   55   22  115.00000   73.07595  36.5%   6.9 1025s
 17853291 6008484   88.00000   68   18  115.00000   73.10836  36.4%   6.9 1030s
 17888117 6014999  107.00000   67    8  115.00000   73.11766  36.4%   6.9 1037s
 17912991 6023195  109.00000   57   16  115.00000   73.13415  36.4%   6.9 1040s
 17953615 6034519   90.07595   60   20  115.00000   73.16352  36.4%   6.9 1047s
 17975931 6041323   79.00000   44   19  115.00000   73.18571  36.4%   6.9 1050s
 18017861 6054019  102.00000   57   20  115.00000   73.24051  36.3%   6.9 1055s
 18062394 6066122 infeasible   65       115.00000   73.33333  36.2%   6.9 1060s
 18105084 6078983   95.00000   67   20  115.00000   73.47308  36.1%   6.9 1065s
 18140853 6090147   88.00000   51   17  115.00000   73.60000  36.0%   6.9 1070s
 18165714 6096936  113.00000   78   11  115.00000   73.70390  35.9%   6.9 1075s
 18206485 6109360   74.80000   53   22  115.00000   73.80000  35.8%   6.9 1080s
 18252661 6122934   80.00000   49   18  115.00000   73.88000  35.8%   6.9 1085s
 18292942 6134702   91.00000   63   18  115.00000   73.92308  35.7%   6.9 1090s
 18333342 6146133   99.00000   71   11  115.00000   73.99411  35.7%   6.9 1095s
 18373644 6156722 infeasible   78       115.00000   74.00000  35.7%   6.9 1100s
 18406527 6165820  112.00000   67   12  115.00000   74.00000  35.7%   6.9 1105s
 18441234 6176046   92.00000   61   18  115.00000   74.00000  35.7%   6.9 1110s
 18481003 6187618   92.35437   57   14  115.00000   74.00000  35.7%   6.9 1115s
 18526745 6199496   86.00000   58   23  115.00000   74.00000  35.7%   6.9 1120s
 18557411 6208373   84.00000   69   14  115.00000   74.00000  35.7%   6.9 1126s
 18590692 6216987 infeasible   80       115.00000   74.00000  35.7%   6.9 1130s
 18599154 6222270 infeasible   69       115.00000   74.00000  35.7%   6.9 1135s
 18648933 6234742  101.00000   68   13  115.00000   74.00000  35.7%   6.9 1140s
 18688164 6244017 infeasible   67       115.00000   74.00000  35.7%   6.9 1145s
 18729036 6255453 infeasible   70       115.00000   74.00000  35.7%   6.9 1150s
 18766887 6268596 infeasible   62       115.00000   74.00000  35.7%   6.9 1155s
 18803497 6276766   90.00000   61   17  115.00000   74.00000  35.7%   6.9 1160s
 18840840 6288757   83.47887   63   18  115.00000   74.00000  35.7%   6.9 1165s
 18870813 6295880 infeasible   62       115.00000   74.00000  35.7%   6.9 1171s
 18897891 6303439   83.00000   61   17  115.00000   74.00000  35.7%   6.9 1175s
 18936970 6313967  104.00000   64   12  115.00000   74.00000  35.7%   6.9 1180s
 18974158 6326328 infeasible   70       115.00000   74.00000  35.7%   6.9 1185s
 19013996 6337229   74.00000   68   15  115.00000   74.00000  35.7%   6.9 1190s
 19052341 6348214 infeasible   69       115.00000   74.00000  35.7%   6.9 1195s
 19089166 6357604  111.00000   64   13  115.00000   74.00000  35.7%   6.9 1200s
 19127344 6368110 infeasible   58       115.00000   74.00000  35.7%   6.9 1205s
 19147538 6373538 infeasible   75       115.00000   74.00000  35.7%   6.9 1210s
 19182601 6384357  106.07576   74   10  115.00000   74.00000  35.7%   6.9 1215s
 19221155 6393724   93.00000   70   16  115.00000   74.00000  35.7%   6.9 1220s
 19238633 6398924   74.00000   62   21  115.00000   74.00000  35.7%   6.9 1225s
 19275814 6408073 infeasible   64       115.00000   74.00000  35.7%   6.9 1232s
 19292880 6412685   81.00000   50   23  115.00000   74.00000  35.7%   6.9 1235s
 19326753 6422968   84.00000   56   18  115.00000   74.00000  35.7%   6.9 1240s
 19365353 6433595  113.00000   61   12  115.00000   74.00000  35.7%   6.9 1245s
 19401930 6443277   93.00000   67   11  115.00000   74.00000  35.7%   6.9 1250s
 19435304 6451489   87.00000   55   15  115.00000   74.00000  35.7%   6.9 1258s
 19445098 6455198   86.00000   64   16  115.00000   74.00000  35.7%   6.9 1260s
 19483980 6465701   99.10836   58   17  115.00000   74.00000  35.7%   6.9 1265s
 19516435 6473546  102.00000   72   13  115.00000   74.00000  35.7%   6.9 1270s
 19549814 6483417   88.00000   60   18  115.00000   74.00000  35.7%   6.9 1275s
 19591000 6493651   99.05063   63   13  115.00000   74.00000  35.7%   6.9 1280s
 19629142 6506508  112.00000   68   11  115.00000   74.00000  35.7%   6.9 1285s
 19673190 6516158 infeasible   60       115.00000   74.00000  35.7%   6.9 1290s
 19710435 6526641  104.00000   64   15  115.00000   74.00000  35.7%   6.9 1295s
 19727354 6530226   92.00000   65   16  115.00000   74.00000  35.7%   6.9 1300s
 19764142 6541287   80.00000   66   20  115.00000   74.00000  35.7%   6.9 1305s
 19805679 6552727 infeasible   64       115.00000   74.00000  35.7%   6.9 1310s
 19848012 6563591   94.00000   60   15  115.00000   74.00000  35.7%   6.9 1315s
 19887425 6575653   97.00000   65   21  115.00000   74.00000  35.7%   6.9 1320s
 19928383 6585593 infeasible   64       115.00000   74.00000  35.7%   6.9 1325s
 19966830 6597457   88.00000   59   14  115.00000   74.00000  35.7%   6.9 1330s
 19977024 6598317   75.00000   58   21  115.00000   74.00000  35.7%   6.9 1335s
 20009503 6608389   99.00000   67   15  115.00000   74.00000  35.7%   6.9 1340s
 20049356 6617997   95.00000   67   17  115.00000   74.00000  35.7%   6.9 1345s
 20089237 6629047   87.00000   62   17  115.00000   74.00000  35.7%   6.9 1350s
 20131587 6639785   97.00000   65   15  115.00000   74.00000  35.7%   6.9 1355s
 20172138 6649944 infeasible   63       115.00000   74.00000  35.7%   6.9 1360s
 20199976 6655846  103.00000   56   15  115.00000   74.00000  35.7%   6.9 1365s
 20243685 6667624  106.00000   69   12  115.00000   74.00000  35.7%   6.9 1370s
 20287828 6679798   98.00000   65   13  115.00000   74.00000  35.7%   6.9 1375s
 20331496 6691041 infeasible   65       115.00000   74.00000  35.7%   6.9 1380s
 20375656 6703430   92.00000   59   12  115.00000   74.00000  35.7%   6.9 1385s
 20392539 6708131   87.00000   50   24  115.00000   74.00000  35.7%   6.9 1390s
 20433250 6720210   80.00000   62   21  115.00000   74.00000  35.7%   6.9 1395s
 20476513 6731274 infeasible   74       115.00000   74.00000  35.7%   6.9 1400s
 20517957 6740756 infeasible   73       115.00000   74.00000  35.7%   6.9 1405s
 20561986 6752513 infeasible   75       115.00000   74.00000  35.7%   6.9 1410s
 20606213 6764444   78.00000   58   20  115.00000   74.00000  35.7%   6.9 1415s
 20647530 6775926   75.00000   53   24  115.00000   74.00000  35.7%   6.9 1420s
 20667459 6780972 infeasible   64       115.00000   74.00000  35.7%   6.9 1425s
 20710784 6790973   86.00000   56   18  115.00000   74.00000  35.7%   6.9 1430s
 20732625 6797078  103.00000   64   14  115.00000   74.00000  35.7%   6.9 1435s
 20777322 6810123  106.04918   68   19  115.00000   74.00000  35.7%   6.9 1440s
 20799049 6814729 infeasible   63       115.00000   74.00000  35.7%   6.9 1446s
 20820908 6819950   74.00000   54   25  115.00000   74.00000  35.7%   6.9 1450s
 20853888 6831063   91.00000   57   16  115.00000   74.00000  35.7%   6.9 1455s
 20875671 6837742 infeasible   63       115.00000   74.00000  35.7%   6.9 1462s
 20914239 6844283 infeasible   75       115.00000   74.00000  35.7%   6.9 1465s
 20953450 6855082   81.00000   63   19  115.00000   74.00000  35.7%   6.9 1470s
 20987144 6866012   93.13096   50   16  115.00000   74.00000  35.7%   6.9 1475s
 21030703 6877797   94.00000   70   14  115.00000   74.00000  35.7%   6.9 1480s
 21071519 6888293     cutoff   63       115.00000   74.00000  35.7%   6.9 1485s
 21110987 6899324   91.00000   63   16  115.00000   74.00000  35.7%   6.9 1490s
 21148611 6909528  109.00000   54   19  115.00000   74.00000  35.7%   6.9 1495s
 21165245 6914005   88.00000   61   17  115.00000   74.00000  35.7%   6.9 1500s
 21198438 6923383   88.15385   65   23  115.00000   74.00000  35.7%   6.9 1505s
 21235181 6932950 infeasible   74       115.00000   74.00000  35.7%   6.9 1510s
 21270654 6942344   75.00000   58   23  115.00000   74.00000  35.7%   6.9 1515s
 21291191 6950273   88.00000   64   17  115.00000   74.00000  35.7%   6.9 1520s
 21331261 6960604   76.00000   52   26  115.00000   74.00000  35.7%   6.9 1525s
 21372754 6970660   97.00000   72   14  115.00000   74.00000  35.7%   6.9 1530s
 21413346 6983569  111.57143   56   15  115.00000   74.00000  35.7%   6.9 1535s
 21457261 6998323   78.00000   63   21  115.00000   74.01548  35.6%   6.9 1540s
 21481635 7005349 infeasible   76       115.00000   74.01572  35.6%   6.9 1545s
 21521384 7016415 infeasible   65       115.00000   74.03145  35.6%   6.9 1550s
 21554947 7025099  104.04440   70   12  115.00000   74.04440  35.6%   6.9 1555s
 21593919 7037627  111.00000   66   13  115.00000   74.05063  35.6%   6.9 1560s
 21624752 7047700   74.83333   53   19  115.00000   74.07500  35.6%   6.9 1565s
 21642629 7050979 infeasible   61       115.00000   74.07597  35.6%   6.9 1570s
 21678715 7061406   99.20464   66   16  115.00000   74.10227  35.6%   6.9 1575s
 21710110 7072653  111.00000   73   12  115.00000   74.11594  35.6%   6.9 1580s
 21750394 7081070 infeasible   66       115.00000   74.13415  35.5%   6.9 1585s
 21789730 7092663   74.17196   54   22  115.00000   74.15854  35.5%   6.9 1590s
 21825167 7103805 infeasible   62       115.00000   74.19512  35.5%   6.9 1595s
 21855207 7112805  104.00000   59   15  115.00000   74.22785  35.5%   6.9 1600s
 21858427 7116211 infeasible   77       115.00000   74.23484  35.4%   6.9 1605s
 21874827 7117822   77.63601   71   23  115.00000   74.26564  35.4%   6.9 1610s
 21909216 7127969   84.00000   56   19  115.00000   74.32921  35.4%   6.9 1615s
 21936363 7134880   88.11594   67   22  115.00000   74.40587  35.3%   6.9 1620s
 21966410 7143608  104.00000   70   15  115.00000   74.48980  35.2%   6.9 1625s
 21996655 7152154  106.00000   62   13  115.00000   74.58004  35.1%   6.9 1630s
 22024535 7159365 infeasible   56       115.00000   74.69231  35.1%   6.9 1635s
 22048027 7166841  113.00000   54   12  115.00000   74.77778  35.0%   6.9 1640s
 22076134 7175062   89.00000   53   16  115.00000   74.81174  34.9%   6.9 1645s
 22104636 7181907   75.00000   43   20  115.00000   74.86667  34.9%   6.9 1650s
 22123942 7187500   85.00000   55   15  115.00000   74.88732  34.9%   6.9 1657s
 22136330 7191532   84.00000   67   19  115.00000   74.90278  34.9%   6.9 1660s
 22165939 7199723 infeasible   59       115.00000   74.92857  34.8%   6.9 1665s
 22187525 7205101 infeasible   59       115.00000   74.96154  34.8%   6.9 1670s
 22208986 7209108   95.00000   60   18  115.00000   75.00000  34.8%   6.9 1681s
 22222476 7212605 infeasible   75       115.00000   75.00000  34.8%   6.9 1685s
 22249854 7219367  101.00000   66   16  115.00000   75.00000  34.8%   6.9 1690s
 22275030 7225887  112.90278   72    9  115.00000   75.00000  34.8%   6.9 1695s
 22294972 7231900   94.00000   55   16  115.00000   75.00000  34.8%   6.9 1700s
 22317232 7238226  100.00000   64   10  115.00000   75.00000  34.8%   6.9 1705s
 22347025 7244797 infeasible   65       115.00000   75.00000  34.8%   6.9 1714s
 22348822 7245111  100.00000   68   10  115.00000   75.00000  34.8%   6.9 1717s
 22355803 7246797 infeasible   59       115.00000   75.00000  34.8%   6.9 1720s
 22379059 7253489 infeasible   60       115.00000   75.00000  34.8%   6.9 1725s
 22404074 7260050  101.00000   59   13  115.00000   75.00000  34.8%   6.9 1730s
 22424716 7265667  112.00000   61   11  115.00000   75.00000  34.8%   6.9 1735s
 22452439 7271803 infeasible   55       115.00000   75.00000  34.8%   6.9 1740s
 22476185 7277857 infeasible   76       115.00000   75.00000  34.8%   6.9 1745s
 22501606 7285537  113.00000   65   15  115.00000   75.00000  34.8%   6.9 1750s
 22527797 7291460  100.11594   61   13  115.00000   75.00000  34.8%   6.9 1755s
 22551040 7298657   91.00000   58   14  115.00000   75.00000  34.8%   6.9 1760s
 22577018 7304484   96.00000   64   17  115.00000   75.00000  34.8%   6.9 1765s
 22601846 7310821   92.00000   56   18  115.00000   75.00000  34.8%   6.9 1770s
 22626367 7318043   79.00000   59   20  115.00000   75.00000  34.8%   6.9 1775s
 22632275 7319046 infeasible   60       115.00000   75.00000  34.8%   6.9 1780s
 22660604 7326183     cutoff   67       115.00000   75.00000  34.8%   6.9 1785s
 22687379 7333155 infeasible   63       115.00000   75.00000  34.8%   6.9 1790s
 22712673 7340547 infeasible   67       115.00000   75.00000  34.8%   6.9 1795s
 22738398 7348862   84.00000   73   18  115.00000   75.00000  34.8%   6.9 1800s
 22772384 7356412 infeasible   71       115.00000   75.00000  34.8%   6.9 1805s
 22800652 7365798  106.00000   63   12  115.00000   75.00000  34.8%   6.9 1811s
 22831883 7371615  102.00000   64   12  115.00000   75.00000  34.8%   6.9 1815s
 22851093 7376899 infeasible   62       115.00000   75.00000  34.8%   6.9 1821s
 22870977 7384071   78.00000   58   20  115.00000   75.00000  34.8%   6.9 1825s
 22885869 7385735 infeasible   66       115.00000   75.00000  34.8%   6.9 1830s
 22907970 7392055   88.00000   64   15  115.00000   75.00000  34.8%   6.9 1835s
 22935182 7399078  111.10000   75   14  115.00000   75.00000  34.8%   6.9 1840s
 22960906 7406049   84.00000   69   15  115.00000   75.00000  34.8%   6.9 1845s
 22990025 7414299   99.11594   57   13  115.00000   75.00000  34.8%   6.9 1850s
 23020319 7423587   96.17425   69   14  115.00000   75.00000  34.8%   6.9 1855s
 23054758 7431211  101.00000   55   17  115.00000   75.00000  34.8%   6.9 1860s
 23085438 7437934   86.00000   55   14  115.00000   75.00000  34.8%   6.9 1867s
 23092190 7441767  108.01408   68   12  115.00000   75.00000  34.8%   6.9 1870s
 23126644 7450280   94.00000   73   13  115.00000   75.00000  34.8%   6.9 1875s
 23157208 7456159   86.00000   52   16  115.00000   75.00000  34.8%   6.9 1880s
 23186467 7464021 infeasible   61       115.00000   75.00000  34.8%   6.9 1885s
 23214081 7471256  110.00000   62   10  115.00000   75.00000  34.8%   6.9 1890s
 23244224 7478706  104.00000   63   11  115.00000   75.00000  34.8%   6.9 1895s
 23270335 7486351 infeasible   61       115.00000   75.00000  34.8%   6.9 1900s
 23289590 7489793 infeasible   69       115.00000   75.00000  34.8%   6.9 1905s
 23317030 7496894  100.00000   67   13  115.00000   75.00000  34.8%   6.9 1910s
 23334474 7500874   75.62500   61   19  115.00000   75.00000  34.8%   6.9 1916s
 23355323 7507221   78.00000   57   18  115.00000   75.00000  34.8%   6.9 1920s
 23391748 7516967   97.00000   59   14  115.00000   75.00000  34.8%   6.9 1925s
 23415862 7523622  106.00000   64   17  115.00000   75.00000  34.8%   6.9 1930s
 23450403 7531154 infeasible   60       115.00000   75.00000  34.8%   6.9 1935s
 23482249 7538938   88.00000   69   17  115.00000   75.00000  34.8%   6.9 1940s
 23512184 7547170   86.00000   67   17  115.00000   75.00000  34.8%   6.9 1945s
 23543072 7556789   83.00000   65   18  115.00000   75.00000  34.8%   6.9 1950s
 23578741 7564495   90.00000   58   14  115.00000   75.00000  34.8%   6.9 1955s
 23589335 7567408   85.08696   73   18  115.00000   75.00000  34.8%   6.9 1960s
 23594313 7567968   94.00000   64   15  115.00000   75.00000  34.8%   6.9 1966s
 23613850 7573670   85.00000   62   19  115.00000   75.00000  34.8%   6.9 1970s
 23640913 7580146   97.00000   63   13  115.00000   75.00000  34.8%   6.9 1975s
 23668719 7587623  105.04918   77   13  115.00000   75.00000  34.8%   6.9 1980s
 23694404 7594428   89.00000   60   17  115.00000   75.00000  34.8%   6.9 1985s
 23728847 7603538 infeasible   58       115.00000   75.00000  34.8%   6.9 1990s
 23755469 7609723  102.53846   62   17  115.00000   75.00000  34.8%   6.9 1997s
 23762418 7612992  113.00000   60    8  115.00000   75.00000  34.8%   6.9 2000s
 23799278 7620572   82.00000   61   19  115.00000   75.00000  34.8%   6.9 2005s
 23827089 7629699   79.00000   71   22  115.00000   75.00000  34.8%   6.9 2010s
 23859752 7637363  102.00000   64   11  115.00000   75.00000  34.8%   6.9 2015s
 23891991 7644217  100.00000   78   13  115.00000   75.00000  34.8%   6.9 2020s
 23922579 7652169  108.00000   63   12  115.00000   75.00000  34.8%   6.9 2025s
 23933257 7654498  107.27778   59   16  115.00000   75.00000  34.8%   6.9 2030s
 23965904 7662479   96.00000   66   10  115.00000   75.00000  34.8%   6.9 2035s
 24002009 7671497  101.00000   60   21  115.00000   75.00000  34.8%   6.9 2042s
 24009333 7675144  105.00000   58   15  115.00000   75.00000  34.8%   6.9 2045s
 24048278 7682914   99.00000   64   13  115.00000   75.00000  34.8%   6.9 2050s
 24080090 7691206   83.80000   61   18  115.00000   75.00000  34.8%   6.9 2055s
 24113585 7698158   75.00000   52   24  115.00000   75.00000  34.8%   6.9 2060s
 24144026 7704941   76.00000   64   20  115.00000   75.00000  34.8%   6.9 2065s
 24172125 7711743  111.06006   63   11  115.00000   75.00000  34.8%   6.9 2070s
 24200140 7719100   89.00000   58   19  115.00000   75.00000  34.8%   6.9 2075s
 24226849 7726329   87.00000   68   22  115.00000   75.00000  34.8%   6.9 2080s
 24235686 7728134   78.00000   61   18  115.00000   75.00000  34.8%   6.9 2085s
 24265486 7734635   90.00000   58   17  115.00000   75.00000  34.8%   6.9 2090s
 24299211 7742908   99.00000   53   17  115.00000   75.00000  34.8%   6.9 2095s
 24332195 7752003 infeasible   69       115.00000   75.00000  34.8%   6.9 2100s
 24368385 7760596 infeasible   69       115.00000   75.00000  34.8%   6.9 2105s
 24398752 7768880 infeasible   63       115.00000   75.00000  34.8%   6.9 2110s
 24429231 7776515   89.00000   63   19  115.00000   75.00000  34.8%   6.9 2115s
 24458930 7783952   75.40529   63   24  115.00000   75.00000  34.8%   6.9 2120s
 24487736 7792578   90.00000   57   18  115.00000   75.00000  34.8%   6.9 2125s
 24503735 7794271 infeasible   57       115.00000   75.00000  34.8%   6.9 2130s
 24530050 7802837  109.00000   72   14  115.00000   75.00000  34.8%   6.9 2136s
 24561157 7808853  102.00000   72   11  115.00000   75.00000  34.8%   6.9 2140s
 24590915 7816410  105.00000   59   14  115.00000   75.00000  34.8%   6.9 2145s
 24619239 7825364  108.00000   67   14  115.00000   75.00000  34.8%   6.9 2150s
 24654049 7832606  106.00000   57   12  115.00000   75.00000  34.8%   6.9 2155s
 24682225 7840969 infeasible   57       115.00000   75.00000  34.8%   6.9 2160s
 24718504 7848270   75.00000   56   24  115.00000   75.00000  34.8%   6.9 2165s
 24734092 7852229   92.00000   58   20  115.00000   75.00000  34.8%   6.9 2170s
 24757335 7858329  106.00000   64   16  115.00000   75.00000  34.8%   6.9 2175s
 24777435 7863489   90.35437   54   20  115.00000   75.00000  34.8%   6.9 2183s
 24782759 7865838   86.00000   58   17  115.00000   75.00000  34.8%   6.9 2185s
 24811724 7874620 infeasible   68       115.00000   75.00000  34.8%   6.9 2191s
 24833866 7880115 infeasible   62       115.00000   75.00000  34.8%   6.9 2195s
 24858751 7886282   93.00000   67   18  115.00000   75.00000  34.8%   6.9 2200s
 24882638 7893033 infeasible   65       115.00000   75.00000  34.8%   6.9 2205s
 24912268 7899644 infeasible   62       115.00000   75.00000  34.8%   6.9 2210s
 24936250 7905831   87.00000   62   18  115.00000   75.00000  34.8%   6.9 2215s
 24957101 7911877   91.00000   59   17  115.00000   75.00000  34.8%   6.9 2220s
 24985617 7917329   83.00000   65   18  115.00000   75.00000  34.8%   6.9 2225s
 25008323 7923120   99.00000   58   17  115.00000   75.00000  34.8%   6.9 2230s
 25015241 7924668 infeasible   67       115.00000   75.00000  34.8%   6.9 2238s
 25020154 7926314   76.00000   61   19  115.00000   75.00000  34.8%   6.9 2240s
 25047928 7933016 infeasible   68       115.00000   75.00000  34.8%   6.9 2245s
 25055814 7934780   83.00000   52   25  115.00000   75.00000  34.8%   6.9 2250s
 25081825 7943486   94.00000   51   18  115.00000   75.00000  34.8%   6.9 2256s
 25104064 7948960   97.00000   62   17  115.00000   75.00000  34.8%   6.9 2260s
 25135657 7955164  105.33333   61   11  115.00000   75.00000  34.8%   6.9 2265s
 25162368 7962351  101.00000   63   20  115.00000   75.00000  34.8%   6.9 2270s
 25190371 7970338  110.00000   60   15  115.00000   75.00000  34.8%   6.9 2275s
 25218529 7976899   87.00000   56   21  115.00000   75.00000  34.8%   6.9 2280s
 25242184 7985382   93.00000   59   18  115.00000   75.00000  34.8%   6.9 2285s
 25251875 7985745   90.00000   59   17  115.00000   75.00000  34.8%   6.9 2290s
 25276856 7993105   91.00000   58   22  115.00000   75.00000  34.8%   6.9 2295s
 25303730 8000400  107.00000   72   12  115.00000   75.00000  34.8%   6.9 2300s
 25319112 8003634  106.00000   56   14  115.00000   75.00000  34.8%   6.9 2305s
 25342951 8011173   90.60000   66   16  115.00000   75.00000  34.8%   6.9 2310s
 25371588 8018844  103.00000   62   16  115.00000   75.00000  34.8%   6.9 2315s
 25395783 8025749 infeasible   62       115.00000   75.00000  34.8%   6.9 2320s
 25418816 8033177   78.00000   61   27  115.00000   75.00000  34.8%   6.9 2325s
 25440832 8040202   89.00000   51   20  115.00000   75.00000  34.8%   6.9 2330s
 25470777 8047783   84.00000   60   16  115.00000   75.00000  34.8%   6.9 2335s
 25498763 8055732   88.00000   55   23  115.00000   75.00000  34.8%   6.9 2340s
 25517684 8060455  107.73932   60   16  115.00000   75.00000  34.8%   6.9 2347s
 25532434 8065241   86.00000   61   26  115.00000   75.00000  34.8%   6.9 2350s
 25557869 8075470 infeasible   67       115.00000   75.00000  34.8%   6.9 2355s
 25588972 8082744   80.00000   58   20  115.00000   75.00000  34.8%   6.9 2360s
 25617383 8092233   90.20950   69   17  115.00000   75.00000  34.8%   6.9 2365s
 25643986 8099814 infeasible   62       115.00000   75.01572  34.8%   6.9 2370s
 25665811 8108239   84.00000   58   18  115.00000   75.02899  34.8%   6.9 2375s
 25690798 8113415   99.00000   67   16  115.00000   75.03830  34.7%   6.9 2380s
 25717243 8121753   87.00000   57   17  115.00000   75.05063  34.7%   6.9 2385s
 25744909 8129776   96.00000   57   19  115.00000   75.05063  34.7%   6.9 2390s
 25768040 8136926   99.59701   63   14  115.00000   75.06316  34.7%   6.9 2395s
 25792627 8144654  107.00000   60   13  115.00000   75.07595  34.7%   6.9 2400s
 25816817 8151866   98.08696   76   17  115.00000   75.08696  34.7%   6.9 2405s
 25846161 8157343   84.03145   54   27  115.00000   75.10740  34.7%   6.9 2414s
 25847152 8158007 infeasible   59       115.00000   75.10836  34.7%   6.9 2415s
 25868188 8163599   92.11594   62   20  115.00000   75.11594  34.7%   6.9 2420s
 25893011 8169490   76.00000   63   19  115.00000   75.11941  34.7%   6.9 2427s
 25902054 8172780  100.00000   58   18  115.00000   75.12508  34.7%   6.9 2430s
 25926242 8180662   95.00000   63   17  115.00000   75.13415  34.7%   6.9 2435s
 25953876 8188199   83.00000   55   22  115.00000   75.14550  34.7%   6.9 2440s
 25980782 8194832  107.00000   62   11  115.00000   75.16034  34.6%   6.9 2445s
 26007943 8202069 infeasible   62       115.00000   75.18571  34.6%   6.9 2450s
 26035060 8210680   90.00000   71   16  115.00000   75.21209  34.6%   6.9 2456s
 26059040 8216875   92.00000   67   15  115.00000   75.23625  34.6%   6.9 2460s
 26079406 8223507   97.25126   60   18  115.00000   75.27500  34.5%   6.9 2465s
 26101964 8229023 infeasible   77       115.00000   75.31532  34.5%   6.9 2470s
 26125592 8234488  109.00000   62   16  115.00000   75.37647  34.5%   6.9 2475s
 26149905 8240886   89.00000   69   16  115.00000   75.44706  34.4%   6.9 2480s
 26172435 8247947   75.54167   50   19  115.00000   75.50265  34.3%   6.9 2485s
 26184319 8250320  108.00000   73    9  115.00000   75.53125  34.3%   6.9 2492s
 26184350 8253693  108.00000   74    7  115.00000   75.53125  34.3%   6.9 2495s
 26219923 8260179  109.00000   67   11  115.00000   75.64321  34.2%   6.9 2500s
 26245216 8266836 infeasible   65       115.00000   75.72727  34.2%   6.9 2505s
 26268191 8273235   96.00000   74   17  115.00000   75.77778  34.1%   6.9 2510s
 26293136 8281259   89.00000   59   16  115.00000   75.80000  34.1%   6.9 2515s
 26315742 8288392  113.00000   63   15  115.00000   75.83333  34.1%   6.9 2520s
 26339959 8294638   82.00000   57   17  115.00000   75.87500  34.0%   6.9 2525s
 26356404 8297491     cutoff   58       115.00000   75.88889  34.0%   6.9 2532s
 26362949 8300961   89.00000   68   20  115.00000   75.90278  34.0%   6.9 2535s
 26385897 8305574   75.92074   60   22  115.00000   75.90476  34.0%   6.9 2540s
 26411538 8311770  106.00000   64   14  115.00000   75.93333  34.0%   6.9 2545s
 26430775 8317566 infeasible   64       115.00000   75.96154  33.9%   6.9 2550s
 26447655 8321211 infeasible   62       115.00000   76.00000  33.9%   6.9 2561s
 26459430 8323849  111.00000   66    9  115.00000   76.00000  33.9%   6.9 2565s
 26482878 8329122  106.00000   61   10  115.00000   76.00000  33.9%   6.9 2570s
 26504534 8334362   99.00000   58   24  115.00000   76.00000  33.9%   6.9 2575s
 26526053 8339889 infeasible   69       115.00000   76.00000  33.9%   6.9 2580s
 26546511 8344823  103.00000   66   11  115.00000   76.00000  33.9%   6.9 2589s
 26548965 8345489   77.00000   56   19  115.00000   76.00000  33.9%   6.9 2590s
 26570924 8351617   83.00000   66   14  115.00000   76.00000  33.9%   6.9 2595s
 26591977 8356717   93.00000   74   13  115.00000   76.00000  33.9%   6.9 2600s
 26611104 8361475   93.33333   61   19  115.00000   76.00000  33.9%   6.9 2605s
 26635648 8367563  113.00000   58   11  115.00000   76.00000  33.9%   6.9 2610s
 26658218 8372132   99.17041   60   15  115.00000   76.00000  33.9%   6.9 2615s
 26679583 8378238   83.00000   68   16  115.00000   76.00000  33.9%   6.9 2620s
 26701082 8382977 infeasible   60       115.00000   76.00000  33.9%   6.9 2625s
 26722706 8388030   86.00000   59   17  115.00000   76.00000  33.9%   6.9 2630s
 26743446 8392905  101.00000   70   15  115.00000   76.00000  33.9%   6.9 2635s
 26761263 8397089  107.00000   64   13  115.00000   76.00000  33.9%   6.9 2643s
 26765399 8397976   88.00000   64   18  115.00000   76.00000  33.9%   6.9 2645s
 26785832 8402914 infeasible   63       115.00000   76.00000  33.9%   6.9 2650s
 26807311 8409219  106.63636   71    9  115.00000   76.00000  33.9%   6.9 2655s
 26830366 8414570   89.00000   61   15  115.00000   76.00000  33.9%   6.9 2660s
 26852128 8419979   76.36145   62   20  115.00000   76.00000  33.9%   6.9 2665s
 26874071 8425593   92.00000   68   13  115.00000   76.00000  33.9%   6.9 2670s
 26896680 8431272  105.00000   65   15  115.00000   76.00000  33.9%   6.9 2675s
 26917103 8436811  102.00000   83   10  115.00000   76.00000  33.9%   6.9 2680s
 26938817 8441845  109.00000   56   13  115.00000   76.00000  33.9%   6.9 2685s
 26959426 8446938   93.00000   77   12  115.00000   76.00000  33.9%   6.9 2694s
 26961688 8447615  101.00000   64   12  115.00000   76.00000  33.9%   6.9 2695s
 26982601 8452646 infeasible   68       115.00000   76.00000  33.9%   6.9 2700s
 27006651 8458766   97.03750   57   14  115.00000   76.00000  33.9%   6.9 2705s
 27025418 8464446 infeasible   66       115.00000   76.00000  33.9%   6.9 2710s
 27049435 8469501 infeasible   65       115.00000   76.00000  33.9%   6.9 2715s
 27074899 8476528   99.00000   60   13  115.00000   76.00000  33.9%   6.9 2720s
 27098454 8482780   92.00000   54   19  115.00000   76.00000  33.9%   6.9 2725s
 27102037 8483487  110.00000   63    9  115.00000   76.00000  33.9%   6.9 2730s
 27124379 8489133 infeasible   58       115.00000   76.00000  33.9%   6.9 2735s
 27144749 8494691  101.00000   61    8  115.00000   76.00000  33.9%   6.9 2740s
 27170286 8500493  110.00000   63   12  115.00000   76.00000  33.9%   6.9 2745s
 27194648 8508594  107.42857   64   13  115.00000   76.00000  33.9%   6.9 2751s
 27212540 8511140   81.00000   69   16  115.00000   76.00000  33.9%   6.9 2757s
 27218706 8514168  103.00000   57   16  115.00000   76.00000  33.9%   6.9 2760s
 27245586 8519274 infeasible   60       115.00000   76.00000  33.9%   6.9 2765s
 27271887 8526056   78.00000   58   19  115.00000   76.00000  33.9%   6.9 2770s
 27297402 8532032   96.00000   60   11  115.00000   76.00000  33.9%   6.9 2775s
 27322030 8538860   76.00000   57   20  115.00000   76.00000  33.9%   6.9 2780s
 27350598 8547245   76.00000   47   20  115.00000   76.00000  33.9%   6.9 2786s
 27372579 8552454   89.00000   65   17  115.00000   76.00000  33.9%   6.9 2790s
 27403304 8558646   78.00000   59   23  115.00000   76.00000  33.9%   6.9 2795s
 27427230 8565057 infeasible   61       115.00000   76.00000  33.9%   6.9 2800s
 27450244 8571346   98.00000   69   13  115.00000   76.00000  33.9%   6.9 2805s
 27473877 8576927 infeasible   62       115.00000   76.00000  33.9%   6.9 2812s
 27485524 8580083   90.00000   53   15  115.00000   76.00000  33.9%   6.9 2815s
 27509440 8587423   98.00000   61   14  115.00000   76.00000  33.9%   6.9 2820s
 27533226 8594032   91.33719   60   17  115.00000   76.00000  33.9%   6.9 2825s
 27560632 8599236   85.00000   66   18  115.00000   76.00000  33.9%   6.9 2830s
 27578099 8605399  102.00000   67   11  115.00000   76.00000  33.9%   6.9 2835s
 27606544 8611293   93.00000   74   14  115.00000   76.00000  33.9%   6.9 2840s
 27634448 8617427   98.00000   67   14  115.00000   76.00000  33.9%   6.9 2845s
 27658684 8623742   76.80000   58   21  115.00000   76.00000  33.9%   6.9 2850s
 27681959 8630142   78.00000   59   19  115.00000   76.00000  33.9%   6.9 2855s
 27689424 8631212   87.00000   64   16  115.00000   76.00000  33.9%   6.9 2860s
 27711822 8638052   77.66667   58   23  115.00000   76.00000  33.9%   6.9 2865s
 27734930 8644265   82.00000   64   19  115.00000   76.00000  33.9%   6.9 2870s
 27763542 8651062  104.00000   59   16  115.00000   76.00000  33.9%   6.9 2875s
 27775679 8653768   93.00000   58   17  115.00000   76.00000  33.9%   6.9 2880s
 27801553 8659979   77.00000   63   19  115.00000   76.00000  33.9%   6.9 2885s
 27810716 8661073   91.34568   68   16  115.00000   76.00000  33.9%   6.9 2894s
 27812605 8661776 infeasible   60       115.00000   76.00000  33.9%   6.9 2895s
 27831952 8668454   89.00000   63   16  115.00000   76.00000  33.9%   6.9 2901s
 27856348 8673752   86.00000   57   18  115.00000   76.00000  33.9%   6.9 2905s
 27874389 8676299   86.00000   53   16  115.00000   76.00000  33.9%   6.9 2911s
 27889968 8681075  113.00000   64   15  115.00000   76.00000  33.9%   6.9 2915s
 27915627 8686434   76.00000   57   21  115.00000   76.00000  33.9%   6.9 2920s
 27938248 8693079   88.00000   63   20  115.00000   76.00000  33.9%   6.9 2925s
 27965724 8699082  102.00000   62   13  115.00000   76.00000  33.9%   6.9 2930s
 27990518 8705135 infeasible   73       115.00000   76.00000  33.9%   6.9 2935s
 28010180 8711651  105.00000   58   15  115.00000   76.00000  33.9%   6.9 2940s
 28033818 8717065  103.00000   57   16  115.00000   76.00000  33.9%   6.9 2945s
 28054861 8722153   91.00000   62   16  115.00000   76.00000  33.9%   6.9 2950s
 28077968 8728012   95.00000   71   15  115.00000   76.00000  33.9%   6.9 2955s
 28093516 8729873  111.00000   52   16  115.00000   76.00000  33.9%   6.9 2961s
 28104369 8734542   76.15504   53   25  115.00000   76.00000  33.9%   6.9 2965s
 28125594 8739844   78.00000   56   22  115.00000   76.00000  33.9%   6.9 2970s
 28147496 8745460 infeasible   68       115.00000   76.00000  33.9%   6.9 2975s
 28172431 8750936  100.00000   63   18  115.00000   76.00000  33.9%   6.9 2980s
 28196466 8756063 infeasible   62       115.00000   76.00000  33.9%   6.9 2985s
 28217372 8761411  102.00000   72   11  115.00000   76.00000  33.9%   6.9 2990s
 28237302 8765462 infeasible   64       115.00000   76.00000  33.9%   6.9 2995s
 28253684 8769103 infeasible   52       115.00000   76.00000  33.9%   6.9 3003s
 28259128 8771928 infeasible   69       115.00000   76.00000  33.9%   6.9 3005s
 28278865 8775292 infeasible   54       115.00000   76.00000  33.9%   6.9 3013s
 28278932 8777945  106.00000   62   16  115.00000   76.00000  33.9%   6.9 3018s
 28301503 8780548   83.08281   59   20  115.00000   76.00000  33.9%   6.9 3020s
 28324838 8788109 infeasible   64       115.00000   76.00000  33.9%   6.9 3025s
 28346409 8793008  111.00000   54   17  115.00000   76.00000  33.9%   6.9 3030s
 28367909 8798529   82.08451   61   21  115.00000   76.00000  33.9%   6.9 3035s
 28399096 8804397   90.00000   58   18  115.00000   76.00000  33.9%   6.9 3040s
 28422500 8809302  109.09237   71   12  115.00000   76.00000  33.9%   6.9 3045s
 28446298 8816045   89.00000   65   16  115.00000   76.00000  33.9%   6.9 3050s
 28468587 8821049   95.27848   60   16  115.00000   76.00000  33.9%   6.9 3055s
 28490816 8826825  101.00000   61   16  115.00000   76.00000  33.9%   6.9 3060s
 28512189 8832214   85.00000   68   19  115.00000   76.00000  33.9%   6.9 3065s
 28530648 8837914   89.00000   59   17  115.00000   76.00000  33.9%   6.9 3070s
 28535355 8837916   98.00000   64   13  115.00000   76.00000  33.9%   6.9 3075s
 28552548 8842937  106.00000   62   16  115.00000   76.00000  33.9%   6.9 3080s
 28575294 8847926   93.23077   68   16  115.00000   76.00000  33.9%   6.9 3085s
 28596149 8852235 infeasible   63       115.00000   76.00000  33.9%   6.9 3090s
 28615352 8857469   84.00000   68   18  115.00000   76.00000  33.9%   6.9 3095s
 28635634 8861438 infeasible   60       115.00000   76.00000  33.9%   6.9 3100s
 28649893 8866818   86.00000   62   14  115.00000   76.00000  33.9%   6.9 3105s
 28673862 8872733   76.00000   59   19  115.00000   76.00000  33.9%   6.9 3111s
 28694736 8876390  106.00000   64   14  115.00000   76.00000  33.9%   6.9 3115s
 28713025 8881393   97.00000   58   16  115.00000   76.00000  33.9%   6.9 3120s
 28728545 8884256   88.00000   64   19  115.00000   76.00000  33.9%   6.9 3128s
 28733383 8885294   91.00000   65   12  115.00000   76.00000  33.9%   6.9 3130s
 28751229 8889328 infeasible   64       115.00000   76.00000  33.9%   6.9 3135s
 28766479 8894950  103.00000   57   13  115.00000   76.00000  33.9%   6.9 3140s
 28786991 8899475   98.00000   64   12  115.00000   76.00000  33.9%   6.9 3145s
 28810620 8905834   84.00000   60   19  115.00000   76.00000  33.9%   6.9 3150s
 28834033 8909597   97.00000   63   13  115.00000   76.00000  33.9%   6.9 3155s
 28853744 8915045   82.00000   59   24  115.00000   76.00000  33.9%   6.9 3160s
 28874520 8919236 infeasible   71       115.00000   76.00000  33.9%   6.9 3165s
 28893982 8924343   98.00000   57   19  115.00000   76.00000  33.9%   6.9 3170s
 28913441 8928510  101.00000   65   16  115.00000   76.00000  33.9%   6.9 3175s
 28930358 8933214   76.00000   56   19  115.00000   76.00000  33.9%   6.9 3180s
 28946457 8938043  109.00000   64   13  115.00000   76.00000  33.9%   6.9 3185s
 28966981 8944092   88.00000   67   17  115.00000   76.00000  33.9%   6.9 3190s
 28991527 8949507   95.00000   57   13  115.00000   76.00000  33.9%   6.9 3196s
 29010145 8951725  109.00000   58   13  115.00000   76.00000  33.9%   6.9 3204s
 29011619 8952117 infeasible   74       115.00000   76.00000  33.9%   6.9 3205s
 29031487 8957389   97.00000   73   13  115.00000   76.00000  33.9%   6.9 3210s
 29036957 8957825  105.00000   68   13  115.00000   76.00000  33.9%   6.9 3215s
 29051872 8962424  101.00000   65   19  115.00000   76.00000  33.9%   6.9 3221s
 29072793 8966810   85.00000   58   16  115.00000   76.00000  33.9%   6.9 3225s
 29093024 8970921   99.00000   70   13  115.00000   76.00000  33.9%   6.9 3230s
 29113015 8976127   97.00000   59   14  115.00000   76.00000  33.9%   6.9 3235s
 29131232 8981254   76.00000   61   21  115.00000   76.00000  33.9%   6.9 3240s
 29149853 8985910 infeasible   51       115.00000   76.00000  33.9%   6.9 3245s
 29169300 8989398   86.00000   62   22  115.00000   76.00000  33.9%   6.9 3250s
 29180492 8991769   81.00000   62   22  115.00000   76.00000  33.9%   6.9 3258s
 29185726 8992903 infeasible   69       115.00000   76.00000  33.9%   6.9 3260s
 29205295 8998785   98.00000   66   10  115.00000   76.00000  33.9%   6.9 3266s
 29226897 9002808  104.00000   69   13  115.00000   76.00000  33.9%   6.9 3270s
 29244719 9008372   76.00000   57   23  115.00000   76.00000  33.9%   6.9 3276s
 29264264 9012064   86.00000   57   22  115.00000   76.00000  33.9%   6.9 3280s
 29268596 9012662   94.00000   53   23  115.00000   76.00000  33.9%   6.9 3290s
 29279374 9015589  112.00000   76   14  115.00000   76.00000  33.9%   6.9 3295s
 29300201 9020243 infeasible   62       115.00000   76.00000  33.9%   6.9 3300s
 29319791 9025679  113.00000   59   11  115.00000   76.00000  33.9%   6.9 3305s
 29339533 9029599 infeasible   67       115.00000   76.00000  33.9%   6.9 3310s
 29352083 9034486  108.00000   64   14  115.00000   76.00000  33.9%   6.9 3315s
 29376218 9040164   85.00000   62   21  115.00000   76.00000  33.9%   6.9 3321s
 29399274 9043291 infeasible   62       115.00000   76.00000  33.9%   6.9 3325s
 29421158 9049726   89.00000   59   21  115.00000   76.00000  33.9%   6.9 3331s
 29443491 9053888   84.00000   59   18  115.00000   76.00000  33.9%   6.9 3335s
 29446032 9054383   99.00000   69   16  115.00000   76.00000  33.9%   6.9 3341s
 29462190 9058241   92.00000   63   16  115.00000   76.00000  33.9%   6.9 3345s
 29484378 9063723   97.00000   58   17  115.00000   76.00000  33.9%   6.9 3350s
 29506331 9069358 infeasible   64       115.00000   76.00000  33.9%   6.9 3355s
 29526564 9074741  113.00000   62   15  115.00000   76.00000  33.9%   6.9 3360s
 29548401 9079368  101.00000   61   11  115.00000   76.00000  33.9%   6.9 3365s
 29563724 9081574   76.00000   50   24  115.00000   76.00000  33.9%   6.9 3371s
 29575388 9086547   76.00000   60   21  115.00000   76.00000  33.9%   6.9 3376s
 29602721 9090151 infeasible   67       115.00000   76.00000  33.9%   6.9 3380s
 29619831 9096146 infeasible   55       115.00000   76.00000  33.9%   6.9 3385s
 29642618 9101585  107.00000   62   12  115.00000   76.00000  33.9%   6.9 3390s
 29664775 9107164   99.50000   66   15  115.00000   76.00000  33.9%   6.9 3395s
 29685824 9112727   78.00000   65   21  115.00000   76.00000  33.9%   6.9 3400s
 29695958 9113052  110.00000   55   10  115.00000   76.00000  33.9%   6.9 3406s
 29708312 9116234 infeasible   70       115.00000   76.00000  33.9%   6.9 3410s
 29725962 9121241  105.00000   60   13  115.00000   76.00000  33.9%   6.9 3415s
 29744573 9125851   99.00000   64   11  115.00000   76.00000  33.9%   6.9 3420s
 29768460 9131253   88.12195   63   22  115.00000   76.00000  33.9%   6.9 3425s
 29789379 9135685 infeasible   64       115.00000   76.00000  33.9%   6.9 3430s
 29812751 9141332 infeasible   68       115.00000   76.00000  33.9%   6.9 3435s
 29833109 9146786   98.00000   58   17  115.00000   76.00000  33.9%   6.9 3440s
 29852220 9151272   83.47994   67   25  115.00000   76.00000  33.9%   6.9 3445s
 29874532 9155511 infeasible   69       115.00000   76.00000  33.9%   6.9 3450s
 29889580 9160651  105.00000   64   17  115.00000   76.00000  33.9%   6.9 3455s
 29912689 9166056  110.00000   58    9  115.00000   76.00000  33.9%   6.9 3460s
 29939233 9171140  113.00000   66   12  115.00000   76.00000  33.9%   6.9 3465s
 29955372 9177135   86.00000   65   18  115.00000   76.00000  33.9%   6.9 3470s
 29983052 9182576 infeasible   69       115.00000   76.00000  33.9%   6.9 3475s
 30004490 9188012 infeasible   74       115.00000   76.00000  33.9%   6.9 3480s
 30025971 9194572  100.00000   67   14  115.00000   76.00000  33.9%   6.9 3485s
 30045253 9198734 infeasible   69       115.00000   76.00000  33.9%   6.9 3494s
 30046943 9199257   91.00000   67   14  115.00000   76.00000  33.9%   6.9 3495s
 30061824 9204753 infeasible   71       115.00000   76.00000  33.9%   6.9 3500s
 30090601 9211127   89.72727   52   25  115.00000   76.00000  33.9%   6.9 3505s
 30112379 9216411   93.00000   58   17  115.00000   76.00000  33.9%   6.9 3514s
 30115040 9216894   77.00000   54   21  115.00000   76.00000  33.9%   6.9 3515s
 30135423 9222008 infeasible   75       115.00000   76.00000  33.9%   6.9 3520s
 30154884 9227740   90.00000   62   19  115.00000   76.00000  33.9%   6.9 3525s
 30174278 9231499  112.00000   72   11  115.00000   76.00000  33.9%   6.9 3530s
 30195217 9237189 infeasible   74       115.00000   76.00000  33.9%   6.9 3535s
 30215009 9242965   80.28571   55   21  115.00000   76.00000  33.9%   6.9 3540s
 30239842 9249272   90.00000   52   24  115.00000   76.00000  33.9%   6.9 3545s
 30259858 9255004   86.00000   53   18  115.00000   76.00000  33.9%   6.9 3550s
 30285726 9261874   86.00000   52   15  115.00000   76.00000  33.9%   6.9 3555s
 30300316 9265939   93.00000   61   19  115.00000   76.00000  33.9%   6.9 3563s
 30305929 9269001   85.00000   61   20  115.00000   76.00000  33.9%   6.9 3565s
 30328325 9274389   97.00000   58   17  115.00000   76.00000  33.9%   6.9 3570s
 30351274 9282219  112.00000   55    9  115.00000   76.00000  33.9%   6.9 3575s
 30374183 9289045   86.01572   61   17  115.00000   76.01548  33.9%   6.9 3580s
 30397696 9293946 infeasible   67       115.00000   76.01572  33.9%   6.9 3585s
 30414729 9299302   85.00000   58   19  115.00000   76.02532  33.9%   6.9 3590s
 30438527 9304759   78.00000   60   23  115.00000   76.03145  33.9%   6.9 3595s
 30457106 9309837   95.00000   57   21  115.00000   76.03896  33.9%   6.9 3600s

Cutting planes:
  Learned: 1
  Gomory: 2
  MIR: 1
  Flow cover: 5

Explored 30460329 nodes (209573934 simplex iterations) in 3600.02 seconds (747.53 work units)
Thread count was 16 (of 16 available processors)

Solution count 10: 115 116 123 ... 172

Time limit reached
Best objective 1.150000000000e+02, best bound 7.700000000000e+01, gap 33.0435%
Warning: constraint name "precedence between 0,2 to 0,0 if x_[j,l,h,z,i]=1" has a space
Warning: constraint name "precedence between 0,2 to 0,0 if x_[j,l,h,z,i]=1" has a space
Warning: default constraint names used to write mps file
