
Gurobi 10.0.1 (win64) logging started Sat Sep  9 10:27:14 2023

Set parameter LogFile to value "results-heuristic-start//log/BA_19_makespan.log"
Gurobi Optimizer version 10.0.1 build v10.0.1rc0 (win64)

CPU model: AMD Ryzen 7 3700X 8-Core Processor, instruction set [SSE2|AVX|AVX2]
Thread count: 8 physical cores, 16 logical processors, using up to 16 threads

Optimize a model with 2799 rows, 2201 columns and 12760 nonzeros
Model fingerprint: 0xa2dbd872
Variable types: 132 continuous, 2069 integer (2068 binary)
Coefficient statistics:
  Matrix range     [1e+00, 1e+06]
  Objective range  [1e+00, 1e+00]
  Bounds range     [1e+00, 1e+00]
  RHS range        [1e+00, 3e+06]

Warning: Completing partial solution with 2027 unfixed non-continuous variables out of 2069
User MIP start produced solution with objective 3532 (0.01s)
Loaded user MIP start with objective 3532

Presolve removed 165 rows and 1094 columns
Presolve time: 0.03s
Presolved: 2634 rows, 1107 columns, 12524 nonzeros
Variable types: 132 continuous, 975 integer (974 binary)
Found heuristic solution: objective 3531.0000000

Root relaxation: objective 8.500000e+01, 255 iterations, 0.01 seconds (0.00 work units)

    Nodes    |    Current Node    |     Objective Bounds      |     Work
 Expl Unexpl |  Obj  Depth IntInf | Incumbent    BestBd   Gap | It/Node Time

     0     0   85.00000    0   52 3531.00000   85.00000  97.6%     -    0s
H    0     0                    3529.0000000   85.00000  97.6%     -    0s
H    0     0                     566.0000000   85.00000  85.0%     -    0s
H    0     0                     520.0000000   85.00000  83.7%     -    0s
     0     0   85.00000    0   82  520.00000   85.00000  83.7%     -    0s
     0     0   87.59860    0   99  520.00000   87.59860  83.2%     -    0s
     0     0   89.33179    0  106  520.00000   89.33179  82.8%     -    0s
     0     0   89.93477    0  111  520.00000   89.93477  82.7%     -    0s
     0     0   89.96560    0  115  520.00000   89.96560  82.7%     -    0s
     0     0   89.98287    0  116  520.00000   89.98287  82.7%     -    0s
     0     0   89.98287    0  122  520.00000   89.98287  82.7%     -    0s
     0     0   91.20571    0  104  520.00000   91.20571  82.5%     -    0s
     0     0   91.48508    0   93  520.00000   91.48508  82.4%     -    0s
     0     0   91.48646    0  106  520.00000   91.48646  82.4%     -    0s
     0     0   91.48646    0  118  520.00000   91.48646  82.4%     -    0s
     0     0   92.18529    0  119  520.00000   92.18529  82.3%     -    0s
     0     0   92.20465    0  117  520.00000   92.20465  82.3%     -    0s
     0     0   92.20580    0  105  520.00000   92.20580  82.3%     -    0s
     0     0   92.20589    0  110  520.00000   92.20589  82.3%     -    0s
     0     0   92.20596    0  120  520.00000   92.20596  82.3%     -    0s
     0     0   92.20745    0  121  520.00000   92.20745  82.3%     -    0s
     0     0   92.22124    0  119  520.00000   92.22124  82.3%     -    0s
     0     0   92.22124    0  118  520.00000   92.22124  82.3%     -    0s
     0     0   92.22535    0  110  520.00000   92.22535  82.3%     -    0s
     0     0   92.22577    0  120  520.00000   92.22577  82.3%     -    0s
     0     0   92.25304    0  106  520.00000   92.25304  82.3%     -    0s
H    0     0                     516.0000000   92.25304  82.1%     -    0s
     0     0   92.34051    0  112  516.00000   92.34051  82.1%     -    0s
     0     0   92.38708    0  116  516.00000   92.38708  82.1%     -    0s
     0     0   92.38708    0  111  516.00000   92.38708  82.1%     -    0s
     0     0   92.40316    0  112  516.00000   92.40316  82.1%     -    0s
     0     0   92.40316    0  106  516.00000   92.40316  82.1%     -    0s
     0     0   92.40316    0  124  516.00000   92.40316  82.1%     -    0s
     0     0   93.00000    0   59  516.00000   93.00000  82.0%     -    1s
     0     0   93.00000    0   81  516.00000   93.00000  82.0%     -    1s
H    0     0                     515.0000000   93.00000  81.9%     -    1s
H    0     0                     513.0000000   93.00000  81.9%     -    1s
H    0     0                     506.0000000   93.00000  81.6%     -    1s
     0     0   93.00000    0   38  506.00000   93.00000  81.6%     -    1s
     0     0   93.00000    0   87  506.00000   93.00000  81.6%     -    1s
H    0     0                     492.0000000   93.00000  81.1%     -    2s
     0     0   93.00000    0   48  492.00000   93.00000  81.1%     -    2s
H    0     0                     490.0000000   93.00000  81.0%     -    2s
     0     0   93.00000    0   78  490.00000   93.00000  81.0%     -    2s
     0     0   93.00000    0   55  490.00000   93.00000  81.0%     -    2s
     0     0   93.00000    0   51  490.00000   93.00000  81.0%     -    2s
H    0     0                     482.0000000   93.00000  80.7%     -    2s
     0     2   93.00000    0   30  482.00000   93.00000  80.7%     -    2s
H   36    31                     481.0000000   93.00000  80.7%   395    2s
H   65    50                     480.0000000   93.00000  80.6%   287    3s
H   66    50                     472.0000000   93.00000  80.3%   287    3s
H  103    74                     458.0000000   93.00000  79.7%   221    3s
H  151   115                     454.0000000   93.00000  79.5%   188    3s
H  188   146                     452.0000000   93.00000  79.4%   165    4s
H  244   185                     435.0000000   93.00000  78.6%   145    4s
   319   221  134.35660   32   64  435.00000   93.00000  78.6%   122    5s
H  324   221                     433.0000000   93.00000  78.5%   121    5s
H  325   221                     432.0000000   93.00000  78.5%   122    5s
H  327   221                     431.0000000   93.00000  78.4%   121    5s
H 1454   868                     430.0000000   93.00000  78.4%  43.7    6s
H 1752   960                     429.0000000   95.00000  77.9%  46.1    9s
  1755   962  275.00001   78  112  429.00000   95.00000  77.9%  46.0   10s
H 1771   926                     426.0000000   96.00000  77.5%  58.6   12s
  1786   936  102.00000   33  103  426.00000   96.00000  77.5%  58.1   15s
H 1793   894                     424.0000000   96.00000  77.4%  68.2   16s
H 1824   883                     417.0000000   96.00000  77.0%  82.7   17s
H 1878   857                     416.0000000   96.00000  76.9%   105   17s
H 1928   840                     415.0000000   96.00000  76.9%   116   22s
H 1934   799                     413.0000000   96.00000  76.8%   116   22s
H 2022   785                     403.0000000   96.00000  76.2%   126   23s
H 2142   793                     401.0000000   96.00000  76.1%   127   24s
H 2143   760                     396.0000000   96.00000  75.8%   127   24s
  2283   783   97.54542   40  204  396.00000   96.00000  75.8%   127   27s
H 2293   748                     372.0000000   96.00000  74.2%   127   27s
H 3355  1025                     371.0000000   96.00000  74.1%   111   29s
  3519  1080  100.00000   47  185  371.00000   96.00000  74.1%   109   30s
H 4513  1655                     369.0000000   96.00000  74.0%   100   32s
H 5623  2379                     368.0000000   96.00000  73.9%  95.0   35s
H 6342  2778                     358.0000000   96.00000  73.2%  91.0   37s
  7028  2978  103.31133   64  185  358.00000   96.00000  73.2%  88.0   40s
  8089  3696  106.21977   69  171  358.00000   96.00000  73.2%  86.6   47s
  8863  4194  107.41090   75  167  358.00000   96.00000  73.2%  84.8   50s
 11197  5660  116.00000   84  159  358.00000   96.00000  73.2%  80.6   56s
 12629  6482  116.07177   87  164  358.00000   96.00000  73.2%  79.1   61s
 13321  6496  120.66967   92  165  358.00000   96.00000  73.2%  78.9   72s
H13336  6496                     357.0000000   96.00000  73.1%  79.0   72s
 13337  6763  120.33136   92  163  357.00000   96.00000  73.1%  79.1   76s
 14777  7806  169.96921   98  122  357.00000   96.00000  73.1%  76.8   81s
 16841  9034  166.31345  110  112  357.00000   96.00000  73.1%  74.2   88s
 17884  9638  189.25932  120   93  357.00000   96.00000  73.1%  73.6   92s
 18797  9977  203.00000  134   85  357.00000   96.00000  73.1%  72.6   96s
 19460 10796  256.00000  159   65  357.00000   96.00000  73.1%  72.7  100s
 20897 11533   96.00000   33  113  357.00000   96.00000  73.1%  71.5  106s
 22040 11883  157.00000   80   81  357.00000   96.00000  73.1%  71.0  111s
 22641 12393  120.53707   34  109  357.00000   96.00000  73.1%  71.3  117s
 23573 13225  126.02624   53   93  357.00000   97.00000  72.8%  71.5  123s
 25130 14139   98.00000   40  120  357.00000   97.00000  72.8%  71.5  128s
 26694 15308   97.00000   36  123  357.00000   97.00000  72.8%  75.3  134s
 28663 15429  136.31169   44  105  357.00000   97.00000  72.8%  79.7  155s
H28665 15427                     355.0000000   97.00000  72.7%  79.7  155s
H28685 15421                     354.0000000   97.00000  72.6%  80.0  155s
 28848 16217  149.00000   52   90  354.00000   97.00000  72.6%  81.1  161s
 30383 16960   98.00000   38  123  354.00000   97.00000  72.6%  84.4  170s
 31632 17154  125.00000   52  113  354.00000   97.00000  72.6%  87.0  187s
 31949 17877  159.00000   66   93  354.00000   97.00000  72.6%  88.5  196s
 33281 19328  153.00000   81   77  354.00000   97.00000  72.6%  91.0  204s
 34987 19328  193.06322  109   62  354.00000   97.00000  72.6%  93.5  205s
 35954 20569  114.00000   56  102  354.00000   97.00000  72.6%  94.7  213s
 38143 22735  100.39852   41  132  354.00000   97.00000  72.6%  99.5  223s
 41878 22736  102.00000   48   51  354.00000   97.00000  72.6%   102  249s
 41881 22738   98.00000   38  112  354.00000   97.00000  72.6%   102  250s
 41889 22743  342.00000  180  119  354.00000   98.00000  72.3%   102  256s
 41893 22746  173.00000   81   99  354.00000   99.00000  72.0%   102  260s
 41899 22750  113.00000   59  145  354.00000   99.00000  72.0%   102  265s
H41927 21636                     353.0000000   99.00000  72.0%   101  267s
H41941 20553                     352.0000000   99.26028  71.8%   101  267s
H41980 19544                     350.0000000   99.29504  71.6%   101  272s
H41986 18567                     349.0000000   99.29504  71.5%   101  272s
H41988 17639                     348.0000000   99.29504  71.5%   101  272s
H42184 16839                     347.0000000   99.29504  71.4%   102  274s
 42312 16880  104.00000   56   99  347.00000   99.29504  71.4%   102  275s
H42319 16042                     343.0000000   99.29504  71.1%   102  275s
H43148 15496                     340.0000000   99.29504  70.8%   103  277s
 43370 15491  107.00000   71  119  340.00000   99.29504  70.8%   103  282s
H43376 14730                     332.0000000   99.29504  70.1%   103  282s
 44499 15004  127.86539   86  110  332.00000   99.29504  70.1%   104  285s
 46512 15562  183.00000  132   72  332.00000   99.29504  70.1%   107  290s
 48101 15931  102.00000   52  114  332.00000  101.00000  69.6%   110  295s
 49706 16288  103.00000   50  124  332.00000  101.00000  69.6%   112  301s
 51027 16782  156.00000   77   83  332.00000  101.00000  69.6%   115  305s
 52486 16917  323.00000  128   37  332.00000  101.00000  69.6%   117  310s
 54243 17684  102.28123   54  109  332.00000  101.00000  69.6%   118  317s
 55399 17515  302.00000  127   47  332.00000  101.35452  69.5%   118  320s
 56988 18007  102.00000   54  119  332.00000  101.35452  69.5%   119  327s
 57467 18443  121.01942   83   90  332.00000  101.78602  69.3%   119  331s
 58684 19007  135.00000   71   99  332.00000  102.00000  69.3%   118  335s
 61331 19477  102.28131   51  124  332.00000  102.00000  69.3%   120  342s
 62776 19698  102.00000   55  103  332.00000  102.00000  69.3%   120  346s
 64010 20210  102.97419   57  119  332.00000  102.00000  69.3%   121  350s
 65615 20538  106.87005   56  112  332.00000  102.00000  69.3%   121  355s
 67144 21340  102.00000   53  105  332.00000  102.00000  69.3%   122  361s
 69502 21347  108.76280   56  136  332.00000  102.00000  69.3%   123  365s
 70911 22047  104.00000   56  116  332.00000  102.00000  69.3%   123  371s
 72892 22358  103.56758   55  112  332.00000  102.00000  69.3%   123  378s
 74575 23650  104.96553   55  117  332.00000  102.00000  69.3%   124  387s
 77692 23731  243.82376  111   47  332.00000  102.00000  69.3%   123  394s
 79684 24892  153.00000   96   85  332.00000  102.49687  69.1%   123  403s
 82833 25272  321.39192   99   52  332.00000  102.97109  69.0%   123  411s
 85333 25538  104.95985   54  119  332.00000  103.00000  69.0%   122  418s
 87069 27093  104.67200   56  118  332.00000  103.00000  69.0%   123  425s
 89649 27947  104.22582   56  115  332.00000  103.00000  69.0%   123  433s
 91178 28996  184.00000   97   65  332.00000  103.00000  69.0%   124  440s
 92989 30408  110.61689   59  118  332.00000  103.00000  69.0%   124  448s
 95456 31877  114.85649   60   94  332.00000  103.00000  69.0%   125  456s
 98131 33132  107.45061   58  132  332.00000  103.00000  69.0%   125  466s
 100330 34789  110.40277   67  113  332.00000  103.00000  69.0%   125  476s
 103234 36647  104.06073   51  122  332.00000  103.00000  69.0%   126  486s
H105452 36608                     329.0000000  103.00000  68.7%   125  486s
H105858 36586                     328.0000000  103.00000  68.6%   125  486s
 106423 37749  270.05647  116   52  328.00000  103.00000  68.6%   125  494s
 108337 39270  105.22021   64  103  328.00000  103.00000  68.6%   125  503s
 110992 40601  118.00000   67  105  328.00000  103.00000  68.6%   125  511s
 113302 41768  146.37274   88   86  328.00000  103.00000  68.6%   126  519s
 115462 42996  104.61180   55  118  328.00000  103.00000  68.6%   126  526s
 117515 43011  112.20887   74  118  328.00000  103.00000  68.6%   126  545s
 117531 43962  118.55414   75  109  328.00000  103.00000  68.6%   126  551s
 119149 44899  104.28551   60  121  328.00000  103.00000  68.6%   126  559s
 120755 45874  103.00000   66  109  328.00000  103.00000  68.6%   127  570s
H120876 45822                     327.0000000  103.00000  68.5%   127  570s
 122418 46815  130.14419   67   92  327.00000  103.00000  68.5%   127  577s
H123045 46770                     326.0000000  103.00000  68.4%   127  577s
 124104 48113  103.82525   52  131  326.00000  103.00000  68.4%   127  587s
H124384 48017                     324.0000000  103.00000  68.2%   127  587s
 126458 49428  105.07001   60  131  324.00000  103.00000  68.2%   128  597s
 128865 49440  142.39247   80   87  324.00000  103.00000  68.2%   128  644s
 128881 58845  143.00000   81   83  324.00000  103.00000  68.2%   128  712s
 144897 60138  139.68584   81  106  324.00000  103.00000  68.2%   130  727s
 147274 61355  112.41131   64  113  324.00000  103.00000  68.2%   129  740s
 149539 61874  121.13083   54  113  324.00000  103.00000  68.2%   129  748s
 150439 63593  105.96570   55  102  324.00000  103.00000  68.2%   129  763s
 153609 65001  105.15606   48  122  324.00000  103.00000  68.2%   130  777s
 155919 66550  132.00000   84   88  324.00000  103.00000  68.2%   130  790s
 158614 68445  104.68275   49  120  324.00000  103.00000  68.2%   131  806s
 161801 71266  116.25327   47  119  324.00000  103.00000  68.2%   131  827s
 166692 73681  103.29509   53  119  324.00000  103.00000  68.2%   130  846s
 170871 76425  226.00000  105   52  324.00000  103.13199  68.2%   129  867s
 175502 77054  123.31212   61  108  324.00000  103.25439  68.1%   129  873s
 176564 77887  105.71315   60  118  324.00000  103.28260  68.1%   129  880s
 178120 77903  114.30672   60  114  324.00000  103.31839  68.1%   129  909s
 178136 78819  114.75768   61  107  324.00000  103.31940  68.1%   129  915s
 179652 79766  119.00000   76   97  324.00000  103.34932  68.1%   129  922s
 181217 80773  108.31485   52  109  324.00000  103.39353  68.1%   129  930s
 182893 81985  106.23998   65  103  324.00000  103.42611  68.1%   129  938s
 185017 82956  297.99830  151   33  324.00000  103.42777  68.1%   128  945s
 186751 83873  149.99853   77   84  324.00000  103.48662  68.1%   128  952s
 188340 84497  139.00000   91   71  324.00000  103.52093  68.0%   128  958s
 189358 85430  139.00000   83   70  324.00000  103.53477  68.0%   128  966s
 191019 86489  130.26535   59   93  324.00000  103.57080  68.0%   128  974s
 192902 88734  296.21948  114   61  324.00000  103.62231  68.0%   128  991s
 196630 89751  190.00000   84   55  324.00000  103.70039  68.0%   128  999s
 198342 90873  106.10258   57  108  324.00000  103.74269  68.0%   128 1006s
 200209 91909  173.49912  113   61  324.00000  103.75629  68.0%   128 1013s
 202027 92902  104.93689   57  117  324.00000  103.78564  68.0%   128 1020s
 203723 93696  108.00000   70  117  324.00000  103.80848  68.0%   128 1026s
 205083 94873  106.00000   70  116  324.00000  103.82212  68.0%   128 1033s
 207379 95039  286.00000  155   45  324.00000  103.82554  68.0%   128 1037s
 207718 96014  113.00000   74   94  324.00000  103.83215  68.0%   128 1043s
 209318 97341  195.08195  105   75  324.00000  103.84973  67.9%   128 1051s
 211643 98334  132.58521   69   85  324.00000  103.86349  67.9%   127 1058s
 213355 100686  126.00000   78  115  324.00000  103.88059  67.9%   127 1073s
 217335 101621  178.95172   97   84  324.00000  103.90559  67.9%   127 1080s
 219022 102475  300.00000  120   33  324.00000  103.92867  67.9%   127 1085s
 220408 103502  249.00000  100   53  324.00000  103.93434  67.9%   127 1092s
 222167 104479  107.93867   52  108  324.00000  103.96366  67.9%   127 1098s
 223890 105438  110.48160   70   99  324.00000  103.96512  67.9%   127 1105s
 225557 106444  129.21497   74  102  324.00000  103.98002  67.9%   126 1112s
 227292 107154  146.00000   69   93  324.00000  103.99847  67.9%   126 1119s
 228572 108020  135.00271   63  123  324.00000  104.00000  67.9%   126 1126s
 230075 108036  106.61279   61  118  324.00000  104.00000  67.9%   126 1188s
 230091 108751  106.62389   62  113  324.00000  104.00000  67.9%   126 1196s
 231403 109549  121.00000   57  107  324.00000  104.00000  67.9%   127 1210s
H231697 109241                     320.0000000  104.00000  67.5%   127 1210s
 232736 110233  106.83296   57  116  320.00000  104.00000  67.5%   127 1220s
H233393 110111                     319.0000000  104.00000  67.4%   127 1220s
 234462 110938  117.54214   62  116  319.00000  104.00000  67.4%   127 1232s
 235902 112778  164.65005   82   83  319.00000  104.00000  67.4%   127 1248s
 239197 114386  111.53936   63  125  319.00000  104.00000  67.4%   127 1264s
 242168 115864  107.97820   62  120  319.00000  104.00000  67.4%   128 1279s
 243254 115864  114.50746   63   99  319.00000  104.00000  67.4%   128 1280s
 244658 117541  109.43262   56  119  319.00000  104.00000  67.4%   128 1295s
 247594 119044  106.65376   63  103  319.00000  104.00000  67.4%   128 1313s
 250204 120622  106.39208   65  107  319.00000  104.00000  67.4%   129 1332s
 252980 120633  115.11173   63  110  319.00000  104.00000  67.4%   129 1469s
 252996 122235  105.36771   63  113  319.00000  104.00000  67.4%   129 1490s
 255963 123140  130.67075   88   83  319.00000  104.00000  67.4%   129 1501s
 257622 124677  104.00000   57  108  319.00000  104.00000  67.4%   129 1517s
 260322 126197  104.00000   56  101  319.00000  104.00000  67.4%   129 1533s
 262980 127933  104.44138   58  110  319.00000  104.00000  67.4%   130 1550s
 266136 129168  105.56632   63  114  319.00000  104.00000  67.4%   130 1565s
 268351 130874  118.68023   60  130  319.00000  104.00000  67.4%   130 1581s
 271324 132550  105.00000   55  118  319.00000  104.00000  67.4%   130 1597s
 274286 133950  104.00000   59  101  319.00000  104.00000  67.4%   130 1609s
 276745 134110  104.00000   61  103  319.00000  104.00000  67.4%   130 1650s
 277068 143133  104.00000   61  100  319.00000  104.00000  67.4%   130 1732s
 292876 144283  111.02556   67  125  319.00000  104.00000  67.4%   132 1747s
 295090 145175  107.39109   66  107  319.00000  104.00000  67.4%   132 1757s
 296677 146688  107.01715   68  125  319.00000  104.00000  67.4%   132 1768s
 299328 147386  106.10231   66  128  319.00000  104.00000  67.4%   132 1776s
 300660 147398  106.00000   58  120  319.00000  104.00000  67.4%   132 1853s
 300676 148680  106.00000   59  109  319.00000  104.00000  67.4%   132 1868s
 303098 150322  105.25258   59  119  319.00000  104.00000  67.4%   132 1881s
 305945 151490  114.88130   55  130  319.00000  104.00000  67.4%   133 1892s
 307966 152471  122.24875   63  112  319.00000  104.00000  67.4%   133 1902s
 309676 153685  106.24707   59  111  319.00000  104.00000  67.4%   133 1912s
 311839 154993  105.53457   59  127  319.00000  104.00000  67.4%   134 1923s
 314142 156646  106.00000   66  110  319.00000  104.00000  67.4%   134 1937s
 317068 157686  307.03571  122   38  319.00000  104.00000  67.4%   134 1946s
 318906 158680  182.00000   80   73  319.00000  104.00000  67.4%   134 1956s
 320693 159455  140.00000   76   91  319.00000  104.00000  67.4%   134 1963s
 322127 161046  110.07354   69  105  319.00000  104.00000  67.4%   135 1977s
 324947 161812  116.52743   55  119  319.00000  104.00000  67.4%   135 1985s
 326312 163275  105.44532   55  121  319.00000  104.00000  67.4%   135 1996s
 328833 164592  106.00000   61  130  319.00000  104.00000  67.4%   135 2007s
 331194 165973  137.31582   86   86  319.00000  104.00000  67.4%   135 2019s
 333603 167121  107.64238   57  121  319.00000  104.00000  67.4%   135 2029s
 335632 169300  104.30586   58  113  319.00000  104.00000  67.4%   135 2045s
 339379 171772  105.40341   63  115  319.00000  104.00000  67.4%   135 2065s
 343786 173948  166.00000   90   67  319.00000  104.03582  67.4%   135 2082s
 347552 175057  202.00000   96   52  319.00000  104.08304  67.4%   135 2092s
 349660 175935  141.00000   76   94  319.00000  104.08538  67.4%   135 2100s
 351254 177249  108.89888   62  107  319.00000  104.09844  67.4%   134 2109s
 353524 178485  126.43126   77   88  319.00000  104.10465  67.4%   134 2117s
 355690 179544  104.79282   54  105  319.00000  104.12007  67.4%   134 2125s
 357546 180440 infeasible  115       319.00000  104.12800  67.4%   134 2133s
 359154 181541  123.41341   86  102  319.00000  104.14258  67.4%   134 2140s
 361053 182621  147.00000   75   85  319.00000  104.15476  67.3%   134 2147s
 363024 183631  116.94356   56  115  319.00000  104.16448  67.3%   134 2155s
 364883 185515  184.00000   93   66  319.00000  104.17656  67.3%   134 2170s
 368129 186565  140.98947   69  119  319.00000  104.20235  67.3%   134 2177s
 369944 187765 infeasible  106       319.00000  104.21786  67.3%   134 2186s
 372127 189201  119.00000   75   94  319.00000  104.23787  67.3%   134 2195s
 374637 190137  105.00000   55  113  319.00000  104.24978  67.3%   134 2203s
 376289 191150  106.19134   59  124  319.00000  104.26054  67.3%   134 2211s
 378104 192007  175.00000   78   86  319.00000  104.27370  67.3%   134 2218s
 379623 193152  132.00000   77   85  319.00000  104.29045  67.3%   134 2227s
 381604 194300  120.72476   64  117  319.00000  104.29937  67.3%   134 2236s
 383715 195784  117.00000   73  107  319.00000  104.30586  67.3%   134 2246s
 386428 198101  273.00625  173   40  319.00000  104.31677  67.3%   133 2266s
 390482 199376  180.00000  103   68  319.00000  104.34831  67.3%   133 2276s
 392751 199807  108.98668   60  103  319.00000  104.35155  67.3%   133 2283s
 393521 201123  148.26912   76   73  319.00000  104.35452  67.3%   133 2291s
 395871 202068  108.76154   61  125  319.00000  104.37378  67.3%   133 2299s
 397469 203085  120.49213   56  122  319.00000  104.38347  67.3%   133 2307s
 399250 203158 infeasible  101       319.00000  104.39725  67.3%   133 2317s
 399379 204138  258.00000  100   59  319.00000  104.39746  67.3%   133 2324s
 401068 205177  179.03019   81   66  319.00000  104.41031  67.3%   133 2333s
 402951 205937  105.24897   70  113  319.00000  104.43325  67.3%   133 2339s
 404287 206930  129.01794   62  101  319.00000  104.45635  67.3%   133 2347s
 406058 207960  110.49588   64  120  319.00000  104.47914  67.2%   133 2355s
 407865 207968  116.87702   62  102  319.00000  104.49419  67.2%   133 2433s
 407881 217015  116.93151   63  104  319.00000  104.49419  67.2%   133 2520s
 423897 217622  142.00000   64   82  319.00000  104.62849  67.2%   132 2531s
 424986 218846  120.23500   68  106  319.00000  104.63395  67.2%   132 2541s
 427194 219977  122.19740   56   95  319.00000  104.66649  67.2%   132 2550s
 429174 222580  117.06579   67   89  319.00000  104.67887  67.2%   132 2570s
 433650 223653  107.00000   60   99  319.00000  104.70241  67.2%   132 2579s
 435568 224563  141.72158   72   92  319.00000  104.71864  67.2%   132 2586s
 437119 225368  126.00000   66   88  319.00000  104.72856  67.2%   132 2593s
 438512 226228  157.23650   93   82  319.00000  104.73762  67.2%   132 2600s
 440103 226935  110.96362   66  122  319.00000  104.74922  67.2%   132 2608s
 441341 227872  243.00000   95   59  319.00000  104.76300  67.2%   132 2615s
 442978 228813  126.42738   59  113  319.00000  104.77380  67.2%   132 2623s
 444652 229799  159.97164   86   63  319.00000  104.78862  67.2%   131 2631s
 446300 230750  106.81440   66  116  319.00000  104.78897  67.2%   131 2639s
 447981 231513  172.00000   85   84  319.00000  104.80689  67.1%   131 2646s
 449456 232582  108.22623   67  106  319.00000  104.81140  67.1%   131 2654s
 451383 234695  230.00000  119   63  319.00000  104.81756  67.1%   131 2673s
 455249 235963  317.72873  126   48  319.00000  104.84278  67.1%   131 2682s
 457358 236996  140.54109   69   93  319.00000  104.84890  67.1%   131 2690s
 459125 237006  139.00000   94   81  319.00000  104.85578  67.1%   131 2794s
 459141 238089  142.00000   95   81  319.00000  104.85597  67.1%   131 2803s
 461108 238960  298.00000  110   49  319.00000  104.86291  67.1%   131 2810s
 462743 239836  118.84885   65   84  319.00000  104.87364  67.1%   131 2816s
 464262 240818  269.43757  109   41  319.00000  104.88196  67.1%   131 2823s
 466009 241677  120.00000   60  106  319.00000  104.88550  67.1%   131 2830s
 467584 242527  137.00000   68   90  319.00000  104.89236  67.1%   131 2836s
 469121 243445  197.36632   77   66  319.00000  104.90251  67.1%   131 2842s
 470678 244475  150.96336   84   77  319.00000  104.90804  67.1%   131 2850s
 472538 246818  123.00000   88   96  319.00000  104.91041  67.1%   131 2868s
 476683 247718  116.48117   71   81  319.00000  104.92512  67.1%   131 2875s
 478287 248567  105.24648   55  115  319.00000  104.93689  67.1%   130 2882s
 479772 249446  108.00000   66  111  319.00000  104.94393  67.1%   130 2889s
 481406 250376  171.00000   78   83  319.00000  104.94966  67.1%   130 2896s
 482984 251397  123.00000   63   99  319.00000  104.95755  67.1%   130 2903s
 484761 252317  117.79815   71  104  319.00000  104.96337  67.1%   130 2910s
 486434 253177  212.23988   87   85  319.00000  104.97058  67.1%   130 2918s
 488007 254222  114.23576   67   89  319.00000  104.97623  67.1%   130 2925s
 489807 255122  176.00000   90   83  319.00000  104.98103  67.1%   130 2932s
 491393 256072  109.49330   66   98  319.00000  104.98756  67.1%   130 2939s
 493088 258121  302.00000  139   38  319.00000  104.99455  67.1%   130 2957s
 496747 259420  115.06580   60  120  319.00000  105.00000  67.1%   130 2970s
 499033 260644  105.68366   72  114  319.00000  105.00000  67.1%   130 2982s
 501149 262002  105.29453   70  118  319.00000  105.00000  67.1%   130 2994s
 503578 263465  108.21462   71  117  319.00000  105.00000  67.1%   130 3007s
 506186 264860  130.00000   88   84  319.00000  105.00000  67.1%   130 3020s
 508705 266375  105.00000   54  114  319.00000  105.00000  67.1%   130 3035s
 511399 267721  107.99354   61  107  319.00000  105.00000  67.1%   130 3048s
 513723 269151  130.00000   66   94  319.00000  105.00000  67.1%   131 3061s
 516182 270810  111.64051   55  131  319.00000  105.00000  67.1%   131 3074s
 519116 272069  107.03478   56  115  319.00000  105.00000  67.1%   131 3087s
 521410 272808  105.49239   71  117  319.00000  105.00000  67.1%   131 3099s
 522698 274494  105.02987   61  107  319.00000  105.00000  67.1%   131 3114s
 524503 274494  106.36493   63  112  319.00000  105.00000  67.1%   131 3115s
 525854 275852  122.70279   63  106  319.00000  105.00000  67.1%   131 3130s
 528336 276794  105.00000   59  103  319.00000  105.00000  67.1%   131 3143s
 529885 278779  147.00000   79   83  319.00000  105.00000  67.1%   131 3160s
 533340 280306  114.32586   64  120  319.00000  105.00000  67.1%   131 3175s
 535963 281928  107.58090   69  117  319.00000  105.00000  67.1%   131 3190s
 538799 283257  109.90533   60  121  319.00000  105.00000  67.1%   131 3202s
 541047 284758  105.43076   61  117  319.00000  105.00000  67.1%   131 3217s
 543729 286030  109.92030   64  129  319.00000  105.00000  67.1%   131 3230s
 546001 287383  105.67025   62  105  319.00000  105.00000  67.1%   131 3243s
 548352 288828  108.07594   67  113  319.00000  105.00000  67.1%   131 3257s
 550873 290168  107.10984   57  120  319.00000  105.00000  67.1%   131 3273s
 553233 292515  107.80921   64  121  319.00000  105.00000  67.1%   131 3295s
 557312 294005  120.36026   61  105  319.00000  105.00000  67.1%   131 3309s
 559957 295383  117.11302   69  127  319.00000  105.00000  67.1%   131 3324s
 562338 296866  187.00000   84   78  319.00000  105.00000  67.1%   131 3340s
 565060 298603  108.57123   67  121  319.00000  105.00000  67.1%   132 3359s
 568173 299837  110.98621   57  117  319.00000  105.00000  67.1%   132 3375s
 570475 301157  105.00000   64  111  319.00000  105.00000  67.1%   132 3388s
 572979 302915  126.88848   65  100  319.00000  105.00000  67.1%   132 3407s
 576119 304751  238.00000   86   52  319.00000  105.00000  67.1%   132 3428s
 579402 305534  112.65888   60  118  319.00000  105.00000  67.1%   132 3441s
 580831 307126  108.39922   69  101  319.00000  105.00000  67.1%   132 3462s
 583807 308972  105.00000   71  109  319.00000  105.00000  67.1%   132 3483s
 587073 310243  107.78723   68  103  319.00000  105.00000  67.1%   132 3505s
 589420 312167  176.00000   85   78  319.00000  105.00000  67.1%   132 3527s
 592800 312180  142.29722   81   94  319.00000  105.00000  67.1%   132 3614s

Cutting planes:
  Learned: 785
  Gomory: 178
  Cover: 15
  Implied bound: 2
  MIR: 4986
  Flow cover: 8791
  Inf proof: 2
  Relax-and-lift: 24

Explored 592816 nodes (78553018 simplex iterations) in 3614.69 seconds (2769.34 work units)
Thread count was 16 (of 16 available processors)

Solution count 10: 319 320 324 ... 343

Time limit reached
Best objective 3.190000000000e+02, best bound 1.050000000000e+02, gap 67.0846%
Warning: constraint name "precedence between 0,2 to 0,0 if x_[j,l,h,z,i]=1" has a space
Warning: constraint name "precedence between 0,2 to 0,0 if x_[j,l,h,z,i]=1" has a space
Warning: default constraint names used to write mps file
