
Gurobi 10.0.1 (win64) logging started Sat Sep  9 07:26:55 2023

Set parameter LogFile to value "results-heuristic-start//log/BA_17_deadline.log"
Gurobi Optimizer version 10.0.1 build v10.0.1rc0 (win64)

CPU model: AMD Ryzen 7 3700X 8-Core Processor, instruction set [SSE2|AVX|AVX2]
Thread count: 8 physical cores, 16 logical processors, using up to 16 threads

Optimize a model with 1821 rows, 1241 columns and 8078 nonzeros
Model fingerprint: 0x1c1c1946
Model has 1 quadratic constraint
Variable types: 96 continuous, 1145 integer (1144 binary)
Coefficient statistics:
  Matrix range     [1e+00, 1e+06]
  QMatrix range    [1e+00, 1e+00]
  QLMatrix range   [1e+00, 2e+01]
  Objective range  [1e+00, 1e+00]
  Bounds range     [1e+00, 1e+00]
  RHS range        [1e+00, 3e+06]

Warning: Completing partial solution with 1115 unfixed non-continuous variables out of 1145
User MIP start produced solution with objective 2243 (0.02s)
User MIP start produced solution with objective 2240 (0.02s)
Loaded user MIP start with objective 2240

Presolve removed 111 rows and 532 columns
Presolve time: 0.02s
Presolved: 1735 rows, 733 columns, 8049 nonzeros
Variable types: 120 continuous, 613 integer (612 binary)

Root relaxation: objective 0.000000e+00, 178 iterations, 0.00 seconds (0.00 work units)

    Nodes    |    Current Node    |     Objective Bounds      |     Work
 Expl Unexpl |  Obj  Depth IntInf | Incumbent    BestBd   Gap | It/Node Time

     0     0    0.00000    0   11 2240.00000    0.00000   100%     -    0s
H    0     0                    2239.0000000    0.00000   100%     -    0s
H    0     0                     193.0000000    0.00000   100%     -    0s
     0     0    0.00000    0   28  193.00000    0.00000   100%     -    0s
     0     0    0.00000    0   28  193.00000    0.00000   100%     -    0s
     0     0    0.00000    0   21  193.00000    0.00000   100%     -    0s
     0     0    0.00000    0    9  193.00000    0.00000   100%     -    0s
H    0     0                     191.0000000    0.00000   100%     -    0s
     0     0    0.00000    0   10  191.00000    0.00000   100%     -    0s
     0     0    0.00000    0    7  191.00000    0.00000   100%     -    0s
     0     0    0.00000    0   30  191.00000    0.00000   100%     -    0s
H    0     0                     153.0000000    0.00000   100%     -    0s
     0     0    0.00000    0   17  153.00000    0.00000   100%     -    0s
     0     0    0.00000    0   24  153.00000    0.00000   100%     -    0s
     0     0    0.00000    0   24  153.00000    0.00000   100%     -    0s
     0     0    0.00000    0   40  153.00000    0.00000   100%     -    0s
H    0     0                     143.0000000    0.00000   100%     -    1s
     0     0    0.00000    0   24  143.00000    0.00000   100%     -    1s
     0     0    0.00000    0   34  143.00000    0.00000   100%     -    1s
     0     0    0.00000    0   26  143.00000    0.00000   100%     -    1s
     0     0    0.00000    0   22  143.00000    0.00000   100%     -    1s
     0     2    0.00000    0   22  143.00000    0.00000   100%     -    1s
H  288   333                     142.0000000    0.00000   100%  30.9    1s
H  427   515                     141.0000000    0.00000   100%  23.8    1s
H  735   532                     136.0000000    0.00000   100%  17.5    2s
  1589  1048   91.00000   42   68  136.00000    1.00000  99.3%  16.5    5s
H 1770  1116                     134.0000000    1.00000  99.3%  34.1    9s
  1790  1136    3.71429   44   48  134.00000    1.00000  99.3%  34.1   10s
H 1825  1092                     133.0000000    1.00000  99.2%  34.3   10s
H 1843  1037                     132.0000000    1.00000  99.2%  34.4   10s
  3374  2026   69.00000   83   25  132.00000    1.00000  99.2%  27.0   15s
H16119  9962                     130.0000000    1.00000  99.2%  16.3   18s
 25977 16664   22.00000   62   36  130.00000    1.00000  99.2%  14.8   20s
*41437 25661             107     129.0000000    1.00000  99.2%  14.1   24s
*41438 25502             107     127.0000000    1.00000  99.2%  14.1   24s
 41942 27228 infeasible   57       127.00000    1.00000  99.2%  14.1   27s
H52192 31837                     126.0000000    1.00000  99.2%  14.1   29s
 55128 35213  122.00000   92    9  126.00000    1.00000  99.2%  14.2   30s
H70695 43460                     124.0000000    1.00000  99.2%  13.8   33s
H70848 43017                     122.0000000    1.00000  99.2%  13.8   33s
H74728 43120                     119.0000000    1.00000  99.2%  13.9   35s
H74731 42537                     117.0000000    1.00000  99.1%  13.9   35s
H74736 39609                     107.0000000    1.00000  99.1%  13.9   35s
H75878 38198                     100.0000000    1.00000  99.0%  13.9   37s
*83399 42773             109      98.0000000    1.00000  99.0%  14.3   39s
 87564 46329   87.00000   78   26   98.00000    1.00000  99.0%  14.4   40s
 105968 55811 infeasible   75        98.00000    1.00000  99.0%  14.8   45s
 126270 66108   50.00000   66   45   98.00000    1.00000  99.0%  14.9   51s
 141978 75353   40.97059   62   44   98.00000    1.00000  99.0%  15.1   56s
 149976 79343   46.00000   75   32   98.00000    1.00000  99.0%  15.2   60s
 170415 90821   71.00000   77   27   98.00000    1.00000  99.0%  15.4   66s
 182237 99658    8.00000   60   53   98.00000    1.00000  99.0%  15.7   70s
H187870 100078                      96.0000000    1.00000  99.0%  15.6   72s
 189782 100061   28.00000   56   48   96.00000    1.00000  99.0%  15.6   77s
 199109 106466   68.88235   80   31   96.00000    1.00000  99.0%  15.7   80s
 204270 107956 infeasible   69        96.00000    1.00000  99.0%  15.8   85s
 219677 117898   13.00000   56   51   96.00000    1.00000  99.0%  15.9   90s
 238068 129373   58.00000   86   35   96.00000    1.00000  99.0%  15.9   95s
 248014 133662   45.00000   66   36   96.00000    1.00000  99.0%  15.9  100s
 268909 145905   71.00000   82   23   96.00000    1.00000  99.0%  15.9  105s
 286545 153774   75.00000   90   29   96.00000    1.00000  99.0%  15.9  110s
 303449 166338   55.00000   72   33   96.00000    1.00000  99.0%  15.9  115s
 328485 177129    2.00000   59   50   96.00000    1.00000  99.0%  15.8  122s
 329353 178805   42.00000   69   38   96.00000    1.00000  99.0%  15.8  125s
 346676 188831 infeasible   90        96.00000    1.00000  99.0%  15.9  130s
 360964 195561    2.00000   56   56   96.00000    1.00000  99.0%  15.9  135s
 379952 207078   39.00000   66   42   96.00000    1.00000  99.0%  15.9  140s
 405735 220532 infeasible   77        96.00000    1.00000  99.0%  15.8  147s
 415816 227272 infeasible   88        96.00000    1.00000  99.0%  15.8  150s
 436730 239562   61.00000   69   30   96.00000    1.00000  99.0%  15.8  155s
 449626 244192   15.00000   65   43   96.00000    1.00000  99.0%  15.8  161s
 462712 254548   94.00000   93   20   96.00000    1.00000  99.0%  15.8  165s
 488122 265944   27.00000   65   52   96.00000    1.00000  99.0%  15.8  171s
 490818 268269   15.00000   65   46   96.00000    1.00000  99.0%  15.8  175s
 507983 279782    1.00000   56   44   96.00000    1.00000  99.0%  15.9  180s
 518005 283417   16.00000   66   45   96.00000    1.00000  99.0%  16.0  185s
 540874 296243 infeasible   89        96.00000    1.00000  99.0%  15.9  190s
 558200 304968    3.00000   64   54   96.00000    1.00000  99.0%  15.9  196s
 571926 313228   54.00000   80   37   96.00000    1.00000  99.0%  15.9  200s
 587038 322052   92.00000   92   17   96.00000    1.00000  99.0%  15.9  205s
 597605 326986   62.20000   69   35   96.00000    1.00000  99.0%  15.9  210s
 606129 332982   70.00000   77   28   96.00000    1.00000  99.0%  16.0  215s
 622365 340945 infeasible   80        96.00000    1.00000  99.0%  16.0  221s
 631827 348706    3.00000   61   44   96.00000    1.00000  99.0%  16.0  225s
 652630 360592   71.00000   72   28   96.00000    1.00000  99.0%  16.0  230s
 668460 366759   47.00000   72   37   96.00000    1.00000  99.0%  16.0  235s
 683900 376499 infeasible   93        96.00000    1.00000  99.0%  16.1  240s
 706489 388677 infeasible   83        96.00000    1.00000  99.0%  16.0  247s
 714797 396503 infeasible   63        96.00000    1.00000  99.0%  16.1  250s
 723546 399210   19.00000   55   41   96.00000    1.00000  99.0%  16.1  255s
 732151 403748   38.00000   67   35   96.00000    1.00000  99.0%  16.1  260s
 750319 413995   25.00000   73   44   96.00000    1.00000  99.0%  16.2  265s
 769038 425654   28.00000   69   43   96.00000    1.00000  99.0%  16.1  270s
 780025 432205   41.00000   71   48   96.00000    1.00000  99.0%  16.2  275s
 800610 442671 infeasible   95        96.00000    1.00000  99.0%  16.1  280s
 815468 450392    1.00000   56   46   96.00000    1.00000  99.0%  16.1  286s
 828321 460883   10.00000   61   46   96.00000    1.00000  99.0%  16.1  290s
 847936 470654   56.00000   67   31   96.00000    1.00000  99.0%  16.1  295s
 864806 479002   22.00000   54   39   96.00000    1.00000  99.0%  16.1  300s
 874060 486565   15.20120   61   60   96.00000    1.00000  99.0%  16.1  305s
 892322 497028    1.00000   61   55   96.00000    1.00000  99.0%  16.1  310s
 900295 498549    8.00000   61   46   96.00000    1.00000  99.0%  16.1  316s
 911843 506511   48.00000   64   35   96.00000    1.00000  99.0%  16.1  320s
 933768 519087   39.00000   64   37   96.00000    1.00000  99.0%  16.1  325s
 942320 523339   81.00000   79   27   96.00000    1.00000  99.0%  16.1  330s
 961780 534126   37.00000   74   34   96.00000    1.00000  99.0%  16.1  335s
 980356 546738   24.00000   64   38   96.00000    1.00000  99.0%  16.1  340s
 990144 550112   77.03750   87   28   96.00000    1.00000  99.0%  16.1  345s
 1005000 558038   25.00000   71   43   96.00000    1.00000  99.0%  16.1  351s
 1011962 561390   82.00000   78   35   96.00000    1.00000  99.0%  16.1  356s
 1021247 567976   52.00000   77   41   96.00000    1.00000  99.0%  16.1  360s
 1039659 577192 infeasible   84        96.00000    1.00000  99.0%  16.1  365s
 1044357 588317    9.00000   54   38   96.00000    1.00000  99.0%  16.1  374s
 1055368 588317   14.00000   72   46   96.00000    1.00000  99.0%  16.2  375s
 1071838 596319   10.00000   62   43   96.00000    1.00000  99.0%  16.1  380s
 1089810 605472   51.00000   79   37   96.00000    1.00000  99.0%  16.1  387s
 1091673 606631   25.00000   62   44   96.00000    1.00000  99.0%  16.1  390s
 1106187 615835   61.00000   73   43   96.00000    1.00000  99.0%  16.1  395s
 1122973 624997   70.13699   85   26   96.00000    1.00000  99.0%  16.1  400s
 1129077 627549   70.00000   78   34   96.00000    1.00000  99.0%  16.1  406s
 1129096 636272 infeasible   79        96.00000    1.00000  99.0%  16.1  411s
 1147727 641177   80.00000   74   42   96.00000    1.00000  99.0%  16.1  415s
 1153529 650220   11.00000   64   45   96.00000    1.00000  99.0%  16.1  423s
 1169545 651456   18.00000   64   71   96.00000    1.00000  99.0%  16.2  425s
 1187705 661817   73.00000   81   32   96.00000    1.00000  99.0%  16.1  430s
 1197662 667328   56.00000   78   38   96.00000    1.00000  99.0%  16.1  435s
 1212390 676025   61.00000   75   31   96.00000    1.00000  99.0%  16.1  440s
 1229136 685722   48.00000   79   42   96.00000    1.00000  99.0%  16.1  445s
 1242469 691272 infeasible   88        96.00000    1.00000  99.0%  16.1  450s
 1242581 700091   13.00000   64   47   96.00000    1.00000  99.0%  16.1  456s
 1264807 706322   78.00000   75   32   96.00000    1.00000  99.0%  16.1  461s
 1273820 708142   45.00000   62   44   96.00000    1.00000  99.0%  16.1  466s
 1281418 714868   90.00000   84   24   96.00000    1.00000  99.0%  16.1  470s
 1300074 723220   30.00000   58   41   96.00000    1.00000  99.0%  16.1  475s
 1311936 728984   89.00000   71   25   96.00000    1.00000  99.0%  16.1  481s
 1317125 732667   73.00000   80   32   96.00000    1.00000  99.0%  16.1  485s
 1330226 740600   10.00000   66   53   96.00000    1.00000  99.0%  16.1  490s
 1349155 750417   11.00000   69   43   96.00000    1.00000  99.0%  16.1  495s
 1357633 754705   61.00000   74   39   96.00000    1.00000  99.0%  16.1  500s
 1367804 762725   82.00000   84   32   96.00000    1.00000  99.0%  16.1  505s
 1386692 771671   82.00000   84   28   96.00000    1.00000  99.0%  16.1  510s
 1393407 783567   16.00000   61   47   96.00000    1.00000  99.0%  16.1  519s
 1401415 783567   68.00000   86   23   96.00000    1.00000  99.0%  16.1  520s
 1409520 787164   19.00000   60   47   96.00000    1.00000  99.0%  16.2  525s
 1427948 795285   88.00000   74   30   96.00000    1.00000  99.0%  16.2  530s
 1436017 798628   29.00000   62   34   96.00000    1.00000  99.0%  16.2  535s
 1449647 807052 infeasible   68        96.00000    1.00000  99.0%  16.2  540s
 1467996 817407   69.00000   74   38   96.00000    1.00000  99.0%  16.1  545s
 1481046 823635   44.00000   74   42   96.00000    1.00000  99.0%  16.1  552s
 1481064 823647   44.20450   75   41   96.00000    1.00000  99.0%  16.1  555s
 1489916 829675   83.00000   81   28   96.00000    1.00000  99.0%  16.2  560s
 1499840 833525    8.00000   61   46   96.00000    1.00000  99.0%  16.2  566s
 1506993 838947    4.00000   58   53   96.00000    1.00000  99.0%  16.2  570s
 1521825 846761   50.00000   60   39   96.00000    1.00000  99.0%  16.2  575s
 1536117 855555   78.00000   62   28   96.00000    1.00000  99.0%  16.2  580s
 1546414 859668   58.00000   71   34   96.00000    1.00000  99.0%  16.2  585s
 1559376 866937   13.00000   56   50   96.00000    1.00000  99.0%  16.2  590s
 1573839 876454    9.00000   57   51   96.00000    1.00000  99.0%  16.2  596s
 1588370 883380    1.00000   50   57   96.00000    1.00000  99.0%  16.2  600s
 1595265 887710   21.00000   54   43   96.00000    1.00000  99.0%  16.2  605s
 1609974 896254    7.00000   67   47   96.00000    1.00000  99.0%  16.2  610s
 1622596 904220   34.00000   74   42   96.00000    1.00000  99.0%  16.2  615s
 1637639 910191   48.00000   66   41   96.00000    1.00000  99.0%  16.2  621s
 1638167 911928   72.00000   74   31   96.00000    1.00000  99.0%  16.2  626s
 1647501 917664   70.00000   73   39   96.00000    1.00000  99.0%  16.2  631s
 1650943 919275   76.00000   71   32   96.00000    1.00000  99.0%  16.2  635s
 1661428 924452   22.00000   71   40   96.00000    1.00000  99.0%  16.2  640s
 1673705 932127   89.00000   79   21   96.00000    1.00000  99.0%  16.2  645s
 1686894 939670   30.04070   72   43   96.00000    1.00000  99.0%  16.2  650s
 1692911 942339   37.00000   78   43   96.00000    1.00000  99.0%  16.2  655s
 1704951 949077   43.00000   75   40   96.00000    1.00000  99.0%  16.2  660s
 1717444 957384   68.00000   97   29   96.00000    1.00000  99.0%  16.2  665s
 1733060 964483 infeasible   81        96.00000    1.00000  99.0%  16.2  670s
 1738169 967520   59.00000   80   38   96.00000    1.00000  99.0%  16.2  675s
 1747861 974678   29.00000   63   42   96.00000    1.00000  99.0%  16.2  680s
 1763545 982285    2.00000   68   63   96.00000    1.00000  99.0%  16.2  685s
 1776245 989034 infeasible   90        96.00000    1.00000  99.0%  16.2  690s
 1783230 991760   89.00000   90   21   96.00000    1.00000  99.0%  16.2  696s
 1786603 994034   90.00000   89   18   96.00000    1.00000  99.0%  16.2  702s
 1788992 996721   41.00000   80   41   96.00000    1.00000  99.0%  16.2  705s
 1798662 1001920   16.00000   75   55   96.00000    1.00000  99.0%  16.2  711s
 1807213 1006366   82.00000   87   28   96.00000    1.00000  99.0%  16.2  715s
 1814819 1009280   19.00000   57   48   96.00000    1.00000  99.0%  16.2  720s
 1822517 1015660   17.00000   74   50   96.00000    1.00000  99.0%  16.2  726s
 1833089 1019977   85.00000   81   35   96.00000    1.00000  99.0%  16.2  730s
 1843651 1025634   54.00000   71   38   96.00000    1.00000  99.0%  16.2  735s
 1856186 1031763    8.00000   68   51   96.00000    1.00000  99.0%  16.2  743s
 1859225 1034259   34.00000   72   42   96.00000    1.00000  99.0%  16.2  745s
 1869520 1040156     cutoff   84        96.00000    1.00000  99.0%  16.2  750s
 1880503 1046645 infeasible   90        96.00000    1.00000  99.0%  16.2  755s
 1892184 1053725   60.00000   86   31   96.00000    1.00000  99.0%  16.2  760s
 1904229 1059681 infeasible   93        96.00000    1.00000  99.0%  16.2  765s
 1908529 1061960     cutoff   73        96.00000    1.00000  99.0%  16.2  770s
 1917475 1069070   17.00000   60   49   96.00000    1.00000  99.0%  16.2  776s
 1926145 1071287   38.00670   73   47   96.00000    1.00000  99.0%  16.2  780s
 1936422 1078209 infeasible   83        96.00000    1.00000  99.0%  16.2  785s
 1947957 1083486   36.00000   73   42   96.00000    1.00000  99.0%  16.2  793s
 1951460 1086059   17.00000   62   45   96.00000    1.00000  99.0%  16.2  795s
 1963475 1092285   41.00000   65   43   96.00000    1.00000  99.0%  16.2  800s
 1966748 1094124   28.00000   68   49   96.00000    1.00000  99.0%  16.2  805s
 1975797 1100489    1.00000   50   55   96.00000    1.00000  99.0%  16.2  810s
 1985327 1104523   34.60000   72   39   96.00000    1.00000  99.0%  16.2  816s
 1990586 1109358   53.00000   75   34   96.00000    1.00000  99.0%  16.2  820s
 2003425 1115673    5.00000   65   63   96.00000    1.00000  99.0%  16.2  825s
 2015697 1122687 infeasible   88        96.00000    1.00000  99.0%  16.2  830s
 2027812 1130280 infeasible   54        96.00000    1.00000  99.0%  16.2  835s
 2035234 1132898   25.00000   72   47   96.00000    1.00000  99.0%  16.2  841s
 2040691 1137430   93.04938   81   20   96.00000    1.00000  99.0%  16.2  845s
 2052901 1144547   20.04082   65   47   96.00000    1.00000  99.0%  16.2  850s
 2057317 1145965    9.00000   58   56   96.00000    1.00000  99.0%  16.2  855s
 2067894 1151646   54.00000   76   37   96.00000    1.00746  99.0%  16.2  860s
 2072065 1153954   16.00000   69   40   96.00000    1.03571  98.9%  16.2  865s
 2081664 1159380 infeasible   85        96.00000    1.04592  98.9%  16.2  870s
 2093781 1166228   84.00000   72   32   96.00000    1.07042  98.9%  16.2  875s
 2104992 1172648   11.00000   68   45   96.00000    1.12081  98.8%  16.2  880s
 2117569 1179110   56.00000   74   43   96.00000    1.27684  98.7%  16.1  885s
 2120084 1180600   92.00000   77   27   96.00000    1.60000  98.3%  16.1  890s
 2130232 1185578   48.00000   80   38   96.00000    1.81818  98.1%  16.1  895s
 2139929 1192406     cutoff   74        96.00000    2.00000  97.9%  16.1  900s
 2150302 1199979   87.00000   77   24   96.00000    2.00000  97.9%  16.1  906s
 2162995 1204385   41.00000   68   42   96.00000    2.00000  97.9%  16.1  910s
 2172974 1212802   63.00000   71   36   96.00000    2.00000  97.9%  16.1  917s
 2183366 1215714   29.00000   77   44   96.00000    2.00000  97.9%  16.0  920s
 2194309 1223995   81.00000   81   29   96.00000    2.00000  97.9%  16.0  926s
 2204893 1227780   65.00000   73   31   96.00000    2.00000  97.9%  16.0  930s
 2215116 1234126   13.00000   60   52   96.00000    2.00000  97.9%  16.0  935s
 2223848 1239896   64.11940   86   31   96.00000    2.00000  97.9%  16.0  940s
 2236873 1245851 infeasible   86        96.00000    2.00000  97.9%  15.9  945s
 2245689 1251573   89.04196   81   28   96.00000    2.00000  97.9%  15.9  950s
 2258686 1257701   32.00000   63   46   96.00000    2.00000  97.9%  15.9  956s
 2267648 1263380   69.00000   72   34   96.00000    2.00000  97.9%  15.9  960s
 2277627 1268876   73.00000   88   27   96.00000    2.00000  97.9%  15.9  965s
 2288737 1273808 infeasible   84        96.00000    2.00000  97.9%  15.8  970s
 2292065 1275790 infeasible   70        96.00000    2.00000  97.9%  15.8  975s
 2301540 1280507 infeasible   75        96.00000    2.00000  97.9%  15.8  980s
 2308269 1286014   70.00000   79   36   96.00000    2.00000  97.9%  15.8  985s
 2322712 1292528    9.58333   64   54   96.00000    2.00000  97.9%  15.8  990s
 2333875 1298400 infeasible   84        96.00000    2.00000  97.9%  15.8  996s
 2343468 1303524    3.00000   63   49   96.00000    2.00000  97.9%  15.7 1000s
 2350277 1309610   51.00000   81   30   96.00000    2.00000  97.9%  15.7 1005s
 2363867 1315430   35.00000   67   39   96.00000    2.00000  97.9%  15.7 1010s
 2372063 1321800   70.00000   76   32   96.00000    2.00000  97.9%  15.7 1015s
 2382477 1327722   16.00000   54   43   96.00000    2.00000  97.9%  15.7 1020s
 2391484 1334812 infeasible   78        96.00000    2.00000  97.9%  15.6 1025s
 2403574 1340533   17.00000   56   48   96.00000    2.00000  97.9%  15.6 1030s
 2414103 1347854   89.00000   72   22   96.00000    2.00000  97.9%  15.6 1036s
 2426768 1352260 infeasible   81        96.00000    2.00000  97.9%  15.6 1040s
 2433203 1358317    2.00000   60   50   96.00000    2.00000  97.9%  15.6 1045s
 2446970 1364267   38.00000   63   38   96.00000    2.00000  97.9%  15.5 1050s
 2460062 1371038   35.00000   73   38   96.00000    2.00000  97.9%  15.5 1055s
 2469447 1377528   62.00000   68   36   96.00000    2.00000  97.9%  15.5 1060s
 2479337 1383997   43.00000   72   33   96.00000    2.00000  97.9%  15.5 1066s
 2489585 1389046   76.00000   93   27   96.00000    2.00000  97.9%  15.5 1070s
 2499917 1396308   69.00000   87   25   96.00000    2.00000  97.9%  15.4 1077s
 2509665 1400145   69.00000   66   32   96.00000    2.00000  97.9%  15.4 1080s
 2519012 1406317   68.00000   76   31   96.00000    2.00000  97.9%  15.4 1085s
 2530873 1411513   93.00000   67   29   96.00000    2.00000  97.9%  15.4 1090s
 2540490 1416907   58.00000   86   39   96.00000    2.00000  97.9%  15.4 1095s
 2549877 1423038   55.00000   70   40   96.00000    2.00000  97.9%  15.4 1100s
 2562558 1429343   77.00000   76   30   96.00000    2.00000  97.9%  15.3 1106s
 2573173 1434377   25.00000   76   40   96.00000    2.00000  97.9%  15.3 1110s
 2580719 1439769    4.75862   64   47   96.00000    2.00000  97.9%  15.3 1115s
 2591932 1444696 infeasible   92        96.00000    2.00000  97.9%  15.3 1121s
 2599130 1449836   69.12605   75   38   96.00000    2.00000  97.9%  15.3 1125s
 2610559 1456850   38.00000   77   40   96.00000    2.00000  97.9%  15.3 1131s
 2621527 1460997   78.00000   95   30   96.00000    2.00000  97.9%  15.2 1135s
 2631238 1467163   20.00000   65   41   96.00000    2.00000  97.9%  15.2 1141s
 2640333 1473400    3.09292   57   49   96.00000    2.00000  97.9%  15.2 1146s
 2650783 1478716   79.00000   84   26   96.00000    2.00000  97.9%  15.2 1151s
 2659891 1482916   25.00000   68   51   96.00000    2.00000  97.9%  15.2 1155s
 2669202 1488725   18.00000   71   45   96.00000    2.00000  97.9%  15.2 1160s
 2680400 1496098   73.00000   75   32   96.00000    2.00000  97.9%  15.2 1167s
 2689322 1499234   63.00000   86   39   96.00000    2.00000  97.9%  15.2 1170s
 2699835 1504290 infeasible   65        96.00000    2.00000  97.9%  15.1 1176s
 2708976 1510007   16.00000   72   47   96.00000    2.00000  97.9%  15.1 1181s
 2719605 1515601   66.00000   79   35   96.00000    2.00000  97.9%  15.1 1186s
 2725608 1519216   24.31169   63   43   96.00000    2.00000  97.9%  15.1 1190s
 2737952 1525732   74.00000   74   28   96.00000    2.00000  97.9%  15.1 1195s
 2749191 1533051   70.00000   74   25   96.00000    2.00000  97.9%  15.1 1201s
 2760103 1536568   58.00000   72   37   96.00000    2.00000  97.9%  15.1 1205s
 2768003 1543810   64.00000   69   36   96.00000    2.00000  97.9%  15.0 1210s
 2779774 1548898   52.00000   72   35   96.00000    2.00000  97.9%  15.0 1215s
 2788571 1555443   30.00000   70   42   96.00000    2.00000  97.9%  15.0 1220s
 2801066 1560795   49.00000   67   34   96.00000    2.00000  97.9%  15.0 1225s
 2809193 1566377   29.00000   68   41   96.00000    2.00000  97.9%  15.0 1230s
 2821606 1570644   67.00000   78   28   96.00000    2.00000  97.9%  15.0 1235s
 2830593 1577358   82.00000   72   29   96.00000    2.00000  97.9%  15.0 1241s
 2841711 1581164   60.32530   73   35   96.00000    2.00000  97.9%  14.9 1245s
 2852670 1587256 infeasible   99        96.00000    2.00000  97.9%  14.9 1251s
 2861105 1591454   61.00000   71   33   96.00000    2.00000  97.9%  14.9 1255s
 2871417 1598654   70.00000   77   35   96.00000    2.00000  97.9%  14.9 1261s
 2877682 1602580   86.11538   89   25   96.00000    2.00000  97.9%  14.9 1265s
 2890253 1608431   75.00000   75   37   96.00000    2.00000  97.9%  14.9 1270s
 2900641 1614538   78.00000   80   32   96.00000    2.00000  97.9%  14.9 1277s
 2907147 1617259   88.00000   79   31   96.00000    2.00000  97.9%  14.9 1280s
 2917824 1622754 infeasible   91        96.00000    2.00000  97.9%  14.9 1285s
 2929640 1629459    4.00000   69   58   96.00000    2.00000  97.9%  14.9 1291s
 2940595 1634424   30.00000   63   38   96.00000    2.00000  97.9%  14.8 1295s
 2952445 1641314   62.00000   67   38   96.00000    2.00000  97.9%  14.8 1301s
 2964003 1645993 infeasible   76        96.00000    2.00000  97.9%  14.8 1305s
 2975908 1653165 infeasible   74        96.00000    2.00000  97.9%  14.8 1310s
 2988246 1660245   26.00000   67   38   96.00000    2.00000  97.9%  14.8 1316s
 2998681 1665272   88.12245   67   35   96.00000    2.00000  97.9%  14.8 1320s
 3011435 1671424 infeasible   77        96.00000    2.00000  97.9%  14.8 1325s
 3020012 1676929 infeasible   77        96.00000    2.00000  97.9%  14.8 1330s
 3033639 1682723   56.00000   78   33   96.00000    2.00000  97.9%  14.7 1335s
 3042796 1688150   15.00000   67   51   96.00000    2.00000  97.9%  14.7 1340s
 3056374 1694443 infeasible   89        96.00000    2.00000  97.9%  14.7 1345s
 3065259 1700344    4.00000   71   47   96.00000    2.00000  97.9%  14.7 1350s
 3075875 1705728   50.00000   66   44   96.00000    2.00000  97.9%  14.7 1355s
 3088139 1710701 infeasible   87        96.00000    2.00000  97.9%  14.7 1360s
 3099283 1717397    2.00000   62   45   96.00000    2.00000  97.9%  14.7 1365s
 3110447 1723575   21.00000   66   40   96.00000    2.00000  97.9%  14.7 1370s
 3123396 1731181   51.00000   74   50   96.00000    2.00000  97.9%  14.6 1376s
 3134066 1736679   19.00000   67   40   96.00000    2.00000  97.9%  14.6 1381s
 3144351 1740471 infeasible   84        96.00000    2.00000  97.9%  14.6 1385s
 3157161 1748037 infeasible  109        96.00000    2.00000  97.9%  14.6 1391s
 3167815 1754861    4.00000   72   46   96.00000    2.00000  97.9%  14.6 1397s
 3178170 1758221   51.00000   75   36   96.00000    2.00000  97.9%  14.6 1400s
 3188535 1763774 infeasible   78        96.00000    2.00000  97.9%  14.6 1405s
 3200428 1769451   37.00000   63   40   96.00000    2.00000  97.9%  14.6 1410s
 3209932 1774966   49.00000   80   27   96.00000    2.00000  97.9%  14.6 1415s
 3222298 1781381 infeasible   74        96.00000    2.00000  97.9%  14.6 1420s
 3231052 1786160   62.00000   80   35   96.00000    2.00000  97.9%  14.6 1425s
 3240737 1791145   73.11111   77   31   96.00000    2.00000  97.9%  14.6 1430s
 3251622 1798898   15.00000   71   45   96.00000    2.00000  97.9%  14.6 1436s
 3264272 1803586   11.00000   64   52   96.00000    2.00000  97.9%  14.6 1440s
 3275115 1810266    2.00000   71   50   96.00000    2.00000  97.9%  14.6 1446s
 3283369 1815833   18.17371   72   51   96.00000    2.00000  97.9%  14.6 1450s
 3293989 1821276   42.00000   60   39   96.00000    2.00000  97.9%  14.6 1455s
 3304303 1825807 infeasible   74        96.00000    2.00000  97.9%  14.6 1460s
 3316763 1832412    2.00000   63   46   96.00000    2.00000  97.9%  14.6 1465s
 3326974 1837719   43.00000   83   34   96.00000    2.00000  97.9%  14.6 1470s
 3337505 1844182   13.00000   67   43   96.00000    2.00000  97.9%  14.6 1475s
 3347322 1848495   28.00000   70   51   96.00000    2.00000  97.9%  14.6 1480s
 3357607 1854017   63.00000   86   30   96.00000    2.00000  97.9%  14.6 1485s
 3365128 1860209   71.03571   85   33   96.00000    2.00000  97.9%  14.6 1490s
 3378567 1864948   61.00000   72   37   96.00000    2.00000  97.9%  14.6 1495s
 3389249 1870395   63.00000   74   36   96.00000    2.00000  97.9%  14.6 1500s
 3399570 1876009   20.00000   65   49   96.00000    2.00000  97.9%  14.6 1505s
 3407440 1881924   95.00000   68   36   96.00000    2.00000  97.9%  14.6 1511s
 3419469 1885814    3.00000   70   54   96.00000    2.00000  97.9%  14.6 1515s
 3428718 1891059   31.00000   67   37   96.00000    2.00000  97.9%  14.6 1520s
 3438544 1896027    2.00000   57   44   96.00000    2.00000  97.9%  14.6 1525s
 3447108 1902052   32.00000   67   51   96.00000    2.00000  97.9%  14.6 1530s
 3457814 1906480   10.00000   65   47   96.00000    2.00000  97.9%  14.6 1535s
 3466689 1912369 infeasible   68        96.00000    2.00000  97.9%  14.6 1540s
 3477157 1917923   32.01239   68   44   96.00000    2.00000  97.9%  14.6 1545s
 3490026 1923727   38.00000   70   39   96.00000    2.00000  97.9%  14.6 1550s
 3496515 1929339   67.00000   80   35   96.00000    2.00000  97.9%  14.6 1555s
 3509526 1935122   18.10526   70   52   96.00000    2.00000  97.9%  14.6 1560s
 3519507 1942674   10.00000   58   51   96.00000    2.00000  97.9%  14.6 1567s
 3528723 1945659 infeasible   98        96.00000    2.00000  97.9%  14.6 1570s
 3538329 1951810   62.00000   81   40   96.00000    2.00000  97.9%  14.6 1575s
 3549708 1957022   71.00000   71   31   96.00000    2.00000  97.9%  14.6 1580s
 3561606 1962687   30.00000   69   41   96.00000    2.00000  97.9%  14.6 1585s
 3572801 1968667 infeasible   88        96.00000    2.00000  97.9%  14.6 1591s
 3583050 1974176 infeasible   86        96.00000    2.00000  97.9%  14.6 1596s
 3591339 1978288 infeasible   93        96.00000    2.00000  97.9%  14.6 1600s
 3598356 1983240   21.07947   67   45   96.00000    2.00000  97.9%  14.6 1605s
 3610764 1989685   30.00000   71   48   96.00000    2.00000  97.9%  14.6 1611s
 3620520 1994606   53.00000   78   38   96.00000    2.00000  97.9%  14.6 1615s
 3627802 1999098   65.00000   73   31   96.00000    2.00000  97.9%  14.6 1620s
 3640755 2005406   33.00000   79   36   96.00000    2.00000  97.9%  14.6 1625s
 3650813 2012430   86.00000   98   20   96.00000    2.00000  97.9%  14.6 1631s
 3659877 2015225   12.00000   69   48   96.00000    2.00000  97.9%  14.6 1635s
 3669196 2020458   73.00000   76   29   96.00000    2.00000  97.9%  14.6 1640s
 3681048 2025281   30.00000   67   43   96.00000    2.00000  97.9%  14.6 1645s
 3688669 2030606 infeasible   66        96.00000    2.00000  97.9%  14.6 1650s
 3699598 2034664   77.00000   79   35   96.00000    2.00000  97.9%  14.6 1655s
 3708218 2040359   34.00000   71   46   96.00000    2.00000  97.9%  14.6 1660s
 3718709 2045859   79.00000   84   33   96.00000    2.00000  97.9%  14.6 1665s
 3729796 2051500    2.00000   61   49   96.00000    2.00000  97.9%  14.6 1671s
 3736509 2056009   53.00000   69   28   96.00000    2.00000  97.9%  14.6 1675s
 3748608 2059983   52.00000   76   38   96.00000    2.00000  97.9%  14.6 1680s
 3758323 2065409   38.00000   69   35   96.00000    2.00000  97.9%  14.6 1685s
 3768740 2070446   23.00000   66   40   96.00000    2.00000  97.9%  14.6 1690s
 3777410 2075528   12.00000   71   46   96.00000    2.00000  97.9%  14.6 1695s
 3787539 2079514   44.00000   70   42   96.00000    2.00000  97.9%  14.6 1700s
 3795814 2085298   27.00000   67   48   96.00000    2.00000  97.9%  14.6 1705s
 3806722 2092198   44.00000   71   38   96.00000    2.00000  97.9%  14.6 1712s
 3815333 2095543   92.00000   73   24   96.00000    2.00000  97.9%  14.6 1716s
 3824874 2100474   54.00000   68   37   96.00000    2.00000  97.9%  14.6 1720s
 3835174 2104693   71.00000   82   38   96.00000    2.00000  97.9%  14.6 1725s
 3843493 2110844   42.00000   69   40   96.00000    2.00000  97.9%  14.6 1730s
 3851291 2115008    9.00000   76   42   96.00000    2.00000  97.9%  14.6 1735s
 3863560 2121058   81.00000   82   35   96.00000    2.00000  97.9%  14.6 1741s
 3873166 2125187   21.00000   62   42   96.00000    2.00000  97.9%  14.6 1745s
 3881535 2129515   69.00000   75   31   96.00000    2.00000  97.9%  14.6 1750s
 3889756 2134877   79.00000   72   25   96.00000    2.00000  97.9%  14.6 1755s
 3900208 2139155   20.00000   73   46   96.00000    2.00000  97.9%  14.6 1760s
 3909014 2145287   45.62143   73   35   96.00000    2.00000  97.9%  14.6 1765s
 3919189 2150547    8.00000   64   51   96.00000    2.00000  97.9%  14.6 1771s
 3930046 2154722 infeasible   75        96.00000    2.00000  97.9%  14.6 1776s
 3935896 2159578   11.00000   71   52   96.00000    2.00000  97.9%  14.6 1780s
 3946469 2163809     cutoff   90        96.00000    2.00000  97.9%  14.6 1785s
 3955027 2169091   93.00000   74   25   96.00000    2.00000  97.9%  14.6 1790s
 3966180 2173638   47.00000   76   42   96.00000    2.00000  97.9%  14.6 1795s
 3976287 2178974     cutoff   74        96.00000    2.00000  97.9%  14.6 1800s
 3982318 2184752   23.03936   59   50   96.00000    2.00000  97.9%  14.6 1805s
 3994586 2189820   29.00000   68   39   96.00000    2.00000  97.9%  14.6 1810s
 4004318 2196556 infeasible   82        96.00000    2.00000  97.9%  14.6 1817s
 4014155 2199678   65.00000   87   32   96.00000    2.00000  97.9%  14.6 1820s
 4024377 2205374   94.00000   81   30   96.00000    2.00000  97.9%  14.6 1826s
 4032137 2209570   54.00000   74   35   96.00000    2.00000  97.9%  14.6 1830s
 4039823 2214951   31.33333   59   33   96.00000    2.00000  97.9%  14.6 1835s
 4051412 2219667   18.00000   60   49   96.00000    2.00000  97.9%  14.6 1840s
 4060944 2224242   90.00000   74   34   96.00000    2.00000  97.9%  14.6 1845s
 4070774 2229261   41.00000   69   49   96.00000    2.00000  97.9%  14.6 1850s
 4080334 2234295   32.00000   63   38   96.00000    2.00000  97.9%  14.6 1855s
 4089583 2239274   63.00000   76   45   96.00000    2.00000  97.9%  14.6 1860s
 4094247 2243436   14.07077   64   43   96.00000    2.00000  97.9%  14.6 1865s
 4106627 2248430   47.00000   81   45   96.00000    2.00000  97.9%  14.6 1870s
 4113582 2253728   25.00000   71   51   96.00000    2.00000  97.9%  14.6 1875s
 4125433 2258074 infeasible   83        96.00000    2.00000  97.9%  14.6 1881s
 4134364 2262967   86.03774   78   38   96.00000    2.00000  97.9%  14.6 1886s
 4141934 2266764   36.00000   81   48   96.00000    2.00000  97.9%  14.6 1890s
 4144631 2267645   82.00000   92   32   96.00000    2.00000  97.9%  14.6 1896s
 4148916 2271162   91.00000   68   30   96.00000    2.00000  97.9%  14.6 1901s
 4157700 2275564    5.00000   72   49   96.00000    2.00000  97.9%  14.6 1906s
 4159257 2279328   12.00000   59   47   96.00000    2.00000  97.9%  14.6 1910s
 4171573 2282902 infeasible   85        96.00000    2.00000  97.9%  14.6 1915s
 4179934 2289601    6.00000   71   49   96.00000    2.00000  97.9%  14.6 1922s
 4186864 2292431   67.00000   90   29   96.00000    2.00000  97.9%  14.6 1925s
 4197745 2296744   74.00000   79   28   96.00000    2.00000  97.9%  14.6 1931s
 4203221 2301389   33.00000   71   47   96.00000    2.00000  97.9%  14.6 1935s
 4212586 2304916   90.00000   73   29   96.00000    2.00000  97.9%  14.6 1940s
 4221743 2310367   60.00000   59   33   96.00000    2.00000  97.9%  14.6 1945s
 4229604 2314297   23.00000   70   48   96.00000    2.00000  97.9%  14.6 1950s
 4236694 2319537   59.00000   65   30   96.00000    2.00000  97.9%  14.6 1955s
 4244032 2324504   95.00000   70   27   96.00000    2.00000  97.9%  14.6 1961s
 4253418 2328133   87.00000   70   38   96.00000    2.00000  97.9%  14.6 1965s
 4263092 2332896   27.00000   65   44   96.00000    2.00000  97.9%  14.6 1971s
 4271245 2336086   91.00000   93   24   96.00000    2.00000  97.9%  14.6 1975s
 4277974 2339511   20.00000   75   42   96.00000    2.00000  97.9%  14.6 1980s
 4287670 2344621   39.00000   67   34   96.00000    2.00000  97.9%  14.6 1985s
 4295762 2350230 infeasible   92        96.00000    2.00000  97.9%  14.6 1991s
 4304399 2353538     cutoff   70        96.00000    2.00000  97.9%  14.6 1995s
 4312678 2357707   27.03571   65   54   96.00000    2.00000  97.9%  14.6 2000s
 4320006 2362048   54.00000   73   46   96.00000    2.00000  97.9%  14.6 2005s
 4327828 2365380   89.00000   87   25   96.00000    2.00000  97.9%  14.6 2010s
 4336405 2370364   55.00000   63   32   96.00000    2.00000  97.9%  14.6 2016s
 4345001 2373690   74.00000   83   35   96.00000    2.00000  97.9%  14.6 2020s
 4353350 2379103   48.00000   76   38   96.00000    2.00000  97.9%  14.6 2026s
 4359319 2382197 infeasible   78        96.00000    2.00000  97.9%  14.6 2030s
 4368693 2386837   38.00000   71   39   96.00000    2.00000  97.9%  14.6 2035s
 4378474 2390584   48.00000   76   34   96.00000    2.00000  97.9%  14.6 2041s
 4385994 2394368   56.00000   73   30   96.00000    2.00000  97.9%  14.6 2046s
 4392688 2397838    6.00000   61   64   96.00000    2.00000  97.9%  14.6 2050s
 4400971 2401693   26.00000   71   47   96.00000    2.00000  97.9%  14.6 2055s
 4408377 2406498   25.04592   69   49   96.00000    2.00000  97.9%  14.6 2060s
 4416940 2412506   61.00000   83   37   96.00000    2.00000  97.9%  14.6 2067s
 4423834 2413833   23.00000   63   47   96.00000    2.00000  97.9%  14.6 2070s
 4433415 2418613   68.69565   74   39   96.00000    2.00000  97.9%  14.6 2075s
 4440404 2422799   54.00000   77   37   96.00000    2.00000  97.9%  14.6 2081s
 4449221 2426484   66.00000   69   38   96.00000    2.00000  97.9%  14.6 2085s
 4455043 2430736   78.00000   79   32   96.00000    2.00000  97.9%  14.6 2090s
 4465125 2434761 infeasible  101        96.00000    2.00000  97.9%  14.6 2095s
 4472017 2439483   52.00000   70   31   96.00000    2.00000  97.9%  14.6 2100s
 4480778 2443927   26.00000   71   42   96.00000    2.00000  97.9%  14.6 2105s
 4491783 2448356 infeasible  101        96.00000    2.00000  97.9%  14.6 2110s
 4499447 2452187   48.80909   70   41   96.00000    2.00000  97.9%  14.6 2115s
 4508159 2456936 infeasible   89        96.00000    2.00000  97.9%  14.6 2120s
 4516095 2461076   60.00000   84   33   96.00000    2.00000  97.9%  14.6 2125s
 4523946 2465148   73.96078   83   36   96.00000    2.03497  97.9%  14.6 2130s
 4533030 2470064   15.00000   66   45   96.00000    2.03936  97.9%  14.6 2135s
 4543290 2475809   57.00000   71   30   96.00000    2.04070  97.9%  14.6 2140s
 4552701 2480715    4.00000   61   54   96.00000    2.04070  97.9%  14.6 2145s
 4560165 2484843   22.00000   65   36   96.00000    2.04082  97.9%  14.6 2150s
 4567131 2489793   34.00000   75   37   96.00000    2.04644  97.9%  14.6 2155s
 4577810 2495031   12.00000   63   57   96.00000    2.05248  97.9%  14.6 2160s
 4586789 2498752   44.70968   79   40   96.00000    2.05248  97.9%  14.6 2165s
 4597154 2504061 infeasible  109        96.00000    2.05625  97.9%  14.6 2170s
 4603962 2508483   78.00000   74   29   96.00000    2.06538  97.8%  14.6 2175s
 4610695 2513297   60.00000   81   32   96.00000    2.07721  97.8%  14.6 2180s
 4620927 2516743   13.07721   63   50   96.00000    2.07721  97.8%  14.6 2185s
 4628976 2521375   94.00000   72   42   96.00000    2.07747  97.8%  14.6 2190s
 4637643 2524748   66.97561   79   31   96.00000    2.07820  97.8%  14.6 2195s
 4646973 2530601   85.00000   77   21   96.00000    2.09639  97.8%  14.6 2200s
 4654813 2534600   33.00000   71   49   96.00000    2.09912  97.8%  14.6 2205s
 4667084 2539860   41.00000   74   43   96.00000    2.13419  97.8%  14.6 2210s
 4676068 2545978   79.00000   83   24   96.00000    2.18543  97.7%  14.6 2215s
 4687493 2550969   63.00000   70   32   96.00000    2.41176  97.5%  14.6 2220s
 4697460 2557281   67.00000   74   41   96.00000    2.60000  97.3%  14.6 2225s
 4708670 2562083   91.00000   75   36   96.00000    3.00000  96.9%  14.6 2230s
 4717848 2568444   69.00000   66   37   96.00000    3.00000  96.9%  14.5 2236s
 4727355 2570985   60.00000   68   28   96.00000    3.00000  96.9%  14.5 2240s
 4735642 2576567   43.00000   70   39   96.00000    3.00000  96.9%  14.5 2245s
 4746037 2581965 infeasible   90        96.00000    3.00000  96.9%  14.5 2251s
 4755570 2587645   84.00000   78   39   96.00000    3.00000  96.9%  14.5 2256s
 4761314 2591698   43.00000   77   37   96.00000    3.00000  96.9%  14.5 2260s
 4772287 2596378   77.00000   85   37   96.00000    3.00000  96.9%  14.5 2266s
 4780802 2599963 infeasible   78        96.00000    3.00000  96.9%  14.5 2270s
 4790839 2606737   68.00000   80   30   96.00000    3.00000  96.9%  14.5 2276s
 4799412 2611152   46.00000   66   43   96.00000    3.00000  96.9%  14.5 2280s
 4810458 2615984   24.00000   68   38   96.00000    3.00000  96.9%  14.5 2286s
 4819636 2621077   88.28947   71   27   96.00000    3.00000  96.9%  14.5 2290s
 4827438 2627706    5.00000   59   45   96.00000    3.00000  96.9%  14.5 2295s
 4839684 2634042   22.00000   73   43   96.00000    3.00000  96.9%  14.5 2301s
 4848414 2640027   28.00000   71   40   96.00000    3.00000  96.9%  14.4 2307s
 4855678 2643746   73.00000   70   35   96.00000    3.00000  96.9%  14.4 2310s
 4868898 2649357   81.00000   77   33   96.00000    3.00000  96.9%  14.4 2316s
 4877314 2653794 infeasible   88        96.00000    3.00000  96.9%  14.4 2320s
 4886171 2658299   49.00000   81   45   96.00000    3.00000  96.9%  14.4 2325s
 4892268 2664694    4.00000   62   46   96.00000    3.00000  96.9%  14.4 2331s
 4901828 2668588   34.00000   68   38   96.00000    3.00000  96.9%  14.4 2335s
 4911793 2673026   60.95016   78   38   96.00000    3.00000  96.9%  14.4 2340s
 4920286 2678535   12.00000   71   47   96.00000    3.00000  96.9%  14.4 2345s
 4932161 2683890 infeasible   78        96.00000    3.00000  96.9%  14.4 2350s
 4938998 2688247     cutoff   91        96.00000    3.00000  96.9%  14.4 2355s
 4951865 2693697 infeasible   79        96.00000    3.00000  96.9%  14.4 2361s
 4958204 2699387   50.00000   69   49   96.00000    3.00000  96.9%  14.4 2366s
 4968665 2703936   17.00000   73   46   96.00000    3.00000  96.9%  14.4 2371s
 4977195 2707913   67.00000   73   44   96.00000    3.00000  96.9%  14.4 2375s
 4986690 2714294   87.00000   77   29   96.00000    3.00000  96.9%  14.4 2381s
 4996152 2718806   85.00000   81   23   96.00000    3.00000  96.9%  14.3 2386s
 5001568 2723519   49.00000   84   31   96.00000    3.00000  96.9%  14.3 2390s
 5014789 2728843   73.00000   90   25   96.00000    3.00000  96.9%  14.3 2395s
 5025552 2734994   60.00000   64   43   96.00000    3.00000  96.9%  14.3 2401s
 5033573 2741294   77.00000   67   36   96.00000    3.00000  96.9%  14.3 2405s
 5044110 2746228 infeasible   77        96.00000    3.00000  96.9%  14.3 2411s
 5052074 2752117   81.00000   84   26   96.00000    3.00000  96.9%  14.3 2415s
 5062984 2757836    9.00000   58   49   96.00000    3.00000  96.9%  14.3 2421s
 5071051 2762067 infeasible   82        96.00000    3.00000  96.9%  14.3 2425s
 5078796 2767887   42.00000   61   37   96.00000    3.00000  96.9%  14.3 2430s
 5089506 2772340   56.00000   66   35   96.00000    3.00000  96.9%  14.3 2435s
 5096710 2777684   64.00000   70   34   96.00000    3.00000  96.9%  14.3 2440s
 5105522 2783834    4.00000   62   45   96.00000    3.00000  96.9%  14.3 2445s
 5117100 2788713   77.00000   91   26   96.00000    3.00000  96.9%  14.3 2450s
 5125728 2793991   75.00000   83   23   96.00000    3.00000  96.9%  14.3 2455s
 5131132 2797993   62.00000   79   27   96.00000    3.00000  96.9%  14.3 2460s
 5142777 2802167   26.00000   82   47   96.00000    3.00000  96.9%  14.2 2465s
 5152590 2809726   93.00000   72   29   96.00000    3.00000  96.9%  14.2 2471s
 5161854 2813359 infeasible   93        96.00000    3.00000  96.9%  14.2 2475s
 5171880 2819898   89.00000   91   30   96.00000    3.00000  96.9%  14.2 2480s
 5181507 2824646   46.00000   76   32   96.00000    3.00000  96.9%  14.2 2485s
 5191069 2830002 infeasible   85        96.00000    3.00000  96.9%  14.2 2491s
 5198243 2836218   12.00000   64   48   96.00000    3.00000  96.9%  14.2 2497s
 5205197 2838857 infeasible   73        96.00000    3.00000  96.9%  14.2 2501s
 5213750 2842144 infeasible   82        96.00000    3.00000  96.9%  14.2 2506s
 5218607 2847090   72.00000   93   31   96.00000    3.00000  96.9%  14.2 2511s
 5228812 2850043   55.00000   78   34   96.00000    3.00000  96.9%  14.2 2515s
 5236710 2854174   62.00000   79   30   96.00000    3.00000  96.9%  14.2 2520s
 5242893 2859574   36.00000   63   36   96.00000    3.00000  96.9%  14.2 2527s
 5249306 2861411   80.00000   73   27   96.00000    3.00000  96.9%  14.2 2530s
 5257010 2866637   95.00000   81   25   96.00000    3.00000  96.9%  14.2 2536s
 5262559 2869911   47.00000   73   40   96.00000    3.00000  96.9%  14.2 2540s
 5272890 2873208   29.00000   78   41   96.00000    3.00000  96.9%  14.2 2545s
 5279861 2878495   78.00000   69   32   96.00000    3.00000  96.9%  14.2 2550s
 5285108 2882814   24.00000   67   40   96.00000    3.00000  96.9%  14.2 2556s
 5296253 2885602   66.00000   89   25   96.00000    3.00000  96.9%  14.2 2560s
 5301839 2889278   19.00000   67   46   96.00000    3.00000  96.9%  14.2 2565s
 5311348 2893759 infeasible   81        96.00000    3.00000  96.9%  14.1 2571s
 5317322 2896929 infeasible   73        96.00000    3.00000  96.9%  14.1 2575s
 5324206 2901786   32.00000   66   38   96.00000    3.00000  96.9%  14.1 2580s
 5329804 2905305   22.00000   68   42   96.00000    3.00000  96.9%  14.1 2585s
 5340073 2908894 infeasible   82        96.00000    3.00000  96.9%  14.1 2590s
 5345947 2912923    4.00000   66   46   96.00000    3.00000  96.9%  14.1 2595s
 5350926 2917402   33.00000   68   43   96.00000    3.00000  96.9%  14.1 2600s
 5360278 2920263   65.00000   76   37   96.00000    3.00000  96.9%  14.1 2605s
 5368795 2924384 infeasible   79        96.00000    3.00000  96.9%  14.1 2610s
 5376842 2929871    3.00000   55   49   96.00000    3.00000  96.9%  14.1 2616s
 5384855 2933963   61.00000   72   43   96.00000    3.00000  96.9%  14.1 2621s
 5391916 2938127   94.00000   69   22   96.00000    3.00000  96.9%  14.1 2626s
 5399242 2941453   92.00000   96   19   96.00000    3.00000  96.9%  14.1 2630s
 5407949 2946828   37.00000   73   42   96.00000    3.00000  96.9%  14.1 2635s
 5415398 2952451   24.00000   66   41   96.00000    3.00000  96.9%  14.1 2642s
 5421180 2955692   23.00000   52   45   96.00000    3.00000  96.9%  14.1 2646s
 5430017 2960537 infeasible   87        96.00000    3.00000  96.9%  14.1 2651s
 5434655 2963664   55.00000   71   41   96.00000    3.00000  96.9%  14.1 2655s
 5443995 2967215 infeasible   77        96.00000    3.00000  96.9%  14.1 2660s
 5452593 2971955   32.00000   74   43   96.00000    3.00000  96.9%  14.1 2666s
 5458005 2975166   68.00000   86   35   96.00000    3.00000  96.9%  14.0 2670s
 5465557 2979218   94.00000   79   29   96.00000    3.00000  96.9%  14.0 2675s
 5474177 2985837   41.00000   60   35   96.00000    3.00000  96.9%  14.0 2681s
 5479501 2989336   55.00000   74   46   96.00000    3.00000  96.9%  14.0 2685s
 5489859 2993057     cutoff   89        96.00000    3.00000  96.9%  14.0 2691s
 5494987 2997351 infeasible   78        96.00000    3.00000  96.9%  14.0 2695s
 5504585 3001262   69.00000   86   31   96.00000    3.00000  96.9%  14.0 2700s
 5512327 3005438     cutoff   72        96.00000    3.00000  96.9%  14.0 2705s
 5520445 3010340   52.00000   87   32   96.00000    3.00000  96.9%  14.0 2711s
 5528282 3014322   10.00000   67   48   96.00000    3.00000  96.9%  14.0 2716s
 5535005 3018128   71.33129   62   47   96.00000    3.00000  96.9%  14.0 2721s
 5539789 3020683   78.00000   85   28   96.00000    3.00000  96.9%  14.0 2725s
 5547606 3024553   60.00000   72   34   96.00000    3.00000  96.9%  14.0 2730s
 5555423 3028695   58.00000   78   36   96.00000    3.00000  96.9%  14.0 2735s
 5564379 3034250 infeasible   89        96.00000    3.00000  96.9%  14.0 2741s
 5571733 3037981   73.00000   74   32   96.00000    3.00000  96.9%  14.0 2746s
 5577328 3042316   49.00000   65   30   96.00000    3.00000  96.9%  14.0 2750s
 5586128 3048390   40.00000   69   41   96.00000    3.00000  96.9%  14.0 2757s
 5592641 3049406   27.00000   70   42   96.00000    3.00000  96.9%  14.0 2760s
 5600477 3053581   70.00000   75   28   96.00000    3.00000  96.9%  14.0 2765s
 5609346 3058828   88.00000   80   40   96.00000    3.00000  96.9%  14.0 2771s
 5616080 3062136   67.00000   67   34   96.00000    3.00000  96.9%  14.0 2776s
 5623216 3066944   34.72727   66   40   96.00000    3.00000  96.9%  14.0 2781s
 5631408 3072071   92.00000   87   24   96.00000    3.00000  96.9%  14.0 2787s
 5637172 3073267   10.00000   54   42   96.00000    3.00000  96.9%  14.0 2790s
 5645500 3077626   33.00000   67   40   96.00000    3.00000  96.9%  13.9 2795s
 5654929 3082837   60.00000   66   40   96.00000    3.00000  96.9%  13.9 2801s
 5662818 3086791 infeasible   75        96.00000    3.00000  96.9%  13.9 2806s
 5668886 3090656   27.00000   80   46   96.00000    3.00000  96.9%  13.9 2810s
 5678258 3096088   85.54545   73   38   96.00000    3.00000  96.9%  13.9 2816s
 5687724 3099844   83.00000   71   29   96.00000    3.00000  96.9%  13.9 2821s
 5695196 3104092   20.00000   68   46   96.00000    3.00000  96.9%  13.9 2825s
 5704854 3108994    4.00000   68   48   96.00000    3.00000  96.9%  13.9 2830s
 5713398 3113634   56.00000   82   39   96.00000    3.00000  96.9%  13.9 2835s
 5720218 3119173   65.00000   70   38   96.00000    3.00000  96.9%  13.9 2842s
 5726869 3121973   31.00000   63   39   96.00000    3.00000  96.9%  13.9 2845s
 5736468 3125458   26.00000   66   42   96.00000    3.00000  96.9%  13.9 2850s
 5743110 3131640   25.00000   74   44   96.00000    3.00000  96.9%  13.9 2856s
 5753426 3134463   76.00000   71   26   96.00000    3.00000  96.9%  13.9 2860s
 5760964 3139276   24.00000   69   46   96.00000    3.00000  96.9%  13.9 2866s
 5766193 3143009   75.00000   85   25   96.00000    3.00000  96.9%  13.9 2870s
 5776761 3146324   83.00000   74   30   96.00000    3.00000  96.9%  13.9 2875s
 5782411 3150435 infeasible   67        96.00000    3.00000  96.9%  13.9 2880s
 5787601 3154568 infeasible   73        96.00000    3.00000  96.9%  13.9 2885s
 5799042 3157725   58.03311   80   36   96.00000    3.00000  96.9%  13.9 2891s
 5805286 3160147   89.00000   77   28   96.00000    3.00000  96.9%  13.9 2902s
 5805303 3160162   74.00000   78   37   96.00000    3.00000  96.9%  13.9 2909s
 5806190 3161471   85.00000   93   30   96.00000    3.00000  96.9%  13.9 2911s
 5812870 3165122   64.00000   79   34   96.00000    3.00000  96.9%  13.9 2916s
 5817934 3168103   32.00000   68   42   96.00000    3.00000  96.9%  13.9 2920s
 5822906 3173314   78.00000   77   28   96.00000    3.00000  96.9%  13.9 2925s
 5833875 3178898   86.00000   67   30   96.00000    3.00000  96.9%  13.9 2932s
 5841758 3181707   60.00000   70   30   96.00000    3.00000  96.9%  13.9 2936s
 5850311 3184855   34.00000   72   40   96.00000    3.00000  96.9%  13.9 2940s
 5858509 3188812   45.00000   71   34   96.00000    3.00000  96.9%  13.9 2945s
 5867518 3193791   51.00000   68   45   96.00000    3.00000  96.9%  13.9 2950s
 5873909 3199386   59.00000   79   31   96.00000    3.00000  96.9%  13.9 2956s
 5884449 3203057    7.00000   68   48   96.00000    3.00000  96.9%  13.8 2960s
 5890480 3207066   16.55556   64   42   96.00000    3.00000  96.9%  13.8 2965s
 5901584 3211695   62.00000   66   30   96.00000    3.00000  96.9%  13.8 2971s
 5906830 3215914   24.17615   78   43   96.00000    3.00000  96.9%  13.8 2975s
 5917256 3222443   91.00000   83   35   96.00000    3.00000  96.9%  13.8 2982s
 5924982 3223814   38.00000   75   39   96.00000    3.00000  96.9%  13.8 2985s
 5934936 3228820   33.81818   63   46   96.00000    3.00000  96.9%  13.8 2991s
 5941102 3231277     cutoff   86        96.00000    3.00000  96.9%  13.8 2998s
 5941996 3232353   30.00000   76   38   96.00000    3.00000  96.9%  13.8 3000s
 5948688 3236647   51.00000   78   37   96.00000    3.00000  96.9%  13.8 3006s
 5958610 3240639 infeasible   95        96.00000    3.00000  96.9%  13.8 3011s
 5967168 3244696   94.00000   84   31   96.00000    3.00000  96.9%  13.8 3016s
 5973346 3247886   50.00000   72   39   96.00000    3.00000  96.9%  13.8 3020s
 5981247 3252526   43.00000   78   35   96.00000    3.00000  96.9%  13.8 3025s
 5990211 3256593   92.00000   87   22   96.00000    3.00000  96.9%  13.8 3030s
 5997019 3260828   23.00000   72   47   96.00000    3.00000  96.9%  13.8 3035s
 6008024 3265489    4.00000   66   58   96.00000    3.00000  96.9%  13.8 3041s
 6014370 3268658   13.00000   63   46   96.00000    3.00000  96.9%  13.8 3045s
 6020561 3273267   20.08844   69   52   96.00000    3.00000  96.9%  13.8 3050s
 6030411 3276016    3.00000   64   46   96.00000    3.00000  96.9%  13.8 3059s
H6030413 3259352                      95.0000000    3.00000  96.8%  13.8 3059s
 6030484 3259946    3.00000   65   48   95.00000    3.00000  96.8%  13.8 3060s
 6035562 3264431   25.00000   68   54   95.00000    3.00000  96.8%  13.8 3066s
 6045926 3267620     cutoff   92        95.00000    3.00000  96.8%  13.8 3070s
 6053178 3272942   84.00000   83   28   95.00000    3.00000  96.8%  13.8 3076s
 6061902 3275638 infeasible   76        95.00000    3.00000  96.8%  13.8 3080s
 6070285 3281676   10.00000   69   55   95.00000    3.00000  96.8%  13.8 3086s
 6079290 3286417   18.00000   66   45   95.00000    3.00000  96.8%  13.8 3091s
 6089079 3290197   23.00000   62   51   95.00000    3.00000  96.8%  13.8 3096s
 6097079 3294625   72.00000   57   31   95.00000    3.00000  96.8%  13.8 3101s
 6103048 3298460   53.00000   67   32   95.00000    3.00000  96.8%  13.8 3105s
 6107470 3302444   53.00000   83   25   95.00000    3.00000  96.8%  13.8 3110s
 6118808 3305768   31.00000   79   35   95.00000    3.00000  96.8%  13.8 3115s
 6125055 3308574 infeasible   84        95.00000    3.00000  96.8%  13.8 3120s
 6126483 3308668   15.00000   67   37   95.00000    3.00000  96.8%  13.8 3127s
 6126626 3316512   16.00000   68   40   95.00000    3.00000  96.8%  13.8 3143s
 6141641 3316512   92.00000   87   29   95.00000    3.00000  96.8%  13.8 3146s
 6142642 3319941   85.00000   86   18   95.00000    3.00000  96.8%  13.8 3150s
 6153532 3323457   20.00000   74   42   95.00000    3.00000  96.8%  13.8 3155s
 6163397 3328464   30.00000   76   43   95.00000    3.00000  96.8%  13.8 3161s
 6170230 3331507 infeasible   85        95.00000    3.00000  96.8%  13.8 3165s
 6177963 3335084   83.00000   77   22   95.00000    3.00000  96.8%  13.8 3170s
 6185490 3339931   32.00000   77   35   95.00000    3.00000  96.8%  13.8 3176s
 6193487 3343160   30.00000   68   43   95.00000    3.00000  96.8%  13.8 3181s
 6195356 3343278   56.05625   74   42   95.00000    3.00000  96.8%  13.8 3188s
 6195581 3344640   56.00000   74   32   95.00000    3.00000  96.8%  13.8 3190s
 6201176 3349035   55.00000   77   30   95.00000    3.00000  96.8%  13.8 3196s
 6208642 3352337   36.00000   71   38   95.00000    3.00000  96.8%  13.8 3200s
 6218447 3355536 infeasible   85        95.00000    3.00000  96.8%  13.8 3205s
 6225099 3358938   62.00000   85   40   95.00000    3.00000  96.8%  13.8 3210s
 6233249 3363600   31.00000   70   44   95.00000    3.00000  96.8%  13.8 3216s
 6238185 3367790   86.00000   88   24   95.00000    3.00000  96.8%  13.8 3220s
 6247779 3371334   86.00000   81   28   95.00000    3.00000  96.8%  13.8 3225s
 6253552 3375568   19.00000   65   45   95.00000    3.00000  96.8%  13.8 3230s
 6263081 3382053   40.00000   74   41   95.00000    3.00000  96.8%  13.8 3238s
 6269224 3382346   32.00000   63   46   95.00000    3.00000  96.8%  13.8 3245s
 6270839 3382955    3.00000   70   52   95.00000    3.00000  96.8%  13.8 3257s
 6272332 3384334   49.00000   70   35   95.00000    3.00000  96.8%  13.8 3263s
 6275053 3386254 infeasible   89        95.00000    3.00000  96.8%  13.8 3266s
 6279188 3388126   79.00000   66   28   95.00000    3.00000  96.8%  13.8 3270s
 6284821 3391344   28.00000   63   40   95.00000    3.00000  96.8%  13.8 3275s
 6289589 3396005   55.80000   67   37   95.00000    3.00000  96.8%  13.8 3281s
 6297483 3397677   88.00000   64   31   95.00000    3.00000  96.8%  13.8 3285s
 6303366 3399829   36.00000   71   42   95.00000    3.00000  96.8%  13.8 3294s
 6303417 3400626   36.00000   71   42   95.00000    3.00000  96.8%  13.8 3295s
 6309173 3404297   22.00000   66   37   95.00000    3.00000  96.8%  13.8 3301s
 6316533 3407859 infeasible   83        95.00000    3.00000  96.8%  13.8 3306s
 6323244 3411445   76.00000   83   26   95.00000    3.00000  96.8%  13.8 3311s
 6329053 3416360   21.03571   64   48   95.00000    3.00000  96.8%  13.8 3317s
 6335545 3419328   61.00000   73   38   95.00000    3.00000  96.8%  13.8 3320s
 6344266 3422956 infeasible   81        95.00000    3.00000  96.8%  13.8 3326s
 6349286 3425758   34.00000   67   44   95.00000    3.00000  96.8%  13.8 3330s
 6357373 3429630 infeasible   76        95.00000    3.00000  96.8%  13.8 3336s
 6363866 3434290   83.00000   73   32   95.00000    3.00000  96.8%  13.8 3341s
 6369306 3436991   66.00000   84   32   95.00000    3.00000  96.8%  13.8 3345s
 6374888 3441202   35.00000   73   41   95.00000    3.00000  96.8%  13.8 3350s
 6383279 3442451   90.00000   78   26   95.00000    3.00000  96.8%  13.8 3360s
 6387809 3445451   80.00000   70   31   95.00000    3.00000  96.8%  13.8 3365s
 6393727 3448354   63.00000   77   28   95.00000    3.00000  96.8%  13.8 3370s
 6397794 3452146   93.00000   88   27   95.00000    3.00000  96.8%  13.8 3375s
 6409210 3455946   21.00000   67   45   95.00000    3.00000  96.8%  13.8 3381s
 6414174 3458601   49.00000   78   36   95.00000    3.00000  96.8%  13.8 3385s
 6421041 3462068   26.00000   70   45   95.00000    3.00000  96.8%  13.8 3390s
 6428222 3465728   18.00000   64   48   95.00000    3.00000  96.8%  13.8 3395s
 6434756 3470823   83.28571   76   33   95.00000    3.00000  96.8%  13.8 3400s
 6442608 3474221   81.00000   90   22   95.00000    3.00000  96.8%  13.8 3405s
 6452174 3477557   29.00000   63   44   95.00000    3.00000  96.8%  13.8 3410s
 6453433 3477624   65.00000   80   37   95.00000    3.00000  96.8%  13.8 3417s
 6456556 3479881   39.00000   67   40   95.00000    3.00000  96.8%  13.8 3420s
 6460806 3484698   39.00000   85   39   95.00000    3.00000  96.8%  13.8 3426s
 6471648 3487998   61.00000   78   34   95.00000    3.00000  96.8%  13.8 3430s
 6478303 3490603   23.00000   68   56   95.00000    3.00000  96.8%  13.8 3440s
 6478558 3498288   24.00000   76   45   95.00000    3.00000  96.8%  13.8 3455s
 6494574 3501839     cutoff   73        95.00000    3.00000  96.8%  13.8 3462s
 6501382 3503975   17.00000   67   45   95.00000    3.00000  96.8%  13.8 3465s
 6514372 3509023   18.00000   72   47   95.00000    3.00000  96.8%  13.8 3470s
 6522023 3513648 infeasible   75        95.00000    3.00000  96.8%  13.8 3475s
 6523758 3513833   56.00000   72   41   95.00000    3.00000  96.8%  13.8 3482s
 6527637 3516994   16.00000   72   51   95.00000    3.00000  96.8%  13.8 3487s
 6530130 3520506 infeasible   63        95.00000    3.00000  96.8%  13.8 3490s
 6540439 3524849   60.00000   65   34   95.00000    3.00000  96.8%  13.8 3496s
 6546975 3528969   47.00000   70   37   95.00000    3.00000  96.8%  13.8 3501s
 6555668 3533062   80.00000  106   22   95.00000    3.00000  96.8%  13.8 3505s
 6565132 3537742   18.00000   62   53   95.00000    3.00000  96.8%  13.8 3510s
 6573412 3541084   37.00000   70   40   95.00000    3.00000  96.8%  13.8 3516s
 6580609 3544712   45.00000   62   41   95.00000    3.00000  96.8%  13.8 3520s
 6589139 3549310   73.00000   74   34   95.00000    3.00000  96.8%  13.8 3526s
 6596724 3553230 infeasible   98        95.00000    3.00000  96.8%  13.8 3531s
 6603520 3556741   44.00000   94   31   95.00000    3.00000  96.8%  13.8 3535s
 6609851 3561632   35.00000   78   42   95.00000    3.00000  96.8%  13.8 3540s
 6613828 3561645   11.00000   63   45   95.00000    3.00000  96.8%  13.8 3547s
 6617181 3564293   81.00000   78   30   95.00000    3.00000  96.8%  13.8 3551s
 6622418 3567030   54.00000   72   48   95.00000    3.00000  96.8%  13.8 3555s
 6631186 3572256    6.00000   64   48   95.00000    3.00000  96.8%  13.8 3561s
 6637334 3574358   69.00000   69   34   95.00000    3.00000  96.8%  13.8 3565s
 6646936 3579829   14.82353   75   47   95.00000    3.00000  96.8%  13.8 3570s
 6654426 3582019 infeasible   75        95.00000    3.00000  96.8%  13.8 3583s
 6655929 3583706   65.00000   81   38   95.00000    3.00000  96.8%  13.8 3586s
 6662019 3586878 infeasible   89        95.00000    3.00000  96.8%  13.8 3591s
 6668865 3592221   21.00000   69   51   95.00000    3.00000  96.8%  13.8 3597s
 6674813 3593032   15.00000   74   45   95.00000    3.00000  96.8%  13.8 3600s

Cutting planes:
  Gomory: 3
  Cover: 2
  Implied bound: 20
  MIR: 3
  Flow cover: 4

Explored 6676264 nodes (92400783 simplex iterations) in 3600.13 seconds (558.35 work units)
Thread count was 16 (of 16 available processors)

Solution count 10: 95 96 98 ... 126

Time limit reached
Best objective 9.500000000000e+01, best bound 3.000000000000e+00, gap 96.8421%
Warning: constraint name "precedence between 0,2 to 0,0 if x_[j,l,h,z,i]=1" has a space
Warning: constraint name "precedence between 0,2 to 0,0 if x_[j,l,h,z,i]=1" has a space
Warning: default constraint names used to write mps file
