
Gurobi 10.0.1 (win64) logging started Sat Sep  9 13:28:15 2023

Set parameter LogFile to value "results-heuristic-start//log/BA_20_deadline.log"
Gurobi Optimizer version 10.0.1 build v10.0.1rc0 (win64)

CPU model: AMD Ryzen 7 3700X 8-Core Processor, instruction set [SSE2|AVX|AVX2]
Thread count: 8 physical cores, 16 logical processors, using up to 16 threads

Optimize a model with 3348 rows, 2629 columns and 15179 nonzeros
Model fingerprint: 0x12e82643
Model has 1 quadratic constraint
Variable types: 144 continuous, 2485 integer (2484 binary)
Coefficient statistics:
  Matrix range     [1e+00, 1e+06]
  QMatrix range    [1e+00, 1e+00]
  QLMatrix range   [1e+00, 2e+01]
  Objective range  [1e+00, 1e+00]
  Bounds range     [1e+00, 1e+00]
  RHS range        [1e+00, 3e+06]

Warning: Completing partial solution with 2439 unfixed non-continuous variables out of 2485
User MIP start produced solution with objective 4082 (0.03s)
User MIP start produced solution with objective 4074 (0.03s)
User MIP start produced solution with objective 4071 (0.03s)
Loaded user MIP start with objective 4071

Presolve removed 177 rows and 1306 columns
Presolve time: 0.04s
Presolved: 3208 rows, 1359 columns, 15131 nonzeros
Variable types: 180 continuous, 1179 integer (1178 binary)

Root relaxation: objective 0.000000e+00, 230 iterations, 0.02 seconds (0.00 work units)

    Nodes    |    Current Node    |     Objective Bounds      |     Work
 Expl Unexpl |  Obj  Depth IntInf | Incumbent    BestBd   Gap | It/Node Time

     0     0    0.00000    0   20 4071.00000    0.00000   100%     -    0s
H    0     0                    4070.0000000    0.00000   100%     -    0s
     0     0    0.00000    0   73 4070.00000    0.00000   100%     -    0s
     0     0    0.00000    0   76 4070.00000    0.00000   100%     -    0s
H    0     0                     516.0000000    0.00000   100%     -    0s
     0     0    0.00000    0   15  516.00000    0.00000   100%     -    0s
H    0     0                     465.0000000    0.00000   100%     -    0s
H    0     0                     456.0000000    0.00000   100%     -    0s
H    0     0                     453.0000000    0.00000   100%     -    0s
     0     0    0.00000    0   28  453.00000    0.00000   100%     -    0s
     0     0    0.00000    0   27  453.00000    0.00000   100%     -    0s
H    0     0                     439.0000000    0.00000   100%     -    0s
     0     0    0.00000    0   51  439.00000    0.00000   100%     -    0s
H    0     0                     422.0000000    0.00000   100%     -    1s
H    0     0                     419.0000000    0.00000   100%     -    1s
     0     0    0.00000    0   42  419.00000    0.00000   100%     -    1s
H    0     0                     416.0000000    0.00000   100%     -    1s
H    0     0                     406.0000000    0.00000   100%     -    1s
H    0     0                     405.0000000    0.00000   100%     -    1s
     0     0    0.00000    0   61  405.00000    0.00000   100%     -    1s
H    0     0                     397.0000000    0.00000   100%     -    1s
H    0     0                     385.0000000    0.00000   100%     -    1s
H    0     0                     349.0000000    0.00000   100%     -    1s
     0     0    0.00000    0   42  349.00000    0.00000   100%     -    1s
H    0     0                     348.0000000    0.00000   100%     -    1s
     0     0    0.00000    0   71  348.00000    0.00000   100%     -    1s
H    0     0                     338.0000000    0.00000   100%     -    2s
     0     0    0.00000    0   49  338.00000    0.00000   100%     -    2s
     0     0    0.00000    0   47  338.00000    0.00000   100%     -    2s
     0     2    0.00000    0   39  338.00000    0.00000   100%     -    2s
H  183   368                     328.0000000    0.00000   100%  94.1    3s
H  409   494                     326.0000000    0.00000   100%  51.2    3s
H  461   494                     323.0000000    0.00000   100%  47.8    3s
H  621   534                     315.0000000    0.00000   100%  39.2    3s
H 1016   833                     309.0000000    0.00000   100%  29.6    4s
H 1017   833                     307.0000000    0.00000   100%  29.6    4s
H 1075   833                     306.0000000    0.00000   100%  28.5    4s
  2020  1449   25.00000   14   47  306.00000    0.00000   100%  24.4    5s
H 2021  1377                     304.0000000    0.00000   100%  24.4    5s
  2052  1397  127.00000   53  114  304.00000    6.00000  98.0%  24.0   10s
H 2052  1327                     300.0000000    6.00000  98.0%  24.0   10s
H 2082  1281                     298.0000000    6.00000  98.0%  41.6   14s
H 2083  1216                     297.0000000    6.00000  98.0%  41.6   14s
H 2083  1157                     296.0000000    6.00000  98.0%  49.9   14s
H 2210  1196                     293.0000000    6.00000  98.0%  48.8   15s
H 2222  1137                     291.0000000    6.00000  97.9%  48.6   15s
H 2269  1116                     286.0000000    6.00000  97.9%  48.4   16s
 14321 10515  137.00000   82   53  286.00000    6.00000  97.9%  19.5   20s
 16225 10515   14.00000   60   79  286.00000    6.00000  97.9%  18.5   25s
H17081 11039                     285.0000000    6.00000  97.9%  18.3   26s
H18871 12922                     283.0000000    6.00000  97.9%  17.9   27s
H20668 15568                     282.0000000    6.00000  97.9%  17.7   28s
H23117 18201                     280.0000000    6.00000  97.9%  17.2   29s
H27049 18984                     266.0000000    6.00000  97.7%  16.3   29s
 28757 20531  146.00000   72   82  266.00000    6.00000  97.7%  16.4   30s
 44130 33222  183.00000   92   46  266.00000    6.00000  97.7%  14.7   37s
 57527 39537  223.00000  119   38  266.00000    6.00000  97.7%  14.1   40s
 66758 47708   35.03675   58   78  266.00000    6.00000  97.7%  13.9   45s
 80941 53457   14.00000   66   82  266.00000    6.00000  97.7%  13.6   52s
 86191 59729  106.00000   67   56  266.00000    6.00000  97.7%  13.6   55s
 102401 70312   64.00000   92   73  266.00000    6.00000  97.7%  13.5   60s
 108312 72724  208.01104   95   50  266.00000    6.00000  97.7%  13.5   65s
 123081 83595  246.00000  106   45  266.00000    6.00000  97.7%  13.3   70s
 136190 91343  175.01911   78   56  266.00000    6.00000  97.7%  13.1   75s
 151524 101398  193.00000  102   58  266.00000    6.00000  97.7%  13.0   80s
 167657 111650  147.00000   80   48  266.00000    6.00000  97.7%  13.0   85s
 180411 119090  227.00000   98   38  266.00000    6.00000  97.7%  12.9   91s
 182206 125243   17.00000   57   89  266.00000    6.00000  97.7%  12.9   96s
 198839 134235  192.00000  111   41  266.00000    6.00000  97.7%  13.0  102s
 209830 138969  161.00000   71   60  266.00000    6.00000  97.7%  12.9  105s
 226141 149024  243.00000   96   44  266.00000    6.00000  97.7%  12.8  110s
 241086 159233  172.00000  124   43  266.00000    6.00000  97.7%  12.8  115s
 254025 167549   81.00000   58   59  266.00000    6.00000  97.7%  12.7  120s
H257649 165881                     261.0000000    6.00000  97.7%  12.7  123s
 260405 169474  221.00158   88   53  261.00000    6.00000  97.7%  12.7  125s
 273371 176982  234.80725  110   45  261.00000    6.00000  97.7%  12.7  130s
 288862 187606  206.00000  105   43  261.00000    6.00000  97.7%  12.6  135s
 301712 194098   46.00000   68   72  261.00000    6.00000  97.7%  12.6  142s
 303795 196189    6.00000   56   82  261.00000    6.00000  97.7%  12.6  145s
 306237 197829  188.00000   97   40  261.00000    6.00000  97.7%  12.6  150s
 314934 204943  200.00000   99   41  261.00000    6.00000  97.7%  12.6  157s
 323088 208346  249.00000  110   41  261.00000    6.00000  97.7%  12.6  160s
 331806 214981  140.00000   84   60  261.00000    6.00000  97.7%  12.6  165s
 340317 221598  135.06520   85   64  261.00000    6.00000  97.7%  12.7  170s
 352524 228611   39.00000   59   95  261.00000    6.00000  97.7%  12.7  175s
 363138 235234    8.07433   70   89  261.00000    6.00000  97.7%  12.7  180s
 371915 241574  245.00000  131   36  261.00000    6.00000  97.7%  12.7  185s
 382651 246279  237.00000  117   32  261.00000    6.00000  97.7%  12.6  192s
 382682 256700  237.00000  118   32  261.00000    6.00000  97.7%  12.6  199s
 390690 256700  235.00000  114   42  261.00000    6.00000  97.7%  12.7  200s
 398698 260756   90.00000   93   70  261.00000    6.00000  97.7%  12.8  205s
 409094 265216  223.00000  123   44  261.00000    6.00000  97.7%  12.7  210s
 418668 272070  204.00000   75   55  261.00000    6.00000  97.7%  12.8  215s
 426560 278136  201.00000   93   48  261.00000    6.00000  97.7%  12.7  220s
 437807 284509    6.00000   65   83  261.00000    6.00000  97.7%  12.7  226s
 443327 286287  201.74123   81   59  261.00000    6.00000  97.7%  12.7  231s
 447683 291530  126.00000   61   61  261.00000    6.00000  97.7%  12.7  236s
 455754 296622   49.00000   51   86  261.00000    6.00000  97.7%  12.7  241s
 463903 300024    9.00000   56   88  261.00000    6.00000  97.7%  12.7  245s
 471772 305302   31.00000   74   85  261.00000    6.00000  97.7%  12.7  250s
 476087 308564   48.04954   71   80  261.00000    6.00000  97.7%  12.7  255s
 484534 315590   67.00000   79   71  261.00000    6.00000  97.7%  12.7  261s
 490542 320200   93.00000   70   65  261.00000    6.00000  97.7%  12.8  265s
 502360 324678   28.00000   76   82  261.00000    6.00000  97.7%  12.8  270s
 506030 326533 infeasible  117       261.00000    6.00000  97.7%  12.8  275s
 509709 331596  179.00000  105   47  261.00000    6.00000  97.7%  12.8  281s
 516911 336350  215.00000  130   44  261.00000    6.00000  97.7%  12.8  285s
 525228 339228  249.00000   97   49  261.00000    6.00000  97.7%  12.8  290s
 530727 345937   67.33333   69   80  261.00000    6.00000  97.7%  12.8  296s
 540302 349425 infeasible  105       261.00000    6.00000  97.7%  12.7  300s
 547665 354920   78.48998   75   63  261.00000    6.00000  97.7%  12.7  305s
 556912 359883 infeasible  102       261.00000    6.00000  97.7%  12.7  310s
 563522 365380  227.00000  101   39  261.00000    6.00000  97.7%  12.7  316s
 570553 370070  192.00000   72   58  261.00000    6.00000  97.7%  12.7  320s
 577458 372722  121.00978   79   65  261.00000    6.00000  97.7%  12.7  326s
 579632 375293   22.00788   69   72  261.00000    6.00000  97.7%  12.7  330s
 586293 380870  170.00000   70   72  261.00000    6.00000  97.7%  12.7  336s
 590282 381902  228.00192   90   46  261.00000    6.00000  97.7%  12.7  340s
 597001 387916  260.00000  139   28  261.00000    6.00000  97.7%  12.7  345s
 604941 393164  224.00000   92   50  261.00000    6.00000  97.7%  12.8  351s
 613471 397865   48.00000   66   83  261.00000    6.00000  97.7%  12.7  355s
 620599 403217  182.00000   92   47  261.00000    6.00000  97.7%  12.7  360s
 631056 409291  217.00000  100   53  261.00000    6.00000  97.7%  12.7  366s
 640481 416226  240.06722   88   49  261.00000    6.00000  97.7%  12.7  370s
 644563 419058  153.03649   84   66  261.00000    6.00000  97.7%  12.7  376s
 653328 422895  176.03176   84   63  261.00000    6.00000  97.7%  12.8  381s
 659154 428100   83.00000   83   67  261.00000    6.00000  97.7%  12.8  386s
 669143 433835    6.00000   65   90  261.00000    6.00000  97.7%  12.8  390s
 678000 441133  233.00000  101   56  261.00000    6.00000  97.7%  12.8  395s
 689515 449299  112.00000   67   73  261.00000    6.00000  97.7%  12.8  401s
 693896 451080  247.00000   86   56  261.00000    6.00000  97.7%  12.8  405s
 701042 457034   69.05898   51   95  261.00000    6.00000  97.7%  12.9  410s
 712581 462044  217.00000   95   47  261.00000    6.00000  97.7%  12.9  415s
 720005 467601  251.00000   97   35  261.00000    6.00000  97.7%  12.9  420s
 728779 477659  227.00000  103   36  261.00000    6.00000  97.7%  12.9  427s
 736582 477674   28.53135   59   88  261.00000    6.00000  97.7%  12.9  431s
 739458 481526   36.04902   73   76  261.00000    6.00000  97.7%  12.9  435s
 750608 487904   21.08090   76   92  261.00000    6.00000  97.7%  12.9  440s
 760665 495219 infeasible   85       261.00000    6.00000  97.7%  12.9  445s
 770263 501526  173.00000   89   42  261.00000    6.00000  97.7%  12.9  450s
 773101 512082   19.00000   59   75  261.00000    6.00000  97.7%  12.9  462s
 789117 512147   38.00000   65   81  261.00000    6.00000  97.7%  13.0  468s
 789290 516511   68.00000   66   77  261.00000    6.00000  97.7%  13.0  472s
 799945 520972   53.05309   60   78  261.00000    6.00000  97.7%  13.0  476s
 808124 526319  233.00000  109   34  261.00000    6.00000  97.7%  12.9  480s
 818237 533892   13.00000   62   83  261.00000    6.00000  97.7%  12.9  486s
 827488 539100 infeasible   90       261.00000    6.00000  97.7%  12.9  490s
 837652 545470  123.02934   73   70  261.00000    6.00000  97.7%  12.9  495s
 847503 550394  225.00000  108   32  261.00000    6.00000  97.7%  12.9  503s
 848427 551850    6.00000   56   82  261.00000    6.00000  97.7%  12.9  505s
 854696 557532   49.14062   70   87  261.00000    6.00000  97.7%  12.9  510s
 863634 564765  188.02914   78   58  261.00000    6.00000  97.7%  12.9  516s
 874330 570434  105.00000   81   80  261.00000    6.00000  97.7%  12.9  521s
 882442 575558   40.02207   62   74  261.00000    6.00000  97.7%  12.9  526s
 890601 581428    8.00000   65   80  261.00000    6.00000  97.7%  12.9  531s
 898548 585823  183.00000   87   64  261.00000    6.00000  97.7%  12.9  535s
 906128 591389   97.00000   81   62  261.00000    6.00000  97.7%  12.9  540s
 911208 592949  150.00000   93   49  261.00000    6.00000  97.7%  12.9  545s
 917564 598588  165.04270   79   58  261.00000    6.00000  97.7%  12.9  550s
 927919 606058  196.00000   70   55  261.00000    6.00000  97.7%  12.9  557s
 936371 609115  128.85897   71   75  261.00000    6.00000  97.7%  12.9  560s
 943930 615380  228.00000  106   34  261.00000    6.00000  97.7%  12.9  566s
 952601 619518   39.11111   77   77  261.00000    6.00000  97.7%  12.9  570s
 958863 625124   11.05332   64   86  261.00000    6.00000  97.7%  12.9  575s
 963248 625864  234.01637   82   48  261.00000    6.00000  97.7%  12.9  584s
 963949 627168   80.00000   73   76  261.00000    6.00000  97.7%  12.9  585s
 968733 630854   62.00000   70   76  261.00000    6.00000  97.7%  12.9  590s
 974987 635546  194.00000  104   43  261.00000    6.00000  97.7%  12.9  595s
 985002 642281   24.00000   61   80  261.00000    6.00000  97.7%  12.9  601s
 992341 647847  235.08140   96   36  261.00000    6.00000  97.7%  12.9  606s
 1000032 650511  217.00000   95   50  261.00000    6.00000  97.7%  12.9  610s
 1004566 652749  108.00000   86   59  261.00000    6.00000  97.7%  12.9  615s
 1007986 657073  180.09340   81   58  261.00000    6.00000  97.7%  12.9  620s
 1015824 663235  231.00000  139   25  261.00000    6.00000  97.7%  12.9  627s
 1023435 666197   94.84319   72   72  261.00000    6.00000  97.7%  12.9  631s
 1029515 670204   64.17730   77   77  261.00000    6.00000  97.7%  12.9  635s
 1036010 674414  241.00000  121   30  261.00000    6.00000  97.7%  12.9  640s
 1040538 679244  253.08571   87   60  261.00000    6.00000  97.7%  12.9  645s
 1050507 683837   86.00000   63   62  261.00000    6.00000  97.7%  12.9  650s
 1058571 688333  239.00000   80   43  261.00000    6.00000  97.7%  12.9  655s
 1063176 689488  204.00000  124   43  261.00000    6.00000  97.7%  12.9  660s
 1064807 694804   61.00000   61   79  261.00000    6.00000  97.7%  12.9  666s
 1072874 698377  258.00000   83   35  261.00000    6.00000  97.7%  12.9  672s
 1079331 702135   29.09378   63   86  261.00000    6.00000  97.7%  12.9  677s
 1083198 705092  216.00000   80   54  261.00000    6.00000  97.7%  12.9  681s
 1091147 709210  102.01637   89   59  261.00000    6.00000  97.7%  12.9  686s
 1098022 713401    6.00000   54   81  261.00000    6.00000  97.7%  12.9  691s
 1103788 717314  101.29817   80   87  261.00000    6.00000  97.7%  12.9  696s
 1109888 722295  180.00000  103   54  261.00000    6.00000  97.7%  12.9  702s
 1114978 725446   19.01577   75   93  261.00000    6.00000  97.7%  12.9  705s
 1122417 730747  106.00000   84   58  261.00000    6.00000  97.7%  12.9  711s
 1129671 732849  104.00000   88   57  261.00000    6.00000  97.7%  12.9  719s
 1129697 733692  104.00000   89   59  261.00000    6.00000  97.7%  12.9  720s
 1133548 738090  127.00000   83   63  261.00000    6.00000  97.7%  12.9  727s
 1139243 742359   26.00000   72   75  261.00000    6.00000  97.7%  12.9  732s
 1146559 747073   73.02838   68   76  261.00000    6.00000  97.7%  12.9  737s
 1151690 749533  250.00000   95   44  261.00000    6.00000  97.7%  12.9  741s
 1155743 752429  152.00000  105   48  261.00000    6.00000  97.7%  12.9  745s
 1164616 756366   37.05617   72   79  261.00000    6.00000  97.7%  12.9  750s
 1168672 760840  174.00389   82   59  261.00000    6.00000  97.7%  12.9  755s
 1176004 764410   91.11786   65   65  261.00000    6.00000  97.7%  12.9  760s
 1178586 764423  143.06613   71   62  261.00000    6.00000  97.7%  12.9  766s
 1178604 764435  141.00000   69   58  261.00000    6.00000  97.7%  12.9  771s
 1181304 766980   47.00000   63   65  261.00000    6.00000  97.7%  12.9  776s
 1183958 769229   89.00000   71   65  261.00000    6.00000  97.7%  12.9  780s
 1187258 772330  163.00000   81   49  261.00000    6.00000  97.7%  12.9  785s
 1192007 776906   14.06484   66   91  261.00000    6.00000  97.7%  12.9  792s
 1197327 778538 infeasible   87       261.00000    6.00000  97.7%  12.9  795s
 1200913 782046   59.00000   79   80  261.00000    6.00000  97.7%  12.9  800s
 1209574 787220  165.00000   87   58  261.00000    6.00000  97.7%  12.9  807s
 1212606 790306  245.00000   84   52  261.00000    6.00000  97.7%  12.9  811s
 1220406 793981  200.00000  122   41  261.00000    6.00000  97.7%  12.9  815s
 1227125 798823  116.01971   71   64  261.00000    6.00000  97.7%  12.9  822s
 1232539 801387  170.00000   80   55  261.00000    6.00000  97.7%  12.9  825s
 1238609 804348 infeasible  112       261.00000    6.00000  97.7%  12.9  834s
 1238639 804774   20.02485   62   93  261.00000    6.00000  97.7%  12.9  835s
 1241551 807165  136.00000   76   63  261.00000    6.00000  97.7%  12.9  840s
 1246537 810349   29.00000   69   78  261.00000    6.00000  97.7%  12.9  845s
 1250592 814540   80.00000   67   80  261.00000    6.00000  97.7%  12.9  850s
 1255345 817789   26.00000   58   73  261.00000    6.00000  97.7%  12.9  855s
 1263368 822618  248.00000   83   40  261.00000    6.00000  97.7%  12.9  862s
 1268012 825287 infeasible  125       261.00000    6.00000  97.7%  12.9  866s
 1273940 828010  121.00000   80   64  261.00000    6.00000  97.7%  12.9  870s
 1278124 832282  163.00000   74   58  261.00000    6.00000  97.7%  12.9  876s
 1283173 835134  122.22337   99   70  261.00000    6.00000  97.7%  12.8  880s
 1289785 839152   11.05278   55   83  261.00000    6.00000  97.7%  12.8  885s
 1293758 839971   61.07364   79   80  261.00000    6.00000  97.7%  12.8  892s
 1294838 840866  133.00000  111   61  261.00000    6.00000  97.7%  12.8  897s
 1296079 842564   92.00000   76   59  261.00000    6.00000  97.7%  12.8  901s
 1299051 846233   50.00000   76   67  261.00000    6.00000  97.7%  12.8  907s
 1304386 848555  102.00000   77   61  261.00000    6.00000  97.7%  12.8  910s
 1310509 852954   86.00000   77   66  261.00000    6.00000  97.7%  12.8  917s
 1315092 855911   50.00000   61   89  261.00000    6.00000  97.7%  12.8  921s
 1319759 859185   20.01577   66   80  261.00000    6.00000  97.7%  12.8  926s
 1326712 862928   94.08472   77   71  261.00000    6.00000  97.7%  12.8  931s
 1332903 866529   64.00000   66   74  261.00000    6.00000  97.7%  12.8  937s
 1336408 869341  194.00000  104   40  261.00000    6.00000  97.7%  12.8  940s
 1342063 873683  107.00000   93   67  261.00000    6.00000  97.7%  12.8  946s
 1347638 875791  114.33333   74   66  261.00000    6.00000  97.7%  12.8  950s
 1353502 880407  110.01104   91   65  261.00000    6.00000  97.7%  12.8  956s
 1356687 880416  247.00000  102   49  261.00000    6.00000  97.7%  12.8  960s
H1356698 867950                     256.0000000    6.00000  97.7%  12.8  960s
 1358266 870933  136.07864   84   55  256.00000    6.00000  97.7%  12.8  965s
 1365564 876229 infeasible  106       256.00000    6.00000  97.7%  12.8  973s
 1369531 876241  125.01104   89   56  256.00000    6.00000  97.7%  12.8  979s
 1369549 877202  134.01104   90   54  256.00000    6.00000  97.7%  12.8  981s
 1372896 879556   63.03649   79   79  256.00000    6.00000  97.7%  12.8  986s
 1374730 881959   87.05819   86   67  256.00000    6.00000  97.7%  12.8  990s
 1380210 885785  230.01961   79   45  256.00000    6.00000  97.7%  12.8  996s
 1384437 885799 infeasible  101       256.00000    6.00000  97.7%  12.8 1001s
 1384454 896504  237.01104  102   46  256.00000    6.00000  97.7%  12.8 1016s
 1400470 898647  244.00000  115   28  256.00000    6.00000  97.7%  12.8 1022s
 1403888 902327  217.05819  113   45  256.00000    6.00000  97.7%  12.8 1027s
 1409833 905589    9.03176   66   83  256.00000    6.00000  97.7%  12.8 1031s
 1417048 908916  198.02841  105   59  256.00000    6.00000  97.7%  12.8 1035s
 1424467 913604    6.00000   62   90  256.00000    6.00000  97.7%  12.8 1041s
 1429012 915219   44.00000   59   87  256.00000    6.00000  97.7%  12.8 1047s
 1430724 918955   40.00000   75   74  256.00000    6.00000  97.7%  12.8 1051s
 1437559 922750  117.00000   76   57  256.00000    6.00000  97.7%  12.8 1056s
 1442916 926381  215.00000   82   49  256.00000    6.00000  97.7%  12.8 1060s
 1450304 931243  109.00000   96   56  256.00000    6.00000  97.7%  12.8 1066s
 1453135 934278  115.00000   82   53  256.00000    6.00000  97.7%  12.8 1070s
 1461652 937227  218.00000   89   43  256.00000    6.00000  97.7%  12.8 1075s
 1468232 941602    7.00000   74   92  256.00000    6.00000  97.7%  12.8 1080s
 1472553 945220  104.33333   78   69  256.00000    6.00000  97.7%  12.8 1085s
 1477189 950262   58.00000   75   67  256.00000    6.00000  97.7%  12.8 1092s
 1482819 952432  144.13419   78   71  256.00000    6.00000  97.7%  12.8 1095s
 1489989 957029  223.00000  103   32  256.00000    6.00000  97.7%  12.8 1101s
 1495896 959525 infeasible  105       256.00000    6.00000  97.7%  12.8 1105s
 1502154 962672 infeasible  112       256.00000    6.00000  97.7%  12.8 1113s
 1503160 963972    9.93609   70   81  256.00000    6.00000  97.7%  12.8 1116s
 1505383 966626  169.00000   81   51  256.00000    6.00000  97.7%  12.8 1120s
 1512580 971008    6.00000   57   89  256.00000    6.00000  97.7%  12.8 1126s
 1518952 974707 infeasible   97       256.00000    6.00000  97.7%  12.8 1132s
 1521059 976979  215.00000   89   39  256.00000    6.00000  97.7%  12.8 1135s
 1529001 980524  127.00000   86   56  256.00000    6.00000  97.7%  12.8 1140s
 1533480 984615   10.13113   69   82  256.00000    6.00000  97.7%  12.8 1145s
 1540461 989557  146.01104   85   57  256.00000    6.00000  97.7%  12.8 1153s
 1544671 991180  173.06739   82   63  256.00000    6.00000  97.7%  12.8 1155s
 1551175 995031 infeasible   84       256.00000    6.00000  97.7%  12.8 1161s
 1554699 997287  220.00000  104   43  256.00000    6.00000  97.7%  12.8 1165s
 1560637 1001958  231.00000  126   26  256.00000    6.00000  97.7%  12.8 1171s
 1564361 1001967   95.04635   83   61  256.00000    6.00000  97.7%  12.8 1176s
 1564383 1012150   95.04635   84   61  256.00000    6.00000  97.7%  12.8 1192s
 1580399 1012161   63.00000   77   67  256.00000    6.00000  97.7%  12.8 1202s
 1580418 1016135   63.00000   78   67  256.00000    6.00000  97.7%  12.8 1206s
 1586839 1018629  212.00000   88   51  256.00000    6.00000  97.7%  12.8 1210s
 1593364 1020294  204.00000   97   47  256.00000    6.00000  97.7%  12.8 1218s
 1593380 1021746  205.00000   98   46  256.00000    6.00000  97.7%  12.8 1220s
 1600679 1026434   82.00000   65   66  256.00000    6.00000  97.7%  12.8 1226s
 1605559 1030010  233.00000   97   48  256.00000    6.00000  97.7%  12.8 1231s
 1608567 1032901  133.93750   70   53  256.00000    6.00000  97.7%  12.8 1235s
 1617260 1036518 infeasible   68       256.00000    6.00000  97.7%  12.8 1241s
 1620160 1038931   28.00000   78   90  256.00000    6.00000  97.7%  12.8 1245s
 1627278 1043911   57.00000   63   76  256.00000    6.00000  97.7%  12.8 1251s
 1630451 1046550  173.00000   80   51  256.00000    6.00000  97.7%  12.8 1255s
 1638627 1050289  184.00000  118   41  256.00000    6.00000  97.7%  12.8 1261s
 1642884 1053089 infeasible  126       256.00000    6.00000  97.7%  12.8 1265s
 1650394 1059133  163.00000   87   64  256.00000    6.00000  97.7%  12.8 1272s
 1655236 1063791  239.00000  114   25  256.00000    6.00000  97.7%  12.8 1278s
 1660901 1065656  175.00000   73   54  256.00000    6.00000  97.7%  12.8 1280s
 1663699 1065672  150.00000   89   47  256.00000    6.00000  97.7%  12.8 1285s
 1667228 1070633  203.00000   80   50  256.00000    6.00000  97.7%  12.8 1292s
 1672259 1073520  109.00000   75   66  256.00000    6.00000  97.7%  12.8 1295s
 1679193 1077711 infeasible  120       256.00000    6.00000  97.7%  12.8 1300s
 1686490 1081399   77.00000   75   67  256.00000    6.00000  97.7%  12.8 1305s
 1692951 1085799  225.00000   91   40  256.00000    6.00000  97.7%  12.8 1311s
 1696510 1089576   48.09378   81   80  256.00000    6.00000  97.7%  12.8 1315s
 1704914 1094686  115.01637   94   61  256.00000    6.00000  97.7%  12.8 1321s
 1709230 1097664  230.07666  114   40  256.00000    6.00000  97.7%  12.8 1325s
 1715842 1101266  198.00000   83   46  256.00000    6.00000  97.7%  12.8 1330s
 1724044 1106255   38.00000   69   73  256.00000    6.00000  97.7%  12.8 1336s
 1730432 1110333  228.00000  105   44  256.00000    6.00000  97.7%  12.8 1341s
 1733138 1110347  214.00000   93   62  256.00000    6.00000  97.7%  12.8 1346s
 1735866 1112790  209.00000   91   49  256.00000    6.00000  97.7%  12.8 1350s
 1740391 1117752  191.00000   91   50  256.00000    6.00000  97.7%  12.8 1356s
 1747964 1120318  173.04321   86   65  256.00000    6.00000  97.7%  12.8 1360s
 1751845 1122396  203.00000  128   33  256.00000    6.00000  97.7%  12.8 1365s
 1756401 1126072 infeasible   85       256.00000    6.00000  97.7%  12.8 1370s
 1760712 1130268 infeasible   66       256.00000    6.00000  97.7%  12.8 1375s
 1768726 1135708   67.00000   73   63  256.00000    6.00000  97.7%  12.8 1381s
 1774570 1138275 infeasible  119       256.00000    6.00000  97.7%  12.8 1385s
 1778819 1142191 infeasible   89       256.00000    6.00000  97.7%  12.8 1390s
 1782203 1142197   32.09464   64   77  256.00000    6.00000  97.7%  12.8 1395s
 1785981 1147828  194.00000  100   48  256.00000    6.00000  97.7%  12.8 1403s
 1791309 1148776    6.00000   67   84  256.00000    6.00000  97.7%  12.8 1405s
 1795605 1151776 infeasible   94       256.00000    6.00000  97.7%  12.8 1410s
 1801222 1156898   78.03649   77   69  256.00000    6.00000  97.7%  12.8 1415s
 1805293 1167198  214.00000   98   46  256.00000    6.00000  97.7%  12.8 1434s
 1821309 1170133  151.00000   90   53  256.00000    6.00000  97.7%  12.9 1441s
 1826000 1170143   52.00000   80   73  256.00000    6.00000  97.7%  12.9 1446s
 1826019 1180372   68.33333   81   73  256.00000    6.00000  97.7%  12.9 1457s
 1842035 1182551  225.00042  107   45  256.00000    6.00000  97.7%  12.8 1462s
 1848346 1187175    6.00000   51   79  256.00000    6.00000  97.7%  12.8 1467s
 1852073 1188998  122.03656   75   52  256.00000    6.00000  97.7%  12.9 1470s
 1859800 1194172  169.03649   72   56  256.00000    6.00000  97.7%  12.9 1476s
 1864696 1195600   86.03649   75   66  256.00000    6.00000  97.7%  12.9 1480s
 1869038 1200084  214.08204   96   46  256.00000    6.00000  97.7%  12.9 1486s
 1870648 1203921  147.01104   91   58  256.00000    6.00000  97.7%  12.9 1490s
 1880000 1207019  110.00000   63   77  256.00000    6.00000  97.7%  12.9 1495s
 1887380 1212697   34.07469   67   76  256.00000    6.00000  97.7%  12.9 1501s
 1890233 1212703   54.03930   68   69  256.00000    6.00000  97.7%  12.9 1507s
 1890259 1223397   88.03930   69   63  256.00000    6.00000  97.7%  12.9 1521s
 1906275 1225623   25.01274   66   86  256.00000    6.00000  97.7%  12.9 1527s
 1909684 1228677   49.00000   60   76  256.00000    6.00000  97.7%  12.9 1531s
 1914525 1231549   69.00000   52   76  256.00000    6.00000  97.7%  12.9 1535s
 1921569 1233017 infeasible  105       256.00000    6.00000  97.7%  12.9 1541s
 1926089 1237305   35.00000   57   83  256.00000    6.00000  97.7%  12.9 1546s
 1931167 1240548   77.00000   75   73  256.00000    6.00000  97.7%  12.9 1550s
 1936164 1244668  139.00000   83   52  256.00000    6.00000  97.7%  12.9 1555s
 1943259 1246370  171.00000   91   44  256.00000    6.00000  97.7%  12.9 1562s
 1945128 1248593   49.13007   70   71  256.00000    6.00000  97.7%  12.9 1566s
 1949735 1251766  191.00000   97   49  256.00000    6.00000  97.7%  12.9 1571s
 1954712 1255170  246.00000  112   33  256.00000    6.00000  97.7%  12.9 1575s
 1958865 1259993 infeasible   88       256.00000    6.00000  97.7%  12.9 1583s
 1964385 1262446  196.00000   89   53  256.00000    6.00000  97.7%  12.9 1587s
 1968200 1264239  232.00000   94   48  256.00000    6.00000  97.7%  12.9 1590s
 1971923 1267140  163.00000   90   57  256.00000    6.00000  97.7%  12.9 1595s
 1979549 1272941     cutoff   89       256.00000    6.00000  97.7%  12.9 1603s
 1984184 1273548 infeasible  107       256.00000    6.00000  97.7%  12.9 1605s
 1987720 1276980  109.00000   93   58  256.00000    6.00000  97.7%  12.9 1610s
 1991757 1279538 infeasible  114       256.00000    6.00000  97.7%  12.9 1615s
 1998604 1283606   24.00000   63   84  256.00000    6.00000  97.7%  12.9 1621s
 2001157 1286542  255.00000  114   32  256.00000    6.00000  97.7%  12.9 1626s
 2006669 1288839   47.09378   70   83  256.00000    6.00000  97.7%  12.9 1630s
 2010222 1289588   43.25242   67   72  256.00000    6.00000  97.7%  12.9 1636s
 2011317 1290485  172.00000  101   47  256.00000    6.00000  97.7%  12.9 1641s
 2013701 1294143  174.00000   98   52  256.00000    6.00000  97.7%  12.9 1648s
 2017342 1296265 infeasible   95       256.00000    6.00000  97.7%  12.9 1651s
 2021635 1299036    6.00000   62   86  256.00000    6.00000  97.7%  12.9 1656s
 2026236 1302275   98.00000   74   61  256.00000    6.00000  97.7%  12.9 1662s
 2032590 1304728  114.00000   94   57  256.00000    6.00000  97.7%  12.9 1666s
 2036643 1308658  245.00000   92   54  256.00000    6.00000  97.7%  12.9 1671s
 2041099 1311469  229.00000   96   40  256.00000    6.00000  97.7%  12.9 1676s
 2044031 1314410  202.03276   97   52  256.00000    6.00000  97.7%  12.9 1681s
 2049715 1316480   14.03649   67   82  256.00000    6.00000  97.7%  12.9 1685s
 2056319 1321044    8.00000   64   88  256.00000    6.00000  97.7%  12.9 1692s
 2059406 1321060  188.00000   69   62  256.00000    6.00000  97.7%  12.9 1698s
 2060226 1322245  247.12388   84   40  256.00000    6.00000  97.7%  12.9 1700s
 2064988 1325483  239.00000  111   33  256.00000    6.00000  97.7%  12.9 1707s
 2066254 1330212  237.00000  100   35  256.00000    6.00000  97.7%  12.9 1713s
 2073143 1330893  131.00000   86   61  256.00000    6.00000  97.7%  12.9 1716s
 2074668 1332027   68.09349   79   72  256.00000    6.00000  97.7%  12.9 1721s
 2076027 1334574   23.05309   65   83  256.00000    6.00000  97.7%  12.9 1725s
 2081069 1337652  176.00000   80   56  256.00000    6.00000  97.7%  12.9 1730s
 2087711 1340273   48.13039   59   77  256.00000    6.00000  97.7%  12.9 1736s
 2089122 1344500  243.00000   93   40  256.00000    6.00000  97.7%  12.9 1742s
 2096194 1345176   16.05588   69   83  256.00000    6.00000  97.7%  12.9 1745s
 2100758 1349334   15.00000   63   81  256.00000    6.00000  97.7%  12.9 1750s
 2106417 1351606  236.00000   97   41  256.00000    6.00000  97.7%  12.9 1755s
 2107456 1351622   30.05898   67   84  256.00000    6.00000  97.7%  12.9 1760s
 2109798 1356699  194.00000   72   44  256.00000    6.00000  97.7%  12.9 1769s
 2115319 1357610  176.00000   92   49  256.00000    6.00000  97.7%  12.9 1772s
 2116599 1359859  243.00000   93   45  256.00000    6.00000  97.7%  12.9 1775s
 2124104 1363335   81.00000   59   64  256.00000    6.00000  97.7%  12.9 1782s
 2125597 1365787  252.00000   76   42  256.00000    6.00000  97.7%  12.9 1785s
 2129397 1368264   77.93750   72   71  256.00000    6.00000  97.7%  12.9 1790s
 2134303 1369014  147.00000   96   51  256.00000    6.00000  97.7%  12.9 1796s
 2135313 1371924  228.00197  122   41  256.00000    6.00000  97.7%  12.9 1801s
 2140240 1375282 infeasible  107       256.00000    6.00000  97.7%  12.9 1807s
 2144379 1376974  185.00000   84   43  256.00000    6.00000  97.7%  12.9 1810s
 2148405 1379956   25.00000   75   75  256.00000    6.00000  97.7%  12.9 1815s
 2152117 1379969   20.07475   73   81  256.00000    6.00000  97.7%  12.9 1823s
 2152135 1390691   55.00000   74   70  256.00000    6.00000  97.7%  12.9 1847s
 2168151 1393497  103.00000   79   69  256.00000    6.00000  97.7%  13.0 1855s
 2172774 1396391  247.00000  103   36  256.00000    6.00000  97.7%  13.0 1860s
 2179372 1399194 infeasible   86       256.00000    6.00000  97.7%  13.0 1865s
 2187235 1403659   77.21500   90   64  256.00000    6.00000  97.7%  13.0 1871s
 2192228 1406581  232.00000   93   45  256.00000    6.00000  97.7%  13.0 1875s
 2199548 1410549   80.05906   81   72  256.00000    6.00000  97.7%  13.0 1880s
 2203877 1413459  163.00000  123   58  256.00000    6.00000  97.7%  13.0 1885s
 2208893 1415250  174.00000   94   58  256.00000    6.00000  97.7%  13.0 1893s
 2208913 1415261  196.00000   95   53  256.00000    6.00000  97.7%  13.0 1899s
 2208932 1415782  199.00000   96   53  256.00000    6.00000  97.7%  13.0 1900s
 2211685 1418638  117.00000   94   62  256.00000    6.00000  97.7%  13.0 1905s
 2215750 1421617  254.00000   84   37  256.00000    6.00000  97.7%  13.0 1910s
 2223228 1425614   69.00000   80   79  256.00000    6.00000  97.7%  13.0 1916s
 2228577 1427967  218.00000   83   46  256.00000    6.00000  97.7%  13.0 1921s
 2232535 1432046   72.00000   88   65  256.00000    6.00000  97.7%  13.0 1925s
 2236671 1435366   30.01172   70   81  256.00000    6.00000  97.7%  13.0 1930s
 2243734 1437727  162.00000   90   53  256.00000    6.00000  97.7%  13.0 1935s
 2248289 1442068  228.00000   91   49  256.00000    6.00000  97.7%  13.0 1940s
 2251062 1442079 infeasible  112       256.00000    6.00000  97.7%  13.0 1946s
 2252212 1443461 infeasible  105       256.00000    6.00000  97.7%  13.0 1950s
 2258105 1448425  156.00000   76   62  256.00000    6.00000  97.7%  13.0 1958s
 2261231 1449302  162.06623   75   57  256.00000    6.00000  97.7%  13.0 1960s
 2267232 1453983   56.00000   60   70  256.00000    6.00000  97.7%  13.0 1966s
 2271104 1457057   57.00000   68   61  256.00000    6.00000  97.7%  13.0 1971s
 2276903 1459712  253.00000   95   44  256.00000    6.00000  97.7%  13.0 1975s
 2281747 1462934     cutoff  108       256.00000    6.00000  97.7%  13.0 1980s
 2283535 1466204  181.00000   99   40  256.00000    6.00000  97.7%  13.0 1985s
 2291770 1470049   69.09375   70   72  256.00000    6.00000  97.7%  13.0 1991s
 2296414 1472868  162.00000   82   47  256.00000    6.00000  97.7%  13.0 1996s
 2302612 1475751   81.00000   68   70  256.00000    6.00000  97.7%  13.0 2001s
 2304361 1478790  193.08881   93   52  256.00000    6.00000  97.7%  13.0 2006s
 2309095 1481410   96.00000   76   81  256.00000    6.00000  97.7%  13.0 2010s
 2313177 1481420   37.00000   68   76  256.00000    6.00000  97.7%  13.0 2016s
 2315601 1483672 infeasible   69       256.00000    6.00000  97.7%  13.0 2021s
 2319139 1487065  123.00000   76   57  256.00000    6.00000  97.7%  13.0 2027s
 2323869 1489945 infeasible   88       256.00000    6.00000  97.7%  13.0 2033s
 2327064 1492183  147.00815  100   56  256.00000    6.00000  97.7%  13.0 2036s
 2331502 1494698   24.00000   66   76  256.00000    6.00000  97.7%  13.0 2040s
 2337424 1497696  202.00000   65   41  256.00000    6.00000  97.7%  13.0 2045s
 2341114 1501319   45.00000   63   84  256.00000    6.00000  97.7%  13.0 2050s
 2345947 1506404  251.00000  104   40  256.00000    6.00000  97.7%  13.0 2058s
 2352631 1507883   28.00000   73   78  256.00000    6.00000  97.7%  13.0 2061s
 2356896 1511374  207.00000  100   35  256.00000    6.00000  97.7%  13.0 2066s
 2361751 1514303   14.00000   75   84  256.00000    6.00000  97.7%  13.0 2071s
 2367378 1517299 infeasible   73       256.00000    6.00000  97.7%  13.0 2076s
 2369130 1520402  150.00000  118   51  256.00000    6.00000  97.7%  13.0 2081s
 2374056 1522389   56.00000   44   73  256.00000    6.00000  97.7%  13.0 2085s
 2377405 1522385   16.00000   48   84  256.00000    6.00000  97.7%  13.0 2091s
 2379842 1524728  230.00000   80   54  256.00000    6.00000  97.7%  13.0 2096s
 2384412 1528764   20.18107   80   85  256.00000    6.00000  97.7%  13.0 2102s
 2388498 1532445    9.21283   69   79  256.00000    6.00000  97.7%  13.0 2108s
 2392840 1533776 infeasible  106       256.00000    6.00000  97.7%  13.0 2110s
 2398796 1536899   52.46993   78   80  256.00000    6.00000  97.7%  13.0 2116s
 2402965 1540640   36.00000   73   77  256.00000    6.00000  97.7%  13.0 2121s
 2406823 1541121  146.00000   78   52  256.00000    6.00000  97.7%  13.0 2129s
 2406840 1541564  146.00000   79   52  256.00000    6.00000  97.7%  13.0 2130s
 2409621 1543545   21.00000   82   84  256.00000    6.00000  97.7%  13.0 2135s
 2411078 1543557  168.00000   97   55  256.00000    6.00000  97.7%  13.0 2141s
 2413222 1546529   49.00000   75   78  256.00000    6.00000  97.7%  13.0 2149s
 2415749 1551027  102.00000   80   60  256.00000    6.00000  97.7%  13.0 2156s
 2425967 1554050  234.00000  100   40  256.00000    6.00000  97.7%  13.0 2162s
 2427924 1556622 infeasible   94       256.00000    6.00000  97.7%  13.0 2166s
 2433680 1561348   46.00000   60   76  256.00000    6.00000  97.7%  13.0 2176s
 2440540 1564711  135.00000   91   57  256.00000    6.00000  97.7%  13.0 2183s
 2444572 1565405   19.00000   71   85  256.00000    6.00000  97.7%  13.0 2185s
 2448607 1569130 infeasible  137       256.00000    6.00000  97.7%  13.0 2192s
 2451646 1569925 infeasible  117       256.00000    6.00000  97.7%  13.0 2195s
 2452781 1572924 infeasible   89       256.00000    6.00000  97.7%  13.0 2200s
 2459583 1575734  245.03370   92   53  256.00000    6.00000  97.7%  13.0 2205s
 2462663 1576301   36.03649   60   80  256.00000    6.00000  97.7%  13.0 2213s
 2463532 1577603  179.00000   88   51  256.00000    6.00000  97.7%  13.0 2216s
 2466602 1580734  148.00000   78   59  256.00000    6.00000  97.7%  13.0 2222s
 2469511 1581390  253.01919   83   50  256.00000    6.00000  97.7%  13.0 2225s
 2473560 1585563  197.00000  111   41  256.00000    6.00000  97.7%  13.0 2233s
 2477200 1586239    8.00000   77   88  256.00000    6.00000  97.7%  13.0 2235s
 2481576 1589229   16.14152   81   84  256.00000    6.00000  97.7%  13.0 2241s
 2485804 1593405  196.00000  109   56  256.00000    6.00000  97.7%  13.0 2248s
 2489368 1595344  241.00000   91   44  256.00000    6.00000  97.7%  13.0 2252s
 2493531 1597662  232.00000  107   35  256.00000    6.00000  97.7%  13.1 2256s
 2496015 1599380   22.00000   77   88  256.00000    6.00000  97.7%  13.1 2260s
 2498651 1601964  239.00000   73   47  256.00000    6.00000  97.7%  13.1 2265s
 2503664 1604433  174.03941   97   61  256.00000    6.00000  97.7%  13.1 2270s
 2509928 1607130    9.00000   71   89  256.00000    6.00000  97.7%  13.1 2276s
 2514123 1609162  252.00000  121   34  256.00000    6.00000  97.7%  13.1 2286s
 2514830 1610410  109.95170   94   70  256.00000    6.00000  97.7%  13.1 2290s
 2519227 1613247  236.76156  100   60  256.00000    6.00000  97.7%  13.1 2296s
 2520567 1617356  159.00000   93   47  256.00000    6.00000  97.7%  13.1 2303s
 2526736 1619662   68.27701   70   64  256.00000    6.00000  97.7%  13.1 2307s
 2530594 1620373  121.03929   87   62  256.00000    6.00000  97.7%  13.1 2310s
 2535286 1623107  227.00000  113   46  256.00000    6.00000  97.7%  13.1 2316s
 2539965 1627143    6.00000   63   89  256.00000    6.00000  97.7%  13.1 2324s
 2542816 1628040   35.34884   60   78  256.00000    6.00000  97.7%  13.1 2327s
 2544120 1631258  212.00000   87   48  256.00000    6.00000  97.7%  13.1 2332s
 2549464 1633245   77.00000   71   74  256.00000    6.00000  97.7%  13.1 2336s
 2553482 1635570 infeasible   88       256.00000    6.00000  97.7%  13.1 2341s
 2557467 1638449 infeasible   94       256.00000    6.00000  97.7%  13.1 2347s
 2560748 1640761  148.03930   94   46  256.00000    6.00000  97.7%  13.1 2351s
 2564350 1640768 infeasible  123       256.00000    6.00000  97.7%  13.1 2358s
 2564375 1641410  242.20000  124   41  256.00000    6.00000  97.7%  13.1 2360s
 2566634 1643207  236.00000   92   50  256.00000    6.00000  97.7%  13.1 2365s
 2568027 1645364  144.08379   85   46  256.00000    6.00000  97.7%  13.1 2370s
 2575278 1648586  211.12045   91   51  256.00000    6.00000  97.7%  13.1 2377s
 2576739 1651126  192.00000   83   59  256.00000    6.00000  97.7%  13.1 2382s
 2580740 1653501 infeasible  101       256.00000    6.00000  97.7%  13.1 2386s
 2584567 1655619   41.03649   67   85  256.00000    6.00000  97.7%  13.1 2391s
 2589037 1658737  173.11176   88   57  256.00000    6.00000  97.7%  13.1 2398s
 2593003 1660346  228.00000  101   30  256.00000    6.00000  97.7%  13.1 2401s
H2594915 1655836                     255.0000000    6.00000  97.6%  13.1 2402s
 2595364 1655831  238.00000   94   46  255.00000    6.00000  97.6%  13.1 2412s
 2596024 1657060   57.53649   84   83  255.00000    6.00000  97.6%  13.1 2416s
 2597240 1657075  168.00000  129   49  255.00000    6.00000  97.6%  13.1 2423s
 2597257 1657882  166.00000  128   53  255.00000    6.00000  97.6%  13.1 2425s
 2599884 1659622  126.03649   85   54  255.00000    6.00000  97.6%  13.1 2430s
 2603046 1663325  217.00000  108   41  255.00000    6.00000  97.6%  13.1 2439s
 2607417 1664389 infeasible  112       255.00000    6.00000  97.6%  13.1 2442s
 2608993 1667342  220.00000   88   53  255.00000    6.00000  97.6%  13.1 2449s
 2613644 1668373  111.05819   90   67  255.00000    6.00000  97.6%  13.1 2452s
 2615245 1671031    6.33333   58   85  255.00000    6.00000  97.6%  13.1 2457s
 2619685 1673444  250.00000  103   46  255.00000    6.00000  97.6%  13.1 2462s
 2623477 1674296   18.00000   60   79  255.00000    6.00000  97.6%  13.1 2465s
 2628298 1679443   17.05331   79   87  255.00000    6.00000  97.6%  13.1 2474s
 2632668 1680096  174.00000  119   40  255.00000    6.00000  97.6%  13.1 2476s
 2636433 1683487  105.00000   88   64  255.00000    6.00000  97.6%  13.1 2481s
 2640197 1685627  228.00000  110   40  255.00000    6.00000  97.6%  13.1 2485s
H2645828 1676693                     253.0000000    6.00000  97.6%  13.1 2491s
 2649391 1680303    6.00000   66   82  253.00000    6.00000  97.6%  13.1 2498s
H2650341 1674252                     252.0000000    6.00000  97.6%  13.1 2498s
H2653086 1668227                     251.0000000    6.00000  97.6%  13.1 2505s
 2655175 1670270 infeasible  102       251.00000    6.00000  97.6%  13.1 2510s
H2655177 1664054                     250.0000000    6.00000  97.6%  13.1 2510s
 2657272 1667087  153.00000   90   62  250.00000    6.00000  97.6%  13.1 2517s
 2660593 1668478  171.00000  130   60  250.00000    6.00000  97.6%  13.1 2520s
 2662677 1671618  210.00000   86   41  250.00000    6.00000  97.6%  13.1 2525s
 2670784 1675059   23.07072   60   87  250.00000    6.00000  97.6%  13.1 2533s
 2673441 1677753   60.08128   72   86  250.00000    6.00000  97.6%  13.1 2538s
 2677854 1679169   10.03067   61   84  250.00000    6.00000  97.6%  13.1 2541s
 2681321 1682032 infeasible  100       250.00000    6.00000  97.6%  13.1 2546s
 2684698 1682153   10.10284   63   88  250.00000    6.00000  97.6%  13.1 2552s
 2685812 1683905    6.00000   65   89  250.00000    6.00000  97.6%  13.1 2555s
 2689931 1687698   57.80000   76   71  250.00000    6.00000  97.6%  13.1 2561s
 2693023 1690281   84.00000   84   77  250.00000    6.00000  97.6%  13.1 2565s
 2697081 1690292  201.00000  102   48  250.00000    6.00000  97.6%  13.1 2572s
 2698228 1691799  202.00000   91   43  250.00000    6.00000  97.6%  13.1 2575s
 2700924 1693640  137.14280   83   62  250.00000    6.00000  97.6%  13.1 2580s
 2705737 1697028  139.00000   88   59  250.00000    6.00000  97.6%  13.1 2587s
 2708400 1697816   38.00000   68   92  250.00000    6.00000  97.6%  13.1 2590s
 2713794 1702898   35.00000   61   87  250.00000    6.00000  97.6%  13.1 2599s
 2717832 1703398 infeasible   85       250.00000    6.00000  97.6%  13.1 2601s
 2722381 1706157   43.00000   87   79  250.00000    6.00000  97.6%  13.1 2606s
 2725939 1709682  228.00000  112   36  250.00000    6.00000  97.6%  13.1 2612s
 2730083 1712090 infeasible   83       250.00000    6.00000  97.6%  13.1 2617s
 2732971 1713728 infeasible  105       250.00000    6.00000  97.6%  13.1 2620s
 2737408 1717770 infeasible   98       250.00000    6.00000  97.6%  13.1 2629s
 2742480 1719653   85.00000   73   68  250.00000    6.00000  97.6%  13.1 2633s
 2745590 1719674 infeasible  114       250.00000    6.00000  97.6%  13.1 2637s
H2745609 1706538                     248.0000000    6.00000  97.6%  13.1 2637s
 2746806 1708633  239.07145   93   40  248.00000    6.00000  97.6%  13.1 2642s
 2749020 1708649  228.04210   90   46  248.00000    6.00000  97.6%  13.1 2648s
 2749036 1709395  228.04210   91   48  248.00000    6.00000  97.6%  13.1 2650s
 2751765 1711137  212.00000   87   58  248.00000    6.00000  97.6%  13.1 2655s
 2756847 1715985  118.00000   83   63  248.00000    6.00000  97.6%  13.1 2664s
 2761038 1716552  190.03751   82   48  248.00000    6.00000  97.6%  13.1 2666s
 2764754 1718683 infeasible  117       248.00000    6.00000  97.6%  13.1 2671s
 2768400 1722087  226.00000   99   52  248.00000    6.00000  97.6%  13.1 2677s
 2772341 1724873   14.00000   62   82  248.00000    6.00000  97.6%  13.1 2682s
 2775609 1726514   70.00000   79   74  248.00000    6.00000  97.6%  13.1 2686s
 2779702 1731585   26.00000   76   81  248.00000    6.00000  97.6%  13.1 2695s
 2788675 1735577  186.01104   71   64  248.00000    6.00000  97.6%  13.1 2703s
 2792204 1736177 infeasible   96       248.00000    6.00000  97.6%  13.1 2705s
 2796370 1739342   18.00000   77   90  248.00000    6.00000  97.6%  13.1 2711s
 2798353 1741310   83.00000   91   60  248.00000    6.00000  97.6%  13.1 2715s
 2801601 1741307   32.00000   75   77  248.00000    6.00000  97.6%  13.1 2722s
 2801632 1751512   32.00000   76   76  248.00000    6.00000  97.6%  13.1 2751s
 2817648 1756596  209.00000  123   31  248.00000    6.00000  97.6%  13.2 2763s
 2825591 1756610  207.03370  108   46  248.00000    6.00000  97.6%  13.2 2772s
 2825608 1766764 infeasible  109       248.00000    6.00000  97.6%  13.2 2789s
 2828611 1766764   42.05687   80   82  248.00000    6.00000  97.6%  13.2 2790s
 2841624 1768985   14.05879   69   84  248.00000    6.00000  97.6%  13.2 2797s
 2845277 1770773   23.00000   72   87  248.00000    6.00000  97.6%  13.2 2801s
 2848061 1773763   15.33333   60   83  248.00000    6.00000  97.6%  13.2 2806s
 2853503 1776283  129.93750   91   54  248.00000    6.00000  97.6%  13.2 2812s
 2856592 1777797    9.36982   60   83  248.00000    6.00000  97.6%  13.2 2815s
 2860843 1779933  142.00000   93   62  248.00000    6.00000  97.6%  13.2 2820s
 2864771 1783700    7.00000   76   89  248.00000    6.00000  97.6%  13.2 2828s
 2868348 1785589   10.05309   67   97  248.00000    6.00000  97.6%  13.2 2831s
 2871098 1786598 infeasible   91       248.00000    6.00000  97.6%  13.2 2835s
 2872721 1790872   33.05309   82   84  248.00000    6.00000  97.6%  13.2 2843s
 2879558 1792536 infeasible   87       248.00000    6.00000  97.6%  13.2 2847s
 2883262 1795111  217.07671   97   45  248.00000    6.00000  97.6%  13.2 2853s
 2886119 1796637  104.28523   81   77  248.00000    6.00000  97.6%  13.2 2856s
 2889691 1799300  223.00000  101   44  248.00000    6.00000  97.6%  13.2 2862s
 2892958 1799308   21.00000   82   80  248.00000    6.00000  97.6%  13.2 2870s
 2892980 1809279   18.00000   80   82  248.00000    6.00000  97.6%  13.2 2897s
 2908996 1810793  134.07526   82   71  248.00000    6.00000  97.6%  13.2 2905s
 2911401 1814066  214.00000  124   52  248.00000    6.00000  97.6%  13.2 2913s
 2916862 1814093  184.00000  105   49  248.00000    6.00000  97.6%  13.2 2922s
 2916908 1824001  184.00000  106   46  248.00000    6.00000  97.6%  13.2 2941s
 2932924 1826094  220.00000   90   50  248.00000    6.00000  97.6%  13.2 2948s
 2936386 1828109  200.94730  108   48  248.00000    6.00000  97.6%  13.2 2953s
 2939592 1830904   50.00000   86   64  248.00000    6.00000  97.6%  13.2 2959s
 2944139 1832640   44.00000   80   65  248.00000    6.00000  97.6%  13.2 2962s
 2946591 1834267     cutoff  110       248.00000    6.00000  97.6%  13.2 2965s
 2951777 1837057   60.00000   80   71  248.00000    6.00000  97.6%  13.2 2972s
 2956147 1840249  137.01284  101   61  248.00000    6.00000  97.6%  13.2 2977s
 2958622 1841714 infeasible   75       248.00000    6.00000  97.6%  13.2 2980s
 2961063 1844012  191.03659   97   56  248.00000    6.00000  97.6%  13.2 2986s
 2964933 1845772  241.00000  103   43  248.00000    6.00000  97.6%  13.2 2990s
 2970328 1848903   48.12048   71   76  248.00000    6.00000  97.6%  13.2 2996s
 2975457 1851040 infeasible   91       248.00000    6.00000  97.6%  13.2 3002s
 2976317 1852836  206.00000  113   40  248.00000    6.00000  97.6%  13.2 3005s
 2981818 1855349   24.81250   55   86  248.00000    6.00000  97.6%  13.2 3012s
 2983406 1855364  125.05338   74   70  248.00000    6.00000  97.6%  13.2 3020s
 2983422 1856875  153.14901   75   62  248.00000    6.00000  97.6%  13.2 3025s
 2985794 1856889   97.03649   71   76  248.00000    6.00000  97.6%  13.2 3035s
 2985810 1858417   51.03649   72   77  248.00000    6.00000  97.6%  13.2 3040s
 2988104 1861618  234.94730   96   47  248.00000    6.00000  97.6%  13.2 3048s
 2993616 1862504   24.00000   56   80  248.00000    6.00000  97.6%  13.2 3053s
 2995462 1865423   93.38575   95   69  248.00000    6.00000  97.6%  13.2 3059s
 3000413 1866368  163.00000   77   57  248.00000    6.00000  97.6%  13.2 3063s
 3002041 1868800    6.00000   71   84  248.00000    6.00000  97.6%  13.2 3068s
 3006016 1869877  233.45000  107   50  248.00000    6.00000  97.6%  13.2 3072s
 3007849 1872884  108.00000   71   59  248.00000    6.00000  97.6%  13.2 3078s
 3013040 1873703   50.00000   59   70  248.00000    6.00000  97.6%  13.2 3081s
 3014476 1873716  111.00000   86   73  248.00000    6.00000  97.6%  13.2 3088s
 3014494 1874558  166.00000   87   68  248.00000    6.00000  97.6%  13.2 3090s
 3017352 1878167    9.10562   64   80  248.00000    6.00000  97.6%  13.2 3097s
 3021038 1879041  120.00000   94   56  248.00000    6.00000  97.6%  13.2 3100s
 3025900 1882170  223.00000  124   42  248.00000    6.00000  97.6%  13.2 3107s
 3027189 1884981   26.00000   68   84  248.00000    6.00000  97.6%  13.2 3112s
 3031770 1886349   26.10855   75   82  248.00000    6.00000  97.6%  13.2 3115s
 3034788 1888787    6.00000   72   89  248.00000    6.00000  97.6%  13.2 3120s
 3040179 1890868  180.00000   94   59  248.00000    6.00000  97.6%  13.2 3125s
 3043747 1894202  212.36316   99   46  248.00000    6.00000  97.6%  13.2 3131s
 3049340 1897053   22.93133   66   83  248.00000    6.00000  97.6%  13.2 3137s
 3050922 1900934   84.00000  101   73  248.00000    6.00000  97.6%  13.2 3144s
 3057049 1903118   32.00000   86   79  248.00000    6.00000  97.6%  13.2 3149s
 3060540 1903834  136.00000   82   58  248.00000    6.00000  97.6%  13.2 3151s
 3064297 1907076    9.03649   59   82  248.00000    6.00000  97.6%  13.2 3157s
 3067149 1907730   32.15101   80   93  248.00000    6.00000  97.6%  13.2 3160s
 3071775 1912242  205.00000   83   59  248.00000    6.00000  97.6%  13.2 3168s
 3075341 1912250  144.25811   78   59  248.00000    6.00000  97.6%  13.2 3176s
 3076392 1913655  212.00000   95   49  248.00000    6.00000  97.6%  13.2 3181s
 3079408 1915634 infeasible  109       248.00000    6.00000  97.6%  13.2 3187s
 3081082 1917975  137.55556   97   66  248.00000    6.00000  97.6%  13.2 3191s
 3084414 1921126  194.00000  110   41  248.00000    6.00000  97.6%  13.2 3197s
 3089401 1922101 infeasible   96       248.00000    6.00000  97.6%  13.2 3200s
 3094271 1927080   89.00000   76   70  248.00000    6.00000  97.6%  13.2 3209s
 3098698 1927844    6.00000   69   91  248.00000    6.00000  97.6%  13.2 3212s
 3099695 1929691  167.03929  101   55  248.00000    6.00000  97.6%  13.2 3215s
 3104962 1931798    8.00000   62   98  248.00000    6.00000  97.6%  13.2 3220s
 3108483 1935039  153.00000   85   47  248.00000    6.00000  97.6%  13.2 3226s
 3112220 1937602  105.02914   84   66  248.00000    6.00000  97.6%  13.2 3231s
 3115292 1940341  119.00000   87   59  248.00000    6.00000  97.6%  13.2 3237s
 3120609 1942614  107.02516  101   70  248.00000    6.00000  97.6%  13.2 3242s
 3123300 1944371    6.00000   72   89  248.00000    6.00000  97.6%  13.2 3245s
 3127598 1946654  119.00000   95   61  248.00000    6.00000  97.6%  13.2 3250s
 3131012 1949182  226.03649   95   50  248.00000    6.00000  97.6%  13.2 3256s
 3134005 1949190   19.05309   79   89  248.00000    6.00000  97.6%  13.2 3264s
 3134027 1949905   41.10245   80   88  248.00000    6.00000  97.6%  13.2 3266s
 3136359 1951566  196.02856   72   57  248.00000    6.00000  97.6%  13.2 3271s
 3137736 1955837  241.00000   87   33  248.00000    6.00000  97.6%  13.2 3279s
 3144996 1956605   27.00000   74   76  248.00000    6.00000  97.6%  13.2 3282s
 3146026 1958539  233.00000  116   37  248.00000    6.00000  97.6%  13.2 3286s
 3150678 1961532  115.07442   86   60  248.00000    6.00000  97.6%  13.2 3292s
 3153653 1963332   23.13402   62   90  248.00000    6.00000  97.6%  13.2 3295s
 3157694 1965853  224.00000   89   51  248.00000    6.00000  97.6%  13.2 3302s
 3161704 1966478   72.00000   66   67  248.00000    6.00000  97.6%  13.2 3305s
 3165643 1968516  112.00000   71   70  248.00000    6.00000  97.6%  13.2 3318s
 3165673 1969001  123.18701   72   62  248.00000    6.00000  97.6%  13.2 3320s
 3168634 1971542  125.00000   76   65  248.00000    6.00000  97.6%  13.2 3327s
 3170092 1974022  211.00000   97   40  248.00000    6.00000  97.6%  13.2 3331s
 3175561 1974924   49.00000   72   65  248.00000    6.00000  97.6%  13.2 3341s
 3176876 1977880  175.00000  102   47  248.00000    6.00000  97.6%  13.3 3348s
 3180333 1978734 infeasible  110       248.00000    6.00000  97.6%  13.2 3352s
 3181816 1982685  166.00000   73   62  248.00000    6.00000  97.6%  13.3 3359s
 3188282 1983398  148.00000   73   68  248.00000    6.00000  97.6%  13.3 3362s
 3189423 1985054  242.06250  100   62  248.00000    6.00000  97.6%  13.3 3366s
 3192313 1987246   30.00000   73   79  248.00000    6.00000  97.6%  13.3 3371s
 3197279 1989608  223.00000   95   54  248.00000    6.00000  97.6%  13.3 3378s
 3199899 1991758  103.08885   67   62  248.00000    6.00000  97.6%  13.3 3382s
 3203195 1992918   95.00000   86   66  248.00000    6.00000  97.6%  13.3 3386s
 3204818 1997068  143.06420   91   56  248.00000    6.00000  97.6%  13.3 3395s
 3211580 1998488   45.19663   69   81  248.00000    6.00000  97.6%  13.3 3400s
 3216570 2000888 infeasible   88       248.00000    6.00000  97.6%  13.3 3406s
 3217659 2002625  182.03877   89   54  248.00000    6.00000  97.6%  13.3 3410s
 3223616 2006233   42.05898   61   81  248.00000    6.00000  97.6%  13.3 3419s
 3226401 2007885 infeasible   90       248.00000    6.00000  97.6%  13.3 3423s
 3228921 2007890  235.00000  102   25  248.00000    6.00000  97.6%  13.3 3433s
 3228948 2008457  235.00000  103   27  248.00000    6.00000  97.6%  13.3 3435s
 3231322 2010472   11.05355   65   87  248.00000    6.00000  97.6%  13.3 3442s
 3232962 2013462   28.83927   69   86  248.00000    6.00000  97.6%  13.3 3449s
 3237986 2014323  179.00000   91   51  248.00000    6.00000  97.6%  13.3 3453s
 3239363 2016826  205.00000  105   40  248.00000    6.00000  97.6%  13.3 3458s
 3243161 2019184   58.64712   77   83  248.00000    6.00000  97.6%  13.3 3464s
 3246913 2020220   14.00000   62   83  248.00000    6.00000  97.6%  13.3 3468s
 3248275 2024347  111.00000  101   53  248.00000    6.00000  97.6%  13.3 3477s
 3255102 2025167   56.00000   61   70  248.00000    6.00000  97.6%  13.3 3481s
 3256412 2027395   44.27094   72   77  248.00000    6.00000  97.6%  13.3 3486s
 3259962 2029688    6.00000   69   85  248.00000    6.00000  97.6%  13.3 3491s
 3264465 2032634   86.13402   73   72  248.00000    6.00000  97.6%  13.3 3498s
 3268034 2034793   38.05309   63   84  248.00000    6.00000  97.6%  13.3 3505s
 3272805 2037615   62.14494   83   77  248.00000    6.00000  97.6%  13.3 3512s
 3276017 2039151   13.01180   60   88  248.00000    6.00000  97.6%  13.3 3515s
 3279433 2042148   51.85555   77   81  248.00000    6.00000  97.6%  13.3 3522s
 3282790 2044064  101.00000   72   65  248.00000    6.00000  97.6%  13.3 3527s
 3285912 2044803 infeasible   99       248.00000    6.00000  97.6%  13.3 3530s
 3289910 2049233  156.00000   76   66  248.00000    6.00000  97.6%  13.3 3540s
 3293745 2049232 infeasible  105       248.00000    6.00000  97.6%  13.3 3550s
 3294870 2050768  108.20576   90   59  248.00000    6.00000  97.6%  13.3 3555s
 3297781 2054209  155.00000   80   62  248.00000    6.00000  97.6%  13.3 3563s
 3301370 2055918  168.00000  137   39  248.00000    6.00000  97.6%  13.3 3568s
 3304305 2056786    9.04494   66   80  248.00000    6.00000  97.6%  13.3 3571s
 3305537 2059362  200.00000  107   44  248.00000    6.00000  97.6%  13.3 3577s
 3309601 2061372   59.06830   70   75  248.00000    6.00000  97.6%  13.3 3581s
 3312625 2062455  243.00000  110   30  248.00000    6.00000  97.6%  13.3 3586s
 3314231 2066565  176.00000   82   49  248.00000    6.00000  97.6%  13.3 3594s
 3321104 2068158   28.00000   65   80  248.00000    6.00000  97.6%  13.3 3599s

Cutting planes:
  Learned: 2
  Gomory: 2
  Cover: 1
  Implied bound: 25
  MIR: 2
  Flow cover: 10
  GUB cover: 1

Explored 3323869 nodes (44110097 simplex iterations) in 3600.41 seconds (501.51 work units)
Thread count was 16 (of 16 available processors)

Solution count 10: 248 250 251 ... 280

Time limit reached
Best objective 2.480000000000e+02, best bound 6.000000000000e+00, gap 97.5806%
Warning: constraint name "precedence between 0,2 to 0,0 if x_[j,l,h,z,i]=1" has a space
Warning: constraint name "precedence between 0,2 to 0,0 if x_[j,l,h,z,i]=1" has a space
Warning: default constraint names used to write mps file
