
Gurobi 10.0.1 (win64) logging started Sun Sep 17 00:37:46 2023

Set parameter LogFile to value "./results-heuristic-start//log/Fattahi_setup_18_modified_old_deadline.log"
Gurobi Optimizer version 10.0.1 build v10.0.1rc0 (win64)

CPU model: AMD Ryzen 7 3700X 8-Core Processor, instruction set [SSE2|AVX|AVX2]
Thread count: 8 physical cores, 16 logical processors, using up to 16 threads

Optimize a model with 1270 rows, 1487 columns and 5585 nonzeros
Model fingerprint: 0x6dcf4e1e
Model has 1 quadratic constraint
Variable types: 86 continuous, 1401 integer (1400 binary)
Coefficient statistics:
  Matrix range     [1e+00, 1e+06]
  QMatrix range    [1e+00, 1e+00]
  QLMatrix range   [1e+00, 4e+02]
  Objective range  [1e+00, 1e+00]
  Bounds range     [1e+00, 1e+00]
  RHS range        [1e+00, 3e+06]

Warning: Completing partial solution with 1365 unfixed non-continuous variables out of 1401
User MIP start did not produce a new incumbent solution
User MIP start violates constraint initial_start_time_job0_stage0_machine2_constraint by 420.000000000

Presolve removed 108 rows and 939 columns
Presolve time: 0.02s
Presolved: 1181 rows, 566 columns, 5518 nonzeros
Variable types: 104 continuous, 462 integer (461 binary)

Root relaxation: objective 0.000000e+00, 153 iterations, 0.00 seconds (0.00 work units)
Another try with MIP start

    Nodes    |    Current Node    |     Objective Bounds      |     Work
 Expl Unexpl |  Obj  Depth IntInf | Incumbent    BestBd   Gap | It/Node Time

     0     0    0.00000    0   34          -    0.00000      -     -    0s
     0     0    0.00000    0   49          -    0.00000      -     -    0s
     0     0    0.00000    0   49          -    0.00000      -     -    0s
     0     0 1717.62816    0   88          - 1717.62816      -     -    0s
     0     0 3037.79166    0   89          - 3037.79166      -     -    0s
     0     0 3038.72107    0   78          - 3038.72107      -     -    0s
H    0     0                    27092.000000 3038.72107  88.8%     -    0s
     0     0 4208.29979    0   88 27092.0000 4208.29979  84.5%     -    0s
     0     0 4639.68093    0   92 27092.0000 4639.68093  82.9%     -    0s
     0     0 4647.92607    0   96 27092.0000 4647.92607  82.8%     -    0s
     0     0 4661.55558    0   93 27092.0000 4661.55558  82.8%     -    0s
H    0     0                    27090.000000 4661.55558  82.8%     -    0s
     0     0 4665.55342    0   92 27090.0000 4665.55342  82.8%     -    0s
H    0     0                    26078.000000 4665.55342  82.1%     -    0s
H    0     0                    24988.000000 4665.55342  81.3%     -    0s
H    0     0                    24986.000000 4665.55342  81.3%     -    0s
     0     0 4673.46539    0   95 24986.0000 4673.46539  81.3%     -    0s
     0     0 4673.46539    0   83 24986.0000 4673.46539  81.3%     -    0s
H    0     0                    24863.000000 4673.46539  81.2%     -    0s
     0     2 4673.46539    0   82 24863.0000 4673.46539  81.2%     -    0s
H   31    34                    24755.000000 4698.03408  81.0%  33.1    0s
H   66    64                    24753.000000 4698.03408  81.0%  20.3    0s
H   68    64                    24614.000000 4698.03408  80.9%  19.8    0s
H   81    76                    24603.000000 4698.03408  80.9%  18.6    0s
H   93    76                    24275.000000 4698.03408  80.6%  18.0    0s
H  119   100                    23693.000000 4698.03408  80.2%  16.2    0s
H  134   100                    23606.000000 4698.03408  80.1%  15.4    0s
H  180   137                    23478.000000 4698.03408  80.0%  13.6    0s
H  205   137                    22728.000000 4698.03408  79.3%  13.6    0s
H  643   456                    21750.000000 4698.03408  78.4%   8.8    0s
H  843   684                    21748.000000 4702.58433  78.4%   8.2    0s
H  885   684                    21470.000000 4702.58433  78.1%   8.1    0s
H 1169   936                    21344.000000 4702.58433  78.0%   7.5    0s
H 1231   931                    21067.000000 4702.58433  77.7%   7.5    0s
H 1672  1049                    21032.000000 4887.11752  76.8%   7.0    1s
H 1672   996                    20177.000000 4887.11752  75.8%   7.0    1s
H 1672   946                    20056.000000 4887.11752  75.6%   7.0    1s
H 1687   908                    19225.000000 4928.00000  74.4%   6.9    3s
H 1689   863                    18978.000000 4928.00000  74.0%   6.9    3s
H 1692   821                    18160.000000 4931.38939  72.8%   6.9    3s
H 1692   780                    17575.000000 4931.38939  71.9%   6.9    3s
  1698   784 7209.50000   42   87 17575.0000 4952.33412  71.8%   6.9    5s
H 1700   745                    17268.000000 4968.91674  71.2%   6.9    5s
H 1741   735                    17266.000000 5042.04894  70.8%  22.4    8s
H 1743   699                    17265.000000 5042.04894  70.8%  22.3    8s
H 1745   665                    17264.000000 5042.04894  70.8%  22.3    8s
H 1745   632                    17262.000000 5042.04894  70.8%  22.3    8s
H 1750   603                    16235.000000 5042.04894  68.9%  22.2    9s
  1759   610 5583.00000   19   71 16235.0000 5042.04894  68.9%  28.7   10s
  2015   786 5429.53636   45   78 16235.0000 5042.04894  68.9%  34.6   16s
H 2018   753                    15650.000000 5042.04894  67.8%  34.7   16s
H 2020   723                    15079.000000 5042.04894  66.6%  34.7   16s
  9284  3525 6653.25417   53   65 15079.0000 5042.04894  66.6%  29.1   20s
H16058  6339                    14844.000000 5113.87296  65.5%  25.4   24s
 16678  6864 5136.40203   44   76 14844.0000 5115.38296  65.5%  25.2   25s
H17304  7150                    14842.000000 5140.51817  65.4%  25.1   25s
H18439  7925                    14840.000000 5164.39240  65.2%  24.7   26s
H20423  9320                    14838.000000 5188.61078  65.0%  24.0   27s
H22025  9720                    14837.000000 5203.60974  64.9%  23.5   27s
H23965 10695                    14836.000000 5223.52325  64.8%  23.1   29s
H25813 11862                    14835.000000 5263.87804  64.5%  22.9   30s
H26900 12504                    14834.000000 5290.83092  64.3%  22.7   31s
H28240 13048                    14832.000000 5307.90296  64.2%  22.5   32s
H29386 13735                    14831.000000 5325.90339  64.1%  22.3   33s
H30755 14437                    14830.000000 5337.07333  64.0%  22.0   34s
H32079 15045                    14829.000000 5343.00207  64.0%  21.7   34s
H33260 15924                    14805.000000 5361.00000  63.8%  21.6   35s
H35373 16574                    14804.000000 5380.00000  63.7%  21.3   37s
H38243 18444                    14802.000000 5391.72136  63.6%  20.9   39s
 39699 19400 infeasible   88      14802.0000 5398.28891  63.5%  20.8   40s
H39700 19398                    14801.000000 5398.28891  63.5%  20.8   40s
H41500 20630                    14799.000000 5415.67545  63.4%  20.5   48s
H43833 21447                    14798.000000 5443.38191  63.2%  20.3   49s
H45339 22288                    14797.000000 5453.24030  63.1%  20.2   50s
H46894 23291                    14796.000000 5466.53664  63.1%  20.1   52s
H48732 23994                    14795.000000 5481.98403  62.9%  20.0   53s
H50166 24638                    14794.000000 5493.20300  62.9%  20.0   55s
H55459 27756                    14793.000000 5544.71973  62.5%  19.7   60s
H59081 29570                    14792.000000 5561.84679  62.4%  19.5   63s
 60387 30654 6891.00000   59   72 14792.0000 5566.31557  62.4%  19.5   65s
H65309 32528                    14791.000000 5584.36311  62.2%  19.1   68s
 66407 33751 6218.93177   48   63 14791.0000 5595.86148  62.2%  19.1   70s
H68575 34371                    14790.000000 5605.71524  62.1%  19.0   72s
H70801 35927                    14789.000000 5623.70303  62.0%  19.0   74s
 72499 36953 6334.59048   51   54 14789.0000 5630.26647  61.9%  18.9   76s
H74495 37645                    14788.000000 5641.48306  61.9%  18.8   78s
 77245 38673 5942.26925   49   73 14788.0000 5657.96709  61.7%  18.7   80s
H77621 39388                    14786.000000 5661.97205  61.7%  18.7   81s
H81014 41367                    14785.000000 5672.66260  61.6%  18.6   85s
H84304 43082                    14783.000000 5688.64769  61.5%  18.5   89s
 85936 44085 13521.1734   97   29 14783.0000 5694.01558  61.5%  18.5   90s
H89867 46609                    14782.000000 5711.03762  61.4%  18.3   95s
H93870 48242                    14781.000000 5724.65490  61.3%  18.2   99s
 95360 49188 12849.1860   75   31 14781.0000 5728.97561  61.2%  18.2  100s
H99900 51570                    14780.000000 5737.70091  61.2%  18.1  106s
 103419 53653 6247.19174   55   69 14780.0000 5748.50299  61.1%  18.1  110s
H104976 54867                    14779.000000 5757.31474  61.0%  18.0  112s
 108595 56065 6258.61791   51   67 14779.0000 5767.25037  61.0%  17.9  115s
H112051 58582                    14777.000000 5779.57630  60.9%  17.9  120s
 117163 61484 7107.61406   62   66 14777.0000 5797.62770  60.8%  17.7  125s
H118785 62194                    14775.000000 5800.21100  60.7%  17.7  127s
H122369 64200                    14774.000000 5810.18503  60.7%  17.6  131s
H125609 66059                    14773.000000 5819.86717  60.6%  17.5  135s
 129872 68322 6010.04339   55   66 14773.0000 5830.01360  60.5%  17.5  140s
H133110 70255                    14771.000000 5835.81518  60.5%  17.4  144s
 134509 71330 11402.8490   63   46 14771.0000 5839.58049  60.5%  17.4  146s
H136399 72168                    14770.000000 5842.46025  60.4%  17.4  148s
 137973 73304 6627.21095   55   68 14770.0000 5845.93364  60.4%  17.3  150s
H139896 73969                    14769.000000 5850.48429  60.4%  17.3  152s
 142757 75840 6244.60700   50   68 14769.0000 5855.64937  60.4%  17.3  156s
H144680 76627                    14767.000000 5858.17675  60.3%  17.2  158s
 146135 77847 11007.8159   60   37 14767.0000 5862.70060  60.3%  17.2  161s
 150693 79750 13830.9678   91   16 14767.0000 5869.35948  60.3%  17.1  165s
H151683 80309                    14766.000000 5870.90913  60.2%  17.1  166s
H151683 78351                    14539.000000 5870.90913  59.6%  17.1  166s
 154211 79801 7954.61826   55   51 14539.0000 5877.08175  59.6%  17.1  170s
 157216 81915 6635.14816   52   69 14539.0000 5884.14078  59.5%  17.0  175s
 160514 84233 5957.43615   51   63 14539.0000 5893.10163  59.5%  17.0  180s
 164617 86666 7803.99621   53   52 14539.0000 5898.59849  59.4%  16.9  185s
 170147 89937 13541.6733   73   28 14539.0000 5908.79534  59.4%  16.8  192s
 174123 92074 8100.84847   64   52 14539.0000 5914.40489  59.3%  16.7  196s
 177117 93793 10614.6294   67   33 14539.0000 5920.37834  59.3%  16.7  200s
 181872 96670 9108.05276   61   45 14539.0000 5929.14951  59.2%  16.7  206s
 185088 98531 6348.56975   52   75 14539.0000 5933.69444  59.2%  16.6  210s
 189010 101025 infeasible   87      14539.0000 5939.96614  59.1%  16.6  215s
 192592 103441 6046.35912   53   73 14539.0000 5946.71266  59.1%  16.5  221s
 196082 106075 13268.3686   78   33 14539.0000 5953.87587  59.0%  16.5  225s
 200865 108154 12551.0060   62   34 14539.0000 5956.91193  59.0%  16.4  230s
 205420 110968 13588.5530   63   38 14539.0000 5965.12594  59.0%  16.4  236s
 208888 112911 6497.35701   47   65 14539.0000 5969.74752  58.9%  16.3  240s
 212522 115067 7493.19352   56   64 14539.0000 5975.88996  58.9%  16.3  245s
 216444 117753 12700.4399   75   27 14539.0000 5982.15021  58.9%  16.3  251s
 220222 119772 9167.69771   58   43 14539.0000 5985.50991  58.8%  16.2  256s
 223176 121860 11748.0200   66   36 14539.0000 5990.90970  58.8%  16.2  260s
 226995 123886 10799.1142   66   40 14539.0000 5996.00000  58.8%  16.1  265s
 231824 127017 10732.4109   70   30 14539.0000 6001.26117  58.7%  16.1  272s
 235258 129003 6947.93644   53   61 14539.0000 6004.79537  58.7%  16.1  276s
 238475 130872 6149.74510   55   70 14539.0000 6008.23815  58.7%  16.0  280s
 241554 133021 6821.75227   55   64 14539.0000 6012.01934  58.6%  16.0  285s
 246686 135772 6355.12031   57   73 14539.0000 6018.07204  58.6%  16.0  292s
 249818 137633 11136.2505   73   37 14539.0000 6022.73734  58.6%  16.0  296s
 252816 140066 6574.62689   50   70 14539.0000 6026.13206  58.6%  16.0  302s
 256377 141609 12296.6580   80   25 14539.0000 6032.59713  58.5%  15.9  306s
 260078 143945 6311.79492   55   72 14539.0000 6036.44509  58.5%  15.9  310s
 262964 146133 6860.59945   54   55 14539.0000 6040.24433  58.5%  15.9  315s
 267393 148850 14341.0000   88   20 14539.0000 6043.51561  58.4%  15.8  321s
 270832 150707 7928.67790   52   52 14539.0000 6046.17578  58.4%  15.8  325s
 273959 152623 7555.38565   48   58 14539.0000 6049.93966  58.4%  15.8  330s
 277226 154080 12476.1799   56   42 14539.0000 6054.93809  58.4%  15.8  335s
 280534 156271 6791.72834   51   64 14539.0000 6057.96930  58.3%  15.7  340s
 283981 158354 13444.6373   79   20 14539.0000 6061.72938  58.3%  15.7  345s
 287705 160681 7724.10591   53   61 14539.0000 6065.00005  58.3%  15.7  350s
 290526 162776 10468.2701   55   39 14539.0000 6069.11829  58.3%  15.7  356s
 293919 164514 6421.43670   53   65 14539.0000 6074.09865  58.2%  15.7  361s
 297395 166394 7403.21515   54   60 14539.0000 6078.70145  58.2%  15.7  367s
 299514 167689 10567.5016   55   40 14539.0000 6080.79640  58.2%  15.7  370s
 302435 169723 8329.19203   62   46 14539.0000 6084.68182  58.1%  15.7  375s
 305726 171622 10228.4400   63   35 14539.0000 6088.85159  58.1%  15.6  380s
 309440 173728 7503.91016   54   57 14539.0000 6093.34954  58.1%  15.6  385s
 312369 175941 13888.2295   77   29 14539.0000 6096.24759  58.1%  15.6  391s
 316311 178197 6331.22941   51   68 14539.0000 6100.16662  58.0%  15.6  396s
 320182 180371 12293.9472   68   42 14539.0000 6104.53525  58.0%  15.6  401s
 322887 182327 7945.35163   59   54 14539.0000 6107.76497  58.0%  15.6  406s
 326541 184285 infeasible   87      14539.0000 6109.43841  58.0%  15.5  411s
 329731 186143 13407.1527   68   25 14539.0000 6112.05284  58.0%  15.5  416s
 333186 188437 12141.9261   80   33 14539.0000 6114.94394  57.9%  15.5  421s
 336025 190266 14204.0000   95   22 14539.0000 6117.27286  57.9%  15.5  427s
 337876 191254 13883.2674   75   28 14539.0000 6118.71743  57.9%  15.5  430s
 341857 193550 11735.9940   67   37 14539.0000 6121.75790  57.9%  15.4  435s
 345183 195623 9343.88290   73   42 14539.0000 6123.90254  57.9%  15.4  440s
 347957 197871 12832.2178   72   34 14539.0000 6126.43274  57.9%  15.4  446s
 351587 199691 11035.1997   63   45 14539.0000 6129.68860  57.8%  15.4  451s
 355359 202198 7570.10882   67   54 14539.0000 6132.98986  57.8%  15.4  457s
 358370 203068 11920.4170   71   26 14539.0000 6135.05582  57.8%  15.4  465s
H358371 202686                    14515.000000 6135.05582  57.7%  15.4  465s
H358373 202445                    14501.000000 6135.05582  57.7%  15.4  465s
H358374 198216                    14353.000000 6135.05582  57.3%  15.4  465s
H358379 195213                    14258.000000 6135.05582  57.0%  15.4  465s
 358387 204702 12090.6299   71   29 14258.0000 6135.12608  57.0%  15.4  500s
 374403 205610 infeasible   64      14258.0000 6145.90165  56.9%  15.4  506s
 375973 207403 13895.3914   82   24 14258.0000 6148.40390  56.9%  15.3  510s
 381322 209832 14009.2548   96   35 14258.0000 6152.12313  56.9%  15.3  515s
 386565 213102 12525.3430   84   33 14258.0000 6155.01146  56.8%  15.3  522s
 389880 215210 6668.95745   52   68 14258.0000 6157.19130  56.8%  15.3  526s
 394400 217877 14134.0000   86   15 14258.0000 6159.66339  56.8%  15.3  532s
 397377 219811 7612.70115   57   60 14258.0000 6162.30557  56.8%  15.2  536s
 399254 219826 14230.0000   77   14 14258.0000 6163.28481  56.8%  15.2  546s
 399885 220904 8418.87317   61   50 14258.0000 6163.87630  56.8%  15.2  550s
 402888 222834 7334.85977   66   51 14258.0000 6166.10803  56.8%  15.2  556s
 406432 224955 13010.6514   81   22 14258.0000 6168.88553  56.7%  15.2  563s
 408003 226076 6544.20206   55   65 14258.0000 6170.20638  56.7%  15.2  566s
 411691 228453 13031.1734   81   24 14258.0000 6172.30239  56.7%  15.2  572s
 413553 229684 8893.95354   45   52 14258.0000 6173.48641  56.7%  15.2  575s
 417414 232248 8643.32249   64   49 14258.0000 6175.47310  56.7%  15.2  582s
 419401 233288 13746.0000   77   34 14258.0000 6176.75056  56.7%  15.2  585s
 422741 235045 13119.6984   72   35 14258.0000 6179.07076  56.7%  15.2  591s
 425820 236941 8391.62604   57   50 14258.0000 6181.36631  56.6%  15.2  596s
 429059 237969 7660.42525   63   42 14258.0000 6182.65121  56.6%  15.2  600s
 431218 240228 13383.9558   75   27 14258.0000 6183.90391  56.6%  15.2  605s
 434896 242876 infeasible   84      14258.0000 6185.79467  56.6%  15.2  611s
 439274 244921 7160.64591   56   52 14258.0000 6189.13527  56.6%  15.2  617s
 440613 246366 6448.66588   55   67 14258.0000 6189.68622  56.6%  15.2  620s
 444358 248439 12890.9388   64   41 14258.0000 6192.43489  56.6%  15.2  626s
 448583 250368 12177.9442   61   38 14258.0000 6195.37842  56.5%  15.1  632s
 449850 251836 infeasible   70      14258.0000 6196.56402  56.5%  15.1  635s
 453677 254209 11740.8263   75   26 14258.0000 6199.20548  56.5%  15.1  641s
 457526 256140 infeasible   66      14258.0000 6200.71210  56.5%  15.1  647s
 460604 258130 7995.43443   56   53 14258.0000 6202.70667  56.5%  15.1  652s
 462890 259131 6714.08583   50   78 14258.0000 6204.31792  56.5%  15.1  655s
 465827 260953 6235.63701   52   71 14258.0000 6206.46626  56.5%  15.1  660s
 469078 263135 6268.04403   51   69 14258.0000 6208.17950  56.5%  15.1  666s
 470775 264322 7281.81989   56   64 14258.0000 6209.65468  56.4%  15.1  670s
 474188 266572 13772.0000   99   17 14258.0000 6211.68491  56.4%  15.1  675s
 477595 268665 7545.94372   54   61 14258.0000 6212.86697  56.4%  15.1  681s
 480924 270512 6932.04596   55   68 14258.0000 6214.20157  56.4%  15.1  687s
 482573 271299 13874.1010   69   29 14258.0000 6215.38073  56.4%  15.1  690s
 486294 273683 7749.89522   56   65 14258.0000 6217.68083  56.4%  15.1  696s
 487704 275297 9546.68395   57   42 14258.0000 6218.81780  56.4%  15.1  700s
 491352 276925 9684.23118   69   45 14258.0000 6220.73349  56.4%  15.1  705s
 494568 278500 13957.4121   98   27 14258.0000 6222.71559  56.4%  15.1  711s
 497607 280663     cutoff   84      14258.0000 6225.04739  56.3%  15.1  717s
 499403 281400 13291.0046   79   32 14258.0000 6226.19060  56.3%  15.1  720s
 501988 283609 6546.19377   53   73 14258.0000 6228.43061  56.3%  15.1  725s
 505613 285500 13973.5474   79   23 14258.0000 6229.79802  56.3%  15.1  731s
 508808 287560 12980.4219   76   28 14258.0000 6231.68513  56.3%  15.1  738s
 510766 288689 7469.29073   50   52 14258.0000 6233.00000  56.3%  15.1  741s
 514076 290680 infeasible   78      14258.0000 6234.28262  56.3%  15.1  748s
 516026 291533 6461.56090   54   55 14258.0000 6236.26221  56.3%  15.1  751s
 519904 293902 6974.00668   57   56 14258.0000 6238.35560  56.2%  15.0  758s
 521256 294951 infeasible   97      14258.0000 6238.68216  56.2%  15.0  761s
 524894 296946 8783.33786   60   48 14258.0000 6241.22538  56.2%  15.0  768s
 526667 298383 6972.85933   55   59 14258.0000 6242.18568  56.2%  15.0  771s
 530281 301138 7214.99867   62   57 14258.0000 6244.13859  56.2%  15.0  779s
 533431 301838 12174.5597   67   36 14258.0000 6245.60835  56.2%  15.0  782s
 535859 303679 10031.8548   63   47 14258.0000 6246.88494  56.2%  15.0  787s
 537358 304629 13816.0735   81   22 14258.0000 6247.57505  56.2%  15.0  790s
 540303 306438 12456.2529   92   17 14258.0000 6248.55060  56.2%  15.0  795s
 543317 308978 7553.53782   56   55 14258.0000 6250.41532  56.2%  15.0  802s
 545846 309762 infeasible  102      14258.0000 6251.46351  56.2%  15.0  805s
 548887 311717 6661.07900   55   73 14258.0000 6253.89706  56.1%  15.0  810s
 552056 313638 7515.07212   60   59 14258.0000 6255.57512  56.1%  15.0  816s
 555368 315953 7393.72441   56   62 14258.0000 6257.60836  56.1%  15.0  822s
 557291 316964 6581.06874   52   69 14258.0000 6258.43166  56.1%  15.0  825s
 560327 319514 14127.4938   71   24 14258.0000 6260.17932  56.1%  15.0  831s
 564141 321226 6970.70476   54   61 14258.0000 6261.57907  56.1%  15.0  837s
 565676 322438 11222.0467   78   42 14258.0000 6262.29455  56.1%  15.0  840s
 569006 324173 6643.31453   54   69 14258.0000 6264.36480  56.1%  15.0  846s
 572253 326073 13618.4310   79   27 14258.0000 6266.00269  56.1%  15.0  851s
 573770 327504 6997.46122   62   61 14258.0000 6267.04525  56.0%  15.0  855s
 577279 329092 11615.2440   74   31 14258.0000 6268.64496  56.0%  15.0  860s
 580299 331043 6872.52437   56   59 14258.0000 6270.33299  56.0%  15.0  866s
 584044 333166 7302.27578   59   65 14258.0000 6271.92587  56.0%  15.0  872s
 585543 334302 14012.9667   79   24 14258.0000 6272.71967  56.0%  15.0  875s
 589072 336270 8110.31156   64   57 14258.0000 6274.61705  56.0%  15.0  881s
 592831 338334 6840.97201   51   75 14258.0000 6276.52634  56.0%  15.0  887s
 594122 339920 8165.24601   69   57 14258.0000 6277.26435  56.0%  15.0  891s
 597843 341368 13545.6573   75   36 14258.0000 6278.87759  56.0%  15.0  896s
 600931 343006 8581.71619   60   46 14258.0000 6280.20759  56.0%  15.0  902s
 602159 344214 7194.89625   61   57 14258.0000 6280.94611  55.9%  15.0  905s
 605889 346471 6854.77077   53   66 14258.0000 6282.83758  55.9%  15.0  912s
 608131 347430 9997.14938   70   44 14258.0000 6283.70924  55.9%  15.0  915s
 611551 349248 9067.82100   61   55 14258.0000 6285.30816  55.9%  15.0  921s
 614675 351291 6400.61664   53   72 14258.0000 6286.67356  55.9%  15.0  927s
 616111 352668 7342.20926   57   59 14258.0000 6287.23472  55.9%  15.0  930s
 619573 354309 7860.42971   56   53 14258.0000 6288.37102  55.9%  15.0  935s
 622841 356543 6444.70764   50   70 14258.0000 6290.07407  55.9%  15.0  942s
 624802 357601 6321.37139   57   78 14258.0000 6290.51172  55.9%  15.0  945s
 628128 359646 9313.42829   61   45 14258.0000 6292.21967  55.9%  15.0  950s
 631153 361327 12571.8571   77   29 14258.0000 6293.67757  55.9%  15.0  956s
 633763 362402 7831.39436   64   59 14258.0000 6294.74470  55.9%  15.0  960s
 636274 364797 13428.8035   90   33 14258.0000 6296.02534  55.8%  15.0  965s
 639399 366333 6393.09287   56   67 14258.0000 6297.11272  55.8%  15.0  970s
 642557 368206 13452.9797   76   31 14258.0000 6298.51508  55.8%  15.0  976s
 645640 370037 6812.48202   50   71 14258.0000 6300.37403  55.8%  15.0  981s
 648915 371896 11661.0589   70   39 14258.0000 6301.32524  55.8%  15.0  987s
 650307 373185 6795.44852   56   65 14258.0000 6302.13694  55.8%  15.0  990s
 653590 374977 6962.80267   54   68 14258.0000 6303.58580  55.8%  15.0  996s
 657238 376846 8825.36948   57   45 14258.0000 6305.68748  55.8%  15.0 1002s
 658484 378624 10115.9978   67   36 14258.0000 6306.40429  55.8%  15.0 1006s
 662812 379546 6412.92073   44   71 14258.0000 6307.94966  55.8%  15.0 1010s
 664427 381479 6393.80262   51   72 14258.0000 6308.83164  55.8%  15.0 1016s
 667823 383461 11420.0960   71   43 14258.0000 6310.43272  55.7%  15.0 1022s
 669883 384371 6584.83307   54   73 14258.0000 6311.48720  55.7%  15.0 1025s
 672934 386587 6650.40566   61   65 14258.0000 6312.34431  55.7%  15.0 1031s
 676294 388619 13460.4762   89   27 14258.0000 6313.86013  55.7%  15.0 1037s
 678175 389311 7895.86975   58   60 14258.0000 6314.86430  55.7%  15.0 1040s
 682202 391812 13678.2974   99   26 14258.0000 6316.65881  55.7%  15.0 1046s
 684918 393766 11034.0815   72   32 14258.0000 6318.30283  55.7%  15.0 1052s
 686657 394682 7492.61108   53   71 14258.0000 6318.78389  55.7%  15.0 1055s
 689837 396496 6381.48246   57   74 14258.0000 6320.24856  55.7%  15.0 1060s
 693430 398840 6420.49367   56   71 14258.0000 6322.02206  55.7%  15.0 1066s
 696351 401231 8483.99664   63   46 14258.0000 6323.09716  55.7%  15.0 1072s
 698583 402003 8153.88224   58   48 14258.0000 6323.73139  55.6%  15.0 1075s
 699756 402027 7595.17987   64   57 14258.0000 6324.23809  55.6%  15.0 1087s
 699782 402727 7852.88724   65   55 14258.0000 6324.24250  55.6%  15.0 1090s
 701036 404134 6450.96388   53   70 14258.0000 6324.32261  55.6%  15.0 1095s
 703457 405076 13520.0000   92   22 14258.0000 6324.98190  55.6%  15.0 1100s
 707537 407326 7367.21287   55   64 14258.0000 6326.70282  55.6%  15.0 1108s
 709246 408432 7834.65174   54   60 14258.0000 6327.46209  55.6%  15.0 1112s
 711344 409385 13865.8785   74   24 14258.0000 6328.31094  55.6%  15.0 1116s
 713158 410538 13954.0735   81   24 14258.0000 6329.17829  55.6%  15.0 1121s
 715187 411432 13348.8909   87   21 14258.0000 6330.36187  55.6%  15.0 1125s
 718815 413730 7662.59775   59   64 14258.0000 6331.64188  55.6%  15.0 1132s
 720590 414668     cutoff  119      14258.0000 6332.55019  55.6%  15.0 1136s
 723842 416506 8703.40151   64   46 14258.0000 6333.63940  55.6%  15.0 1142s
 725250 417410 12854.8065   75   33 14258.0000 6334.25993  55.6%  15.0 1145s
 729317 419621 infeasible  109      14258.0000 6335.67342  55.6%  15.0 1151s
 730575 420657 6461.00025   58   71 14258.0000 6336.49054  55.6%  15.0 1155s
 733953 422539 infeasible   83      14258.0000 6338.08246  55.5%  15.0 1161s
 736498 423646 13669.0000   92   15 14258.0000 6339.06734  55.5%  15.0 1165s
 739322 425977 infeasible   71      14258.0000 6340.54316  55.5%  15.0 1171s
 743036 428007 6908.30946   51   63 14258.0000 6341.94362  55.5%  15.0 1177s
 744590 429398 12490.9034   70   29 14258.0000 6342.68410  55.5%  15.0 1181s
 748044 431057 9547.59752   61   45 14258.0000 6344.12698  55.5%  15.0 1187s
 749814 431855 6940.69609   55   67 14258.0000 6345.00000  55.5%  15.0 1190s
 753336 433997 13881.0129   77   29 14258.0000 6346.52159  55.5%  15.0 1195s
 756179 436043 7859.67840   57   60 14258.0000 6347.53490  55.5%  15.0 1201s
 759498 437617 13941.0858   67   35 14258.0000 6348.46788  55.5%  15.0 1207s
 760784 438733 7113.99065   69   53 14258.0000 6349.09065  55.5%  15.0 1210s
 764385 440990 13015.0000   86   19 14258.0000 6350.07633  55.5%  15.0 1217s
 766596 441767 infeasible   80      14258.0000 6351.15653  55.5%  15.0 1220s
 769477 443930 9286.00000   67   40 14258.0000 6352.18739  55.4%  15.0 1226s
 772165 444810 6579.39941   58   68 14258.0000 6353.11754  55.4%  15.0 1230s
 774521 446871 14026.6173   81   30 14258.0000 6354.42709  55.4%  15.0 1236s
 777809 448890 10411.9695   58   53 14258.0000 6355.86408  55.4%  15.0 1242s
 779842 449770 infeasible   88      14258.0000 6356.66251  55.4%  15.0 1245s
 782656 451755 7100.23932   55   65 14258.0000 6357.51990  55.4%  15.0 1251s
 785988 453987 7199.25420   56   61 14258.0000 6358.98480  55.4%  15.0 1258s
 788211 454811 13563.6165   69   35 14258.0000 6359.53628  55.4%  15.0 1261s
 790927 456616 7039.49560   55   73 14258.0000 6361.05053  55.4%  15.0 1266s
 794248 458473 7345.97443   62   71 14258.0000 6362.07904  55.4%  15.0 1272s
 795768 459645 13025.3409   81   29 14258.0000 6362.49584  55.4%  15.0 1276s
 799093 461503 infeasible   98      14258.0000 6363.30132  55.4%  15.0 1282s
 800877 462336 6691.27085   59   63 14258.0000 6364.58195  55.4%  15.0 1285s
 803737 464413 10486.7588   63   41 14258.0000 6365.92325  55.4%  15.0 1291s
 807095 466572 6775.29754   54   66 14258.0000 6366.88496  55.3%  15.0 1297s
 809117 467503 13994.5913   87   27 14258.0000 6367.07101  55.3%  15.0 1300s
 812307 469199 10463.3809   68   31 14258.0000 6367.99163  55.3%  15.0 1306s
 815351 470147 7751.92443   56   62 14258.0000 6369.03400  55.3%  15.0 1310s
 817777 472423 6861.76818   55   72 14258.0000 6369.94104  55.3%  15.0 1316s
 819161 473489 7838.03075   66   61 14258.0000 6370.55597  55.3%  15.0 1320s
 822792 475651     cutoff   70      14258.0000 6371.47411  55.3%  14.9 1326s
 825177 477052 8710.82156   61   54 14258.0000 6372.14334  55.3%  14.9 1330s
 828861 478937 12979.7293   77   28 14258.0000 6373.36559  55.3%  14.9 1336s
 831428 480897 6911.67767   56   54 14258.0000 6374.65699  55.3%  14.9 1342s
 833022 481976 infeasible   83      14258.0000 6375.18396  55.3%  14.9 1345s
 836439 484024 11351.9625   77   33 14258.0000 6376.16630  55.3%  14.9 1352s
 838160 485268 6699.47191   57   58 14258.0000 6376.82526  55.3%  14.9 1355s
 841393 486569 12721.7217   72   38 14258.0000 6377.74475  55.3%  14.9 1361s
 844666 488533 9848.33743   79   39 14258.0000 6378.82243  55.3%  14.9 1367s
 846302 489430 7582.37827   59   61 14258.0000 6379.19932  55.3%  14.9 1370s
 849495 491227 13991.7748   71   19 14258.0000 6380.59357  55.2%  14.9 1376s
 853080 493233 9177.11239   62   50 14258.0000 6381.64583  55.2%  14.9 1382s
 854272 494185 7554.64085   59   52 14258.0000 6382.03048  55.2%  14.9 1385s
 857671 496611 11030.9666   80   37 14258.0000 6382.94866  55.2%  14.9 1392s
 859974 497402 6398.55671   57   65 14258.0000 6383.86054  55.2%  14.9 1395s
 862437 499459 14212.9119   73   32 14258.0000 6384.98705  55.2%  14.9 1401s
 866050 501332 7555.22240   58   65 14258.0000 6385.95519  55.2%  14.9 1407s
 867635 502612 12493.8687   60   31 14258.0000 6386.49161  55.2%  14.9 1410s
 871274 504474 6833.18538   60   66 14258.0000 6388.09341  55.2%  14.9 1418s
 873138 505412 7068.62768   58   66 14258.0000 6388.64214  55.2%  14.9 1421s
 874661 506347 11644.8947   61   40 14258.0000 6389.16051  55.2%  14.9 1425s
 878248 508493 13956.2664   70   33 14258.0000 6390.40996  55.2%  14.9 1432s
 879975 509808 14091.0139   92   18 14258.0000 6390.99791  55.2%  14.9 1435s
 884548 511856 11982.1686   73   33 14258.0000 6392.34081  55.2%  14.9 1442s
 886207 513057 14126.1753   77   22 14258.0000 6392.68552  55.2%  14.9 1446s
 889683 514612 14097.5440   82   19 14258.0000 6393.90068  55.2%  14.9 1452s
 891201 515716 infeasible   95      14258.0000 6394.40068  55.2%  14.9 1455s
 894507 517854 7781.10546   59   66 14258.0000 6395.31562  55.1%  14.9 1462s
 896589 518670 6655.92889   54   71 14258.0000 6396.24721  55.1%  14.9 1465s
 899431 520425 7237.68940   57   57 14258.0000 6397.09862  55.1%  14.9 1471s
 902432 522419 6974.50769   52   73 14258.0000 6397.83991  55.1%  14.9 1478s
 904361 523231 infeasible   92      14258.0000 6398.45828  55.1%  14.9 1481s
 907395 525372 11023.7789   68   40 14258.0000 6399.76504  55.1%  14.9 1487s
 909184 526404 7544.83711   57   59 14258.0000 6400.01837  55.1%  14.9 1491s
 912562 527867 12707.5404   82   28 14258.0000 6400.84878  55.1%  14.9 1495s
 915113 529855 14185.5784   86   22 14258.0000 6402.00000  55.1%  14.9 1501s
 916673 530735 13304.5831   67   25 14258.0000 6402.52962  55.1%  14.9 1505s
 919756 532540 infeasible   69      14258.0000 6403.44173  55.1%  14.9 1511s
 923160 534856 6599.61741   54   67 14258.0000 6404.42808  55.1%  14.9 1517s
 925252 535677 8130.67151   58   55 14258.0000 6405.42495  55.1%  14.9 1521s
 928455 537593 infeasible   90      14258.0000 6406.57820  55.1%  14.9 1527s
 929917 538500 7367.67709   54   53 14258.0000 6407.28480  55.1%  14.9 1531s
 933631 540582 6438.11266   53   75 14258.0000 6408.48643  55.1%  14.9 1538s
 935221 541913 13515.9133   67   31 14258.0000 6409.02788  55.0%  14.9 1542s
 938322 543221 6566.00000   51   65 14258.0000 6409.87741  55.0%  14.9 1547s
 939459 544170 6771.08790   55   76 14258.0000 6410.09411  55.0%  14.9 1550s
 943021 546315 7985.01609   60   54 14258.0000 6411.32528  55.0%  14.9 1557s
 944689 547364 9829.71128   61   50 14258.0000 6411.67929  55.0%  14.9 1560s
 947982 549287 6755.12156   56   65 14258.0000 6412.88743  55.0%  14.9 1567s
 949827 550187 7279.15059   55   61 14258.0000 6413.52755  55.0%  14.9 1570s
 953613 552339 6920.53586   56   61 14258.0000 6414.70523  55.0%  14.9 1577s
 954980 553251 12119.9784   63   24 14258.0000 6415.01886  55.0%  14.9 1580s
 958281 555403 11541.0000   75   28 14258.0000 6415.93636  55.0%  14.9 1587s
 959758 556771 7929.56351   64   51 14258.0000 6416.52344  55.0%  14.9 1590s
 963157 558212 infeasible   81      14258.0000 6417.26100  55.0%  14.9 1596s
 966210 560500 13145.5282   73   29 14258.0000 6418.00177  55.0%  14.9 1602s
 968495 561407 9880.38829   70   44 14258.0000 6418.67097  55.0%  14.9 1606s
 971417 563110 8244.55646   62   38 14258.0000 6419.90105  55.0%  14.9 1612s
 972917 564143 6940.21867   52   70 14258.0000 6420.35243  55.0%  14.9 1615s
 976143 566329 8307.82970   63   48 14258.0000 6421.57450  55.0%  14.9 1622s
 978400 567307 9587.44955   61   44 14258.0000 6422.34566  55.0%  14.9 1626s
 979832 568810 10327.3118   74   35 14258.0000 6422.48123  55.0%  14.9 1630s
 983755 570188 6483.45964   59   66 14258.0000 6423.81919  54.9%  14.9 1635s
 986361 572116 7683.13884   61   64 14258.0000 6424.70838  54.9%  14.9 1641s
 988173 573073 14182.1432   77   22 14258.0000 6425.00000  54.9%  14.9 1645s
 991709 574852 infeasible   80      14258.0000 6426.33089  54.9%  14.9 1652s
 992989 575850 13618.6093   74   34 14258.0000 6426.99183  54.9%  14.9 1655s
 996334 577666 infeasible   79      14258.0000 6427.95801  54.9%  14.9 1661s
 997763 578634 14150.0000   96   17 14258.0000 6428.18942  54.9%  14.9 1665s
 1001335 580843 7566.32245   56   83 14258.0000 6429.19461  54.9%  14.9 1673s
 1003631 581471 9124.61760   58   48 14258.0000 6430.15791  54.9%  14.9 1675s
 1006315 583568 10994.3695   68   36 14258.0000 6430.92159  54.9%  14.9 1682s
 1008210 584379 6735.35676   52   57 14258.0000 6431.52802  54.9%  14.9 1685s
 1011766 586467 7411.55491   58   63 14258.0000 6432.77519  54.9%  14.9 1692s
 1013194 587249 12100.8497   65   39 14258.0000 6433.14273  54.9%  14.9 1695s
 1016454 589292 12582.9818   90   23 14258.0000 6434.39640  54.9%  14.9 1702s
 1018014 590206 6948.98113   58   73 14258.0000 6434.69472  54.9%  14.9 1705s
 1021067 591959 infeasible   91      14258.0000 6435.62162  54.9%  14.9 1712s
 1022556 591970 8458.12517   52   51 14258.0000 6436.09751  54.9%  14.9 1724s
 1022577 592936 8712.00000   53   47 14258.0000 6436.11767  54.9%  14.9 1728s
 1024128 594034 13701.9174   64   35 14258.0000 6436.43019  54.9%  14.9 1732s
 1025876 594951 7215.04929   61   66 14258.0000 6436.81559  54.9%  14.9 1736s
 1027559 595878 9601.88841   74   46 14258.0000 6437.25294  54.9%  14.9 1741s
 1029185 597058 8769.91655   72   59 14258.0000 6437.93943  54.8%  14.9 1746s
 1031148 598089 6500.70037   55   75 14258.0000 6438.80037  54.8%  14.9 1750s
 1034687 600141 13753.7473   93   18 14258.0000 6439.86498  54.8%  14.9 1758s
 1036108 601331 9396.91535   61   63 14258.0000 6440.16378  54.8%  14.9 1762s
 1038118 602464 8058.01031   71   48 14258.0000 6440.56780  54.8%  14.9 1766s
 1039964 603476 12696.9561   70   28 14258.0000 6441.28997  54.8%  14.9 1771s
 1041926 604406 13461.8944   83   21 14258.0000 6441.94333  54.8%  14.9 1775s
 1044854 606428 7703.16096   61   50 14258.0000 6443.09188  54.8%  14.9 1782s
 1046882 607743 6981.22094   52   65 14258.0000 6443.56571  54.8%  14.9 1787s
 1048996 608607 12944.2115   71   25 14258.0000 6443.98290  54.8%  14.9 1790s
 1050333 609990 9774.80623   73   37 14258.0000 6444.49949  54.8%  14.9 1795s
 1054176 611859 6938.48859   55   67 14258.0000 6445.52633  54.8%  14.9 1802s
 1055918 613023 12265.0291   72   37 14258.0000 6445.96093  54.8%  14.9 1806s
 1057790 614106 9821.56512   67   44 14258.0000 6446.65957  54.8%  14.9 1810s
 1059625 615460 13372.6439   71   35 14258.0000 6446.97506  54.8%  14.9 1815s
 1063501 617506 10188.0973   63   39 14258.0000 6448.16342  54.8%  14.9 1823s
 1065521 618222 7385.00000   54   70 14258.0000 6448.75852  54.8%  14.9 1826s
 1066681 619231 7311.70561   63   47 14258.0000 6449.23116  54.8%  14.9 1830s
 1070131 620867 infeasible   81      14258.0000 6450.23873  54.8%  14.9 1837s
 1071100 621822 10093.7327   74   39 14258.0000 6450.45127  54.8%  14.9 1841s
 1072846 622751 7300.72397   58   66 14258.0000 6451.22229  54.8%  14.9 1845s
 1076028 625172 8645.12947   61   54 14258.0000 6451.97156  54.7%  14.9 1852s
 1078439 626015 7338.09696   55   60 14258.0000 6452.40364  54.7%  14.9 1856s
 1079941 626958 13896.0000   70   31 14258.0000 6452.73405  54.7%  14.9 1860s
 1083437 629158 7481.55699   61   62 14258.0000 6453.87739  54.7%  14.9 1868s
 1085178 630565 12223.3717   85   33 14258.0000 6454.32628  54.7%  14.9 1873s
 1087503 631280 14208.1757   90   13 14258.0000 6455.08212  54.7%  14.9 1875s
 1089875 633014 11851.3197   83   32 14258.0000 6455.59585  54.7%  14.9 1882s
 1091254 633857 10467.0000   69   39 14258.0000 6455.94844  54.7%  14.9 1886s
 1092720 634966 9553.64476   55   53 14258.0000 6456.24598  54.7%  14.9 1890s
 1096750 636957 7537.15408   58   61 14258.0000 6457.29510  54.7%  14.9 1896s
 1097844 638126 7437.83401   58   57 14258.0000 6457.52369  54.7%  14.9 1900s
 1101328 639788 8504.94256   55   62 14258.0000 6458.23986  54.7%  14.9 1907s
 1103086 640721 6614.22209   54   71 14258.0000 6458.60015  54.7%  14.9 1910s
 1104418 641962 8070.79340   64   44 14258.0000 6458.85656  54.7%  14.9 1915s
 1107779 643975 7527.02467   57   68 14258.0000 6459.87213  54.7%  14.9 1923s
 1109888 645247 10251.0000   65   40 14258.0000 6460.40093  54.7%  14.9 1928s
 1112053 646385 13538.0000   86   29 14258.0000 6461.01676  54.7%  14.9 1933s
 1113984 647664 9470.37560   61   53 14258.0000 6461.66179  54.7%  14.9 1937s
 1116137 648658 7509.44125   64   55 14258.0000 6461.99048  54.7%  14.9 1940s
 1119070 650751 12794.7119   81   29 14258.0000 6462.49982  54.7%  14.9 1948s
 1121124 651914 7197.70043   59   51 14258.0000 6462.92151  54.7%  14.9 1952s
 1122946 653172 9856.31156   79   32 14258.0000 6463.48064  54.7%  14.9 1956s
 1126376 655340 6960.55226   60   62 14258.0000 6464.54263  54.7%  14.9 1963s
 1128564 656162 6860.78326   56   73 14258.0000 6464.95325  54.7%  14.9 1967s
 1129903 657270 10425.5977   60   54 14258.0000 6465.46455  54.7%  14.9 1971s
 1131817 658484 9333.73427   67   42 14258.0000 6465.85904  54.7%  14.9 1976s
 1133787 659367 infeasible   73      14258.0000 6466.35952  54.6%  14.9 1980s
 1137211 661604 8657.90093   51   56 14258.0000 6467.57627  54.6%  14.9 1989s
 1139252 662560 10344.6745   68   38 14258.0000 6468.31947  54.6%  14.9 1993s
 1140853 663669 11940.8406   66   42 14258.0000 6468.72049  54.6%  14.9 1996s
 1142815 664507     cutoff   78      14258.0000 6469.44073  54.6%  14.9 2000s
 1145859 666693 7762.23077   57   52 14258.0000 6470.34922  54.6%  14.9 2008s
 1148110 667636 6733.69540   51   64 14258.0000 6470.85842  54.6%  14.9 2012s
 1149571 668639 7697.82267   56   59 14258.0000 6471.24269  54.6%  14.9 2017s
 1151353 669642 6699.05831   62   61 14258.0000 6471.87605  54.6%  14.9 2021s
 1154585 671580     cutoff   87      14258.0000 6472.74001  54.6%  14.9 2028s
 1156367 672566 8015.60653   56   69 14258.0000 6473.32475  54.6%  14.9 2032s
 1157875 674226 7880.27862   61   45 14258.0000 6473.83717  54.6%  14.9 2035s
 1161821 675663 8398.80707   58   53 14258.0000 6474.47411  54.6%  14.9 2043s
 1163019 676748 11891.8063   68   34 14258.0000 6474.92718  54.6%  14.9 2046s
 1164652 677709 13579.0000   91   20 14258.0000 6475.21069  54.6%  14.9 2050s
 1168115 680058 14189.4513   80   19 14258.0000 6476.04482  54.6%  14.9 2058s
 1170411 680782 infeasible   96      14258.0000 6476.90941  54.6%  14.9 2062s
 1171620 682266 12423.0515   80   33 14258.0000 6477.19202  54.6%  14.9 2068s
 1173996 683594 7008.85177   56   62 14258.0000 6477.67024  54.6%  14.9 2073s
 1176289 684928 14131.9582   77   32 14258.0000 6478.16219  54.6%  14.9 2077s
 1178398 685918 11328.7677   70   25 14258.0000 6478.62642  54.6%  14.9 2081s
 1180120 686913 infeasible   67      14258.0000 6479.14766  54.6%  14.9 2085s
 1183790 688919 8244.37641   57   58 14258.0000 6480.24094  54.6%  14.9 2093s
 1185141 690109 8687.26717   53   58 14258.0000 6480.61460  54.5%  14.9 2097s
 1187035 691093 infeasible   72      14258.0000 6480.91018  54.5%  14.9 2101s
 1188744 692150 10424.2215   66   30 14258.0000 6481.32788  54.5%  14.9 2105s
 1192214 694096 13339.5170   77   31 14258.0000 6482.14559  54.5%  14.9 2112s
 1193495 695487 9254.00000   62   50 14258.0000 6482.35604  54.5%  14.9 2117s
 1195892 696493 6602.11487   59   64 14258.0000 6482.88737  54.5%  14.9 2121s
 1197701 697446 7188.22093   55   72 14258.0000 6483.42781  54.5%  14.9 2125s
 1201411 699252 7884.33573   54   71 14258.0000 6484.25012  54.5%  14.9 2133s
 1202828 700702 6821.05951   56   74 14258.0000 6484.79210  54.5%  14.9 2137s
 1205233 701537 6685.07795   55   63 14258.0000 6485.52575  54.5%  14.9 2141s
 1207465 702356 6979.20715   62   61 14258.0000 6486.00832  54.5%  14.9 2145s
 1210391 704711 7682.43404   59   57 14258.0000 6486.62430  54.5%  14.9 2153s
 1211842 706041 6557.88211   59   67 14258.0000 6487.04522  54.5%  14.9 2157s
 1214007 706964 9725.77483   65   36 14258.0000 6487.62326  54.5%  14.9 2161s
 1215458 707826 14165.0000   80   22 14258.0000 6487.86569  54.5%  14.9 2165s
 1217141 709049 7483.85620   59   68 14258.0000 6488.40407  54.5%  14.9 2170s
 1219245 710305 8103.76195   62   66 14258.0000 6488.77611  54.5%  14.9 2175s
 1222853 712520 7154.01154   51   62 14258.0000 6489.85264  54.5%  14.9 2183s
 1225130 713325 11559.1816   75   35 14258.0000 6490.09828  54.5%  14.9 2186s
 1226429 714229 7991.74526   50   56 14258.0000 6490.53548  54.5%  14.9 2190s
 1229805 716196 8429.24907   58   47 14258.0000 6491.44344  54.5%  14.9 2198s
 1231385 717269 7737.14169   56   59 14258.0000 6492.04906  54.5%  14.9 2202s
 1233283 718240 13657.0846   86   25 14258.0000 6492.34298  54.5%  14.9 2207s
 1235001 719106 6903.00000   56   72 14258.0000 6492.79118  54.5%  14.9 2211s
 1236466 720835 7220.06967   51   57 14258.0000 6493.19640  54.5%  14.9 2216s
 1240294 722225 6553.04092   50   64 14258.0000 6494.18336  54.5%  14.9 2223s
 1241597 723739 8407.00000   58   51 14258.0000 6494.59111  54.4%  14.9 2227s
 1244094 724561 8896.15433   72   45 14258.0000 6495.02319  54.4%  14.9 2231s
 1245479 725467 10273.1743   69   45 14258.0000 6495.37140  54.4%  14.9 2235s
 1248667 727436 7244.79189   61   61 14258.0000 6495.94138  54.4%  14.9 2242s
 1250197 728396 8757.68814   61   59 14258.0000 6496.35528  54.4%  14.9 2246s
 1251864 729434 infeasible   83      14258.0000 6496.80326  54.4%  14.9 2251s
 1253685 730327 6569.72842   54   68 14258.0000 6497.41547  54.4%  14.9 2255s
 1256949 732056 7282.62483   58   57 14258.0000 6498.18941  54.4%  14.9 2262s
 1258288 733467 7243.82078   61   65 14258.0000 6498.69077  54.4%  14.9 2267s
 1260639 734359 7245.37519   57   68 14258.0000 6499.24291  54.4%  14.9 2271s
 1262158 735146 7057.85710   54   68 14258.0000 6499.58430  54.4%  14.9 2275s
 1265718 737435 7499.81140   62   60 14258.0000 6500.10239  54.4%  14.9 2283s
 1267256 738409 infeasible   79      14258.0000 6500.68157  54.4%  14.9 2288s
 1268956 739582 9115.15366   61   46 14258.0000 6501.19366  54.4%  14.9 2292s
 1270927 740392 6843.25506   50   73 14258.0000 6501.66260  54.4%  14.9 2296s
 1272371 741781 7482.86070   64   58 14258.0000 6502.06066  54.4%  14.9 2301s
 1274832 742748 13205.2696   77   29 14258.0000 6502.64388  54.4%  14.9 2305s
 1278023 744996 infeasible  102      14258.0000 6503.36079  54.4%  14.9 2314s
 1279950 745710 10720.1957   58   51 14258.0000 6503.72610  54.4%  14.9 2317s
 1281154 747135 6800.35986   59   64 14258.0000 6503.92222  54.4%  14.9 2321s
 1283542 747961 11856.7568   77   35 14258.0000 6504.38365  54.4%  14.9 2325s
 1287256 750270 12927.4017   78   20 14258.0000 6505.24479  54.4%  14.9 2333s
 1288714 750898 7294.66023   59   66 14258.0000 6505.59564  54.4%  14.9 2336s
 1289782 751939 6544.36967   57   70 14258.0000 6505.79047  54.4%  14.9 2340s
 1293270 754095 8162.93217   59   60 14258.0000 6506.65706  54.4%  14.9 2347s
 1294946 755104 12208.2954   72   29 14258.0000 6506.76587  54.4%  14.9 2351s
 1296768 756213 12759.6565   71   31 14258.0000 6507.18295  54.4%  14.9 2355s
 1300072 758536 infeasible   71      14258.0000 6507.96337  54.4%  14.9 2364s
 1302470 759483 infeasible   81      14258.0000 6508.53280  54.4%  14.9 2369s
 1304033 760369 10540.8247   69   44 14258.0000 6508.74500  54.4%  14.9 2372s
 1305546 761512 9481.09760   59   39 14258.0000 6509.16001  54.3%  14.9 2377s
 1307369 762515 12218.9779   80   22 14258.0000 6509.45202  54.3%  14.9 2381s
 1309079 763486     cutoff   72      14258.0000 6509.96700  54.3%  14.9 2385s
 1312594 765761 10217.1383   81   36 14258.0000 6510.69574  54.3%  14.9 2393s
 1314266 767218 7628.01667   60   56 14258.0000 6510.95543  54.3%  14.9 2398s
 1316807 767931 11759.6141   72   32 14258.0000 6511.36984  54.3%  14.9 2402s
 1318087 768842 9125.30023   60   47 14258.0000 6511.58867  54.3%  14.9 2405s
 1319599 770162 infeasible   76      14258.0000 6512.01088  54.3%  14.9 2410s
 1323039 771816 7752.53280   55   57 14258.0000 6512.78860  54.3%  14.9 2417s
 1324463 773152 11054.7347   61   42 14258.0000 6513.29675  54.3%  14.9 2421s
 1326725 773763 6750.46087   64   56 14258.0000 6513.62573  54.3%  14.9 2425s
 1329264 774608 8721.48564   67   53 14258.0000 6514.27630  54.3%  14.9 2454s
 1329283 774996 9798.06776   68   50 14258.0000 6514.32760  54.3%  14.9 2457s
 1329910 775775 8386.95128   59   57 14258.0000 6514.41162  54.3%  14.9 2461s
 1331242 776714 11438.2696   78   37 14258.0000 6514.73217  54.3%  14.9 2465s
 1334226 778653 12965.6787  105   19 14258.0000 6515.20564  54.3%  14.9 2474s
 1335847 779578 infeasible   81      14258.0000 6515.49060  54.3%  14.9 2478s
 1337391 780381 13469.6487   73   24 14258.0000 6515.72685  54.3%  14.9 2482s
 1338791 781302 11955.4366   62   41 14258.0000 6515.97429  54.3%  14.9 2487s
 1340393 782098 infeasible   72      14258.0000 6516.28921  54.3%  14.9 2491s
 1341763 783023 9238.72959   64   49 14258.0000 6516.66099  54.3%  14.9 2496s
 1343556 784064 14164.2551   79   27 14258.0000 6517.09070  54.3%  14.9 2502s
 1345337 785144 10088.6751   66   40 14258.0000 6517.52431  54.3%  14.9 2506s
 1347027 786369 6892.00000   55   69 14258.0000 6517.72218  54.3%  14.9 2511s
 1349024 787518 10347.0703   69   32 14258.0000 6518.10125  54.3%  14.9 2516s
 1350888 788572 6866.36910   56   73 14258.0000 6518.53602  54.3%  14.9 2521s
 1352591 789555 8199.52264   56   63 14258.0000 6518.77069  54.3%  14.9 2526s
 1354240 790549 7908.15133   61   54 14258.0000 6519.11751  54.3%  14.9 2530s
 1356014 791741 10630.6361   61   44 14258.0000 6519.28268  54.3%  14.9 2536s
 1358045 792809 6818.85171   56   69 14258.0000 6519.77098  54.3%  14.9 2541s
 1359787 793930 9341.00000   67   39 14258.0000 6520.06988  54.3%  14.9 2545s
 1361563 795063 infeasible   84      14258.0000 6520.47164  54.3%  14.9 2550s
 1364766 796774 6629.46616   57   65 14258.0000 6520.88808  54.3%  14.9 2558s
 1366335 797787 7325.22110   59   55 14258.0000 6521.39034  54.3%  14.9 2561s
 1367716 798810 infeasible   86      14258.0000 6521.55678  54.3%  14.9 2566s
 1369491 799788 6719.51716   60   69 14258.0000 6521.85367  54.3%  14.9 2571s
 1371102 800767 14052.3609   74   25 14258.0000 6522.11022  54.3%  14.9 2575s
 1372815 801816 6833.97879   61   76 14258.0000 6522.48749  54.3%  14.9 2580s
 1375933 803792 infeasible   91      14258.0000 6523.39694  54.2%  14.9 2590s
 1378064 804827 infeasible   71      14258.0000 6523.68383  54.2%  14.9 2595s
 1381433 806827 8021.15322   70   51 14258.0000 6524.28856  54.2%  14.9 2604s
 1382992 807903 11742.5859   69   32 14258.0000 6524.86645  54.2%  14.9 2608s
 1384607 808916 13590.0000   77   25 14258.0000 6525.27651  54.2%  14.9 2613s
 1386374 810061 infeasible   68      14258.0000 6525.64817  54.2%  14.9 2618s
 1388435 810938 13761.7870   79   32 14258.0000 6526.00000  54.2%  14.9 2622s
 1390129 812361 13315.0606   64   29 14258.0000 6526.32778  54.2%  14.9 2627s
 1392457 813268 6809.16950   55   63 14258.0000 6526.76196  54.2%  14.9 2631s
 1394490 814105 11759.4804   67   39 14258.0000 6527.07618  54.2%  14.9 2635s
 1396988 815925 7724.42516   58   68 14258.0000 6527.63818  54.2%  14.9 2643s
 1398317 817050 6654.21346   56   67 14258.0000 6527.97722  54.2%  14.9 2647s
 1399967 818021 10869.7002   85   43 14258.0000 6528.10619  54.2%  14.9 2651s
 1401605 819522 7540.97401   63   53 14258.0000 6528.44402  54.2%  14.9 2656s
 1403984 820396 13242.3471   65   35 14258.0000 6529.12218  54.2%  14.9 2661s
 1405469 821495 6708.22011   55   56 14258.0000 6529.59506  54.2%  14.9 2666s
 1407294 822617 infeasible   80      14258.0000 6530.05916  54.2%  14.9 2671s
 1409221 823653 9041.27441   56   51 14258.0000 6530.36296  54.2%  14.9 2675s
 1410869 825157 12049.8822   78   32 14258.0000 6530.72997  54.2%  14.9 2680s
 1414826 827287 14131.8807   84   32 14258.0000 6531.46899  54.2%  14.9 2689s
 1416482 828472 7457.03112   60   55 14258.0000 6531.81011  54.2%  14.9 2692s
 1418381 829371 11279.1444   76   37 14258.0000 6532.10479  54.2%  14.9 2697s
 1419992 830381 infeasible   83      14258.0000 6532.40639  54.2%  14.9 2701s
 1421639 831441 14124.1599   83   24 14258.0000 6532.69705  54.2%  14.9 2706s
 1423495 832293 12619.7564   68   29 14258.0000 6533.13550  54.2%  14.9 2711s
 1425020 833562 13638.7774   71   26 14258.0000 6533.53871  54.2%  14.9 2716s
 1428382 835232 infeasible   72      14258.0000 6534.37395  54.2%  14.9 2723s
 1429991 836315 7264.67850   57   64 14258.0000 6534.67431  54.2%  14.9 2728s
 1431854 836907 6580.73840   58   64 14258.0000 6535.17212  54.2%  14.9 2732s
 1432876 837966 infeasible   79      14258.0000 6535.36637  54.2%  14.9 2736s
 1434650 839030 infeasible   68      14258.0000 6535.77095  54.2%  14.9 2741s
 1436575 839905 14124.8152   78   26 14258.0000 6536.28855  54.2%  14.9 2746s
 1438150 841216 7459.73350   58   61 14258.0000 6536.67777  54.2%  14.9 2751s
 1440794 842021 7333.35925   50   62 14258.0000 6537.12726  54.2%  14.9 2755s
 1443526 843973 13897.0000   73   24 14258.0000 6537.63207  54.1%  14.9 2763s
 1445127 844916 8302.01132   66   52 14258.0000 6538.06770  54.1%  14.9 2767s
 1446768 846227 11155.2534   69   38 14258.0000 6538.28848  54.1%  14.9 2772s
 1449034 846831 infeasible   92      14258.0000 6538.88268  54.1%  14.9 2775s
 1451488 848501 7022.00795   62   63 14258.0000 6539.43087  54.1%  14.9 2783s
 1452839 849534     cutoff   71      14258.0000 6539.74306  54.1%  14.9 2788s
 1454412 850772 12853.7479   81   25 14258.0000 6540.08616  54.1%  14.9 2793s
 1456455 852101 13408.0000   82   26 14258.0000 6540.47869  54.1%  14.9 2798s
 1458666 852857 9175.32221   56   51 14258.0000 6540.95683  54.1%  14.9 2802s
 1460204 853743 10704.8446   61   49 14258.0000 6541.27571  54.1%  14.9 2806s
 1461633 855141 6718.40317   55   69 14258.0000 6541.54611  54.1%  14.9 2812s
 1464012 856101 8369.75368   56   51 14258.0000 6542.00000  54.1%  14.9 2816s
 1465542 856690 7234.43307   55   68 14258.0000 6542.41322  54.1%  14.9 2820s
 1468359 858863 9831.96206   64   35 14258.0000 6542.95446  54.1%  14.9 2829s
 1470081 859863 7837.85572   62   57 14258.0000 6543.24447  54.1%  14.9 2833s
 1471614 861062     cutoff   78      14258.0000 6543.48584  54.1%  14.9 2838s
 1473661 862174 11198.4710   78   31 14258.0000 6544.00000  54.1%  14.9 2843s
 1475423 863569 6992.60523   64   63 14258.0000 6544.32396  54.1%  14.9 2848s
 1477710 864375 7806.56550   62   62 14258.0000 6544.93022  54.1%  14.9 2852s
 1479086 865621 7697.12305   56   64 14258.0000 6545.22826  54.1%  14.9 2857s
 1480943 867049 7056.42868   64   62 14258.0000 6545.40095  54.1%  14.9 2861s
 1483301 867925 11916.5689   82   29 14258.0000 6545.81793  54.1%  14.9 2865s
 1484676 869087 6705.01569   57   70 14258.0000 6546.02917  54.1%  14.9 2870s
 1487868 871411 7612.75902   60   51 14258.0000 6546.68455  54.1%  14.9 2879s
 1490370 872326 10455.4349   59   54 14258.0000 6547.10786  54.1%  14.9 2884s
 1491854 873211 12997.7855   78   25 14258.0000 6547.41593  54.1%  14.9 2888s
 1493294 874888 10311.0861   70   33 14258.0000 6547.82096  54.1%  14.9 2894s
 1496188 875658 7218.37419   62   55 14258.0000 6548.39241  54.1%  14.9 2898s
 1497440 876605 7917.44450   62   61 14258.0000 6548.75974  54.1%  14.9 2902s
 1499077 877622 6565.51184   57   59 14258.0000 6549.08343  54.1%  14.9 2907s
 1500767 878622 12950.4885   59   46 14258.0000 6549.28638  54.1%  14.9 2911s
 1502523 879844 10907.1971   62   35 14258.0000 6549.60696  54.1%  14.9 2916s
 1504579 881034 10786.8225   70   39 14258.0000 6550.04746  54.1%  14.9 2922s
 1506468 882329 13990.0000   96   25 14258.0000 6550.27611  54.1%  14.9 2927s
 1508720 883019 13329.3172   85   16 14258.0000 6550.70635  54.1%  14.9 2931s
 1509888 884041 7074.51464   62   62 14258.0000 6551.28762  54.1%  14.9 2935s
 1511512 884956     cutoff   89      14258.0000 6551.56369  54.0%  14.9 2940s
 1512972 886482 7478.74626   61   59 14258.0000 6551.86610  54.0%  14.9 2946s
 1516935 888055 8372.85046   59   66 14258.0000 6552.68270  54.0%  14.9 2954s
 1518593 888878 infeasible   83      14258.0000 6553.01921  54.0%  14.9 2958s
 1520082 890389 7451.12567   64   49 14258.0000 6553.31274  54.0%  14.9 2963s
 1522393 891328 10339.2397   85   37 14258.0000 6553.83227  54.0%  14.9 2968s
 1524068 892164 6814.91661   56   70 14258.0000 6554.19827  54.0%  14.9 2972s
 1525406 893525 7105.13178   52   59 14258.0000 6554.49434  54.0%  14.9 2976s
 1527727 894256 9006.17418   60   48 14258.0000 6554.96653  54.0%  14.9 2981s
 1529200 895255 8835.52045   64   51 14258.0000 6555.30099  54.0%  14.9 2985s
 1530797 896509 6895.48147   56   60 14258.0000 6555.63115  54.0%  14.9 2990s
 1534136 898737 9476.20532   72   42 14258.0000 6556.43103  54.0%  14.9 3001s
 1536694 899976 13351.1494   68   20 14258.0000 6556.90899  54.0%  14.9 3007s
 1538848 900954 12925.2512   84   29 14258.0000 6557.30279  54.0%  14.9 3012s
 1540506 902000 8205.51303   60   56 14258.0000 6557.69810  54.0%  14.9 3016s
 1542149 902939 infeasible   77      14258.0000 6558.10911  54.0%  14.9 3020s
 1543757 903808 14016.7237   81   21 14258.0000 6558.49416  54.0%  14.9 3025s
 1545334 904814 6590.07157   59   64 14258.0000 6558.64690  54.0%  14.9 3030s
 1547131 905999 9739.43968   61   44 14258.0000 6559.14927  54.0%  14.9 3035s
 1550558 907831 11841.6388   69   41 14258.0000 6560.02406  54.0%  14.9 3043s
 1552171 909016 12625.0631   77   26 14258.0000 6560.30690  54.0%  14.9 3049s
 1554175 909824 6818.34760   61   71 14258.0000 6560.69572  54.0%  14.9 3053s
 1555636 911695 8923.01331   69   46 14258.0000 6561.01879  54.0%  14.9 3060s
 1560063 913303 6949.68743   59   67 14258.0000 6561.92864  54.0%  14.9 3067s
 1561442 914280 7782.08983   58   51 14258.0000 6562.15665  54.0%  14.9 3072s
 1563189 915255 9684.00000   63   40 14258.0000 6562.37521  54.0%  14.9 3076s
 1564797 916270 6973.39883   61   66 14258.0000 6562.75530  54.0%  14.9 3080s
 1567693 918221 7519.06159   65   58 14258.0000 6563.11936  54.0%  14.9 3088s
 1569437 919311 6691.96884   57   73 14258.0000 6563.35208  54.0%  14.9 3093s
 1571354 920265 6572.35532   58   70 14258.0000 6563.72040  54.0%  14.9 3098s
 1572994 921665 7288.66998   63   64 14258.0000 6564.02666  54.0%  14.9 3103s
 1575355 922490 13936.0000   86   23 14258.0000 6564.36210  54.0%  14.9 3108s
 1576678 924146 8144.46322   64   50 14258.0000 6564.65866  54.0%  14.9 3113s
 1579281 924950 infeasible   91      14258.0000 6565.22437  54.0%  14.9 3118s
 1580765 925872 7090.34253   50   62 14258.0000 6565.62282  54.0%  14.9 3123s
 1582347 926670 9597.00000   68   46 14258.0000 6565.94448  53.9%  14.9 3127s
 1583869 927718 13777.8743   77   20 14258.0000 6566.32401  53.9%  14.9 3132s
 1585626 928997 7358.51523   58   61 14258.0000 6566.80498  53.9%  14.9 3138s
 1587751 929995 9425.75403   66   49 14258.0000 6567.29144  53.9%  14.9 3143s
 1589436 931464 11660.2225   73   33 14258.0000 6567.69391  53.9%  14.9 3149s
 1591953 932216 14044.0000   92   14 14258.0000 6568.28994  53.9%  14.9 3152s
 1593046 933427 7732.19755   55   61 14258.0000 6568.51891  53.9%  14.9 3157s
 1594943 934547 9452.49952   71   44 14258.0000 6568.85417  53.9%  14.9 3162s
 1596726 935538 10378.4312   68   44 14258.0000 6569.13985  53.9%  14.9 3166s
 1598331 936813 8822.71941   66   48 14258.0000 6569.38689  53.9%  14.9 3172s
 1600904 937558 6840.95082   64   57 14258.0000 6569.88215  53.9%  14.9 3176s
 1603384 939394 7533.68856   59   64 14258.0000 6570.60586  53.9%  14.9 3184s
 1605183 940227 7877.74020   58   52 14258.0000 6571.04346  53.9%  14.9 3189s
 1606804 941078 11205.1246   74   34 14258.0000 6571.28640  53.9%  14.9 3193s
 1608378 942381 13532.0000   79   35 14258.0000 6571.59535  53.9%  14.9 3198s
 1610382 943247 13712.1585   85   27 14258.0000 6571.92496  53.9%  14.9 3202s
 1611996 944401 7261.80643   61   65 14258.0000 6572.22727  53.9%  14.9 3207s
 1614031 945021 6982.69398   62   61 14258.0000 6572.51557  53.9%  14.9 3211s
 1615075 945760 7129.27585   55   63 14258.0000 6572.85119  53.9%  14.9 3215s
 1617562 946859 14104.0000   78   18 14258.0000 6573.21161  53.9%  14.9 3220s
 1618017 948190 12564.2486   75   26 14258.0000 6573.45973  53.9%  14.9 3225s
 1621494 949517 8327.00000   58   63 14258.0000 6574.00000  53.9%  14.9 3232s
 1622710 950509 infeasible   64      14258.0000 6574.37845  53.9%  14.9 3236s
 1624521 951368     cutoff   83      14258.0000 6574.75358  53.9%  14.9 3241s
 1626054 952455 9690.00000   68   38 14258.0000 6575.04988  53.9%  14.9 3245s
 1627861 953312 6861.93479   54   70 14258.0000 6575.51042  53.9%  14.9 3250s
 1630869 955225 6834.48744   58   67 14258.0000 6576.29489  53.9%  14.9 3258s
 1632739 956214 7146.89060   60   71 14258.0000 6576.62304  53.9%  14.9 3263s
 1634437 957457 12714.3912   79   29 14258.0000 6576.93836  53.9%  14.9 3268s
 1636254 958369 12290.0000   78   22 14258.0000 6577.28108  53.9%  14.9 3272s
 1637860 959557 7693.29756   60   55 14258.0000 6577.59175  53.9%  14.9 3277s
 1639836 960388 6633.83112   53   83 14258.0000 6578.01279  53.9%  14.9 3281s
 1641263 961525     cutoff   70      14258.0000 6578.05651  53.9%  14.9 3286s
 1643353 962643 7195.00782   56   54 14258.0000 6578.46625  53.9%  14.9 3291s
 1644986 963743 9806.54944   68   43 14258.0000 6578.57298  53.9%  14.9 3296s
 1646936 964666 7533.76162   63   65 14258.0000 6578.97127  53.9%  14.9 3300s
 1648440 965867 9599.98092   60   59 14258.0000 6579.34233  53.9%  14.9 3305s
 1650262 967397 8495.20215   56   52 14258.0000 6579.47683  53.9%  14.9 3310s
 1654264 969350 12877.2115   91   31 14258.0000 6579.97466  53.9%  14.9 3319s
 1655896 970970 7390.76881   48   58 14258.0000 6580.40013  53.8%  14.9 3324s
 1658466 971836 12549.0829   93   27 14258.0000 6580.72142  53.8%  14.9 3328s
 1659880 973030 13592.3304   69   41 14258.0000 6580.95499  53.8%  14.9 3333s
 1661734 973858 11288.7688   69   33 14258.0000 6581.26441  53.8%  14.9 3337s
 1663244 974660 6691.52344   54   72 14258.0000 6581.35679  53.8%  14.9 3342s
 1664603 975820 10754.1488   73   44 14258.0000 6581.75281  53.8%  14.9 3348s
 1666546 977617 6913.88787   58   63 14258.0000 6582.10376  53.8%  14.9 3355s
 1669582 978562 12831.9196   65   36 14258.0000 6582.67510  53.8%  14.9 3360s
 1671186 979465 infeasible   87      14258.0000 6583.05424  53.8%  14.9 3365s
 1672760 981002 7939.39878   58   63 14258.0000 6583.43459  53.8%  14.9 3370s
 1675274 981945 12323.3088   77   29 14258.0000 6584.05896  53.8%  14.9 3375s
 1676741 982925 12254.9283   76   35 14258.0000 6584.35831  53.8%  14.9 3380s
 1680259 985055 8244.59341   50   68 14258.0000 6584.97226  53.8%  14.9 3389s
 1682184 985899 infeasible   67      14258.0000 6585.09413  53.8%  14.9 3394s
 1683842 987402 9131.75186   68   51 14258.0000 6585.36758  53.8%  14.9 3399s
 1686314 988083 infeasible  102      14258.0000 6585.86896  53.8%  14.8 3403s
 1687714 989032 13913.0029   84   28 14258.0000 6586.10501  53.8%  14.8 3408s
 1689270 989804 11372.9221   63   45 14258.0000 6586.34839  53.8%  14.8 3412s
 1690567 990872 infeasible   74      14258.0000 6586.59986  53.8%  14.8 3416s
 1692478 991678 13738.2330   82   27 14258.0000 6587.19343  53.8%  14.8 3420s
 1693761 992511 8498.00000   64   47 14258.0000 6587.48119  53.8%  14.8 3425s
 1695419 993586 13423.7095   86   25 14258.0000 6587.78322  53.8%  14.8 3430s
 1698840 995748 13777.0000   94   23 14258.0000 6588.35616  53.8%  14.8 3440s
 1702387 997489 13589.1623   69   26 14258.0000 6589.17367  53.8%  14.8 3448s
 1704067 998447 14145.2303   98   17 14258.0000 6589.46057  53.8%  14.8 3453s
 1706051 999418 10720.0463   74   38 14258.0000 6589.91041  53.8%  14.8 3457s
 1707530 1000781     cutoff   75      14258.0000 6590.25205  53.8%  14.8 3462s
 1709700 1001714 6862.06646   62   72 14258.0000 6590.48309  53.8%  14.8 3466s
 1711048 1002832 6989.73507   52   60 14258.0000 6590.54192  53.8%  14.8 3470s
 1714243 1004384 8350.95126   59   44 14258.0000 6591.27046  53.8%  14.8 3478s
 1715907 1005629 13775.1699   81   24 14258.0000 6591.63065  53.8%  14.8 3483s
 1717837 1006555 7738.62035   55   64 14258.0000 6591.92624  53.8%  14.8 3487s
 1719249 1007830 12139.2170   76   30 14258.0000 6592.14054  53.8%  14.8 3492s
 1721629 1008710 12856.6819   68   27 14258.0000 6592.49534  53.8%  14.8 3497s
 1723126 1009382 7502.35111   58   60 14258.0000 6592.73082  53.8%  14.8 3501s
 1724342 1010644 13982.2796   79   25 14258.0000 6593.02263  53.8%  14.8 3506s
 1726471 1011487 6692.28815   56   73 14258.0000 6593.44519  53.8%  14.8 3511s
 1727878 1012593 7685.91640   62   62 14258.0000 6593.81599  53.8%  14.8 3516s
 1729827 1013883 13790.4768   71   34 14258.0000 6594.22204  53.8%  14.8 3522s
 1732009 1014856 7569.53845   62   57 14258.0000 6594.55348  53.7%  14.8 3527s
 1733773 1016046 6749.47228   52   73 14258.0000 6595.07829  53.7%  14.8 3533s
 1735770 1016666 7349.00000   62   54 14258.0000 6595.23867  53.7%  14.8 3537s
 1737050 1017967 infeasible   69      14258.0000 6595.52712  53.7%  14.8 3543s
 1739180 1019133 8360.45189   62   50 14258.0000 6595.85084  53.7%  14.8 3548s
 1741037 1020190 6896.25339   61   53 14258.0000 6596.15004  53.7%  14.8 3553s
 1742607 1021217 8096.02469   64   48 14258.0000 6596.32882  53.7%  14.8 3557s
 1744787 1022461 7410.20098   56   63 14258.0000 6596.34939  53.7%  14.8 3562s
 1747042 1023472 7681.60059   64   52 14258.0000 6596.86830  53.7%  14.8 3568s
 1748716 1024426 8100.61455   56   53 14258.0000 6597.13816  53.7%  14.8 3573s
 1750412 1025658 7161.46184   56   64 14258.0000 6597.47984  53.7%  14.8 3578s
 1752459 1026757 7827.68875   55   62 14258.0000 6597.88790  53.7%  14.8 3583s
 1754147 1028367 infeasible   70      14258.0000 6598.09725  53.7%  14.8 3589s
 1756901 1029255 8401.11142   59   54 14258.0000 6598.41983  53.7%  14.8 3593s
 1758273 1030571 infeasible  102      14258.0000 6598.55774  53.7%  14.8 3598s
 1760553 1030849 7094.20191   66   58 14258.0000 6598.84797  53.7%  14.8 3600s

Cutting planes:
  Learned: 284
  Gomory: 117
  Cover: 17
  Implied bound: 35
  Projected implied bound: 2
  MIR: 2916
  StrongCG: 1
  Flow cover: 4169
  Inf proof: 77
  RLT: 2
  Relax-and-lift: 12

Explored 1760955 nodes (26125033 simplex iterations) in 3600.27 seconds (519.17 work units)
Thread count was 16 (of 16 available processors)

Solution count 10: 14258 14353 14501 ... 14771

Time limit reached
Best objective 1.425800000000e+04, best bound 6.599000000000e+03, gap 53.7172%
Warning: constraint name "precedence between 0,1 to 0,0 if x_[j,l,h,z,i]=1" has a space
Warning: constraint name "precedence between 0,1 to 0,0 if x_[j,l,h,z,i]=1" has a space
Warning: default constraint names used to write mps file
