
Gurobi 10.0.1 (win64) logging started Sat Sep 16 22:37:17 2023

Set parameter LogFile to value "./results-heuristic-start//log/Fattahi_setup_17_modified_old_deadline.log"
Gurobi Optimizer version 10.0.1 build v10.0.1rc0 (win64)

CPU model: AMD Ryzen 7 3700X 8-Core Processor, instruction set [SSE2|AVX|AVX2]
Thread count: 8 physical cores, 16 logical processors, using up to 16 threads

Optimize a model with 1189 rows, 1197 columns and 5259 nonzeros
Model fingerprint: 0x63f8013f
Model has 1 quadratic constraint
Variable types: 78 continuous, 1119 integer (1118 binary)
Coefficient statistics:
  Matrix range     [1e+00, 1e+06]
  QMatrix range    [1e+00, 1e+00]
  QLMatrix range   [1e+00, 4e+02]
  Objective range  [1e+00, 1e+00]
  Bounds range     [1e+00, 1e+00]
  RHS range        [1e+00, 3e+06]

Warning: Completing partial solution with 1087 unfixed non-continuous variables out of 1119
User MIP start did not produce a new incumbent solution
User MIP start violates constraint initial_start_time_job0_stage0_machine2_constraint by 420.000000000

Presolve removed 96 rows and 702 columns
Presolve time: 0.02s
Presolved: 1110 rows, 511 columns, 5202 nonzeros
Variable types: 94 continuous, 417 integer (416 binary)

Root relaxation: objective 0.000000e+00, 142 iterations, 0.00 seconds (0.00 work units)
Another try with MIP start

    Nodes    |    Current Node    |     Objective Bounds      |     Work
 Expl Unexpl |  Obj  Depth IntInf | Incumbent    BestBd   Gap | It/Node Time

     0     0    0.00000    0   29          -    0.00000      -     -    0s
H    0     0                    40821.000000    0.00000   100%     -    0s
     0     0    0.00000    0   40 40821.0000    0.00000   100%     -    0s
H    0     0                    39876.000000    0.00000   100%     -    0s
     0     0    0.00000    0   48 39876.0000    0.00000   100%     -    0s
H    0     0                    38963.000000    0.00000   100%     -    0s
     0     0 2918.14476    0   69 38963.0000 2918.14476  92.5%     -    0s
H    0     0                    32526.000000 2918.14476  91.0%     -    0s
H    0     0                    32525.000000 2918.14476  91.0%     -    0s
     0     0 2965.63184    0   79 32525.0000 2965.63184  90.9%     -    0s
     0     0 3182.00412    0   67 32525.0000 3182.00412  90.2%     -    0s
     0     0 3183.01976    0   68 32525.0000 3183.01976  90.2%     -    0s
     0     0 4104.65414    0   73 32525.0000 4104.65414  87.4%     -    0s
H    0     0                    32063.000000 4104.65414  87.2%     -    0s
     0     0 4107.23829    0   82 32063.0000 4107.23829  87.2%     -    0s
H    0     0                    25075.000000 4107.23829  83.6%     -    0s
H    0     0                    24269.000000 4107.23829  83.1%     -    0s
     0     0 4147.48571    0   73 24269.0000 4147.48571  82.9%     -    0s
H    0     0                    23984.000000 4147.48571  82.7%     -    0s
     0     0 4148.65478    0   75 23984.0000 4148.65478  82.7%     -    0s
     0     0 4158.26536    0   70 23984.0000 4158.26536  82.7%     -    0s
     0     0 4158.26536    0   68 23984.0000 4158.26536  82.7%     -    0s
     0     2 4158.26536    0   68 23984.0000 4158.26536  82.7%     -    0s
H   33    32                    23944.000000 4165.00000  82.6%  21.8    0s
H   68    66                    23943.000000 4173.66667  82.6%  16.8    0s
H   70    66                    23864.000000 4173.66667  82.5%  17.1    0s
H   74    66                    23175.000000 4173.66667  82.0%  17.0    0s
H   76    66                    22405.000000 4173.66667  81.4%  16.8    0s
H   81    78                    20800.000000 4173.66667  79.9%  16.4    0s
H  125   121                    20799.000000 4173.66667  79.9%  15.5    0s
H  134   121                    20647.000000 4173.66667  79.8%  15.0    0s
H  185   174                    20646.000000 4173.66667  79.8%  13.9    0s
H  263   248                    20645.000000 4173.66667  79.8%  12.4    0s
H  277   248                    20576.000000 4173.66667  79.7%  12.1    0s
H  284   248                    20470.000000 4173.66667  79.6%  11.9    0s
H  298   248                    20249.000000 4173.66667  79.4%  11.8    0s
H  305   248                    19219.000000 4173.66667  78.3%  11.8    0s
H  383   349                    17375.000000 4173.66667  76.0%  11.0    0s
H 1364  1023                    14989.000000 4174.51468  72.1%   8.2    0s
H 1590   925                    14919.000000 4406.41134  70.5%   7.9    2s
H 1605   887                    14918.000000 4438.00000  70.3%   7.8    3s
H 1609   845                    14917.000000 4452.00000  70.2%   7.8    3s
H 1634   817                    14915.000000 4489.68007  69.9%   7.7    4s
  1637   819 10202.0000   66   83 14915.0000 4491.74019  69.9%   7.6    5s
H 1637   777                    14914.000000 4493.23097  69.9%   7.6    5s
H 1643   741                    14913.000000 4501.75498  69.8%   7.6    5s
H 1643   703                    14898.000000 4501.75498  69.8%   7.6    5s
H 1689   698                    14896.000000 4510.00000  69.7%  21.7    8s
H 1690   663                    14883.000000 4510.00000  69.7%  21.7    8s
H 1811   713                    14882.000000 4572.12656  69.3%  33.8    8s
H 1857   705                    14697.000000 4572.12656  68.9%  34.2    9s
H 1872   669                    14585.000000 4572.12656  68.7%  34.5    9s
  1904   692 4991.92225   33   89 14585.0000 4572.12656  68.7%  34.7   11s
H 1917   659                    14006.000000 4572.12656  67.4%  35.1   11s
H 2970   747                    14005.000000 4572.12656  67.4%  34.8   13s
  2987   745 7235.53575   64   44 14005.0000 4572.12656  67.4%  34.8   15s
H 2989   718                    13304.000000 4572.12656  65.6%  34.9   15s
 10960  3864 6639.11032   57   43 13304.0000 4679.00000  64.8%  34.9   20s
H16591  6020                    13277.000000 4723.00000  64.4%  35.7   24s
 16613  6394 5790.05306   43   53 13277.0000 4724.49453  64.4%  35.7   25s
 24711  9504 8847.00000   61   40 13277.0000 4765.22025  64.1%  36.7   30s
 33411 12946 4968.00000   39   69 13277.0000 4797.00000  63.9%  36.7   35s
 39238 15099 4952.00000   50   73 13277.0000 4821.07094  63.7%  37.1   40s
 40962 15819 8015.16107   45   40 13277.0000 4822.00000  63.7%  37.3   46s
 44629 16503 12787.2081   67   29 13277.0000 4839.00000  63.6%  37.2   55s
 47362 18258 6689.85746   48   59 13277.0000 4855.06576  63.4%  37.3   60s
 51295 19021 6327.00000   44   70 13277.0000 4867.00000  63.3%  37.3   66s
 53000 20419 5102.00000   44   67 13277.0000 4876.00000  63.3%  37.5   70s
 58683 22549 9142.00000   61   43 13277.0000 4900.00000  63.1%  37.7   75s
 64913 24763 5137.00000   39   84 13277.0000 4934.00000  62.8%  37.7   81s
 70459 26955 11659.0000   87   30 13277.0000 4961.00000  62.6%  37.8   86s
 75686 29086 10946.0000   54   37 13277.0000 4987.00000  62.4%  37.9   91s
 80607 31127 5544.00000   45   57 13277.0000 5003.00000  62.3%  37.8   96s
 84523 32468 12641.9965   70   23 13277.0000 5016.00000  62.2%  37.8  100s
 88513 34172 5166.68174   50   63 13277.0000 5032.00000  62.1%  37.7  105s
 93939 36405 5130.00627   44   65 13277.0000 5053.00000  61.9%  37.5  110s
 99053 38667 5407.86129   43   67 13277.0000 5067.00000  61.8%  37.3  116s
 103308 40468 6110.46876   37   52 13277.0000 5083.00000  61.7%  37.0  121s
 107353 42262 6554.22037   46   60 13277.0000 5096.00000  61.6%  36.8  125s
 112553 44587 7931.00000   63   51 13277.0000 5110.00000  61.5%  36.6  131s
 116296 46314 6001.72927   48   63 13277.0000 5120.00000  61.4%  36.3  135s
 119813 47951 12003.6889   89   17 13277.0000 5129.00000  61.4%  36.1  140s
 124204 50097 6707.36194   46   55 13277.0000 5137.30316  61.3%  35.8  145s
 128425 51988 6146.00362   48   59 13277.0000 5146.00298  61.2%  35.6  150s
 134585 54485 5403.81634   53   63 13277.0000 5156.00000  61.2%  35.2  156s
 137412 56238 6496.00000   44   52 13277.0000 5162.00000  61.1%  35.1  160s
 141490 58036 10419.0000   77   24 13277.0000 5170.83800  61.1%  34.8  165s
 146848 60691 6090.56499   45   47 13277.0000 5182.81292  61.0%  34.5  173s
 150911 62541 9158.30516   72   38 13277.0000 5187.49280  60.9%  34.3  177s
 154769 64217 infeasible   60      13277.0000 5195.00000  60.9%  34.1  181s
 158328 65892 12139.7060   74   19 13277.0000 5199.00000  60.8%  33.9  185s
 163317 68584 5587.99208   53   64 13277.0000 5208.00000  60.8%  33.6  192s
 167108 70293 9283.98857   53   44 13277.0000 5213.00000  60.7%  33.4  196s
 169040 71523 10499.3762   82   25 13277.0000 5215.00000  60.7%  33.3  200s
 172725 73257 12673.2530   84   22 13277.0000 5218.00000  60.7%  33.1  205s
 176696 75049 8877.43900   50   39 13277.0000 5225.00340  60.6%  33.0  210s
 180598 76704 5582.12890   43   67 13277.0000 5232.00263  60.6%  32.8  216s
 183668 78229 6315.82614   45   66 13277.0000 5236.93915  60.6%  32.7  220s
 186974 80271 5700.00000   45   61 13277.0000 5243.50209  60.5%  32.6  226s
 190926 82101 10278.6067   68   27 13277.0000 5248.00000  60.5%  32.4  232s
 192916 82983     cutoff   70      13277.0000 5250.16460  60.5%  32.3  235s
 196813 84666 12848.3021   72   23 13277.0000 5256.37784  60.4%  32.2  240s
 200406 86662 8191.36561   51   46 13277.0000 5262.00000  60.4%  32.1  246s
 203851 88462 5284.86188   47   68 13277.0000 5265.90993  60.3%  32.0  252s
 205752 89397 5459.88388   47   66 13277.0000 5268.91131  60.3%  31.9  255s
 209132 90972 infeasible   76      13277.0000 5273.00000  60.3%  31.8  260s
 212509 92966 5628.99100   43   62 13277.0000 5277.30420  60.3%  31.7  267s
 214957 93764 10520.0000   79   40 13277.0000 5280.00000  60.2%  31.6  270s
 218474 95628 infeasible   88      13277.0000 5284.00000  60.2%  31.5  276s
 221762 97229 5397.30841   48   75 13277.0000 5287.86537  60.2%  31.4  283s
 223568 98158 5374.90584   48   62 13277.0000 5290.66321  60.2%  31.4  286s
 226885 99966 10709.0756   72   30 13277.0000 5295.00000  60.1%  31.3  292s
 228710 100818 7131.39719   58   58 13277.0000 5296.21381  60.1%  31.3  295s
 232326 102714 12856.2472   67   16 13277.0000 5300.00000  60.1%  31.2  301s
 236139 104721 6259.89510   61   58 13277.0000 5303.41591  60.1%  31.0  308s
 238060 105591 12286.3946   71   24 13277.0000 5304.39997  60.0%  31.0  311s
 241708 107307 5706.75882   43   71 13277.0000 5308.59538  60.0%  30.9  317s
 243460 108059 6883.74176   47   62 13277.0000 5311.00000  60.0%  30.8  320s
 246711 109579 6075.89767   43   65 13277.0000 5314.00000  60.0%  30.7  326s
 250246 111100 7730.82489   51   43 13277.0000 5318.38711  59.9%  30.7  332s
 251229 112093 7075.47041   51   53 13277.0000 5318.56292  59.9%  30.7  335s
 255118 114036 infeasible   72      13277.0000 5322.94392  59.9%  30.6  342s
 256955 114879 9037.68777   49   44 13277.0000 5325.43336  59.9%  30.6  346s
 260887 116802 11811.3989   84   15 13277.0000 5327.86939  59.9%  30.5  353s
 262769 117631 6489.61584   47   65 13277.0000 5330.00000  59.9%  30.4  356s
 266416 119494 5689.81453   49   67 13277.0000 5333.22923  59.8%  30.4  362s
 268055 120323 7338.57197   51   50 13277.0000 5335.00000  59.8%  30.3  366s
 271650 121983 13002.0000   83   13 13277.0000 5338.05214  59.8%  30.3  372s
 273323 122719 5884.94687   59   64 13277.0000 5340.00000  59.8%  30.2  375s
 276516 124704 13074.0245   72   21 13277.0000 5344.24377  59.7%  30.2  383s
 278701 125546 10240.0000   57   36 13277.0000 5345.77518  59.7%  30.1  386s
 281957 127111 5381.00000   50   56 13277.0000 5349.32429  59.7%  30.1  392s
 283524 127804 11030.8605   70   27 13277.0000 5351.74245  59.7%  30.1  395s
 286731 129810 6511.66845   48   63 13277.0000 5354.68878  59.7%  30.0  402s
 288689 130733 6355.80688   44   62 13277.0000 5356.00000  59.7%  30.0  405s
 292327 132595 6478.71604   51   67 13277.0000 5359.58342  59.6%  29.9  412s
 294071 133524 6202.64232   51   64 13277.0000 5360.57025  59.6%  29.9  416s
 297309 135366 5467.25131   52   64 13277.0000 5363.72591  59.6%  29.9  422s
 299427 136019 5463.89706   48   72 13277.0000 5365.00000  59.6%  29.8  425s
 302646 137685 6977.53835   41   50 13277.0000 5367.47131  59.6%  29.8  431s
 304085 138513 6332.62124   56   57 13277.0000 5368.85574  59.6%  29.8  435s
 307474 140089 7048.23256   50   62 13277.0000 5372.79230  59.5%  29.7  441s
 310451 141499 6061.98828   44   64 13277.0000 5375.00000  59.5%  29.7  446s
 311782 142427 10664.0538   68   29 13277.0000 5375.79892  59.5%  29.7  450s
 314828 144123 5397.56306   50   71 13277.0000 5378.00000  59.5%  29.7  456s
 317039 144982 6751.85904   52   50 13277.0000 5379.51066  59.5%  29.7  460s
 320804 146786 8723.23740   58   37 13277.0000 5383.00000  59.5%  29.6  467s
 322442 147670 6719.20869   63   56 13277.0000 5384.00000  59.4%  29.6  470s
 325774 148667 infeasible   78      13277.0000 5387.09880  59.4%  29.6  478s
 326054 149440 11069.3422   56   37 13277.0000 5387.41438  59.4%  29.6  481s
 327751 150387 6702.04930   43   57 13277.0000 5389.40202  59.4%  29.6  485s
 331167 152055 6152.20900   44   63 13277.0000 5392.12979  59.4%  29.5  491s
 334879 153906 infeasible   74      13277.0000 5394.29052  59.4%  29.5  497s
 336895 154685 5785.62236   55   59 13277.0000 5395.58117  59.4%  29.5  500s
 340013 156473 5657.75472   38   60 13277.0000 5397.62967  59.3%  29.5  507s
 341980 157298 6601.84490   47   63 13277.0000 5398.74644  59.3%  29.4  510s
 345462 158755 infeasible   76      13277.0000 5401.00000  59.3%  29.4  516s
 349212 160463 11637.0000   78   16 13277.0000 5403.89696  59.3%  29.4  522s
 350704 161305 5536.43694   43   71 13277.0000 5405.60307  59.3%  29.4  525s
 354428 163156 5704.22693   45   65 13277.0000 5408.03904  59.3%  29.3  531s
 356404 164119 6701.55595   55   60 13277.0000 5409.33279  59.3%  29.3  535s
 359191 165866 5915.82960   47   64 13277.0000 5411.22517  59.2%  29.3  541s
 363119 167665 6287.00000   56   56 13277.0000 5413.77478  59.2%  29.3  547s
 364808 168565 8204.05942   63   49 13277.0000 5414.79410  59.2%  29.3  550s
 368402 170357 5735.59806   58   66 13277.0000 5417.00000  59.2%  29.2  557s
 370156 171256 10570.0000   66   32 13277.0000 5417.78120  59.2%  29.2  560s
 373765 173112 9364.52783   51   33 13277.0000 5420.40371  59.2%  29.2  567s
 375858 174065 12453.4940   75   27 13277.0000 5421.77894  59.2%  29.1  570s
 379111 175800 8801.92395   66   41 13277.0000 5424.26640  59.1%  29.1  576s
 382459 177598 7496.78560   51   49 13277.0000 5426.57908  59.1%  29.1  583s
 384634 178419 11119.0000   63   38 13277.0000 5428.40028  59.1%  29.1  586s
 387939 180156 6462.26220   50   69 13277.0000 5431.19904  59.1%  29.1  592s
 389618 181020 6240.38595   45   60 13277.0000 5432.34982  59.1%  29.1  595s
 393306 182898 8800.00000   53   37 13277.0000 5435.08904  59.1%  29.0  602s
 395112 183769 5958.00000   50   55 13277.0000 5436.47428  59.1%  29.0  605s
 398610 185717 12792.8917   66   18 13277.0000 5438.43475  59.0%  29.0  612s
 402190 187348 8459.00000   66   45 13277.0000 5440.67123  59.0%  28.9  617s
 403896 188394 7304.18074   54   56 13277.0000 5441.53685  59.0%  28.9  621s
 407549 190174 5744.39169   53   71 13277.0000 5444.00000  59.0%  28.9  627s
 409216 190940 11893.3585   61   24 13277.0000 5445.02072  59.0%  28.9  630s
 412738 192941 infeasible   82      13277.0000 5447.29416  59.0%  28.8  636s
 415992 194694 10468.3329   48   36 13277.0000 5449.37810  59.0%  28.8  643s
 417956 195579 5871.23821   47   66 13277.0000 5450.72043  58.9%  28.8  646s
 421582 197582 7934.16542   50   57 13277.0000 5452.94093  58.9%  28.8  652s
 423421 198295 12919.9381   81   14 13277.0000 5454.00000  58.9%  28.7  656s
 427006 200219 6324.43154   63   62 13277.0000 5456.00000  58.9%  28.7  662s
 428456 200996 5764.94970   49   68 13277.0000 5457.02072  58.9%  28.7  665s
 431959 202683 11213.9076   77   24 13277.0000 5459.35990  58.9%  28.7  671s
 433345 203685 7418.00889   74   54 13277.0000 5459.95083  58.9%  28.7  675s
 436847 205441 6902.00160   60   46 13277.0000 5461.68010  58.9%  28.6  681s
 440170 206934 5793.00000   53   65 13277.0000 5463.22028  58.9%  28.6  686s
 442802 207811 5872.20999   47   63 13277.0000 5464.49153  58.8%  28.6  690s
 444988 209447 6694.00000   59   47 13277.0000 5466.00000  58.8%  28.6  696s
 446613 210453 6981.83486   49   59 13277.0000 5466.33044  58.8%  28.6  700s
 450215 212421 infeasible   88      13277.0000 5468.48356  58.8%  28.6  706s
 453833 213876 6117.96911   41   67 13277.0000 5470.12454  58.8%  28.6  712s
 455443 214761 8489.83373   60   34 13277.0000 5470.65632  58.8%  28.6  715s
 458962 216701 8652.86794   48   56 13277.0000 5471.49470  58.8%  28.5  722s
 460609 217705 6250.08341   58   61 13277.0000 5472.83297  58.8%  28.5  725s
 464178 219564 8822.47822   71   46 13277.0000 5474.14810  58.8%  28.5  731s
 467546 221518 10624.5773   76   26 13277.0000 5476.00000  58.8%  28.5  738s
 469558 222192 5770.86563   43   58 13277.0000 5476.55714  58.8%  28.5  741s
 473031 224018 7095.83157   37   64 13277.0000 5478.28541  58.7%  28.5  748s
 474871 224890 12899.5149   66   28 13277.0000 5479.00000  58.7%  28.5  750s
 478380 226802 11106.0000   79   19 13277.0000 5480.26382  58.7%  28.4  757s
 480213 227711 5777.83388   52   64 13277.0000 5481.00000  58.7%  28.4  761s
 483624 229510 6021.44738   53   61 13277.0000 5482.69057  58.7%  28.4  766s
 485143 230243 8534.00000   71   36 13277.0000 5483.29252  58.7%  28.4  770s
 488688 232300 5549.90252   43   68 13277.0000 5485.08190  58.7%  28.4  777s
 490557 233292 8527.18594   57   41 13277.0000 5485.63345  58.7%  28.4  780s
 494076 234959 10578.0000   72   24 13277.0000 5487.00000  58.7%  28.3  786s
 495862 236006 infeasible   70      13277.0000 5487.52601  58.7%  28.3  790s
 499473 237854 6942.78047   46   56 13277.0000 5489.23494  58.7%  28.3  796s
 502770 239379 11169.2296   62   28 13277.0000 5490.36813  58.6%  28.3  802s
 504226 240350 11036.5420   68   35 13277.0000 5491.10260  58.6%  28.3  805s
 507742 242045 10333.8161   46   44 13277.0000 5492.39133  58.6%  28.3  811s
 509195 243273 10220.0000   64   36 13277.0000 5493.14676  58.6%  28.3  815s
 512969 244857 6451.00000   55   53 13277.0000 5494.22661  58.6%  28.2  821s
 516240 246630 5536.51227   56   66 13277.0000 5496.00000  58.6%  28.2  827s
 518011 247390 6656.75450   44   60 13277.0000 5496.54610  58.6%  28.2  830s
 521256 248896 7006.27659   56   58 13277.0000 5497.70527  58.6%  28.2  835s
 524075 250677 8163.42820   58   50 13277.0000 5499.07854  58.6%  28.2  841s
 527391 252396 13172.0000   72   16 13277.0000 5500.25687  58.6%  28.2  847s
 529341 253384 7661.14897   59   49 13277.0000 5501.03873  58.6%  28.2  850s
 532642 255431 8626.54993   53   44 13277.0000 5502.30730  58.6%  28.2  857s
 534788 256365 11204.0000   65   30 13277.0000 5503.27170  58.6%  28.2  860s
 538328 258327 10579.9723   74   29 13277.0000 5504.56685  58.5%  28.1  867s
 540161 259187 12816.0000   67   12 13277.0000 5505.13337  58.5%  28.1  870s
 543493 260964 10985.0000   64   34 13277.0000 5506.81696  58.5%  28.1  876s
 545331 261987 5944.00000   49   55 13277.0000 5507.23099  58.5%  28.1  880s
 548672 263865 13028.0000   57   16 13277.0000 5509.00000  58.5%  28.1  886s
 552434 265724 8332.05459   60   37 13277.0000 5510.28114  58.5%  28.1  893s
 554290 266777 5670.21593   47   64 13277.0000 5511.00000  58.5%  28.1  897s
 556311 267850 5574.93574   38   72 13277.0000 5511.57141  58.5%  28.1  900s
 559912 269675 infeasible   74      13277.0000 5513.56407  58.5%  28.0  906s
 561675 270628 8817.65256   63   42 13277.0000 5514.22149  58.5%  28.0  910s
 565169 272341 infeasible   65      13277.0000 5516.00000  58.5%  28.0  916s
 566900 273395 8390.94614   66   37 13277.0000 5516.74663  58.4%  28.0  920s
 570431 274959 11639.0000   76   19 13277.0000 5518.14812  58.4%  28.0  926s
 573845 276934 6023.70724   50   62 13277.0000 5519.86413  58.4%  28.0  933s
 575657 277991 8580.31275   60   40 13277.0000 5521.07328  58.4%  28.0  937s
 577576 278767 9815.83848   60   43 13277.0000 5521.41095  58.4%  28.0  940s
 581078 280824 infeasible   81      13277.0000 5523.06999  58.4%  28.0  947s
 582971 281867 5533.83712   53   68 13277.0000 5523.67230  58.4%  28.0  950s
 586499 283580 6541.10788   40   61 13277.0000 5524.87568  58.4%  28.0  956s
 589936 285348 11608.7706   72   28 13277.0000 5526.20472  58.4%  28.0  963s
 591598 286236 8795.89980   67   31 13277.0000 5527.00000  58.4%  28.0  965s
 594878 288222 12836.3690   64   27 13277.0000 5528.22901  58.4%  28.0  973s
 596756 289084 6359.00000   54   51 13277.0000 5528.74092  58.4%  28.0  976s
 599988 290952 6054.96409   45   56 13277.0000 5530.09860  58.3%  28.0  982s
 601612 291913 5915.99175   50   65 13277.0000 5530.52077  58.3%  28.0  985s
 605578 293972 9529.00000   66   31 13277.0000 5531.73261  58.3%  27.9  992s
 607288 294936 6931.06020   54   51 13277.0000 5532.23974  58.3%  27.9  996s
 611132 296888 12987.0000   79   13 13277.0000 5533.55549  58.3%  27.9 1002s
 612703 297873 9367.00000   57   39 13277.0000 5534.08314  58.3%  27.9 1006s
 616142 299691 10188.0000   81   36 13277.0000 5535.24899  58.3%  27.9 1013s
 618133 300566 10769.6179   68   32 13277.0000 5535.92883  58.3%  27.9 1016s
 621242 302156 5873.59890   37   64 13277.0000 5537.00000  58.3%  27.9 1022s
 622899 302919 12256.7310   89   15 13277.0000 5537.38485  58.3%  27.9 1025s
 626403 304951 7517.00000   62   41 13277.0000 5539.00000  58.3%  27.9 1032s
 628093 305733 6154.28401   51   65 13277.0000 5539.63202  58.3%  27.9 1035s
 631655 307456 12668.3985   62   34 13277.0000 5541.00000  58.3%  27.9 1041s
 633295 308446 13185.9160   76   21 13277.0000 5541.14545  58.3%  27.9 1045s
 636825 310347 7729.94327   53   50 13277.0000 5542.23978  58.3%  27.9 1051s
 638688 311460 7774.00000   57   47 13277.0000 5543.04767  58.3%  27.9 1055s
 642087 313274 infeasible   80      13277.0000 5544.09189  58.2%  27.9 1061s
 645380 315067 6360.70971   49   62 13277.0000 5545.16585  58.2%  27.9 1067s
 647439 315853 5784.74822   48   65 13277.0000 5545.51831  58.2%  27.9 1071s
 650876 317719 7109.49937   50   43 13277.0000 5546.58936  58.2%  27.9 1077s
 652521 318646 5840.49126   38   76 13277.0000 5547.09022  58.2%  27.9 1081s
 656041 320592 11491.0000   57   27 13277.0000 5548.13526  58.2%  27.9 1088s
 657865 321303 7927.00000   57   44 13277.0000 5548.85468  58.2%  27.9 1091s
 659299 322290 8781.86309   50   40 13277.0000 5549.09622  58.2%  27.9 1095s
 663494 324211 11805.0000   68   27 13277.0000 5550.29489  58.2%  27.9 1102s
 665280 325228 6356.48327   53   60 13277.0000 5551.00000  58.2%  27.9 1106s
 668781 327229 7386.78526   63   49 13277.0000 5552.05040  58.2%  27.9 1113s
 670695 328062 6868.75519   58   48 13277.0000 5552.66238  58.2%  27.9 1116s
 672333 328829 10271.7692   53   27 13277.0000 5553.34360  58.2%  27.9 1120s
 675809 330640 12034.3146   80   12 13277.0000 5554.78916  58.2%  27.9 1127s
 677266 331489 6566.00640   56   51 13277.0000 5555.12184  58.2%  27.9 1130s
 680909 333074 infeasible   79      13277.0000 5556.52252  58.1%  27.9 1137s
 682374 334026 6229.43704   51   63 13277.0000 5557.20279  58.1%  27.9 1140s
 685689 335869 11547.6656   65   14 13277.0000 5558.26291  58.1%  27.9 1147s
 687695 336803 6442.24474   49   51 13277.0000 5558.88362  58.1%  27.8 1150s
 690808 338432 8289.00000   64   33 13277.0000 5559.62501  58.1%  27.9 1156s
 692513 339593 5657.22791   49   68 13277.0000 5560.02628  58.1%  27.9 1160s
 696046 341190 10215.2808   60   35 13277.0000 5560.76025  58.1%  27.9 1166s
 699537 343169 9128.00000   64   34 13277.0000 5561.91882  58.1%  27.9 1173s
 701555 343914 7922.00000   63   48 13277.0000 5562.56281  58.1%  27.9 1176s
 702946 344982 5848.39713   46   64 13277.0000 5563.06082  58.1%  27.9 1180s
 706401 346567 7839.46074   58   43 13277.0000 5564.03519  58.1%  27.9 1186s
 709528 347391 6904.48049   39   53 13277.0000 5564.98775  58.1%  27.8 1190s
 711502 349166 12221.0000   62   31 13277.0000 5565.60196  58.1%  27.8 1196s
 714445 350930 12527.0000   68   14 13277.0000 5566.20328  58.1%  27.9 1202s
 716119 351672 6414.03148   60   60 13277.0000 5566.99094  58.1%  27.9 1205s
 719504 353832 7338.71831   51   50 13277.0000 5567.87146  58.1%  27.8 1212s
 721436 354761 11007.9251   52   36 13277.0000 5568.05694  58.1%  27.8 1216s
 724790 356725 11470.9989   57   33 13277.0000 5569.11893  58.1%  27.8 1223s
 726942 357440 12897.6077   68   23 13277.0000 5569.82857  58.0%  27.8 1226s
 728500 358324 infeasible   83      13277.0000 5570.12918  58.0%  27.8 1230s
 731867 360131 8485.33069   56   45 13277.0000 5571.00000  58.0%  27.8 1236s
 735230 361934 5939.38275   55   61 13277.0000 5572.00000  58.0%  27.8 1243s
 736990 362807 6502.76452   54   60 13277.0000 5572.25590  58.0%  27.8 1245s
 740235 364694 6030.05190   53   60 13277.0000 5573.12993  58.0%  27.8 1252s
 742089 365574 11669.0000   56   22 13277.0000 5573.90484  58.0%  27.8 1256s
 743702 366658 12831.3337   68   20 13277.0000 5574.06659  58.0%  27.8 1260s
 747428 368323 10142.0000   66   31 13277.0000 5575.20165  58.0%  27.8 1266s
 748898 369168 5851.66909   45   70 13277.0000 5575.77660  58.0%  27.8 1270s
 752543 371005 9492.00000   81   23 13277.0000 5576.71879  58.0%  27.8 1276s
 754125 371919 8636.59668   54   40 13277.0000 5577.07419  58.0%  27.8 1280s
 757664 373866 8093.00000   56   47 13277.0000 5578.09443  58.0%  27.8 1287s
 759602 374720 12123.7399   69   29 13277.0000 5578.69891  58.0%  27.7 1290s
 762975 376779 6167.62071   50   57 13277.0000 5580.00000  58.0%  27.7 1298s
 765152 377420 6758.70694   51   51 13277.0000 5580.72858  58.0%  27.7 1301s
 766426 378275 10702.0000   77   28 13277.0000 5580.96965  58.0%  27.7 1305s
 769718 379848 6826.55762   52   50 13277.0000 5581.95962  58.0%  27.7 1311s
 773021 381613 11955.0000   69   37 13277.0000 5583.10489  57.9%  27.7 1318s
 774604 382228 10449.0719   60   36 13277.0000 5583.84789  57.9%  27.7 1320s
 777777 383923 infeasible   68      13277.0000 5584.30035  57.9%  27.7 1328s
 779329 384917 6779.89018   53   56 13277.0000 5585.06215  57.9%  27.7 1331s
 781195 385827 11995.0000   64   22 13277.0000 5585.52289  57.9%  27.7 1335s
 784391 387632 12455.0000   77   18 13277.0000 5586.81050  57.9%  27.7 1342s
 786250 388563 6766.42659   55   62 13277.0000 5587.20742  57.9%  27.7 1346s
 789475 390249 7841.00000   58   36 13277.0000 5588.13885  57.9%  27.7 1353s
 791405 390921 8256.43977   54   43 13277.0000 5588.54925  57.9%  27.7 1355s
 794441 392536 infeasible   76      13277.0000 5589.71392  57.9%  27.7 1362s
 796173 393479 5822.68234   51   65 13277.0000 5590.14903  57.9%  27.7 1366s
 797960 394420 6315.52472   59   57 13277.0000 5590.63176  57.9%  27.7 1370s
 801618 396312 6291.33984   55   62 13277.0000 5592.00000  57.9%  27.7 1377s
 803190 397200 infeasible   73      13277.0000 5592.26435  57.9%  27.7 1380s
 806223 399142 6694.58513   52   62 13277.0000 5593.00000  57.9%  27.7 1388s
 808636 399733 12156.4031   71   17 13277.0000 5593.71497  57.9%  27.7 1391s
 810023 400734 6340.29585   52   70 13277.0000 5594.06600  57.9%  27.7 1395s
 813741 402729 5801.64138   42   66 13277.0000 5595.17752  57.9%  27.7 1403s
 815703 403803 6242.78354   58   62 13277.0000 5596.00000  57.9%  27.7 1407s
 817693 404678 11035.0000   72   19 13277.0000 5596.55010  57.8%  27.7 1411s
 819438 405618 11634.8980   65   28 13277.0000 5597.22176  57.8%  27.7 1415s
 822935 407600 infeasible   62      13277.0000 5598.00000  57.8%  27.7 1423s
 824810 408613 6749.15364   50   60 13277.0000 5598.20382  57.8%  27.7 1426s
 826733 409753 7953.00000   52   42 13277.0000 5599.31796  57.8%  27.7 1430s
 828711 409906 6163.11667   59   65 13277.0000 5599.79747  57.8%  27.7 1435s
H828900 408575                    13132.000000 5599.79747  57.4%  27.7 1435s
 830599 410322 9682.20263   53   35 13132.0000 5600.46248  57.4%  27.7 1443s
 832493 411380 12509.8086   89   21 13132.0000 5601.00000  57.3%  27.7 1447s
 834531 412336 12400.8408   69   27 13132.0000 5601.00000  57.3%  27.7 1451s
 836316 413364 infeasible   63      13132.0000 5601.75597  57.3%  27.7 1455s
 840135 415375 11791.0000   71   28 13132.0000 5602.93782  57.3%  27.7 1462s
 842165 416408 5726.15822   45   67 13132.0000 5603.14323  57.3%  27.7 1466s
 845617 417972 7655.00000   45   47 13132.0000 5604.58305  57.3%  27.7 1472s
 847171 419003 5687.02672   54   61 13132.0000 5605.15362  57.3%  27.7 1476s
 850529 420564 infeasible   68      13132.0000 5605.96320  57.3%  27.7 1483s
 852444 421259 12506.9360   68   26 13132.0000 5606.68167  57.3%  27.7 1485s
 855334 422750 6778.19569   47   63 13132.0000 5607.56698  57.3%  27.7 1492s
 856652 423662 10274.0000   65   26 13132.0000 5608.00000  57.3%  27.7 1495s
 860043 425362 9502.00000   65   32 13132.0000 5608.97667  57.3%  27.7 1503s
 861812 426307 9974.11952   63   35 13132.0000 5609.32813  57.3%  27.7 1506s
 863676 427091 11703.9120   72   29 13132.0000 5609.92608  57.3%  27.7 1510s
 866974 428837 7403.20807   46   65 13132.0000 5611.09299  57.3%  27.7 1517s
 868672 429684 5781.28360   48   61 13132.0000 5611.47362  57.3%  27.7 1520s
 870990 430762 7089.63553   51   57 13132.0000 5612.11911  57.3%  27.7 1525s
 874125 432626 6634.83017   48   47 13132.0000 5612.96786  57.3%  27.7 1531s
 875668 433489 5745.21538   44   66 13132.0000 5613.13306  57.3%  27.7 1535s
 879021 435132 6429.31009   51   64 13132.0000 5614.00000  57.2%  27.7 1542s
 880625 436171 11276.0000   65   20 13132.0000 5614.41948  57.2%  27.7 1546s
 882596 437087 12665.7202   81   17 13132.0000 5614.97482  57.2%  27.7 1550s
 885997 438791 5772.00000   52   63 13132.0000 5616.00000  57.2%  27.7 1557s
 887821 439737 6922.08954   53   61 13132.0000 5616.51767  57.2%  27.7 1560s
 891146 441497 6624.48900   52   53 13132.0000 5617.71459  57.2%  27.7 1568s
 893066 442351 6368.48300   51   58 13132.0000 5618.17926  57.2%  27.7 1572s
 894794 443154 6165.00000   57   53 13132.0000 5619.04357  57.2%  27.7 1575s
 897954 444825 6177.06855   50   65 13132.0000 5620.10501  57.2%  27.7 1582s
 899822 445591 12413.0000   81   17 13132.0000 5620.88318  57.2%  27.7 1586s
 901495 446571 9758.24226   73   35 13132.0000 5621.21781  57.2%  27.7 1590s
 905093 448104 infeasible   74      13132.0000 5622.36757  57.2%  27.7 1597s
 906659 449003 6638.49226   50   61 13132.0000 5623.09180  57.2%  27.7 1600s
 910182 450911 12252.5894   50   34 13132.0000 5623.85148  57.2%  27.7 1608s
 911937 451741 6797.45211   56   65 13132.0000 5624.47900  57.2%  27.7 1611s
 913430 452790 9144.21502   56   37 13132.0000 5625.00000  57.2%  27.7 1615s
 917007 454649 6677.11123   48   60 13132.0000 5626.00000  57.2%  27.7 1622s
 918767 455480 8393.01956   56   51 13132.0000 5626.46423  57.2%  27.7 1626s
 920446 456471 11616.8665   69   26 13132.0000 5627.05829  57.2%  27.7 1630s
 923828 458105 11213.0000   59   35 13132.0000 5627.81496  57.1%  27.7 1637s
 925633 459007 7031.88657   63   50 13132.0000 5628.11723  57.1%  27.7 1641s
 927401 459981 12039.0000   79   22 13132.0000 5628.80580  57.1%  27.7 1645s
 931121 461903 5948.78685   64   64 13132.0000 5629.74971  57.1%  27.7 1652s
 932803 462889 8897.75271   54   40 13132.0000 5630.25438  57.1%  27.7 1656s
 936606 465055 8965.81639   55   46 13132.0000 5631.12096  57.1%  27.7 1663s
 938541 465691 6126.91724   54   57 13132.0000 5631.70601  57.1%  27.7 1666s
 939965 466600 13065.3261   70   23 13132.0000 5632.04862  57.1%  27.7 1670s
 943276 468520 7810.14366   64   42 13132.0000 5633.16461  57.1%  27.7 1677s
 945265 468529 infeasible   78      13132.0000 5633.55379  57.1%  27.7 1689s
 945283 468908 11274.0000   78   30 13132.0000 5633.57584  57.1%  27.7 1692s
 946047 469597 6278.63536   54   63 13132.0000 5633.74371  57.1%  27.7 1695s
 949085 471005 10870.8726   65   25 13132.0000 5634.57375  57.1%  27.7 1702s
 950308 471853 8929.28125   67   32 13132.0000 5635.00000  57.1%  27.7 1706s
 951944 472581 infeasible   88      13132.0000 5635.52810  57.1%  27.7 1710s
 955507 474572 infeasible   73      13132.0000 5636.66942  57.1%  27.7 1718s
 957091 475740 9509.93930   67   32 13132.0000 5637.02894  57.1%  27.7 1722s
 959122 476679 11749.0000   72   20 13132.0000 5637.44726  57.1%  27.7 1725s
 962349 478429 6979.37925   62   51 13132.0000 5638.19328  57.1%  27.7 1732s
 964321 479543 8336.96787   64   30 13132.0000 5638.90426  57.1%  27.7 1737s
 966386 480257 10307.0000   69   31 13132.0000 5639.56104  57.1%  27.7 1740s
 969256 482078 6225.99302   56   43 13132.0000 5640.41221  57.0%  27.7 1747s
 971230 482816 9443.00000   76   32 13132.0000 5640.84482  57.0%  27.7 1751s
 972792 483867 6059.60470   46   65 13132.0000 5641.14740  57.0%  27.7 1755s
 976160 485524 11620.2820   59   35 13132.0000 5642.17352  57.0%  27.7 1763s
 978076 486186 6107.44627   48   63 13132.0000 5642.92292  57.0%  27.7 1766s
 979398 487062 6380.27947   49   60 13132.0000 5643.00000  57.0%  27.7 1770s
 982757 488764 12534.0000   78   19 13132.0000 5644.25628  57.0%  27.7 1777s
 984546 489815 12261.2456   67   28 13132.0000 5645.00000  57.0%  27.7 1781s
 987854 491349 10652.0000   81   23 13132.0000 5646.00000  57.0%  27.7 1788s
 989468 492409 10933.8957   63   37 13132.0000 5646.41635  57.0%  27.7 1792s
 991374 493284 infeasible   82      13132.0000 5646.94604  57.0%  27.7 1795s
 994930 495073 9531.00000   57   30 13132.0000 5647.51967  57.0%  27.7 1803s
 996845 495902 10375.0451   54   40 13132.0000 5648.02736  57.0%  27.7 1806s
 999067 496665 7534.51987   65   42 13132.0000 5648.90406  57.0%  27.7 1810s
 1001756 498262 5887.70305   60   56 13132.0000 5649.50663  57.0%  27.7 1817s
 1003249 499161 11203.0000   79   22 13132.0000 5649.91280  57.0%  27.7 1820s
 1005103 500073 10427.0000   72   25 13132.0000 5650.13303  57.0%  27.7 1825s
 1008038 501644 infeasible   65      13132.0000 5651.09693  57.0%  27.7 1832s
 1010094 502527 7149.33179   50   58 13132.0000 5651.84729  57.0%  27.7 1836s
 1011764 503598 11211.0000   72   24 13132.0000 5652.43410  57.0%  27.7 1840s
 1015382 505420 6466.26414   49   65 13132.0000 5653.12127  57.0%  27.7 1848s
 1017215 506277 infeasible   76      13132.0000 5653.61170  56.9%  27.7 1851s
 1018906 507244 6970.16724   51   59 13132.0000 5654.13428  56.9%  27.7 1855s
 1022526 509043 9889.67730   63   34 13132.0000 5655.02627  56.9%  27.7 1862s
 1024134 510043 6869.20647   64   44 13132.0000 5655.23967  56.9%  27.7 1866s
 1027621 511690 12190.0000   71   15 13132.0000 5655.97520  56.9%  27.7 1872s
 1028884 512573 11634.7239   69   30 13132.0000 5656.11352  56.9%  27.7 1876s
 1030699 513531 5999.96699   53   60 13132.0000 5656.57349  56.9%  27.7 1880s
 1034261 515260 10414.0000   80   24 13132.0000 5657.34115  56.9%  27.7 1887s
 1035727 516128 10254.7593   95   19 13132.0000 5658.00000  56.9%  27.7 1891s
 1037479 517258 8000.00000   59   49 13132.0000 5658.00000  56.9%  27.7 1895s
 1040638 518730 5990.66651   48   64 13132.0000 5659.15425  56.9%  27.7 1902s
 1042486 519394 5891.01779   56   71 13132.0000 5659.71563  56.9%  27.7 1906s
 1045791 520872 5745.53633   38   61 13132.0000 5660.43536  56.9%  27.7 1913s
 1047368 521600 infeasible   65      13132.0000 5660.74888  56.9%  27.7 1917s
 1049013 522680 12022.4236   64   30 13132.0000 5661.12564  56.9%  27.7 1921s
 1050971 523485 6473.31754   43   59 13132.0000 5661.67759  56.9%  27.7 1925s
 1054516 525289 6199.79588   62   57 13132.0000 5662.72409  56.9%  27.7 1933s
 1056264 526350 6577.35364   52   53 13132.0000 5663.19508  56.9%  27.7 1937s
 1058131 527168 6311.48975   47   59 13132.0000 5663.72450  56.9%  27.7 1941s
 1059740 528323 5920.69041   41   65 13132.0000 5664.17864  56.9%  27.7 1946s
 1063370 530042 10375.5741   62   34 13132.0000 5665.00000  56.9%  27.7 1953s
 1065004 530980 8472.00000   76   44 13132.0000 5665.37791  56.9%  27.7 1957s
 1066907 531741 11793.4512   82   27 13132.0000 5665.89233  56.9%  27.7 1960s
 1069893 533413 8410.35636   59   44 13132.0000 5666.60289  56.8%  27.7 1969s
 1071905 534493 8316.06134   68   36 13132.0000 5667.04217  56.8%  27.7 1973s
 1073877 535199 6458.02962   50   67 13132.0000 5667.57755  56.8%  27.7 1976s
 1075284 536156 6226.12203   58   58 13132.0000 5668.00000  56.8%  27.7 1981s
 1077151 537207 8787.00000   60   44 13132.0000 5668.22729  56.8%  27.7 1985s
 1080350 539154 6761.03060   50   54 13132.0000 5669.08766  56.8%  27.7 1993s
 1082603 540104 5972.12733   55   60 13132.0000 5669.85857  56.8%  27.7 1997s
 1084477 541076 8842.00000   64   35 13132.0000 5670.26461  56.8%  27.7 2001s
 1086108 541917 10926.0000   65   32 13132.0000 5670.78417  56.8%  27.7 2005s
 1089501 543907 11285.5377   61   23 13132.0000 5671.55165  56.8%  27.7 2013s
 1091262 544812 11457.0000   65   27 13132.0000 5672.00000  56.8%  27.7 2017s
 1093078 545801 5729.61862   47   65 13132.0000 5672.17404  56.8%  27.7 2021s
 1094868 546619 12006.2389   61   42 13132.0000 5672.82328  56.8%  27.7 2025s
 1097599 547669 7593.71570   63   53 13132.0000 5673.30748  56.8%  27.7 2030s
 1100114 549366 11989.1457   61   26 13132.0000 5674.18428  56.8%  27.7 2038s
 1101997 550257 6570.45208   55   67 13132.0000 5674.56343  56.8%  27.7 2041s
 1103584 551013 12403.0000   81   19 13132.0000 5674.77547  56.8%  27.7 2045s
 1106695 552727 6704.32908   57   56 13132.0000 5675.45220  56.8%  27.7 2052s
 1108440 553908 11269.0000   66   25 13132.0000 5676.05283  56.8%  27.8 2057s
 1110407 554819 6372.32736   48   62 13132.0000 5676.46942  56.8%  27.8 2061s
 1113294 556539 5747.64248   44   72 13132.0000 5677.03982  56.8%  27.8 2069s
 1115417 557282 7869.25556   50   50 13132.0000 5677.63751  56.8%  27.8 2073s
 1116882 558348 5737.85236   56   66 13132.0000 5678.00000  56.8%  27.8 2076s
 1118694 559297 5705.90365   44   66 13132.0000 5678.34190  56.8%  27.8 2081s
 1120651 559959 12423.1849   66   24 13132.0000 5678.73267  56.8%  27.8 2085s
 1122082 561141 6968.05374   51   53 13132.0000 5679.11236  56.8%  27.8 2090s
 1125952 562049 9424.40585   68   36 13132.0000 5680.08509  56.7%  27.8 2099s
 1126153 562862 5870.37081   51   65 13132.0000 5680.08994  56.7%  27.8 2103s
 1127742 563866 6664.56470   61   54 13132.0000 5680.58256  56.7%  27.8 2108s
 1129714 565002 5838.59018   42   61 13132.0000 5681.02178  56.7%  27.8 2113s
 1131786 565864 5688.78195   45   71 13132.0000 5681.54220  56.7%  27.8 2118s
 1133642 566727 infeasible   58      13132.0000 5681.96414  56.7%  27.8 2122s
 1135378 567670 6951.44592   56   55 13132.0000 5682.16936  56.7%  27.8 2127s
 1137127 568511 6763.03424   47   59 13132.0000 5682.95252  56.7%  27.8 2130s
 1138677 569665 8547.90294   49   44 13132.0000 5683.22741  56.7%  27.8 2135s
 1142074 571383 6114.78866   43   63 13132.0000 5684.00443  56.7%  27.8 2144s
 1143976 572200 12032.0506   75   26 13132.0000 5684.47121  56.7%  27.8 2148s
 1145511 573139 6720.46859   47   56 13132.0000 5684.88077  56.7%  27.8 2151s
 1147168 574110 7086.60201   48   60 13132.0000 5685.01349  56.7%  27.8 2155s
 1148878 575087 12283.4979   59   25 13132.0000 5685.35183  56.7%  27.8 2160s
 1152377 576791 7328.11910   54   47 13132.0000 5686.26530  56.7%  27.8 2168s
 1153976 577477 infeasible   63      13132.0000 5686.64740  56.7%  27.8 2172s
 1155499 578320 7812.23366   64   44 13132.0000 5687.02672  56.7%  27.8 2176s
 1157202 579329 12360.8499   89   20 13132.0000 5687.27608  56.7%  27.8 2181s
 1160086 580078 5775.00000   52   60 13132.0000 5687.98947  56.7%  27.8 2185s
 1162299 581926 5754.65114   50   55 13132.0000 5688.68833  56.7%  27.8 2193s
 1164057 582941 11664.4590   70   25 13132.0000 5689.00000  56.7%  27.8 2198s
 1165987 583625 12887.6846   66   18 13132.0000 5689.45495  56.7%  27.8 2202s
 1167402 584413 5953.08634   57   60 13132.0000 5689.99242  56.7%  27.8 2206s
 1169234 585257 7468.00000   57   39 13132.0000 5690.50257  56.7%  27.8 2210s
 1172278 587193 6039.22388   52   58 13132.0000 5691.19553  56.7%  27.8 2219s
 1174451 588176 9947.00000   62   25 13132.0000 5691.81821  56.7%  27.8 2223s
 1176254 588931 8750.00000   73   32 13132.0000 5692.22637  56.7%  27.8 2227s
 1177681 589844 6384.35440   49   55 13132.0000 5692.52721  56.7%  27.8 2231s
 1179383 590619 11582.2751   70   26 13132.0000 5692.81903  56.6%  27.8 2235s
 1180809 591690 9364.00000   51   39 13132.0000 5693.16268  56.6%  27.8 2240s
 1184616 593608 12162.0000   76   27 13132.0000 5694.00231  56.6%  27.8 2248s
 1186501 594559 11466.8735   78   37 13132.0000 5694.28333  56.6%  27.8 2253s
 1188309 595297 6602.30476   52   68 13132.0000 5694.66110  56.6%  27.8 2256s
 1189661 596070 5725.33436   51   80 13132.0000 5695.00000  56.6%  27.8 2260s
 1192362 597105 6824.93285   52   52 13132.0000 5695.34969  56.6%  27.8 2265s
 1194791 598870 infeasible   58      13132.0000 5695.91240  56.6%  27.8 2273s
 1196243 599968 9088.00000   52   34 13132.0000 5696.24364  56.6%  27.8 2277s
 1198227 600900 6888.70868   55   51 13132.0000 5696.58853  56.6%  27.8 2281s
 1200083 601837 5749.20768   59   67 13132.0000 5697.00000  56.6%  27.8 2286s
 1201804 602781 11869.6707   61   32 13132.0000 5697.37643  56.6%  27.8 2290s
 1205145 604381 12447.6461   70   30 13132.0000 5698.06205  56.6%  27.8 2298s
 1206869 605158 7054.21365   50   55 13132.0000 5698.36568  56.6%  27.8 2303s
 1208482 605877 6006.48422   44   64 13132.0000 5698.85398  56.6%  27.8 2306s
 1210038 607034 6866.64094   51   46 13132.0000 5699.08388  56.6%  27.8 2311s
 1212154 607989 5770.53789   53   65 13132.0000 5699.40767  56.6%  27.8 2316s
 1215294 609766 8649.00000   67   39 13132.0000 5700.10910  56.6%  27.8 2324s
 1217365 610656 9506.19699   58   30 13132.0000 5700.62970  56.6%  27.8 2328s
 1218957 611613 12728.0000   74   27 13132.0000 5701.00000  56.6%  27.8 2333s
 1220760 612584 6052.62678   57   61 13132.0000 5701.08954  56.6%  27.8 2337s
 1222585 612728     cutoff   86      13132.0000 5701.63527  56.6%  27.8 2344s
H1222707 612684                    13130.000000 5701.63527  56.6%  27.8 2344s
 1222881 613716 5906.00000   59   47 13130.0000 5701.64223  56.6%  27.8 2348s
 1224629 614433 infeasible   80      13130.0000 5701.97839  56.6%  27.8 2352s
 1226163 615263 8903.52599   58   37 13130.0000 5702.13869  56.6%  27.8 2357s
 1227957 616083 6098.65296   51   68 13130.0000 5702.66825  56.6%  27.8 2362s
 1229827 616970 6433.00000   51   55 13130.0000 5703.00000  56.6%  27.8 2366s
 1231528 617905 8272.00000   61   43 13130.0000 5703.22928  56.6%  27.8 2370s
 1234326 619390 5935.00000   54   63 13130.0000 5704.00000  56.6%  27.8 2378s
 1236294 620321 5987.83402   47   69 13130.0000 5704.30319  56.6%  27.8 2383s
 1238137 621216 9273.11393   58   39 13130.0000 5704.92451  56.6%  27.8 2387s
 1239775 622179 7167.66586   51   45 13130.0000 5705.16628  56.5%  27.8 2392s
 1241604 622961 11508.0000   73   26 13130.0000 5705.56935  56.5%  27.8 2396s
 1243153 623968 infeasible   62      13130.0000 5706.03565  56.5%  27.8 2401s
 1245134 624725 12070.0000   77   27 13130.0000 5706.45708  56.5%  27.8 2405s
 1246787 625533 8606.71732   55   43 13130.0000 5707.00000  56.5%  27.8 2410s
 1250444 627178 6578.00000   55   47 13130.0000 5707.63986  56.5%  27.8 2418s
 1252002 627931 12187.2785   71   20 13130.0000 5707.97140  56.5%  27.8 2422s
 1253484 628801 6173.55267   47   63 13130.0000 5708.19706  56.5%  27.8 2427s
 1255329 629532 5724.82393   53   67 13130.0000 5708.73009  56.5%  27.8 2431s
 1256687 630424 9003.00000   58   36 13130.0000 5709.11020  56.5%  27.9 2435s
 1260149 632066 6384.42584   57   74 13130.0000 5709.89621  56.5%  27.8 2443s
 1261615 632906 infeasible   75      13130.0000 5710.17849  56.5%  27.9 2447s
 1263417 633914 12037.2088   72   27 13130.0000 5710.64796  56.5%  27.9 2452s
 1265299 634606 6662.30553   47   54 13130.0000 5710.99670  56.5%  27.8 2455s
 1266523 635383 6794.32187   42   57 13130.0000 5711.03609  56.5%  27.9 2460s
 1269828 637327 9342.00000   64   31 13130.0000 5711.67131  56.5%  27.9 2469s
 1271692 638181 infeasible   94      13130.0000 5712.00000  56.5%  27.9 2473s
 1273443 639137 12121.0000   79   22 13130.0000 5712.45086  56.5%  27.9 2478s
 1275337 639799 5997.38054   42   67 13130.0000 5712.93446  56.5%  27.9 2482s
 1276614 640835 8928.59646   60   40 13130.0000 5713.05912  56.5%  27.9 2486s
 1278524 641673 10095.0000   58   40 13130.0000 5713.41933  56.5%  27.9 2491s
 1280254 642369 7067.48239   46   52 13130.0000 5713.81254  56.5%  27.9 2495s
 1283495 644236 9385.69139   60   39 13130.0000 5714.36073  56.5%  27.9 2503s
 1285075 645057 10859.0000   73   28 13130.0000 5714.94206  56.5%  27.9 2508s
 1286705 645982 5887.42733   57   54 13130.0000 5715.10395  56.5%  27.9 2512s
 1288315 646736 infeasible   59      13130.0000 5715.47373  56.5%  27.9 2516s
 1290019 647716 5943.27211   44   71 13130.0000 5716.00000  56.5%  27.9 2521s
 1291943 648654 6405.13694   50   59 13130.0000 5716.29463  56.5%  27.9 2526s
 1295262 650533 6026.00000   53   54 13130.0000 5717.03193  56.5%  27.9 2534s
 1297071 651144 7258.18812   52   43 13130.0000 5717.36249  56.5%  27.9 2537s
 1298221 652154 6794.21165   48   48 13130.0000 5717.54885  56.5%  27.9 2542s
 1300137 652876 infeasible   75      13130.0000 5718.00000  56.5%  27.9 2546s
 1301557 653692 10022.0000   59   31 13130.0000 5718.11242  56.5%  27.9 2550s
 1304961 655480 9443.00000   59   28 13130.0000 5718.86741  56.4%  27.9 2558s
 1306286 656484 7424.00000   54   38 13130.0000 5719.01591  56.4%  27.9 2562s
 1308185 657409 6164.62706   45   58 13130.0000 5719.27397  56.4%  27.9 2567s
 1309969 658110 7140.26917   68   41 13130.0000 5719.87999  56.4%  27.9 2571s
 1311398 659172 infeasible   82      13130.0000 5720.06273  56.4%  27.9 2576s
 1313352 660024 10246.0000   63   26 13130.0000 5720.54863  56.4%  27.9 2580s
 1316398 661815 8139.46238   68   37 13130.0000 5721.08567  56.4%  27.9 2589s
 1318214 662613 6883.61861   42   54 13130.0000 5721.39846  56.4%  27.9 2593s
 1320065 663461 6706.27409   54   53 13130.0000 5721.80488  56.4%  27.9 2597s
 1321774 664478 infeasible   85      13130.0000 5721.93542  56.4%  27.9 2602s
 1323587 665152 infeasible   83      13130.0000 5722.25899  56.4%  27.9 2606s
 1324980 665972 8022.79704   60   54 13130.0000 5722.68179  56.4%  27.9 2610s
 1328467 667773 11710.2987   68   27 13130.0000 5723.41238  56.4%  27.9 2619s
 1330117 668645 10769.0000   64   29 13130.0000 5723.70051  56.4%  27.9 2623s
 1331825 669677 8329.00000   57   34 13130.0000 5724.10651  56.4%  27.9 2629s
 1333833 670436 8303.00000   60   42 13130.0000 5724.60637  56.4%  27.9 2633s
 1335426 671194 9851.00000   68   31 13130.0000 5724.93479  56.4%  27.9 2637s
 1336937 672064 7641.08236   62   47 13130.0000 5725.17641  56.4%  27.9 2641s
 1338589 672815 8507.00000   58   46 13130.0000 5725.76328  56.4%  27.9 2645s
 1340007 673690 7613.67301   59   53 13130.0000 5726.02509  56.4%  27.9 2650s
 1343704 674694 infeasible   70      13130.0000 5726.65733  56.4%  27.9 2655s
 1345223 676002 12727.9752   66   32 13130.0000 5727.05450  56.4%  27.9 2663s
 1346964 676818 11762.5947   68   26 13130.0000 5727.51896  56.4%  27.9 2667s
 1348682 677268 10492.0000   82   26 13130.0000 5727.94086  56.4%  27.9 2670s
 1349796 678244 6128.14071   46   56 13130.0000 5728.04707  56.4%  27.9 2675s
 1351799 679133 9690.52717   49   44 13130.0000 5728.44428  56.4%  27.9 2680s
 1355303 681132 6161.00000   55   46 13130.0000 5729.02805  56.4%  27.9 2690s
 1357541 682002 6683.18228   49   50 13130.0000 5729.43973  56.4%  27.9 2695s
 1360939 683737 8053.47988   50   47 13130.0000 5730.14365  56.4%  27.9 2704s
 1362853 684560 6913.70335   56   56 13130.0000 5730.67591  56.4%  27.9 2709s
 1364485 685559 8977.00000   56   37 13130.0000 5731.02213  56.4%  27.9 2713s
 1366436 686545 9100.01326   78   38 13130.0000 5731.41018  56.3%  27.9 2718s
 1368233 687308 8657.56908   50   49 13130.0000 5731.77414  56.3%  27.9 2722s
 1369728 687940 12789.0000   78   15 13130.0000 5731.99621  56.3%  27.9 2726s
 1371259 688987 infeasible   75      13130.0000 5732.01760  56.3%  27.9 2730s
 1374474 690532 7423.78366   53   47 13130.0000 5732.59577  56.3%  27.9 2738s
 1376303 691511 6080.74429   57   67 13130.0000 5733.00000  56.3%  27.9 2744s
 1378307 692386 12191.0000   72   26 13130.0000 5733.21086  56.3%  27.9 2748s
 1380179 693109 infeasible   79      13130.0000 5733.62644  56.3%  27.9 2753s
 1381715 694165 9511.00000   58   48 13130.0000 5734.00987  56.3%  27.9 2758s
 1383695 695077 10361.0000   67   30 13130.0000 5734.24860  56.3%  27.9 2763s
 1385393 695789 5948.87244   51   61 13130.0000 5734.69734  56.3%  27.9 2767s
 1386874 696761 7369.12280   48   50 13130.0000 5735.00000  56.3%  27.9 2772s
 1388808 697615 infeasible   64      13130.0000 5735.17428  56.3%  27.9 2776s
 1390318 698542 6436.71977   52   49 13130.0000 5735.62424  56.3%  27.9 2781s
 1392198 699303 12779.1444   90    9 13130.0000 5735.91941  56.3%  27.9 2785s
 1393855 700226 12195.2782   75   18 13130.0000 5736.16003  56.3%  27.9 2790s
 1397044 702385 11882.0000   64   25 13130.0000 5737.00000  56.3%  27.9 2801s
 1399743 703362 6013.50834   50   71 13130.0000 5737.34683  56.3%  27.9 2806s
 1401534 704231 6696.34073   50   55 13130.0000 5737.72910  56.3%  27.9 2810s
 1403383 705151 8485.52498   55   32 13130.0000 5738.05671  56.3%  27.9 2815s
 1405217 706006 9842.00000   77   34 13130.0000 5738.45695  56.3%  27.9 2822s
 1406872 706905 11878.0000   74   12 13130.0000 5739.00000  56.3%  27.9 2827s
 1408546 707741 8656.00000   63   41 13130.0000 5739.25081  56.3%  27.9 2831s
 1410327 708560 8230.15849   64   41 13130.0000 5739.62918  56.3%  27.9 2836s
 1412064 709584 8720.73567   52   38 13130.0000 5740.02029  56.3%  27.9 2841s
 1413800 710643 10400.5328   73   32 13130.0000 5740.29889  56.3%  27.9 2846s
 1416045 711453 8050.00000   64   38 13130.0000 5740.67069  56.3%  27.9 2851s
 1417771 712288 6012.70429   43   60 13130.0000 5741.00000  56.3%  27.9 2856s
 1419833 712890 7584.93835   55   51 13130.0000 5741.19430  56.3%  27.9 2860s
 1421017 713730 9795.30000   65   40 13130.0000 5741.54525  56.3%  27.9 2865s
 1424399 715590 5785.83770   58   61 13130.0000 5742.16759  56.3%  27.9 2874s
 1426394 716511 5944.75298   46   74 13130.0000 5742.55720  56.3%  27.9 2878s
 1428136 717123 9455.00000   57   37 13130.0000 5742.85758  56.3%  27.9 2882s
 1429489 718151 8507.00000   54   48 13130.0000 5743.05028  56.3%  27.9 2887s
 1431493 719096 10200.0000   74   32 13130.0000 5743.47117  56.3%  27.9 2892s
 1433499 719877 7876.93077   56   44 13130.0000 5743.98595  56.3%  27.9 2896s
 1435065 720691 infeasible   80      13130.0000 5744.16395  56.3%  27.9 2901s
 1436590 721713 6848.85461   56   53 13130.0000 5744.37992  56.2%  27.9 2905s
 1439847 723661 infeasible   58      13130.0000 5745.03452  56.2%  27.9 2915s
 1442209 724866 9325.00000   66   33 13130.0000 5745.34696  56.2%  27.9 2921s
 1444418 725759 9607.00000   62   30 13130.0000 5745.70620  56.2%  27.9 2926s
 1446107 726798 6398.06258   56   63 13130.0000 5745.97900  56.2%  27.9 2931s
 1448163 727608 8026.07098   56   41 13130.0000 5746.10334  56.2%  27.9 2936s
 1450067 728495 7568.00000   67   45 13130.0000 5746.55446  56.2%  27.9 2941s
 1451904 729321 6581.00000   60   58 13130.0000 5746.96195  56.2%  27.9 2945s
 1453575 730199 12877.0000   68   19 13130.0000 5747.22022  56.2%  27.9 2950s
 1455371 730995 8069.12020   49   55 13130.0000 5747.64041  56.2%  27.9 2955s
 1458820 733085 10233.4479   65   31 13130.0000 5748.20612  56.2%  27.9 2964s
 1460899 733093 6153.65560   48   56 13130.0000 5748.68934  56.2%  27.9 2978s
 1460920 741111 6208.47015   49   57 13130.0000 5748.70178  56.2%  27.9 3030s
 1476936 742390 6377.94910   41   69 13130.0000 5751.36610  56.2%  27.9 3039s
 1479314 743255 9006.00000   56   31 13130.0000 5751.95625  56.2%  27.9 3044s
 1481116 744377 6088.00000   47   47 13130.0000 5752.10856  56.2%  27.9 3049s
 1483355 745284 7290.54213   54   54 13130.0000 5752.61972  56.2%  27.9 3054s
 1485219 746275 infeasible   70      13130.0000 5753.00000  56.2%  27.9 3059s
 1487176 747057 10492.0000   70   24 13130.0000 5753.42491  56.2%  27.9 3063s
 1489025 747830 11452.0000   65   38 13130.0000 5753.74779  56.2%  27.9 3067s
 1490684 748695 12706.0982   78   19 13130.0000 5754.00000  56.2%  27.9 3071s
 1492475 749640 11535.0186   90   21 13130.0000 5754.00000  56.2%  27.9 3075s
 1495960 751651 11219.0000   62   30 13130.0000 5755.00000  56.2%  27.9 3084s
 1497836 752645 11201.8269   65   29 13130.0000 5755.37728  56.2%  27.9 3088s
 1499625 753600 6628.34889   49   62 13130.0000 5755.62456  56.2%  27.9 3092s
 1501359 754446 10676.0000   55   22 13130.0000 5756.00000  56.2%  27.9 3095s
 1503004 755560 11044.9933   53   34 13130.0000 5756.09578  56.2%  27.9 3100s
 1504918 756430 11508.0000   62   26 13130.0000 5756.48677  56.2%  27.9 3105s
 1508531 758223 12161.0000   74   18 13130.0000 5757.14858  56.2%  27.9 3113s
 1510579 758993 8971.00000   59   38 13130.0000 5757.64819  56.1%  27.9 3117s
 1512193 759932 10550.2930   70   30 13130.0000 5758.01775  56.1%  27.9 3121s
 1513882 761026 11315.2529   91   26 13130.0000 5758.23918  56.1%  27.9 3126s
 1515943 761959 11720.8862   83   30 13130.0000 5758.44424  56.1%  27.9 3130s
 1519298 763708 6188.25029   50   62 13130.0000 5759.00000  56.1%  27.9 3138s
 1521200 764590 12533.8429   67   26 13130.0000 5759.24298  56.1%  27.9 3143s
 1523042 765487 6541.66313   65   48 13130.0000 5759.68140  56.1%  27.9 3147s
 1524740 766263 6233.34520   54   58 13130.0000 5759.88686  56.1%  27.9 3151s
 1526280 767327 6490.16684   46   64 13130.0000 5760.24239  56.1%  27.9 3156s
 1528325 768099 12802.0000   90    9 13130.0000 5760.64035  56.1%  27.9 3160s
 1531283 769919 10544.0000   68   28 13130.0000 5761.11111  56.1%  27.9 3169s
 1533351 770692 6377.37067   45   58 13130.0000 5761.74412  56.1%  27.9 3172s
 1534928 771624 6569.40197   62   50 13130.0000 5762.09052  56.1%  27.9 3176s
 1536553 772615 9431.43070   64   44 13130.0000 5762.45845  56.1%  27.9 3181s
 1539830 774336 7467.16166   63   47 13130.0000 5763.03327  56.1%  27.9 3189s
 1541541 775267 infeasible   69      13130.0000 5763.28026  56.1%  27.9 3193s
 1543436 776091 5859.62875   41   65 13130.0000 5763.76115  56.1%  27.9 3198s
 1545053 777079 9583.86739   44   49 13130.0000 5764.02153  56.1%  27.9 3202s
 1547004 778029 9896.00000   67   37 13130.0000 5764.33007  56.1%  27.9 3207s
 1548793 778886 9499.94439   63   40 13130.0000 5764.60065  56.1%  27.9 3212s
 1550844 779758 8393.00000   62   27 13130.0000 5765.00000  56.1%  27.9 3216s
 1552455 780565 9943.00000   73   33 13130.0000 5765.05475  56.1%  27.9 3220s
 1554358 781402 11843.8260   51   37 13130.0000 5765.47081  56.1%  27.9 3225s
 1557392 782966 11841.0000   73   24 13130.0000 5766.01866  56.1%  27.9 3233s
 1559148 783960 6575.06693   47   64 13130.0000 5766.37709  56.1%  27.9 3237s
 1560932 784822 10096.1560   65   32 13130.0000 5766.63551  56.1%  27.9 3241s
 1562508 784830 infeasible   67      13130.0000 5766.82770  56.1%  27.9 3252s
 1562529 785203 6123.23028   44   57 13130.0000 5766.84507  56.1%  27.9 3255s
 1564889 786767 6170.06576   51   67 13130.0000 5767.22693  56.1%  27.9 3264s
 1566566 787685 6830.28168   57   46 13130.0000 5767.68643  56.1%  27.9 3268s
*1567493 782599             125    12944.000000 5767.81465  55.4%  27.9 3269s
 1568176 783503 6714.90452   54   58 12944.0000 5767.99763  55.4%  27.9 3273s
 1569778 784431 infeasible   71      12944.0000 5768.00000  55.4%  27.9 3278s
 1571576 785237 infeasible   70      12944.0000 5768.25949  55.4%  28.0 3283s
 1573630 786038 8672.31733   64   36 12944.0000 5768.60474  55.4%  27.9 3288s
 1575378 787097 infeasible   78      12944.0000 5768.85151  55.4%  27.9 3292s
 1577168 788150 11514.0000   73   26 12944.0000 5769.13309  55.4%  27.9 3296s
 1578966 789206 infeasible   63      12944.0000 5769.23064  55.4%  27.9 3301s
 1580988 790217 10172.8254   70   31 12944.0000 5769.51714  55.4%  27.9 3306s
 1583040 790977 12632.9868   65   18 12944.0000 5769.87464  55.4%  27.9 3310s
 1584542 791824 8825.69968   57   40 12944.0000 5770.01894  55.4%  27.9 3315s
 1586173 792823 7739.98925   64   40 12944.0000 5770.29702  55.4%  27.9 3320s
 1590137 794242 infeasible   64      12944.0000 5770.96940  55.4%  27.9 3329s
 1591548 795387 9688.00000   64   27 12944.0000 5771.18347  55.4%  27.9 3335s
 1593766 796286 8542.70915   61   31 12944.0000 5771.60997  55.4%  28.0 3340s
 1595639 797304 6016.87736   52   51 12944.0000 5772.00000  55.4%  28.0 3345s
 1597550 798460 10079.0865   55   44 12944.0000 5772.22510  55.4%  28.0 3350s
 1599702 799175 8798.36303   55   38 12944.0000 5772.74478  55.4%  28.0 3355s
 1603054 801115 10766.0000   58   31 12944.0000 5773.16623  55.4%  28.0 3365s
 1604988 802023 6682.97400   51   62 12944.0000 5773.56548  55.4%  28.0 3370s
 1608160 803848 12152.0000   75   18 12944.0000 5774.03666  55.4%  28.0 3378s
 1609995 804672 7638.00000   61   41 12944.0000 5774.28436  55.4%  28.0 3383s
 1611730 805546 6698.23689   48   57 12944.0000 5774.58127  55.4%  28.0 3388s
 1613556 806294 12492.0000   70   14 12944.0000 5775.00000  55.4%  28.0 3392s
 1614944 807269 infeasible   65      12944.0000 5775.01695  55.4%  28.0 3397s
 1616890 808404 infeasible   75      12944.0000 5775.52531  55.4%  28.0 3403s
 1619086 809036 5800.78669   55   67 12944.0000 5775.86310  55.4%  28.0 3407s
 1620418 809948 6531.27129   47   65 12944.0000 5776.09311  55.4%  28.0 3412s
 1622350 811066 infeasible   52      12944.0000 5776.36648  55.4%  28.0 3418s
 1624407 811784 8769.00000   62   39 12944.0000 5776.80830  55.4%  28.0 3421s
 1625912 812778 8276.00000   53   38 12944.0000 5777.01034  55.4%  28.0 3426s
 1627885 813566 12155.3452   82   26 12944.0000 5777.19073  55.4%  28.0 3431s
 1629567 814530 6020.04165   47   68 12944.0000 5777.67967  55.4%  28.0 3436s
 1631591 815311 11490.5453   68   32 12944.0000 5777.93424  55.4%  28.0 3441s
 1633136 816142 7528.29894   50   51 12944.0000 5778.09838  55.4%  28.0 3446s
 1635138 816979 7730.99573   64   37 12944.0000 5778.54878  55.4%  28.0 3450s
 1638044 818665 9132.88173   74   30 12944.0000 5779.03213  55.4%  28.0 3459s
 1639981 819352 infeasible   66      12944.0000 5779.28577  55.4%  28.0 3463s
 1641390 820344 7516.82485   60   42 12944.0000 5779.53305  55.3%  28.0 3468s
 1643268 821191 6574.90193   53   64 12944.0000 5779.77678  55.3%  28.0 3473s
 1645077 822213 6073.59312   49   65 12944.0000 5780.06824  55.3%  28.0 3478s
 1647173 823153 6825.58801   58   55 12944.0000 5780.46529  55.3%  28.0 3483s
 1649081 823973 6283.89855   46   65 12944.0000 5780.88030  55.3%  28.0 3488s
 1650622 824877 9183.00000   67   33 12944.0000 5781.00000  55.3%  28.0 3492s
 1652421 825662 9073.00000   70   35 12944.0000 5781.21619  55.3%  28.0 3497s
 1654241 826620 12718.0588   66   28 12944.0000 5781.60148  55.3%  28.0 3502s
 1656096 827325 infeasible   73      12944.0000 5781.86093  55.3%  28.0 3506s
 1657718 828344 infeasible   67      12944.0000 5782.03958  55.3%  28.0 3511s
 1659517 829140 10488.0000   72   27 12944.0000 5782.36059  55.3%  28.0 3516s
 1661086 830116 6234.63506   45   59 12944.0000 5782.71860  55.3%  28.0 3521s
 1663078 830974 8537.06608   62   35 12944.0000 5783.00000  55.3%  28.0 3526s
 1664910 831745 8226.00000   73   36 12944.0000 5783.32772  55.3%  28.0 3530s
 1666231 832765 8475.00000   68   34 12944.0000 5783.56643  55.3%  28.0 3535s
 1669621 834477 7451.00000   60   45 12944.0000 5784.12925  55.3%  28.0 3544s
 1671399 835571 8991.34595   70   27 12944.0000 5784.50975  55.3%  28.0 3549s
 1673474 836438 9067.00000   59   45 12944.0000 5784.81577  55.3%  28.0 3553s
 1675299 837268 7778.21227   56   44 12944.0000 5784.98971  55.3%  28.0 3559s
 1676943 838124 9039.25813   52   50 12944.0000 5785.06460  55.3%  28.0 3564s
 1678701 839075 8623.13118   58   34 12944.0000 5785.66732  55.3%  28.0 3569s
 1680690 840086 11197.0000   70   30 12944.0000 5786.00000  55.3%  28.0 3574s
 1682434 841156 11853.4140   66   26 12944.0000 5786.16990  55.3%  28.0 3580s
 1684493 841998 11175.1226   72   33 12944.0000 5786.58212  55.3%  28.0 3585s
 1688010 843920 12087.0000   61   27 12944.0000 5787.12007  55.3%  28.0 3595s
 1690102 844720 9594.93397   61   30 12944.0000 5787.45745  55.3%  28.0 3600s

Cutting planes:
  Learned: 247
  Gomory: 79
  Cover: 16
  Implied bound: 60
  Projected implied bound: 1
  MIR: 2831
  Flow cover: 4100
  Inf proof: 116
  RLT: 10
  Relax-and-lift: 14

Explored 1691823 nodes (47403940 simplex iterations) in 3600.37 seconds (799.39 work units)
Thread count was 16 (of 16 available processors)

Solution count 10: 12944 13130 13132 ... 14882

Time limit reached
Best objective 1.294400000000e+04, best bound 5.788000000000e+03, gap 55.2843%
Warning: constraint name "precedence between 0,1 to 0,0 if x_[j,l,h,z,i]=1" has a space
Warning: constraint name "precedence between 0,1 to 0,0 if x_[j,l,h,z,i]=1" has a space
Warning: default constraint names used to write mps file
