
Gurobi 10.0.1 (win64) logging started Sat Sep 16 19:36:49 2023

Set parameter LogFile to value "./results-heuristic-start//log/Fattahi_setup_16_modified_old_makespan.log"
Gurobi Optimizer version 10.0.1 build v10.0.1rc0 (win64)

CPU model: AMD Ryzen 7 3700X 8-Core Processor, instruction set [SSE2|AVX|AVX2]
Thread count: 8 physical cores, 16 logical processors, using up to 16 threads

Optimize a model with 730 rows, 701 columns and 3184 nonzeros
Model fingerprint: 0xdc59445a
Variable types: 62 continuous, 639 integer (638 binary)
Coefficient statistics:
  Matrix range     [1e+00, 1e+06]
  Objective range  [1e+00, 1e+00]
  Bounds range     [1e+00, 1e+00]
  RHS range        [1e+00, 3e+06]

Warning: Completing partial solution with 615 unfixed non-continuous variables out of 639
User MIP start did not produce a new incumbent solution
User MIP start violates constraint initial_start_time_job0_stage0_machine2_constraint by 420.000000000

Presolve removed 72 rows and 392 columns
Presolve time: 0.00s
Presolved: 658 rows, 309 columns, 3078 nonzeros
Variable types: 62 continuous, 247 integer (246 binary)
Found heuristic solution: objective 26266.000000

Root relaxation: objective 6.832000e+03, 141 iterations, 0.00 seconds (0.00 work units)

    Nodes    |    Current Node    |     Objective Bounds      |     Work
 Expl Unexpl |  Obj  Depth IntInf | Incumbent    BestBd   Gap | It/Node Time

     0     0 6832.00000    0   44 26266.0000 6832.00000  74.0%     -    0s
Another try with MIP start
H    0     0                    15314.000000 6832.00000  55.4%     -    0s
H    0     0                    13670.000000 6896.47518  49.6%     -    0s
     0     0 6955.03245    0   48 13670.0000 6955.03245  49.1%     -    0s
     0     0 6955.03245    0   46 13670.0000 6955.03245  49.1%     -    0s
     0     0 6955.03245    0   45 13670.0000 6955.03245  49.1%     -    0s
     0     0 6955.03245    0   49 13670.0000 6955.03245  49.1%     -    0s
     0     0 6955.03245    0   46 13670.0000 6955.03245  49.1%     -    0s
     0     0 6955.03245    0   46 13670.0000 6955.03245  49.1%     -    0s
     0     0 6955.03245    0   46 13670.0000 6955.03245  49.1%     -    0s
     0     0 6955.03245    0   45 13670.0000 6955.03245  49.1%     -    0s
H    0     0                    13289.000000 6955.03245  47.7%     -    0s
     0     0 6955.03245    0   44 13289.0000 6955.03245  47.7%     -    0s
     0     0 6955.03245    0   44 13289.0000 6955.03245  47.7%     -    0s
     0     0 6955.03245    0   44 13289.0000 6955.03245  47.7%     -    0s
     0     0 6955.03245    0   43 13289.0000 6955.03245  47.7%     -    0s
     0     0 6955.03245    0   46 13289.0000 6955.03245  47.7%     -    0s
     0     0 6955.03245    0   45 13289.0000 6955.03245  47.7%     -    0s
     0     0 6958.41237    0   44 13289.0000 6958.41237  47.6%     -    0s
     0     0 6958.41237    0   45 13289.0000 6958.41237  47.6%     -    0s
     0     0 6958.41237    0   45 13289.0000 6958.41237  47.6%     -    0s
     0     0 6958.41237    0   46 13289.0000 6958.41237  47.6%     -    0s
     0     0 6958.41237    0   48 13289.0000 6958.41237  47.6%     -    0s
     0     0 6958.41237    0   49 13289.0000 6958.41237  47.6%     -    0s
     0     0 6963.10490    0   42 13289.0000 6963.10490  47.6%     -    0s
     0     0 6963.10490    0   48 13289.0000 6963.10490  47.6%     -    0s
H    0     0                    13243.000000 6963.10490  47.4%     -    0s
     0     0 6966.11314    0   39 13243.0000 6966.11314  47.4%     -    0s
H    0     0                    13023.000000 6966.11314  46.5%     -    0s
     0     0 6972.88378    0   40 13023.0000 6972.88378  46.5%     -    0s
     0     0 6975.71067    0   41 13023.0000 6975.71067  46.4%     -    0s
     0     0 6979.18128    0   47 13023.0000 6979.18128  46.4%     -    0s
     0     0 6979.18128    0   51 13023.0000 6979.18128  46.4%     -    0s
     0     0 6979.18128    0   43 13023.0000 6979.18128  46.4%     -    0s
     0     2 6979.18128    0   39 13023.0000 6979.18128  46.4%     -    0s
H   72    52                    13021.000000 6979.18128  46.4%  24.1    0s
H   81    60                    12948.000000 6979.18128  46.1%  22.7    0s
H  130    89                    12938.000000 6979.18128  46.1%  18.9    0s
H  188   129                    12565.000000 6979.18128  44.5%  16.1    0s
H  383   237                    12525.000000 6979.18128  44.3%  11.8    0s
H  577   341                    12421.000000 6979.18128  43.8%  10.5    1s
H 5071  2012                    12327.000000 7213.71550  41.5%   2.5    2s
H 5072  1941                    12320.000000 7213.71550  41.4%   2.5    2s
 41526 18329 8694.00000   36   32 12320.0000 7213.71550  41.4%   4.4    5s
 63307 26843 7348.04599   61   45 12320.0000 7231.52940  41.3%   4.7   10s
 127003 48292 9365.18148   75   30 12320.0000 8350.11617  32.2%   6.7   15s
 196529 87193 11290.0813  101   14 12320.0000 8619.92969  30.0%   7.1   20s
*240407 113347             120    12309.000000 8723.29851  29.1%   7.2   23s
 258982 123235 12299.0000   97    6 12309.0000 8791.71982  28.6%   7.3   25s
H265652 122094                    12227.000000 8813.19859  27.9%   7.3   25s
*287551 132997             123    12224.000000 8872.49137  27.4%   7.4   28s
 307330 142053 11711.3849   81   16 12224.0000 8916.99190  27.1%   7.5   30s
H314006 134594                    12081.000000 8931.80863  26.1%   7.5   30s
H314346 129464                    12010.000000 8931.80863  25.6%   7.5   31s
 348357 143813 10196.2983   75   23 12010.0000 9007.55896  25.0%   7.6   35s
 399749 164378 9630.41518   77   33 12010.0000 9108.54892  24.2%   7.8   40s
 449261 184657 10153.6810   73   30 12010.0000 9186.50977  23.5%   7.9   45s
 485999 202058 11820.0000   90   12 12010.0000 9235.73013  23.1%   7.9   50s
 534397 219073 9686.98539   75   31 12010.0000 9293.78923  22.6%   8.0   55s
 576566 235107 11587.3415   83   19 12010.0000 9342.62837  22.2%   8.0   60s
 619296 251473 infeasible   93      12010.0000 9383.92352  21.9%   8.0   65s
 657461 265838 11763.8951   88   11 12010.0000 9421.04998  21.6%   8.1   70s
 696821 279370 9504.41427   80   31 12010.0000 9454.53199  21.3%   8.1   75s
 729166 291826 infeasible   85      12010.0000 9480.60063  21.1%   8.1   80s
 766485 305579 infeasible   99      12010.0000 9507.21142  20.8%   8.2   85s
 805521 319703 11124.7002   77   27 12010.0000 9536.35581  20.6%   8.2   90s
 844812 334112     cutoff   76      12010.0000 9562.64712  20.4%   8.2   95s
 884028 347963 11615.9723   82   18 12010.0000 9588.35321  20.2%   8.2  100s
 923398 362271 infeasible   92      12010.0000 9610.58664  20.0%   8.2  105s
 961374 374824 11520.1939   82   19 12010.0000 9630.42487  19.8%   8.2  110s
 1001059 388499 11687.3602   99   11 12010.0000 9650.98969  19.6%   8.2  115s
 1037920 401439 10524.0287   76   29 12010.0000 9670.71563  19.5%   8.2  120s
 1073420 412473 9689.00000   88   24 12010.0000 9688.80317  19.3%   8.3  125s
 1108802 424761 11621.8928   83   21 12010.0000 9705.86196  19.2%   8.3  130s
 1147776 436573 9793.79858   77   35 12010.0000 9722.76718  19.0%   8.3  135s
 1163810 442250 11771.9383   86   15 12010.0000 9729.20582  19.0%   8.3  140s
 1196170 452675 11521.0000   97   13 12010.0000 9743.34023  18.9%   8.3  145s
 1230285 463426 10376.8947   77   20 12010.0000 9756.83467  18.8%   8.3  150s
 1263566 473850 10607.0870   95   20 12010.0000 9771.19693  18.6%   8.3  155s
 1295334 484236 infeasible   88      12010.0000 9781.79485  18.6%   8.3  160s
 1324412 493218 11863.1191   85   13 12010.0000 9791.30924  18.5%   8.3  165s
 1359581 504011 infeasible   90      12010.0000 9803.54534  18.4%   8.3  170s
 1394380 514787 11253.0000   86   21 12010.0000 9815.38505  18.3%   8.4  175s
H1408675 482521                    11861.000000 9819.60294  17.2%   8.4  177s
H1411791 453703                    11769.000000 9821.13232  16.6%   8.4  178s
 1422325 456690 10452.0000   86   17 11769.0000 9825.12934  16.5%   8.4  180s
 1454266 465322 9871.00000   98   25 11769.0000 9837.62523  16.4%   8.4  185s
 1487048 474059 11458.8335   90   15 11769.0000 9850.35184  16.3%   8.4  190s
 1515736 480920 10512.0000   91   19 11769.0000 9861.54306  16.2%   8.4  195s
 1548337 488713 infeasible   91      11769.0000 9873.27984  16.1%   8.4  200s
 1581456 497168 10826.2222   75   19 11769.0000 9884.87690  16.0%   8.4  205s
 1612922 505204 11360.5184   94   13 11769.0000 9895.40397  15.9%   8.4  210s
 1640849 511639 11428.0132   93   19 11769.0000 9904.68497  15.8%   8.5  215s
 1670796 519344 9921.72779   79   23 11769.0000 9914.57339  15.8%   8.5  220s
 1682594 524979 11632.2144   87   14 11769.0000 9918.31295  15.7%   8.5  226s
 1706954 527396 11665.3895   91   23 11769.0000 9925.58036  15.7%   8.5  230s
 1733917 534114 11323.4705   93   16 11769.0000 9934.60085  15.6%   8.5  235s
 1765625 541402 11631.0000  104    7 11769.0000 9943.87107  15.5%   8.5  240s
 1791450 547659 11200.0294   86   17 11769.0000 9951.49621  15.4%   8.5  245s
 1821732 554723 10580.8708   89   20 11769.0000 9960.68136  15.4%   8.5  250s
 1848774 561002 10873.0000   94   14 11769.0000 9969.00000  15.3%   8.6  255s
 1879195 568513 10023.0000   76   29 11769.0000 9977.13098  15.2%   8.6  260s
 1908856 575895 11385.4506   97   20 11769.0000 9984.36262  15.2%   8.6  265s
 1935641 581571 11151.8944   89   21 11769.0000 9991.29988  15.1%   8.6  270s
 1955437 586090 10972.9423   76   18 11769.0000 9996.51851  15.1%   8.6  275s
 1982652 591887 11200.3735   85   30 11769.0000 10003.0710  15.0%   8.6  280s
 2009244 598108 11548.7841   92   15 11769.0000 10009.8879  14.9%   8.6  285s
 2038276 603888 11477.7017   83   19 11769.0000 10016.8200  14.9%   8.6  290s
 2064157 609881 11493.4576   79   18 11769.0000 10023.1760  14.8%   8.6  295s
 2092702 615622 11490.7043   85   22 11769.0000 10030.3713  14.8%   8.6  300s
 2121102 621995 10181.2207   75   35 11769.0000 10037.2615  14.7%   8.7  305s
 2145580 627217 infeasible  110      11769.0000 10043.0000  14.7%   8.7  310s
 2172308 632731 10437.8931  104   18 11769.0000 10050.0000  14.6%   8.7  315s
 2195895 637925 10949.1713   87   20 11769.0000 10055.5583  14.6%   8.7  320s
 2225534 644699 10973.2080  103   18 11769.0000 10061.7749  14.5%   8.7  325s
 2244734 648208 11654.0202   85   30 11769.0000 10066.2163  14.5%   8.7  330s
 2269509 653253 11646.9071   90   19 11769.0000 10072.0000  14.4%   8.7  335s
 2293730 658075 10867.8230   77   25 11769.0000 10078.0639  14.4%   8.7  340s
 2320329 662834     cutoff   88      11769.0000 10083.9217  14.3%   8.7  345s
 2343782 667158 10455.4479   73   31 11769.0000 10089.0000  14.3%   8.8  350s
 2368052 671703 infeasible  105      11769.0000 10093.8688  14.2%   8.8  355s
 2393177 675864 11308.1561   89   20 11769.0000 10099.5809  14.2%   8.8  360s
 2416425 679891 11278.6742   92   20 11769.0000 10105.0000  14.1%   8.8  365s
 2442326 684780 11552.4269   91   21 11769.0000 10110.7018  14.1%   8.8  370s
 2466910 689015 11251.2679   80   16 11769.0000 10115.5920  14.0%   8.8  375s
 2491819 693424 11311.3423   81   29 11769.0000 10120.4957  14.0%   8.8  380s
 2517230 697955 11257.0000   86   15 11769.0000 10125.3311  14.0%   8.8  385s
 2540301 701863 infeasible  113      11769.0000 10130.0000  13.9%   8.8  390s
 2563965 706193 11452.7353   80   19 11769.0000 10135.1903  13.9%   8.8  395s
 2589191 710664 infeasible   94      11769.0000 10140.3075  13.8%   8.8  400s
 2607391 713796 11561.0970   88   26 11769.0000 10144.1232  13.8%   8.8  405s
 2628336 716984 11237.1689   90   19 11769.0000 10148.4488  13.8%   8.8  410s
 2650441 720586 11598.3515   79   17 11769.0000 10152.9973  13.7%   8.9  415s
 2672023 724098 10501.7716  100   18 11769.0000 10157.4852  13.7%   8.9  420s
 2695025 727936 10477.3721   80   25 11769.0000 10162.3821  13.7%   8.9  425s
 2718125 731843 11183.0000   80   22 11769.0000 10167.0113  13.6%   8.9  430s
 2742800 736331 infeasible  106      11769.0000 10171.7387  13.6%   8.9  435s
 2766140 740272     cutoff   79      11769.0000 10176.2938  13.5%   8.9  440s
 2791250 744911 10329.5697   77   31 11769.0000 10180.8708  13.5%   8.9  445s
 2814317 749006 infeasible   80      11769.0000 10185.0167  13.5%   8.9  450s
 2840611 753392 11616.1017   78   18 11769.0000 10189.8297  13.4%   8.9  455s
 2864642 757528     cutoff   72      11769.0000 10194.2489  13.4%   8.9  460s
 2886591 761274 11231.0375   82   19 11769.0000 10198.1473  13.3%   8.9  465s
 2910221 765130 10294.4357  100   18 11769.0000 10202.8516  13.3%   8.9  470s
 2933644 768897 11714.5923   83   18 11769.0000 10207.1565  13.3%   8.9  475s
 2959642 773523 10798.6990   93   18 11769.0000 10212.1330  13.2%   8.9  480s
 2984520 777754 11382.2953   86   21 11769.0000 10216.5846  13.2%   8.9  485s
 3008233 781825 11685.0000  105    6 11769.0000 10220.9550  13.2%   8.9  490s
 3025777 784371 10322.6543   96   17 11769.0000 10223.9754  13.1%   8.9  495s
 3045647 787446 infeasible   80      11769.0000 10227.3037  13.1%   9.0  500s
 3066950 790654 10421.9492   84   23 11769.0000 10231.0974  13.1%   9.0  505s
 3088496 793820 11090.0144   82   24 11769.0000 10235.0000  13.0%   9.0  510s
 3109345 796906 10615.8595   81   18 11769.0000 10238.8760  13.0%   9.0  515s
 3130010 800265 infeasible   90      11769.0000 10242.3770  13.0%   9.0  520s
 3152656 803886 infeasible   82      11769.0000 10246.0467  12.9%   9.0  525s
 3177051 808100 infeasible  107      11769.0000 10249.9831  12.9%   9.0  530s
 3198343 812315 11270.2395   82   33 11769.0000 10253.3465  12.9%   9.0  535s
 3219972 815388 10951.2292   82   20 11769.0000 10256.7269  12.8%   9.0  540s
 3241003 818656 10974.8452   89   19 11769.0000 10260.2139  12.8%   9.0  545s
 3262372 821602 11228.3528   86   11 11769.0000 10263.6943  12.8%   9.0  550s
 3281401 824225 10677.4084   88   20 11769.0000 10267.0000  12.8%   9.0  555s
 3304161 827881 11390.4913   86   18 11769.0000 10270.7798  12.7%   9.0  560s
 3328047 831779 11367.4790   87   24 11769.0000 10274.3699  12.7%   9.0  565s
 3353410 836078 11526.1292   82   20 11769.0000 10278.0000  12.7%   9.0  570s
 3375277 839088 11234.0187   77   14 11769.0000 10281.7409  12.6%   9.0  575s
 3394757 842467 10438.3332   80   26 11769.0000 10284.5851  12.6%   9.0  580s
 3417633 845691 infeasible   95      11769.0000 10287.9199  12.6%   9.0  585s
 3440847 848964 11565.3928   87   22 11769.0000 10291.4620  12.6%   9.0  590s
 3462126 852169     cutoff   89      11769.0000 10294.6591  12.5%   9.0  595s
 3485707 855707 11130.0620   85   23 11769.0000 10298.0000  12.5%   9.0  600s
 3506438 858650 11278.0673   94   12 11769.0000 10301.0000  12.5%   9.0  605s
 3527233 861454 11240.0000  106   16 11769.0000 10304.0000  12.4%   9.0  610s
 3548194 864287 10723.0000   95   11 11769.0000 10307.0000  12.4%   9.0  615s
 3563308 866698 10371.7965   80   23 11769.0000 10309.2832  12.4%   9.0  620s
 3585688 869690 10369.2452   78   30 11769.0000 10312.8571  12.4%   9.1  625s
 3605114 872466 11565.8131   94   16 11769.0000 10316.0000  12.3%   9.1  630s
 3619343 874524 11310.2244   94   15 11769.0000 10318.0000  12.3%   9.1  635s
 3639011 877196 infeasible   87      11769.0000 10321.1890  12.3%   9.1  640s
 3660813 880305 10417.3564   85   20 11769.0000 10324.6463  12.3%   9.1  645s
 3680457 883050 infeasible   82      11769.0000 10327.7421  12.2%   9.1  650s
 3699909 885615 infeasible   86      11769.0000 10330.6764  12.2%   9.1  655s
 3719627 888408 11432.7075   83   18 11769.0000 10333.5305  12.2%   9.1  660s
 3739680 891116 11557.4631   85   16 11769.0000 10336.6534  12.2%   9.1  665s
 3759187 893637 10558.2085   80   22 11769.0000 10339.6349  12.1%   9.1  670s
 3778596 896007 10798.6810   80   27 11769.0000 10342.8046  12.1%   9.1  675s
 3799707 899606 infeasible   81      11769.0000 10345.6622  12.1%   9.1  680s
 3821606 902050 10809.9620   96   19 11769.0000 10348.8461  12.1%   9.1  685s
 3839648 904200 11030.0000   91   12 11769.0000 10351.0000  12.0%   9.1  690s
 3859683 906683 10903.4163   81   24 11769.0000 10354.1592  12.0%   9.1  695s
 3880876 909742 10891.4811   91   14 11769.0000 10357.1768  12.0%   9.1  700s
 3900229 912293 infeasible   90      11769.0000 10360.0000  12.0%   9.1  705s
 3920622 915132 10410.5655   81   32 11769.0000 10362.9573  11.9%   9.1  710s
 3941265 918220 infeasible   80      11769.0000 10365.3714  11.9%   9.1  715s
 3961106 920325 10889.3608   88   18 11769.0000 10367.8854  11.9%   9.1  720s
 3979597 922818 infeasible   80      11769.0000 10370.1325  11.9%   9.1  725s
 4000953 925724 11292.6011   92   15 11769.0000 10373.0944  11.9%   9.1  730s
 4020007 928616 11701.0127   91   13 11769.0000 10375.6753  11.8%   9.1  735s
 4040548 931293 11422.2107   85   17 11769.0000 10378.3441  11.8%   9.1  740s
 4056728 933428 11658.0000   90   11 11769.0000 10380.4400  11.8%   9.1  745s
 4075656 935752 infeasible   87      11769.0000 10382.9616  11.8%   9.1  750s
 4096469 938281 10582.5612   74   32 11769.0000 10385.7436  11.8%   9.1  755s
 4114974 940579 infeasible   94      11769.0000 10388.0000  11.7%   9.1  760s
 4134303 942941 infeasible   90      11769.0000 10390.7763  11.7%   9.2  765s
 4155228 945952 10399.0000   86   28 11769.0000 10393.3680  11.7%   9.2  770s
 4174249 948512 11353.0040   86   14 11769.0000 10396.0000  11.7%   9.2  775s
 4191953 950556 infeasible   79      11769.0000 10398.1848  11.6%   9.2  780s
 4210526 952498 11039.6850   92   21 11769.0000 10400.8842  11.6%   9.2  785s
 4230409 955046 infeasible   94      11769.0000 10403.2088  11.6%   9.2  790s
 4250509 957339 11366.3584   84   23 11769.0000 10406.0000  11.6%   9.2  795s
 4267341 959474 10909.3439   85   20 11769.0000 10408.2571  11.6%   9.2  800s
 4288115 962078 10427.7036   99   15 11769.0000 10411.0000  11.5%   9.2  805s
 4305903 964113 11278.7282   75   22 11769.0000 10413.1967  11.5%   9.2  810s
 4324303 966351 10916.9970   80   32 11769.0000 10415.6126  11.5%   9.2  815s
 4343640 968539 10999.1702   86   17 11769.0000 10417.9160  11.5%   9.2  820s
 4355860 970061     cutoff   83      11769.0000 10419.2332  11.5%   9.2  825s
 4373379 972105 11559.6143   95   12 11769.0000 10421.6556  11.4%   9.2  830s
 4392735 974295 infeasible   86      11769.0000 10423.9093  11.4%   9.2  835s
 4409596 976185 10449.4674   91   22 11769.0000 10425.9813  11.4%   9.2  840s
 4428243 978286 infeasible   90      11769.0000 10428.1622  11.4%   9.2  845s
 4444773 980038 11497.8908   88   17 11769.0000 10430.4130  11.4%   9.2  850s
 4464684 982271 infeasible   92      11769.0000 10432.8853  11.4%   9.2  855s
 4482352 984172 10811.8351   78   26 11769.0000 10435.1065  11.3%   9.2  860s
 4498764 985779 10505.5808   78   28 11769.0000 10437.5844  11.3%   9.2  865s
 4517866 988004 10448.0000   93   16 11769.0000 10440.0000  11.3%   9.2  870s
 4535284 989731 infeasible   82      11769.0000 10442.0761  11.3%   9.2  875s
 4553300 991704 10790.5993   88   17 11769.0000 10444.5421  11.3%   9.2  880s
 4571412 993584 11456.8769   99   19 11769.0000 10447.0000  11.2%   9.2  885s
 4591000 995597 11173.5119   81   18 11769.0000 10449.4792  11.2%   9.2  890s
 4607839 997528 infeasible   98      11769.0000 10451.5658  11.2%   9.2  895s
 4626469 999657 10977.8640   88   17 11769.0000 10454.0000  11.2%   9.2  900s
 4645464 1001799 infeasible   89      11769.0000 10456.1210  11.2%   9.2  905s
 4663487 1004147 infeasible  106      11769.0000 10458.4194  11.1%   9.2  910s
 4682536 1006086 11125.7786   78   14 11769.0000 10460.4181  11.1%   9.2  916s
 4696643 1007636 infeasible   85      11769.0000 10462.2147  11.1%   9.2  920s
 4712774 1009372 10659.9265   95   20 11769.0000 10464.5583  11.1%   9.2  925s
 4731151 1011169 infeasible   77      11769.0000 10466.9893  11.1%   9.2  930s
 4748097 1012977 11358.3590  100   10 11769.0000 10469.0000  11.0%   9.2  935s
 4767174 1014985 10500.9189   94   24 11769.0000 10471.1516  11.0%   9.2  940s
 4784865 1016751 11012.4124   81   28 11769.0000 10473.3405  11.0%   9.2  945s
 4801769 1018667 11168.4293   90   14 11769.0000 10475.4293  11.0%   9.2  950s
 4820560 1020525 11664.5709   86   19 11769.0000 10477.7160  11.0%   9.3  955s
 4837831 1022240 11709.0000   99    6 11769.0000 10479.9129  11.0%   9.3  960s
 4854443 1023885 10533.0000   82   24 11769.0000 10482.0000  10.9%   9.3  965s
 4873338 1025730 infeasible   93      11769.0000 10484.1152  10.9%   9.3  970s
 4890414 1027303 10602.7545   87   23 11769.0000 10486.2157  10.9%   9.3  975s
 4901605 1028445 infeasible   83      11769.0000 10487.5857  10.9%   9.3  980s
 4919441 1030161 11059.4943   90   23 11769.0000 10489.9051  10.9%   9.3  985s
 4936682 1031744 11725.0000   85   13 11769.0000 10492.0000  10.9%   9.3  990s
 4951326 1032873 10959.5330   82   21 11769.0000 10493.6449  10.8%   9.3  995s
 4967687 1034603 10591.9245   92   19 11769.0000 10495.7659  10.8%   9.3 1000s
 4985099 1036276 11681.2177  101   12 11769.0000 10497.9366  10.8%   9.3 1005s
 5000302 1037732 11714.2256   85   21 11769.0000 10499.6995  10.8%   9.3 1010s
 5017916 1039469 10779.5934   80   20 11769.0000 10501.6574  10.8%   9.3 1015s
 5036362 1041100 10570.2478   82   28 11769.0000 10503.8114  10.8%   9.3 1020s
 5054001 1042772 infeasible   86      11769.0000 10505.7183  10.7%   9.3 1025s
 5071500 1044254 11121.2768   85   21 11769.0000 10507.7813  10.7%   9.3 1030s
 5086401 1045558 10510.0013   90   16 11769.0000 10509.1602  10.7%   9.3 1035s
 5104190 1047112 10546.0661   83   24 11769.0000 10511.1483  10.7%   9.3 1040s
 5121581 1048704 10982.3586   80   22 11769.0000 10513.4220  10.7%   9.3 1045s
 5138644 1050342 infeasible   86      11769.0000 10515.3901  10.7%   9.3 1050s
 5156354 1051612 11454.6962   81   17 11769.0000 10517.4838  10.6%   9.3 1055s
 5173420 1053091 10902.4516   78   26 11769.0000 10519.6198  10.6%   9.3 1060s
 5191575 1054560 infeasible   93      11769.0000 10521.7100  10.6%   9.3 1065s
 5208920 1055977 infeasible   81      11769.0000 10523.7467  10.6%   9.3 1070s
 5216610 1057927 infeasible   90      11769.0000 10524.5660  10.6%   9.3 1080s
 5240598 1058738 11512.0000   94   11 11769.0000 10526.4337  10.6%   9.3 1085s
 5255504 1060151 11303.7005   88   23 11769.0000 10528.1900  10.5%   9.3 1090s
 5273014 1061817 infeasible   94      11769.0000 10530.1292  10.5%   9.3 1095s
 5288026 1063111 11143.4235   87   22 11769.0000 10531.9383  10.5%   9.3 1100s
 5304322 1064774 10808.1546   85   22 11769.0000 10533.5927  10.5%   9.3 1105s
 5319307 1066230 11515.0000   86   10 11769.0000 10535.0000  10.5%   9.3 1110s
 5336490 1067855 10589.0000   99   20 11769.0000 10537.0000  10.5%   9.3 1115s
 5353932 1069349 10545.5276   89   12 11769.0000 10538.9025  10.5%   9.3 1120s
 5363995 1070258 11377.8690   95   22 11769.0000 10540.0000  10.4%   9.3 1125s
 5379111 1071724 10542.4280   86   21 11769.0000 10541.8130  10.4%   9.3 1130s
 5396831 1073388 11365.4927   92   22 11769.0000 10543.6679  10.4%   9.3 1135s
 5411633 1074635 infeasible   89      11769.0000 10545.0994  10.4%   9.3 1140s
 5429189 1076179 11318.5488   84   22 11769.0000 10547.3746  10.4%   9.3 1145s
 5443990 1077402 infeasible  101      11769.0000 10549.0000  10.4%   9.3 1150s
 5460905 1078870 infeasible  104      11769.0000 10550.9489  10.3%   9.3 1155s
 5478333 1080339 11239.1590   88   13 11769.0000 10552.7886  10.3%   9.3 1160s
 5493266 1081652     cutoff   79      11769.0000 10554.4535  10.3%   9.3 1165s
 5508518 1082884 infeasible   99      11769.0000 10556.1720  10.3%   9.3 1170s
 5526258 1084594 infeasible  115      11769.0000 10558.0000  10.3%   9.3 1175s
 5541102 1086048 11676.1090   95   13 11769.0000 10559.5854  10.3%   9.3 1180s
 5558309 1087419 11044.0836   79   27 11769.0000 10561.5628  10.3%   9.3 1185s
 5573959 1088707 infeasible  105      11769.0000 10563.0947  10.2%   9.3 1190s
 5589738 1089982 10582.3540   94   18 11769.0000 10565.0000  10.2%   9.3 1195s
 5604860 1091154 10622.4004   80   24 11769.0000 10566.6209  10.2%   9.3 1200s
 5620001 1092424 11376.0000  103   10 11769.0000 10568.2511  10.2%   9.3 1205s
 5637718 1093938 infeasible   94      11769.0000 10570.0653  10.2%   9.3 1210s
 5653083 1095085 infeasible   88      11769.0000 10571.8708  10.2%   9.3 1215s
 5670578 1096715 11649.5498   88   16 11769.0000 10573.5368  10.2%   9.3 1220s
 5685363 1097855 11388.5596   80   24 11769.0000 10575.1433  10.1%   9.3 1225s
 5702593 1099273 infeasible   93      11769.0000 10576.9763  10.1%   9.3 1230s
 5720001 1100816 10722.0000   95   13 11769.0000 10578.6285  10.1%   9.3 1236s
 5730411 1101761 10732.4619   79   26 11769.0000 10579.7051  10.1%   9.3 1240s
 5745266 1103054 infeasible   86      11769.0000 10581.0000  10.1%   9.3 1245s
 5762685 1104580 infeasible   94      11769.0000 10582.9822  10.1%   9.3 1250s
 5778106 1105887 11432.5061   78   28 11769.0000 10584.5797  10.1%   9.3 1255s
 5795036 1107455 infeasible   95      11769.0000 10586.1429  10.1%   9.3 1260s
 5810123 1108798 10755.8781   83   28 11769.0000 10587.5757  10.0%   9.3 1265s
 5827047 1110228 11199.3517   95   11 11769.0000 10589.1500  10.0%   9.3 1270s
 5842459 1111431 10620.3775   95   17 11769.0000 10590.9334  10.0%   9.3 1275s
 5860030 1113003 10859.5378   88   22 11769.0000 10592.7634  10.0%   9.4 1280s
 5875651 1114076 11313.0637   74   24 11769.0000 10594.0000  10.0%   9.4 1285s
 5890561 1115215 infeasible   94      11769.0000 10595.6127  10.0%   9.4 1290s
 5906042 1116414 11636.9861   88   24 11769.0000 10597.0000  10.0%   9.4 1295s
 5923535 1117715 infeasible   93      11769.0000 10599.0000  9.94%   9.4 1300s
 5938895 1118939 11206.6100  102   13 11769.0000 10600.3316  9.93%   9.4 1305s
 5953961 1120116 11685.1979   85   27 11769.0000 10601.8993  9.92%   9.4 1310s
 5971540 1121613 10709.4264   81   19 11769.0000 10603.5993  9.90%   9.4 1315s
 5986459 1122720 11211.1890   80   21 11769.0000 10605.0000  9.89%   9.4 1320s
 6001499 1123751 11741.6018   87   21 11769.0000 10606.6897  9.88%   9.4 1325s
 6016903 1124912 infeasible   89      11769.0000 10608.1053  9.86%   9.4 1330s
 6031867 1125919 10617.7036  101   12 11769.0000 10609.7316  9.85%   9.4 1335s
 6049407 1127186 infeasible   86      11769.0000 10611.5568  9.83%   9.4 1340s
 6064816 1128164 11314.9159   91   11 11769.0000 10613.0000  9.82%   9.4 1345s
 6080101 1129409 11198.3995   90   15 11769.0000 10614.4368  9.81%   9.4 1350s
 6095464 1130617 11518.6770   81   30 11769.0000 10615.9141  9.80%   9.4 1355s
 6112055 1132180 10894.0557   81   23 11769.0000 10617.5237  9.78%   9.4 1360s
 6127281 1133261 11133.7817  103    6 11769.0000 10618.9875  9.77%   9.4 1365s
 6144720 1134741 11590.0000   93    7 11769.0000 10620.7002  9.76%   9.4 1370s
 6158111 1135831 10828.8381   94   16 11769.0000 10622.0000  9.75%   9.4 1375s
 6173581 1137110 infeasible   99      11769.0000 10623.2811  9.74%   9.4 1380s
 6188325 1138049     cutoff   78      11769.0000 10624.7760  9.72%   9.4 1385s
 6203938 1139276 11011.4837   85   13 11769.0000 10626.2564  9.71%   9.4 1390s
 6216080 1140371 infeasible   75      11769.0000 10627.4325  9.70%   9.4 1395s
 6231838 1141658 11419.2629   80   16 11769.0000 10628.8943  9.69%   9.4 1400s
 6246789 1142697 infeasible   92      11769.0000 10630.1473  9.68%   9.4 1405s
 6261223 1143796 10646.7640   83   29 11769.0000 10631.5889  9.66%   9.4 1410s
 6278674 1145013 10738.1152   85   20 11769.0000 10633.1146  9.65%   9.4 1415s
 6293455 1146019 11129.9130  102   12 11769.0000 10634.4167  9.64%   9.4 1420s
 6308510 1147281 11727.0000   86   14 11769.0000 10635.9085  9.63%   9.4 1425s
 6323138 1148401 infeasible   82      11769.0000 10637.0000  9.62%   9.4 1430s
 6338368 1149507 11401.0000  101    6 11769.0000 10638.0000  9.61%   9.4 1435s
 6352229 1150374 11176.6115   81   30 11769.0000 10639.6987  9.60%   9.4 1440s
 6369710 1151648 10641.8494   87   23 11769.0000 10641.1604  9.58%   9.4 1445s
 6384974 1152673     cutoff   82      11769.0000 10642.6046  9.57%   9.4 1450s
 6399676 1153740 infeasible   99      11769.0000 10644.0000  9.56%   9.4 1455s
 6414361 1154931 11733.0978   95   18 11769.0000 10645.1572  9.55%   9.4 1460s
 6432394 1156064 10647.2909   90   19 11769.0000 10646.9474  9.53%   9.4 1465s
 6447074 1157170 11069.5190   92   19 11769.0000 10648.0494  9.52%   9.4 1470s
 6462110 1158194 infeasible   94      11769.0000 10649.4469  9.51%   9.4 1475s
 6477012 1159118 infeasible   82      11769.0000 10650.7709  9.50%   9.4 1480s
 6493419 1160248 11611.0000   92   12 11769.0000 10652.0197  9.49%   9.4 1485s
 6509337 1161366 11258.1603   91   12 11769.0000 10653.6201  9.48%   9.4 1490s
 6524353 1162351 infeasible   82      11769.0000 10654.9247  9.47%   9.4 1495s
 6537167 1163207 infeasible   92      11769.0000 10656.0000  9.46%   9.4 1500s
 6552997 1163926 infeasible   89      11769.0000 10657.5147  9.44%   9.4 1505s
 6567981 1164907 11639.0000  112    6 11769.0000 10658.9953  9.43%   9.4 1510s
 6582851 1165990 10709.0000   98   13 11769.0000 10660.0000  9.42%   9.4 1515s
 6598651 1167179 infeasible   86      11769.0000 10661.4057  9.41%   9.4 1520s
 6613629 1168099 10740.1515   98   21 11769.0000 10662.5560  9.40%   9.4 1525s
 6629866 1169086 infeasible   92      11769.0000 10664.0000  9.39%   9.4 1530s
 6645083 1169861 infeasible   82      11769.0000 10665.4549  9.38%   9.4 1535s
 6660361 1170962 10892.0000   86   17 11769.0000 10666.8783  9.36%   9.4 1540s
 6675146 1171760 11272.0551   85   16 11769.0000 10668.1844  9.35%   9.4 1546s
 6680071 1172280 11318.0000   87   20 11769.0000 10668.7844  9.35%   9.4 1550s
 6693207 1173059 11675.8989  101   13 11769.0000 10669.8989  9.34%   9.4 1555s
 6707824 1174019 11543.8210   86   17 11769.0000 10671.0000  9.33%   9.4 1560s
 6723422 1175047 10808.8712   80   29 11769.0000 10672.5377  9.32%   9.4 1565s
 6738984 1175872 11321.9279   86   15 11769.0000 10673.9955  9.30%   9.4 1570s
 6753697 1176649 11299.1235   86   30 11769.0000 10675.1781  9.29%   9.4 1575s
 6769161 1177674 10967.0000  100   16 11769.0000 10676.5993  9.28%   9.4 1580s
 6784288 1178487 11420.7841   95   16 11769.0000 10678.0000  9.27%   9.4 1585s
 6799025 1179399 infeasible   98      11769.0000 10679.3541  9.26%   9.4 1590s
 6814159 1180166 10979.0000   92   13 11769.0000 10680.8289  9.25%   9.4 1595s
 6830604 1181183 11660.0655   91   14 11769.0000 10682.0959  9.24%   9.4 1600s
 6843306 1181805 infeasible   79      11769.0000 10683.3754  9.22%   9.4 1605s
 6859061 1182669 10704.5356   90   11 11769.0000 10684.9100  9.21%   9.4 1610s
 6873121 1183420 infeasible   87      11769.0000 10686.0094  9.20%   9.4 1615s
 6886755 1184040 11228.2089   97   12 11769.0000 10687.3492  9.19%   9.4 1620s
 6901962 1184774 11150.2287   82   16 11769.0000 10688.7998  9.18%   9.4 1625s
 6917309 1185457 10985.0000   88   12 11769.0000 10690.0000  9.17%   9.4 1630s
 6927533 1186114 11296.9973   90   14 11769.0000 10691.0000  9.16%   9.4 1635s
 6942610 1187061 11545.7152   87   21 11769.0000 10692.3428  9.15%   9.4 1640s
 6957657 1188027 11136.0880   85   26 11769.0000 10693.7553  9.14%   9.4 1645s
 6972934 1188985 infeasible   95      11769.0000 10695.0000  9.13%   9.4 1650s
 6988121 1189915 11183.3081   84   20 11769.0000 10696.3955  9.11%   9.4 1655s
 7002866 1190536 10857.6160   81   21 11769.0000 10697.8072  9.10%   9.4 1660s
 7018030 1191392 10733.1769   86   21 11769.0000 10699.0000  9.09%   9.4 1665s
 7032989 1192164 11219.4052   84   13 11769.0000 10700.2968  9.08%   9.4 1670s
 7047734 1192776 infeasible   97      11769.0000 10701.7549  9.07%   9.4 1675s
 7060644 1193314 infeasible   98      11769.0000 10703.0000  9.06%   9.4 1680s
 7075270 1193997 11153.8219   90   24 11769.0000 10704.1537  9.05%   9.4 1685s
 7090691 1194847 10717.0000   88   28 11769.0000 10705.5583  9.04%   9.4 1690s
 7105561 1195714 11312.7590   87   26 11769.0000 10706.7569  9.03%   9.4 1695s
 7120388 1196312 infeasible   99      11769.0000 10708.0000  9.02%   9.4 1700s
 7135194 1197075 11682.0000   90    6 11769.0000 10709.1832  9.01%   9.4 1705s
 7149862 1197797 10999.0000   88   13 11769.0000 10710.4623  8.99%   9.4 1710s
 7164462 1198600     cutoff   77      11769.0000 10711.8567  8.98%   9.4 1715s
 7180041 1199213 infeasible   84      11769.0000 10713.0145  8.97%   9.4 1720s
 7195108 1200002 10718.8088   78   26 11769.0000 10714.1259  8.96%   9.4 1725s
 7210017 1200664 11206.1247   89   16 11769.0000 10715.4556  8.95%   9.4 1730s
 7225236 1201465 infeasible  101      11769.0000 10716.8866  8.94%   9.4 1735s
 7240213 1202227 10719.0000   93   18 11769.0000 10718.0000  8.93%   9.4 1740s
 7255200 1203029 11048.3733   79   25 11769.0000 10719.2014  8.92%   9.4 1745s
 7268101 1203409 10803.3122   80   24 11769.0000 10720.3537  8.91%   9.4 1750s
 7282628 1204091     cutoff   90      11769.0000 10721.8799  8.90%   9.4 1755s
 7297914 1204664 infeasible   96      11769.0000 10723.0659  8.89%   9.4 1760s
 7313460 1205511 11313.0000   99    7 11769.0000 10724.4102  8.88%   9.4 1765s
 7328435 1206304 11618.7218   80   13 11769.0000 10725.6121  8.87%   9.4 1770s
 7343688 1207035     cutoff   93      11769.0000 10727.0000  8.85%   9.4 1775s
 7355988 1207507 infeasible   96      11769.0000 10728.0000  8.85%   9.4 1780s
 7370972 1208064 11195.0000  103   11 11769.0000 10729.3774  8.83%   9.4 1785s
 7386610 1208756 10769.7667   80   28 11769.0000 10730.6784  8.82%   9.4 1791s
 7400475 1209339     cutoff   94      11769.0000 10731.9088  8.81%   9.4 1795s
 7415644 1210101 11704.0639   96   13 11769.0000 10733.0000  8.80%   9.4 1800s
 7427616 1210731 11691.3598   95   12 11769.0000 10734.1124  8.79%   9.4 1805s
 7443148 1211317 infeasible   82      11769.0000 10735.5695  8.78%   9.4 1811s
 7455659 1211734 infeasible  100      11769.0000 10736.6492  8.77%   9.4 1815s
 7471115 1212359 10759.4649   78   32 11769.0000 10738.0000  8.76%   9.4 1820s
 7483117 1212875 11688.0000   99    7 11769.0000 10739.0000  8.75%   9.4 1825s
 7499102 1213491 infeasible   94      11769.0000 10740.4874  8.74%   9.4 1830s
 7514233 1214285 11703.0000   77   20 11769.0000 10741.8410  8.73%   9.4 1835s
 7529408 1214781 11457.8643  100   18 11769.0000 10743.0000  8.72%   9.4 1840s
 7543451 1215219 infeasible   85      11769.0000 10744.0520  8.71%   9.4 1845s
 7556182 1215844 11162.2420   91   18 11769.0000 10745.0477  8.70%   9.4 1850s
 7571208 1216415 11696.0000   92   11 11769.0000 10746.3409  8.69%   9.4 1855s
 7586240 1216844 11345.0163   79   18 11769.0000 10747.7765  8.68%   9.4 1860s
 7597971 1217240 10751.2315   93   15 11769.0000 10748.6438  8.67%   9.4 1865s
 7614235 1217599 10822.5981   82   22 11769.0000 10750.0000  8.66%   9.4 1870s
 7626415 1218220 infeasible  101      11769.0000 10751.0000  8.65%   9.4 1875s
 7641985 1218790 infeasible   80      11769.0000 10752.1753  8.64%   9.4 1880s
 7652237 1219216 10917.9732   85   23 11769.0000 10753.0000  8.63%   9.4 1885s
 7664562 1219578 11372.7321   94   21 11769.0000 10754.0000  8.62%   9.4 1890s
 7679944 1220032 11417.9258   90   12 11769.0000 10755.3173  8.61%   9.4 1895s
 7692502 1220622 11669.1207   99    9 11769.0000 10756.2483  8.61%   9.4 1900s
 7707567 1221211 10762.0000   91   12 11769.0000 10757.4822  8.59%   9.4 1905s
 7723190 1221673 11661.0000   84   13 11769.0000 10758.7755  8.58%   9.4 1910s
 7738731 1222128 11009.3230   88   20 11769.0000 10760.0000  8.57%   9.4 1915s
 7751675 1222636 11704.5857   98   16 11769.0000 10761.0000  8.56%   9.4 1920s
 7766582 1223083 11454.9623   82   33 11769.0000 10762.0575  8.56%   9.4 1925s
 7779960 1223446 infeasible   99      11769.0000 10763.2059  8.55%   9.4 1930s
 7792590 1223937 11606.0000   91   12 11769.0000 10764.3982  8.54%   9.4 1935s
 7806983 1224503 11282.8084  100   16 11769.0000 10765.5975  8.53%   9.4 1940s
 7822251 1225012 10868.0000   92   15 11769.0000 10767.0000  8.51%   9.4 1945s
 7836557 1225480 infeasible   93      11769.0000 10768.0639  8.50%   9.4 1950s
 7850279 1225970 10926.1446   88   20 11769.0000 10769.2073  8.50%   9.4 1955s
 7865455 1226443 10784.7443   90   18 11769.0000 10770.5453  8.48%   9.4 1960s
 7880198 1227084 10809.7662   78   26 11769.0000 10771.8105  8.47%   9.4 1965s
 7894812 1227641 11204.0000   96    7 11769.0000 10773.0000  8.46%   9.4 1970s
 7907815 1228009 10774.4887   85   21 11769.0000 10774.0000  8.45%   9.4 1975s
 7922486 1228566 11427.5793   89   22 11769.0000 10775.0639  8.45%   9.4 1980s
 7937391 1229191 10781.3642   95   20 11769.0000 10776.3948  8.43%   9.4 1985s
 7949531 1229611 11554.9777   85   14 11769.0000 10777.2882  8.43%   9.4 1990s
 7964204 1230041 11697.2490   85   20 11769.0000 10778.6947  8.41%   9.4 1995s
 7976974 1230535 11393.6428   83   13 11769.0000 10779.7135  8.41%   9.4 2000s
 7992318 1230838 11704.5000   94   10 11769.0000 10781.0000  8.39%   9.4 2005s
 8006777 1231203 infeasible   78      11769.0000 10782.0387  8.39%   9.4 2010s
 8015312 1231613 infeasible  108      11769.0000 10783.0000  8.38%   9.4 2015s
 8028012 1232068 11194.0000   98   13 11769.0000 10783.9686  8.37%   9.4 2020s
 8043094 1232570 11271.0440   81   19 11769.0000 10785.0000  8.36%   9.4 2025s
 8055578 1233030 infeasible   86      11769.0000 10786.0000  8.35%   9.4 2030s
 8070166 1233485 infeasible   89      11769.0000 10787.1463  8.34%   9.4 2035s
 8085668 1233811 infeasible   87      11769.0000 10788.5895  8.33%   9.4 2040s
 8098242 1234102 11506.0839   83   14 11769.0000 10789.6947  8.32%   9.4 2045s
 8113593 1234427 infeasible  104      11769.0000 10791.0000  8.31%   9.4 2050s
 8126528 1234825 10920.7595   87   17 11769.0000 10792.0000  8.30%   9.4 2055s
 8141633 1235347 10798.0000   89   19 11769.0000 10793.1739  8.29%   9.4 2060s
 8154405 1235832 11581.6988   82   17 11769.0000 10794.1289  8.28%   9.4 2065s
 8169469 1236183 infeasible   88      11769.0000 10795.3658  8.27%   9.5 2070s
 8182613 1236490 11280.2725   97   14 11769.0000 10796.5236  8.26%   9.5 2075s
 8197514 1236988 infeasible   83      11769.0000 10797.7230  8.25%   9.5 2080s
 8204345 1237147 11302.7075   89   14 11769.0000 10798.1465  8.25%   9.5 2085s
 8218929 1237595 infeasible   81      11769.0000 10799.3833  8.24%   9.5 2090s
 8231988 1237814 infeasible   86      11769.0000 10800.5772  8.23%   9.5 2095s
 8247197 1238253 11287.6558   97   17 11769.0000 10801.8265  8.22%   9.5 2100s
 8259293 1238546 10806.0198  100   28 11769.0000 10802.7314  8.21%   9.5 2105s
 8274755 1238945 10828.0516   88   14 11769.0000 10804.0000  8.20%   9.5 2110s
 8289837 1239146 11665.4430   97   13 11769.0000 10805.1234  8.19%   9.5 2115s
 8302385 1239559 infeasible   95      11769.0000 10806.1591  8.18%   9.5 2120s
 8317848 1240050 11662.1077   92   19 11769.0000 10807.4808  8.17%   9.5 2125s
 8330724 1240626 11196.1029   78   29 11769.0000 10808.5147  8.16%   9.5 2130s
 8342982 1241063 11504.0453   90   18 11769.0000 10809.4028  8.15%   9.5 2135s
 8357999 1241690 11014.0000   97   16 11769.0000 10810.6800  8.14%   9.5 2140s
 8372875 1242251 10881.7849   81   21 11769.0000 10811.7280  8.13%   9.5 2145s
 8385581 1242662 10813.6687   83   25 11769.0000 10812.8182  8.12%   9.5 2151s
 8395608 1242780 infeasible   96      11769.0000 10813.4920  8.12%   9.5 2155s
 8408239 1243048 11180.3546   90   16 11769.0000 10814.5692  8.11%   9.5 2160s
 8422445 1243456 11434.1670   93   12 11769.0000 10815.7836  8.10%   9.5 2165s
 8436143 1243824 infeasible   98      11769.0000 10816.8769  8.09%   9.5 2170s
 8448912 1244149 11485.4913   90   16 11769.0000 10817.9019  8.08%   9.5 2175s
 8464159 1244541 11413.4544   87   15 11769.0000 10819.0000  8.07%   9.5 2180s
 8477217 1244885 11285.0000   95   12 11769.0000 10820.0000  8.06%   9.5 2185s
 8492243 1245166 11149.0313   88   19 11769.0000 10821.2860  8.05%   9.5 2190s
 8505270 1245441 11567.9466   88   21 11769.0000 10822.3713  8.04%   9.5 2195s
 8519802 1245557 11186.0000   95    9 11769.0000 10823.6153  8.03%   9.5 2200s
 8532647 1245931 11670.8833   87   26 11769.0000 10824.6905  8.02%   9.5 2205s
 8547848 1246475 infeasible   85      11769.0000 10825.9416  8.01%   9.5 2210s
 8561328 1246615 10935.0000   98    9 11769.0000 10827.0000  8.00%   9.5 2215s
 8573953 1246966 11701.6449   90   14 11769.0000 10828.0000  8.00%   9.5 2220s
 8589092 1247333 11202.5335  100   18 11769.0000 10829.0000  7.99%   9.5 2225s
 8601420 1247397 10843.0000   83   28 11769.0000 10830.0406  7.98%   9.5 2230s
 8616235 1247721 infeasible  101      11769.0000 10831.4494  7.97%   9.5 2235s
 8629100 1247857 11648.7958   82   15 11769.0000 10832.5373  7.96%   9.5 2240s
 8642102 1248106 11245.6596   86   19 11769.0000 10833.5854  7.95%   9.5 2245s
 8655492 1248327 11428.5514   83   19 11769.0000 10834.5611  7.94%   9.5 2250s
 8670589 1248609 11735.3527   81   20 11769.0000 10835.7724  7.93%   9.5 2255s
 8683134 1248667 infeasible   86      11769.0000 10836.8776  7.92%   9.5 2260s
 8697426 1248958 infeasible   99      11769.0000 10838.0000  7.91%   9.5 2265s
 8709964 1249273 10953.1499   91   18 11769.0000 10839.0000  7.90%   9.5 2270s
 8724563 1249751 10969.6362   99   22 11769.0000 10840.0000  7.89%   9.5 2275s
 8737437 1249935 infeasible   81      11769.0000 10841.0000  7.89%   9.5 2280s
 8751944 1250216 infeasible   89      11769.0000 10842.1600  7.88%   9.5 2285s
 8764377 1250476 11259.0000   98   14 11769.0000 10843.3572  7.87%   9.5 2290s
 8779511 1250753 infeasible   91      11769.0000 10844.5425  7.86%   9.5 2295s
 8791128 1251036 11295.8304   90   10 11769.0000 10845.4690  7.85%   9.5 2300s
 8806227 1251450 11562.0000   85   19 11769.0000 10846.6281  7.84%   9.5 2305s
 8818887 1251560 11309.9653   81   26 11769.0000 10847.6464  7.83%   9.5 2310s
 8834114 1251770 11159.8859   85   23 11769.0000 10848.8675  7.82%   9.5 2315s
 8845861 1251891 11342.4541   95   11 11769.0000 10849.6593  7.81%   9.5 2320s
 8861219 1251998 infeasible   93      11769.0000 10850.9483  7.80%   9.5 2325s
 8866224 1251486 infeasible   96      11769.0000 10851.1384  7.80%   9.5 2335s
 8886844 1251622 infeasible   90      11769.0000 10852.1675  7.79%   9.5 2340s
 8899974 1251703 11201.5594   92   15 11769.0000 10853.2094  7.78%   9.5 2345s
 8915471 1252098 11209.4597   82   20 11769.0000 10854.5583  7.77%   9.5 2350s
 8928777 1252367 infeasible   87      11769.0000 10855.5583  7.76%   9.5 2355s
 8936662 1252458 11580.0000   81   19 11769.0000 10856.0271  7.76%   9.5 2360s
 8950035 1252674 11515.0242   94   12 11769.0000 10857.1124  7.75%   9.5 2365s
 8965578 1252785 11640.5764   95    9 11769.0000 10858.3167  7.74%   9.5 2370s
 8977972 1253008 11524.5342   83   11 11769.0000 10859.3286  7.73%   9.5 2375s
 8991271 1253089 10986.7243   84   25 11769.0000 10860.3708  7.72%   9.5 2380s
 9006538 1253361 10924.8747   78   25 11769.0000 10861.5764  7.71%   9.5 2385s
 9019358 1253434 11649.7052   82   17 11769.0000 10862.5491  7.70%   9.5 2390s
 9034019 1253815 11572.0000   86    9 11769.0000 10863.6590  7.69%   9.5 2395s
 9046662 1254039 11413.6441  102   15 11769.0000 10864.6361  7.68%   9.5 2400s
 9059278 1254070 11483.0000   92   10 11769.0000 10865.5289  7.68%   9.5 2405s
 9075357 1254312 infeasible   95      11769.0000 10866.9222  7.66%   9.5 2410s
 9087957 1254348 11562.0000   91   13 11769.0000 10867.9593  7.66%   9.5 2415s
 9100492 1254637 11137.0000   97   10 11769.0000 10868.7757  7.65%   9.5 2420s
 9115656 1254908 11041.3773   82   17 11769.0000 10869.9073  7.64%   9.5 2425s
 9128181 1255119 11529.0530   78   14 11769.0000 10870.8554  7.63%   9.5 2430s
 9143866 1255199 infeasible   95      11769.0000 10872.0000  7.62%   9.5 2435s
 9156316 1255210 10891.0987   79   18 11769.0000 10873.0000  7.61%   9.5 2440s
 9171272 1255401 11321.3466   90   26 11769.0000 10874.0176  7.60%   9.5 2445s
 9183765 1255556 11441.4252   94   17 11769.0000 10875.0000  7.60%   9.5 2450s
 9193261 1255649 10983.0000   92   11 11769.0000 10875.8675  7.59%   9.5 2455s
 9206107 1255980 infeasible   97      11769.0000 10876.7057  7.58%   9.5 2460s
 9218776 1256176 11274.5390   99   11 11769.0000 10877.6916  7.57%   9.5 2465s
 9234225 1256443 11401.2090   83   14 11769.0000 10878.8069  7.56%   9.5 2470s
 9247007 1256499 infeasible   95      11769.0000 10879.7336  7.56%   9.5 2475s
 9259480 1256560 10918.2135   90   16 11769.0000 10880.6336  7.55%   9.5 2480s
 9273118 1256816 10885.8492   88   25 11769.0000 10881.6266  7.54%   9.5 2485s
 9288613 1256775 10896.0000   85   20 11769.0000 10882.8537  7.53%   9.5 2490s
 9300893 1256768 11354.3622   85   27 11769.0000 10883.7789  7.52%   9.5 2495s
 9315608 1256870 10945.2367   87   20 11769.0000 10884.8860  7.51%   9.5 2500s
 9328168 1256986 11381.1515   83   14 11769.0000 10885.7803  7.50%   9.5 2505s
 9343549 1257021 11396.9663   94   24 11769.0000 10886.9490  7.49%   9.5 2510s
 9355669 1257128 infeasible   82      11769.0000 10887.8479  7.49%   9.5 2515s
 9370190 1256991 11234.0639   97   13 11769.0000 10888.9291  7.48%   9.5 2521s
 9383073 1257003 11175.6202   82   24 11769.0000 10889.8491  7.47%   9.5 2525s
 9395644 1257057 10927.8673   81   17 11769.0000 10890.7878  7.46%   9.5 2530s
 9409676 1257169 infeasible   94      11769.0000 10891.8562  7.45%   9.5 2535s
 9422773 1257368 11323.6085   97   22 11769.0000 10892.7762  7.45%   9.5 2540s
 9435971 1257424 infeasible   95      11769.0000 10893.7325  7.44%   9.5 2545s
 9448449 1257551 11465.8130  104   10 11769.0000 10894.7079  7.43%   9.5 2550s
 9460599 1257371 10997.6536   94   15 11769.0000 10895.6093  7.42%   9.5 2555s
 9475828 1257516 11646.9515   95   16 11769.0000 10896.8101  7.41%   9.5 2560s
 9488670 1257703 11362.0000   93   17 11769.0000 10897.8199  7.40%   9.5 2565s
 9501756 1257855 11409.5630   87   24 11769.0000 10898.8130  7.39%   9.5 2570s
 9516201 1257917 11512.0000   92    8 11769.0000 10899.8714  7.38%   9.5 2576s
 9528350 1258045 infeasible   91      11769.0000 10900.7545  7.38%   9.5 2580s
 9541671 1258150 11205.1887   88   21 11769.0000 10901.7440  7.37%   9.5 2585s
 9554463 1258228 10920.3848   83   20 11769.0000 10902.7185  7.36%   9.5 2590s
 9566809 1258078 11396.8672   90   14 11769.0000 10903.6073  7.35%   9.5 2595s
 9580184 1258005 11371.2096   85   19 11769.0000 10904.6125  7.34%   9.5 2600s
 9595329 1257963 11548.0000   89   22 11769.0000 10905.8362  7.33%   9.5 2605s
 9608496 1257961 11664.2007   83   19 11769.0000 10906.7665  7.33%   9.5 2610s
 9620475 1257894 11633.0996   91   18 11769.0000 10907.5993  7.32%   9.5 2615s
 9633385 1257959 infeasible   77      11769.0000 10908.5402  7.31%   9.5 2620s
 9646420 1257852 infeasible   88      11769.0000 10909.5200  7.30%   9.5 2625s
 9660676 1257957 11255.2706   85   21 11769.0000 10910.6155  7.29%   9.5 2631s
 9671806 1258035 10992.8637   82   21 11769.0000 10911.2598  7.29%   9.5 2635s
 9684462 1257878 11015.2384   85   21 11769.0000 10912.2428  7.28%   9.5 2640s
 9699791 1257707 infeasible   99      11769.0000 10913.4137  7.27%   9.5 2645s
 9712062 1257703 infeasible   88      11769.0000 10914.2094  7.26%   9.5 2650s
 9723723 1257494 11268.3186   78   25 11769.0000 10915.0405  7.26%   9.5 2655s
 9738854 1257580 11696.5117  100   10 11769.0000 10916.0322  7.25%   9.5 2660s
 9751536 1257548     cutoff   92      11769.0000 10917.0000  7.24%   9.5 2665s
 9763656 1257519 11386.0000   94    8 11769.0000 10918.0000  7.23%   9.5 2670s
 9777069 1257439 11138.5085   87   16 11769.0000 10918.8995  7.22%   9.5 2675s
 9789627 1257457 11297.6128  102   11 11769.0000 10919.8618  7.22%   9.5 2680s
 9804923 1257361 11565.3934   86   18 11769.0000 10920.9538  7.21%   9.5 2685s
 9812091 1257334 infeasible   91      11769.0000 10921.2545  7.20%   9.5 2690s
 9827470 1257492 infeasible   90      11769.0000 10922.3585  7.19%   9.5 2696s
 9840331 1257542 11581.4239   88   15 11769.0000 10923.1226  7.19%   9.5 2700s
 9852778 1257693 infeasible   97      11769.0000 10924.0000  7.18%   9.5 2705s
 9865569 1257808 11410.0354   98    9 11769.0000 10925.0000  7.17%   9.5 2710s
 9880337 1257667     cutoff   89      11769.0000 10926.0000  7.16%   9.5 2715s
 9893721 1257789 10943.0028   98   19 11769.0000 10927.0000  7.15%   9.5 2720s
 9905999 1257733 infeasible  101      11769.0000 10928.0000  7.15%   9.5 2725s
 9921541 1257491 infeasible   98      11769.0000 10929.0000  7.14%   9.5 2730s
 9934215 1257345 infeasible   86      11769.0000 10929.9831  7.13%   9.5 2735s
 9946987 1257155 11210.1755   89   14 11769.0000 10930.8481  7.12%   9.5 2740s
 9959723 1257029 10965.4085   82   20 11769.0000 10931.7921  7.11%   9.5 2745s
 9972807 1256963 11695.1081   87   21 11769.0000 10932.7343  7.11%   9.5 2750s
 9987480 1256921 infeasible   84      11769.0000 10933.7687  7.10%   9.5 2755s
 10000624 1256697 11669.0000   95    9 11769.0000 10934.7087  7.09%   9.5 2760s
 10013226 1256609 11661.8525   90   10 11769.0000 10935.6765  7.08%   9.5 2765s
 10026057 1256388 11521.6970   78   18 11769.0000 10936.5852  7.07%   9.5 2770s
 10038922 1256180 11173.5367   83   20 11769.0000 10937.4949  7.07%   9.5 2775s
 10054366 1256078 11542.6720   83   19 11769.0000 10938.7365  7.05%   9.5 2780s
 10065725 1255918 infeasible   87      11769.0000 10939.6760  7.05%   9.5 2785s
 10079559 1255842 infeasible   83      11769.0000 10940.6425  7.04%   9.5 2790s
 10092467 1255769 infeasible   91      11769.0000 10941.5567  7.03%   9.5 2795s
 10105579 1255696 infeasible   82      11769.0000 10942.4936  7.02%   9.5 2800s
 10118198 1255515 infeasible   81      11769.0000 10943.3869  7.02%   9.5 2805s
 10131137 1255237 infeasible  105      11769.0000 10944.3069  7.01%   9.5 2810s
 10144254 1255010 10945.6093  102   14 11769.0000 10945.2514  7.00%   9.5 2815s
 10159286 1254873 11232.9744   85   28 11769.0000 10946.3083  6.99%   9.5 2820s
 10171536 1254777 11269.1095   81   24 11769.0000 10947.1168  6.98%   9.5 2826s
 10179072 1254600 11166.0000   86   15 11769.0000 10947.8566  6.98%   9.5 2830s
 10194404 1254474 infeasible   95      11769.0000 10948.9836  6.97%   9.5 2835s
 10207210 1254274 10956.1071   91   17 11769.0000 10949.9013  6.96%   9.5 2840s
 10220223 1254236 11666.0000  104    7 11769.0000 10950.7470  6.95%   9.5 2845s
 10231888 1254017 11496.3664   79   16 11769.0000 10951.5510  6.95%   9.5 2850s
 10244967 1253973 11050.7099   84   32 11769.0000 10952.5689  6.94%   9.5 2855s
 10258093 1253747 11080.3763   81   20 11769.0000 10953.4338  6.93%   9.5 2860s
 10273054 1253584 11087.4995   88    7 11769.0000 10954.5463  6.92%   9.5 2865s
 10286037 1253365 11338.8776   92   13 11769.0000 10955.4468  6.91%   9.5 2870s
 10298923 1253343 11427.7058   85   19 11769.0000 10956.2679  6.91%   9.5 2875s
 10312035 1253122 11088.4532  100   21 11769.0000 10957.1318  6.90%   9.5 2880s
 10324307 1253056 11140.8902   82   20 11769.0000 10958.0000  6.89%   9.5 2885s
 10339285 1252979 11234.6141   93   19 11769.0000 10959.0000  6.88%   9.5 2890s
 10352367 1252768 11039.6215   89   14 11769.0000 10960.0000  6.87%   9.5 2895s
 10364919 1252782 infeasible   99      11769.0000 10961.0000  6.87%   9.4 2900s
 10377622 1252786     cutoff   77      11769.0000 10961.8130  6.86%   9.4 2905s
 10391345 1252660 infeasible  101      11769.0000 10962.7410  6.85%   9.4 2910s
 10404997 1252357 11633.6404   93   12 11769.0000 10963.8618  6.84%   9.4 2915s
 10417828 1252311 infeasible   89      11769.0000 10964.6645  6.83%   9.4 2920s
 10430277 1252001 11253.0871   87   19 11769.0000 10965.5675  6.83%   9.4 2925s
 10445018 1251800 11656.5393   90   20 11769.0000 10966.6170  6.82%   9.4 2930s
 10457914 1251533 11723.0000   93    7 11769.0000 10967.4228  6.81%   9.4 2935s
 10470648 1251176 10968.9956   98   23 11769.0000 10968.2860  6.80%   9.4 2940s
 10483454 1251006 11491.6246  102    8 11769.0000 10969.0615  6.80%   9.4 2945s
 10498604 1250809 infeasible   99      11769.0000 10970.1434  6.79%   9.4 2950s
 10511295 1250405 11027.5956  101   16 11769.0000 10971.0584  6.78%   9.4 2955s
 10518865 1250026 infeasible   87      11769.0000 10971.8935  6.77%   9.4 2960s
 10532000 1249566 infeasible   93      11769.0000 10972.8778  6.76%   9.4 2965s
 10542610 1249255 11534.0000   99   16 11769.0000 10973.7378  6.76%   9.4 2970s
 10558069 1249092 infeasible  104      11769.0000 10974.8311  6.75%   9.4 2975s
 10570843 1249071 infeasible   89      11769.0000 10975.6926  6.74%   9.4 2980s
 10583855 1248738 infeasible   93      11769.0000 10976.5604  6.73%   9.4 2985s
 10591331 1248534 10979.8845   95   20 11769.0000 10977.0000  6.73%   9.4 2990s
 10604352 1248301 10978.1569   96   20 11769.0000 10978.0000  6.72%   9.4 2995s
 10617288 1248094 11529.2051  103    7 11769.0000 10978.9973  6.71%   9.4 3000s
 10630208 1247811 10979.8949   84   30 11769.0000 10979.8582  6.71%   9.4 3005s
 10645780 1247293 10981.0000   97   16 11769.0000 10980.9187  6.70%   9.4 3010s
 10658755 1247156 infeasible   88      11769.0000 10981.7771  6.69%   9.4 3015s
 10671192 1246844 11008.8852   89   18 11769.0000 10982.5512  6.68%   9.4 3020s
 10684236 1246591 11495.4134   86   18 11769.0000 10983.4389  6.67%   9.4 3025s
 10697442 1246299 11259.2880   81   21 11769.0000 10984.4012  6.67%   9.4 3030s
 10710465 1245963 infeasible   92      11769.0000 10985.2831  6.66%   9.4 3035s
 10723405 1245464 infeasible   96      11769.0000 10986.4268  6.65%   9.4 3040s
 10735923 1245150 11641.3078   80   21 11769.0000 10987.2160  6.64%   9.4 3045s
 10748817 1244742 11060.2743   99   14 11769.0000 10988.1163  6.64%   9.4 3050s
 10761758 1244566 infeasible   89      11769.0000 10989.0000  6.63%   9.4 3055s
 10775131 1244243 11313.6941   93   16 11769.0000 10990.0000  6.62%   9.4 3060s
 10787776 1244002 infeasible  101      11769.0000 10991.0000  6.61%   9.4 3065s
 10800283 1243619 11194.5115   89   30 11769.0000 10991.9639  6.60%   9.4 3070s
 10813224 1243355 11048.5578   95   16 11769.0000 10992.9616  6.59%   9.4 3075s
 10825541 1243015 11043.9313   84   26 11769.0000 10993.7461  6.59%   9.4 3080s
 10840949 1242887 11368.0000  100   10 11769.0000 10994.7508  6.58%   9.4 3085s
 10853914 1242474 11522.6085   95   17 11769.0000 10995.6725  6.57%   9.4 3090s
 10866391 1242158 infeasible   92      11769.0000 10996.5400  6.56%   9.4 3095s
 10879135 1241976 11639.0000   92   13 11769.0000 10997.3266  6.56%   9.4 3100s
 10892234 1241513 11300.3261   87   24 11769.0000 10998.2817  6.55%   9.4 3105s
 10903741 1241272     cutoff   90      11769.0000 10999.0557  6.54%   9.4 3110s
 10916620 1240917 infeasible   97      11769.0000 11000.0000  6.53%   9.4 3115s
 10930107 1240617 infeasible   97      11769.0000 11001.0000  6.53%   9.4 3120s
 10942562 1240408 11726.0000  105    8 11769.0000 11001.9667  6.52%   9.4 3125s
 10955444 1240120 infeasible   94      11769.0000 11002.7969  6.51%   9.4 3130s
 10967033 1239692 11176.6768   85   14 11769.0000 11003.5277  6.50%   9.4 3135s
 10980766 1239436 11656.4104   93   15 11769.0000 11004.3750  6.50%   9.4 3140s
 10993904 1239233 infeasible   95      11769.0000 11005.1936  6.49%   9.4 3145s
 11009330 1239065 11223.8336   78   19 11769.0000 11006.1777  6.48%   9.4 3150s
 11021437 1238705 11673.0000   85   16 11769.0000 11007.0000  6.47%   9.4 3155s
 11032399 1238564 11405.5066   98   10 11769.0000 11007.9893  6.47%   9.4 3160s
 11045953 1238178 11086.1152   85   24 11769.0000 11008.8912  6.46%   9.4 3165s
 11058653 1237780 11010.9009   85   14 11769.0000 11009.7522  6.45%   9.4 3170s
 11066583 1237570 infeasible   91      11769.0000 11010.0964  6.45%   9.4 3175s
 11080073 1237227 infeasible   94      11769.0000 11011.0000  6.44%   9.4 3180s
 11093401 1236712 infeasible   90      11769.0000 11012.0000  6.43%   9.4 3185s
 11106142 1236275 infeasible   95      11769.0000 11013.0000  6.42%   9.4 3190s
 11119256 1235918 infeasible   91      11769.0000 11013.8823  6.42%   9.4 3195s
 11132085 1235718 infeasible   97      11769.0000 11014.6052  6.41%   9.4 3200s
 11144823 1235313 11629.8320   83   19 11769.0000 11015.3632  6.40%   9.4 3205s
 11156985 1234878 11131.2976   86   17 11769.0000 11016.0703  6.40%   9.4 3210s
 11170385 1234376 infeasible   85      11769.0000 11017.0179  6.39%   9.4 3215s
 11183088 1233959 11711.2410   91   18 11769.0000 11018.0000  6.38%   9.4 3220s
 11195844 1233430 11024.1642   87   25 11769.0000 11019.0000  6.37%   9.4 3225s
 11208889 1232986 11465.0807   80   27 11769.0000 11020.0000  6.36%   9.4 3230s
 11221768 1232612 11504.0623   86   18 11769.0000 11020.8678  6.36%   9.4 3235s
 11237070 1232155 11200.6449   84   16 11769.0000 11021.8635  6.35%   9.4 3241s
 11248229 1231992 11311.1664   86   17 11769.0000 11022.3081  6.34%   9.4 3245s
 11260658 1231558 infeasible   89      11769.0000 11023.1345  6.34%   9.4 3250s
 11273662 1231201 infeasible   93      11769.0000 11024.0000  6.33%   9.4 3255s
 11286516 1230768 11034.7604   86   20 11769.0000 11025.0000  6.32%   9.4 3260s
 11299784 1230310 11527.0000  100    8 11769.0000 11026.0000  6.31%   9.4 3265s
 11312549 1229832 infeasible   88      11769.0000 11026.9037  6.31%   9.4 3270s
 11324985 1229562 11693.5393   93    9 11769.0000 11027.7062  6.30%   9.4 3275s
 11339733 1229074 11033.5019   85   22 11769.0000 11028.8208  6.29%   9.4 3280s
 11353028 1228464 infeasible   88      11769.0000 11029.7069  6.28%   9.4 3286s
 11363790 1228184 infeasible   90      11769.0000 11030.3253  6.28%   9.4 3290s
 11379137 1227602 infeasible   86      11769.0000 11031.5014  6.27%   9.4 3295s
 11392174 1227261 11054.6502   86   17 11769.0000 11032.2955  6.26%   9.4 3300s
 11405132 1226828 11186.4657   84   19 11769.0000 11033.0531  6.25%   9.4 3305s
 11418196 1226559 11201.1603   80   28 11769.0000 11034.0000  6.25%   9.4 3310s
 11430651 1225980 11084.3961   97   15 11769.0000 11034.9550  6.24%   9.4 3315s
 11443327 1225501 infeasible   95      11769.0000 11035.8463  6.23%   9.4 3320s
 11456419 1225011 11592.0149   90   13 11769.0000 11036.7230  6.22%   9.4 3325s
 11469101 1224664 11301.2789   91   22 11769.0000 11037.5991  6.21%   9.4 3330s
 11481836 1224202 11272.6692   89   21 11769.0000 11038.4421  6.21%   9.4 3335s
 11495322 1223723 11171.0901   87   11 11769.0000 11039.3032  6.20%   9.4 3340s
 11508129 1223510 11380.7231  106   19 11769.0000 11040.0116  6.19%   9.4 3345s
 11521229 1222853 11197.0673   78   23 11769.0000 11041.0000  6.19%   9.4 3350s
 11532027 1222393 infeasible   96      11769.0000 11042.0000  6.18%   9.4 3355s
 11544680 1221893 infeasible   96      11769.0000 11042.8754  6.17%   9.4 3360s
 11557348 1221570 11416.2623   81   19 11769.0000 11043.6715  6.16%   9.4 3365s
 11569991 1221066 11621.0000   92   11 11769.0000 11044.4160  6.16%   9.4 3370s
 11583037 1220689 infeasible   94      11769.0000 11045.2525  6.15%   9.4 3375s
 11595026 1220307 infeasible   96      11769.0000 11046.0952  6.14%   9.4 3380s
 11608545 1219839 11050.0000   83   23 11769.0000 11047.0605  6.13%   9.4 3385s
 11621823 1219220 11178.3664   87   15 11769.0000 11048.0000  6.13%   9.4 3390s
 11634829 1218762 11636.0000  105    4 11769.0000 11049.0000  6.12%   9.4 3395s
 11642294 1218523 infeasible   88      11769.0000 11049.3002  6.12%   9.4 3400s
 11655624 1217980 11546.0000  101   12 11769.0000 11050.1499  6.11%   9.4 3405s
 11668372 1217401 11056.9308   98   25 11769.0000 11051.0069  6.10%   9.4 3410s
 11679206 1216947 11605.0778  107    7 11769.0000 11052.0000  6.09%   9.4 3416s
 11689212 1216358 11351.5300   79   18 11769.0000 11052.6608  6.09%   9.4 3420s
 11702489 1215726     cutoff   85      11769.0000 11053.5241  6.08%   9.4 3426s
 11712795 1215214 11537.5476   83   22 11769.0000 11054.0662  6.07%   9.4 3430s
 11725862 1214593 infeasible   97      11769.0000 11055.0000  6.07%   9.4 3435s
 11738638 1213986 infeasible   98      11769.0000 11056.0000  6.06%   9.4 3440s
 11752064 1213384 11504.0000  100    5 11769.0000 11057.0000  6.05%   9.4 3445s
 11764938 1212624 11325.0000   84    9 11769.0000 11058.0000  6.04%   9.4 3450s
 11777524 1211895 infeasible  100      11769.0000 11058.9114  6.03%   9.4 3455s
 11790365 1211441 infeasible  103      11769.0000 11059.7716  6.03%   9.4 3460s
 11803406 1211123 infeasible   82      11769.0000 11060.6265  6.02%   9.4 3465s
 11816698 1210400 11579.9203  101   10 11769.0000 11061.4182  6.01%   9.4 3470s
 11829630 1209763 11527.1325   88   14 11769.0000 11062.2678  6.01%   9.4 3475s
 11842273 1209225 11200.8989   90   13 11769.0000 11063.0357  6.00%   9.4 3480s
 11855029 1208614 11065.7156   90   24 11769.0000 11064.0000  5.99%   9.4 3485s
 11867716 1207996 11066.0963   80   21 11769.0000 11065.0000  5.98%   9.4 3490s
 11880660 1207495 11448.6306   77   17 11769.0000 11065.8863  5.97%   9.4 3495s
 11893540 1207082 infeasible   89      11769.0000 11066.6778  5.97%   9.4 3500s
 11906033 1206386 11686.9745   80   17 11769.0000 11067.5978  5.96%   9.4 3505s
 11919176 1205804 11396.3537  101    8 11769.0000 11068.3573  5.95%   9.4 3510s
 11931960 1205329 11490.1517   84   21 11769.0000 11069.0573  5.95%   9.4 3515s
 11945062 1204951 11443.8877   85   18 11769.0000 11070.0000  5.94%   9.4 3520s
 11957806 1204363 11143.1444   94   15 11769.0000 11071.0000  5.93%   9.4 3526s
 11966336 1203826     cutoff   78      11769.0000 11071.5351  5.93%   9.4 3530s
 11979906 1203055 infeasible   91      11769.0000 11072.5303  5.92%   9.4 3535s
 11993139 1202259 11245.0193   90   24 11769.0000 11073.4013  5.91%   9.4 3540s
 12005780 1201652 11249.0322   95    9 11769.0000 11074.2356  5.90%   9.4 3545s
 12019014 1200971 infeasible   84      11769.0000 11075.1351  5.90%   9.4 3550s
 12031883 1200361 11490.4196   92   13 11769.0000 11076.0000  5.89%   9.4 3555s
 12042346 1199759 infeasible   90      11769.0000 11076.9433  5.88%   9.4 3560s
 12056990 1199073 11122.1332   83   26 11769.0000 11077.9148  5.87%   9.4 3566s
 12067647 1198531 infeasible   93      11769.0000 11078.5353  5.87%   9.4 3570s
 12080693 1197715 infeasible   93      11769.0000 11079.4352  5.86%   9.4 3575s
 12093839 1197063 11654.1160   85   20 11769.0000 11080.2022  5.85%   9.4 3580s
 12106019 1196457 11418.5199   95   13 11769.0000 11081.0000  5.85%   9.4 3585s
 12119924 1195845     cutoff   96      11769.0000 11082.0000  5.84%   9.4 3590s
 12132292 1195127 infeasible   96      11769.0000 11082.8671  5.83%   9.4 3595s
 12145562 1194547 11123.4381   96   14 11769.0000 11083.7024  5.82%   9.4 3600s

Cutting planes:
  Learned: 207
  Gomory: 204
  Implied bound: 9
  MIR: 251
  Flow cover: 408
  RLT: 4
  Relax-and-lift: 6

Explored 12145938 nodes (114286838 simplex iterations) in 3600.03 seconds (737.04 work units)
Thread count was 16 (of 16 available processors)

Solution count 10: 11769 11861 12010 ... 12421

Time limit reached
Best objective 1.176900000000e+04, best bound 1.108400000000e+04, gap 5.8204%
Warning: constraint name "precedence between 0,1 to 0,0 if x_[j,l,h,z,i]=1" has a space
Warning: constraint name "precedence between 0,1 to 0,0 if x_[j,l,h,z,i]=1" has a space
Warning: default constraint names used to write mps file
