
Gurobi 10.0.1 (win64) logging started Sat Sep 16 21:36:55 2023

Set parameter LogFile to value "./results-heuristic-start//log/Fattahi_setup_17_modified_old_makespan.log"
Gurobi Optimizer version 10.0.1 build v10.0.1rc0 (win64)

CPU model: AMD Ryzen 7 3700X 8-Core Processor, instruction set [SSE2|AVX|AVX2]
Thread count: 8 physical cores, 16 logical processors, using up to 16 threads

Optimize a model with 1158 rows, 1181 columns and 5196 nonzeros
Model fingerprint: 0x29a4757f
Variable types: 78 continuous, 1103 integer (1102 binary)
Coefficient statistics:
  Matrix range     [1e+00, 1e+06]
  Objective range  [1e+00, 1e+00]
  Bounds range     [1e+00, 1e+00]
  RHS range        [1e+00, 3e+06]

Warning: Completing partial solution with 1071 unfixed non-continuous variables out of 1103
User MIP start did not produce a new incumbent solution
User MIP start violates constraint initial_start_time_job0_stage0_machine2_constraint by 420.000000000

Presolve removed 96 rows and 702 columns
Presolve time: 0.00s
Presolved: 1062 rows, 479 columns, 5049 nonzeros
Variable types: 78 continuous, 401 integer (400 binary)

Root relaxation: objective 7.937000e+03, 180 iterations, 0.00 seconds (0.00 work units)
Another try with MIP start

    Nodes    |    Current Node    |     Objective Bounds      |     Work
 Expl Unexpl |  Obj  Depth IntInf | Incumbent    BestBd   Gap | It/Node Time

H    0     0                    25673.000000 7937.00000  69.1%     -    0s
     0     0 7937.00000    0   73 25673.0000 7937.00000  69.1%     -    0s
H    0     0                    24902.000000 7937.00000  68.1%     -    0s
H    0     0                    24538.000000 7937.00000  67.7%     -    0s
     0     0 8011.00000    0   77 24538.0000 8011.00000  67.4%     -    0s
     0     0 8021.48371    0   71 24538.0000 8021.48371  67.3%     -    0s
     0     0 8040.77127    0   64 24538.0000 8040.77127  67.2%     -    0s
     0     0 8043.02047    0   66 24538.0000 8043.02047  67.2%     -    0s
     0     0 8043.08222    0   67 24538.0000 8043.08222  67.2%     -    0s
     0     0 8043.08222    0   67 24538.0000 8043.08222  67.2%     -    0s
     0     0 8057.46922    0   67 24538.0000 8057.46922  67.2%     -    0s
H    0     0                    24536.000000 8057.46922  67.2%     -    0s
     0     0 8058.03207    0   65 24536.0000 8058.03207  67.2%     -    0s
     0     0 8058.03662    0   66 24536.0000 8058.03662  67.2%     -    0s
     0     0 8063.57500    0   69 24536.0000 8063.57500  67.1%     -    0s
H    0     0                    24535.000000 8063.57500  67.1%     -    0s
     0     0 8063.66359    0   68 24535.0000 8063.66359  67.1%     -    0s
     0     0 8063.66359    0   67 24535.0000 8063.66359  67.1%     -    0s
     0     0 8067.95941    0   70 24535.0000 8067.95941  67.1%     -    0s
H    0     0                    24534.000000 8067.95941  67.1%     -    0s
H    0     0                    24532.000000 8067.95941  67.1%     -    0s
     0     0 8068.64847    0   68 24532.0000 8068.64847  67.1%     -    0s
     0     0 8068.69220    0   69 24532.0000 8068.69220  67.1%     -    0s
     0     0 8068.69220    0   69 24532.0000 8068.69220  67.1%     -    0s
     0     0 8069.20972    0   68 24532.0000 8069.20972  67.1%     -    0s
H    0     0                    24531.000000 8069.20972  67.1%     -    0s
H    0     0                    22937.000000 8069.20972  64.8%     -    0s
     0     0 8071.40213    0   69 22937.0000 8071.40213  64.8%     -    0s
     0     0 8072.87366    0   69 22937.0000 8072.87366  64.8%     -    0s
     0     0 8072.93431    0   70 22937.0000 8072.93431  64.8%     -    0s
     0     0 8072.93431    0   70 22937.0000 8072.93431  64.8%     -    0s
     0     0 8076.39663    0   68 22937.0000 8076.39663  64.8%     -    0s
     0     0 8077.50119    0   71 22937.0000 8077.50119  64.8%     -    0s
     0     0 8077.50119    0   70 22937.0000 8077.50119  64.8%     -    0s
     0     0 8078.92488    0   70 22937.0000 8078.92488  64.8%     -    0s
     0     0 8079.42460    0   70 22937.0000 8079.42460  64.8%     -    0s
     0     0 8079.42460    0   71 22937.0000 8079.42460  64.8%     -    0s
     0     0 8079.43000    0   72 22937.0000 8079.43000  64.8%     -    0s
H    0     0                    22935.000000 8079.43000  64.8%     -    0s
     0     0 8079.43000    0   73 22935.0000 8079.43000  64.8%     -    0s
     0     0 8079.83164    0   73 22935.0000 8079.83164  64.8%     -    0s
H    0     0                    22934.000000 8079.83164  64.8%     -    0s
     0     0 8079.83252    0   74 22934.0000 8079.83252  64.8%     -    0s
     0     0 8079.83729    0   74 22934.0000 8079.83729  64.8%     -    0s
H    0     0                    22932.000000 8079.83729  64.8%     -    0s
     0     0 8080.23768    0   71 22932.0000 8080.23768  64.8%     -    0s
     0     0 8080.23768    0   71 22932.0000 8080.23768  64.8%     -    0s
     0     0 8080.23768    0   71 22932.0000 8080.23768  64.8%     -    0s
     0     0 8081.00000    0   69 22932.0000 8081.00000  64.8%     -    0s
     0     0 8081.00000    0   60 22932.0000 8081.00000  64.8%     -    0s
     0     0 8081.00000    0   62 22932.0000 8081.00000  64.8%     -    0s
H    0     0                    22931.000000 8081.00000  64.8%     -    0s
H    0     0                    22834.000000 8081.00000  64.6%     -    0s
     0     0 8081.00000    0   63 22834.0000 8081.00000  64.6%     -    0s
     0     0 8081.00000    0   56 22834.0000 8081.00000  64.6%     -    0s
     0     0 8081.00000    0   59 22834.0000 8081.00000  64.6%     -    0s
     0     0 8081.00000    0   73 22834.0000 8081.00000  64.6%     -    0s
     0     0 8081.00000    0   67 22834.0000 8081.00000  64.6%     -    0s
     0     0 8081.00000    0   66 22834.0000 8081.00000  64.6%     -    0s
     0     0 8081.00000    0   57 22834.0000 8081.00000  64.6%     -    0s
     0     2 8082.00000    0   48 22834.0000 8082.00000  64.6%     -    0s
H   32    40                    22832.000000 8102.01520  64.5%  93.9    0s
H   33    40                    21726.000000 8102.01520  62.7%  92.0    0s
H   66    80                    21725.000000 8116.22663  62.6%  53.5    0s
H   85    87                    21566.000000 8122.73536  62.3%  44.3    0s
H  125   124                    21505.000000 8122.73536  62.2%  35.3    0s
H  263   234                    21414.000000 8122.73536  62.1%  23.9    1s
H  277   234                    20202.000000 8122.73536  59.8%  23.3    1s
H  324   239                    18125.000000 8122.73536  55.2%  21.9    1s
H  622   437                    17912.000000 8122.73536  54.7%  16.0    1s
H  704   494                    17535.000000 8122.73536  53.7%  15.1    2s
  1591   950 8290.00000   20   50 17535.0000 8290.00000  52.7%   9.5    5s
H 1714   967                    17154.000000 8290.00000  51.7%  10.8    5s
H 1880   972                    17104.000000 8290.00000  51.5%  11.4    6s
H 4293  1509                    16045.000000 8290.00000  48.3%  10.0    6s
H17366  8842                    16028.000000 8380.33138  47.7%   8.5    8s
H17371  8764                    15893.000000 8380.33138  47.3%   8.5    8s
H18607  9578                    15891.000000 8388.25547  47.2%   8.5    8s
H20566 11648                    15889.000000 8391.92445  47.2%   8.3    8s
H22850 11841                    15887.000000 8397.00000  47.1%   8.1    8s
H23969 12766                    15886.000000 8406.22312  47.1%   8.1    8s
H26160 13852                    15884.000000 8415.18885  47.0%   8.0    8s
H28529 15255                    15882.000000 8422.00000  47.0%   7.8    8s
H35929 19320                    15880.000000 8437.20008  46.9%   7.6    9s
H40314 21797                    15879.000000 8444.29136  46.8%   7.5    9s
 41692 23552 8456.23569   34   56 15879.0000 8444.95739  46.8%   7.5   11s
H45025 24221                    15877.000000 8448.04885  46.8%   7.4   11s
H47495 25945                    15875.000000 8450.48450  46.8%   7.3   11s
H53623 28634                    15873.000000 8455.36805  46.7%   7.2   11s
H60528 31660                    15660.000000 8461.67739  46.0%   7.1   12s
 103355 56604 14379.0892   56   27 15660.0000 8491.23623  45.8%   7.1   15s
 189770 103915 10103.0000   52   43 15660.0000 8532.82729  45.5%   7.4   20s
 253233 138826 14750.0000   52   20 15660.0000 8559.83075  45.3%   8.1   25s
 298512 171063 11067.0000   44   40 15660.0000 8577.28037  45.2%   8.5   30s
 353603 192318 10121.6081   47   51 15660.0000 8607.56838  45.0%   9.2   35s
 415788 227270 12416.8136   60   28 15660.0000 8643.96268  44.8%   9.6   40s
 476019 259055 13571.0000   55   25 15660.0000 8674.79704  44.6%   9.9   45s
 547178 297484 infeasible   75      15660.0000 8703.50496  44.4%  10.1   50s
 616682 335045 14050.0000   63   22 15660.0000 8730.00000  44.3%  10.2   55s
 682087 372451 14476.0000   64   21 15660.0000 8755.18236  44.1%  10.4   60s
 748371 405768 10809.0000   48   33 15660.0000 8780.34465  43.9%  10.5   65s
 814652 442676 13386.0000   60   27 15660.0000 8804.55330  43.8%  10.6   70s
 871262 471780 13434.8488   60   27 15660.0000 8829.36356  43.6%  10.7   75s
 929364 503269 13882.7036   67   23 15660.0000 8852.98994  43.5%  10.8   80s
 988930 533813 15149.1861   82   27 15660.0000 8872.00000  43.3%  10.8   85s
 1055131 569023 15222.9008   64   18 15660.0000 8894.57580  43.2%  10.8   90s
 1111095 600148 9991.00000   49   40 15660.0000 8914.18583  43.1%  10.9   95s
 1174677 632248 9654.21838   43   48 15660.0000 8934.00000  43.0%  10.9  100s
 1212989 652002 13237.0000   58   22 15660.0000 8947.00000  42.9%  11.0  105s
 1263253 679004 13479.5397   64   24 15660.0000 8965.00000  42.8%  11.1  110s
 1325465 711789 12504.1181   57   30 15660.0000 8981.92814  42.6%  11.1  115s
 1369046 734588 15391.3525   65   21 15660.0000 8995.00000  42.6%  11.1  120s
 1430490 767122 15041.4938   51   24 15660.0000 9016.00000  42.4%  11.1  125s
 1491929 799372 9374.00000   43   44 15660.0000 9034.00000  42.3%  11.1  130s
 1551237 832380 12882.7120   53   27 15660.0000 9052.13187  42.2%  11.2  135s
 1611468 862330 13980.0000   59   24 15660.0000 9067.96728  42.1%  11.2  140s
 1667823 891914 14532.0000   60   18 15660.0000 9082.45960  42.0%  11.2  145s
 1726882 921984 13973.8203   50   20 15660.0000 9098.00000  41.9%  11.2  150s
 1784848 955452 9858.37739   46   41 15660.0000 9111.00000  41.8%  11.2  155s
 1833287 979155 13734.0000   55   20 15660.0000 9124.00000  41.7%  11.3  160s
 1878903 1004157 13935.7704   61   31 15660.0000 9137.00000  41.7%  11.3  165s
 1932404 1031127 10935.0000   53   31 15660.0000 9149.62869  41.6%  11.3  170s
 1985136 1059657 14085.0000   64   28 15660.0000 9161.54895  41.5%  11.3  175s
 2036332 1086617 9750.00000   47   39 15660.0000 9172.25135  41.4%  11.3  180s
 2091757 1114479 9199.86075   44   53 15660.0000 9181.95444  41.4%  11.4  185s
 2145603 1143315 13469.0000   69   26 15660.0000 9193.00000  41.3%  11.4  190s
 2198671 1171109 10946.8490   50   35 15660.0000 9201.01844  41.2%  11.4  195s
 2246417 1196884 infeasible   60      15660.0000 9209.26709  41.2%  11.4  200s
 2296361 1223623 14612.0000   64   22 15660.0000 9218.26230  41.1%  11.4  205s
 2346067 1252151 12564.9937   57   26 15660.0000 9225.91788  41.1%  11.4  210s
 2381666 1267751 infeasible   60      15660.0000 9232.00000  41.0%  11.4  215s
 2429956 1293286 infeasible   63      15660.0000 9240.00000  41.0%  11.4  220s
 2474500 1319399 15529.0000   50   19 15660.0000 9246.57596  41.0%  11.4  225s
 2523548 1343147 12890.0000   53   23 15660.0000 9253.72771  40.9%  11.4  230s
 2571947 1368041 10303.0000   53   36 15660.0000 9260.90045  40.9%  11.3  235s
 2617418 1391710 13419.0000   62   28 15660.0000 9267.43493  40.8%  11.3  240s
 2662513 1415851 10992.0000   50   33 15660.0000 9274.81914  40.8%  11.3  245s
 2704107 1438792 14636.0000   63   19 15660.0000 9282.00000  40.7%  11.4  250s
 2749470 1461900 13766.0000   47   24 15660.0000 9288.31799  40.7%  11.4  255s
 2793377 1485982 12636.7629   52   27 15660.0000 9295.57045  40.6%  11.4  260s
 2836750 1508373 15150.6815   73   22 15660.0000 9301.97239  40.6%  11.4  265s
 2872330 1525826 11512.5686   54   34 15660.0000 9306.62845  40.6%  11.4  270s
 2913674 1549652 12099.6409   52   32 15660.0000 9313.00000  40.5%  11.4  275s
 2957416 1571578 11730.0000   57   36 15660.0000 9319.00000  40.5%  11.4  280s
 2998881 1593865 14058.0000   62   21 15660.0000 9325.00000  40.5%  11.4  285s
 3039895 1616121 14571.0000   42   24 15660.0000 9330.09872  40.4%  11.4  290s
 3081343 1638702 9341.36675   38   46 15660.0000 9336.38612  40.4%  11.4  295s
 3121871 1658991 12618.2978   49   29 15660.0000 9341.85082  40.3%  11.4  300s
 3146500 1671254 11401.0000   52   36 15660.0000 9345.00000  40.3%  11.4  305s
 3175691 1686316 12090.3197   48   33 15660.0000 9348.77793  40.3%  11.4  310s
 3208672 1704648 12429.0000   53   31 15660.0000 9352.78675  40.3%  11.4  315s
 3235721 1717863 12635.0000   50   35 15660.0000 9355.24874  40.3%  11.4  320s
 3278025 1739062 11927.0000   48   34 15660.0000 9360.93218  40.2%  11.4  325s
 3317295 1759962 11501.0000   54   32 15660.0000 9365.78527  40.2%  11.4  330s
 3358847 1781415 infeasible   58      15660.0000 9370.66017  40.2%  11.4  335s
 3394814 1799467 15090.0000   50   23 15660.0000 9375.57876  40.1%  11.4  341s
 3410852 1808750 14444.2275   55   27 15660.0000 9377.74607  40.1%  11.4  346s
 3447245 1827087 12709.0000   56   23 15660.0000 9382.00000  40.1%  11.4  350s
 3484405 1846377 infeasible   51      15660.0000 9386.60181  40.1%  11.4  355s
 3523149 1867226 13462.0000   64   21 15660.0000 9391.60283  40.0%  11.4  360s
 3563964 1886563 11657.0000   55   31 15660.0000 9397.05883  40.0%  11.4  365s
 3601857 1906459 12988.0000   52   25 15660.0000 9401.53389  40.0%  11.4  370s
 3641573 1926924 15073.0000   76   19 15660.0000 9405.91450  39.9%  11.4  375s
 3655890 1936517 11164.8206   50   34 15660.0000 9407.68446  39.9%  11.4  380s
 3696519 1955450 13984.0000   57   26 15660.0000 9412.49561  39.9%  11.4  385s
 3732284 1972805 infeasible   62      15660.0000 9416.22746  39.9%  11.4  390s
 3766395 1990821 infeasible   61      15660.0000 9420.53733  39.8%  11.4  395s
 3799130 2007182 infeasible   50      15660.0000 9423.99389  39.8%  11.4  400s
 3833886 2024607 14063.0000   70   21 15660.0000 9428.00000  39.8%  11.4  405s
 3850476 2036046 14039.0797   57   23 15660.0000 9430.00000  39.8%  11.5  410s
 3884144 2051775 14975.1306   55   21 15660.0000 9433.54219  39.8%  11.5  415s
 3919128 2068050 infeasible   74      15660.0000 9437.04502  39.7%  11.5  420s
 3951296 2085358 12537.6094   33   38 15660.0000 9441.00000  39.7%  11.5  425s
 3971185 2094284 10455.0000   51   35 15660.0000 9443.04897  39.7%  11.5  430s
 4006911 2113761 infeasible   66      15660.0000 9446.36283  39.7%  11.5  435s
 4042679 2130506 14094.0000   66   21 15660.0000 9450.00000  39.7%  11.5  440s
 4077469 2147894 9492.00000   47   54 15660.0000 9453.00000  39.6%  11.5  445s
 4111788 2165351 13299.0000   47   34 15660.0000 9455.77770  39.6%  11.5  450s
 4142592 2181068 14978.0000   53   25 15660.0000 9458.64730  39.6%  11.5  455s
 4170033 2198192 10637.1831   46   36 15660.0000 9461.16002  39.6%  11.5  460s
 4205712 2214103 15464.0000   61   18 15660.0000 9464.20255  39.6%  11.5  465s
 4212867 2225264 14974.0000   68   25 15660.0000 9465.00000  39.6%  11.5  471s
 4238786 2231467 13529.1319   59   20 15660.0000 9467.00000  39.5%  11.5  475s
 4275479 2250803 12801.5854   53   25 15660.0000 9470.31155  39.5%  11.5  480s
 4309324 2268514 12967.0000   62   35 15660.0000 9473.00000  39.5%  11.5  485s
 4330888 2278048 15033.3669   58   22 15660.0000 9475.00000  39.5%  11.5  490s
 4365210 2298433 12910.0000   58   28 15660.0000 9478.01936  39.5%  11.5  495s
 4399881 2314177 13881.8349   55   24 15660.0000 9481.78179  39.5%  11.5  500s
 4436884 2331818 infeasible   76      15660.0000 9485.00000  39.4%  11.5  505s
 4465577 2347352 12803.9674   57   24 15660.0000 9487.34220  39.4%  11.5  510s
 4495369 2365092 15452.0000   64   12 15660.0000 9489.76213  39.4%  11.5  515s
 4509429 2369285 10995.0000   50   29 15660.0000 9490.77078  39.4%  11.5  520s
 4536645 2382170 15436.0000   72   20 15660.0000 9493.05581  39.4%  11.5  526s
 4557690 2394001 12000.6880   51   28 15660.0000 9495.00000  39.4%  11.6  530s
 4592859 2411904 10784.5242   42   42 15660.0000 9498.50703  39.3%  11.6  535s
 4627704 2429635 13647.6913   49   21 15660.0000 9501.89291  39.3%  11.6  540s
 4662598 2446487 13969.6797   54   28 15660.0000 9505.00000  39.3%  11.6  545s
 4697505 2464438 10204.2823   50   36 15660.0000 9508.14632  39.3%  11.6  550s
 4732245 2482900 11562.3723   46   30 15660.0000 9511.87922  39.3%  11.6  555s
 4766014 2499267 10666.0000   51   39 15660.0000 9514.56936  39.2%  11.5  560s
 4799049 2515731 13994.0000   71   24 15660.0000 9517.25889  39.2%  11.5  567s
 4815124 2525705 14898.3939   66   21 15660.0000 9518.98499  39.2%  11.5  570s
 4845907 2541482 14869.0061   64   25 15660.0000 9521.61670  39.2%  11.6  575s
 4881473 2558071 14473.7102   64   19 15660.0000 9524.21392  39.2%  11.6  580s
 4916508 2575662 10923.0000   51   35 15660.0000 9527.00000  39.2%  11.6  585s
 4947215 2592471 13913.4521   55   23 15660.0000 9529.87962  39.1%  11.6  590s
 4982017 2609496 12796.0000   56   26 15660.0000 9532.27242  39.1%  11.6  595s
 5014339 2626118 12543.0184   54   32 15660.0000 9534.98791  39.1%  11.6  600s
 5047131 2644037 12441.1478   60   27 15660.0000 9537.62348  39.1%  11.5  605s
 5055331 2646892 infeasible   53      15660.0000 9538.16463  39.1%  11.6  610s
 5079934 2659985 14061.1886   48   25 15660.0000 9540.14427  39.1%  11.6  615s
 5108876 2676803 9544.04269   39   36 15660.0000 9542.05733  39.1%  11.6  620s
 5142315 2693020 13518.0000   60   27 15660.0000 9544.42571  39.1%  11.6  625s
 5156174 2699103 12060.0000   44   27 15660.0000 9545.58049  39.0%  11.6  630s
 5186631 2714477 11174.0000   57   33 15660.0000 9548.00000  39.0%  11.6  635s
 5217658 2729796 infeasible   61      15660.0000 9550.27519  39.0%  11.6  640s
 5247557 2746454 12423.9172   52   24 15660.0000 9552.59856  39.0%  11.6  645s
 5280598 2761946 11681.0000   59   34 15660.0000 9554.78583  39.0%  11.6  650s
 5310016 2778089 14344.0000   67   19 15660.0000 9557.00000  39.0%  11.6  655s
 5341117 2795715 11824.5491   50   33 15660.0000 9559.00000  39.0%  11.6  660s
 5356293 2801099 15006.0532   58   26 15660.0000 9560.12336  39.0%  11.6  665s
 5383169 2816666 13517.0000   52   27 15660.0000 9561.98250  38.9%  11.6  670s
 5416828 2832816 14830.0000   66   25 15660.0000 9563.80296  38.9%  11.6  675s
 5446659 2848896 15457.7110   56   17 15660.0000 9565.92839  38.9%  11.6  680s
 5481096 2864149 infeasible   70      15660.0000 9568.01897  38.9%  11.6  685s
 5501775 2874383 infeasible   60      15660.0000 9569.64967  38.9%  11.6  690s
 5523717 2886823 12285.0000   57   31 15660.0000 9571.00000  38.9%  11.6  695s
 5552344 2903308 14527.0000   52   24 15660.0000 9573.02337  38.9%  11.6  700s
 5584166 2918220 12060.8520   45   30 15660.0000 9575.23951  38.9%  11.6  705s
 5613990 2934850 14154.7040   50   26 15660.0000 9577.20222  38.8%  11.6  710s
 5637276 2943995 14324.1679   59   26 15660.0000 9579.00000  38.8%  11.6  715s
 5660136 2957268 12465.3409   62   29 15660.0000 9580.60849  38.8%  11.6  720s
 5691011 2971561 infeasible   56      15660.0000 9582.82793  38.8%  11.6  725s
 5720992 2987001 11312.0000   45   43 15660.0000 9584.81017  38.8%  11.6  730s
 5752998 3002660 13695.0969   50   20 15660.0000 9586.68546  38.8%  11.6  735s
 5777663 3014825 13919.2544   51   24 15660.0000 9588.24916  38.8%  11.6  742s
 5792026 3023902 11064.0000   53   33 15660.0000 9589.30771  38.8%  11.6  745s
 5822316 3039020 13148.0740   59   24 15660.0000 9591.28028  38.8%  11.6  750s
 5852603 3053314 13149.0000   60   30 15660.0000 9593.58682  38.7%  11.6  755s
 5884189 3069185 infeasible   84      15660.0000 9596.00000  38.7%  11.6  760s
 5914042 3084209 infeasible   54      15660.0000 9598.00000  38.7%  11.6  765s
 5924699 3089381 15548.4429   59   21 15660.0000 9599.00000  38.7%  11.6  770s
 5949994 3104074 12983.1219   57   24 15660.0000 9601.00000  38.7%  11.6  775s
 5980257 3117733 12249.7481   59   28 15660.0000 9603.31108  38.7%  11.6  780s
 6008949 3132442 12372.0000   50   34 15660.0000 9605.68043  38.7%  11.6  785s
 6040234 3147344 12210.7477   60   31 15660.0000 9608.00000  38.6%  11.6  790s
 6064318 3161248 15157.2633   71   28 15660.0000 9609.54135  38.6%  11.6  795s
 6094718 3176055 13694.6046   62   22 15660.0000 9611.45157  38.6%  11.6  800s
 6121716 3191353 15608.0000   63   20 15660.0000 9613.44026  38.6%  11.6  805s
 6137038 3195959 infeasible   63      15660.0000 9614.44663  38.6%  11.6  810s
 6164774 3212260 11727.9739   43   38 15660.0000 9616.57220  38.6%  11.6  815s
 6193298 3223689 12802.3851   56   25 15660.0000 9619.00000  38.6%  11.6  822s
 6204364 3229792 10269.0000   55   33 15660.0000 9619.88811  38.6%  11.6  825s
 6231308 3243324 11129.0000   51   34 15660.0000 9621.78673  38.6%  11.6  830s
 6261506 3259313 9626.01684   45   46 15660.0000 9624.00000  38.5%  11.6  835s
 6288690 3271701 infeasible   48      15660.0000 9626.00000  38.5%  11.6  840s
 6315650 3287442 infeasible   67      15660.0000 9627.82823  38.5%  11.6  845s
 6344643 3299534 14009.0000   63   22 15660.0000 9629.64856  38.5%  11.6  850s
 6373084 3313412 11469.0000   51   31 15660.0000 9631.42051  38.5%  11.6  855s
 6400356 3328363 13696.0000   54   25 15660.0000 9633.00000  38.5%  11.6  860s
 6428454 3342385 14540.0452   54   29 15660.0000 9635.00000  38.5%  11.6  865s
 6457950 3355439 13616.0000   60   27 15660.0000 9637.00000  38.5%  11.6  872s
 6461926 3357283 14614.0000   59   22 15660.0000 9637.40114  38.5%  11.6  876s
 6478225 3365393 infeasible   67      15660.0000 9638.53370  38.5%  11.6  880s
 6506069 3379338 10238.0000   53   45 15660.0000 9640.82926  38.4%  11.6  885s
 6532456 3394681 15298.0907   66   23 15660.0000 9642.67462  38.4%  11.6  890s
 6561265 3407925 11323.2515   58   34 15660.0000 9644.80061  38.4%  11.6  895s
 6577777 3415053 15531.0000   54   18 15660.0000 9646.00000  38.4%  11.6  900s
 6605838 3429116 infeasible   65      15660.0000 9648.00000  38.4%  11.6  905s
 6633814 3444545 13721.0000   58   26 15660.0000 9649.76463  38.4%  11.6  910s
 6662453 3458187 14803.0000   68   18 15660.0000 9651.69515  38.4%  11.6  915s
 6687979 3472044 12914.7502   51   24 15660.0000 9653.38073  38.4%  11.6  920s
 6708477 3480865 infeasible   57      15660.0000 9654.78583  38.3%  11.6  926s
 6724399 3489398 12275.0000   56   34 15660.0000 9656.00000  38.3%  11.6  930s
 6754624 3504704 infeasible   69      15660.0000 9658.01538  38.3%  11.6  935s
 6781337 3518625 14365.0000   64   21 15660.0000 9660.00674  38.3%  11.6  940s
 6808999 3532811 12099.9209   53   42 15660.0000 9661.76146  38.3%  11.6  945s
 6835406 3548255 13689.4420   54   27 15660.0000 9663.35994  38.3%  11.6  950s
 6863353 3560301 infeasible   67      15660.0000 9665.03695  38.3%  11.6  955s
 6887900 3574382 11065.3295   50   33 15660.0000 9667.27443  38.3%  11.6  960s
 6916592 3588952 11065.0493   50   36 15660.0000 9669.21301  38.3%  11.6  965s
 6943672 3601266 15272.0000   56   22 15660.0000 9671.00000  38.2%  11.6  970s
 6969262 3615544 12616.0000   56   24 15660.0000 9672.88910  38.2%  11.6  975s
 6997126 3629645 13456.0000   61   25 15660.0000 9674.68027  38.2%  11.6  980s
 7025780 3643909 15551.0000   77   19 15660.0000 9676.29174  38.2%  11.6  985s
 7035752 3648384 14469.0000   52   29 15660.0000 9676.85815  38.2%  11.6  990s
H7035760 3647221                    15652.000000 9676.85815  38.2%  11.6  990s
 7048052 3656424 15090.8603   79   14 15652.0000 9677.27148  38.2%  11.6  995s
 7075896 3667909 12441.0000   51   25 15652.0000 9678.74087  38.2%  11.6 1000s
 7085556 3672223 10515.0000   55   36 15652.0000 9679.05579  38.2%  11.6 1007s
 7098615 3679130 13372.0000   60   32 15652.0000 9679.80051  38.2%  11.6 1010s
 7121372 3691561 infeasible   61      15652.0000 9680.88367  38.1%  11.6 1015s
 7148796 3705223 12795.5930   53   28 15652.0000 9682.01247  38.1%  11.6 1020s
 7177571 3718158 15372.0000   69   14 15652.0000 9683.88742  38.1%  11.6 1025s
 7203979 3732099 15139.8220   54   20 15652.0000 9685.00000  38.1%  11.6 1030s
 7233401 3746353 infeasible   72      15652.0000 9687.00000  38.1%  11.6 1035s
 7257926 3759757 12823.7192   55   28 15652.0000 9688.41358  38.1%  11.6 1040s
 7281230 3771421 14334.0000   68   26 15652.0000 9690.00000  38.1%  11.6 1045s
 7306763 3784989 14136.0000   65   22 15652.0000 9691.30814  38.1%  11.6 1050s
 7337102 3798358 12461.0000   60   30 15652.0000 9693.00000  38.1%  11.6 1055s
 7362996 3812335 11545.0000   54   39 15652.0000 9694.24468  38.1%  11.6 1060s
 7370257 3821979 13251.3494   54   21 15652.0000 9694.77221  38.1%  11.6 1069s
 7386273 3823096 14787.5577   52   22 15652.0000 9695.56247  38.1%  11.6 1071s
 7406189 3832588 14758.0000   63   23 15652.0000 9696.80751  38.0%  11.6 1075s
 7430870 3845598 14552.0000   66   21 15652.0000 9698.16701  38.0%  11.6 1080s
 7455583 3857975 11169.7941   44   32 15652.0000 9699.61199  38.0%  11.6 1085s
 7481921 3869423 12012.0000   54   32 15652.0000 9701.30407  38.0%  11.6 1090s
 7505885 3881503 12977.0000   54   23 15652.0000 9702.84263  38.0%  11.6 1095s
 7528171 3892521 11616.0000   43   29 15652.0000 9704.00000  38.0%  11.6 1100s
 7554757 3904448 14301.0000   60   25 15652.0000 9705.46552  38.0%  11.6 1105s
 7567818 3910578 15234.8794   62   24 15652.0000 9706.00000  38.0%  11.6 1110s
 7586597 3919941 12414.3588   55   31 15652.0000 9707.34066  38.0%  11.6 1115s
 7610565 3932408 13937.0000   60   24 15652.0000 9708.79245  38.0%  11.6 1120s
 7635345 3945135 12225.0000   57   29 15652.0000 9710.00000  38.0%  11.6 1125s
 7658906 3957440 14631.7033   68   25 15652.0000 9711.03965  38.0%  11.6 1130s
 7668487 3961058 14536.0000   59   27 15652.0000 9711.79528  38.0%  11.6 1135s
 7692382 3972616 infeasible   70      15652.0000 9713.00000  37.9%  11.6 1140s
 7718703 3986353 13508.0000   53   25 15652.0000 9714.22635  37.9%  11.6 1145s
 7743511 3999034 10403.2952   53   45 15652.0000 9715.76237  37.9%  11.6 1150s
 7753985 4003819 10835.0000   49   39 15652.0000 9716.16269  37.9%  11.6 1155s
 7772046 4012916 15244.4846   49   23 15652.0000 9717.09422  37.9%  11.6 1160s
 7795237 4024510 15210.2275   53   18 15652.0000 9718.77360  37.9%  11.6 1165s
 7820521 4037277 11952.5524   57   30 15652.0000 9720.00000  37.9%  11.6 1170s
 7842993 4049415 14106.6629   64   27 15652.0000 9721.29269  37.9%  11.6 1175s
 7866993 4061086 14867.1764   62   21 15652.0000 9722.73572  37.9%  11.6 1180s
 7892046 4073596 13153.0000   43   23 15652.0000 9724.00000  37.9%  11.6 1185s
 7915546 4087638 11273.7721   58   44 15652.0000 9725.00000  37.9%  11.6 1190s
 7938066 4097993 10838.7193   46   31 15652.0000 9726.39443  37.9%  11.6 1195s
 7966245 4109457 13140.0000   57   36 15652.0000 9728.00000  37.8%  11.6 1200s
 7970338 4112784 13981.7405   47   26 15652.0000 9728.00000  37.8%  11.6 1205s
 7994033 4124822 13916.2349   61   24 15652.0000 9729.25307  37.8%  11.6 1210s
 8019026 4135597 infeasible   63      15652.0000 9730.68095  37.8%  11.6 1215s
 8042095 4148159 12020.0000   63   26 15652.0000 9732.00000  37.8%  11.6 1220s
 8067781 4162860 13267.1153   58   27 15652.0000 9733.30470  37.8%  11.6 1225s
 8090162 4174188 15282.0000   54   24 15652.0000 9734.52895  37.8%  11.6 1230s
 8117689 4185530 14758.5637   63   25 15652.0000 9735.98791  37.8%  11.5 1235s
 8138761 4196205 12184.0000   55   27 15652.0000 9737.00000  37.8%  11.5 1240s
 8161814 4207856 14537.0000   62   20 15652.0000 9738.05358  37.8%  11.5 1245s
 8187719 4221153 10695.7158   52   39 15652.0000 9739.46321  37.8%  11.5 1250s
 8212012 4232025 infeasible   51      15652.0000 9740.61216  37.8%  11.5 1255s
 8220116 4235693 11379.4685   53   31 15652.0000 9741.02045  37.8%  11.5 1260s
 8239234 4245591 infeasible   77      15652.0000 9742.00000  37.8%  11.5 1265s
 8262032 4256787 14853.0000   62   24 15652.0000 9742.96799  37.8%  11.5 1270s
 8285195 4268265 infeasible   57      15652.0000 9744.00000  37.7%  11.5 1275s
 8306238 4280305 infeasible   67      15652.0000 9744.96367  37.7%  11.5 1280s
 8328654 4293123 infeasible   59      15652.0000 9745.95871  37.7%  11.5 1285s
 8351698 4304307 11053.2737   49   37 15652.0000 9746.89498  37.7%  11.5 1290s
 8374139 4315831 infeasible   67      15652.0000 9747.78583  37.7%  11.5 1295s
 8401313 4325533 infeasible   61      15652.0000 9748.96776  37.7%  11.5 1300s
 8409852 4329550 11785.0000   58   34 15652.0000 9749.24835  37.7%  11.5 1305s
 8432471 4340757 13998.7547   62   30 15652.0000 9750.37037  37.7%  11.5 1310s
 8456719 4352691 15259.0000   68   21 15652.0000 9751.57308  37.7%  11.5 1315s
 8480959 4364564 10770.3680   36   43 15652.0000 9752.73709  37.7%  11.5 1320s
 8490767 4368948 10874.0000   49   29 15652.0000 9753.00000  37.7%  11.5 1326s
 8505233 4376004 13778.2101   68   24 15652.0000 9754.00000  37.7%  11.5 1330s
 8510707 4378282 14980.0232   69   19 15652.0000 9754.00000  37.7%  11.5 1335s
 8527179 4389576 12903.0000   53   31 15652.0000 9755.00000  37.7%  11.5 1340s
 8552276 4399911 12039.0000   58   26 15652.0000 9756.00000  37.7%  11.5 1345s
 8577215 4410971 infeasible   57      15652.0000 9757.00000  37.7%  11.5 1350s
 8598454 4421533 13654.0000   60   21 15652.0000 9758.00000  37.7%  11.5 1355s
 8619786 4433683 10284.0000   49   43 15652.0000 9759.00000  37.7%  11.5 1360s
 8643488 4445338 infeasible   62      15652.0000 9760.23189  37.6%  11.5 1365s
 8665527 4456173 14580.0000   57   23 15652.0000 9761.24322  37.6%  11.5 1370s
 8686551 4467727 14728.3002   69   33 15652.0000 9762.40371  37.6%  11.5 1375s
 8706835 4477128 14063.7112   67   25 15652.0000 9763.26925  37.6%  11.5 1380s
 8729399 4489442 10818.1253   57   44 15652.0000 9764.16803  37.6%  11.5 1385s
 8754966 4500483 11044.0000   47   40 15652.0000 9765.00000  37.6%  11.5 1390s
 8776261 4511373 14614.0000   62   25 15652.0000 9766.00000  37.6%  11.5 1395s
 8782768 4514630 15116.7030   67   27 15652.0000 9766.31781  37.6%  11.5 1400s
 8802629 4525360 10878.2355   52   41 15652.0000 9767.15132  37.6%  11.5 1405s
 8824201 4535100 infeasible   56      15652.0000 9768.00000  37.6%  11.5 1413s
 8828326 4537918 12424.0000   49   25 15652.0000 9768.34774  37.6%  11.5 1415s
 8847758 4550374 15007.7792   72   24 15652.0000 9769.17690  37.6%  11.5 1420s
 8871686 4559663 12652.8184   66   26 15652.0000 9770.16552  37.6%  11.5 1425s
 8895913 4570833 13790.0000   62   26 15652.0000 9771.51607  37.6%  11.5 1430s
 8918220 4582108 13754.0091   58   22 15652.0000 9772.54510  37.6%  11.5 1435s
 8938569 4593471 14888.8678   56   22 15652.0000 9773.54519  37.6%  11.5 1440s
 8960252 4602937 11234.0000   59   34 15652.0000 9774.37860  37.6%  11.5 1445s
 8982388 4613638 12846.0000   56   26 15652.0000 9775.44115  37.5%  11.5 1450s
 8999202 4625665 15007.4629   59   19 15652.0000 9776.06985  37.5%  11.5 1455s
 9020546 4634749 13746.6910   55   26 15652.0000 9777.00000  37.5%  11.5 1460s
 9042530 4646715 15145.3253   59   20 15652.0000 9778.00000  37.5%  11.5 1465s
 9065530 4655650 11311.0000   47   32 15652.0000 9779.00000  37.5%  11.5 1470s
 9086824 4668594 13550.0000   54   25 15652.0000 9779.80650  37.5%  11.5 1475s
 9108670 4678696 12413.3710   57   30 15652.0000 9780.68754  37.5%  11.5 1480s
 9116309 4679751 10255.7436   52   39 15652.0000 9781.00000  37.5%  11.5 1486s
 9130012 4690211 12815.0000   57   33 15652.0000 9781.53502  37.5%  11.5 1491s
 9150770 4700836 12115.9305   50   37 15652.0000 9782.34511  37.5%  11.5 1496s
 9170651 4708181 11798.0000   50   33 15652.0000 9783.00000  37.5%  11.5 1500s
 9192749 4718268 infeasible   72      15652.0000 9783.80184  37.5%  11.5 1505s
 9211612 4726964 10097.7910   45   47 15652.0000 9784.59721  37.5%  11.5 1513s
 9217270 4732559 14054.3040   61   30 15652.0000 9784.94534  37.5%  11.5 1516s
 9238695 4740824 14731.3920   82   24 15652.0000 9785.72887  37.5%  11.5 1520s
 9257751 4753855 15525.0000   68   24 15652.0000 9786.56359  37.5%  11.5 1525s
 9279077 4761284 13987.4266   63   29 15652.0000 9787.45995  37.5%  11.5 1530s
 9300742 4772044 infeasible   71      15652.0000 9788.11785  37.5%  11.5 1535s
 9320165 4782869 11516.0000   51   37 15652.0000 9789.00000  37.5%  11.5 1540s
 9341380 4792461 12675.6436   56   33 15652.0000 9789.86367  37.5%  11.5 1545s
 9361580 4803895 14777.0000   53   24 15652.0000 9790.80565  37.4%  11.5 1550s
 9382121 4813874 12890.0000   60   27 15652.0000 9791.70720  37.4%  11.5 1555s
 9403434 4824725 14239.3282   62   30 15652.0000 9792.55253  37.4%  11.5 1560s
 9422963 4832635 13502.6896   50   23 15652.0000 9793.39870  37.4%  11.5 1568s
 9430141 4836773 11662.0000   59   32 15652.0000 9793.72131  37.4%  11.5 1570s
 9447148 4846526 11591.4537   45   29 15652.0000 9794.33585  37.4%  11.5 1575s
 9469783 4856092 infeasible   66      15652.0000 9795.30834  37.4%  11.5 1580s
 9489389 4865702 12698.1352   45   35 15652.0000 9796.03664  37.4%  11.5 1585s
 9509250 4875553 12313.7593   50   33 15652.0000 9797.00000  37.4%  11.5 1592s
 9519556 4880682 12387.7642   50   30 15652.0000 9797.33836  37.4%  11.5 1595s
 9538674 4890948 13732.0000   57   21 15652.0000 9798.00000  37.4%  11.5 1600s
 9558681 4900674 infeasible   66      15652.0000 9799.00000  37.4%  11.5 1605s
 9578832 4911134 12179.4403   49   30 15652.0000 9799.61833  37.4%  11.5 1610s
 9598102 4918883 infeasible   65      15652.0000 9800.00000  37.4%  11.5 1615s
 9617716 4928692 infeasible   63      15652.0000 9801.00000  37.4%  11.5 1620s
 9632889 4939436 12352.0000   57   24 15652.0000 9801.64600  37.4%  11.5 1625s
 9654563 4949035 14922.3590   56   33 15652.0000 9802.31850  37.4%  11.5 1630s
 9676954 4957871 infeasible   53      15652.0000 9803.22514  37.4%  11.5 1635s
 9695991 4966785 10789.3535   47   38 15652.0000 9804.00000  37.4%  11.5 1643s
 9698949 4969112 13151.3647   67   26 15652.0000 9804.14400  37.4%  11.5 1645s
 9716453 4978806 14525.3878   60   33 15652.0000 9805.00000  37.4%  11.5 1650s
 9737359 4989421 15094.6325   68   20 15652.0000 9805.88860  37.4%  11.5 1655s
 9757370 4998756 12483.3728   66   31 15652.0000 9806.27768  37.3%  11.5 1660s
 9778193 5007959 15576.2275   61   21 15652.0000 9807.00000  37.3%  11.5 1665s
 9799494 5019306 11119.9945   54   40 15652.0000 9808.00000  37.3%  11.5 1670s
 9818823 5029388 12926.8275   58   32 15652.0000 9808.62849  37.3%  11.5 1675s
 9837331 5038926 11547.0393   49   36 15652.0000 9809.33101  37.3%  11.5 1680s
 9857425 5047667 15149.6449   49   25 15652.0000 9810.00000  37.3%  11.5 1685s
 9877327 5058473 13909.5194   72   21 15652.0000 9811.00000  37.3%  11.5 1690s
 9897942 5067489 infeasible   63      15652.0000 9811.68777  37.3%  11.5 1695s
 9918586 5077941 infeasible   73      15652.0000 9812.42471  37.3%  11.5 1700s
 9919633 5077945 11779.2154   56   26 15652.0000 9812.49815  37.3%  11.5 1705s
 9932121 5084161 12345.1914   57   29 15652.0000 9813.00000  37.3%  11.5 1713s
 9932367 5091288 12752.1914   58   27 15652.0000 9813.00000  37.3%  11.5 1719s
 9948383 5095387 13953.0000   66   22 15652.0000 9813.82128  37.3%  11.5 1722s
 9962969 5099735 13280.0000   45   25 15652.0000 9814.18910  37.3%  11.5 1725s
 9979695 5111325 14333.3383   54   22 15652.0000 9815.00000  37.3%  11.5 1730s
 9987943 5111335 infeasible   58      15652.0000 9815.00000  37.3%  11.5 1735s
 9999829 5118921 11665.0000   53   30 15652.0000 9815.65337  37.3%  11.5 1740s
 10020169 5128352 12158.5162   62   28 15652.0000 9816.42458  37.3%  11.5 1745s
 10040844 5137700 12426.5410   52   32 15652.0000 9817.00000  37.3%  11.5 1750s
 10059741 5146978 infeasible   69      15652.0000 9817.65612  37.3%  11.5 1755s
 10079532 5158389 14395.4969   54   22 15652.0000 9818.10114  37.3%  11.5 1760s
 10098602 5167273 11347.4063   56   35 15652.0000 9818.93907  37.3%  11.5 1765s
 10115610 5175709 13246.4905   59   31 15652.0000 9819.47524  37.3%  11.5 1770s
 10137889 5185536 10345.2916   45   48 15652.0000 9820.16071  37.3%  11.5 1775s
 10154386 5194645 10413.2083   48   37 15652.0000 9820.97976  37.3%  11.5 1780s
 10173797 5204226 12649.0000   64   28 15652.0000 9821.54465  37.3%  11.5 1785s
 10196222 5215155 11800.7639   51   34 15652.0000 9822.26653  37.2%  11.5 1790s
 10213877 5223748 14292.8186   56   26 15652.0000 9823.00000  37.2%  11.5 1795s
 10232505 5232816 infeasible   63      15652.0000 9823.79612  37.2%  11.5 1800s
 10253273 5241921 infeasible   54      15652.0000 9824.52366  37.2%  11.5 1805s
 10263332 5246341 11632.9145   62   32 15652.0000 9825.00000  37.2%  11.5 1812s
 10270027 5253410 11417.0000   50   36 15652.0000 9825.15959  37.2%  11.5 1816s
 10288513 5262791 13314.6337   54   25 15652.0000 9826.00000  37.2%  11.5 1821s
 10307904 5269215 13440.5535   57   30 15652.0000 9826.80317  37.2%  11.5 1825s
 10327337 5278552 11185.0000   53   33 15652.0000 9827.57169  37.2%  11.5 1830s
 10345249 5287040 11482.0000   46   32 15652.0000 9828.14730  37.2%  11.5 1835s
 10364973 5296540 12846.3882   61   28 15652.0000 9829.00000  37.2%  11.4 1840s
 10384085 5305694 14411.1736   63   24 15652.0000 9829.65727  37.2%  11.4 1845s
 10402466 5314476 10851.2252   54   42 15652.0000 9830.17924  37.2%  11.4 1850s
 10422927 5325286 14842.0000   66   23 15652.0000 9831.00000  37.2%  11.4 1855s
 10439835 5334246 13481.3731   60   26 15652.0000 9831.61536  37.2%  11.4 1860s
 10457962 5344635 11545.2849   58   34 15652.0000 9832.11277  37.2%  11.4 1865s
 10479486 5354403 14771.7878   67   24 15652.0000 9832.92783  37.2%  11.4 1870s
 10499359 5363161 14227.0000   75   22 15652.0000 9833.52426  37.2%  11.4 1875s
 10519987 5373499 14779.0000   61   27 15652.0000 9834.22372  37.2%  11.4 1880s
 10538347 5380575 15352.5188   68   14 15652.0000 9834.98453  37.2%  11.4 1885s
 10556920 5389572     cutoff   67      15652.0000 9835.62652  37.2%  11.4 1890s
 10562294 5391914 14818.0000   53   26 15652.0000 9835.80126  37.2%  11.4 1895s
 10575426 5400718 14582.0000   47   25 15652.0000 9836.00000  37.2%  11.4 1900s
 10596490 5409102 11560.8878   57   35 15652.0000 9836.68934  37.2%  11.4 1905s
 10612544 5417799 13775.0000   66   21 15652.0000 9837.16030  37.2%  11.4 1910s
 10632161 5428485 13027.9027   59   26 15652.0000 9838.00000  37.1%  11.4 1916s
 10650733 5436324 14568.8877   54   26 15652.0000 9838.76103  37.1%  11.4 1920s
 10669808 5444430 infeasible   64      15652.0000 9839.36237  37.1%  11.4 1925s
 10681508 5449707 14134.7495   43   22 15652.0000 9840.00000  37.1%  11.4 1933s
 10685432 5452186 11472.0000   61   34 15652.0000 9840.01058  37.1%  11.4 1935s
 10706231 5461774 infeasible   66      15652.0000 9840.83486  37.1%  11.4 1940s
 10724809 5471476 13704.6148   61   26 15652.0000 9841.45941  37.1%  11.4 1945s
 10742715 5481489 10361.0000   54   40 15652.0000 9842.00000  37.1%  11.4 1950s
 10761841 5490329 12421.1853   51   27 15652.0000 9843.00000  37.1%  11.4 1955s
 10780770 5498421 12005.0815   45   36 15652.0000 9843.74085  37.1%  11.4 1960s
 10787448 5501010 13006.2870   45   31 15652.0000 9844.00000  37.1%  11.4 1965s
 10803295 5511026 10299.0000   54   34 15652.0000 9844.58378  37.1%  11.4 1970s
 10822680 5519019 infeasible   70      15652.0000 9845.09006  37.1%  11.4 1975s
 10841482 5528567 13546.2009   67   24 15652.0000 9846.00000  37.1%  11.4 1980s
 10845779 5529471 15113.6808   69   23 15652.0000 9846.00000  37.1%  11.4 1986s
 10853616 5536378 14155.1182   62   30 15652.0000 9846.53034  37.1%  11.4 1990s
 10878101 5544638 11725.0000   49   39 15652.0000 9847.34178  37.1%  11.4 1995s
 10894647 5556243 14587.7757   60   23 15652.0000 9848.00000  37.1%  11.4 2001s
 10910542 5561862 13679.2587   49   28 15652.0000 9848.71678  37.1%  11.4 2005s
 10928887 5570757 10238.5174   56   36 15652.0000 9849.39199  37.1%  11.4 2010s
 10947909 5579967 14354.0000   65   30 15652.0000 9850.02024  37.1%  11.4 2015s
 10967856 5588397 10998.0000   51   31 15652.0000 9850.82980  37.1%  11.4 2020s
 10983396 5596708 12565.0000   54   32 15652.0000 9851.21397  37.1%  11.4 2025s
 11002995 5605807 infeasible   62      15652.0000 9852.00000  37.1%  11.4 2030s
 11021503 5615226 11812.3493   39   31 15652.0000 9852.87430  37.1%  11.4 2035s
 11037658 5623441 12926.0000   53   22 15652.0000 9853.47978  37.0%  11.4 2040s
 11056565 5632594 13365.0000   59   20 15652.0000 9854.01309  37.0%  11.4 2045s
 11077167 5641618 infeasible   59      15652.0000 9855.00000  37.0%  11.4 2050s
 11091958 5649000 11640.0000   45   28 15652.0000 9855.61313  37.0%  11.4 2055s
 11100747 5653046 14610.4449   58   17 15652.0000 9856.00000  37.0%  11.4 2060s
 11113400 5659250 infeasible   58      15652.0000 9856.39391  37.0%  11.4 2065s
 11131014 5670454 13213.7012   58   31 15652.0000 9857.00000  37.0%  11.4 2071s
 11150213 5677027     cutoff   66      15652.0000 9857.87609  37.0%  11.4 2075s
 11151159 5677040 14409.8525   63   22 15652.0000 9857.97259  37.0%  11.4 2080s
 11151178 5684046 14963.9433   64   20 15652.0000 9857.97548  37.0%  11.4 2086s
 11170693 5689542 14484.0936   66   31 15652.0000 9858.66914  37.0%  11.4 2090s
 11190492 5695791 infeasible   69      15652.0000 9859.06203  37.0%  11.4 2095s
 11205932 5704307 12380.0000   46   27 15652.0000 9859.70666  37.0%  11.4 2100s
 11222378 5714688 14356.0000   54   23 15652.0000 9860.14689  37.0%  11.4 2105s
 11241870 5722071 13254.3990   47   21 15652.0000 9861.00000  37.0%  11.4 2110s
 11258670 5729614 14638.9027   63   30 15652.0000 9861.54754  37.0%  11.4 2115s
 11276371 5737822 infeasible   61      15652.0000 9862.19381  37.0%  11.4 2120s
 11296795 5746886 infeasible   66      15652.0000 9862.97855  37.0%  11.4 2125s
 11308520 5756198 infeasible   63      15652.0000 9863.22418  37.0%  11.4 2130s
 11327963 5763612 11690.8423   54   25 15652.0000 9863.97115  37.0%  11.4 2135s
 11345646 5771918 13314.3615   39   34 15652.0000 9864.38857  37.0%  11.4 2140s
 11364221 5780654 11960.3706   56   35 15652.0000 9865.00000  37.0%  11.4 2145s
 11382444 5788316 15525.0000   57   18 15652.0000 9865.65382  37.0%  11.4 2150s
 11398597 5796414 14675.1775   57   25 15652.0000 9866.00000  37.0%  11.4 2155s
 11406098 5799328 13599.4191   55   27 15652.0000 9866.43170  37.0%  11.4 2162s
 11410732 5804167 13672.0000   59   22 15652.0000 9866.68883  37.0%  11.4 2165s
 11428773 5810432 infeasible   68      15652.0000 9867.00000  37.0%  11.4 2170s
 11447600 5819318 11324.5617   58   39 15652.0000 9868.00000  37.0%  11.4 2175s
 11455262 5822453 15441.6107   69   20 15652.0000 9868.18951  37.0%  11.4 2183s
 11459036 5824859 infeasible   54      15652.0000 9868.41855  37.0%  11.4 2185s
 11475623 5832319 9891.00000   48   53 15652.0000 9869.00000  36.9%  11.4 2190s
 11488199 5841422 15486.9161   67   21 15652.0000 9869.57888  36.9%  11.4 2195s
 11509185 5848283 infeasible   64      15652.0000 9870.25032  36.9%  11.4 2200s
 11526344 5857870 13730.2275   60   33 15652.0000 9870.87661  36.9%  11.4 2205s
 11543027 5864228 infeasible   61      15652.0000 9871.30648  36.9%  11.4 2210s
 11561848 5872776 13467.1952   66   30 15652.0000 9872.00000  36.9%  11.4 2215s
 11576648 5882566 13194.0610   67   33 15652.0000 9872.50329  36.9%  11.4 2221s
 11594115 5887425 12808.0000   68   24 15652.0000 9873.00000  36.9%  11.4 2229s
 11594201 5887819 12835.0000   69   28 15652.0000 9873.00000  36.9%  11.4 2230s
 11606990 5894944 14832.2275   57   22 15652.0000 9873.72676  36.9%  11.4 2235s
 11625848 5902719 13175.0000   47   39 15652.0000 9874.34419  36.9%  11.4 2240s
 11639651 5913288 11934.0000   47   22 15652.0000 9875.00000  36.9%  11.4 2245s
 11658133 5919062 13271.0883   62   26 15652.0000 9875.62737  36.9%  11.4 2250s
 11673747 5926595 11390.0000   58   31 15652.0000 9876.00000  36.9%  11.4 2255s
 11691682 5933631 infeasible   51      15652.0000 9876.99111  36.9%  11.4 2260s
 11707392 5943572 13661.0000   57   31 15652.0000 9877.30486  36.9%  11.4 2266s
 11721418 5949457 11515.0000   58   34 15652.0000 9877.97765  36.9%  11.4 2270s
 11740497 5956727 13854.0000   61   30 15652.0000 9878.49951  36.9%  11.4 2275s
 11757632 5964952 infeasible   81      15652.0000 9879.00000  36.9%  11.4 2280s
 11771623 5974949 infeasible   60      15652.0000 9879.49003  36.9%  11.4 2285s
 11779330 5974962 11255.0000   56   33 15652.0000 9879.74926  36.9%  11.4 2291s
 11786367 5978757 13481.0000   61   27 15652.0000 9880.00000  36.9%  11.4 2295s
 11801563 5986398 14271.0000   68   23 15652.0000 9880.42666  36.9%  11.4 2300s
 11814689 5996559 13353.5338   64   22 15652.0000 9881.00000  36.9%  11.4 2305s
 11836450 6003165 12995.0000   66   26 15652.0000 9881.67834  36.9%  11.4 2310s
 11851558 6010054 infeasible   80      15652.0000 9882.00000  36.9%  11.4 2315s
 11867605 6017525 14895.0000   59   20 15652.0000 9882.60397  36.9%  11.4 2320s
 11881679 6027713 infeasible   68      15652.0000 9883.00000  36.9%  11.4 2325s
 11903104 6034794 15155.0000   65   19 15652.0000 9883.78707  36.9%  11.4 2330s
 11916082 6040866 12530.6315   55   41 15652.0000 9884.00000  36.9%  11.4 2335s
 11935505 6050253 14566.0000   54   23 15652.0000 9884.72776  36.8%  11.4 2340s
 11948904 6058665 13416.7273   53   36 15652.0000 9885.06864  36.8%  11.4 2345s
 11966102 6066458 9886.68360   45   43 15652.0000 9885.78914  36.8%  11.4 2350s
 11984473 6074077 infeasible   73      15652.0000 9886.17780  36.8%  11.4 2355s
 12000555 6081682 11570.7568   42   45 15652.0000 9886.85450  36.8%  11.4 2360s
 12016906 6090610 11288.2664   53   36 15652.0000 9887.24184  36.8%  11.4 2365s
 12034161 6100150 14076.0000   55   21 15652.0000 9887.94203  36.8%  11.4 2371s
 12049369 6107231 12002.7636   61   28 15652.0000 9888.27637  36.8%  11.4 2375s
 12066261 6113861 11956.5739   50   28 15652.0000 9888.92544  36.8%  11.4 2380s
 12078540 6122463 14197.1636   59   29 15652.0000 9889.23946  36.8%  11.4 2385s
 12094519 6126179 14556.0000   59   30 15652.0000 9889.93091  36.8%  11.4 2395s
 12094538 6126189 15361.1759   60   26 15652.0000 9889.93091  36.8%  11.4 2400s
 12104069 6131898 14271.6852   60   24 15652.0000 9890.12349  36.8%  11.4 2405s
 12117763 6139434 11316.0244   56   40 15652.0000 9890.84008  36.8%  11.4 2410s
 12133612 6144937 10861.8267   49   34 15652.0000 9891.05639  36.8%  11.4 2415s
 12146300 6153716 14753.6660   51   21 15652.0000 9891.74659  36.8%  11.4 2420s
 12166640 6160678 infeasible   85      15652.0000 9892.28964  36.8%  11.4 2425s
 12182043 6169273 15104.0000   62   21 15652.0000 9893.00000  36.8%  11.4 2430s
 12197790 6176649 15343.1906   65   21 15652.0000 9893.55140  36.8%  11.4 2435s
 12211538 6184463 11251.3439   62   32 15652.0000 9894.00000  36.8%  11.4 2440s
 12232477 6192633 15468.1679   56   23 15652.0000 9894.86213  36.8%  11.4 2445s
 12247342 6199995 13699.0000   52   25 15652.0000 9895.22746  36.8%  11.4 2450s
 12264818 6208253 15349.7331   61   20 15652.0000 9896.00000  36.8%  11.4 2455s
 12281747 6216581 infeasible   68      15652.0000 9896.42409  36.8%  11.4 2460s
 12297949 6224649 10357.0000   48   42 15652.0000 9897.00000  36.8%  11.4 2465s
 12311197 6230704 infeasible   61      15652.0000 9897.46349  36.8%  11.4 2472s
 12319444 6236740 12891.0059   59   30 15652.0000 9897.91621  36.8%  11.4 2475s
 12334378 6243477 13847.4886   54   23 15652.0000 9898.20616  36.8%  11.4 2480s
 12351844 6251017 13670.1865   43   26 15652.0000 9898.83021  36.8%  11.4 2485s
 12367790 6258310 13151.2384   55   35 15652.0000 9899.31797  36.8%  11.4 2490s
 12382302 6266523 12021.3023   53   32 15652.0000 9899.92535  36.7%  11.4 2495s
 12394782 6273150 9949.12317   49   39 15652.0000 9900.00000  36.7%  11.4 2500s
 12408379 6280580 14000.4965   70   28 15652.0000 9900.65849  36.7%  11.4 2505s
 12428061 6286265 14893.0000   51   15 15652.0000 9901.00000  36.7%  11.4 2510s
 12443280 6294624 infeasible   58      15652.0000 9901.57612  36.7%  11.4 2515s
 12460668 6302519 14975.0000   66   27 15652.0000 9902.00000  36.7%  11.4 2520s
 12475050 6307836 11453.0000   51   32 15652.0000 9902.39633  36.7%  11.4 2531s
 12482631 6313462 14198.4776   68   32 15652.0000 9902.79800  36.7%  11.4 2535s
 12503295 6321063 12839.4403   59   28 15652.0000 9903.00000  36.7%  11.4 2541s
 12515664 6327361 14072.0000   55   27 15652.0000 9903.74244  36.7%  11.4 2545s
 12526415 6331956 11504.0000   52   33 15652.0000 9904.00000  36.7%  11.4 2552s
 12533875 6336135 11477.2028   53   34 15652.0000 9904.22746  36.7%  11.4 2555s
 12545053 6343260 13959.6736   49   32 15652.0000 9904.68998  36.7%  11.4 2560s
 12564120 6353609 10925.1202   47   42 15652.0000 9905.01468  36.7%  11.4 2566s
 12578418 6359155 13755.8949   66   26 15652.0000 9905.50033  36.7%  11.4 2570s
 12596594 6366900 12394.0000   68   34 15652.0000 9906.00000  36.7%  11.4 2575s
 12613113 6374963 13276.0000   58   30 15652.0000 9906.38695  36.7%  11.4 2580s
 12629810 6382815 infeasible   71      15652.0000 9907.00000  36.7%  11.4 2585s
 12645677 6390218 15211.0000   61   20 15652.0000 9907.28489  36.7%  11.4 2590s
 12661549 6398361 13763.0000   67   32 15652.0000 9907.88304  36.7%  11.4 2595s
 12678255 6406707 11814.3465   64   29 15652.0000 9908.18780  36.7%  11.4 2600s
 12692797 6415689 11579.1933   54   34 15652.0000 9908.88254  36.7%  11.4 2606s
 12708983 6421557 infeasible   76      15652.0000 9909.00000  36.7%  11.4 2610s
 12725210 6431143 13485.4467   52   30 15652.0000 9909.82678  36.7%  11.4 2615s
 12733581 6433258 14033.0000   52   21 15652.0000 9910.00000  36.7%  11.4 2624s
 12733600 6440414 15561.6512   53   23 15652.0000 9910.00000  36.7%  11.4 2630s
 12752560 6445367 14704.4266   57   22 15652.0000 9910.72591  36.7%  11.4 2635s
 12769533 6451658 10426.0000   46   41 15652.0000 9911.16224  36.7%  11.4 2640s
 12782685 6460531 12608.2160   53   38 15652.0000 9911.85003  36.7%  11.4 2645s
 12802357 6466489 infeasible   64      15652.0000 9912.36802  36.7%  11.4 2650s
 12817740 6475128 11802.0000   56   29 15652.0000 9913.00000  36.7%  11.4 2655s
 12832040 6481564 13253.4167   56   28 15652.0000 9913.50549  36.7%  11.4 2660s
 12845936 6489877 14360.9537   69   26 15652.0000 9914.00000  36.7%  11.4 2665s
 12862831 6495525 13984.2496   54   33 15652.0000 9914.52980  36.7%  11.4 2670s
 12864790 6496174 11784.0961   45   30 15652.0000 9914.69610  36.7%  11.4 2676s
 12872232 6500550 12752.8471   45   30 15652.0000 9914.98816  36.7%  11.4 2680s
 12885741 6507995 15479.0000   71   22 15652.0000 9915.27144  36.7%  11.4 2685s
 12901798 6515582 13631.0000   55   27 15652.0000 9915.97513  36.6%  11.4 2690s
 12915844 6522369 14827.0000   55   33 15652.0000 9916.29905  36.6%  11.4 2695s
 12933184 6529562 14467.0000   69   22 15652.0000 9917.00000  36.6%  11.4 2700s
 12947141 6536363 11611.0000   59   26 15652.0000 9917.29791  36.6%  11.4 2705s
 12960550 6544296 13472.0000   52   20 15652.0000 9917.84425  36.6%  11.4 2710s
 12978111 6555817 11228.0000   52   36 15652.0000 9918.24795  36.6%  11.4 2716s
 12993303 6559026 13542.2942   49   29 15652.0000 9918.76938  36.6%  11.4 2720s
 13007507 6565000 11397.0000   55   37 15652.0000 9919.00000  36.6%  11.4 2730s
 13020001 6571280 infeasible   62      15652.0000 9919.57015  36.6%  11.4 2735s
 13033500 6579371 14069.0000   51   26 15652.0000 9920.00000  36.6%  11.4 2740s
 13051759 6586773 infeasible   52      15652.0000 9920.64924  36.6%  11.4 2745s
 13063502 6595476 13252.0000   60   35 15652.0000 9921.00000  36.6%  11.4 2750s
 13080169 6600919 10330.5652   59   38 15652.0000 9921.55396  36.6%  11.4 2755s
 13092830 6607694 12198.9714   54   31 15652.0000 9922.00000  36.6%  11.4 2760s
 13108204 6616259 12625.4425   66   28 15652.0000 9922.31299  36.6%  11.4 2765s
 13116292 6616684 12357.7775   58   33 15652.0000 9922.64495  36.6%  11.4 2773s
 13118606 6618365 11286.0000   53   35 15652.0000 9922.76224  36.6%  11.4 2775s
 13128842 6626645 13901.0000   64   25 15652.0000 9923.00000  36.6%  11.4 2780s
 13148752 6632864 11560.7283   53   37 15652.0000 9923.55170  36.6%  11.4 2785s
 13162174 6639695 15063.2563   67   18 15652.0000 9923.99016  36.6%  11.4 2790s
 13180074 6647394 11919.9673   53   28 15652.0000 9924.32005  36.6%  11.4 2795s
 13190684 6654114 12665.1659   61   26 15652.0000 9924.73062  36.6%  11.4 2800s
 13208582 6660907 12674.9134   51   26 15652.0000 9925.00000  36.6%  11.4 2805s
 13222345 6668595 11237.2402   49   27 15652.0000 9925.45740  36.6%  11.4 2810s
 13237559 6676007 13177.5947   66   24 15652.0000 9926.00000  36.6%  11.4 2815s
 13251759 6683037 12914.2968   72   35 15652.0000 9926.18797  36.6%  11.4 2820s
 13266302 6689756 infeasible   64      15652.0000 9926.66870  36.6%  11.4 2825s
 13281453 6696621 10016.6532   59   41 15652.0000 9927.00000  36.6%  11.4 2830s
 13297489 6704495 14176.7946   58   26 15652.0000 9927.47012  36.6%  11.4 2835s
 13311355 6711193 15638.0000   75   23 15652.0000 9927.97570  36.6%  11.4 2840s
 13325565 6719591 12097.6032   56   33 15652.0000 9928.00000  36.6%  11.4 2845s
 13344772 6725692 12971.6139   55   30 15652.0000 9928.71494  36.6%  11.4 2850s
 13359299 6732504 14229.0000   57   21 15652.0000 9929.00573  36.6%  11.4 2855s
 13370246 6740537 13427.0000   61   27 15652.0000 9929.49962  36.6%  11.4 2860s
 13388734 6746376 15207.0000   70   21 15652.0000 9930.00000  36.6%  11.4 2865s
 13400611 6753216 11205.5034   54   31 15652.0000 9930.39034  36.6%  11.4 2870s
 13413452 6761807 14117.9531   57   23 15652.0000 9930.96397  36.6%  11.4 2875s
 13432404 6767579 15010.0000   63   25 15652.0000 9931.40363  36.5%  11.4 2880s
 13446784 6774164 13801.9957   59   28 15652.0000 9931.98167  36.5%  11.4 2885s
 13447711 6774180 11280.2358   54   33 15652.0000 9932.00000  36.5%  11.4 2892s
 13451764 6776522 13466.0000   60   22 15652.0000 9932.00000  36.5%  11.4 2895s
 13467011 6784001 infeasible   65      15652.0000 9932.48395  36.5%  11.4 2900s
 13477707 6789082     cutoff   66      15652.0000 9932.81570  36.5%  11.4 2910s
 13477729 6796423 infeasible   65      15652.0000 9932.81570  36.5%  11.4 2916s
 13493745 6799873 13179.9641   63   23 15652.0000 9933.13824  36.5%  11.4 2920s
 13510533 6805678 12922.9093   58   30 15652.0000 9933.90030  36.5%  11.4 2925s
 13522831 6814289 13499.0000   61   27 15652.0000 9934.13449  36.5%  11.4 2930s
 13541181 6820104 14265.0000   61   23 15652.0000 9934.83633  36.5%  11.4 2935s
 13555004 6826014 14946.4445   63   31 15652.0000 9935.00000  36.5%  11.4 2940s
 13565812 6834581 12447.7207   61   27 15652.0000 9935.58041  36.5%  11.4 2945s
 13584198 6839870 10836.0646   44   39 15652.0000 9936.00000  36.5%  11.4 2950s
 13599205 6847368 15167.8423   60   22 15652.0000 9936.62338  36.5%  11.4 2955s
 13616237 6855275 11827.0000   58   34 15652.0000 9937.00000  36.5%  11.4 2960s
 13629136 6861875 15184.0000   63   21 15652.0000 9937.64717  36.5%  11.4 2965s
 13643322 6869140 13558.0000   57   29 15652.0000 9938.00884  36.5%  11.4 2970s
 13659236 6876339 15140.0000   61   20 15652.0000 9938.65929  36.5%  11.4 2975s
 13671833 6886615 13578.5771   60   25 15652.0000 9939.00000  36.5%  11.4 2981s
 13688185 6890439 infeasible   57      15652.0000 9939.54934  36.5%  11.4 2985s
 13702160 6897162 13164.0000   56   31 15652.0000 9940.00000  36.5%  11.4 2990s
 13718012 6904762 infeasible   62      15652.0000 9940.41159  36.5%  11.4 2995s
 13731283 6911248 15598.0000   69   14 15652.0000 9941.00000  36.5%  11.4 3000s
 13746197 6918528 10055.0000   60   41 15652.0000 9941.18806  36.5%  11.4 3005s
 13747024 6918589 14247.0000   73   25 15652.0000 9941.22489  36.5%  11.4 3010s
 13760271 6924925 infeasible   76      15652.0000 9941.83741  36.5%  11.4 3023s
 13760323 6931895 10326.0246   61   41 15652.0000 9941.84107  36.5%  11.4 3029s
 13763326 6931895 10340.5932   48   32 15652.0000 9941.85321  36.5%  11.4 3030s
 13784277 6937462 11301.3785   64   28 15652.0000 9942.52301  36.5%  11.4 3036s
 13797342 6942957 12851.7420   60   33 15652.0000 9943.00000  36.5%  11.4 3040s
 13814894 6950491 10926.0000   56   36 15652.0000 9943.33368  36.5%  11.4 3045s
 13827473 6959809 12964.8787   53   30 15652.0000 9943.84608  36.5%  11.4 3051s
 13841561 6963088 14494.0000   71   28 15652.0000 9944.14880  36.5%  11.4 3055s
 13856840 6970238 infeasible   71      15652.0000 9944.62389  36.5%  11.4 3060s
 13870356 6980805 14276.0000   68   24 15652.0000 9945.00000  36.5%  11.4 3066s
 13885541 6984514 13982.8214   49   30 15652.0000 9945.54898  36.5%  11.4 3070s
 13900384 6991445 11929.5073   51   30 15652.0000 9945.90037  36.5%  11.4 3075s
 13913521 6997730 infeasible   66      15652.0000 9946.19573  36.5%  11.4 3080s
 13925629 7005150 15422.0000   64   23 15652.0000 9946.57181  36.5%  11.4 3085s
 13938858 7012735 13944.5676   55   26 15652.0000 9947.00000  36.4%  11.4 3091s
 13952609 7017860 12208.0225   50   31 15652.0000 9947.36921  36.4%  11.4 3095s
 13969291 7025590 10885.7606   62   38 15652.0000 9947.97986  36.4%  11.4 3101s
 13980595 7032821 infeasible   61      15652.0000 9948.00887  36.4%  11.4 3105s
 13995435 7037014 12604.3102   58   29 15652.0000 9948.56569  36.4%  11.4 3110s
 14011215 7044375 15624.0000   68   20 15652.0000 9949.00000  36.4%  11.4 3115s
 14023669 7053772 12681.0000   64   25 15652.0000 9949.22937  36.4%  11.4 3121s
 14038454 7059579 12013.0000   57   26 15652.0000 9949.75788  36.4%  11.4 3125s
 14053869 7065129 infeasible   71      15652.0000 9950.17042  36.4%  11.4 3130s
 14066468 7073397 12823.0000   55   32 15652.0000 9950.67938  36.4%  11.4 3135s
 14083083 7078989 infeasible   52      15652.0000 9951.00000  36.4%  11.4 3140s
 14096898 7085319 10575.0000   54   36 15652.0000 9951.47102  36.4%  11.4 3152s
 14101535 7087953 14335.9515   58   25 15652.0000 9951.71363  36.4%  11.4 3155s
 14111178 7092373 infeasible   68      15652.0000 9952.00000  36.4%  11.4 3164s
 14112538 7095428 14296.0364   60   27 15652.0000 9952.00000  36.4%  11.4 3166s
 14126686 7099939 infeasible   68      15652.0000 9952.39270  36.4%  11.4 3170s
 14142703 7107496 infeasible   64      15652.0000 9952.90953  36.4%  11.4 3175s
 14153757 7112696 infeasible   65      15652.0000 9953.00000  36.4%  11.4 3180s
 14165159 7119621 10088.7662   63   32 15652.0000 9953.50443  36.4%  11.4 3185s
 14176897 7126323 infeasible   76      15652.0000 9953.97566  36.4%  11.4 3190s
 14195309 7132555 infeasible   73      15652.0000 9954.30726  36.4%  11.4 3195s
 14197681 7133090 10600.0000   54   42 15652.0000 9954.44547  36.4%  11.4 3204s
 14197697 7134087 10600.0000   55   42 15652.0000 9954.45222  36.4%  11.4 3205s
 14209565 7139322 11208.0000   57   32 15652.0000 9954.93334  36.4%  11.4 3210s
 14218971 7146256 14654.0000   53   17 15652.0000 9955.02623  36.4%  11.4 3215s
 14238204 7153020 infeasible   58      15652.0000 9955.77123  36.4%  11.4 3220s
 14252570 7159634 infeasible   61      15652.0000 9956.20573  36.4%  11.4 3225s
 14265836 7166202 infeasible   63      15652.0000 9956.81643  36.4%  11.4 3230s
 14278252 7172894 11081.6308   53   33 15652.0000 9957.07614  36.4%  11.4 3235s
 14293818 7180418 11780.8728   48   37 15652.0000 9957.70272  36.4%  11.4 3240s
 14303107 7187177 12319.0000   56   34 15652.0000 9958.00000  36.4%  11.4 3245s
 14321487 7192943 infeasible   71      15652.0000 9958.43941  36.4%  11.4 3250s
 14335592 7199696 15158.1235   61   18 15652.0000 9958.87375  36.4%  11.4 3255s
 14348713 7207927 12902.0422   63   29 15652.0000 9959.05453  36.4%  11.4 3260s
 14363183 7214239 infeasible   65      15652.0000 9959.62278  36.4%  11.4 3265s
 14378707 7219569 infeasible   70      15652.0000 9960.00000  36.4%  11.4 3270s
 14390578 7225834 11315.0000   45   29 15652.0000 9960.13341  36.4%  11.4 3275s
 14392816 7226605 15447.0000   63   21 15652.0000 9960.28652  36.4%  11.4 3283s
 14397410 7232331 13686.0123   60   22 15652.0000 9960.49787  36.4%  11.4 3287s
 14409187 7236219 11849.0000   55   32 15652.0000 9960.93886  36.4%  11.4 3290s
 14418960 7241137 10365.0000   48   42 15652.0000 9961.00000  36.4%  11.4 3295s
 14437691 7247677 infeasible   64      15652.0000 9961.65343  36.4%  11.4 3300s
 14449719 7254654 10004.6438   54   42 15652.0000 9962.00000  36.4%  11.4 3305s
 14464423 7261214 12401.4140   58   36 15652.0000 9962.31102  36.4%  11.4 3310s
 14478802 7267947 infeasible   66      15652.0000 9962.88663  36.3%  11.4 3315s
 14491623 7274812 11848.9776   48   33 15652.0000 9963.07335  36.3%  11.4 3320s
 14504826 7282778 10711.0000   58   37 15652.0000 9963.58500  36.3%  11.4 3325s
 14519176 7287912 14138.5398   56   31 15652.0000 9964.00000  36.3%  11.4 3330s
 14534007 7293056 13620.2563   70   26 15652.0000 9964.38956  36.3%  11.4 3339s
 14534160 7293404 14732.0000   76   18 15652.0000 9964.41302  36.3%  11.4 3340s
 14546331 7299012 14757.0000   70   20 15652.0000 9965.00000  36.3%  11.4 3345s
 14557577 7305744 13118.1299   64   29 15652.0000 9965.12052  36.3%  11.4 3350s
 14571395 7312815 11786.0000   53   31 15652.0000 9965.71590  36.3%  11.4 3355s
 14587674 7318386 11005.0000   56   35 15652.0000 9966.00000  36.3%  11.4 3360s
 14599909 7325627 12943.8035   62   32 15652.0000 9966.45445  36.3%  11.4 3365s
 14613937 7333535 9967.63829   46   49 15652.0000 9966.90627  36.3%  11.4 3371s
 14627095 7337056 12697.9497   61   26 15652.0000 9967.00000  36.3%  11.4 3375s
 14639881 7344477 11426.5585   49   40 15652.0000 9967.55851  36.3%  11.4 3380s
 14654924 7350968 10871.4524   52   39 15652.0000 9968.00000  36.3%  11.4 3385s
 14669942 7358269 14070.0000   61   29 15652.0000 9968.31250  36.3%  11.4 3390s
 14674043 7358584 15568.0000   68   22 15652.0000 9968.44547  36.3%  11.4 3398s
 14677450 7360738 infeasible   61      15652.0000 9968.61326  36.3%  11.4 3400s
 14690134 7366364 11638.0000   58   32 15652.0000 9969.00000  36.3%  11.4 3405s
 14705505 7373480 12957.0000   67   29 15652.0000 9969.38511  36.3%  11.4 3410s
 14716997 7379218     cutoff   63      15652.0000 9969.81921  36.3%  11.4 3415s
 14729268 7384410 12066.1767   49   29 15652.0000 9970.00000  36.3%  11.4 3420s
 14741552 7392670 14898.7143   76   13 15652.0000 9970.34751  36.3%  11.4 3426s
 14755865 7398354 12233.0000   61   27 15652.0000 9970.80176  36.3%  11.4 3430s
 14769665 7403449 15581.2275   64   21 15652.0000 9971.00000  36.3%  11.4 3435s
 14783669 7413119 14915.4548   62   24 15652.0000 9971.40649  36.3%  11.4 3441s
 14797567 7418653 12037.9072   54   27 15652.0000 9971.91075  36.3%  11.4 3445s
 14808118 7424043 13238.3147   54   33 15652.0000 9972.00000  36.3%  11.4 3450s
 14825406 7430867 infeasible   53      15652.0000 9972.42051  36.3%  11.4 3455s
 14837674 7437582 11092.7025   60   40 15652.0000 9972.81940  36.3%  11.4 3460s
 14851738 7444803 12477.7959   48   35 15652.0000 9973.01586  36.3%  11.4 3465s
 14864843 7449581 11165.2655   59   35 15652.0000 9973.48974  36.3%  11.4 3470s
 14878758 7456019 12145.4040   62   34 15652.0000 9974.00000  36.3%  11.4 3475s
 14888050 7461531 13158.4736   65   24 15652.0000 9974.12765  36.3%  11.4 3480s
 14902809 7467343 15321.0000   58   24 15652.0000 9974.67464  36.3%  11.4 3485s
 14917415 7474359 infeasible   61      15652.0000 9975.00000  36.3%  11.4 3490s
 14930892 7482600 14841.0000   62   19 15652.0000 9975.17534  36.3%  11.4 3495s
 14944917 7489363 13956.5623   59   30 15652.0000 9975.56226  36.3%  11.4 3500s
 14948906 7489385 11932.7278   45   39 15652.0000 9975.64460  36.3%  11.4 3507s
 14954169 7492435 13268.9056   50   23 15652.0000 9975.76958  36.3%  11.4 3510s
 14967826 7498678 infeasible   64      15652.0000 9976.00000  36.3%  11.4 3522s
 14972349 7501036 13697.0000   60   25 15652.0000 9976.00000  36.3%  11.4 3525s
 14982558 7507687 14102.6663   65   25 15652.0000 9976.28354  36.3%  11.4 3530s
 14999137 7517202 9979.61537   55   38 15652.0000 9976.79821  36.3%  11.4 3536s
 15008492 7518031 11952.9313   59   38 15652.0000 9977.00000  36.3%  11.4 3546s
 15014148 7522491 11767.0966   52   34 15652.0000 9977.02418  36.3%  11.4 3550s
 15030222 7528631 14193.0000   60   25 15652.0000 9977.48791  36.3%  11.4 3555s
 15042547 7536035 11408.7038   58   37 15652.0000 9977.91294  36.3%  11.4 3561s
 15055491 7540120 infeasible   65      15652.0000 9978.00697  36.3%  11.4 3565s
 15063597 7546928 14363.0000   67   21 15652.0000 9978.37015  36.2%  11.4 3570s
 15082605 7552724 13906.0000   63   24 15652.0000 9978.92166  36.2%  11.4 3575s
 15094918 7558897 10615.1612   47   47 15652.0000 9979.00000  36.2%  11.4 3580s
 15107766 7568339 10626.0000   49   32 15652.0000 9979.36557  36.2%  11.4 3586s
 15120877 7571396 12139.3935   50   31 15652.0000 9979.89107  36.2%  11.4 3590s
 15130348 7577893 infeasible   64      15652.0000 9980.00000  36.2%  11.4 3595s
 15147637 7582915 12565.2199   64   32 15652.0000 9980.42496  36.2%  11.4 3600s

Cutting planes:
  Gomory: 9
  Implied bound: 3
  Projected implied bound: 2
  MIR: 10
  Flow cover: 8
  Relax-and-lift: 1

Explored 15148082 nodes (172310260 simplex iterations) in 3600.05 seconds (712.87 work units)
Thread count was 16 (of 16 available processors)

Solution count 10: 15652 15660 15873 ... 15886

Time limit reached
Best objective 1.565200000000e+04, best bound 9.981000000000e+03, gap 36.2318%
Warning: constraint name "precedence between 0,1 to 0,0 if x_[j,l,h,z,i]=1" has a space
Warning: constraint name "precedence between 0,1 to 0,0 if x_[j,l,h,z,i]=1" has a space
Warning: default constraint names used to write mps file
