
Gurobi 10.0.1 (win64) logging started Sat Sep 16 18:42:08 2023

Set parameter LogFile to value "./results-heuristic-start//log/Fattahi_setup_15_modified_old_deadline.log"
Gurobi Optimizer version 10.0.1 build v10.0.1rc0 (win64)

CPU model: AMD Ryzen 7 3700X 8-Core Processor, instruction set [SSE2|AVX|AVX2]
Thread count: 8 physical cores, 16 logical processors, using up to 16 threads

Optimize a model with 626 rows, 572 columns and 2602 nonzeros
Model fingerprint: 0xf98d7927
Model has 1 quadratic constraint
Variable types: 55 continuous, 517 integer (516 binary)
Coefficient statistics:
  Matrix range     [1e+00, 1e+06]
  QMatrix range    [1e+00, 1e+00]
  QLMatrix range   [1e+00, 4e+02]
  Objective range  [1e+00, 1e+00]
  Bounds range     [1e+00, 1e+00]
  RHS range        [1e+00, 3e+06]

Warning: Completing partial solution with 496 unfixed non-continuous variables out of 517
User MIP start did not produce a new incumbent solution
User MIP start violates constraint initial_start_time_job0_stage0_machine2_constraint by 420.000000000

Presolve removed 63 rows and 296 columns
Presolve time: 0.02s
Presolved: 584 rows, 296 columns, 2618 nonzeros
Variable types: 75 continuous, 221 integer (220 binary)
Found heuristic solution: objective 17713.000000
Found heuristic solution: objective 17616.000000

Root relaxation: objective 0.000000e+00, 86 iterations, 0.00 seconds (0.00 work units)

    Nodes    |    Current Node    |     Objective Bounds      |     Work
 Expl Unexpl |  Obj  Depth IntInf | Incumbent    BestBd   Gap | It/Node Time

     0     0    0.00000    0   11 17616.0000    0.00000   100%     -    0s
Another try with MIP start
H    0     0                    8922.0000000    0.00000   100%     -    0s
H    0     0                    8359.0000000    0.00000   100%     -    0s
     0     0    0.00000    0   28 8359.00000    0.00000   100%     -    0s
     0     0    0.00000    0   43 8359.00000    0.00000   100%     -    0s
     0     0    0.00000    0   23 8359.00000    0.00000   100%     -    0s
H    0     0                    8346.0000000    0.00000   100%     -    0s
     0     0    0.00000    0   26 8346.00000    0.00000   100%     -    0s
     0     0 1572.01170    0   45 8346.00000 1572.01170  81.2%     -    0s
     0     0 2165.47560    0   44 8346.00000 2165.47560  74.1%     -    0s
     0     0 2171.18644    0   45 8346.00000 2171.18644  74.0%     -    0s
     0     0 2419.69675    0   42 8346.00000 2419.69675  71.0%     -    0s
     0     0 2419.72312    0   39 8346.00000 2419.72312  71.0%     -    0s
     0     0 2427.42884    0   44 8346.00000 2427.42884  70.9%     -    0s
H    0     0                    7786.0000000 2427.42884  68.8%     -    0s
     0     0 2435.72785    0   40 7786.00000 2435.72785  68.7%     -    0s
     0     0 2443.88227    0   43 7786.00000 2443.88227  68.6%     -    0s
     0     0 2443.88227    0   41 7786.00000 2443.88227  68.6%     -    0s
H    0     0                    7749.0000000 2443.88227  68.5%     -    0s
     0     2 2443.88227    0   36 7749.00000 2443.88227  68.5%     -    0s
H   31    29                    7747.0000000 2457.00000  68.3%  26.3    0s
H   63    59                    7028.0000000 2457.00000  65.0%  21.0    0s
H   78    67                    7026.0000000 2457.00000  65.0%  20.8    0s
H  119    98                    6733.0000000 2457.00000  63.5%  18.8    0s
H  133    98                    6360.0000000 2457.00000  61.4%  17.9    0s
H  179   137                    6193.0000000 2457.00000  60.3%  16.5    0s
H  304   188                    6180.0000000 2457.00000  60.2%  13.2    0s
H  382   261                    6027.0000000 2457.00000  59.2%  11.7    0s
H  474   325                    5983.0000000 2457.00000  58.9%  10.8    0s
H  486   325                    5963.0000000 2457.00000  58.8%  10.7    0s
  4344  1390 4600.11896   57   27 5963.00000 2787.37704  53.3%  13.4    5s
 29982 15533 4945.97889   40   25 5963.00000 3257.97607  45.4%  11.6   10s
 45190 24035 4539.61209   42   33 5963.00000 3349.66987  43.8%  11.3   15s
 62447 33926 4625.72341   35   24 5963.00000 3427.30075  42.5%  11.3   20s
 79597 42667 5515.39896   40   30 5963.00000 3484.15196  41.6%  11.3   25s
 95716 50415 5563.53209   43   21 5963.00000 3536.35555  40.7%  11.3   30s
 110773 58396 3741.05096   39   27 5963.00000 3578.42702  40.0%  11.4   35s
 123551 64107 4492.12097   38   24 5963.00000 3610.41900  39.5%  11.3   40s
 137103 71182 3874.90492   39   44 5963.00000 3642.08702  38.9%  11.3   45s
 150652 77277 4455.02209   46   29 5963.00000 3665.74562  38.5%  11.3   50s
 162987 83157 4498.45734   42   31 5963.00000 3688.67796  38.1%  11.3   55s
 175316 89209 infeasible   83      5963.00000 3711.31978  37.8%  11.3   60s
 187985 95972 3892.68372   38   39 5963.00000 3734.52073  37.4%  11.3   65s
 200131 101005 5203.35064   62   10 5963.00000 3754.66140  37.0%  11.3   70s
 211589 106041 4523.89448   40   32 5963.00000 3774.77480  36.7%  11.2   75s
 215363 114253 5623.50244   54   19 5963.00000 3780.13720  36.6%  11.2   87s
 231379 114911 infeasible   52      5963.00000 3805.97990  36.2%  11.3   90s
 243008 120586 5682.43720   50   26 5963.00000 3824.42872  35.9%  11.3   95s
 255430 125920 5016.97990   47   24 5963.00000 3843.59645  35.5%  11.3  100s
 269982 131900 4508.16610   43   27 5963.00000 3865.07896  35.2%  11.3  105s
 281480 137081 3907.98346   35   38 5963.00000 3880.03286  34.9%  11.3  110s
 295268 143011 4364.81537   41   38 5963.00000 3897.50932  34.6%  11.3  115s
 307163 148128 4796.61212   43   27 5963.00000 3910.70465  34.4%  11.3  120s
 320620 153947 infeasible   49      5963.00000 3926.16220  34.2%  11.2  125s
 330899 158380 4552.68474   47   32 5963.00000 3939.15624  33.9%  11.2  130s
 343021 164562 5596.42039   56   22 5963.00000 3952.68377  33.7%  11.2  135s
 357085 169937 5221.59278   49   22 5963.00000 3966.04593  33.5%  11.2  140s
 366755 174048 4707.00000   41   23 5963.00000 3975.79818  33.3%  11.2  145s
*372198 172872              62    5928.0000000 3980.42825  32.9%  11.2  147s
 376897 174634 5426.70170   45   21 5928.00000 3987.84876  32.7%  11.2  150s
*383961 155265              60    5735.0000000 3995.84497  30.3%  11.2  154s
 384703 155554 infeasible   56      5735.00000 3997.07274  30.3%  11.2  155s
 393098 157824 5313.57164   46   22 5735.00000 4008.03558  30.1%  11.2  160s
 399812 159652 4874.86627   50   22 5735.00000 4016.83054  30.0%  11.2  165s
*400763 156268              58    5706.0000000 4017.25434  29.6%  11.2  165s
 406747 157894 5010.77975   41   28 5706.00000 4025.80345  29.4%  11.2  170s
 415157 160089 infeasible   45      5706.00000 4036.40273  29.3%  11.3  176s
 421928 161863 infeasible   49      5706.00000 4045.45019  29.1%  11.3  180s
 430312 163892 4632.75377   42   30 5706.00000 4055.63925  28.9%  11.3  185s
 439019 165804 5217.61822   55   18 5706.00000 4064.93553  28.8%  11.3  190s
 445802 167387 5044.96772   47   34 5706.00000 4074.35776  28.6%  11.3  195s
 453676 169304 4114.25971   46   34 5706.00000 4083.22269  28.4%  11.3  200s
 460614 170809 5213.12854   50   17 5706.00000 4091.53524  28.3%  11.3  205s
 469416 172800 5176.31822   45   33 5706.00000 4100.60934  28.1%  11.3  210s
 475997 174578 5296.03705   47   20 5706.00000 4107.39422  28.0%  11.3  215s
 484715 176360 5701.01674   50   15 5706.00000 4115.64957  27.9%  11.4  220s
 491304 177670 5425.56553   44   23 5706.00000 4122.28796  27.8%  11.4  225s
 499633 179686 4424.07199   39   38 5706.00000 4130.40285  27.6%  11.4  230s
 506558 181366 5350.54477   43   21 5706.00000 4136.20179  27.5%  11.4  235s
 514822 183257 4547.28656   36   34 5706.00000 4143.24247  27.4%  11.4  241s
 521795 184821 4495.67906   43   32 5706.00000 4149.54886  27.3%  11.4  246s
 528812 186256 infeasible   48      5706.00000 4156.53857  27.2%  11.4  250s
 535129 187641 5401.57746   47   20 5706.00000 4162.71223  27.0%  11.4  255s
 543765 189458     cutoff   42      5706.00000 4170.18967  26.9%  11.4  261s
 550481 190888 5307.01000   48   18 5706.00000 4177.19853  26.8%  11.4  265s
 556724 192067 infeasible   48      5706.00000 4182.54773  26.7%  11.4  270s
 563657 193535 4268.93596   45   40 5706.00000 4188.59794  26.6%  11.5  275s
 570423 194947 4548.88106   47   21 5706.00000 4194.44222  26.5%  11.5  280s
 578806 196618 5110.14319   53   13 5706.00000 4200.11997  26.4%  11.5  285s
 587138 198390 5234.86199   46   26 5706.00000 4207.22293  26.3%  11.5  290s
 595953 200321 5169.53427   32   27 5706.00000 4214.58391  26.1%  11.5  295s
 602588 201683 4898.77367   42   25 5706.00000 4220.21641  26.0%  11.5  300s
 610923 203542     cutoff   52      5706.00000 4227.00000  25.9%  11.5  305s
 618038 205012 5297.15439   54   20 5706.00000 4231.97629  25.8%  11.5  310s
 626460 206816 infeasible   56      5706.00000 4238.12351  25.7%  11.5  315s
 635201 208662 4529.44998   44   28 5706.00000 4244.27112  25.6%  11.5  320s
 645276 210485 infeasible   61      5706.00000 4251.57400  25.5%  11.6  325s
 653760 212202 infeasible   42      5706.00000 4257.66313  25.4%  11.6  330s
 662075 213929 5604.81030   52   13 5706.00000 4264.18728  25.3%  11.6  335s
 670410 215712 5592.39844   52   28 5706.00000 4270.57021  25.2%  11.6  340s
 679237 217521 5267.55159   58   22 5706.00000 4276.69518  25.0%  11.6  345s
 687372 219122 4934.12701   50   39 5706.00000 4283.35921  24.9%  11.6  350s
 696290 220908 5344.18401   49   19 5706.00000 4289.88099  24.8%  11.6  355s
 703132 222239 5368.06313   44   24 5706.00000 4294.42694  24.7%  11.6  360s
 709728 223103 infeasible   37      5706.00000 4299.30453  24.7%  11.6  366s
 714691 224242 4959.57467   48   17 5706.00000 4303.03466  24.6%  11.6  370s
 723885 225957 5535.27812   52   15 5706.00000 4309.55844  24.5%  11.7  375s
 732520 227404 4330.20582   39   36 5706.00000 4315.39058  24.4%  11.7  380s
 741021 228980 5628.88290   46   22 5706.00000 4320.73749  24.3%  11.7  385s
 746080 229853 infeasible   43      5706.00000 4324.65144  24.2%  11.7  390s
 754812 231376 infeasible   47      5706.00000 4330.51936  24.1%  11.7  395s
 763421 232971 infeasible   50      5706.00000 4336.77602  24.0%  11.7  400s
 771681 234538 4833.85057   41   27 5706.00000 4342.32829  23.9%  11.7  405s
 778936 235739 4780.16361   44   30 5706.00000 4347.13018  23.8%  11.7  410s
 787589 237241 4500.35162   42   29 5706.00000 4352.64743  23.7%  11.7  415s
 795899 238706     cutoff   43      5706.00000 4358.04648  23.6%  11.7  420s
 804151 240268 infeasible   50      5706.00000 4363.70371  23.5%  11.7  425s
 812795 241816 infeasible   47      5706.00000 4369.70987  23.4%  11.8  430s
 821030 243312 infeasible   41      5706.00000 4375.07273  23.3%  11.8  435s
 829605 244687 infeasible   52      5706.00000 4380.48346  23.2%  11.8  440s
 838014 245992 5684.36733   48   33 5706.00000 4385.66719  23.1%  11.8  445s
 844824 247043 infeasible   46      5706.00000 4389.82608  23.1%  11.8  450s
 853181 248449 infeasible   55      5706.00000 4394.08490  23.0%  11.8  455s
 861303 249977 4517.62236   49   28 5706.00000 4399.51044  22.9%  11.8  460s
 868348 251152 5037.58488   47   24 5706.00000 4403.84971  22.8%  11.8  465s
 877179 252576 5279.11348   47   29 5706.00000 4408.94315  22.7%  11.8  470s
 885461 254045 infeasible   49      5706.00000 4414.08953  22.6%  11.8  475s
 892543 255184 4774.62109   41   32 5706.00000 4417.80582  22.6%  11.8  480s
 898978 256298 infeasible   53      5706.00000 4421.86515  22.5%  11.8  485s
 906059 257596 infeasible   44      5706.00000 4426.00000  22.4%  11.8  490s
 914836 259018 5620.72205   55   23 5706.00000 4431.14786  22.3%  11.9  495s
 921313 260000 5623.00393   47   24 5706.00000 4434.89227  22.3%  11.9  500s
 928381 261166 4944.62349   38   41 5706.00000 4438.81093  22.2%  11.9  506s
 935334 262362 infeasible   46      5706.00000 4442.58538  22.1%  11.9  511s
 941796 263349 infeasible   46      5706.00000 4446.17807  22.1%  11.9  515s
 948809 264448 5483.96210   45   21 5706.00000 4450.00000  22.0%  11.9  520s
 957398 265691 infeasible   46      5706.00000 4454.62457  21.9%  11.9  526s
 964179 266684 4671.48511   42   35 5706.00000 4457.93633  21.9%  11.9  530s
 971187 267775 infeasible   55      5706.00000 4461.62322  21.8%  11.9  535s
 979511 269072 5245.25175   44   22 5706.00000 4466.00000  21.7%  11.9  540s
 986046 270106 infeasible   49      5706.00000 4469.79955  21.7%  11.9  545s
 993166 271090 5443.66966   42   35 5706.00000 4473.56079  21.6%  11.9  550s
 999754 271977 4665.83199   36   28 5706.00000 4477.03836  21.5%  11.9  555s
 1006394 273016 4773.45690   42   21 5706.00000 4480.60181  21.5%  11.9  560s
 1013302 274026 4886.22278   39   35 5706.00000 4484.00000  21.4%  12.0  565s
 1020273 275115 infeasible   51      5706.00000 4487.79413  21.3%  12.0  570s
 1026938 276032 5347.00000   54   15 5706.00000 4491.49012  21.3%  12.0  575s
 1033919 277130 infeasible   48      5706.00000 4494.94609  21.2%  12.0  580s
 1041031 278160 4551.91721   43   28 5706.00000 4498.75267  21.2%  12.0  586s
 1047650 279049 4738.01896   43   39 5706.00000 4502.02154  21.1%  12.0  591s
 1052602 279756 4936.20073   40   27 5706.00000 4504.24598  21.1%  12.0  595s
 1059762 280781 infeasible   43      5706.00000 4507.94675  21.0%  12.0  600s
 1066490 281751 infeasible   49      5706.00000 4511.22462  20.9%  12.0  606s
 1071878 282539 4936.05400   53   24 5706.00000 4513.43996  20.9%  12.0  610s
 1079058 283405 5087.30193   51   12 5706.00000 4517.05615  20.8%  12.0  616s
 1084064 284067 5284.90192   56   16 5706.00000 4519.62167  20.8%  12.0  620s
 1090707 284971 5287.44023   46   21 5706.00000 4522.30873  20.7%  12.0  625s
 1097600 286027 5384.00000   58   11 5706.00000 4525.09151  20.7%  12.0  630s
 1102731 286733 4744.73778   37   43 5706.00000 4527.48386  20.7%  12.0  635s
 1109113 287627 5117.49684   46   32 5706.00000 4530.50628  20.6%  12.0  640s
 1115872 288673 5188.72447   49   29 5706.00000 4533.33720  20.6%  12.0  646s
 1120795 289427 4839.36340   46   28 5706.00000 4535.59993  20.5%  12.0  650s
 1127812 290435 4893.57191   50   29 5706.00000 4538.66962  20.5%  12.1  656s
 1132674 291107 5106.38563   46   32 5706.00000 4540.92051  20.4%  12.1  660s
 1139686 291974 4905.47753   47   30 5706.00000 4544.00158  20.4%  12.1  666s
 1144763 292562 5044.97416   46   30 5706.00000 4546.49501  20.3%  12.1  670s
 1151449 293363 5465.47000   45   20 5706.00000 4549.98404  20.3%  12.1  676s
 1156526 293988 5186.08083   46   34 5706.00000 4552.18519  20.2%  12.1  680s
 1163576 294851 infeasible   57      5706.00000 4555.50007  20.2%  12.1  686s
 1168833 295373 4634.22665   49   41 5706.00000 4557.77410  20.1%  12.1  690s
 1173647 296021     cutoff   51      5706.00000 4559.96096  20.1%  12.1  695s
 1180544 296949 4793.59310   42   27 5706.00000 4562.95128  20.0%  12.1  701s
 1184312 297393 5509.91384   43   27 5706.00000 4564.33775  20.0%  12.1  705s
 1189645 298076 5128.09536   49   35 5706.00000 4567.00000  20.0%  12.1  710s
 1196294 298839 5394.00000   54    8 5706.00000 4570.07714  19.9%  12.1  716s
 1201612 299429     cutoff   55      5706.00000 4572.40682  19.9%  12.1  721s
 1206991 300053 5024.97420   45   30 5706.00000 4574.81533  19.8%  12.1  726s
 1212084 300649     cutoff   47      5706.00000 4576.95819  19.8%  12.1  730s
 1217010 301224 infeasible   55      5706.00000 4578.90936  19.8%  12.1  735s
 1221985 301796 4937.77702   46   19 5706.00000 4581.15165  19.7%  12.1  740s
 1227290 302329 5089.01830   49   24 5706.00000 4583.54955  19.7%  12.1  745s
 1232497 302915 infeasible   43      5706.00000 4585.71337  19.6%  12.1  750s
 1237460 303591 infeasible   48      5706.00000 4587.77182  19.6%  12.1  755s
 1242689 304101 infeasible   47      5706.00000 4590.18209  19.6%  12.1  761s
 1248092 304786 5358.00249   51   13 5706.00000 4592.36401  19.5%  12.1  766s
 1251758 305191 infeasible   44      5706.00000 4594.00000  19.5%  12.1  770s
 1258112 305863 4740.04790   44   39 5706.00000 4596.62943  19.4%  12.2  776s
 1261814 306275 5517.15483   56   14 5706.00000 4598.01207  19.4%  12.2  780s
 1267105 306857 5683.86792   48   23 5706.00000 4600.17486  19.4%  12.2  785s
 1272457 307316 infeasible   46      5706.00000 4602.44304  19.3%  12.2  791s
 1277022 307907 5572.53111   51   22 5706.00000 4604.34395  19.3%  12.2  796s
 1280575 308282 5564.98921   51   21 5706.00000 4605.84098  19.3%  12.2  800s
 1285920 308749 5648.89686   50    8 5706.00000 4608.19216  19.2%  12.2  805s
 1291321 309321 infeasible   46      5706.00000 4610.62435  19.2%  12.2  811s
 1296252 309941 4762.88279   48   19 5706.00000 4612.64919  19.2%  12.2  816s
 1299521 310321 4719.19633   48   33 5706.00000 4614.05802  19.1%  12.2  820s
 1304820 310940 infeasible   45      5706.00000 4616.12108  19.1%  12.2  826s
 1310082 311547 4954.77557   49   17 5706.00000 4618.34476  19.1%  12.2  831s
 1313652 311889 infeasible   51      5706.00000 4619.38087  19.0%  12.2  835s
 1318615 312390 5130.56011   56   25 5706.00000 4621.54268  19.0%  12.2  841s
 1322072 312845 5202.90169   47   17 5706.00000 4623.08392  19.0%  12.2  845s
 1327274 313395     cutoff   46      5706.00000 4625.11764  18.9%  12.2  850s
 1332622 313872     cutoff   50      5706.00000 4627.24144  18.9%  12.2  856s
 1336253 314258 infeasible   45      5706.00000 4628.80938  18.9%  12.2  860s
 1341111 314777 infeasible   61      5706.00000 4631.04184  18.8%  12.2  865s
 1344739 315118 infeasible   49      5706.00000 4632.68514  18.8%  12.2  870s
 1347582 315404 4906.99266   46   39 5706.00000 4633.76558  18.8%  12.2  876s
 1351265 315854 4999.85507   57   18 5706.00000 4635.19140  18.8%  12.2  880s
 1356805 316349 5674.36065   56   13 5706.00000 4637.60431  18.7%  12.2  885s
 1361560 316801 5105.73651   42   32 5706.00000 4639.66814  18.7%  12.2  891s
 1365199 317148 5525.50565   45   25 5706.00000 4641.04177  18.7%  12.2  895s
 1370367 317598 4718.96165   49   31 5706.00000 4643.21608  18.6%  12.2  901s
 1374118 317957 4758.99642   43   34 5706.00000 4644.61244  18.6%  12.2  905s
 1379189 318456 4749.94551   51   21 5706.00000 4646.76254  18.6%  12.3  910s
 1384661 318913 5554.12677   56   18 5706.00000 4648.95261  18.5%  12.3  916s
 1388106 319239 5338.50614   43   25 5706.00000 4650.55252  18.5%  12.3  920s
 1393464 319763 5405.00000   48   14 5706.00000 4652.86375  18.5%  12.3  926s
 1397167 320014 5536.96847   50   12 5706.00000 4654.39556  18.4%  12.3  930s
 1401680 320560 4946.25897   49   25 5706.00000 4656.09641  18.4%  12.3  936s
 1405813 320938 infeasible   53      5706.00000 4657.88442  18.4%  12.3  941s
 1409254 321198     cutoff   46      5706.00000 4659.00000  18.3%  12.3  945s
 1414923 321792 5059.63294   43   34 5706.00000 4661.68051  18.3%  12.3  951s
 1418308 322134 4674.79801   52   17 5706.00000 4663.00000  18.3%  12.3  955s
 1423551 322587 5218.89946   47   32 5706.00000 4664.99572  18.2%  12.3  961s
 1426953 322870 4887.08594   52   27 5706.00000 4666.36404  18.2%  12.3  965s
 1430247 323147 infeasible   48      5706.00000 4667.86754  18.2%  12.3  970s
 1435781 323677 5630.00000   51   12 5706.00000 4670.01185  18.2%  12.3  977s
 1437682 323757 5337.00000   53   17 5706.00000 4670.68463  18.1%  12.3  980s
 1442176 324134 5602.20092   55   22 5706.00000 4672.45568  18.1%  12.3  986s
 1445457 324544 5380.70753   41   28 5706.00000 4673.63188  18.1%  12.3  991s
 1449250 324831 5275.00000   59    9 5706.00000 4674.85479  18.1%  12.3  995s
 1454472 325266 5676.98696   49   16 5706.00000 4676.97028  18.0%  12.3 1001s
 1458079 325575 infeasible   49      5706.00000 4678.49634  18.0%  12.3 1006s
 1461578 325965 4949.89618   55   27 5706.00000 4679.69973  18.0%  12.3 1010s
 1466532 326396 4804.00000   42   21 5706.00000 4681.93876  17.9%  12.3 1016s
 1470005 326724 4700.90245   53   27 5706.00000 4683.52198  17.9%  12.3 1020s
 1473605 327053 5324.47255   48   28 5706.00000 4685.03736  17.9%  12.3 1025s
 1479017 327416 4939.60871   53   27 5706.00000 4687.00000  17.9%  12.3 1031s
 1482514 327636 infeasible   48      5706.00000 4688.31062  17.8%  12.3 1036s
 1487149 328148 infeasible   48      5706.00000 4690.22215  17.8%  12.3 1041s
 1490626 328548 5650.08249   45   18 5706.00000 4691.79572  17.8%  12.3 1046s
 1494442 328885 5521.50585   47   21 5706.00000 4693.09945  17.8%  12.3 1050s
 1497843 329163     cutoff   50      5706.00000 4694.46453  17.7%  12.4 1055s
 1503168 329618 5122.67004   49   29 5706.00000 4696.58543  17.7%  12.4 1062s
 1506455 329846 5657.52495   52   26 5706.00000 4697.90744  17.7%  12.4 1065s
 1510066 330079 5526.30764   63   17 5706.00000 4699.03747  17.6%  12.4 1070s
 1513571 330292 infeasible   66      5706.00000 4700.73808  17.6%  12.4 1075s
 1518988 330790 infeasible   43      5706.00000 4702.92522  17.6%  12.4 1081s
*1520971 310022              58    5615.0000000 4703.56711  16.2%  12.4 1084s
 1522444 310125 5220.18125   44   30 5615.00000 4704.08533  16.2%  12.4 1085s
 1526644 310322 5012.29327   42   25 5615.00000 4706.00000  16.2%  12.4 1092s
 1528725 310391 infeasible   56      5615.00000 4706.77692  16.2%  12.4 1095s
 1532455 310642 infeasible   53      5615.00000 4708.43039  16.1%  12.4 1100s
 1537964 310879 5548.56021   44   28 5615.00000 4710.81492  16.1%  12.4 1107s
 1541496 311081 5314.23585   44   16 5615.00000 4712.41444  16.1%  12.4 1111s
 1544981 311233 5147.82363   46   27 5615.00000 4713.69250  16.1%  12.4 1116s
 1547962 311390 infeasible   52      5615.00000 4714.94421  16.0%  12.4 1120s
 1551500 311632 5436.96857   59   18 5615.00000 4716.70214  16.0%  12.4 1125s
 1555042 311795 5091.25852   41   25 5615.00000 4718.12124  16.0%  12.4 1130s
 1560333 312062 5263.47454   45   27 5615.00000 4720.26928  15.9%  12.4 1137s
 1564167 312242     cutoff   52      5615.00000 4721.79740  15.9%  12.4 1142s
 1567687 312327 infeasible   49      5615.00000 4723.05075  15.9%  12.4 1146s
 1570724 312470 5020.40605   38   34 5615.00000 4724.45909  15.9%  12.4 1151s
 1574455 312566 infeasible   56      5615.00000 4726.00000  15.8%  12.4 1156s
 1578173 312653 infeasible   49      5615.00000 4727.30034  15.8%  12.4 1160s
 1581696 312802 infeasible   60      5615.00000 4728.83163  15.8%  12.4 1165s
 1585349 312812 5281.85815   53   16 5615.00000 4730.43113  15.8%  12.4 1170s
 1590051 312992 infeasible   48      5615.00000 4732.50457  15.7%  12.4 1177s
 1593478 313147 5051.74642   49   21 5615.00000 4733.76695  15.7%  12.4 1182s
 1597100 313249 infeasible   45      5615.00000 4735.34334  15.7%  12.4 1187s
 1600646 313411 infeasible   43      5615.00000 4737.00000  15.6%  12.4 1192s
 1604271 313528 5596.75903   48   18 5615.00000 4738.71272  15.6%  12.5 1197s
 1606079 313604 5543.97002   48   39 5615.00000 4739.45506  15.6%  12.5 1200s
 1610805 313738 5404.32894   50   27 5615.00000 4741.59715  15.6%  12.5 1207s
 1613195 313834 5208.15461   40   25 5615.00000 4742.32956  15.5%  12.5 1210s
 1616939 314057 5315.09660   51   28 5615.00000 4744.12522  15.5%  12.5 1215s
 1620770 314177 infeasible   47      5615.00000 4745.56262  15.5%  12.5 1220s
 1624472 314310     cutoff   41      5615.00000 4747.03379  15.5%  12.5 1226s
 1628127 314510 5542.90383   60   22 5615.00000 4748.28988  15.4%  12.5 1231s
 1631800 314578 5195.18668   50   28 5615.00000 4749.83961  15.4%  12.5 1235s
 1634829 314703 5589.07752   42   23 5615.00000 4751.22050  15.4%  12.5 1240s
 1638439 314859 5143.42711   54   17 5615.00000 4752.82018  15.4%  12.5 1245s
 1641905 315001 5434.16220   46   22 5615.00000 4754.34079  15.3%  12.5 1250s
 1645611 315059 5563.73783   43   35 5615.00000 4755.83660  15.3%  12.5 1256s
 1649280 315162 infeasible   53      5615.00000 4757.33045  15.3%  12.5 1261s
 1652826 315215 infeasible   50      5615.00000 4758.64950  15.3%  12.5 1265s
 1656066 315297 5218.99278   47   23 5615.00000 4760.01824  15.2%  12.5 1270s
 1659526 315454     cutoff   54      5615.00000 4761.44697  15.2%  12.5 1276s
 1663155 315568     cutoff   50      5615.00000 4763.09211  15.2%  12.5 1281s
 1666864 315716 5478.13558   47   16 5615.00000 4764.50000  15.1%  12.5 1286s
 1670163 315882 4883.10625   55   27 5615.00000 4765.90328  15.1%  12.5 1291s
 1673739 315943 5524.54204   39   28 5615.00000 4767.13857  15.1%  12.5 1295s
 1676923 316068 4867.14008   51   32 5615.00000 4768.59151  15.1%  12.5 1301s
 1680566 316196 5091.28954   49   18 5615.00000 4770.00000  15.0%  12.5 1306s
 1684499 316295 infeasible   56      5615.00000 4771.36544  15.0%  12.5 1311s
 1687851 316351 5212.00472   56   25 5615.00000 4772.77865  15.0%  12.5 1316s
 1691283 316399 infeasible   47      5615.00000 4774.38864  15.0%  12.5 1321s
 1694862 316489     cutoff   44      5615.00000 4775.88368  14.9%  12.5 1326s
 1698020 316526 5322.23516   58   17 5615.00000 4777.07681  14.9%  12.5 1331s
 1701722 316610 infeasible   49      5615.00000 4778.57846  14.9%  12.5 1336s
 1705373 316745 infeasible   49      5615.00000 4779.83103  14.9%  12.5 1342s
 1709097 316864 5251.18874   43   24 5615.00000 4781.25779  14.8%  12.5 1347s
 1710898 316969 5444.89334   48   27 5615.00000 4782.00000  14.8%  12.6 1350s
 1714707 317106 5006.43277   45   27 5615.00000 4783.57124  14.8%  12.6 1355s
 1719695 317215 5219.60071   37   26 5615.00000 4785.54131  14.8%  12.6 1361s
 1723182 317335 4993.00000   53   22 5615.00000 4787.00000  14.7%  12.6 1366s
 1726856 317415 4981.77483   47   29 5615.00000 4788.43321  14.7%  12.6 1371s
 1730335 317368 5120.67559   44   22 5615.00000 4789.92931  14.7%  12.6 1376s
 1733667 317384 infeasible   46      5615.00000 4791.25696  14.7%  12.6 1381s
 1737377 317539 5493.82250   48   18 5615.00000 4792.84449  14.6%  12.6 1386s
 1740499 317575 4924.61424   50   31 5615.00000 4793.98607  14.6%  12.6 1391s
 1744157 317619 5301.62728   42   26 5615.00000 4795.46505  14.6%  12.6 1396s
 1747768 317634 infeasible   49      5615.00000 4797.00000  14.6%  12.6 1402s
 1751101 317660 5411.52983   45   23 5615.00000 4798.43638  14.5%  12.6 1406s
 1754751 317688 5504.71764   46   38 5615.00000 4799.88977  14.5%  12.6 1412s
 1758232 317684 5532.20103   57   21 5615.00000 4801.32517  14.5%  12.6 1417s
 1761469 317731 4886.20536   43   27 5615.00000 4802.61057  14.5%  12.6 1421s
 1765209 317885 5317.57624   43   28 5615.00000 4804.02869  14.4%  12.6 1427s
 1768898 317972 5010.96074   58   18 5615.00000 4805.42713  14.4%  12.6 1432s
 1772639 318021 5243.87179   47   20 5615.00000 4806.85692  14.4%  12.6 1437s
 1774195 318063 infeasible   52      5615.00000 4807.27908  14.4%  12.6 1440s
 1778051 318102 infeasible   46      5615.00000 4808.97933  14.4%  12.6 1445s
 1782835 318154 infeasible   52      5615.00000 4810.91868  14.3%  12.6 1452s
 1784961 318141 5328.03757   50   20 5615.00000 4811.76033  14.3%  12.6 1455s
 1788640 318102 5175.53093   53   26 5615.00000 4813.08928  14.3%  12.6 1460s
 1792502 318260 infeasible   53      5615.00000 4814.60321  14.3%  12.6 1466s
 1796577 318342 5595.96306   47   29 5615.00000 4816.00000  14.2%  12.6 1471s
 1800038 318366 5167.57335   42   34 5615.00000 4817.16365  14.2%  12.6 1476s
 1803915 318399 infeasible   54      5615.00000 4818.84380  14.2%  12.6 1481s
 1807171 318435     cutoff   48      5615.00000 4820.00000  14.2%  12.6 1486s
 1810737 318481 infeasible   45      5615.00000 4821.40330  14.1%  12.6 1491s
 1814193 318511 infeasible   69      5615.00000 4822.92464  14.1%  12.6 1496s
 1817975 318560 infeasible   51      5615.00000 4824.45648  14.1%  12.6 1502s
 1821440 318576 infeasible   51      5615.00000 4825.83801  14.1%  12.6 1507s
 1823294 318618 5175.78125   51   35 5615.00000 4826.53870  14.0%  12.6 1510s
 1828264 318557 5585.94230   45   23 5615.00000 4828.44910  14.0%  12.7 1517s
 1830100 318610 5524.21134   38   25 5615.00000 4829.13419  14.0%  12.7 1520s
 1834043 318554 5093.07562   46   20 5615.00000 4830.69581  14.0%  12.7 1525s
 1837598 318525 4930.56047   47   29 5615.00000 4832.13084  13.9%  12.7 1530s
 1841217 318523 infeasible   50      5615.00000 4833.50481  13.9%  12.7 1536s
 1844832 318514 5474.39466   43   25 5615.00000 4834.99399  13.9%  12.7 1541s
 1848095 318491 infeasible   51      5615.00000 4836.16944  13.9%  12.7 1546s
 1851415 318415 5242.07139   43   30 5615.00000 4837.66380  13.8%  12.7 1551s
 1855403 318557     cutoff   47      5615.00000 4839.05091  13.8%  12.7 1556s
 1859122 318476 4934.96102   38   28 5615.00000 4840.61678  13.8%  12.7 1562s
 1861143 318480 infeasible   50      5615.00000 4841.09240  13.8%  12.7 1565s
 1864924 318503 5152.72579   46   37 5615.00000 4842.70604  13.8%  12.7 1570s
 1868509 318552 5565.97922   42   25 5615.00000 4844.00000  13.7%  12.7 1575s
 1871752 318556 infeasible   44      5615.00000 4845.07556  13.7%  12.7 1580s
 1875456 318575 infeasible   51      5615.00000 4846.59609  13.7%  12.7 1585s
*1877756 287434              62    5525.0000000 4847.20346  12.3%  12.7 1588s
 1879599 287320 5346.41370   46   31 5525.00000 4847.97464  12.3%  12.7 1591s
 1883419 287197 infeasible   55      5525.00000 4849.62210  12.2%  12.7 1596s
 1887010 287011 5007.00000   54   13 5525.00000 4851.18592  12.2%  12.7 1602s
 1890927 286746 5476.08491   50   13 5525.00000 4852.92755  12.2%  12.7 1607s
 1894649 286556 5288.35148   42   26 5525.00000 4854.21275  12.1%  12.7 1612s
 1898239 286412 4922.73295   41   28 5525.00000 4856.08170  12.1%  12.7 1617s
 1900084 286325 4918.00000   51   27 5525.00000 4856.77593  12.1%  12.7 1620s
 1905743 286154 4925.20324   52   27 5525.00000 4859.06875  12.1%  12.7 1627s
 1909548 285946 infeasible   55      5525.00000 4860.84922  12.0%  12.7 1632s
 1911517 285841 infeasible   44      5525.00000 4861.74910  12.0%  12.7 1635s
 1916684 285602 5370.72050   54   13 5525.00000 4863.91290  12.0%  12.7 1642s
 1918592 285495 infeasible   48      5525.00000 4864.73125  12.0%  12.7 1645s
 1924078 285184 5392.18220   42   22 5525.00000 4867.07915  11.9%  12.7 1652s
 1927770 284975 4915.77550   48   33 5525.00000 4868.74261  11.9%  12.7 1657s
 1929621 284867 5132.72696   56   17 5525.00000 4869.51032  11.9%  12.7 1660s
 1933568 284674 5398.86382   43   32 5525.00000 4870.98615  11.8%  12.7 1665s
 1937398 284427 5468.12071   53   21 5525.00000 4872.40664  11.8%  12.7 1670s
 1941056 284167     cutoff   53      5525.00000 4874.10954  11.8%  12.7 1675s
 1944561 283937     cutoff   52      5525.00000 4875.64654  11.8%  12.7 1680s
 1948487 283740 4922.81491   49   20 5525.00000 4877.34727  11.7%  12.7 1685s
 1952182 283458 infeasible   43      5525.00000 4879.00000  11.7%  12.7 1690s
 1955779 283329 infeasible   56      5525.00000 4880.35958  11.7%  12.8 1695s
 1959650 283133 infeasible   53      5525.00000 4881.87814  11.6%  12.8 1701s
 1963431 282964 5070.06127   43   26 5525.00000 4883.46469  11.6%  12.8 1706s
 1967092 282705 5129.93610   49   30 5525.00000 4885.00000  11.6%  12.8 1711s
 1968934 282668 5266.40614   45   29 5525.00000 4885.82829  11.6%  12.8 1715s
 1972100 282320 5455.15411   52   22 5525.00000 4887.31952  11.5%  12.8 1722s
 1976340 282075 5136.91040   56   22 5525.00000 4889.00000  11.5%  12.8 1727s
 1980259 281773 5480.61822   54   15 5525.00000 4890.72500  11.5%  12.8 1732s
 1983993 281576 infeasible   49      5525.00000 4892.13252  11.5%  12.8 1737s
 1987671 281233 5265.18143   62   21 5525.00000 4894.00000  11.4%  12.8 1742s
 1991728 281036 4904.00000   48   18 5525.00000 4895.70252  11.4%  12.8 1747s
 1995369 280756 5487.87464   48   15 5525.00000 4897.18955  11.4%  12.8 1751s
 1999139 280506 5346.06849   52   23 5525.00000 4899.03260  11.3%  12.8 1756s
 2002961 280236 5304.58875   43   31 5525.00000 4900.83224  11.3%  12.8 1761s
 2006570 279950 4980.15484   43   26 5525.00000 4902.27679  11.3%  12.8 1766s
 2010236 279634 5504.89195   56   20 5525.00000 4904.00000  11.2%  12.8 1771s
 2014064 279351 infeasible   44      5525.00000 4905.51943  11.2%  12.8 1776s
 2017497 279054 5263.55248   41   30 5525.00000 4907.04053  11.2%  12.8 1781s
 2021530 278772 5348.06162   45   20 5525.00000 4908.72087  11.2%  12.8 1786s
 2025277 278485 5510.79512   49   33 5525.00000 4910.46497  11.1%  12.8 1790s
 2028880 278207 infeasible   50      5525.00000 4912.05612  11.1%  12.8 1795s
 2032573 277867 5221.68010   44   24 5525.00000 4913.85170  11.1%  12.8 1800s
 2036540 277695 5110.49999   42   27 5525.00000 4915.43983  11.0%  12.8 1805s
 2041605 277363 4922.86164   57   30 5525.00000 4917.38477  11.0%  12.8 1811s
 2045099 277039     cutoff   50      5525.00000 4919.07684  11.0%  12.8 1816s
 2048964 276719     cutoff   51      5525.00000 4920.71389  10.9%  12.8 1821s
 2052776 276354 4980.54624   40   34 5525.00000 4922.31195  10.9%  12.8 1826s
 2056464 276018 infeasible   51      5525.00000 4923.98272  10.9%  12.8 1831s
 2060365 275745 5017.51669   52   25 5525.00000 4925.80386  10.8%  12.8 1836s
 2064146 275464 5234.28660   50   21 5525.00000 4927.23726  10.8%  12.8 1841s
 2067947 275149 4972.02113   50   29 5525.00000 4928.82538  10.8%  12.8 1846s
 2071425 274827 infeasible   52      5525.00000 4930.30393  10.8%  12.8 1850s
 2075056 274454 infeasible   49      5525.00000 4931.98330  10.7%  12.9 1855s
 2079214 274157 4972.77063   51   23 5525.00000 4933.56998  10.7%  12.9 1860s
 2082705 273831 infeasible   51      5525.00000 4935.00743  10.7%  12.9 1865s
 2086515 273464 5314.74193   54   21 5525.00000 4936.72195  10.6%  12.9 1870s
 2090379 273087 4962.00000   53   25 5525.00000 4938.39849  10.6%  12.9 1875s
 2093963 272792 infeasible   57      5525.00000 4940.02088  10.6%  12.9 1880s
 2097933 272506 5469.19630   46   14 5525.00000 4941.70205  10.6%  12.9 1885s
 2101889 272261 5295.88283   38   18 5525.00000 4943.39679  10.5%  12.9 1890s
 2107227 271712 4983.54241   43   31 5525.00000 4945.93823  10.5%  12.9 1897s
 2110923 271377 5051.94893   41   31 5525.00000 4947.21520  10.5%  12.9 1902s
 2114527 271014 5079.48374   41   32 5525.00000 4948.97697  10.4%  12.9 1907s
 2118534 270602 5016.90908   55   21 5525.00000 4950.58100  10.4%  12.9 1912s
 2122283 270249 infeasible   45      5525.00000 4952.10304  10.4%  12.9 1917s
 2125778 269952 infeasible   51      5525.00000 4953.86616  10.3%  12.9 1922s
 2129783 269646 infeasible   48      5525.00000 4955.09597  10.3%  12.9 1926s
 2133372 269344 5330.40175   48   18 5525.00000 4956.85773  10.3%  12.9 1931s
 2137285 269153 infeasible   48      5525.00000 4958.29455  10.3%  12.9 1936s
 2139146 268787 infeasible   43      5525.00000 4959.04520  10.2%  12.9 1941s
 2142933 268405 5516.06071   42   16 5525.00000 4960.83407  10.2%  12.9 1946s
 2146584 268057 5437.94274   53   23 5525.00000 4962.27926  10.2%  12.9 1951s
 2150383 267665 5013.44477   56   19 5525.00000 4963.99246  10.2%  12.9 1955s
 2154187 267363 5037.72039   56   23 5525.00000 4965.66491  10.1%  12.9 1961s
 2157946 266900 5337.00000   64    4 5525.00000 4967.00500  10.1%  12.9 1966s
 2161784 266513 infeasible   40      5525.00000 4968.68315  10.1%  12.9 1971s
 2165317 266075 infeasible   45      5525.00000 4970.40635  10.0%  12.9 1975s
 2168895 265693 5435.74641   52   13 5525.00000 4972.00000  10.0%  12.9 1980s
 2172806 265287 5278.60791   53   20 5525.00000 4973.71401  10.0%  12.9 1985s
 2176483 264889 5255.80657   47   31 5525.00000 4975.16131  10.0%  12.9 1990s
 2180347 264516 5501.37589   50   20 5525.00000 4976.79544  9.92%  12.9 1996s
 2183794 264112     cutoff   58      5525.00000 4978.13493  9.90%  12.9 2000s
 2187834 263702 5446.90286   43   35 5525.00000 4979.75746  9.87%  12.9 2006s
 2191747 263300 infeasible   49      5525.00000 4981.41911  9.84%  12.9 2011s
 2195311 262975 5508.18194   47   28 5525.00000 4983.00892  9.81%  12.9 2016s
 2199272 262629 infeasible   55      5525.00000 4984.36895  9.79%  12.9 2021s
 2203008 262184 infeasible   49      5525.00000 4986.05126  9.75%  12.9 2025s
 2206892 261798 infeasible   47      5525.00000 4987.79161  9.72%  12.9 2031s
 2210695 261308 infeasible   53      5525.00000 4989.36809  9.69%  12.9 2036s
 2214349 260945 infeasible   59      5525.00000 4990.79522  9.67%  12.9 2041s
 2218124 260560 5470.54030   56   18 5525.00000 4992.09539  9.65%  12.9 2046s
 2222110 260104 infeasible   64      5525.00000 4993.70515  9.62%  13.0 2051s
 2226062 259770 5185.02160   58   25 5525.00000 4995.41623  9.59%  13.0 2056s
 2229588 259299 4997.53531   49   29 5525.00000 4997.00000  9.56%  13.0 2061s
 2233571 258888 5064.40242   47   31 5525.00000 4998.56212  9.53%  13.0 2066s
 2237208 258502 infeasible   58      5525.00000 5000.03393  9.50%  13.0 2071s
 2240912 258059 infeasible   47      5525.00000 5001.61320  9.47%  13.0 2076s
 2244583 257619 5502.53223   48   23 5525.00000 5003.12004  9.45%  13.0 2081s
 2248141 257206 5475.66124   51   20 5525.00000 5004.89080  9.41%  13.0 2086s
 2252047 256720 5181.21883   57   22 5525.00000 5006.61653  9.38%  13.0 2091s
 2255644 256227     cutoff   47      5525.00000 5008.00000  9.36%  13.0 2096s
 2259545 255652 5409.35719   51   19 5525.00000 5009.98739  9.32%  13.0 2102s
 2263563 255196 5453.93378   37   34 5525.00000 5011.45941  9.29%  13.0 2107s
 2267168 254690 infeasible   47      5525.00000 5013.00000  9.27%  13.0 2112s
 2271048 254179 infeasible   47      5525.00000 5014.64974  9.24%  13.0 2117s
 2274392 253717 5166.05132   59   11 5525.00000 5016.20610  9.21%  13.0 2122s
 2278244 253177 5401.96600   47   29 5525.00000 5017.93417  9.18%  13.0 2127s
 2280248 252921 infeasible   49      5525.00000 5018.83515  9.16%  13.0 2130s
 2284274 252376 5465.80185   50   22 5525.00000 5020.36267  9.13%  13.0 2135s
 2287980 251896 5046.22995   54   27 5525.00000 5022.00000  9.10%  13.0 2140s
 2291984 251365     cutoff   49      5525.00000 5023.61251  9.07%  13.0 2146s
 2295681 250889 5377.60521   45   28 5525.00000 5025.34847  9.04%  13.0 2151s
 2299072 250293 5126.47603   60   16 5525.00000 5026.93012  9.01%  13.0 2156s
 2302985 249798 5488.95648   46   23 5525.00000 5028.51925  8.99%  13.0 2161s
 2306706 249370 infeasible   49      5525.00000 5030.00141  8.96%  13.0 2166s
 2310675 248854 infeasible   61      5525.00000 5031.92998  8.92%  13.0 2171s
 2314601 248281 infeasible   45      5525.00000 5033.80459  8.89%  13.0 2177s
 2318332 247780 infeasible   42      5525.00000 5035.29622  8.86%  13.0 2182s
 2321850 247199 infeasible   47      5525.00000 5037.23461  8.83%  13.0 2187s
 2325695 246560 infeasible   55      5525.00000 5039.00000  8.80%  13.0 2192s
 2327786 246211 5090.00000   55   19 5525.00000 5040.00000  8.78%  13.0 2195s
 2331823 245608 5388.30740   49   24 5525.00000 5041.63940  8.75%  13.0 2200s
 2335540 245011 5286.15343   44   21 5525.00000 5043.30672  8.72%  13.0 2205s
 2339308 244432 5213.75031   47   27 5525.00000 5045.03103  8.69%  13.0 2210s
 2343031 243820 5415.58740   49   20 5525.00000 5046.77588  8.66%  13.0 2216s
 2346787 243520 5054.95303   51   23 5525.00000 5048.46176  8.63%  13.0 2223s
 2346817 243515 infeasible   52      5525.00000 5048.46176  8.63%  13.0 2225s
 2349881 242627 5319.76491   47   26 5525.00000 5050.03787  8.60%  13.0 2232s
 2351935 242293     cutoff   41      5525.00000 5051.00000  8.58%  13.0 2235s
 2356025 241644 infeasible   60      5525.00000 5052.99966  8.54%  13.0 2241s
 2360459 241096 5212.96838   48   28 5525.00000 5054.67440  8.51%  13.0 2247s
 2364359 240534 5212.79903   51   20 5525.00000 5056.03427  8.49%  13.1 2252s
 2366316 240194 infeasible   50      5525.00000 5056.92595  8.47%  13.1 2255s
 2370420 239633 5378.66330   49   31 5525.00000 5058.77187  8.44%  13.1 2260s
 2374252 239018 infeasible   55      5525.00000 5060.33197  8.41%  13.1 2265s
 2377908 238418 5281.00158   49   23 5525.00000 5062.05179  8.38%  13.1 2270s
 2381827 237858     cutoff   47      5525.00000 5063.74135  8.35%  13.1 2276s
 2385580 237220     cutoff   52      5525.00000 5065.43597  8.32%  13.1 2281s
 2389399 236652 infeasible   58      5525.00000 5067.36487  8.28%  13.1 2286s
 2393117 236061 5238.96754   55   15 5525.00000 5069.00000  8.25%  13.1 2291s
 2396951 235423 5391.89935   57   18 5525.00000 5070.83535  8.22%  13.1 2296s
 2400757 234772     cutoff   42      5525.00000 5072.36646  8.19%  13.1 2301s
 2404349 234175 5370.36168   45   25 5525.00000 5074.00105  8.16%  13.1 2306s
 2407825 233461 5170.69240   46   26 5525.00000 5075.70612  8.13%  13.1 2311s
 2411756 232918 infeasible   42      5525.00000 5077.28597  8.10%  13.1 2316s
 2415275 232170 5262.05786   63   21 5525.00000 5079.00000  8.07%  13.1 2321s
 2419108 231453 5476.81267   54   22 5525.00000 5080.98578  8.04%  13.1 2327s
 2423051 230777 infeasible   51      5525.00000 5082.89413  8.00%  13.1 2332s
 2425135 230439 5363.23761   59   21 5525.00000 5083.65689  7.99%  13.1 2335s
 2429045 229704 5167.42071   44   28 5525.00000 5085.48687  7.95%  13.1 2340s
 2432701 229035 infeasible   46      5525.00000 5087.25419  7.92%  13.1 2345s
 2436450 228413 5165.00882   54   16 5525.00000 5088.87750  7.89%  13.1 2350s
 2440197 227614 infeasible   53      5525.00000 5090.68553  7.86%  13.1 2355s
 2444148 226800 5143.00000   57   22 5525.00000 5092.79976  7.82%  13.1 2361s
 2448176 226053 infeasible   48      5525.00000 5094.60745  7.79%  13.1 2367s
 2451985 225238 5430.02274   53   17 5525.00000 5096.22047  7.76%  13.1 2371s
 2455273 224541 infeasible   55      5525.00000 5098.05246  7.73%  13.1 2376s
 2459201 223734 infeasible   65      5525.00000 5100.00000  7.69%  13.1 2382s
 2461246 223281 infeasible   53      5525.00000 5100.87708  7.68%  13.1 2385s
 2465106 222497 5158.11570   52   27 5525.00000 5102.83607  7.64%  13.1 2390s
 2469318 221744 infeasible   55      5525.00000 5104.59928  7.61%  13.1 2396s
 2473173 221078 infeasible   51      5525.00000 5106.58022  7.57%  13.1 2401s
 2476449 220323 infeasible   47      5525.00000 5108.28738  7.54%  13.1 2406s
 2480312 219536 infeasible   47      5525.00000 5110.00000  7.51%  13.1 2412s
 2482847 219132 5154.38797   56   20 5525.00000 5111.02221  7.49%  13.1 2415s
 2486342 218365 infeasible   44      5525.00000 5112.85384  7.46%  13.1 2420s
 2490229 217562 5483.61922   44   29 5525.00000 5114.71972  7.43%  13.1 2426s
 2494248 216732 5137.14550   56   22 5525.00000 5116.49368  7.39%  13.1 2431s
 2498092 216017 5469.20352   55   22 5525.00000 5118.17239  7.36%  13.1 2436s
 2501720 215326 5164.74360   47   18 5525.00000 5120.00000  7.33%  13.1 2442s
 2505527 214515 5462.39740   54   23 5525.00000 5121.86582  7.30%  13.1 2447s
 2507651 214103 5262.85827   49   25 5525.00000 5122.81251  7.28%  13.1 2450s
 2511675 213356 infeasible   44      5525.00000 5124.66710  7.25%  13.1 2455s
 2515510 212549 5197.95935   45   20 5525.00000 5126.23269  7.22%  13.1 2461s
 2519123 211779 5211.78968   54   18 5525.00000 5128.18131  7.18%  13.1 2466s
 2522981 210996 5346.66602   44   37 5525.00000 5130.00000  7.15%  13.1 2471s
 2526860 210237 5282.44585   44   26 5525.00000 5132.00000  7.11%  13.2 2477s
 2530879 209367 5419.19505   54   16 5525.00000 5133.75575  7.08%  13.2 2482s
 2532939 208954     cutoff   47      5525.00000 5134.89485  7.06%  13.2 2485s
 2536883 208165 infeasible   46      5525.00000 5136.45705  7.03%  13.2 2490s
 2540605 207304 infeasible   49      5525.00000 5138.25279  7.00%  13.2 2495s
 2544361 206471 5484.70584   48   20 5525.00000 5140.15974  6.97%  13.2 2501s
 2548311 205620 infeasible   45      5525.00000 5142.00000  6.93%  13.2 2506s
 2551811 204763 infeasible   53      5525.00000 5143.60078  6.90%  13.2 2512s
 2555584 203927 5218.76947   51   19 5525.00000 5145.27651  6.87%  13.2 2517s
 2559403 203046 5161.01459   56   17 5525.00000 5147.22772  6.84%  13.2 2522s
 2561296 202665 infeasible   47      5525.00000 5148.08899  6.82%  13.2 2525s
 2565074 201864 5449.91861   50   18 5525.00000 5149.93208  6.79%  13.2 2530s
 2569207 201083 5318.15840   48   20 5525.00000 5151.90843  6.75%  13.2 2536s
 2573235 200283 infeasible   55      5525.00000 5153.62855  6.72%  13.2 2542s
 2575088 199851 infeasible   56      5525.00000 5154.60398  6.70%  13.2 2545s
 2578793 199085 5230.93539   53   25 5525.00000 5156.05194  6.68%  13.2 2550s
 2582525 198240 infeasible   49      5525.00000 5158.00000  6.64%  13.2 2555s
 2586610 197289     cutoff   54      5525.00000 5159.97935  6.61%  13.2 2561s
 2590365 196351 5253.90823   55   16 5525.00000 5162.00000  6.57%  13.2 2566s
 2594307 195446 5181.27493   51   24 5525.00000 5163.94913  6.53%  13.2 2572s
 2596003 194936 infeasible   55      5525.00000 5164.79517  6.52%  13.2 2575s
 2600133 193987     cutoff   53      5525.00000 5166.68816  6.49%  13.2 2580s
 2604255 193129 infeasible   45      5525.00000 5168.62576  6.45%  13.2 2586s
 2608318 192230 infeasible   48      5525.00000 5170.41431  6.42%  13.2 2591s
 2611898 191333 5205.82087   46   18 5525.00000 5172.00000  6.39%  13.2 2597s
 2615815 190499 infeasible   47      5525.00000 5174.02073  6.35%  13.2 2602s
 2617775 190028 5210.87791   50   17 5525.00000 5175.00000  6.33%  13.2 2605s
 2621696 189088     cutoff   55      5525.00000 5176.85771  6.30%  13.2 2610s
 2625636 188055 5300.89499   52   26 5525.00000 5178.96870  6.26%  13.2 2616s
 2629548 187094 infeasible   52      5525.00000 5181.00000  6.23%  13.2 2621s
 2633529 186080 5502.14754   42   27 5525.00000 5182.94361  6.19%  13.2 2627s
 2635595 185642 5241.60851   52   18 5525.00000 5183.79816  6.18%  13.2 2630s
 2639711 184726 5186.43454   57   20 5525.00000 5185.81910  6.14%  13.2 2635s
 2643532 183784     cutoff   55      5525.00000 5187.57897  6.11%  13.2 2641s
 2647461 182884 5256.91307   52   21 5525.00000 5189.43605  6.07%  13.2 2646s
 2651124 182102 5467.06670   45   12 5525.00000 5191.20138  6.04%  13.2 2651s
 2654599 181276     cutoff   40      5525.00000 5193.00000  6.01%  13.2 2657s
 2656639 180814 infeasible   54      5525.00000 5194.00000  5.99%  13.2 2660s
 2660770 179804 5515.74653   57   16 5525.00000 5196.00000  5.95%  13.2 2665s
 2664967 178775 5414.33969   47   22 5525.00000 5197.84073  5.92%  13.2 2671s
 2668708 177783 infeasible   54      5525.00000 5200.00000  5.88%  13.2 2677s
 2672567 176821 5290.25887   51   31 5525.00000 5202.00000  5.85%  13.2 2682s
 2674701 176373 infeasible   49      5525.00000 5202.99215  5.83%  13.2 2685s
 2678749 175395 infeasible   58      5525.00000 5204.74888  5.80%  13.2 2691s
 2682533 174351 5297.52293   57   20 5525.00000 5206.70266  5.76%  13.2 2697s
 2686554 173257 infeasible   50      5525.00000 5208.59097  5.73%  13.2 2702s
 2688493 172691 infeasible   51      5525.00000 5209.85017  5.70%  13.2 2705s
 2692563 171640 infeasible   49      5525.00000 5212.00000  5.67%  13.2 2710s
 2696539 170618 infeasible   45      5525.00000 5214.00000  5.63%  13.2 2716s
 2700319 169569 infeasible   43      5525.00000 5216.00000  5.59%  13.2 2722s
 2704237 168532 5495.34074   50   15 5525.00000 5218.00399  5.56%  13.3 2727s
 2706194 167982 infeasible   60      5525.00000 5219.00000  5.54%  13.3 2730s
 2709923 167458 5340.67114   45   32 5525.00000 5221.00000  5.50%  13.3 2735s
 2711763 166381 infeasible   43      5525.00000 5222.14362  5.48%  13.3 2740s
 2715430 165326 infeasible   40      5525.00000 5224.14842  5.45%  13.3 2746s
 2719331 164265 5338.65489   62   17 5525.00000 5226.00000  5.41%  13.3 2751s
 2722980 163307 infeasible   38      5525.00000 5228.00000  5.38%  13.3 2756s
 2726809 162072 infeasible   50      5525.00000 5230.16046  5.34%  13.3 2762s
 2728782 161544 infeasible   64      5525.00000 5231.03756  5.32%  13.3 2765s
 2732524 160456 5260.12548   47   31 5525.00000 5233.04933  5.28%  13.3 2770s
 2736233 159301 infeasible   48      5525.00000 5235.31928  5.24%  13.3 2775s
 2739433 158327 5274.32892   49   25 5525.00000 5237.34802  5.21%  13.3 2780s
 2743231 157154 5308.97489   51   30 5525.00000 5239.21707  5.17%  13.3 2786s
 2746985 156188 5481.47473   49   19 5525.00000 5241.26521  5.14%  13.3 2791s
 2750857 155033 5517.56683   45   23 5525.00000 5243.02238  5.10%  13.3 2796s
 2754581 153964 5424.35980   51   15 5525.00000 5245.11265  5.07%  13.3 2801s
 2758333 152709 5308.11036   56   23 5525.00000 5247.37089  5.02%  13.3 2807s
 2760188 152141 5361.00000   54   13 5525.00000 5248.82346  5.00%  13.3 2810s
 2764115 150971 5342.21156   49   25 5525.00000 5250.96821  4.96%  13.3 2815s
 2768024 150368 infeasible   43      5525.00000 5253.00000  4.92%  13.3 2820s
 2769243 149228     cutoff   43      5525.00000 5254.00000  4.90%  13.3 2825s
 2773227 147990 5488.58038   49   30 5525.00000 5256.36743  4.86%  13.3 2831s
 2777190 146740 5390.79837   50   25 5525.00000 5258.55501  4.82%  13.3 2836s
 2781164 145495 5330.86665   49   25 5525.00000 5261.00000  4.78%  13.3 2842s
 2783193 144814 5271.73776   63   15 5525.00000 5262.01298  4.76%  13.3 2845s
 2787098 143514 5495.18347   51   30 5525.00000 5264.33773  4.72%  13.3 2850s
 2790829 142220 infeasible   44      5525.00000 5267.00000  4.67%  13.3 2856s
 2794851 140939 infeasible   63      5525.00000 5269.21918  4.63%  13.3 2861s
 2798791 139671     cutoff   57      5525.00000 5271.60148  4.59%  13.3 2867s
 2802844 138444 infeasible   60      5525.00000 5274.00000  4.54%  13.3 2872s
 2804947 137885 infeasible   55      5525.00000 5275.00000  4.52%  13.3 2875s
 2808850 136657 5481.98083   56   13 5525.00000 5277.00359  4.49%  13.3 2880s
 2812628 135522     cutoff   47      5525.00000 5279.00000  4.45%  13.3 2886s
 2816317 134315 5336.23050   52   19 5525.00000 5281.05482  4.42%  13.3 2891s
 2820095 133018 infeasible   51      5525.00000 5283.04945  4.38%  13.3 2896s
 2823648 131897 5311.99941   53   13 5525.00000 5285.43465  4.34%  13.3 2901s
 2827304 130524 5307.30752   43   28 5525.00000 5287.69593  4.30%  13.3 2907s
 2829370 129881 infeasible   57      5525.00000 5288.94300  4.27%  13.3 2910s
 2833523 128499 infeasible   63      5525.00000 5291.01503  4.24%  13.3 2916s
 2837246 127288 infeasible   48      5525.00000 5293.17017  4.20%  13.3 2921s
 2840744 125938 infeasible   51      5525.00000 5295.44323  4.15%  13.3 2926s
 2844691 124509 5403.28004   52   29 5525.00000 5297.94473  4.11%  13.3 2932s
 2846704 123836 infeasible   55      5525.00000 5299.09206  4.09%  13.3 2935s
 2850543 122421 5340.68233   62   11 5525.00000 5301.86973  4.04%  13.3 2940s
 2854575 121047 infeasible   46      5525.00000 5304.15574  4.00%  13.3 2946s
 2858574 119702 5347.91549   58   10 5525.00000 5306.54474  3.95%  13.3 2951s
 2862036 118367 infeasible   55      5525.00000 5308.78616  3.91%  13.3 2957s
 2863989 117768 infeasible   50      5525.00000 5310.02861  3.89%  13.3 2960s
 2867899 116416     cutoff   40      5525.00000 5312.13842  3.85%  13.3 2965s
 2871827 114990 infeasible   46      5525.00000 5314.73808  3.81%  13.3 2971s
 2875825 113451 5335.15436   44   24 5525.00000 5317.29473  3.76%  13.3 2976s
 2879320 112044     cutoff   46      5525.00000 5319.64001  3.72%  13.3 2982s
 2881288 111345 infeasible   58      5525.00000 5320.97713  3.69%  13.3 2985s
 2885233 109864 infeasible   49      5525.00000 5323.06579  3.65%  13.3 2990s
 2888872 108405 infeasible   60      5525.00000 5326.00000  3.60%  13.3 2996s
 2892811 106937 infeasible   48      5525.00000 5328.50501  3.56%  13.3 3001s
 2896545 105321 infeasible   63      5525.00000 5331.00000  3.51%  13.3 3007s
 2900377 103846 5431.26937   46   33 5525.00000 5334.00000  3.46%  13.4 3012s
 2902507 103058 5339.94624   53   22 5525.00000 5335.01674  3.44%  13.4 3015s
 2906426 101584 5344.97290   50   18 5525.00000 5337.90025  3.39%  13.4 3021s
 2910449 100211 5402.29543   48   21 5525.00000 5340.01171  3.35%  13.4 3026s
 2914331 98641     cutoff   49      5525.00000 5343.02007  3.29%  13.4 3032s
 2918160 97234 infeasible   48      5525.00000 5345.53752  3.25%  13.4 3037s
 2921936 95737     cutoff   46      5525.00000 5348.31957  3.20%  13.4 3042s
 2923509 94925 5353.00000   59   23 5525.00000 5349.65081  3.17%  13.4 3045s
 2927424 93473 infeasible   43      5525.00000 5352.27055  3.13%  13.4 3050s
 2931273 91824 5420.26866   56   18 5525.00000 5354.79890  3.08%  13.4 3055s
 2935189 90271 infeasible   45      5525.00000 5357.00000  3.04%  13.4 3061s
 2939106 88608 5371.69578   50   18 5525.00000 5360.32331  2.98%  13.4 3066s
 2943023 86933 infeasible   49      5525.00000 5363.00000  2.93%  13.4 3072s
 2946839 85394 infeasible   56      5525.00000 5365.48676  2.89%  13.4 3077s
 2948759 84473 5457.81962   61   10 5525.00000 5367.00000  2.86%  13.4 3080s
 2952639 83050 infeasible   48      5525.00000 5369.72781  2.81%  13.4 3085s
 2956600 81379 infeasible   41      5525.00000 5372.33984  2.76%  13.4 3090s
 2960220 79788 5428.23785   61   21 5525.00000 5375.00000  2.71%  13.4 3096s
 2964078 78230 5432.34144   49   20 5525.00000 5378.00000  2.66%  13.4 3101s
 2967846 76555 5478.70558   54   18 5525.00000 5380.11776  2.62%  13.4 3107s
 2971674 74953     cutoff   42      5525.00000 5383.02583  2.57%  13.4 3112s
 2973606 74163 5471.58667   46   28 5525.00000 5384.68348  2.54%  13.4 3115s
 2977641 72483 5388.62836   49   25 5525.00000 5387.21412  2.49%  13.4 3120s
 2981395 70743     cutoff   46      5525.00000 5390.02548  2.44%  13.4 3125s
 2985030 69039 infeasible   43      5525.00000 5392.97134  2.39%  13.4 3131s
 2989061 67293 5518.58679   53   18 5525.00000 5396.00000  2.33%  13.4 3136s
 2992968 65687 5452.19006   57   29 5525.00000 5399.00000  2.28%  13.4 3142s
 2994664 64710 infeasible   49      5525.00000 5400.02297  2.26%  13.4 3147s
 2996739 63695     cutoff   47      5525.00000 5401.93600  2.23%  13.4 3150s
 3000795 61927 infeasible   61      5525.00000 5404.95158  2.17%  13.4 3155s
 3004680 60197 5438.31936   49   28 5525.00000 5407.80213  2.12%  13.4 3161s
 3008731 58281 infeasible   51      5525.00000 5410.94446  2.06%  13.4 3167s
 3012519 56509 5465.49928   49   35 5525.00000 5413.95896  2.01%  13.4 3172s
 3016287 54565 infeasible   53      5525.00000 5416.97804  1.96%  13.4 3177s
 3018163 53565 5442.55716   60   19 5525.00000 5418.56817  1.93%  13.4 3180s
 3022113 51593 5430.53299   44   23 5525.00000 5421.25037  1.88%  13.4 3185s
 3025747 49763 infeasible   54      5525.00000 5425.00000  1.81%  13.4 3190s
 3029616 47904 5447.36133   55   17 5525.00000 5428.15153  1.75%  13.4 3195s
 3033274 45885 infeasible   40      5525.00000 5431.04160  1.70%  13.4 3200s
 3036809 43940 infeasible   40      5525.00000 5435.00000  1.63%  13.4 3205s
 3040647 41928 5507.59004   54   19 5525.00000 5438.02137  1.57%  13.4 3210s
 3044039 40023 infeasible   50      5525.00000 5441.36187  1.51%  13.4 3215s
 3047621 37981 infeasible   48      5525.00000 5444.85200  1.45%  13.4 3220s
 3051489 35810 infeasible   46      5525.00000 5448.57363  1.38%  13.4 3225s
 3055167 33610 5499.14074   49   28 5525.00000 5452.65502  1.31%  13.4 3230s
 3059069 31197 5464.00000   56   23 5525.00000 5456.79987  1.23%  13.4 3235s
 3062928 28770     cutoff   51      5525.00000 5461.04765  1.16%  13.4 3240s
 3066635 26161     cutoff   50      5525.00000 5465.85239  1.07%  13.4 3245s
 3070427 23516 5476.01075   61   14 5525.00000 5470.80116  0.98%  13.4 3250s
 3075563 19456 5488.89730   58   17 5525.00000 5478.28303  0.85%  13.4 3256s
 3079106 16644     cutoff   49      5525.00000 5484.00000  0.74%  13.4 3261s
 3082637 13756 infeasible   56      5525.00000 5489.72640  0.64%  13.4 3265s
 3086146 10507 infeasible   48      5525.00000 5496.00000  0.52%  13.4 3270s
 3091741  5311 infeasible   46      5525.00000 5506.73161  0.33%  13.4 3275s

Cutting planes:
  Learned: 222
  Gomory: 79
  Cover: 27
  Implied bound: 4
  MIR: 1888
  Flow cover: 2796
  Inf proof: 48
  Zero half: 1
  RLT: 2
  Relax-and-lift: 15

Explored 3099160 nodes (41539820 simplex iterations) in 3279.42 seconds (674.55 work units)
Thread count was 16 (of 16 available processors)

Solution count 10: 5525 5525 5615 ... 6180

Optimal solution found (tolerance 1.00e-04)
Best objective 5.525000000000e+03, best bound 5.525000000000e+03, gap 0.0000%
Warning: constraint name "precedence between 0,1 to 0,0 if x_[j,l,h,z,i]=1" has a space
Warning: constraint name "precedence between 0,1 to 0,0 if x_[j,l,h,z,i]=1" has a space
Warning: default constraint names used to write mps file
