
Gurobi 10.0.1 (win64) logging started Sat Sep 16 16:57:52 2023

Set parameter LogFile to value "./results-heuristic-start//log/Fattahi_setup_13_modified_old_deadline.log"
Gurobi Optimizer version 10.0.1 build v10.0.1rc0 (win64)

CPU model: AMD Ryzen 7 3700X 8-Core Processor, instruction set [SSE2|AVX|AVX2]
Thread count: 8 physical cores, 16 logical processors, using up to 16 threads

Optimize a model with 497 rows, 437 columns and 2035 nonzeros
Model fingerprint: 0xf98d953d
Model has 1 quadratic constraint
Variable types: 48 continuous, 389 integer (388 binary)
Coefficient statistics:
  Matrix range     [1e+00, 1e+06]
  QMatrix range    [1e+00, 1e+00]
  QLMatrix range   [1e+00, 4e+02]
  Objective range  [1e+00, 1e+00]
  Bounds range     [1e+00, 1e+00]
  RHS range        [1e+00, 3e+06]

Warning: Completing partial solution with 371 unfixed non-continuous variables out of 389
User MIP start did not produce a new incumbent solution
User MIP start violates constraint initial_start_time_job0_stage0_machine2_constraint by 420.000000000

Presolve removed 54 rows and 219 columns
Presolve time: 0.00s
Presolved: 460 rows, 234 columns, 2044 nonzeros
Variable types: 64 continuous, 170 integer (169 binary)
Found heuristic solution: objective 15905.000000

Root relaxation: objective 0.000000e+00, 65 iterations, 0.00 seconds (0.00 work units)

    Nodes    |    Current Node    |     Objective Bounds      |     Work
 Expl Unexpl |  Obj  Depth IntInf | Incumbent    BestBd   Gap | It/Node Time

     0     0    0.00000    0   20 15905.0000    0.00000   100%     -    0s
Another try with MIP start
H    0     0                    11377.000000    0.00000   100%     -    0s
H    0     0                    11299.000000    0.00000   100%     -    0s
H    0     0                    8223.0000000    0.00000   100%     -    0s
     0     0    0.00000    0   22 8223.00000    0.00000   100%     -    0s
H    0     0                    8129.0000000    0.00000   100%     -    0s
H    0     0                    7582.0000000    0.00000   100%     -    0s
     0     0    0.00000    0   21 7582.00000    0.00000   100%     -    0s
H    0     0                    7580.0000000    0.00000   100%     -    0s
H    0     0                    6522.0000000    0.00000   100%     -    0s
     0     0    0.00000    0   12 6522.00000    0.00000   100%     -    0s
H    0     0                    6502.0000000    0.00000   100%     -    0s
     0     0    0.00000    0   17 6502.00000    0.00000   100%     -    0s
H    0     0                    6059.0000000    0.00000   100%     -    0s
     0     0    0.00000    0   21 6059.00000    0.00000   100%     -    0s
     0     0  194.83074    0   41 6059.00000  194.83074  96.8%     -    0s
     0     0 1810.23373    0   30 6059.00000 1810.23373  70.1%     -    0s
H    0     0                    5934.0000000 1810.23373  69.5%     -    0s
     0     0 1813.11597    0   39 5934.00000 1813.11597  69.4%     -    0s
     0     0 2011.46136    0   30 5934.00000 2011.46136  66.1%     -    0s
     0     0 2012.06247    0   35 5934.00000 2012.06247  66.1%     -    0s
     0     0 2021.67339    0   32 5934.00000 2021.67339  65.9%     -    0s
     0     0 2021.67339    0   30 5934.00000 2021.67339  65.9%     -    0s
     0     2 2021.67339    0   30 5934.00000 2021.67339  65.9%     -    0s
H   81    56                    5801.0000000 2050.00000  64.7%  15.3    0s
H  377   232                    5602.0000000 2050.00000  63.4%   7.8    0s
H  378   232                    5102.0000000 2050.00000  59.8%   7.8    0s
H  492   304                    4973.0000000 2050.00000  58.8%   7.4    0s
H 2317  1224                    4970.0000000 2210.30110  55.5%   7.0    2s
* 6494  1752              52    4871.0000000 2498.40144  48.7%  11.4    3s
*13457  4102              57    4751.0000000 2690.00000  43.4%  12.5    4s
 16174  5098 4090.24838   45   28 4751.00000 2734.00000  42.5%  12.7    5s
*33271 10039              56    4695.0000000 2906.30923  38.1%  13.7    9s
 34793 10517 3822.28646   26   28 4695.00000 2917.52751  37.9%  13.8   10s
H40270 11767                    4594.0000000 2957.00000  35.6%  13.9   11s
 42268 12692 3241.51296   38   33 4594.00000 2970.68270  35.3%  14.0   15s
*54586 14740              46    4574.0000000 3050.95928  33.3%  14.3   19s
 55988 14890 3589.86084   45   16 4574.00000 3061.80373  33.1%  14.3   20s
 67053 17236 3205.20583   34   36 4574.00000 3132.07856  31.5%  14.5   25s
 77513 19116 4237.16488   43   29 4574.00000 3180.76810  30.5%  14.5   30s
 87554 20603 4421.00000   46    6 4574.00000 3224.53721  29.5%  14.5   35s
 97499 22139 infeasible   43      4574.00000 3266.49050  28.6%  14.5   40s
 106213 23441 3589.00000   37   14 4574.00000 3297.00000  27.9%  14.5   45s
 116479 24639 4169.34215   38   23 4574.00000 3328.90426  27.2%  14.5   51s
 123589 25680 infeasible   44      4574.00000 3350.01079  26.8%  14.4   55s
 132067 26597 3410.22205   37   26 4574.00000 3376.09223  26.2%  14.4   60s
 142550 27757 3707.41366   38   34 4574.00000 3412.24727  25.4%  14.4   65s
 150594 28568 4340.90041   41   23 4574.00000 3435.80177  24.9%  14.4   70s
 160711 29547     cutoff   47      4574.00000 3465.35324  24.2%  14.4   75s
 169054 30131 3830.07220   34   25 4574.00000 3487.58079  23.8%  14.4   80s
 179505 30886     cutoff   34      4574.00000 3515.00000  23.2%  14.4   85s
 189874 31478 3646.21373   46   29 4574.00000 3541.88308  22.6%  14.5   90s
 198064 31852 3819.84682   41   22 4574.00000 3563.00000  22.1%  14.5   95s
*199056 28438              50    4367.0000000 3564.00000  18.4%  14.5   95s
 207613 28017 4158.21212   37   21 4367.00000 3594.84325  17.7%  14.5  100s
 215813 27408 3776.62484   39   30 4367.00000 3626.08333  17.0%  14.6  105s
 224115 26720 infeasible   36      4367.00000 3656.27999  16.3%  14.7  111s
 230858 26160     cutoff   43      4367.00000 3680.81917  15.7%  14.7  115s
 237562 25577 infeasible   37      4367.00000 3704.91792  15.2%  14.7  120s
 244735 25036 4180.97264   41   15 4367.00000 3728.11717  14.6%  14.7  125s
 251669 24405 infeasible   51      4367.00000 3750.00000  14.1%  14.8  130s
 258555 23722 4204.00000   36   20 4367.00000 3773.36284  13.6%  14.8  135s
 266678 22585 3982.82925   33   24 4367.00000 3802.29445  12.9%  14.8  141s
 273655 21658 infeasible   45      4367.00000 3829.96977  12.3%  14.9  145s
 280674 20494 3868.33223   29   28 4367.00000 3856.42852  11.7%  14.9  150s
 287265 19371 infeasible   38      4367.00000 3883.85185  11.1%  14.9  155s
 294328 18123 4145.38050   40   22 4367.00000 3914.00000  10.4%  14.9  160s
 301039 16791 3959.99179   38   29 4367.00000 3946.00000  9.64%  15.0  165s
 307843 15285 4037.13987   43   16 4367.00000 3976.85940  8.93%  15.0  170s
 314696 13597 4218.57642   48   15 4367.00000 4013.29810  8.10%  15.0  175s
 321308 11509 infeasible   45      4367.00000 4049.44786  7.27%  15.1  180s
 328003  9023     cutoff   43      4367.00000 4100.57955  6.10%  15.1  185s
 334830  6004 4265.01720   44   24 4367.00000 4162.00000  4.69%  15.1  190s
 341905  2233 4312.53817   43   13 4367.00000 4254.00000  2.59%  15.1  195s

Cutting planes:
  Learned: 212
  Gomory: 109
  Cover: 18
  Implied bound: 28
  Projected implied bound: 2
  MIR: 1563
  Flow cover: 2418
  Inf proof: 47
  RLT: 1
  Relax-and-lift: 10

Explored 346303 nodes (5259927 simplex iterations) in 197.28 seconds (77.51 work units)
Thread count was 16 (of 16 available processors)

Solution count 10: 4367 4367 4574 ... 5102

Optimal solution found (tolerance 1.00e-04)
Best objective 4.367000000000e+03, best bound 4.367000000000e+03, gap 0.0000%
Warning: constraint name "precedence between 0,1 to 0,0 if x_[j,l,h,z,i]=1" has a space
Warning: constraint name "precedence between 0,1 to 0,0 if x_[j,l,h,z,i]=1" has a space
Warning: default constraint names used to write mps file
