
Gurobi 10.0.1 (win64) logging started Mon Sep 18 16:45:59 2023

Set parameter LogFile to value "./results-heuristic-start//log/PlasticInjection_deadline.log"
Gurobi Optimizer version 10.0.1 build v10.0.1rc0 (win64)

CPU model: AMD Ryzen 7 3700X 8-Core Processor, instruction set [SSE2|AVX|AVX2]
Thread count: 8 physical cores, 16 logical processors, using up to 16 threads

Optimize a model with 2253 rows, 7106 columns and 9106 nonzeros
Model fingerprint: 0x58e41fa3
Model has 1 quadratic constraint
Variable types: 197 continuous, 6909 integer (6908 binary)
Coefficient statistics:
  Matrix range     [1e+00, 1e+08]
  QMatrix range    [1e+00, 1e+00]
  QLMatrix range   [1e+00, 1e+07]
  Objective range  [1e+00, 1e+00]
  Bounds range     [1e+00, 1e+00]
  RHS range        [1e+00, 4e+08]
Warning: Model contains large matrix coefficients
         Consider reformulating model or setting NumericFocus parameter
         to avoid numerical issues.

Warning: Completing partial solution with 6828 unfixed non-continuous variables out of 6909
User MIP start did not produce a new incumbent solution
User MIP start violates constraint initial_start_time_job27_stage0_machine18_constraint by 420.000000000

Presolve removed 449 rows and 6211 columns
Presolve time: 0.03s
Presolved: 2053 rows, 1267 columns, 8617 nonzeros
Presolved model has 248 SOS constraint(s)
Variable types: 444 continuous, 823 integer (822 binary)

Root relaxation: objective 2.003027e+08, 227 iterations, 0.00 seconds (0.00 work units)

    Nodes    |    Current Node    |     Objective Bounds      |     Work
 Expl Unexpl |  Obj  Depth IntInf | Incumbent    BestBd   Gap | It/Node Time

     0     0 2.0030e+08    0  102          - 2.0030e+08      -     -    0s
H    0     0                    4.058550e+08 2.0030e+08  50.6%     -    0s
     0     0 2.4231e+08    0  114 4.0586e+08 2.4231e+08  40.3%     -    0s
     0     0 2.5579e+08    0  103 4.0586e+08 2.5579e+08  37.0%     -    0s
     0     0 2.5660e+08    0  102 4.0586e+08 2.5660e+08  36.8%     -    0s
     0     0 2.5660e+08    0  102 4.0586e+08 2.5660e+08  36.8%     -    0s
     0     0 2.5665e+08    0  117 4.0586e+08 2.5665e+08  36.8%     -    0s
H    0     0                    4.058550e+08 2.5665e+08  36.8%     -    0s
H    0     0                    3.765964e+08 2.5665e+08  31.9%     -    0s
     0     0 2.5665e+08    0  121 3.7660e+08 2.5665e+08  31.9%     -    0s
     0     0 2.5727e+08    0  122 3.7660e+08 2.5727e+08  31.7%     -    0s
H    0     0                    3.630132e+08 2.5727e+08  29.1%     -    0s
     0     0 2.5728e+08    0  116 3.6301e+08 2.5728e+08  29.1%     -    0s
H    0     0                    3.587606e+08 2.5728e+08  28.3%     -    0s
     0     0 2.5740e+08    0  114 3.5876e+08 2.5740e+08  28.3%     -    0s
     0     0 2.5740e+08    0   90 3.5876e+08 2.5740e+08  28.3%     -    0s
H    0     0                    3.483933e+08 2.5740e+08  26.1%     -    0s
H    0     0                    3.483933e+08 2.5740e+08  26.1%     -    0s
H    0     0                    3.465205e+08 2.5740e+08  25.7%     -    0s
     0     2 2.5740e+08    0   87 3.4652e+08 2.5740e+08  25.7%     -    0s
H   34    34                    3.453460e+08 2.5740e+08  25.5%  18.9    0s
H  280   308                    3.348666e+08 2.5740e+08  23.1%   5.6    0s
H  321   372                    3.306228e+08 2.5740e+08  22.1%   5.5    0s
H  969  1014                    3.306228e+08 2.5740e+08  22.1%   4.5    1s
H  970  1014                    3.292625e+08 2.5740e+08  21.8%   4.5    1s
H 1012  1013                    3.286269e+08 2.5740e+08  21.7%   4.4    1s
H 2097  1808                    3.160440e+08 2.5740e+08  18.6%   4.1    1s
  2208  1892 2.6333e+08   28  122 3.1604e+08 2.5948e+08  17.9%  12.0    5s
*10264  7854             209    3.139517e+08 2.5948e+08  17.4%   5.7    6s
*10266  7835             210    3.134079e+08 2.5948e+08  17.2%   5.7    6s
*10419  7628             209    3.112819e+08 2.5948e+08  16.6%   5.7    6s
*10426  7565             210    3.107381e+08 2.5948e+08  16.5%   5.7    6s
H10754  6554                    3.020575e+08 2.5948e+08  14.1%   5.6    7s
H11115  6897                    3.020575e+08 2.5948e+08  14.1%   5.7    7s
H11265  6848                    3.017062e+08 2.5948e+08  14.0%   5.8    7s
H12286  7732                    3.017062e+08 2.5948e+08  14.0%   6.0    8s
H12695  7825                    3.001862e+08 2.5948e+08  13.6%   5.9    8s
H13889  8910                    3.001862e+08 2.5953e+08  13.5%   5.9    9s
 15249 10309 2.9918e+08   89  112 3.0019e+08 2.5953e+08  13.5%   5.8   10s
H16463 10667                    2.997750e+08 2.5953e+08  13.4%   5.9   11s
H16466 10616                    2.991883e+08 2.5953e+08  13.3%   5.9   11s
 25307 18615 2.6326e+08   40  196 2.9919e+08 2.5980e+08  13.2%   6.2   15s
H30832 21575                    2.991248e+08 2.5990e+08  13.1%   6.3   16s
H30844 21564                    2.990745e+08 2.5990e+08  13.1%   6.3   16s
 39654 30009 2.9574e+08   90  117 2.9907e+08 2.6008e+08  13.0%   6.3   20s
 58482 44334 2.9114e+08  109   91 2.9907e+08 2.6059e+08  12.9%   6.3   25s
 74868 55675 2.6229e+08   42  205 2.9907e+08 2.6085e+08  12.8%   6.4   30s
H89002 66225                    2.990110e+08 2.6096e+08  12.7%   6.4   34s
 91883 68124 2.6158e+08   41  177 2.9901e+08 2.6096e+08  12.7%   6.3   35s
H91909 67779                    2.986903e+08 2.6096e+08  12.6%   6.3   35s
H91921 67312                    2.983471e+08 2.6096e+08  12.5%   6.3   35s
 105004 76630 2.9647e+08   89  115 2.9835e+08 2.6109e+08  12.5%   6.4   40s
H105027 75494                    2.977285e+08 2.6109e+08  12.3%   6.4   40s
H106594 76793                    2.977285e+08 2.6111e+08  12.3%   6.4   41s
H109344 77941                    2.977285e+08 2.6115e+08  12.3%   6.4   42s
H112582 79770                    2.977285e+08 2.6116e+08  12.3%   6.5   43s
H115677 82575                    2.977285e+08 2.6120e+08  12.3%   6.5   44s
H116996 84276                    2.976430e+08 2.6120e+08  12.2%   6.5   45s
H123524 88475                    2.976430e+08 2.6126e+08  12.2%   6.5   47s
 133847 96119 2.9453e+08   75  155 2.9764e+08 2.6132e+08  12.2%   6.5   50s
H138135 98726                    2.976430e+08 2.6135e+08  12.2%   6.4   51s
H146497 104543                    2.976430e+08 2.6141e+08  12.2%   6.4   53s
 151355 108389 2.9389e+08   71  138 2.9764e+08 2.6145e+08  12.2%   6.4   55s
H153008 109430                    2.976430e+08 2.6147e+08  12.2%   6.4   55s
H162947 117006                    2.976347e+08 2.6150e+08  12.1%   6.4   58s
 167238 121528 2.9474e+08   80  125 2.9763e+08 2.6152e+08  12.1%   6.4   60s
H172272 124180                    2.976347e+08 2.6156e+08  12.1%   6.4   61s
H177740 128389                    2.976347e+08 2.6157e+08  12.1%   6.4   63s
 183181 132276 infeasible   92      2.9763e+08 2.6160e+08  12.1%   6.4   65s
H187329 134397                    2.976347e+08 2.6160e+08  12.1%   6.4   66s
H197058 142217                    2.976347e+08 2.6166e+08  12.1%   6.3   69s
 198292 143869 2.9414e+08   62  150 2.9763e+08 2.6167e+08  12.1%   6.3   70s
H202075 146481                    2.976347e+08 2.6168e+08  12.1%   6.3   71s
H209178 151391                    2.976347e+08 2.6171e+08  12.1%   6.3   73s
 214322 155681 2.9190e+08   85  117 2.9763e+08 2.6174e+08  12.1%   6.3   75s
H216703 157186                    2.976347e+08 2.6175e+08  12.1%   6.3   76s
H223715 162406                    2.976347e+08 2.6176e+08  12.1%   6.3   78s
 229120 166611 2.9511e+08   81  111 2.9763e+08 2.6178e+08  12.0%   6.3   80s
H235015 170630                    2.976347e+08 2.6180e+08  12.0%   6.3   82s
H240556 174670                    2.976347e+08 2.6181e+08  12.0%   6.3   84s
 244563 177510     cutoff  114      2.9763e+08 2.6182e+08  12.0%   6.3   85s
H250198 181474                    2.976347e+08 2.6184e+08  12.0%   6.2   87s
H254966 184719                    2.976347e+08 2.6185e+08  12.0%   6.2   89s
 258240 187888 2.6974e+08   51  179 2.9763e+08 2.6186e+08  12.0%   6.2   90s
H268542 194508                    2.975934e+08 2.6189e+08  12.0%   6.2   93s
 271925 196994 2.6436e+08   40  195 2.9759e+08 2.6189e+08  12.0%   6.2   95s
H277091 200873                    2.975933e+08 2.6191e+08  12.0%   6.2   97s
H284703 206737                    2.975933e+08 2.6193e+08  12.0%   6.2   99s
 286610 207787 2.9541e+08  110   91 2.9759e+08 2.6193e+08  12.0%   6.2  100s
H290325 210439                    2.975933e+08 2.6194e+08  12.0%   6.2  101s
H293380 213121                    2.975933e+08 2.6194e+08  12.0%   6.2  103s
 299290 217184 2.6635e+08   48  198 2.9759e+08 2.6195e+08  12.0%   6.2  105s
H299540 217184                    2.975933e+08 2.6195e+08  12.0%   6.2  105s
H306861 222151                    2.975933e+08 2.6196e+08  12.0%   6.2  107s
 314240 227663 2.8363e+08   57  175 2.9759e+08 2.6198e+08  12.0%   6.2  110s
H314260 227663                    2.975933e+08 2.6198e+08  12.0%   6.2  110s
H321846 233804                    2.975933e+08 2.6199e+08  12.0%   6.2  113s
H326928 237683                    2.975933e+08 2.6201e+08  12.0%   6.2  115s
H336945 238257                    2.965915e+08 2.6203e+08  11.7%   6.2  118s
 339663 241112 2.8497e+08  121   75 2.9659e+08 2.6203e+08  11.7%   6.2  120s
H344844 243947                    2.965915e+08 2.6204e+08  11.6%   6.2  121s
H349699 247574                    2.965915e+08 2.6205e+08  11.6%   6.2  123s
 352658 248951 2.6648e+08   49  190 2.9659e+08 2.6206e+08  11.6%   6.2  125s
H352849 243437                    2.957944e+08 2.6206e+08  11.4%   6.2  126s
 362916 251177 2.6270e+08   39  217 2.9579e+08 2.6208e+08  11.4%   6.2  130s
 377535 261413 2.6713e+08   51  173 2.9579e+08 2.6210e+08  11.4%   6.2  135s
 389931 269906 2.8949e+08   63  169 2.9579e+08 2.6212e+08  11.4%   6.2  140s
 403399 278879 infeasible   84      2.9579e+08 2.6215e+08  11.4%   6.2  145s
 417486 289475 2.7102e+08   51  160 2.9579e+08 2.6217e+08  11.4%   6.2  150s
 428811 297999 2.8867e+08   85  107 2.9579e+08 2.6219e+08  11.4%   6.2  155s
 441693 307095 2.8860e+08   76  121 2.9579e+08 2.6221e+08  11.4%   6.2  160s
 454113 316173 2.9192e+08   89  116 2.9579e+08 2.6223e+08  11.3%   6.2  165s
 467975 326141 2.6741e+08   50  184 2.9579e+08 2.6225e+08  11.3%   6.2  170s
 479555 334049 2.6947e+08   52  159 2.9579e+08 2.6227e+08  11.3%   6.2  175s
 491194 343025 2.7375e+08   53  189 2.9579e+08 2.6229e+08  11.3%   6.2  180s
 500821 349384 2.7415e+08   51  163 2.9579e+08 2.6230e+08  11.3%   6.2  185s
 511573 357438 infeasible  110      2.9579e+08 2.6231e+08  11.3%   6.2  190s
 522259 365438 2.6453e+08   48  221 2.9579e+08 2.6233e+08  11.3%   6.2  195s
 534250 374187 2.7765e+08   74  135 2.9579e+08 2.6234e+08  11.3%   6.2  200s
H536007 372348                    2.955746e+08 2.6234e+08  11.2%   6.2  201s
 545183 379536 2.6291e+08   46  186 2.9557e+08 2.6236e+08  11.2%   6.2  205s
 556102 386341 2.9299e+08   82  129 2.9557e+08 2.6237e+08  11.2%   6.2  210s
 563758 392700 2.7022e+08   50  199 2.9557e+08 2.6238e+08  11.2%   6.3  215s
 573892 399351 2.8478e+08   77  148 2.9557e+08 2.6240e+08  11.2%   6.3  220s
 584374 406811 2.7359e+08   51  196 2.9557e+08 2.6241e+08  11.2%   6.3  225s
 595364 414624 2.8013e+08   55  163 2.9557e+08 2.6243e+08  11.2%   6.3  230s
 607312 422968 2.6397e+08   46  187 2.9557e+08 2.6245e+08  11.2%   6.3  235s
 616964 430485 2.7014e+08   52  173 2.9557e+08 2.6246e+08  11.2%   6.3  240s
 626343 437820 2.9439e+08   89  123 2.9557e+08 2.6247e+08  11.2%   6.3  246s
 635901 444009 2.6546e+08   49  195 2.9557e+08 2.6248e+08  11.2%   6.3  250s
 648394 453016 2.9376e+08  117   91 2.9557e+08 2.6250e+08  11.2%   6.3  255s
 660480 461537 2.8853e+08   66  157 2.9557e+08 2.6251e+08  11.2%   6.3  260s
 672165 470473     cutoff   83      2.9557e+08 2.6253e+08  11.2%   6.3  265s
 685579 479322 2.8148e+08   57  164 2.9557e+08 2.6255e+08  11.2%   6.3  270s
 697141 487537 2.6301e+08   41  205 2.9557e+08 2.6256e+08  11.2%   6.3  275s
 708223 495383 2.9203e+08  105  105 2.9557e+08 2.6257e+08  11.2%   6.3  280s
 718282 503316 2.8615e+08   55  176 2.9557e+08 2.6258e+08  11.2%   6.3  285s
 730451 511862 infeasible   79      2.9557e+08 2.6260e+08  11.2%   6.4  290s
 741349 518658 2.6507e+08   41  211 2.9557e+08 2.6261e+08  11.2%   6.4  295s
 751325 526634 2.7534e+08   57  175 2.9557e+08 2.6262e+08  11.1%   6.4  300s
 762942 534413 2.6808e+08   48  209 2.9557e+08 2.6264e+08  11.1%   6.4  306s
 772382 540791 2.8716e+08   78  124 2.9557e+08 2.6265e+08  11.1%   6.4  310s
 781773 548390 2.8903e+08   63  165 2.9557e+08 2.6267e+08  11.1%   6.4  315s
 792014 555672 2.7424e+08   58  161 2.9557e+08 2.6268e+08  11.1%   6.4  320s
H798407 558650                    2.955623e+08 2.6269e+08  11.1%   6.4  324s
H798465 552946                    2.952604e+08 2.6269e+08  11.0%   6.4  324s
 798657 554136 2.6592e+08   41  201 2.9526e+08 2.6269e+08  11.0%   6.4  325s
 807735 561844 2.6765e+08   56  179 2.9526e+08 2.6270e+08  11.0%   6.4  330s
 820811 570609 2.8718e+08  100  111 2.9526e+08 2.6271e+08  11.0%   6.4  335s
 830888 578307 2.8794e+08   65  173 2.9526e+08 2.6272e+08  11.0%   6.4  340s
 841984 585552     cutoff  100      2.9526e+08 2.6273e+08  11.0%   6.4  345s
 852453 592055 infeasible   69      2.9526e+08 2.6275e+08  11.0%   6.4  350s
 861908 599295     cutoff   59      2.9526e+08 2.6276e+08  11.0%   6.4  355s
H863816 586232                    2.945015e+08 2.6276e+08  10.8%   6.4  357s
 868629 589679 infeasible   70      2.9450e+08 2.6277e+08  10.8%   6.4  360s
 878834 597168 2.8888e+08   76  125 2.9450e+08 2.6278e+08  10.8%   6.4  365s
 888537 603393 2.6831e+08   55  185 2.9450e+08 2.6279e+08  10.8%   6.4  370s
 899113 610924 2.6881e+08   50  183 2.9450e+08 2.6281e+08  10.8%   6.4  375s
 908919 617076 2.7824e+08   53  174 2.9450e+08 2.6282e+08  10.8%   6.4  380s
 919134 624568 2.9384e+08   71  119 2.9450e+08 2.6283e+08  10.8%   6.4  385s
 929259 630181 infeasible  100      2.9450e+08 2.6284e+08  10.8%   6.4  390s
 937004 637765 2.8086e+08   70  156 2.9450e+08 2.6285e+08  10.7%   6.4  395s
 945800 643881 2.7927e+08   58  169 2.9450e+08 2.6286e+08  10.7%   6.4  400s
 956152 651476 2.6484e+08   40  201 2.9450e+08 2.6286e+08  10.7%   6.4  405s
 966021 658393 2.7368e+08   55  166 2.9450e+08 2.6288e+08  10.7%   6.4  410s
 974579 663804 2.9148e+08   87  121 2.9450e+08 2.6289e+08  10.7%   6.4  415s
 983044 670720 2.7384e+08   44  176 2.9450e+08 2.6289e+08  10.7%   6.4  420s
 993699 678615 2.8296e+08   69  164 2.9450e+08 2.6290e+08  10.7%   6.4  425s
 1002896 685552 2.8443e+08   97  102 2.9450e+08 2.6291e+08  10.7%   6.4  430s
 1011329 691136 2.6575e+08   48  203 2.9450e+08 2.6292e+08  10.7%   6.4  435s
 1019879 697429 2.8479e+08   62  168 2.9450e+08 2.6293e+08  10.7%   6.4  440s
 1029435 703566 infeasible  110      2.9450e+08 2.6294e+08  10.7%   6.5  445s
 1037824 710241 2.8225e+08   58  161 2.9450e+08 2.6295e+08  10.7%   6.5  450s
 1046799 716701     cutoff   91      2.9450e+08 2.6296e+08  10.7%   6.5  455s
 1056267 723076 2.7876e+08   59  166 2.9450e+08 2.6296e+08  10.7%   6.5  460s
 1065546 728910 2.9204e+08   95  133 2.9450e+08 2.6297e+08  10.7%   6.5  465s
 1074081 735083 infeasible   78      2.9450e+08 2.6298e+08  10.7%   6.5  470s
 1082157 741675 2.7191e+08   46  189 2.9450e+08 2.6299e+08  10.7%   6.5  475s
 1091480 747425 2.8922e+08   72  151 2.9450e+08 2.6299e+08  10.7%   6.5  480s
 1099795 754181 2.7898e+08   73  133 2.9450e+08 2.6300e+08  10.7%   6.5  485s
 1109597 760145 2.9160e+08  107  114 2.9450e+08 2.6301e+08  10.7%   6.5  490s
 1118292 766793 2.8393e+08   57  173 2.9450e+08 2.6302e+08  10.7%   6.5  495s
 1128392 774188 2.6409e+08   40  209 2.9450e+08 2.6303e+08  10.7%   6.5  500s
 1138201 780865 2.8094e+08   52  181 2.9450e+08 2.6303e+08  10.7%   6.5  505s
 1147185 786622     cutoff   80      2.9450e+08 2.6304e+08  10.7%   6.5  510s
 1157938 794686 2.6875e+08   46  192 2.9450e+08 2.6305e+08  10.7%   6.5  516s
 1166754 800541 infeasible  110      2.9450e+08 2.6305e+08  10.7%   6.5  520s
 1176237 807172 2.9081e+08   67  153 2.9450e+08 2.6306e+08  10.7%   6.5  526s
 1182493 812202 2.7877e+08   57  176 2.9450e+08 2.6307e+08  10.7%   6.5  530s
 1192178 818292 2.8131e+08   76  127 2.9450e+08 2.6307e+08  10.7%   6.5  535s
 1200735 824960 2.9121e+08  108  105 2.9450e+08 2.6308e+08  10.7%   6.5  540s
 1209588 830599 2.8948e+08   87  133 2.9450e+08 2.6309e+08  10.7%   6.5  545s
 1218644 837891 2.7774e+08   52  177 2.9450e+08 2.6309e+08  10.7%   6.5  551s
 1225857 843187 2.8863e+08   76  147 2.9450e+08 2.6310e+08  10.7%   6.5  555s
 1235949 850218 2.9120e+08  105  118 2.9450e+08 2.6311e+08  10.7%   6.5  561s
 1243139 854397 2.7717e+08   58  165 2.9450e+08 2.6311e+08  10.7%   6.5  565s
H1245379 840508                    2.940326e+08 2.6311e+08  10.5%   6.5  566s
 1249402 844506 2.6710e+08   42  183 2.9403e+08 2.6311e+08  10.5%   6.5  570s
 1258904 851883 2.7537e+08   69  167 2.9403e+08 2.6312e+08  10.5%   6.5  575s
 1268778 857786 2.9234e+08   85  142 2.9403e+08 2.6313e+08  10.5%   6.5  581s
 1275533 862694 2.6390e+08   44  193 2.9403e+08 2.6313e+08  10.5%   6.5  585s
 1283320 867551 2.8069e+08   58  155 2.9403e+08 2.6314e+08  10.5%   6.5  590s
 1292630 874455 2.7836e+08   86  120 2.9403e+08 2.6315e+08  10.5%   6.5  595s
 1299253 879679 2.9125e+08   71  134 2.9403e+08 2.6315e+08  10.5%   6.5  600s
 1309420 885938 2.6561e+08   44  191 2.9403e+08 2.6316e+08  10.5%   6.5  605s
 1315808 891010 infeasible   79      2.9403e+08 2.6317e+08  10.5%   6.5  610s
 1325876 898209 2.7330e+08   57  168 2.9403e+08 2.6317e+08  10.5%   6.6  616s
 1333245 902916 infeasible   73      2.9403e+08 2.6318e+08  10.5%   6.6  620s
 1339758 908321 2.7817e+08   64  153 2.9403e+08 2.6318e+08  10.5%   6.6  625s
 1349843 915681 2.6543e+08   42  191 2.9403e+08 2.6319e+08  10.5%   6.6  631s
 1356574 920472 2.7641e+08   71  145 2.9403e+08 2.6319e+08  10.5%   6.6  635s
 1364008 926006 infeasible   80      2.9403e+08 2.6320e+08  10.5%   6.6  640s
 1371605 931198 2.7168e+08   56  170 2.9403e+08 2.6320e+08  10.5%   6.6  645s
 1381550 936777 2.8042e+08   58  177 2.9403e+08 2.6321e+08  10.5%   6.6  650s
 1388731 941779 2.6625e+08   42  215 2.9403e+08 2.6321e+08  10.5%   6.6  655s
 1397664 948788 2.6493e+08   44  189 2.9403e+08 2.6322e+08  10.5%   6.6  661s
 1404918 953827 2.9061e+08   75  133 2.9403e+08 2.6322e+08  10.5%   6.6  666s
 1411922 958979 2.7446e+08   60  174 2.9403e+08 2.6323e+08  10.5%   6.6  671s
 1419617 964278 2.6703e+08   53  197 2.9403e+08 2.6323e+08  10.5%   6.6  675s
 1429526 971380 2.6657e+08   45  189 2.9403e+08 2.6324e+08  10.5%   6.6  681s
 1437059 975228 infeasible   57      2.9403e+08 2.6324e+08  10.5%   6.6  685s
 1444306 980357 2.9284e+08   72  149 2.9403e+08 2.6325e+08  10.5%   6.6  690s
 1450884 985204 2.6361e+08   37  187 2.9403e+08 2.6325e+08  10.5%   6.6  696s
 1458759 990658 2.7904e+08   63  155 2.9403e+08 2.6326e+08  10.5%   6.6  701s
 1463520 993794 2.8993e+08   73  139 2.9403e+08 2.6326e+08  10.5%   6.6  705s
 1471088 998997 2.7340e+08   53  181 2.9403e+08 2.6326e+08  10.5%   6.6  710s
 1478385 1004410 2.8064e+08   59  166 2.9403e+08 2.6327e+08  10.5%   6.6  716s
 1485997 1009589 2.7996e+08   60  161 2.9403e+08 2.6327e+08  10.5%   6.6  721s
 1493692 1014691 infeasible   75      2.9403e+08 2.6328e+08  10.5%   6.6  726s
 1498617 1018284 2.8514e+08   77  143 2.9403e+08 2.6328e+08  10.5%   6.6  730s
 1506212 1023832 2.8095e+08   81  129 2.9403e+08 2.6329e+08  10.5%   6.6  736s
 1512164 1027177 2.6415e+08   40  199 2.9403e+08 2.6329e+08  10.5%   6.6  740s
 1519815 1032657 2.7809e+08   56  181 2.9403e+08 2.6329e+08  10.5%   6.6  745s
 1527501 1038141 2.9094e+08   75  127 2.9403e+08 2.6330e+08  10.5%   6.6  751s
 1532044 1042278 2.6345e+08   41  198 2.9403e+08 2.6330e+08  10.5%   6.6  755s
 1539731 1047695 infeasible   58      2.9403e+08 2.6330e+08  10.5%   6.6  760s
 1547545 1053194 2.8034e+08   77  156 2.9403e+08 2.6331e+08  10.4%   6.6  766s
 1554324 1058057 2.7047e+08   58  183 2.9403e+08 2.6331e+08  10.4%   6.6  771s
 1561513 1063310 2.9053e+08   90  157 2.9403e+08 2.6332e+08  10.4%   6.6  776s
 1566482 1066573 2.7437e+08   69  150 2.9403e+08 2.6332e+08  10.4%   6.6  780s
 1574192 1071647 2.8707e+08   87  117 2.9403e+08 2.6332e+08  10.4%   6.6  785s
 1581997 1076462 infeasible  125      2.9403e+08 2.6333e+08  10.4%   6.6  790s
 1587889 1081581 2.9048e+08   79  138 2.9403e+08 2.6333e+08  10.4%   6.6  796s
 1593915 1084584 2.9256e+08   79  135 2.9403e+08 2.6333e+08  10.4%   6.6  800s
 1600319 1089821 2.9094e+08   76  131 2.9403e+08 2.6334e+08  10.4%   6.6  805s
 1607756 1095327 2.7013e+08   48  187 2.9403e+08 2.6334e+08  10.4%   6.6  810s
 1615503 1100521 2.9312e+08   82  120 2.9403e+08 2.6335e+08  10.4%   6.6  816s
 1621533 1103789 2.7180e+08   49  198 2.9403e+08 2.6335e+08  10.4%   6.6  820s
 1629463 1109096 2.6648e+08   53  205 2.9403e+08 2.6336e+08  10.4%   6.6  826s
 1634207 1112844 2.6733e+08   45  175 2.9403e+08 2.6336e+08  10.4%   6.6  830s
 1641739 1117799 2.6892e+08   52  166 2.9403e+08 2.6337e+08  10.4%   6.6  836s
 1646168 1121072 2.8112e+08   70  140 2.9403e+08 2.6337e+08  10.4%   6.6  840s
 1653571 1126029 2.8023e+08   62  141 2.9403e+08 2.6337e+08  10.4%   6.6  846s
 1657970 1129774 2.6510e+08   45  186 2.9403e+08 2.6338e+08  10.4%   6.6  850s
 1665591 1135033 2.8573e+08   58  159 2.9403e+08 2.6338e+08  10.4%   6.6  856s
 1671323 1138490 2.6427e+08   44  203 2.9403e+08 2.6338e+08  10.4%   6.6  860s
 1676266 1142322 2.8758e+08   80  132 2.9403e+08 2.6338e+08  10.4%   6.6  865s
 1683740 1148181 2.8578e+08   55  161 2.9403e+08 2.6339e+08  10.4%   6.7  871s
 1688503 1151711 2.6641e+08   54  189 2.9403e+08 2.6339e+08  10.4%   6.7  875s
 1693730 1155417 2.9268e+08   82  162 2.9403e+08 2.6340e+08  10.4%   6.7  880s
 1699591 1158773 infeasible   83      2.9403e+08 2.6340e+08  10.4%   6.7  885s
 1706637 1164273 2.8860e+08  114   86 2.9403e+08 2.6340e+08  10.4%   6.7  891s
 1712506 1167512 2.9277e+08   60  159 2.9403e+08 2.6341e+08  10.4%   6.7  895s
 1719828 1171224 2.8731e+08   90  135 2.9403e+08 2.6341e+08  10.4%   6.7  902s
 1722730 1174973 infeasible   75      2.9403e+08 2.6341e+08  10.4%   6.7  905s
 1728796 1178690 2.6568e+08   44  193 2.9403e+08 2.6341e+08  10.4%   6.7  910s
 1735996 1183994 2.9345e+08   73  156 2.9403e+08 2.6342e+08  10.4%   6.7  916s
 1741264 1187668 2.7305e+08   56  175 2.9403e+08 2.6342e+08  10.4%   6.7  921s
 1747198 1191075 2.7759e+08   65  154 2.9403e+08 2.6342e+08  10.4%   6.7  925s
 1754551 1196365 2.9003e+08   82  123 2.9403e+08 2.6343e+08  10.4%   6.7  931s
 1759482 1200901 2.9196e+08   75  125 2.9403e+08 2.6343e+08  10.4%   6.7  935s
 1767311 1205605 2.7010e+08   58  180 2.9403e+08 2.6343e+08  10.4%   6.7  941s
 1772223 1209851 infeasible   83      2.9403e+08 2.6344e+08  10.4%   6.7  946s
 1777325 1213049 2.6925e+08   51  194 2.9403e+08 2.6344e+08  10.4%   6.7  950s
 1782218 1216234 2.7621e+08   77  158 2.9403e+08 2.6344e+08  10.4%   6.7  955s
 1789739 1221478 2.9327e+08   71  148 2.9403e+08 2.6345e+08  10.4%   6.7  962s
 1794800 1225411 2.8953e+08   72  143 2.9403e+08 2.6345e+08  10.4%   6.7  967s
 1801333 1228932 2.6569e+08   51  229 2.9403e+08 2.6345e+08  10.4%   6.7  972s
 1806035 1233031 2.9370e+08   75  147 2.9403e+08 2.6346e+08  10.4%   6.7  976s
 1811178 1236083 2.6666e+08   47  186 2.9403e+08 2.6346e+08  10.4%   6.7  981s
 1816154 1239399 2.6750e+08   51  197 2.9403e+08 2.6346e+08  10.4%   6.7  985s
 1821802 1242862 2.7862e+08   65  154 2.9403e+08 2.6347e+08  10.4%   6.7  990s
 1827105 1247102 2.9211e+08   90  136 2.9403e+08 2.6347e+08  10.4%   6.7  995s
 1835100 1252583 2.7533e+08   60  172 2.9403e+08 2.6347e+08  10.4%   6.7 1002s
 1839617 1255787 2.8994e+08   86  134 2.9403e+08 2.6348e+08  10.4%   6.7 1005s
 1845136 1259075 2.8429e+08   95  112 2.9403e+08 2.6348e+08  10.4%   6.7 1010s
 1849996 1262727 2.6350e+08   44  194 2.9403e+08 2.6348e+08  10.4%   6.7 1015s
 1857558 1268292 2.6388e+08   51  201 2.9403e+08 2.6348e+08  10.4%   6.7 1021s
 1862118 1271867 2.6962e+08   53  201 2.9403e+08 2.6349e+08  10.4%   6.7 1026s
 1868352 1275624 2.7600e+08   60  161 2.9403e+08 2.6349e+08  10.4%   6.7 1030s
 1875944 1281724 2.6393e+08   51  183 2.9403e+08 2.6349e+08  10.4%   6.7 1036s
 1880570 1284884 2.6475e+08   48  181 2.9403e+08 2.6349e+08  10.4%   6.7 1040s
 1888576 1290769 2.8820e+08   74  143 2.9403e+08 2.6350e+08  10.4%   6.7 1047s
 1893430 1294089 2.9014e+08   75  143 2.9403e+08 2.6350e+08  10.4%   6.7 1051s
 1899027 1297461 2.6413e+08   51  227 2.9403e+08 2.6350e+08  10.4%   6.7 1056s
 1903879 1301148 2.6452e+08   50  207 2.9403e+08 2.6351e+08  10.4%   6.7 1060s
 1911739 1306434 2.7544e+08   61  165 2.9403e+08 2.6351e+08  10.4%   6.7 1066s
 1916743 1310486 2.6841e+08   45  194 2.9403e+08 2.6351e+08  10.4%   6.7 1071s
 1921707 1313941 2.7170e+08   58  164 2.9403e+08 2.6351e+08  10.4%   6.7 1075s
 1926803 1317037 2.6416e+08   46  185 2.9403e+08 2.6352e+08  10.4%   6.7 1080s
 1932360 1320413 2.7325e+08   49  189 2.9403e+08 2.6352e+08  10.4%   6.7 1085s
 1936925 1324447 2.6574e+08   50  225 2.9403e+08 2.6352e+08  10.4%   6.7 1090s
 1944134 1328528 2.6560e+08   46  187 2.9403e+08 2.6353e+08  10.4%   6.7 1096s
 1949672 1332905 2.8369e+08   63  140 2.9403e+08 2.6353e+08  10.4%   6.7 1102s
 1954316 1336118 2.9268e+08  119   83 2.9403e+08 2.6353e+08  10.4%   6.7 1107s
 1959315 1339578 2.7889e+08   59  171 2.9403e+08 2.6353e+08  10.4%   6.7 1112s
 1965406 1342680 2.9066e+08   76  135 2.9403e+08 2.6354e+08  10.4%   6.7 1116s
 1969365 1346480 2.8358e+08   62  157 2.9403e+08 2.6354e+08  10.4%   6.7 1121s
 1974576 1350234     cutoff   79      2.9403e+08 2.6354e+08  10.4%   6.7 1126s
 1980677 1353270 2.9152e+08   69  157 2.9403e+08 2.6355e+08  10.4%   6.7 1131s
 1985435 1356927 infeasible   77      2.9403e+08 2.6355e+08  10.4%   6.7 1135s
 1990137 1360814 2.9036e+08   99  121 2.9403e+08 2.6355e+08  10.4%   6.7 1140s
 1994581 1364299 2.8702e+08   59  143 2.9403e+08 2.6355e+08  10.4%   6.7 1145s
 2001024 1367818 infeasible   81      2.9403e+08 2.6355e+08  10.4%   6.7 1150s
 2005898 1371318 2.6750e+08   52  186 2.9403e+08 2.6356e+08  10.4%   6.7 1155s
 2010748 1375482 2.7059e+08   50  186 2.9403e+08 2.6356e+08  10.4%   6.7 1160s
 2016032 1378899 2.9403e+08  104   79 2.9403e+08 2.6356e+08  10.4%   6.7 1165s
 2022001 1382342 2.8233e+08   76  159 2.9403e+08 2.6356e+08  10.4%   6.7 1170s
 2028570 1386782 2.9085e+08   79  142 2.9403e+08 2.6357e+08  10.4%   6.7 1176s
 2033007 1390540 2.8483e+08   79  127 2.9403e+08 2.6357e+08  10.4%   6.7 1181s
 2038196 1393895 2.6670e+08   55  193 2.9403e+08 2.6357e+08  10.4%   6.7 1185s
 2043594 1398671 2.7912e+08   65  164 2.9403e+08 2.6357e+08  10.4%   6.7 1190s
 2048506 1401979 2.8860e+08   77  115 2.9403e+08 2.6358e+08  10.4%   6.7 1195s
 2054195 1405387 2.7432e+08   54  177 2.9403e+08 2.6358e+08  10.4%   6.7 1200s
 2059360 1408947 2.9039e+08   82  134 2.9403e+08 2.6358e+08  10.4%   6.7 1205s
 2066197 1414621 2.9336e+08   92  113 2.9403e+08 2.6358e+08  10.4%   6.7 1212s
 2072607 1418125 2.6675e+08   53  196 2.9403e+08 2.6359e+08  10.4%   6.7 1217s
 2077688 1421453 2.8958e+08   79  155 2.9403e+08 2.6359e+08  10.4%   6.7 1221s
 2082781 1425254 infeasible   73      2.9403e+08 2.6359e+08  10.4%   6.7 1226s
 2087404 1428579 infeasible   76      2.9403e+08 2.6360e+08  10.4%   6.7 1231s
 2093282 1431910 2.6371e+08   42  210 2.9403e+08 2.6360e+08  10.4%   6.7 1236s
 2097936 1435949 2.6515e+08   46  221 2.9403e+08 2.6360e+08  10.3%   6.7 1240s
 2102411 1439287 2.8937e+08   55  162 2.9403e+08 2.6360e+08  10.3%   6.7 1245s
 2108272 1442936 2.8530e+08   68  144 2.9403e+08 2.6360e+08  10.3%   6.7 1250s
 2115715 1448316 2.9115e+08  112  105 2.9403e+08 2.6361e+08  10.3%   6.7 1256s
 2120693 1452336 infeasible   65      2.9403e+08 2.6361e+08  10.3%   6.7 1261s
 2125529 1455732 infeasible   93      2.9403e+08 2.6361e+08  10.3%   6.7 1266s
 2131489 1458999 2.6500e+08   50  183 2.9403e+08 2.6362e+08  10.3%   6.7 1271s
 2136270 1463201 2.8532e+08   66  184 2.9403e+08 2.6362e+08  10.3%   6.7 1276s
 2141415 1466499 2.7438e+08   57  178 2.9403e+08 2.6362e+08  10.3%   6.7 1280s
 2147279 1469755 2.7846e+08   67  153 2.9403e+08 2.6362e+08  10.3%   6.7 1285s
 2154437 1474940 infeasible   95      2.9403e+08 2.6363e+08  10.3%   6.7 1291s
 2158879 1478044 2.7436e+08   69  176 2.9403e+08 2.6363e+08  10.3%   6.7 1295s
 2163868 1482259 2.6571e+08   37  191 2.9403e+08 2.6363e+08  10.3%   6.8 1300s
 2168574 1485705 2.8791e+08   74  147 2.9403e+08 2.6363e+08  10.3%   6.8 1305s
 2174506 1489277 2.8725e+08   62  164 2.9403e+08 2.6364e+08  10.3%   6.8 1310s
 2179556 1493181 2.6549e+08   47  198 2.9403e+08 2.6364e+08  10.3%   6.8 1315s
 2187489 1498714 2.7071e+08   41  175 2.9403e+08 2.6364e+08  10.3%   6.8 1322s
 2192235 1501878 2.7968e+08   68  153 2.9403e+08 2.6364e+08  10.3%   6.8 1326s
 2196646 1505244 2.8472e+08   96  115 2.9403e+08 2.6365e+08  10.3%   6.8 1331s
 2201766 1507984 2.7591e+08   51  169 2.9403e+08 2.6365e+08  10.3%   6.8 1336s
 2206851 1511758 2.6714e+08   47  198 2.9403e+08 2.6365e+08  10.3%   6.8 1341s
 2211638 1514205 2.8825e+08   80  127 2.9403e+08 2.6365e+08  10.3%   6.8 1348s
 2213575 1517199 2.8383e+08   81  137 2.9403e+08 2.6365e+08  10.3%   6.8 1352s
 2216167 1519935 2.6557e+08   45  199 2.9403e+08 2.6365e+08  10.3%   6.8 1355s
 2222658 1524113 2.9076e+08   80  125 2.9403e+08 2.6366e+08  10.3%   6.8 1361s
 2229467 1527577 2.8777e+08   78  132 2.9403e+08 2.6366e+08  10.3%   6.8 1366s
H2232678 1528069                    2.940204e+08 2.6366e+08  10.3%   6.8 1369s
 2233117 1528085 2.7652e+08   71  185 2.9402e+08 2.6366e+08  10.3%   6.8 1372s
 2235440 1531464 2.9274e+08   87  135 2.9402e+08 2.6366e+08  10.3%   6.8 1377s
 2240434 1535579 2.6759e+08   47  194 2.9402e+08 2.6367e+08  10.3%   6.8 1382s
 2245966 1539267 2.9197e+08   82  132 2.9402e+08 2.6367e+08  10.3%   6.8 1387s
 2251652 1542552 2.9271e+08   77  145 2.9402e+08 2.6367e+08  10.3%   6.8 1392s
 2254125 1544936 2.9260e+08   91  124 2.9402e+08 2.6367e+08  10.3%   6.8 1395s
 2259703 1548624 2.9338e+08  101  111 2.9402e+08 2.6368e+08  10.3%   6.8 1400s
 2266016 1551743 2.6478e+08   53  189 2.9402e+08 2.6368e+08  10.3%   6.8 1405s
 2272822 1557342 2.6660e+08   50  200 2.9402e+08 2.6369e+08  10.3%   6.8 1412s
 2276228 1559307 2.8576e+08   66  139 2.9402e+08 2.6369e+08  10.3%   6.8 1415s
 2284062 1563891 infeasible  109      2.9402e+08 2.6369e+08  10.3%   6.8 1421s
 2288458 1566986 2.8269e+08   59  163 2.9402e+08 2.6369e+08  10.3%   6.8 1425s
 2295767 1573035 2.6465e+08   51  203 2.9402e+08 2.6370e+08  10.3%   6.8 1432s
 2300732 1576512 2.6644e+08   56  185 2.9402e+08 2.6370e+08  10.3%   6.8 1437s
 2306239 1579908 2.8813e+08   61  175 2.9402e+08 2.6370e+08  10.3%   6.8 1441s
 2311005 1584004 2.7289e+08   53  174 2.9402e+08 2.6370e+08  10.3%   6.8 1446s
 2316074 1587353 2.9180e+08   71  173 2.9402e+08 2.6371e+08  10.3%   6.8 1451s
 2321067 1590609 2.6887e+08   59  173 2.9402e+08 2.6371e+08  10.3%   6.8 1456s
 2327224 1593911 2.8388e+08   62  145 2.9402e+08 2.6371e+08  10.3%   6.8 1461s
 2331982 1597201 infeasible  109      2.9402e+08 2.6371e+08  10.3%   6.8 1466s
 2337034 1601421 2.9199e+08   77  125 2.9402e+08 2.6372e+08  10.3%   6.8 1471s
 2341896 1604667 2.8559e+08   67  141 2.9402e+08 2.6372e+08  10.3%   6.8 1476s
 2346629 1608225 2.6788e+08   48  197 2.9402e+08 2.6372e+08  10.3%   6.8 1481s
 2352098 1611275 infeasible   81      2.9402e+08 2.6372e+08  10.3%   6.8 1487s
 2357246 1614719 2.7212e+08   51  168 2.9402e+08 2.6373e+08  10.3%   6.8 1492s
 2362691 1618347 2.6390e+08   44  207 2.9402e+08 2.6373e+08  10.3%   6.8 1497s
 2367357 1622343 2.9201e+08   59  159 2.9402e+08 2.6373e+08  10.3%   6.8 1502s
 2372028 1625360 2.8882e+08  113  112 2.9402e+08 2.6373e+08  10.3%   6.8 1506s
 2376902 1628734 2.7826e+08   68  127 2.9402e+08 2.6373e+08  10.3%   6.8 1511s
 2383152 1632331 2.9174e+08   75  148 2.9402e+08 2.6374e+08  10.3%   6.8 1516s
 2387521 1635791 2.8240e+08   76  141 2.9402e+08 2.6374e+08  10.3%   6.8 1520s
 2393228 1640200 2.6985e+08   55  168 2.9402e+08 2.6374e+08  10.3%   6.8 1526s
 2398194 1643459 2.8022e+08   53  176 2.9402e+08 2.6374e+08  10.3%   6.8 1531s
 2403101 1646842 2.9168e+08   84  113 2.9402e+08 2.6374e+08  10.3%   6.8 1535s
 2407868 1649899 2.6944e+08   53  195 2.9402e+08 2.6375e+08  10.3%   6.8 1540s
 2412636 1653477 2.9199e+08   98   97 2.9402e+08 2.6375e+08  10.3%   6.8 1545s
 2417988 1657145 2.9097e+08  109   77 2.9402e+08 2.6375e+08  10.3%   6.8 1551s
 2424265 1660582 2.8000e+08   66  149 2.9402e+08 2.6375e+08  10.3%   6.8 1556s
 2428573 1664002 2.8878e+08   70  138 2.9402e+08 2.6376e+08  10.3%   6.8 1561s
 2434688 1667519 2.8959e+08   96  111 2.9402e+08 2.6376e+08  10.3%   6.8 1566s
 2438484 1670977 2.8736e+08   76  129 2.9402e+08 2.6376e+08  10.3%   6.8 1571s
 2443617 1674512 2.6661e+08   42  203 2.9402e+08 2.6376e+08  10.3%   6.8 1576s
 2449312 1677853 2.8095e+08   55  165 2.9402e+08 2.6377e+08  10.3%   6.8 1581s
 2454390 1681408 2.9326e+08   88  139 2.9402e+08 2.6377e+08  10.3%   6.8 1586s
 2459957 1685917 2.7626e+08   72  156 2.9402e+08 2.6377e+08  10.3%   6.8 1592s
 2462910 1686252 2.9067e+08   59  167 2.9402e+08 2.6377e+08  10.3%   6.8 1595s
 2465547 1689758 infeasible   94      2.9402e+08 2.6377e+08  10.3%   6.8 1600s
 2472515 1694770 2.7170e+08   43  182 2.9402e+08 2.6378e+08  10.3%   6.8 1607s
 2475986 1696514 infeasible   96      2.9402e+08 2.6378e+08  10.3%   6.8 1610s
 2481679 1700284 2.8770e+08   59  173 2.9402e+08 2.6378e+08  10.3%   6.8 1615s
 2486306 1704368 2.9330e+08   86  109 2.9402e+08 2.6378e+08  10.3%   6.8 1620s
 2491083 1707771 2.9203e+08   74  145 2.9402e+08 2.6379e+08  10.3%   6.8 1625s
 2496232 1711263 2.9030e+08   63  153 2.9402e+08 2.6379e+08  10.3%   6.8 1630s
 2501843 1714356 2.8997e+08   57  153 2.9402e+08 2.6379e+08  10.3%   6.8 1636s
 2507210 1718000 2.9121e+08   65  170 2.9402e+08 2.6379e+08  10.3%   6.8 1642s
 2511193 1721169 2.9049e+08   76  117 2.9402e+08 2.6379e+08  10.3%   6.8 1645s
 2515891 1724641 2.7723e+08   60  182 2.9402e+08 2.6380e+08  10.3%   6.8 1651s
 2521183 1728510 2.6910e+08   41  208 2.9402e+08 2.6380e+08  10.3%   6.8 1657s
 2526514 1732184 2.9192e+08  105  108 2.9402e+08 2.6380e+08  10.3%   6.8 1663s
 2529888 1734206 2.8019e+08   67  144 2.9402e+08 2.6380e+08  10.3%   6.8 1666s
 2534749 1737409 2.6596e+08   48  181 2.9402e+08 2.6381e+08  10.3%   6.8 1671s
 2539575 1740804 2.9324e+08   80  117 2.9402e+08 2.6381e+08  10.3%   6.8 1676s
 2545598 1744336 2.8536e+08   69  153 2.9402e+08 2.6381e+08  10.3%   6.8 1682s
 2547569 1746221 2.8830e+08   73  161 2.9402e+08 2.6381e+08  10.3%   6.8 1685s
 2553123 1749380 2.7926e+08   69  153 2.9402e+08 2.6381e+08  10.3%   6.8 1690s
 2557557 1753293 2.6657e+08   54  189 2.9402e+08 2.6382e+08  10.3%   6.8 1696s
 2562544 1756622 2.7412e+08   50  183 2.9402e+08 2.6382e+08  10.3%   6.8 1701s
 2568286 1759899 2.6565e+08   53  198 2.9402e+08 2.6382e+08  10.3%   6.8 1706s
 2573197 1764072 2.7367e+08   59  177 2.9402e+08 2.6382e+08  10.3%   6.8 1712s
 2578189 1767678 2.7411e+08   57  167 2.9402e+08 2.6382e+08  10.3%   6.8 1716s
 2583297 1770474 2.9195e+08   83  125 2.9402e+08 2.6382e+08  10.3%   6.8 1721s
 2588519 1774273 2.7010e+08   50  188 2.9402e+08 2.6383e+08  10.3%   6.8 1726s
 2593865 1777779 2.9042e+08   75  129 2.9402e+08 2.6383e+08  10.3%   6.8 1732s
 2598512 1781937 2.7417e+08   51  167 2.9402e+08 2.6383e+08  10.3%   6.8 1737s
 2603097 1785180 2.8574e+08   81  142 2.9402e+08 2.6383e+08  10.3%   6.8 1742s
 2607478 1788882 2.9103e+08   83  129 2.9402e+08 2.6383e+08  10.3%   6.8 1748s
 2610868 1790812 2.6845e+08   48  189 2.9402e+08 2.6384e+08  10.3%   6.8 1751s
 2615769 1794636 2.8633e+08   76  136 2.9402e+08 2.6384e+08  10.3%   6.8 1757s
 2619064 1796656 2.8870e+08   82  107 2.9402e+08 2.6384e+08  10.3%   6.8 1760s
 2622129 1797546 2.8390e+08   51  172 2.9402e+08 2.6384e+08  10.3%   6.8 1765s
 2625274 1799773 2.7636e+08   61  163 2.9402e+08 2.6384e+08  10.3%   6.8 1770s
 2629981 1804249 2.8982e+08   73  129 2.9402e+08 2.6384e+08  10.3%   6.8 1776s
 2636435 1807532 2.8382e+08   88  116 2.9402e+08 2.6385e+08  10.3%   6.8 1781s
 2641187 1811020 infeasible   92      2.9402e+08 2.6385e+08  10.3%   6.8 1786s
 2645673 1814687 2.6671e+08   43  190 2.9402e+08 2.6385e+08  10.3%   6.8 1791s
 2650767 1818300 2.9240e+08   80  132 2.9402e+08 2.6385e+08  10.3%   6.8 1797s
 2654231 1820404 2.7402e+08   53  180 2.9402e+08 2.6385e+08  10.3%   6.8 1800s
 2659223 1824172 2.8325e+08   69  152 2.9402e+08 2.6386e+08  10.3%   6.8 1806s
 2664141 1827514 infeasible   90      2.9402e+08 2.6386e+08  10.3%   6.8 1810s
 2669717 1831037 2.8082e+08   62  139 2.9402e+08 2.6386e+08  10.3%   6.8 1816s
 2674099 1834309 infeasible   61      2.9402e+08 2.6386e+08  10.3%   6.8 1821s
 2679549 1838786 2.7035e+08   48  183 2.9402e+08 2.6386e+08  10.3%   6.8 1827s
 2682465 1840129     cutoff  125      2.9402e+08 2.6387e+08  10.3%   6.8 1830s
 2688005 1843987 2.7004e+08   54  179 2.9402e+08 2.6387e+08  10.3%   6.8 1835s
 2692895 1847192 2.8296e+08   85  135 2.9402e+08 2.6387e+08  10.3%   6.8 1840s
 2697550 1851236 2.8968e+08   86  143 2.9402e+08 2.6387e+08  10.3%   6.8 1846s
 2702084 1854851 2.9042e+08   96  111 2.9402e+08 2.6387e+08  10.3%   6.8 1851s
 2707518 1858456 2.7359e+08   54  169 2.9402e+08 2.6388e+08  10.3%   6.8 1857s
 2710745 1860500 2.7482e+08   55  165 2.9402e+08 2.6388e+08  10.3%   6.8 1860s
 2715462 1863718 2.9047e+08   80  135 2.9402e+08 2.6388e+08  10.3%   6.8 1865s
 2720506 1866432 2.9075e+08   68  164 2.9402e+08 2.6388e+08  10.3%   6.8 1871s
 2725622 1870354 2.9084e+08   60  159 2.9402e+08 2.6388e+08  10.2%   6.8 1877s
 2730703 1873862 2.6576e+08   40  211 2.9402e+08 2.6389e+08  10.2%   6.8 1882s
 2733697 1875706 2.9264e+08   91  121 2.9402e+08 2.6389e+08  10.2%   6.8 1885s
 2738271 1878974 infeasible   63      2.9402e+08 2.6389e+08  10.2%   6.8 1890s
 2742988 1881699 2.6901e+08   53  201 2.9402e+08 2.6389e+08  10.2%   6.9 1895s
 2748479 1885210 2.9200e+08   70  117 2.9402e+08 2.6389e+08  10.2%   6.9 1901s
 2752625 1888246 infeasible   60      2.9402e+08 2.6390e+08  10.2%   6.9 1907s
 2754975 1890343 2.7681e+08   49  169 2.9402e+08 2.6390e+08  10.2%   6.9 1910s
 2760002 1894057 2.6483e+08   45  196 2.9402e+08 2.6390e+08  10.2%   6.9 1916s
 2763621 1896154 2.7445e+08   59  163 2.9402e+08 2.6390e+08  10.2%   6.9 1920s
 2768622 1899379 2.7452e+08   67  157 2.9402e+08 2.6390e+08  10.2%   6.9 1925s
 2774266 1902455 2.7586e+08   65  175 2.9402e+08 2.6391e+08  10.2%   6.9 1931s
 2778992 1905893 2.8481e+08   70  139 2.9402e+08 2.6391e+08  10.2%   6.9 1936s
 2783766 1909316 2.7789e+08   51  187 2.9402e+08 2.6391e+08  10.2%   6.9 1942s
 2786070 1911491     cutoff   84      2.9402e+08 2.6391e+08  10.2%   6.9 1945s
 2791084 1914710 2.9268e+08   94  123 2.9402e+08 2.6391e+08  10.2%   6.9 1951s
 2795707 1918299 2.6571e+08   52  187 2.9402e+08 2.6391e+08  10.2%   6.9 1957s
 2798869 1920467 2.8335e+08   54  168 2.9402e+08 2.6392e+08  10.2%   6.9 1960s
 2804202 1923607 2.6797e+08   54  210 2.9402e+08 2.6392e+08  10.2%   6.9 1966s
 2809356 1926839 2.9215e+08   69  169 2.9402e+08 2.6392e+08  10.2%   6.9 1972s
 2811958 1928839 2.7098e+08   56  167 2.9402e+08 2.6392e+08  10.2%   6.9 1975s
 2816862 1931892 2.8224e+08   64  159 2.9402e+08 2.6392e+08  10.2%   6.9 1980s
 2822473 1935295 2.9176e+08   84  153 2.9402e+08 2.6392e+08  10.2%   6.9 1986s
 2827299 1938548 2.8734e+08   68  177 2.9402e+08 2.6392e+08  10.2%   6.9 1991s
 2832237 1940867 2.8204e+08   73  169 2.9402e+08 2.6393e+08  10.2%   6.9 1998s
 2832945 1942417 2.7011e+08   52  181 2.9402e+08 2.6393e+08  10.2%   6.9 2000s
 2838022 1946417 2.7464e+08   71  165 2.9402e+08 2.6393e+08  10.2%   6.9 2006s
 2843442 1950040 2.6589e+08   50  190 2.9402e+08 2.6393e+08  10.2%   6.9 2013s
 2846860 1951445 2.8507e+08   68  154 2.9402e+08 2.6393e+08  10.2%   6.9 2016s
 2851889 1955926 2.6712e+08   58  179 2.9402e+08 2.6393e+08  10.2%   6.9 2022s
 2855234 1957363     cutoff   77      2.9402e+08 2.6393e+08  10.2%   6.9 2025s
 2859652 1961066 2.6492e+08   52  192 2.9402e+08 2.6394e+08  10.2%   6.9 2032s
 2862907 1962277 2.7902e+08   62  139 2.9402e+08 2.6394e+08  10.2%   6.9 2035s
 2868047 1966208 2.7436e+08   63  173 2.9402e+08 2.6394e+08  10.2%   6.9 2041s
 2873608 1970498 infeasible  132      2.9402e+08 2.6394e+08  10.2%   6.9 2048s
 2876514 1971759 2.7965e+08   57  169 2.9402e+08 2.6394e+08  10.2%   6.9 2051s
 2881351 1975087 2.7269e+08   52  194 2.9402e+08 2.6395e+08  10.2%   6.9 2056s
 2886049 1978743 2.7610e+08   66  157 2.9402e+08 2.6395e+08  10.2%   6.9 2062s
 2888887 1979941 2.9355e+08  119  103 2.9402e+08 2.6395e+08  10.2%   6.9 2065s
 2893713 1982834 infeasible   56      2.9402e+08 2.6395e+08  10.2%   6.9 2070s
 2897776 1986283 infeasible   77      2.9402e+08 2.6395e+08  10.2%   6.9 2076s
 2903147 1990500 2.8312e+08   88  133 2.9402e+08 2.6395e+08  10.2%   6.9 2083s
 2906105 1991823 2.6485e+08   52  201 2.9402e+08 2.6396e+08  10.2%   6.9 2086s
 2911699 1995072 infeasible   70      2.9402e+08 2.6396e+08  10.2%   6.9 2092s
 2913821 1997264 2.7554e+08   62  174 2.9402e+08 2.6396e+08  10.2%   6.9 2095s
 2919847 2000554 2.6846e+08   61  183 2.9402e+08 2.6396e+08  10.2%   6.9 2102s
 2924441 2004630 2.9043e+08   79  134 2.9402e+08 2.6396e+08  10.2%   6.9 2108s
 2927474 2005946 2.7933e+08   46  187 2.9402e+08 2.6396e+08  10.2%   6.9 2110s
 2931902 2009929 2.8932e+08   58  151 2.9402e+08 2.6397e+08  10.2%   6.9 2116s
 2936816 2012715 2.9303e+08   65  137 2.9402e+08 2.6397e+08  10.2%   6.9 2122s
 2938966 2014075 2.8025e+08   69  149 2.9402e+08 2.6397e+08  10.2%   6.9 2125s
 2944019 2017329 2.9054e+08   83  145 2.9402e+08 2.6397e+08  10.2%   6.9 2131s
 2948573 2021193 2.8530e+08   64  145 2.9402e+08 2.6397e+08  10.2%   6.9 2137s
 2951293 2022802 2.9367e+08   72  169 2.9402e+08 2.6397e+08  10.2%   6.9 2140s
 2956744 2027212 2.9078e+08   71  151 2.9402e+08 2.6397e+08  10.2%   6.9 2146s
 2959631 2028538 2.7889e+08   45  167 2.9402e+08 2.6398e+08  10.2%   6.9 2150s
 2964621 2032052 2.6988e+08   45  199 2.9402e+08 2.6398e+08  10.2%   6.9 2156s
 2969440 2035965 2.6458e+08   51  183 2.9402e+08 2.6398e+08  10.2%   6.9 2162s
 2972048 2037508 2.6985e+08   47  185 2.9402e+08 2.6398e+08  10.2%   6.9 2165s
 2977503 2039811 2.6703e+08   40  200 2.9402e+08 2.6398e+08  10.2%   6.9 2173s
 2977521 2041247 2.6736e+08   40  198 2.9402e+08 2.6398e+08  10.2%   6.9 2175s
 2981605 2044460 2.7376e+08   50  180 2.9402e+08 2.6398e+08  10.2%   6.9 2181s
 2986869 2048281 2.9293e+08   85   93 2.9402e+08 2.6399e+08  10.2%   6.9 2187s
 2990303 2050155 2.8907e+08   66  167 2.9402e+08 2.6399e+08  10.2%   6.9 2190s
 2994243 2053496 2.8337e+08   71  135 2.9402e+08 2.6399e+08  10.2%   6.9 2195s
 2999492 2057152 infeasible   91      2.9402e+08 2.6399e+08  10.2%   6.9 2202s
 3004918 2060528 2.9182e+08   69  143 2.9402e+08 2.6399e+08  10.2%   6.9 2207s
 3007740 2062558 2.8448e+08   54  165 2.9402e+08 2.6400e+08  10.2%   6.9 2210s
 3012457 2065728 2.6701e+08   52  178 2.9402e+08 2.6400e+08  10.2%   6.9 2216s
H3012968 2058767                    2.939105e+08 2.6400e+08  10.2%   6.9 2216s
 3016559 2062197 infeasible   97      2.9391e+08 2.6400e+08  10.2%   6.9 2223s
 3020094 2063399 infeasible  110      2.9391e+08 2.6400e+08  10.2%   6.9 2226s
 3025434 2067163 2.6727e+08   43  208 2.9391e+08 2.6400e+08  10.2%   6.9 2232s
 3027577 2069237 2.9002e+08   71  151 2.9391e+08 2.6400e+08  10.2%   6.9 2235s
 3032966 2072551 2.9153e+08   92  133 2.9391e+08 2.6400e+08  10.2%   6.9 2242s
 3034993 2074430 2.6461e+08   50  200 2.9391e+08 2.6401e+08  10.2%   6.9 2245s
 3041244 2077966 2.6595e+08   41  211 2.9391e+08 2.6401e+08  10.2%   6.9 2251s
 3045818 2081763 2.8983e+08   84  127 2.9391e+08 2.6401e+08  10.2%   6.9 2257s
 3048864 2083079 infeasible  114      2.9391e+08 2.6401e+08  10.2%   6.9 2260s
 3050965 2083382 2.7469e+08   62  154 2.9391e+08 2.6401e+08  10.2%   6.9 2265s
 3053728 2086781 infeasible   67      2.9391e+08 2.6401e+08  10.2%   6.9 2270s
 3059053 2089886 2.7093e+08   57  174 2.9391e+08 2.6402e+08  10.2%   6.9 2277s
 3061515 2091049 2.7970e+08   67  157 2.9391e+08 2.6402e+08  10.2%   6.9 2280s
 3067304 2094569 2.8985e+08   58  155 2.9391e+08 2.6402e+08  10.2%   6.9 2288s
 3069586 2096641 2.6743e+08   48  173 2.9391e+08 2.6402e+08  10.2%   6.9 2291s
 3074598 2100049 2.9268e+08   68  143 2.9391e+08 2.6402e+08  10.2%   6.9 2298s
 3077710 2101375 infeasible   88      2.9391e+08 2.6402e+08  10.2%   6.9 2301s
 3079841 2103431 2.7816e+08   54  171 2.9391e+08 2.6402e+08  10.2%   6.9 2305s
 3085047 2107268 2.7299e+08   56  182 2.9391e+08 2.6403e+08  10.2%   6.9 2311s
 3088132 2109137 2.7285e+08   58  165 2.9391e+08 2.6403e+08  10.2%   6.9 2315s
 3093428 2112660 2.7583e+08   67  167 2.9391e+08 2.6403e+08  10.2%   6.9 2322s
 3096324 2114877 2.8912e+08   56  167 2.9391e+08 2.6403e+08  10.2%   6.9 2325s
 3101488 2118105 2.7104e+08   53  164 2.9391e+08 2.6403e+08  10.2%   6.9 2331s
 3105804 2121591 infeasible   64      2.9391e+08 2.6403e+08  10.2%   6.9 2337s
 3108759 2123579 2.7758e+08   66  159 2.9391e+08 2.6403e+08  10.2%   6.9 2341s
 3113669 2126899 2.8948e+08   89   99 2.9391e+08 2.6404e+08  10.2%   6.9 2347s
 3116570 2128287 2.6566e+08   42  214 2.9391e+08 2.6404e+08  10.2%   6.9 2350s
 3121886 2132755 2.8049e+08   93  109 2.9391e+08 2.6404e+08  10.2%   6.9 2358s
 3124798 2134260 2.7731e+08   66  173 2.9391e+08 2.6404e+08  10.2%   6.9 2361s
 3129881 2138001 2.8896e+08   58  161 2.9391e+08 2.6404e+08  10.2%   6.9 2368s
 3132904 2139442 2.8867e+08   70  141 2.9391e+08 2.6404e+08  10.2%   6.9 2371s
 3137767 2143472 2.9141e+08   84  127 2.9391e+08 2.6405e+08  10.2%   6.9 2377s
H3142352 2104314                    2.933164e+08 2.6405e+08  10.0%   6.9 2383s
 3144036 2104866 2.8844e+08   55  159 2.9332e+08 2.6405e+08  10.0%   6.9 2385s
 3147400 2108721 2.8860e+08   65  133 2.9332e+08 2.6405e+08  10.0%   6.9 2392s
 3151026 2110013 2.8064e+08   80  153 2.9332e+08 2.6405e+08  10.0%   6.9 2395s
 3156076 2113904 2.6776e+08   49  214 2.9332e+08 2.6405e+08  10.0%   6.9 2402s
 3158435 2116152 2.7876e+08   56  175 2.9332e+08 2.6405e+08  10.0%   6.9 2406s
 3163641 2119332 2.9247e+08   69  146 2.9332e+08 2.6406e+08  10.0%   6.9 2413s
 3166438 2120566 2.6620e+08   52  195 2.9332e+08 2.6406e+08  10.0%   6.9 2416s
 3171084 2123989 2.9214e+08   68  123 2.9332e+08 2.6406e+08  10.0%   6.9 2422s
 3173273 2126159 2.8516e+08   64  161 2.9332e+08 2.6406e+08  10.0%   6.9 2426s
 3178577 2129848 2.6798e+08   47  195 2.9332e+08 2.6406e+08  10.0%   6.9 2433s
 3181976 2131708 2.7231e+08   56  163 2.9332e+08 2.6406e+08  10.0%   6.9 2436s
 3184522 2133378 2.6505e+08   47  193 2.9332e+08 2.6406e+08  10.0%   6.9 2440s
 3189643 2137508 2.8187e+08   58  147 2.9332e+08 2.6407e+08  10.0%   6.9 2447s
 3192681 2138960 2.6593e+08   52  213 2.9332e+08 2.6407e+08  10.0%   6.9 2450s
 3197317 2142043 2.7337e+08   52  183 2.9332e+08 2.6407e+08  10.0%   6.9 2456s
 3199435 2144103 infeasible   82      2.9332e+08 2.6407e+08  10.0%   6.9 2460s
 3204238 2147327 2.8914e+08   70  137 2.9332e+08 2.6407e+08  10.0%   6.9 2466s
 3209533 2150095 2.9120e+08   92  129 2.9332e+08 2.6407e+08  10.0%   6.9 2472s
 3211689 2152224 2.7409e+08   51  166 2.9332e+08 2.6407e+08  10.0%   6.9 2477s
 3214945 2153689 2.9173e+08   63  149 2.9332e+08 2.6408e+08  10.0%   6.9 2480s
 3219846 2157629 infeasible   88      2.9332e+08 2.6408e+08  10.0%   6.9 2487s
 3222977 2158740 2.6470e+08   52  178 2.9332e+08 2.6408e+08  10.0%   6.9 2490s
 3227335 2161402 2.9305e+08   66  173 2.9332e+08 2.6408e+08  10.0%   6.9 2496s
 3229360 2163706 2.6509e+08   41  213 2.9332e+08 2.6408e+08  10.0%   6.9 2500s
 3234744 2167019 2.7270e+08   55  160 2.9332e+08 2.6408e+08  10.0%   6.9 2507s
 3237603 2168467 2.8476e+08   47  159 2.9332e+08 2.6408e+08  10.0%   6.9 2510s
 3242736 2172505 2.7505e+08   51  191 2.9332e+08 2.6409e+08  10.0%   6.9 2518s
 3245597 2173831 2.8828e+08   62  159 2.9332e+08 2.6409e+08  10.0%   6.9 2521s
 3247567 2176145 2.9288e+08  107   99 2.9332e+08 2.6409e+08  10.0%   6.9 2525s
 3253227 2180097 2.8691e+08   76  155 2.9332e+08 2.6409e+08  10.0%   6.9 2532s
 3256501 2181455 infeasible   79      2.9332e+08 2.6409e+08  10.0%   6.9 2535s
 3261403 2184882 2.6509e+08   47  193 2.9332e+08 2.6409e+08  10.0%   6.9 2542s
 3263362 2186993 2.6758e+08   52  189 2.9332e+08 2.6409e+08  10.0%   6.9 2546s
 3266502 2188486 2.7247e+08   53  190 2.9332e+08 2.6410e+08  10.0%   6.9 2550s
 3271838 2192464 2.8247e+08   81  129 2.9332e+08 2.6410e+08  10.0%   6.9 2557s
 3274753 2193930 2.9113e+08   69  163 2.9332e+08 2.6410e+08  10.0%   6.9 2560s
 3279895 2197993 2.6756e+08   56  169 2.9332e+08 2.6410e+08  10.0%   6.9 2567s
 3282427 2199323 2.6599e+08   49  172 2.9332e+08 2.6410e+08  10.0%   6.9 2570s
 3287195 2203288 2.8126e+08   60  155 2.9332e+08 2.6410e+08  10.0%   6.9 2578s
 3290017 2204643 2.8437e+08   61  156 2.9332e+08 2.6410e+08  10.0%   6.9 2581s
 3292032 2206057 2.9025e+08   58  162 2.9332e+08 2.6410e+08  10.0%   6.9 2585s
 3297533 2209458 infeasible   86      2.9332e+08 2.6411e+08  10.0%   6.9 2592s
 3299524 2211375 2.6440e+08   53  187 2.9332e+08 2.6411e+08  10.0%   6.9 2596s
 3302294 2211396 2.7909e+08   62  167 2.9332e+08 2.6411e+08  10.0%   6.9 2601s
 3304459 2212661 2.9076e+08   76  154 2.9332e+08 2.6411e+08  10.0%   6.9 2608s
 3305264 2213872 2.7333e+08   55  194 2.9332e+08 2.6411e+08  10.0%   6.9 2611s
 3307193 2215595 infeasible   62      2.9332e+08 2.6411e+08  10.0%   6.9 2615s
 3312189 2219877 2.6763e+08   47  211 2.9332e+08 2.6411e+08  10.0%   6.9 2623s
 3315934 2222252 2.6574e+08   47  196 2.9332e+08 2.6411e+08  10.0%   6.9 2628s
 3319339 2223548 2.9034e+08  104  120 2.9332e+08 2.6411e+08  10.0%   6.9 2632s
 3321319 2225944 2.6685e+08   46  212 2.9332e+08 2.6412e+08  10.0%   6.9 2636s
 3324640 2227261 infeasible  127      2.9332e+08 2.6412e+08  10.0%   6.9 2640s
 3329261 2230622 2.7080e+08   56  170 2.9332e+08 2.6412e+08  10.0%   6.9 2647s
 3331521 2231960 infeasible   53      2.9332e+08 2.6412e+08  10.0%   6.9 2650s
 3333702 2234221 2.8363e+08   53  185 2.9332e+08 2.6412e+08  10.0%   6.9 2655s
 3339977 2237486 2.6504e+08   44  208 2.9332e+08 2.6412e+08  10.0%   6.9 2662s
 3341784 2239800 2.7753e+08   78  152 2.9332e+08 2.6412e+08  10.0%   6.9 2666s
 3345037 2240785 2.7069e+08   56  183 2.9332e+08 2.6412e+08  10.0%   6.9 2670s
 3349172 2244103 2.9147e+08   68  139 2.9332e+08 2.6413e+08  10.0%   6.9 2677s
 3352154 2245606 2.6436e+08   46  214 2.9332e+08 2.6413e+08  10.0%   6.9 2681s
 3354363 2247428 2.6501e+08   47  205 2.9332e+08 2.6413e+08  10.0%   6.9 2685s
 3359743 2250753 2.7024e+08   51  191 2.9332e+08 2.6413e+08  10.0%   6.9 2693s
 3362991 2251881 2.8848e+08   68  161 2.9332e+08 2.6413e+08  10.0%   6.9 2696s
 3364893 2254028 2.9326e+08   65  151 2.9332e+08 2.6413e+08  10.0%   6.9 2700s
 3370096 2257747 2.7175e+08   61  163 2.9332e+08 2.6413e+08  9.95%   6.9 2708s
 3373058 2259487 2.9153e+08  109  107 2.9332e+08 2.6413e+08  9.95%   6.9 2712s
 3375706 2260910 infeasible   91      2.9332e+08 2.6414e+08  9.95%   6.9 2715s
 3380705 2264904 2.6501e+08   51  191 2.9332e+08 2.6414e+08  9.95%   6.9 2724s
 3383761 2266149 2.6516e+08   48  195 2.9332e+08 2.6414e+08  9.95%   6.9 2727s
 3385798 2268092 2.6759e+08   49  189 2.9332e+08 2.6414e+08  9.95%   6.9 2731s
 3390269 2271408 2.7707e+08   51  179 2.9332e+08 2.6414e+08  9.95%   6.9 2738s
 3393448 2272801 infeasible   69      2.9332e+08 2.6414e+08  9.95%   6.9 2741s
 3395326 2274518 2.8633e+08   59  164 2.9332e+08 2.6414e+08  9.95%   6.9 2745s
 3400306 2278123 2.7398e+08   63  163 2.9332e+08 2.6414e+08  9.95%   6.9 2753s
 3403435 2279586 2.8990e+08   73  146 2.9332e+08 2.6415e+08  9.95%   6.9 2757s
 3405449 2281595 2.8977e+08   55  181 2.9332e+08 2.6415e+08  9.94%   6.9 2760s
 3410513 2285138 2.8497e+08   61  185 2.9332e+08 2.6415e+08  9.94%   7.0 2768s
 3413555 2286481 2.9179e+08   86  151 2.9332e+08 2.6415e+08  9.94%   6.9 2772s
 3415749 2287835 2.9308e+08   74  143 2.9332e+08 2.6415e+08  9.94%   7.0 2775s
 3419851 2291780 2.9006e+08   79  145 2.9332e+08 2.6415e+08  9.94%   7.0 2782s
 3423003 2293313 2.8100e+08   88  142 2.9332e+08 2.6415e+08  9.94%   7.0 2786s
 3425328 2295411 2.8845e+08   80  129 2.9332e+08 2.6415e+08  9.94%   7.0 2790s
 3430773 2298692 2.6466e+08   45  225 2.9332e+08 2.6415e+08  9.94%   7.0 2798s
 3434034 2300161 2.6448e+08   41  202 2.9332e+08 2.6416e+08  9.94%   7.0 2802s
 3435993 2301853 2.8940e+08  106  103 2.9332e+08 2.6416e+08  9.94%   7.0 2806s
 3440782 2305724 2.9050e+08   83  113 2.9332e+08 2.6416e+08  9.94%   7.0 2813s
 3444183 2307937 2.6596e+08   47  179 2.9332e+08 2.6416e+08  9.94%   7.0 2817s
 3447345 2309888 2.9267e+08   86  111 2.9332e+08 2.6416e+08  9.94%   7.0 2821s
 3452136 2313078 2.7939e+08   65  151 2.9332e+08 2.6416e+08  9.94%   7.0 2827s
 3454810 2314400 infeasible   64      2.9332e+08 2.6416e+08  9.94%   7.0 2831s
 3459627 2317208 infeasible   83      2.9332e+08 2.6417e+08  9.94%   7.0 2837s
 3461399 2319397 2.8547e+08   63  157 2.9332e+08 2.6417e+08  9.94%   7.0 2840s
 3466926 2322666 2.6743e+08   60  155 2.9332e+08 2.6417e+08  9.94%   7.0 2847s
 3469792 2324623 2.7067e+08   47  177 2.9332e+08 2.6417e+08  9.94%   7.0 2851s
 3474441 2328182 2.6437e+08   40  189 2.9332e+08 2.6417e+08  9.94%   7.0 2858s
 3477519 2329492 2.7335e+08   42  193 2.9332e+08 2.6417e+08  9.94%   7.0 2861s
 3479554 2331705 2.8972e+08   65  129 2.9332e+08 2.6417e+08  9.94%   7.0 2865s
 3484390 2335215 2.9082e+08   78  127 2.9332e+08 2.6418e+08  9.93%   7.0 2871s
 3487601 2336667 2.8165e+08   73  135 2.9332e+08 2.6418e+08  9.93%   7.0 2875s
 3493177 2340244 2.9006e+08   93  129 2.9332e+08 2.6418e+08  9.93%   7.0 2883s
 3495063 2342340 2.8322e+08   65  139 2.9332e+08 2.6418e+08  9.93%   7.0 2886s
 3500160 2343589 2.9218e+08   97  113 2.9332e+08 2.6418e+08  9.93%   7.0 2894s
 3500253 2344865 2.9218e+08   98  113 2.9332e+08 2.6418e+08  9.93%   7.0 2896s
 3502257 2346989 2.8806e+08   64  167 2.9332e+08 2.6418e+08  9.93%   7.0 2900s
 3507865 2350744 2.7106e+08   50  177 2.9332e+08 2.6419e+08  9.93%   7.0 2908s
 3511080 2352101 2.7916e+08   60  143 2.9332e+08 2.6419e+08  9.93%   7.0 2911s
 3515380 2355905 2.9328e+08   94  132 2.9332e+08 2.6419e+08  9.93%   7.0 2918s
 3518821 2357699 2.6484e+08   50  209 2.9332e+08 2.6419e+08  9.93%   7.0 2922s
 3521558 2359013 2.9221e+08   93  134 2.9332e+08 2.6419e+08  9.93%   7.0 2925s
 3526795 2362364 2.6761e+08   61  161 2.9332e+08 2.6419e+08  9.93%   7.0 2931s
 3531120 2365995 2.8522e+08   88  123 2.9332e+08 2.6419e+08  9.93%   7.0 2938s
 3534295 2367323 2.9075e+08   70  146 2.9332e+08 2.6419e+08  9.93%   7.0 2941s
 3536389 2369409 2.6443e+08   39  212 2.9332e+08 2.6419e+08  9.93%   7.0 2945s
 3541470 2372748 2.6672e+08   44  193 2.9332e+08 2.6420e+08  9.93%   7.0 2952s
 3544028 2375048 2.7802e+08   55  178 2.9332e+08 2.6420e+08  9.93%   7.0 2956s
 3549345 2378570 2.6583e+08   50  195 2.9332e+08 2.6420e+08  9.93%   7.0 2963s
 3552550 2379939 2.6883e+08   62  193 2.9332e+08 2.6420e+08  9.93%   7.0 2967s
 3554537 2381967 2.8857e+08  102   99 2.9332e+08 2.6420e+08  9.93%   7.0 2970s
 3560182 2384712 2.9117e+08   69  157 2.9332e+08 2.6420e+08  9.93%   7.0 2977s
 3562127 2386736 2.8762e+08   70  154 2.9332e+08 2.6420e+08  9.93%   7.0 2980s
 3567055 2389973 infeasible   75      2.9332e+08 2.6420e+08  9.93%   7.0 2987s
 3570252 2391266 infeasible   53      2.9332e+08 2.6420e+08  9.92%   7.0 2990s
 3575219 2394926 2.7202e+08   63  179 2.9332e+08 2.6421e+08  9.92%   7.0 2998s
 3578066 2396102     cutoff   69      2.9332e+08 2.6421e+08  9.92%   7.0 3001s
 3582381 2399245 2.8869e+08   66  159 2.9332e+08 2.6421e+08  9.92%   7.0 3008s
 3584395 2401418 2.6538e+08   42  197 2.9332e+08 2.6421e+08  9.92%   7.0 3012s
 3587761 2402803 2.7051e+08   51  193 2.9332e+08 2.6421e+08  9.92%   7.0 3015s
 3592820 2406865 2.6530e+08   51  190 2.9332e+08 2.6421e+08  9.92%   7.0 3023s
 3595907 2408020     cutoff   56      2.9332e+08 2.6421e+08  9.92%   7.0 3026s
 3597802 2408866 infeasible   59      2.9332e+08 2.6422e+08  9.92%   7.0 3031s
 3601283 2412657 2.8360e+08   50  171 2.9332e+08 2.6422e+08  9.92%   7.0 3038s
 3604719 2414827 2.8102e+08   60  169 2.9332e+08 2.6422e+08  9.92%   7.0 3042s
 3607541 2416230 2.8314e+08   65  159 2.9332e+08 2.6422e+08  9.92%   7.0 3046s
 3612658 2418362 2.9005e+08  101  118 2.9332e+08 2.6422e+08  9.92%   7.0 3050s
 3616136 2421811 2.9303e+08   95  103 2.9332e+08 2.6422e+08  9.92%   7.0 3057s
 3618210 2423961 2.7346e+08   59  183 2.9332e+08 2.6422e+08  9.92%   7.0 3061s
 3623113 2427503 2.6455e+08   50  203 2.9332e+08 2.6422e+08  9.92%   7.0 3068s
 3626385 2428652 infeasible   75      2.9332e+08 2.6423e+08  9.92%   7.0 3071s
 3627976 2430483 2.9146e+08   70  123 2.9332e+08 2.6423e+08  9.92%   7.0 3075s
 3633686 2432561 2.6632e+08   56  172 2.9332e+08 2.6423e+08  9.92%   7.0 3084s
 3633772 2433677 2.6711e+08   57  176 2.9332e+08 2.6423e+08  9.92%   7.0 3087s
 3635467 2435061 2.6584e+08   50  193 2.9332e+08 2.6423e+08  9.92%   7.0 3090s
 3639336 2438763 2.7773e+08   63  149 2.9332e+08 2.6423e+08  9.92%   7.0 3097s
 3643068 2440130 2.7352e+08   78  140 2.9332e+08 2.6423e+08  9.92%   7.0 3101s
 3645202 2442442 2.7420e+08   64  149 2.9332e+08 2.6423e+08  9.92%   7.0 3105s
 3650653 2445920 2.9027e+08   94  106 2.9332e+08 2.6423e+08  9.92%   7.0 3113s
 3653590 2447919 2.6811e+08   40  212 2.9332e+08 2.6423e+08  9.92%   7.0 3117s
 3656350 2449384 2.7370e+08   64  189 2.9332e+08 2.6423e+08  9.92%   7.0 3120s
 3661175 2452504 2.8199e+08   67  147 2.9332e+08 2.6424e+08  9.91%   7.0 3127s
 3663254 2454834 2.7191e+08   52  180 2.9332e+08 2.6424e+08  9.91%   7.0 3132s
 3666639 2456265 infeasible   73      2.9332e+08 2.6424e+08  9.91%   7.0 3135s
 3671601 2460149 2.8382e+08   68  169 2.9332e+08 2.6424e+08  9.91%   7.0 3142s
 3674371 2461512 infeasible  103      2.9332e+08 2.6424e+08  9.91%   7.0 3146s
 3679669 2465138 2.6616e+08   53  173 2.9332e+08 2.6424e+08  9.91%   7.0 3153s
 3681640 2467229 2.8743e+08  130   95 2.9332e+08 2.6424e+08  9.91%   7.0 3156s
 3684399 2468878 2.8018e+08   72  143 2.9332e+08 2.6424e+08  9.91%   7.0 3160s
 3689036 2472588 2.9165e+08   87  135 2.9332e+08 2.6424e+08  9.91%   7.0 3168s
 3692431 2474010 2.8761e+08   89  115 2.9332e+08 2.6425e+08  9.91%   7.0 3172s
 3694500 2476014 2.6925e+08   54  177 2.9332e+08 2.6425e+08  9.91%   7.0 3175s
 3697576 2477854 2.8234e+08   69  162 2.9332e+08 2.6425e+08  9.91%   7.0 3180s
 3702903 2481201 2.6734e+08   46  178 2.9332e+08 2.6425e+08  9.91%   7.0 3187s
 3705670 2483146 2.7338e+08   60  143 2.9332e+08 2.6425e+08  9.91%   7.0 3191s
 3710543 2485890 2.8446e+08   68  153 2.9332e+08 2.6425e+08  9.91%   7.0 3197s
 3712712 2487322 2.6654e+08   54  183 2.9332e+08 2.6425e+08  9.91%   7.0 3200s
 3717772 2490728 2.8619e+08   77  121 2.9332e+08 2.6425e+08  9.91%   7.0 3208s
 3719774 2492811 2.7403e+08   50  195 2.9332e+08 2.6425e+08  9.91%   7.0 3211s
 3722582 2494123 2.7891e+08   41  179 2.9332e+08 2.6426e+08  9.91%   7.0 3215s
 3727695 2497800 2.7293e+08   54  181 2.9332e+08 2.6426e+08  9.91%   7.0 3223s
 3729918 2499886 2.8966e+08   60  149 2.9332e+08 2.6426e+08  9.91%   7.0 3228s
 3733059 2501525 2.8791e+08   71  143 2.9332e+08 2.6426e+08  9.91%   7.0 3232s
 3735703 2503108 2.8869e+08   70  149 2.9332e+08 2.6426e+08  9.91%   7.0 3236s
 3737924 2505101 2.7723e+08   78  147 2.9332e+08 2.6426e+08  9.91%   7.0 3240s
 3740802 2507079 2.6498e+08   48  187 2.9332e+08 2.6426e+08  9.91%   7.0 3245s
 3745773 2510263 infeasible   79      2.9332e+08 2.6426e+08  9.91%   7.0 3252s
 3748783 2511551 2.8198e+08   94  150 2.9332e+08 2.6426e+08  9.90%   7.0 3255s
 3753361 2514546 2.7547e+08   57  183 2.9332e+08 2.6426e+08  9.90%   7.0 3263s
 3755381 2516558 infeasible   72      2.9332e+08 2.6427e+08  9.90%   7.0 3266s
 3758311 2517839 2.7618e+08   50  179 2.9332e+08 2.6427e+08  9.90%   7.0 3270s
 3762881 2520930 2.7031e+08   53  171 2.9332e+08 2.6427e+08  9.90%   7.0 3278s
 3765877 2523223 2.7722e+08   81  141 2.9332e+08 2.6427e+08  9.90%   7.0 3282s
 3769156 2524806 2.7557e+08   58  168 2.9332e+08 2.6427e+08  9.90%   7.0 3286s
 3771257 2526906 2.6873e+08   56  178 2.9332e+08 2.6427e+08  9.90%   7.0 3290s
 3777487 2530129 2.8483e+08   69  144 2.9332e+08 2.6427e+08  9.90%   7.0 3297s
 3779181 2531844 2.7727e+08   59  145 2.9332e+08 2.6427e+08  9.90%   7.0 3301s
 3784076 2535243 2.6605e+08   43  200 2.9332e+08 2.6427e+08  9.90%   7.0 3308s
 3787202 2536157 2.9018e+08   98  131 2.9332e+08 2.6427e+08  9.90%   7.0 3311s
 3788640 2538202 2.9324e+08   76  141 2.9332e+08 2.6427e+08  9.90%   7.0 3315s
 3791720 2539527 2.9049e+08   62  173 2.9332e+08 2.6428e+08  9.90%   7.0 3320s
 3796823 2543022 2.8256e+08   61  170 2.9332e+08 2.6428e+08  9.90%   7.0 3328s
 3798870 2544741 2.7267e+08   54  211 2.9332e+08 2.6428e+08  9.90%   7.0 3332s
 3801494 2546850 2.8633e+08   96  145 2.9332e+08 2.6428e+08  9.90%   7.0 3337s
 3804722 2548049 2.7818e+08   58  167 2.9332e+08 2.6428e+08  9.90%   7.0 3341s
 3806685 2550081 2.6497e+08   43  195 2.9332e+08 2.6428e+08  9.90%   7.0 3345s
 3811919 2553022 infeasible   85      2.9332e+08 2.6428e+08  9.90%   7.0 3352s
 3813913 2554932 infeasible   78      2.9332e+08 2.6428e+08  9.90%   7.0 3357s
 3816649 2556435 2.7769e+08   53  154 2.9332e+08 2.6428e+08  9.90%   7.0 3361s
 3818832 2558446 2.6927e+08   57  186 2.9332e+08 2.6428e+08  9.90%   7.0 3365s
 3823993 2562002 2.8304e+08   58  171 2.9332e+08 2.6429e+08  9.90%   7.0 3373s
 3827250 2563901 2.6721e+08   51  181 2.9332e+08 2.6429e+08  9.90%   7.0 3378s
 3830193 2565367 2.6521e+08   50  197 2.9332e+08 2.6429e+08  9.90%   7.0 3382s
 3832285 2566940 2.8436e+08   72  163 2.9332e+08 2.6429e+08  9.90%   7.0 3385s
 3836831 2570453 2.8829e+08   88  153 2.9332e+08 2.6429e+08  9.90%   7.0 3393s
 3839767 2572743 2.7944e+08   62  143 2.9332e+08 2.6429e+08  9.90%   7.0 3398s
 3842732 2574196 2.6640e+08   53  193 2.9332e+08 2.6429e+08  9.90%   7.0 3402s
 3844729 2576312 2.9205e+08   78  140 2.9332e+08 2.6429e+08  9.90%   7.0 3406s
 3849276 2579196 2.7100e+08   53  182 2.9332e+08 2.6429e+08  9.89%   7.0 3412s
 3852052 2580738 2.8731e+08   72  128 2.9332e+08 2.6429e+08  9.89%   7.0 3416s
 3854224 2582772 2.7158e+08   54  163 2.9332e+08 2.6429e+08  9.89%   7.0 3420s
 3860305 2585859 infeasible   62      2.9332e+08 2.6430e+08  9.89%   7.0 3428s
 3862418 2587928 infeasible  126      2.9332e+08 2.6430e+08  9.89%   7.0 3433s
 3865555 2589243 2.8198e+08   78  146 2.9332e+08 2.6430e+08  9.89%   7.0 3436s
 3867370 2591294 2.7930e+08   52  169 2.9332e+08 2.6430e+08  9.89%   7.0 3441s
 3870353 2592494 2.6550e+08   44  203 2.9332e+08 2.6430e+08  9.89%   7.0 3445s
 3872310 2594674 2.8564e+08   59  165 2.9332e+08 2.6430e+08  9.89%   7.0 3450s
 3877707 2597660 2.7929e+08   62  155 2.9332e+08 2.6430e+08  9.89%   7.0 3458s
 3880122 2599849 infeasible   58      2.9332e+08 2.6430e+08  9.89%   7.0 3462s
 3883232 2600928 2.7371e+08   58  171 2.9332e+08 2.6430e+08  9.89%   7.0 3466s
 3885193 2602282 2.7852e+08   74  152 2.9332e+08 2.6430e+08  9.89%   7.0 3470s
 3887209 2604595 infeasible  107      2.9332e+08 2.6430e+08  9.89%   7.0 3475s
 3890680 2606166 2.9221e+08  105  121 2.9332e+08 2.6431e+08  9.89%   7.0 3480s
 3895791 2610148 2.8976e+08   60  143 2.9332e+08 2.6431e+08  9.89%   7.0 3489s
 3898780 2611515 2.6633e+08   49  203 2.9332e+08 2.6431e+08  9.89%   7.0 3493s
 3900674 2613728 2.6470e+08   42  187 2.9332e+08 2.6431e+08  9.89%   7.0 3497s
 3903470 2614961 2.8705e+08   77  145 2.9332e+08 2.6431e+08  9.89%   7.0 3501s
 3905301 2617117 infeasible   70      2.9332e+08 2.6431e+08  9.89%   7.0 3505s
 3910290 2620710 2.7711e+08   57  168 2.9332e+08 2.6431e+08  9.89%   7.0 3514s
 3913475 2622080 infeasible   84      2.9332e+08 2.6431e+08  9.89%   7.0 3518s
 3915463 2624392 2.8679e+08   91  125 2.9332e+08 2.6431e+08  9.89%   7.0 3522s
 3918769 2626245 2.8022e+08   70  159 2.9332e+08 2.6431e+08  9.89%   7.0 3527s
 3921517 2626790 infeasible   68      2.9332e+08 2.6431e+08  9.89%   7.0 3533s
 3922347 2628010 2.6552e+08   55  198 2.9332e+08 2.6431e+08  9.89%   7.0 3536s
 3924345 2630083 2.9328e+08   56  153 2.9332e+08 2.6432e+08  9.89%   7.0 3541s
 3927295 2631725 2.8226e+08   64  151 2.9332e+08 2.6432e+08  9.89%   7.0 3546s
 3929565 2634033 2.7381e+08   77  157 2.9332e+08 2.6432e+08  9.89%   7.0 3551s
 3933027 2636009 2.6577e+08   50  198 2.9332e+08 2.6432e+08  9.89%   7.0 3556s
 3935907 2637385 2.9064e+08   83  158 2.9332e+08 2.6432e+08  9.89%   7.0 3560s
 3941032 2641577 2.7930e+08   68  150 2.9332e+08 2.6432e+08  9.89%   7.0 3569s
 3944085 2642852 2.9017e+08  104  101 2.9332e+08 2.6432e+08  9.89%   7.0 3573s
 3945817 2642867 2.9109e+08   58  165 2.9332e+08 2.6432e+08  9.89%   7.0 3580s
 3947053 2645263 2.9330e+08   80  165 2.9332e+08 2.6432e+08  9.89%   7.0 3587s
 3949373 2646959 2.6666e+08   43  185 2.9332e+08 2.6432e+08  9.88%   7.0 3591s
 3952255 2648583 2.6566e+08   48  203 2.9332e+08 2.6432e+08  9.88%   7.0 3595s
 3954544 2650748 2.6893e+08   60  180 2.9332e+08 2.6432e+08  9.88%   7.0 3600s

Cutting planes:
  Learned: 18
  Gomory: 4
  Implied bound: 5
  MIR: 13
  Flow cover: 1840
  Inf proof: 100
  RLT: 1
  Relax-and-lift: 20

Explored 3957441 nodes (27715362 simplex iterations) in 3601.45 seconds (231.25 work units)
Thread count was 16 (of 16 available processors)

Solution count 10: 2.93316e+08 2.93911e+08 2.9402e+08 ... 2.96591e+08

Time limit reached
Best objective 2.933163700000e+08, best bound 2.643241516197e+08, gap 9.8843%
Warning: constraint name "precedence between 1,0 to 0,0 if x_[0,0,1,0,9]=1, i.e. 0,0 before 1,0" has a space
Warning: constraint name "precedence between 1,0 to 0,0 if x_[0,0,1,0,9]=1, i.e. 0,0 before 1,0" has a space
Warning: default constraint names used to write mps file
