
Gurobi 10.0.1 (win64) logging started Mon Sep 18 15:45:44 2023

Set parameter LogFile to value "./results-heuristic-start//log/PlasticInjection_makespan.log"
Gurobi Optimizer version 10.0.1 build v10.0.1rc0 (win64)

CPU model: AMD Ryzen 7 3700X 8-Core Processor, instruction set [SSE2|AVX|AVX2]
Thread count: 8 physical cores, 16 logical processors, using up to 16 threads

Optimize a model with 1954 rows, 6956 columns and 8507 nonzeros
Model fingerprint: 0xfb2c8349
Variable types: 197 continuous, 6759 integer (6758 binary)
Coefficient statistics:
  Matrix range     [1e+00, 1e+08]
  Objective range  [1e+00, 1e+00]
  Bounds range     [1e+00, 1e+00]
  RHS range        [1e+00, 4e+08]
Warning: Model contains large matrix coefficients
         Consider reformulating model or setting NumericFocus parameter
         to avoid numerical issues.

Warning: Completing partial solution with 6678 unfixed non-continuous variables out of 6759
User MIP start did not produce a new incumbent solution
User MIP start violates constraint initial_start_time_job27_stage0_machine18_constraint by 420.000000000

Presolve removed 274 rows and 6062 columns
Presolve time: 0.01s
Presolved: 1680 rows, 894 columns, 7727 nonzeros
Variable types: 195 continuous, 699 integer (698 binary)

Root relaxation: objective 2.003512e+08, 150 iterations, 0.00 seconds (0.00 work units)
Another try with MIP start

    Nodes    |    Current Node    |     Objective Bounds      |     Work
 Expl Unexpl |  Obj  Depth IntInf | Incumbent    BestBd   Gap | It/Node Time

H    0     0                    3.227423e+08 2.0035e+08  37.9%     -    0s
     0     0 2.0035e+08    0   87 3.2274e+08 2.0035e+08  37.9%     -    0s
H    0     0                    3.219300e+08 2.0035e+08  37.8%     -    0s
     0     0 2.5670e+08    0   82 3.2193e+08 2.5670e+08  20.3%     -    0s
     0     0 2.5670e+08    0   70 3.2193e+08 2.5670e+08  20.3%     -    0s
     0     0 2.5670e+08    0   79 3.2193e+08 2.5670e+08  20.3%     -    0s
H    0     0                    3.190503e+08 2.5670e+08  19.5%     -    0s
     0     0 2.5670e+08    0   83 3.1905e+08 2.5670e+08  19.5%     -    0s
     0     0 2.5670e+08    0   85 3.1905e+08 2.5670e+08  19.5%     -    0s
H    0     0                    3.189868e+08 2.5670e+08  19.5%     -    0s
     0     0 2.5670e+08    0   89 3.1899e+08 2.5670e+08  19.5%     -    0s
     0     0 2.5724e+08    0   84 3.1899e+08 2.5724e+08  19.4%     -    0s
     0     0 2.5726e+08    0   87 3.1899e+08 2.5726e+08  19.3%     -    0s
     0     0 2.5727e+08    0   86 3.1899e+08 2.5727e+08  19.3%     -    0s
     0     0 2.5738e+08    0   83 3.1899e+08 2.5738e+08  19.3%     -    0s
     0     0 2.5738e+08    0   84 3.1899e+08 2.5738e+08  19.3%     -    0s
H    0     0                    3.172403e+08 2.5738e+08  18.9%     -    0s
     0     0 2.5738e+08    0   85 3.1724e+08 2.5738e+08  18.9%     -    0s
     0     0 2.5738e+08    0   85 3.1724e+08 2.5738e+08  18.9%     -    0s
     0     0 2.5738e+08    0   62 3.1724e+08 2.5738e+08  18.9%     -    0s
     0     0 2.5738e+08    0   62 3.1724e+08 2.5738e+08  18.9%     -    0s
     0     0 2.5738e+08    0   56 3.1724e+08 2.5738e+08  18.9%     -    0s
     0     0 2.5738e+08    0   59 3.1724e+08 2.5738e+08  18.9%     -    0s
     0     0 2.5738e+08    0   60 3.1724e+08 2.5738e+08  18.9%     -    0s
     0     0 2.5738e+08    0   52 3.1724e+08 2.5738e+08  18.9%     -    0s
     0     2 2.5738e+08    0   50 3.1724e+08 2.5738e+08  18.9%     -    0s
H   64    72                    3.169251e+08 2.5850e+08  18.4%  19.0    0s
H 1072  1050                    3.146007e+08 2.5850e+08  17.8%   4.5    0s
H 1084  1034                    3.123757e+08 2.5850e+08  17.2%   4.5    0s
H 8954  6839                    3.123757e+08 2.5938e+08  17.0%   4.7    3s
H 9033  6710                    3.108655e+08 2.5938e+08  16.6%   4.7    3s
H 9033  6469                    3.070058e+08 2.5938e+08  15.5%   4.7    3s
H 9035  6414                    3.063082e+08 2.5938e+08  15.3%   4.7    3s
H 9039  6084                    3.031857e+08 2.5938e+08  14.4%   4.7    3s
H 9210  6290                    3.028086e+08 2.5938e+08  14.3%   4.7    3s
H 9388  6180                    3.002157e+08 2.5938e+08  13.6%   4.7    3s
H 9536  6180                    3.002036e+08 2.5938e+08  13.6%   4.7    3s
H 9585  6179                    2.996962e+08 2.5938e+08  13.5%   4.7    3s
H10051  6424                    2.994774e+08 2.5938e+08  13.4%   4.8    3s
H10066  6395                    2.992321e+08 2.5938e+08  13.3%   4.8    3s
H10076  6391                    2.991648e+08 2.5938e+08  13.3%   4.8    3s
H11349  7460                    2.991648e+08 2.5938e+08  13.3%   4.9    4s
H12672  8698                    2.991647e+08 2.5938e+08  13.3%   5.1    4s
H14004  9811                    2.991647e+08 2.5938e+08  13.3%   5.2    4s
 14846 10719 2.6041e+08   24  190 2.9916e+08 2.5938e+08  13.3%   5.3    5s
H22687 17153                    2.991647e+08 2.5948e+08  13.3%   5.7    6s
H26434 20195                    2.991647e+08 2.5948e+08  13.3%   5.7    6s
H27267 20248                    2.991647e+08 2.5949e+08  13.3%   5.8    7s
H27272 20245                    2.991377e+08 2.5949e+08  13.3%   5.8    7s
 37920 30251 2.6704e+08   37  176 2.9914e+08 2.5953e+08  13.2%   6.1   10s
*38868 30068             161    2.988049e+08 2.5954e+08  13.1%   6.1   10s
 44090 32979 2.7482e+08   63  122 2.9880e+08 2.5955e+08  13.1%   6.3   15s
 62683 43575 2.8496e+08   70  125 2.9880e+08 2.5955e+08  13.1%   5.8   20s
 66354 45168 2.9699e+08  123   37 2.9880e+08 2.6166e+08  12.4%   6.1   25s
 90397 58294 2.9771e+08  123   45 2.9880e+08 2.6191e+08  12.3%   6.1   30s
 115181 70858 2.8320e+08   85   48 2.9880e+08 2.6224e+08  12.2%   6.1   35s
 135532 81235 2.8282e+08   80   68 2.9880e+08 2.6236e+08  12.2%   6.1   40s
 155077 91179 2.6741e+08   56   80 2.9880e+08 2.6245e+08  12.2%   6.1   45s
 173835 100636 2.8690e+08   77   57 2.9880e+08 2.6252e+08  12.1%   6.1   50s
 193731 110671 2.9255e+08  133   36 2.9880e+08 2.6260e+08  12.1%   6.1   55s
 212519 126297 2.8452e+08   80   67 2.9880e+08 2.6268e+08  12.1%   6.0   60s
 229662 140736 2.9755e+08  144   39 2.9880e+08 2.6271e+08  12.1%   6.0   65s
 246006 154155 2.9371e+08   93   48 2.9880e+08 2.6275e+08  12.1%   6.0   70s
 263031 168214 2.6793e+08   72   82 2.9880e+08 2.6278e+08  12.1%   6.0   75s
 279421 182107 2.9867e+08  119   40 2.9880e+08 2.6281e+08  12.0%   6.0   80s
 297313 206746 2.7378e+08   71   67 2.9880e+08 2.6282e+08  12.0%   5.9   88s
 311611 209047 2.7345e+08   74   71 2.9880e+08 2.6285e+08  12.0%   5.9   90s
 326262 220817 2.9504e+08  137   26 2.9880e+08 2.6289e+08  12.0%   5.9   95s
 338705 231052 2.9037e+08  121   42 2.9880e+08 2.6291e+08  12.0%   5.9  100s
 352197 241926 2.6752e+08   58   81 2.9880e+08 2.6295e+08  12.0%   5.9  105s
 360698 260941 infeasible  102      2.9880e+08 2.6297e+08  12.0%   5.9  113s
 376714 262041 2.8133e+08   98   63 2.9880e+08 2.6300e+08  12.0%   5.9  115s
 388097 271814 2.6543e+08   59   81 2.9880e+08 2.6303e+08  12.0%   5.9  120s
 403291 283049 2.7838e+08   84   49 2.9880e+08 2.6307e+08  12.0%   5.9  125s
 403359 296412 2.7838e+08   87   44 2.9880e+08 2.6307e+08  12.0%   5.9  131s
 423022 300544 2.8832e+08  106   44 2.9880e+08 2.6313e+08  11.9%   5.9  135s
 434637 310281 2.8522e+08   84   61 2.9880e+08 2.6315e+08  11.9%   5.9  140s
 446506 320398 2.8714e+08  103   40 2.9880e+08 2.6317e+08  11.9%   5.9  145s
 457919 329899 2.7282e+08   62   81 2.9880e+08 2.6319e+08  11.9%   5.9  150s
 470083 339878 2.9215e+08   86   60 2.9880e+08 2.6322e+08  11.9%   5.9  155s
 481961 349612 2.7926e+08   78   69 2.9880e+08 2.6323e+08  11.9%   5.9  160s
 492463 358443 2.9385e+08  110   42 2.9880e+08 2.6325e+08  11.9%   5.9  165s
 504715 368379 2.6669e+08   58   79 2.9880e+08 2.6326e+08  11.9%   5.9  170s
 516979 378463 2.8753e+08  128   40 2.9880e+08 2.6328e+08  11.9%   5.9  175s
 527438 387127 2.9568e+08  138   29 2.9880e+08 2.6331e+08  11.9%   5.9  180s
 529524 400696 2.8504e+08  114   36 2.9880e+08 2.6331e+08  11.9%   5.9  186s
 546361 402572 2.6539e+08   64   86 2.9880e+08 2.6333e+08  11.9%   5.9  190s
 558623 412919 2.8536e+08  115   44 2.9880e+08 2.6334e+08  11.9%   5.9  195s
 567903 420655 2.7116e+08   69   71 2.9880e+08 2.6336e+08  11.9%   5.9  200s
 578582 429336 2.9078e+08  119   38 2.9880e+08 2.6337e+08  11.9%   5.9  205s
 589655 438244 2.9704e+08  142   28 2.9880e+08 2.6339e+08  11.9%   5.9  210s
 600314 447353 2.7891e+08   80   62 2.9880e+08 2.6340e+08  11.8%   5.9  215s
 610077 455290 2.9684e+08  147   28 2.9880e+08 2.6341e+08  11.8%   5.9  220s
 621219 464365 2.7899e+08   74   73 2.9880e+08 2.6342e+08  11.8%   5.9  225s
 632060 473057 2.8249e+08   97   53 2.9880e+08 2.6344e+08  11.8%   5.9  230s
 642139 481768 2.8681e+08  105   50 2.9880e+08 2.6345e+08  11.8%   5.9  235s
 652303 489788 2.9702e+08  137   26 2.9880e+08 2.6346e+08  11.8%   5.9  240s
 659363 495821 2.9820e+08  117   42 2.9880e+08 2.6347e+08  11.8%   5.9  245s
 667685 502603 2.8679e+08   81   58 2.9880e+08 2.6348e+08  11.8%   5.9  250s
 677472 510298 2.6937e+08   55   83 2.9880e+08 2.6349e+08  11.8%   5.9  255s
 686823 517420 2.9807e+08  118   37 2.9880e+08 2.6350e+08  11.8%   5.9  260s
 697753 526239 2.6593e+08   64   83 2.9880e+08 2.6350e+08  11.8%   5.9  265s
 705427 532952 2.8871e+08  100   50 2.9880e+08 2.6351e+08  11.8%   5.9  271s
 713859 539748 2.8251e+08   98   47 2.9880e+08 2.6352e+08  11.8%   5.9  276s
 721575 545999 2.6891e+08   70   72 2.9880e+08 2.6353e+08  11.8%   5.9  280s
 731507 553677 2.9621e+08  121   28 2.9880e+08 2.6354e+08  11.8%   5.9  285s
 739137 560066 2.6732e+08   65   74 2.9880e+08 2.6355e+08  11.8%   5.9  290s
 748403 567575 2.9127e+08  100   51 2.9880e+08 2.6355e+08  11.8%   5.9  295s
 757314 574853 2.6872e+08   64   78 2.9880e+08 2.6356e+08  11.8%   5.9  300s
 764932 580858 2.6621e+08   61   72 2.9880e+08 2.6357e+08  11.8%   5.9  305s
 773825 588241 2.9616e+08  118   44 2.9880e+08 2.6357e+08  11.8%   5.9  310s
 781464 594601 2.8750e+08  111   55 2.9880e+08 2.6358e+08  11.8%   5.9  315s
 789257 600561 2.7243e+08   75   73 2.9880e+08 2.6359e+08  11.8%   5.9  320s
 798557 608256 2.8078e+08   76   69 2.9880e+08 2.6359e+08  11.8%   5.9  325s
 806355 614260 2.9261e+08  126   43 2.9880e+08 2.6360e+08  11.8%   5.9  330s
 815456 621483 2.8792e+08  105   52 2.9880e+08 2.6361e+08  11.8%   5.9  335s
 821218 626591 infeasible  151      2.9880e+08 2.6361e+08  11.8%   5.9  340s
 828841 632597 2.6568e+08   58   90 2.9880e+08 2.6362e+08  11.8%   5.9  345s
 838646 640985 2.9668e+08  144   29 2.9880e+08 2.6362e+08  11.8%   5.9  351s
 846293 647360 2.7886e+08   80   62 2.9880e+08 2.6363e+08  11.8%   5.9  355s
 853608 653273 2.8516e+08   89   56 2.9880e+08 2.6364e+08  11.8%   5.9  360s
 862606 660783 2.9836e+08  146   27 2.9880e+08 2.6364e+08  11.8%   5.9  366s
 868990 666145 2.9857e+08  125   49 2.9880e+08 2.6365e+08  11.8%   5.9  370s
 876781 672620 2.9696e+08  124   45 2.9880e+08 2.6366e+08  11.8%   5.9  375s
 885000 679283 2.9099e+08  101   58 2.9880e+08 2.6366e+08  11.8%   5.9  381s
 890815 684025 2.8348e+08   90   61 2.9880e+08 2.6367e+08  11.8%   5.9  385s
 898945 690708 2.8913e+08   89   60 2.9880e+08 2.6367e+08  11.8%   5.9  390s
 906791 695629 2.7487e+08   82   70 2.9880e+08 2.6367e+08  11.8%   5.9  395s
 912950 702272 2.8065e+08   77   58 2.9880e+08 2.6368e+08  11.8%   5.9  401s
 918902 707043 2.8455e+08  104   60 2.9880e+08 2.6368e+08  11.8%   5.9  405s
 926467 713316 2.7086e+08   69   80 2.9880e+08 2.6368e+08  11.8%   5.9  411s
 932702 718346 2.9867e+08  130   38 2.9880e+08 2.6369e+08  11.8%   5.9  415s
 940868 725256 2.8864e+08  106   48 2.9880e+08 2.6369e+08  11.8%   5.9  421s
 947162 730269 2.8493e+08   94   64 2.9880e+08 2.6370e+08  11.7%   5.9  425s
 953192 735368 2.9621e+08  138   34 2.9880e+08 2.6370e+08  11.7%   5.9  431s
 959141 740470 2.7724e+08   82   63 2.9880e+08 2.6370e+08  11.7%   5.9  435s
 965921 745419 2.6693e+08   59   91 2.9880e+08 2.6371e+08  11.7%   5.9  440s
 974014 752441 2.9704e+08  123   49 2.9880e+08 2.6371e+08  11.7%   5.9  445s
 980107 757514 2.6973e+08   71   76 2.9880e+08 2.6372e+08  11.7%   5.9  450s
 987736 763857 2.7823e+08   82   64 2.9880e+08 2.6372e+08  11.7%   5.9  455s
 993636 767167 2.9420e+08  129   36 2.9880e+08 2.6372e+08  11.7%   5.9  460s
 1000333 773802 2.8070e+08   68   76 2.9880e+08 2.6373e+08  11.7%   5.9  466s
 1006373 779040 2.8908e+08   82   59 2.9880e+08 2.6373e+08  11.7%   5.9  471s
 1012113 783681 2.7742e+08   71   67 2.9880e+08 2.6374e+08  11.7%   5.9  475s
 1020180 789775 2.7477e+08   79   58 2.9880e+08 2.6374e+08  11.7%   5.9  481s
 1025813 794670 2.9506e+08   82   61 2.9880e+08 2.6374e+08  11.7%   5.9  485s
 1031819 799470 2.9803e+08  118   37 2.9880e+08 2.6375e+08  11.7%   5.9  490s
 1037407 802336 2.6589e+08   60   85 2.9880e+08 2.6375e+08  11.7%   5.9  495s
 1043618 808921 2.8986e+08  131   32 2.9880e+08 2.6376e+08  11.7%   5.9  501s
 1049573 813732 2.9652e+08  144   27 2.9880e+08 2.6376e+08  11.7%   5.9  505s
 1055551 818276 2.8933e+08  118   45 2.9880e+08 2.6376e+08  11.7%   5.9  510s
 1061204 823189 2.8633e+08  104   44 2.9880e+08 2.6377e+08  11.7%   5.9  515s
 1069459 829671 2.9065e+08   87   57 2.9880e+08 2.6377e+08  11.7%   5.9  521s
 1075294 834484 2.7889e+08   82   64 2.9880e+08 2.6377e+08  11.7%   5.9  525s
 1080875 839069 2.6616e+08   60   80 2.9880e+08 2.6378e+08  11.7%   5.9  530s
 1089172 845775 2.8182e+08   74   73 2.9880e+08 2.6378e+08  11.7%   5.9  536s
 1094997 849110 2.9597e+08  113   32 2.9880e+08 2.6378e+08  11.7%   5.9  541s
 1099534 853885 2.9819e+08   98   45 2.9880e+08 2.6379e+08  11.7%   5.9  545s
 1105614 859025 2.6558e+08   55   93 2.9880e+08 2.6379e+08  11.7%   5.9  551s
 1111745 863903 2.8966e+08   92   53 2.9880e+08 2.6379e+08  11.7%   5.9  555s
 1117870 868451 2.8248e+08   86   63 2.9880e+08 2.6380e+08  11.7%   5.9  560s
 1123523 873244 2.9136e+08  104   41 2.9880e+08 2.6380e+08  11.7%   5.9  565s
 1129804 878254 2.7482e+08   74   72 2.9880e+08 2.6381e+08  11.7%   5.9  570s
 1135058 882390 2.9572e+08  122   54 2.9880e+08 2.6381e+08  11.7%   5.9  576s
 1139341 886310 2.6394e+08   52   90 2.9880e+08 2.6381e+08  11.7%   5.9  580s
 1145931 891403 2.9079e+08  120   36 2.9880e+08 2.6381e+08  11.7%   5.9  585s
 1154308 897832 2.7347e+08   65   74 2.9880e+08 2.6382e+08  11.7%   5.9  590s
 1161986 904538 2.7577e+08   76   71 2.9880e+08 2.6382e+08  11.7%   5.9  595s
 1168390 909724 2.9837e+08  135   32 2.9880e+08 2.6383e+08  11.7%   5.9  600s
 1176703 916049 2.6628e+08   58   92 2.9880e+08 2.6383e+08  11.7%   5.9  605s
 1184606 922581 2.9878e+08  107   46 2.9880e+08 2.6384e+08  11.7%   5.9  610s
 1195007 930966 infeasible  130      2.9880e+08 2.6384e+08  11.7%   5.9  615s
 1201450 936091 2.6481e+08   56   98 2.9880e+08 2.6385e+08  11.7%   5.9  620s
 1210248 943470 2.9438e+08  123   30 2.9880e+08 2.6385e+08  11.7%   5.9  625s
 1218096 949628 2.9246e+08  107   46 2.9880e+08 2.6386e+08  11.7%   5.9  630s
 1226202 956126 2.9423e+08  120   41 2.9880e+08 2.6386e+08  11.7%   5.9  635s
 1234263 962975 2.7085e+08   74   72 2.9880e+08 2.6387e+08  11.7%   5.9  641s
 1242565 969614 2.8986e+08   93   63 2.9880e+08 2.6387e+08  11.7%   5.9  645s
 1250989 976521 2.9776e+08   90   51 2.9880e+08 2.6388e+08  11.7%   5.9  650s
 1259523 983117 2.9865e+08  131   39 2.9880e+08 2.6388e+08  11.7%   5.9  655s
 1266820 989164 2.9066e+08  112   43 2.9880e+08 2.6388e+08  11.7%   5.9  660s
 1275975 996736 2.8526e+08   99   54 2.9880e+08 2.6389e+08  11.7%   5.9  665s
 1282089 1001919 2.6731e+08   50   92 2.9880e+08 2.6389e+08  11.7%   5.9  670s
 1291841 1009384 2.9667e+08  121   44 2.9880e+08 2.6390e+08  11.7%   5.9  675s
 1298318 1014670 2.8656e+08  106   53 2.9880e+08 2.6390e+08  11.7%   5.9  680s
 1306409 1021306 2.6770e+08   67   80 2.9880e+08 2.6390e+08  11.7%   5.9  685s
 1314781 1028191 2.8647e+08   96   43 2.9880e+08 2.6390e+08  11.7%   5.9  690s
 1322777 1034326 2.6582e+08   58   87 2.9880e+08 2.6391e+08  11.7%   5.9  695s
 1331076 1041319 2.7510e+08   74   74 2.9880e+08 2.6391e+08  11.7%   5.9  700s
 1338902 1047709 2.7237e+08   71   76 2.9880e+08 2.6392e+08  11.7%   5.9  705s
 1347066 1052873 2.6822e+08   67   71 2.9880e+08 2.6392e+08  11.7%   5.9  710s
 1352392 1059007 2.9405e+08  113   34 2.9880e+08 2.6392e+08  11.7%   5.9  715s
 1361796 1066460 2.8934e+08  129   36 2.9880e+08 2.6393e+08  11.7%   5.9  721s
 1367904 1071279 2.9210e+08  105   37 2.9880e+08 2.6393e+08  11.7%   6.0  725s
 1376359 1078083 2.8594e+08   82   67 2.9880e+08 2.6394e+08  11.7%   6.0  730s
 1384340 1084876 2.9372e+08  132   33 2.9880e+08 2.6394e+08  11.7%   6.0  735s
 1386960 1094922 2.9691e+08  136   25 2.9880e+08 2.6394e+08  11.7%   6.0  744s
 1398995 1096482 2.7025e+08   72   74 2.9880e+08 2.6394e+08  11.7%   6.0  747s
 1405652 1102162 2.9324e+08  134   42 2.9880e+08 2.6395e+08  11.7%   6.0  751s
 1413905 1108665 2.8518e+08   90   56 2.9880e+08 2.6395e+08  11.7%   6.0  755s
 1422145 1115411 2.7342e+08   66   72 2.9880e+08 2.6396e+08  11.7%   6.0  760s
 1428352 1120391 2.9341e+08  118   29 2.9880e+08 2.6396e+08  11.7%   6.0  765s
 1436418 1126859 2.9065e+08   81   70 2.9880e+08 2.6396e+08  11.7%   6.0  770s
 1443869 1133026 2.8029e+08   83   56 2.9880e+08 2.6397e+08  11.7%   6.0  775s
 1452085 1139671 2.9691e+08  130   47 2.9880e+08 2.6397e+08  11.7%   6.0  780s
 1460155 1146326 2.7749e+08   71   73 2.9880e+08 2.6398e+08  11.7%   6.0  785s
 1468760 1152844 2.6723e+08   69   79 2.9880e+08 2.6398e+08  11.7%   6.0  790s
 1470971 1162879 2.9641e+08  121   42 2.9880e+08 2.6398e+08  11.7%   6.0  799s
 1483093 1164464 2.7007e+08   68   77 2.9880e+08 2.6399e+08  11.7%   6.0  802s
 1487297 1168245 2.8378e+08   73   74 2.9880e+08 2.6399e+08  11.7%   6.0  805s
 1493908 1173219 2.7600e+08   72   69 2.9880e+08 2.6399e+08  11.7%   6.0  810s
 1502636 1180663 2.8125e+08   75   70 2.9880e+08 2.6400e+08  11.6%   6.0  815s
 1507621 1184707 2.6620e+08   60   94 2.9880e+08 2.6400e+08  11.6%   6.0  820s
 1516446 1191590 2.9550e+08  125   28 2.9880e+08 2.6400e+08  11.6%   6.0  825s
 1523035 1197032 2.8108e+08  100   52 2.9880e+08 2.6401e+08  11.6%   6.0  830s
 1531527 1204228 2.7745e+08   71   72 2.9880e+08 2.6401e+08  11.6%   6.0  836s
 1538100 1209476 2.9320e+08  115   37 2.9880e+08 2.6401e+08  11.6%   6.0  840s
 1546878 1215217 2.9807e+08  130   32 2.9880e+08 2.6402e+08  11.6%   6.0  846s
 1551524 1220409 2.8460e+08   77   57 2.9880e+08 2.6402e+08  11.6%   6.0  850s
 1560395 1227301 2.9522e+08  105   32 2.9880e+08 2.6402e+08  11.6%   6.0  856s
 1566475 1232264 2.6544e+08   55   89 2.9880e+08 2.6402e+08  11.6%   6.0  860s
 1575101 1239229 2.9134e+08  111   37 2.9880e+08 2.6403e+08  11.6%   6.0  866s
 1581141 1242458 2.9456e+08  117   31 2.9880e+08 2.6403e+08  11.6%   6.0  870s
 1586019 1247558 2.8177e+08   70   64 2.9880e+08 2.6403e+08  11.6%   6.0  875s
 1594624 1254932 2.6536e+08   62   80 2.9880e+08 2.6403e+08  11.6%   6.0  881s
 1601380 1259912 2.9501e+08  124   40 2.9880e+08 2.6404e+08  11.6%   6.0  886s
 1607974 1265855 2.9161e+08  104   45 2.9880e+08 2.6404e+08  11.6%   6.0  891s
 1614795 1270797 2.6581e+08   63   82 2.9880e+08 2.6404e+08  11.6%   6.0  896s
 1620992 1276297 infeasible  113      2.9880e+08 2.6405e+08  11.6%   6.0  901s
 1627263 1279629 2.8114e+08   96   57 2.9880e+08 2.6405e+08  11.6%   6.0  906s
 1630049 1283449 2.9486e+08  131   38 2.9880e+08 2.6405e+08  11.6%   6.0  910s
 1636829 1289158 2.9362e+08  104   49 2.9880e+08 2.6405e+08  11.6%   6.0  916s
 1643412 1294382 2.6628e+08   57   86 2.9880e+08 2.6406e+08  11.6%   6.0  921s
 1649531 1298904 2.9493e+08  123   48 2.9880e+08 2.6406e+08  11.6%   6.0  926s
 1653622 1302581 2.9591e+08   99   45 2.9880e+08 2.6406e+08  11.6%   6.0  930s
 1660249 1307779 2.9071e+08  132   43 2.9880e+08 2.6406e+08  11.6%   6.0  935s
 1666360 1312613 2.9850e+08  121   46 2.9880e+08 2.6407e+08  11.6%   6.0  940s
 1672408 1316446 2.9228e+08  121   40 2.9880e+08 2.6407e+08  11.6%   6.0  945s
 1677066 1321758 2.7312e+08   70   74 2.9880e+08 2.6407e+08  11.6%   6.0  950s
 1684119 1327349 2.7563e+08   75   70 2.9880e+08 2.6408e+08  11.6%   6.0  956s
 1688593 1330740 2.8590e+08   95   59 2.9880e+08 2.6408e+08  11.6%   6.0  960s
 1694633 1335893 2.9872e+08  128   41 2.9880e+08 2.6408e+08  11.6%   6.0  965s
 1701327 1341307 2.7236e+08   70   71 2.9880e+08 2.6408e+08  11.6%   6.0  970s
 1706191 1345329 2.9844e+08  135   31 2.9880e+08 2.6409e+08  11.6%   6.0  976s
 1712032 1350290 2.9169e+08   95   52 2.9880e+08 2.6409e+08  11.6%   6.0  982s
 1716886 1353874 2.9625e+08  116   47 2.9880e+08 2.6409e+08  11.6%   6.0  986s
 1721404 1357537 infeasible  131      2.9880e+08 2.6409e+08  11.6%   6.0  990s
 1727746 1362572 infeasible  139      2.9880e+08 2.6410e+08  11.6%   6.0  995s
 1734202 1367731 2.9524e+08   84   55 2.9880e+08 2.6410e+08  11.6%   6.0 1001s
 1736631 1369666 2.9710e+08  108   31 2.9880e+08 2.6410e+08  11.6%   6.0 1005s
 1743330 1375128 2.9298e+08  101   51 2.9880e+08 2.6410e+08  11.6%   6.0 1011s
 1748060 1379009 2.8520e+08   98   52 2.9880e+08 2.6411e+08  11.6%   6.0 1015s
 1754755 1384216 2.9874e+08  140   26 2.9880e+08 2.6411e+08  11.6%   6.0 1021s
 1761107 1389432 2.6763e+08   61   93 2.9880e+08 2.6411e+08  11.6%   6.0 1026s
 1765693 1392759 2.9285e+08  100   60 2.9880e+08 2.6411e+08  11.6%   6.0 1030s
 1772063 1398297 infeasible  122      2.9880e+08 2.6412e+08  11.6%   6.0 1036s
 1776356 1399952 2.8911e+08  112   40 2.9880e+08 2.6412e+08  11.6%   6.0 1040s
 1778968 1404180 2.9472e+08  103   39 2.9880e+08 2.6412e+08  11.6%   6.0 1045s
 1786599 1410206 2.8792e+08  116   35 2.9880e+08 2.6412e+08  11.6%   6.0 1051s
 1791435 1413824 2.7151e+08   71   83 2.9880e+08 2.6413e+08  11.6%   6.0 1055s
 1797974 1418833 2.7935e+08   68   68 2.9880e+08 2.6413e+08  11.6%   6.0 1061s
 1802194 1422518 2.8222e+08   96   53 2.9880e+08 2.6413e+08  11.6%   6.0 1065s
 1808923 1427902 2.6617e+08   66   78 2.9880e+08 2.6413e+08  11.6%   6.0 1071s
 1813412 1431470 2.6579e+08   65   83 2.9880e+08 2.6413e+08  11.6%   6.0 1075s
 1819087 1436289 2.9423e+08  123   37 2.9880e+08 2.6413e+08  11.6%   6.1 1081s
 1822265 1439157 2.6617e+08   54   95 2.9880e+08 2.6414e+08  11.6%   6.1 1086s
 1827491 1443153 2.9303e+08  119   43 2.9880e+08 2.6414e+08  11.6%   6.1 1090s
 1832069 1446749 2.6570e+08   51   91 2.9880e+08 2.6414e+08  11.6%   6.1 1095s
 1838981 1451917 2.9102e+08   92   63 2.9880e+08 2.6414e+08  11.6%   6.1 1102s
 1843125 1455420 2.6474e+08   56   95 2.9880e+08 2.6414e+08  11.6%   6.1 1106s
 1847270 1458852 2.8943e+08  104   60 2.9880e+08 2.6415e+08  11.6%   6.1 1110s
 1853288 1463857 2.8048e+08   63   76 2.9880e+08 2.6415e+08  11.6%   6.1 1116s
 1855972 1466092 2.9280e+08  127   34 2.9880e+08 2.6415e+08  11.6%   6.1 1120s
 1862634 1471242 2.6646e+08   64   87 2.9880e+08 2.6415e+08  11.6%   6.1 1126s
 1866534 1474496 2.9285e+08  131   30 2.9880e+08 2.6415e+08  11.6%   6.1 1130s
 1871017 1477913 2.7226e+08   67   71 2.9880e+08 2.6416e+08  11.6%   6.1 1135s
 1877360 1483160 2.8025e+08   83   69 2.9880e+08 2.6416e+08  11.6%   6.1 1141s
 1881496 1486151 2.7024e+08   71   80 2.9880e+08 2.6416e+08  11.6%   6.1 1146s
 1885651 1489938 2.8149e+08   82   54 2.9880e+08 2.6416e+08  11.6%   6.1 1151s
 1888097 1492143 2.9513e+08  114   25 2.9880e+08 2.6416e+08  11.6%   6.1 1155s
 1892962 1495654 2.6757e+08   55   93 2.9880e+08 2.6417e+08  11.6%   6.1 1160s
 1897134 1499429 2.9491e+08  115   48 2.9880e+08 2.6417e+08  11.6%   6.1 1165s
 1901811 1503036 2.9471e+08  102   47 2.9880e+08 2.6417e+08  11.6%   6.1 1170s
 1908069 1507815 2.8662e+08   94   48 2.9880e+08 2.6418e+08  11.6%   6.1 1177s
 1912001 1511327 2.7646e+08   75   72 2.9880e+08 2.6418e+08  11.6%   6.1 1181s
 1916482 1514905 2.9683e+08   80   64 2.9880e+08 2.6418e+08  11.6%   6.1 1186s
 1920503 1518310 2.8250e+08   79   68 2.9880e+08 2.6418e+08  11.6%   6.1 1191s
 1925026 1521605 2.6545e+08   64   77 2.9880e+08 2.6418e+08  11.6%   6.1 1195s
 1929054 1525002 2.9384e+08   98   56 2.9880e+08 2.6418e+08  11.6%   6.1 1200s
 1934028 1529026 2.7844e+08   82   66 2.9880e+08 2.6419e+08  11.6%   6.1 1207s
 1938430 1532545 2.9284e+08  139   30 2.9880e+08 2.6419e+08  11.6%   6.1 1212s
 1942859 1536375 2.9095e+08  110   45 2.9880e+08 2.6419e+08  11.6%   6.1 1217s
 1947327 1539696 2.9858e+08  117   45 2.9880e+08 2.6419e+08  11.6%   6.1 1222s
 1951396 1543221 2.9554e+08  113   40 2.9880e+08 2.6420e+08  11.6%   6.1 1227s
 1955703 1546807 2.8462e+08   89   55 2.9880e+08 2.6420e+08  11.6%   6.1 1231s
 1960169 1550146 2.9681e+08  123   34 2.9880e+08 2.6420e+08  11.6%   6.1 1236s
 1964345 1553788 2.8838e+08   89   59 2.9880e+08 2.6420e+08  11.6%   6.1 1241s
 1966823 1555928 2.8992e+08  112   49 2.9880e+08 2.6420e+08  11.6%   6.1 1247s
 1970981 1559272 2.9052e+08  114   41 2.9880e+08 2.6421e+08  11.6%   6.1 1252s
 1975553 1563020 2.6636e+08   56   90 2.9880e+08 2.6421e+08  11.6%   6.1 1257s
 1977972 1564646 2.8504e+08   94   47 2.9880e+08 2.6421e+08  11.6%   6.1 1260s
 1982402 1568582 2.7713e+08   73   73 2.9880e+08 2.6421e+08  11.6%   6.1 1266s
 1987103 1572468 2.7687e+08   80   69 2.9880e+08 2.6421e+08  11.6%   6.1 1271s
 1991827 1575797 2.9764e+08  137   22 2.9880e+08 2.6421e+08  11.6%   6.1 1276s
 1995761 1579001 2.8994e+08  112   55 2.9880e+08 2.6422e+08  11.6%   6.1 1282s
 2000251 1582995 2.6573e+08   62   97 2.9880e+08 2.6422e+08  11.6%   6.1 1287s
 2002718 1584869 2.9099e+08   91   59 2.9880e+08 2.6422e+08  11.6%   6.1 1290s
 2007378 1588780 2.9842e+08  126   35 2.9880e+08 2.6422e+08  11.6%   6.1 1295s
 2010581 1591246 2.7279e+08   72   79 2.9880e+08 2.6422e+08  11.6%   6.1 1301s
 2014749 1594587 2.9421e+08   81   57 2.9880e+08 2.6422e+08  11.6%   6.1 1306s
 2018864 1597907 2.7941e+08   84   59 2.9880e+08 2.6422e+08  11.6%   6.1 1311s
 2023516 1601793 2.7177e+08   64   84 2.9880e+08 2.6423e+08  11.6%   6.1 1316s
 2027925 1605268 2.7220e+08   69   78 2.9880e+08 2.6423e+08  11.6%   6.1 1322s
 2030286 1607130 2.6716e+08   55   88 2.9880e+08 2.6423e+08  11.6%   6.1 1325s
 2034934 1610382 2.8742e+08   87   55 2.9880e+08 2.6423e+08  11.6%   6.1 1330s
 2037194 1613879 2.9280e+08   87   58 2.9880e+08 2.6423e+08  11.6%   6.1 1337s
 2040945 1615914 2.8750e+08  121   42 2.9880e+08 2.6423e+08  11.6%   6.1 1341s
 2046061 1619973 2.7559e+08   64   80 2.9880e+08 2.6423e+08  11.6%   6.1 1347s
 2048604 1622038 2.7250e+08   65   74 2.9880e+08 2.6424e+08  11.6%   6.1 1350s
 2053070 1625564 2.8979e+08   83   65 2.9880e+08 2.6424e+08  11.6%   6.1 1356s
 2057507 1628981 infeasible  108      2.9880e+08 2.6424e+08  11.6%   6.1 1362s
 2062080 1632702 2.7633e+08   92   73 2.9880e+08 2.6424e+08  11.6%   6.1 1367s
 2064392 1634171 2.8623e+08   90   56 2.9880e+08 2.6424e+08  11.6%   6.1 1370s
 2068673 1638025 2.9655e+08  122   29 2.9880e+08 2.6424e+08  11.6%   6.1 1376s
 2071018 1639992 2.9850e+08  113   31 2.9880e+08 2.6424e+08  11.6%   6.1 1380s
 2075746 1642126 2.8877e+08   91   43 2.9880e+08 2.6425e+08  11.6%   6.1 1385s
 2078157 1645388 2.7921e+08   76   65 2.9880e+08 2.6425e+08  11.6%   6.1 1391s
 2082689 1649166 2.9245e+08  113   50 2.9880e+08 2.6425e+08  11.6%   6.1 1397s
 2084850 1651087 2.9688e+08  126   42 2.9880e+08 2.6425e+08  11.6%   6.1 1400s
 2089786 1655149 2.9552e+08  136   29 2.9880e+08 2.6425e+08  11.6%   6.1 1407s
 2092186 1656957 2.9765e+08  139   25 2.9880e+08 2.6425e+08  11.6%   6.1 1410s
 2096432 1660603 2.8448e+08   82   66 2.9880e+08 2.6425e+08  11.6%   6.1 1416s
 2100875 1664121 2.7852e+08   83   58 2.9880e+08 2.6426e+08  11.6%   6.1 1422s
 2103239 1666083 2.9146e+08  102   48 2.9880e+08 2.6426e+08  11.6%   6.1 1425s
 2107758 1669654 2.8798e+08  106   44 2.9880e+08 2.6426e+08  11.6%   6.1 1431s
 2112380 1673131 2.9580e+08  120   39 2.9880e+08 2.6426e+08  11.6%   6.1 1437s
 2114455 1673695 2.7976e+08   70   64 2.9880e+08 2.6426e+08  11.6%   6.1 1440s
 2117339 1677189 2.9073e+08  115   37 2.9880e+08 2.6426e+08  11.6%   6.1 1446s
 2121568 1680717 2.9686e+08  144   30 2.9880e+08 2.6426e+08  11.6%   6.1 1452s
 2126111 1684487 2.9183e+08  118   43 2.9880e+08 2.6427e+08  11.6%   6.1 1457s
 2128452 1686276 2.9097e+08  106   32 2.9880e+08 2.6427e+08  11.6%   6.1 1460s
 2132940 1689904 2.6517e+08   59   94 2.9880e+08 2.6427e+08  11.6%   6.1 1466s
 2137167 1693205 2.7725e+08   92   43 2.9880e+08 2.6427e+08  11.6%   6.1 1472s
 2139552 1695092 2.9038e+08  125   31 2.9880e+08 2.6427e+08  11.6%   6.1 1475s
 2143777 1698648 2.7778e+08   81   67 2.9880e+08 2.6427e+08  11.6%   6.1 1480s
 2146535 1701036 2.8233e+08   81   61 2.9880e+08 2.6427e+08  11.6%   6.1 1485s
 2151320 1704662 2.9440e+08  101   42 2.9880e+08 2.6427e+08  11.6%   6.1 1492s
 2153851 1706443 infeasible  129      2.9880e+08 2.6427e+08  11.6%   6.1 1495s
 2158619 1710468 2.7256e+08   54   89 2.9880e+08 2.6428e+08  11.6%   6.1 1501s
 2163421 1713948 2.9700e+08  145   24 2.9880e+08 2.6428e+08  11.6%   6.1 1507s
 2165374 1715978 2.9548e+08  131   22 2.9880e+08 2.6428e+08  11.6%   6.1 1510s
 2169759 1719263 2.9427e+08  113   45 2.9880e+08 2.6428e+08  11.6%   6.1 1516s
 2174470 1723152 2.7849e+08   80   61 2.9880e+08 2.6428e+08  11.6%   6.1 1522s
 2176879 1724990 2.8019e+08   76   71 2.9880e+08 2.6428e+08  11.6%   6.1 1525s
 2179612 1727418 2.8159e+08   71   75 2.9880e+08 2.6428e+08  11.6%   6.1 1531s
 2184263 1730659 2.7040e+08   68   77 2.9880e+08 2.6429e+08  11.6%   6.1 1537s
 2186226 1732678 2.7055e+08   67   79 2.9880e+08 2.6429e+08  11.6%   6.1 1540s
 2191001 1736617 2.8181e+08   92   72 2.9880e+08 2.6429e+08  11.6%   6.1 1546s
 2195668 1740301 2.8937e+08  103   55 2.9880e+08 2.6429e+08  11.6%   6.1 1552s
 2197925 1742098 2.8770e+08   92   43 2.9880e+08 2.6429e+08  11.6%   6.1 1555s
 2202115 1745457 2.9292e+08  115   43 2.9880e+08 2.6429e+08  11.6%   6.1 1561s
 2206486 1748781 2.6611e+08   65   84 2.9880e+08 2.6429e+08  11.5%   6.1 1567s
 2208507 1750622 2.6894e+08   62   80 2.9880e+08 2.6430e+08  11.5%   6.1 1570s
 2213192 1754218 2.7629e+08   76   68 2.9880e+08 2.6430e+08  11.5%   6.1 1577s
 2215238 1756130 2.9089e+08  136   35 2.9880e+08 2.6430e+08  11.5%   6.1 1580s
 2217836 1758194 2.8459e+08   91   61 2.9880e+08 2.6430e+08  11.5%   6.1 1586s
 2220338 1760230 2.9690e+08  128   32 2.9880e+08 2.6430e+08  11.5%   6.1 1590s
 2225323 1764254 2.7986e+08   83   65 2.9880e+08 2.6430e+08  11.5%   6.1 1597s
 2227764 1765783 2.9152e+08  121   40 2.9880e+08 2.6430e+08  11.5%   6.1 1600s
 2231978 1769900 2.8653e+08   92   57 2.9880e+08 2.6430e+08  11.5%   6.1 1607s
 2234655 1771902 2.7469e+08   63   71 2.9880e+08 2.6430e+08  11.5%   6.1 1610s
 2239537 1775908 2.8347e+08   93   50 2.9880e+08 2.6431e+08  11.5%   6.1 1617s
 2241986 1777539 2.9170e+08   92   53 2.9880e+08 2.6431e+08  11.5%   6.1 1620s
 2246553 1781574 2.6659e+08   63   98 2.9880e+08 2.6431e+08  11.5%   6.1 1628s
 2248994 1783248 2.8966e+08   99   53 2.9880e+08 2.6431e+08  11.5%   6.1 1631s
 2253459 1787133 2.9305e+08  120   40 2.9880e+08 2.6431e+08  11.5%   6.1 1637s
 2255828 1788724 2.9836e+08  140   28 2.9880e+08 2.6431e+08  11.5%   6.1 1641s
 2260301 1792577 2.6614e+08   60   89 2.9880e+08 2.6431e+08  11.5%   6.1 1648s
 2262671 1794231 2.8176e+08   89   55 2.9880e+08 2.6432e+08  11.5%   6.1 1651s
 2267130 1797211 2.8456e+08   89   65 2.9880e+08 2.6432e+08  11.5%   6.1 1658s
 2268457 1798885 2.9848e+08  133   27 2.9880e+08 2.6432e+08  11.5%   6.1 1661s
 2272586 1802392 2.6875e+08   63   83 2.9880e+08 2.6432e+08  11.5%   6.1 1667s
 2274892 1804258 2.7975e+08   79   69 2.9880e+08 2.6432e+08  11.5%   6.1 1671s
 2279488 1808030 2.6432e+08   61   96 2.9880e+08 2.6432e+08  11.5%   6.2 1677s
 2281799 1809778 infeasible  164      2.9880e+08 2.6432e+08  11.5%   6.2 1680s
 2286251 1813446 2.9034e+08   88   51 2.9880e+08 2.6432e+08  11.5%   6.2 1687s
 2288463 1813835 2.9817e+08  117   38 2.9880e+08 2.6432e+08  11.5%   6.2 1690s
 2291253 1817266 2.7472e+08   64   76 2.9880e+08 2.6432e+08  11.5%   6.2 1696s
 2295505 1820590 2.9293e+08  103   51 2.9880e+08 2.6433e+08  11.5%   6.2 1702s
 2297294 1822654 2.6741e+08   59   88 2.9880e+08 2.6433e+08  11.5%   6.2 1706s
 2302182 1826273 2.6610e+08   57   88 2.9880e+08 2.6433e+08  11.5%   6.2 1713s
 2304566 1828091 2.8909e+08  106   48 2.9880e+08 2.6433e+08  11.5%   6.2 1716s
 2308830 1831524 2.9598e+08   90   60 2.9880e+08 2.6433e+08  11.5%   6.2 1723s
 2311191 1833174 2.8419e+08   93   68 2.9880e+08 2.6433e+08  11.5%   6.2 1726s
 2315341 1836596 2.9609e+08  124   28 2.9880e+08 2.6433e+08  11.5%   6.2 1733s
 2317562 1838201 2.9411e+08  125   34 2.9880e+08 2.6433e+08  11.5%   6.2 1736s
 2321947 1840377 2.9149e+08  112   43 2.9880e+08 2.6434e+08  11.5%   6.2 1743s
 2322280 1842274 2.9149e+08  114   40 2.9880e+08 2.6434e+08  11.5%   6.2 1746s
 2324661 1844161 2.6528e+08   57   89 2.9880e+08 2.6434e+08  11.5%   6.2 1750s
 2329405 1847779 2.8725e+08   87   51 2.9880e+08 2.6434e+08  11.5%   6.2 1757s
 2331532 1849764 2.9452e+08  107   45 2.9880e+08 2.6434e+08  11.5%   6.2 1761s
 2335732 1853244 2.8205e+08   89   64 2.9880e+08 2.6434e+08  11.5%   6.2 1768s
 2338323 1855150 2.9704e+08  112   48 2.9880e+08 2.6434e+08  11.5%   6.2 1772s
 2340799 1857117 2.6921e+08   58   89 2.9880e+08 2.6434e+08  11.5%   6.2 1776s
 2345643 1860838 2.9502e+08  107   33 2.9880e+08 2.6435e+08  11.5%   6.2 1783s
 2347883 1862545 2.6911e+08   73   77 2.9880e+08 2.6435e+08  11.5%   6.2 1787s
 2349930 1864527 2.8936e+08  100   43 2.9880e+08 2.6435e+08  11.5%   6.2 1791s
 2354868 1868159 infeasible  134      2.9880e+08 2.6435e+08  11.5%   6.2 1798s
 2356922 1870018 2.7729e+08   75   67 2.9880e+08 2.6435e+08  11.5%   6.2 1801s
 2359260 1871902 2.9047e+08  109   39 2.9880e+08 2.6435e+08  11.5%   6.2 1805s
 2361785 1873822 2.9031e+08  126   37 2.9880e+08 2.6435e+08  11.5%   6.2 1812s
 2363947 1875683 2.9432e+08  113   46 2.9880e+08 2.6435e+08  11.5%   6.2 1816s
 2366309 1877787 2.8104e+08   73   66 2.9880e+08 2.6435e+08  11.5%   6.2 1820s
 2371412 1881833 2.7735e+08   64   75 2.9880e+08 2.6436e+08  11.5%   6.2 1828s
 2373942 1883954 2.9656e+08  110   44 2.9880e+08 2.6436e+08  11.5%   6.2 1831s
 2376501 1885678 2.9868e+08  138   31 2.9880e+08 2.6436e+08  11.5%   6.2 1835s
 2380983 1889104 2.8401e+08   83   60 2.9880e+08 2.6436e+08  11.5%   6.2 1842s
 2382859 1891266 2.7929e+08   82   60 2.9880e+08 2.6436e+08  11.5%   6.2 1846s
 2385463 1893152 2.9294e+08  102   54 2.9880e+08 2.6436e+08  11.5%   6.2 1850s
 2390522 1896954 2.9467e+08   96   66 2.9880e+08 2.6436e+08  11.5%   6.2 1857s
 2392821 1898599 2.9703e+08  141   26 2.9880e+08 2.6436e+08  11.5%   6.2 1861s
 2394907 1900610 2.6668e+08   60   92 2.9880e+08 2.6436e+08  11.5%   6.2 1865s
 2399491 1904318 2.7649e+08   73   66 2.9880e+08 2.6437e+08  11.5%   6.2 1872s
 2401928 1905835 2.9472e+08   94   51 2.9880e+08 2.6437e+08  11.5%   6.2 1876s
 2406074 1907953 2.8473e+08   79   67 2.9880e+08 2.6437e+08  11.5%   6.2 1884s
 2406608 1910206 2.8075e+08   64   75 2.9880e+08 2.6437e+08  11.5%   6.2 1888s
 2409376 1912404 2.7411e+08   69   64 2.9880e+08 2.6437e+08  11.5%   6.2 1892s
 2412113 1914369 2.9751e+08  117   40 2.9880e+08 2.6437e+08  11.5%   6.2 1896s
 2414414 1916397 2.9244e+08  110   41 2.9880e+08 2.6437e+08  11.5%   6.2 1900s
 2419664 1920160 2.6578e+08   54   91 2.9880e+08 2.6437e+08  11.5%   6.2 1908s
 2421746 1921954 2.9866e+08  134   42 2.9880e+08 2.6437e+08  11.5%   6.2 1911s
 2423978 1924000 2.7116e+08   71   72 2.9880e+08 2.6437e+08  11.5%   6.2 1916s
 2426434 1925683 2.9392e+08   92   48 2.9880e+08 2.6437e+08  11.5%   6.2 1920s
 2431037 1929730 2.7589e+08   81   70 2.9880e+08 2.6438e+08  11.5%   6.2 1927s
 2433495 1931633 2.6898e+08   72   87 2.9880e+08 2.6438e+08  11.5%   6.2 1931s
 2435894 1933580 2.7991e+08   83   67 2.9880e+08 2.6438e+08  11.5%   6.2 1935s
 2440617 1937117 2.9389e+08  101   54 2.9880e+08 2.6438e+08  11.5%   6.2 1942s
 2442637 1938988 2.9375e+08  112   42 2.9880e+08 2.6438e+08  11.5%   6.2 1946s
 2445026 1940391 2.7831e+08   81   59 2.9880e+08 2.6438e+08  11.5%   6.2 1950s
 2447005 1942795 2.9697e+08  135   26 2.9880e+08 2.6438e+08  11.5%   6.2 1958s
 2449805 1944988 2.8392e+08   98   46 2.9880e+08 2.6438e+08  11.5%   6.2 1962s
 2452488 1947091 2.9091e+08   99   57 2.9880e+08 2.6438e+08  11.5%   6.2 1966s
 2455082 1949099 2.9304e+08  140   29 2.9880e+08 2.6438e+08  11.5%   6.2 1970s
 2459803 1952898 2.7980e+08   69   78 2.9880e+08 2.6439e+08  11.5%   6.2 1978s
 2462313 1954508 2.9850e+08  128   33 2.9880e+08 2.6439e+08  11.5%   6.2 1982s
 2464316 1956490 2.8444e+08   84   61 2.9880e+08 2.6439e+08  11.5%   6.2 1986s
 2468945 1960324 2.9001e+08  105   42 2.9880e+08 2.6439e+08  11.5%   6.2 1993s
 2471410 1961921 2.9148e+08  112   44 2.9880e+08 2.6439e+08  11.5%   6.2 1997s
 2473483 1963790 2.8361e+08  106   56 2.9880e+08 2.6439e+08  11.5%   6.2 2001s
 2478199 1967630 infeasible  118      2.9880e+08 2.6439e+08  11.5%   6.2 2008s
 2480565 1969098 2.9779e+08  129   34 2.9880e+08 2.6439e+08  11.5%   6.2 2012s
 2482476 1970987 2.8696e+08   90   50 2.9880e+08 2.6439e+08  11.5%   6.2 2016s
 2486762 1974532 2.8704e+08   83   57 2.9880e+08 2.6439e+08  11.5%   6.2 2023s
 2489259 1976408 2.9365e+08  113   44 2.9880e+08 2.6439e+08  11.5%   6.2 2027s
 2491692 1977955 2.9468e+08   96   60 2.9880e+08 2.6439e+08  11.5%   6.2 2030s
 2496161 1981734 infeasible  101      2.9880e+08 2.6440e+08  11.5%   6.2 2038s
 2498623 1982000 2.6890e+08   71   79 2.9880e+08 2.6440e+08  11.5%   6.2 2042s
 2498949 1983774 2.8441e+08   86   53 2.9880e+08 2.6440e+08  11.5%   6.2 2045s
 2503804 1988045 2.9219e+08   98   51 2.9880e+08 2.6440e+08  11.5%   6.2 2054s
 2506283 1989434 2.9295e+08  128   31 2.9880e+08 2.6440e+08  11.5%   6.2 2057s
 2508023 1991644 2.8122e+08   85   64 2.9880e+08 2.6440e+08  11.5%   6.2 2062s
 2510711 1993765 2.7557e+08   66   72 2.9880e+08 2.6440e+08  11.5%   6.2 2066s
 2513282 1995609 2.9753e+08  124   50 2.9880e+08 2.6440e+08  11.5%   6.2 2070s
 2518076 1999288 2.9794e+08   85   58 2.9880e+08 2.6441e+08  11.5%   6.2 2078s
 2520169 2001372 2.7800e+08   69   74 2.9880e+08 2.6441e+08  11.5%   6.2 2082s
 2522735 2003451 2.6443e+08   58   94 2.9880e+08 2.6441e+08  11.5%   6.2 2086s
 2525227 2005295 2.9712e+08  156   29 2.9880e+08 2.6441e+08  11.5%   6.2 2091s
 2527587 2007023 2.7210e+08   69   73 2.9880e+08 2.6441e+08  11.5%   6.2 2095s
 2531991 2010743 2.9620e+08   92   61 2.9880e+08 2.6441e+08  11.5%   6.2 2103s
 2534326 2012254 2.6564e+08   65   90 2.9880e+08 2.6441e+08  11.5%   6.2 2107s
 2536240 2012955 2.9245e+08   92   59 2.9880e+08 2.6441e+08  11.5%   6.2 2112s
 2537097 2015169 2.9676e+08  101   49 2.9880e+08 2.6441e+08  11.5%   6.2 2116s
 2539802 2017132 2.8962e+08  115   38 2.9880e+08 2.6441e+08  11.5%   6.2 2120s
 2542266 2019172 2.8427e+08   90   60 2.9880e+08 2.6441e+08  11.5%   6.2 2125s
 2547483 2023165 2.7612e+08   72   74 2.9880e+08 2.6441e+08  11.5%   6.2 2134s
 2549803 2024863 2.8598e+08   98   53 2.9880e+08 2.6442e+08  11.5%   6.2 2137s
 2551911 2026713 2.7272e+08   66   80 2.9880e+08 2.6442e+08  11.5%   6.2 2142s
 2554173 2028649 2.8442e+08  100   50 2.9880e+08 2.6442e+08  11.5%   6.2 2146s
 2556546 2030526 2.9243e+08  106   46 2.9880e+08 2.6442e+08  11.5%   6.2 2150s
 2560840 2034121 2.8326e+08   87   65 2.9880e+08 2.6442e+08  11.5%   6.2 2158s
 2563205 2035953 2.8814e+08  103   45 2.9880e+08 2.6442e+08  11.5%   6.2 2162s
 2565672 2037562 2.8778e+08   85   65 2.9880e+08 2.6442e+08  11.5%   6.2 2166s
 2568001 2038180 2.7202e+08   64   76 2.9880e+08 2.6442e+08  11.5%   6.2 2170s
 2571103 2041644 2.7494e+08   71   67 2.9880e+08 2.6442e+08  11.5%   6.2 2178s
 2572789 2043889 2.7496e+08   68   71 2.9880e+08 2.6442e+08  11.5%   6.2 2182s
 2575525 2045954 infeasible  121      2.9880e+08 2.6442e+08  11.5%   6.2 2186s
 2577996 2047977 2.9688e+08  107   51 2.9880e+08 2.6442e+08  11.5%   6.2 2191s
 2580440 2049924 2.9092e+08  118   38 2.9880e+08 2.6443e+08  11.5%   6.2 2195s
 2585278 2053592 2.8044e+08   85   59 2.9880e+08 2.6443e+08  11.5%   6.2 2203s
 2587288 2055529 2.8268e+08   78   62 2.9880e+08 2.6443e+08  11.5%   6.2 2207s
 2589775 2057524 2.8234e+08   82   62 2.9880e+08 2.6443e+08  11.5%   6.2 2212s
 2592256 2059250 2.9612e+08  123   49 2.9880e+08 2.6443e+08  11.5%   6.2 2216s
 2594346 2061125 2.9827e+08  138   33 2.9880e+08 2.6443e+08  11.5%   6.2 2220s
 2599076 2063891 2.9869e+08  117   49 2.9880e+08 2.6443e+08  11.5%   6.2 2228s
 2600044 2066047 2.8628e+08  105   42 2.9880e+08 2.6443e+08  11.5%   6.2 2232s
 2602640 2068002 2.9486e+08  127   39 2.9880e+08 2.6443e+08  11.5%   6.2 2236s
 2605069 2070144 2.7504e+08   73   71 2.9880e+08 2.6443e+08  11.5%   6.2 2240s
 2607665 2071920 2.9008e+08   94   55 2.9880e+08 2.6443e+08  11.5%   6.2 2245s
 2612388 2075876 2.6792e+08   58   89 2.9880e+08 2.6444e+08  11.5%   6.2 2253s
 2614735 2077567 2.8781e+08   90   60 2.9880e+08 2.6444e+08  11.5%   6.2 2257s
 2616752 2079575 2.8646e+08   97   53 2.9880e+08 2.6444e+08  11.5%   6.2 2261s
 2619232 2081515 2.9151e+08  120   46 2.9880e+08 2.6444e+08  11.5%   6.2 2265s
 2624033 2083666 2.8341e+08   85   58 2.9880e+08 2.6444e+08  11.5%   6.2 2273s
 2624328 2085557 2.9344e+08  121   28 2.9880e+08 2.6444e+08  11.5%   6.2 2278s
 2626726 2087659 2.6793e+08   54   91 2.9880e+08 2.6444e+08  11.5%   6.2 2282s
 2629296 2089472 2.7039e+08   69   69 2.9880e+08 2.6444e+08  11.5%   6.2 2286s
 2631482 2091463 2.7762e+08   84   71 2.9880e+08 2.6444e+08  11.5%   6.2 2291s
 2633994 2093564 2.9685e+08  120   28 2.9880e+08 2.6444e+08  11.5%   6.2 2295s
 2638524 2097213 2.7842e+08   78   60 2.9880e+08 2.6445e+08  11.5%   6.2 2303s
 2641154 2099247 2.9457e+08   86   71 2.9880e+08 2.6445e+08  11.5%   6.2 2308s
 2643665 2101031 2.9547e+08  114   43 2.9880e+08 2.6445e+08  11.5%   6.2 2312s
 2645841 2102922 2.7590e+08   69   67 2.9880e+08 2.6445e+08  11.5%   6.2 2316s
 2648253 2105027 2.9569e+08  105   49 2.9880e+08 2.6445e+08  11.5%   6.2 2321s
 2650877 2107025 2.9353e+08  144   25 2.9880e+08 2.6445e+08  11.5%   6.2 2325s
 2653363 2108918 2.9690e+08  102   34 2.9880e+08 2.6445e+08  11.5%   6.2 2330s
 2658278 2112614 2.8572e+08   99   47 2.9880e+08 2.6445e+08  11.5%   6.2 2338s
 2660255 2114379 2.6820e+08   62   87 2.9880e+08 2.6445e+08  11.5%   6.2 2342s
 2662428 2115833 2.8646e+08   76   67 2.9880e+08 2.6445e+08  11.5%   6.2 2347s
 2664228 2118143 2.8099e+08   74   68 2.9880e+08 2.6445e+08  11.5%   6.2 2352s
 2667097 2120317 2.9270e+08  117   40 2.9880e+08 2.6445e+08  11.5%   6.2 2356s
 2669844 2122454 2.9327e+08   97   57 2.9880e+08 2.6445e+08  11.5%   6.2 2361s
 2672524 2124523 2.7164e+08   73   78 2.9880e+08 2.6446e+08  11.5%   6.2 2365s
 2675069 2126519 2.8636e+08  126   43 2.9880e+08 2.6446e+08  11.5%   6.2 2370s
 2679774 2128667 2.9781e+08  126   39 2.9880e+08 2.6446e+08  11.5%   6.2 2378s
 2680312 2136345 2.6579e+08   59   94 2.9880e+08 2.6446e+08  11.5%   6.2 2391s
 2690014 2137347 2.7975e+08   87   70 2.9880e+08 2.6446e+08  11.5%   6.2 2396s
 2691433 2139507 2.9782e+08  145   33 2.9880e+08 2.6446e+08  11.5%   6.2 2400s
 2696488 2143441 2.9822e+08  127   27 2.9880e+08 2.6446e+08  11.5%   6.2 2408s
 2699248 2145615 2.8819e+08   92   49 2.9880e+08 2.6446e+08  11.5%   6.2 2411s
 2701905 2147285 2.9372e+08  137   35 2.9880e+08 2.6446e+08  11.5%   6.2 2415s
 2706457 2151334 2.9481e+08   99   46 2.9880e+08 2.6447e+08  11.5%   6.2 2422s
 2708975 2153222 2.8359e+08   84   70 2.9880e+08 2.6447e+08  11.5%   6.2 2426s
 2711321 2153394 2.9656e+08  139   19 2.9880e+08 2.6447e+08  11.5%   6.2 2431s
 2713799 2157416 2.8262e+08   80   57 2.9880e+08 2.6447e+08  11.5%   6.2 2438s
 2716470 2159525 2.7073e+08   63   73 2.9880e+08 2.6447e+08  11.5%   6.2 2443s
 2719065 2161636 2.9816e+08  109   42 2.9880e+08 2.6447e+08  11.5%   6.2 2446s
 2721616 2163559 2.6484e+08   56   93 2.9880e+08 2.6447e+08  11.5%   6.2 2450s
 2726318 2167233 2.7239e+08   73   65 2.9880e+08 2.6447e+08  11.5%   6.2 2457s
 2728723 2169183 2.8437e+08   80   58 2.9880e+08 2.6447e+08  11.5%   6.2 2461s
 2731122 2170966 2.6555e+08   59   90 2.9880e+08 2.6447e+08  11.5%   6.2 2465s
 2735710 2174882 2.7347e+08   75   67 2.9880e+08 2.6447e+08  11.5%   6.2 2472s
 2738151 2176956 2.9771e+08  128   40 2.9880e+08 2.6448e+08  11.5%   6.2 2476s
 2740637 2178963 2.8825e+08  107   49 2.9880e+08 2.6448e+08  11.5%   6.2 2480s
 2745396 2182567 2.8275e+08   81   67 2.9880e+08 2.6448e+08  11.5%   6.2 2487s
 2747483 2184278 2.6524e+08   57   95 2.9880e+08 2.6448e+08  11.5%   6.2 2490s
 2752183 2188335 2.8947e+08   73   71 2.9880e+08 2.6448e+08  11.5%   6.2 2499s
 2754687 2190297 2.7878e+08   79   55 2.9880e+08 2.6448e+08  11.5%   6.2 2503s
 2757109 2192415 2.8025e+08   69   62 2.9880e+08 2.6448e+08  11.5%   6.2 2507s
 2759621 2194395 2.9694e+08  110   43 2.9880e+08 2.6448e+08  11.5%   6.2 2511s
 2762060 2194487 2.6862e+08   61   95 2.9880e+08 2.6448e+08  11.5%   6.2 2515s
 2764292 2198374 2.9063e+08  118   42 2.9880e+08 2.6448e+08  11.5%   6.2 2522s
 2766956 2200037 2.9110e+08   90   59 2.9880e+08 2.6448e+08  11.5%   6.2 2525s
 2771354 2203779 2.8944e+08  107   41 2.9880e+08 2.6449e+08  11.5%   6.2 2532s
 2773701 2205436 2.9214e+08  112   46 2.9880e+08 2.6449e+08  11.5%   6.2 2536s
 2778133 2209331 2.9519e+08  127   23 2.9880e+08 2.6449e+08  11.5%   6.2 2543s
 2780528 2211353 2.8020e+08   80   64 2.9880e+08 2.6449e+08  11.5%   6.2 2547s
 2782922 2213144 2.8334e+08   84   54 2.9880e+08 2.6449e+08  11.5%   6.2 2550s
 2787808 2216736 2.9290e+08  105   44 2.9880e+08 2.6449e+08  11.5%   6.2 2557s
 2789844 2218685 2.9749e+08   93   53 2.9880e+08 2.6449e+08  11.5%   6.2 2561s
 2792241 2220672 2.6859e+08   69   92 2.9880e+08 2.6449e+08  11.5%   6.2 2565s
 2796709 2224363 2.7715e+08   73   66 2.9880e+08 2.6449e+08  11.5%   6.2 2573s
 2799198 2226377 2.8199e+08   86   62 2.9880e+08 2.6449e+08  11.5%   6.2 2577s
 2801678 2228405 2.9529e+08   98   51 2.9880e+08 2.6449e+08  11.5%   6.2 2581s
 2804150 2230352 2.9879e+08  137   48 2.9880e+08 2.6450e+08  11.5%   6.2 2585s
 2808742 2233729 2.7433e+08   74   68 2.9880e+08 2.6450e+08  11.5%   6.2 2592s
 2810786 2233822 2.9153e+08  104   49 2.9880e+08 2.6450e+08  11.5%   6.2 2596s
 2810957 2236313 2.9526e+08  122   38 2.9880e+08 2.6450e+08  11.5%   6.2 2600s
 2816219 2240368 2.8258e+08   95   40 2.9880e+08 2.6450e+08  11.5%   6.2 2609s
 2819040 2242268 2.6648e+08   58   98 2.9880e+08 2.6450e+08  11.5%   6.2 2613s
 2821445 2244434 2.9313e+08   89   63 2.9880e+08 2.6450e+08  11.5%   6.2 2617s
 2824137 2246532 2.7122e+08   66   75 2.9880e+08 2.6450e+08  11.5%   6.2 2621s
 2826697 2248596 infeasible  108      2.9880e+08 2.6450e+08  11.5%   6.2 2625s
 2831263 2252264 2.8341e+08   79   70 2.9880e+08 2.6451e+08  11.5%   6.2 2633s
 2833806 2254115 2.8995e+08  111   45 2.9880e+08 2.6451e+08  11.5%   6.2 2637s
 2836078 2256140 2.9757e+08  135   30 2.9880e+08 2.6451e+08  11.5%   6.2 2641s
 2838583 2258151 2.7755e+08   87   57 2.9880e+08 2.6451e+08  11.5%   6.2 2646s
 2841181 2260227 2.8397e+08  104   47 2.9880e+08 2.6451e+08  11.5%   6.2 2650s
 2846159 2264107 2.6983e+08   60   81 2.9880e+08 2.6451e+08  11.5%   6.2 2658s
 2848541 2266124 2.8111e+08   78   65 2.9880e+08 2.6451e+08  11.5%   6.2 2662s
 2851019 2267563 2.9663e+08  104   56 2.9880e+08 2.6451e+08  11.5%   6.2 2666s
 2852833 2268328 infeasible  125      2.9880e+08 2.6451e+08  11.5%   6.2 2670s
 2853803 2271510 2.6773e+08   61   90 2.9880e+08 2.6451e+08  11.5%   6.2 2675s
 2857695 2273846 2.8336e+08   80   73 2.9880e+08 2.6451e+08  11.5%   6.2 2680s
 2860666 2276274 2.6835e+08   67   79 2.9880e+08 2.6452e+08  11.5%   6.2 2685s
 2863507 2278160 2.8884e+08   97   43 2.9880e+08 2.6452e+08  11.5%   6.2 2690s
 2868644 2282604 2.7525e+08   71   59 2.9880e+08 2.6452e+08  11.5%   6.2 2699s
 2871313 2284722 2.9150e+08  108   49 2.9880e+08 2.6452e+08  11.5%   6.2 2703s
 2873940 2286423 2.9549e+08   89   57 2.9880e+08 2.6452e+08  11.5%   6.2 2707s
 2875997 2288342 2.6582e+08   58   86 2.9880e+08 2.6452e+08  11.5%   6.2 2711s
 2878504 2290165 2.9647e+08  121   35 2.9880e+08 2.6452e+08  11.5%   6.2 2716s
 2880719 2292256 2.9587e+08  136   28 2.9880e+08 2.6452e+08  11.5%   6.2 2720s
 2883553 2294329 2.8288e+08   93   64 2.9880e+08 2.6452e+08  11.5%   6.2 2728s
 2885822 2296552 2.8480e+08   84   65 2.9880e+08 2.6452e+08  11.5%   6.2 2733s
 2888606 2298788 2.6545e+08   57   84 2.9880e+08 2.6452e+08  11.5%   6.3 2739s
 2891327 2300887 2.8601e+08  116   40 2.9880e+08 2.6452e+08  11.5%   6.3 2744s
 2893937 2302988 infeasible  115      2.9880e+08 2.6452e+08  11.5%   6.3 2748s
 2896647 2304649 2.7990e+08   67   86 2.9880e+08 2.6452e+08  11.5%   6.3 2752s
 2898776 2306624 2.8932e+08   88   59 2.9880e+08 2.6452e+08  11.5%   6.3 2758s
 2901181 2308438 2.8102e+08   87   58 2.9880e+08 2.6453e+08  11.5%   6.3 2764s
 2903492 2310135 2.9308e+08  100   54 2.9880e+08 2.6453e+08  11.5%   6.3 2770s
 2905624 2312264 2.6477e+08   51   93 2.9880e+08 2.6453e+08  11.5%   6.3 2776s
 2908213 2314373 2.8283e+08   90   55 2.9880e+08 2.6453e+08  11.5%   6.3 2782s
 2910795 2316374 2.9699e+08  103   39 2.9880e+08 2.6453e+08  11.5%   6.3 2787s
 2913328 2318383 2.9840e+08  144   33 2.9880e+08 2.6453e+08  11.5%   6.3 2791s
 2915833 2320396 2.8156e+08   83   62 2.9880e+08 2.6453e+08  11.5%   6.3 2796s
 2918351 2321909 2.9314e+08   89   58 2.9880e+08 2.6453e+08  11.5%   6.3 2800s
 2920188 2323834 2.9283e+08  122   31 2.9880e+08 2.6453e+08  11.5%   6.3 2805s
 2922633 2326233 2.9694e+08  134   26 2.9880e+08 2.6453e+08  11.5%   6.3 2811s
 2925496 2328421 2.7500e+08   75   77 2.9880e+08 2.6453e+08  11.5%   6.3 2815s
 2928185 2328947 2.9819e+08  104   51 2.9880e+08 2.6453e+08  11.5%   6.3 2820s
 2928834 2331407 2.9398e+08   86   53 2.9880e+08 2.6453e+08  11.5%   6.3 2825s
 2931670 2333485 2.7239e+08   73   75 2.9880e+08 2.6453e+08  11.5%   6.3 2830s
 2934447 2335317 2.9266e+08  109   42 2.9880e+08 2.6454e+08  11.5%   6.3 2835s
 2936889 2337423 2.9534e+08   96   54 2.9880e+08 2.6454e+08  11.5%   6.3 2841s
 2939542 2338972 2.9153e+08   94   57 2.9880e+08 2.6454e+08  11.5%   6.3 2845s
 2941367 2341295 2.6644e+08   62   87 2.9880e+08 2.6454e+08  11.5%   6.3 2850s
 2946814 2345334 2.9286e+08  137   27 2.9880e+08 2.6454e+08  11.5%   6.3 2859s
 2949364 2347343 2.7993e+08   85   62 2.9880e+08 2.6454e+08  11.5%   6.3 2863s
 2951916 2349233 2.9823e+08  162   20 2.9880e+08 2.6454e+08  11.5%   6.3 2868s
 2954303 2351085 2.6587e+08   58   93 2.9880e+08 2.6454e+08  11.5%   6.3 2873s
 2956594 2353150 2.9642e+08  128   33 2.9880e+08 2.6454e+08  11.5%   6.3 2877s
 2959109 2354918 2.7104e+08   65   81 2.9880e+08 2.6454e+08  11.5%   6.3 2882s
 2961322 2356606 2.8995e+08  121   32 2.9880e+08 2.6454e+08  11.5%   6.3 2886s
 2963424 2358450 2.8902e+08   95   50 2.9880e+08 2.6454e+08  11.5%   6.3 2891s
 2965750 2358724 2.9341e+08  118   43 2.9880e+08 2.6454e+08  11.5%   6.3 2896s
 2966083 2360925 2.9363e+08  120   39 2.9880e+08 2.6454e+08  11.5%   6.3 2900s
 2968779 2363179 2.8681e+08  103   56 2.9880e+08 2.6455e+08  11.5%   6.3 2906s
 2971589 2365418 2.9053e+08  116   42 2.9880e+08 2.6455e+08  11.5%   6.3 2911s
 2974250 2367515 2.9835e+08  100   54 2.9880e+08 2.6455e+08  11.5%   6.3 2915s
 2976952 2369202 2.8309e+08   82   60 2.9880e+08 2.6455e+08  11.5%   6.3 2920s
 2979128 2371257 2.9432e+08   99   51 2.9880e+08 2.6455e+08  11.5%   6.3 2925s
 2983909 2375027 2.7296e+08   67   70 2.9880e+08 2.6455e+08  11.5%   6.3 2933s
 2986378 2376965 2.9515e+08  104   42 2.9880e+08 2.6455e+08  11.5%   6.3 2938s
 2988799 2378940 2.7985e+08   81   64 2.9880e+08 2.6455e+08  11.5%   6.3 2942s
 2991230 2380407 2.7214e+08   67   70 2.9880e+08 2.6455e+08  11.5%   6.3 2946s
 2993042 2382447 2.9476e+08  140   30 2.9880e+08 2.6455e+08  11.5%   6.3 2951s
 2995588 2384431 2.8929e+08   97   42 2.9880e+08 2.6455e+08  11.5%   6.3 2956s
 2998059 2386430 2.8566e+08  106   43 2.9880e+08 2.6455e+08  11.5%   6.3 2961s
 3000552 2388461 2.8759e+08  110   52 2.9880e+08 2.6455e+08  11.5%   6.3 2965s
 3003070 2390038 2.7898e+08   83   63 2.9880e+08 2.6455e+08  11.5%   6.3 2970s
 3004988 2392163 2.8460e+08   87   56 2.9880e+08 2.6455e+08  11.5%   6.3 2975s
 3007602 2392428 2.9436e+08  130   28 2.9880e+08 2.6456e+08  11.5%   6.3 2980s
 3007935 2394452 2.8558e+08   79   73 2.9880e+08 2.6456e+08  11.5%   6.3 2985s
 3010510 2396799 2.9832e+08  125   38 2.9880e+08 2.6456e+08  11.5%   6.3 2990s
 3013475 2399102 2.6741e+08   63   90 2.9880e+08 2.6456e+08  11.5%   6.3 2995s
 3016327 2401362 2.8919e+08  119   45 2.9880e+08 2.6456e+08  11.5%   6.3 3000s
 3019015 2403304 2.9848e+08  137   27 2.9880e+08 2.6456e+08  11.5%   6.3 3005s
 3021429 2405461 2.8751e+08  102   50 2.9880e+08 2.6456e+08  11.5%   6.3 3010s
 3026139 2409096 2.6628e+08   55   95 2.9880e+08 2.6456e+08  11.5%   6.3 3019s
 3028562 2411088 2.9255e+08   92   50 2.9880e+08 2.6456e+08  11.5%   6.3 3023s
 3031019 2412775 2.6609e+08   64   87 2.9880e+08 2.6456e+08  11.5%   6.3 3028s
 3033115 2414810 2.8562e+08   80   74 2.9880e+08 2.6456e+08  11.5%   6.3 3033s
 3035666 2416836 2.9768e+08  129   32 2.9880e+08 2.6456e+08  11.5%   6.3 3038s
 3038170 2418861 2.9343e+08   86   58 2.9880e+08 2.6456e+08  11.5%   6.3 3042s
 3040653 2420744 2.6569e+08   57   89 2.9880e+08 2.6457e+08  11.5%   6.3 3047s
 3043091 2422735 2.9805e+08  122   37 2.9880e+08 2.6457e+08  11.5%   6.3 3051s
 3045600 2424349 2.9348e+08  139   39 2.9880e+08 2.6457e+08  11.5%   6.3 3056s
 3047557 2426519 2.6884e+08   71   72 2.9880e+08 2.6457e+08  11.5%   6.3 3061s
 3050203 2427182 2.9797e+08  136   28 2.9880e+08 2.6457e+08  11.5%   6.3 3065s
 3051063 2429378 2.8023e+08   76   70 2.9880e+08 2.6457e+08  11.5%   6.3 3071s
 3053707 2431466 2.7109e+08   69   80 2.9880e+08 2.6457e+08  11.5%   6.3 3076s
 3056293 2433735 2.9423e+08   92   55 2.9880e+08 2.6457e+08  11.5%   6.3 3081s
 3059079 2435874 2.9504e+08  148   32 2.9880e+08 2.6457e+08  11.5%   6.3 3087s
 3061819 2438095 2.7647e+08   76   79 2.9880e+08 2.6457e+08  11.5%   6.3 3092s
 3064534 2440303 2.6913e+08   68   80 2.9880e+08 2.6457e+08  11.5%   6.3 3097s
 3067172 2441664 2.6583e+08   58   86 2.9880e+08 2.6457e+08  11.5%   6.3 3101s
 3068918 2444114 2.6515e+08   60   84 2.9880e+08 2.6457e+08  11.5%   6.3 3107s
 3071924 2446244 2.9600e+08  132   21 2.9880e+08 2.6457e+08  11.5%   6.3 3112s
 3074558 2448415 infeasible  169      2.9880e+08 2.6457e+08  11.5%   6.3 3117s
 3077175 2450521 2.7957e+08   85   62 2.9880e+08 2.6457e+08  11.5%   6.3 3122s
 3079772 2451731 2.8025e+08   96   64 2.9880e+08 2.6457e+08  11.5%   6.3 3127s
 3081280 2453596 2.7118e+08   64   91 2.9880e+08 2.6457e+08  11.5%   6.3 3132s
 3083596 2455849 2.7722e+08   99   61 2.9880e+08 2.6458e+08  11.5%   6.3 3137s
 3086355 2457897 2.8449e+08   94   67 2.9880e+08 2.6458e+08  11.5%   6.3 3141s
 3088891 2459594 2.6648e+08   60   99 2.9880e+08 2.6458e+08  11.5%   6.3 3146s
 3091018 2461554 2.7140e+08   70   83 2.9880e+08 2.6458e+08  11.5%   6.3 3151s
 3093438 2463537 2.9862e+08  114   39 2.9880e+08 2.6458e+08  11.5%   6.3 3155s
 3095879 2465295 2.8762e+08   92   63 2.9880e+08 2.6458e+08  11.5%   6.3 3160s
 3097998 2465974 2.8858e+08  113   37 2.9880e+08 2.6458e+08  11.5%   6.3 3165s
 3098895 2467911 2.7713e+08   83   65 2.9880e+08 2.6458e+08  11.5%   6.3 3170s
 3101243 2470172 2.8679e+08   86   67 2.9880e+08 2.6458e+08  11.5%   6.3 3175s
 3104065 2472351 2.7695e+08   74   63 2.9880e+08 2.6458e+08  11.5%   6.3 3180s
 3106765 2474431 2.9548e+08   99   53 2.9880e+08 2.6458e+08  11.5%   6.3 3186s
 3109314 2476182 2.6916e+08   73   81 2.9880e+08 2.6458e+08  11.5%   6.3 3191s
 3111462 2477933 2.9495e+08   84   58 2.9880e+08 2.6458e+08  11.5%   6.3 3196s
 3113648 2480097 2.7594e+08   80   64 2.9880e+08 2.6458e+08  11.5%   6.3 3200s
 3116315 2482009 2.8498e+08   92   58 2.9880e+08 2.6458e+08  11.5%   6.3 3205s
 3118884 2484010 2.6548e+08   57   97 2.9880e+08 2.6458e+08  11.5%   6.3 3210s
 3121360 2485677 2.7523e+08   81   69 2.9880e+08 2.6458e+08  11.5%   6.3 3215s
 3123438 2487774 2.8558e+08   97   62 2.9880e+08 2.6459e+08  11.5%   6.3 3220s
 3126009 2489864 2.9794e+08  122   31 2.9880e+08 2.6459e+08  11.5%   6.3 3225s
 3128531 2490771 2.9456e+08  130   43 2.9880e+08 2.6459e+08  11.5%   6.3 3231s
 3129643 2492857 2.9856e+08  119   32 2.9880e+08 2.6459e+08  11.5%   6.3 3236s
 3132247 2494629 2.7435e+08   78   70 2.9880e+08 2.6459e+08  11.5%   6.3 3240s
 3134358 2496665 2.8267e+08   94   58 2.9880e+08 2.6459e+08  11.5%   6.3 3245s
 3136818 2498437 2.9576e+08   94   52 2.9880e+08 2.6459e+08  11.5%   6.3 3250s
 3138934 2500529 2.9878e+08  130   42 2.9880e+08 2.6459e+08  11.5%   6.3 3256s
 3141518 2502520 2.7927e+08   86   58 2.9880e+08 2.6459e+08  11.5%   6.3 3261s
 3144050 2504555 2.8228e+08   90   63 2.9880e+08 2.6459e+08  11.5%   6.3 3266s
 3146556 2506558 2.9560e+08  104   33 2.9880e+08 2.6459e+08  11.5%   6.3 3271s
 3149041 2507113 2.9801e+08  133   28 2.9880e+08 2.6459e+08  11.5%   6.3 3277s
 3149717 2509067 2.8644e+08  114   39 2.9880e+08 2.6459e+08  11.5%   6.3 3282s
 3152057 2511231 2.9710e+08  118   33 2.9880e+08 2.6459e+08  11.4%   6.3 3287s
 3154807 2512930 infeasible  101      2.9880e+08 2.6459e+08  11.4%   6.3 3292s
 3156846 2515037 2.7333e+08   71   86 2.9880e+08 2.6459e+08  11.4%   6.3 3297s
 3159385 2516692 2.9638e+08  122   48 2.9880e+08 2.6459e+08  11.4%   6.3 3302s
 3161523 2518822 2.9653e+08  101   44 2.9880e+08 2.6460e+08  11.4%   6.3 3308s
 3164172 2520773 infeasible   85      2.9880e+08 2.6460e+08  11.4%   6.3 3313s
 3166691 2522831 2.8212e+08   77   69 2.9880e+08 2.6460e+08  11.4%   6.3 3319s
 3169198 2524576 2.9797e+08  131   25 2.9880e+08 2.6460e+08  11.4%   6.3 3324s
 3171358 2526656 2.8854e+08   99   55 2.9880e+08 2.6460e+08  11.4%   6.3 3330s
 3173910 2528744 2.8973e+08  118   27 2.9880e+08 2.6460e+08  11.4%   6.3 3335s
 3176496 2530462 2.8195e+08   77   62 2.9880e+08 2.6460e+08  11.4%   6.3 3341s
 3178577 2532541 2.8502e+08  103   46 2.9880e+08 2.6460e+08  11.4%   6.3 3346s
 3181089 2534544 2.8914e+08  107   45 2.9880e+08 2.6460e+08  11.4%   6.3 3351s
 3183537 2536490 2.9596e+08  129   42 2.9880e+08 2.6460e+08  11.4%   6.3 3357s
 3186039 2536713 infeasible  146      2.9880e+08 2.6460e+08  11.4%   6.3 3362s
 3186381 2538638 2.7124e+08   59   80 2.9880e+08 2.6460e+08  11.4%   6.3 3367s
 3188834 2540701 2.6599e+08   55   91 2.9880e+08 2.6460e+08  11.4%   6.3 3372s
 3191425 2542511 2.6811e+08   73   90 2.9880e+08 2.6460e+08  11.4%   6.3 3378s
 3193609 2544650 2.9297e+08   89   53 2.9880e+08 2.6460e+08  11.4%   6.3 3384s
 3196275 2546889 2.8200e+08   87   64 2.9880e+08 2.6460e+08  11.4%   6.3 3389s
 3198954 2548495 2.9174e+08  104   56 2.9880e+08 2.6460e+08  11.4%   6.3 3394s
 3201035 2550536 2.8553e+08   95   56 2.9880e+08 2.6460e+08  11.4%   6.3 3399s
 3203566 2552222 2.9845e+08  106   46 2.9880e+08 2.6460e+08  11.4%   6.3 3404s
 3205799 2553944 2.6532e+08   59   95 2.9880e+08 2.6460e+08  11.4%   6.3 3409s
 3208050 2555927 2.7479e+08   80   62 2.9880e+08 2.6460e+08  11.4%   6.3 3415s
 3210574 2558065 2.9629e+08  136   32 2.9880e+08 2.6461e+08  11.4%   6.3 3421s
 3213147 2560106 2.8738e+08   93   52 2.9880e+08 2.6461e+08  11.4%   6.3 3427s
 3215675 2562075 2.8858e+08   93   60 2.9880e+08 2.6461e+08  11.4%   6.3 3433s
 3218172 2563915 2.7476e+08   70   70 2.9880e+08 2.6461e+08  11.4%   6.3 3439s
 3220457 2565551 2.8782e+08   98   47 2.9880e+08 2.6461e+08  11.4%   6.3 3444s
 3222591 2566221 2.7706e+08   76   71 2.9880e+08 2.6461e+08  11.4%   6.3 3449s
 3223358 2568930 2.9421e+08   90   47 2.9880e+08 2.6461e+08  11.4%   6.3 3456s
 3226667 2570653 2.7882e+08   64   88 2.9880e+08 2.6461e+08  11.4%   6.3 3463s
 3228853 2572971 2.9038e+08   86   65 2.9880e+08 2.6461e+08  11.4%   6.3 3469s
 3231723 2575142 2.7097e+08   78   74 2.9880e+08 2.6461e+08  11.4%   6.3 3475s
 3234477 2577391 2.7729e+08   80   68 2.9880e+08 2.6461e+08  11.4%   6.3 3481s
 3237211 2579486 2.8804e+08   94   59 2.9880e+08 2.6461e+08  11.4%   6.3 3487s
 3239841 2581468 2.6614e+08   59   86 2.9880e+08 2.6461e+08  11.4%   6.3 3493s
 3242315 2582898 2.7440e+08   69   75 2.9880e+08 2.6462e+08  11.4%   6.3 3499s
 3244080 2585330 2.7702e+08   68   74 2.9880e+08 2.6462e+08  11.4%   6.3 3505s
 3247064 2587096 2.9194e+08  132   38 2.9880e+08 2.6462e+08  11.4%   6.3 3511s
 3249336 2589197 2.9244e+08  122   35 2.9880e+08 2.6462e+08  11.4%   6.3 3517s
 3251991 2590105 2.9722e+08  126   45 2.9880e+08 2.6462e+08  11.4%   6.3 3523s
 3253057 2592312 2.9053e+08  114   47 2.9880e+08 2.6462e+08  11.4%   6.3 3529s
 3255809 2594188 2.9107e+08  101   51 2.9880e+08 2.6462e+08  11.4%   6.3 3536s
 3258141 2596453 2.9873e+08  118   36 2.9880e+08 2.6462e+08  11.4%   6.3 3542s
 3260874 2598626 2.9734e+08  117   41 2.9880e+08 2.6462e+08  11.4%   6.3 3549s
 3263575 2600322 2.6793e+08   79   71 2.9880e+08 2.6462e+08  11.4%   6.3 3554s
 3265684 2602428 2.6844e+08   58   97 2.9880e+08 2.6462e+08  11.4%   6.3 3559s
 3268153 2604242 2.8849e+08   84   62 2.9880e+08 2.6462e+08  11.4%   6.3 3565s
 3270662 2606197 2.9518e+08  113   32 2.9880e+08 2.6462e+08  11.4%   6.3 3571s
 3273062 2608054 2.9739e+08  136   24 2.9880e+08 2.6462e+08  11.4%   6.3 3577s
 3275378 2609971 2.6918e+08   58   86 2.9880e+08 2.6462e+08  11.4%   6.3 3582s
 3277700 2611893 2.9701e+08  122   34 2.9880e+08 2.6462e+08  11.4%   6.3 3588s
 3280084 2612643 2.7977e+08   84   56 2.9880e+08 2.6462e+08  11.4%   6.3 3594s
 3280631 2612643 infeasible  127      2.9880e+08 2.6462e+08  11.4%   6.3 3595s
 3281011 2614640 2.8618e+08   94   63 2.9880e+08 2.6462e+08  11.4%   6.3 3600s

Cutting planes:
  Learned: 40
  Gomory: 31
  Implied bound: 2
  MIR: 56
  Flow cover: 3935
  Inf proof: 66
  Relax-and-lift: 74

Explored 3283431 nodes (20719208 simplex iterations) in 3601.04 seconds (408.65 work units)
Thread count was 16 (of 16 available processors)

Solution count 10: 2.98805e+08 2.99138e+08 2.99165e+08 ... 2.99232e+08

Time limit reached
Best objective 2.988049250000e+08, best bound 2.646245464743e+08, gap 11.4390%
Warning: constraint name "precedence between 1,0 to 0,0 if x_[0,0,1,0,9]=1, i.e. 0,0 before 1,0" has a space
Warning: constraint name "precedence between 1,0 to 0,0 if x_[0,0,1,0,9]=1, i.e. 0,0 before 1,0" has a space
Warning: default constraint names used to write mps file
