
Gurobi 10.0.1 (win64) logging started Sun Sep 10 21:47:59 2023

Set parameter LogFile to value "results-heuristic-start//log/URT_18_makespan.log"
Gurobi Optimizer version 10.0.1 build v10.0.1rc0 (win64)

CPU model: AMD Ryzen 7 3700X 8-Core Processor, instruction set [SSE2|AVX|AVX2]
Thread count: 8 physical cores, 16 logical processors, using up to 16 threads

Optimize a model with 1958 rows, 1513 columns and 8775 nonzeros
Model fingerprint: 0xd63a1809
Variable types: 108 continuous, 1405 integer (1404 binary)
Coefficient statistics:
  Matrix range     [1e+00, 1e+06]
  Objective range  [1e+00, 1e+00]
  Bounds range     [1e+00, 1e+00]
  RHS range        [1e+00, 3e+06]

Warning: Completing partial solution with 1369 unfixed non-continuous variables out of 1405
User MIP start produced solution with objective 2402 (0.00s)
Loaded user MIP start with objective 2402

Presolve removed 129 rows and 731 columns
Presolve time: 0.02s
Presolved: 1829 rows, 782 columns, 8591 nonzeros
Variable types: 108 continuous, 674 integer (673 binary)
Found heuristic solution: objective 2401.0000000

Root relaxation: objective 9.200000e+01, 212 iterations, 0.00 seconds (0.00 work units)

    Nodes    |    Current Node    |     Objective Bounds      |     Work
 Expl Unexpl |  Obj  Depth IntInf | Incumbent    BestBd   Gap | It/Node Time

     0     0   92.00000    0   27 2401.00000   92.00000  96.2%     -    0s
H    0     0                     702.0000000   92.00000  86.9%     -    0s
H    0     0                     650.0000000   92.00000  85.8%     -    0s
H    0     0                     415.0000000   92.00000  77.8%     -    0s
H    0     0                     379.0000000   92.00000  75.7%     -    0s
     0     0   92.00000    0   42  379.00000   92.00000  75.7%     -    0s
     0     0   93.00000    0   53  379.00000   93.00000  75.5%     -    0s
     0     0   94.41116    0   66  379.00000   94.41116  75.1%     -    0s
H    0     0                     378.0000000   94.41116  75.0%     -    0s
     0     0   94.41116    0   66  378.00000   94.41116  75.0%     -    0s
     0     0   94.41116    0   70  378.00000   94.41116  75.0%     -    0s
     0     0   94.41116    0   70  378.00000   94.41116  75.0%     -    0s
H    0     0                     353.0000000   94.41116  73.3%     -    0s
     0     0   94.73690    0   74  353.00000   94.73690  73.2%     -    0s
     0     0   94.75806    0   74  353.00000   94.75806  73.2%     -    0s
     0     0   94.75806    0   62  353.00000   94.75806  73.2%     -    0s
     0     0   94.81250    0   66  353.00000   94.81250  73.1%     -    0s
     0     0   94.88462    0   66  353.00000   94.88462  73.1%     -    0s
     0     0   94.88462    0   62  353.00000   94.88462  73.1%     -    0s
     0     0   94.88462    0   68  353.00000   94.88462  73.1%     -    0s
     0     0   94.90177    0   73  353.00000   94.90177  73.1%     -    0s
     0     0   95.00633    0   80  353.00000   95.00633  73.1%     -    0s
     0     0   95.00633    0   82  353.00000   95.00633  73.1%     -    0s
     0     0   95.00633    0   72  353.00000   95.00633  73.1%     -    0s
H    0     0                     341.0000000   95.00633  72.1%     -    0s
     0     0   95.00844    0   78  341.00000   95.00844  72.1%     -    0s
     0     0   95.00844    0   76  341.00000   95.00844  72.1%     -    0s
     0     0   95.05247    0   85  341.00000   95.05247  72.1%     -    0s
     0     0   95.06576    0   82  341.00000   95.06576  72.1%     -    0s
     0     0   95.06644    0   86  341.00000   95.06644  72.1%     -    0s
     0     0   95.06752    0   84  341.00000   95.06752  72.1%     -    0s
     0     0   95.06752    0   82  341.00000   95.06752  72.1%     -    0s
     0     0   95.12860    0   71  341.00000   95.12860  72.1%     -    0s
     0     0   95.12882    0   80  341.00000   95.12882  72.1%     -    0s
     0     0   95.13786    0   81  341.00000   95.13786  72.1%     -    0s
H    0     0                     335.0000000   96.00000  71.3%     -    0s
H    0     0                     330.0000000   96.00000  70.9%     -    0s
H    0     0                     320.0000000   96.00000  70.0%     -    0s
     0     0   96.00000    0   37  320.00000   96.00000  70.0%     -    0s
H    0     0                     318.0000000   96.00000  69.8%     -    0s
     0     0   96.00000    0   48  318.00000   96.00000  69.8%     -    0s
H    0     0                     317.0000000   96.00000  69.7%     -    0s
     0     0   96.00000    0   55  317.00000   96.00000  69.7%     -    0s
     0     0   96.00000    0   57  317.00000   96.00000  69.7%     -    0s
     0     0   96.00000    0   33  317.00000   96.00000  69.7%     -    1s
     0     0   96.00000    0   59  317.00000   96.00000  69.7%     -    1s
     0     0   96.00000    0   29  317.00000   96.00000  69.7%     -    1s
     0     0   96.00000    0   62  317.00000   96.00000  69.7%     -    1s
     0     0   96.00000    0   47  317.00000   96.00000  69.7%     -    1s
     0     0   96.00000    0   43  317.00000   96.00000  69.7%     -    1s
H    0     0                     312.0000000   96.00000  69.2%     -    1s
     0     0   96.00000    0   28  312.00000   96.00000  69.2%     -    1s
     0     0   96.00000    0   59  312.00000   96.00000  69.2%     -    2s
     0     0   96.00000    0   31  312.00000   96.00000  69.2%     -    2s
     0     0   96.00000    0   31  312.00000   96.00000  69.2%     -    2s
     0     2   96.00000    0   29  312.00000   96.00000  69.2%     -    2s
H   83    62                     305.0000000   96.00000  68.5%   147    2s
H  113    96                     300.0000000   96.00000  68.0%   121    2s
H  117    96                     297.0000000   96.00000  67.7%   120    2s
H  160   139                     296.0000000   96.00000  67.6%   100    2s
H  229   184                     294.0000000   96.00000  67.3%  82.5    2s
H  253   190                     275.0000000   96.00000  65.1%  77.2    3s
   608   390  180.11111   66   27  275.00000   96.00000  65.1%  45.5    5s
H 1291   771                     274.0000000   96.13581  64.9%  32.5    5s
  1556   922  118.00000   15   75  274.00000   99.00000  63.9%  44.0   10s
  1612   962  129.00000   43   78  274.00000  100.00000  63.5%  61.0   15s
  1753  1024  102.00000   54  111  274.00000  100.00000  63.5%  65.3   20s
  5516  2432  112.00000   94   89  274.00000  100.00000  63.5%  90.6   25s
 12132  5876  109.00000   88   81  274.00000  100.80856  63.2%  80.2   30s
 13001  6250  210.00000  141   34  274.00000  100.80856  63.2%  82.4   37s
 14741  7107  120.00000   77   79  274.00000  101.10996  63.1%  80.5   40s
H14751  7099                     273.0000000  101.10996  63.0%  80.5   40s
H14798  7035                     269.0000000  101.10996  62.4%  80.8   40s
 18380  9458  140.00000  114   54  269.00000  101.53536  62.3%  85.8   45s
 22182 11618  103.00000   63   96  269.00000  102.00000  62.1%  89.7   51s
 25681 13655  109.00000   55   72  269.00000  102.00000  62.1%  91.6   56s
 27977 14948  102.28611   61   83  269.00000  102.00000  62.1%  93.2   61s
 30749 16681  116.00000   79   63  269.00000  102.00000  62.1%  94.1   65s
 34036 18430  103.00000   63   80  269.00000  102.00000  62.1%  94.6   70s
 36950 20245  117.00000   69   72  269.00000  102.00000  62.1%  94.8   76s
 40597 22486  103.00000   59   85  269.00000  102.00000  62.1%  96.9   82s
 42458 23435  138.00000   96   52  269.00000  102.00000  62.1%  97.2   92s
 44087 23998  106.82422   65   91  269.00000  102.00000  62.1%  97.6   95s
 45105 25518  149.00000  118   57  269.00000  102.00000  62.1%  98.5  100s
 50064 28215  105.23649   57   81  269.00000  102.00000  62.1%   100  108s
 52667 28225  103.00000   61   86  269.00000  102.00000  62.1%   100  119s
H52680 28153                     267.0000000  102.00000  61.8%   100  119s
 52684 29152  103.00000   62   75  267.00000  102.00000  61.8%   100  122s
 54487 29183  244.00000  121   38  267.00000  102.00000  61.8%   101  127s
 54523 30346  245.25866  122   37  267.00000  102.00000  61.8%   101  131s
 58233 33446  104.08710   58   91  267.00000  102.00000  61.8%   101  140s
 61895 35358  108.00000   69   69  267.00000  102.05833  61.8%   101  148s
 65213 37484  114.76664   75   81  267.00000  102.25792  61.7%   100  157s
H68979 37283                     263.0000000  102.84203  60.9%  99.2  163s
 68998 38209  113.00000   78   63  263.00000  102.86069  60.9%  99.2  166s
H70975 38755                     262.0000000  102.98994  60.7%  98.8  169s
 71840 40154  104.00000   71   63  262.00000  102.99896  60.7%  99.1  174s
 72972 40154  104.59389   68   86  262.00000  103.00000  60.7%  98.8  175s
 75628 41924  103.00000   65   74  262.00000  103.00000  60.7%   100  183s
 77615 42996  107.61105   69   67  262.00000  103.00000  60.7%   100  187s
 79433 43997  140.40199   99   53  262.00000  103.00000  60.7%   100  192s
 81226 45057  253.00000  150   22  262.00000  103.00000  60.7%   100  197s
 83173 46195  133.09823   89   69  262.00000  103.00000  60.7%   101  202s
 85173 47391  108.22361   79   79  262.00000  103.00000  60.7%   101  207s
 87227 48538  118.00000   94   69  262.00000  103.00000  60.7%   101  213s
 89372 49967  111.51401   71   82  262.00000  103.00000  60.7%   102  219s
 91876 51636  124.00000   81   61  262.00000  103.00000  60.7%   102  227s
 94851 53252  158.06940  101   51  262.00000  103.00000  60.7%   103  235s
 97717 54908  104.00000   65   89  262.00000  103.00000  60.7%   103  243s
 100653 56270  108.00000   64   84  262.00000  103.00000  60.7%   103  250s
 103009 57613  103.00000   71   78  262.00000  103.00000  60.7%   104  257s
H104525 57393                     259.0000000  103.00000  60.2%   104  257s
H105398 58541                     256.0000000  103.00000  59.8%   104  266s
H106540 58341                     254.0000000  103.00000  59.4%   104  267s
H106687 58083                     252.0000000  103.00000  59.1%   104  267s
 108097 59089  104.36045   59   74  252.00000  103.00000  59.1%   104  273s
 109868 60589  103.00000   62   74  252.00000  103.00000  59.1%   105  280s
 112558 61481  103.00000   64   79  252.00000  103.00000  59.1%   105  309s
 114107 63014  106.00000   82   66  252.00000  103.00000  59.1%   105  319s
 116801 65179  105.00000   61   86  252.00000  103.00000  59.1%   106  330s
 120646 65190  103.00000   73   81  252.00000  103.00000  59.1%   106  369s
 120662 66354  103.00000   74   75  252.00000  103.00000  59.1%   106  378s
 122870 67817  105.00000   76   92  252.00000  103.00000  59.1%   106  387s
 125597 69122  123.98838   91   75  252.00000  103.00000  59.1%   107  396s
 127996 70957  109.00000   63   85  252.00000  103.00000  59.1%   107  406s
 131269 72336  104.44642   64   99  252.00000  103.00000  59.1%   107  414s
 133786 73702  103.28667   65   80  252.00000  103.00000  59.1%   107  421s
 136384 74972  103.00000   71   81  252.00000  103.00000  59.1%   107  429s
 138785 76725  103.49026   74   92  252.00000  103.00000  59.1%   108  438s
 142052 78039  103.00000   63   86  252.00000  103.00000  59.1%   108  447s
 144457 78593  104.36957   66   86  252.00000  103.00000  59.1%   108  475s
 145493 79788  114.00000   77   70  252.00000  103.00000  59.1%   108  483s
 147622 81170  104.16788   76   97  252.00000  103.00000  59.1%   108  492s
 150294 82405  104.00000   70   77  252.00000  103.00000  59.1%   109  500s
 152681 83878  105.00000   73   80  252.00000  103.00000  59.1%   109  508s
 155428 85647  180.41954  109   44  252.00000  103.00000  59.1%   109  519s
 158734 86818  109.85730   82   75  252.00000  103.00000  59.1%   109  526s
 161082 87933  107.00000   69   68  252.00000  103.00000  59.1%   109  532s
 163106 89290  115.00000   68   62  252.00000  103.00000  59.1%   109  541s
 165726 90522  108.68882   67   83  252.00000  103.00000  59.1%   109  547s
 167900 91524  104.00000   67   83  252.00000  103.00000  59.1%   109  554s
 169853 92710  112.89420   68   79  252.00000  103.00000  59.1%   110  561s
 172041 93917  104.26576   62   91  252.00000  103.00000  59.1%   110  568s
 174316 94873  103.00000   60   83  252.00000  103.00000  59.1%   110  574s
 175661 94873  104.00000   69   88  252.00000  103.00000  59.1%   110  575s
 176072 96432  104.00000   63   82  252.00000  103.00000  59.1%   110  583s
 178945 97771  109.00000   62   89  252.00000  103.00000  59.1%   110  591s
 181356 98607  120.31007   77   77  252.00000  103.00000  59.1%   110  599s
 182793 99273  104.00000   67   67  252.00000  103.00000  59.1%   111  629s
 184098 100819  103.00000   69   91  252.00000  103.00000  59.1%   111  638s
 186954 103138  109.00000   78   75  252.00000  103.00000  59.1%   111  652s
 191232 104628  112.17567   73   76  252.00000  103.00000  59.1%   111  662s
 194104 104664  104.25840   76   93  252.00000  103.00000  59.1%   111  696s
 194157 105753  105.00000   77   90  252.00000  103.00000  59.1%   111  705s
 196323 106703  107.12276   72   87  252.00000  103.00000  59.1%   111  714s
 198113 108301  116.00000   73   69  252.00000  103.00000  59.1%   111  724s
 200957 108301  205.27794   91   40  252.00000  103.00000  59.1%   111  725s
 201281 109610  104.16740   72   87  252.00000  103.00000  59.1%   111  733s
 203826 111335  124.90469   81   66  252.00000  103.00000  59.1%   112  742s
 207047 112665  104.00000   64   92  252.00000  103.00000  59.1%   112  750s
 209624 114285  103.00000   62   75  252.00000  103.00000  59.1%   112  760s
 212652 115921  106.60371   64   64  252.00000  103.00000  59.1%   112  769s
 213789 115921  103.00000   64   83  252.00000  103.00000  59.1%   112  770s
 215545 117261  107.00000   94   79  252.00000  103.00000  59.1%   112  779s
 218405 117772  154.00000  104   49  252.00000  103.00000  59.1%   112  811s
 219275 120539  109.00000   73   67  252.00000  103.00000  59.1%   112  832s
 224447 122192  106.55973   64   89  252.00000  103.00000  59.1%   112  843s
 227563 123860  105.71989   63   98  252.00000  103.00000  59.1%   112  853s
 230742 125477  104.02036   66   90  252.00000  103.00000  59.1%   113  864s
 233990 126845  105.00000   66   87  252.00000  103.00000  59.1%   113  872s
 236543 128362  123.00000  102   58  252.00000  103.00000  59.1%   113  881s
 239498 129435  211.10371  101   43  252.00000  103.00000  59.1%   113  889s
 241536 130539  104.00000   71   83  252.00000  103.00000  59.1%   113  896s
 243720 131716  104.00000   66   82  252.00000  103.00000  59.1%   113  904s
 245908 133228  106.02462   68   83  252.00000  103.00000  59.1%   113  912s
 248656 134535  108.00000   76   93  252.00000  103.00000  59.1%   113  920s
 251044 136349  104.00000   68   89  252.00000  103.00000  59.1%   113  930s
 254445 137627  103.00000   64   81  252.00000  103.00000  59.1%   113  939s
 256851 138601  138.00000   84   58  252.00000  103.00000  59.1%   112  945s
 258769 139464  104.00000   68   89  252.00000  103.00000  59.1%   113  951s
 260407 139928  105.29526   72   81  252.00000  103.00000  59.1%   113  986s
 261224 142331  104.55289   69   67  252.00000  103.00000  59.1%   113 1003s
 265744 143406  108.00000   69   84  252.00000  103.00000  59.1%   113 1012s
 267732 143413  104.53035   67   86  252.00000  103.00000  59.1%   113 1044s
 267749 145241  105.00000   68   85  252.00000  103.00000  59.1%   113 1053s
 271040 146295  103.00000   67   86  252.00000  103.00000  59.1%   113 1060s
H272530 145950                     250.0000000  103.00000  58.8%   113 1060s
 273057 147551  116.00000   95   72  250.00000  103.00000  58.8%   113 1069s
 276066 148075  103.00000   70   74  250.00000  103.00000  58.8%   113 1075s
 277045 149069  120.00000   77   68  250.00000  103.00000  58.8%   113 1081s
 278880 150180  108.36430   78   83  250.00000  103.00000  58.8%   113 1087s
 280952 151467  103.48460   60   88  250.00000  103.00000  58.8%   113 1094s
 281643 151467  115.00000   92   62  250.00000  103.00000  58.8%   113 1095s
 283338 152436  104.00000   60   87  250.00000  103.00000  58.8%   113 1100s
 285211 153552  103.15324   71   82  250.00000  103.00000  58.8%   113 1105s
 287294 154588  104.00000   74   86  250.00000  103.00000  58.8%   113 1111s
 289322 155428  106.16891   69   85  250.00000  103.00000  58.8%   113 1116s
 290866 156605 infeasible  127       250.00000  103.00000  58.8%   113 1122s
 293042 157326  105.00000   78   93  250.00000  103.00000  58.8%   113 1127s
 294319 158568  128.00000   85   66  250.00000  103.00000  58.8%   113 1134s
H295303 157699                     247.0000000  103.00000  58.3%   113 1134s
 296661 157711  166.00000  108   43  247.00000  103.00000  58.3%   113 1154s
H296666 157383                     246.0000000  103.00000  58.1%   113 1154s
 296677 158351  167.40357  109   45  246.00000  103.00000  58.1%   113 1160s
H298735 158096                     245.0000000  103.00000  58.0%   113 1164s
 298950 159119  106.00000   72   86  245.00000  103.00000  58.0%   113 1170s
H300950 159686                     244.0000000  103.00000  57.8%   113 1177s
 302607 160635 infeasible  120       244.00000  103.01899  57.8%   113 1184s
 304412 162561  119.96027   91   55  244.00000  103.04050  57.8%   113 1195s
 308139 163763  104.25269   75   81  244.00000  103.07203  57.8%   113 1202s
 310343 164998  107.00000   77   65  244.00000  103.09250  57.7%   113 1208s
 312629 165930  213.00000  101   33  244.00000  103.11560  57.7%   113 1213s
 314296 166906  175.00000  117   43  244.00000  103.12831  57.7%   113 1218s
 316101 166919  164.00000   82   43  244.00000  103.14432  57.7%   113 1227s
 316123 167911  164.00000   83   42  244.00000  103.15147  57.7%   113 1233s
 318014 168631 infeasible  121       244.00000  103.18279  57.7%   113 1238s
 319491 169671  114.82127   95   67  244.00000  103.18512  57.7%   113 1244s
 321511 170638  161.00000  102   49  244.00000  103.21766  57.7%   113 1249s
 322698 170638  125.00000   97   57  244.00000  103.23885  57.7%   113 1250s
 323431 172613  130.29242   73   72  244.00000  103.24569  57.7%   113 1261s
 327012 172955  127.35404   89   60  244.00000  103.35265  57.6%   113 1265s
 327724 174264  141.00000   97   59  244.00000  103.36173  57.6%   112 1272s
 330207 175457  131.00000   78   62  244.00000  103.45086  57.6%   112 1278s
 332473 176526  104.16743   73   79  244.00000  103.57505  57.6%   112 1284s
 334457 177433  107.14463   71   76  244.00000  103.64835  57.5%   112 1289s
 336158 178409  127.13713   97   46  244.00000  103.70543  57.5%   112 1294s
 338073 179432  122.55620   74   91  244.00000  103.84727  57.4%   112 1299s
 340092 180433  115.30511   73   76  244.00000  103.86017  57.4%   112 1305s
 343003 181389  165.24705   81   50  244.00000  103.94233  57.4%   112 1310s
 345501 184035  106.00000   73   88  244.00000  103.97436  57.4%   112 1325s
 348723 184949  111.58349   73   80  244.00000  104.00000  57.4%   112 1330s
 350438 185935  104.10790   71   76  244.00000  104.00000  57.4%   112 1336s
 352398 187163  136.00000   90   57  244.00000  104.00000  57.4%   112 1344s
 354678 188250  105.45480   71   83  244.00000  104.00000  57.4%   112 1353s
 356957 189532  118.16092   79   67  244.00000  104.00000  57.4%   112 1362s
 359494 191071  126.00000   93   60  244.00000  104.00000  57.4%   112 1372s
 362335 191080  125.70752  113   48  244.00000  104.00000  57.4%   112 1444s
 362351 192125  126.00000  114   47  244.00000  104.00000  57.4%   112 1451s
 364324 193320  112.00000   78   74  244.00000  104.00000  57.4%   112 1460s
 366623 195077  161.00000  122   47  244.00000  104.00000  57.4%   112 1472s
 369896 196135  112.16725   77   68  244.00000  104.00000  57.4%   112 1481s
 372089 197634  105.00000   74   84  244.00000  104.00000  57.4%   112 1490s
 374864 198333  133.71827   82   54  244.00000  104.00000  57.4%   112 1497s
 376298 199488  104.00000   61   84  244.00000  104.00000  57.4%   112 1506s
 378559 200789  107.00000   72   85  244.00000  104.00000  57.4%   112 1516s
 381047 202388  170.00000  105   46  244.00000  104.00000  57.4%   112 1527s
 384148 203665  105.00000   69   83  244.00000  104.00000  57.4%   112 1536s
 386599 205061  105.00000   70   83  244.00000  104.00000  57.4%   112 1546s
 389269 206293  216.02738  114   40  244.00000  104.00000  57.4%   112 1555s
 391601 207770  109.00000   80   88  244.00000  104.00000  57.4%   112 1566s
 394319 209311  132.00000   76   53  244.00000  104.00000  57.4%   113 1577s
 397146 210050  106.00000   75   80  244.00000  104.00000  57.4%   113 1616s
 398498 211403  105.00000   70   80  244.00000  104.00000  57.4%   113 1626s
 401148 213057  114.48290   75   83  244.00000  104.00000  57.4%   113 1637s
 404231 214477  112.53004   74   88  244.00000  104.00000  57.4%   113 1647s
 406927 216110  146.37449  100   55  244.00000  104.00000  57.4%   113 1657s
 410083 217140  105.00000   69   91  244.00000  104.00000  57.4%   113 1666s
 412081 218900  231.59487  103   25  244.00000  104.00000  57.4%   113 1676s
 415241 220440  193.08161  100   39  244.00000  104.00000  57.4%   113 1686s
 418286 221980  109.00000   83   78  244.00000  104.00000  57.4%   113 1696s
 421211 223281  111.00000   74   86  244.00000  104.00000  57.4%   113 1704s
 423746 223351  107.00000   72   82  244.00000  104.00000  57.4%   113 1740s
 423907 225216  107.00000   73   73  244.00000  104.00000  57.4%   113 1751s
 427598 226792  105.00000   75   84  244.00000  104.00000  57.4%   113 1763s
 430604 227278  104.00000   68   83  244.00000  104.00000  57.4%   113 1794s
 431595 230559  107.00000   76   87  244.00000  104.00000  57.4%   113 1816s
 437709 231904  199.00000  107   27  244.00000  104.00000  57.4%   113 1826s
 440270 233039  119.00000   84   66  244.00000  104.00000  57.4%   113 1835s
 442495 234899  105.91214   79   68  244.00000  104.00000  57.4%   113 1848s
 446100 236186  108.00000   83   67  244.00000  104.00000  57.4%   113 1857s
 448563 237489  105.00000   81   83  244.00000  104.00000  57.4%   113 1866s
 450967 239299  104.21178   82   75  244.00000  104.00000  57.4%   113 1877s
 454401 240563  222.00000  130   28  244.00000  104.00000  57.4%   113 1886s
 456785 241845  104.74636   73   85  244.00000  104.00000  57.4%   113 1895s
 459138 243303  105.00000   68   90  244.00000  104.00000  57.4%   113 1905s
 462039 244793  114.81060   64   73  244.00000  104.00000  57.4%   113 1915s
 465030 246281  107.60292   74   76  244.00000  104.00000  57.4%   113 1925s
 467952 247797     cutoff  112       244.00000  104.00000  57.4%   113 1937s
 470745 249057  106.00000   81   72  244.00000  104.00000  57.4%   113 1947s
 473303 249956  105.00000   74   76  244.00000  104.00000  57.4%   113 1997s
 474989 251277  104.00000   75   81  244.00000  104.00000  57.4%   113 2007s
 477533 252589  105.00000   66   79  244.00000  104.00000  57.4%   114 2019s
 480102 253814  106.44787   77   90  244.00000  104.00000  57.4%   114 2029s
 482445 255126  108.70424   79   70  244.00000  104.00000  57.4%   114 2040s
 484881 256331  158.00000   95   51  244.00000  104.00000  57.4%   114 2050s
 487182 257862  105.11131   74   82  244.00000  104.00000  57.4%   114 2062s
 489992 259490  104.67819   70   76  244.00000  104.00000  57.4%   114 2074s
 493198 261048  199.00000  105   31  244.00000  104.00000  57.4%   114 2086s
 496182 262264  114.00000   79   87  244.00000  104.00000  57.4%   114 2139s
 498444 266118  105.25053   73   81  244.00000  104.00000  57.4%   114 2170s
 505748 268305  105.00000   72   90  244.00000  104.00000  57.4%   114 2187s
 509745 269608  123.00000   80   78  244.00000  104.00000  57.4%   114 2199s
 512263 270498  104.00000   70   83  244.00000  104.00000  57.4%   114 2244s
 513922 271846  107.00000   74   87  244.00000  104.00000  57.4%   114 2255s
 516412 273309  116.40304   84   65  244.00000  104.00000  57.4%   114 2268s
 519246 274693  105.00000   75   76  244.00000  104.00000  57.4%   114 2279s
 521918 275762  104.35452   67   83  244.00000  104.00000  57.4%   114 2289s
 523987 277190  105.22426   73   77  244.00000  104.00000  57.4%   114 2301s
 526767 278982  107.00000   72   94  244.00000  104.00000  57.4%   114 2315s
 530219 280383  104.62720   81  101  244.00000  104.00000  57.4%   114 2325s
 532786 281720  108.00000   84   66  244.00000  104.00000  57.4%   114 2335s
 535312 282856  230.10895  139   26  244.00000  104.00000  57.4%   114 2345s
 537484 284187  113.67049   80   70  244.00000  104.00000  57.4%   114 2355s
 539928 285397  190.00000  101   62  244.00000  104.00000  57.4%   114 2365s
 542209 286933  114.69000   68   84  244.00000  104.00000  57.4%   114 2379s
 545134 286980  104.00000   71   82  244.00000  104.00000  57.4%   115 2421s
 545221 288695  104.00000   72   84  244.00000  104.00000  57.4%   115 2436s
 548495 289335  104.00000   84   71  244.00000  104.00000  57.4%   115 2468s
 549702 291120  105.00000   86   87  244.00000  104.00000  57.4%   115 2482s
 553053 292575  105.00000   72   79  244.00000  104.00000  57.4%   115 2494s
 555160 292575  104.18886   67   85  244.00000  104.00000  57.4%   115 2495s
 555868 293978  104.00000   71   85  244.00000  104.00000  57.4%   115 2506s
 558570 295580  105.51226   77   77  244.00000  104.00000  57.4%   115 2519s
 561530 296900  183.00000  101   34  244.00000  104.00000  57.4%   115 2531s
 564186 298360  140.00000  102   58  244.00000  104.00000  57.4%   115 2542s
 566838 300437  110.30016   69   74  244.00000  104.00000  57.4%   115 2557s
 570883 301404  111.00000   92   69  244.00000  104.00000  57.4%   115 2566s
 572733 302535  109.00000   79   91  244.00000  104.00000  57.4%   115 2574s
 573483 302535  104.27369   75   93  244.00000  104.00000  57.4%   115 2575s
 574844 303810  127.00000   80   57  244.00000  104.00000  57.4%   115 2584s
 577296 305176  106.64437   78   80  244.00000  104.00000  57.4%   115 2594s
 579621 305176  104.00000   75   78  244.00000  104.00000  57.4%   115 2595s
 579759 306406  106.00000   67   91  244.00000  104.00000  57.4%   115 2610s
 582020 307637  104.66828   70   75  244.00000  104.00000  57.4%   115 2622s
 584360 309168  118.00000   75   74  244.00000  104.00000  57.4%   115 2634s
 587282 310837  117.97944   85   72  244.00000  104.00000  57.4%   115 2646s
 590424 312072  128.51450   99   54  244.00000  104.00000  57.4%   115 2657s
 592815 313686  104.11428   63   90  244.00000  104.00000  57.4%   115 2668s
 595818 314944  105.76959   76   92  244.00000  104.00000  57.4%   115 2678s
 598189 315560  105.00000   77   81  244.00000  104.00000  57.4%   115 2687s
 599474 316927  104.39380   75   88  244.00000  104.00000  57.4%   115 2698s
 602002 317645  186.00000  107   38  244.00000  104.00000  57.4%   115 2714s
 603287 318939  108.55505   83   74  244.00000  104.00000  57.4%   115 2724s
 605703 320248  107.14368   68   96  244.00000  104.00000  57.4%   115 2735s
 608241 320379  106.35235   71   87  244.00000  104.00000  57.4%   115 2774s
 608508 322458  106.87300   72   80  244.00000  104.00000  57.4%   115 2789s
 610781 322458  105.91710   72   83  244.00000  104.00000  57.4%   115 2790s
 612476 324053  106.08850   78  100  244.00000  104.00000  57.4%   115 2802s
 615697 325003  107.00000   78   62  244.00000  104.00000  57.4%   115 2818s
 617503 326491  169.75116  114   47  244.00000  104.00000  57.4%   115 2830s
 620382 327911  106.25605   76   88  244.00000  104.00000  57.4%   115 2841s
 623048 329818  112.00000   68   82  244.00000  104.00000  57.4%   115 2856s
 626631 331042  105.00000   61   88  244.00000  104.00000  57.4%   115 2868s
 629073 332344  104.22925   65   89  244.00000  104.00000  57.4%   115 2880s
 631535 333625  104.48566   76   87  244.00000  104.00000  57.4%   115 2890s
 633952 334541  109.00000   76   76  244.00000  104.00000  57.4%   115 2908s
 635808 336130  229.19133  118   44  244.00000  104.00000  57.4%   115 2922s
 639077 337234  105.00000   64   84  244.00000  104.00000  57.4%   115 2932s
 641217 338540  121.02503   82   80  244.00000  104.00000  57.4%   115 2946s
 643799 340177  108.09919   76   90  244.00000  104.00000  57.4%   115 2959s
 646958 341613  105.00000   66   85  244.00000  104.00000  57.4%   115 2973s
 649793 343227  106.02139   69   77  244.00000  104.00000  57.4%   115 2985s
 652827 344351  201.00000  119   36  244.00000  104.00000  57.4%   115 2995s
 655196 345621  148.00000   86   58  244.00000  104.00000  57.4%   115 3006s
 657603 347205  104.00000   69   85  244.00000  104.00000  57.4%   115 3018s
 660838 348342  107.73260   82   85  244.00000  104.00000  57.4%   115 3027s
 662925 349384  228.57188  106   40  244.00000  104.00000  57.4%   115 3037s
 664859 350577  104.00000   72   59  244.00000  104.00000  57.4%   115 3048s
 667229 352059  108.55540   71   79  244.00000  104.00000  57.4%   115 3060s
 670083 352070  105.00000   74   91  244.00000  104.00000  57.4%   115 3114s
 670099 352603  105.00000   75   90  244.00000  104.00000  57.4%   115 3130s
 671092 353892  105.34754   75   97  244.00000  104.00000  57.4%   115 3142s
 673609 355411  189.00000  108   49  244.00000  104.00000  57.4%   115 3154s
 676378 356752  108.00000   70   82  244.00000  104.00000  57.4%   115 3166s
 678933 357873  106.00000   82   79  244.00000  104.00000  57.4%   115 3177s
 681106 359261  128.39134   90   61  244.00000  104.00000  57.4%   115 3189s
 683346 359261  105.00000   74   73  244.00000  104.00000  57.4%   115 3190s
 683775 361123  104.02553   72   86  244.00000  104.00000  57.4%   115 3204s
 684048 361123  104.00000   63   79  244.00000  104.00000  57.4%   115 3205s
 687230 362486 infeasible  121       244.00000  104.00000  57.4%   115 3216s
 689759 363713  113.50732   84   78  244.00000  104.00000  57.4%   115 3227s
 692151 364947  104.00000   72   81  244.00000  104.00000  57.4%   115 3240s
 694644 366472  107.37644   74   89  244.00000  104.00000  57.4%   115 3253s
 697575 368172  216.11425  107   26  244.00000  104.00000  57.4%   115 3266s
 700872 369347  104.86698   68   88  244.00000  104.00000  57.4%   115 3277s
 702983 370729  105.00000   75   73  244.00000  104.00000  57.4%   115 3288s
 705599 371688  105.00000   71   80  244.00000  104.00000  57.4%   115 3305s
 707444 373313  108.59052   78   85  244.00000  104.00000  57.4%   115 3319s
 710475 375374  136.11515   74   72  244.00000  104.00000  57.4%   115 3333s
 714294 376825  130.00000   89   60  244.00000  104.00000  57.4%   115 3346s
 716944 378093  118.78645   78   78  244.00000  104.00000  57.4%   115 3357s
 719375 379515  104.43965   67   91  244.00000  104.00000  57.4%   115 3370s
 722087 381319  106.00000   70   75  244.00000  104.00000  57.4%   115 3384s
 725511 382763  106.00000   70   85  244.00000  104.00000  57.4%   115 3395s
 728384 384108  110.14144   73   82  244.00000  104.00000  57.4%   115 3408s
 730890 385511  105.94508   71   71  244.00000  104.00000  57.4%   115 3420s
 733648 386831  130.00000   90   58  244.00000  104.00000  57.4%   115 3432s
 736257 388309  173.00000   99   50  244.00000  104.00000  57.4%   115 3444s
 739095 390083  161.00000   94   44  244.00000  104.00000  57.4%   115 3456s
 742391 391108  127.06258   83   62  244.00000  104.00000  57.4%   115 3465s
 744408 392308  140.00000   90   56  244.00000  104.00000  57.4%   115 3475s
 746665 392820  105.97297   70   87  244.00000  104.00000  57.4%   115 3488s
 747630 392834  109.00000   70   74  244.00000  104.00000  57.4%   115 3519s
 747646 394174  109.00000   71   74  244.00000  104.00000  57.4%   115 3531s
 750158 395517  106.00000   73   84  244.00000  104.00000  57.4%   115 3541s
 752717 396652  130.00000   93   67  244.00000  104.00000  57.4%   115 3553s
 754899 398259  114.06626   90   59  244.00000  104.00000  57.4%   115 3564s
 757853 399969  104.00000   71   79  244.00000  104.00000  57.4%   115 3577s
 761039 401385  155.84944   97   53  244.00000  104.00000  57.4%   115 3587s
 763761 402471  104.40030   74   75  244.00000  104.00000  57.4%   115 3596s
 765843 403033  183.00000  117   43  244.00000  104.00000  57.4%   115 3600s

Cutting planes:
  Learned: 858
  Gomory: 207
  Cover: 20
  Implied bound: 11
  Projected implied bound: 1
  MIR: 3617
  Flow cover: 5976
  Inf proof: 1
  Relax-and-lift: 10

Explored 766839 nodes (88438011 simplex iterations) in 3600.32 seconds (2245.89 work units)
Thread count was 16 (of 16 available processors)

Solution count 10: 244 245 246 ... 262

Time limit reached
Best objective 2.440000000000e+02, best bound 1.040000000000e+02, gap 57.3770%
Warning: constraint name "precedence between 0,2 to 0,0 if x_[j,l,h,z,i]=1" has a space
Warning: constraint name "precedence between 0,2 to 0,0 if x_[j,l,h,z,i]=1" has a space
Warning: default constraint names used to write mps file
