
Gurobi 10.0.1 (win64) logging started Sun Sep 10 17:47:11 2023

Set parameter LogFile to value "results-heuristic-start//log/URT_16_makespan.log"
Gurobi Optimizer version 10.0.1 build v10.0.1rc0 (win64)

CPU model: AMD Ryzen 7 3700X 8-Core Processor, instruction set [SSE2|AVX|AVX2]
Thread count: 8 physical cores, 16 logical processors, using up to 16 threads

Optimize a model with 999 rows, 721 columns and 4326 nonzeros
Model fingerprint: 0xbc9e52f0
Variable types: 72 continuous, 649 integer (648 binary)
Coefficient statistics:
  Matrix range     [1e+00, 1e+06]
  Objective range  [1e+00, 1e+00]
  Bounds range     [1e+00, 1e+00]
  RHS range        [1e+00, 3e+06]

Warning: Completing partial solution with 625 unfixed non-continuous variables out of 649
User MIP start produced solution with objective 1700 (0.00s)
Loaded user MIP start with objective 1700

Presolve removed 81 rows and 310 columns
Presolve time: 0.02s
Presolved: 918 rows, 411 columns, 4211 nonzeros
Variable types: 72 continuous, 339 integer (338 binary)
Found heuristic solution: objective 1699.0000000

Root relaxation: objective 6.400000e+01, 124 iterations, 0.00 seconds (0.00 work units)

    Nodes    |    Current Node    |     Objective Bounds      |     Work
 Expl Unexpl |  Obj  Depth IntInf | Incumbent    BestBd   Gap | It/Node Time

     0     0   64.00000    0   21 1699.00000   64.00000  96.2%     -    0s
H    0     0                     442.0000000   64.00000  85.5%     -    0s
H    0     0                     274.0000000   64.00000  76.6%     -    0s
     0     0   64.00003    0   20  274.00000   64.00003  76.6%     -    0s
     0     0   66.00000    0   12  274.00000   66.00000  75.9%     -    0s
     0     0   66.54130    0   26  274.00000   66.54130  75.7%     -    0s
     0     0   66.54130    0   51  274.00000   66.54130  75.7%     -    0s
H    0     0                     251.0000000   66.54130  73.5%     -    0s
H    0     0                     242.0000000   66.54130  72.5%     -    0s
     0     0   66.61215    0   58  242.00000   66.61215  72.5%     -    0s
     0     0   66.94968    0   59  242.00000   66.94968  72.3%     -    0s
     0     0   66.94968    0   68  242.00000   66.94968  72.3%     -    0s
     0     0   68.55080    0   56  242.00000   68.55080  71.7%     -    0s
H    0     0                     232.0000000   68.55080  70.5%     -    0s
     0     0   68.56451    0   54  232.00000   68.56451  70.4%     -    0s
     0     0   68.57770    0   63  232.00000   68.57770  70.4%     -    0s
     0     0   68.58437    0   59  232.00000   68.58437  70.4%     -    0s
     0     0   68.58437    0   61  232.00000   68.58437  70.4%     -    0s
     0     0   68.72855    0   58  232.00000   68.72855  70.4%     -    0s
H    0     0                     225.0000000   68.72855  69.5%     -    0s
     0     0   68.82576    0   59  225.00000   68.82576  69.4%     -    0s
     0     0   68.82678    0   62  225.00000   68.82678  69.4%     -    0s
     0     0   68.97014    0   50  225.00000   68.97014  69.3%     -    0s
     0     0   69.02282    0   54  225.00000   69.02282  69.3%     -    0s
     0     0   69.02437    0   52  225.00000   69.02437  69.3%     -    0s
     0     0   69.02437    0   55  225.00000   69.02437  69.3%     -    0s
     0     0   69.22830    0   52  225.00000   69.22830  69.2%     -    0s
H    0     0                     224.0000000   69.22830  69.1%     -    0s
     0     0   69.24877    0   49  224.00000   69.24877  69.1%     -    0s
     0     0   69.24963    0   52  224.00000   69.24963  69.1%     -    0s
     0     0   69.33207    0   39  224.00000   69.33207  69.0%     -    0s
     0     0   69.34314    0   43  224.00000   69.34314  69.0%     -    0s
     0     0   69.34501    0   55  224.00000   69.34501  69.0%     -    0s
     0     0   69.35369    0   58  224.00000   69.35369  69.0%     -    0s
     0     0   69.35369    0   52  224.00000   69.35369  69.0%     -    0s
     0     0   69.36767    0   48  224.00000   69.36767  69.0%     -    0s
     0     0   69.36798    0   55  224.00000   69.36798  69.0%     -    0s
     0     0   69.36798    0   60  224.00000   69.36798  69.0%     -    0s
     0     0   69.36798    0   55  224.00000   69.36798  69.0%     -    0s
     0     0   69.37310    0   59  224.00000   69.37310  69.0%     -    0s
     0     0   69.37310    0   37  224.00000   69.37310  69.0%     -    0s
H    0     0                     209.0000000   69.37310  66.8%     -    0s
     0     1   69.37310    0   34  209.00000   69.37310  66.8%     -    0s
H   31    26                     208.0000000   70.00000  66.3%   128    0s
H   64    52                     206.0000000   70.00000  66.0%  89.4    0s
H  127    96                     205.0000000   70.00000  65.9%  68.6    0s
H  133    96                     204.0000000   70.00000  65.7%  67.5    0s
H  137    96                     195.0000000   70.00000  64.1%  66.7    0s
H  176   120                     185.0000000   70.00000  62.2%  58.7    1s
H  184   120                     179.0000000   70.00000  60.9%  57.2    1s
H  490   331                     174.0000000   70.00000  59.8%  28.1    1s
H  703   388                     168.0000000   70.10216  58.3%  24.0    1s
H 2785  1254                     167.0000000   72.00000  56.9%   9.3    4s
  2908  1303   73.15010   24   67  167.00000   72.00000  56.9%  11.9    5s
 12189  5431   74.63363   26   69  167.00000   74.00000  55.7%  43.7   10s
 16112  7144   99.28838   32   43  167.00000   74.00000  55.7%  44.9   15s
H16123  7138                     165.0000000   74.00000  55.2%  44.9   15s
 20726  9479  134.00000   55   37  165.00000   74.00000  55.2%  44.8   20s
H20893  9121                     155.0000000   74.00000  52.3%  45.4   22s
H20945  8756                     152.0000000   74.00000  51.3%  45.3   22s
 39697 13019  105.00000   57   18  152.00000   74.00000  51.3%  29.0   25s
 73080 27153   98.04895   61   19  152.00000   74.00000  51.3%  20.4   30s
 102143 43569  133.00000   63   23  152.00000   74.00000  51.3%  17.9   36s
 176003 75154   84.00000   66   26  152.00000   74.00000  51.3%  14.6   40s
 246815 106439   74.00000   60   33  152.00000   74.00000  51.3%  13.5   45s
 311556 134884  102.00000   66   25  152.00000   74.00000  51.3%  12.9   50s
 387614 176087   99.34658   68   25  152.00000   74.00000  51.3%  12.4   56s
 417907 184292   90.00000   67   31  152.00000   74.00000  51.3%  12.3   60s
 478520 211691   95.00000   63   26  152.00000   74.00000  51.3%  11.9   65s
 542707 241471 infeasible   93       152.00000   74.00000  51.3%  11.6   70s
 585090 262547 infeasible   84       152.00000   74.00000  51.3%  11.5   75s
 653561 293594   94.00000   75   27  152.00000   74.00000  51.3%  11.3   80s
 723142 326525  147.00000   87   16  152.00000   74.00000  51.3%  11.2   85s
 761165 351729   75.00000   67   32  152.00000   74.00000  51.3%  11.1   91s
 815809 369608  128.23868   72   24  152.00000   74.00000  51.3%  11.0   95s
 878030 400342   83.99118   64   35  152.00000   74.00000  51.3%  10.8  100s
 938665 426933   97.00000   71   28  152.00000   74.00000  51.3%  10.7  105s
 998051 453477  120.68421   78   20  152.00000   74.00000  51.3%  10.6  110s
 1052110 479809   87.00000   68   25  152.00000   74.00000  51.3%  10.5  115s
 1099689 498205  130.00000   86   17  152.00000   74.00000  51.3%  10.4  120s
 1149122 522337   96.00000   76   24  152.00000   74.00000  51.3%  10.4  125s
 1203745 554264  118.00000   66   23  152.00000   74.05702  51.3%  10.4  131s
 1267301 576567  106.00000   68   23  152.00000   74.90403  50.7%  10.3  135s
 1301945 593779   97.00000   59   25  152.00000   75.00000  50.7%  10.3  140s
 1360248 619209  129.00000   79   19  152.00000   75.00000  50.7%  10.2  145s
 1419144 645085  145.00000   80   19  152.00000   75.00000  50.7%  10.1  150s
 1478190 672461  115.00000   72   27  152.00000   75.00000  50.7%  10.1  156s
 1510907 688549 infeasible   72       152.00000   75.00000  50.7%  10.0  160s
 1563154 713875   97.00000   71   24  152.00000   75.00000  50.7%  10.0  165s
 1621084 738652   94.00000   67   31  152.00000   75.00000  50.7%  10.0  170s
 1661416 755747  102.00000   70   26  152.00000   75.00000  50.7%   9.9  175s
 1707847 776707  109.00000   71   25  152.00000   75.00000  50.7%   9.9  181s
 1747575 795301  130.14633   91   18  152.00000   75.00000  50.7%   9.9  185s
 1805898 822196 infeasible   82       152.00000   75.00000  50.7%   9.9  190s
 1859833 848220  120.00000   77   19  152.00000   75.06016  50.6%   9.9  195s
 1920236 875578  125.00000   70   16  152.00000   75.21079  50.5%   9.8  200s
 1962585 893920  118.00000   78   20  152.00000   75.86527  50.1%   9.8  206s
 2011258 918167   87.00000   67   30  152.00000   76.00000  50.0%   9.7  210s
 2076719 948865   90.06481   76   24  152.00000   76.00000  50.0%   9.7  215s
 2143580 977884  137.85108   90   19  152.00000   76.00000  50.0%   9.6  220s
 2206654 1007662   77.11564   66   32  152.00000   76.00000  50.0%   9.6  225s
 2253834 1028942  127.71429   73   26  152.00000   76.00000  50.0%   9.6  230s
 2316997 1058192   92.00000   75   30  152.00000   76.00000  50.0%   9.5  235s
 2378700 1084039   76.00000   69   34  152.00000   76.00000  50.0%   9.5  240s
 2438744 1112523  137.04762   72   24  152.00000   76.00000  50.0%   9.5  245s
 2499319 1138108   92.00000   67   24  152.00000   76.00000  50.0%   9.4  250s
 2555363 1164682   86.00000   73   28  152.00000   76.00000  50.0%   9.4  255s
 2612270 1190376  139.22063   86   23  152.00000   76.00000  50.0%   9.4  260s
 2668086 1214654   95.00000   69   28  152.00000   76.00000  50.0%   9.4  265s
 2719708 1237920  137.00000   81   19  152.00000   76.00000  50.0%   9.4  270s
 2774861 1264048  105.11666   77   26  152.00000   76.05850  50.0%   9.4  275s
 2830756 1290138 infeasible   94       152.00000   76.12389  49.9%   9.3  280s
 2873611 1311286   86.00000   71   30  152.00000   76.30696  49.8%   9.3  285s
 2924597 1330719   77.00000   61   33  152.00000   76.88046  49.4%   9.3  290s
 2979609 1355801  131.00000   86   18  152.00000   77.00000  49.3%   9.3  295s
 3029854 1382079   98.00000   64   24  152.00000   77.00000  49.3%   9.2  300s
 3074744 1402456  128.00000   80   15  152.00000   77.00000  49.3%   9.2  305s
 3130400 1425353  130.00000   86   21  152.00000   77.00000  49.3%   9.2  310s
 3182604 1448247   98.00000   61   24  152.00000   77.00000  49.3%   9.2  315s
 3235512 1471857   80.00000   75   35  152.00000   77.00000  49.3%   9.1  320s
 3281709 1493284 infeasible   92       152.00000   77.00000  49.3%   9.1  325s
 3331367 1515154   78.00000   68   32  152.00000   77.00000  49.3%   9.1  330s
 3378236 1537388  136.00000   77   21  152.00000   77.00000  49.3%   9.1  335s
 3426783 1559696  140.01786   87   20  152.00000   77.00000  49.3%   9.1  340s
 3460603 1572081   87.00000   71   31  152.00000   77.00000  49.3%   9.1  345s
 3507084 1593644  107.00000   84   24  152.00000   77.00000  49.3%   9.1  350s
 3557310 1614918   85.00000   78   32  152.00000   77.00000  49.3%   9.1  355s
 3604863 1638325 infeasible   75       152.00000   77.00000  49.3%   9.0  360s
 3651639 1655980 infeasible   87       152.00000   77.00000  49.3%   9.0  365s
 3694629 1677517   99.39851   68   27  152.00000   77.00000  49.3%   9.0  370s
 3745845 1697876  132.11510   86   20  152.00000   77.00000  49.3%   9.0  375s
 3793506 1719165  125.00000   86   19  152.00000   77.00000  49.3%   9.0  380s
 3839577 1739371   82.00000   77   30  152.00000   77.01929  49.3%   9.0  385s
 3888381 1763103  134.02586   79   18  152.00000   77.08936  49.3%   9.0  390s
 3933567 1784587  126.00000   78   18  152.00000   77.14498  49.2%   9.0  395s
 3981052 1802052 infeasible  106       152.00000   77.33992  49.1%   9.0  400s
 4025184 1822499  121.00000   92   27  152.00000   77.78643  48.8%   9.0  405s
 4070513 1842262  115.05455   82   23  152.00000   78.00000  48.7%   8.9  410s
 4116387 1863731 infeasible   80       152.00000   78.00000  48.7%   8.9  415s
 4160847 1883538  149.00000   86   14  152.00000   78.00000  48.7%   8.9  420s
 4207946 1903138  137.00000   86   17  152.00000   78.00000  48.7%   8.9  425s
 4246092 1920431  143.00000   81   17  152.00000   78.00000  48.7%   8.9  430s
 4286063 1938430   94.00000   64   28  152.00000   78.00000  48.7%   8.9  435s
 4309644 1947066 infeasible   90       152.00000   78.00000  48.7%   8.9  440s
 4347451 1965615   94.00000   80   28  152.00000   78.00000  48.7%   8.9  445s
 4390876 1982127  126.11429   90   22  152.00000   78.00000  48.7%   8.9  450s
 4430904 1999320  136.00000   81   16  152.00000   78.00000  48.7%   8.8  455s
 4469081 2016746  131.00000   87   18  152.00000   78.00000  48.7%   8.8  460s
 4510271 2033953 infeasible   85       152.00000   78.00000  48.7%   8.8  465s
 4552860 2052202   91.00000   68   26  152.00000   78.00000  48.7%   8.8  472s
 4574697 2062085   78.00000   69   31  152.00000   78.00000  48.7%   8.8  475s
 4613703 2079253  142.00000   90   15  152.00000   78.00000  48.7%   8.8  480s
 4650988 2095845 infeasible   77       152.00000   78.00000  48.7%   8.8  485s
 4682317 2108645  140.04717   68   21  152.00000   78.00000  48.7%   8.8  491s
 4710792 2121598  140.00000   77   15  152.00000   78.00000  48.7%   8.8  495s
 4750092 2137562  104.00000   79   22  152.00000   78.00000  48.7%   8.8  500s
 4786008 2156060  142.00000   77   19  152.00000   78.00000  48.7%   8.8  505s
 4807721 2169013  110.11510   68   25  152.00000   78.00000  48.7%   8.8  512s
 4832815 2174759  129.04717   81   26  152.00000   78.00000  48.7%   8.8  515s
 4873766 2191984  122.00000   85   25  152.00000   78.00000  48.7%   8.8  520s
 4911875 2208748  144.00000   76   19  152.00000   78.00000  48.7%   8.8  525s
 4927665 2214121 infeasible   72       152.00000   78.00000  48.7%   8.8  530s
 4966147 2230627 infeasible   95       152.00000   78.00000  48.7%   8.8  535s
 5001044 2245726  107.90000   77   32  152.00000   78.00000  48.7%   8.8  540s
 5013318 2250638  135.00000   73   29  152.00000   78.00000  48.7%   8.8  545s
 5033900 2259504  120.11607   83   23  152.00000   78.01929  48.7%   8.8  550s
 5056353 2271350  126.80000   81   18  152.00000   78.05773  48.6%   8.8  555s
 5095210 2286736  118.00000   76   20  152.00000   78.09184  48.6%   8.8  560s
 5132758 2302815   80.00000   66   29  152.00000   78.14298  48.6%   8.8  565s
 5170942 2318911  140.40000   72   23  152.00000   78.24693  48.5%   8.7  570s
 5189409 2327528  114.00000   78   26  152.00000   78.31304  48.5%   8.7  575s
 5227798 2344423  124.56652   75   23  152.00000   78.58268  48.3%   8.7  580s
 5265805 2358567  107.37500   76   21  152.00000   78.86275  48.1%   8.7  585s
 5304231 2374768 infeasible   74       152.00000   78.99693  48.0%   8.7  590s
 5335418 2388485  142.00000   87   20  152.00000   79.00000  48.0%   8.7  596s
 5351586 2396789  132.00000   78   23  152.00000   79.00000  48.0%   8.7  601s
 5382750 2410321 infeasible   89       152.00000   79.00000  48.0%   8.7  605s
 5420789 2426254 infeasible   95       152.00000   79.00000  48.0%   8.7  610s
 5456620 2442444  123.00000   70   22  152.00000   79.00000  48.0%   8.7  615s
 5486061 2453569  104.27916   70   24  152.00000   79.00000  48.0%   8.7  621s
 5506799 2463915  149.00000   76   10  152.00000   79.00000  48.0%   8.7  625s
 5540121 2480016   79.00000   72   28  152.00000   79.00000  48.0%   8.7  630s
 5577135 2493882  103.24087   74   25  152.00000   79.00000  48.0%   8.7  635s
 5588422 2498018  122.00000   74   18  152.00000   79.00000  48.0%   8.7  640s
 5620272 2512507  113.00000   75   23  152.00000   79.00000  48.0%   8.7  645s
 5639720 2519608  111.05882   78   20  152.00000   79.00000  48.0%   8.7  650s
 5667584 2532027  105.00000   77   26  152.00000   79.00000  48.0%   8.7  655s
 5704433 2546405 infeasible   73       152.00000   79.00000  48.0%   8.7  660s
 5735029 2559397 infeasible   76       152.00000   79.00000  48.0%   8.7  665s
 5753042 2569024  139.07407   76   18  152.00000   79.00000  48.0%   8.7  670s
 5781351 2578433   79.25473   64   33  152.00000   79.00000  48.0%   8.7  676s
 5797404 2588298  111.10994   83   22  152.00000   79.00000  48.0%   8.7  682s
 5822950 2596818  109.38255   69   24  152.00000   79.00000  48.0%   8.7  685s
 5860110 2611566 infeasible   90       152.00000   79.00000  48.0%   8.7  690s
 5887612 2622620 infeasible   87       152.00000   79.00000  48.0%   8.6  697s
 5904379 2630188 infeasible   82       152.00000   79.00000  48.0%   8.6  700s
 5938764 2644754 infeasible   83       152.00000   79.00000  48.0%   8.6  705s
 5971610 2658549  109.00000   79   28  152.00000   79.00000  48.0%   8.6  710s
 6001678 2672981  132.52941   82   20  152.00000   79.00000  48.0%   8.6  715s
 6040519 2687926  106.00000   71   28  152.00000   79.00000  48.0%   8.6  720s
 6062624 2696960  102.00000   76   33  152.00000   79.00000  48.0%   8.6  726s
 6080076 2706498   79.00000   74   33  152.00000   79.00000  48.0%   8.6  730s
 6114919 2719262  110.08936   71   18  152.00000   79.00000  48.0%   8.6  735s
 6143698 2730977 infeasible   93       152.00000   79.00000  48.0%   8.6  743s
 6143726 2736986  138.00000   93    9  152.00000   79.00000  48.0%   8.6  747s
 6163620 2741936   79.25921   68   35  152.00000   79.00000  48.0%   8.6  750s
 6171937 2748808  147.11607   79   18  152.00000   79.00000  48.0%   8.6  755s
 6202977 2756362  139.00000   79   18  152.00000   79.00000  48.0%   8.6  760s
 6235507 2769799  102.00000   68   34  152.00000   79.00000  48.0%   8.6  765s
 6265147 2783358   95.00000   65   26  152.00000   79.00000  48.0%   8.6  770s
 6299449 2795806  126.00000   73   22  152.00000   79.00000  48.0%   8.6  775s
 6321448 2804458  117.13462   79   21  152.00000   79.00000  48.0%   8.6  781s
 6339041 2811925  133.00000   83   20  152.00000   79.00000  48.0%   8.6  785s
 6370688 2825816  124.00000   92   22  152.00000   79.00000  48.0%   8.6  790s
 6400260 2838473   82.00000   71   31  152.00000   79.00000  48.0%   8.6  795s
 6432709 2852128   99.44550   74   25  152.00000   79.01840  48.0%   8.6  800s
 6465854 2865465 infeasible   81       152.00000   79.05882  48.0%   8.6  805s
 6476971 2870298  116.00000   79   26  152.00000   79.06731  48.0%   8.6  810s
 6507996 2883839 infeasible   77       152.00000   79.09743  48.0%   8.6  815s
 6540256 2897938  122.12437   94   30  152.00000   79.13274  47.9%   8.6  820s
 6570928 2912091   99.00000   69   24  152.00000   79.18255  47.9%   8.6  825s
 6604842 2925644  117.37533   72   25  152.00000   79.29495  47.8%   8.6  830s
 6637379 2939003  113.00000   75   22  152.00000   79.50769  47.7%   8.6  835s
 6667125 2951555   93.00000   77   23  152.00000   79.70371  47.6%   8.6  840s
 6677705 2955145 infeasible   94       152.00000   79.79310  47.5%   8.6  845s
 6706814 2967180 infeasible   95       152.00000   79.90274  47.4%   8.6  850s
 6723254 2974085   88.00000   72   31  152.00000   79.94269  47.4%   8.6  855s
 6753371 2987724  132.00000   77   22  152.00000   80.00000  47.4%   8.6  860s
 6781423 3003213   92.00000   74   22  152.00000   80.00000  47.4%   8.6  865s
 6813827 3015337 infeasible   74       152.00000   80.00000  47.4%   8.6  870s
 6844179 3028572  106.25000   68   23  152.00000   80.00000  47.4%   8.5  875s
 6874419 3040865  133.53846   74   20  152.00000   80.00000  47.4%   8.5  880s
 6904252 3053248  108.18460   69   26  152.00000   80.00000  47.4%   8.5  885s
 6933152 3066011   80.00000   67   29  152.00000   80.00000  47.4%   8.5  890s
 6964632 3079043  122.00000   86   19  152.00000   80.00000  47.4%   8.5  895s
 6995358 3093403  100.23009   60   21  152.00000   80.00000  47.4%   8.5  900s
 7024239 3102627   80.00000   67   29  152.00000   80.00000  47.4%   8.5  905s
 7054317 3116176  117.00000   83   26  152.00000   80.00000  47.4%   8.5  910s
 7082076 3126483   80.00000   73   29  152.00000   80.00000  47.4%   8.5  915s
 7106633 3139847  133.75000   84   20  152.00000   80.00000  47.4%   8.5  920s
 7140151 3150303 infeasible   94       152.00000   80.00000  47.4%   8.5  925s
 7165609 3162092  138.84615   90   17  152.00000   80.00000  47.4%   8.5  930s
 7196243 3173944  128.00000   86   16  152.00000   80.00000  47.4%   8.5  935s
 7223019 3184090 infeasible   77       152.00000   80.00000  47.4%   8.5  940s
 7251758 3196913   94.00000   78   24  152.00000   80.00000  47.4%   8.5  945s
 7281416 3209117  104.39009   70   25  152.00000   80.00000  47.4%   8.5  950s
 7309457 3220523 infeasible   81       152.00000   80.00000  47.4%   8.5  955s
 7340921 3235844   93.00000   76   27  152.00000   80.00000  47.4%   8.5  961s
 7356392 3238177   80.00000   75   32  152.00000   80.00000  47.4%   8.5  966s
 7372845 3245430  121.84211   75   21  152.00000   80.00000  47.4%   8.5  970s
 7401298 3256867 infeasible   96       152.00000   80.00000  47.4%   8.5  975s
 7428790 3268582  139.00000   92   18  152.00000   80.00000  47.4%   8.5  980s
 7455255 3280043  121.06604   73   24  152.00000   80.00000  47.4%   8.5  985s
 7483190 3291433  133.00000   80   20  152.00000   80.00000  47.4%   8.5  990s
 7512594 3303248  135.00000   90   21  152.00000   80.00000  47.4%   8.5  995s
 7544182 3315010 infeasible   86       152.00000   80.00000  47.4%   8.5 1000s
 7567768 3325587  112.00000   64   25  152.00000   80.00000  47.4%   8.5 1005s
 7594588 3335011 infeasible   95       152.00000   80.00000  47.4%   8.5 1010s
 7622117 3347499   82.00000   79   31  152.00000   80.00000  47.4%   8.5 1015s
 7650471 3360779  125.00000   72   25  152.00000   80.00000  47.4%   8.5 1020s
 7678210 3369136 infeasible   87       152.00000   80.00000  47.4%   8.5 1025s
 7705852 3380283  141.21101   76   21  152.00000   80.00000  47.4%   8.4 1030s
 7729899 3390405 infeasible   80       152.00000   80.00000  47.4%   8.4 1035s
 7756249 3401555   90.32630   73   33  152.00000   80.00000  47.4%   8.4 1040s
 7784000 3413061  106.28742   77   26  152.00000   80.00000  47.4%   8.4 1045s
 7813523 3425244  138.00000   81   13  152.00000   80.00000  47.4%   8.4 1050s
 7839141 3435514 infeasible   82       152.00000   80.00000  47.4%   8.4 1055s
 7866848 3445929 infeasible   91       152.00000   80.00000  47.4%   8.4 1060s
 7892666 3456277  145.00000   94   15  152.00000   80.00000  47.4%   8.4 1065s
 7916838 3466910  105.38261   73   28  152.00000   80.00000  47.4%   8.4 1070s
 7943929 3477858  131.00000   84   16  152.00000   80.00000  47.4%   8.4 1075s
 7968521 3487642  120.07547   85   22  152.00000   80.04630  47.3%   8.4 1080s
 7996131 3498053  146.00000   89   18  152.00000   80.06776  47.3%   8.4 1085s
 8021921 3510003  107.00000   81   27  152.00000   80.09524  47.3%   8.4 1090s
 8049656 3520660  142.00000   81   18  152.00000   80.12037  47.3%   8.4 1095s
 8077231 3532617   89.03302   68   30  152.00000   80.15652  47.3%   8.4 1100s
 8102556 3543994  120.00000   88   22  152.00000   80.22155  47.2%   8.4 1105s
 8131231 3554851  106.00000   73   24  152.00000   80.30079  47.2%   8.4 1110s
 8160090 3567421  104.00000   85   24  152.00000   80.46233  47.1%   8.4 1115s
 8187229 3578419   90.00000   78   28  152.00000   80.61949  47.0%   8.4 1120s
 8215265 3588795 infeasible   89       152.00000   80.77941  46.9%   8.4 1125s
 8239945 3599242  112.00000   74   26  152.00000   80.87851  46.8%   8.4 1130s
 8268455 3609794  136.00000   76   18  152.00000   80.94118  46.7%   8.4 1135s
 8294125 3620536 infeasible   88       152.00000   81.00000  46.7%   8.4 1140s
 8317248 3630956  101.00000   69   22  152.00000   81.00000  46.7%   8.4 1145s
 8343034 3642106 infeasible   83       152.00000   81.00000  46.7%   8.4 1150s
 8370392 3654400 infeasible   97       152.00000   81.00000  46.7%   8.4 1155s
 8395090 3664378   81.00000   76   26  152.00000   81.00000  46.7%   8.4 1160s
 8417779 3675083  106.00000   74   21  152.00000   81.00000  46.7%   8.4 1165s
 8443435 3685587  109.00000   74   20  152.00000   81.00000  46.7%   8.4 1170s
 8466626 3695534  120.00000   91   20  152.00000   81.00000  46.7%   8.4 1175s
 8494287 3705798  140.11404   73   23  152.00000   81.00000  46.7%   8.4 1180s
 8516795 3714724  102.00000   76   24  152.00000   81.00000  46.7%   8.4 1185s
 8538001 3722973 infeasible   93       152.00000   81.00000  46.7%   8.4 1191s
 8551779 3730166  111.00000   86   21  152.00000   81.00000  46.7%   8.4 1195s
 8577970 3740298  103.11510   84   24  152.00000   81.00000  46.7%   8.4 1200s
 8604088 3751169  143.00000   89   18  152.00000   81.00000  46.7%   8.4 1205s
 8627233 3759464  117.00000   80   31  152.00000   81.00000  46.7%   8.4 1210s
 8651623 3772220  128.00000   81   18  152.00000   81.00000  46.7%   8.4 1215s
 8673833 3781450  133.00000   74   17  152.00000   81.00000  46.7%   8.4 1220s
 8700888 3789493   97.00000   79   28  152.00000   81.00000  46.7%   8.4 1225s
 8728094 3800293 infeasible   75       152.00000   81.00000  46.7%   8.3 1230s
 8752530 3810016  106.00000   68   23  152.00000   81.00000  46.7%   8.3 1235s
 8771721 3818642   99.91990   68   29  152.00000   81.00000  46.7%   8.3 1240s
 8797711 3828997  121.10660   76   27  152.00000   81.00000  46.7%   8.3 1245s
 8820270 3837321   98.00000   74   27  152.00000   81.00000  46.7%   8.3 1250s
 8842382 3846825  113.00000   81   25  152.00000   81.00000  46.7%   8.3 1255s
 8866076 3857033  129.00000   88   15  152.00000   81.00000  46.7%   8.3 1260s
 8883214 3862695  106.23148   77   25  152.00000   81.00000  46.7%   8.3 1267s
 8894289 3867702   84.00000   62   30  152.00000   81.00000  46.7%   8.3 1270s
 8914721 3875944 infeasible   94       152.00000   81.00000  46.7%   8.3 1275s
 8934907 3884670  106.00000   79   23  152.00000   81.00000  46.7%   8.3 1280s
 8961173 3894078  100.00000   65   29  152.00000   81.00000  46.7%   8.3 1285s
 8983820 3906180  126.00000   87   23  152.00000   81.00000  46.7%   8.3 1291s
 9005451 3913892  127.00000   74   18  152.00000   81.00000  46.7%   8.3 1295s
 9029801 3921676  121.17647   82   19  152.00000   81.00000  46.7%   8.3 1300s
 9053650 3930170  121.00000   84   19  152.00000   81.00000  46.7%   8.3 1305s
 9078537 3940271  119.00000   76   23  152.00000   81.00000  46.7%   8.3 1310s
 9101466 3950412  141.00000   80   20  152.00000   81.00000  46.7%   8.3 1315s
 9123339 3959299  129.00000   89   16  152.00000   81.00000  46.7%   8.3 1320s
 9146591 3967678  121.11772   84   27  152.00000   81.00000  46.7%   8.3 1325s
 9171811 3978823  147.00000   98   17  152.00000   81.00000  46.7%   8.3 1330s
 9194228 3990780  119.00000   78   17  152.00000   81.00000  46.7%   8.3 1336s
 9215811 3995177  149.00000   90   13  152.00000   81.00000  46.7%   8.3 1340s
 9236890 4004817 infeasible   80       152.00000   81.00000  46.7%   8.3 1345s
 9259790 4015604  124.94444   82   20  152.00000   81.00000  46.7%   8.3 1351s
 9279450 4021161  112.00000   83   22  152.00000   81.00000  46.7%   8.3 1355s
 9302027 4032033   98.96429   70   29  152.00000   81.00000  46.7%   8.3 1360s
 9325699 4039885  132.00000   76   17  152.00000   81.00000  46.7%   8.3 1365s
 9347148 4047208 infeasible   90       152.00000   81.00000  46.7%   8.3 1370s
 9370291 4056178 infeasible   90       152.00000   81.00000  46.7%   8.3 1375s
 9391065 4065909  107.00000   72   27  152.00000   81.00000  46.7%   8.3 1380s
 9414167 4077668  145.00000   86   14  152.00000   81.00000  46.7%   8.3 1386s
 9436027 4085397  142.00000   82   16  152.00000   81.00000  46.7%   8.3 1391s
 9456617 4093825   91.00000   88   29  152.00000   81.00000  46.7%   8.3 1396s
 9478577 4103290  140.00000   71   16  152.00000   81.00000  46.7%   8.3 1401s
 9500246 4109844  110.00000   72   23  152.00000   81.00113  46.7%   8.3 1405s
 9523380 4117700  117.00000   69   21  152.00000   81.03774  46.7%   8.3 1410s
 9543858 4128539  106.00000   69   25  152.00000   81.05882  46.7%   8.3 1415s
 9564786 4138929  139.11111   79   19  152.00000   81.07105  46.7%   8.3 1420s
 9590958 4146585  123.00000   91   17  152.00000   81.08936  46.7%   8.3 1425s
 9612679 4155604  101.00000   74   25  152.00000   81.11051  46.6%   8.3 1430s
 9634826 4164241  120.00000   80   26  152.00000   81.13274  46.6%   8.3 1435s
 9659600 4174421  113.15652   74   26  152.00000   81.15652  46.6%   8.3 1440s
 9678998 4182280  144.00000   83   13  152.00000   81.18369  46.6%   8.3 1448s
 9684162 4185615 infeasible   74       152.00000   81.19692  46.6%   8.3 1450s
 9705189 4193935  120.02830   82   19  152.00000   81.24878  46.5%   8.3 1455s
 9728280 4202383 infeasible   80       152.00000   81.29270  46.5%   8.3 1460s
 9749508 4211532  118.00000   80   21  152.00000   81.36355  46.5%   8.3 1465s
 9771910 4220105 infeasible   86       152.00000   81.47242  46.4%   8.3 1470s
 9793652 4228439  108.28876   75   26  152.00000   81.58175  46.3%   8.3 1475s
 9813555 4236738  140.03302   81   18  152.00000   81.68185  46.3%   8.3 1480s
 9836124 4244889  127.00000   89   16  152.00000   81.78949  46.2%   8.3 1485s
 9857707 4253316  115.00000   82   27  152.00000   81.86180  46.1%   8.3 1490s
 9878264 4262766  135.52525   80   19  152.00000   81.90421  46.1%   8.3 1495s
 9901156 4272330  116.00852   85   24  152.00000   81.95782  46.1%   8.3 1500s
 9921125 4280634  109.00000   74   20  152.00000   82.00000  46.1%   8.3 1505s
 9942161 4289680  132.00000   66   16  152.00000   82.00000  46.1%   8.3 1510s
 9963304 4297414   94.00000   69   25  152.00000   82.00000  46.1%   8.3 1515s
 9982565 4306861  146.00000   81   12  152.00000   82.00000  46.1%   8.3 1520s
 10004474 4316174 infeasible   76       152.00000   82.00000  46.1%   8.3 1525s
 10027721 4325127  100.00000   73   24  152.00000   82.00000  46.1%   8.3 1530s
 10049170 4334767  127.29412   68   21  152.00000   82.00000  46.1%   8.3 1535s
 10070812 4342283  103.00000   76   24  152.00000   82.00000  46.1%   8.3 1540s
 10093925 4351827  105.00000   72   25  152.00000   82.00000  46.1%   8.3 1545s
 10108817 4361602  111.95696   75   21  152.00000   82.00000  46.1%   8.3 1550s
 10132498 4371154 infeasible   78       152.00000   82.00000  46.1%   8.3 1556s
 10152815 4376287   82.00000   63   29  152.00000   82.00000  46.1%   8.3 1560s
 10173146 4385693 infeasible   91       152.00000   82.00000  46.1%   8.3 1565s
 10187827 4390124   87.00000   70   26  152.00000   82.00000  46.1%   8.3 1573s
 10190901 4392955   95.00000   84   28  152.00000   82.00000  46.1%   8.3 1575s
 10214219 4401193 infeasible   83       152.00000   82.00000  46.1%   8.3 1580s
 10234225 4409495 infeasible   92       152.00000   82.00000  46.1%   8.3 1585s
 10254552 4419070  129.11966   77   22  152.00000   82.00000  46.1%   8.3 1590s
 10275223 4428032  102.00000   75   24  152.00000   82.00000  46.1%   8.3 1595s
 10295881 4435206 infeasible   94       152.00000   82.00000  46.1%   8.3 1600s
 10311582 4444328   95.10880   71   29  152.00000   82.00000  46.1%   8.3 1605s
 10335052 4451898   96.59329   65   28  152.00000   82.00000  46.1%   8.2 1610s
 10353284 4461296  120.00000   75   22  152.00000   82.00000  46.1%   8.2 1615s
 10374794 4469210   93.00000   85   26  152.00000   82.00000  46.1%   8.2 1620s
 10398816 4475736  124.00000   78   21  152.00000   82.00000  46.1%   8.2 1625s
 10420360 4484270 infeasible   81       152.00000   82.00000  46.1%   8.2 1630s
 10441457 4492620  144.00000   77   16  152.00000   82.00000  46.1%   8.2 1635s
 10461507 4501494   91.15789   66   25  152.00000   82.00000  46.1%   8.2 1640s
 10481612 4511352   94.41176   80   28  152.00000   82.00000  46.1%   8.2 1645s
 10503543 4517075 infeasible   78       152.00000   82.00000  46.1%   8.2 1650s
 10520862 4524816  107.00000   78   24  152.00000   82.00000  46.1%   8.2 1655s
 10540330 4532769  127.00000   76   19  152.00000   82.00000  46.1%   8.2 1660s
 10561243 4540081  115.92587   74   25  152.00000   82.00000  46.1%   8.2 1665s
 10581717 4548452  137.00000   81   17  152.00000   82.00000  46.1%   8.2 1670s
 10604276 4558511  129.21622   86   19  152.00000   82.00000  46.1%   8.2 1675s
 10625894 4567296  144.00000   80   19  152.00000   82.00000  46.1%   8.2 1680s
 10647586 4575660 infeasible   82       152.00000   82.00000  46.1%   8.2 1685s
 10669833 4584536  135.00000   90   18  152.00000   82.00000  46.1%   8.2 1690s
 10692838 4593886  136.00000   85   17  152.00000   82.00000  46.1%   8.2 1695s
 10713077 4602312  105.17105   70   25  152.00000   82.00000  46.1%   8.2 1700s
 10735944 4611258  146.00000   74   12  152.00000   82.00000  46.1%   8.2 1705s
 10757767 4619762  111.08438   94   27  152.00000   82.00000  46.1%   8.2 1710s
 10781793 4629199 infeasible   90       152.00000   82.00000  46.1%   8.2 1715s
 10802312 4637489   86.09667   74   31  152.00000   82.00000  46.1%   8.2 1720s
 10826398 4645489  132.00000   70   18  152.00000   82.00000  46.1%   8.2 1725s
 10844604 4656243  145.00000   80   11  152.00000   82.00000  46.1%   8.2 1730s
 10866603 4664428  121.00000   85   20  152.00000   82.00000  46.1%   8.2 1736s
 10889855 4670301   92.00000   71   29  152.00000   82.00000  46.1%   8.2 1740s
 10908499 4681148   94.11765   64   27  152.00000   82.00000  46.1%   8.2 1746s
 10929613 4689472  130.00870   84   20  152.00000   82.00000  46.1%   8.2 1751s
 10951613 4695382  137.00000   88   21  152.00000   82.00000  46.1%   8.2 1755s
 10971546 4704241   92.00000   79   27  152.00000   82.00000  46.1%   8.2 1760s
 10992833 4712781  102.39402   75   26  152.00000   82.00000  46.1%   8.2 1765s
 11015633 4720673  103.00000   65   23  152.00000   82.00000  46.1%   8.2 1770s
 11033496 4728462   95.00000   61   25  152.00000   82.00000  46.1%   8.2 1775s
 11055887 4737342  122.29412   87   18  152.00000   82.00000  46.1%   8.2 1780s
 11074981 4743350  126.00000   77   19  152.00000   82.00000  46.1%   8.2 1788s
 11077355 4744526  105.00000   72   25  152.00000   82.00000  46.1%   8.2 1790s
 11098473 4752793  135.00000   83   25  152.00000   82.00000  46.1%   8.2 1795s
 11119950 4761211  102.00000   83   27  152.00000   82.00000  46.1%   8.2 1800s
 11137445 4771061   83.16395   64   30  152.00000   82.00000  46.1%   8.2 1805s
 11160349 4779953  109.00000   75   22  152.00000   82.00000  46.1%   8.2 1810s
 11185030 4787466  103.00000   74   25  152.00000   82.00000  46.1%   8.2 1815s
 11208822 4795502 infeasible   84       152.00000   82.00000  46.1%   8.2 1820s
 11233579 4805480 infeasible   88       152.00000   82.00000  46.1%   8.2 1825s
 11254913 4815127   83.00000   75   31  152.00000   82.00000  46.1%   8.2 1830s
 11278755 4824368  130.85156   81   18  152.00000   82.00000  46.1%   8.2 1835s
 11301478 4832865  130.00000   81   15  152.00000   82.00000  46.1%   8.2 1840s
 11326026 4843204  129.00000   77   19  152.00000   82.00000  46.1%   8.2 1845s
 11349347 4851217  128.00000   97   15  152.00000   82.00000  46.1%   8.2 1850s
 11372846 4860929   82.00760   64   34  152.00000   82.00000  46.1%   8.2 1855s
 11394174 4869539  105.00000   78   26  152.00000   82.00000  46.1%   8.2 1860s
 11418128 4878536  126.04673   79   24  152.00000   82.01634  46.0%   8.2 1865s
 11441923 4890052 infeasible   86       152.00000   82.03774  46.0%   8.2 1870s
 11466724 4898534  138.00000   80   16  152.00000   82.05882  46.0%   8.2 1875s
 11484650 4908617  120.23709   78   25  152.00000   82.06542  46.0%   8.2 1880s
 11507318 4918901  130.13636   94   20  152.00000   82.08254  46.0%   8.2 1885s
 11535117 4927103 infeasible   95       152.00000   82.09259  46.0%   8.2 1890s
 11557393 4936376   87.80035   74   29  152.00000   82.11222  46.0%   8.2 1895s
 11578819 4946137 infeasible   87       152.00000   82.12963  46.0%   8.2 1900s
 11602562 4955238  147.00000   88   16  152.00000   82.15351  46.0%   8.2 1905s
 11625855 4965429  108.00000   79   24  152.00000   82.17105  45.9%   8.2 1910s
 11648727 4974778  140.00000   74   14  152.00000   82.20201  45.9%   8.2 1915s
 11670546 4983463  136.00000   76   26  152.00000   82.24200  45.9%   8.2 1920s
 11693468 4992923   84.00000   68   23  152.00000   82.28369  45.9%   8.2 1925s
 11716822 5001459  141.08936   77   19  152.00000   82.31960  45.8%   8.2 1930s
 11736594 5009477  124.00000   85   21  152.00000   82.37647  45.8%   8.2 1935s
 11759616 5018479  109.28030   78   26  152.00000   82.45657  45.8%   8.2 1940s
 11783386 5028499  122.00000   82   26  152.00000   82.52941  45.7%   8.2 1945s
 11805801 5037168  109.00000   76   27  152.00000   82.61945  45.6%   8.2 1950s
 11828745 5046444  127.00000   89   23  152.00000   82.70000  45.6%   8.2 1955s
 11851996 5055181   90.00000   67   26  152.00000   82.78947  45.5%   8.2 1960s
 11873617 5065885  109.07547   82   21  152.00000   82.83894  45.5%   8.2 1965s
 11894239 5073976   98.11429   78   25  152.00000   82.88531  45.5%   8.2 1970s
 11917548 5081776  111.00000   84   19  152.00000   82.92000  45.4%   8.2 1975s
 11926371 5084316 infeasible   87       152.00000   82.93843  45.4%   8.2 1982s
 11934279 5088483   85.00000   74   26  152.00000   82.94990  45.4%   8.2 1985s
 11954886 5097267 infeasible   70       152.00000   82.98433  45.4%   8.2 1990s
 11975737 5106040 infeasible   78       152.00000   83.00000  45.4%   8.2 1995s
 11994644 5112924 infeasible   91       152.00000   83.00000  45.4%   8.2 2000s
 12012767 5121870  107.00000   73   23  152.00000   83.00000  45.4%   8.2 2005s
 12033237 5128691 infeasible   94       152.00000   83.00000  45.4%   8.2 2010s
 12052147 5137042 infeasible   82       152.00000   83.00000  45.4%   8.2 2015s
 12075402 5147098 infeasible   92       152.00000   83.00000  45.4%   8.2 2020s
 12090117 5155970   99.00000   61   22  152.00000   83.00000  45.4%   8.2 2025s
 12111323 5164250   91.69564   69   25  152.00000   83.00000  45.4%   8.2 2031s
 12131030 5171662  106.00000   81   25  152.00000   83.00000  45.4%   8.2 2035s
 12151028 5178724   84.00000   68   26  152.00000   83.00000  45.4%   8.2 2040s
 12170005 5187414  111.00000   82   21  152.00000   83.00000  45.4%   8.2 2045s
 12191529 5195996   95.29412   79   25  152.00000   83.00000  45.4%   8.2 2050s
 12209902 5203223  117.00000   84   20  152.00000   83.00000  45.4%   8.2 2055s
 12228438 5210191  124.00000   87   26  152.00000   83.00000  45.4%   8.2 2060s
 12248959 5218548  101.11404   70   28  152.00000   83.00000  45.4%   8.2 2065s
 12267154 5227934  105.22231   63   23  152.00000   83.00000  45.4%   8.2 2070s
 12286934 5234534   87.00000   69   27  152.00000   83.00000  45.4%   8.2 2075s
 12304450 5242753  128.00000   76   17  152.00000   83.00000  45.4%   8.2 2080s
 12324036 5250410  124.05714   82   19  152.00000   83.00000  45.4%   8.2 2085s
 12343010 5257964   99.00000   74   26  152.00000   83.00000  45.4%   8.2 2090s
 12362368 5264768  126.00000   92   19  152.00000   83.00000  45.4%   8.2 2095s
 12381109 5272129  107.00000   84   24  152.00000   83.00000  45.4%   8.2 2100s
 12401129 5279897   87.00000   84   26  152.00000   83.00000  45.4%   8.2 2105s
 12419014 5288369   95.61983   77   26  152.00000   83.00000  45.4%   8.1 2110s
 12439084 5295651 infeasible   88       152.00000   83.00000  45.4%   8.1 2115s
 12457614 5303159  102.00000   90   25  152.00000   83.00000  45.4%   8.1 2120s
 12476234 5310227  108.00000   78   23  152.00000   83.00000  45.4%   8.1 2125s
 12492944 5318063  103.00000   77   25  152.00000   83.00000  45.4%   8.1 2130s
 12511639 5324190   89.77899   73   28  152.00000   83.00000  45.4%   8.1 2135s
 12531668 5332062  108.00000   72   20  152.00000   83.00000  45.4%   8.1 2140s
 12551378 5339903  112.00000   77   25  152.00000   83.00000  45.4%   8.1 2145s
 12566934 5349385  137.00000   79   21  152.00000   83.00000  45.4%   8.1 2151s
 12586277 5354494  115.00000   82   22  152.00000   83.00000  45.4%   8.1 2155s
 12607912 5361974 infeasible   80       152.00000   83.00000  45.4%   8.1 2160s
 12623278 5368799  115.11404   73   24  152.00000   83.00000  45.4%   8.1 2165s
 12642939 5376196  120.65714   79   22  152.00000   83.00000  45.4%   8.1 2170s
 12660187 5383033  114.00000   82   20  152.00000   83.00000  45.4%   8.1 2175s
 12676753 5390984   94.00000   80   30  152.00000   83.00000  45.4%   8.1 2180s
 12695943 5398722   98.18809   69   27  152.00000   83.00000  45.4%   8.1 2185s
 12715043 5406665  148.11510   71   16  152.00000   83.00000  45.4%   8.1 2190s
 12732908 5413442  102.00000   73   19  152.00000   83.00000  45.4%   8.1 2195s
 12753251 5420082 infeasible   90       152.00000   83.00000  45.4%   8.1 2200s
 12771757 5428408 infeasible   79       152.00000   83.00000  45.4%   8.1 2205s
 12793451 5435817  100.00000   74   24  152.00000   83.00000  45.4%   8.1 2210s
 12806120 5443268  132.00000   90   19  152.00000   83.00000  45.4%   8.1 2215s
 12825841 5449511  101.00000   80   30  152.00000   83.00000  45.4%   8.1 2220s
 12846459 5457056  104.00000   83   24  152.00000   83.00000  45.4%   8.1 2225s
 12863868 5464268  108.00000   76   22  152.00000   83.00000  45.4%   8.1 2230s
 12880997 5470605  147.16782   73   16  152.00000   83.00000  45.4%   8.1 2235s
 12889838 5474234  118.00000   73   18  152.00000   83.00000  45.4%   8.1 2242s
 12897271 5479252  138.00000   84   13  152.00000   83.00000  45.4%   8.1 2245s
 12921731 5485738   94.00000   83   27  152.00000   83.00000  45.4%   8.1 2250s
 12934042 5494190  133.00000   72   21  152.00000   83.00000  45.4%   8.1 2255s
 12955183 5502106  142.00000   79   20  152.00000   83.00000  45.4%   8.1 2261s
 12974126 5507413  107.00000   71   26  152.00000   83.00000  45.4%   8.1 2265s
 12992837 5513508  103.00000   77   24  152.00000   83.00000  45.4%   8.1 2270s
 13009545 5520156  133.00000   75   14  152.00000   83.00000  45.4%   8.1 2275s
 13028220 5527674   98.15478   86   25  152.00000   83.00000  45.4%   8.1 2280s
 13041542 5535919 infeasible   83       152.00000   83.00000  45.4%   8.1 2285s
 13062611 5541047  115.82353   71   20  152.00000   83.00000  45.4%   8.1 2290s
 13079783 5547623 infeasible   94       152.00000   83.00000  45.4%   8.1 2295s
 13097461 5555465  105.29412   72   23  152.00000   83.00000  45.4%   8.1 2300s
 13116698 5561817 infeasible   85       152.00000   83.00000  45.4%   8.1 2305s
 13131991 5568823 infeasible   92       152.00000   83.00000  45.4%   8.1 2310s
 13149767 5574166 infeasible   81       152.00000   83.00000  45.4%   8.1 2315s
 13165341 5581203  136.00000   79   15  152.00000   83.00000  45.4%   8.1 2320s
 13186842 5589493 infeasible   81       152.00000   83.00000  45.4%   8.1 2325s
 13205128 5596449  137.00000   95   18  152.00000   83.00000  45.4%   8.1 2330s
 13223372 5602564  108.00000   80   24  152.00000   83.00000  45.4%   8.1 2335s
 13242050 5609852 infeasible   79       152.00000   83.00000  45.4%   8.1 2340s
 13259054 5617620 infeasible   73       152.00000   83.00000  45.4%   8.1 2345s
 13276114 5625279   85.37318   70   26  152.00000   83.00000  45.4%   8.1 2350s
 13296665 5631250 infeasible   76       152.00000   83.00000  45.4%   8.1 2355s
 13314641 5638446  141.00000   74   17  152.00000   83.00000  45.4%   8.1 2360s
 13329677 5645843  128.44112   77   22  152.00000   83.00000  45.4%   8.1 2365s
 13348421 5652781  142.00000   93   16  152.00000   83.00000  45.4%   8.1 2370s
 13365288 5659500  108.08936   75   27  152.00000   83.00000  45.4%   8.1 2375s
 13381330 5665675  114.34631   84   23  152.00000   83.00000  45.4%   8.1 2380s
 13401964 5672659  130.12037   88   23  152.00000   83.00000  45.4%   8.1 2385s
 13419299 5679374  113.48024   69   24  152.00000   83.00000  45.4%   8.1 2390s
 13435930 5686589  133.06731   87   21  152.00000   83.00000  45.4%   8.1 2395s
 13453214 5693872  136.17213   83   17  152.00000   83.00000  45.4%   8.1 2400s
 13473010 5700786 infeasible   79       152.00000   83.00000  45.4%   8.1 2405s
 13488645 5707089 infeasible  100       152.00000   83.00000  45.4%   8.1 2410s
 13506239 5714015  107.33689   74   23  152.00000   83.00000  45.4%   8.1 2415s
 13522452 5720979  105.00000   75   28  152.00000   83.00000  45.4%   8.1 2420s
 13539585 5727683  130.28319   82   22  152.00000   83.00000  45.4%   8.1 2425s
 13556103 5733746  120.00000   86   25  152.00000   83.00000  45.4%   8.1 2430s
 13572307 5740190  122.00000   76   19  152.00000   83.00000  45.4%   8.1 2435s
 13590282 5749189  129.00000   83   28  152.00000   83.00000  45.4%   8.1 2441s
 13608535 5753045 infeasible   89       152.00000   83.00000  45.4%   8.1 2445s
 13625556 5760395  137.00000   80   21  152.00000   83.00000  45.4%   8.1 2450s
 13642189 5767320  119.11510   83   27  152.00000   83.00000  45.4%   8.1 2455s
 13656019 5774597  118.96958   82   25  152.00000   83.00000  45.4%   8.1 2460s
 13675858 5780479  125.88889   88   22  152.00000   83.00000  45.4%   8.1 2465s
 13696138 5787382 infeasible   80       152.00000   83.00000  45.4%   8.1 2470s
 13713419 5795233  134.85108   94   18  152.00000   83.00000  45.4%   8.1 2475s
 13729611 5800370  129.00000   81   22  152.00000   83.00000  45.4%   8.1 2485s
 13747440 5807486 infeasible   77       152.00000   83.00000  45.4%   8.1 2490s
 13762608 5814563 infeasible   80       152.00000   83.01241  45.4%   8.1 2495s
 13779240 5821784   89.20701   72   33  152.00000   83.02943  45.4%   8.1 2500s
 13798668 5829853   91.00000   63   25  152.00000   83.03774  45.4%   8.1 2505s
 13814581 5836228  141.00000   84   12  152.00000   83.04762  45.4%   8.1 2510s
 13831764 5843430  126.06250   74   18  152.00000   83.05702  45.4%   8.1 2515s
 13847532 5850320  113.05882   72   20  152.00000   83.05882  45.4%   8.1 2520s
 13866752 5857810   99.06731   77   22  152.00000   83.06731  45.4%   8.1 2525s
 13883463 5864347  114.42838   63   27  152.00000   83.07547  45.3%   8.1 2530s
 13902647 5870586 infeasible   81       152.00000   83.08747  45.3%   8.1 2535s
 13922131 5878423  100.00000   67   26  152.00000   83.09184  45.3%   8.1 2540s
 13935179 5886813   92.00000   75   27  152.00000   83.10185  45.3%   8.1 2546s
 13951743 5891652  103.00000   77   20  152.00000   83.10927  45.3%   8.1 2550s
 13969053 5898873  141.00000   91   15  152.00000   83.11782  45.3%   8.1 2555s
 13986796 5906096 infeasible   63       152.00000   83.12692  45.3%   8.1 2560s
 14006381 5913697  103.00000   74   26  152.00000   83.14123  45.3%   8.1 2565s
 14021563 5920688  107.00000   78   25  152.00000   83.15280  45.3%   8.1 2570s
 14037569 5928088   84.00000   73   31  152.00000   83.15849  45.3%   8.1 2575s
 14052386 5934413  120.13158   73   20  152.00000   83.17105  45.3%   8.1 2580s
 14067420 5942131  138.00000   77   20  152.00000   83.18120  45.3%   8.1 2585s
 14085606 5947664  150.00000   79   13  152.00000   83.20009  45.3%   8.1 2590s
 14101707 5954019 infeasible   72       152.00000   83.22203  45.2%   8.1 2595s
 14119138 5960457  115.00000   81   23  152.00000   83.24236  45.2%   8.1 2600s
 14133657 5968622  122.00000   76   20  152.00000   83.25954  45.2%   8.1 2605s
 14151787 5974691   89.00000   72   31  152.00000   83.28814  45.2%   8.1 2610s
 14167675 5980596   83.45990   61   32  152.00000   83.30441  45.2%   8.1 2615s
 14186032 5988010  145.00000   74   15  152.00000   83.33333  45.2%   8.1 2620s
 14198960 5995371  132.17431   84   24  152.00000   83.36190  45.2%   8.1 2625s
 14219336 6000904  124.00000   89   17  152.00000   83.40523  45.1%   8.1 2630s
 14233605 6007326  131.17872   86   18  152.00000   83.44197  45.1%   8.1 2635s
 14251269 6014135   83.69871   74   30  152.00000   83.48936  45.1%   8.1 2640s
 14268400 6020470  131.00000   70   15  152.00000   83.52717  45.0%   8.1 2645s
 14284277 6026473  105.05786   71   22  152.00000   83.56790  45.0%   8.1 2650s
 14301937 6032506 infeasible   88       152.00000   83.61983  45.0%   8.1 2655s
 14317903 6039215  107.00000   81   23  152.00000   83.66667  45.0%   8.1 2660s
 14334223 6045716  114.23529   68   20  152.00000   83.70961  44.9%   8.1 2665s
 14351759 6052374  115.00000   82   25  152.00000   83.75260  44.9%   8.1 2670s
 14366683 6060613  127.00000   75   23  152.00000   83.78947  44.9%   8.1 2676s
 14383703 6065815  113.60294   79   25  152.00000   83.81847  44.9%   8.1 2680s
 14398666 6071406  138.09009   61   16  152.00000   83.84320  44.8%   8.1 2685s
 14417024 6077560  147.00000   83   11  152.00000   83.87409  44.8%   8.1 2690s
 14430159 6084053  104.00000   81   24  152.00000   83.89722  44.8%   8.1 2695s
 14448201 6091199  112.00000   70   25  152.00000   83.91416  44.8%   8.1 2700s
 14462903 6097790   94.00000   72   29  152.00000   83.94027  44.8%   8.1 2705s
 14474728 6100981  146.00000   85   15  152.00000   83.94118  44.8%   8.1 2715s
 14486335 6106813  138.00000   88   17  152.00000   83.95843  44.8%   8.1 2720s
 14504505 6114367  119.00000   88   21  152.00000   83.97790  44.8%   8.1 2725s
 14521653 6121848  137.70588   88   17  152.00000   84.00000  44.7%   8.1 2730s
 14538322 6129596  107.00000   86   21  152.00000   84.00000  44.7%   8.1 2736s
 14556948 6135055  126.00000   86   21  152.00000   84.00000  44.7%   8.1 2740s
 14573122 6143272  110.19496   83   25  152.00000   84.00000  44.7%   8.1 2745s
 14590551 6149623  114.00000   74   21  152.00000   84.00000  44.7%   8.1 2750s
 14606105 6158993 infeasible   91       152.00000   84.00000  44.7%   8.1 2756s
 14620780 6163929   95.00000   69   21  152.00000   84.00000  44.7%   8.1 2760s
 14640307 6170991 infeasible   89       152.00000   84.00000  44.7%   8.1 2765s
 14658223 6178845  137.22222   76   17  152.00000   84.00000  44.7%   8.1 2770s
 14672888 6188611  129.00000   80   18  152.00000   84.00000  44.7%   8.1 2776s
 14691052 6193131 infeasible   73       152.00000   84.00000  44.7%   8.1 2780s
 14706854 6200985  118.20561   76   21  152.00000   84.00000  44.7%   8.1 2785s
 14721860 6206172 infeasible   81       152.00000   84.00000  44.7%   8.1 2790s
 14735522 6211686   97.00000   72   21  152.00000   84.00000  44.7%   8.1 2802s
 14739950 6214186  110.00000   76   25  152.00000   84.00000  44.7%   8.1 2805s
 14753615 6220818  108.00000   98   22  152.00000   84.00000  44.7%   8.1 2810s
 14770914 6227648  108.00000   80   23  152.00000   84.00000  44.7%   8.1 2815s
 14787596 6233309  125.28775   82   20  152.00000   84.00000  44.7%   8.1 2820s
 14803275 6242692  141.23077   82   18  152.00000   84.00000  44.7%   8.1 2826s
 14820318 6246149   85.00000   65   30  152.00000   84.00000  44.7%   8.1 2830s
 14835111 6253334  123.00000   80   19  152.00000   84.00000  44.7%   8.1 2835s
 14851048 6257890 infeasible   86       152.00000   84.00000  44.7%   8.1 2840s
 14860700 6261517  145.00000   93   13  152.00000   84.00000  44.7%   8.1 2849s
 14860780 6261814  145.02419   94   15  152.00000   84.00000  44.7%   8.1 2850s
 14879033 6269334   88.00000   82   29  152.00000   84.00000  44.7%   8.0 2855s
 14890487 6276995 infeasible   76       152.00000   84.00000  44.7%   8.1 2861s
 14906660 6279925  121.34776   72   23  152.00000   84.00000  44.7%   8.0 2865s
 14921642 6287555  107.00000   68   31  152.00000   84.00000  44.7%   8.0 2870s
 14941138 6293684  102.00000   77   25  152.00000   84.00000  44.7%   8.0 2875s
 14951471 6298961  131.00000   81   18  152.00000   84.00000  44.7%   8.0 2880s
 14966315 6305082  131.00000   82   17  152.00000   84.00000  44.7%   8.0 2885s
 14980455 6311856  104.00000   71   23  152.00000   84.00000  44.7%   8.0 2890s
 14999515 6317674   85.60178   80   30  152.00000   84.00000  44.7%   8.0 2895s
 15015313 6324121   94.28491   81   24  152.00000   84.00000  44.7%   8.0 2900s
 15032428 6329762   91.00000   86   26  152.00000   84.00000  44.7%   8.0 2905s
 15047579 6337760  139.00000   91   15  152.00000   84.00000  44.7%   8.0 2911s
 15061240 6341978  138.00000   90   13  152.00000   84.00000  44.7%   8.0 2915s
 15079364 6348176 infeasible   82       152.00000   84.00000  44.7%   8.0 2920s
 15094723 6354027 infeasible   82       152.00000   84.00000  44.7%   8.0 2925s
 15110171 6361434   86.00000   76   28  152.00000   84.00000  44.7%   8.0 2930s
 15126307 6367511  131.00000   83   19  152.00000   84.00000  44.7%   8.0 2935s
 15135633 6373492 infeasible   74       152.00000   84.00000  44.7%   8.0 2940s
 15154847 6378983   84.00000   71   28  152.00000   84.00000  44.7%   8.0 2945s
 15168681 6384900  142.00000   73   15  152.00000   84.00000  44.7%   8.0 2950s
 15187280 6390430  130.00000   79   25  152.00000   84.00000  44.7%   8.0 2955s
 15191091 6391718  134.03774   80   16  152.00000   84.00000  44.7%   8.0 2964s
 15191836 6392370     cutoff   81       152.00000   84.00000  44.7%   8.0 2965s
 15206983 6399199  118.17872   70   18  152.00000   84.00000  44.7%   8.0 2970s
 15220078 6404615   89.00000   73   29  152.00000   84.00000  44.7%   8.0 2975s
 15236189 6411032  119.00000   84   16  152.00000   84.00000  44.7%   8.0 2980s
 15252706 6416518 infeasible   77       152.00000   84.00000  44.7%   8.0 2985s
 15265640 6422681   92.00000   82   28  152.00000   84.00000  44.7%   8.0 2990s
 15282728 6428210  101.49231   72   27  152.00000   84.00000  44.7%   8.0 2995s
 15297758 6433356   89.00000   80   26  152.00000   84.00000  44.7%   8.0 3000s
 15313667 6439269  119.00000   91   25  152.00000   84.00000  44.7%   8.0 3005s
 15328672 6445222  110.00000   82   25  152.00000   84.00000  44.7%   8.0 3010s
 15343346 6450898   94.00000   81   28  152.00000   84.00000  44.7%   8.0 3015s
 15358780 6456599  119.00000   70   22  152.00000   84.00000  44.7%   8.0 3020s
 15375344 6463360   99.00000   77   27  152.00000   84.00000  44.7%   8.0 3025s
 15388548 6469136   84.00000   66   28  152.00000   84.00000  44.7%   8.0 3030s
 15405652 6475236 infeasible   84       152.00000   84.00000  44.7%   8.0 3035s
 15416197 6478767 infeasible   86       152.00000   84.00000  44.7%   8.0 3046s
 15427371 6483627  117.00000   91   22  152.00000   84.00000  44.7%   8.0 3050s
 15440106 6490701   99.00000   79   24  152.00000   84.00000  44.7%   8.0 3055s
 15454856 6495583  137.02479   97   20  152.00000   84.00000  44.7%   8.0 3060s
 15469888 6500864   97.00000   67   30  152.00000   84.00000  44.7%   8.0 3065s
 15482994 6507103  143.31579   82   15  152.00000   84.00000  44.7%   8.0 3070s
 15499661 6513292  125.10280   77   18  152.00000   84.00000  44.7%   8.0 3075s
 15516175 6519919   99.00000   79   23  152.00000   84.00000  44.7%   8.0 3080s
 15531724 6526712  103.00000   68   24  152.00000   84.00000  44.7%   8.0 3085s
 15536469 6526711 infeasible   85       152.00000   84.00000  44.7%   8.0 3093s
 15539693 6529476  143.00000   76   13  152.00000   84.00000  44.7%   8.0 3095s
 15557631 6535314 infeasible   93       152.00000   84.00000  44.7%   8.0 3100s
 15571335 6541080  101.00000   78   28  152.00000   84.00000  44.7%   8.0 3105s
 15584531 6546913  113.00000   82   22  152.00000   84.00000  44.7%   8.0 3110s
 15601722 6552221  115.00000   82   17  152.00000   84.00000  44.7%   8.0 3115s
 15616080 6561819  128.90000   85   19  152.00000   84.00000  44.7%   8.0 3121s
 15631390 6564147 infeasible   78       152.00000   84.00000  44.7%   8.0 3125s
 15646801 6570592 infeasible   77       152.00000   84.00000  44.7%   8.0 3130s
 15660272 6579044   94.11510   77   29  152.00000   84.00000  44.7%   8.0 3136s
 15675733 6582801  134.00000   75   16  152.00000   84.00000  44.7%   8.0 3140s
 15690486 6587557  118.52143   70   26  152.00000   84.00000  44.7%   8.0 3145s
 15703291 6594748  144.00000   87   12  152.00000   84.00000  44.7%   8.0 3151s
 15718176 6598981   85.34978   75   29  152.00000   84.00000  44.7%   8.0 3155s
 15734104 6604737  140.00000   87   19  152.00000   84.00000  44.7%   8.0 3160s
 15747573 6612165   92.69422   71   27  152.00000   84.00000  44.7%   8.0 3166s
 15762172 6614678  106.71429   82   22  152.00000   84.00000  44.7%   8.0 3170s
 15777308 6620460   99.00000   68   27  152.00000   84.00000  44.7%   8.0 3175s
 15790893 6628927  117.53135   78   26  152.00000   84.00000  44.7%   8.0 3181s
 15805931 6631407 infeasible   96       152.00000   84.00000  44.7%   8.0 3185s
 15810909 6633040  112.82759   68   28  152.00000   84.00000  44.7%   8.0 3194s
 15811087 6638578  113.00000   69   25  152.00000   84.00000  44.7%   8.0 3200s
 15837646 6644314   98.00000   86   28  152.00000   84.00000  44.7%   8.0 3207s
 15849550 6648616  118.43333   76   22  152.00000   84.00000  44.7%   8.0 3210s
 15866427 6655613  103.00000   86   21  152.00000   84.00000  44.7%   8.0 3215s
 15880127 6661155  141.00000   90   19  152.00000   84.00000  44.7%   8.0 3220s
 15895002 6667464  120.11510   83   16  152.00000   84.00000  44.7%   8.0 3225s
 15909304 6672808  102.46233   88   28  152.00000   84.00000  44.7%   8.0 3230s
 15925177 6678127 infeasible   78       152.00000   84.00000  44.7%   8.0 3235s
 15940383 6684375  135.00000   75   18  152.00000   84.00000  44.7%   8.0 3240s
 15953263 6688482  143.00000   69   17  152.00000   84.00000  44.7%   8.0 3245s
 15967967 6694196 infeasible   96       152.00000   84.00000  44.7%   8.0 3250s
 15980355 6699755  124.00000   84   17  152.00000   84.00000  44.7%   8.0 3255s
 15996836 6705112  127.20253   73   17  152.00000   84.00000  44.7%   8.0 3260s
 16009612 6711340  110.00000   74   20  152.00000   84.00000  44.7%   8.0 3265s
 16023477 6715507  102.17805   79   30  152.00000   84.00000  44.7%   8.0 3270s
 16032891 6721942  141.00000   87   14  152.00000   84.00000  44.7%   8.0 3275s
 16046413 6724184 infeasible   90       152.00000   84.00000  44.7%   8.0 3283s
 16048433 6726535  101.94118   78   27  152.00000   84.00000  44.7%   8.0 3285s
 16064086 6732478 infeasible   79       152.00000   84.00000  44.7%   8.0 3291s
 16075138 6737913  126.00000   85   20  152.00000   84.00000  44.7%   8.0 3295s
 16093168 6742320  120.10243   78   26  152.00000   84.00000  44.7%   8.0 3300s
 16107934 6748094  106.83032   71   23  152.00000   84.00000  44.7%   8.0 3305s
 16121593 6753387 infeasible   88       152.00000   84.00000  44.7%   8.0 3310s
 16135653 6758470  129.00000   78   17  152.00000   84.00000  44.7%   8.0 3324s
 16135670 6758857  143.00000   76   15  152.00000   84.00000  44.7%   8.0 3325s
 16145651 6762258  126.85714   79   21  152.00000   84.00000  44.7%   8.0 3338s
 16146304 6763827  112.11009   82   21  152.00000   84.00000  44.7%   8.0 3340s
 16164139 6769644  143.54838   77   21  152.00000   84.00000  44.7%   8.0 3345s
 16175796 6775009  136.17647   85   13  152.00000   84.00000  44.7%   8.0 3350s
 16189111 6781302   88.60167   79   34  152.00000   84.00000  44.7%   8.0 3355s
 16204207 6784300 infeasible   88       152.00000   84.00000  44.7%   8.0 3360s
 16220845 6790593  107.00366   66   30  152.00000   84.00000  44.7%   8.0 3366s
 16231169 6794647  114.00000   74   22  152.00000   84.00000  44.7%   8.0 3370s
 16243945 6800261   97.00000   76   24  152.00000   84.00000  44.7%   8.0 3375s
 16262080 6806318   87.00000   72   29  152.00000   84.00000  44.7%   8.0 3380s
 16273667 6813002  106.62851   83   23  152.00000   84.00000  44.7%   8.0 3386s
 16287483 6817311  109.82484   79   27  152.00000   84.00000  44.7%   8.0 3390s
 16297094 6823172  108.00000   85   26  152.00000   84.00000  44.7%   8.0 3395s
 16317183 6827778  151.00000   83   15  152.00000   84.00000  44.7%   8.0 3400s
 16328345 6833486 infeasible   85       152.00000   84.00000  44.7%   8.0 3405s
 16345874 6838824  149.29412   77   18  152.00000   84.00000  44.7%   8.0 3410s
 16357941 6843371  104.00000   75   26  152.00000   84.00000  44.7%   8.0 3415s
 16371740 6848563  150.00000   79   12  152.00000   84.00000  44.7%   8.0 3420s
 16381762 6854569   84.00000   64   32  152.00000   84.00000  44.7%   8.0 3425s
 16397680 6859688  101.45201   75   26  152.00000   84.00000  44.7%   8.0 3431s
 16412100 6863924 infeasible   82       152.00000   84.00000  44.7%   8.0 3435s
 16423786 6872161   96.00000   64   27  152.00000   84.00000  44.7%   8.0 3441s
 16438587 6875111 infeasible   76       152.00000   84.00000  44.7%   8.0 3445s
 16452399 6879428  145.00000   85   17  152.00000   84.00000  44.7%   8.0 3450s
 16453221 6880245  142.00962   88   21  152.00000   84.00000  44.7%   8.0 3457s
 16458837 6883684   98.00000   76   27  152.00000   84.00000  44.7%   8.0 3460s
 16473266 6888597  133.05932   96   22  152.00000   84.00000  44.7%   8.0 3465s
 16488965 6894270 infeasible   92       152.00000   84.00000  44.7%   8.0 3470s
 16500217 6899240  132.19429   78   22  152.00000   84.00000  44.7%   8.0 3475s
 16508706 6901369  133.00000   78   18  152.00000   84.00000  44.7%   8.0 3482s
 16511282 6905337  128.08333   84   22  152.00000   84.00000  44.7%   8.0 3486s
 16527328 6909349   84.25234   74   28  152.00000   84.00000  44.7%   8.0 3490s
 16543638 6915921  142.00000   86   14  152.00000   84.00000  44.7%   8.0 3495s
 16557067 6921959  150.00000  104   12  152.00000   84.00000  44.7%   8.0 3500s
 16574183 6927459  101.00000   65   28  152.00000   84.00000  44.7%   8.0 3505s
 16588084 6933241   98.00000   75   27  152.00000   84.00000  44.7%   8.0 3510s
 16605156 6938563  109.00000   83   24  152.00000   84.00000  44.7%   8.0 3515s
 16618111 6944426  114.10811   80   26  152.00000   84.00000  44.7%   8.0 3520s
 16634859 6949914 infeasible   79       152.00000   84.00000  44.7%   8.0 3525s
 16644278 6956698   93.00000   73   34  152.00000   84.00000  44.7%   8.0 3530s
 16661951 6960925   85.00000   71   38  152.00000   84.00000  44.7%   8.0 3535s
 16677202 6966415   94.00000   79   30  152.00000   84.00935  44.7%   8.0 3540s
 16691347 6972382 infeasible   87       152.00000   84.01929  44.7%   8.0 3545s
 16705460 6979543  104.62500   73   19  152.00000   84.02683  44.7%   8.0 3550s
 16721720 6986565   84.39842   63   33  152.00000   84.03271  44.7%   8.0 3555s
 16738252 6992740  115.00000   78   22  152.00000   84.03571  44.7%   8.0 3560s
 16752303 7001529  119.00000   68   22  152.00000   84.04717  44.7%   8.0 3566s
 16764354 7003489 infeasible   73       152.00000   84.05357  44.7%   8.0 3577s
 16768247 7006640   96.11404   69   25  152.00000   84.05660  44.7%   8.0 3580s
 16784497 7013516  136.00000   77   14  152.00000   84.05882  44.7%   8.0 3585s
 16801283 7019314 infeasible   83       152.00000   84.06243  44.7%   8.0 3590s
 16812846 7024180 infeasible   84       152.00000   84.06542  44.7%   8.0 3595s
 16826441 7030142  122.00000   83   23  152.00000   84.06731  44.7%   8.0 3600s

Cutting planes:
  Learned: 1
  Gomory: 5
  Projected implied bound: 1
  MIR: 7
  Flow cover: 10

Explored 16828676 nodes (135077331 simplex iterations) in 3600.07 seconds (555.65 work units)
Thread count was 16 (of 16 available processors)

Solution count 10: 152 155 165 ... 204

Time limit reached
Best objective 1.520000000000e+02, best bound 8.500000000000e+01, gap 44.0789%
Warning: constraint name "precedence between 0,2 to 0,0 if x_[j,l,h,z,i]=1" has a space
Warning: constraint name "precedence between 0,2 to 0,0 if x_[j,l,h,z,i]=1" has a space
Warning: default constraint names used to write mps file
