
Gurobi 10.0.1 (win64) logging started Mon Sep 11 02:48:21 2023

Set parameter LogFile to value "results-heuristic-start//log/URT_20_deadline.log"
Gurobi Optimizer version 10.0.1 build v10.0.1rc0 (win64)

CPU model: AMD Ryzen 7 3700X 8-Core Processor, instruction set [SSE2|AVX|AVX2]
Thread count: 8 physical cores, 16 logical processors, using up to 16 threads

Optimize a model with 3397 rows, 3925 columns and 15656 nonzeros
Model fingerprint: 0xe8730db2
Model has 1 quadratic constraint
Variable types: 156 continuous, 3769 integer (3768 binary)
Coefficient statistics:
  Matrix range     [1e+00, 1e+06]
  QMatrix range    [1e+00, 1e+00]
  QLMatrix range   [1e+00, 2e+01]
  Objective range  [1e+00, 1e+00]
  Bounds range     [1e+00, 1e+00]
  RHS range        [1e+00, 3e+06]

Warning: Completing partial solution with 3709 unfixed non-continuous variables out of 3769
User MIP start did not produce a new incumbent solution
User MIP start violates constraint initial_start_time_job0_stage0_machine0_constraint by 420.000000000

Presolve removed 203 rows and 2560 columns
Presolve time: 0.04s
Presolved: 3194 rows, 1365 columns, 15101 nonzeros
Variable types: 156 continuous, 1209 integer (1208 binary)

Root relaxation: objective 5.697000e+03, 580 iterations, 0.02 seconds (0.02 work units)
Another try with MIP start

    Nodes    |    Current Node    |     Objective Bounds      |     Work
 Expl Unexpl |  Obj  Depth IntInf | Incumbent    BestBd   Gap | It/Node Time

H    0     0                    6196.0000000 5697.00000  8.05%     -    0s
     0     0 5697.00000    0   58 6196.00000 5697.00000  8.05%     -    0s
H    0     0                    6182.0000000 5697.00000  7.85%     -    0s
     0     0 5698.00000    0  106 6182.00000 5698.00000  7.83%     -    1s
     0     0 5698.00000    0  103 6182.00000 5698.00000  7.83%     -    1s
     0     0 5698.00000    0  107 6182.00000 5698.00000  7.83%     -    1s
     0     0 5698.00000    0  108 6182.00000 5698.00000  7.83%     -    1s
     0     0 5698.00000    0   68 6182.00000 5698.00000  7.83%     -    2s
     0     0 5698.00000    0   99 6182.00000 5698.00000  7.83%     -    2s
     0     0 5707.03027    0   70 6182.00000 5707.03027  7.68%     -    2s
     0     0 5708.00000    0   73 6182.00000 5708.00000  7.67%     -    2s
     0     0 5708.00000    0   94 6182.00000 5708.00000  7.67%     -    2s
     0     0 5708.00000    0   92 6182.00000 5708.00000  7.67%     -    3s
     0     0 5708.00000    0   93 6182.00000 5708.00000  7.67%     -    3s
     0     0 5708.00000    0   59 6182.00000 5708.00000  7.67%     -    3s
H    0     0                    6180.0000000 5708.00000  7.64%     -    3s
     0     0 5708.00000    0   94 6180.00000 5708.00000  7.64%     -    3s
     0     0 5708.00000    0   74 6180.00000 5708.00000  7.64%     -    3s
H    0     0                    6179.0000000 5708.00000  7.62%     -    3s
     0     0 5708.00000    0   98 6179.00000 5708.00000  7.62%     -    4s
     0     0 5708.00000    0   81 6179.00000 5708.00000  7.62%     -    4s
H    0     0                    6178.0000000 5708.00000  7.61%     -    4s
H    0     0                    6167.0000000 5708.00000  7.44%     -    4s
     0     0 5708.00000    0   89 6167.00000 5708.00000  7.44%     -    4s
     0     0 5708.00000    0   58 6167.00000 5708.00000  7.44%     -    4s
     0     0 5708.00000    0  106 6167.00000 5708.00000  7.44%     -    5s
     0     0 5708.00000    0   67 6167.00000 5708.00000  7.44%     -    5s
     0     0 5708.00000    0   67 6167.00000 5708.00000  7.44%     -    5s
H    0     0                    6166.0000000 5708.00000  7.43%     -    5s
H    0     2                    6160.0000000 5708.00000  7.34%     -    5s
     0     2 5708.00000    0   52 6160.00000 5708.00000  7.34%     -    5s
H   81    50                    6158.0000000 5710.00000  7.28%  80.0    5s
H  127    86                    6149.0000000 5710.00000  7.14%  68.5    5s
H  173   119                    6146.0000000 5710.00000  7.09%  55.7    5s
H  222   155                    6122.0000000 5710.00000  6.73%  47.1    7s
H  223   155                    6121.0000000 5710.00000  6.71%  47.0    7s
H  225   155                    6099.0000000 5710.00000  6.38%  46.6    7s
H  383   289                    6091.0000000 5710.00000  6.26%  30.9    7s
H  384   289                    6086.0000000 5710.00000  6.18%  30.9    7s
H  386   289                    6035.0000000 5710.00000  5.39%  30.8    7s
H 1407  1022                    6032.0000000 5714.00000  5.27%  17.7    8s
H 1644  1065                    6031.0000000 5715.00000  5.24%  17.2    8s
H 1648  1014                    6030.0000000 5787.27926  4.03%  17.2    9s
H 1654   967                    6025.0000000 5798.00000  3.77%  17.1    9s
  1657   969 5970.00000   31  140 6025.00000 5800.00000  3.73%  17.1   10s
  1833  1167 5813.00000   33   91 6025.00000 5813.00000  3.52%  23.5   15s
H 2140  1254                    6023.0000000 5813.00000  3.49%  30.2   18s
H 2151  1202                    6012.0000000 5813.00000  3.31%  30.6   18s
  4863  3085 5933.00000  113   44 6012.00000 5813.00000  3.31%  31.7   20s
*11748  6996             167    6010.0000000 5813.00000  3.28%  32.7   22s
H13857  8304                    6009.0000000 5813.00000  3.26%  32.8   23s
 17714 10552 5976.00000   54   44 6009.00000 5813.00000  3.26%  33.0   25s
 29189 15920 5929.00000   45   56 6009.00000 5813.00000  3.26%  33.4   30s
H31804 18062                    6008.0000000 5813.00000  3.25%  33.3   32s
 38255 22195 6006.00000   49   32 6008.00000 5813.00000  3.25%  33.5   35s
 41131 22196 6000.00000   77   67 6008.00000 5813.00000  3.25%  33.4   41s
 41143 22204 5907.00000   63  105 6008.00000 5821.00000  3.11%  33.4   45s
 41148 22207 5906.00000   56  143 6008.00000 5821.00000  3.11%  33.4   50s
 41154 22211 5998.00000   53  142 6008.00000 5822.00000  3.10%  33.4   55s
 41158 22214 5822.00000   39  141 6008.00000 5822.00000  3.10%  33.4   60s
 42677 22926 5977.00000   88   19 6008.00000 5822.00000  3.10%  34.6   65s
 53592 25764 5834.00000   50   86 6008.00000 5822.00000  3.10%  34.6   71s
 61647 28821 infeasible   94      6008.00000 5824.81954  3.05%  34.2   75s
*61710 26199             120    6005.0000000 5824.81954  3.00%  34.2   75s
 74882 29059 5973.00000   96   53 6005.00000 5827.81458  2.95%  33.6   80s
 85816 31885 5914.00000   53   58 6005.00000 5830.68443  2.90%  33.6   85s
 100799 33850 5918.00000   58   47 6005.00000 5834.14803  2.85%  32.1   90s
 116538 40986 5881.00000   53   84 6005.00000 5837.00000  2.80%  30.9   95s
*128106 42259             124    6003.0000000 5839.00000  2.73%  30.2   99s
 128124 43142 5963.00000   64   42 6003.00000 5839.00000  2.73%  30.2  100s
 141700 48906 5863.00000   52   72 6003.00000 5840.99793  2.70%  29.6  105s
H141708 46465                    6002.0000000 5840.99793  2.68%  29.6  105s
H142997 45742                    6001.0000000 5841.00000  2.67%  29.6  106s
H145175 45171                    6000.0000000 5841.27073  2.65%  29.6  107s
H146368 43888                    5999.0000000 5841.55247  2.62%  29.6  108s
H147602 42815                    5998.0000000 5841.69784  2.61%  29.7  109s
H149646 41124                    5996.0000000 5841.88994  2.57%  29.6  110s
H153648 38829                    5994.0000000 5842.14565  2.53%  29.3  110s
H155520 38436                    5993.0000000 5842.42468  2.51%  29.3  111s
H157403 38979                    5992.0000000 5842.96052  2.49%  29.4  113s
H160454 38158                    5991.0000000 5843.00000  2.47%  29.1  113s
H161649 37457                    5990.0000000 5843.04655  2.45%  29.1  114s
 162658 38124 infeasible   59      5990.00000 5843.25712  2.45%  29.1  115s
H162931 36728                    5989.0000000 5843.25712  2.43%  29.1  115s
H164043 36408                    5988.0000000 5843.25712  2.42%  29.1  115s
H165681 35773                    5987.0000000 5843.73556  2.39%  29.0  116s
H166948 35563                    5986.0000000 5843.84971  2.37%  29.0  117s
H170051 35014                    5985.0000000 5844.00000  2.36%  28.9  118s
 173016 38130 5978.00000   57   41 5985.00000 5844.78302  2.34%  28.9  120s
 188457 42749 infeasible   57      5985.00000 5846.18322  2.32%  28.5  125s
 199384 48105 5874.11217   58   67 5985.00000 5847.83069  2.29%  28.3  130s
 211215 53631 5949.00000   67   50 5985.00000 5849.00000  2.27%  28.2  135s
 222884 57540 infeasible   57      5985.00000 5850.46121  2.25%  27.9  140s
 231132 61929 5977.00000   67   45 5985.00000 5851.24873  2.23%  27.8  145s
 242138 65711 5936.00000   66   51 5985.00000 5852.00000  2.22%  27.4  150s
 251326 69814 5984.00000   59   46 5985.00000 5853.17043  2.20%  27.4  155s
 259902 73983 5954.00000   60   56 5985.00000 5854.00000  2.19%  27.2  160s
 268515 77201 5931.00000   62   52 5985.00000 5855.00000  2.17%  27.0  165s
 276989 81284 5955.00000   62   45 5985.00000 5855.62295  2.16%  26.9  170s
 286533 85256 5878.16644   57   78 5985.00000 5856.30661  2.15%  26.8  176s
 293541 88146 5883.16012   56   76 5985.00000 5857.00000  2.14%  26.7  180s
 301119 92098 5871.00000   53   65 5985.00000 5857.74792  2.13%  26.6  185s
 311047 94608 infeasible   80      5985.00000 5858.35503  2.12%  26.4  190s
 318859 97962 infeasible   58      5985.00000 5859.00000  2.11%  26.3  195s
 326817 101721 5932.00000   64   51 5985.00000 5859.90321  2.09%  26.3  200s
 334563 104570 5973.00000   67   47 5985.00000 5860.25642  2.08%  26.2  205s
 342152 107922 infeasible   67      5985.00000 5861.00000  2.07%  26.1  210s
 351881 111685 infeasible   59      5985.00000 5861.59514  2.06%  25.9  216s
 359832 114969 5984.00000   78   33 5985.00000 5862.00000  2.06%  25.8  220s
 364409 118408 5873.00000   58   80 5985.00000 5862.45840  2.05%  25.9  225s
 373754 121289 5955.00000   60   74 5985.00000 5863.24774  2.03%  25.8  230s
 382042 124316 5877.00000   58   67 5985.00000 5864.00000  2.02%  25.7  236s
 390499 127264 infeasible   64      5985.00000 5864.92421  2.01%  25.5  241s
 395786 129492 5965.00000   58   51 5985.00000 5865.00000  2.01%  25.6  245s
 402563 132272 infeasible  113      5985.00000 5865.76364  1.99%  25.4  250s
 408650 136429 5976.00000   62   70 5985.00000 5866.00000  1.99%  25.5  255s
 417205 138532 5971.00000   58   54 5985.00000 5866.76521  1.98%  25.4  260s
 423611 141313 5891.00000   57   74 5985.00000 5867.00000  1.97%  25.3  265s
 428982 145116 5891.48926   56   94 5985.00000 5867.81143  1.96%  25.3  270s
 438143 147125 5972.00000   76   40 5985.00000 5868.12993  1.95%  25.2  275s
 445566 150693 5909.00000   63   52 5985.00000 5869.00000  1.94%  25.1  281s
 453155 153524 5982.00000   70   47 5985.00000 5869.01841  1.94%  25.0  285s
 458397 156016 5978.00000   56   52 5985.00000 5869.70036  1.93%  25.1  290s
 466276 159085 5963.00000   71   41 5985.00000 5870.00000  1.92%  25.0  296s
 469809 162015 5981.00000   63   47 5985.00000 5870.55964  1.91%  25.0  300s
 478695 164006 5949.00000   60   43 5985.00000 5871.00000  1.90%  24.9  305s
 486662 167219 5907.00000   62   49 5985.00000 5871.98655  1.89%  24.8  311s
*489682 135023             149    5981.0000000 5872.00000  1.82%  24.8  313s
 491702 135633 5967.00000   73   39 5981.00000 5872.00000  1.82%  24.8  315s
 499412 138981 infeasible   56      5981.00000 5872.65748  1.81%  24.7  320s
 504745 141407 5883.00000   55   78 5981.00000 5873.00000  1.81%  24.7  326s
 511305 144527 5913.00000   52   64 5981.00000 5873.66722  1.79%  24.7  332s
 516231 146688 5973.00000   97   36 5981.00000 5874.00000  1.79%  24.7  335s
 522743 148808 5964.00000   67   33 5981.00000 5874.20800  1.79%  24.6  340s
 529373 151314 5895.00000   59   59 5981.00000 5875.00000  1.77%  24.6  345s
 534592 154590 5980.00000   88   15 5981.00000 5875.09490  1.77%  24.6  350s
 543718 157043 5930.00000   61   53 5981.00000 5876.00000  1.76%  24.5  356s
 548945 159644 5980.00000   94   25 5981.00000 5876.31649  1.75%  24.5  361s
 554908 161740 infeasible   63      5981.00000 5877.00000  1.74%  24.4  365s
 558985 163100 5973.00917   64   60 5981.00000 5877.00000  1.74%  24.4  370s
 564067 165025 infeasible   56      5981.00000 5877.52786  1.73%  24.4  375s
 570137 167932 5910.97785   56   61 5981.00000 5878.00000  1.72%  24.4  381s
 573848 169268 5974.00000   70   47 5981.00000 5878.09017  1.72%  24.4  385s
 579930 172080 5929.00000   66   58 5981.00000 5879.00000  1.71%  24.5  391s
 583794 173431 5928.00000   62   62 5981.00000 5879.00000  1.71%  24.5  395s
 592670 176105 infeasible   62      5981.00000 5879.82422  1.69%  24.4  400s
*593926 129356             132    5975.0000000 5880.00000  1.59%  24.4  401s
 597058 130792 infeasible   62      5975.00000 5880.00000  1.59%  24.4  405s
H597293 123714                    5974.0000000 5880.00000  1.57%  24.4  405s
H598825 118159                    5973.0000000 5880.00000  1.56%  24.4  407s
H600342 113067                    5972.0000000 5880.18929  1.54%  24.4  409s
H602092 108860                    5971.0000000 5880.57311  1.51%  24.4  411s
H604156 104489                    5970.0000000 5880.99999  1.49%  24.4  413s
 606148 105026 infeasible   63      5970.00000 5881.00000  1.49%  24.4  415s
H606512 100509                    5969.0000000 5881.00000  1.47%  24.4  415s
H607899 77568                    5962.0000000 5881.00000  1.36%  24.4  417s
 612051 78246 infeasible   63      5962.00000 5882.00000  1.34%  24.4  420s
 617548 79727 infeasible   59      5962.00000 5883.00000  1.33%  24.4  425s
 622890 81033 5957.00000   64   59 5962.00000 5884.00000  1.31%  24.5  431s
 628736 82747 5923.00000   66   53 5962.00000 5885.00000  1.29%  24.5  436s
 632731 83992 5956.00000   55   52 5962.00000 5886.00000  1.27%  24.5  440s
 638796 86089 5902.17035   60   58 5962.00000 5887.00000  1.26%  24.5  445s
 646130 87749 5946.00000   98   32 5962.00000 5888.00000  1.24%  24.5  451s
 651412 89136 infeasible   63      5962.00000 5889.00000  1.22%  24.5  456s
 657116 90890 5939.00000   70   45 5962.00000 5890.00000  1.21%  24.5  461s
 661634 92072 5958.00000   72   27 5962.00000 5891.00000  1.19%  24.5  466s
 665941 93374 5935.05366   58   57 5962.00000 5892.00000  1.17%  24.5  470s
 672138 95138 5957.00000   74   47 5962.00000 5893.00000  1.16%  24.5  475s
 677944 96986 infeasible   65      5962.00000 5894.79122  1.13%  24.5  480s
 683741 98586 5955.00000   62   51 5962.00000 5896.00000  1.11%  24.5  485s
 689585 100200 infeasible   58      5962.00000 5897.00000  1.09%  24.5  490s
 695309 101994 5956.00000   68   29 5962.00000 5898.00000  1.07%  24.5  495s
 701202 103778 infeasible   54      5962.00000 5899.00000  1.06%  24.5  500s
 704949 104858 5958.00000   84   32 5962.00000 5900.00000  1.04%  24.5  505s
 712839 107361 5919.00000   60   54 5962.00000 5902.00000  1.01%  24.4  511s
 717214 108692 5948.00000   62   50 5962.00000 5902.95622  0.99%  24.4  515s
 723643 110724 5945.00000   62   41 5962.00000 5904.00000  0.97%  24.4  520s
 729957 114154 infeasible  101      5962.00000 5905.00000  0.96%  24.4  526s
 735962 117039 5929.00000   78   34 5962.00000 5905.00000  0.96%  24.3  531s
 741142 120454 5938.00000  100   32 5962.00000 5905.00000  0.96%  24.3  536s
 747560 123240 5946.00000   92   22 5962.00000 5905.00000  0.96%  24.2  540s
*748330 106249             139    5959.0000000 5905.00000  0.91%  24.2  540s
 754722 109941 5944.00000  121   20 5959.00000 5905.00000  0.91%  24.2  546s
 759526 112051 5955.00000  111   35 5959.00000 5905.00000  0.91%  24.1  550s
*763022 92985             152    5955.0000000 5905.00000  0.84%  24.1  553s
*763029 84521             155    5953.0000000 5905.00000  0.81%  24.1  553s
 765802 85208 5922.00000  108   33 5953.00000 5905.00000  0.81%  24.1  556s
 770824 87316 infeasible   81      5953.00000 5905.00000  0.81%  24.1  560s
 777732 89944 5944.00000  115   26 5953.00000 5905.00000  0.81%  24.0  566s
 781614 91587 5941.00000   74   33 5953.00000 5905.00000  0.81%  24.0  570s
 787739 93921 infeasible   95      5953.00000 5905.00000  0.81%  24.0  575s
*794324 90973             126    5952.0000000 5905.00000  0.79%  24.0  579s
 794642 91309 infeasible   93      5952.00000 5905.00000  0.79%  24.0  582s
H795236 87359                    5951.0000000 5905.00000  0.77%  24.0  582s
 798114 89425 infeasible   82      5951.00000 5905.00000  0.77%  24.0  586s
 802447 91460 5929.00000   79   39 5951.00000 5905.00000  0.77%  24.0  590s
 809103 94137 5939.00000   99   40 5951.00000 5905.00000  0.77%  23.9  596s
 814298 96339 5931.00000   96   38 5951.00000 5905.00000  0.77%  23.9  601s
 818206 98264 5938.00000  102   30 5951.00000 5906.00000  0.76%  23.9  605s
*826041 95588             143    5950.0000000 5906.00000  0.74%  23.9  610s
 828526 97907 infeasible   99      5950.00000 5906.00000  0.74%  23.9  615s
 837029 100990 5929.00000  103   29 5950.00000 5906.00000  0.74%  23.8  621s
 841850 103102 5948.00000  100   35 5950.00000 5906.00000  0.74%  23.8  626s
 847016 105285 infeasible  119      5950.00000 5906.00000  0.74%  23.8  630s
 852683 107785 5944.00000   92   39 5950.00000 5906.00000  0.74%  23.8  635s
*853275 103422             145    5949.0000000 5906.00000  0.72%  23.8  635s
*853278 98257             145    5948.0000000 5906.00000  0.71%  23.8  635s
*853281 92965             147    5947.0000000 5906.00000  0.69%  23.8  635s
H855924 85551                    5945.0000000 5906.00000  0.66%  23.8  637s
 857288 86510 infeasible   93      5945.00000 5906.00000  0.66%  23.8  640s
H857290 81449                    5944.0000000 5906.00000  0.64%  23.8  640s
*858565 74416             153    5942.0000000 5906.00000  0.61%  23.8  640s
H860395 70997                    5941.0000000 5906.00000  0.59%  23.8  642s
H862361 65836                    5939.0000000 5906.00000  0.56%  23.8  644s
 864769 66595 5932.00000   82   35 5939.00000 5906.00000  0.56%  23.8  647s
H864944 62991                    5938.0000000 5906.00000  0.54%  23.8  647s
 869796 64863 5926.00000   90   36 5938.00000 5906.00000  0.54%  23.8  651s
 875836 67051 5937.00000   96   35 5938.00000 5906.00000  0.54%  23.8  657s
 880924 69123 infeasible   97      5938.00000 5906.00000  0.54%  23.8  661s
 886152 70928 5934.00000  103   33 5938.00000 5906.00000  0.54%  23.8  666s
 890937 72732 infeasible  101      5938.00000 5906.00000  0.54%  23.8  670s
 896723 74828 5927.00272   76   41 5938.00000 5906.00000  0.54%  23.8  675s
 901737 76916 5929.00000   93   27 5938.00000 5906.00000  0.54%  23.8  680s
 909544 79966 infeasible  126      5938.00000 5906.00000  0.54%  23.7  686s
 914375 82358 5936.00000   95   37 5938.00000 5906.00000  0.54%  23.7  692s
 920142 83826 5931.00000   90   33 5938.00000 5906.00000  0.54%  23.7  696s
 924158 85826 5925.00000   98   31 5938.00000 5906.00000  0.54%  23.7  701s
 929363 87707 5933.00000  104   20 5938.00000 5906.00000  0.54%  23.7  705s
 936873 89907 infeasible   87      5938.00000 5906.00000  0.54%  23.7  712s
 942500 91382 infeasible  100      5938.00000 5906.00000  0.54%  23.7  717s
*945117 83277             140    5936.0000000 5906.00000  0.51%  23.7  717s
 947080 84706 5933.00000   94   37 5936.00000 5906.00000  0.51%  23.7  721s
 952139 86519 5928.08231   97   36 5936.00000 5906.00000  0.51%  23.7  726s
 956960 88040 5930.00000   90   51 5936.00000 5906.00000  0.51%  23.7  730s
 964020 90100 5927.00000   85   34 5936.00000 5906.00000  0.51%  23.7  736s
 970073 91455 5932.00000   94   33 5936.00000 5906.00000  0.51%  23.7  741s
 975036 93496 5929.00000   94   28 5936.00000 5907.00000  0.49%  23.7  746s
 980446 95397 infeasible   96      5936.00000 5907.00000  0.49%  23.7  751s
 985888 96359 infeasible   98      5936.00000 5907.00000  0.49%  23.7  755s
 992727 97530 infeasible  117      5936.00000 5907.00000  0.49%  23.7  761s
 996065 98525 5909.00000   88   37 5936.00000 5908.00000  0.47%  23.7  765s
 1000905 100024 5927.00000   90   29 5936.00000 5908.00000  0.47%  23.7  770s
H1004677 49716                    5926.0000000 5908.00000  0.30%  23.7  772s
 1009118 50051 5908.00000   78   51 5926.00000 5908.00000  0.30%  23.7  777s
 1014038 51063 infeasible   75      5926.00000 5908.00000  0.30%  23.6  781s
 1018479 51942 infeasible  101      5926.00000 5908.00000  0.30%  23.6  785s
 1022619 53660 5921.00000   96   22 5926.00000 5909.00000  0.29%  23.6  790s
 1031675 55806 5925.00000   90   33 5926.00000 5909.00000  0.29%  23.6  797s
 1036594 56984 infeasible   85      5926.00000 5909.00000  0.29%  23.6  801s
 1041406 57744 infeasible   91      5926.00000 5909.00000  0.29%  23.5  805s
 1047503 58603 infeasible   86      5926.00000 5909.00000  0.29%  23.5  810s
 1053986 59298 infeasible   83      5926.00000 5909.00000  0.29%  23.5  816s
 1058182 59471 infeasible   91      5926.00000 5909.00000  0.29%  23.5  820s
 1065103 60969 infeasible   75      5926.00000 5910.00000  0.27%  23.5  827s
 1070712 60962 5914.00000   69   42 5926.00000 5910.00000  0.27%  23.5  831s
 1075464 61275 infeasible   70      5926.00000 5911.00000  0.25%  23.5  836s
 1081349 61912 5915.00000   76   44 5926.00000 5911.00000  0.25%  23.4  840s
 1087206 62387 infeasible   84      5926.00000 5911.00000  0.25%  23.4  846s
 1091585 62858 5915.00000   93   49 5926.00000 5912.00000  0.24%  23.4  850s
 1099050 63257 infeasible   77      5926.00000 5912.00000  0.24%  23.4  855s
 1105483 63439 5914.00000   77   52 5926.00000 5913.00000  0.22%  23.4  860s
 1111880 63570 5925.00000   88   34 5926.00000 5914.00000  0.20%  23.3  867s
 1116905 63759 infeasible  100      5926.00000 5914.00000  0.20%  23.3  871s
 1121457 63821 infeasible   81      5926.00000 5914.00000  0.20%  23.3  876s
 1127598 63808 infeasible   80      5926.00000 5914.00000  0.20%  23.3  881s
 1132928 63726 5914.00000   79   48 5926.00000 5914.00000  0.20%  23.2  886s
 1138705 65162 infeasible   96      5926.00000 5914.00000  0.20%  23.2  892s
 1143486 65438 5914.00000   95   35 5926.00000 5914.00000  0.20%  23.2  895s
 1151148 66011 infeasible   97      5926.00000 5914.00000  0.20%  23.1  902s
 1156287 66523 5914.00000   92   34 5926.00000 5914.00000  0.20%  23.1  906s
 1161652 67175 5917.00000   91   33 5926.00000 5914.00000  0.20%  23.0  912s
 1166468 67419 infeasible   94      5926.00000 5914.00000  0.20%  23.0  915s
 1173617 68076 infeasible  104      5926.00000 5914.00000  0.20%  23.0  921s
 1178663 68670 infeasible   86      5926.00000 5914.00000  0.20%  22.9  926s
 1183427 69240 infeasible  110      5926.00000 5914.00000  0.20%  22.9  931s
 1190192 69643 infeasible   90      5926.00000 5914.00000  0.20%  22.9  936s
 1195140 69974 infeasible   89      5926.00000 5914.00000  0.20%  22.9  940s
 1200167 70294 infeasible   89      5926.00000 5914.00000  0.20%  22.8  945s
 1205062 71036 infeasible   92      5926.00000 5914.00000  0.20%  22.8  951s
 1211419 71370 infeasible   97      5926.00000 5914.00000  0.20%  22.8  955s
 1216578 71775 infeasible  100      5926.00000 5914.00000  0.20%  22.8  960s
 1221986 72218 5917.00000   97   37 5926.00000 5914.00000  0.20%  22.8  965s
 1226781 72592 infeasible  100      5926.00000 5914.00000  0.20%  22.7  970s
 1233222 72953 5914.00000   85   43 5926.00000 5914.00000  0.20%  22.7  975s
 1237795 73148 5917.00000   93   41 5926.00000 5914.00000  0.20%  22.7  980s
 1245154 73894 5923.00000   96   39 5926.00000 5914.00000  0.20%  22.7  987s
 1247798 74258 infeasible   83      5926.00000 5914.00000  0.20%  22.7  990s
 1253890 74731 infeasible   84      5926.00000 5914.00000  0.20%  22.7  995s
 1258671 74777 5923.00000   88   42 5926.00000 5914.00000  0.20%  22.7 1000s
 1265780 74720 infeasible  101      5926.00000 5914.00000  0.20%  22.7 1007s
 1268327 74911 5914.00000   80   39 5926.00000 5914.00000  0.20%  22.6 1010s
 1274594 75331 5914.00000   74   42 5926.00000 5914.00000  0.20%  22.6 1015s
 1281828 75900 5925.00000   96   44 5926.00000 5914.00000  0.20%  22.6 1022s
 1286738 76069 5914.00000   84   30 5926.00000 5914.00000  0.20%  22.6 1026s
 1289183 76859 5914.00000   86   32 5926.00000 5914.00000  0.20%  22.6 1040s
 1305199 77320 5914.00000   87   39 5926.00000 5914.00000  0.20%  22.6 1045s
 1311947 77387 5916.00000   84   31 5926.00000 5914.00000  0.20%  22.6 1051s
 1317775 77773 5922.00000   86   34 5926.00000 5914.00000  0.20%  22.6 1056s
 1322153 78077 5914.00000   83   32 5926.00000 5914.00000  0.20%  22.6 1060s
 1327897 78472 5922.00000   77   37 5926.00000 5914.00000  0.20%  22.6 1065s
 1333623 79047 infeasible   90      5926.00000 5914.00000  0.20%  22.6 1070s
 1342518 79985 5914.00000   86   35 5926.00000 5914.00000  0.20%  22.6 1076s
 1347361 80351 5924.00000  103   23 5926.00000 5914.00000  0.20%  22.6 1080s
 1354767 81196 5914.00000   97   39 5926.00000 5914.00000  0.20%  22.6 1087s
 1360865 81676 5914.00000   85   35 5926.00000 5914.00000  0.20%  22.6 1091s
 1366029 82032 5914.00000   94   33 5926.00000 5914.00000  0.20%  22.6 1096s
 1371258 82506 infeasible   94      5926.00000 5914.00000  0.20%  22.5 1100s
 1376273 83105 infeasible   83      5926.00000 5914.00000  0.20%  22.5 1105s
 1384738 84171 infeasible   92      5926.00000 5914.00000  0.20%  22.5 1111s
 1390280 84555 infeasible  118      5926.00000 5914.00000  0.20%  22.5 1115s
 1397762 85244 infeasible   86      5926.00000 5914.00000  0.20%  22.5 1122s
 1403734 85562 infeasible   97      5926.00000 5914.00000  0.20%  22.5 1126s
 1408000 85965 5925.00000  115   13 5926.00000 5914.00000  0.20%  22.5 1130s
 1416008 86602 infeasible   90      5926.00000 5914.00000  0.20%  22.5 1136s
 1422074 87189 5914.00000   82   41 5926.00000 5914.00000  0.20%  22.5 1141s
 1427080 87535 infeasible   83      5926.00000 5914.00000  0.20%  22.5 1145s
 1434539 88068 5914.00000   92   36 5926.00000 5914.00000  0.20%  22.4 1151s
 1439204 88310 infeasible   87      5926.00000 5914.00000  0.20%  22.4 1156s
 1445130 88759 5914.00000   81   41 5926.00000 5914.00000  0.20%  22.4 1160s
 1453069 89581 5923.00000   92   33 5926.00000 5914.00000  0.20%  22.4 1166s
 1457828 90111 infeasible   83      5926.00000 5914.00000  0.20%  22.4 1170s
 1464554 90729 5921.00000   92   29 5926.00000 5914.00000  0.20%  22.4 1175s
 1470354 91217 infeasible   80      5926.00000 5914.00000  0.20%  22.4 1181s
 1475313 91561 infeasible   80      5926.00000 5914.00000  0.20%  22.4 1185s
 1482816 92464 5915.00000   86   30 5926.00000 5914.00000  0.20%  22.4 1192s
 1489043 93155 5921.00000   82   36 5926.00000 5914.00000  0.20%  22.4 1196s
 1496003 93858 5914.00000   78   53 5926.00000 5914.00000  0.20%  22.3 1201s
 1501073 94406 infeasible  102      5926.00000 5914.00000  0.20%  22.3 1205s
 1506870 95017 5923.00000   80   42 5926.00000 5914.00000  0.20%  22.3 1210s
 1514386 95453 5914.00000   97   38 5926.00000 5914.00000  0.20%  22.3 1216s
 1519219 95735 5925.00000   90   28 5926.00000 5914.00000  0.20%  22.3 1220s
 1524148 96149 infeasible   89      5926.00000 5914.00000  0.20%  22.3 1225s
 1532581 96702 infeasible   93      5926.00000 5914.00000  0.20%  22.3 1231s
 1537595 97232 5923.00000   81   36 5926.00000 5914.00000  0.20%  22.3 1235s
 1545192 97930 5925.00000   77   37 5926.00000 5914.00000  0.20%  22.3 1242s
 1547614 98305 infeasible   91      5926.00000 5914.00000  0.20%  22.3 1245s
 1554707 98916 infeasible  102      5926.00000 5914.00000  0.20%  22.3 1250s
 1562819 99743 infeasible   93      5926.00000 5914.00000  0.20%  22.3 1256s
 1567689 100161 5919.00000   81   52 5926.00000 5914.00000  0.20%  22.3 1261s
 1573258 100426 infeasible   91      5926.00000 5914.00000  0.20%  22.3 1265s
 1580854 101107 5914.00000   76   51 5926.00000 5914.00000  0.20%  22.3 1272s
 1586285 101596 infeasible   98      5926.00000 5914.00000  0.20%  22.3 1276s
 1592381 102048 infeasible   80      5926.00000 5914.00000  0.20%  22.3 1281s
 1597629 102624 5914.00000   78   43 5926.00000 5914.00000  0.20%  22.3 1285s
 1605004 103121 5914.00000   91   61 5926.00000 5914.00000  0.20%  22.3 1291s
 1609874 103406 5914.00000   86   49 5926.00000 5914.00000  0.20%  22.3 1295s
 1615498 103860 5914.00000   78   38 5926.00000 5914.00000  0.20%  22.3 1300s
 1622961 104126 5914.00000   86   38 5926.00000 5914.00000  0.20%  22.3 1306s
 1626284 104327 5914.00000   84   40 5926.00000 5914.00000  0.20%  22.3 1310s
 1634353 104560 infeasible   80      5926.00000 5914.00000  0.20%  22.2 1317s
 1640117 104801 infeasible   84      5926.00000 5914.00000  0.20%  22.2 1321s
 1645056 105250 infeasible   86      5926.00000 5914.00000  0.20%  22.2 1326s
 1650758 105980 5921.00000   92   38 5926.00000 5914.00000  0.20%  22.2 1330s
 1656020 106510 5918.00000   82   45 5926.00000 5914.00000  0.20%  22.2 1335s
 1661641 106813 infeasible   82      5926.00000 5914.00000  0.20%  22.2 1340s
 1666801 107331 infeasible   95      5926.00000 5914.00000  0.20%  22.2 1345s
 1671881 107792 infeasible   90      5926.00000 5914.00000  0.20%  22.2 1350s
 1676963 108195 infeasible   92      5926.00000 5914.00000  0.20%  22.2 1356s
 1682561 108600 5922.00000   88   43 5926.00000 5914.00000  0.20%  22.2 1361s
 1687515 108421 5925.00000   81   29 5926.00000 5914.00000  0.20%  22.2 1367s
 1692394 107963 infeasible   98      5926.00000 5914.00000  0.20%  22.2 1372s
 1697187 106981 5922.00000   84   44 5926.00000 5914.00000  0.20%  22.2 1377s
 1702420 106316 5915.00000   86   60 5926.00000 5914.17640  0.20%  22.1 1382s
H1704673 85373                    5925.0000000 5915.00000  0.17%  22.1 1384s
 1706538 84544 infeasible   90      5925.00000 5915.00000  0.17%  22.1 1390s
 1715770 84134 infeasible   79      5925.00000 5915.00000  0.17%  22.1 1398s
 1719034 83724 5917.03127   90   30 5925.00000 5915.00000  0.17%  22.1 1402s
 1722490 83388 5915.00000   70   41 5925.00000 5915.00000  0.17%  22.1 1405s
 1728853 82658 infeasible   83      5925.00000 5915.00000  0.17%  22.1 1412s
 1731852 82405 infeasible   85      5925.00000 5915.00000  0.17%  22.1 1415s
 1737292 81745 infeasible   92      5925.00000 5915.00000  0.17%  22.1 1421s
 1742503 81560 5915.00000   97   36 5925.00000 5915.00000  0.17%  22.1 1426s
 1747801 81200 infeasible   73      5925.00000 5915.00000  0.17%  22.1 1432s
 1750462 81036 infeasible   84      5925.00000 5915.00000  0.17%  22.1 1435s
 1756018 81027 5915.00000   82   42 5925.00000 5915.00000  0.17%  22.1 1441s
 1761891 81023 5915.01574   70   43 5925.00000 5915.00000  0.17%  22.1 1447s
 1764182 80974 infeasible   95      5925.00000 5915.00000  0.17%  22.1 1450s
 1769180 80943 5915.00000   80   45 5925.00000 5915.00000  0.17%  22.1 1455s
 1774216 80773 5915.00000   86   39 5925.00000 5915.00000  0.17%  22.1 1460s
 1781139 79838 5916.00000   74   36 5925.00000 5915.00000  0.17%  22.0 1466s
 1785697 79419 5916.02018   84   37 5925.00000 5915.00000  0.17%  22.0 1471s
 1789924 78374 infeasible  107      5925.00000 5915.00000  0.17%  22.0 1475s
 1794871 77233 infeasible   76      5925.00000 5916.00000  0.15%  22.0 1480s
 1800000 75993 infeasible  100      5925.00000 5916.00000  0.15%  22.0 1485s
 1806482 75793 5920.00000   90   32 5925.00000 5917.00000  0.14%  22.0 1492s
 1810570 75787 infeasible   81      5925.00000 5917.00000  0.14%  21.9 1495s
 1817354 75561 infeasible   95      5925.00000 5917.00000  0.14%  21.9 1501s
 1821058 75433 infeasible   90      5925.00000 5917.00000  0.14%  21.9 1506s
 1826433 75421 infeasible   90      5925.00000 5917.00000  0.14%  21.9 1510s
 1832692 74753 infeasible  102      5925.00000 5917.00000  0.14%  21.9 1516s
 1838679 74108 infeasible  125      5925.00000 5917.00000  0.14%  21.8 1521s
 1844366 72959 5917.00000   83   38 5925.00000 5917.00000  0.14%  21.8 1526s
 1850313 72115 5917.00000   95   24 5925.00000 5917.00000  0.14%  21.8 1532s
 1856392 71659 infeasible   84      5925.00000 5917.00000  0.14%  21.8 1537s
 1859118 71312 infeasible  105      5925.00000 5917.00000  0.14%  21.8 1540s
 1865394 70420 5917.00000   84   36 5925.00000 5917.00000  0.14%  21.8 1546s
 1871335 69838 5917.00000   79   44 5925.00000 5917.00000  0.14%  21.8 1551s
 1877650 69188 infeasible   82      5925.00000 5917.00000  0.14%  21.8 1557s
 1880962 68930 infeasible   91      5925.00000 5917.00000  0.14%  21.8 1560s
 1887148 68586 infeasible   96      5925.00000 5917.00000  0.14%  21.8 1566s
 1893074 67953 5917.00000   79   48 5925.00000 5917.00000  0.14%  21.7 1572s
 1896237 67781 infeasible   80      5925.00000 5917.00000  0.14%  21.7 1575s
 1902241 67063 infeasible   77      5925.00000 5917.00000  0.14%  21.7 1580s
 1909380 66539 infeasible   91      5925.00000 5918.00000  0.12%  21.7 1587s
 1912753 67012 infeasible   96      5925.00000 5918.00000  0.12%  21.7 1591s
 1920562 67278 5924.00000   86   47 5925.00000 5918.00000  0.12%  21.7 1597s
 1923616 67551 infeasible   96      5925.00000 5918.00000  0.12%  21.7 1600s
 1929329 67915 infeasible   90      5925.00000 5918.00000  0.12%  21.7 1606s
 1935184 68347 infeasible   95      5925.00000 5918.00000  0.12%  21.7 1613s
 1939692 68522 infeasible   97      5925.00000 5918.00000  0.12%  21.7 1616s
 1944806 68832 infeasible   91      5925.00000 5918.00000  0.12%  21.6 1622s
 1948106 68983 5921.00000   90   35 5925.00000 5918.00000  0.12%  21.6 1625s
 1954474 69219 5918.00000   99   36 5925.00000 5918.00000  0.12%  21.6 1632s
 1957664 69339 5923.00000  110   25 5925.00000 5918.00000  0.12%  21.6 1635s
 1964949 69868 infeasible   92      5925.00000 5918.00000  0.12%  21.6 1641s
 1970754 70124 infeasible   98      5925.00000 5918.00000  0.12%  21.6 1646s
 1976631 70343 infeasible  102      5925.00000 5918.00000  0.12%  21.6 1651s
 1982351 70926 5918.00000   98   31 5925.00000 5918.00000  0.12%  21.6 1657s
 1989810 71295 5918.00000   95   33 5925.00000 5918.00000  0.12%  21.6 1662s
 1995559 71684 infeasible  114      5925.00000 5918.00000  0.12%  21.6 1666s
 2001601 71969 infeasible  117      5925.00000 5918.00000  0.12%  21.6 1671s
 2008138 72357 infeasible   93      5925.00000 5918.00000  0.12%  21.6 1677s
 2014536 72650 5921.00000  111   32 5925.00000 5918.00000  0.12%  21.5 1682s
 2020259 72804 5921.00000  103   28 5925.00000 5918.00000  0.12%  21.5 1686s
 2026002 73036 5918.00000  102   34 5925.00000 5918.00000  0.12%  21.5 1691s
 2032719 73441 5921.00000   87   50 5925.00000 5918.00000  0.12%  21.5 1696s
 2039104 73782 infeasible  101      5925.00000 5918.00000  0.12%  21.5 1701s
 2045032 74202 5918.00783  105   27 5925.00000 5918.00000  0.12%  21.5 1706s
 2051255 74781 5918.00000   75   42 5925.00000 5918.00000  0.12%  21.5 1712s
 2058216 75092 5918.00000   93   41 5925.00000 5918.00000  0.12%  21.5 1717s
 2061639 75195 infeasible  113      5925.00000 5918.00000  0.12%  21.5 1720s
 2070984 75864 infeasible   89      5925.00000 5918.00000  0.12%  21.5 1728s
 2074936 75884 5918.00000   88   42 5925.00000 5918.00000  0.12%  21.4 1730s
 2080660 76203 5920.00000   95   50 5925.00000 5918.00000  0.12%  21.4 1735s
 2086381 76598 infeasible   81      5925.00000 5918.00000  0.12%  21.4 1740s
 2091905 76889 5923.00000   89   47 5925.00000 5918.00000  0.12%  21.4 1745s
 2098604 77477 infeasible   94      5925.00000 5918.00000  0.12%  21.4 1750s
 2104641 78094 5918.00000   99   38 5925.00000 5918.00000  0.12%  21.4 1755s
 2113315 78351 5918.00000   83   35 5925.00000 5918.00000  0.12%  21.4 1762s
 2117198 78245 5919.00000   89   34 5925.00000 5918.00000  0.12%  21.4 1765s
 2123089 78381 5921.00000   88   39 5925.00000 5918.00000  0.12%  21.4 1770s
 2132002 78237 5918.00000   85   41 5925.00000 5918.00000  0.12%  21.4 1777s
 2138174 78169 infeasible  111      5925.00000 5918.00000  0.12%  21.4 1782s
 2143685 77200 infeasible   86      5925.00000 5918.00000  0.12%  21.4 1786s
 2149616 75854 infeasible   82      5925.00000 5918.00000  0.12%  21.4 1791s
 2155348 75206 5918.00000   85   30 5925.00000 5918.00000  0.12%  21.4 1795s
 2161465 74768 infeasible   81      5925.00000 5918.00000  0.12%  21.4 1800s
 2167960 74681 infeasible   87      5925.00000 5918.00000  0.12%  21.4 1805s
 2173921 74788 infeasible   96      5925.00000 5918.00000  0.12%  21.4 1810s
 2180652 74733 infeasible   85      5925.00000 5918.00000  0.12%  21.3 1816s
 2187371 74813 infeasible   85      5925.00000 5918.00000  0.12%  21.4 1821s
 2193708 74802 5918.01180   73   54 5925.00000 5918.00000  0.12%  21.4 1825s
 2199571 75082 infeasible   73      5925.00000 5918.00000  0.12%  21.3 1831s
 2205409 75544 infeasible  101      5925.00000 5918.00000  0.12%  21.3 1837s
 2209041 75685 5923.00000  102   25 5925.00000 5918.00000  0.12%  21.3 1840s
 2217898 75502 5918.00000   91   43 5925.00000 5918.00000  0.12%  21.3 1847s
 2222845 75032 5918.00000   93   40 5925.00000 5918.00000  0.12%  21.3 1850s
 2227138 74739 infeasible   99      5925.00000 5919.00000  0.10%  21.3 1855s
 2234051 74527 5919.00000   96   42 5925.00000 5919.00000  0.10%  21.3 1860s
 2239851 74123 5924.00000  112   34 5925.00000 5919.00000  0.10%  21.3 1865s
 2245509 73884 infeasible  112      5925.00000 5919.00000  0.10%  21.3 1871s
 2251715 73396 infeasible   83      5925.00000 5919.00000  0.10%  21.3 1876s
 2257073 72068 5919.00000  104   35 5925.00000 5919.00000  0.10%  21.3 1881s
 2263298 71329 infeasible   80      5925.00000 5919.00000  0.10%  21.3 1886s
 2269640 71243 infeasible   97      5925.00000 5919.00000  0.10%  21.3 1891s
 2276910 71313 5919.00000   81   41 5925.00000 5919.00000  0.10%  21.3 1896s
 2282507 71033 infeasible   72      5925.00000 5919.00000  0.10%  21.3 1901s
 2289143 70654 infeasible  102      5925.00000 5919.00000  0.10%  21.3 1906s
 2294564 69491 infeasible   97      5925.00000 5919.00000  0.10%  21.3 1911s
 2299088 68060 5920.00000   75   41 5925.00000 5920.00000  0.08%  21.3 1916s
 2305080 67483 infeasible   74      5925.00000 5920.00000  0.08%  21.3 1921s
 2311499 67388 infeasible   92      5925.00000 5920.00000  0.08%  21.3 1926s
 2317508 67917 infeasible   78      5925.00000 5920.00000  0.08%  21.3 1931s
 2323385 67971 5920.00000   81   43 5925.00000 5920.00000  0.08%  21.3 1936s
 2329199 68032 infeasible   79      5925.00000 5920.00000  0.08%  21.3 1941s
 2335245 68257 5922.14608   89   47 5925.00000 5920.00000  0.08%  21.3 1948s
 2338933 68216 infeasible   76      5925.00000 5920.00000  0.08%  21.3 1951s
 2344776 68238 infeasible   94      5925.00000 5920.00000  0.08%  21.3 1957s
 2347926 68250 5920.00000   78   37 5925.00000 5920.00000  0.08%  21.3 1961s
 2353463 68087 5923.00000   74   49 5925.00000 5920.00000  0.08%  21.3 1967s
 2358721 67945 5920.02750   73   57 5925.00000 5920.00000  0.08%  21.3 1972s
 2363557 67868 infeasible   75      5925.00000 5920.00000  0.08%  21.3 1978s
 2365519 67871 infeasible   87      5925.00000 5920.00000  0.08%  21.3 1981s
 2370946 67876 5924.00000   80   39 5925.00000 5921.00000  0.07%  21.2 1988s
 2374280 67861 infeasible   71      5925.00000 5921.00000  0.07%  21.2 1991s
 2380490 67982 5921.04268   77   37 5925.00000 5921.00000  0.07%  21.2 1997s
 2383587 68160 infeasible   84      5925.00000 5921.00000  0.07%  21.2 2001s
 2390792 68185 infeasible   96      5925.00000 5921.00000  0.07%  21.2 2007s
 2394121 68189 infeasible  106      5925.00000 5921.00000  0.07%  21.2 2010s
 2400505 68223 infeasible  108      5925.00000 5921.00000  0.07%  21.2 2017s
 2403530 68267 infeasible   79      5925.00000 5921.00000  0.07%  21.2 2020s
 2410618 68458 infeasible   89      5925.00000 5921.00000  0.07%  21.2 2027s
 2413847 68530 5921.04624  102   34 5925.00000 5921.00000  0.07%  21.2 2031s
 2420392 68492 5921.00000   99   30 5925.00000 5921.00000  0.07%  21.2 2037s
 2423590 68536 5921.00000   98   36 5925.00000 5921.00000  0.07%  21.1 2040s
 2429797 68473 infeasible  101      5925.00000 5921.00000  0.07%  21.1 2047s
 2434081 68494 infeasible   92      5925.00000 5921.00000  0.07%  21.1 2050s
 2440284 68446 5921.00000   90   29 5925.00000 5921.00000  0.07%  21.1 2056s
 2446175 68484 5921.00000   95   33 5925.00000 5921.00000  0.07%  21.1 2063s
 2449626 68493 5921.00000   89   36 5925.00000 5921.00000  0.07%  21.1 2066s
 2455940 68449 infeasible   91      5925.00000 5921.00000  0.07%  21.1 2073s
 2460671 68487 infeasible   99      5925.00000 5921.00000  0.07%  21.1 2077s
 2463684 68451 infeasible   96      5925.00000 5921.00000  0.07%  21.0 2080s
 2469681 68329 5921.00000  100   35 5925.00000 5921.00000  0.07%  21.0 2085s
 2475404 68175 infeasible   97      5925.00000 5921.00000  0.07%  21.0 2091s
 2481176 67743 infeasible  107      5925.00000 5921.00000  0.07%  21.0 2099s
 2485544 67527 infeasible   94      5925.00000 5921.00000  0.07%  21.0 2102s
 2488370 67359 5921.00000   91   30 5925.00000 5921.00000  0.07%  21.0 2105s
 2493858 67313 5923.00000  106   31 5925.00000 5921.00000  0.07%  21.0 2111s
 2500112 67068 infeasible   93      5925.00000 5921.00000  0.07%  21.0 2117s
 2502981 66868 infeasible   88      5925.00000 5921.00000  0.07%  21.0 2120s
 2508920 66509 infeasible  100      5925.00000 5921.00000  0.07%  21.0 2127s
 2512136 66334 5924.00000   88   40 5925.00000 5921.00000  0.07%  21.0 2130s
 2518124 66012 5923.00000   94   38 5925.00000 5921.00000  0.07%  21.0 2136s
 2523853 65027 5923.00000   94   38 5925.00000 5921.00000  0.07%  21.0 2142s
 2527211 65340 infeasible  109      5925.00000 5921.00000  0.07%  21.0 2145s
 2534673 66251 infeasible   97      5925.00000 5921.00000  0.07%  20.9 2154s
 2539978 66555 infeasible  101      5925.00000 5921.00000  0.07%  20.9 2157s
 2545152 67119 infeasible  102      5925.00000 5921.00000  0.07%  20.9 2162s
 2550626 67798 infeasible  103      5925.00000 5921.00000  0.07%  20.9 2167s
 2553410 68275 5921.00000   97   22 5925.00000 5921.00000  0.07%  20.9 2170s
 2560795 69435 5923.00000   97   25 5925.00000 5921.00000  0.07%  20.9 2177s
 2563516 69912 5923.00000   96   21 5925.00000 5921.00000  0.07%  20.9 2180s
 2569525 70499 infeasible   96      5925.00000 5921.00000  0.07%  20.8 2185s
 2575402 70934 infeasible  104      5925.00000 5921.00000  0.07%  20.8 2190s
 2578639 71039 infeasible   76      5925.00000 5921.00000  0.07%  20.8 2195s
 2586095 70823 5921.00000   85   57 5925.00000 5921.00000  0.07%  20.8 2200s
 2591920 70739 infeasible   75      5925.00000 5921.00000  0.07%  20.8 2206s
 2597812 70438 infeasible   86      5925.00000 5921.00000  0.07%  20.8 2212s
 2600719 70113 5921.00000   71   36 5925.00000 5921.00000  0.07%  20.8 2215s
 2606758 69385 5923.00000  118   14 5925.00000 5921.00000  0.07%  20.8 2220s
 2612104 69404 infeasible  102      5925.00000 5921.00000  0.07%  20.8 2227s
 2616676 69461 infeasible  114      5925.00000 5921.00000  0.07%  20.8 2230s
 2622794 69853 5923.00000  111   17 5925.00000 5921.00000  0.07%  20.8 2235s
*2627651 61793             125    5924.0000000 5921.00000  0.05%  20.7 2238s
 2628476 61839 5921.00000  111   21 5924.00000 5921.00000  0.05%  20.7 2240s
 2633417 62556 5921.00000  104   18 5924.00000 5921.00000  0.05%  20.7 2246s
 2641302 63350 5921.00000  116   20 5924.00000 5921.00000  0.05%  20.7 2252s
 2647393 64039 5923.00000  106   18 5924.00000 5921.00000  0.05%  20.7 2257s
 2653381 64809 infeasible   99      5924.00000 5921.00000  0.05%  20.7 2261s
 2656430 65549 infeasible   99      5924.00000 5921.00000  0.05%  20.7 2265s
*2658426 41295             129    5923.0000000 5921.00000  0.03%  20.7 2266s
 2665142 38700 infeasible   97      5923.00000 5921.00000  0.03%  20.7 2270s
 2671877 36272 infeasible   85      5923.00000 5921.00000  0.03%  20.7 2276s
 2675160 35782 5921.00000   81   30 5923.00000 5921.00000  0.03%  20.7 2280s
 2682500 35057 infeasible  116      5923.00000 5921.00000  0.03%  20.7 2286s
 2689500 34298 5922.00000  106   24 5923.00000 5921.00000  0.03%  20.7 2291s
 2696312 33628 5921.00000   86   27 5923.00000 5921.00000  0.03%  20.7 2297s
 2699896 33391 5922.00000   99   27 5923.00000 5921.00000  0.03%  20.7 2300s
 2707219 33262 5921.00000  102   22 5923.00000 5921.00000  0.03%  20.7 2307s
 2710863 33418 infeasible   93      5923.00000 5921.00000  0.03%  20.7 2312s
 2716573 33351 infeasible   83      5923.00000 5921.00000  0.03%  20.6 2315s
 2723197 33458 5921.00000   78   35 5923.00000 5921.00000  0.03%  20.6 2321s
 2730231 32780 5921.00000   74   34 5923.00000 5921.00000  0.03%  20.6 2327s
 2733686 32461 infeasible   95      5923.00000 5921.00000  0.03%  20.6 2330s
 2740672 32700 infeasible   79      5923.00000 5921.00000  0.03%  20.6 2337s
 2744644 32645 infeasible   81      5923.00000 5921.00000  0.03%  20.6 2340s
 2751377 33457 5921.00000   96   37 5923.00000 5921.00000  0.03%  20.6 2348s
 2756977 33679 5922.00000  109   15 5923.00000 5921.00000  0.03%  20.6 2351s
 2760571 33782 5921.00000   81   32 5923.00000 5921.00000  0.03%  20.6 2355s
 2767863 33856 infeasible  102      5923.00000 5921.00000  0.03%  20.6 2361s
 2774749 34346 infeasible   90      5923.00000 5921.00000  0.03%  20.6 2369s
 2780326 34859 5922.00000  107   15 5923.00000 5921.00000  0.03%  20.6 2372s
 2783820 35010 infeasible   94      5923.00000 5921.00000  0.03%  20.6 2375s
 2791426 35470 5922.00000  109   18 5923.00000 5921.00000  0.03%  20.5 2381s
 2794405 35987 infeasible  122      5923.00000 5921.00000  0.03%  20.5 2385s
 2803241 36076 5922.00000   98   18 5923.00000 5921.00000  0.03%  20.5 2393s
 2807305 36300 5921.00000   78   38 5923.00000 5921.00000  0.03%  20.5 2397s
 2811697 36507 infeasible  110      5923.00000 5921.00000  0.03%  20.5 2400s
 2819014 37067 infeasible   99      5923.00000 5921.00000  0.03%  20.5 2409s
 2825033 37121 infeasible   95      5923.00000 5921.00000  0.03%  20.5 2413s
 2828427 37381 5922.00000   93   21 5923.00000 5921.00000  0.03%  20.5 2416s
 2835336 37719 infeasible   95      5923.00000 5921.00000  0.03%  20.5 2422s
 2838542 37765 infeasible   90      5923.00000 5921.00000  0.03%  20.5 2425s
 2841894 38033 infeasible   82      5923.00000 5921.00000  0.03%  20.4 2430s
 2850573 38963 infeasible  106      5923.00000 5921.00000  0.03%  20.4 2437s
 2854847 39477 infeasible  100      5923.00000 5921.00000  0.03%  20.4 2440s
 2862282 40262 infeasible   80      5923.00000 5921.00000  0.03%  20.4 2446s
 2865534 40869 5921.00000   89   36 5923.00000 5921.00000  0.03%  20.4 2451s
 2871132 41213 5921.00000   97   27 5923.00000 5921.00000  0.03%  20.4 2455s
 2878225 41580 5921.00000  102   23 5923.00000 5921.00000  0.03%  20.4 2461s
 2881776 41686 infeasible   98      5923.00000 5921.00000  0.03%  20.4 2465s
 2889245 42586 5921.00000  100   19 5923.00000 5921.00000  0.03%  20.4 2473s
 2894790 42600 infeasible   81      5923.00000 5921.00000  0.03%  20.3 2476s
 2901592 42880 infeasible   88      5923.00000 5921.00000  0.03%  20.3 2483s
 2905370 43187 infeasible   84      5923.00000 5921.00000  0.03%  20.3 2486s
 2912189 44167 5921.00000   85   46 5923.00000 5921.00000  0.03%  20.3 2494s
 2917589 44309 5921.00000   79   41 5923.00000 5921.00000  0.03%  20.3 2497s
 2920864 44194 infeasible   88      5923.00000 5921.00000  0.03%  20.3 2500s
 2927187 44103 infeasible   77      5923.00000 5921.00000  0.03%  20.3 2506s
 2933947 44650 infeasible   96      5923.00000 5921.00000  0.03%  20.3 2514s
 2939503 44767 5922.00000  102   21 5923.00000 5921.00000  0.03%  20.3 2517s
 2942119 45054 infeasible   92      5923.00000 5921.00000  0.03%  20.3 2520s
 2949494 45832 5921.00000   94   26 5923.00000 5921.00000  0.03%  20.3 2527s
 2952771 46214 5921.00000   89   40 5923.00000 5921.00000  0.03%  20.3 2530s
 2956522 46917 infeasible   77      5923.00000 5921.00000  0.03%  20.3 2535s
 2964850 47752 5921.00000   77   51 5923.00000 5921.00000  0.03%  20.2 2541s
 2971796 48002 infeasible   83      5923.00000 5921.00000  0.03%  20.2 2547s
 2975188 48140 infeasible   83      5923.00000 5921.00000  0.03%  20.2 2550s
 2981244 47985 5921.00000   88   54 5923.00000 5921.00000  0.03%  20.2 2556s
 2987839 47053 5921.00000   86   51 5923.00000 5921.00000  0.03%  20.2 2560s
 2992586 45039 infeasible   92      5923.00000 5922.00000  0.02%  20.2 2567s
 2997367 44889 infeasible  106      5923.00000 5922.00000  0.02%  20.2 2571s
 3002581 44921 infeasible  114      5923.00000 5922.00000  0.02%  20.2 2575s
 3007199 44889 5922.00000  118   15 5923.00000 5922.00000  0.02%  20.2 2581s
 3014311 44924 infeasible  109      5923.00000 5922.00000  0.02%  20.2 2585s
 3021440 44915 infeasible  101      5923.00000 5922.00000  0.02%  20.1 2591s
 3025176 44866 5922.00000  115   10 5923.00000 5922.00000  0.02%  20.1 2595s
 3033258 44871 infeasible  113      5923.00000 5922.00000  0.02%  20.1 2604s
 3040355 44907 infeasible  113      5923.00000 5922.00000  0.02%  20.1 2608s
 3044317 44911 5922.00000  132   12 5923.00000 5922.00000  0.02%  20.1 2611s
 3052056 44875 infeasible  120      5923.00000 5922.00000  0.02%  20.0 2618s
 3055835 44874 5922.00000  120   14 5923.00000 5922.00000  0.02%  20.0 2621s
 3059181 44800 infeasible  124      5923.00000 5922.00000  0.02%  20.0 2626s
 3066176 44802 infeasible  107      5923.00000 5922.00000  0.02%  20.0 2630s
 3072990 44905 5922.00000   72   51 5923.00000 5922.00000  0.02%  20.0 2636s
 3076955 44858 infeasible  124      5923.00000 5922.00000  0.02%  20.0 2640s
 3084445 44896 infeasible  100      5923.00000 5922.00000  0.02%  19.9 2646s
 3088336 44883 infeasible  118      5923.00000 5922.00000  0.02%  19.9 2652s
 3095699 44804 infeasible  119      5923.00000 5922.00000  0.02%  19.9 2656s
 3103277 44764 infeasible  122      5923.00000 5922.00000  0.02%  19.9 2663s
 3106952 44744 5922.00000  112   21 5923.00000 5922.00000  0.02%  19.9 2666s
 3113806 44806 infeasible  126      5923.00000 5922.00000  0.02%  19.8 2675s
 3124189 44743 infeasible   93      5923.00000 5922.00000  0.02%  19.8 2681s
 3127996 44699 5922.00000   94   29 5923.00000 5922.00000  0.02%  19.8 2685s
 3135429 44630 infeasible  115      5923.00000 5922.00000  0.02%  19.8 2694s
 3142831 44723 5922.00000  120   14 5923.00000 5922.00000  0.02%  19.7 2697s
 3146188 44726 infeasible  123      5923.00000 5922.00000  0.02%  19.7 2701s
 3153065 44586 infeasible   94      5923.00000 5922.00000  0.02%  19.7 2707s
 3156792 44559 5922.00000  114   13 5923.00000 5922.00000  0.02%  19.7 2710s
 3164113 44476 infeasible  123      5923.00000 5922.00000  0.02%  19.7 2716s
 3171281 44482 5922.00000  121   12 5923.00000 5922.00000  0.02%  19.7 2725s
 3181124 44456 5922.00000  118   19 5923.00000 5922.00000  0.02%  19.6 2732s
 3184667 44403 5922.00000  117   23 5923.00000 5922.00000  0.02%  19.6 2735s
 3191757 44410 infeasible  119      5923.00000 5922.00000  0.02%  19.6 2741s
 3195685 44391 5922.00000  130   10 5923.00000 5922.00000  0.02%  19.6 2747s
 3203375 44411 5922.00000  121   11 5923.00000 5922.00000  0.02%  19.6 2751s
 3210617 44483 infeasible  128      5923.00000 5922.00000  0.02%  19.5 2756s
 3213980 44518 5922.00000  124   15 5923.00000 5922.00000  0.02%  19.5 2760s
 3217850 44532 infeasible  125      5923.00000 5922.00000  0.02%  19.5 2766s
 3228211 44415 infeasible  129      5923.00000 5922.00000  0.02%  19.5 2772s
 3231699 44518 5922.00000  129   16 5923.00000 5922.00000  0.02%  19.5 2775s
 3238921 44649 infeasible  116      5923.00000 5922.00000  0.02%  19.4 2783s
 3245551 44711 5922.00000  121   17 5923.00000 5922.00000  0.02%  19.4 2787s
 3249593 44712 5922.00000  123   12 5923.00000 5922.00000  0.02%  19.4 2790s
 3257042 44745 5922.00000  118   12 5923.00000 5922.00000  0.02%  19.4 2796s
 3260544 44704 5922.00000  125   11 5923.00000 5922.00000  0.02%  19.4 2802s
 3267935 44733 infeasible  124      5923.00000 5922.00000  0.02%  19.4 2805s
 3274827 44702 5922.00000  120   11 5923.00000 5922.00000  0.02%  19.3 2811s
 3281807 44579 infeasible  124      5923.00000 5922.00000  0.02%  19.3 2817s
 3285488 44510 5922.00000  133   16 5923.00000 5922.00000  0.02%  19.3 2820s
 3292790 44466 infeasible  119      5923.00000 5922.00000  0.02%  19.3 2826s
 3296414 44631 infeasible  127      5923.00000 5922.00000  0.02%  19.3 2832s
 3303203 44612 infeasible  126      5923.00000 5922.00000  0.02%  19.3 2835s
 3310538 44606 infeasible  124      5923.00000 5922.00000  0.02%  19.2 2841s
 3317838 44509 infeasible  136      5923.00000 5922.00000  0.02%  19.2 2847s
 3321097 44502 5922.00000  124   14 5923.00000 5922.00000  0.02%  19.2 2853s
 3328213 44530 infeasible  126      5923.00000 5922.00000  0.02%  19.2 2856s
 3334688 44404 5922.00000  133   12 5923.00000 5922.00000  0.02%  19.2 2862s
 3338237 44409 5922.00000  105   22 5923.00000 5922.00000  0.02%  19.1 2865s
 3345755 44482 infeasible  101      5923.00000 5922.00000  0.02%  19.1 2875s
 3357195 44419 5922.00000  122   18 5923.00000 5922.00000  0.02%  19.1 2881s
 3364379 44344 5922.00000  124   16 5923.00000 5922.00000  0.02%  19.1 2887s
 3367594 44356 infeasible  138      5923.00000 5922.00000  0.02%  19.1 2890s
 3370842 44369 5922.00000  123   11 5923.00000 5922.00000  0.02%  19.0 2895s
 3381311 44430 infeasible  111      5923.00000 5922.00000  0.02%  19.0 2902s
 3385594 44449 infeasible  134      5923.00000 5922.00000  0.02%  19.0 2905s
 3393060 44432 5922.00000  120   16 5923.00000 5922.00000  0.02%  19.0 2911s
 3396951 44459 5922.00000  109   12 5923.00000 5922.00000  0.02%  19.0 2916s
 3403236 44482 infeasible   84      5923.00000 5922.00000  0.02%  18.9 2920s
 3411312 44441 5922.00000  125   12 5923.00000 5922.00000  0.02%  18.9 2926s
 3418655 44438 infeasible  124      5923.00000 5922.00000  0.02%  18.9 2932s
 3422143 44455 5922.00000  122   21 5923.00000 5922.00000  0.02%  18.9 2938s
 3429487 44487 5922.00000  123   18 5923.00000 5922.00000  0.02%  18.9 2942s
 3432889 44466 infeasible  113      5923.00000 5922.00000  0.02%  18.8 2945s
 3439717 44483 infeasible  122      5923.00000 5922.00000  0.02%  18.8 2952s
 3443501 44496 infeasible  118      5923.00000 5922.00000  0.02%  18.8 2958s
 3450407 44432 5922.00000  115   24 5923.00000 5922.00000  0.02%  18.8 2961s
 3457594 44599 5922.00000   90   39 5923.00000 5922.00000  0.02%  18.8 2967s
 3461443 44614 5922.00000  125   11 5923.00000 5922.00000  0.02%  18.8 2970s
 3464889 44503 5922.00000  124   12 5923.00000 5922.00000  0.02%  18.7 2975s
 3475185 44538 infeasible  120      5923.00000 5922.00000  0.02%  18.7 2982s
 3478896 44444 5922.00000  132   12 5923.00000 5922.00000  0.02%  18.7 2985s
 3485712 44438 5922.00000  124    9 5923.00000 5922.00000  0.02%  18.7 2991s
 3489448 44399 infeasible  122      5923.00000 5922.00000  0.02%  18.7 2996s
 3496497 44403 infeasible  122      5923.00000 5922.00000  0.02%  18.7 3002s
 3498586 44348 5922.00000  102   15 5923.00000 5922.00000  0.02%  18.7 3007s
 3502024 44372 infeasible  123      5923.00000 5922.00000  0.02%  18.6 3010s
 3509342 44496 infeasible  120      5923.00000 5922.00000  0.02%  18.6 3016s
 3516161 44439 infeasible  127      5923.00000 5922.00000  0.02%  18.6 3025s
 3526299 44380 5922.00000  122   12 5923.00000 5922.00000  0.02%  18.6 3031s
 3529435 44358 5922.00000  125   11 5923.00000 5922.00000  0.02%  18.6 3035s
 3536580 44291 5922.00000  116   12 5923.00000 5922.00000  0.02%  18.6 3043s
 3542820 44368 infeasible   98      5923.00000 5922.00000  0.02%  18.5 3046s
 3549850 44344 5922.00000  127    9 5923.00000 5922.00000  0.02%  18.5 3052s
 3553334 44307 infeasible  131      5923.00000 5922.00000  0.02%  18.5 3055s
 3559484 44244 infeasible  123      5923.00000 5922.00000  0.02%  18.5 3061s
 3563116 44280 infeasible  114      5923.00000 5922.00000  0.02%  18.5 3066s
 3569188 44278 infeasible  120      5923.00000 5922.00000  0.02%  18.5 3070s
 3576055 44334 5922.00000  133    6 5923.00000 5922.00000  0.02%  18.5 3076s
 3583340 44351 5922.00000  122   15 5923.00000 5922.00000  0.02%  18.5 3082s
 3587215 44361 infeasible  120      5923.00000 5922.00000  0.02%  18.4 3088s
 3593464 44344 infeasible  123      5923.00000 5922.00000  0.02%  18.4 3091s
 3600970 44400 5922.00000  101   12 5923.00000 5922.00000  0.02%  18.4 3097s
 3604392 44331 5922.00000  122   14 5923.00000 5922.00000  0.02%  18.4 3100s
 3611878 44312 5922.00000  123    9 5923.00000 5922.00000  0.02%  18.4 3109s
 3617900 44353 5922.00000  121   19 5923.00000 5922.00000  0.02%  18.4 3112s
 3621705 44352 5922.00000  120   13 5923.00000 5922.00000  0.02%  18.4 3115s
 3628561 44359 infeasible  101      5923.00000 5922.00000  0.02%  18.3 3121s
 3635469 44277 5922.00000  124   20 5923.00000 5922.00000  0.02%  18.3 3129s
 3641982 44245 infeasible  116      5923.00000 5922.00000  0.02%  18.3 3132s
 3644224 44243 5922.00000  123    9 5923.00000 5922.00000  0.02%  18.3 3135s
 3651449 44152 5922.00000  108   19 5923.00000 5922.00000  0.02%  18.3 3141s
 3658500 44139 5922.00000  104   15 5923.00000 5922.00000  0.02%  18.3 3146s
 3661666 44107 infeasible  116      5923.00000 5922.00000  0.02%  18.3 3150s
 3670857 44207 5922.00000  110   12 5923.00000 5922.00000  0.02%  18.2 3155s
 3677819 44286 infeasible  125      5923.00000 5922.00000  0.02%  18.2 3160s
 3684655 44432 5922.00000  127   11 5923.00000 5922.00000  0.02%  18.2 3166s
 3693901 44364 infeasible  131      5923.00000 5922.00000  0.02%  18.2 3171s
 3700746 44456 infeasible  126      5923.00000 5922.00000  0.02%  18.2 3176s
 3707556 44361 5922.00000  125   13 5923.00000 5922.00000  0.02%  18.2 3181s
 3714255 44153 infeasible  129      5923.00000 5922.00000  0.02%  18.2 3186s
 3721031 44136 5922.00000  112   15 5923.00000 5922.00000  0.02%  18.1 3190s
 3731102 44162 5922.00000  101   19 5923.00000 5922.00000  0.02%  18.1 3197s
 3737498 44213 5922.00000  124    7 5923.00000 5922.00000  0.02%  18.1 3201s
 3744394 44269 infeasible  130      5923.00000 5922.00000  0.02%  18.1 3206s
 3751402 44294 5922.00000  115   18 5923.00000 5922.00000  0.02%  18.1 3212s
 3757763 44353 infeasible  108      5923.00000 5922.00000  0.02%  18.1 3215s
 3767459 44356 5922.00000  127   11 5923.00000 5922.00000  0.02%  18.0 3222s
 3774525 44335 infeasible  116      5923.00000 5922.00000  0.02%  18.0 3226s
 3781311 44281 5922.00000  122   13 5923.00000 5922.00000  0.02%  18.0 3232s
 3787371 44314 infeasible  119      5923.00000 5922.00000  0.02%  18.0 3235s
 3797048 44435 infeasible  134      5923.00000 5922.00000  0.02%  18.0 3242s
 3803778 44509 infeasible  117      5923.00000 5922.00000  0.02%  18.0 3246s
 3810929 44562 infeasible  123      5923.00000 5922.00000  0.02%  17.9 3253s
 3817482 44573 5922.00000  131    8 5923.00000 5922.00000  0.02%  17.9 3255s
 3824016 44545 5922.00000  116   10 5923.00000 5922.00000  0.02%  17.9 3260s
 3833259 44451 infeasible  118      5923.00000 5922.00000  0.02%  17.9 3266s
 3840012 44435 5922.00000  121   14 5923.00000 5922.00000  0.02%  17.9 3271s
 3848864 44420 5922.00000  121   11 5923.00000 5922.00000  0.02%  17.9 3277s
 3855492 44367 infeasible  128      5923.00000 5922.00000  0.02%  17.8 3282s
 3861920 44381 infeasible  113      5923.00000 5922.00000  0.02%  17.8 3286s
 3865021 44265 5922.00000  119   10 5923.00000 5922.00000  0.02%  17.8 3290s
 3873875 44198 5922.00000  120   12 5923.00000 5922.00000  0.02%  17.8 3295s
 3880867 44199 infeasible  129      5923.00000 5922.00000  0.02%  17.8 3300s
 3891043 44155 infeasible  107      5923.00000 5922.00000  0.02%  17.8 3307s
 3894248 44171 5922.00000  118   15 5923.00000 5922.00000  0.02%  17.8 3310s
 3903299 44139 5922.00000  121   16 5923.00000 5922.00000  0.02%  17.7 3315s
 3909789 44068 infeasible  116      5923.00000 5922.00000  0.02%  17.7 3320s
 3919840 44115 5922.00000  113   12 5923.00000 5922.00000  0.02%  17.7 3328s
 3925381 44127 5922.00000  113   21 5923.00000 5922.00000  0.02%  17.7 3330s
 3932009 44020 infeasible  122      5923.00000 5922.00000  0.02%  17.7 3335s
 3941791 43974 infeasible  119      5923.00000 5922.00000  0.02%  17.7 3342s
 3948291 43904 infeasible  120      5923.00000 5922.00000  0.02%  17.7 3346s
 3954674 43856 5922.00000  120   14 5923.00000 5922.00000  0.02%  17.6 3351s
 3961769 43890 5922.00000  107   16 5923.00000 5922.00000  0.02%  17.6 3355s
 3970713 43874 infeasible  117      5923.00000 5922.00000  0.02%  17.6 3362s
 3977943 43981 5922.00000  125   13 5923.00000 5922.00000  0.02%  17.6 3366s
 3984202 43995 5922.00000  123   11 5923.00000 5922.00000  0.02%  17.6 3371s
 3990964 43882 5922.00000  120   13 5923.00000 5922.00000  0.02%  17.6 3375s
 3997687 43878 infeasible  120      5923.00000 5922.00000  0.02%  17.6 3382s
 4006833 43826 5922.00000  110   14 5923.00000 5922.00000  0.02%  17.5 3386s
 4013088 43737 infeasible  122      5923.00000 5922.00000  0.02%  17.5 3390s
 4019333 43629 infeasible  107      5923.00000 5922.00000  0.02%  17.5 3396s
 4027458 43656 infeasible  119      5923.00000 5922.00000  0.02%  17.5 3401s
 4034691 43627 infeasible  115      5923.00000 5922.00000  0.02%  17.5 3405s
 4041811 43627 5922.00000  134   12 5923.00000 5922.00000  0.02%  17.5 3411s
 4050600 43582 5922.00000  117   12 5923.00000 5922.00000  0.02%  17.5 3416s
 4057117 43563 5922.00000  125    4 5923.00000 5922.00000  0.02%  17.4 3420s
 4063762 43376 5922.00000  116   14 5923.00000 5922.00000  0.02%  17.4 3426s
 4072341 43160 infeasible  110      5923.00000 5922.00000  0.02%  17.4 3431s
 4078557 43005 infeasible   86      5923.00000 5922.00000  0.02%  17.4 3435s
 4085115 42855 infeasible  135      5923.00000 5922.00000  0.02%  17.4 3440s
 4091983 42759 5922.00000  131    9 5923.00000 5922.00000  0.02%  17.4 3445s
 4098254 42501 5922.00000  113   19 5923.00000 5922.00000  0.02%  17.4 3450s
 4104875 42278 infeasible  123      5923.00000 5922.00000  0.02%  17.4 3456s
 4111452 42119 5922.00000  121    8 5923.00000 5922.00000  0.02%  17.3 3462s
 4114908 42060 5922.00000  108   13 5923.00000 5922.00000  0.02%  17.3 3466s
 4123234 41886 5922.00000  111   16 5923.00000 5922.00000  0.02%  17.3 3472s
 4126636 41814 5922.00000  111   12 5923.00000 5922.00000  0.02%  17.3 3475s
 4133276 41790 infeasible  112      5923.00000 5922.00000  0.02%  17.3 3480s
 4136465 41635 infeasible  118      5923.00000 5922.00000  0.02%  17.3 3485s
 4144603 41460 5922.00000  101   12 5923.00000 5922.00000  0.02%  17.3 3491s
 4151285 41275 5922.00000  110    9 5923.00000 5922.00000  0.02%  17.3 3496s
 4157991 41108 5922.00000  113   11 5923.00000 5922.00000  0.02%  17.3 3502s
 4161157 41018 infeasible  120      5923.00000 5922.00000  0.02%  17.3 3505s
 4167981 40833 infeasible  100      5923.00000 5922.00000  0.02%  17.2 3512s
 4173576 40833 5922.00000  118    8 5923.00000 5922.00000  0.02%  17.2 3515s
 4180003 40964 infeasible  123      5923.00000 5922.00000  0.02%  17.2 3520s
 4186254 40887 5922.00000  101   18 5923.00000 5922.00000  0.02%  17.2 3526s
 4192729 41015 infeasible  115      5923.00000 5922.00000  0.02%  17.2 3533s
 4198074 41004 infeasible  129      5923.00000 5922.00000  0.02%  17.2 3536s
 4204225 40994 infeasible  114      5923.00000 5922.00000  0.02%  17.2 3541s
 4210429 40969 infeasible  122      5923.00000 5922.00000  0.02%  17.2 3547s
 4213948 41001 5922.00000  122   14 5923.00000 5922.00000  0.02%  17.2 3551s
 4222230 40989 5922.00000  130   12 5923.00000 5922.00000  0.02%  17.1 3557s
 4225738 40977 infeasible  110      5923.00000 5922.00000  0.02%  17.1 3560s
 4232104 40957 infeasible  107      5923.00000 5922.00000  0.02%  17.1 3565s
 4235370 40890 infeasible  126      5923.00000 5922.00000  0.02%  17.1 3570s
 4243992 40995 5922.00000  114   19 5923.00000 5922.00000  0.02%  17.1 3576s
 4249754 41039 5922.00000  127   17 5923.00000 5922.00000  0.02%  17.1 3581s
 4256079 41154 5922.00000  112   11 5923.00000 5922.00000  0.02%  17.1 3586s
 4259235 41099 infeasible  117      5923.00000 5922.00000  0.02%  17.1 3591s
 4267382 41114 infeasible  117      5923.00000 5922.00000  0.02%  17.1 3596s
 4274178 41169 5922.00000  122    8 5923.00000 5922.00000  0.02%  17.1 3600s

Cutting planes:
  Learned: 1
  Gomory: 1
  Implied bound: 4
  Projected implied bound: 2
  MIR: 28
  Flow cover: 74
  Relax-and-lift: 1

Explored 4274231 nodes (72974833 simplex iterations) in 3600.09 seconds (568.64 work units)
Thread count was 16 (of 16 available processors)

Solution count 10: 5923 5924 5925 ... 5944

Time limit reached
Best objective 5.923000000000e+03, best bound 5.922000000000e+03, gap 0.0169%
Warning: constraint name "precedence between 1,0 to 0,0 if x_[j,l,h,z,i]=1" has a space
Warning: constraint name "precedence between 1,0 to 0,0 if x_[j,l,h,z,i]=1" has a space
Warning: default constraint names used to write mps file
