
Gurobi 10.0.1 (win64) logging started Mon Sep 11 00:48:11 2023

Set parameter LogFile to value "results-heuristic-start//log/URT_19_deadline.log"
Gurobi Optimizer version 10.0.1 build v10.0.1rc0 (win64)

CPU model: AMD Ryzen 7 3700X 8-Core Processor, instruction set [SSE2|AVX|AVX2]
Thread count: 8 physical cores, 16 logical processors, using up to 16 threads

Optimize a model with 2861 rows, 2234 columns and 12864 nonzeros
Model fingerprint: 0xee0d1096
Model has 1 quadratic constraint
Variable types: 132 continuous, 2102 integer (2101 binary)
Coefficient statistics:
  Matrix range     [1e+00, 1e+06]
  QMatrix range    [1e+00, 1e+00]
  QLMatrix range   [1e+00, 2e+01]
  Objective range  [1e+00, 1e+00]
  Bounds range     [1e+00, 1e+00]
  RHS range        [1e+00, 3e+06]

Warning: Completing partial solution with 2058 unfixed non-continuous variables out of 2102
User MIP start produced solution with objective 3316 (0.00s)
Loaded user MIP start with objective 3316

Presolve removed 165 rows and 1094 columns
Presolve time: 0.04s
Presolved: 2730 rows, 1173 columns, 12814 nonzeros
Variable types: 165 continuous, 1008 integer (1007 binary)

Root relaxation: objective 0.000000e+00, 197 iterations, 0.00 seconds (0.00 work units)

    Nodes    |    Current Node    |     Objective Bounds      |     Work
 Expl Unexpl |  Obj  Depth IntInf | Incumbent    BestBd   Gap | It/Node Time

     0     0    0.00000    0   19 3316.00000    0.00000   100%     -    0s
H    0     0                    3315.0000000    0.00000   100%     -    0s
     0     0    0.00000    0   45 3315.00000    0.00000   100%     -    0s
     0     0    0.00000    0   45 3315.00000    0.00000   100%     -    0s
H    0     0                     289.0000000    0.00000   100%     -    0s
     0     0    0.00000    0   16  289.00000    0.00000   100%     -    0s
H    0     0                     287.0000000    0.00000   100%     -    0s
     0     0    0.00000    0   25  287.00000    0.00000   100%     -    0s
     0     0    0.00000    0   22  287.00000    0.00000   100%     -    0s
H    0     0                     286.0000000    0.00000   100%     -    0s
     0     0    0.00000    0   43  286.00000    0.00000   100%     -    0s
     0     0    0.00000    0   21  286.00000    0.00000   100%     -    0s
H    0     0                     285.0000000    0.00000   100%     -    0s
     0     0    0.00000    0   61  285.00000    0.00000   100%     -    0s
H    0     0                     284.0000000    0.00000   100%     -    0s
     0     0    0.00000    0   39  284.00000    0.00000   100%     -    0s
     0     0    0.00000    0   52  284.00000    0.00000   100%     -    0s
H    0     0                     281.0000000    0.00000   100%     -    1s
H    0     0                     274.0000000    0.00000   100%     -    1s
     0     0    0.00000    0   35  274.00000    0.00000   100%     -    1s
     0     0    0.00000    0   29  274.00000    0.00000   100%     -    1s
H    0     2                     268.0000000    0.00000   100%     -    1s
     0     2    0.00000    0   29  268.00000    0.00000   100%     -    1s
H   33    32                     266.0000000    4.21356  98.4%   163    1s
H   97   103                     264.0000000    4.21356  98.4%  68.0    1s
H  100   103                     262.0000000    4.21356  98.4%  66.1    1s
H  217   195                     259.0000000    4.21356  98.4%  43.8    1s
H  401   380                     247.0000000    4.21356  98.3%  30.3    1s
H 1451  1130                     246.0000000    5.24107  97.9%  19.5    2s
H 1494  1077                     240.0000000    5.24107  97.8%  19.4    2s
  1654  1193    7.00000   26   85  240.00000    6.00000  97.5%  31.3    5s
H 1655  1138                     219.0000000    6.00000  97.3%  31.3    5s
H 1702  1118                     218.0000000    6.00000  97.2%  31.6    6s
H 1704  1069                     215.0000000    6.00000  97.2%  31.6    6s
H 2864  1609                     214.0000000    6.00000  97.2%  31.5    6s
H 3730  1896                     211.0000000    6.00000  97.2%  30.3    8s
  4681  2377   99.00000   75   65  211.00000    6.00000  97.2%  29.1   10s
H 5149  2917                     210.0000000    6.00000  97.1%  28.4   11s
H 6402  3855                     208.0000000    6.00000  97.1%  27.7   11s
H 7697  4845                     207.0000000    6.00000  97.1%  26.6   11s
H 8941  5618                     206.0000000    6.00000  97.1%  26.7   12s
 20857 13178   86.03506   50   29  206.00000    6.00000  97.1%  25.7   15s
 21134 13356    6.00000   36   98  206.00000    6.00000  97.1%  25.3   20s
 35063 19176  126.00000  119   38  206.00000    6.00000  97.1%  21.3   25s
 63786 31153   98.00000   85   29  206.00000    6.00000  97.1%  16.5   33s
 63795 31159   93.00000   85  110  206.00000    6.00000  97.1%  16.5   35s
 63809 31168  114.00000  112  108  206.00000    8.00000  96.1%  16.5   40s
 64130 31374   10.00000   47   87  206.00000    8.35428  95.9%  17.0   47s
 74780 36381  158.17595  109   42  206.00000    9.00000  95.6%  17.1   50s
 106492 50410  201.56667  125   37  206.00000    9.00000  95.6%  15.8   55s
 122635 56086   45.00000   67   63  206.00000    9.00000  95.6%  15.5   60s
 154427 68657 infeasible  116       206.00000    9.00000  95.6%  14.9   65s
 171720 90308   76.00000   71   56  206.00000    9.00000  95.6%  14.6   72s
 187736 90323  170.00000  114   27  206.00000    9.00000  95.6%  14.6   77s
 194786 98334   55.00000   66   62  206.00000    9.00000  95.6%  14.6   80s
 216011 113013    9.00000   55   75  206.00000    9.00000  95.6%  14.3   85s
 239748 128619  112.00000   85   56  206.00000    9.00000  95.6%  14.5   90s
 254468 136777    9.00000   57   76  206.00000    9.00000  95.6%  14.7   95s
 264277 143534  189.00000   98   39  206.00000    9.00000  95.6%  14.8  101s
 278076 154158   59.42059   85   63  206.00000    9.00000  95.6%  14.8  105s
 296727 168212   62.00000   76   72  206.00000    9.00000  95.6%  15.1  110s
 304095 172693   62.00000   73   65  206.00000    9.00000  95.6%  15.2  115s
 324043 188833   18.77283   68   73  206.00000    9.00000  95.6%  15.4  120s
 343877 201876  177.00000  143   39  206.00000    9.00000  95.6%  15.5  125s
 362603 213970  125.00000   88   43  206.00000    9.00000  95.6%  15.6  130s
 373375 220460  128.99340   84   51  206.00000    9.00000  95.6%  15.6  135s
 388767 232713   77.00000   95   55  206.00000    9.00000  95.6%  15.6  140s
 403743 243584  126.00000   77   51  206.00000    9.00000  95.6%  15.7  145s
 418575 253699 infeasible   99       206.00000    9.00000  95.6%  15.7  150s
 434536 266558   65.09855   90   70  206.00000    9.00000  95.6%  15.7  155s
 439038 269965  161.00000  104   35  206.00000    9.00000  95.6%  15.7  160s
 452812 279681    9.00000   60   78  206.00000    9.00000  95.6%  15.8  165s
 464756 286346    9.00000   57   84  206.00000    9.00000  95.6%  15.8  172s
 470847 292954  176.00000  105   34  206.00000    9.00000  95.6%  15.8  175s
 484466 300576  134.98052   88   52  206.00000    9.00000  95.6%  15.8  182s
 488768 305778   66.10526   71   55  206.00000    9.00000  95.6%  15.8  185s
 503330 316267  201.00000  149   30  206.00000    9.00000  95.6%  15.8  190s
 519674 328920   92.00000   82   62  206.00000    9.00000  95.6%  15.7  195s
 533756 338494  193.00000  152   23  206.00000    9.00000  95.6%  15.7  200s
 547096 347986   79.41843   84   59  206.00000    9.00000  95.6%  15.7  205s
 558935 354933  191.00000  135   27  206.00000    9.00000  95.6%  15.7  211s
H558941 349932                     203.0000000    9.00000  95.6%  15.7  211s
 565943 356244    9.00000   65   80  203.00000    9.00000  95.6%  15.8  215s
 575732 362933 infeasible  101       203.00000    9.00000  95.6%  15.9  220s
 588947 370072 infeasible  104       203.00000    9.00000  95.6%  16.0  225s
 599909 375924   89.00000   83   54  203.00000    9.00000  95.6%  16.1  232s
 603542 380186  123.00000   80   60  203.00000    9.00000  95.6%  16.1  235s
 615691 387775  112.14417   78   54  203.00000    9.00000  95.6%  16.2  240s
 624753 393519  118.64755   87   49  203.00000    9.00000  95.6%  16.3  245s
 635526 399025  109.00000   88   51  203.00000    9.00000  95.6%  16.4  250s
 640113 402157   18.99650   68   67  203.00000    9.00000  95.6%  16.4  255s
 650272 410217  112.00000  112   38  203.00000    9.00000  95.6%  16.4  261s
 655897 411237  101.00000   84   65  203.00000    9.00000  95.6%  16.4  265s
 661948 417975  197.11991   95   46  203.00000    9.00000  95.6%  16.5  271s
 668979 420099  174.00000  147   33  203.00000    9.00000  95.6%  16.5  275s
 675162 426452  183.00000   83   43  203.00000    9.00000  95.6%  16.5  281s
 684046 431724   41.68132   78   60  203.00000    9.00000  95.6%  16.6  285s
 695362 437913  173.00000  111   37  203.00000    9.00000  95.6%  16.6  290s
 704102 444280   72.78829   84   62  203.00000    9.00000  95.6%  16.6  295s
 715963 451238  115.00000   80   48  203.00000    9.00000  95.6%  16.6  300s
 719274 452821    9.00000   60   77  203.00000    9.00000  95.6%  16.7  305s
 727540 458704  182.00000  100   35  203.00000    9.00000  95.6%  16.7  310s
 736621 465510   22.36520   72   76  203.00000    9.00000  95.6%  16.7  315s
 747670 472126   81.63936   80   70  203.00000    9.00000  95.6%  16.8  320s
 758358 478356  193.02398  102   38  203.00000    9.00000  95.6%  16.8  326s
 762753 480343  172.65325   77   55  203.00000    9.00000  95.6%  16.8  330s
 770239 487074   44.00000   76   63  203.00000    9.00000  95.6%  16.9  335s
 778483 492471   17.28055   73   79  203.00000    9.00000  95.6%  16.9  340s
 790762 499240   35.63936   61   76  203.00000    9.00000  95.6%  16.9  345s
 794934 500841  189.00000  120   43  203.00000    9.00000  95.6%  16.9  350s
 796693 502711   69.00000   86   61  203.00000    9.00000  95.6%  17.0  355s
 804317 508297     cutoff   92       203.00000    9.00000  95.6%  17.0  361s
 812848 514169  174.02451  121   34  203.00000    9.00000  95.6%  17.1  366s
 821097 518711  190.00000   83   44  203.00000    9.00000  95.6%  17.1  370s
 830217 525080  191.00000  103   47  203.00000    9.00000  95.6%  17.1  375s
 839508 528816   33.91236   62   82  203.00000    9.00000  95.6%  17.1  383s
 839527 538669   33.91236   63   83  203.00000    9.00000  95.6%  17.1  387s
 855543 541116  191.00000  101   38  203.00000    9.00000  95.6%  17.2  392s
 863513 545129  198.00000  100   28  203.00000    9.00000  95.6%  17.2  397s
 868967 548488  190.06579   94   36  203.00000    9.00000  95.6%  17.2  400s
 876765 553091   13.76723   76   75  203.00000    9.00000  95.6%  17.3  405s
 884431 558227   37.71142   77   65  203.00000    9.00000  95.6%  17.3  410s
 887608 559127  170.21135  110   49  203.00000    9.00000  95.6%  17.3  416s
 892819 562688   50.00000   72   65  203.00000    9.00000  95.6%  17.3  420s
 900429 568047 infeasible  147       203.00000    9.00000  95.6%  17.3  426s
 906657 571311   22.83438   65   87  203.00000    9.00000  95.6%  17.3  430s
 914669 576561   57.04749   70   79  203.00000    9.00000  95.6%  17.3  436s
 916654 576577  114.00000  130   46  203.00000    9.00000  95.6%  17.4  441s
 920698 580339  155.00000  125   32  203.00000    9.00000  95.6%  17.4  446s
 922887 581171  150.63936   87   51  203.00000    9.00000  95.6%  17.4  451s
 926781 584961  188.63936  105   37  203.00000    9.00000  95.6%  17.4  455s
 936261 589707   39.10537   74   68  203.00000    9.00000  95.6%  17.4  461s
 940940 593362  192.00000  146   32  203.00000    9.00000  95.6%  17.4  465s
 948413 598067  147.65273   89   45  203.00000    9.00000  95.6%  17.5  470s
 957000 602735   61.00000   81   66  203.00000    9.00000  95.6%  17.5  476s
 961929 606480   29.62500   70   73  203.00000    9.00000  95.6%  17.5  480s
 964951 607612   23.58072   72   76  203.00000    9.00000  95.6%  17.5  486s
 970506 612291  150.00000  113   40  203.00000    9.00000  95.6%  17.5  491s
 975653 615872  150.60989   86   44  203.00000    9.00000  95.6%  17.6  495s
 984184 620885   37.00000   70   65  203.00000    9.00000  95.6%  17.6  501s
 988773 624192   86.63936   81   56  203.00000    9.00000  95.6%  17.6  505s
 997142 630654   56.63936   77   53  203.00000    9.00000  95.6%  17.6  511s
 1003920 633933  182.00000   88   45  203.00000    9.00000  95.6%  17.6  515s
 1014552 639100   24.05584   52   81  203.00000    9.00000  95.6%  17.7  521s
 1016167 649270   30.00000   69   89  203.00000    9.00000  95.6%  17.7  531s
 1032183 650904   40.76233   71   68  203.00000    9.00000  95.6%  17.8  535s
 1039540 656073   22.96503   68   74  203.00000    9.00000  95.6%  17.8  540s
 1048223 659083   35.04470   70   70  203.00000    9.00000  95.6%  17.8  548s
 1048244 659091   45.39100   71   71  203.00000    9.00000  95.6%  17.8  553s
 1049541 660849  137.67641   96   53  203.00000    9.00000  95.6%  17.8  555s
 1054049 664173  181.00000  110   41  203.00000    9.00000  95.6%  17.8  560s
 1060249 668397   95.89650   84   54  203.00000    9.00000  95.6%  17.8  566s
 1066405 671293 infeasible  116       203.00000    9.00000  95.6%  17.8  570s
 1072994 675585   64.15385   73   68  203.00000    9.00000  95.6%  17.8  575s
 1079177 680163  123.00000   92   38  203.00000    9.00000  95.6%  17.9  580s
 1087076 684939   47.00000   76   80  203.00000    9.00000  95.6%  17.9  585s
 1093731 689201     cutoff  123       203.00000    9.00000  95.6%  17.9  590s
 1100885 693785   49.74835   71   76  203.00000    9.00000  95.6%  17.9  596s
 1103323 693796  194.00000  112   28  203.00000    9.00000  95.6%  17.9  600s
 1103343 703980 infeasible  113       203.00000    9.00000  95.6%  17.9  608s
 1119359 706692  109.63936   84   56  203.00000    9.00000  95.6%  18.0  613s
 1123837 709385   21.21699   70   80  203.00000    9.00000  95.6%  18.0  616s
 1130064 712282  129.00000   93   50  203.00000    9.00000  95.6%  18.0  620s
 1140169 718320  185.00000  147   28  203.00000    9.00000  95.6%  18.0  626s
 1145343 722023  191.00000   96   40  203.00000    9.00000  95.6%  18.0  630s
 1153986 726573   51.00000   80   69  203.00000    9.00000  95.6%  18.0  635s
 1156692 727347  136.00000   80   40  203.00000    9.00000  95.6%  18.0  641s
 1160606 729902  167.00000   98   47  203.00000    9.00000  95.6%  18.1  645s
 1167665 734748   25.14136   64   73  203.00000    9.00000  95.6%  18.1  651s
 1174053 739215    9.42085   74   74  203.00000    9.00000  95.6%  18.1  656s
 1179209 742457   91.07429   88   51  203.00000    9.00000  95.6%  18.1  660s
 1186414 746853   88.00000   85   50  203.00000    9.00000  95.6%  18.1  666s
 1191819 750759  189.00000   98   39  203.00000    9.00000  95.6%  18.1  671s
 1198121 753835  166.00000   95   49  203.00000    9.00000  95.6%  18.1  675s
 1203018 754679    9.00000   67   82  203.00000    9.00000  95.6%  18.1  681s
 1203035 754724    9.00000   68   80  203.00000    9.00000  95.6%  18.1  685s
 1206486 757736   56.60989   70   73  203.00000    9.00000  95.6%  18.1  691s
 1209856 760443   93.00000   96   54  203.00000    9.00000  95.6%  18.2  695s
 1216938 765400  157.03532  100   41  203.00000    9.00000  95.6%  18.2  701s
 1221352 768416 infeasible   86       203.00000    9.00000  95.6%  18.2  705s
 1229007 773340   29.92902   70   70  203.00000    9.00000  95.6%  18.2  711s
 1234429 776293  120.00000   90   58  203.00000    9.00000  95.6%  18.2  716s
 1239334 777845  129.09452  117   45  203.00000    9.00000  95.6%  18.2  722s
 1241228 781217   57.00000   82   62  203.00000    9.00000  95.6%  18.2  727s
 1246479 784268   48.00000   82   83  203.00000    9.00000  95.6%  18.2  732s
 1251672 787888   23.15946   70   86  203.00000    9.00000  95.6%  18.2  736s
 1259257 791258 infeasible  133       203.00000    9.00000  95.6%  18.2  741s
 1263802 794801    9.00000   55   79  203.00000    9.00000  95.6%  18.2  745s
 1271143 799431   35.71572   71   82  203.00000    9.00000  95.6%  18.2  750s
 1278597 803948 infeasible   95       203.00000    9.00000  95.6%  18.2  756s
 1284264 808778   91.00000   90   62  203.00000    9.00000  95.6%  18.2  761s
 1290699 810479  126.56155   73   57  203.00000    9.00000  95.6%  18.2  768s
 1291608 812208   57.86346   81   65  203.00000    9.00000  95.6%  18.2  771s
 1294790 815356   31.75878   80   76  203.00000    9.00000  95.6%  18.3  775s
 1300017 818995 infeasible  111       203.00000    9.00000  95.6%  18.3  780s
 1307790 822966  118.00000   94   69  203.00000    9.00000  95.6%  18.3  785s
 1314220 826982    9.00000   62   80  203.00000    9.00000  95.6%  18.3  790s
 1321459 831949  161.00000  107   44  203.00000    9.00000  95.6%  18.3  797s
 1326070 835302  125.06616  103   46  203.00000    9.00000  95.6%  18.3  800s
 1333847 837830   34.08760   68   80  203.00000    9.00000  95.6%  18.3  809s
 1333866 837846   34.08760   69   76  203.00000    9.00000  95.6%  18.3  814s
 1333882 839208   35.11463   68   82  203.00000    9.00000  95.6%  18.3  815s
 1338991 842546  146.00000  117   35  203.00000    9.00000  95.6%  18.3  821s
 1342748 845803  201.00000  101   37  203.00000    9.00000  95.6%  18.3  826s
 1347612 848864     cutoff   82       203.00000    9.00000  95.6%  18.3  831s
 1352342 851949  189.05197   79   56  203.00000    9.00000  95.6%  18.3  835s
 1359765 856522  187.00000  122   30  203.00000    9.00000  95.6%  18.3  841s
 1365325 860657  157.00000  103   48  203.00000    9.00000  95.6%  18.3  846s
 1370629 862967 infeasible  114       203.00000    9.00000  95.6%  18.3  850s
 1377606 867693  201.00000   97   38  203.00000    9.00000  95.6%  18.4  856s
 1380410 867703  198.00000  114   21  203.00000    9.00000  95.6%  18.4  860s
 1382701 869981  158.00000   90   42  203.00000    9.00000  95.6%  18.4  865s
 1386129 873187  200.63936  101   41  203.00000    9.00000  95.6%  18.4  870s
 1393590 877272   79.00000   84   60  203.00000    9.00000  95.6%  18.4  875s
 1401616 881716   57.11503   92   71  203.00000    9.00000  95.6%  18.4  881s
 1406236 885481  144.62500   87   55  203.00000    9.00000  95.6%  18.4  886s
 1411263 889747   10.00000   74   73  203.00000    9.00000  95.6%  18.4  891s
 1418718 892502 infeasible  124       203.00000    9.00000  95.6%  18.4  896s
 1423886 897079  201.00000  130   29  203.00000    9.00000  95.6%  18.4  901s
 1431276 899699    9.55253   70   84  203.00000    9.00000  95.6%  18.4  909s
 1431295 910012   12.88749   70   85  203.00000    9.00000  95.6%  18.4  918s
 1447311 913037  109.55739   69   55  203.00000    9.00000  95.6%  18.5  924s
 1452148 915835  163.63936   95   48  203.00000    9.00000  95.6%  18.5  927s
 1458641 918919    9.00000   72   80  203.00000    9.00000  95.6%  18.5  931s
H1461329 901849                     199.0000000    9.00000  95.5%  18.5  933s
 1463347 901849  148.00000  100   35  199.00000    9.00000  95.5%  18.5  939s
 1463365 901860  153.00000  101   34  199.00000    9.00000  95.5%  18.5  943s
 1463386 902641  164.00000  102   33  199.00000    9.00000  95.5%  18.5  945s
 1468037 905823  164.00000  132   29  199.00000    9.00000  95.5%  18.5  950s
 1473846 909991  186.00000   99   49  199.00000    9.00000  95.5%  18.5  957s
 1476620 911634  188.02163   97   34  199.00000    9.00000  95.5%  18.5  960s
 1483841 916266  141.00000   99   54  199.00000    9.00000  95.5%  18.5  966s
 1489194 918815    9.00000   56   73  199.00000    9.00000  95.5%  18.5  970s
 1494457 923049  122.63936   81   52  199.00000    9.00000  95.5%  18.5  976s
 1499438 926288  190.05642  124   37  199.00000    9.00000  95.5%  18.5  980s
 1503105 926304  168.61598   86   42  199.00000    9.00000  95.5%  18.5  985s
 1505873 929716   98.63936   80   59  199.00000    9.00000  95.5%  18.5  991s
 1510181 932327  160.00000   72   54  199.00000    9.00000  95.5%  18.5  995s
 1515811 935561  110.63936  106   45  199.00000    9.00000  95.5%  18.5 1000s
 1521678 940420  151.00000   82   60  199.00000    9.00000  95.5%  18.5 1006s
 1527204 943589  165.00000  122   34  199.00000    9.00000  95.5%  18.5 1011s
 1533430 947241   14.87354   64   79  199.00000    9.00000  95.5%  18.5 1015s
 1537600 950387  160.00000  111   41  199.00000    9.00000  95.5%  18.6 1020s
 1545726 954229    9.00000   63   79  199.00000    9.00000  95.5%  18.6 1026s
 1549572 957068   14.76683   66   85  199.00000    9.00000  95.5%  18.6 1030s
 1552403 957080   93.78526   80   54  199.00000    9.00000  95.5%  18.6 1035s
 1554841 959578    9.00000   75   69  199.00000    9.00000  95.5%  18.6 1040s
 1561566 965419  179.00000  125   36  199.00000    9.00000  95.5%  18.6 1046s
 1565484 965431  172.00000   93   49  199.00000    9.00000  95.5%  18.6 1050s
 1570067 969368  189.00000  101   37  199.00000    9.00000  95.5%  18.6 1056s
 1575291 973061  192.00000  120   26  199.00000    9.00000  95.5%  18.6 1060s
 1580310 977543   68.11741   78   61  199.00000    9.00000  95.5%  18.6 1065s
 1589012 982408  122.00000   90   48  199.00000    9.00000  95.5%  18.6 1070s
 1593070 983338   58.56586   76   65  199.00000    9.00000  95.5%  18.6 1076s
 1596008 986852    9.00000   60   70  199.00000    9.00000  95.5%  18.6 1081s
 1598456 986864   28.96200   66   77  199.00000    9.00000  95.5%  18.6 1086s
 1600207 989122  164.00000   96   46  199.00000    9.00000  95.5%  18.6 1090s
 1603968 992888  175.08353  111   41  199.00000    9.00000  95.5%  18.6 1095s
 1613078 997883   79.00000   90   53  199.00000    9.00000  95.5%  18.6 1102s
 1617130 1000678   32.97326   80   77  199.00000    9.00000  95.5%  18.6 1106s
 1623653 1005253  110.00000   95   51  199.00000    9.00000  95.5%  18.6 1111s
 1628898 1007813 infeasible   94       199.00000    9.00000  95.5%  18.6 1115s
 1636215 1012267  194.00000   87   35  199.00000    9.00000  95.5%  18.6 1120s
 1638598 1013128 infeasible  124       199.00000    9.00000  95.5%  18.6 1126s
 1643279 1017049  196.00000   93   41  199.00000    9.00000  95.5%  18.6 1131s
 1648565 1021001   38.17513   79   75  199.00000    9.00000  95.5%  18.6 1136s
 1655941 1024038   17.33431   70   77  199.00000    9.00000  95.5%  18.6 1141s
 1660695 1028042   55.18163   79   71  199.00000    9.00000  95.5%  18.6 1145s
 1667727 1033099     cutoff   83       199.00000    9.00000  95.5%  18.6 1151s
 1675546 1037437  160.00000   99   54  199.00000    9.00000  95.5%  18.6 1156s
 1682228 1041857  112.92345   90   60  199.00000    9.00000  95.5%  18.6 1161s
 1688040 1043815  131.12574   92   47  199.00000    9.00000  95.5%  18.6 1167s
 1688838 1045557  182.00470  116   27  199.00000    9.00000  95.5%  18.6 1170s
 1693216 1049950   10.53398   75   78  199.00000    9.00000  95.5%  18.7 1176s
 1701430 1053586 infeasible  109       199.00000    9.00000  95.5%  18.7 1181s
 1707009 1057887  197.00000  117   37  199.00000    9.00000  95.5%  18.7 1186s
 1711993 1062382  103.00000   91   45  199.00000    9.00000  95.5%  18.7 1191s
 1719380 1065999   99.23381   80   63  199.00000    9.00000  95.5%  18.7 1195s
 1726655 1070399  195.87036  109   33  199.00000    9.00000  95.5%  18.7 1201s
 1732270 1074043   65.19492   74   68  199.00000    9.00000  95.5%  18.7 1206s
 1738114 1078867 infeasible  146       199.00000    9.00000  95.5%  18.7 1211s
 1742149 1078874 infeasible   90       199.00000    9.00000  95.5%  18.7 1216s
 1745050 1082936   51.16516   72   72  199.00000    9.00000  95.5%  18.7 1221s
 1748359 1082950  192.00000  101   27  199.00000    9.00000  95.5%  18.7 1227s
 1750055 1085097   19.00000   73   74  199.00000    9.00000  95.5%  18.7 1230s
 1755267 1089971  175.00000  117   37  199.00000    9.00000  95.5%  18.7 1237s
 1759459 1091908  105.76545   98   56  199.00000    9.00000  95.5%  18.7 1240s
 1766686 1096377  157.63936   85   53  199.00000    9.00000  95.5%  18.7 1246s
 1769048 1096389  149.02966  108   39  199.00000    9.00000  95.5%  18.7 1250s
 1772295 1100344   96.00000   88   48  199.00000    9.00000  95.5%  18.7 1256s
 1778455 1104361   76.00000   75   61  199.00000    9.00000  95.5%  18.7 1262s
 1783285 1107409    9.03835   64   77  199.00000    9.00000  95.5%  18.7 1266s
 1788263 1110731  105.00000  107   55  199.00000    9.00000  95.5%  18.7 1270s
 1796382 1116452   46.65225   68   74  199.00000    9.00000  95.5%  18.7 1277s
 1802514 1118773   22.81491   71   73  199.00000    9.00000  95.5%  18.7 1280s
 1809288 1123384   18.73934   71   70  199.00000    9.00000  95.5%  18.7 1286s
 1810905 1123396   84.00000  107   57  199.00000    9.00000  95.5%  18.7 1290s
 1815051 1127189   12.34650   65   85  199.00000    9.00000  95.5%  18.7 1296s
 1820216 1131129  194.00000  104   37  199.00000    9.00000  95.5%  18.7 1301s
 1827193 1136128  154.00000  109   37  199.00000    9.00000  95.5%  18.7 1307s
 1831932 1139209  121.27531   95   44  199.00000    9.00000  95.5%  18.7 1310s
 1837588 1141886 infeasible  115       199.00000    9.00000  95.5%  18.7 1315s
 1844351 1146817  112.03999   82   61  199.00000    9.00000  95.5%  18.7 1320s
 1852000 1151884  194.00000   96   31  199.00000    9.00000  95.5%  18.7 1327s
 1855395 1151894  163.49056  100   41  199.00000    9.00000  95.5%  18.7 1331s
 1858172 1154828   86.00000   89   53  199.00000    9.00000  95.5%  18.7 1336s
 1863989 1159137 infeasible   92       199.00000    9.00000  95.5%  18.7 1342s
 1868706 1162391  120.00000   68   56  199.00000    9.00000  95.5%  18.7 1347s
 1871744 1164350 infeasible  108       199.00000    9.00000  95.5%  18.7 1350s
 1877955 1167449     cutoff  131       199.00000    9.00000  95.5%  18.7 1355s
 1883144 1170848 infeasible  101       199.00000    9.00000  95.5%  18.7 1360s
 1887430 1173619  146.65193   99   43  199.00000    9.00000  95.5%  18.7 1365s
 1891604 1176748  105.30000   74   69  199.00000    9.00000  95.5%  18.8 1370s
 1894357 1176757  188.54854   71   57  199.00000    9.00000  95.5%  18.8 1377s
 1894376 1176769  189.00000   72   56  199.00000    9.00000  95.5%  18.8 1382s
 1895542 1178483   88.63668   71   57  199.00000    9.00000  95.5%  18.8 1386s
 1898964 1180702   67.53099   74   79  199.00000    9.00000  95.5%  18.8 1391s
 1902887 1184396  161.61846   90   46  199.00000    9.00000  95.5%  18.8 1397s
 1906979 1185677  119.00000   83   54  199.00000    9.00000  95.5%  18.8 1400s
 1912563 1189790 infeasible   97       199.00000    9.00000  95.5%  18.8 1406s
 1915319 1189803 infeasible   93       199.00000    9.00000  95.5%  18.8 1411s
 1917020 1191885    9.00000   67   75  199.00000    9.00000  95.5%  18.8 1415s
 1922060 1195441   53.81821   68   61  199.00000    9.00000  95.5%  18.8 1422s
 1924076 1198394    9.00000   65   71  199.00000    9.00000  95.5%  18.8 1426s
 1931026 1201220   96.63936   81   59  199.00000    9.00000  95.5%  18.8 1431s
 1936070 1205034   39.15113   78   72  199.00000    9.00000  95.5%  18.8 1437s
 1941093 1207752   80.63936  104   61  199.00000    9.00000  95.5%  18.8 1442s
 1942739 1210618   76.63936   79   70  199.00000    9.00000  95.5%  18.8 1445s
 1948880 1212597   91.00000   74   53  199.00000    9.00000  95.5%  18.8 1450s
 1953311 1216060   35.79489   72   74  199.00000    9.00000  95.5%  18.8 1455s
 1959882 1220586  196.00000   99   32  199.00000    9.00000  95.5%  18.8 1461s
 1963148 1221960   44.00000   73   63  199.00000    9.00000  95.5%  18.8 1465s
 1965070 1221972  128.00000   89   49  199.00000    9.00000  95.5%  18.8 1470s
 1967895 1226228 infeasible  129       199.00000    9.00000  95.5%  18.8 1478s
 1971616 1227638  157.00000  116   39  199.00000    9.00000  95.5%  18.8 1481s
 1973772 1230445   53.91209   73   67  199.00000    9.00000  95.5%  18.8 1485s
 1981197 1233521    9.00000   56   80  199.00000    9.00000  95.5%  18.8 1490s
 1986485 1238507   10.28124   57   75  199.00000    9.00000  95.5%  18.8 1497s
 1992113 1240911   84.14623   81   59  199.00000    9.00000  95.5%  18.8 1501s
 1996182 1243475   10.25681   55   84  199.00000    9.00000  95.5%  18.8 1505s
 2000918 1245899  136.00000   91   37  199.00000    9.00000  95.5%  18.8 1510s
 2005425 1249214  104.08945   78   70  199.00000    9.00000  95.5%  18.8 1515s
 2009897 1253108   36.10659   78   85  199.00000    9.00000  95.5%  18.8 1522s
 2013959 1253120  188.00000  112   38  199.00000    9.00000  95.5%  18.8 1527s
 2015538 1255242  182.52000  102   37  199.00000    9.00000  95.5%  18.8 1532s
 2017365 1256950 infeasible  103       199.00000    9.00000  95.5%  18.8 1535s
 2024251 1260573   83.64900   79   66  199.00000    9.00000  95.5%  18.8 1541s
 2028964 1263948  191.00000  140   28  199.00000    9.00000  95.5%  18.8 1547s
 2031072 1266968  192.56558   96   47  199.00000    9.00000  95.5%  18.8 1551s
 2038903 1268833 infeasible  103       199.00000    9.00000  95.5%  18.8 1561s
 2041076 1271191  119.00000   95   60  199.00000    9.00000  95.5%  18.8 1566s
 2044419 1272349   13.73227   64   77  199.00000    9.00000  95.5%  18.8 1574s
 2044438 1273566   27.69060   65   74  199.00000    9.00000  95.5%  18.8 1577s
 2048158 1275960   54.60989   73   66  199.00000    9.00000  95.5%  18.8 1582s
 2050139 1278000   27.69016   72   78  199.00000    9.00000  95.5%  18.8 1586s
 2056423 1280912   28.00000   62   72  199.00000    9.00000  95.5%  18.8 1591s
 2060913 1283788   40.72494   78   69  199.00000    9.00000  95.5%  18.8 1595s
 2065067 1285964   30.10989   67   70  199.00000    9.00000  95.5%  18.8 1600s
 2069295 1289505  171.00000   94   46  199.00000    9.00000  95.5%  18.8 1606s
 2074957 1293023   18.03692   61   75  199.00000    9.00000  95.5%  18.8 1613s
 2078213 1295232  148.44621   88   47  199.00000    9.00000  95.5%  18.8 1616s
 2085043 1298175  108.01791   81   47  199.00000    9.00000  95.5%  18.8 1621s
 2089014 1299565   28.05995   73   73  199.00000    9.00000  95.5%  18.8 1629s
 2089033 1300453   28.14033   74   72  199.00000    9.00000  95.5%  18.8 1631s
 2092080 1303115   44.53113   65   69  199.00000    9.00000  95.5%  18.8 1636s
 2094793 1304888  177.00000  100   33  199.00000    9.00000  95.5%  18.8 1640s
 2100831 1307899  100.54056   81   59  199.00000    9.00000  95.5%  18.8 1645s
 2106055 1311005   57.00000   70   67  199.00000    9.00000  95.5%  18.8 1650s
 2110132 1314660  154.24000   81   42  199.00000    9.00000  95.5%  18.8 1656s
 2114936 1317336  112.63936   98   53  199.00000    9.00000  95.5%  18.8 1661s
 2117671 1319756  151.00000   92   48  199.00000    9.00000  95.5%  18.8 1665s
 2125660 1323727     cutoff  101       199.00000    9.00000  95.5%  18.8 1672s
 2129511 1326673  192.00000   80   45  199.00000    9.00000  95.5%  18.8 1676s
 2135082 1329354     cutoff   84       199.00000    9.00000  95.5%  18.8 1681s
 2139788 1331266  190.03313   97   35  199.00000    9.00000  95.5%  18.8 1689s
 2139820 1341232  190.03313   98   36  199.00000    9.00000  95.5%  18.8 1700s
 2155836 1342327  134.65558   79   50  199.00000    9.00000  95.5%  18.9 1705s
 2162349 1347980  196.00000  124   26  199.00000    9.00000  95.5%  18.8 1713s
 2166533 1349300 infeasible  115       199.00000    9.00000  95.5%  18.8 1715s
 2171361 1352298  115.00000   78   50  199.00000    9.00000  95.5%  18.8 1720s
 2173705 1352309 infeasible  133       199.00000    9.00000  95.5%  18.8 1732s
 2175034 1353893   17.43022   71   79  199.00000    9.00000  95.5%  18.8 1736s
 2178924 1356229 infeasible  122       199.00000    9.00000  95.5%  18.9 1740s
 2182817 1359260  160.00000  124   41  199.00000    9.00000  95.5%  18.9 1746s
 2185000 1361600   14.66348   73   84  199.00000    9.00000  95.5%  18.9 1750s
 2192056 1365472    9.73498   69   81  199.00000    9.00000  95.5%  18.9 1756s
 2196642 1368105  192.07814  108   33  199.00000    9.00000  95.5%  18.9 1761s
 2202213 1371348   25.43011   62   86  199.00000    9.00000  95.5%  18.9 1766s
 2203916 1373580   83.00000   79   67  199.00000    9.00000  95.5%  18.9 1770s
 2210427 1375404  163.33333  109   41  199.00000    9.00000  95.5%  18.9 1779s
 2210444 1376290  165.33333  110   38  199.00000    9.00000  95.5%  18.9 1780s
 2215049 1379211   44.60989   66   68  199.00000    9.00000  95.5%  18.9 1787s
 2216943 1381282    9.00000   59   77  199.00000    9.00000  95.5%  18.9 1790s
 2221815 1384322   11.70563   74   80  199.00000    9.00000  95.5%  18.9 1796s
 2225201 1386542     cutoff  112       199.00000    9.00000  95.5%  18.9 1800s
 2230238 1389768   28.04430   73   77  199.00000    9.00000  95.5%  18.9 1805s
 2237322 1393426   91.00000   69   47  199.00000    9.00000  95.5%  18.9 1812s
 2240235 1395414   80.99656   78   63  199.00000    9.00000  95.5%  18.9 1815s
 2244806 1398110   56.00000   75   55  199.00000    9.00000  95.5%  18.9 1820s
 2252072 1401354  117.01917   80   51  199.00000    9.00000  95.5%  18.9 1826s
 2254731 1403659   28.00000   58   73  199.00000    9.00000  95.5%  18.9 1830s
 2260262 1405480   10.00000   68   77  199.00000    9.00000  95.5%  18.9 1839s
 2260280 1406257   11.00000   69   77  199.00000    9.00000  95.5%  18.9 1841s
 2263200 1408309  177.58475   97   42  199.00000    9.00000  95.5%  18.9 1845s
 2268306 1412022  158.00000   87   46  199.00000    9.00000  95.5%  18.9 1851s
 2270376 1414660  149.09440  102   40  199.00000    9.00000  95.5%  18.9 1855s
 2278103 1417981  131.00000  114   43  199.00000    9.00000  95.5%  18.9 1861s
 2282648 1421140  196.00000   97   39  199.00000    9.00000  95.5%  18.9 1866s
 2286951 1424004   79.34192   76   64  199.00000    9.00000  95.5%  18.9 1871s
 2289727 1426637     cutoff   98       199.00000    9.00000  95.5%  18.9 1876s
 2295415 1428926   59.34198   70   66  199.00000    9.00000  95.5%  18.9 1880s
 2299359 1431674 infeasible  133       199.00000    9.00000  95.5%  18.9 1885s
 2303925 1434003  181.00000  107   36  199.00000    9.00000  95.5%  18.9 1890s
 2310431 1436604   45.77956   75   69  199.00000    9.00000  95.5%  18.9 1900s
 2310448 1446467   57.15619   76   63  199.00000    9.00000  95.5%  18.9 1913s
 2326464 1446481  138.00000  124   37  199.00000    9.00000  95.5%  18.9 1925s
 2326481 1449613  196.00000  124   32  199.00000    9.00000  95.5%  18.9 1930s
 2335317 1453598  138.02671  104   52  199.00000    9.00000  95.5%  18.9 1937s
 2338002 1453612   59.54164   86   66  199.00000    9.00000  95.5%  18.9 1943s
 2338018 1455003   85.12952   87   65  199.00000    9.00000  95.5%  18.9 1945s
 2344101 1458312  114.00000   66   66  199.00000    9.00000  95.5%  18.9 1951s
 2348640 1461420  121.92043   84   53  199.00000    9.00000  95.5%  18.9 1957s
 2352467 1465050  187.00000  121   27  199.00000    9.00000  95.5%  18.9 1963s
 2356733 1466439   27.29311   61   75  199.00000    9.00000  95.5%  18.9 1966s
 2360332 1468851  183.80655   88   52  199.00000    9.00000  95.5%  18.9 1970s
 2364811 1471186  175.00000   93   47  199.00000    9.00000  95.5%  18.9 1975s
 2368688 1473718   77.00000   78   61  199.00000    9.00000  95.5%  18.9 1980s
 2373971 1476902   94.74289  111   56  199.00000    9.00000  95.5%  18.9 1986s
 2376428 1479469 infeasible  103       199.00000    9.00000  95.5%  18.9 1990s
 2381947 1482191   79.00000   74   57  199.00000    9.00000  95.5%  18.9 1995s
 2385149 1482198   30.75039   71   69  199.00000    9.00000  95.5%  18.9 2001s
 2386672 1484043   91.00000   91   55  199.00000    9.00000  95.5%  18.9 2006s
 2391007 1486963  108.63936   86   54  199.00000    9.00000  95.5%  18.9 2011s
 2396245 1490901   74.00000   94   62  199.00000    9.00000  95.5%  18.9 2018s
 2399227 1491960 infeasible  124       199.00000    9.00000  95.5%  18.9 2020s
 2404657 1495941  179.00000  124   36  199.00000    9.00000  95.5%  18.9 2027s
 2407456 1496963    9.40518   67   80  199.00000    9.00000  95.5%  18.9 2030s
 2412359 1500841  195.00000  106   36  199.00000    9.00000  95.5%  18.9 2036s
 2416984 1504090  100.02671   81   60  199.00000    9.00000  95.5%  18.9 2042s
 2422318 1506535   12.00000   68   76  199.00000    9.00000  95.5%  18.9 2047s
 2426511 1509172 infeasible   87       199.00000    9.00000  95.5%  18.9 2052s
 2429530 1509188  139.00000   94   42  199.00000    9.00000  95.5%  18.9 2058s
 2430513 1510834   13.78966   69   70  199.00000    9.00000  95.5%  18.9 2061s
 2433815 1513537   93.21084   79   65  199.00000    9.00000  95.5%  18.9 2067s
 2436535 1514726   53.52780   86   68  199.00000    9.00000  95.5%  18.9 2070s
 2442718 1518684  103.00000   83   56  199.00000    9.00000  95.5%  18.9 2076s
 2446114 1521395  168.00000  100   34  199.00000    9.00000  95.5%  18.9 2081s
 2451116 1523694  101.08768  120   59  199.00000    9.00000  95.5%  18.9 2086s
 2455325 1527260  193.03137  131   38  199.00000    9.00000  95.5%  19.0 2091s
 2460555 1529918 infeasible  103       199.00000    9.00000  95.5%  18.9 2097s
 2462554 1529929  102.16038   92   53  199.00000    9.00000  95.5%  19.0 2104s
 2462570 1529941   86.00000   93   49  199.00000    9.00000  95.5%  19.0 2110s
 2465230 1533276  181.63936   99   48  199.00000    9.00000  95.5%  19.0 2119s
 2467724 1534721  143.00000   80   61  199.00000    9.00000  95.5%  19.0 2123s
 2470203 1537279   57.00000   84   67  199.00000    9.00000  95.5%  19.0 2127s
 2474428 1538692   88.08842   78   56  199.00000    9.00000  95.5%  19.0 2131s
 2476750 1540746  125.11952   75   63  199.00000    9.00000  95.5%  19.0 2135s
 2484131 1545286  179.00000  106   44  199.00000    9.00000  95.5%  19.0 2143s
 2487857 1546268   66.00000   69   73  199.00000    9.00000  95.5%  19.0 2146s
 2491892 1549602 infeasible   96       199.00000    9.00000  95.5%  19.0 2152s
 2496189 1552749   42.55739   70   85  199.00000    9.00000  95.5%  19.0 2157s
 2499462 1554234   40.81449   65   79  199.00000    9.00000  95.5%  19.0 2160s
 2503529 1557279   21.00000   81   79  199.00000    9.00000  95.5%  19.0 2166s
 2506747 1557294    9.00000   61   79  199.00000    9.00000  95.5%  19.0 2172s
 2506763 1567396    9.00000   62   82  199.00000    9.00000  95.5%  19.0 2188s
 2522779 1570815  143.00000  116   48  199.00000    9.00000  95.5%  19.0 2196s
 2528184 1573434   54.05572   69   74  199.00000    9.00000  95.5%  19.0 2200s
 2534485 1576377   25.94716   79   75  199.00000    9.00000  95.5%  19.0 2206s
 2539277 1579291  177.00000   86   46  199.00000    9.00000  95.5%  19.0 2210s
 2544312 1582548   12.89887   71   74  199.00000    9.00000  95.5%  19.0 2215s
 2549545 1586642 infeasible   85       199.00000    9.00000  95.5%  19.0 2222s
 2553339 1586655   17.77800   66   76  199.00000    9.00000  95.5%  19.0 2229s
 2553357 1588163   18.66566   67   75  199.00000    9.00000  95.5%  19.0 2231s
 2558053 1590424   83.00000   81   64  199.00000    9.00000  95.5%  19.0 2236s
 2561961 1594230  168.00000  117   38  199.00000    9.00000  95.5%  19.0 2242s
 2565468 1595176   16.00000   63   69  199.00000    9.00000  95.5%  19.0 2245s
 2569690 1598545  185.00000  129   25  199.00000    9.00000  95.5%  19.0 2250s
 2574619 1602947  108.00000   86   54  199.00000    9.00000  95.5%  19.0 2258s
 2579276 1604717   18.73384   61   81  199.00000    9.00000  95.5%  19.0 2262s
 2584128 1605967   33.20269   69   79  199.00000    9.00000  95.5%  19.0 2272s
 2585449 1607684  163.00000   98   33  199.00000    9.00000  95.5%  19.0 2276s
 2588768 1609510    9.00000   63   74  199.00000    9.00000  95.5%  19.0 2282s
 2590173 1609534  146.00000   88   44  199.00000    9.00000  95.5%  19.0 2287s
 2590215 1610616 infeasible   89       199.00000    9.00000  95.5%  19.0 2290s
 2594079 1612842   65.25190   57   69  199.00000    9.00000  95.5%  19.0 2297s
 2595938 1615351  191.02671   92   44  199.00000    9.00000  95.5%  19.0 2301s
 2600231 1616534 infeasible  110       199.00000    9.00000  95.5%  19.0 2305s
 2606115 1621251    9.00000   67   75  199.00000    9.00000  95.5%  19.0 2312s
 2609724 1622138 infeasible  116       199.00000    9.00000  95.5%  19.0 2315s
 2613911 1625884   48.80568   71   74  199.00000    9.00000  95.5%  19.0 2321s
 2619413 1630014   45.63936   68   70  199.00000    9.00000  95.5%  19.0 2329s
 2624376 1631492   57.97158   82   68  199.00000    9.00000  95.5%  19.0 2332s
 2628207 1634030  154.00000   93   40  199.00000    9.00000  95.5%  19.0 2337s
 2630867 1635576  159.00000   97   53  199.00000    9.00000  95.5%  19.0 2340s
 2633557 1635582  162.00000   81   56  199.00000    9.00000  95.5%  19.0 2346s
 2635068 1637498  113.00000   94   56  199.00000    9.00000  95.5%  19.0 2351s
 2638435 1640782   43.12197   69   73  199.00000    9.00000  95.5%  19.0 2357s
 2641814 1642471  159.00000  106   45  199.00000    9.00000  95.5%  19.0 2360s
 2645961 1645168  194.00000   99   40  199.00000    9.00000  95.5%  19.1 2366s
 2652180 1648324  169.00000   94   35  199.00000    9.00000  95.5%  19.0 2372s
 2653737 1650182 infeasible  101       199.00000    9.00000  95.5%  19.1 2375s
 2659682 1653285 infeasible   99       199.00000    9.00000  95.5%  19.0 2382s
 2661712 1655903   51.64697   86   67  199.00000    9.00000  95.5%  19.1 2386s
 2666247 1655920   50.64755   83   66  199.00000    9.00000  95.5%  19.1 2392s
 2666270 1656845   79.64755   84   63  199.00000    9.00000  95.5%  19.1 2395s
 2669554 1658104  174.00000  115   34  199.00000    9.00000  95.5%  19.1 2404s
 2669571 1659182  182.00000  116   33  199.00000    9.00000  95.5%  19.1 2406s
 2673027 1662414  177.00000  113   47  199.00000    9.00000  95.5%  19.1 2413s
 2676480 1663677  185.28672  108   35  199.00000    9.00000  95.5%  19.1 2416s
 2678528 1666241   43.29648   69   71  199.00000    9.00000  95.5%  19.1 2420s
 2685577 1669588 infeasible  135       199.00000    9.00000  95.5%  19.1 2427s
 2687330 1671651  166.00000   83   42  199.00000    9.00000  95.5%  19.1 2431s
 2693657 1675565    9.00000   68   78  199.00000    9.00000  95.5%  19.1 2437s
 2698012 1678029   28.72429   73   76  199.00000    9.00000  95.5%  19.1 2442s
 2702342 1680585   82.63936   80   57  199.00000    9.00000  95.5%  19.1 2447s
 2704904 1683264   20.00000   67   74  199.00000    9.00000  95.5%  19.1 2452s
 2710434 1683946   66.00000   58   73  199.00000    9.00000  95.5%  19.1 2462s
 2710450 1683956   66.00000   59   74  199.00000    9.00000  95.5%  19.1 2468s
 2711228 1685470   19.04710   64   77  199.00000    9.00000  95.5%  19.1 2471s
 2714660 1687847  193.00000  114   37  199.00000    9.00000  95.5%  19.1 2477s
 2716501 1689095   81.00000   83   63  199.00000    9.00000  95.5%  19.1 2480s
 2721599 1692927  178.63936   99   39  199.00000    9.00000  95.5%  19.1 2487s
 2724563 1694175   59.02686   68   64  199.00000    9.00000  95.5%  19.1 2490s
 2729687 1698067   93.32753   77   56  199.00000    9.00000  95.5%  19.1 2498s
 2732686 1698891  113.00000   77   65  199.00000    9.00000  95.5%  19.1 2500s
 2736881 1701909  192.60989   82   46  199.00000    9.00000  95.5%  19.1 2506s
 2740662 1704766  102.16909  122   50  199.00000    9.00000  95.5%  19.1 2511s
 2746021 1706183  136.00000   73   62  199.00000    9.00000  95.5%  19.1 2521s
 2747579 1708279   39.75068   76   83  199.00000    9.00000  95.5%  19.1 2527s
 2749671 1710197  193.00000  110   30  199.00000    9.00000  95.5%  19.1 2531s
 2752645 1712339  119.00000   79   54  199.00000    9.00000  95.5%  19.1 2535s
 2757804 1715976   69.01054   68   63  199.00000    9.00000  95.5%  19.1 2542s
 2761456 1717894  191.00000  111   34  199.00000    9.00000  95.5%  19.1 2546s
 2766459 1720798  166.61098   88   45  199.00000    9.00000  95.5%  19.1 2553s
 2769551 1723513   77.87189   85   65  199.00000    9.00000  95.5%  19.1 2557s
 2773984 1724126  149.00000  110   42  199.00000    9.00000  95.5%  19.1 2560s
 2778729 1728178    9.73278   65   82  199.00000    9.00000  95.5%  19.1 2567s
 2781476 1729956   31.40473   73   86  199.00000    9.00000  95.5%  19.1 2570s
 2785617 1732441   28.44468   76   68  199.00000    9.00000  95.5%  19.1 2576s
 2790916 1735705 infeasible  107       199.00000    9.00000  95.5%  19.1 2583s
 2793277 1735720   31.80884   78   69  199.00000    9.00000  95.5%  19.1 2590s
 2795255 1739440   12.02798   63   82  199.00000    9.00000  95.5%  19.1 2598s
 2799315 1740550   73.24397   73   57  199.00000    9.00000  95.5%  19.1 2601s
 2801205 1742906  180.00000   93   36  199.00000    9.00000  95.5%  19.1 2605s
 2808502 1746019   71.00000   62   75  199.00000    9.00000  95.5%  19.1 2612s
 2810020 1748079  170.00000  118   35  199.00000    9.00000  95.5%  19.1 2615s
 2816128 1751343  122.00000   87   58  199.00000    9.00000  95.5%  19.1 2622s
 2818089 1753398  183.00000  110   38  199.00000    9.00000  95.5%  19.1 2626s
 2824665 1756763   14.21453   49   83  199.00000    9.00000  95.5%  19.1 2632s
 2827116 1757690   23.00000   78   78  199.00000    9.00000  95.5%  19.1 2635s
 2831526 1761065    9.00000   67   83  199.00000    9.00000  95.5%  19.1 2641s
 2834132 1762584 infeasible   97       199.00000    9.00000  95.5%  19.1 2645s
 2840214 1764649    9.00000   54   79  199.00000    9.00000  95.5%  19.1 2658s
 2840237 1764663    9.59546   55   82  199.00000    9.00000  95.5%  19.1 2664s
 2840253 1765353    9.59546   56   80  199.00000    9.00000  95.5%  19.1 2666s
 2843047 1767573   53.31172   68   75  199.00000    9.00000  95.5%  19.1 2672s
 2845012 1768800   62.00000   67   66  199.00000    9.00000  95.5%  19.1 2675s
 2849218 1772065  187.00000   86   43  199.00000    9.00000  95.5%  19.2 2683s
 2852567 1774469    9.93032   67   74  199.00000    9.00000  95.5%  19.2 2688s
 2856275 1775860  148.07210  102   41  199.00000    9.00000  95.5%  19.2 2692s
 2858282 1779121   74.00000   75   63  199.00000    9.00000  95.5%  19.2 2697s
 2863030 1780178  116.00000   81   51  199.00000    9.00000  95.5%  19.2 2700s
 2868170 1783366  177.60989   89   41  199.00000    9.00000  95.5%  19.2 2707s
 2869859 1785071   69.00000   67   66  199.00000    9.00000  95.5%  19.2 2710s
 2872494 1785085   14.82604   77   72  199.00000    9.00000  95.5%  19.2 2717s
 2874057 1787270  135.00000  118   36  199.00000    9.00000  95.5%  19.2 2722s
 2875842 1789531   15.50000   57   88  199.00000    9.00000  95.5%  19.2 2725s
 2879310 1791157   97.00000   89   47  199.00000    9.00000  95.5%  19.2 2730s
 2884392 1795337   21.34154   74   79  199.00000    9.00000  95.5%  19.2 2738s
 2888544 1796307   78.63936   84   54  199.00000    9.00000  95.5%  19.2 2741s
 2893318 1799885   12.00000   66   78  199.00000    9.00000  95.5%  19.2 2747s
 2895782 1801516   11.00000   74   78  199.00000    9.00000  95.5%  19.2 2751s
 2900038 1804903   74.78353   70   61  199.00000    9.00000  95.5%  19.2 2758s
 2904054 1806143  171.00000   93   42  199.00000    9.00000  95.5%  19.2 2761s
 2907659 1808750   27.88992   70   91  199.00000    9.00000  95.5%  19.2 2766s
 2913670 1812269  183.00000  106   27  199.00000    9.00000  95.5%  19.2 2773s
 2916041 1813041 infeasible   94       199.00000    9.00000  95.5%  19.2 2775s
 2917351 1813056   26.00000   74   69  199.00000    9.00000  95.5%  19.2 2781s
 2918730 1814791   92.00000   68   61  199.00000    9.00000  95.5%  19.2 2785s
 2922559 1817979 infeasible  113       199.00000    9.00000  95.5%  19.2 2793s
 2924921 1820300   30.18177   71   77  199.00000    9.00000  95.5%  19.2 2797s
 2928509 1822120  154.00000   92   48  199.00000    9.00000  95.5%  19.2 2800s
 2932969 1824799   36.00000   72   72  199.00000    9.00000  95.5%  19.2 2806s
 2936302 1826800  107.00000   81   60  199.00000    9.00000  95.5%  19.2 2810s
 2941076 1829633  196.63936  100   44  199.00000    9.00000  95.5%  19.2 2816s
 2944029 1831075  115.00000   94   54  199.00000    9.00000  95.5%  19.2 2821s
 2946475 1833048   22.00000   73   68  199.00000    9.00000  95.5%  19.2 2825s
 2953498 1836750 infeasible  123       199.00000    9.00000  95.5%  19.2 2832s
 2955535 1838631   17.23723   67   80  199.00000    9.00000  95.5%  19.2 2835s
 2958502 1838638    9.00000   59   73  199.00000    9.00000  95.5%  19.2 2842s
 2959475 1840196  122.00000   86   40  199.00000    9.00000  95.5%  19.2 2847s
 2962681 1842531   47.63936   81   58  199.00000    9.00000  95.5%  19.2 2853s
 2964866 1844846  173.00000  107   41  199.00000    9.00000  95.5%  19.2 2857s
 2968682 1845710   26.50057   72   73  199.00000    9.00000  95.5%  19.2 2860s
 2969989 1845725  149.00000  119   38  199.00000    9.00000  95.5%  19.2 2869s
 2970005 1846682  149.00000  120   38  199.00000    9.00000  95.5%  19.2 2872s
 2971566 1847755   38.00000   74   69  199.00000    9.00000  95.5%  19.2 2875s
 2976263 1850805  164.00000   71   50  199.00000    9.00000  95.5%  19.2 2882s
 2978076 1852968  161.00000   92   45  199.00000    9.00000  95.5%  19.2 2886s
 2983537 1854157   63.95882   85   65  199.00000    9.00000  95.5%  19.2 2896s
 2985594 1857431  187.13666   88   52  199.00000    9.00000  95.5%  19.2 2904s
 2989021 1858401  197.00000  108   39  199.00000    9.00000  95.5%  19.2 2906s
 2990565 1860246  152.00000   98   53  199.00000    9.00000  95.5%  19.2 2910s
 2996196 1862828   50.54775   69   71  199.00000    9.00000  95.5%  19.2 2916s
 2997891 1864795   11.13552   74   77  199.00000    9.00000  95.5%  19.2 2920s
 3004271 1868005   80.71429   87   63  199.00000    9.00000  95.5%  19.2 2927s
 3006457 1869541   58.91947   82   67  199.00000    9.00000  95.5%  19.2 2931s
 3008730 1871984   31.15665   51   71  199.00000    9.00000  95.5%  19.2 2936s
 3012837 1873864  121.56441   72   55  199.00000    9.00000  95.5%  19.2 2940s
 3018928 1876910  196.00000  143   27  199.00000    9.00000  95.5%  19.2 2947s
 3020455 1878465  153.00000   93   54  199.00000    9.00000  95.5%  19.2 2950s
 3026012 1880767 infeasible  126       199.00000    9.00000  95.5%  19.2 2956s
 3027399 1883274  163.00000  100   47  199.00000    9.00000  95.5%  19.2 2960s
 3031755 1883288  188.00000  108   40  199.00000    9.00000  95.5%  19.2 2968s
 3031772 1883966  188.12606  109   41  199.00000    9.00000  95.5%  19.2 2970s
 3034322 1885749   27.45052   68   73  199.00000    9.00000  95.5%  19.2 2975s
 3038574 1888404  123.00000   88   49  199.00000    9.00000  95.5%  19.2 2981s
 3040424 1890035  145.76422   92   51  199.00000    9.00000  95.5%  19.2 2985s
 3046098 1892759   23.56288   69   80  199.00000    9.00000  95.5%  19.2 2992s
 3047900 1895171   34.91265   79   67  199.00000    9.00000  95.5%  19.2 2996s
 3051839 1896628  187.00000  106   41  199.00000    9.00000  95.5%  19.2 3000s
 3056954 1898794    9.42778   70   84  199.00000    9.00000  95.5%  19.2 3005s
 3061031 1901192   11.17267   68   73  199.00000    9.00000  95.5%  19.2 3011s
 3065443 1904279   23.00700   73   78  199.00000    9.00000  95.5%  19.2 3017s
 3067972 1905118  187.00000  111   38  199.00000    9.00000  95.5%  19.2 3020s
 3073563 1908503   10.35217   67   82  199.00000    9.00000  95.5%  19.2 3027s
 3074802 1910020  118.00000  103   45  199.00000    9.00000  95.5%  19.2 3030s
 3080207 1911740  110.63936   88   65  199.00000    9.00000  95.5%  19.2 3041s
 3082390 1914054  119.25070  105   43  199.00000    9.00000  95.5%  19.2 3047s
 3084008 1915020  100.51198   71   61  199.00000    9.00000  95.5%  19.2 3050s
 3089032 1918015    9.00000   64   81  199.00000    9.00000  95.5%  19.2 3057s
 3090696 1920173   55.63936   74   68  199.00000    9.00000  95.5%  19.2 3061s
 3095963 1923244     cutoff  114       199.00000    9.00000  95.5%  19.2 3068s
 3099456 1924115  129.60989   85   52  199.00000    9.00000  95.5%  19.2 3070s
 3103071 1927166  170.00000   96   48  199.00000    9.00000  95.5%  19.2 3077s
 3107491 1929718   22.23509   68   75  199.00000    9.00000  95.5%  19.2 3083s
 3109800 1929966   74.04004   79   73  199.00000    9.00000  95.5%  19.2 3092s
 3110137 1931101  129.00000  100   49  199.00000    9.00000  95.5%  19.2 3095s
 3113887 1933776    9.00000   56   81  199.00000    9.00000  95.5%  19.2 3103s
 3116238 1933787   56.73935   70   70  199.00000    9.00000  95.5%  19.2 3110s
 3116257 1935493   75.73935   71   63  199.00000    9.00000  95.5%  19.2 3115s
 3118834 1937809   18.26667   60   76  199.00000    9.00000  95.5%  19.2 3120s
 3122641 1940284    9.00000   62   71  199.00000    9.00000  95.5%  19.2 3125s
 3128381 1943477   22.55811   71   79  199.00000    9.00000  95.5%  19.2 3133s
 3131834 1945160  181.00588   88   46  199.00000    9.00000  95.5%  19.2 3137s
 3134854 1946430  192.08333  102   30  199.00000    9.00000  95.5%  19.2 3141s
 3136783 1949514  158.74780  108   44  199.00000    9.00000  95.5%  19.2 3145s
 3144486 1952583  103.08656   85   45  199.00000    9.00000  95.5%  19.2 3152s
 3146758 1954350   81.71316   76   61  199.00000    9.00000  95.5%  19.2 3155s
 3151354 1957055  176.00000  124   41  199.00000    9.00000  95.5%  19.2 3161s
 3156167 1960119   87.00000   78   61  199.00000    9.00000  95.5%  19.2 3167s
 3159450 1961347   19.00000   61   78  199.00000    9.00000  95.5%  19.2 3170s
 3164621 1963426  188.08197  139   40  199.00000    9.00000  95.5%  19.2 3180s
 3167659 1967230   26.73887   66   74  199.00000    9.00000  95.5%  19.2 3187s
 3170533 1968227 infeasible  134       199.00000    9.00000  95.5%  19.2 3190s
 3175436 1971626   41.45451   88   67  199.00000    9.00000  95.5%  19.2 3196s
 3177779 1972840  101.61023   77   64  199.00000    9.00000  95.5%  19.3 3200s
 3179733 1976097   21.31737   80   67  199.00000    9.00000  95.5%  19.3 3205s
 3187320 1978511   29.00000   63   78  199.00000    9.00000  95.5%  19.3 3211s
 3192411 1981681   27.87500   80   77  199.00000    9.00000  95.5%  19.3 3217s
 3194150 1983526 infeasible  104       199.00000    9.00000  95.5%  19.3 3220s
 3198703 1986459  123.00000   72   42  199.00000    9.00000  95.5%  19.3 3226s
 3204917 1989063   26.96066   66   77  199.00000    9.00000  95.5%  19.3 3232s
 3209379 1992901  144.68792   94   52  199.00000    9.00000  95.5%  19.3 3238s
 3212415 1994300   40.93114   78   62  199.00000    9.00000  95.5%  19.3 3240s
 3216199 1995193   79.08251   87   67  199.00000    9.00000  95.5%  19.3 3248s
 3216215 1995786   79.18769   88   66  199.00000    9.00000  95.5%  19.3 3250s
 3218804 1998528   68.00000   91   59  199.00000    9.00000  95.5%  19.3 3255s
 3223945 2002194  115.70145   85   57  199.00000    9.00000  95.5%  19.3 3263s
 3227771 2004350   88.00000   83   57  199.00000    9.00000  95.5%  19.3 3267s
 3231179 2006305   43.87968   70   72  199.00000    9.00000  95.5%  19.3 3271s
 3236320 2008944  159.00000  104   45  199.00000    9.00000  95.5%  19.3 3276s
 3241372 2011361  174.02671   91   47  199.00000    9.00000  95.5%  19.3 3282s
 3242811 2011373  142.00000   82   53  199.00000    9.00000  95.5%  19.3 3291s
 3242828 2021518  142.00000   83   54  199.00000    9.00000  95.5%  19.3 3312s
 3258844 2025320  189.00000  116   46  199.00000    9.00000  95.5%  19.3 3320s
 3265234 2027904   20.00000   68   69  199.00000    9.00000  95.5%  19.3 3326s
 3271975 2030765   20.52726   64   72  199.00000    9.00000  95.5%  19.3 3331s
 3276495 2033059  100.18980   84   69  199.00000    9.00000  95.5%  19.3 3335s
 3281384 2036017   33.31946   76   74  199.00000    9.00000  95.5%  19.3 3340s
 3286181 2037837  147.00000  115   49  199.00000    9.00000  95.5%  19.3 3350s
 3286201 2047624  150.72368  116   51  199.00000    9.00000  95.5%  19.3 3366s
 3302217 2050814   82.63936   84   64  199.00000    9.00000  95.5%  19.3 3373s
 3307390 2053227  174.00000  115   44  199.00000    9.00000  95.5%  19.3 3378s
 3311408 2054912   70.00000   84   65  199.00000    9.00000  95.5%  19.3 3381s
 3316980 2058075  183.01765  113   32  199.00000    9.00000  95.5%  19.3 3386s
 3321552 2061019   51.94325   71   84  199.00000    9.00000  95.5%  19.3 3391s
 3326289 2064091   52.00000   95   62  199.00000    9.00000  95.5%  19.3 3396s
 3329007 2066476  121.40735   99   58  199.00000    9.00000  95.5%  19.3 3400s
 3335548 2069797  110.02984   81   53  199.00000    9.00000  95.5%  19.3 3405s
 3338196 2069809  160.00000   99   42  199.00000    9.00000  95.5%  19.3 3412s
 3339394 2071264  123.00000   99   53  199.00000    9.00000  95.5%  19.3 3415s
 3342985 2073694   57.74605  100   72  199.00000    9.00000  95.5%  19.3 3420s
 3347526 2076794  168.00000   88   47  199.00000    9.00000  95.5%  19.3 3426s
 3349620 2078637  188.00000   91   46  199.00000    9.00000  95.5%  19.3 3430s
 3354530 2081632  183.00000  100   39  199.00000    9.00000  95.5%  19.3 3436s
 3361178 2084467   60.97869   92   59  199.00000    9.00000  95.5%  19.3 3442s
 3362594 2086145   74.75000   90   59  199.00000    9.00000  95.5%  19.3 3445s
 3368371 2089064 infeasible  141       199.00000    9.00000  95.5%  19.3 3451s
 3369750 2090781  106.00000  101   53  199.00000    9.00000  95.5%  19.3 3455s
 3372472 2092733   87.03692   83   57  199.00000    9.00000  95.5%  19.3 3460s
 3378389 2096574  183.00000   96   34  199.00000    9.00000  95.5%  19.3 3468s
 3381488 2097607  106.00000   89   53  199.00000    9.00000  95.5%  19.3 3471s
 3386182 2101001  178.00000  109   55  199.00000    9.00000  95.5%  19.3 3478s
 3388854 2101012  193.00000   80   40  199.00000    9.00000  95.5%  19.3 3486s
 3390125 2101771  116.63936   98   60  199.00000    9.00000  95.5%  19.3 3499s
 3390145 2102667  123.63936   99   60  199.00000    9.00000  95.5%  19.3 3501s
 3393257 2104662   45.63936   78   71  199.00000    9.00000  95.5%  19.3 3508s
 3395194 2106062   11.92308   62   90  199.00000    9.00000  95.5%  19.3 3512s
 3397511 2108804   13.23103   75   84  199.00000    9.00000  95.5%  19.3 3518s
 3401652 2110050  137.04766  129   41  199.00000    9.00000  95.5%  19.3 3523s
 3403819 2112510   21.86152   71   80  199.00000    9.00000  95.5%  19.3 3527s
 3407977 2113638  157.00879   98   44  199.00000    9.00000  95.5%  19.3 3531s
 3409913 2115623 infeasible  117       199.00000    9.00000  95.5%  19.3 3535s
 3415066 2118648  167.43847  103   54  199.00000    9.00000  95.5%  19.3 3542s
 3418443 2120419  171.00000  122   32  199.00000    9.00000  95.5%  19.3 3546s
 3422929 2122789  172.00000   93   44  199.00000    9.00000  95.5%  19.3 3551s
 3425624 2124461   46.14938   76   78  199.00000    9.00000  95.5%  19.3 3555s
 3429773 2127113  188.00000  106   46  199.00000    9.00000  95.5%  19.3 3562s
 3432512 2127129   87.63936   88   60  199.00000    9.00000  95.5%  19.3 3571s
 3433902 2128823   66.00000   85   64  199.00000    9.00000  95.5%  19.3 3576s
 3435582 2130173  137.35895   87   54  199.00000    9.00000  95.5%  19.3 3580s
 3437560 2132855   10.31194   70   85  199.00000    9.00000  95.5%  19.4 3585s
 3443624 2135929   54.44557   75   59  199.00000    9.00000  95.5%  19.4 3593s
 3446847 2136939    9.00000   65   84  199.00000    9.00000  95.5%  19.4 3596s
 3448561 2138783   70.43971   79   65  199.00000    9.00000  95.5%  19.4 3600s

Cutting planes:
  Learned: 12
  Gomory: 14
  Cover: 3
  Implied bound: 25
  MIR: 18
  Flow cover: 29
  GUB cover: 1

Explored 3451573 nodes (66870063 simplex iterations) in 3600.88 seconds (531.77 work units)
Thread count was 16 (of 16 available processors)

Solution count 10: 199 203 206 ... 218

Time limit reached
Best objective 1.990000000000e+02, best bound 9.000000000000e+00, gap 95.4774%
Warning: constraint name "precedence between 0,2 to 0,0 if x_[j,l,h,z,i]=1" has a space
Warning: constraint name "precedence between 0,2 to 0,0 if x_[j,l,h,z,i]=1" has a space
Warning: default constraint names used to write mps file
