
Gurobi 10.0.1 (win64) logging started Mon Sep 11 01:48:19 2023

Set parameter LogFile to value "results-heuristic-start//log/URT_20_makespan.log"
Gurobi Optimizer version 10.0.1 build v10.0.1rc0 (win64)

CPU model: AMD Ryzen 7 3700X 8-Core Processor, instruction set [SSE2|AVX|AVX2]
Thread count: 8 physical cores, 16 logical processors, using up to 16 threads

Optimize a model with 3374 rows, 3913 columns and 15621 nonzeros
Model fingerprint: 0x6979e82e
Variable types: 156 continuous, 3757 integer (3756 binary)
Coefficient statistics:
  Matrix range     [1e+00, 1e+06]
  Objective range  [1e+00, 1e+00]
  Bounds range     [1e+00, 1e+00]
  RHS range        [1e+00, 3e+06]

Warning: Completing partial solution with 3697 unfixed non-continuous variables out of 3757
User MIP start did not produce a new incumbent solution
User MIP start violates constraint initial_start_time_job0_stage0_machine0_constraint by 420.000000000

Presolve removed 180 rows and 2548 columns
Presolve time: 0.04s
Presolved: 3194 rows, 1365 columns, 15101 nonzeros
Variable types: 156 continuous, 1209 integer (1208 binary)

Root relaxation: objective 5.853000e+03, 578 iterations, 0.01 seconds (0.02 work units)
Another try with MIP start

    Nodes    |    Current Node    |     Objective Bounds      |     Work
 Expl Unexpl |  Obj  Depth IntInf | Incumbent    BestBd   Gap | It/Node Time

H    0     0                    6529.0000000 5853.00000  10.4%     -    0s
     0     0 5853.00000    0   55 6529.00000 5853.00000  10.4%     -    0s
H    0     0                    6502.0000000 5853.00000  10.0%     -    0s
     0     0 5854.00000    0   96 6502.00000 5854.00000  10.0%     -    0s
     0     0 5854.00000    0   98 6502.00000 5854.00000  10.0%     -    0s
     0     0 5854.00000    0   95 6502.00000 5854.00000  10.0%     -    0s
H    0     0                    6432.0000000 5854.00000  8.99%     -    0s
     0     0 5854.00000    0   93 6432.00000 5854.00000  8.99%     -    1s
H    0     0                    6377.0000000 5854.00000  8.20%     -    1s
H    0     0                    6370.0000000 5854.00000  8.10%     -    1s
     0     0 5854.00000    0   55 6370.00000 5854.00000  8.10%     -    1s
     0     0 5854.00000    0   88 6370.00000 5854.00000  8.10%     -    1s
     0     0 5854.00000    0   69 6370.00000 5854.00000  8.10%     -    1s
     0     0 5854.00000    0   96 6370.00000 5854.00000  8.10%     -    1s
     0     0 5854.00000    0   65 6370.00000 5854.00000  8.10%     -    2s
     0     0 5854.00000    0   91 6370.00000 5854.00000  8.10%     -    2s
H    0     0                    6369.0000000 5854.00000  8.09%     -    2s
     0     0 5854.00000    0   74 6369.00000 5854.00000  8.09%     -    2s
     0     0 5854.00000    0   74 6369.00000 5854.00000  8.09%     -    2s
H    0     2                    6367.0000000 5854.00000  8.06%     -    2s
     0     2 5854.00000    0   74 6367.00000 5854.00000  8.06%     -    2s
H   32    35                    6366.0000000 5854.00000  8.04%   135    2s
H   74    56                    6335.0000000 5854.00000  7.59%  88.2    2s
H  174   143                    6311.0000000 5854.00000  7.24%  58.4    3s
H  250   218                    6309.0000000 5854.00000  7.21%  44.9    3s
H  251   218                    6298.0000000 5854.00000  7.05%  44.9    3s
H  252   218                    6274.0000000 5854.00000  6.69%  44.9    3s
H 1262  1084                    6273.0000000 5854.00000  6.68%  17.5    3s
H 1310  1088                    6270.0000000 5854.00000  6.63%  17.4    4s
H 1311  1084                    6264.0000000 5854.00000  6.55%  17.4    4s
  1413  1193 6173.00000  133    2 6264.00000 5854.00000  6.55%  17.4    5s
H 1417  1132                    6239.0000000 5854.00000  6.17%  17.4    5s
H 1427  1105                    6223.0000000 5854.00000  5.93%  17.5    5s
  1595  1186 6184.00000   84  132 6223.00000 5946.00000  4.45%  17.1   10s
  1611  1196 6049.00000   28  111 6223.00000 5948.00000  4.42%  16.9   15s
  1722  1272 6184.00000   60  107 6223.00000 5960.00000  4.23%  54.7   20s
  1745  1287 5967.00000    7  101 6223.00000 5967.00000  4.11%  54.0   25s
  1769  1305 5967.00000    9  112 6223.00000 5967.00000  4.11%  77.6   30s
H 1771  1240                    6187.0000000 5967.00000  3.56%  77.5   30s
H 1772  1179                    6186.0000000 5967.00000  3.54%  77.5   30s
H 1774  1120                    6181.0000000 5967.00000  3.46%  77.4   31s
H 1813  1104                    6180.0000000 5967.00000  3.45%   105   33s
H 1865  1081                    6179.0000000 5967.00000  3.43%   123   33s
H 1916  1065                    6175.0000000 5967.00000  3.37%   127   37s
H 2020  1111                    6169.0000000 5967.00000  3.27%   138   39s
  2187  1219 5983.00000   49  121 6169.00000 5967.00000  3.27%   138   40s
H 3220  1341                    6168.0000000 5967.00000  3.26%   127   41s
H 4328  1762                    6167.0000000 5967.00000  3.24%   112   43s
  5103  1990 5967.00000   49  111 6167.00000 5967.00000  3.24%   109   54s
  5183  2106 5979.38506   54   96 6167.00000 5967.00000  3.24%   111   55s
H 5401  2173                    6166.0000000 5967.00000  3.23%   113   60s
  5550  2336 5972.69179   50  134 6166.00000 5967.00000  3.23%   112   67s
H 5779  2062                    6146.0000000 5967.00000  2.91%   113   67s
  6203  2376 5969.45656   47  133 6146.00000 5967.00000  2.91%   114   70s
  8599  3713 5970.66504   49  126 6146.00000 5967.00000  2.91%   116   75s
 11114  4980 5981.44526   47  117 6146.00000 5967.00000  2.91%   119   81s
 12556  5967 5994.78879   50  102 6146.00000 5967.00000  2.91%   120   85s
 14438  6666 6017.52876   55   86 6146.00000 5967.00000  2.91%   120  100s
H15129  6924                    6145.0000000 5967.00000  2.90%   121  102s
 15986  7375 6135.00000   80   29 6145.00000 5967.00000  2.90%   120  105s
H16890  7506                    6143.0000000 5967.00000  2.87%   120  108s
 17712  7989 5972.62287   47  113 6143.00000 5967.00000  2.87%   121  111s
H18774  8421                    6142.0000000 5967.00000  2.85%   121  113s
 19749  8949 5977.67799   44  119 6142.00000 5967.00000  2.85%   120  116s
 20818  9566 infeasible   57      6142.00000 5967.00000  2.85%   120  120s
H20820  9284                    6141.0000000 5967.00000  2.83%   120  120s
H22056  9693                    6140.0000000 5967.00000  2.82%   121  123s
 23246 10420 5996.00000   52   89 6140.00000 5967.11804  2.82%   120  126s
H26189 11375                    6139.0000000 5968.80587  2.77%   118  133s
 27273 12254 infeasible   55      6139.00000 5969.00000  2.77%   117  136s
 29031 13142 5984.00000   50   98 6139.00000 5969.43516  2.76%   115  140s
 31814 14273 5982.19675   47  119 6139.00000 5970.00000  2.75%   113  146s
 34751 15569 5985.56882   52   95 6139.00000 5970.95928  2.74%   112  154s
H34887 15263                    6138.0000000 5970.95928  2.72%   111  154s
 35839 16083 5985.83977   51  115 6138.00000 5971.00000  2.72%   111  157s
 37432 16820 5981.78293   53  103 6138.00000 5971.79735  2.71%   111  161s
 39027 17640 5989.93737   52  113 6138.00000 5972.25343  2.70%   110  166s
 42489 18412 5991.00000   56   74 6138.00000 5973.00000  2.69%   109  193s
 42494 18415 6108.00000   67  135 6138.00000 5975.00000  2.66%   109  195s
 42506 18423 6032.95409   61  137 6138.00000 5980.00000  2.57%   109  200s
 42628 18530 5998.41456   57   99 6138.00000 5980.00000  2.57%   110  205s
 44730 19222 infeasible  146      6138.00000 5980.00000  2.57%   107  210s
 47730 20021 6011.88666   66  100 6138.00000 5981.46260  2.55%   104  215s
 51128 21019 infeasible   72      6138.00000 5985.00000  2.49%   102  220s
 55151 21872 6034.80226   59   93 6138.00000 5987.70917  2.45%  98.8  225s
*57484 20391             118    6136.0000000 5989.48080  2.39%  97.8  227s
 59209 20996 5998.84758   66   95 6136.00000 5990.38155  2.37%  97.3  230s
 62886 21782 6014.18079   59   94 6136.00000 5992.83859  2.33%  95.8  235s
 66928 22488 6012.34541   60  101 6136.00000 5994.62969  2.30%  94.1  240s
 70263 23161 6127.00000   72   41 6136.00000 5995.53952  2.29%  92.6  245s
 73645 23972 infeasible   67      6136.00000 5996.91416  2.27%  91.9  250s
 76508 24542 6066.00000   71   66 6136.00000 5997.83660  2.25%  91.0  255s
 80755 25335 6133.00000   93   32 6136.00000 5999.14187  2.23%  90.0  262s
 82315 25712 6118.07872   81   27 6136.00000 5999.75018  2.22%  89.7  265s
 85620 25992 infeasible   64      6136.00000 6000.86314  2.20%  89.1  270s
 88797 26822 infeasible   65      6136.00000 6002.04235  2.18%  88.9  277s
 90949 26943 6019.90528   61   92 6136.00000 6002.44720  2.18%  88.4  281s
 94133 27277 6012.16819   62   87 6136.00000 6003.13124  2.17%  88.1  288s
 95726 27908 6066.00000   61   56 6136.00000 6003.53668  2.16%  88.1  292s
 97782 28666 6027.03498   65   88 6136.00000 6003.77022  2.15%  87.8  295s
 100925 30378 6024.86609   62   78 6136.00000 6004.60992  2.14%  87.7  302s
 102920 31160 6019.22366   63   97 6136.00000 6004.88046  2.14%  87.3  306s
 104675 31920 6076.00000   68   68 6136.00000 6005.38580  2.13%  87.0  310s
 107980 33702 6060.00000   68   54 6136.00000 6006.09065  2.12%  86.6  318s
 109836 34512 6033.00000   64   69 6136.00000 6006.37071  2.11%  86.3  321s
 111435 35344 6031.52962   63   84 6136.00000 6006.63087  2.11%  86.2  325s
 114865 36910 6095.00000   75   37 6136.00000 6007.10711  2.10%  85.8  333s
 116421 37501 6030.09450   63   82 6136.00000 6007.39712  2.10%  85.6  336s
 119327 39135 infeasible   86      6136.00000 6008.07499  2.08%  85.4  343s
 121187 39878 infeasible   75      6136.00000 6008.27467  2.08%  85.1  347s
 122837 40621 infeasible   78      6136.00000 6008.49431  2.08%  85.0  350s
H126357 39999                    6135.0000000 6009.05478  2.05%  84.8  358s
 127960 40280 6040.29243   65   78 6135.00000 6009.34432  2.05%  84.7  362s
 128660 42161 infeasible   68      6135.00000 6009.53290  2.05%  84.7  369s
 132986 43070 infeasible   67      6135.00000 6010.08714  2.04%  84.3  374s
 134917 43901 6123.00000   82   22 6135.00000 6010.34919  2.03%  84.1  378s
 136711 44854 6054.00000   66   67 6135.00000 6010.70398  2.03%  84.0  382s
 138842 45793 6028.16474   62   82 6135.00000 6010.97264  2.02%  83.8  387s
 140739 46528 6034.01313   65   82 6135.00000 6011.12282  2.02%  83.6  390s
H143566 34074                    6127.0000000 6011.50290  1.89%  83.5  394s
 143694 34516 6030.29742   59   86 6127.00000 6011.63441  1.88%  83.5  398s
 145325 35040 6036.95085   63   80 6127.00000 6011.89228  1.88%  83.5  402s
 146663 35808 6032.00000   64   81 6127.00000 6012.02293  1.88%  83.5  407s
 148534 36439 6048.34964   64   71 6127.00000 6012.33092  1.87%  83.4  411s
 150247 37204 6126.00000   91   22 6127.00000 6012.60290  1.87%  83.2  415s
 153624 38497 6058.00000   68   69 6127.00000 6012.96085  1.86%  83.2  423s
 155268 39275 6051.00000   67   58 6127.00000 6013.09225  1.86%  83.2  428s
 157096 40078 6028.18534   62   77 6127.00000 6013.44577  1.85%  83.1  432s
 159179 40672 infeasible   68      6127.00000 6013.74922  1.85%  82.9  436s
 160745 41280 infeasible   82      6127.00000 6013.97406  1.84%  82.9  440s
 163854 42713 6034.29186   63   83 6127.00000 6014.44003  1.84%  83.0  448s
 165839 43162 6096.00000   77   41 6127.00000 6014.74127  1.83%  82.9  451s
 167026 43886 infeasible   65      6127.00000 6014.94814  1.83%  83.0  455s
 170501 45049 infeasible   63      6127.00000 6015.45948  1.82%  83.1  462s
 171874 45709 6068.72324   68   65 6127.00000 6015.64848  1.82%  83.2  466s
 174074 46259 infeasible   65      6127.00000 6015.92180  1.81%  83.2  470s
 177276 47780 6080.00000   66   57 6127.00000 6016.24494  1.81%  83.2  479s
 179290 48490 infeasible   67      6127.00000 6016.50813  1.80%  83.2  483s
 181302 49099 6083.37931   72   44 6127.00000 6016.88648  1.80%  83.3  487s
 182987 50222 6060.00000   63   47 6127.00000 6017.00000  1.80%  83.4  492s
 185534 50970 6125.00000   75   42 6127.00000 6017.26322  1.79%  83.0  496s
 187414 51697 6055.00000   66   75 6127.00000 6017.52485  1.79%  83.0  500s
 189251 52507 6075.00000   62   65 6127.00000 6017.74638  1.78%  82.9  505s
 192789 54032 6078.00000   69   43 6127.00000 6018.05589  1.78%  82.9  514s
 194934 54566 6034.62943   62   95 6127.00000 6018.30366  1.77%  82.8  518s
 196284 55169 infeasible   68      6127.00000 6018.49395  1.77%  82.9  522s
 198143 55987 6039.80862   67   87 6127.00000 6018.67118  1.77%  82.9  527s
 200379 56678 infeasible   80      6127.00000 6019.00000  1.76%  82.9  531s
 202135 57628 6027.00000   67   79 6127.00000 6019.00000  1.76%  82.9  536s
 204359 58332 6037.48607   66   83 6127.00000 6019.27525  1.76%  82.8  541s
 206196 59187 6086.54268   64   53 6127.00000 6019.58838  1.75%  82.8  546s
 208145 59747 6033.00063   60  132 6127.00000 6019.78638  1.75%  82.7  551s
 209772 60519 6050.95400   61   82 6127.00000 6020.00000  1.75%  82.8  555s
 211647 61140 6043.31823   65   94 6127.00000 6020.06280  1.75%  82.8  560s
 214466 62597 6032.24834   61   86 6127.00000 6020.41457  1.74%  82.8  570s
 216915 63687 6054.00000   64   55 6127.00000 6020.64607  1.74%  82.6  576s
 219376 64217 infeasible   67      6127.00000 6020.86202  1.73%  82.5  581s
 220878 64758 infeasible   99      6127.00000 6021.00000  1.73%  82.5  585s
 223924 65996 6082.67984   66   48 6127.00000 6021.23890  1.73%  82.6  594s
 225794 66698 6041.97505   63   81 6127.00000 6021.54981  1.72%  82.6  600s
 227621 67315 infeasible   73      6127.00000 6021.72629  1.72%  82.6  605s
 229379 68199 6073.17186   67   43 6127.00000 6021.91500  1.72%  82.7  610s
 231435 69069 infeasible   70      6127.00000 6022.00000  1.71%  82.6  615s
 233460 69851 6034.99952   63   93 6127.00000 6022.00000  1.71%  82.5  621s
 235407 70444 6115.77819   78   30 6127.00000 6022.16308  1.71%  82.4  626s
 236987 71189 6109.00000   70   49 6127.00000 6022.43349  1.71%  82.4  632s
 238958 72039 6109.01437   80   40 6127.00000 6022.68700  1.70%  82.4  638s
 241176 72574 6113.18919   70   43 6127.00000 6022.92487  1.70%  82.3  642s
 242607 73311 6062.00000   67   61 6127.00000 6023.00000  1.70%  82.4  648s
 244372 74094 infeasible   67      6127.00000 6023.07534  1.70%  82.4  654s
 246428 74179 infeasible   74      6127.00000 6023.29483  1.69%  82.3  668s
 246631 74831 6073.00000   81   44 6127.00000 6023.29713  1.69%  82.3  673s
 248408 75488 6125.00000   68   29 6127.00000 6023.39252  1.69%  82.3  680s
 250498 76287 6070.82801   67   64 6127.00000 6023.67256  1.69%  82.2  686s
 252798 77155 6109.00000   77   33 6127.00000 6023.86772  1.68%  82.2  692s
 254929 77814 6051.00000   65   76 6127.00000 6024.00000  1.68%  82.1  699s
 256707 78535 6064.37318   69   72 6127.00000 6024.09714  1.68%  82.1  704s
 258409 78535 infeasible   72      6127.00000 6024.17072  1.68%  82.0  705s
 258573 79228 6084.00000   83   34 6127.00000 6024.28203  1.68%  82.1  710s
 260294 80189 6104.00000   77   28 6127.00000 6024.44870  1.67%  82.1  716s
 262564 81058 6063.58072   64   57 6127.00000 6024.62041  1.67%  82.0  723s
 264898 81715 6040.61531   65  100 6127.00000 6024.81795  1.67%  81.9  728s
 266676 82090 6101.00000   66   37 6127.00000 6024.96451  1.67%  81.9  733s
 267599 82872 6082.00000   75   51 6127.00000 6025.00000  1.66%  81.9  739s
 269332 83556 6079.00000   66   69 6127.00000 6025.00000  1.66%  81.9  746s
 271219 84258 infeasible   66      6127.00000 6025.14562  1.66%  81.9  753s
 273303 84992 6126.00000   73   34 6127.00000 6025.37065  1.66%  81.8  760s
 275391 85813 6060.64446   69   70 6127.00000 6025.60117  1.65%  81.8  768s
 277708 86456 6065.00000   68   60 6127.00000 6025.78483  1.65%  81.7  776s
 279680 87344 6080.00000   68   41 6127.00000 6025.96126  1.65%  81.6  783s
 281665 88050 6068.00000   71   64 6127.00000 6026.00000  1.65%  81.6  789s
 283350 88777 infeasible   66      6127.00000 6026.05869  1.65%  81.6  796s
 285498 89688 infeasible   73      6127.00000 6026.19680  1.65%  81.5  804s
 287838 90546 6126.00000   73   33 6127.00000 6026.36126  1.64%  81.4  812s
 289914 91281 6063.00000   68   70 6127.00000 6026.59629  1.64%  81.3  819s
 291843 92123 6066.82017   71   72 6127.00000 6026.82465  1.63%  81.3  827s
 294250 92838 6072.00389   64   56 6127.00000 6026.92797  1.63%  81.2  834s
 296001 93473 6076.00000   64   63 6127.00000 6027.00000  1.63%  81.2  840s
 297554 94112 6053.00000   70   73 6127.00000 6027.00000  1.63%  81.2  848s
 299242 94768 6123.00000   90   17 6127.00000 6027.07513  1.63%  81.2  855s
 301220 95518 6060.00000   70   65 6127.00000 6027.30005  1.63%  81.1  862s
 303247 96299 6116.00000   82   34 6127.00000 6027.48144  1.62%  81.0  870s
 305295 96821 6111.00000   91   31 6127.00000 6027.64397  1.62%  81.0  877s
 306990 97523 6093.85990   60   65 6127.00000 6027.81204  1.62%  81.0  885s
 308665 98154 6080.00000   65   55 6127.00000 6027.97405  1.62%  81.0  892s
 310406 98734 6097.00000   84   34 6127.00000 6028.00000  1.62%  81.0  899s
 312071 99456 infeasible   61      6127.00000 6028.00000  1.62%  81.1  906s
 313922 99968 6042.12184   68   78 6127.00000 6028.06640  1.61%  81.1  915s
 315886 100575 infeasible   65      6127.00000 6028.28895  1.61%  81.1  923s
 317880 101265 6040.17500   66   75 6127.00000 6028.47091  1.61%  81.1  932s
 319849 101902 6094.00000   71   45 6127.00000 6028.66535  1.60%  81.1  941s
 321741 102365 6075.00000   65   61 6127.00000 6028.86051  1.60%  81.1  949s
 323175 102365 6042.00000   68   65 6127.00000 6028.90759  1.60%  81.1  950s
 323346 103008 6042.00000   69   64 6127.00000 6029.00000  1.60%  81.1  958s
 325200 103776 6057.00000   69   68 6127.00000 6029.00000  1.60%  81.2  967s
 327273 104528 6067.22631   71   64 6127.00000 6029.03608  1.60%  81.2  977s
 329316 105653 6121.00000   85   21 6127.00000 6029.24338  1.60%  81.2  987s
 331983 106535 6121.00000   98   18 6127.00000 6029.44343  1.59%  81.1  998s
 334312 107486 6045.32923   69   88 6127.00000 6029.67585  1.59%  81.0 1009s
*336085 103414             119    6126.0000000 6029.72807  1.57%  81.0 1009s
 336920 104092 6116.00000   84   33 6126.00000 6029.92890  1.57%  81.0 1017s
*337769 95812             131    6124.0000000 6029.95645  1.54%  81.0 1017s
*337776 87542             130    6122.0000000 6029.95645  1.50%  80.9 1018s
 338884 87736 infeasible   67      6122.00000 6030.00000  1.50%  81.0 1026s
H338886 84182                    6121.0000000 6030.00000  1.49%  81.0 1026s
 339877 84707 infeasible   65      6121.00000 6030.00000  1.49%  81.0 1035s
 341584 85228 6044.00000   71   78 6121.00000 6030.00000  1.49%  81.1 1042s
 343247 85903 infeasible   65      6121.00000 6030.24810  1.48%  81.1 1050s
 345204 86419 6064.91905   65   63 6121.00000 6030.41145  1.48%  81.1 1057s
 346929 86940 6060.00000   66   55 6121.00000 6030.62087  1.48%  81.2 1066s
 348597 88095 6086.00980   70   52 6121.00000 6030.77697  1.47%  81.3 1075s
 351691 88907 6108.00000   75   31 6121.00000 6030.93969  1.47%  81.2 1083s
 353743 89388 infeasible   69      6121.00000 6031.00000  1.47%  81.2 1090s
 355158 90029 6053.22867   66  105 6121.00000 6031.00000  1.47%  81.3 1098s
 357047 90703 6044.00000   64   74 6121.00000 6031.18081  1.47%  81.4 1107s
 358910 91323 6060.87642   62   73 6121.00000 6031.35774  1.46%  81.4 1115s
 360902 92128 infeasible   61      6121.00000 6031.50534  1.46%  81.4 1124s
 363237 92526 infeasible   64      6121.00000 6031.72702  1.46%  81.4 1132s
 364759 93366 infeasible   66      6121.00000 6031.92272  1.46%  81.5 1141s
 367002 94281 6048.00000   68   70 6121.00000 6032.00000  1.45%  81.6 1150s
 369436 94861 6060.35614   66   74 6121.00000 6032.00000  1.45%  81.6 1159s
 371312 95719 6057.00000   66   62 6121.00000 6032.06714  1.45%  81.7 1168s
 373703 96394 6057.00000   67   92 6121.00000 6032.28196  1.45%  81.7 1177s
 375784 97084 6060.00000   66   68 6121.00000 6032.49611  1.45%  81.7 1188s
 378168 97743 6116.00000  101   28 6121.00000 6032.77816  1.44%  81.8 1197s
 380278 98411 6080.00000   67   59 6121.00000 6032.99967  1.44%  81.8 1205s
 382038 98798 6087.00000   68   46 6121.00000 6033.00000  1.44%  81.9 1214s
H382776 95364                    6120.0000000 6033.00000  1.42%  82.0 1214s
 383520 96136 6044.78045   66   79 6120.00000 6033.00000  1.42%  82.0 1224s
 385651 96551 6076.00000   70   51 6120.00000 6033.07275  1.42%  82.0 1231s
 387044 97182 6053.10788   65   73 6120.00000 6033.19433  1.42%  82.0 1239s
 388335 97182 6109.00000   80   27 6120.00000 6033.25620  1.42%  82.1 1240s
 389008 97852 6086.00000   69   33 6120.00000 6033.45797  1.41%  82.1 1249s
 391275 98580 6060.98912   66   80 6120.00000 6033.66418  1.41%  82.2 1259s
 393569 99374 6056.47960   63   78 6120.00000 6033.89662  1.41%  82.3 1268s
 395818 100086 6053.00000   71   66 6120.00000 6034.00000  1.41%  82.3 1277s
 398048 100681 infeasible   82      6120.00000 6034.00000  1.41%  82.3 1285s
 399499 101068 6079.00000   72   48 6120.00000 6034.00000  1.41%  82.4 1292s
 400962 101602 6055.00000   65   87 6120.00000 6034.00912  1.41%  82.6 1301s
 403102 102238 6058.92294   68   81 6120.00000 6034.25432  1.40%  82.7 1311s
 405199 102895 6048.56929   60   84 6120.00000 6034.44524  1.40%  82.7 1321s
 407619 103445 infeasible   66      6120.00000 6034.68984  1.39%  82.8 1330s
 409431 104084 6072.00000   74   46 6120.00000 6034.87433  1.39%  82.8 1339s
 411400 104693 infeasible   67      6120.00000 6035.00000  1.39%  82.9 1349s
 413217 105422 6057.00000   65   69 6120.00000 6035.00000  1.39%  83.0 1359s
 413471 105422 6062.00000   65   71 6120.00000 6035.00000  1.39%  83.0 1360s
 415158 106026 6065.00609   65   67 6120.00000 6035.00000  1.39%  83.1 1371s
 417306 106719 6073.00000   63   52 6120.00000 6035.16537  1.39%  83.2 1383s
 419507 107185 6050.00000   67   69 6120.00000 6035.38345  1.38%  83.3 1394s
 421470 107680 6063.45093   64   85 6120.00000 6035.63551  1.38%  83.4 1409s
 423293 108617 6105.00000   69   42 6120.00000 6035.83812  1.38%  83.5 1423s
 426203 109352 infeasible   64      6120.00000 6036.00000  1.37%  83.5 1436s
 428207 109814 infeasible   90      6120.00000 6036.00000  1.37%  83.6 1444s
 429438 110422 infeasible  108      6120.00000 6036.00000  1.37%  83.7 1455s
 431315 111476 6047.07866   64   84 6120.00000 6036.00000  1.37%  83.8 1472s
 434372 112040     cutoff   65      6120.00000 6036.28925  1.37%  83.9 1486s
 436404 112881 infeasible   67      6120.00000 6036.54455  1.36%  84.0 1501s
 439169 113838 6088.00000   76   42 6120.00000 6036.77576  1.36%  84.1 1516s
 441871 114615 6067.00000   71   69 6120.00000 6037.00000  1.36%  84.1 1529s
 443967 115285 6048.00000   67   56 6120.00000 6037.00000  1.36%  84.2 1540s
 445811 115684 6092.26925   70   78 6120.00000 6037.00000  1.36%  84.3 1552s
 447016 116345 infeasible   64      6120.00000 6037.00000  1.36%  84.4 1566s
 449108 116765 6053.88342   69   87 6120.00000 6037.17468  1.35%  84.5 1576s
 450622 117234 infeasible   69      6120.00000 6037.31562  1.35%  84.5 1588s
 452211 118049 6051.28503   68   84 6120.00000 6037.53227  1.35%  84.6 1603s
 455065 119033 6050.30692   64   87 6120.00000 6037.76997  1.34%  84.7 1619s
 457792 119760 6059.40580   68   63 6120.00000 6038.00000  1.34%  84.7 1631s
 459908 119866 6109.00000   64   37 6120.00000 6038.00000  1.34%  84.7 1674s
 460132 120466 infeasible   69      6120.00000 6038.00000  1.34%  84.8 1686s
 461823 120877 6076.00000   72   37 6120.00000 6038.00000  1.34%  84.8 1698s
 463477 121648 infeasible   73      6120.00000 6038.00000  1.34%  84.9 1713s
 465922 122369 6086.00000   69   38 6120.00000 6038.14135  1.34%  85.0 1728s
 468174 123004 infeasible   65      6120.00000 6038.38107  1.33%  85.1 1741s
 470272 123514 6076.82009   63   74 6120.00000 6038.60766  1.33%  85.1 1753s
 472091 124216 6094.00000   65   42 6120.00000 6038.80616  1.33%  85.1 1767s
 474314 124898 6076.00000   69   55 6120.00000 6039.00000  1.32%  85.2 1782s
 476023 125552 6106.13971   90   39 6120.00000 6039.00000  1.32%  85.2 1795s
 478022 126162 infeasible   65      6120.00000 6039.00000  1.32%  85.3 1807s
 479776 126821 6103.05405   65   51 6120.00000 6039.00711  1.32%  85.5 1822s
 482027 127312 6115.49435   67   68 6120.00000 6039.20688  1.32%  85.6 1837s
 484161 127902 infeasible   66      6120.00000 6039.48643  1.32%  85.6 1855s
 486651 128755 6068.00000   66   57 6120.00000 6039.75319  1.31%  85.8 1872s
 489315 129479 6070.00000   70   60 6120.00000 6040.00000  1.31%  85.9 1887s
 491608 129966 infeasible   70      6120.00000 6040.00000  1.31%  85.9 1897s
 492973 130572 6045.00000   73   73 6120.00000 6040.00000  1.31%  86.0 1910s
 494974 131294 6067.00000   66   65 6120.00000 6040.00000  1.31%  86.1 1927s
 497531 131937 infeasible   69      6120.00000 6040.22550  1.30%  86.2 1944s
 499621 132646 6092.09874   65   57 6120.00000 6040.42680  1.30%  86.2 1962s
 502290 133469 6115.35082   65   46 6120.00000 6040.68972  1.30%  86.3 1980s
 504981 134341 6074.43205   71   62 6120.00000 6041.00000  1.29%  86.4 1997s
 507405 135027 6086.00000   69   79 6120.00000 6041.00000  1.29%  86.5 2012s
 509506 135543 6113.00000   72   45 6120.00000 6041.00000  1.29%  86.5 2024s
 511201 136378 infeasible   69      6120.00000 6041.00000  1.29%  86.7 2041s
*513100 114635             137    6116.0000000 6041.01146  1.23%  86.7 2041s
*513106 105511             136    6114.0000000 6041.01146  1.19%  86.7 2041s
H513597 97718                    6112.0000000 6041.13159  1.16%  86.7 2051s
H513956 91033                    6110.0000000 6041.16516  1.13%  86.7 2051s
 514635 91257 infeasible   67      6110.00000 6041.28116  1.12%  86.8 2069s
H514745 88083                    6109.0000000 6041.28116  1.11%  86.8 2069s
H515027 82434                    6107.0000000 6041.31190  1.08%  86.8 2069s
 516456 83016 infeasible   64      6107.00000 6041.68203  1.07%  86.9 2089s
H516457 80240                    6106.0000000 6041.68203  1.05%  86.9 2089s
H519043 78184                    6105.0000000 6042.00000  1.03%  87.1 2105s
 521098 78428 6058.00000   77   50 6105.00000 6042.00000  1.03%  87.3 2119s
 522664 78831 6100.00000   64   37 6105.00000 6042.00000  1.03%  87.5 2135s
 524929 79125 6097.00000   87   21 6105.00000 6042.36882  1.03%  87.7 2153s
 527053 79595 6066.00000   66   58 6105.00000 6042.85484  1.02%  87.9 2172s
 529655 79940 6073.05558   64   81 6105.00000 6043.00000  1.02%  88.1 2187s
 531368 80391 infeasible   65      6105.00000 6043.00000  1.02%  88.3 2204s
 533358 80634 6104.00000   88   43 6105.00000 6043.03721  1.01%  88.4 2219s
 535075 80791 6086.00000   66   33 6105.00000 6043.64285  1.01%  88.7 2230s
 536337 81113 infeasible   68      6105.00000 6043.91020  1.00%  88.8 2249s
 537917 81113 6071.05307   66   94 6105.00000 6043.96429  1.00%  88.9 2250s
 538583 81437 infeasible   74      6105.00000 6044.00000  1.00%  89.0 2266s
H538584 73758                    6102.0000000 6044.00000  0.95%  89.0 2266s
H540401 60610                    6095.0000000 6044.00000  0.84%  89.3 2285s
 542211 60265 6081.83327   67   72 6095.00000 6044.17466  0.83%  89.5 2300s
 543745 60477 6058.20067   73   67 6095.00000 6044.88724  0.82%  89.8 2320s
 545736 60509 6087.10662   63   42 6095.00000 6045.00000  0.82%  90.1 2335s
 547348 60371 6067.53226   60   88 6095.00000 6045.00000  0.82%  90.5 2354s
H547462 58804                    6094.0000000 6045.00000  0.80%  90.5 2354s
H548212 55590                    6092.0000000 6045.00000  0.77%  90.7 2354s
 549098 55372 6085.66731   66   91 6092.00000 6045.55097  0.76%  90.8 2371s
 550938 55287 infeasible   78      6092.00000 6046.00000  0.76%  91.3 2443s
H551537 53716                    6091.0000000 6046.00000  0.74%  91.4 2443s
H551818 50728                    6089.0000000 6046.00000  0.71%  91.5 2443s
 551886 50339 infeasible   75      6089.00000 6046.00000  0.71%  91.5 2459s
 553530 50016 infeasible   69      6089.00000 6046.80220  0.69%  91.9 2476s
 555201 49592 infeasible   68      6089.00000 6047.00922  0.69%  92.4 2495s
 557058 49546 infeasible   67      6089.00000 6048.00000  0.67%  92.9 2515s
 559032 49043 6084.51338   68   50 6089.00000 6048.00000  0.67%  93.3 2535s
 561037 48753 6076.12264   72   84 6089.00000 6049.00000  0.66%  93.8 2555s
 562928 48482 6061.00000   66   66 6089.00000 6049.00000  0.66%  94.4 2577s
 564978 48125 infeasible   64      6089.00000 6050.00000  0.64%  94.8 2597s
 566934 47714 infeasible   66      6089.00000 6050.00000  0.64%  95.3 2619s
 568571 47234 6076.00000   79   38 6089.00000 6050.99192  0.62%  95.7 2641s
 570636 46825 infeasible   68      6089.00000 6051.04722  0.62%  96.2 2660s
 572679 46325 infeasible   69      6089.00000 6052.00000  0.61%  96.6 2683s
 574913 45977 infeasible   68      6089.00000 6052.61701  0.60%  97.1 2708s
 577787 45671 6086.96957   65   80 6089.00000 6053.00000  0.59%  97.6 2734s
 579856 45557 6070.38100   68   66 6089.00000 6054.00000  0.57%  98.0 2762s
 582737 45308     cutoff   68      6089.00000 6054.00000  0.57%  98.4 2785s
 585357 45067 infeasible   64      6089.00000 6055.00000  0.56%  98.7 2808s
 587772 44879 6060.00000   70   50 6089.00000 6055.00000  0.56%  99.1 2831s
 590447 44540 infeasible   74      6089.00000 6056.00000  0.54%  99.4 2854s
 592355 44128 infeasible   73      6089.00000 6056.00000  0.54%   100 2877s
 594728 44001 6065.00000   80   39 6089.00000 6057.00000  0.53%   100 2901s
 597430 43787 6076.46154   71   46 6089.00000 6057.00000  0.53%   100 2927s
 599924 43677     cutoff   74      6089.00000 6057.18142  0.52%   101 2946s
 601822 43183 6083.50000   70   42 6089.00000 6058.00000  0.51%   101 2965s
 603603 42930 infeasible   68      6089.00000 6058.11599  0.51%   101 2983s
 605406 42767 infeasible   74      6089.00000 6059.00000  0.49%   101 3009s
 607357 42372 infeasible   63      6089.00000 6059.00000  0.49%   102 3031s
 609696 42027 6068.16285   71   63 6089.00000 6060.00000  0.48%   102 3054s
 610808 42027 6081.10000   71   52 6089.00000 6060.00000  0.48%   102 3055s
 611872 41808 6080.34516   67   57 6089.00000 6060.00000  0.48%   102 3084s
 615080 41983 6072.00000   68   47 6089.00000 6061.00000  0.46%   102 3120s
 618634 41962 infeasible   63      6089.00000 6061.00000  0.46%   102 3132s
 619574 42289 6062.00000   75   53 6089.00000 6061.00000  0.46%   102 3163s
 623196 42430 6065.00000   82   36 6089.00000 6061.00000  0.46%   103 3184s
 625254 42665 6078.22834   67   90 6089.00000 6062.00000  0.44%   103 3208s
 627617 43020 6072.44453   72   67 6089.00000 6062.00000  0.44%   103 3228s
 629487 43421 infeasible   67      6089.00000 6062.00000  0.44%   103 3255s
 632387 43868 6070.00000   79   27 6089.00000 6062.00000  0.44%   103 3279s
 635218 44519 6077.00000   83   28 6089.00000 6063.00000  0.43%   103 3305s
 638447 44700 6087.54945   72   47 6089.00000 6063.00000  0.43%   103 3324s
 640550 44765 infeasible   74      6089.00000 6063.00000  0.43%   103 3337s
 641637 44637 infeasible   64      6089.00000 6063.00000  0.43%   103 3359s
 642837 44637 infeasible   69      6089.00000 6063.00000  0.43%   103 3360s
 644184 44915 6071.63636   78   52 6089.00000 6064.00000  0.41%   103 3387s
 647296 44891 infeasible   69      6089.00000 6064.00000  0.41%   103 3405s
 649011 44935 6083.00000   82   25 6089.00000 6064.00000  0.41%   103 3429s
 651450 45475 infeasible   76      6089.00000 6065.00000  0.39%   103 3457s
 655116 45676 6076.61502   72   49 6089.00000 6065.00000  0.39%   103 3479s
 657456 45868 6066.92524   76   74 6089.00000 6065.00000  0.39%   103 3496s
 659208 45951 6067.00000   77   59 6089.00000 6065.00000  0.39%   103 3538s
 660325 46218 6073.58564   74   79 6089.00000 6065.00000  0.39%   103 3559s
 663326 46414 infeasible   83      6089.00000 6066.00000  0.38%   103 3576s
 665300 46663 infeasible   63      6089.00000 6066.00000  0.38%   103 3596s
 667573 46718 infeasible   73      6089.00000 6066.00000  0.38%   103 3600s

Cutting planes:
  Learned: 473
  Gomory: 82
  Cover: 11
  Implied bound: 48
  Projected implied bound: 18
  MIR: 4145
  StrongCG: 10
  Flow cover: 7669
  Inf proof: 204
  RLT: 15
  Relax-and-lift: 66

Explored 667895 nodes (68846955 simplex iterations) in 3600.37 seconds (1557.90 work units)
Thread count was 16 (of 16 available processors)

Solution count 10: 6089 6091 6092 ... 6109

Time limit reached
Best objective 6.089000000000e+03, best bound 6.066000000000e+03, gap 0.3777%
Warning: constraint name "precedence between 1,0 to 0,0 if x_[j,l,h,z,i]=1" has a space
Warning: constraint name "precedence between 1,0 to 0,0 if x_[j,l,h,z,i]=1" has a space
Warning: default constraint names used to write mps file
