
Gurobi 10.0.1 (win64) logging started Fri Jul 14 08:33:02 2023

Set parameter LogFile to value "results-360s-mipfocus0-integralityfocus1/log/MetalMeca_makespan.log"
Gurobi Optimizer version 10.0.1 build v10.0.1rc0 (win64)

CPU model: AMD Ryzen 7 3700X 8-Core Processor, instruction set [SSE2|AVX|AVX2]
Thread count: 8 physical cores, 16 logical processors, using up to 16 threads

Optimize a model with 18596 rows, 45876 columns and 88194 nonzeros
Model fingerprint: 0xc6d8a281
Variable types: 0 continuous, 45876 integer (45332 binary)
Coefficient statistics:
  Matrix range     [1e+00, 1e+08]
  Objective range  [1e+00, 1e+00]
  Bounds range     [1e+00, 1e+00]
  RHS range        [1e+00, 3e+08]
Presolve removed 949 rows and 40526 columns
Presolve time: 0.15s
Presolved: 17647 rows, 5350 columns, 77533 nonzeros
Variable types: 0 continuous, 5350 integer (4807 binary)

Root relaxation: objective 4.008600e+05, 2013 iterations, 0.04 seconds (0.06 work units)

    Nodes    |    Current Node    |     Objective Bounds      |     Work
 Expl Unexpl |  Obj  Depth IntInf | Incumbent    BestBd   Gap | It/Node Time

     0     0 400860.000    0  197          - 400860.000      -     -    0s
     0     0 400860.016    0  323          - 400860.016      -     -    0s
     0     0 400860.016    0  328          - 400860.016      -     -    0s
     0     0 401577.060    0  394          - 401577.060      -     -    0s
     0     0 401577.060    0  412          - 401577.060      -     -    1s
     0     0 420712.845    0  313          - 420712.845      -     -    1s
     0     0 420752.031    0  313          - 420752.031      -     -    1s
     0     0 420788.914    0  321          - 420788.914      -     -    1s
     0     0 420788.914    0  317          - 420788.914      -     -    1s
     0     0 421084.971    0  335          - 421084.971      -     -    1s
     0     0 421085.431    0  336          - 421085.431      -     -    1s
     0     0 421300.665    0  351          - 421300.665      -     -    1s
     0     0 421302.304    0  357          - 421302.304      -     -    1s
     0     0 421588.705    0  350          - 421588.705      -     -    1s
     0     0 421670.687    0  362          - 421670.687      -     -    2s
     0     0 421675.709    0  354          - 421675.709      -     -    2s
     0     0 421675.709    0  354          - 421675.709      -     -    2s
     0     0 421966.350    0  325          - 421966.350      -     -    2s
     0     0 421971.330    0  336          - 421971.330      -     -    2s
     0     0 421971.330    0  346          - 421971.330      -     -    2s
     0     0 421971.718    0  344          - 421971.718      -     -    2s
     0     0 421972.001    0  352          - 421972.001      -     -    2s
     0     0 421988.400    0  357          - 421988.400      -     -    2s
     0     0 421993.378    0  348          - 421993.378      -     -    3s
     0     0 421993.378    0  352          - 421993.378      -     -    3s
     0     0 422036.204    0  360          - 422036.204      -     -    3s
     0     0 422036.209    0  356          - 422036.209      -     -    3s
     0     0 422036.238    0  353          - 422036.238      -     -    3s
     0     0 422036.238    0  358          - 422036.238      -     -    3s
     0     0 422036.238    0  354          - 422036.238      -     -    3s
     0     0 422036.238    0  354          - 422036.238      -     -    3s
     0     0 422036.238    0  354          - 422036.238      -     -    4s
     0     0 422036.238    0  252          - 422036.238      -     -    4s
     0     2 422036.291    0  252          - 422036.291      -     -    5s
  4943  2906 610097.000  672   82          - 422171.303      -  11.5   10s
 14482  3020 441690.214   55  449          - 437719.695      -   4.0   15s
 14515  3042 465080.000   83  857          - 443986.370      -   4.0   20s
 14539  3058 444656.220   34 1111          - 444656.220      -   4.0   25s
 14557  3070 444859.988   70 1016          - 444859.988      -   4.0   30s
 14580  3085 540853.000  159  968          - 444945.281      -   4.0   35s
 14599  3098 474823.000  198  943          - 445227.263      -   4.0   40s
 14612  3108 456266.000   90 1091          - 445227.609      -   9.4   45s
 14633  3122 445582.800   56  929          - 445582.800      -   9.4   50s
 14654  3136 445710.446   80 1051          - 445710.446      -   9.4   55s
 14671  3147 477844.000  219 1013          - 445846.090      -   9.4   60s
 14681  3154 496410.000   94 1132          - 445883.463      -   9.4   65s
 14692  3161 445918.226   49 1072          - 445918.226      -   9.4   70s
 14702  3168 530378.000  255 1115          - 445938.642      -   9.4   75s
 14711  3174 445948.401   10 1012          - 445948.401      -   9.4   80s
 14722  3181 490666.000  135 1032          - 445961.465      -   9.4   85s
 14734  3191 509127.000  160  569          - 445961.889      -  14.6   90s
 14761  3209 547438.000  216  636          - 446047.724      -  14.6   95s
 14779  3221 507396.000  169  666          - 446109.015      -  14.5  100s
 14792  3229 446170.870   49  666          - 446170.870      -  14.5  105s
 14807  3239 457935.000   79  671          - 446231.143      -  14.5  110s
 14818  3247 570423.000  254  585          - 446261.049      -  14.5  116s
 14827  3253 509477.000  141  679          - 446280.225      -  14.5  120s
 14838  3260 495186.000   84  613          - 446315.811      -  14.5  125s
H14868  3123                    2.400005e+09 446337.650   100%  15.2  130s
H14876  2971                    671023.00000 446337.650  33.5%  15.3  131s
H14881  2820                    653552.00000 446341.189  31.7%  15.4  131s
H14916  2706                    605971.00000 446366.461  26.3%  16.1  133s
H14918  2570                    604514.00000 446366.461  26.2%  16.1  133s
H14920  2442                    597329.00000 446366.461  25.3%  16.1  133s
H14952  2345                    591691.00000 446366.461  24.6%  16.7  135s
H14956  2229                    589652.00000 446366.461  24.3%  16.8  135s
H14958  2118                    586208.00000 446366.461  23.9%  16.8  135s
H14990  2041                    584428.00000 446366.461  23.6%  17.2  138s
H14990  1941                    583188.00000 446366.461  23.5%  17.2  138s
H14997  1845                    582690.00000 446366.461  23.4%  17.3  138s
H15041  1792                    578391.00000 446366.461  22.8%  17.8  140s
H15043  1707                    577999.00000 446366.461  22.8%  17.8  140s
H15084  1659                    576530.00000 446366.461  22.6%  18.4  143s
H15122  1621                    571560.00000 446366.461  21.9%  18.8  145s
H15134  1544                    571009.00000 446366.461  21.8%  19.0  145s
H15153  1477                    563238.00000 446366.461  20.7%  19.3  147s
H15178  1430                    562753.00000 446366.461  20.7%  19.5  148s
H15179  1367                    561325.00000 446366.461  20.5%  19.5  148s
H15181  1307                    561209.00000 446366.461  20.5%  19.6  148s
H15182  1250                    559751.00000 446366.461  20.3%  19.6  148s
H15186  1195                    557896.00000 446366.461  20.0%  19.7  148s
 15212  1228 449030.511   56  421 557896.000 446366.461  20.0%  20.0  150s
H15232  1172                    555599.00000 446366.461  19.7%  20.2  150s
H15276  1160                    554375.00000 446366.461  19.5%  20.8  152s
H15284  1111                    550883.00000 446366.461  19.0%  20.8  152s
H15289  1080                    548782.00000 446366.461  18.7%  21.0  153s
H15317  1055                    547834.00000 446366.461  18.5%  21.5  155s
H15320  1015                    541128.00000 446366.461  17.5%  21.5  155s
H15325   984                    540341.00000 446366.461  17.4%  21.6  157s
H15326   948                    540194.00000 446366.461  17.4%  21.6  157s
H15328   914                    532807.00000 446366.461  16.2%  21.8  157s
H15431   953                    532560.00000 446366.461  16.2%  22.8  161s
H15434   922                    529263.00000 446366.461  15.7%  22.9  161s
H15439   900                    529095.00000 446366.461  15.6%  22.9  165s
H15441   871                    529019.00000 446366.461  15.6%  23.0  165s
 15642  1098 448730.532   73  386 529019.000 446366.461  15.6%  24.8  170s
 16294  1558 452931.750   84  301 529019.000 446366.461  15.6%  27.1  175s
H16458  1736                    528048.00000 446366.461  15.5%  27.5  177s
 17032  2283 458439.847  108  254 528048.000 446366.461  15.5%  28.2  181s
 18307  3427 474160.000  207   18 528048.000 446366.461  15.5%  28.7  186s
H18974  3642                    527956.00000 446366.461  15.5%  29.1  196s
H18975  3641                    527768.00000 446366.461  15.4%  29.1  196s
H18976  3641                    527743.00000 446366.461  15.4%  29.1  196s
H18978  3639                    527337.00000 446366.461  15.4%  29.1  196s
H18981  3638                    527161.00000 446366.461  15.3%  29.1  196s
H18983  3693                    526084.00000 446366.461  15.2%  29.2  198s
 19276  4029 448462.979   41  613 526084.000 446369.609  15.2%  29.9  200s
H19810  4303                    525819.00000 446369.609  15.1%  31.7  204s
 19925  4450 471836.236   78  294 525819.000 446419.176  15.1%  32.0  207s
 20113  4722 447427.266   42  583 525819.000 446419.176  15.1%  33.3  210s
H20459  4782                    525645.00000 446419.176  15.1%  35.2  212s
 20715  5217 464703.069   74  395 525645.000 446419.176  15.1%  37.6  218s
 21032  5367 478455.215   85  394 525645.000 446419.176  15.1%  39.0  221s
 21367  5895 522791.324  112  140 525645.000 446484.348  15.1%  41.5  228s
H21916  6001                    525342.00000 446540.107  15.0%  42.8  231s
 22051  6638 456644.906   56  523 525342.000 446540.107  15.0%  44.4  236s
H22971  7241                    525110.00000 446565.840  15.0%  45.2  239s
H23100  7238                    525021.00000 446568.740  14.9%  45.4  239s
 23183  7238 461468.640   58  454 525021.000 446568.740  14.9%  45.3  240s
H23766  7793                    524849.00000 446568.740  14.9%  46.6  247s
H23812  7760                    523551.00000 446572.530  14.7%  46.8  247s
 24307  8025 448065.734   43  657 523551.000 446623.948  14.7%  47.7  251s
H24612  7941                    523163.00000 446623.948  14.6%  48.7  251s
 24624  8555 451316.671   57  560 523163.000 446623.948  14.6%  48.9  256s
H25290  8907                    523145.00000 446623.948  14.6%  49.7  262s
H25310  8846                    522472.00000 446623.948  14.5%  49.8  262s
 25766  9173 488899.155   92  269 522472.000 446641.233  14.5%  49.5  267s
H25979  9122                    522403.00000 446655.891  14.5%  49.6  267s
H26232  9121                    522346.00000 446655.891  14.5%  49.8  267s
 26309  9455 449013.889   52  610 522346.000 446655.891  14.5%  50.3  270s
 26691  9799     cutoff  122      522346.000 446680.158  14.5%  51.8  275s
 27124 10446 452222.076   49  573 522346.000 446701.999  14.5%  52.4  281s
 27916 10531 449881.615   47  620 522346.000 446704.866  14.5%  53.8  285s
 28009 10539 452424.243   55  560 522346.000 446704.866  14.5%  54.5  310s
H28010 10393                    521540.00000 446704.866  14.3%  54.5  310s
 28017 10870 452429.305   56  562 521540.000 446741.701  14.3%  54.5  315s
H28121 10859                    521474.00000 446746.135  14.3%  54.8  316s
 28644 10956 450847.077   46  642 521474.000 446763.832  14.3%  56.3  332s
H28649 10950                    521370.00000 446763.832  14.3%  56.3  332s
 28774 11630 450856.641   47  645 521370.000 446764.925  14.3%  56.5  337s
 29614 12734 460971.915   50  542 521370.000 446764.925  14.3%  58.1  345s
 31046 13373 517050.695  121  137 521370.000 446842.955  14.3%  58.2  351s
 31949 14345 451206.339   51  500 521370.000 446859.293  14.3%  58.8  358s
 33044 14476 451406.717   67  455 521370.000 446859.293  14.3%  59.9  360s

Cutting planes:
  Learned: 70
  Gomory: 10
  Implied bound: 66
  MIR: 605
  Flow cover: 2623
  Inf proof: 346
  Zero half: 5
  RLT: 5
  Relax-and-lift: 476

Explored 33177 nodes (2058703 simplex iterations) in 360.10 seconds (573.91 work units)
Thread count was 16 (of 16 available processors)

Solution count 10: 521370 521474 521540 ... 524849

Time limit reached
Best objective 5.213700000000e+05, best bound 4.468592926626e+05, gap 14.2913%
Warning: constraint name "precedence between 1,0 to 0,0 if x_[j,l,h,z,i]=1" has a space
Warning: constraint name "precedence between 1,0 to 0,0 if x_[j,l,h,z,i]=1" has a space
Warning: default constraint names used to write mps file
