
Gurobi 10.0.1 (win64) logging started Fri Jul 14 08:39:06 2023

Set parameter LogFile to value "results-360s-mipfocus1-integralityfocus1/log/MetalMeca_makespan.log"
Gurobi Optimizer version 10.0.1 build v10.0.1rc0 (win64)

CPU model: AMD Ryzen 7 3700X 8-Core Processor, instruction set [SSE2|AVX|AVX2]
Thread count: 8 physical cores, 16 logical processors, using up to 16 threads

Optimize a model with 18596 rows, 45876 columns and 88194 nonzeros
Model fingerprint: 0xc6d8a281
Variable types: 0 continuous, 45876 integer (45332 binary)
Coefficient statistics:
  Matrix range     [1e+00, 1e+08]
  Objective range  [1e+00, 1e+00]
  Bounds range     [1e+00, 1e+00]
  RHS range        [1e+00, 3e+08]
Presolve removed 949 rows and 40526 columns
Presolve time: 0.16s
Presolved: 17647 rows, 5350 columns, 77533 nonzeros
Variable types: 0 continuous, 5350 integer (4807 binary)

Root relaxation: objective 4.008600e+05, 2013 iterations, 0.03 seconds (0.06 work units)

    Nodes    |    Current Node    |     Objective Bounds      |     Work
 Expl Unexpl |  Obj  Depth IntInf | Incumbent    BestBd   Gap | It/Node Time

     0     0 400860.000    0  197          - 400860.000      -     -    0s
     0     0 400860.016    0  325          - 400860.016      -     -    0s
     0     0 400860.016    0  330          - 400860.016      -     -    0s
     0     0 401577.059    0  401          - 401577.059      -     -    1s
     0     0 401577.059    0  427          - 401577.059      -     -    1s
     0     0 420820.460    0  323          - 420820.460      -     -    1s
     0     0 420859.647    0  323          - 420859.647      -     -    1s
     0     0 420896.529    0  321          - 420896.529      -     -    1s
     0     0 420896.529    0  325          - 420896.529      -     -    1s
     0     0 420983.120    0  344          - 420983.120      -     -    1s
     0     0 420983.580    0  351          - 420983.580      -     -    2s
     0     0 421499.777    0  325          - 421499.777      -     -    2s
     0     2 421499.777    0  324          - 421499.777      -     -    6s
  4096  3305 466293.000  620  154          - 421501.787      -  14.9   10s
 15020  3553 453383.000  345  325          - 421501.787      -   4.3   15s
 15043  3568 441929.392  178 1053          - 441929.392      -   4.3   20s
 15068  3586 465479.000  219   95          - 442970.329      -   5.7   25s
 15109  3614 443513.038  132 1055          - 443513.038      -   5.7   30s
 15146  3640 476803.000  294  555          - 444229.604      -   7.0   35s
 15179  3663 444559.178  219   80          - 444559.178      -   7.8   40s
 15218  3689 462250.000  305  552          - 445016.206      -   7.7   45s
 15239  3705 445128.153  183  503          - 445128.153      -   8.7   50s
 15276  3731 448349.000  303   73          - 445199.858      -   9.5   57s
 15292  3742 462258.000  285  560          - 445226.291      -   9.5   60s
 15332  3770 445335.048  147   82          - 445335.048      -  10.3   65s
 15372  3798 445362.962  148   82          - 445362.962      -  11.0   70s
 15411  3826 445388.718   27  325          - 445388.718      -  11.8   75s
 15440  3845 445406.747  111  570          - 445406.747      -  11.7   80s
 15466  3864 445419.394  155  507          - 445419.394      -  12.6   85s
 15494  3882 445432.539  151  526          - 445432.539      -  12.5   90s
 15495  3883 445432.539   44  526          - 445432.539      -  12.5   98s
H15518  3708                    3.699628e+09 445442.295   100%   9.4  100s
H15526  3529                    671466.00000 445444.120  33.7%   9.5  101s
H15528  3352                    605470.00000 445444.120  26.4%   9.5  101s
H15534  3191                    599687.00000 445444.120  25.7%   9.6  102s
H15535  3032                    597153.00000 445444.120  25.4%   9.6  102s
H15536  2881                    596317.00000 445444.120  25.3%   9.6  102s
H15537  2738                    591430.00000 445444.120  24.7%   9.7  102s
H15560  2618                    579551.00000 445444.120  23.1%   9.9  106s
H15563  2487                    571929.00000 445444.120  22.1%  10.1  106s
H15564  2365                    570179.00000 445444.120  21.9%  10.1  106s
H15605  2279                    560764.00000 445444.120  20.6%  10.9  111s
H15645  2195                    558727.00000 445444.120  20.3%  11.5  116s
H15648  2089                    558528.00000 445444.120  20.2%  11.6  116s
H15649  1989                    557893.00000 445444.120  20.2%  11.6  116s
H15649  1894                    554660.00000 445444.120  19.7%  11.6  116s
H15697  1842                    551942.00000 445444.120  19.3%  12.3  117s
H15737  1780                    548804.00000 445444.120  18.8%  12.6  119s
H15739  1699                    548514.00000 445444.120  18.8%  12.6  119s
H15744  1619                    548145.00000 445444.120  18.7%  12.6  119s
 15745  1653 447281.331  116  415 548145.000 445444.120  18.7%  12.7  120s
H15779  1576                    546716.00000 445444.120  18.5%  12.9  121s
H15779  1506                    546381.00000 445444.120  18.5%  12.9  121s
H15785  1438                    545643.00000 445444.120  18.4%  13.0  121s
H15827  1408                    545283.00000 445444.120  18.3%  13.3  123s
H15828  1348                    545134.00000 445444.120  18.3%  13.3  123s
H15828  1291                    545097.00000 445444.120  18.3%  13.3  123s
H15830  1236                    543518.00000 445444.120  18.0%  13.3  123s
H15832  1185                    543369.00000 445444.120  18.0%  13.3  123s
H15883  1176                    541702.00000 445444.120  17.8%  13.6  125s
H15886  1129                    539520.00000 445444.120  17.4%  13.6  125s
H15915  1130                    537798.00000 445444.120  17.2%  13.9  126s
H15946  1086                    537564.00000 445444.120  17.1%  13.9  128s
H15947  1045                    536631.00000 445444.120  17.0%  13.9  128s
 16014  1089 447495.043  124  418 536631.000 445444.120  17.0%  14.3  130s
H16015  1051                    536616.00000 445444.120  17.0%  14.3  130s
H16017  1014                    536613.00000 445444.120  17.0%  14.3  130s
H16020   979                    536569.00000 445444.120  17.0%  14.3  130s
H16096  1006                    536065.00000 445444.120  16.9%  14.6  132s
H16100   973                    535903.00000 445444.120  16.9%  14.6  132s
H16105   943                    535658.00000 445444.120  16.8%  14.6  132s
H16191   977                    535568.00000 445444.120  16.8%  14.9  135s
H16192   951                    535448.00000 445444.120  16.8%  14.9  135s
H16193   925                    534882.00000 445444.120  16.7%  15.0  135s
H16197   900                    533215.00000 445444.120  16.5%  15.0  135s
H16204   892                    531821.00000 445444.120  16.2%  15.0  136s
H16250   922                    531791.00000 445444.120  16.2%  15.3  138s
H16260   899                    531186.00000 445444.120  16.1%  15.3  138s
H16271   875                    530656.00000 445444.120  16.1%  15.3  138s
 16399   943 449154.609  132  366 530656.000 445444.120  16.1%  15.7  142s
H16403   923                    530243.00000 445444.120  16.0%  15.7  142s
H16555   999                    530146.00000 445444.120  16.0%  16.0  144s
H16558   999                    529724.00000 445444.120  15.9%  16.0  144s
H16585  1005                    529584.00000 445444.120  15.9%  15.9  147s
H16587  1005                    529161.00000 445444.120  15.8%  16.0  147s
H16593  1020                    528944.00000 445444.120  15.8%  16.0  149s
H16595  1020                    528862.00000 445444.120  15.8%  16.0  149s
H16618  1026                    528854.00000 445444.120  15.8%  16.0  150s
H16625  1026                    528848.00000 445444.120  15.8%  16.0  150s
H16664  1038                    528636.00000 445444.120  15.7%  16.1  151s
H16780  1154                    528628.00000 445444.120  15.7%  16.2  154s
 16833  1172 450305.620  139  368 528628.000 445444.120  15.7%  16.2  155s
H16835  1172                    528608.00000 445444.120  15.7%  16.2  155s
H16838  1172                    528410.00000 445444.120  15.7%  16.2  155s
 16915  1357 449313.980  142  331 528410.000 445444.120  15.7%  16.2  160s
H16995  1356                    527488.00000 445444.120  15.6%  16.4  160s
H17100  1385                    527469.00000 445444.120  15.6%  16.4  162s
H17110  1385                    527421.00000 445444.120  15.5%  16.5  162s
 17420  1760 459963.051  152  271 527421.000 445444.120  15.5%  16.6  166s
 17738  1866 472400.155  163  214 527421.000 445444.120  15.5%  16.6  171s
H17941  2008                    527220.00000 445444.120  15.5%  16.6  172s
H18170  2101                    526690.00000 445444.120  15.4%  16.6  174s
H18216  2101                    526674.00000 445444.120  15.4%  16.6  174s
H18254  2079                    522894.00000 445444.120  14.8%  16.6  174s
 18266  2196 460414.015  170  166 522894.000 445444.120  14.8%  16.6  176s
 18451  2413 460306.000  185  108 522894.000 445444.120  14.8%  17.1  180s
H18561  2413                    522838.00000 445444.120  14.8%  17.1  180s
H18613  2446                    522808.00000 445444.120  14.8%  17.3  182s
H18639  2446                    522568.00000 445444.120  14.8%  17.3  182s
 18644  2547 460306.000  200  102 522568.000 445444.120  14.8%  17.4  185s
H18698  2546                    522518.00000 445444.120  14.8%  17.4  185s
H18725  2546                    522448.00000 445444.120  14.7%  17.4  185s
H18779  2546                    522433.00000 445444.120  14.7%  17.4  185s
H18791  2546                    522313.00000 445444.120  14.7%  17.5  185s
H18794  2618                    522020.00000 445444.120  14.7%  17.5  187s
H18800  2617                    521961.00000 445444.120  14.7%  17.5  187s
H18863  2617                    521949.00000 445444.120  14.7%  17.5  187s
H18917  2677                    521829.00000 445444.120  14.6%  17.6  190s
H19009  2677                    521795.00000 445444.120  14.6%  17.6  190s
H19124  2854                    521735.00000 445444.120  14.6%  17.7  192s
 19322  3005 470498.000  242   70 521735.000 445444.120  14.6%  17.8  195s
 20160  3295 469943.000  276   53 521735.000 445444.120  14.6%  17.7  201s
 20290  3342 487265.000  296   38 521735.000 445444.120  14.6%  17.7  205s
 20678  3519 485245.000  328   15 521735.000 445444.120  14.6%  17.5  211s
 20845  3654 485763.000  340    9 521735.000 445444.120  14.6%  17.5  215s
 21530  3846 510505.000  402  120 521735.000 445444.120  14.6%  17.1  222s
H21623  3846                    521700.00000 445444.120  14.6%  17.1  222s
 22098  3966 510505.000  473  120 521700.000 445444.120  14.6%  16.8  225s
 23313  4143 510505.000  599  120 521700.000 445444.120  14.6%  16.1  233s
 24857  4143 510505.000  795  120 521700.000 445444.120  14.6%  15.1  236s
 25512  4143 510505.000  918  120 521700.000 445444.120  14.6%  14.7  240s
H26626  4143                    521626.00000 445444.120  14.6%  14.1  244s
 26826  4143 510505.000 1056  120 521626.000 445444.120  14.6%  14.0  247s
H26850  4143                    521504.00000 445444.120  14.6%  14.0  247s
H26900  4143                    521465.00000 445444.120  14.6%  13.9  247s
H26975  4143                    521416.00000 445444.120  14.6%  13.9  247s
 27512  4143 510505.000 1132  120 521416.000 445444.120  14.6%  13.6  252s
 28849  4143 510505.000 1224  120 521416.000 445444.120  14.6%  13.0  257s
 29550  4143 510505.000 1276  120 521416.000 445444.120  14.6%  12.7  262s
 29608  4143 510505.000 1277  120 521416.000 445444.120  14.6%  12.7  265s
H30201  4143                    521391.00000 445444.120  14.6%  12.4  265s
H30581  4143                    521385.00000 445444.120  14.6%  12.3  269s
 30628  4143 510505.000 1394  120 521385.000 445444.120  14.6%  12.2  272s
 31518  4143 510505.000 1467  120 521385.000 445444.120  14.6%  11.9  275s
 33536  4143 510505.000 1747  120 521385.000 445444.120  14.6%  11.2  282s
 35056  4143 510505.000 1912  120 521385.000 445444.120  14.6%  10.7  286s
 38314  4143 510505.000 2244  120 521385.000 445444.120  14.6%   9.8  298s
 42605  4143 510505.000 2826  120 521385.000 445444.120  14.6%   8.8  303s
 43357  4143 510505.000 2922  120 521385.000 445444.120  14.6%   8.7  305s
 44317  4143 510505.000 3048  120 521385.000 445444.120  14.6%   8.5  310s
 45496  4143 510505.000 3148  120 521385.000 445444.120  14.6%   8.2  317s
 45678  4143 510505.000 3159  120 521385.000 445444.120  14.6%   8.2  320s
 47676  4143 510505.000 3475  120 521385.000 445444.120  14.6%   7.9  326s
 49168  4143 510505.000 3625  120 521385.000 445444.120  14.6%   7.6  331s
 50403  4143 510505.000 3744  120 521385.000 445444.120  14.6%   7.4  337s
 51587  4143 510505.000 3842  120 521385.000 445444.120  14.6%   7.3  340s
 53389  4143 510505.000 4158  120 521385.000 445444.120  14.6%   7.0  349s
 54849  4143 499796.000 4550  124 521385.000 445444.120  14.6%   6.8  350s
 56495  4143 510505.000 4487  120 521385.000 445444.120  14.6%   6.6  355s
 56826  4143 510505.000 4500  120 521385.000 445444.120  14.6%   6.6  360s

Cutting planes:
  Learned: 22
  Gomory: 1
  Implied bound: 22
  MIR: 93
  Flow cover: 388
  RLT: 2
  Relax-and-lift: 99

Explored 57685 nodes (447225 simplex iterations) in 360.18 seconds (355.61 work units)
Thread count was 16 (of 16 available processors)

Solution count 10: 521385 521391 521416 ... 521829

Time limit reached
Best objective 5.213850000000e+05, best bound 4.454441200326e+05, gap 14.5652%
Warning: constraint name "precedence between 1,0 to 0,0 if x_[j,l,h,z,i]=1" has a space
Warning: constraint name "precedence between 1,0 to 0,0 if x_[j,l,h,z,i]=1" has a space
Warning: default constraint names used to write mps file
