
Gurobi 10.0.1 (win64) logging started Thu Jul 13 17:47:37 2023

Set parameter LogFile to value "results-360s-mipfocus0-integralityfocus1/log/MetalMeca_makespan.log"
Gurobi Optimizer version 10.0.1 build v10.0.1rc0 (win64)

CPU model: AMD Ryzen 7 3700X 8-Core Processor, instruction set [SSE2|AVX|AVX2]
Thread count: 8 physical cores, 16 logical processors, using up to 16 threads

Optimize a model with 18596 rows, 45876 columns and 89198 nonzeros
Model fingerprint: 0x444cce72
Variable types: 0 continuous, 45876 integer (45332 binary)
Coefficient statistics:
  Matrix range     [1e+00, 1e+08]
  Objective range  [1e+00, 1e+00]
  Bounds range     [1e+00, 1e+00]
  RHS range        [1e+00, 3e+08]
Presolve removed 949 rows and 40526 columns
Presolve time: 0.17s
Presolved: 17647 rows, 5350 columns, 77533 nonzeros
Variable types: 0 continuous, 5350 integer (4807 binary)

Root relaxation: objective 2.368020e+06, 2393 iterations, 0.03 seconds (0.06 work units)

    Nodes    |    Current Node    |     Objective Bounds      |     Work
 Expl Unexpl |  Obj  Depth IntInf | Incumbent    BestBd   Gap | It/Node Time

     0     0 2368020.00    0  156          - 2368020.00      -     -    0s
     0     0 2369484.13    0  362          - 2369484.13      -     -    0s
     0     0 2369957.58    0  368          - 2369957.58      -     -    0s
     0     0 2370324.13    0  364          - 2370324.13      -     -    0s
     0     0 2370324.13    0  365          - 2370324.13      -     -    0s
     0     0 2374356.59    0  419          - 2374356.59      -     -    0s
     0     0 2374388.48    0  414          - 2374388.48      -     -    1s
     0     0 2374931.89    0  492          - 2374931.89      -     -    1s
     0     0 2459386.26    0  336          - 2459386.26      -     -    1s
     0     0 2459997.80    0  328          - 2459997.80      -     -    1s
     0     0 2460002.22    0  326          - 2460002.22      -     -    1s
     0     0 2465427.72    0  337          - 2465427.72      -     -    1s
     0     0 2465531.42    0  345          - 2465531.42      -     -    1s
     0     0 2465542.34    0  350          - 2465542.34      -     -    1s
     0     0 2469333.93    0  356          - 2469333.93      -     -    2s
     0     0 2469905.08    0  378          - 2469905.08      -     -    2s
     0     0 2470059.00    0  396          - 2470059.00      -     -    2s
     0     0 2470059.00    0  392          - 2470059.00      -     -    2s
     0     0 2471139.87    0  405          - 2471139.87      -     -    2s
     0     0 2471149.72    0  411          - 2471149.72      -     -    2s
     0     0 2473356.35    0  389          - 2473356.35      -     -    2s
     0     0 2473606.47    0  387          - 2473606.47      -     -    2s
     0     0 2473679.04    0  388          - 2473679.04      -     -    2s
     0     0 2473680.42    0  391          - 2473680.42      -     -    2s
     0     0 2473831.29    0  389          - 2473831.29      -     -    3s
     0     0 2473883.97    0  390          - 2473883.97      -     -    3s
     0     0 2473928.31    0  399          - 2473928.31      -     -    3s
     0     0 2473928.31    0  402          - 2473928.31      -     -    3s
     0     0 2473955.20    0  392          - 2473955.20      -     -    3s
     0     0 2473955.20    0  398          - 2473955.20      -     -    3s
     0     0 2474270.83    0  397          - 2474270.83      -     -    3s
     0     0 2474270.83    0  401          - 2474270.83      -     -    3s
     0     0 2474547.08    0  397          - 2474547.08      -     -    3s
     0     0 2474547.08    0  395          - 2474547.08      -     -    4s
     0     0 2474547.08    0  397          - 2474547.08      -     -    4s
     0     0 2474547.08    0  393          - 2474547.08      -     -    4s
     0     0 2474547.08    0  303          - 2474547.08      -     -    4s
     0     0 2474547.08    0  340          - 2474547.08      -     -    4s
     0     0 2474547.09    0  350          - 2474547.09      -     -    5s
     0     0 2474547.09    0  251          - 2474547.09      -     -    5s
     0     2 2474547.09    0  248          - 2474547.09      -     -    6s
  3049  2828 3023249.00  274    9          - 2480235.33      -  13.7   10s
  7521  3830 2863313.00  241  628          - 2523502.52      -   8.6   15s
  7548  3848 2756818.00  172 1051          - 2550728.85      -   8.6   20s
  7559  3856 2554812.91   79  903          - 2554812.91      -   8.5   25s
  7570  3863 2556848.53   83  967          - 2556848.53      -   8.5   31s
  7581  3870 2592285.39   82 1079          - 2557856.32      -   8.5   35s
  7591  3877 2826678.00  213  913          - 2558173.55      -   8.5   40s
  7601  3884 2634484.00   97 1117          - 2559390.97      -   8.5   45s
  7614  3894 2662022.00  162 1128          - 2559427.95      -  17.0   50s
  7629  3904 2647672.00  163 1065          - 2560770.43      -  17.0   55s
  7640  3911 2634484.00  104  849          - 2561350.07      -  16.9   60s
  7720  3976 2572251.99   35  811          - 2561809.74      -  14.7   65s
H 8037  3975                    1.999763e+10 2561809.74   100%  21.7   69s
H 8045  3793                    3436509.0000 2561809.74  25.5%  21.9   73s
  8073  3815 2576454.00   56  715 3436509.00 2561809.74  25.5%  22.7   76s
H 8105  3663                    3433042.0000 2561809.74  25.4%  23.4   76s
H 8180  3550                    3426863.0000 2561809.74  25.2%  24.5   77s
H 8242  3402                    3397995.0000 2561809.74  24.6%  25.1   77s
H 8288  3318                    3386507.0000 2561809.74  24.4%  25.7   78s
H 8292  3173                    3380734.0000 2561809.74  24.2%  25.8   78s
H 8294  3035                    3373816.0000 2561809.74  24.1%  25.8   78s
H 8359  2938                    3349979.0000 2561809.74  23.5%  26.6   79s
H 8423  2853                    3323126.0000 2561809.74  22.9%  26.8   79s
H 8451  2727                    3314221.0000 2561809.74  22.7%  27.0   79s
  8453  2813 2583768.04   71  649 3314221.00 2561809.74  22.7%  27.0   80s
H 8546  2718                    3295765.0000 2561809.74  22.3%  27.3   81s
H 8548  2611                    3278182.0000 2561809.74  21.9%  27.3   81s
H 8607  2561                    3212247.0000 2561809.74  20.2%  27.5   82s
H 8688  2484                    3193468.0000 2561809.74  19.8%  27.8   83s
  8725  2549 2600690.93   77  656 3193468.00 2561809.74  19.8%  27.8   85s
H 8752  2449                    3186811.0000 2561809.74  19.6%  28.1   85s
H 8808  2345                    3183731.0000 2561809.74  19.5%  28.0   85s
H 8812  2398                    3181711.0000 2561809.74  19.5%  28.1   87s
H 8849  2308                    3171966.0000 2561809.74  19.2%  28.3   87s
H 8955  2214                    3161230.0000 2561809.74  19.0%  28.1   88s
H 8958  2143                    3160729.0000 2561809.74  18.9%  28.1   88s
  9169  2484 2623048.65   87  665 3160729.00 2561809.74  18.9%  28.2   90s
H 9972  2686                    3159647.0000 2561809.74  18.9%  27.4   92s
H 9972  2622                    3157859.0000 2561809.74  18.9%  27.4   92s
 10552  3159 2704755.46  135  389 3157859.00 2561809.74  18.9%  27.1   95s
H11271  3600                    3141950.0000 2561809.74  18.5%  26.4   97s
H11749  4017                    3139031.0000 2561809.74  18.4%  25.7   98s
H12201  4019                    3134349.0000 2561809.74  18.3%  25.2  100s
H12202  4018                    3133302.0000 2561809.74  18.2%  25.2  100s
H12204  4011                    3130539.0000 2561809.74  18.2%  25.2  100s
H12208  3950                    3123832.0000 2561809.74  18.0%  25.2  100s
H13781  5788                    3121668.0000 2561809.74  17.9%  23.7  104s
H13847  5779                    3117248.0000 2561809.74  17.8%  23.6  104s
 14198  6211 2829682.00  366   71 3117248.00 2561809.74  17.8%  23.3  105s
H14685  6147                    3102916.0000 2561809.74  17.4%  23.0  109s
H14686  5990                    3099943.0000 2561809.74  17.4%  23.0  109s
 14693  6323 2832157.77  404   67 3099943.00 2561809.74  17.4%  23.2  110s
H15064  6285                    3098821.0000 2561809.74  17.3%  23.1  111s
 15068  5973 3044887.07  110  740 3098821.00 2561809.74  17.3%  23.1  117s
 15078  5980 2934216.00  158  781 3098821.00 2562749.15  17.3%  23.1  120s
 15092  5989 2585847.59   77  813 3098821.00 2564904.82  17.2%  23.1  125s
H15100  5694                    3095030.0000 2565499.66  17.1%  23.1  128s
H15103  5410                    3094304.0000 2565720.97  17.1%  23.1  128s
H15104  5140                    3092707.0000 2565732.27  17.0%  23.1  129s
 15106  5141 2824463.00  199  725 3092707.00 2565918.02  17.0%  23.1  130s
 15118  4891 2955778.00  252  742 3092707.00 2566282.76  17.0%  23.1  135s
H15120  4651                    3089351.0000 2566282.91  16.9%  25.4  147s
 15201  4712 2575698.44   49  755 3089351.00 2567668.16  16.9%  27.3  150s
H15238  4500                    3089338.0000 2567668.47  16.9%  27.9  150s
H15277  4309                    3088445.0000 2567668.47  16.9%  28.3  151s
H15287  4095                    3086453.0000 2567668.47  16.8%  28.5  151s
H15328  3941                    3086146.0000 2567668.47  16.8%  29.1  155s
H15389  3776                    3085349.0000 2567668.47  16.8%  29.8  157s
H15424  3624                    3084306.0000 2567668.47  16.8%  30.1  158s
H15434  3449                    3083604.0000 2567668.47  16.7%  30.2  158s
H15472  3318                    3083285.0000 2567668.47  16.7%  30.5  160s
H15527  3198                    3082606.0000 2567668.47  16.7%  30.9  161s
H15534  3049                    3080405.0000 2567668.47  16.6%  31.0  161s
 15792  3263 2595052.98   77  672 3080405.00 2567668.47  16.6%  32.8  165s
 16210  3561 2598172.50   85  680 3080405.00 2567668.47  16.6%  34.1  170s
H16366  3454                    3079916.0000 2567668.47  16.6%  35.0  174s
H16367  3321                    3078780.0000 2567668.47  16.6%  35.0  174s
H16368  3194                    3078213.0000 2567668.47  16.6%  35.0  174s
 16470  3404 2601198.97   94  650 3078213.00 2567668.47  16.6%  35.3  175s
H16619  3313                    3076472.0000 2567668.47  16.5%  35.6  177s
H16620  3199                    3076231.0000 2567668.47  16.5%  35.6  177s
 16841  3491 2604108.50  106  620 3076231.00 2567668.47  16.5%  35.9  180s
 18154  4148 2641883.71  141  486 3076231.00 2567668.47  16.5%  36.2  186s
 19627  5149 2671179.68  176  308 3076231.00 2567668.47  16.5%  34.9  191s
 20209  5302 2699154.65  191  278 3076231.00 2567668.47  16.5%  34.9  195s
H20803  5803                    3076097.0000 2567668.47  16.5%  34.5  199s
H20868  5679                    3075777.0000 2567668.47  16.5%  34.6  199s
H20987  5661                    3075675.0000 2567668.47  16.5%  34.6  199s
 21088  5962 3017687.81  302  120 3075675.00 2568270.86  16.5%  34.7  201s
H21856  6318                    3075504.0000 2568270.86  16.5%  34.9  202s
 22096  6730 2584495.69   72  653 3075504.00 2568270.86  16.5%  35.1  205s
 22936  7439 2572673.76   62  677 3075504.00 2568775.37  16.5%  37.2  210s
H23089  7439                    3075449.0000 2568775.37  16.5%  37.4  210s
H23348  7650                    3075381.0000 2568775.37  16.5%  37.5  214s
 23442  8074 2587134.11   71  632 3075381.00 2568775.37  16.5%  37.8  216s
 24422  9249 2593115.88   80  615 3075381.00 2568775.37  16.5%  37.9  220s
H24439  9249                    3075338.0000 2568775.37  16.5%  38.1  220s
H24841  9249                    3074723.0000 2568775.37  16.5%  37.8  220s
H25303  9782                    3074515.0000 2568775.37  16.4%  37.7  223s
 25781 10350 2608593.14   89  541 3074515.00 2568775.37  16.4%  37.7  225s
H26793 10911                    3074410.0000 2568775.37  16.4%  37.8  228s
H27052 10919                    3074320.0000 2568775.37  16.4%  37.8  232s
H27053 10919                    3074202.0000 2568775.37  16.4%  37.8  232s
H27059 10919                    3074074.0000 2568775.37  16.4%  37.8  232s
 27060 11149 3043390.10  167  202 3074074.00 2569095.32  16.4%  37.8  235s
H27593 11704                    3073929.0000 2569095.81  16.4%  39.0  239s
 27914 12577 2617857.54  105  519 3073929.00 2569095.81  16.4%  39.1  242s
 28880 13447 2694139.80  161  278 3073929.00 2569095.81  16.4%  38.6  245s
H29167 13445                    3073310.0000 2569095.81  16.4%  38.4  245s
H30879 14362                    3073244.0000 2569594.92  16.4%  38.3  253s
H30884 14362                    3073238.0000 2569594.92  16.4%  38.3  253s
 30920 14968 2580130.74   66  637 3073238.00 2569594.92  16.4%  38.3  256s
 32193 16109 2589215.90   67  636 3073238.00 2569696.10  16.4%  38.9  262s
H32219 16109                    3072979.0000 2569696.10  16.4%  39.0  262s
 32933 16785 2746528.00   93  534 3072979.00 2569777.02  16.4%  39.3  265s
H33727 17361                    3072798.0000 2569804.80  16.4%  39.7  267s
H33820 17355                    3072129.0000 2569809.65  16.4%  39.7  267s
 34397 18364 2599155.72   65  683 3072129.00 2569841.66  16.3%  40.3  271s
H35487 18400                    3072093.0000 2569841.66  16.3%  40.4  277s
H35539 18399                    3072016.0000 2569841.66  16.3%  40.3  277s
H35541 18398                    3071983.0000 2569841.66  16.3%  40.3  277s
H35543 18398                    3071944.0000 2569841.66  16.3%  40.3  277s
 35570 18798     cutoff  169      3071944.00 2569904.70  16.3%  40.4  280s
H36070 18794                    3071733.0000 2569904.70  16.3%  41.2  297s
 36078 19614 2839901.64   92  347 3071733.00 2569938.21  16.3%  41.3  301s
 36984 20243 2989980.70  113  322 3071733.00 2569956.26  16.3%  41.7  306s
 37815 20986 2595074.55   71  627 3071733.00 2570060.98  16.3%  41.9  310s
H37910 20985                    3071510.0000 2570060.98  16.3%  42.0  310s
H38163 20970                    3070182.0000 2570077.65  16.3%  42.1  310s
H38757 21245                    3070037.0000 2570125.91  16.3%  42.3  314s
H38792 21245                    3069959.0000 2570125.91  16.3%  42.4  314s
H38962 21224                    3068832.0000 2570125.91  16.3%  42.6  314s
 39034 23198 2621591.99   96  517 3068832.00 2570131.27  16.3%  42.7  320s
H39161 23196                    3068810.0000 2570131.27  16.2%  42.6  320s
H41559 23845                    3068799.0000 2570131.27  16.2%  41.3  324s
H41868 23842                    3068655.0000 2570131.27  16.2%  41.4  324s
H41947 23833                    3068385.0000 2570131.27  16.2%  41.4  324s
 42031 24372 2918990.44  112  344 3068385.00 2570134.10  16.2%  41.5  327s
 42696 24976 2607026.93   79  602 3068385.00 2570308.33  16.2%  41.9  330s
H43756 25537                    3068162.0000 2570336.83  16.2%  42.4  334s
 44160 26140 2575337.77   58  702 3068162.00 2570336.83  16.2%  42.6  337s

Cutting planes:
  Learned: 25
  Gomory: 55
  Implied bound: 45
  MIR: 769
  Flow cover: 1876
  Inf proof: 329
  Zero half: 5
  RLT: 30
  Relax-and-lift: 464

Explored 44907 nodes (2005288 simplex iterations) in 360.23 seconds (459.50 work units)
Thread count was 16 (of 16 available processors)

Solution count 10: 3.06816e+06 3.06839e+06 3.06866e+06 ... 3.07151e+06

Time limit reached
Best objective 3.068162000000e+06, best bound 2.570336827354e+06, gap 16.2255%
Warning: constraint name "precedence between 1,0 to 0,0 if x_[j,l,h,z,i]=1" has a space
Warning: constraint name "precedence between 1,0 to 0,0 if x_[j,l,h,z,i]=1" has a space
Warning: default constraint names used to write mps file
