
Gurobi 10.0.1 (win64) logging started Thu Jul 13 17:37:37 2023

Set parameter LogFile to value "results-360s-mipfocus3/log/MetalMeca_makespan.log"
Gurobi Optimizer version 10.0.1 build v10.0.1rc0 (win64)

CPU model: AMD Ryzen 7 3700X 8-Core Processor, instruction set [SSE2|AVX|AVX2]
Thread count: 8 physical cores, 16 logical processors, using up to 16 threads

Optimize a model with 18596 rows, 45876 columns and 89198 nonzeros
Model fingerprint: 0x444cce72
Variable types: 0 continuous, 45876 integer (45332 binary)
Coefficient statistics:
  Matrix range     [1e+00, 1e+08]
  Objective range  [1e+00, 1e+00]
  Bounds range     [1e+00, 1e+00]
  RHS range        [1e+00, 3e+08]
Presolve removed 949 rows and 40526 columns
Presolve time: 0.20s
Presolved: 17647 rows, 5350 columns, 77533 nonzeros
Variable types: 0 continuous, 5350 integer (4807 binary)
Root relaxation presolve removed 73 rows and 0 columns
Root relaxation presolved: 17574 rows, 5423 columns, 77387 nonzeros


Root relaxation: objective 2.368020e+06, 2835 iterations, 0.09 seconds (0.10 work units)

    Nodes    |    Current Node    |     Objective Bounds      |     Work
 Expl Unexpl |  Obj  Depth IntInf | Incumbent    BestBd   Gap | It/Node Time

     0     0 2368020.00    0  365          - 2368020.00      -     -    0s
     0     0 2382164.63    0  649          - 2382164.63      -     -    2s
     0     0 2474779.39    0  644          - 2474779.39      -     -    2s
     0     0 2474779.39    0  621          - 2474779.39      -     -    2s
     0     0 2474779.39    0  615          - 2474779.39      -     -    2s
     0     0 2474779.39    0  618          - 2474779.39      -     -    2s
     0     0 2474779.39    0  613          - 2474779.39      -     -    2s
     0     0 2474779.39    0  618          - 2474779.39      -     -    2s
     0     0 2524342.55    0  561          - 2524342.55      -     -    4s
     0     0 2525915.14    0  561          - 2525915.14      -     -    4s
     0     0 2526046.13    0  541          - 2526046.13      -     -    4s
     0     0 2526192.10    0  542          - 2526192.10      -     -    4s
     0     0 2526225.27    0  530          - 2526225.27      -     -    4s
     0     0 2526234.47    0  539          - 2526234.47      -     -    4s
     0     0 2530263.14    0  550          - 2530263.14      -     -    5s
     0     0 2531968.64    0  587          - 2531968.64      -     -    5s
     0     0 2532357.14    0  616          - 2532357.14      -     -    5s
     0     0 2532378.00    0  602          - 2532378.00      -     -    5s
     0     0 2534130.17    0  582          - 2534130.17      -     -    6s
     0     0 2534326.25    0  625          - 2534326.25      -     -    6s
     0     0 2534446.50    0  618          - 2534446.50      -     -    6s
     0     0 2534492.83    0  611          - 2534492.83      -     -    7s
     0     0 2534515.05    0  627          - 2534515.05      -     -    7s
     0     0 2536540.18    0  635          - 2536540.18      -     -    7s
     0     0 2538053.97    0  709          - 2538053.97      -     -    7s
     0     0 2539410.26    0  717          - 2539410.26      -     -    7s
     0     0 2540249.88    0  713          - 2540249.88      -     -    8s
     0     0 2540461.01    0  713          - 2540461.01      -     -    8s
     0     0 2540757.54    0  725          - 2540757.54      -     -    8s
     0     0 2540945.90    0  717          - 2540945.90      -     -    8s
     0     0 2540990.98    0  722          - 2540990.98      -     -    8s
     0     0 2541000.49    0  722          - 2541000.49      -     -    8s
     0     0 2543861.70    0  709          - 2543861.70      -     -    9s
     0     0 2544641.80    0  739          - 2544641.80      -     -    9s
     0     0 2545004.69    0  735          - 2545004.69      -     -    9s
     0     0 2545292.86    0  743          - 2545292.86      -     -    9s
     0     0 2545321.43    0  731          - 2545321.43      -     -    9s
     0     0 2547462.23    0  765          - 2547462.23      -     -   10s
     0     0 2547755.87    0  777          - 2547755.87      -     -   11s
     0     0 2547837.97    0  766          - 2547837.97      -     -   11s
     0     0 2547885.22    0  791          - 2547885.22      -     -   11s
     0     0 2547905.56    0  774          - 2547905.56      -     -   11s
     0     0 2549180.64    0  766          - 2549180.64      -     -   13s
     0     0 2549421.59    0  790          - 2549421.59      -     -   13s
     0     0 2549652.88    0  770          - 2549652.88      -     -   13s
     0     0 2549682.16    0  776          - 2549682.16      -     -   13s
     0     0 2550825.46    0  768          - 2550825.46      -     -   15s
     0     0 2551056.00    0  782          - 2551056.00      -     -   15s
     0     0 2551159.88    0  805          - 2551159.88      -     -   15s
     0     0 2551250.32    0  797          - 2551250.32      -     -   15s
     0     0 2551284.51    0  797          - 2551284.51      -     -   15s
     0     0 2552995.20    0  802          - 2552995.20      -     -   17s
     0     0 2553290.20    0  836          - 2553290.20      -     -   17s
     0     0 2553337.44    0  813          - 2553337.44      -     -   17s
     0     0 2553358.16    0  826          - 2553358.16      -     -   17s
     0     0 2554101.53    0  795          - 2554101.53      -     -   19s
     0     0 2554198.62    0  823          - 2554198.62      -     -   20s
     0     0 2554247.80    0  804          - 2554247.80      -     -   20s
     0     0 2554269.57    0  828          - 2554269.57      -     -   20s
     0     0 2554738.62    0  797          - 2554738.62      -     -   22s
     0     0 2554972.65    0  838          - 2554972.65      -     -   22s
     0     0 2555041.22    0  809          - 2555041.22      -     -   22s
     0     0 2555069.13    0  822          - 2555069.13      -     -   22s
     0     0 2555340.20    0  760          - 2555340.20      -     -   25s
     0     0 2555468.00    0  778          - 2555468.00      -     -   25s
     0     0 2555492.71    0  767          - 2555492.71      -     -   25s
     0     0 2555800.55    0  784          - 2555800.55      -     -   27s
     0     0 2555868.96    0  775          - 2555868.96      -     -   27s
     0     0 2555876.06    0  787          - 2555876.06      -     -   27s
     0     0 2556249.68    0  758          - 2556249.68      -     -   30s
     0     0 2556389.67    0  782          - 2556389.67      -     -   30s
     0     0 2556442.50    0  792          - 2556442.50      -     -   31s
     0     0 2556468.10    0  797          - 2556468.10      -     -   31s
     0     0 2557078.57    0  806          - 2557078.57      -     -   34s
     0     0 2557225.03    0  792          - 2557225.03      -     -   34s
     0     0 2557269.53    0  793          - 2557269.53      -     -   34s
     0     0 2557306.92    0  793          - 2557306.92      -     -   34s
     0     0 2557756.32    0  811          - 2557756.32      -     -   37s
     0     0 2557892.68    0  806          - 2557892.68      -     -   38s
     0     0 2557946.90    0  800          - 2557946.90      -     -   39s
     0     0 2557968.79    0  833          - 2557968.79      -     -   39s
     0     0 2558170.20    0  806          - 2558170.20      -     -   42s
     0     0 2558256.35    0  809          - 2558256.35      -     -   42s
     0     0 2558285.39    0  814          - 2558285.39      -     -   43s
     0     0 2558404.37    0  815          - 2558404.37      -     -   44s
     0     0 2558404.37    0  808          - 2558404.37      -     -   45s
     0     2 2558404.37    0  808          - 2558404.37      -     -   46s
    71    76 2575134.08   10  712          - 2560609.10      -   517   50s
   293   312 2566513.81   17  752          - 2561567.72      -   386   55s
   863   983 2562394.62   14  747          - 2562232.30      -   239   60s
  1476  1444 2564674.56    5  653          - 2562471.76      -   196   65s
  1486  1451 2563669.85   33 1297          - 2562471.76      -   195   72s
  1490  1454 2563531.29   26 1324          - 2562471.76      -   194   76s
  1495  1457 2564340.97   15 1331          - 2562471.76      -   193   81s
  1500  1460 2564976.65   33 1371          - 2562471.76      -   193   86s
  1505  1464 2569027.43   22 1349          - 2562471.76      -   192   91s
  1510  1467 2567484.29   17 1330          - 2562471.76      -   191   95s
  1515  1470 2562873.71    5 1429          - 2562471.76      -   191  101s
  1518  1472 2564008.60   13 1441          - 2562471.76      -   190  105s
  1522  1475 2564583.42   28 1398          - 2562471.76      -   190  111s
  1525  1477 2567403.82   24 1392          - 2562471.76      -   190  115s
  1530  1485 2569335.73   11 1273          - 2562471.76      -  28.9  120s
  1582  1524 2564403.30   18 1294          - 2563896.07      -  38.0  125s
H 1619  1473                    1.250014e+10 2564271.65   100%  47.4  127s
  1626  1478 2566924.42   20 1286 1.2500e+10 2564327.22   100%  49.1  130s
  1650  1494 2573830.22   16 1548 1.2500e+10 2564671.27   100%  73.0  135s
H 1666  1434                    1.080059e+10 2565333.27   100%  97.8  140s
  1690  1450 2571443.46   14 1502 1.0801e+10 2566053.47   100%   138  146s
  1706  1461 2579902.92   22 1343 1.0801e+10 2567076.97   100%   167  150s
H 1707  1392                    9.600872e+09 2567076.97   100%   167  150s
  1730  1414 2569204.78   18 1535 9.6009e+09 2568870.62   100%   200  157s
H 1747  1353                    7.401428e+09 2569061.46   100%   215  159s
  1752  1361 2593313.77   18 1374 7.4014e+09 2569146.77   100%   226  161s
H 1780  1317                    5.202008e+09 2569449.68   100%   243  166s
H 1781  1259                    3826910.0000 2569464.71  32.9%   244  166s
  1804  1301 2570802.27   25 1465 3826910.00 2569883.63  32.8%   259  170s
H 1838  1244                    3431332.0000 2570052.29  25.1%   262  174s
H 1839  1191                    3302601.0000 2570068.02  22.2%   262  174s
  1847  1225 2571598.12   29 1358 3302601.00 2570118.36  22.2%   268  178s
H 1883  1171                    3211674.0000 2570217.83  20.0%   269  182s
  1891  1191 2577891.94   17 1568 3211674.00 2570306.58  20.0%   279  186s
  1914  1233 2571552.43   32 1443 3211674.00 2570428.25  20.0%   286  190s
H 1916  1186                    3184477.0000 2570428.25  19.3%   286  190s
H 1959  1126                    3172569.0000 2570542.13  19.0%   287  190s
H 1964  1091                    3163067.0000 2570543.99  18.7%   288  207s
H 1970  1048                    3162810.0000 2570607.72  18.7%   292  207s
  1972  1106 2571514.51   22 1422 3162810.00 2570626.16  18.7%   294  210s
H 1975  1067                    3146723.0000 2570626.16  18.3%   293  210s
H 2031  1082                    3141250.0000 2570663.67  18.2%   293  214s
H 2038  1045                    3134382.0000 2570668.64  18.0%   294  214s
H 2080   998                    3130942.0000 2570802.38  17.9%   293  214s
  2101  1047 2571897.60   34 1338 3130942.00 2570888.73  17.9%   293  218s
H 2157  1025                    3125642.0000 2571011.68  17.7%   295  223s
H 2164   993                    3124404.0000 2571013.30  17.7%   295  223s
  2187  1059 2571721.74   22 1420 3124404.00 2571172.10  17.7%   300  229s
H 2261  1048                    3120971.0000 2571224.62  17.6%   301  234s
H 2265  1019                    3119857.0000 2571236.96  17.6%   303  234s
H 2277   990                    3113272.0000 2571257.42  17.4%   302  234s
  2302  1080 2572495.91   26 1373 3113272.00 2571359.21  17.4%   305  239s
H 2400  1064                    3108936.0000 2571395.63  17.3%   302  244s
H 2413  1037                    3107225.0000 2571515.32  17.2%   305  244s
  2442  1117 2571517.04   21 1492 3107225.00 2571517.04  17.2%   304  250s
H 2480  1083                    3104448.0000 2571556.50  17.2%   302  250s
H 2494  1058                    3098432.0000 2571556.50  17.0%   301  250s
  2717  1323 2572018.72   32 1407 3098432.00 2571715.04  17.0%   287  258s
  2859  1471 2572903.76   34 1403 3098432.00 2571795.55  17.0%   280  260s
  3129  1723 2572113.24   39 1287 3098432.00 2571911.98  17.0%   267  267s
  3263  1854 2574006.84   31 1304 3098432.00 2572006.16  17.0%   264  270s
H 3394  1862                    3089804.0000 2572073.29  16.8%   262  292s
H 3396  1862                    3086485.0000 2572088.09  16.7%   262  293s
  3402  1949 2572436.28   40 1306 3086485.00 2572121.21  16.7%   263  299s
  3493  2249 2572158.20   36 1361 3086485.00 2572147.54  16.7%   264  306s
  3794  2723 2575251.55   38 1387 3086485.00 2572158.20  16.7%   254  312s
  4270  3117 2575663.77   24 1425 3086485.00 2572314.17  16.7%   239  317s
H 4668  3623                    3086050.0000 2572349.46  16.6%   232  322s
  5185  4180 2572938.46   39 1359 3086050.00 2572385.01  16.6%   222  328s
H 5745  4660                    3085541.0000 2572396.22  16.6%   212  332s
  6229  5126 2580315.05   31 1353 3085541.00 2572436.28  16.6%   207  337s
  6702  5565 2573476.80   24 1346 3085541.00 2572489.04  16.6%   202  343s
H 7147  6156                    3079761.0000 2572566.24  16.5%   198  349s
H 7354  6156                    3077084.0000 2572583.32  16.4%   195  349s
  7747  6620 2572915.46   28 1349 3077084.00 2572620.76  16.4%   192  356s
H 8056  6620                    3075047.0000 2572651.82  16.3%   190  356s
  8218  6935 2574299.30   23 1367 3075047.00 2572675.21  16.3%   189  360s

Cutting planes:
  Learned: 35
  Gomory: 41
  Implied bound: 100
  Projected implied bound: 2
  Clique: 3
  MIR: 754
  Flow cover: 5329
  Flow path: 5
  Inf proof: 92
  Zero half: 45
  RLT: 64
  Relax-and-lift: 1649

Explored 8535 nodes (1943967 simplex iterations) in 360.16 seconds (683.99 work units)
Thread count was 16 (of 16 available processors)

Solution count 10: 3.07505e+06 3.07708e+06 3.07976e+06 ... 3.10723e+06

Time limit reached
Best objective 3.075047000000e+06, best bound 2.572704701091e+06, gap 16.3361%
Warning: constraint name "precedence between 1,0 to 0,0 if x_[j,l,h,z,i]=1" has a space
Warning: constraint name "precedence between 1,0 to 0,0 if x_[j,l,h,z,i]=1" has a space
Warning: default constraint names used to write mps file
