
Gurobi 10.0.1 (win64) logging started Fri Jun  2 12:27:04 2023

Set parameter LogFile to value "results/log/Fattahi_setup_16_modified_deadline.log"
Gurobi Optimizer version 10.0.1 build v10.0.1rc0 (win64)

CPU model: AMD Ryzen 7 3700X 8-Core Processor, instruction set [SSE2|AVX|AVX2]
Thread count: 8 physical cores, 16 logical processors, using up to 16 threads

Optimize a model with 853 rows, 763 columns and 3400 nonzeros
Model fingerprint: 0x2d521ce5
Model has 1 quadratic constraint
Variable types: 0 continuous, 763 integer (700 binary)
Coefficient statistics:
  Matrix range     [1e+00, 1e+09]
  QMatrix range    [1e+00, 1e+00]
  QLMatrix range   [1e+00, 2e+02]
  Objective range  [1e+00, 1e+00]
  Bounds range     [1e+00, 1e+00]
  RHS range        [1e+00, 3e+09]
Warning: Model contains large matrix coefficients
Warning: Model contains large rhs
         Consider reformulating model or setting NumericFocus parameter
         to avoid numerical issues.
Presolve removed 165 rows and 474 columns
Presolve time: 0.01s
Presolved: 735 rows, 358 columns, 3178 nonzeros
Presolved model has 46 SOS constraint(s)
Variable types: 0 continuous, 358 integer (249 binary)

Root relaxation: objective 2.395000e+03, 119 iterations, 0.00 seconds (0.00 work units)

    Nodes    |    Current Node    |     Objective Bounds      |     Work
 Expl Unexpl |  Obj  Depth IntInf | Incumbent    BestBd   Gap | It/Node Time

     0     0 2395.00009    0   66          - 2395.00009      -     -    0s
H    0     0                    5965.0000000 2395.00009  59.8%     -    0s
H    0     0                    5963.0000000 2395.00009  59.8%     -    0s
H    0     0                    4949.0000000 2395.00009  51.6%     -    0s
     0     0 2395.00009    0   68 4949.00000 2395.00009  51.6%     -    0s
     0     0 2421.24912    0   66 4949.00000 2421.24912  51.1%     -    0s
     0     0 2421.24912    0   66 4949.00000 2421.24912  51.1%     -    0s
H    0     0                    4841.0000000 2421.24912  50.0%     -    0s
     0     0 2495.21723    0   48 4841.00000 2495.21723  48.5%     -    0s
H    0     0                    4839.0000000 2495.21723  48.4%     -    0s
H    0     0                    4758.0000000 2495.21723  47.6%     -    0s
     0     0 2495.21723    0   53 4758.00000 2495.21723  47.6%     -    0s
     0     0 2495.21723    0   54 4758.00000 2495.21723  47.6%     -    0s
H    0     0                    4744.0000000 2495.21723  47.4%     -    0s
H    0     0                    4678.0000000 2495.21723  46.7%     -    0s
     0     0 2507.81618    0   45 4678.00000 2507.81618  46.4%     -    0s
H    0     0                    4482.0000000 2507.81618  44.0%     -    0s
     0     0 2511.82633    0   61 4482.00000 2511.82633  44.0%     -    0s
     0     0 2511.82633    0   61 4482.00000 2511.82633  44.0%     -    0s
H    0     0                    4395.0000000 2511.82633  42.8%     -    0s
     0     0 2526.61048    0   50 4395.00000 2526.61048  42.5%     -    0s
     0     0 2527.89309    0   53 4395.00000 2527.89309  42.5%     -    0s
     0     0 2527.89309    0   48 4395.00000 2527.89309  42.5%     -    0s
     0     0 2527.89309    0   48 4395.00000 2527.89309  42.5%     -    0s
     0     0 2527.89309    0   48 4395.00000 2527.89309  42.5%     -    0s
     0     0 2527.89309    0   48 4395.00000 2527.89309  42.5%     -    0s
     0     0 2527.89309    0   48 4395.00000 2527.89309  42.5%     -    0s
H    0     0                    4331.0000000 2527.89309  41.6%     -    0s
     0     0 2527.89309    0   48 4331.00000 2527.89309  41.6%     -    0s
     0     0 2527.89309    0   48 4331.00000 2527.89309  41.6%     -    0s
     0     0 2527.89309    0   48 4331.00000 2527.89309  41.6%     -    0s
     0     0 2528.00000    0   52 4331.00000 2528.00000  41.6%     -    0s
H    0     0                    3793.0000000 2528.00000  33.4%     -    0s
     0     2 2528.00000    0   25 3793.00000 2528.00000  33.4%     -    0s
H  656   456                    3766.0000000 2556.50289  32.1%   8.6    0s
H 3441  1762                    3683.0000000 2678.00000  27.3%   9.0    1s
 44005 18806 3206.00000   41   22 3683.00000 2775.00000  24.7%   6.8    5s
 155468 63722 3539.97861   49   26 3683.00000 2862.38946  22.3%   6.6   10s
 256143 100411 infeasible   49      3683.00000 2901.04652  21.2%   6.7   15s
 360801 137646 3349.15695   54   19 3683.00000 2927.30532  20.5%   6.6   20s
H466122 168799                    3633.0000000 2950.00000  18.8%   6.6   24s
 471921 172060 3425.46901   54   17 3633.00000 2951.00000  18.8%   6.6   25s
H549583 193159                    3629.0000000 2965.00000  18.3%   6.6   28s
H552032 191853                    3615.0000000 2965.77229  18.0%   6.7   28s
 576880 199167 3534.98852   58   17 3615.00000 2970.00000  17.8%   6.7   30s
 677595 224891 infeasible   53      3615.00000 2986.67010  17.4%   6.7   35s
 774409 249288 3573.00000   59    7 3615.00000 3000.66195  17.0%   6.7   40s
 855464 268278 infeasible   49      3615.00000 3010.59469  16.7%   6.7   45s
 949826 291039 3477.00000   46   13 3615.00000 3021.85857  16.4%   6.7   50s
 1048943 313044 infeasible   51      3615.00000 3032.37645  16.1%   6.7   55s
 1137757 331649 infeasible   49      3615.00000 3041.40594  15.9%   6.7   60s
 1244104 353909 infeasible   57      3615.00000 3051.64979  15.6%   6.7   65s
 1344485 375388 infeasible   47      3615.00000 3060.86760  15.3%   6.7   70s
H1418788 385248                    3600.0000000 3067.00000  14.8%   6.7   73s
 1448379 391659 infeasible   51      3600.00000 3069.60929  14.7%   6.7   75s
 1546358 410282 infeasible   54      3600.00000 3077.69312  14.5%   6.7   80s
 1649505 427082 3577.00000   46   12 3600.00000 3085.55757  14.3%   6.7   85s
 1761113 446067 3556.54310   53   13 3600.00000 3093.58703  14.1%   6.7   90s
 1859868 462520 3334.00000   55   12 3600.00000 3100.00000  13.9%   6.7   95s
 1960639 479357 infeasible   48      3600.00000 3107.00000  13.7%   6.7  100s
 2062367 495081 infeasible   54      3600.00000 3113.62880  13.5%   6.7  105s
 2162142 510032 3495.60000   50   13 3600.00000 3120.00000  13.3%   6.7  110s
 2258318 524142 3264.06406   46   16 3600.00000 3126.00000  13.2%   6.7  115s
 2354933 537919 infeasible   57      3600.00000 3132.00000  13.0%   6.7  120s
 2452248 551460 3554.00000   46   13 3600.00000 3137.66667  12.8%   6.7  125s
 2543980 564134 3422.00000   52   16 3600.00000 3143.09350  12.7%   6.7  130s
 2631015 576132 3488.01779   51   23 3600.00000 3148.00000  12.6%   6.7  135s
 2729298 588192 3298.00000   52   10 3600.00000 3153.22761  12.4%   6.7  140s
 2817449 599334 infeasible   45      3600.00000 3158.00000  12.3%   6.7  145s
 2907271 610730 3527.81804   53   18 3600.00000 3162.80178  12.1%   6.7  150s
 2996085 621678 infeasible   51      3600.00000 3167.15187  12.0%   6.7  155s
 3085766 632497 3373.61883   50   14 3600.00000 3171.44220  11.9%   6.7  160s
 3166023 642302 infeasible   58      3600.00000 3175.51487  11.8%   6.7  165s
 3244915 650789 infeasible   55      3600.00000 3179.00000  11.7%   6.7  170s
 3308619 657623 infeasible   50      3600.00000 3182.00000  11.6%   6.7  175s
 3385497 665561 3199.77436   50   24 3600.00000 3185.77143  11.5%   6.7  180s
 3482072 676715 infeasible   57      3600.00000 3189.98308  11.4%   6.7  185s
 3572925 685907 3298.00000   54   10 3600.00000 3194.00000  11.3%   6.7  190s
 3650036 693771 infeasible   56      3600.00000 3197.04046  11.2%   6.7  195s
 3733530 702000 infeasible   65      3600.00000 3200.91193  11.1%   6.7  200s
 3816944 709649 3447.51344   55   16 3600.00000 3204.35450  11.0%   6.7  205s
 3907242 718497 infeasible   49      3600.00000 3208.00000  10.9%   6.7  210s
 3992166 726442 3524.33333   49   14 3600.00000 3211.50500  10.8%   6.7  215s
 4083916 734948 3518.00000   48   11 3600.00000 3215.00000  10.7%   6.7  220s
 4171537 742372 infeasible   51      3600.00000 3218.78571  10.6%   6.7  225s
 4259295 748995 3279.00000   44   21 3600.00000 3222.09827  10.5%   6.7  230s
 4345123 756018 infeasible   53      3600.00000 3225.69767  10.4%   6.7  235s
 4425324 761972 infeasible   56      3600.00000 3228.82166  10.3%   6.6  240s
 4510739 768151 infeasible   61      3600.00000 3232.00000  10.2%   6.6  245s
 4598540 774811 3235.61883   49   19 3600.00000 3235.20981  10.1%   6.6  250s
 4685831 780409 3243.00000   48   16 3600.00000 3238.90633  10.0%   6.6  255s
 4782127 786706 infeasible   59      3600.00000 3242.02620  9.94%   6.6  260s
 4868333 792343 infeasible   54      3600.00000 3245.37603  9.85%   6.6  265s
 4965768 798759 infeasible   51      3600.00000 3249.00000  9.75%   6.6  270s
 5051235 802817 infeasible   54      3600.00000 3252.00000  9.67%   6.6  275s
 5146317 808684 3549.00000   56    6 3600.00000 3255.40000  9.57%   6.6  280s
 5232804 812994 3535.68555   52   23 3600.00000 3258.50183  9.49%   6.6  285s
 5324093 817587 infeasible   54      3600.00000 3261.85916  9.39%   6.6  290s
 5408388 821786 3278.57542   51   35 3600.00000 3264.69114  9.31%   6.6  295s
 5500871 825607 infeasible   59      3600.00000 3267.88917  9.23%   6.6  300s
 5593001 829617 infeasible   56      3600.00000 3271.00000  9.14%   6.6  305s
 5681945 833412 3378.00000   55    8 3600.00000 3274.00000  9.06%   6.6  310s
 5771032 836312 3496.30189   62   13 3600.00000 3277.00000  8.97%   6.6  315s
 5850094 838425 3497.28790   52   21 3600.00000 3279.49776  8.90%   6.6  320s
 5943332 841481 3471.70212   53   18 3600.00000 3282.27584  8.83%   6.6  325s
 6028041 843581 infeasible   49      3600.00000 3285.00000  8.75%   6.6  330s
 6107527 845139 3372.00000   56   13 3600.00000 3288.00000  8.67%   6.6  335s
 6195049 847180 3486.00000   50    8 3600.00000 3290.71958  8.59%   6.6  340s
 6282005 848190 3547.06990   52   18 3600.00000 3293.33982  8.52%   6.6  345s
 6366020 849529 3501.00000   59   14 3600.00000 3296.00000  8.44%   6.6  350s
 6450835 851513 infeasible   53      3600.00000 3298.68166  8.37%   6.6  355s
 6532285 851783 infeasible   50      3600.00000 3301.00000  8.31%   6.6  360s
 6618377 852903 infeasible   45      3600.00000 3303.77778  8.23%   6.6  365s
 6702879 853335 infeasible   47      3600.00000 3306.00000  8.17%   6.6  370s
 6789898 853373 3404.00000   52   12 3600.00000 3309.00000  8.08%   6.6  375s
 6876677 852797 3409.75000   54   17 3600.00000 3311.74782  8.01%   6.6  380s
 6965236 852315 3523.00000   59   11 3600.00000 3314.42179  7.93%   6.6  385s
 7053589 852063 3368.00000   51   18 3600.00000 3317.00000  7.86%   6.6  390s
 7140039 851257 3456.00000   57   14 3600.00000 3319.78303  7.78%   6.6  395s
 7226366 850620 3405.00000   51   13 3600.00000 3322.00000  7.72%   6.6  400s
 7314489 848869 3435.77778   58   10 3600.00000 3325.00000  7.64%   6.6  405s
 7406053 847403 3355.14780   49   24 3600.00000 3327.67134  7.56%   6.5  410s
 7495184 845172 3512.22058   48   33 3600.00000 3330.03017  7.50%   6.5  415s
 7579426 842932 3507.33333   46   11 3600.00000 3333.00000  7.42%   6.5  420s
 7664923 841001 3469.10593   50   16 3600.00000 3335.08143  7.36%   6.5  425s
 7751565 839336 3521.00000   50   10 3600.00000 3338.00000  7.28%   6.5  430s
 7833828 836408 3357.21702   48   17 3600.00000 3340.27511  7.21%   6.5  435s
 7919342 834012 3344.30189   57   11 3600.00000 3343.00000  7.14%   6.5  440s
 8003135 831270 3487.61883   54   24 3600.00000 3345.00000  7.08%   6.5  445s
 8093772 827824 infeasible   59      3600.00000 3348.00000  7.00%   6.5  450s
 8175096 825004 3431.00000   56   14 3600.00000 3350.15224  6.94%   6.5  455s
 8258907 821634 3465.00000   57   14 3600.00000 3353.00000  6.86%   6.5  460s
 8346925 817697 infeasible   50      3600.00000 3355.18649  6.80%   6.5  465s
 8430467 814307 infeasible   51      3600.00000 3358.00000  6.72%   6.5  470s
 8518658 810016 infeasible   53      3600.00000 3360.09827  6.66%   6.5  475s
 8597415 806279 3459.00000   58    6 3600.00000 3362.69143  6.59%   6.5  480s
 8678418 802117 3402.25157   64   14 3600.00000 3365.00000  6.53%   6.5  485s
 8769206 797138 infeasible   47      3600.00000 3367.41643  6.46%   6.5  490s
 8853534 792271 3525.00000   52    7 3600.00000 3370.00000  6.39%   6.5  495s
 8943175 787178 infeasible   53      3600.00000 3372.22752  6.33%   6.5  500s
 9026437 781597 3384.00000   54   13 3600.00000 3375.00000  6.25%   6.5  505s
 9107771 776559 3459.14815   53   14 3600.00000 3377.00000  6.19%   6.5  510s
 9195240 770674 3379.71387   55   20 3600.00000 3379.45031  6.13%   6.4  515s
 9279558 764878 infeasible   58      3600.00000 3382.00000  6.06%   6.4  520s
 9362628 759320 infeasible   57      3600.00000 3384.00000  6.00%   6.4  525s
 9452819 751990 infeasible   55      3600.00000 3387.00000  5.92%   6.4  530s
 9535604 744998 infeasible   53      3600.00000 3389.00000  5.86%   6.4  535s
 9623801 737208 infeasible   57      3600.00000 3392.00000  5.78%   6.4  540s
 9713070 730123 3409.25520   50   16 3600.00000 3394.47063  5.71%   6.4  545s
 9794299 722842 infeasible   51      3600.00000 3397.00000  5.64%   6.4  550s
 9878101 715521 infeasible   56      3600.00000 3399.32120  5.57%   6.4  555s
 9971127 705811 3457.72646   51   19 3600.00000 3402.00000  5.50%   6.4  560s
 10059423 697207 infeasible   62      3600.00000 3405.00000  5.42%   6.4  565s
 10143751 688564 infeasible   47      3600.00000 3407.77778  5.34%   6.4  570s
 10230930 679631 3420.82517   53   15 3600.00000 3410.00000  5.28%   6.4  575s
 10318550 670236 infeasible   61      3600.00000 3413.00000  5.19%   6.4  580s
 10408849 660528 infeasible   57      3600.00000 3415.75798  5.12%   6.4  585s
 10490684 650948 infeasible   60      3600.00000 3418.00000  5.06%   6.4  590s
 10570593 641464 3432.36752   53   14 3600.00000 3420.89419  4.98%   6.4  595s
 10655745 631084 infeasible   40      3600.00000 3423.21636  4.91%   6.3  600s
 10744009 620349 infeasible   58      3600.00000 3426.00000  4.83%   6.3  605s
 10831697 608740 3525.13076   60   14 3600.00000 3429.00000  4.75%   6.3  610s
 10912634 597965 infeasible   51      3600.00000 3431.74296  4.67%   6.3  615s
 11002456 586061 infeasible   56      3600.00000 3434.43689  4.60%   6.3  620s
 11090965 573807 infeasible   66      3600.00000 3437.11521  4.52%   6.3  625s
 11167774 562438 infeasible   61      3600.00000 3440.00000  4.44%   6.3  630s
 11251165 549905 infeasible   63      3600.00000 3443.00000  4.36%   6.3  635s
 11334727 536257 infeasible   58      3600.00000 3446.00000  4.28%   6.3  640s
 11417513 523348 infeasible   55      3600.00000 3449.00000  4.19%   6.3  645s
 11500525 509641 3454.36415   46   14 3600.00000 3452.00000  4.11%   6.3  650s
 11585864 495033 infeasible   62      3600.00000 3455.00000  4.03%   6.3  655s
 11671367 479400 infeasible   56      3600.00000 3458.66501  3.93%   6.3  660s
 11755617 464562 infeasible   55      3600.00000 3462.00000  3.83%   6.3  665s
 11842372 447558 infeasible   45      3600.00000 3465.51987  3.74%   6.2  670s
 11926063 431825 3593.00000   49    8 3600.00000 3469.00000  3.64%   6.2  675s
 12011247 414852 infeasible   57      3600.00000 3472.47457  3.54%   6.2  680s
 12094409 399185 3565.00000   50   10 3600.00000 3476.00000  3.44%   6.2  685s
 12179020 381543 infeasible   53      3600.00000 3479.77778  3.34%   6.2  690s
 12258893 364121 3484.44865   47   18 3600.00000 3483.38417  3.24%   6.2  695s
 12343220 344827 infeasible   55      3600.00000 3487.67630  3.12%   6.2  700s
 12421775 326490 infeasible   56      3600.00000 3491.43659  3.02%   6.2  705s
 12503347 306260 3540.00000   49   10 3600.00000 3496.00000  2.89%   6.2  710s
 12586067 285170 3500.77778   57   12 3600.00000 3500.36508  2.77%   6.2  715s
 12666601 264040 infeasible   54      3600.00000 3505.00000  2.64%   6.2  720s
 12741453 243106 infeasible   53      3600.00000 3510.00000  2.50%   6.2  725s
 12824806 220145 infeasible   53      3600.00000 3515.00000  2.36%   6.2  730s
 12904784 196561 3542.00000   50    8 3600.00000 3521.00000  2.19%   6.1  735s
 12983184 172718 infeasible   54      3600.00000 3526.67540  2.04%   6.1  740s
 13047906 151491 infeasible   57      3600.00000 3532.00000  1.89%   6.1  745s
 13125820 123672 3540.00000   62   13 3600.00000 3539.77778  1.67%   6.1  750s
 13202844 91130 3550.77778   64   14 3600.00000 3550.11676  1.39%   6.1  755s
 13279432 50976 infeasible   56      3600.00000 3566.51487  0.93%   6.1  760s

Cutting planes:
  Learned: 4
  Gomory: 6
  Implied bound: 2
  MIR: 6
  Flow cover: 19
  Zero half: 1
  Relax-and-lift: 1

Explored 13344965 nodes (81181877 simplex iterations) in 763.61 seconds (499.36 work units)
Thread count was 16 (of 16 available processors)

Solution count 10: 3600 3615 3629 ... 4482

Optimal solution found (tolerance 1.00e-04)
Best objective 3.600000000000e+03, best bound 3.600000000000e+03, gap 0.0000%
Warning: variable name "y[job:0, stage:0, machine:1]" has a space
Warning: constraint name "precedence between 1,0 to 0,0 if x_[j,l,h,z,i]=1" has a space
Warning: to let Gurobi read it back, use rlp format
Warning: variable name "y[job:0, stage:0, machine:1]" has a space
Warning: constraint name "precedence between 1,0 to 0,0 if x_[j,l,h,z,i]=1" has a space
Warning: default variable names used to write mps file
Warning: default constraint names used to write mps file
Warning: variable name "y[job:0, stage:0, machine:1]" has a space
Warning: default variable names used to write solution file
