
Gurobi 10.0.1 (win64) logging started Thu Oct  5 16:50:04 2023

Set parameter LogFile to value "./results//log/BA_15_makespan_heurFalse.log"
Gurobi Optimizer version 10.0.1 build v10.0.1rc0 (win64)

CPU model: AMD Ryzen 7 3700X 8-Core Processor, instruction set [SSE2|AVX|AVX2]
Thread count: 8 physical cores, 16 logical processors, using up to 16 threads

Optimize a model with 797 rows, 568 columns and 3389 nonzeros
Model fingerprint: 0x0a9fb590
Variable types: 0 continuous, 568 integer (504 binary)
Coefficient statistics:
  Matrix range     [1e+00, 1e+07]
  Objective range  [1e+00, 1e+00]
  Bounds range     [1e+00, 1e+00]
  RHS range        [1e+00, 3e+07]
Found heuristic solution: objective 185.0000000
Presolve removed 82 rows and 236 columns
Presolve time: 0.01s
Presolved: 715 rows, 332 columns, 3244 nonzeros
Variable types: 0 continuous, 332 integer (269 binary)

Root relaxation: objective 5.400000e+01, 96 iterations, 0.00 seconds (0.00 work units)

    Nodes    |    Current Node    |     Objective Bounds      |     Work
 Expl Unexpl |  Obj  Depth IntInf | Incumbent    BestBd   Gap | It/Node Time

     0     0   54.00000    0    6  185.00000   54.00000  70.8%     -    0s
H    0     0                     154.0000000   54.00000  64.9%     -    0s
     0     0   55.00000    0   20  154.00000   55.00000  64.3%     -    0s
     0     0   55.00000    0   42  154.00000   55.00000  64.3%     -    0s
H    0     0                     150.0000000   56.12325  62.6%     -    0s
     0     0   56.13257    0   22  150.00000   56.13257  62.6%     -    0s
     0     0   56.25262    0   54  150.00000   56.25262  62.5%     -    0s
     0     0   56.25262    0   66  150.00000   56.25262  62.5%     -    0s
     0     0   56.61808    0   60  150.00000   56.61808  62.3%     -    0s
H    0     0                     148.0000000   56.61836  61.7%     -    0s
     0     0   56.61836    0   61  148.00000   56.61836  61.7%     -    0s
     0     0   56.62353    0   61  148.00000   56.62353  61.7%     -    0s
     0     0   56.62628    0   61  148.00000   56.62628  61.7%     -    0s
     0     0   56.62628    0   68  148.00000   56.62628  61.7%     -    0s
     0     0   56.63477    0   51  148.00000   56.63477  61.7%     -    0s
     0     0   56.73495    0   65  148.00000   56.73495  61.7%     -    0s
     0     0   56.73495    0   69  148.00000   56.73495  61.7%     -    0s
     0     0   56.92752    0   68  148.00000   56.92752  61.5%     -    0s
     0     0   56.92752    0   70  148.00000   56.92752  61.5%     -    0s
     0     0   56.94515    0   70  148.00000   56.94515  61.5%     -    0s
     0     0   56.95601    0   75  148.00000   56.95601  61.5%     -    0s
     0     0   56.95601    0   75  148.00000   56.95601  61.5%     -    0s
     0     0   56.95601    0   74  148.00000   56.95601  61.5%     -    0s
     0     0   56.95601    0   75  148.00000   56.95601  61.5%     -    0s
H    0     0                     145.0000000   56.95601  60.7%     -    0s
     0     0   56.95601    0   76  145.00000   56.95601  60.7%     -    0s
     0     0   56.95601    0   71  145.00000   56.95601  60.7%     -    0s
     0     0   56.95601    0   45  145.00000   56.95601  60.7%     -    0s
     0     0   56.95601    0   54  145.00000   56.95601  60.7%     -    0s
H    0     0                     139.0000000   56.95601  59.0%     -    0s
     0     0   56.95601    0   40  139.00000   56.95601  59.0%     -    0s
     0     0   56.95601    0   37  139.00000   56.95601  59.0%     -    0s
     0     2   57.34945    0   35  139.00000   57.34945  58.7%     -    0s
H  611   326                     133.0000000   58.30214  56.2%   5.8    1s
H10627   438                     127.0000000   58.30214  54.1%   0.5    1s
H12316   443                     126.0000000   58.30214  53.7%   0.4    1s
H12351   440                     122.0000000   58.30214  52.2%   0.4    1s
 21164  4747     cutoff   73       122.00000   62.15909  49.0%   3.1    5s
 42021 18763   88.53114   55   89  122.00000   63.62789  47.8%   5.8   10s
 42075 18799  108.02703   65   82  122.00000   67.14891  45.0%   5.8   15s
 42130 18836   70.01498   49  112  122.00000   70.01498  42.6%   5.8   20s
 42737 19150   84.34221   55   51  122.00000   71.35002  41.5%   6.7   25s
 52015 21585  101.75956   64   31  122.00000   71.35002  41.5%   9.0   30s
 63462 23775   95.17430   62   45  122.00000   71.35002  41.5%  10.4   35s
 74736 25711     cutoff   69       122.00000   71.35002  41.5%  11.2   40s
 87494 27493   71.35002   59   55  122.00000   71.35002  41.5%  11.7   45s
H92009 25923                     120.0000000   71.35002  40.5%  11.9   46s
 98382 28411   71.35002   54   70  120.00000   71.35002  40.5%  12.1   50s
 108543 33237  101.00000   70   28  120.00000   71.35002  40.5%  12.4   55s
 115390 36131  111.24102   71   35  120.00000   71.35002  40.5%  12.6   60s
H125087 39585                     119.0000000   71.35002  40.0%  12.8   66s
 130787 42525   71.35002   56   68  119.00000   71.35002  40.0%  12.9   70s
 139414 45509   98.00000   61   35  119.00000   71.35002  40.0%  13.0   75s
 146332 49108   88.96840   61   64  119.00000   71.35002  40.0%  13.1   80s
 154688 52871  106.24028   60   23  119.00000   71.35002  40.0%  13.2   85s
 162971 56507   76.65412   61   44  119.00000   71.35002  40.0%  13.3   91s
 169519 59049  116.45205   72   17  119.00000   71.35002  40.0%  13.4   95s
 177927 62614   73.33927   54   54  119.00000   71.35002  40.0%  13.5  100s
 185656 65986  101.51978   61   37  119.00000   71.35002  40.0%  13.5  105s
 192436 68757   88.01058   56   51  119.00000   71.35002  40.0%  13.6  110s
 199372 71601   74.77966   62   54  119.00000   71.35002  40.0%  13.6  115s
 200872 71612  112.41547   58   54  119.00000   71.35002  40.0%  13.7  120s
 205760 74152   72.96953   58   80  119.00000   71.35002  40.0%  13.7  125s
 213117 76708   95.82383   55   67  119.00000   71.43882  40.0%  13.7  130s
 220203 79687   74.26731   56   81  119.00000   71.56699  39.9%  13.7  136s
 225709 81957   89.79587   58   55  119.00000   71.66667  39.8%  13.8  140s
 232291 84742     cutoff   68       119.00000   71.80509  39.7%  13.8  145s
 239252 87387   93.60606   72   27  119.00000   71.94046  39.5%  13.8  151s
 244452 89393  105.25462   58   56  119.00000   72.02494  39.5%  13.8  155s
 251608 92151  117.77993   78   18  119.00000   72.15975  39.4%  13.8  161s
 256282 94075   84.06323   56   70  119.00000   72.24429  39.3%  13.9  165s
 263136 97098   77.35186   62   65  119.00000   72.36560  39.2%  13.9  170s
 270226 99992  114.33333   70   32  119.00000   72.48808  39.1%  13.9  175s
 277343 102729  103.13636   62   34  119.00000   72.61075  39.0%  13.9  180s
 284393 105672   76.48565   58   67  119.00000   72.72749  38.9%  13.9  185s
 291560 108522   79.91300   52   76  119.00000   72.84053  38.8%  13.9  190s
 297913 111249   79.22242   57   71  119.00000   72.96685  38.7%  14.0  195s
 304826 113993  101.00000   81   15  119.00000   73.08519  38.6%  14.0  200s
 311747 116708   95.28318   60   49  119.00000   73.20700  38.5%  14.0  205s
 318091 119054   75.30589   57   57  119.00000   73.30342  38.4%  14.0  210s
 325757 121830   84.99129   63   73  119.00000   73.42911  38.3%  14.0  215s
 332492 124707     cutoff   65       119.00000   73.51152  38.2%  14.0  220s
 339007 126745   96.56978   67   56  119.00000   73.62514  38.1%  14.1  226s
 342373 128751   74.38862   60   68  119.00000   73.67620  38.1%  14.1  230s
 349507 131158 infeasible   69       119.00000   73.77175  38.0%  14.1  236s
 353231 133405     cutoff   60       119.00000   73.82128  38.0%  14.1  240s
 360856 136021   75.37844   62   85  119.00000   73.90859  37.9%  14.1  245s
 367274 138454   78.74565   63   75  119.00000   74.00000  37.8%  14.1  250s
 374248 140978   95.93050   61   49  119.00000   74.10002  37.7%  14.1  255s
 383004 144356   86.30010   55   66  119.00000   74.22001  37.6%  14.1  260s
 389513 147167   75.64750   57   68  119.00000   74.31325  37.6%  14.1  265s
 396398 149782   76.16214   58   73  119.00000   74.40026  37.5%  14.1  270s
 403679 152645     cutoff   61       119.00000   74.48163  37.4%  14.1  275s
 409448 155338 infeasible   68       119.00000   74.55130  37.4%  14.1  280s
 417846 158478  107.00000   69   33  119.00000   74.66765  37.3%  14.1  285s
 424598 161293     cutoff   73       119.00000   74.75308  37.2%  14.1  290s
 431564 164013   78.73590   58   64  119.00000   74.83082  37.1%  14.1  295s
 438761 166693   81.00000   56   56  119.00000   74.91560  37.0%  14.1  300s
 445390 169416   86.48657   60   54  119.00000   74.98944  37.0%  14.1  305s
 453070 172035  102.43284   73   27  119.00000   75.05766  36.9%  14.1  311s
 460010 174851   85.96740   55   58  119.00000   75.13880  36.9%  14.1  316s
 464871 176933   81.01879   55   53  119.00000   75.20335  36.8%  14.1  320s
 471730 179594  107.48689   68   37  119.00000   75.27279  36.7%  14.1  325s
 478550 182054  111.13346   70   29  119.00000   75.34780  36.7%  14.1  330s
 485918 184828   96.21500   64   45  119.00000   75.41326  36.6%  14.1  336s
 493051 187558   95.00000   73   25  119.00000   75.48864  36.6%  14.1  340s
 499473 189976   80.85042   57   59  119.00000   75.54808  36.5%  14.1  345s
 505999 192624   85.22425   55   54  119.00000   75.62004  36.5%  14.1  350s
 513365 194998   79.24571   60   61  119.00000   75.69794  36.4%  14.1  356s
 519772 197590 infeasible   69       119.00000   75.75153  36.3%  14.1  361s
 525058 199445   88.43077   59   58  119.00000   75.81280  36.3%  14.1  365s
 531850 202267  107.00000   68   16  119.00000   75.88889  36.2%  14.1  371s
 538026 204336   92.48076   60   34  119.00000   75.94213  36.2%  14.1  375s
 544758 207027  107.33333   60   38  119.00000   76.00000  36.1%  14.1  380s
 551659 209650  102.33187   58   51  119.00000   76.05839  36.1%  14.1  386s
 557206 211659   94.92500   61   33  119.00000   76.11550  36.0%  14.1  390s
 564361 214241   86.59912   58   60  119.00000   76.18050  36.0%  14.1  395s
 571029 216890   82.59764   57   54  119.00000   76.23531  35.9%  14.1  401s
 577970 219366   82.14073   61   51  119.00000   76.30195  35.9%  14.1  406s
 584980 221988  100.47447   63   38  119.00000   76.35377  35.8%  14.1  411s
 591584 224173  109.02740   66   27  119.00000   76.40682  35.8%  14.1  416s
 596981 225879   89.26691   61   53  119.00000   76.45700  35.8%  14.1  420s
 603715 228355   79.82189   58   70  119.00000   76.51307  35.7%  14.1  425s
 610709 231032   77.00595   55   69  119.00000   76.57440  35.7%  14.1  430s
 617048 233361   83.87195   57   41  119.00000   76.62300  35.6%  14.1  435s
 622573 235337  111.02195   58   49  119.00000   76.66667  35.6%  14.1  440s
 629573 238117   78.40338   56   60  119.00000   76.72198  35.5%  14.1  445s
 634878 240066   79.14009   54   52  119.00000   76.76071  35.5%  14.1  450s
 641501 242645     cutoff   58       119.00000   76.81455  35.4%  14.1  455s
 648570 245089     cutoff   60       119.00000   76.86791  35.4%  14.1  461s
 653868 246908   82.68079   55   57  119.00000   76.91543  35.4%  14.1  465s
 660787 249167  102.11627   61   49  119.00000   76.96291  35.3%  14.1  470s
 665898 250861   85.71177   56   63  119.00000   77.00000  35.3%  14.1  475s
 672830 253304     cutoff   66       119.00000   77.03691  35.3%  14.1  480s
 677721 255139   77.25685   59   58  119.00000   77.07876  35.2%  14.1  485s
 684986 257890   78.11262   56   61  119.00000   77.13168  35.2%  14.1  491s
 690049 259713   88.10247   58   57  119.00000   77.16859  35.2%  14.1  495s
 697502 262027   82.67742   58   49  119.00000   77.22060  35.1%  14.1  501s
 704024 264502   89.91594   69   50  119.00000   77.26862  35.1%  14.1  506s
 709068 266252 infeasible   75       119.00000   77.30079  35.0%  14.1  510s
 716164 268860   83.15519   57   74  119.00000   77.35641  35.0%  14.1  516s
 721481 270935   93.29483   59   56  119.00000   77.39225  35.0%  14.1  520s
 728524 273445     cutoff   69       119.00000   77.44363  34.9%  14.1  526s
 734120 275239   87.76559   66   47  119.00000   77.48226  34.9%  14.1  530s
 739192 277284   93.84706   71   36  119.00000   77.51222  34.9%  14.1  535s
 746971 279588   80.82891   58   66  119.00000   77.56624  34.8%  14.1  541s
 751761 281399  116.26190   66   26  119.00000   77.60140  34.8%  14.1  545s
 758667 283532  113.37541   64   44  119.00000   77.64780  34.7%  14.1  551s
 764151 285292   78.93530   52   72  119.00000   77.68285  34.7%  14.1  555s
 770887 288062     cutoff   73       119.00000   77.72372  34.7%  14.1  561s
 776250 289941   98.60000   63   46  119.00000   77.75427  34.7%  14.0  565s
 783208 292445  113.14425   73   35  119.00000   77.79396  34.6%  14.0  571s
 788409 294517   92.68560   65   64  119.00000   77.82895  34.6%  14.0  575s
 794446 296302   96.75000   56   35  119.00000   77.86105  34.6%  14.0  580s
 801666 298837   95.00000   65   36  119.00000   77.89944  34.5%  14.0  586s
 806872 300683   92.85359   63   48  119.00000   77.93478  34.5%  14.0  590s
 813767 302978   98.12698   69   25  119.00000   77.98124  34.5%  14.0  596s
 819373 304928   90.71414   54   56  119.00000   78.00000  34.5%  14.0  601s
 824707 306868   84.18957   56   51  119.00000   78.03135  34.4%  14.0  605s
 830274 308469   95.01871   59   48  119.00000   78.06706  34.4%  14.0  610s
 837371 311131   99.59030   55   70  119.00000   78.10782  34.4%  14.0  616s
 842492 313199   91.26119   63   43  119.00000   78.14211  34.3%  14.0  620s
 848262 315200   78.59620   57   71  119.00000   78.17447  34.3%  14.0  625s
 855427 317789   92.35896   63   43  119.00000   78.22336  34.3%  14.0  631s
 860527 319898   81.05719   59   64  119.00000   78.26060  34.2%  14.0  635s
 865559 321743  102.04213   75   26  119.00000   78.29369  34.2%  14.0  640s
 872833 324205   90.72395   54   58  119.00000   78.32994  34.2%  14.0  646s
 877856 326076   98.70732   59   50  119.00000   78.36386  34.1%  14.0  650s
 884342 328374   96.04000   68   41  119.00000   78.40342  34.1%  14.0  656s
 889828 330191   93.45471   60   59  119.00000   78.43476  34.1%  14.0  660s
 894647 332020   90.74417   54   59  119.00000   78.46326  34.1%  14.0  665s
 900205 333656   97.55556   59   46  119.00000   78.49836  34.0%  14.0  670s
 905314 335476   81.69897   56   49  119.00000   78.52882  34.0%  14.0  675s
 910518 337218   93.80000   64   43  119.00000   78.55333  34.0%  14.0  680s
 917563 339777   79.96546   64   62  119.00000   78.60000  33.9%  14.0  686s
 922932 341492  114.00000   70   18  119.00000   78.63420  33.9%  14.0  690s
 928053 343450   87.41951   56   55  119.00000   78.66601  33.9%  14.0  695s
 933336 345092     cutoff   74       119.00000   78.69472  33.9%  14.0  700s
 939197 346834   91.68673   60   53  119.00000   78.72473  33.8%  14.0  705s
 945533 349091  109.00000   68   10  119.00000   78.76794  33.8%  14.0  711s
 950661 350992     cutoff   68       119.00000   78.79530  33.8%  14.0  715s
 956285 352711  113.00000   65   30  119.00000   78.82364  33.8%  14.0  720s
 963132 354978     cutoff   67       119.00000   78.86435  33.7%  14.0  726s
 969075 356978   96.72249   62   40  119.00000   78.90244  33.7%  14.0  731s
 975977 359136   87.00494   65   51  119.00000   78.94382  33.7%  14.0  736s
 981170 360930   86.15524   55   55  119.00000   78.97828  33.6%  14.0  740s
 988645 363281   80.35182   61   58  119.00000   79.00425  33.6%  14.0  745s
 995465 365749   93.04971   63   50  119.00000   79.04172  33.6%  14.0  750s
 1000582 366788   79.06460   64   54  119.00000   79.06460  33.6%  14.0  756s
 1003350 368356  101.98291   59   49  119.00000   79.08020  33.5%  14.0  760s
 1010197 370839  110.00000   60   29  119.00000   79.11255  33.5%  14.0  766s
 1015248 372760  100.45859   70   32  119.00000   79.13909  33.5%  14.0  770s
 1022289 374892   80.91186   57   61  119.00000   79.17714  33.5%  14.0  775s
 1028234 376726   83.36940   59   48  119.00000   79.21053  33.4%  14.0  780s
 1034386 379105   95.62278   70   41  119.00000   79.24976  33.4%  14.0  785s
 1038253 380284   85.61355   59   49  119.00000   79.26960  33.4%  14.0  791s
 1043413 381972  102.54545   58   48  119.00000   79.30183  33.4%  14.0  795s
 1048955 384009   84.73832   63   54  119.00000   79.33333  33.3%  14.0  800s
 1056267 386409   83.32817   60   60  119.00000   79.37377  33.3%  14.0  806s
 1061657 388067   82.66477   59   57  119.00000   79.40053  33.3%  14.0  810s
 1068555 390494   88.65380   65   51  119.00000   79.43771  33.2%  13.9  815s
 1073425 392456  118.00000   74   16  119.00000   79.46562  33.2%  13.9  820s
 1080783 394781  108.97222   65   47  119.00000   79.50000  33.2%  13.9  825s
 1086093 396566   80.90515   61   58  119.00000   79.52929  33.2%  13.9  830s
 1092968 399058  116.00000   68   27  119.00000   79.56036  33.1%  13.9  835s
 1100316 401238 infeasible   63       119.00000   79.60000  33.1%  13.9  840s
 1105069 402862  116.39487   65   29  119.00000   79.62493  33.1%  13.9  845s
 1111859 405341   80.66667   59   52  119.00000   79.66582  33.1%  13.9  850s
 1117240 407235     cutoff   63       119.00000   79.69431  33.0%  13.9  855s
 1124337 409394   92.52146   68   49  119.00000   79.73337  33.0%  13.9  861s
 1129453 411172   88.70305   69   67  119.00000   79.75677  33.0%  13.9  865s
 1136801 413271     cutoff   77       119.00000   79.79042  32.9%  13.9  871s
 1142228 414941   80.22359   61   65  119.00000   79.81720  32.9%  13.9  875s
 1147809 416617   93.91141   59   46  119.00000   79.84944  32.9%  13.9  880s
 1154763 418859   99.00000   60   27  119.00000   79.88889  32.9%  13.9  885s
 1159716 420766   87.63246   61   59  119.00000   79.91514  32.8%  13.9  890s
 1166842 423147     cutoff   73       119.00000   79.95226  32.8%  13.9  896s
 1172330 424890   99.66634   61   43  119.00000   79.97992  32.8%  13.9  900s
 1178273 426761     cutoff   75       119.00000   80.00000  32.8%  13.9  905s
 1183522 428390  106.00000   62   24  119.00000   80.01480  32.8%  13.9  910s
 1190362 430489   98.00000   71   34  119.00000   80.04512  32.7%  13.9  915s
 1197226 433165  105.45455   67   30  119.00000   80.07426  32.7%  13.9  921s
 1202799 435050  113.00000   65   27  119.00000   80.09647  32.7%  13.9  925s
 1210035 437430   86.20521   73   55  119.00000   80.12821  32.7%  13.9  930s
 1216558 439755   95.86364   67   41  119.00000   80.15651  32.6%  13.9  936s
 1221718 441507   97.19048   67   34  119.00000   80.18293  32.6%  13.9  940s
 1227140 443132  106.07143   68   20  119.00000   80.20755  32.6%  13.9  945s
 1233772 445520  108.57407   57   42  119.00000   80.24133  32.6%  13.9  950s
 1239283 447349   95.80909   55   50  119.00000   80.26453  32.6%  13.9  955s
 1246263 449604   86.69911   56   48  119.00000   80.30381  32.5%  13.9  960s
 1251736 451539     cutoff   86       119.00000   80.33035  32.5%  13.9  965s
 1258844 453587  114.73156   56   48  119.00000   80.36116  32.5%  13.9  971s
 1264194 455144   89.94002   59   57  119.00000   80.38461  32.4%  13.9  975s
 1269365 457217   83.82671   58   52  119.00000   80.40527  32.4%  13.9  980s
 1276413 459635 infeasible   68       119.00000   80.43972  32.4%  13.9  986s
 1281615 461226     cutoff   66       119.00000   80.46429  32.4%  13.9  991s
 1287342 462922 infeasible   76       119.00000   80.48915  32.4%  13.9  995s
 1292666 464742  109.10811   71   36  119.00000   80.50774  32.3%  13.9 1000s
 1299773 467111   82.23065   61   64  119.00000   80.54242  32.3%  13.9 1006s
 1305146 468952   85.12752   68   48  119.00000   80.56672  32.3%  13.9 1011s
 1310294 470883  108.27074   60   59  119.00000   80.59142  32.3%  13.9 1015s
 1315646 472504  100.21761   56   49  119.00000   80.61507  32.3%  13.9 1020s
 1322588 474940   82.19068   57   60  119.00000   80.64684  32.2%  13.9 1026s
H1326521 452363                     116.0000000   80.65925  30.5%  13.9 1029s
 1327960 452816   88.67644   62   45  116.00000   80.66667  30.5%  13.9 1030s
 1332798 454507  113.52000   67   22  116.00000   80.68735  30.4%  13.9 1035s
 1338618 455985  107.00000   69   20  116.00000   80.71212  30.4%  13.9 1040s
 1343625 457560  111.29874   68   35  116.00000   80.73383  30.4%  13.9 1045s
 1348968 459211   82.69512   61   63  116.00000   80.75667  30.4%  13.9 1050s
 1354280 460716   96.00000   72   25  116.00000   80.78084  30.4%  13.9 1055s
 1359444 462213     cutoff   67       116.00000   80.80616  30.3%  13.9 1060s
 1365360 463847     cutoff   65       116.00000   80.83392  30.3%  13.9 1065s
 1370466 465513     cutoff   68       116.00000   80.85421  30.3%  13.9 1070s
 1375778 467084  102.21683   55   56  116.00000   80.88177  30.3%  13.9 1075s
 1383374 469230   99.58261   62   32  116.00000   80.91628  30.2%  13.9 1081s
 1388624 470902  104.58261   61   40  116.00000   80.93850  30.2%  13.9 1086s
 1393728 472284   89.50103   62   65  116.00000   80.96382  30.2%  13.9 1090s
 1399651 473834  114.91429   63   36  116.00000   80.98973  30.2%  13.9 1096s
 1403118 475185   88.79459   66   45  116.00000   81.00000  30.2%  13.9 1100s
 1409411 476597     cutoff   69       116.00000   81.01046  30.2%  13.9 1105s
 1414737 478138   85.09524   59   37  116.00000   81.03820  30.1%  13.9 1110s
 1419941 479634     cutoff   65       116.00000   81.05962  30.1%  13.9 1115s
 1425285 481170  113.72664   71   27  116.00000   81.08390  30.1%  13.9 1120s
 1432596 483532   93.72323   66   48  116.00000   81.11594  30.1%  13.9 1126s
 1437622 485019  100.00000   63   25  116.00000   81.13857  30.1%  13.9 1131s
 1442564 486636   83.49804   56   63  116.00000   81.16261  30.0%  13.9 1135s
 1447742 488085   87.80484   61   49  116.00000   81.18504  30.0%  13.9 1140s
 1453070 489632   85.50000   63   48  116.00000   81.21227  30.0%  13.9 1146s
 1458415 491217  100.94853   65   37  116.00000   81.23373  30.0%  13.9 1151s
 1463568 492704     cutoff   77       116.00000   81.25557  30.0%  13.9 1155s
 1468934 494295  112.48916   68   32  116.00000   81.27294  29.9%  13.9 1160s
 1473837 495707   99.47619   69   47  116.00000   81.29380  29.9%  13.9 1165s
 1478848 497350   95.00034   66   32  116.00000   81.31720  29.9%  13.9 1170s
 1484707 499042  112.22111   59   39  116.00000   81.33833  29.9%  13.9 1175s
 1489803 500646  102.00000   62   41  116.00000   81.36286  29.9%  13.9 1180s
 1494505 502080   88.38742   58   41  116.00000   81.38723  29.8%  13.9 1185s
 1500280 503672   88.02125   65   46  116.00000   81.40845  29.8%  13.9 1190s
 1505935 505365     cutoff   62       116.00000   81.42921  29.8%  13.9 1196s
 1511197 506919   83.87930   64   58  116.00000   81.45455  29.8%  13.9 1201s
 1516249 508517  114.70393   71   22  116.00000   81.47534  29.8%  13.9 1206s
 1521671 509997  103.15652   60   35  116.00000   81.49836  29.7%  13.9 1211s
 1524904 511037   85.00754   57   59  116.00000   81.50467  29.7%  13.9 1215s
 1530778 512585   87.31685   67   55  116.00000   81.52882  29.7%  13.9 1220s
 1536006 514277     cutoff   76       116.00000   81.54722  29.7%  13.9 1226s
 1539977 515441     cutoff   73       116.00000   81.56366  29.7%  13.9 1230s
 1545656 517112  103.05929   69   41  116.00000   81.58261  29.7%  13.9 1235s
 1551046 518855   88.71429   61   41  116.00000   81.60138  29.7%  13.9 1241s
 1556606 520508  114.21431   69   27  116.00000   81.62774  29.6%  13.9 1246s
 1560237 521421     cutoff   66       116.00000   81.64286  29.6%  13.9 1250s
 1565252 522870  113.66667   62   33  116.00000   81.66477  29.6%  13.9 1255s
 1570513 524561   87.08099   60   46  116.00000   81.68259  29.6%  13.9 1260s
 1576334 526449   83.13940   60   68  116.00000   81.70273  29.6%  13.9 1266s
 1580087 527534  101.95293   57   61  116.00000   81.71456  29.6%  13.9 1270s
 1585408 529351   93.73912   70   44  116.00000   81.73808  29.5%  13.9 1275s
H1590085 480656                     112.0000000   81.75275  27.0%  13.9 1279s
 1590574 480928  106.24105   62   44  112.00000   81.75612  27.0%  13.9 1280s
 1595814 482395  104.00000   67   32  112.00000   81.77833  27.0%  13.9 1285s
 1600801 483794   95.85722   58   60  112.00000   81.79816  27.0%  13.9 1291s
 1604260 484770     cutoff   68       112.00000   81.81192  27.0%  13.9 1295s
 1609490 486095     cutoff   66       112.00000   81.83359  26.9%  13.9 1301s
 1613624 486939   94.00000   83   27  112.00000   81.85000  26.9%  13.9 1305s
 1619283 488214  104.56711   75   34  112.00000   81.87506  26.9%  13.9 1310s
 1624807 489691   91.11678   59   46  112.00000   81.89836  26.9%  13.9 1316s
 1628371 490709   97.00000   70   23  112.00000   81.91046  26.9%  13.9 1320s
 1633763 492214   87.38462   55   40  112.00000   81.93692  26.8%  13.9 1325s
 1639363 493548     cutoff   75       112.00000   81.95722  26.8%  13.9 1331s
 1644931 494852   92.98933   66   72  112.00000   81.98001  26.8%  13.9 1336s
 1648453 495761  104.40129   70   26  112.00000   81.99493  26.8%  13.9 1340s
 1652862 496711   82.03880   67   58  112.00000   82.00000  26.8%  13.9 1345s
 1658493 498056  109.25725   65   29  112.00000   82.01187  26.8%  13.9 1350s
 1664160 499391 infeasible   81       112.00000   82.03437  26.8%  13.9 1356s
 1669104 500495 infeasible   63       112.00000   82.04988  26.7%  13.9 1361s
 1672565 501469   98.17888   66   34  112.00000   82.06581  26.7%  13.9 1365s
 1678085 502846  103.92228   64   40  112.00000   82.08636  26.7%  13.9 1370s
 1679807 502852   99.52306   68   41  112.00000   82.09278  26.7%  13.9 1375s
 1683179 504010   98.88052   57   54  112.00000   82.10865  26.7%  13.9 1381s
 1686684 504823   91.27407   55   38  112.00000   82.12355  26.7%  13.9 1385s
 1691566 505975     cutoff   68       112.00000   82.14373  26.7%  13.9 1391s
 1695250 506823   82.82599   58   53  112.00000   82.16111  26.6%  13.9 1395s
 1700370 508072  104.95606   62   45  112.00000   82.17965  26.6%  13.9 1401s
 1704013 509013     cutoff   63       112.00000   82.19247  26.6%  13.9 1405s
 1709604 510406   86.50409   64   45  112.00000   82.21522  26.6%  13.9 1411s
 1713349 511392  106.33333   63   34  112.00000   82.22917  26.6%  13.9 1415s
 1718696 512604 infeasible   69       112.00000   82.25189  26.6%  13.9 1421s
 1722116 513215  106.80000   59   27  112.00000   82.26754  26.5%  13.9 1425s
 1727763 514506  103.99999   76   22  112.00000   82.28888  26.5%  13.9 1431s
 1731006 515289   82.63598   63   66  112.00000   82.30310  26.5%  13.9 1435s
 1736253 516389   94.48621   58   59  112.00000   82.32395  26.5%  13.9 1441s
 1740206 517167     cutoff   71       112.00000   82.33423  26.5%  13.9 1445s
 1745128 518587     cutoff   63       112.00000   82.35498  26.5%  13.9 1451s
 1748536 519571   88.52083   55   61  112.00000   82.37000  26.5%  13.9 1455s
 1754065 520878   82.85175   62   50  112.00000   82.38934  26.4%  13.9 1461s
 1757741 521796   90.49941   66   37  112.00000   82.40460  26.4%  13.9 1465s
 1762957 523034  102.03842   66   57  112.00000   82.42639  26.4%  13.9 1471s
 1766962 524067  100.00000   61   40  112.00000   82.44105  26.4%  13.9 1476s
 1770710 525116   92.67683   64   48  112.00000   82.45454  26.4%  13.9 1480s
 1776204 526553  103.87013   73   22  112.00000   82.47358  26.4%  13.9 1487s
 1780061 527400  100.54545   63   41  112.00000   82.48837  26.3%  13.9 1490s
 1785165 528856   96.45445   58   48  112.00000   82.50288  26.3%  14.0 1496s
 1788851 529628 infeasible   62       112.00000   82.51883  26.3%  14.0 1500s
 1791989 530361 infeasible   70       112.00000   82.53086  26.3%  14.0 1505s
 1793897 530369     cutoff   72       112.00000   82.53712  26.3%  14.0 1513s
 1793921 530595 infeasible   73       112.00000   82.53781  26.3%  14.0 1515s
 1798931 531920     cutoff   66       112.00000   82.55634  26.3%  14.0 1522s
 1802814 532699   83.34973   57   41  112.00000   82.57114  26.3%  14.0 1526s
 1806286 533668   94.10204   65   50  112.00000   82.58395  26.3%  14.0 1530s
 1810087 534622   83.11706   61   60  112.00000   82.59749  26.3%  14.0 1535s
 1815360 535911 infeasible   70       112.00000   82.61447  26.2%  14.0 1542s
 1819105 536830   98.88889   63   44  112.00000   82.63007  26.2%  14.0 1546s
 1822764 537765   92.46542   60   51  112.00000   82.64685  26.2%  14.0 1551s
 1826244 538418     cutoff   63       112.00000   82.66029  26.2%  14.0 1555s
 1831946 539690     cutoff   67       112.00000   82.67978  26.2%  14.0 1561s
 1835185 540590  101.92544   64   28  112.00000   82.69079  26.2%  14.0 1565s
 1839079 541521   97.79167   58   29  112.00000   82.70732  26.2%  14.0 1570s
 1842464 542483   95.58897   69   52  112.00000   82.72143  26.1%  14.0 1575s
 1847966 543842  103.46967   73   38  112.00000   82.73916  26.1%  14.0 1581s
 1851857 544592     cutoff   64       112.00000   82.75000  26.1%  14.0 1585s
 1857330 545805   84.99880   61   54  112.00000   82.76993  26.1%  14.0 1591s
 1860665 546632   88.05656   63   56  112.00000   82.78593  26.1%  14.0 1595s
 1864128 547559  109.00000   73   12  112.00000   82.79636  26.1%  14.0 1600s
 1869768 548911   85.03656   67   57  112.00000   82.81466  26.1%  14.0 1606s
 1873575 549731   86.63678   52   70  112.00000   82.82667  26.0%  14.0 1610s
 1878974 550881     cutoff   81       112.00000   82.84572  26.0%  14.0 1616s
 1882466 551865   88.85880   67   45  112.00000   82.85745  26.0%  14.0 1621s
 1886480 552625   98.39344   61   34  112.00000   82.86957  26.0%  14.0 1625s
 1891377 554002  102.02570   71   34  112.00000   82.88824  26.0%  14.0 1631s
 1895225 554737   83.03078   62   57  112.00000   82.90000  26.0%  14.0 1635s
 1900792 556051   89.95253   58   54  112.00000   82.91963  26.0%  14.0 1641s
 1904051 557018   83.12118   54   61  112.00000   82.93269  26.0%  14.0 1645s
 1909391 558204  101.72127   57   40  112.00000   82.94998  25.9%  14.0 1651s
 1913183 559022   92.18397   56   56  112.00000   82.96455  25.9%  14.0 1655s
 1918030 560316   87.03125   68   35  112.00000   82.98123  25.9%  14.0 1661s
 1919617 560368     cutoff   69       112.00000   82.98973  25.9%  14.0 1665s
 1921629 561220   83.85316   61   68  112.00000   82.99726  25.9%  14.0 1670s
 1926134 561976   86.03133   56   73  112.00000   83.00000  25.9%  14.0 1675s
 1930076 562796     cutoff   68       112.00000   83.00000  25.9%  14.0 1681s
 1933935 563688  100.41849   72   40  112.00000   83.01291  25.9%  14.0 1685s
 1939002 565031   89.51139   63   38  112.00000   83.03115  25.9%  14.0 1692s
 1942437 566000 infeasible   73       112.00000   83.04260  25.9%  14.0 1696s
 1946492 566868  105.35256   58   35  112.00000   83.05452  25.8%  14.0 1701s
 1950769 567772  104.47368   58   32  112.00000   83.05862  25.8%  14.0 1706s
 1954393 568571   92.66353   60   37  112.00000   83.07233  25.8%  14.0 1710s
 1959587 569861   99.47221   80   34  112.00000   83.08738  25.8%  14.0 1717s
 1963029 570504   87.70588   70   36  112.00000   83.09952  25.8%  14.0 1721s
 1966532 571520   86.44984   63   56  112.00000   83.11190  25.8%  14.0 1725s
 1970016 572401 infeasible   65       112.00000   83.12235  25.8%  14.0 1730s
 1975333 573777   98.85841   63   43  112.00000   83.14024  25.8%  14.0 1737s
 1978939 574520   93.85714   66   37  112.00000   83.15493  25.8%  14.0 1741s
 1982523 575616   85.00701   53   49  112.00000   83.16486  25.7%  14.0 1746s
 1986590 576363   95.82882   63   47  112.00000   83.17599  25.7%  14.0 1750s
 1990558 577326   95.51203   66   50  112.00000   83.18748  25.7%  14.0 1755s
 1994087 578140  108.44444   71   36  112.00000   83.20000  25.7%  14.0 1760s
 1999246 579510   94.48485   65   45  112.00000   83.21744  25.7%  14.0 1767s
 2003324 580205   93.85714   59   43  112.00000   83.23063  25.7%  14.0 1772s
 2007081 581139   87.67581   65   46  112.00000   83.24496  25.7%  14.0 1776s
 2010309 581931   90.77741   53   52  112.00000   83.25587  25.7%  14.0 1781s
 2014555 582879     cutoff   69       112.00000   83.26894  25.7%  14.0 1786s
 2017969 583803  106.42716   64   52  112.00000   83.28302  25.6%  14.0 1791s
 2021757 584596   88.42920   65   56  112.00000   83.29380  25.6%  14.0 1796s
 2025370 585503   86.48696   56   60  112.00000   83.30577  25.6%  14.0 1800s
 2029248 586415   94.81532   60   56  112.00000   83.31845  25.6%  14.0 1806s
 2033590 587353   93.71407   55   55  112.00000   83.32888  25.6%  14.0 1811s
 2037401 588122  111.00000   70   30  112.00000   83.34010  25.6%  14.0 1815s
 2040704 589056     cutoff   70       112.00000   83.35280  25.6%  14.0 1820s
 2046544 590366  103.00649   70   27  112.00000   83.36838  25.6%  14.0 1827s
 2050171 591095     cutoff   75       112.00000   83.38007  25.6%  14.0 1831s
 2053443 591993  103.30499   60   61  112.00000   83.39001  25.5%  14.0 1836s
 2057545 592708  104.83420   66   43  112.00000   83.40267  25.5%  14.0 1841s
 2061371 593752   84.79138   68   60  112.00000   83.41046  25.5%  14.0 1846s
 2065263 594565  103.06557   68   44  112.00000   83.42427  25.5%  14.0 1850s
 2070707 595738   93.81463   65   62  112.00000   83.44102  25.5%  14.0 1857s
 2074156 596590   88.71620   61   45  112.00000   83.45398  25.5%  14.0 1861s
 2078047 597462   99.00000   78   26  112.00000   83.46364  25.5%  14.0 1866s
 2081593 598313  101.52164   59   57  112.00000   83.47293  25.5%  14.0 1871s
 2085413 599079 infeasible   68       112.00000   83.48505  25.5%  14.0 1875s
 2089011 599846   95.08168   62   48  112.00000   83.49847  25.4%  14.0 1880s
 2095025 601252   92.35707   66   54  112.00000   83.51000  25.4%  14.0 1886s
 2098733 602042   85.53824   62   56  112.00000   83.51988  25.4%  14.0 1891s
 2102474 602807  107.68230   59   47  112.00000   83.53153  25.4%  14.0 1895s
 2107513 604025   93.66667   64   33  112.00000   83.54898  25.4%  14.0 1901s
 2111092 604870   83.79817   64   52  112.00000   83.56161  25.4%  14.0 1905s
 2114366 605798   98.76923   51   45  112.00000   83.57182  25.4%  14.0 1910s
 2119921 606998   90.00000   62   33  112.00000   83.59089  25.4%  14.0 1916s
 2123365 607728   98.87500   62   48  112.00000   83.60125  25.4%  14.0 1921s
 2127055 608655  103.80000   69   30  112.00000   83.61538  25.3%  14.0 1925s
 2130829 609506     cutoff   68       112.00000   83.62595  25.3%  14.0 1930s
 2136785 610819     cutoff   64       112.00000   83.64399  25.3%  14.0 1936s
 2140220 611546  108.76923   72   38  112.00000   83.65556  25.3%  14.0 1941s
 2143493 612547   95.80725   61   53  112.00000   83.66576  25.3%  14.1 1946s
 2147687 613275     cutoff   70       112.00000   83.67483  25.3%  14.0 1950s
 2151685 614221   99.34390   68   43  112.00000   83.68671  25.3%  14.0 1955s
 2155211 615115  102.89399   73   33  112.00000   83.69570  25.3%  14.1 1960s
 2160755 616331  107.47649   63   50  112.00000   83.71160  25.3%  14.0 1966s
 2164387 617019   94.28966   56   54  112.00000   83.72372  25.2%  14.1 1971s
 2168594 618049     cutoff   66       112.00000   83.73709  25.2%  14.1 1976s
 2172026 618826   92.51712   68   41  112.00000   83.74836  25.2%  14.1 1981s
 2175877 619611   84.22683   66   42  112.00000   83.76000  25.2%  14.1 1985s
 2179528 620592   89.00000   66   40  112.00000   83.77190  25.2%  14.1 1990s
 2183454 621333     cutoff   73       112.00000   83.78386  25.2%  14.1 1995s
 2187063 622216 infeasible   67       112.00000   83.79545  25.2%  14.1 2000s
 2190824 622941   93.53235   66   44  112.00000   83.80670  25.2%  14.1 2005s
 2196177 624178   86.67045   69   55  112.00000   83.82432  25.2%  14.1 2012s
 2199648 624957   97.89825   71   38  112.00000   83.83471  25.1%  14.1 2016s
 2203760 625790   85.04015   55   71  112.00000   83.84599  25.1%  14.1 2021s
 2207639 626594  101.13403   68   42  112.00000   83.85804  25.1%  14.1 2026s
 2210744 627367     cutoff   64       112.00000   83.86853  25.1%  14.1 2030s
 2214389 628059   88.43288   59   46  112.00000   83.87868  25.1%  14.1 2035s
 2217952 629038     cutoff   78       112.00000   83.89035  25.1%  14.1 2040s
 2221972 629897   96.40714   61   47  112.00000   83.90238  25.1%  14.1 2045s
 2225989 630902   83.94666   62   64  112.00000   83.91353  25.1%  14.1 2050s
 2231423 632163   90.09333   63   49  112.00000   83.93138  25.1%  14.1 2057s
 2235444 633151  107.94382   62   45  112.00000   83.94050  25.1%  14.1 2062s
 2238826 633864   97.00000   58   31  112.00000   83.95305  25.0%  14.1 2067s
 2242754 634763     cutoff   74       112.00000   83.96349  25.0%  14.1 2071s
 2246386 635633  102.00000   62   30  112.00000   83.97479  25.0%  14.1 2076s
 2250156 636428     cutoff   65       112.00000   83.98648  25.0%  14.1 2081s
 2253865 637345   94.00000   75   34  112.00000   83.99958  25.0%  14.1 2086s
 2258536 638356  108.16151   61   65  112.00000   84.00000  25.0%  14.1 2093s
 2261641 638816   89.74522   66   52  112.00000   84.00000  25.0%  14.1 2096s
 2265703 639782  106.00000   75   20  112.00000   84.00000  25.0%  14.1 2101s
 2269817 640600   97.16204   66   38  112.00000   84.00189  25.0%  14.1 2106s
 2273500 641375  109.15625   67   41  112.00000   84.01397  25.0%  14.1 2110s
 2277154 642307   84.44779   69   44  112.00000   84.02532  25.0%  14.1 2115s
 2282149 643434  107.03390   62   22  112.00000   84.03898  25.0%  14.1 2121s
 2286187 644230   96.27322   71   47  112.00000   84.04965  25.0%  14.1 2127s
 2289660 645148   94.05862   64   44  112.00000   84.05672  24.9%  14.1 2131s
 2293548 645833 infeasible   73       112.00000   84.06813  24.9%  14.1 2136s
 2297610 646745  107.04225   62   38  112.00000   84.07825  24.9%  14.1 2141s
 2301178 647406   84.73808   61   49  112.00000   84.08847  24.9%  14.1 2145s
 2305065 648112   94.04521   66   62  112.00000   84.10000  24.9%  14.1 2150s
 2308289 648911     cutoff   64       112.00000   84.10833  24.9%  14.1 2155s
 2312386 649831  109.00000   67   23  112.00000   84.11908  24.9%  14.1 2160s
 2315767 650539  103.41480   64   34  112.00000   84.13058  24.9%  14.1 2165s
 2319881 651353   97.49742   62   56  112.00000   84.14286  24.9%  14.1 2170s
 2323621 652243  104.08000   68   39  112.00000   84.15450  24.9%  14.1 2175s
 2327561 652908   85.02847   64   65  112.00000   84.16157  24.9%  14.1 2180s
 2332059 653894   85.46327   57   65  112.00000   84.17179  24.8%  14.1 2185s
 2335460 654754  102.00000   68   34  112.00000   84.18317  24.8%  14.1 2190s
 2339345 655463   98.46101   63   57  112.00000   84.19256  24.8%  14.1 2195s
 2342832 655858  100.39595   61   51  112.00000   84.20299  24.8%  14.1 2202s
 2342852 656188  105.89910   61   47  112.00000   84.20309  24.8%  14.1 2205s
 2346351 656997   92.32000   68   42  112.00000   84.21141  24.8%  14.1 2210s
 2350217 657792   92.00000   66   27  112.00000   84.22222  24.8%  14.1 2215s
 2354106 658619 infeasible   62       112.00000   84.23296  24.8%  14.1 2220s
 2357506 659297   96.38521   65   24  112.00000   84.24358  24.8%  14.1 2225s
 2361334 660198     cutoff   68       112.00000   84.25342  24.8%  14.1 2230s
 2365222 661022   98.10214   61   49  112.00000   84.26316  24.8%  14.1 2235s
 2369075 661839   85.84101   57   51  112.00000   84.27778  24.8%  14.1 2240s
 2372491 662778   93.83333   56   31  112.00000   84.28959  24.7%  14.1 2246s
 2376579 663462   94.30289   64   47  112.00000   84.30063  24.7%  14.1 2250s
 2380326 664352   86.17840   61   63  112.00000   84.31329  24.7%  14.1 2256s
 2384323 665019   84.40787   68   41  112.00000   84.32217  24.7%  14.1 2261s
 2388110 666092   98.00000   76   22  112.00000   84.33333  24.7%  14.1 2266s
 2392326 666928  109.00000   70   23  112.00000   84.34221  24.7%  14.1 2271s
 2396337 667944  103.35263   62   37  112.00000   84.35263  24.7%  14.1 2276s
 2400153 668849   91.47405   57   53  112.00000   84.36325  24.7%  14.1 2281s
 2403637 669479  104.00000   74   23  112.00000   84.37316  24.7%  14.1 2286s
 2407613 670387   97.98991   65   62  112.00000   84.38440  24.7%  14.1 2291s
 2411151 671324   94.26010   61   49  112.00000   84.39663  24.6%  14.1 2296s
 2415226 672089   96.45900   57   49  112.00000   84.40787  24.6%  14.1 2301s
 2419066 672860  104.00000   64   31  112.00000   84.41856  24.6%  14.1 2306s
 2422243 673666     cutoff   72       112.00000   84.43062  24.6%  14.1 2311s
 2425995 674447     cutoff   76       112.00000   84.43961  24.6%  14.1 2316s
 2429764 675249     cutoff   65       112.00000   84.45073  24.6%  14.1 2320s
 2433412 676162   98.83246   61   34  112.00000   84.45603  24.6%  14.1 2325s
 2436948 677095  104.60000   68   35  112.00000   84.47056  24.6%  14.1 2330s
 2440661 677819     cutoff   73       112.00000   84.48023  24.6%  14.1 2335s
 2444882 678811   96.46667   56   34  112.00000   84.49270  24.6%  14.1 2341s
 2448981 679579  105.98752   66   42  112.00000   84.50000  24.6%  14.1 2347s
 2450941 680211   87.54301   62   61  112.00000   84.50307  24.6%  14.1 2350s
 2455220 681045   97.31270   60   46  112.00000   84.51541  24.5%  14.1 2355s
 2459047 681755   97.55767   68   46  112.00000   84.52606  24.5%  14.1 2361s
 2462597 682714     cutoff   66       112.00000   84.53633  24.5%  14.1 2366s
 2466872 683531  108.50000   70   18  112.00000   84.54549  24.5%  14.1 2371s
 2470650 684400     cutoff   68       112.00000   84.55537  24.5%  14.1 2376s
 2473984 685201   99.56452   62   48  112.00000   84.56470  24.5%  14.1 2381s
 2477739 685949   95.28401   63   51  112.00000   84.57320  24.5%  14.1 2385s
 2481254 686815  100.63200   61   37  112.00000   84.58333  24.5%  14.1 2391s
 2485220 687471   95.26842   69   52  112.00000   84.59375  24.5%  14.1 2396s
 2488998 688308  108.07471   75   39  112.00000   84.60595  24.5%  14.1 2400s
 2492780 689123   85.45812   57   64  112.00000   84.61580  24.5%  14.1 2406s
 2496660 690053   88.45892   53   56  112.00000   84.62469  24.4%  14.1 2411s
 2500627 690830     cutoff   64       112.00000   84.63466  24.4%  14.1 2415s
 2504501 691608   95.04286   59   47  112.00000   84.64583  24.4%  14.1 2420s
 2508161 692430 infeasible   68       112.00000   84.65602  24.4%  14.1 2426s
 2512241 693210     cutoff   70       112.00000   84.66666  24.4%  14.1 2431s
 2516388 694047  106.45455   69   25  112.00000   84.67647  24.4%  14.1 2436s
 2519852 694898   89.41982   65   38  112.00000   84.68689  24.4%  14.1 2441s
 2523722 695619   96.36271   70   33  112.00000   84.69699  24.4%  14.1 2446s
 2527506 696423  111.00000   71   22  112.00000   84.70732  24.4%  14.1 2451s
 2530673 696999   97.09487   63   63  112.00000   84.71528  24.4%  14.1 2455s
 2534412 697994   89.72963   59   55  112.00000   84.72580  24.4%  14.1 2461s
 2538200 698838 infeasible   65       112.00000   84.73368  24.3%  14.1 2466s
 2542146 699691     cutoff   65       112.00000   84.74410  24.3%  14.1 2471s
 2545996 700442   91.00649   70   27  112.00000   84.75383  24.3%  14.1 2476s
 2549778 701410   88.00000   65   38  112.00000   84.76389  24.3%  14.1 2482s
 2552253 701725     cutoff   72       112.00000   84.76822  24.3%  14.1 2485s
 2555705 702554   85.06722   58   50  112.00000   84.77873  24.3%  14.1 2491s
 2559693 703195 infeasible   69       112.00000   84.78851  24.3%  14.1 2496s
 2563606 703919  101.06452   66   35  112.00000   84.79818  24.3%  14.1 2501s
 2567298 704627  104.71002   64   35  112.00000   84.80556  24.3%  14.1 2507s
 2569061 705058  101.80000   64   27  112.00000   84.81159  24.3%  14.1 2510s
 2572850 705732     cutoff   74       112.00000   84.82075  24.3%  14.1 2515s
 2576607 706684   99.45000   67   27  112.00000   84.83048  24.3%  14.1 2520s
 2580853 707498   93.16132   61   53  112.00000   84.83895  24.3%  14.1 2526s
 2584913 708394   99.44444   73   30  112.00000   84.84906  24.2%  14.1 2531s
 2588110 708965   90.84572   68   38  112.00000   84.85985  24.2%  14.1 2536s
 2591622 709902   89.01780   62   46  112.00000   84.87134  24.2%  14.1 2542s
 2595732 710679   92.69439   56   66  112.00000   84.88084  24.2%  14.1 2547s
 2597741 711195   85.50937   65   60  112.00000   84.88524  24.2%  14.1 2550s
 2601715 712040  104.85621   71   41  112.00000   84.89681  24.2%  14.1 2555s
 2605793 712889  102.73991   59   49  112.00000   84.90681  24.2%  14.1 2560s
 2609292 713639   98.28948   68   34  112.00000   84.91791  24.2%  14.1 2565s
 2613514 714488  106.63298   66   39  112.00000   84.92889  24.2%  14.1 2570s
 2616677 715195  100.04839   66   33  112.00000   84.93822  24.2%  14.1 2575s
 2620816 715979   91.00000   65   38  112.00000   84.94495  24.2%  14.1 2581s
 2624436 716870   92.76923   67   30  112.00000   84.95455  24.1%  14.1 2586s
 2628091 717486     cutoff   72       112.00000   84.96593  24.1%  14.1 2590s
 2631777 718328  103.67504   65   59  112.00000   84.97613  24.1%  14.1 2596s
 2635332 718935  103.25819   62   60  112.00000   84.98672  24.1%  14.1 2601s
 2637124 719519 infeasible   60       112.00000   84.99180  24.1%  14.1 2605s
 2643281 720789  108.65397   61   52  112.00000   85.00000  24.1%  14.1 2613s
 2645766 721445   85.34718   64   55  112.00000   85.00000  24.1%  14.1 2617s
 2649010 721900     cutoff   76       112.00000   85.00000  24.1%  14.1 2621s
 2654144 722800     cutoff   69       112.00000   85.00000  24.1%  14.1 2628s
 2656365 723199     cutoff   71       112.00000   85.00000  24.1%  14.1 2631s
 2661107 724139     cutoff   58       112.00000   85.00000  24.1%  14.1 2637s
 2664956 724809     cutoff   68       112.00000   85.01005  24.1%  14.1 2641s
 2668073 725483   90.43238   60   49  112.00000   85.01716  24.1%  14.1 2646s
 2672214 726383     cutoff   72       112.00000   85.02466  24.1%  14.1 2652s
 2674083 726824   92.98232   59   58  112.00000   85.02854  24.1%  14.1 2655s
 2677995 727565     cutoff   64       112.00000   85.03297  24.1%  14.1 2660s
 2682041 728535   89.30000   60   34  112.00000   85.04452  24.1%  14.1 2665s
 2686347 729334  101.00000   63   24  112.00000   85.05208  24.1%  14.1 2670s
 2690014 730180   94.51113   71   33  112.00000   85.05992  24.1%  14.1 2676s
 2694058 730840   88.65805   61   70  112.00000   85.06949  24.0%  14.1 2681s
 2697799 731596  101.10860   66   47  112.00000   85.07750  24.0%  14.1 2686s
 2701550 732633   88.91728   58   49  112.00000   85.08666  24.0%  14.1 2692s
 2705652 733279   87.47256   63   74  112.00000   85.09766  24.0%  14.1 2697s
 2709252 734112  105.00000   59   41  112.00000   85.10671  24.0%  14.1 2702s
 2713106 734704  101.00000   64   39  112.00000   85.11540  24.0%  14.1 2707s
 2714999 735210     cutoff   63       112.00000   85.12016  24.0%  14.1 2710s
 2719169 735870   99.00000   68   26  112.00000   85.12819  24.0%  14.1 2715s
 2723061 736708  103.34312   60   46  112.00000   85.14045  24.0%  14.1 2720s
 2726816 737548  106.79518   67   38  112.00000   85.14815  24.0%  14.1 2726s
 2731021 738288   95.61985   66   49  112.00000   85.15625  24.0%  14.1 2731s
 2734848 739138     cutoff   61       112.00000   85.16667  24.0%  14.1 2736s
 2738414 739890  109.00000   68   26  112.00000   85.17356  24.0%  14.1 2742s
 2741026 740198  105.00000   62   32  112.00000   85.17929  23.9%  14.1 2745s
 2744175 741029     cutoff   65       112.00000   85.18792  23.9%  14.1 2750s
 2748146 741797  107.55870   54   49  112.00000   85.19947  23.9%  14.1 2755s
 2752272 742688   88.81990   61   42  112.00000   85.20755  23.9%  14.1 2760s
 2756043 743466     cutoff   65       112.00000   85.21444  23.9%  14.1 2765s
 2760072 744154   93.65463   57   56  112.00000   85.22476  23.9%  14.1 2771s
 2764096 745047   93.20673   70   60  112.00000   85.23496  23.9%  14.1 2775s
 2767817 745798   99.20920   70   35  112.00000   85.24321  23.9%  14.1 2780s
 2770919 746538     cutoff   63       112.00000   85.25372  23.9%  14.1 2785s
 2774625 747191   92.84989   58   53  112.00000   85.26356  23.9%  14.1 2790s
 2778138 747988   99.01296   73   26  112.00000   85.27319  23.9%  14.1 2795s
 2782061 748645   87.32105   67   39  112.00000   85.28200  23.9%  14.1 2800s
 2785936 749503     cutoff   76       112.00000   85.29304  23.8%  14.1 2805s
 2789136 750388   85.32997   57   52  112.00000   85.30303  23.8%  14.1 2810s
 2792870 751137   88.00000   64   49  112.00000   85.31250  23.8%  14.1 2815s
 2797273 751981   85.34545   58   49  112.00000   85.32177  23.8%  14.1 2821s
 2800895 752705   89.72852   61   60  112.00000   85.33167  23.8%  14.1 2826s
 2804830 753537   87.19949   56   59  112.00000   85.33847  23.8%  14.1 2831s
 2808554 754328   88.06971   67   55  112.00000   85.34718  23.8%  14.1 2837s
 2810476 754676   99.91831   68   40  112.00000   85.35273  23.8%  14.1 2840s
 2814021 755354   93.00000   62   46  112.00000   85.36443  23.8%  14.1 2845s
 2818370 756339  105.55417   68   42  112.00000   85.37363  23.8%  14.1 2851s
 2821919 757237   93.00368   71   44  112.00000   85.38367  23.8%  14.1 2857s
 2826118 757900     cutoff   65       112.00000   85.39412  23.8%  14.1 2862s
 2827754 758329 infeasible   79       112.00000   85.39931  23.8%  14.1 2865s
 2832352 759183  107.00000   67   14  112.00000   85.40948  23.7%  14.1 2870s
 2835799 760024     cutoff   59       112.00000   85.41881  23.7%  14.1 2875s
 2839621 760632     cutoff   73       112.00000   85.43006  23.7%  14.1 2880s
 2843171 761540     cutoff   71       112.00000   85.43939  23.7%  14.1 2885s
 2847011 762485   87.31457   55   58  112.00000   85.44792  23.7%  14.1 2891s
 2851286 763334     cutoff   68       112.00000   85.45455  23.7%  14.1 2896s
 2854757 764086  104.46429   71   28  112.00000   85.46212  23.7%  14.1 2901s
 2858373 764842   95.79478   70   34  112.00000   85.47076  23.7%  14.1 2906s
 2861579 765480   94.12500   56   48  112.00000   85.48026  23.7%  14.1 2911s
 2865368 766161     cutoff   61       112.00000   85.48918  23.7%  14.1 2916s
 2868824 766921     cutoff   79       112.00000   85.49900  23.7%  14.1 2922s
 2872717 767524 infeasible   60       112.00000   85.50166  23.7%  14.1 2927s
 2874484 767944     cutoff   76       112.00000   85.50721  23.7%  14.1 2930s
 2878383 768820   90.34255   72   39  112.00000   85.51839  23.6%  14.1 2935s
 2882144 769701   91.01733   63   59  112.00000   85.52610  23.6%  14.1 2941s
 2886194 770464     cutoff   63       112.00000   85.53731  23.6%  14.1 2947s
 2888097 770950   89.91098   63   61  112.00000   85.54136  23.6%  14.1 2950s
 2892370 771702  110.00000   71   21  112.00000   85.54965  23.6%  14.1 2956s
 2896514 772499   85.63100   67   51  112.00000   85.55879  23.6%  14.1 2961s
 2899693 773182   88.98296   60   54  112.00000   85.56622  23.6%  14.1 2966s
 2903808 774165     cutoff   62       112.00000   85.57599  23.6%  14.1 2972s
 2905813 774405   88.16743   58   53  112.00000   85.58095  23.6%  14.1 2975s
 2909695 775182  110.00000   63   36  112.00000   85.58861  23.6%  14.1 2980s
 2913371 775957     cutoff   62       112.00000   85.59885  23.6%  14.1 2986s
 2917081 776572  104.50549   82   20  112.00000   85.60714  23.6%  14.1 2991s
 2918747 776581   91.00000   67   23  112.00000   85.61111  23.6%  14.1 2996s
 2920611 777265   97.77166   67   43  112.00000   85.61760  23.6%  14.1 3002s
 2922620 777572     cutoff   69       112.00000   85.62295  23.6%  14.1 3005s
 2926689 778365   98.20434   64   52  112.00000   85.63380  23.5%  14.1 3011s
 2930514 779075     cutoff   61       112.00000   85.64510  23.5%  14.1 3017s
 2932498 779445   85.77355   64   69  112.00000   85.65000  23.5%  14.1 3020s
 2936280 780268     cutoff   68       112.00000   85.65928  23.5%  14.1 3025s
 2940468 781028   95.58554   58   50  112.00000   85.66667  23.5%  14.1 3031s
 2944226 781723  109.19713   74   31  112.00000   85.67586  23.5%  14.1 3037s
 2946414 782019   99.58824   74   22  112.00000   85.68133  23.5%  14.1 3040s
 2950171 782840   99.00000   68   33  112.00000   85.69151  23.5%  14.1 3046s
 2953949 783351  105.33333   64   47  112.00000   85.70005  23.5%  14.1 3051s
 2957685 784144   93.31139   62   43  112.00000   85.70967  23.5%  14.1 3057s
 2960000 784527  110.93610   57   59  112.00000   85.71537  23.5%  14.1 3060s
 2963671 785486   98.00145   73   47  112.00000   85.72551  23.5%  14.1 3067s
 2966280 785885   93.85914   57   62  112.00000   85.73002  23.5%  14.1 3070s
 2969972 786367  100.48754   63   48  112.00000   85.73808  23.4%  14.1 3075s
 2972548 787135     cutoff   68       112.00000   85.74227  23.4%  14.1 3081s
 2976141 787810   87.71739   63   59  112.00000   85.75143  23.4%  14.1 3087s
 2978154 788282     cutoff   69       112.00000   85.75776  23.4%  14.1 3091s
 2982529 789003   94.51997   65   41  112.00000   85.76797  23.4%  14.1 3097s
 2984383 789395  102.30569   67   49  112.00000   85.77285  23.4%  14.1 3100s
 2988488 790274   89.98555   66   52  112.00000   85.78205  23.4%  14.1 3105s
 2992328 791063   96.83532   70   51  112.00000   85.79259  23.4%  14.1 3112s
 2994710 791424   92.46643   68   41  112.00000   85.79660  23.4%  14.1 3115s
 2998559 792269   90.15323   63   48  112.00000   85.80000  23.4%  14.1 3122s
 3001174 792647   95.18359   66   46  112.00000   85.80827  23.4%  14.1 3125s
 3005168 793520   93.00000   72   26  112.00000   85.81728  23.4%  14.1 3131s
 3009158 794170   91.37949   65   42  112.00000   85.82637  23.4%  14.1 3136s
 3012854 794911  107.40000   63   31  112.00000   85.83469  23.4%  14.1 3142s
 3016227 795641   88.84358   58   43  112.00000   85.84231  23.4%  14.1 3147s
 3018258 796064 infeasible   75       112.00000   85.84717  23.4%  14.1 3150s
 3022173 796832 infeasible   73       112.00000   85.85562  23.3%  14.1 3155s
 3026120 797582   97.23457   71   28  112.00000   85.86292  23.3%  14.1 3161s
 3029792 798123  106.44451   65   32  112.00000   85.87122  23.3%  14.1 3166s
 3033320 798882   98.00000   70   32  112.00000   85.87879  23.3%  14.1 3171s
 3036756 799643     cutoff   68       112.00000   85.88897  23.3%  14.1 3176s
 3040484 800415  101.50000   58   39  112.00000   85.89877  23.3%  14.1 3182s
 3042449 800850   88.80892   63   60  112.00000   85.90370  23.3%  14.1 3185s
 3046776 801451  100.08642   69   21  112.00000   85.91101  23.3%  14.1 3191s
 3050524 802358     cutoff   69       112.00000   85.92216  23.3%  14.1 3197s
 3054073 803193     cutoff   75       112.00000   85.93068  23.3%  14.1 3202s
 3056274 803602   88.49007   63   50  112.00000   85.93623  23.3%  14.1 3205s
 3059869 804373  108.25641   66   19  112.00000   85.94382  23.3%  14.1 3211s
 3063423 804895   91.33333   65   21  112.00000   85.95490  23.3%  14.1 3215s
 3067038 805589   86.91402   68   49  112.00000   85.96419  23.2%  14.1 3221s
 3070795 806237   90.39913   67   65  112.00000   85.97454  23.2%  14.1 3227s
 3072686 806757   91.07938   68   41  112.00000   85.97864  23.2%  14.1 3230s
 3076774 807519   98.05494   63   42  112.00000   85.98557  23.2%  14.1 3235s
 3080729 808414   91.50620   68   50  112.00000   85.99504  23.2%  14.1 3242s
 3083081 809049 infeasible   80       112.00000   85.99999  23.2%  14.1 3246s
 3085821 809842   95.10606   65   38  112.00000   86.00000  23.2%  14.1 3251s
 3091416 810680   87.08197   68   40  112.00000   86.00000  23.2%  14.1 3259s
 3094355 811079   87.11979   68   40  112.00000   86.00000  23.2%  14.1 3262s
 3096760 811585  102.00000   70   28  112.00000   86.00000  23.2%  14.1 3266s
 3099339 812019     cutoff   76       112.00000   86.00000  23.2%  14.1 3270s
 3104394 813087   91.97037   65   52  112.00000   86.00000  23.2%  14.1 3279s
 3107551 813337   93.73077   65   32  112.00000   86.00000  23.2%  14.1 3282s
 3109368 813801   92.19983   75   43  112.00000   86.00000  23.2%  14.1 3285s
 3113455 814436   88.82292   73   45  112.00000   86.00322  23.2%  14.1 3290s
 3117253 815099  105.00000   71   22  112.00000   86.01117  23.2%  14.1 3296s
 3120516 815746   93.87605   57   64  112.00000   86.01896  23.2%  14.1 3301s
 3124602 816512   86.57535   61   67  112.00000   86.02635  23.2%  14.1 3306s
 3127812 817078  101.30939   75   34  112.00000   86.03368  23.2%  14.1 3312s
 3129694 817508  104.53283   67   41  112.00000   86.03812  23.2%  14.1 3315s
 3133712 818153   98.19886   70   32  112.00000   86.04709  23.2%  14.1 3321s
 3137729 818865   98.37369   63   32  112.00000   86.05479  23.2%  14.1 3327s
 3139609 819259   86.15664   59   55  112.00000   86.05915  23.2%  14.1 3330s
 3143844 820090   92.96356   65   49  112.00000   86.06840  23.2%  14.1 3337s
 3146172 820353  107.44114   66   43  112.00000   86.07326  23.1%  14.1 3340s
 3150093 821373  106.84844   60   42  112.00000   86.08227  23.1%  14.1 3346s
 3153629 822013  100.04167   69   35  112.00000   86.09253  23.1%  14.1 3351s
 3157904 822904   89.75349   66   46  112.00000   86.10096  23.1%  14.1 3357s
 3159690 823244   89.03160   63   59  112.00000   86.10523  23.1%  14.1 3360s
 3163654 824054   99.04965   73   36  112.00000   86.11368  23.1%  14.1 3366s
 3167337 824724  103.07961   65   43  112.00000   86.12220  23.1%  14.1 3373s
 3169488 825060  103.18714   60   38  112.00000   86.12531  23.1%  14.1 3376s
 3173495 825896  105.95833   69   42  112.00000   86.13538  23.1%  14.1 3382s
 3175780 826340   96.66427   55   40  112.00000   86.14050  23.1%  14.1 3385s
 3179789 827240   97.11350   66   40  112.00000   86.14806  23.1%  14.1 3391s
 3183930 828007   95.22674   68   64  112.00000   86.15625  23.1%  14.1 3397s
 3185855 828383   99.28104   62   59  112.00000   86.16003  23.1%  14.1 3400s
 3189903 829145     cutoff   82       112.00000   86.16667  23.1%  14.1 3408s
 3192094 829690  110.04000   72   23  112.00000   86.17045  23.1%  14.1 3411s
 3195920 830302  104.80000   65   26  112.00000   86.18015  23.1%  14.1 3417s
 3197970 830893   94.93274   69   42  112.00000   86.18403  23.0%  14.1 3420s
 3202151 831503   98.28845   67   38  112.00000   86.19268  23.0%  14.1 3426s
 3206047 832214  107.40091   54   51  112.00000   86.20126  23.0%  14.1 3431s
 3209611 832863   89.15052   55   55  112.00000   86.20764  23.0%  14.1 3437s
 3211428 833356   97.50000   66   36  112.00000   86.21368  23.0%  14.1 3440s
 3215684 834033  102.66667   64   40  112.00000   86.22306  23.0%  14.1 3447s
 3219635 834595   92.67715   64   37  112.00000   86.23133  23.0%  14.1 3452s
 3222745 835347   98.14933   71   28  112.00000   86.23953  23.0%  14.1 3457s
 3224877 835658  103.35263   60   38  112.00000   86.24442  23.0%  14.1 3460s
 3228689 836564   95.00000   75   29  112.00000   86.25226  23.0%  14.1 3466s
 3232645 837381   86.42340   63   62  112.00000   86.26287  23.0%  14.1 3472s
 3234743 837882   89.61652   58   67  112.00000   86.26829  23.0%  14.1 3475s
 3239044 838648  104.00000   68   15  112.00000   86.27620  23.0%  14.1 3481s
 3242758 839408   93.51164   69   44  112.00000   86.28696  23.0%  14.1 3487s
 3244631 839813     cutoff   69       112.00000   86.29221  23.0%  14.1 3490s
 3248443 840416 infeasible   66       112.00000   86.30161  22.9%  14.1 3495s
 3251946 841114     cutoff   70       112.00000   86.31046  22.9%  14.1 3501s
 3255679 841876   94.00000   62   38  112.00000   86.31990  22.9%  14.1 3507s
 3257565 842270     cutoff   61       112.00000   86.32425  22.9%  14.1 3510s
 3261595 843123     cutoff   64       112.00000   86.33333  22.9%  14.1 3516s
 3265777 843721   96.76923   72   24  112.00000   86.33856  22.9%  14.1 3521s
 3269090 844580   87.36048   61   64  112.00000   86.34742  22.9%  14.1 3527s
 3271100 844915     cutoff   65       112.00000   86.35239  22.9%  14.1 3530s
 3274468 845715   87.42459   64   61  112.00000   86.36094  22.9%  14.1 3536s
 3278495 846455   95.74194   71   49  112.00000   86.37013  22.9%  14.1 3541s
 3280258 846821     cutoff   59       112.00000   86.37394  22.9%  14.1 3545s
 3284710 847682   96.52440   63   35  112.00000   86.38298  22.9%  14.1 3552s
 3287784 848049 infeasible   72       112.00000   86.38869  22.9%  14.1 3555s
 3290808 848904     cutoff   73       112.00000   86.39685  22.9%  14.1 3561s
 3294371 849767   88.00000   69   32  112.00000   86.40354  22.9%  14.1 3567s
 3298321 850421     cutoff   72       112.00000   86.41253  22.8%  14.1 3572s
 3302077 851198   93.38645   62   56  112.00000   86.41973  22.8%  14.1 3577s
 3305279 851948     cutoff   74       112.00000   86.42857  22.8%  14.1 3582s
 3307340 852258     cutoff   70       112.00000   86.43387  22.8%  14.1 3585s
 3310878 853109   90.62145   58   55  112.00000   86.44172  22.8%  14.1 3591s
 3314976 853725 infeasible   68       112.00000   86.45097  22.8%  14.1 3597s
 3316758 854002  108.34167   70   21  112.00000   86.45455  22.8%  14.1 3600s

Cutting planes:
  Learned: 180
  Gomory: 204
  Lift-and-project: 2
  Cover: 11
  Implied bound: 3
  MIR: 1516
  StrongCG: 463
  Flow cover: 2806
  Inf proof: 65
  Zero half: 175
  Mod-K: 1
  RLT: 27
  Relax-and-lift: 12

Explored 3318448 nodes (46804907 simplex iterations) in 3600.23 seconds (715.74 work units)
Thread count was 16 (of 16 available processors)

Solution count 10: 112 116 119 ... 139

Time limit reached
Best objective 1.120000000000e+02, best bound 8.700000000000e+01, gap 22.3214%
Warning: constraint name "precedence between 0,0 to 0,2 if x_[0,0,0,2,3]=0, i.e. 0,2 before 0,0" has a space
Warning: constraint name "precedence between 0,0 to 0,2 if x_[0,0,0,2,3]=0, i.e. 0,2 before 0,0" has a space
Warning: default constraint names used to write mps file
