
Gurobi 10.0.1 (win64) logging started Thu Oct  5 12:48:13 2023

Set parameter LogFile to value "./results//log/BA_13_deadline_heurFalse.log"
Gurobi Optimizer version 10.0.1 build v10.0.1rc0 (win64)

CPU model: AMD Ryzen 7 3700X 8-Core Processor, instruction set [SSE2|AVX|AVX2]
Thread count: 8 physical cores, 16 logical processors, using up to 16 threads

Optimize a model with 674 rows, 451 columns and 2671 nonzeros
Model fingerprint: 0x1a23f5a5
Model has 1 quadratic constraint
Variable types: 0 continuous, 451 integer (396 binary)
Coefficient statistics:
  Matrix range     [1e+00, 1e+07]
  QMatrix range    [1e+00, 1e+00]
  QLMatrix range   [1e+00, 1e+01]
  Objective range  [1e+00, 1e+00]
  Bounds range     [1e+00, 1e+00]
  RHS range        [1e+00, 3e+07]
Presolve removed 99 rows and 168 columns
Presolve time: 0.01s
Presolved: 594 rows, 301 columns, 2647 nonzeros
Variable types: 0 continuous, 301 integer (228 binary)

Root relaxation: objective 0.000000e+00, 63 iterations, 0.00 seconds (0.00 work units)

    Nodes    |    Current Node    |     Objective Bounds      |     Work
 Expl Unexpl |  Obj  Depth IntInf | Incumbent    BestBd   Gap | It/Node Time

     0     0    0.00000    0    5          -    0.00000      -     -    0s
H    0     0                      93.0000000    0.00000   100%     -    0s
H    0     0                      92.0000000    0.00000   100%     -    0s
H    0     0                      55.0000000    0.00000   100%     -    0s
H    0     0                      48.0000000    0.00000   100%     -    0s
     0     0    0.00000    0    3   48.00000    0.00000   100%     -    0s
     0     0    0.00000    0   12   48.00000    0.00000   100%     -    0s
     0     0    0.00000    0   10   48.00000    0.00000   100%     -    0s
     0     0    0.00000    0    7   48.00000    0.00000   100%     -    0s
     0     0    0.00000    0   17   48.00000    0.00000   100%     -    0s
     0     0    0.00000    0   18   48.00000    0.00000   100%     -    0s
     0     0    0.00000    0    4   48.00000    0.00000   100%     -    0s
     0     0    0.00000    0    6   48.00000    0.00000   100%     -    0s
     0     0    0.00000    0    3   48.00000    0.00000   100%     -    0s
     0     0    0.00000    0    3   48.00000    0.00000   100%     -    0s
     0     2    0.00000    0    3   48.00000    0.00000   100%     -    0s
H  112   138                      45.0000000    0.00000   100%  11.3    0s
H  113   138                      41.0000000    0.00000   100%  11.2    0s
H  176   179                      38.0000000    0.00000   100%   9.2    0s
H  671   182                      37.0000000    0.00000   100%   3.5    0s
H 2517   190                      36.0000000    0.00000   100%   1.0    0s
H 2757   190                      33.0000000    0.00000   100%   0.9    0s
H16085   247                      31.0000000    0.00000   100%   0.2    1s
H16089   237                      27.0000000    0.00000   100%   0.2    1s
H16275   349                      21.0000000    0.00000   100%   1.2    2s
H29639  4859                      19.0000000    0.00000   100%   7.4    4s
 32817  5678    8.00000   45   26   19.00000    0.00000   100%   8.4    5s
 113920 23311    5.00000   49   12   19.00000    2.00000  89.5%  12.8   10s
 232892 38445   18.00000   46   12   19.00000    3.00000  84.2%  12.7   15s
 345428 45066 infeasible   44        19.00000    5.00000  73.7%  12.6   20s
 452370 46211 infeasible   45        19.00000    7.00000  63.2%  12.4   25s
 565540 43325   14.00000   43   15   19.00000    9.00000  52.6%  12.2   30s
 685012 34801   16.00000   42   13   19.00000   11.00000  42.1%  11.9   35s
 790879 23405   17.00000   46    9   19.00000   14.00000  26.3%  11.6   40s

Cutting planes:
  Learned: 4
  Gomory: 1
  Implied bound: 9
  MIR: 4
  StrongCG: 1
  Flow cover: 15
  GUB cover: 1
  RLT: 1

Explored 905899 nodes (10133113 simplex iterations) in 44.32 seconds (29.37 work units)
Thread count was 16 (of 16 available processors)

Solution count 10: 19 21 27 ... 45

Optimal solution found (tolerance 1.00e-04)
Best objective 1.900000000000e+01, best bound 1.900000000000e+01, gap 0.0000%
Warning: constraint name "precedence between 0,0 to 0,2 if x_[0,0,0,2,3]=0, i.e. 0,2 before 0,0" has a space
Warning: constraint name "precedence between 0,0 to 0,2 if x_[0,0,0,2,3]=0, i.e. 0,2 before 0,0" has a space
Warning: default constraint names used to write mps file
