
Gurobi 10.0.1 (win64) logging started Fri Oct  6 00:50:53 2023

Set parameter LogFile to value "./results//log/BA_17_makespan_heurFalse.log"
Gurobi Optimizer version 10.0.1 build v10.0.1rc0 (win64)

CPU model: AMD Ryzen 7 3700X 8-Core Processor, instruction set [SSE2|AVX|AVX2]
Thread count: 8 physical cores, 16 logical processors, using up to 16 threads

Optimize a model with 1774 rows, 1217 columns and 7983 nonzeros
Model fingerprint: 0x00f8d6fe
Variable types: 0 continuous, 1217 integer (1120 binary)
Coefficient statistics:
  Matrix range     [1e+00, 1e+07]
  Objective range  [1e+00, 1e+00]
  Bounds range     [1e+00, 1e+00]
  RHS range        [1e+00, 3e+07]
Presolve removed 112 rows and 533 columns
Presolve time: 0.03s
Presolved: 1662 rows, 684 columns, 7784 nonzeros
Variable types: 0 continuous, 684 integer (588 binary)

Root relaxation: objective 6.700000e+01, 162 iterations, 0.00 seconds (0.00 work units)

    Nodes    |    Current Node    |     Objective Bounds      |     Work
 Expl Unexpl |  Obj  Depth IntInf | Incumbent    BestBd   Gap | It/Node Time

     0     0   67.00000    0   76          -   67.00000      -     -    0s
H    0     0                     380.0000000   67.00000  82.4%     -    0s
H    0     0                     377.0000000   67.00000  82.2%     -    0s
H    0     0                     304.0000000   67.00000  78.0%     -    0s
     0     0   67.00000    0   55  304.00000   67.00000  78.0%     -    0s
     0     0   68.49403    0  127  304.00000   68.49403  77.5%     -    0s
     0     0   70.07373    0   65  304.00000   70.07373  76.9%     -    0s
     0     0   70.17384    0  103  304.00000   70.17384  76.9%     -    0s
     0     0   70.17384    0  113  304.00000   70.17384  76.9%     -    0s
H    0     0                     295.0000000   70.92543  76.0%     -    0s
     0     0   70.92543    0  109  295.00000   70.92543  76.0%     -    0s
     0     0   71.07570    0  116  295.00000   71.07570  75.9%     -    0s
     0     0   71.18648    0  115  295.00000   71.18648  75.9%     -    0s
     0     0   71.19162    0  127  295.00000   71.19162  75.9%     -    0s
     0     0   71.19162    0  124  295.00000   71.19162  75.9%     -    0s
     0     0   71.53148    0   88  295.00000   71.53148  75.8%     -    0s
     0     0   71.54043    0  112  295.00000   71.54043  75.7%     -    0s
     0     0   71.55325    0  117  295.00000   71.55325  75.7%     -    0s
     0     0   71.55835    0  115  295.00000   71.55835  75.7%     -    0s
     0     0   71.55835    0  112  295.00000   71.55835  75.7%     -    0s
     0     0   71.61394    0   94  295.00000   71.61394  75.7%     -    0s
     0     0   71.62230    0  122  295.00000   71.62230  75.7%     -    0s
     0     0   71.62628    0  117  295.00000   71.62628  75.7%     -    0s
     0     0   71.62628    0  120  295.00000   71.62628  75.7%     -    0s
     0     0   71.63384    0  106  295.00000   71.63384  75.7%     -    1s
H    0     0                     292.0000000   71.63384  75.5%     -    1s
     0     0   71.63384    0  121  292.00000   71.63384  75.5%     -    1s
     0     0   71.63546    0  127  292.00000   71.63546  75.5%     -    1s
     0     0   71.63546    0  128  292.00000   71.63546  75.5%     -    1s
     0     0   71.63546    0  128  292.00000   71.63546  75.5%     -    1s
     0     0   71.63546    0  123  292.00000   71.63546  75.5%     -    1s
     0     0   71.63584    0   78  292.00000   71.63584  75.5%     -    1s
     0     0   71.63584    0  106  292.00000   71.63584  75.5%     -    1s
     0     0   71.67324    0  130  292.00000   71.67324  75.5%     -    1s
H    0     0                     288.0000000   71.67324  75.1%     -    1s
     0     0   71.67324    0  118  288.00000   71.67324  75.1%     -    1s
     0     0   71.67570    0  115  288.00000   71.67570  75.1%     -    1s
H    0     0                     287.0000000   71.67570  75.0%     -    1s
     0     0   71.67570    0  109  287.00000   71.67570  75.0%     -    1s
     0     0   71.67570    0  113  287.00000   71.67570  75.0%     -    1s
H    0     0                     286.0000000   71.67570  74.9%     -    1s
     0     0   71.67572    0  133  286.00000   71.67572  74.9%     -    1s
     0     0   71.67572    0   83  286.00000   71.67572  74.9%     -    2s
     0     0   71.67572    0  107  286.00000   71.67572  74.9%     -    2s
     0     0   71.67580    0  122  286.00000   71.67580  74.9%     -    2s
     0     0   71.67580    0   70  286.00000   71.67580  74.9%     -    2s
     0     2   71.85742    0   63  286.00000   71.85742  74.9%     -    2s
H   87    96                     257.0000000   72.37867  71.8%  49.2    2s
H  197   203                     245.0000000   72.37867  70.5%  28.5    2s
H  589   384                     244.0000000   72.37867  70.3%  12.7    2s
H  671   384                     243.0000000   72.37867  70.2%  11.3    3s
 15644   386   74.27002    8   70  243.00000   72.37867  70.2%   0.5    5s
H15673   384                     241.0000000   74.95081  68.9%   0.5    6s
 15831   508   81.19323   29  120  241.00000   76.49431  68.3%   1.5   12s
H15838   484                     240.0000000   76.49431  68.1%   1.5   12s
H15974   559                     237.0000000   76.49431  67.7%   1.8   12s
H18611  2436                     235.0000000   77.70834  66.9%   4.7   14s
 20086  3518  140.64915   43   63  235.00000   78.92348  66.4%   5.9   15s
H25553  7373                     225.0000000   79.81342  64.5%   8.5   17s
 29432 10476   83.68446   32  127  225.00000   80.32351  64.3%   9.8   20s
 38309 16956   85.41412   39  114  225.00000   80.90095  64.0%  11.7   25s
H38441 16919                     224.0000000   80.90980  63.9%  11.7   25s
H38989 17096                     223.0000000   80.90980  63.7%  11.8   26s
H39011 16984                     221.0000000   80.90980  63.4%  11.8   26s
H39047 16936                     220.0000000   80.90980  63.2%  11.8   26s
H39082 16861                     219.0000000   80.90980  63.1%  11.8   26s
 41384 18243   83.81790   34   70  219.00000   81.04203  63.0%  12.2   31s
 41420 18267  212.00000   57  138  219.00000   81.04203  63.0%  12.2   35s
H41436 17363                     218.0000000   81.04203  62.8%  12.2   37s
 41447 17370  146.00000   49  143  218.00000   81.04203  62.8%  12.1   40s
 41478 17391  109.06726   37  133  218.00000   81.04203  62.8%  12.1   45s
 43314 18468  109.34397   65  105  218.00000   81.04203  62.8%  13.7   50s
 49184 20788  174.00000  101   42  218.00000   81.04203  62.8%  15.0   56s
 51894 22223   94.15324   45  127  218.00000   81.04203  62.8%  15.5   60s
 55919 23880     cutoff   64       218.00000   81.04203  62.8%  16.0   65s
 59603 25154   91.11379   44  121  218.00000   81.04203  62.8%  16.4   70s
 64168 26916   88.63381   50  130  218.00000   81.04203  62.8%  16.9   75s
 69075 28806   90.72900   51  120  218.00000   81.21770  62.7%  17.2   81s
 72002 30285   83.21350   51  145  218.00000   81.30109  62.7%  17.4   85s
 77500 32058   97.88567   51  114  218.00000   81.36369  62.7%  17.5   91s
 80068 32956   81.68868   50  132  218.00000   81.43201  62.6%  17.6   96s
 82567 33698   88.69554   54  120  218.00000   81.48678  62.6%  17.7  100s
 86011 34915  142.79652   73   64  218.00000   81.57806  62.6%  17.9  105s
 89535 36458  124.39831   67   76  218.00000   81.63319  62.6%  18.0  110s
 93824 37498   82.65097   47  134  218.00000   81.70023  62.5%  18.2  117s
 95905 38886   82.08879   50  136  218.00000   81.75771  62.5%  18.3  120s
 99157 40913  106.01835   67   96  218.00000   81.79770  62.5%  18.4  125s
 102213 43731  124.79789   54  109  218.00000   81.84531  62.5%  18.5  130s
 104249 43746   85.61846   54  156  218.00000   81.85819  62.5%  18.5  143s
 104266 44780   85.94837   55  141  218.00000   81.86094  62.4%  18.5  145s
 106555 48067  108.99816   54  108  218.00000   81.90286  62.4%  18.6  156s
 110599 48515   90.60551   54  137  218.00000   81.95004  62.4%  18.7  162s
 111161 50146  190.55956   91   46  218.00000   81.95770  62.4%  18.7  166s
 113403 52004   90.99914   66   98  218.00000   82.00665  62.4%  18.8  170s
 118053 55236  176.16500   60   59  218.00000   82.05737  62.4%  18.8  178s
 120063 56588  137.15643   63   80  218.00000   82.07152  62.4%  18.9  181s
 122250 58177   82.63344   50  104  218.00000   82.08879  62.3%  18.8  185s
 125932 60802  189.10870   90   31  218.00000   82.12781  62.3%  18.9  191s
 128060 62325  108.89901   54  101  218.00000   82.15383  62.3%  18.9  195s
 131834 64651  100.58844   67   95  218.00000   82.18256  62.3%  18.9  201s
 135237 66779   83.69807   58  106  218.00000   82.21408  62.3%  18.9  206s
 138411 69110   82.98797   47  143  218.00000   82.24755  62.3%  19.0  212s
 140210 70036  115.05161   82   70  218.00000   82.26538  62.3%  19.0  215s
 143392 72698  121.10870   74   62  218.00000   82.28283  62.3%  19.0  221s
 146308 74718   95.91538   54  122  218.00000   82.30683  62.2%  19.1  225s
 149943 77670   85.91956   57   95  218.00000   82.33300  62.2%  19.1  232s
 152231 78902     cutoff   85       218.00000   82.35590  62.2%  19.1  235s
 155773 81896  107.11283   50  133  218.00000   82.37667  62.2%  19.1  241s
 159539 84864  186.50852   86   51  218.00000   82.41074  62.2%  19.1  246s
 163254 86723   94.03433   45  114  218.00000   82.42932  62.2%  19.1  251s
 166194 88716  212.28154   84   50  218.00000   82.44678  62.2%  19.1  256s
 169503 91488  143.09483   78   53  218.00000   82.47088  62.2%  19.1  262s
 171465 92790   83.96790   55  130  218.00000   82.47766  62.2%  19.1  266s
 173197 94441   99.24412   61   82  218.00000   82.48592  62.2%  19.1  270s
 177196 96912  143.83063   67   62  218.00000   82.50225  62.2%  19.2  276s
 181021 99464   83.33193   46  155  218.00000   82.51501  62.1%  19.2  282s
 184471 101948   85.66093   53  130  218.00000   82.53500  62.1%  19.2  287s
 186099 103314   83.22671   51  130  218.00000   82.54404  62.1%  19.2  290s
 189573 105970   86.03465   47  143  218.00000   82.55130  62.1%  19.2  296s
 193216 108832  132.06196   71   67  218.00000   82.57407  62.1%  19.2  302s
 195523 109553   86.67338   59  107  218.00000   82.58483  62.1%  19.2  305s
 198406 110823  157.51311   89   60  218.00000   82.60503  62.1%  19.3  310s
 200353 113743  139.66223   84   61  218.00000   82.61214  62.1%  19.3  316s
 202483 115036   82.85429   48  139  218.00000   82.62070  62.1%  19.3  320s
 206038 117666   82.97085   47  137  218.00000   82.63784  62.1%  19.3  325s
 209627 120401   83.45923   50  139  218.00000   82.65078  62.1%  19.3  332s
 211516 122009  116.09682   64   64  218.00000   82.65281  62.1%  19.3  335s
 215657 124585  208.72156   69   49  218.00000   82.67927  62.1%  19.3  343s
 217462 126005  168.00000   85   40  218.00000   82.67989  62.1%  19.3  346s
 220403 127513  204.03704   97   40  218.00000   82.69483  62.1%  19.3  352s
 221426 128909   89.22451   55  121  218.00000   82.70389  62.1%  19.3  355s
 225656 132147   83.87736   55  134  218.00000   82.71153  62.1%  19.2  362s
 227767 133515   85.34931   55  127  218.00000   82.71163  62.1%  19.2  365s
 231269 135762  106.69815   60  107  218.00000   82.73381  62.0%  19.3  372s
 233053 136962  131.43482   66   85  218.00000   82.74023  62.0%  19.3  375s
 236722 139717  141.07001   63   72  218.00000   82.75377  62.0%  19.3  382s
 238733 140622  109.47872   60   73  218.00000   82.76203  62.0%  19.3  385s
 241366 142879   85.99837   52  126  218.00000   82.76965  62.0%  19.3  392s
 243105 144062  150.03278   70   49  218.00000   82.78146  62.0%  19.3  395s
 246726 147224  194.66667   68   50  218.00000   82.79266  62.0%  19.4  402s
 249152 148123   84.22423   57  141  218.00000   82.79686  62.0%  19.3  406s
 252112 150801  124.07672   63   91  218.00000   82.80421  62.0%  19.3  412s
 253836 151909  139.04024   69   61  218.00000   82.80947  62.0%  19.3  415s
 257209 154257  215.00000  111   22  218.00000   82.82305  62.0%  19.3  422s
 258401 155498  108.88755   65   83  218.00000   82.82731  62.0%  19.3  426s
 260204 157176  158.28627   78   70  218.00000   82.83390  62.0%  19.3  430s
 264671 160348   83.89897   53  130  218.00000   82.84789  62.0%  19.3  437s
 266813 161323  181.00000   83   40  218.00000   82.84834  62.0%  19.3  440s
 269705 163310  140.25019   57   89  218.00000   82.86705  62.0%  19.3  447s
 271216 164530   85.11687   51  141  218.00000   82.87345  62.0%  19.3  450s
 274331 166909   83.17265   55  135  218.00000   82.88777  62.0%  19.3  457s
 276316 168000  149.13523   62   77  218.00000   82.89348  62.0%  19.3  461s
 277997 169626   84.37103   52  135  218.00000   82.89901  62.0%  19.3  465s
 280927 171379  104.83226   50  132  218.00000   82.90771  62.0%  19.3  473s
 282617 173048   96.52381   72   96  218.00000   82.91606  62.0%  19.3  478s
 284771 174616  176.88095   95   49  218.00000   82.91797  62.0%  19.3  482s
 287060 175493   83.57270   48  135  218.00000   82.92600  62.0%  19.3  486s
 288350 176936  155.42241   77   68  218.00000   82.92915  62.0%  19.3  490s
 292243 179750  104.38296   49  119  218.00000   82.94291  62.0%  19.3  497s
 294045 180729   95.74275   70   78  218.00000   82.94799  62.0%  19.4  501s
 295546 181782  191.00000   84   30  218.00000   82.95360  61.9%  19.4  505s
 298960 184323   90.21494   58  121  218.00000   82.96508  61.9%  19.4  512s
 300926 185079   96.41680   55  132  218.00000   82.97469  61.9%  19.4  516s
 304125 187466   83.88156   48  135  218.00000   82.98661  61.9%  19.4  523s
 305567 188372  207.78697   76   52  218.00000   82.98991  61.9%  19.4  526s
 306885 189673   84.65681   51  136  218.00000   82.99401  61.9%  19.4  530s
 310915 192927  187.15385   96   30  218.00000   83.00658  61.9%  19.4  538s
 313074 194311   84.94481   46  148  218.00000   83.01260  61.9%  19.4  542s
 315013 195705   97.72814   46  127  218.00000   83.01657  61.9%  19.4  545s
 318488 198293  111.57956   54  124  218.00000   83.02447  61.9%  19.4  552s
 320268 199481   91.66089   61  132  218.00000   83.03204  61.9%  19.4  556s
 322005 200328   84.73619   56  131  218.00000   83.03781  61.9%  19.4  560s
 324535 202517  117.50314   78   77  218.00000   83.04738  61.9%  19.4  568s
 326618 204232  164.63506   86   58  218.00000   83.05189  61.9%  19.4  572s
 328883 205493  105.82184   74   79  218.00000   83.05954  61.9%  19.4  576s
 331294 207115  181.00000   69   46  218.00000   83.06544  61.9%  19.4  582s
 332931 208898  114.45482   72   95  218.00000   83.07223  61.9%  19.4  586s
 335409 210731   85.79130   54  146  218.00000   83.07871  61.9%  19.4  590s
 339284 213002   93.43772   60  111  218.00000   83.08506  61.9%  19.4  598s
 341100 214276   86.24567   62  129  218.00000   83.09395  61.9%  19.4  602s
 343128 215361  107.41492   71   73  218.00000   83.10170  61.9%  19.4  605s
 346229 216499  111.44423   80   92  218.00000   83.11272  61.9%  19.4  620s
 347312 218353   84.73754   49  124  218.00000   83.11566  61.9%  19.4  626s
 348876 219283  106.27414   58   86  218.00000   83.11868  61.9%  19.4  631s
 350225 220922   87.09237   53  130  218.00000   83.12348  61.9%  19.4  635s
 354120 223642  160.14270   75   59  218.00000   83.13757  61.9%  19.5  643s
 356120 224877  147.79082   85   46  218.00000   83.14339  61.9%  19.5  648s
 357955 226261   97.64295   54  107  218.00000   83.14688  61.9%  19.4  652s
 359974 227887  211.07353   84   28  218.00000   83.15167  61.9%  19.5  656s
 362115 228735   96.22240   58  139  218.00000   83.15520  61.9%  19.4  660s
 365298 231721  103.44243   73   90  218.00000   83.16531  61.9%  19.4  666s
 367206 232816  112.47599   63   64  218.00000   83.17095  61.8%  19.4  670s
 369904 235028  113.04554   69   75  218.00000   83.17564  61.8%  19.4  677s
 371724 236276  142.90000   71   54  218.00000   83.17862  61.8%  19.4  681s
 373470 237719  210.44288   78   62  218.00000   83.18338  61.8%  19.4  685s
 377641 240421  114.07846   52   83  218.00000   83.19471  61.8%  19.4  692s
 379261 241559   84.73470   53  135  218.00000   83.19736  61.8%  19.4  696s
 380925 243185  102.04528   60  100  218.00000   83.20193  61.8%  19.4  700s
 384634 245275  154.44503   89   49  218.00000   83.20862  61.8%  19.4  707s
 386174 246024   88.47707   58  108  218.00000   83.21260  61.8%  19.4  710s
 389240 248533  212.00000  106   24  218.00000   83.21713  61.8%  19.4  718s
 390653 249941   87.55312   49  116  218.00000   83.22301  61.8%  19.4  721s
 392374 251015  173.04274   88   46  218.00000   83.22529  61.8%  19.4  725s
 395114 252807  202.10359   76   39  218.00000   83.23131  61.8%  19.4  731s
 396737 253607   98.43312   68   92  218.00000   83.23887  61.8%  19.4  735s
 399551 256213  174.30904   89   56  218.00000   83.24439  61.8%  19.4  743s
 401549 256227  111.76271   52  138  218.00000   83.24951  61.8%  19.4  773s
 401567 267568  111.76271   53  135  218.00000   83.24959  61.8%  19.4  827s
 417583 269220   92.80588   59  122  218.00000   83.28609  61.8%  19.5  835s
 420003 270733  200.65854   91   31  218.00000   83.29165  61.8%  19.5  840s
 423949 273335   99.50746   52  119  218.00000   83.30321  61.8%  19.5  847s
 425845 273835   91.75813   49  112  218.00000   83.30941  61.8%  19.5  850s
 428551 276613   87.04226   48  131  218.00000   83.31422  61.8%  19.5  858s
 430523 278156   96.10386   62  106  218.00000   83.31912  61.8%  19.5  862s
 432709 279624  166.23499   71   67  218.00000   83.31933  61.8%  19.5  866s
 434863 280666   87.26906   56  118  218.00000   83.32884  61.8%  19.5  870s
 437847 283129  102.41002   63   99  218.00000   83.33545  61.8%  19.5  877s
 439565 284610   94.74523   57   91  218.00000   83.33827  61.8%  19.5  881s
 441448 285844  186.26882   74   46  218.00000   83.34166  61.8%  19.5  885s
 445277 288177  121.75376   66   67  218.00000   83.35222  61.8%  19.5  893s
 447066 289792   89.22856   48  123  218.00000   83.35467  61.8%  19.5  897s
 449235 291016  154.86667   86   45  218.00000   83.35818  61.8%  19.5  901s
 450916 292066  119.86745   58   86  218.00000   83.36220  61.8%  19.5  905s
 453875 294226   87.46963   58  111  218.00000   83.36869  61.8%  19.6  912s
 455658 295710  147.37387   68   56  218.00000   83.37254  61.8%  19.6  916s
 457563 297067  144.70481   76   52  218.00000   83.37797  61.8%  19.6  920s
 461359 299599  120.31539   71   68  218.00000   83.38405  61.8%  19.6  927s
 463180 300958  119.10975   64   80  218.00000   83.38659  61.7%  19.6  931s
 465044 302528  122.01945   63   78  218.00000   83.39043  61.7%  19.6  936s
 468633 305362   92.08369   48  134  218.00000   83.39464  61.7%  19.5  943s
 470738 306367   95.93491   64   73  218.00000   83.39753  61.7%  19.5  946s
 472309 307394   90.30755   63  127  218.00000   83.40115  61.7%  19.5  950s
 475379 309466   92.36126   49  127  218.00000   83.40638  61.7%  19.5  957s
 477160 310724   85.67866   51  128  218.00000   83.41236  61.7%  19.5  960s
 480546 313074   99.61284   50  106  218.00000   83.41792  61.7%  19.5  968s
 482087 314101   85.11388   53  129  218.00000   83.41897  61.7%  19.5  971s
 483613 315484   83.50323   53  148  218.00000   83.42577  61.7%  19.5  975s
 487838 317776   84.91695   52  149  218.00000   83.43393  61.7%  19.5  983s
 488808 318967   83.77829   55  138  218.00000   83.43649  61.7%  19.5  987s
 490538 320194  171.68061   73   63  218.00000   83.44029  61.7%  19.6  990s
 494003 322791  144.11068   81   60  218.00000   83.44825  61.7%  19.6  998s
 496117 323739   89.55310   55  137  218.00000   83.45172  61.7%  19.6 1001s
 497578 324885     cutoff   88       218.00000   83.45604  61.7%  19.6 1005s
 500943 326844   86.66820   57  139  218.00000   83.46449  61.7%  19.6 1013s
 502035 328093  120.71724   70   68  218.00000   83.46685  61.7%  19.6 1017s
 503823 329219  110.50173   59   98  218.00000   83.47012  61.7%  19.6 1021s
 506813 330452  106.32800   57  106  218.00000   83.47665  61.7%  19.6 1025s
 509258 332880   98.98119   60   88  218.00000   83.48342  61.7%  19.6 1032s
 511022 333821  113.65249   58   97  218.00000   83.48637  61.7%  19.6 1035s
 514200 336658  123.05830   69   77  218.00000   83.49233  61.7%  19.6 1043s
 516399 337516  104.54411   72   78  218.00000   83.49666  61.7%  19.6 1046s
 517489 338714  106.34825   72   90  218.00000   83.50038  61.7%  19.6 1050s
 520714 341276   84.32510   52  132  218.00000   83.50550  61.7%  19.6 1058s
 522744 341401  187.00000   88   40  218.00000   83.50727  61.7%  19.6 1064s
 522911 342570  195.18947   89   46  218.00000   83.50746  61.7%  19.6 1068s
 524535 343985  124.93807   84   73  218.00000   83.51425  61.7%  19.6 1072s
 526456 345454   83.74483   50  144  218.00000   83.51740  61.7%  19.6 1076s
 528411 346555  189.00000   81   34  218.00000   83.51909  61.7%  19.6 1080s
 532003 349428 infeasible   96       218.00000   83.52804  61.7%  19.6 1089s
 534156 350864  202.15957   85   39  218.00000   83.53260  61.7%  19.6 1093s
 536341 351778   84.62362   53  137  218.00000   83.53734  61.7%  19.6 1097s
 538090 353064   88.17797   58  118  218.00000   83.54118  61.7%  19.6 1101s
 541442 355377  102.34289   60   86  218.00000   83.54832  61.7%  19.7 1108s
 543254 356908   84.48324   60  120  218.00000   83.55301  61.7%  19.7 1112s
 545274 358553   84.80419   50  128  218.00000   83.55669  61.7%  19.7 1115s
 549201 361191   83.87032   52  152  218.00000   83.55864  61.7%  19.6 1123s
 551292 362224  150.43700   78   66  218.00000   83.56297  61.7%  19.6 1126s
 554196 365263  149.38054   75   73  218.00000   83.56530  61.7%  19.6 1133s
 556590 366429  104.43673   65   69  218.00000   83.56899  61.7%  19.6 1137s
 558369 367827  137.72976   67   55  218.00000   83.57354  61.7%  19.6 1140s
 560089 367878  103.81582   66   79  218.00000   83.57529  61.7%  19.6 1151s
 560168 368880  103.86967   67   75  218.00000   83.57558  61.7%  19.6 1155s
 563200 371024   83.75567   56  133  218.00000   83.58309  61.7%  19.6 1162s
 564804 372239  170.02874   80   66  218.00000   83.58630  61.7%  19.6 1167s
 566633 373463  129.56132   56   87  218.00000   83.58950  61.7%  19.6 1171s
 569980 375723   95.26210   56  107  218.00000   83.59670  61.7%  19.6 1179s
 571816 376862  103.71573   56  133  218.00000   83.60032  61.7%  19.6 1183s
 573494 378256   96.90389   51  126  218.00000   83.60558  61.6%  19.6 1187s
 575441 379595  163.61317   74   66  218.00000   83.60954  61.6%  19.6 1191s
 577579 380491  100.88281   53  135  218.00000   83.61275  61.6%  19.6 1196s
 579101 381533  121.73907   82   76  218.00000   83.61741  61.6%  19.6 1200s
 580591 382590  110.88274   57  138  218.00000   83.61937  61.6%  19.6 1205s
 583514 384925  191.06178   94   61  218.00000   83.62633  61.6%  19.7 1214s
 585357 386560  204.00000   92   35  218.00000   83.62960  61.6%  19.7 1219s
 587545 388549  177.17565   88   51  218.00000   83.63218  61.6%  19.7 1224s
 590435 389767   84.73344   48  122  218.00000   83.63527  61.6%  19.6 1229s
 592157 391251   86.69128   55  137  218.00000   83.63738  61.6%  19.7 1234s
 594466 392404  140.57302   70   73  218.00000   83.63993  61.6%  19.6 1238s
 596148 393045   92.27249   59  120  218.00000   83.64255  61.6%  19.7 1242s
 597000 394202   93.09711   47  103  218.00000   83.64438  61.6%  19.7 1246s
 598689 395533   90.35778   53   91  218.00000   83.64746  61.6%  19.7 1251s
 600653 396909  103.58280   56  123  218.00000   83.65033  61.6%  19.7 1256s
 602652 398010   86.78000   54  134  218.00000   83.65423  61.6%  19.7 1261s
 604266 399143   90.35406   60  140  218.00000   83.65893  61.6%  19.7 1265s
 605970 400349   84.58908   57  162  218.00000   83.66197  61.6%  19.7 1270s
 608084 401847  109.69820   60  134  218.00000   83.66614  61.6%  19.7 1275s
 611974 404239   95.32986   59   97  218.00000   83.67308  61.6%  19.7 1284s
 613508 406120   92.26242   59  122  218.00000   83.67739  61.6%  19.7 1291s
 617220 408123  207.10795   83   47  218.00000   83.68006  61.6%  19.7 1299s
 617527 408123   96.83835   57  112  218.00000   83.68107  61.6%  19.7 1300s
 618975 409514  186.09091   96   53  218.00000   83.68368  61.6%  19.8 1305s
 620966 410857   89.54715   54  149  218.00000   83.68667  61.6%  19.8 1311s
 622921 411904  190.37706   88   52  218.00000   83.69188  61.6%  19.8 1316s
 624448 413262     cutoff   83       218.00000   83.69506  61.6%  19.8 1322s
 626399 414862   87.26154   51  154  218.00000   83.69971  61.6%  19.8 1327s
 628376 416589  154.33333   71   50  218.00000   83.70206  61.6%  19.8 1333s
 630670 417757  107.90173   72   88  218.00000   83.70487  61.6%  19.8 1337s
 632339 418847  109.42482   55  106  218.00000   83.70814  61.6%  19.8 1342s
 634006 420019   93.45064   50  124  218.00000   83.71052  61.6%  19.8 1347s
 635396 421333  143.00000   78   56  218.00000   83.71257  61.6%  19.8 1353s
 637346 423096   90.24344   55  120  218.00000   83.71608  61.6%  19.8 1359s
 639692 424729  142.27481   63   97  218.00000   83.72209  61.6%  19.8 1365s
 642012 425481   93.11391   56  128  218.00000   83.72669  61.6%  19.8 1370s
 643088 426358  131.09396   70   85  218.00000   83.72829  61.6%  19.8 1375s
 644409 427970  142.52219   75   55  218.00000   83.73206  61.6%  19.8 1381s
 646552 429249  188.73469   88   62  218.00000   83.73295  61.6%  19.8 1386s
 648355 430478  118.57807   55  114  218.00000   83.73787  61.6%  19.8 1392s
 650179 431327   85.31541   58  142  218.00000   83.74264  61.6%  19.8 1397s
 651434 432560  112.93423   54  128  218.00000   83.74627  61.6%  19.9 1403s
 653232 433596  187.00000   94   52  218.00000   83.74824  61.6%  19.9 1409s
 654810 434476  107.85293   55  155  218.00000   83.75210  61.6%  19.9 1414s
 656146 436203  113.62892   67  102  218.00000   83.75643  61.6%  19.9 1421s
 658585 437408   84.27371   51  149  218.00000   83.76061  61.6%  19.9 1427s
 660296 438308   97.79252   59  119  218.00000   83.76354  61.6%  19.9 1431s
 661610 439662   87.75417   55  137  218.00000   83.76555  61.6%  19.9 1437s
 663623 440936   98.61093   51   99  218.00000   83.77174  61.6%  19.9 1443s
 665390 441829   85.70954   54  136  218.00000   83.77518  61.6%  19.9 1448s
 666791 443672   97.20936   67  117  218.00000   83.77920  61.6%  19.9 1454s
 669295 445104  201.00000   97   22  218.00000   83.78109  61.6%  19.9 1461s
 671450 446718     cutoff  107       218.00000   83.78499  61.6%  19.9 1466s
 673687 447853   93.64084   51  127  218.00000   83.78939  61.6%  19.9 1472s
 675288 448940  211.75000   79   43  218.00000   83.79354  61.6%  20.0 1477s
 676961 449774   85.82118   53  138  218.00000   83.79628  61.6%  20.0 1482s
 678334 451109   93.02982   55  111  218.00000   83.79978  61.6%  20.0 1488s
 680213 452417  129.83333   66   72  218.00000   83.80643  61.6%  20.0 1494s
 682191 453769     cutoff   76       218.00000   83.81134  61.6%  20.0 1500s
 684060 454790  101.23962   61  134  218.00000   83.81464  61.6%  20.0 1505s
 685693 455798  216.15642   74   33  218.00000   83.81735  61.6%  20.0 1511s
 687509 456898  112.21899   59  123  218.00000   83.82180  61.5%  20.0 1517s
 689183 457790  195.85945   81   52  218.00000   83.82505  61.5%  20.0 1523s
 690657 459113  136.61252   86   76  218.00000   83.82813  61.5%  20.0 1529s
 692485 460353  112.34779   53  118  218.00000   83.83138  61.5%  20.0 1534s
 694259 461451  214.71134   95   31  218.00000   83.83417  61.5%  20.0 1540s
 697181 464243   91.49573   56  117  218.00000   83.83981  61.5%  20.1 1552s
 699987 465303  134.69243   60  106  218.00000   83.84481  61.5%  20.1 1558s
 701532 466697  209.55486   89   35  218.00000   83.84848  61.5%  20.1 1564s
 703552 467531   99.27739   58   84  218.00000   83.85281  61.5%  20.1 1569s
 704685 468935  125.76828   60  102  218.00000   83.85589  61.5%  20.1 1575s
 706766 470092   88.67278   62  129  218.00000   83.85794  61.5%  20.1 1582s
 708453 471372   90.16108   52  154  218.00000   83.86189  61.5%  20.1 1588s
 710486 472102  140.96429   75   62  218.00000   83.86551  61.5%  20.1 1594s
 711807 472875   92.83930   55  121  218.00000   83.86716  61.5%  20.1 1599s
 712959 473793  127.13122   63   79  218.00000   83.87032  61.5%  20.1 1604s
 714502 475096  112.31561   63  108  218.00000   83.87313  61.5%  20.1 1611s
 716837 475434   87.88469   52  123  218.00000   83.87789  61.5%  20.1 1615s
 717326 479691  112.50657   65   99  218.00000   83.87834  61.5%  20.1 1635s
 723371 480428     cutoff   84       218.00000   83.88839  61.5%  20.1 1641s
 724563 481551  134.92308   67   67  218.00000   83.89267  61.5%  20.1 1647s
 726116 483160  191.51533   87   59  218.00000   83.89413  61.5%  20.1 1652s
 728375 484583  100.66698   61  133  218.00000   83.89887  61.5%  20.1 1659s
 730498 485624  195.10000   82   45  218.00000   83.90269  61.5%  20.2 1664s
 731982 486960   85.18137   53  130  218.00000   83.90508  61.5%  20.2 1670s
 733928 488314  122.10930   64  123  218.00000   83.90981  61.5%  20.2 1676s
 735893 489395  111.59636   64  105  218.00000   83.91555  61.5%  20.2 1682s
 737511 490087     cutoff   85       218.00000   83.91808  61.5%  20.2 1686s
 738551 492012  102.06115   51  121  218.00000   83.91990  61.5%  20.2 1694s
 740029 492012   85.26614   57  151  218.00000   83.92043  61.5%  20.2 1695s
 741417 493564  121.58660   70   64  218.00000   83.92652  61.5%  20.2 1700s
 743297 494693   99.21174   60  118  218.00000   83.92738  61.5%  20.2 1706s
 744954 494719  106.56128   57  117  218.00000   83.92921  61.5%  20.2 1727s
 744995 495508  107.42280   58  115  218.00000   83.92959  61.5%  20.2 1732s
 746122 496941  206.00000   84   24  218.00000   83.93223  61.5%  20.2 1739s
 748020 498183   98.16046   60  120  218.00000   83.93571  61.5%  20.2 1746s
 749888 499308  200.00000   82   40  218.00000   83.93940  61.5%  20.2 1752s
 751476 500396  193.27322   89   32  218.00000   83.94284  61.5%  20.2 1757s
 752946 501732   90.74217   62  121  218.00000   83.94428  61.5%  20.2 1764s
 754958 503519   87.45713   54  148  218.00000   83.94880  61.5%  20.3 1771s
 757303 504830   88.93332   55  136  218.00000   83.95238  61.5%  20.2 1778s
 759073 506038  217.00000   92   23  218.00000   83.95436  61.5%  20.3 1783s
 760782 507412  153.26421   75   54  218.00000   83.95676  61.5%  20.3 1788s
 762701 507737   93.50496   62  125  218.00000   83.96016  61.5%  20.3 1793s
 763277 509163  105.15007   66   99  218.00000   83.96107  61.5%  20.3 1799s
 765256 511070   84.89284   56  151  218.00000   83.96659  61.5%  20.3 1806s
 767742 512420  203.00000   77   37  218.00000   83.96978  61.5%  20.3 1812s
 769702 513620   88.09921   52  124  218.00000   83.97245  61.5%  20.3 1818s
 771407 514869  191.09677   77   42  218.00000   83.97774  61.5%  20.3 1824s
 773282 515851   92.57673   59  117  218.00000   83.98065  61.5%  20.3 1829s
 774730 517104   85.54183   56  138  218.00000   83.98382  61.5%  20.3 1835s
 776461 518662  104.43058   60   97  218.00000   83.98663  61.5%  20.3 1841s
 778469 519930  132.63236   75   87  218.00000   83.98864  61.5%  20.3 1846s
 780186 521162     cutoff   94       218.00000   83.99105  61.5%  20.3 1852s
 781909 522747  181.35294  100   40  218.00000   83.99466  61.5%  20.3 1857s
 783871 523930  105.52707   51  119  218.00000   83.99680  61.5%  20.3 1863s
 785607 524735   85.41324   56  144  218.00000   84.00009  61.5%  20.3 1868s
 786756 526014   99.94792   47  133  218.00000   84.00201  61.5%  20.3 1874s
 788524 527205  107.86568   71   89  218.00000   84.00547  61.5%  20.3 1879s
 790041 529149   97.65018   66   97  218.00000   84.00660  61.5%  20.3 1886s
 792565 530345  196.00000   86   45  218.00000   84.01009  61.5%  20.3 1891s
 794331 531569  123.18595   67   79  218.00000   84.01325  61.5%  20.3 1897s
 796182 532655  212.00000   89   23  218.00000   84.01714  61.5%  20.3 1904s
 797839 534348   90.85857   59  136  218.00000   84.02006  61.5%  20.3 1910s
 800103 535460  105.67074   60  103  218.00000   84.02219  61.5%  20.3 1916s
 801812 536651   92.90136   58  109  218.00000   84.02568  61.5%  20.3 1922s
 803645 537920  105.64272   60  121  218.00000   84.02900  61.5%  20.4 1928s
 805512 538835   86.65025   53  136  218.00000   84.03346  61.5%  20.4 1933s
 807056 540098  120.24370   72   69  218.00000   84.03638  61.5%  20.4 1939s
 808913 541145  179.20757   86   45  218.00000   84.03867  61.5%  20.4 1945s
 810448 542495   89.67330   51  141  218.00000   84.04311  61.4%  20.4 1951s
 812289 543889  157.39802   70   49  218.00000   84.04768  61.4%  20.4 1956s
 814094 544951     cutoff   81       218.00000   84.04929  61.4%  20.4 1963s
 816153 546440   89.04693   53  142  218.00000   84.05274  61.4%  20.4 1969s
 818133 547644  145.03996   71   71  218.00000   84.05626  61.4%  20.4 1974s
 819844 548163   85.67255   55  150  218.00000   84.06042  61.4%  20.4 1982s
 820567 549298   86.91632   56  124  218.00000   84.06080  61.4%  20.4 1988s
 822073 550787   85.78439   55  113  218.00000   84.06377  61.4%  20.4 1995s
 824240 551853   94.42989   53   99  218.00000   84.06872  61.4%  20.4 2000s
 825668 553498  103.81423   64  111  218.00000   84.07064  61.4%  20.4 2006s
 827833 554654   87.74294   51  137  218.00000   84.07411  61.4%  20.4 2012s
 829524 555877   87.01501   56  147  218.00000   84.07753  61.4%  20.4 2018s
 831391 557556   88.13394   60  131  218.00000   84.08086  61.4%  20.4 2024s
 833585 558859  111.87901   68   99  218.00000   84.08331  61.4%  20.4 2031s
 835431 560640   87.51007   55  153  218.00000   84.08576  61.4%  20.4 2037s
 837761 561987  101.59510   70  113  218.00000   84.08957  61.4%  20.4 2043s
 839695 563099   87.69816   56  129  218.00000   84.09234  61.4%  20.5 2049s
 841371 564052  109.70513   58  111  218.00000   84.09667  61.4%  20.5 2055s
 843126 565324  191.01477   80   53  218.00000   84.09954  61.4%  20.5 2061s
 845016 566529  156.26875   84   65  218.00000   84.10460  61.4%  20.5 2067s
 846723 567974  121.33251   73   60  218.00000   84.10727  61.4%  20.5 2073s
 848684 568512  189.80809   78   69  218.00000   84.11046  61.4%  20.5 2077s
 849522 569815  151.17241   84   58  218.00000   84.11235  61.4%  20.5 2083s
 851461 571418   86.71676   53  138  218.00000   84.11800  61.4%  20.5 2089s
 853521 572749  146.50122   93   62  218.00000   84.11976  61.4%  20.5 2095s
 855527 573902   96.83028   56  113  218.00000   84.12230  61.4%  20.5 2102s
 857178 575323   92.99960   55  135  218.00000   84.12655  61.4%  20.5 2108s
 859282 576981  114.57677   63   83  218.00000   84.13109  61.4%  20.5 2114s
 861483 578230  107.49401   56  125  218.00000   84.13523  61.4%  20.5 2121s
 863275 579704   85.52031   50  158  218.00000   84.13783  61.4%  20.5 2127s
 865255 581350  145.11661   78   62  218.00000   84.14021  61.4%  20.5 2133s
 867450 582529  191.71999  102   44  218.00000   84.14340  61.4%  20.5 2139s
 869232 583879   93.68731   57  123  218.00000   84.14766  61.4%  20.5 2145s
 871055 585307  113.22500   69   65  218.00000   84.15082  61.4%  20.5 2150s
 872863 586611  185.01786  103   40  218.00000   84.15325  61.4%  20.5 2157s
 874783 588140   92.25744   52  128  218.00000   84.15703  61.4%  20.5 2163s
 876979 589271  173.86413   81   55  218.00000   84.16113  61.4%  20.5 2169s
 878599 590424  100.58242   53  102  218.00000   84.16483  61.4%  20.6 2174s
 880258 591552   95.44014   62   98  218.00000   84.16808  61.4%  20.6 2180s
 881860 592867  161.29821   52   78  218.00000   84.17056  61.4%  20.6 2187s
 883882 594090   87.81616   50  133  218.00000   84.17376  61.4%  20.6 2192s
 885756 595150   85.78467   54  120  218.00000   84.17601  61.4%  20.6 2197s
 887317 596360   86.14585   58  121  218.00000   84.17631  61.4%  20.6 2203s
 889114 597756  105.12600   66  115  218.00000   84.18317  61.4%  20.6 2209s
 890933 599142  104.49657   59  115  218.00000   84.18647  61.4%  20.6 2214s
 892868 599921  204.00000   86   31  218.00000   84.18678  61.4%  20.6 2219s
 894238 600953   88.95003   53  149  218.00000   84.19043  61.4%  20.6 2225s
 895620 602566  161.16129   94   52  218.00000   84.19297  61.4%  20.6 2231s
 897852 604345  124.76705   79   67  218.00000   84.19611  61.4%  20.6 2237s
 900175 605452  119.85701   71   85  218.00000   84.20055  61.4%  20.6 2242s
 901805 606998   89.75610   51  134  218.00000   84.20329  61.4%  20.6 2248s
 903813 607842   85.85646   59  129  218.00000   84.20617  61.4%  20.6 2253s
 905094 609356   86.91291   54  141  218.00000   84.20983  61.4%  20.6 2259s
 907059 610473     cutoff   93       218.00000   84.21121  61.4%  20.6 2265s
 908700 611954  124.76878   63   79  218.00000   84.21315  61.4%  20.6 2271s
 910670 613054  122.51019   77   83  218.00000   84.21626  61.4%  20.6 2277s
 912254 613131  185.49922   80   46  218.00000   84.21941  61.4%  20.6 2290s
 912373 614520  185.49922   81   44  218.00000   84.21955  61.4%  20.6 2298s
 914466 616319  140.12500   78   55  218.00000   84.22477  61.4%  20.6 2305s
 916831 617958  106.98225   60  126  218.00000   84.22887  61.4%  20.6 2312s
 918996 619477   84.69019   59  134  218.00000   84.23188  61.4%  20.6 2319s
 921200 620322   90.09813   55  125  218.00000   84.23465  61.4%  20.6 2326s
 922478 621871   93.49775   63   97  218.00000   84.23687  61.4%  20.6 2333s
 924786 622753  179.66780   72   58  218.00000   84.24061  61.4%  20.6 2339s
 926342 624268  105.81571   65   89  218.00000   84.24281  61.4%  20.6 2345s
 928491 625746   87.67370   51  148  218.00000   84.24669  61.4%  20.6 2352s
 930454 627066     cutoff   86       218.00000   84.24947  61.4%  20.6 2358s
 932404 628233   86.66578   53  123  218.00000   84.25277  61.4%  20.6 2364s
 934158 629063     cutoff   79       218.00000   84.25716  61.3%  20.6 2370s
 935371 630739     cutoff   86       218.00000   84.26052  61.3%  20.6 2377s
 937837 632058  110.14608   58  126  218.00000   84.26381  61.3%  20.6 2383s
 939583 633721  156.82258   67   73  218.00000   84.26756  61.3%  20.7 2389s
 941820 635543  150.10938   86   50  218.00000   84.27042  61.3%  20.7 2396s
 944409 636886  121.54605   64   62  218.00000   84.27346  61.3%  20.6 2401s
 946146 637478   98.06550   62  119  218.00000   84.27551  61.3%  20.6 2406s
 947058 638802  118.41139   56  103  218.00000   84.27866  61.3%  20.6 2412s
 948860 640163  160.04396   73   79  218.00000   84.28008  61.3%  20.7 2418s
 950851 641811  128.69023   79   81  218.00000   84.28206  61.3%  20.7 2424s
 953156 643121   85.78937   53  133  218.00000   84.28644  61.3%  20.7 2431s
 954966 644289  191.00000   76   40  218.00000   84.29046  61.3%  20.7 2436s
 956673 645514  111.25334   62  117  218.00000   84.29532  61.3%  20.7 2442s
 958491 646684   87.27756   60  131  218.00000   84.29994  61.3%  20.7 2448s
 960304 648219  116.54816   59   95  218.00000   84.30330  61.3%  20.7 2454s
 961369 648219  181.00000   73   54  218.00000   84.30389  61.3%  20.7 2455s
 962277 649671  104.15533   55  129  218.00000   84.30588  61.3%  20.7 2461s
 964421 651083  194.00000  102   33  218.00000   84.30845  61.3%  20.7 2467s
 966375 652178   86.59403   57  136  218.00000   84.31326  61.3%  20.7 2473s
 967953 653603   96.32800   53  140  218.00000   84.31673  61.3%  20.7 2479s
 969892 654453  208.12319   72   44  218.00000   84.31978  61.3%  20.7 2484s
 971113 655702  114.15764   61   92  218.00000   84.32098  61.3%  20.7 2490s
 972938 657264   95.64580   57  111  218.00000   84.32408  61.3%  20.7 2497s
 975037 658738  149.91420   70   69  218.00000   84.32686  61.3%  20.7 2503s
 977132 660010  121.56851   69   79  218.00000   84.32841  61.3%  20.7 2508s
 978735 661570  180.28762   91   34  218.00000   84.33163  61.3%  20.7 2513s
 980788 662781  109.50642   59   89  218.00000   84.33335  61.3%  20.7 2519s
 982654 663933   94.47279   60  130  218.00000   84.33697  61.3%  20.7 2524s
 984148 665068     cutoff   75       218.00000   84.33856  61.3%  20.7 2529s
 985875 665954   87.52504   55  140  218.00000   84.34112  61.3%  20.7 2534s
 987147 667154  199.20067   96   39  218.00000   84.34371  61.3%  20.7 2539s
 988351 667154  154.15209   69   46  218.00000   84.34515  61.3%  20.7 2540s
 988996 667888   84.65709   55  151  218.00000   84.34567  61.3%  20.7 2545s
 990229 669610 infeasible   89       218.00000   84.34778  61.3%  20.7 2550s
 992355 670785   86.20143   54  139  218.00000   84.34916  61.3%  20.7 2556s
 994479 672023  201.45048   87   61  218.00000   84.35125  61.3%  20.7 2561s
 996271 673556   88.69610   50  124  218.00000   84.35542  61.3%  20.7 2567s
 998329 674572   98.98188   58  114  218.00000   84.35745  61.3%  20.7 2572s
 999816 675553  151.46444   77   68  218.00000   84.36015  61.3%  20.7 2578s
 1001605 676854  101.79982   59  100  218.00000   84.36453  61.3%  20.7 2583s
 1003178 678666  205.62116   92   48  218.00000   84.36663  61.3%  20.7 2589s
 1005679 679591   87.35196   55  118  218.00000   84.36892  61.3%  20.7 2594s
 1007271 680448     cutoff   91       218.00000   84.37290  61.3%  20.7 2599s
 1008143 680448  100.70303   54  132  218.00000   84.37405  61.3%  20.7 2600s
 1008769 681582   85.81770   56  136  218.00000   84.37615  61.3%  20.7 2605s
 1010483 682518  113.15900   69   82  218.00000   84.37880  61.3%  20.7 2610s
 1011902 683336  196.22346   77   33  218.00000   84.38101  61.3%  20.7 2615s
 1012995 684674   91.09205   57  130  218.00000   84.38270  61.3%  20.7 2621s
 1014993 686010  110.87996   65   97  218.00000   84.38495  61.3%  20.7 2627s
 1016921 687330   94.91195   55  106  218.00000   84.38839  61.3%  20.7 2634s
 1018840 688323  152.73949   73   67  218.00000   84.39174  61.3%  20.7 2640s
 1020366 689548  206.23750   84   45  218.00000   84.39441  61.3%  20.7 2647s
 1022214 690645  130.23519   68   81  218.00000   84.39704  61.3%  20.7 2653s
 1023892 691895   98.19392   67  134  218.00000   84.40040  61.3%  20.7 2660s
 1025759 693153  176.49545   85   47  218.00000   84.40179  61.3%  20.7 2667s
 1027627 694476   91.84048   67  111  218.00000   84.40470  61.3%  20.8 2673s
 1029550 696226   88.62413   49  117  218.00000   84.40773  61.3%  20.8 2680s
 1032072 697435   95.98058   64  109  218.00000   84.41246  61.3%  20.8 2687s
 1033839 698360   85.25995   53  144  218.00000   84.41549  61.3%  20.8 2692s
 1035252 699458     cutoff   92       218.00000   84.41769  61.3%  20.8 2699s
 1036890 700914   91.77528   61  120  218.00000   84.42165  61.3%  20.8 2706s
 1039179 702371   87.51749   54  158  218.00000   84.42487  61.3%  20.8 2713s
 1041201 703612  210.00000   87   36  218.00000   84.42942  61.3%  20.8 2719s
 1043004 704668   84.80502   51  142  218.00000   84.43325  61.3%  20.8 2724s
 1044003 704668  127.71777   58   83  218.00000   84.43470  61.3%  20.8 2725s
 1044577 705931   93.66609   66   98  218.00000   84.43660  61.3%  20.8 2730s
 1046369 707174  114.26597   59  120  218.00000   84.43834  61.3%  20.8 2736s
 1048161 708456  189.82609   96   49  218.00000   84.44339  61.3%  20.8 2743s
 1050111 709562   85.09162   53  129  218.00000   84.44736  61.3%  20.8 2749s
 1051735 710799   89.32085   55  137  218.00000   84.45081  61.3%  20.8 2755s
 1053536 712460  146.46512   71   88  218.00000   84.45300  61.3%  20.8 2761s
 1055706 713520  126.38539   62   78  218.00000   84.45479  61.3%  20.8 2766s
 1057256 714844  113.97693   85   83  218.00000   84.45705  61.3%  20.8 2772s
 1059136 716001  207.15578  116   26  218.00000   84.46058  61.3%  20.8 2777s
 1060941 717394  104.16635   60  120  218.00000   84.46390  61.3%  20.8 2784s
 1062831 718527  151.95649   72   75  218.00000   84.46562  61.3%  20.8 2790s
 1064581 720643  102.34240   54  125  218.00000   84.47009  61.3%  20.8 2796s
 1067474 721451  172.53812   91   40  218.00000   84.47123  61.3%  20.8 2801s
 1068812 722571   87.41361   47  137  218.00000   84.47413  61.3%  20.8 2806s
 1070370 723882  102.66785   64  122  218.00000   84.47633  61.2%  20.8 2811s
 1072058 724951   91.65921   53  138  218.00000   84.47707  61.2%  20.8 2817s
 1073680 726075   85.74134   55  129  218.00000   84.48073  61.2%  20.8 2822s
 1075364 727159  176.73333   70   46  218.00000   84.48352  61.2%  20.8 2828s
 1076979 728405   95.44307   56  113  218.00000   84.48641  61.2%  20.8 2834s
 1078787 729463   87.98080   54  138  218.00000   84.48942  61.2%  20.8 2839s
 1080333 730722   88.02372   60  103  218.00000   84.49288  61.2%  20.8 2845s
 1082184 731905   93.15500   62  134  218.00000   84.49676  61.2%  20.8 2851s
 1083884 733591   97.90244   56  134  218.00000   84.50060  61.2%  20.8 2858s
 1086075 734694  202.00000   93   40  218.00000   84.50390  61.2%  20.8 2864s
 1087710 735911   88.89520   59  126  218.00000   84.50582  61.2%  20.8 2870s
 1089503 737274  112.22562   55  133  218.00000   84.51142  61.2%  20.8 2877s
 1091491 738708  149.22379   74   53  218.00000   84.51408  61.2%  20.8 2882s
 1093456 739876   86.19446   54  150  218.00000   84.51730  61.2%  20.8 2888s
 1095220 740949   94.40091   62  110  218.00000   84.52099  61.2%  20.8 2894s
 1096763 742443   93.01756   57  120  218.00000   84.52474  61.2%  20.8 2901s
 1098992 743398   84.70288   59  138  218.00000   84.52844  61.2%  20.8 2906s
 1100668 744201   86.94700   57  135  218.00000   84.53054  61.2%  20.8 2912s
 1101786 745654  115.26360   54  117  218.00000   84.53249  61.2%  20.9 2918s
 1103949 746822  110.43904   60   81  218.00000   84.53601  61.2%  20.9 2923s
 1105557 748293     cutoff   80       218.00000   84.53863  61.2%  20.9 2930s
 1107666 749027  101.56621   54  132  218.00000   84.54264  61.2%  20.9 2935s
 1108699 750694  128.07822   68   88  218.00000   84.54458  61.2%  20.9 2941s
 1110871 752202  149.00000   95   39  218.00000   84.54760  61.2%  20.9 2948s
 1113080 753921  151.07205   79   84  218.00000   84.55114  61.2%  20.9 2954s
 1115319 755209  100.25907   65  130  218.00000   84.55511  61.2%  20.9 2961s
 1117279 756785   87.60210   56  122  218.00000   84.55788  61.2%  20.9 2967s
 1119314 758029  111.14906   72   92  218.00000   84.56212  61.2%  20.9 2973s
 1121158 759229  108.46796   53  112  218.00000   84.56545  61.2%  20.9 2979s
 1123119 760530  176.32184   71   53  218.00000   84.56719  61.2%  20.9 2985s
 1124894 761704  106.54636   51  121  218.00000   84.56934  61.2%  20.9 2990s
 1126631 763183   86.57848   54  134  218.00000   84.57242  61.2%  20.9 2997s
 1128586 764431  178.13899   76   56  218.00000   84.57523  61.2%  20.9 3002s
 1130448 765544   93.81196   62  126  218.00000   84.57785  61.2%  20.9 3008s
 1132084 766775   96.42975   60   98  218.00000   84.58087  61.2%  20.9 3014s
 1133887 768050   87.49006   56  149  218.00000   84.58388  61.2%  20.9 3020s
 1135729 769280   91.97298   54  122  218.00000   84.58799  61.2%  20.9 3026s
 1137500 770440  196.29348   93   36  218.00000   84.59002  61.2%  20.9 3032s
 1139025 772143   91.45998   55  138  218.00000   84.59154  61.2%  20.9 3038s
 1141165 773278   93.79904   66  127  218.00000   84.59298  61.2%  20.9 3044s
 1142743 773278  183.17838  104   30  218.00000   84.59375  61.2%  20.9 3045s
 1143152 774816   85.79625   59  124  218.00000   84.59620  61.2%  20.9 3051s
 1145209 776024  214.47458   88   39  218.00000   84.59927  61.2%  20.9 3057s
 1146937 777643   86.64597   52  146  218.00000   84.60171  61.2%  20.9 3063s
 1149061 779128   88.57789   62  124  218.00000   84.60360  61.2%  20.9 3069s
 1150907 779128  181.00000   76   45  218.00000   84.60427  61.2%  20.9 3070s
 1152480 780823   85.49809   55  124  218.00000   84.60807  61.2%  20.9 3079s
 1153623 781868  146.00000   72   52  218.00000   84.60970  61.2%  20.9 3085s
 1155244 783574  102.16139   71  108  218.00000   84.61430  61.2%  20.9 3091s
 1157508 784616  215.01130  101   35  218.00000   84.61657  61.2%  20.9 3096s
 1159073 785928     cutoff   91       218.00000   84.61983  61.2%  20.9 3102s
 1160986 787198  105.88322   57  115  218.00000   84.62293  61.2%  20.9 3108s
 1162713 788439  144.42556   73   66  218.00000   84.62550  61.2%  20.9 3114s
 1164529 789532  104.23598   56  111  218.00000   84.62754  61.2%  20.9 3120s
 1166143 790890     cutoff  106       218.00000   84.63075  61.2%  20.9 3126s
 1168156 792185  103.32474   59  111  218.00000   84.63457  61.2%  20.9 3132s
 1169984 793352  181.02254   84   48  218.00000   84.63733  61.2%  20.9 3138s
 1171614 794631  120.53049   63  113  218.00000   84.63909  61.2%  20.9 3144s
 1173455 795546     cutoff   85       218.00000   84.64334  61.2%  20.9 3149s
 1174813 797023  152.11140   75   71  218.00000   84.64546  61.2%  20.9 3156s
 1176916 798216   86.84185   53  141  218.00000   84.64828  61.2%  20.9 3163s
 1178740 799239  129.03125   77   69  218.00000   84.65136  61.2%  20.9 3170s
 1180547 800531   90.16454   64  145  218.00000   84.65458  61.2%  20.9 3176s
 1182469 801952   85.67646   57  120  218.00000   84.65904  61.2%  20.9 3183s
 1184463 803241  176.11865   78   53  218.00000   84.66263  61.2%  20.9 3190s
 1186387 804143   90.74339   60  137  218.00000   84.66595  61.2%  20.9 3195s
 1187705 805444  103.79585   54  131  218.00000   84.66785  61.2%  20.9 3201s
 1189539 807255  114.78688   57   98  218.00000   84.67184  61.2%  20.9 3208s
 1192152 807951  132.68421   69   56  218.00000   84.67345  61.2%  20.9 3213s
 1193164 808997  197.00000   81   45  218.00000   84.67533  61.2%  20.9 3217s
 1194680 809996  169.69715   78   51  218.00000   84.67709  61.2%  20.9 3223s
 1196174 811381   96.21690   56  125  218.00000   84.68048  61.2%  20.9 3229s
 1197714 811381  171.14564   86   54  218.00000   84.68182  61.2%  20.9 3230s
 1198091 812630   86.04566   55  140  218.00000   84.68306  61.2%  20.9 3235s
 1199813 813928   88.25659   61  112  218.00000   84.68576  61.2%  20.9 3241s
 1201710 815248  101.52033   63  100  218.00000   84.68840  61.2%  20.9 3247s
 1203561 816504 infeasible  100       218.00000   84.69151  61.2%  20.9 3253s
 1205324 817234   96.50703   62   97  218.00000   84.69461  61.1%  21.0 3259s
 1206451 818473   88.95846   54  152  218.00000   84.69562  61.1%  21.0 3265s
 1208300 819647  131.21826   81   61  218.00000   84.69929  61.1%  21.0 3272s
 1210035 820990  205.13892   92   37  218.00000   84.70218  61.1%  21.0 3278s
 1211916 822203  103.68169   69   98  218.00000   84.70544  61.1%  21.0 3284s
 1213760 823054   98.57271   62  119  218.00000   84.70871  61.1%  21.0 3290s
 1215062 824432   86.47790   58  132  218.00000   84.71241  61.1%  21.0 3296s
 1217086 825617   88.34147   49  128  218.00000   84.71411  61.1%  21.0 3302s
 1218801 827073  114.52444   57   82  218.00000   84.71768  61.1%  21.0 3310s
 1220975 828189   96.42072   56  129  218.00000   84.72038  61.1%  21.0 3316s
 1222593 829756  136.01143   66   49  218.00000   84.72354  61.1%  21.0 3323s
 1224668 831044   89.26314   61  132  218.00000   84.72749  61.1%  21.0 3330s
 1226671 832362   93.13803   60   92  218.00000   84.72956  61.1%  21.0 3338s
 1228589 833438  196.13998   87   48  218.00000   84.73260  61.1%  21.0 3344s
 1230149 834683  147.00293   76   64  218.00000   84.73560  61.1%  21.0 3351s
 1231980 836479   85.25280   52  135  218.00000   84.73734  61.1%  21.0 3358s
 1234325 837404  145.00000   89   57  218.00000   84.74047  61.1%  21.0 3363s
 1235687 838462     cutoff   92       218.00000   84.74194  61.1%  21.0 3369s
 1237240 839325   95.32867   49  135  218.00000   84.74618  61.1%  21.0 3375s
 1238489 840376   94.09945   56  115  218.00000   84.74756  61.1%  21.0 3381s
 1240352 841712  113.78732   61   82  218.00000   84.75142  61.1%  21.0 3388s
 1242278 842879   85.08459   52  140  218.00000   84.75406  61.1%  21.0 3394s
 1243854 844092  112.26475   54  107  218.00000   84.75667  61.1%  21.0 3400s
 1245697 845372  100.78979   51  127  218.00000   84.75839  61.1%  21.0 3407s
 1247604 846593  103.53193   53  139  218.00000   84.76230  61.1%  21.0 3413s
 1249264 847931   88.84818   56  143  218.00000   84.76471  61.1%  21.0 3420s
 1251289 849239  186.01425   92   50  218.00000   84.76910  61.1%  21.0 3426s
 1253127 850189   87.86925   56  145  218.00000   84.77201  61.1%  21.0 3433s
 1254615 851945   87.03494   55  131  218.00000   84.77447  61.1%  21.0 3441s
 1256978 852850  183.11486   69   51  218.00000   84.77865  61.1%  21.0 3447s
 1258356 854227  119.80359   64   74  218.00000   84.78118  61.1%  21.0 3455s
 1260347 855655  139.07077   57   86  218.00000   84.78366  61.1%  21.0 3462s
 1262398 856969  112.33110   75  104  218.00000   84.78821  61.1%  21.0 3470s
 1264370 858373  105.67599   56  125  218.00000   84.79142  61.1%  21.0 3477s
 1266262 860504  121.55478   78   83  218.00000   84.79385  61.1%  21.0 3484s
 1269044 861866   88.36802   66  134  218.00000   84.79587  61.1%  21.0 3490s
 1270905 863028   90.05706   54  127  218.00000   84.79781  61.1%  21.0 3496s
 1272522 863968   98.20059   64  105  218.00000   84.79902  61.1%  21.0 3502s
 1273898 865306   92.17237   60  131  218.00000   84.80130  61.1%  21.0 3509s
 1275788 866552   85.79961   58  145  218.00000   84.80419  61.1%  21.0 3516s
 1277666 867869   94.35930   54  127  218.00000   84.80678  61.1%  21.0 3523s
 1279483 868791  158.00000   71   48  218.00000   84.80980  61.1%  21.0 3529s
 1279978 868791  127.32381   68   73  218.00000   84.81034  61.1%  21.0 3530s
 1280864 870131  200.57857   65   52  218.00000   84.81296  61.1%  21.0 3537s
 1282902 871370  133.72282   73   83  218.00000   84.81802  61.1%  21.1 3543s
 1284626 872639  120.07528   58  100  218.00000   84.82006  61.1%  21.1 3550s
 1286580 873910  125.79333   70   67  218.00000   84.82398  61.1%  21.1 3557s
 1288490 875030   94.78343   57  108  218.00000   84.82717  61.1%  21.1 3564s
 1289947 876540  152.14318   64   83  218.00000   84.82951  61.1%  21.1 3573s
 1292203 877998  105.36295   58   90  218.00000   84.83292  61.1%  21.1 3581s
 1294321 879279  107.96811   59  112  218.00000   84.83636  61.1%  21.1 3589s
 1296183 880503     cutoff  105       218.00000   84.83894  61.1%  21.1 3596s
 1297989 881549   92.80226   52  134  218.00000   84.84292  61.1%  21.1 3600s

Cutting planes:
  Learned: 479
  Gomory: 266
  Cover: 24
  Implied bound: 3
  MIR: 2277
  StrongCG: 843
  Flow cover: 6037
  Inf proof: 58
  Zero half: 341
  Mod-K: 1
  RLT: 81
  Relax-and-lift: 14

Explored 1299249 nodes (27407435 simplex iterations) in 3600.46 seconds (651.42 work units)
Thread count was 16 (of 16 available processors)

Solution count 10: 218 219 220 ... 240

Time limit reached
Best objective 2.180000000000e+02, best bound 8.500000000000e+01, gap 61.0092%
Warning: constraint name "precedence between 0,0 to 0,2 if x_[0,0,0,2,3]=0, i.e. 0,2 before 0,0" has a space
Warning: constraint name "precedence between 0,0 to 0,2 if x_[0,0,0,2,3]=0, i.e. 0,2 before 0,0" has a space
Warning: default constraint names used to write mps file
