
Gurobi 10.0.1 (win64) logging started Thu Oct  5 17:50:07 2023

Set parameter LogFile to value "./results//log/BA_15_makespan_heurTrue.log"
Gurobi Optimizer version 10.0.1 build v10.0.1rc0 (win64)

CPU model: AMD Ryzen 7 3700X 8-Core Processor, instruction set [SSE2|AVX|AVX2]
Thread count: 8 physical cores, 16 logical processors, using up to 16 threads

Optimize a model with 797 rows, 568 columns and 3389 nonzeros
Model fingerprint: 0x3a4c9255
Variable types: 0 continuous, 568 integer (504 binary)
Coefficient statistics:
  Matrix range     [1e+00, 1e+07]
  Objective range  [1e+00, 1e+00]
  Bounds range     [1e+00, 1e+00]
  RHS range        [1e+00, 3e+07]

Warning: Completing partial solution with 526 unfixed non-continuous variables out of 568
User MIP start did not produce a new incumbent solution
User MIP start violates constraint initial_start_time_job0_stage0_machine2_constraint by 1.000000000

Found heuristic solution: objective 185.0000000
Presolve removed 82 rows and 236 columns
Presolve time: 0.01s
Presolved: 715 rows, 332 columns, 3244 nonzeros
Variable types: 0 continuous, 332 integer (269 binary)

Root relaxation: objective 5.400000e+01, 96 iterations, 0.00 seconds (0.00 work units)

    Nodes    |    Current Node    |     Objective Bounds      |     Work
 Expl Unexpl |  Obj  Depth IntInf | Incumbent    BestBd   Gap | It/Node Time

     0     0   54.00000    0    6  185.00000   54.00000  70.8%     -    0s
H    0     0                     154.0000000   54.00000  64.9%     -    0s
     0     0   55.00000    0   20  154.00000   55.00000  64.3%     -    0s
     0     0   55.00000    0   42  154.00000   55.00000  64.3%     -    0s
H    0     0                     150.0000000   56.12325  62.6%     -    0s
     0     0   56.13257    0   22  150.00000   56.13257  62.6%     -    0s
     0     0   56.25262    0   54  150.00000   56.25262  62.5%     -    0s
     0     0   56.25262    0   66  150.00000   56.25262  62.5%     -    0s
     0     0   56.61808    0   60  150.00000   56.61808  62.3%     -    0s
H    0     0                     148.0000000   56.61836  61.7%     -    0s
     0     0   56.61836    0   61  148.00000   56.61836  61.7%     -    0s
     0     0   56.62353    0   61  148.00000   56.62353  61.7%     -    0s
     0     0   56.62628    0   61  148.00000   56.62628  61.7%     -    0s
     0     0   56.62628    0   68  148.00000   56.62628  61.7%     -    0s
     0     0   56.63477    0   51  148.00000   56.63477  61.7%     -    0s
     0     0   56.73495    0   65  148.00000   56.73495  61.7%     -    0s
     0     0   56.73495    0   69  148.00000   56.73495  61.7%     -    0s
     0     0   56.92752    0   68  148.00000   56.92752  61.5%     -    0s
     0     0   56.92752    0   70  148.00000   56.92752  61.5%     -    0s
     0     0   56.94515    0   70  148.00000   56.94515  61.5%     -    0s
     0     0   56.95601    0   75  148.00000   56.95601  61.5%     -    0s
     0     0   56.95601    0   75  148.00000   56.95601  61.5%     -    0s
     0     0   56.95601    0   74  148.00000   56.95601  61.5%     -    0s
     0     0   56.95601    0   75  148.00000   56.95601  61.5%     -    0s
H    0     0                     145.0000000   56.95601  60.7%     -    0s
     0     0   56.95601    0   76  145.00000   56.95601  60.7%     -    0s
     0     0   56.95601    0   71  145.00000   56.95601  60.7%     -    0s
     0     0   56.95601    0   45  145.00000   56.95601  60.7%     -    0s
     0     0   56.95601    0   54  145.00000   56.95601  60.7%     -    0s
H    0     0                     139.0000000   56.95601  59.0%     -    0s
     0     0   56.95601    0   40  139.00000   56.95601  59.0%     -    0s
     0     0   56.95601    0   37  139.00000   56.95601  59.0%     -    0s
     0     2   57.34945    0   35  139.00000   57.34945  58.7%     -    0s
H  611   326                     133.0000000   58.30214  56.2%   5.8    1s
H10627   438                     127.0000000   58.30214  54.1%   0.5    1s
H12316   443                     126.0000000   58.30214  53.7%   0.4    2s
H12351   440                     122.0000000   58.30214  52.2%   0.4    2s
 19220  3566   69.27068   48   58  122.00000   62.05264  49.1%   2.6    5s
 42004 18752   95.00000   50   37  122.00000   63.62789  47.8%   5.8   10s
 42057 18787  117.77269   52   99  122.00000   64.99855  46.7%   5.8   15s
 42106 18820   79.88574   49  112  122.00000   69.07910  43.4%   5.8   20s
 42161 18857   88.48929   49   99  122.00000   71.05654  41.8%   5.8   25s
 47039 20185 infeasible   65       122.00000   71.35002  41.5%   8.1   30s
 55556 22220   71.35002   52   79  122.00000   71.35002  41.5%   9.4   35s
 64494 24103   88.00000   48   36  122.00000   71.35002  41.5%  10.5   40s
 73391 25455   75.00299   51   80  122.00000   71.35002  41.5%  11.1   45s
 82714 26844   71.35002   59   53  122.00000   71.35002  41.5%  11.6   50s
H92009 25923                     120.0000000   71.35002  40.5%  11.9   54s
 92193 26483  110.00000   69   20  120.00000   71.35002  40.5%  11.9   55s
 101946 30112   76.27212   54   63  120.00000   71.35002  40.5%  12.2   60s
 111966 34714   71.35002   59   71  120.00000   71.35002  40.5%  12.5   65s
 120606 38115   71.35002   58   72  120.00000   71.35002  40.5%  12.7   70s
H125087 39585                     119.0000000   71.35002  40.0%  12.8   74s
 125904 40187   95.07518   69   37  119.00000   71.35002  40.0%  12.8   75s
 133924 43739  113.29687   55   39  119.00000   71.35002  40.0%  12.9   80s
 139985 46363  104.68750   59   45  119.00000   71.35002  40.0%  13.0   85s
 147839 49788   71.35002   57   76  119.00000   71.35002  40.0%  13.1   90s
 154688 52871  106.24028   60   23  119.00000   71.35002  40.0%  13.2   95s
 161350 55771  107.37500   57   34  119.00000   71.35002  40.0%  13.3  100s
 169519 59049  116.45205   72   17  119.00000   71.35002  40.0%  13.4  105s
 175955 61868   84.50000   65   41  119.00000   71.35002  40.0%  13.5  110s
 184434 65393   83.55107   53   72  119.00000   71.35002  40.0%  13.5  115s
 190978 68039   75.23333   50   58  119.00000   71.35002  40.0%  13.6  120s
 197736 70958  105.65674   54   53  119.00000   71.35002  40.0%  13.6  125s
 200872 71612  112.41547   58   54  119.00000   71.35002  40.0%  13.7  131s
 203985 73419     cutoff   66       119.00000   71.35002  40.0%  13.7  135s
 211435 76053  102.54014   71   39  119.00000   71.40252  40.0%  13.7  140s
 218609 78855   88.97161   59   82  119.00000   71.53582  39.9%  13.7  146s
 223685 81226  102.00000   74   23  119.00000   71.63228  39.8%  13.8  150s
 230781 84006  103.83040   60   47  119.00000   71.76799  39.7%  13.8  155s
 237646 86850  112.28220   54   36  119.00000   71.90419  39.6%  13.8  160s
 242753 88700     cutoff   68       119.00000   71.99955  39.5%  13.8  165s
 249571 91537  114.05118   67   29  119.00000   72.11272  39.4%  13.8  170s
 256282 94075   84.06323   56   70  119.00000   72.24429  39.3%  13.9  176s
 260882 96413   93.38639   55   52  119.00000   72.32692  39.2%  13.9  180s
 268270 99305   98.83485   67   34  119.00000   72.46169  39.1%  13.9  185s
 275542 102138   99.58158   61   51  119.00000   72.58523  39.0%  13.9  190s
 282525 105011  104.00000   56   19  119.00000   72.69890  38.9%  13.9  195s
 289640 108062   78.51570   51   85  119.00000   72.81546  38.8%  13.9  200s
 295893 110424  100.53503   59   41  119.00000   72.93690  38.7%  14.0  205s
 303298 113268  102.00000   74   19  119.00000   73.05774  38.6%  14.0  211s
 310291 115871  115.99163   64   32  119.00000   73.17708  38.5%  14.0  215s
 317045 118483   83.07330   60   47  119.00000   73.29067  38.4%  14.0  220s
 321764 120471   88.02852   53   79  119.00000   73.38001  38.3%  14.0  225s
 328922 123259     cutoff   59       119.00000   73.46997  38.3%  14.0  230s
 335531 125895   90.97546   61   68  119.00000   73.56991  38.2%  14.0  235s
 339075 127371  101.98285   68   37  119.00000   73.62547  38.1%  14.1  240s
 345762 130452   77.58766   49   79  119.00000   73.72405  38.0%  14.1  245s
 349721 131984   77.40062   54   72  119.00000   73.77337  38.0%  14.1  250s
 357372 134814   76.93432   63   68  119.00000   73.86445  37.9%  14.1  256s
 363843 137079  112.00000   76   18  119.00000   73.95478  37.9%  14.1  261s
 370890 139708   75.03240   64   63  119.00000   74.04165  37.8%  14.1  266s
 376398 141558   93.67612   70   29  119.00000   74.12746  37.7%  14.1  270s
 383004 144356   86.30010   55   66  119.00000   74.22001  37.6%  14.1  275s
 389513 147167   75.64750   57   68  119.00000   74.31325  37.6%  14.1  280s
 396398 149782   76.16214   58   73  119.00000   74.40026  37.5%  14.1  285s
 403679 152645     cutoff   61       119.00000   74.48163  37.4%  14.1  290s
 411339 155924   76.34323   56   70  119.00000   74.57600  37.3%  14.1  295s
 417846 158478  107.00000   69   33  119.00000   74.66765  37.3%  14.1  300s
 424598 161293     cutoff   73       119.00000   74.75308  37.2%  14.1  305s
 431564 164013   78.73590   58   64  119.00000   74.83082  37.1%  14.1  310s
 438761 166693   81.00000   56   56  119.00000   74.91560  37.0%  14.1  316s
 444683 168737   76.65091   59   67  119.00000   74.97932  37.0%  14.1  320s
 451107 171662     cutoff   86       119.00000   75.04157  36.9%  14.1  325s
 458050 174207     cutoff   55       119.00000   75.11879  36.9%  14.1  331s
 464871 176933   81.01879   55   53  119.00000   75.20335  36.8%  14.1  336s
 470166 178874  108.04861   68   27  119.00000   75.25875  36.8%  14.1  340s
 476579 181602   98.03081   70   50  119.00000   75.33135  36.7%  14.1  345s
 483814 184110     cutoff   65       119.00000   75.39384  36.6%  14.1  350s
 489804 186302     cutoff   61       119.00000   75.44904  36.6%  14.1  355s
 498008 189383   90.09649   70   48  119.00000   75.53569  36.5%  14.1  360s
 504521 191967  109.17840   66   40  119.00000   75.60218  36.5%  14.1  366s
 509341 193921   78.15923   61   64  119.00000   75.65477  36.4%  14.1  370s
 516354 196194   91.70963   58   63  119.00000   75.72413  36.4%  14.1  375s
 521795 198179   78.37247   63   52  119.00000   75.77687  36.3%  14.1  380s
 528368 200522 infeasible   75       119.00000   75.84942  36.3%  14.1  385s
 534282 203077   91.65116   62   64  119.00000   75.90771  36.2%  14.1  390s
 541347 205667   76.12199   59   62  119.00000   75.97077  36.2%  14.1  396s
 546787 207600   90.77226   56   48  119.00000   76.00850  36.1%  14.1  400s
 553387 210289  111.00000   57   20  119.00000   76.07205  36.1%  14.1  406s
 558766 212347   89.00000   71   25  119.00000   76.13087  36.0%  14.1  410s
 564361 214241   86.59912   58   60  119.00000   76.18050  36.0%  14.1  415s
 571029 216890   82.59764   57   54  119.00000   76.23531  35.9%  14.1  421s
 576384 218661   85.15973   61   51  119.00000   76.28116  35.9%  14.1  425s
 583611 221344   90.94236   62   37  119.00000   76.33468  35.9%  14.1  430s
 590142 223449   91.00000   71   27  119.00000   76.39439  35.8%  14.1  435s
 596981 225879   89.26691   61   53  119.00000   76.45700  35.8%  14.1  440s
 601959 227818   89.86293   54   64  119.00000   76.50045  35.7%  14.1  445s
 608612 230488     cutoff   76       119.00000   76.56245  35.7%  14.1  450s
 615410 232707     cutoff   75       119.00000   76.60964  35.6%  14.1  456s
 620437 234671 infeasible   69       119.00000   76.65042  35.6%  14.1  460s
 625940 236571  117.00000   64   22  119.00000   76.69608  35.5%  14.1  465s
 632996 239473   96.98451   58   56  119.00000   76.74291  35.5%  14.1  471s
 638191 241332   86.64187   68   51  119.00000   76.78779  35.5%  14.1  475s
 645093 243804   78.91677   57   48  119.00000   76.84566  35.4%  14.1  481s
 650370 245615  110.11667   68   36  119.00000   76.88295  35.4%  14.1  485s
 655634 247574   79.33286   63   63  119.00000   76.92287  35.4%  14.1  490s
 662410 249757  107.00000   73   22  119.00000   76.97592  35.3%  14.1  495s
 669486 252044  109.14553   73   34  119.00000   77.01090  35.3%  14.1  501s
 674298 254030   99.77152   62   48  119.00000   77.04922  35.3%  14.1  505s
 679417 255869   83.06881   60   75  119.00000   77.09091  35.2%  14.1  510s
 686649 258614  116.57576   61   40  119.00000   77.14285  35.2%  14.1  516s
 691977 260196   79.83513   58   59  119.00000   77.18036  35.1%  14.1  520s
 697502 262027   82.67742   58   49  119.00000   77.22060  35.1%  14.1  525s
 704024 264502   89.91594   69   50  119.00000   77.26862  35.1%  14.1  530s
 710656 266956   81.82943   55   75  119.00000   77.31118  35.0%  14.1  536s
 716164 268860   83.15519   57   74  119.00000   77.35641  35.0%  14.1  540s
 721481 270935   93.29483   59   56  119.00000   77.39225  35.0%  14.1  545s
 726861 272763   96.93939   84   27  119.00000   77.43337  34.9%  14.1  550s
 734120 275239   87.76559   66   47  119.00000   77.48226  34.9%  14.1  556s
 739192 277284   93.84706   71   36  119.00000   77.51222  34.9%  14.1  560s
 744799 278985  107.00000   74   23  119.00000   77.55256  34.8%  14.1  565s
 751761 281399  116.26190   66   26  119.00000   77.60140  34.8%  14.1  571s
 757116 283026   78.94382   55   55  119.00000   77.62850  34.8%  14.1  575s
 762150 284765   92.86291   56   61  119.00000   77.66793  34.7%  14.1  580s
 769027 287338  105.00000   63   30  119.00000   77.71429  34.7%  14.1  586s
 774628 289268  110.00000   72   25  119.00000   77.74565  34.7%  14.0  591s
 779786 291232   87.43886   61   62  119.00000   77.77707  34.6%  14.0  595s
 784798 293168   89.45455   64   41  119.00000   77.80747  34.6%  14.0  600s
 790326 295116   80.67298   63   69  119.00000   77.83697  34.6%  14.0  605s
 797829 297622  116.00000   78   14  119.00000   77.88001  34.6%  14.0  611s
 803325 299627   81.69228   52   74  119.00000   77.90956  34.5%  14.0  615s
 808737 301177  107.00000   77   21  119.00000   77.93789  34.5%  14.0  620s
 815655 303565  105.07362   63   41  119.00000   77.99201  34.5%  14.0  626s
 821105 305561   97.00000   71   24  119.00000   78.00702  34.4%  14.0  631s
 826855 307366   91.50000   59   47  119.00000   78.04531  34.4%  14.0  635s
 831849 309264   90.49373   62   50  119.00000   78.07733  34.4%  14.0  640s
 837371 311131   99.59030   55   70  119.00000   78.10782  34.4%  14.0  645s
 844479 313691     cutoff   59       119.00000   78.15115  34.3%  14.0  651s
 849863 315876   95.42229   65   40  119.00000   78.18589  34.3%  14.0  656s
 855427 317789   92.35896   63   43  119.00000   78.22336  34.3%  14.0  660s
 860527 319898   81.05719   59   64  119.00000   78.26060  34.2%  14.0  665s
 865559 321743  102.04213   75   26  119.00000   78.29369  34.2%  14.0  670s
 872833 324205   90.72395   54   58  119.00000   78.32994  34.2%  14.0  676s
 877856 326076   98.70732   59   50  119.00000   78.36386  34.1%  14.0  680s
 884342 328374   96.04000   68   41  119.00000   78.40342  34.1%  14.0  686s
 889828 330191   93.45471   60   59  119.00000   78.43476  34.1%  14.0  690s
 894647 332020   90.74417   54   59  119.00000   78.46326  34.1%  14.0  695s
 900205 333656   97.55556   59   46  119.00000   78.49836  34.0%  14.0  700s
 905314 335476   81.69897   56   49  119.00000   78.52882  34.0%  14.0  705s
 910518 337218   93.80000   64   43  119.00000   78.55333  34.0%  14.0  710s
 915966 339074   95.00000   72   30  119.00000   78.58935  34.0%  14.0  715s
 921198 341002 infeasible   75       119.00000   78.62299  33.9%  14.0  720s
 928053 343450   87.41951   56   55  119.00000   78.66601  33.9%  14.0  726s
 933336 345092     cutoff   74       119.00000   78.69472  33.9%  14.0  731s
 938816 346834   94.45455   67   35  119.00000   78.71906  33.8%  14.0  736s
 943776 348529  103.20988   68   23  119.00000   78.75516  33.8%  14.0  740s
 949146 350195   83.23232   58   54  119.00000   78.78745  33.8%  14.0  745s
 954654 352033 infeasible   62       119.00000   78.81358  33.8%  14.0  750s
 959976 353804  104.00000   66   40  119.00000   78.84651  33.7%  14.0  755s
 965876 355815  115.87500   67   25  119.00000   78.88550  33.7%  14.0  760s
 972511 358077   98.43116   58   54  119.00000   78.92132  33.7%  14.0  766s
 977756 359552  112.93779   61   46  119.00000   78.95631  33.7%  14.0  770s
 984631 362146  107.00000   69   23  119.00000   78.99439  33.6%  14.0  776s
 990372 363834  111.68577   75   39  119.00000   79.01529  33.6%  14.0  780s
 997574 366211  116.00000   75   18  119.00000   79.04630  33.6%  14.0  785s
 1000582 366788   79.06460   64   54  119.00000   79.06460  33.6%  14.0  790s
 1005121 369044   81.10073   52   61  119.00000   79.08824  33.5%  14.0  796s
 1010197 370839  110.00000   60   29  119.00000   79.11255  33.5%  14.0  800s
 1015248 372760  100.45859   70   32  119.00000   79.13909  33.5%  14.0  805s
 1022289 374892   80.91186   57   61  119.00000   79.17714  33.5%  14.0  810s
 1029208 377281     cutoff   64       119.00000   79.21970  33.4%  14.0  816s
 1034386 379105   95.62278   70   41  119.00000   79.24976  33.4%  14.0  820s
 1036381 379711  107.33333   66   31  119.00000   79.26132  33.4%  14.0  825s
 1043413 381972  102.54545   58   48  119.00000   79.30183  33.4%  14.0  831s
 1048955 384009   84.73832   63   54  119.00000   79.33333  33.3%  14.0  835s
 1054544 385739  117.00000   72   16  119.00000   79.36471  33.3%  14.0  840s
 1061657 388067   82.66477   59   57  119.00000   79.40053  33.3%  14.0  845s
 1066499 390008   79.89001   57   59  119.00000   79.43021  33.3%  13.9  850s
 1073425 392456  118.00000   74   16  119.00000   79.46562  33.2%  13.9  855s
 1079215 394139   84.85900   64   61  119.00000   79.49999  33.2%  13.9  860s
 1086093 396566   80.90515   61   58  119.00000   79.52929  33.2%  13.9  866s
 1091349 398254   87.30996   60   55  119.00000   79.55395  33.1%  13.9  870s
 1098247 400792  105.95652   70   26  119.00000   79.58985  33.1%  13.9  876s
 1105069 402862  116.39487   65   29  119.00000   79.62493  33.1%  13.9  881s
 1109986 404773   92.85838   55   68  119.00000   79.65435  33.1%  13.9  885s
 1115740 406667  110.00000   67   19  119.00000   79.68347  33.0%  13.9  890s
 1122900 408807  113.00000   76   12  119.00000   79.72484  33.0%  13.9  896s
 1127724 410473   90.68914   56   46  119.00000   79.74854  33.0%  13.9  900s
 1134530 412833   92.77574   61   48  119.00000   79.78330  33.0%  13.9  906s
 1140507 414278   90.01554   54   62  119.00000   79.81081  32.9%  13.9  910s
 1145889 416031   80.57132   59   70  119.00000   79.84064  32.9%  13.9  915s
 1152801 418324  101.86111   67   38  119.00000   79.87884  32.9%  13.9  921s
 1158051 420040     cutoff   73       119.00000   79.90540  32.9%  13.9  925s
 1165197 422466   86.40291   61   53  119.00000   79.94209  32.8%  13.9  931s
 1170501 424329   91.93591   62   48  119.00000   79.96993  32.8%  13.9  936s
 1175615 426298   87.58236   59   64  119.00000   79.99706  32.8%  13.9  941s
 1181840 427754  115.20786   67   30  119.00000   80.00737  32.8%  13.9  945s
 1187091 429457   89.17342   54   70  119.00000   80.03028  32.7%  13.9  950s
 1193511 431851   88.14405   63   48  119.00000   80.05243  32.7%  13.9  955s
 1199175 433707   81.90657   52   70  119.00000   80.08388  32.7%  13.9  960s
 1206438 436273   82.12806   60   67  119.00000   80.11472  32.7%  13.9  965s
 1213283 438537  104.16447   63   38  119.00000   80.14286  32.7%  13.9  971s
 1218149 440360  110.00000   66   33  119.00000   80.16586  32.6%  13.9  975s
 1225204 442544   80.97362   59   67  119.00000   80.19700  32.6%  13.9  981s
 1230604 444282     cutoff   65       119.00000   80.22478  32.6%  13.9  985s
 1235837 446100   97.01666   61   49  119.00000   80.25187  32.6%  13.9  990s
 1242848 448468  100.61636   60   53  119.00000   80.28613  32.5%  13.9  996s
 1248033 450202   83.26268   61   52  119.00000   80.31250  32.5%  13.9 1001s
 1253686 451860     cutoff   71       119.00000   80.33761  32.5%  13.9 1005s
 1260736 454064   95.98285   65   41  119.00000   80.36956  32.5%  13.9 1011s
 1265647 455923   98.23750   71   38  119.00000   80.38820  32.4%  13.9 1015s
 1271406 457791     cutoff   77       119.00000   80.41534  32.4%  13.9 1020s
 1276413 459635 infeasible   68       119.00000   80.43972  32.4%  13.9 1025s
 1281615 461226     cutoff   66       119.00000   80.46429  32.4%  13.9 1030s
 1287342 462922 infeasible   76       119.00000   80.48915  32.4%  13.9 1035s
 1294614 465271   91.92043   61   42  119.00000   80.51611  32.3%  13.9 1041s
 1299773 467111   82.23065   61   64  119.00000   80.54242  32.3%  13.9 1046s
 1305146 468952   85.12752   68   48  119.00000   80.56672  32.3%  13.9 1050s
 1310294 470883  108.27074   60   59  119.00000   80.59142  32.3%  13.9 1055s
 1315646 472504  100.21761   56   49  119.00000   80.61507  32.3%  13.9 1060s
 1322588 474940   82.19068   57   60  119.00000   80.64684  32.2%  13.9 1066s
H1326521 452363                     116.0000000   80.65925  30.5%  13.9 1069s
 1327960 452816   88.67644   62   45  116.00000   80.66667  30.5%  13.9 1071s
 1332798 454507  113.52000   67   22  116.00000   80.68735  30.4%  13.9 1076s
 1338618 455985  107.00000   69   20  116.00000   80.71212  30.4%  13.9 1081s
 1343625 457560  111.29874   68   35  116.00000   80.73383  30.4%  13.9 1086s
 1348968 459211   82.69512   61   63  116.00000   80.75667  30.4%  13.9 1091s
 1354280 460716   96.00000   72   25  116.00000   80.78084  30.4%  13.9 1096s
 1359444 462213     cutoff   67       116.00000   80.80616  30.3%  13.9 1101s
 1365360 463847     cutoff   65       116.00000   80.83392  30.3%  13.9 1106s
 1370466 465513     cutoff   68       116.00000   80.85421  30.3%  13.9 1111s
 1375778 467084  102.21683   55   56  116.00000   80.88177  30.3%  13.9 1116s
 1381275 468665  114.28318   75   30  116.00000   80.90685  30.3%  13.9 1121s
 1386844 470368   82.43379   64   66  116.00000   80.93206  30.2%  13.9 1126s
 1392061 471760  102.00000   58   30  116.00000   80.95593  30.2%  13.9 1131s
 1397538 473426  112.27500   68   23  116.00000   80.97874  30.2%  13.9 1136s
 1401140 474419   84.73015   59   62  116.00000   80.99706  30.2%  13.9 1140s
 1407472 476148  107.33210   69   49  116.00000   81.00000  30.2%  13.9 1146s
 1412908 477656   85.65610   61   55  116.00000   81.03102  30.1%  13.9 1151s
 1418138 479248   82.45420   57   46  116.00000   81.05283  30.1%  13.9 1156s
 1423544 480661     cutoff   65       116.00000   81.07533  30.1%  13.9 1161s
 1428967 482403   90.34671   58   44  116.00000   81.10000  30.1%  13.9 1166s
 1434190 484020  110.00000   61   17  116.00000   81.12281  30.1%  13.9 1171s
 1439169 485658   90.14704   60   57  116.00000   81.14490  30.0%  13.9 1176s
 1444277 487168  105.89485   62   16  116.00000   81.16751  30.0%  13.9 1181s
 1449289 488605  109.84544   69   18  116.00000   81.19579  30.0%  13.9 1186s
 1454557 489632     cutoff   66       116.00000   81.21440  30.0%  13.9 1190s
 1458415 491217  100.94853   65   37  116.00000   81.23373  30.0%  13.9 1195s
 1463568 492704     cutoff   77       116.00000   81.25557  30.0%  13.9 1200s
 1470598 494866     cutoff   73       116.00000   81.28004  29.9%  13.9 1206s
 1475300 496299   89.84429   60   48  116.00000   81.30208  29.9%  13.9 1211s
 1478848 497350   95.00034   66   32  116.00000   81.31720  29.9%  13.9 1215s
 1484707 499042  112.22111   59   39  116.00000   81.33833  29.9%  13.9 1220s
 1489803 500646  102.00000   62   41  116.00000   81.36286  29.9%  13.9 1225s
 1494505 502080   88.38742   58   41  116.00000   81.38723  29.8%  13.9 1230s
 1500280 503672   88.02125   65   46  116.00000   81.40845  29.8%  13.9 1236s
 1505935 505365     cutoff   62       116.00000   81.42921  29.8%  13.9 1241s
 1509557 506419 infeasible   62       116.00000   81.44766  29.8%  13.9 1245s
 1514603 507947   86.03743   66   41  116.00000   81.46957  29.8%  13.9 1250s
 1519734 509505  114.15152   68   32  116.00000   81.48958  29.8%  13.9 1255s
 1524904 511037   85.00754   57   59  116.00000   81.50467  29.7%  13.9 1261s
 1528757 512133   89.24005   58   59  116.00000   81.52023  29.7%  13.9 1265s
 1533975 513779   92.69383   66   60  116.00000   81.53943  29.7%  13.9 1270s
 1539977 515441     cutoff   73       116.00000   81.56366  29.7%  13.9 1276s
 1543841 516644   89.99103   63   54  116.00000   81.57908  29.7%  13.9 1280s
 1549086 518282     cutoff   76       116.00000   81.59655  29.7%  13.9 1285s
 1554560 519987   93.03125   70   34  116.00000   81.61982  29.6%  13.9 1291s
 1560237 521421     cutoff   66       116.00000   81.64286  29.6%  13.9 1296s
 1563263 522420   86.10898   64   64  116.00000   81.65566  29.6%  13.9 1300s
 1569062 523995  114.25000   61   26  116.00000   81.67598  29.6%  13.9 1305s
 1573929 525243  108.66667   71   28  116.00000   81.69014  29.6%  13.9 1310s
 1578441 526960   85.40000   65   50  116.00000   81.71156  29.6%  13.9 1315s
 1583368 528696  114.72930   67   32  116.00000   81.73171  29.5%  13.9 1321s
 1587401 529992  106.26116   71   35  116.00000   81.74138  29.5%  13.9 1325s
H1590085 480656                     112.0000000   81.75275  27.0%  13.9 1326s
 1591948 481369  103.69762   66   26  112.00000   81.76502  27.0%  13.9 1330s
 1597427 482844  104.77974   65   30  112.00000   81.78504  27.0%  13.9 1335s
 1602464 484221   83.29523   58   73  112.00000   81.80535  27.0%  13.9 1341s
 1606238 485180   93.30962   64   53  112.00000   81.82042  26.9%  13.9 1345s
 1612043 486508     cutoff   59       112.00000   81.84126  26.9%  13.9 1351s
 1615468 487316   87.45417   66   42  112.00000   81.85723  26.9%  13.9 1355s
 1620982 488665   86.25517   64   54  112.00000   81.88451  26.9%  13.9 1360s
 1626580 490114   94.86468   57   66  112.00000   81.90340  26.9%  13.9 1366s
 1630501 491145     cutoff   78       112.00000   81.92065  26.9%  13.9 1370s
 1636057 492612   99.25499   67   49  112.00000   81.94397  26.8%  13.9 1376s
 1639363 493548     cutoff   75       112.00000   81.95722  26.8%  13.9 1380s
 1644931 494852   92.98933   66   72  112.00000   81.98001  26.8%  13.9 1385s
 1648453 495761  104.40129   70   26  112.00000   81.99493  26.8%  13.9 1390s
 1654644 497067     cutoff   65       112.00000   82.00000  26.8%  13.9 1396s
 1658493 498056  109.25725   65   29  112.00000   82.01187  26.8%  13.9 1400s
 1664160 499391 infeasible   81       112.00000   82.03437  26.8%  13.9 1405s
 1669104 500495 infeasible   63       112.00000   82.04988  26.7%  13.9 1411s
 1672565 501469   98.17888   66   34  112.00000   82.06581  26.7%  13.9 1415s
 1678085 502846  103.92228   64   40  112.00000   82.08636  26.7%  13.9 1420s
 1679807 502852   99.52306   68   41  112.00000   82.09278  26.7%  13.9 1426s
 1683179 504010   98.88052   57   54  112.00000   82.10865  26.7%  13.9 1431s
 1686684 504823   91.27407   55   38  112.00000   82.12355  26.7%  13.9 1435s
 1691566 505975     cutoff   68       112.00000   82.14373  26.7%  13.9 1441s
 1695250 506823   82.82599   58   53  112.00000   82.16111  26.6%  13.9 1445s
 1700370 508072  104.95606   62   45  112.00000   82.17965  26.6%  13.9 1452s
 1704013 509013     cutoff   63       112.00000   82.19247  26.6%  13.9 1456s
 1707878 509854   85.81066   65   57  112.00000   82.20489  26.6%  13.9 1460s
 1713349 511392  106.33333   63   34  112.00000   82.22917  26.6%  13.9 1466s
 1717047 512142   86.41829   65   55  112.00000   82.24442  26.6%  13.9 1470s
 1722116 513215  106.80000   59   27  112.00000   82.26754  26.5%  13.9 1476s
 1725751 514114 infeasible   63       112.00000   82.28184  26.5%  13.9 1480s
 1731006 515289   82.63598   63   66  112.00000   82.30310  26.5%  13.9 1486s
 1734520 515956   85.21515   59   65  112.00000   82.31705  26.5%  13.9 1490s
 1740206 517167     cutoff   71       112.00000   82.33423  26.5%  13.9 1496s
 1743219 518132  104.77631   59   60  112.00000   82.34704  26.5%  13.9 1500s
 1748536 519571   88.52083   55   61  112.00000   82.37000  26.5%  13.9 1506s
 1752238 520316   87.01986   68   59  112.00000   82.38298  26.4%  13.9 1510s
 1757741 521796   90.49941   66   37  112.00000   82.40460  26.4%  13.9 1516s
 1761232 522572  104.74560   69   48  112.00000   82.41659  26.4%  13.9 1520s
 1766962 524067  100.00000   61   40  112.00000   82.44105  26.4%  13.9 1527s
 1770710 525116   92.67683   64   48  112.00000   82.45454  26.4%  13.9 1531s
 1774405 525999   84.14237   61   57  112.00000   82.46632  26.4%  13.9 1535s
 1780061 527400  100.54545   63   41  112.00000   82.48837  26.3%  13.9 1541s
 1783593 528356   90.35417   64   52  112.00000   82.50000  26.3%  14.0 1545s
 1788851 529628 infeasible   62       112.00000   82.51883  26.3%  14.0 1551s
 1791989 530361 infeasible   70       112.00000   82.53086  26.3%  14.0 1556s
 1793897 530369     cutoff   72       112.00000   82.53712  26.3%  14.0 1564s
 1793921 530595 infeasible   73       112.00000   82.53781  26.3%  14.0 1566s
 1797049 531482 infeasible   74       112.00000   82.54908  26.3%  14.0 1570s
 1800851 532353  102.84167   71   32  112.00000   82.56396  26.3%  14.0 1575s
 1806286 533668   94.10204   65   50  112.00000   82.58395  26.3%  14.0 1581s
 1810087 534622   83.11706   61   60  112.00000   82.59749  26.3%  14.0 1586s
 1813713 535473   82.65610   60   58  112.00000   82.60937  26.2%  14.0 1590s
 1817220 536351   84.71992   62   57  112.00000   82.62320  26.2%  14.0 1595s
 1822764 537765   92.46542   60   51  112.00000   82.64685  26.2%  14.0 1601s
 1826244 538418     cutoff   63       112.00000   82.66029  26.2%  14.0 1605s
 1831946 539690     cutoff   67       112.00000   82.67978  26.2%  14.0 1611s
 1835185 540590  101.92544   64   28  112.00000   82.69079  26.2%  14.0 1615s
 1839079 541521   97.79167   58   29  112.00000   82.70732  26.2%  14.0 1620s
 1844664 542951  101.00000   63   30  112.00000   82.72568  26.1%  14.0 1626s
 1847966 543842  103.46967   73   38  112.00000   82.73916  26.1%  14.0 1630s
 1853487 545051 infeasible   62       112.00000   82.75758  26.1%  14.0 1636s
 1857330 545805   84.99880   61   54  112.00000   82.76993  26.1%  14.0 1640s
 1862412 547039   92.84650   59   67  112.00000   82.79194  26.1%  14.0 1646s
 1866504 547920     cutoff   76       112.00000   82.80171  26.1%  14.0 1651s
 1869768 548911   85.03656   67   57  112.00000   82.81466  26.1%  14.0 1655s
 1875280 550197   99.00000   67   20  112.00000   82.83456  26.0%  14.0 1661s
 1878974 550881     cutoff   81       112.00000   82.84572  26.0%  14.0 1665s
 1884846 552302   83.18369   52   79  112.00000   82.86274  26.0%  14.0 1671s
 1887945 553060  109.00000   65   22  112.00000   82.87587  26.0%  14.0 1675s
 1893251 554390     cutoff   65       112.00000   82.89399  26.0%  14.0 1681s
 1896945 555147     cutoff   68       112.00000   82.90608  26.0%  14.0 1685s
 1901189 556051   91.17442   59   59  112.00000   82.92056  26.0%  14.0 1690s
 1906201 557349   83.93203   57   64  112.00000   82.93882  25.9%  14.0 1695s
 1911129 558711   98.24176   63   58  112.00000   82.95821  25.9%  14.0 1701s
 1914430 559417   92.01504   59   43  112.00000   82.97072  25.9%  14.0 1705s
 1919617 560368     cutoff   69       112.00000   82.98973  25.9%  14.0 1712s
 1921629 561220   83.85316   61   68  112.00000   82.99726  25.9%  14.0 1717s
 1923851 561586  105.00000   61   28  112.00000   83.00000  25.9%  14.0 1720s
 1927973 562447   89.29320   61   54  112.00000   83.00000  25.9%  14.0 1725s
 1931990 563301 infeasible   68       112.00000   83.00702  25.9%  14.0 1730s
 1937096 564543  107.43266   63   37  112.00000   83.02463  25.9%  14.0 1736s
 1940823 565443   98.46429   68   32  112.00000   83.03528  25.9%  14.0 1740s
 1944673 566421  104.62598   58   31  112.00000   83.04819  25.8%  14.0 1745s
 1950769 567772  104.47368   58   32  112.00000   83.05862  25.8%  14.0 1751s
 1954393 568571   92.66353   60   37  112.00000   83.07233  25.8%  14.0 1755s
 1959587 569861   99.47221   80   34  112.00000   83.08738  25.8%  14.0 1762s
 1963029 570504   87.70588   70   36  112.00000   83.09952  25.8%  14.0 1766s
 1966532 571520   86.44984   63   56  112.00000   83.11190  25.8%  14.0 1770s
 1971856 572877     cutoff   68       112.00000   83.12777  25.8%  14.0 1776s
 1975333 573777   98.85841   63   43  112.00000   83.14024  25.8%  14.0 1781s
 1978939 574520   93.85714   66   37  112.00000   83.15493  25.8%  14.0 1785s
 1982523 575616   85.00701   53   49  112.00000   83.16486  25.7%  14.0 1790s
 1988378 576865   93.99420   58   54  112.00000   83.18061  25.7%  14.0 1797s
 1992314 577716   85.28199   60   60  112.00000   83.19282  25.7%  14.0 1801s
 1995969 578489  101.54545   68   39  112.00000   83.20636  25.7%  14.0 1805s
 1999246 579510   94.48485   65   45  112.00000   83.21744  25.7%  14.0 1810s
 2005020 580689   99.20988   76   26  112.00000   83.23864  25.7%  14.0 1816s
 2008878 581500  110.02146   74   21  112.00000   83.25012  25.7%  14.0 1821s
 2012158 582495  101.28049   65   25  112.00000   83.26357  25.7%  14.0 1825s
 2016270 583265  102.12908   58   48  112.00000   83.27432  25.6%  14.0 1830s
 2021757 584596   88.42920   65   56  112.00000   83.29380  25.6%  14.0 1837s
 2025370 585503   86.48696   56   60  112.00000   83.30577  25.6%  14.0 1841s
 2029248 586415   94.81532   60   56  112.00000   83.31845  25.6%  14.0 1846s
 2033590 587353   93.71407   55   55  112.00000   83.32888  25.6%  14.0 1851s
 2037401 588122  111.00000   70   30  112.00000   83.34010  25.6%  14.0 1855s
 2040704 589056     cutoff   70       112.00000   83.35280  25.6%  14.0 1860s
 2044705 589912   84.12544   61   50  112.00000   83.36342  25.6%  14.0 1865s
 2050171 591095     cutoff   75       112.00000   83.38007  25.6%  14.0 1871s
 2053443 591993  103.30499   60   61  112.00000   83.39001  25.5%  14.0 1876s
 2057545 592708  104.83420   66   43  112.00000   83.40267  25.5%  14.0 1880s
 2061371 593752   84.79138   68   60  112.00000   83.41046  25.5%  14.0 1885s
 2067209 594904     cutoff   74       112.00000   83.43160  25.5%  14.0 1891s
 2070707 595738   93.81463   65   62  112.00000   83.44102  25.5%  14.0 1896s
 2074156 596590   88.71620   61   45  112.00000   83.45398  25.5%  14.0 1900s
 2078047 597462   99.00000   78   26  112.00000   83.46364  25.5%  14.0 1905s
 2081593 598313  101.52164   59   57  112.00000   83.47293  25.5%  14.0 1910s
 2087286 599455  100.48568   64   46  112.00000   83.49153  25.5%  14.0 1916s
 2091088 600241  109.94444   73   22  112.00000   83.50000  25.4%  14.0 1921s
 2095025 601252   92.35707   66   54  112.00000   83.51000  25.4%  14.0 1925s
 2098733 602042   85.53824   62   56  112.00000   83.51988  25.4%  14.0 1930s
 2104083 603294   85.35943   63   42  112.00000   83.53687  25.4%  14.0 1936s
 2107513 604025   93.66667   64   33  112.00000   83.54898  25.4%  14.0 1940s
 2112788 605247     cutoff   71       112.00000   83.56723  25.4%  14.0 1946s
 2116418 606195   92.22555   62   36  112.00000   83.57973  25.4%  14.0 1950s
 2119921 606998   90.00000   62   33  112.00000   83.59089  25.4%  14.0 1955s
 2125362 608081     cutoff   61       112.00000   83.60810  25.3%  14.0 1961s
 2129213 609032   92.34146   62   42  112.00000   83.62263  25.3%  14.0 1966s
 2132684 610102   99.29268   62   35  112.00000   83.63204  25.3%  14.1 1970s
 2136785 610819     cutoff   64       112.00000   83.64399  25.3%  14.0 1975s
 2141831 611901   89.80063   63   48  112.00000   83.66131  25.3%  14.1 1981s
 2145881 612946   91.85572   60   58  112.00000   83.66991  25.3%  14.0 1986s
 2149354 613857     cutoff   67       112.00000   83.68066  25.3%  14.0 1991s
 2153398 614610   93.49633   55   57  112.00000   83.69156  25.3%  14.1 1995s
 2157246 615519   96.20000   63   43  112.00000   83.70128  25.3%  14.0 2000s
 2162765 616677     cutoff   70       112.00000   83.71875  25.3%  14.0 2006s
 2166088 617590 infeasible   72       112.00000   83.73028  25.2%  14.1 2011s
 2170410 618384     cutoff   76       112.00000   83.74236  25.2%  14.1 2016s
 2173997 619214     cutoff   69       112.00000   83.75441  25.2%  14.1 2021s
 2177696 620000   89.98468   70   52  112.00000   83.76487  25.2%  14.1 2025s
 2181760 620945     cutoff   74       112.00000   83.77809  25.2%  14.1 2030s
 2187063 622216 infeasible   67       112.00000   83.79545  25.2%  14.1 2037s
 2189343 622515  107.04000   70   22  112.00000   83.80000  25.2%  14.1 2040s
 2194371 623824  108.69114   57   45  112.00000   83.81818  25.2%  14.1 2046s
 2197721 624516  107.00000   62   24  112.00000   83.82888  25.2%  14.1 2051s
 2201787 625382   87.90334   63   52  112.00000   83.84134  25.1%  14.1 2056s
 2205595 626326   97.17196   67   48  112.00000   83.85298  25.1%  14.1 2061s
 2209315 626907  104.04918   66   45  112.00000   83.86305  25.1%  14.1 2065s
 2214389 628059   88.43288   59   46  112.00000   83.87868  25.1%  14.1 2071s
 2217952 629038     cutoff   78       112.00000   83.89035  25.1%  14.1 2076s
 2221972 629897   96.40714   61   47  112.00000   83.90238  25.1%  14.1 2081s
 2225989 630902   83.94666   62   64  112.00000   83.91353  25.1%  14.1 2086s
 2229457 631827     cutoff   69       112.00000   83.92436  25.1%  14.1 2090s
 2233059 632799  107.50000   67   25  112.00000   83.93606  25.1%  14.1 2095s
 2236823 633475  101.46480   57   53  112.00000   83.94708  25.0%  14.1 2100s
 2240621 634411   93.00000   64   28  112.00000   83.95858  25.0%  14.1 2105s
 2246386 635633  102.00000   62   30  112.00000   83.97479  25.0%  14.1 2111s
 2250156 636428     cutoff   65       112.00000   83.98648  25.0%  14.1 2116s
 2253865 637345   94.00000   75   34  112.00000   83.99958  25.0%  14.1 2121s
 2258536 638356  108.16151   61   65  112.00000   84.00000  25.0%  14.1 2128s
 2261641 638816   89.74522   66   52  112.00000   84.00000  25.0%  14.1 2131s
 2265703 639782  106.00000   75   20  112.00000   84.00000  25.0%  14.1 2136s
 2269817 640600   97.16204   66   38  112.00000   84.00189  25.0%  14.1 2141s
 2273500 641375  109.15625   67   41  112.00000   84.01397  25.0%  14.1 2145s
 2278525 642307   99.45455   63   22  112.00000   84.02623  25.0%  14.1 2150s
 2282149 643434  107.03390   62   22  112.00000   84.03898  25.0%  14.1 2156s
 2286187 644230   96.27322   71   47  112.00000   84.04965  25.0%  14.1 2161s
 2289660 645148   94.05862   64   44  112.00000   84.05672  24.9%  14.1 2166s
 2293548 645833 infeasible   73       112.00000   84.06813  24.9%  14.1 2171s
 2297610 646745  107.04225   62   38  112.00000   84.07825  24.9%  14.1 2175s
 2302963 647839   91.73523   58   45  112.00000   84.09384  24.9%  14.1 2182s
 2306290 648569  104.76923   74   23  112.00000   84.10337  24.9%  14.1 2187s
 2310126 649469     cutoff   65       112.00000   84.11460  24.9%  14.1 2192s
 2314176 650138  109.00000   71    7  112.00000   84.12587  24.9%  14.1 2196s
 2317619 651039   96.29051   65   50  112.00000   84.13810  24.9%  14.1 2201s
 2321749 651802   90.99678   66   54  112.00000   84.14861  24.9%  14.1 2206s
 2325645 652568 infeasible   68       112.00000   84.15625  24.9%  14.1 2211s
 2329448 653540   88.10000   61   40  112.00000   84.16645  24.9%  14.1 2216s
 2333701 654275 infeasible   65       112.00000   84.17868  24.8%  14.1 2220s
 2339345 655463   98.46101   63   57  112.00000   84.19256  24.8%  14.1 2226s
 2342832 655858  100.39595   61   51  112.00000   84.20299  24.8%  14.1 2234s
 2342852 656188  105.89910   61   47  112.00000   84.20309  24.8%  14.1 2236s
 2346351 656997   92.32000   68   42  112.00000   84.21141  24.8%  14.1 2241s
 2350217 657792   92.00000   66   27  112.00000   84.22222  24.8%  14.1 2246s
 2354106 658619 infeasible   62       112.00000   84.23296  24.8%  14.1 2251s
 2357506 659297   96.38521   65   24  112.00000   84.24358  24.8%  14.1 2256s
 2361334 660198     cutoff   68       112.00000   84.25342  24.8%  14.1 2260s
 2365222 661022   98.10214   61   49  112.00000   84.26316  24.8%  14.1 2265s
 2369075 661839   85.84101   57   51  112.00000   84.27778  24.8%  14.1 2270s
 2372491 662778   93.83333   56   31  112.00000   84.28959  24.7%  14.1 2275s
 2376579 663462   94.30289   64   47  112.00000   84.30063  24.7%  14.1 2280s
 2380326 664352   86.17840   61   63  112.00000   84.31329  24.7%  14.1 2285s
 2386225 665448  101.38913   68   24  112.00000   84.32764  24.7%  14.1 2292s
 2390483 666526  109.65902   60   33  112.00000   84.33631  24.7%  14.1 2297s
 2394136 667495     cutoff   62       112.00000   84.34648  24.7%  14.1 2302s
 2398133 668461   87.84862   62   59  112.00000   84.35714  24.7%  14.1 2306s
 2401909 669207     cutoff   68       112.00000   84.36900  24.7%  14.1 2311s
 2405410 670046   99.32105   66   32  112.00000   84.37809  24.7%  14.1 2315s
 2409342 670822   85.38943   57   57  112.00000   84.39023  24.7%  14.1 2320s
 2413286 671779   90.71562   58   53  112.00000   84.40183  24.6%  14.1 2325s
 2416906 672501     cutoff   68       112.00000   84.41303  24.6%  14.1 2330s
 2422243 673666     cutoff   72       112.00000   84.43062  24.6%  14.1 2337s
 2425995 674447     cutoff   76       112.00000   84.43961  24.6%  14.1 2341s
 2429764 675249     cutoff   65       112.00000   84.45073  24.6%  14.1 2346s
 2433412 676162   98.83246   61   34  112.00000   84.45603  24.6%  14.1 2350s
 2436948 677095  104.60000   68   35  112.00000   84.47056  24.6%  14.1 2355s
 2440661 677819     cutoff   73       112.00000   84.48023  24.6%  14.1 2360s
 2444882 678811   96.46667   56   34  112.00000   84.49270  24.6%  14.1 2365s
 2448981 679579  105.98752   66   42  112.00000   84.50000  24.6%  14.1 2371s
 2453339 680549     cutoff   89       112.00000   84.50977  24.5%  14.1 2376s
 2457262 681393     cutoff   65       112.00000   84.52023  24.5%  14.1 2381s
 2460902 682134   86.80692   65   47  112.00000   84.53191  24.5%  14.1 2386s
 2465062 683155   95.70836   58   50  112.00000   84.54221  24.5%  14.1 2391s
 2468598 684042     cutoff   61       112.00000   84.54994  24.5%  14.1 2396s
 2472288 684792   99.34153   62   37  112.00000   84.55988  24.5%  14.1 2400s
 2475967 685607  109.68837   66   26  112.00000   84.56774  24.5%  14.1 2405s
 2479406 686262  104.46892   59   46  112.00000   84.57781  24.5%  14.1 2410s
 2483440 687136 infeasible   63       112.00000   84.58906  24.5%  14.1 2415s
 2488173 687883   95.37655   59   59  112.00000   84.60000  24.5%  14.1 2420s
 2492780 689123   85.45812   57   64  112.00000   84.61580  24.5%  14.1 2427s
 2496660 690053   88.45892   53   56  112.00000   84.62469  24.4%  14.1 2432s
 2500627 690830     cutoff   64       112.00000   84.63466  24.4%  14.1 2436s
 2504501 691608   95.04286   59   47  112.00000   84.64583  24.4%  14.1 2441s
 2508161 692430 infeasible   68       112.00000   84.65602  24.4%  14.1 2446s
 2512241 693210     cutoff   70       112.00000   84.66666  24.4%  14.1 2451s
 2516388 694047  106.45455   69   25  112.00000   84.67647  24.4%  14.1 2456s
 2519852 694898   89.41982   65   38  112.00000   84.68689  24.4%  14.1 2461s
 2523722 695619   96.36271   70   33  112.00000   84.69699  24.4%  14.1 2465s
 2527506 696423  111.00000   71   22  112.00000   84.70732  24.4%  14.1 2470s
 2532365 697500  100.10400   56   54  112.00000   84.72033  24.4%  14.1 2477s
 2536238 698445   88.49333   71   40  112.00000   84.72996  24.3%  14.1 2482s
 2540350 699212     cutoff   70       112.00000   84.73958  24.3%  14.1 2487s
 2544248 700105  102.00027   77   41  112.00000   84.74978  24.3%  14.1 2492s
 2547650 700879  107.25356   59   37  112.00000   84.76000  24.3%  14.1 2497s
 2549778 701410   88.00000   65   38  112.00000   84.76389  24.3%  14.1 2500s
 2553859 702087  101.16666   64   36  112.00000   84.77423  24.3%  14.1 2505s
 2558231 702842   97.41176   64   48  112.00000   84.78088  24.3%  14.1 2510s
 2561563 703586  102.80000   72   32  112.00000   84.79310  24.3%  14.1 2515s
 2565475 704258   94.33139   58   46  112.00000   84.80000  24.3%  14.1 2520s
 2569061 705058  101.80000   64   27  112.00000   84.81159  24.3%  14.1 2525s
 2572850 705732     cutoff   74       112.00000   84.82075  24.3%  14.1 2530s
 2576607 706684   99.45000   67   27  112.00000   84.83048  24.3%  14.1 2536s
 2580853 707498   93.16132   61   53  112.00000   84.83895  24.3%  14.1 2540s
 2584913 708394   99.44444   73   30  112.00000   84.84906  24.2%  14.1 2545s
 2588110 708965   90.84572   68   38  112.00000   84.85985  24.2%  14.1 2550s
 2591622 709902   89.01780   62   46  112.00000   84.87134  24.2%  14.1 2556s
 2595732 710679   92.69439   56   66  112.00000   84.88084  24.2%  14.1 2561s
 2599909 711627   86.25161   59   47  112.00000   84.89129  24.2%  14.1 2566s
 2603597 712520   85.53424   61   63  112.00000   84.90180  24.2%  14.1 2571s
 2607545 713270  103.40845   56   45  112.00000   84.91142  24.2%  14.1 2576s
 2610823 714203  105.67749   67   51  112.00000   84.92198  24.2%  14.1 2581s
 2615093 714802   92.79344   63   35  112.00000   84.93344  24.2%  14.1 2585s
 2618570 715647     cutoff   62       112.00000   84.94104  24.2%  14.1 2590s
 2622625 716388     cutoff   64       112.00000   84.95055  24.2%  14.1 2595s
 2626414 717199  103.67119   62   38  112.00000   84.96006  24.1%  14.1 2600s
 2629600 717966 infeasible   69       112.00000   84.97167  24.1%  14.1 2605s
 2633512 718624   91.04246   56   62  112.00000   84.98155  24.1%  14.1 2610s
 2637124 719519 infeasible   60       112.00000   84.99180  24.1%  14.1 2616s
 2639733 720331  107.00000   67   24  112.00000   84.99635  24.1%  14.1 2620s
 2645766 721445   85.34718   64   55  112.00000   85.00000  24.1%  14.1 2627s
 2649010 721900     cutoff   76       112.00000   85.00000  24.1%  14.1 2631s
 2654144 722800     cutoff   69       112.00000   85.00000  24.1%  14.1 2638s
 2656365 723199     cutoff   71       112.00000   85.00000  24.1%  14.1 2640s
 2661107 724139     cutoff   58       112.00000   85.00000  24.1%  14.1 2646s
 2664956 724809     cutoff   68       112.00000   85.01005  24.1%  14.1 2650s
 2668073 725483   90.43238   60   49  112.00000   85.01716  24.1%  14.1 2655s
 2672214 726383     cutoff   72       112.00000   85.02466  24.1%  14.1 2660s
 2676216 727195  109.00000   71   31  112.00000   85.03258  24.1%  14.1 2665s
 2679903 728088     cutoff   66       112.00000   85.04000  24.1%  14.1 2671s
 2683932 729034   97.38208   62   40  112.00000   85.04857  24.1%  14.1 2676s
 2687988 729726  104.57584   62   25  112.00000   85.05714  24.1%  14.1 2681s
 2692226 730527     cutoff   67       112.00000   85.06519  24.0%  14.1 2686s
 2695863 731206     cutoff   79       112.00000   85.07358  24.0%  14.1 2691s
 2699484 732013  104.00000   67   15  112.00000   85.08189  24.0%  14.1 2696s
 2703970 732932   98.52855   69   46  112.00000   85.09269  24.0%  14.1 2701s
 2707444 733639   91.47907   65   56  112.00000   85.10223  24.0%  14.1 2706s
 2711328 734393  104.55507   74   35  112.00000   85.11239  24.0%  14.1 2711s
 2714999 735210     cutoff   63       112.00000   85.12016  24.0%  14.1 2717s
 2719169 735870   99.00000   68   26  112.00000   85.12819  24.0%  14.1 2721s
 2723061 736708  103.34312   60   46  112.00000   85.14045  24.0%  14.1 2727s
 2726816 737548  106.79518   67   38  112.00000   85.14815  24.0%  14.1 2732s
 2729065 737867   89.32204   78   46  112.00000   85.15375  24.0%  14.1 2735s
 2732994 738711   96.53129   55   36  112.00000   85.15929  24.0%  14.1 2740s
 2736681 739484   98.45618   64   52  112.00000   85.16787  24.0%  14.1 2745s
 2740537 740198     cutoff   71       112.00000   85.17873  23.9%  14.1 2750s
 2744175 741029     cutoff   65       112.00000   85.18792  23.9%  14.1 2755s
 2748146 741797  107.55870   54   49  112.00000   85.19947  23.9%  14.1 2761s
 2752272 742688   88.81990   61   42  112.00000   85.20755  23.9%  14.1 2766s
 2756043 743466     cutoff   65       112.00000   85.21444  23.9%  14.1 2771s
 2760072 744154   93.65463   57   56  112.00000   85.22476  23.9%  14.1 2776s
 2764096 745047   93.20673   70   60  112.00000   85.23496  23.9%  14.1 2781s
 2767817 745798   99.20920   70   35  112.00000   85.24321  23.9%  14.1 2785s
 2770919 746538     cutoff   63       112.00000   85.25372  23.9%  14.1 2790s
 2774625 747191   92.84989   58   53  112.00000   85.26356  23.9%  14.1 2795s
 2778138 747988   99.01296   73   26  112.00000   85.27319  23.9%  14.1 2801s
 2782061 748645   87.32105   67   39  112.00000   85.28200  23.9%  14.1 2805s
 2785936 749503     cutoff   76       112.00000   85.29304  23.8%  14.1 2810s
 2789136 750388   85.32997   57   52  112.00000   85.30303  23.8%  14.1 2815s
 2792870 751137   88.00000   64   49  112.00000   85.31250  23.8%  14.1 2820s
 2797273 751981   85.34545   58   49  112.00000   85.32177  23.8%  14.1 2825s
 2800895 752705   89.72852   61   60  112.00000   85.33167  23.8%  14.1 2830s
 2804830 753537   87.19949   56   59  112.00000   85.33847  23.8%  14.1 2835s
 2808554 754328   88.06971   67   55  112.00000   85.34718  23.8%  14.1 2841s
 2812290 754954   88.99226   61   49  112.00000   85.35810  23.8%  14.1 2846s
 2815947 755959     cutoff   71       112.00000   85.36948  23.8%  14.1 2852s
 2818370 756339  105.55417   68   42  112.00000   85.37363  23.8%  14.1 2855s
 2821919 757237   93.00368   71   44  112.00000   85.38367  23.8%  14.1 2860s
 2826118 757900     cutoff   65       112.00000   85.39412  23.8%  14.1 2865s
 2829838 758834   97.54509   68   38  112.00000   85.40458  23.7%  14.1 2871s
 2834052 759598  108.00000   68   33  112.00000   85.41359  23.7%  14.1 2876s
 2837839 760318   86.08906   58   60  112.00000   85.42540  23.7%  14.1 2881s
 2841293 761039   99.00000   58   39  112.00000   85.43455  23.7%  14.1 2886s
 2845110 761912  100.05560   61   52  112.00000   85.44444  23.7%  14.1 2891s
 2849462 762908   90.00897   64   51  112.00000   85.45440  23.7%  14.1 2896s
 2853155 763700   89.00000   64   50  112.00000   85.45868  23.7%  14.1 2901s
 2856417 764560   92.46652   64   50  112.00000   85.46624  23.7%  14.1 2905s
 2859789 765087   97.74618   71   52  112.00000   85.47582  23.7%  14.1 2910s
 2863347 765894  103.22844   59   44  112.00000   85.48481  23.7%  14.1 2915s
 2866847 766574     cutoff   65       112.00000   85.49409  23.7%  14.1 2920s
 2870874 767237   93.00000   65   50  112.00000   85.50000  23.7%  14.1 2926s
 2874484 767944     cutoff   76       112.00000   85.50721  23.7%  14.1 2931s
 2878383 768820   90.34255   72   39  112.00000   85.51839  23.6%  14.1 2936s
 2882144 769701   91.01733   63   59  112.00000   85.52610  23.6%  14.1 2942s
 2884357 770032   96.04365   69   53  112.00000   85.53210  23.6%  14.1 2945s
 2888097 770950   89.91098   63   61  112.00000   85.54136  23.6%  14.1 2951s
 2892370 771702  110.00000   71   21  112.00000   85.54965  23.6%  14.1 2956s
 2896514 772499   85.63100   67   51  112.00000   85.55879  23.6%  14.1 2961s
 2899693 773182   88.98296   60   54  112.00000   85.56622  23.6%  14.1 2966s
 2903808 774165     cutoff   62       112.00000   85.57599  23.6%  14.1 2972s
 2907443 774896     cutoff   66       112.00000   85.58281  23.6%  14.1 2977s
 2911546 775460   87.39862   61   65  112.00000   85.59337  23.6%  14.1 2982s
 2913371 775957     cutoff   62       112.00000   85.59885  23.6%  14.1 2985s
 2917081 776572  104.50549   82   20  112.00000   85.60714  23.6%  14.1 2990s
 2918747 776581   91.00000   67   23  112.00000   85.61111  23.6%  14.1 2995s
 2920611 777265   97.77166   67   43  112.00000   85.61760  23.6%  14.1 3001s
 2924631 777989     cutoff   75       112.00000   85.62904  23.5%  14.1 3006s
 2928477 778741   98.84084   61   60  112.00000   85.63906  23.5%  14.1 3012s
 2930514 779075     cutoff   61       112.00000   85.64510  23.5%  14.1 3015s
 2934360 779884   85.65610   59   52  112.00000   85.65463  23.5%  14.1 3020s
 2938222 780652   98.02472   65   42  112.00000   85.66507  23.5%  14.1 3026s
 2942356 781286   90.42242   68   39  112.00000   85.67162  23.5%  14.1 3031s
 2946414 782019   99.58824   74   22  112.00000   85.68133  23.5%  14.1 3037s
 2948244 782290   91.62821   57   66  112.00000   85.68560  23.5%  14.1 3040s
 2952451 783119  107.08631   69   29  112.00000   85.69570  23.5%  14.1 3045s
 2955622 783725  100.86972   67   42  112.00000   85.70357  23.5%  14.1 3051s
 2960000 784527  110.93610   57   59  112.00000   85.71537  23.5%  14.1 3057s
 2961780 784922   89.00406   60   61  112.00000   85.71961  23.5%  14.1 3060s
 2966280 785885   93.85914   57   62  112.00000   85.73002  23.5%  14.1 3067s
 2969972 786367  100.48754   63   48  112.00000   85.73808  23.4%  14.1 3072s
 2970439 786774 infeasible   64       112.00000   85.73810  23.4%  14.1 3075s
 2974526 787391   91.40845   64   40  112.00000   85.74844  23.4%  14.1 3081s
 2978154 788282     cutoff   69       112.00000   85.75776  23.4%  14.1 3087s
 2980713 788683  102.00000   69   33  112.00000   85.76310  23.4%  14.1 3090s
 2984383 789395  102.30569   67   49  112.00000   85.77285  23.4%  14.1 3096s
 2988488 790274   89.98555   66   52  112.00000   85.78205  23.4%  14.1 3101s
 2992328 791063   96.83532   70   51  112.00000   85.79259  23.4%  14.1 3108s
 2994710 791424   92.46643   68   41  112.00000   85.79660  23.4%  14.1 3111s
 2998559 792269   90.15323   63   48  112.00000   85.80000  23.4%  14.1 3118s
 3001174 792647   95.18359   66   46  112.00000   85.80827  23.4%  14.1 3121s
 3005168 793520   93.00000   72   26  112.00000   85.81728  23.4%  14.1 3127s
 3009158 794170   91.37949   65   42  112.00000   85.82637  23.4%  14.1 3132s
 3010917 794533   94.93953   57   53  112.00000   85.83061  23.4%  14.1 3135s
 3014568 795217     cutoff   77       112.00000   85.83827  23.4%  14.1 3140s
 3018258 796064 infeasible   75       112.00000   85.84717  23.4%  14.1 3146s
 3022173 796832 infeasible   73       112.00000   85.85562  23.3%  14.1 3151s
 3026120 797582   97.23457   71   28  112.00000   85.86292  23.3%  14.1 3156s
 3029792 798123  106.44451   65   32  112.00000   85.87122  23.3%  14.1 3161s
 3033320 798882   98.00000   70   32  112.00000   85.87879  23.3%  14.1 3166s
 3036756 799643     cutoff   68       112.00000   85.88897  23.3%  14.1 3171s
 3040484 800415  101.50000   58   39  112.00000   85.89877  23.3%  14.1 3177s
 3042449 800850   88.80892   63   60  112.00000   85.90370  23.3%  14.1 3180s
 3046776 801451  100.08642   69   21  112.00000   85.91101  23.3%  14.1 3185s
 3050524 802358     cutoff   69       112.00000   85.92216  23.3%  14.1 3191s
 3054073 803193     cutoff   75       112.00000   85.93068  23.3%  14.1 3197s
 3058108 803970   97.94225   61   54  112.00000   85.94025  23.3%  14.1 3202s
 3061977 804571   95.00000   62   26  112.00000   85.94892  23.3%  14.1 3207s
 3065190 805316   94.00000   64   36  112.00000   85.95973  23.3%  14.1 3212s
 3067038 805589   86.91402   68   49  112.00000   85.96419  23.2%  14.1 3215s
 3070795 806237   90.39913   67   65  112.00000   85.97454  23.2%  14.1 3220s
 3074915 807188   87.31883   66   50  112.00000   85.98302  23.2%  14.1 3226s
 3078702 807968   99.00000   77   29  112.00000   85.98979  23.2%  14.1 3231s
 3080729 808414   91.50620   68   50  112.00000   85.99504  23.2%  14.1 3235s
 3085821 809842   95.10606   65   38  112.00000   86.00000  23.2%  14.1 3244s
 3089048 810217  108.40082   74   36  112.00000   86.00000  23.2%  14.1 3247s
 3091416 810680   87.08197   68   40  112.00000   86.00000  23.2%  14.1 3251s
 3094355 811079   87.11979   68   40  112.00000   86.00000  23.2%  14.1 3255s
 3099339 812019     cutoff   76       112.00000   86.00000  23.2%  14.1 3263s
 3101814 812442   90.77217   62   52  112.00000   86.00000  23.2%  14.1 3267s
 3104394 813087   91.97037   65   52  112.00000   86.00000  23.2%  14.1 3271s
 3109368 813801   92.19983   75   43  112.00000   86.00000  23.2%  14.1 3277s
 3111777 814130   94.43077   65   39  112.00000   86.00000  23.2%  14.1 3280s
 3115167 814813  105.00000   68   14  112.00000   86.00664  23.2%  14.1 3285s
 3120516 815746   93.87605   57   64  112.00000   86.01896  23.2%  14.1 3292s
 3122389 816174   98.09368   64   41  112.00000   86.02186  23.2%  14.1 3295s
 3126071 816794  111.00000   68   16  112.00000   86.02961  23.2%  14.1 3300s
 3129694 817508  104.53283   67   41  112.00000   86.03812  23.2%  14.1 3306s
 3133712 818153   98.19886   70   32  112.00000   86.04709  23.2%  14.1 3312s
 3135739 818531  100.98204   64   50  112.00000   86.04965  23.2%  14.1 3315s
 3139609 819259   86.15664   59   55  112.00000   86.05915  23.2%  14.1 3321s
 3143844 820090   92.96356   65   49  112.00000   86.06840  23.2%  14.1 3327s
 3147594 820971   97.00000   68   25  112.00000   86.07731  23.1%  14.1 3333s
 3150093 821373  106.84844   60   42  112.00000   86.08227  23.1%  14.1 3335s
 3153629 822013  100.04167   69   35  112.00000   86.09253  23.1%  14.1 3341s
 3157904 822904   89.75349   66   46  112.00000   86.10096  23.1%  14.1 3346s
 3161505 823734  104.92446   60   28  112.00000   86.10881  23.1%  14.1 3352s
 3163654 824054   99.04965   73   36  112.00000   86.11368  23.1%  14.1 3355s
 3167337 824724  103.07961   65   43  112.00000   86.12220  23.1%  14.1 3361s
 3171501 825437  107.86286   70   48  112.00000   86.13124  23.1%  14.1 3367s
 3173495 825896  105.95833   69   42  112.00000   86.13538  23.1%  14.1 3370s
 3177886 826779  107.33333   81   12  112.00000   86.14383  23.1%  14.1 3376s
 3181989 827620   98.74955   58   49  112.00000   86.15279  23.1%  14.1 3382s
 3183930 828007   95.22674   68   64  112.00000   86.15625  23.1%  14.1 3385s
 3188139 828694   91.82952   67   44  112.00000   86.16504  23.1%  14.1 3391s
 3192094 829690  110.04000   72   23  112.00000   86.17045  23.1%  14.1 3397s
 3194336 829982   86.48621   59   58  112.00000   86.17661  23.1%  14.1 3400s
 3197970 830893   94.93274   69   42  112.00000   86.18403  23.0%  14.1 3406s
 3202151 831503   98.28845   67   38  112.00000   86.19268  23.0%  14.1 3411s
 3206047 832214  107.40091   54   51  112.00000   86.20126  23.0%  14.1 3416s
 3209611 832863   89.15052   55   55  112.00000   86.20764  23.0%  14.1 3422s
 3211428 833356   97.50000   66   36  112.00000   86.21368  23.0%  14.1 3425s
 3215684 834033  102.66667   64   40  112.00000   86.22306  23.0%  14.1 3431s
 3219635 834595   92.67715   64   37  112.00000   86.23133  23.0%  14.1 3436s
 3222745 835347   98.14933   71   28  112.00000   86.23953  23.0%  14.1 3442s
 3226799 836089  100.92857   66   25  112.00000   86.24964  23.0%  14.1 3447s
 3228689 836564   95.00000   75   29  112.00000   86.25226  23.0%  14.1 3450s
 3232645 837381   86.42340   63   62  112.00000   86.26287  23.0%  14.1 3455s
 3237303 838232   97.02309   63   49  112.00000   86.27273  23.0%  14.1 3461s
 3240888 839052   92.35301   64   35  112.00000   86.28286  23.0%  14.1 3467s
 3242758 839408   93.51164   69   44  112.00000   86.28696  23.0%  14.1 3470s
 3246831 840066   94.90252   61   49  112.00000   86.29811  22.9%  14.1 3475s
 3250165 840737  106.88889   67   28  112.00000   86.30705  22.9%  14.1 3480s
 3253969 841513     cutoff   75       112.00000   86.31522  22.9%  14.1 3486s
 3257565 842270     cutoff   61       112.00000   86.32425  22.9%  14.1 3491s
 3261595 843123     cutoff   64       112.00000   86.33333  22.9%  14.1 3497s
 3263986 843441  108.89058   66   49  112.00000   86.33514  22.9%  14.1 3500s
 3267326 844117     cutoff   68       112.00000   86.34199  22.9%  14.1 3505s
 3271100 844915     cutoff   65       112.00000   86.35239  22.9%  14.1 3511s
 3274468 845715   87.42459   64   61  112.00000   86.36094  22.9%  14.1 3516s
 3278495 846455   95.74194   71   49  112.00000   86.37013  22.9%  14.1 3522s
 3280258 846821     cutoff   59       112.00000   86.37394  22.9%  14.1 3525s
 3284710 847682   96.52440   63   35  112.00000   86.38298  22.9%  14.1 3531s
 3288501 848525  106.30769   70   21  112.00000   86.39218  22.9%  14.1 3537s
 3290808 848904     cutoff   73       112.00000   86.39685  22.9%  14.1 3540s
 3294371 849767   88.00000   69   32  112.00000   86.40354  22.9%  14.1 3546s
 3298321 850421     cutoff   72       112.00000   86.41253  22.8%  14.1 3551s
 3302077 851198   93.38645   62   56  112.00000   86.41973  22.8%  14.1 3556s
 3305279 851948     cutoff   74       112.00000   86.42857  22.8%  14.1 3561s
 3309118 852571  101.51027   67   25  112.00000   86.43822  22.8%  14.1 3566s
 3310878 853109   90.62145   58   55  112.00000   86.44172  22.8%  14.1 3570s
 3314976 853725 infeasible   68       112.00000   86.45097  22.8%  14.1 3576s
 3316758 854101  108.34167   70   21  112.00000   86.45455  22.8%  14.1 3580s
 3321500 854989  108.00000   67   26  112.00000   86.46209  22.8%  14.1 3586s
 3325120 855746     cutoff   68       112.00000   86.46961  22.8%  14.1 3592s
 3327370 856059     cutoff   68       112.00000   86.47368  22.8%  14.1 3595s
 3331209 856861  101.13396   68   31  112.00000   86.48261  22.8%  14.1 3600s

Cutting planes:
  Learned: 180
  Gomory: 204
  Lift-and-project: 2
  Cover: 11
  Implied bound: 3
  MIR: 1516
  StrongCG: 463
  Flow cover: 2806
  Inf proof: 65
  Zero half: 175
  Mod-K: 1
  RLT: 27
  Relax-and-lift: 12

Explored 3332789 nodes (47008343 simplex iterations) in 3600.24 seconds (718.65 work units)
Thread count was 16 (of 16 available processors)

Solution count 10: 112 116 119 ... 139

Time limit reached
Best objective 1.120000000000e+02, best bound 8.700000000000e+01, gap 22.3214%
Warning: constraint name "precedence between 0,0 to 0,2 if x_[0,0,0,2,3]=0, i.e. 0,2 before 0,0" has a space
Warning: constraint name "precedence between 0,0 to 0,2 if x_[0,0,0,2,3]=0, i.e. 0,2 before 0,0" has a space
Warning: default constraint names used to write mps file
