
Gurobi 10.0.1 (win64) logging started Thu Oct  5 12:31:54 2023

Set parameter LogFile to value "./results//log/BA_10_deadline_heurTrue.log"
Gurobi Optimizer version 10.0.1 build v10.0.1rc0 (win64)

CPU model: AMD Ryzen 7 3700X 8-Core Processor, instruction set [SSE2|AVX|AVX2]
Thread count: 8 physical cores, 16 logical processors, using up to 16 threads

Optimize a model with 230 rows, 201 columns and 812 nonzeros
Model fingerprint: 0xa10d96ab
Model has 1 quadratic constraint
Variable types: 0 continuous, 201 integer (176 binary)
Coefficient statistics:
  Matrix range     [1e+00, 1e+07]
  QMatrix range    [1e+00, 1e+00]
  QLMatrix range   [1e+00, 1e+01]
  Objective range  [1e+00, 1e+00]
  Bounds range     [1e+00, 1e+00]
  RHS range        [1e+00, 3e+07]

User MIP start produced solution with objective 89 (0.00s)
Loaded user MIP start with objective 89

Presolve removed 52 rows and 114 columns
Presolve time: 0.00s
Presolved: 187 rows, 95 columns, 775 nonzeros
Variable types: 0 continuous, 95 integer (62 binary)

Root relaxation: objective 0.000000e+00, 34 iterations, 0.00 seconds (0.00 work units)

    Nodes    |    Current Node    |     Objective Bounds      |     Work
 Expl Unexpl |  Obj  Depth IntInf | Incumbent    BestBd   Gap | It/Node Time

     0     0    0.00000    0    1   89.00000    0.00000   100%     -    0s
H    0     0                      51.0000000    0.00000   100%     -    0s
H    0     0                      42.0000000    0.00000   100%     -    0s
     0     0    0.00000    0   11   42.00000    0.00000   100%     -    0s
     0     0    0.00000    0    6   42.00000    0.00000   100%     -    0s
     0     0    0.00000    0    6   42.00000    0.00000   100%     -    0s
     0     0    0.00000    0   16   42.00000    0.00000   100%     -    0s
     0     0    0.00000    0   11   42.00000    0.00000   100%     -    0s
     0     0    0.00000    0    1   42.00000    0.00000   100%     -    0s
H    0     0                      41.0000000    0.00000   100%     -    0s
H    0     0                      40.0000000    0.00000   100%     -    0s
H    0     2                      34.0000000    0.00000   100%     -    0s
     0     2    0.00000    0    1   34.00000    0.00000   100%     -    0s
H  270   121                      33.0000000    1.00000  97.0%   4.2    0s
H10187   235                      32.0000000    4.00000  87.5%   0.2    0s
H15319   230                      31.0000000    4.00000  87.1%   0.2    0s
H15325   222                      29.0000000    4.00000  86.2%   0.2    0s

Cutting planes:
  Learned: 6
  Implied bound: 2
  RLT: 3

Explored 16033 nodes (13317 simplex iterations) in 0.44 seconds (0.21 work units)
Thread count was 16 (of 16 available processors)

Solution count 10: 29 31 32 ... 89

Optimal solution found (tolerance 1.00e-04)
Best objective 2.900000000000e+01, best bound 2.900000000000e+01, gap 0.0000%
Warning: constraint name "precedence between 0,0 to 0,2 if x_[0,0,0,2,3]=0, i.e. 0,2 before 0,0" has a space
Warning: constraint name "precedence between 0,0 to 0,2 if x_[0,0,0,2,3]=0, i.e. 0,2 before 0,0" has a space
Warning: default constraint names used to write mps file
