
Gurobi 10.0.1 (win64) logging started Fri Oct  6 02:51:06 2023

Set parameter LogFile to value "./results//log/BA_17_deadline_heurFalse.log"
Gurobi Optimizer version 10.0.1 build v10.0.1rc0 (win64)

CPU model: AMD Ryzen 7 3700X 8-Core Processor, instruction set [SSE2|AVX|AVX2]
Thread count: 8 physical cores, 16 logical processors, using up to 16 threads

Optimize a model with 1845 rows, 1241 columns and 8102 nonzeros
Model fingerprint: 0xca7cd193
Model has 1 quadratic constraint
Variable types: 0 continuous, 1241 integer (1144 binary)
Coefficient statistics:
  Matrix range     [1e+00, 1e+07]
  QMatrix range    [1e+00, 1e+00]
  QLMatrix range   [1e+00, 2e+01]
  Objective range  [1e+00, 1e+00]
  Bounds range     [1e+00, 1e+00]
  RHS range        [1e+00, 3e+07]
Presolve removed 135 rows and 532 columns
Presolve time: 0.03s
Presolved: 1735 rows, 733 columns, 8049 nonzeros
Variable types: 0 continuous, 733 integer (612 binary)

Root relaxation: objective 0.000000e+00, 159 iterations, 0.01 seconds (0.00 work units)

    Nodes    |    Current Node    |     Objective Bounds      |     Work
 Expl Unexpl |  Obj  Depth IntInf | Incumbent    BestBd   Gap | It/Node Time

     0     0    0.00000    0    6          -    0.00000      -     -    0s
     0     0    0.00000    0   26          -    0.00000      -     -    0s
     0     0    0.00000    0   31          -    0.00000      -     -    0s
     0     0    0.00000    0    6          -    0.00000      -     -    0s
     0     0    0.00000    0   20          -    0.00000      -     -    0s
     0     0    0.00000    0    4          -    0.00000      -     -    0s
     0     0    0.00000    0   11          -    0.00000      -     -    0s
     0     0    0.00000    0   12          -    0.00000      -     -    1s
     0     0    0.00000    0   23          -    0.00000      -     -    1s
H    0     0                     229.0000000    0.00000   100%     -    1s
     0     0    0.00000    0   10  229.00000    0.00000   100%     -    1s
H    0     0                     228.0000000    0.00000   100%     -    1s
     0     0    0.00000    0   24  228.00000    0.00000   100%     -    1s
H    0     0                     176.0000000    0.00000   100%     -    1s
     0     0    0.00000    0    4  176.00000    0.00000   100%     -    1s
     0     0    0.00000    0    4  176.00000    0.00000   100%     -    1s
     0     2    0.00000    0    4  176.00000    0.00000   100%     -    1s
H   34    40                     174.0000000    0.00000   100%   108    2s
H   64    82                     173.0000000    0.00000   100%  69.6    2s
H  910   467                     160.0000000    0.00000   100%  19.2    3s
H 1065   525                     157.0000000    0.00000   100%  17.7    3s
H 2114   721                     152.0000000    0.00000   100%  10.8    4s
H 2430   760                     149.0000000    0.00000   100%   9.8    4s
H 2562   760                     145.0000000    0.00000   100%   9.4    4s
  3534   812  101.00000  388   27  145.00000    0.00000   100%   7.1    5s
H16346   779                     144.0000000    0.00000   100%   1.5    8s
H16354   746                     143.0000000    0.00000   100%   1.5    9s
H16356   709                     141.0000000    1.00000  99.3%   1.5    9s
H16358   674                     140.0000000    1.00000  99.3%   1.5    9s
H16362   643                     134.0000000    1.00000  99.3%   1.5    9s
 16364   644    1.00000    9  133  134.00000    1.00000  99.3%   1.5   10s
H16364   611                     133.0000000    1.00000  99.2%   1.5   10s
H16366   582                     132.0000000    1.00000  99.2%   1.5   10s
H16368   553                     131.0000000    1.00000  99.2%   1.5   10s
H16368   525                     126.0000000    1.00000  99.2%   1.5   10s
H16368   498                     117.0000000    1.00000  99.1%   1.5   10s
H16404   497                     116.0000000    1.00000  99.1%   4.5   13s
H16410   476                     114.0000000    1.00000  99.1%   4.5   14s
 16416   480   74.00000   51   75  114.00000    1.00000  99.1%   4.5   15s
H16426   463                     112.0000000    1.00000  99.1%   5.6   16s
H16428   442                     111.0000000    1.00000  99.1%   5.6   16s
 16762   638    4.00000   60   53  111.00000    1.00000  99.1%   7.1   20s
H16782   609                     110.0000000    1.00000  99.1%   7.2   20s
 27266  7403   27.00000   76   50  110.00000    1.00000  99.1%   9.6   25s
H27291  7417                     109.0000000    1.00000  99.1%   9.6   26s
 35661 14084   83.00000   99   20  109.00000    1.00000  99.1%  10.4   30s
 42468 17211   99.00000  102   39  109.00000    1.00000  99.1%  10.7   36s
H42490 17161                     108.0000000    1.00000  99.1%  10.7   36s
 42502 27428     cutoff  103       108.00000    1.00000  99.1%  10.7   42s
 58518 29092   85.00000  112   25  108.00000    1.00000  99.1%  11.8   46s
 68578 34426   55.02564   87   49  108.00000    1.00000  99.1%  11.5   51s
 84037 44326   66.02878   98   33  108.00000    1.00000  99.1%  11.3   56s
 97262 52230   53.00000   83   36  108.00000    1.00000  99.1%  11.2   60s
 116766 62920   58.00000   83   49  108.00000    1.00000  99.1%  10.9   65s
 134230 77296   79.00000   89   30  108.00000    1.00000  99.1%  11.0   70s
 150834 85245   31.20707   77   57  108.00000    1.00000  99.1%  11.1   75s
 170964 97085   59.00000   84   32  108.00000    1.00000  99.1%  11.1   80s
 188279 106640   14.00000   69   60  108.00000    1.00000  99.1%  11.1   85s
H190007 106136                     105.0000000    1.00000  99.0%  11.1   86s
 194711 107702   51.00000   77   41  105.00000    1.00000  99.0%  11.2   91s
 206707 115593   10.61039   67   62  105.00000    1.00000  99.0%  11.2   96s
 216881 123355 infeasible   77       105.00000    1.00000  99.0%  11.3  100s
 232684 132358   19.00000   80   55  105.00000    1.00000  99.0%  11.3  105s
 247873 140566   53.33600   93   41  105.00000    1.00000  99.0%  11.3  110s
 261582 156885 infeasible   82       105.00000    1.00000  99.0%  11.3  117s
 276289 157082 infeasible   84       105.00000    1.00000  99.0%  11.3  120s
 288928 165339   31.00000   71   57  105.00000    1.00000  99.0%  11.4  125s
 301929 173043   21.00000   82   57  105.00000    1.00000  99.0%  11.4  130s
 314398 181818   10.00000   67   80  105.00000    1.00000  99.0%  11.4  135s
 332472 190811   63.00000   89   45  105.00000    1.00000  99.0%  11.5  140s
 342731 196072   53.00000   96   33  105.00000    1.00000  99.0%  11.5  146s
 349991 200833 infeasible  105       105.00000    1.00000  99.0%  11.5  150s
 362564 208852    7.00000   71   58  105.00000    1.00000  99.0%  11.6  155s
 374094 217363   21.00000   80   47  105.00000    1.00000  99.0%  11.6  160s
 386453 223975   16.33333   77   61  105.00000    1.00000  99.0%  11.6  165s
 401610 231229    1.00000   71   55  105.00000    1.00000  99.0%  11.6  170s
 414897 240839    1.00000   72   57  105.00000    1.00000  99.0%  11.6  175s
 426736 248247   53.00000   78   61  105.00000    1.00000  99.0%  11.7  180s
 440286 257320    2.00000   70   76  105.00000    1.00000  99.0%  11.7  185s
 455104 265370   22.00000   70   61  105.00000    1.00000  99.0%  11.7  190s
 470819 273934   36.00000   85   50  105.00000    1.00000  99.0%  11.7  195s
H475564 273795                     104.0000000    1.00000  99.0%  11.7  196s
 485138 278461 infeasible  114       104.00000    1.00000  99.0%  11.7  203s
 490109 281954  100.00000   84   21  104.00000    1.00000  99.0%  11.7  205s
 500643 287935    3.00000   74   54  104.00000    1.00000  99.0%  11.8  210s
 510588 294251   71.00000   83   37  104.00000    1.00000  99.0%  11.8  215s
 522987 304311   64.18182   73   39  104.00000    1.00000  99.0%  11.8  221s
 535142 308444 infeasible   92       104.00000    1.00000  99.0%  11.8  225s
 543251 315473   49.04708   95   47  104.00000    1.00000  99.0%  11.9  230s
 560705 323043 infeasible   79       104.00000    1.00000  99.0%  11.9  235s
 573133 331166 infeasible  121       104.00000    1.00000  99.0%  11.9  240s
 586921 341448    3.00000   84   61  104.00000    1.00000  99.0%  11.9  245s
 598129 347002    5.00000   74   66  104.00000    1.00000  99.0%  11.9  250s
 612611 357447   48.00000   87   37  104.00000    1.00000  99.0%  11.9  256s
 621236 358356    1.00000   70   67  104.00000    1.00000  99.0%  11.9  261s
H621263 352255                     102.0000000    1.00000  99.0%  11.9  261s
 630020 357758   45.00000   99   52  102.00000    1.00000  99.0%  12.0  265s
H630449 344481                      98.0000000    1.00000  99.0%  12.0  265s
 642839 351463   12.78788   73   46   98.00000    1.00000  99.0%  12.0  271s
 650197 355439   33.00000   79   46   98.00000    1.00000  99.0%  12.0  275s
 662531 362306   51.00000  100   52   98.00000    1.00000  99.0%  12.0  281s
 673471 368581   61.00000   82   50   98.00000    1.00000  99.0%  12.0  285s
 684869 375930 infeasible   93        98.00000    1.00000  99.0%  12.0  290s
 698516 381605   71.18454   94   60   98.00000    1.00000  99.0%  12.0  296s
 711100 388949   75.00000   76   38   98.00000    1.00000  99.0%  12.0  300s
 722568 396831    1.00000   62   67   98.00000    1.00000  99.0%  12.0  305s
 732553 402247   11.71515   72   54   98.00000    1.00000  99.0%  12.1  310s
 748134 408973   45.00000   86   46   98.00000    1.00000  99.0%  12.0  318s
 748161 409044   46.00000   87   45   98.00000    1.00000  99.0%  12.0  320s
 755655 414362   50.66347   70   48   98.00000    1.00000  99.0%  12.1  325s
 766283 420106   72.00000   85   46   98.00000    1.00000  99.0%  12.1  330s
 780105 427817   65.00000   83   41   98.00000    1.00000  99.0%  12.1  335s
 788233 434683    2.08800   68   68   98.00000    1.00000  99.0%  12.2  342s
 799807 441093    1.00000   80   58   98.00000    1.00000  99.0%  12.2  345s
 814871 448603   27.00000   80   50   98.00000    1.00000  99.0%  12.1  350s
 825438 454253   28.00000   82   47   98.00000    1.00000  99.0%  12.2  355s
 837602 461312   51.00000   85   55   98.00000    1.00000  99.0%  12.2  360s
 846286 466464   36.00000   67   50   98.00000    1.00000  99.0%  12.2  365s
 861941 473612   29.00000   65   61   98.00000    1.00000  99.0%  12.2  370s
 871927 479404    7.00000   79   54   98.00000    1.00000  99.0%  12.2  375s
 881104 483170   73.00000  114   33   98.00000    1.00000  99.0%  12.3  380s
 882731 485092   55.72727   76   60   98.00000    1.00000  99.0%  12.3  385s
 892874 489846    2.00000   75   54   98.00000    1.00000  99.0%  12.3  391s
 899385 493654   79.17532   98   47   98.00000    1.00000  99.0%  12.3  395s
 906541 497652   29.00000   81   46   98.00000    1.00000  99.0%  12.3  400s
 921297 505684   15.00000   77   51   98.00000    1.00000  99.0%  12.3  405s
 933921 512830   56.00000   84   36   98.00000    1.00000  99.0%  12.3  410s
 940513 518671   74.00000   99   24   98.00000    1.00000  99.0%  12.4  415s
 952399 524731   41.00000   95   50   98.00000    1.00000  99.0%  12.4  420s
 965108 529541    3.00000   73   61   98.00000    1.00000  99.0%  12.4  425s
 973439 534723   49.00000   84   38   98.00000    1.00000  99.0%  12.4  430s
 985930 542548   41.00000   81   46   98.00000    1.00000  99.0%  12.4  435s
 998213 549905   89.00000  112   28   98.00000    1.00000  99.0%  12.4  440s
 1010506 555750 infeasible  106        98.00000    1.00000  99.0%  12.4  445s
 1020813 561411   85.19609   94   42   98.00000    1.00000  99.0%  12.4  450s
 1022248 570409   84.00000   81   42   98.00000    1.00000  99.0%  12.4  461s
 1038264 572958 infeasible   87        98.00000    1.00000  99.0%  12.5  467s
 1047959 576143 infeasible  103        98.00000    1.00000  99.0%  12.5  471s
 1054975 581567   77.00000   85   42   98.00000    1.00000  99.0%  12.5  475s
 1064576 587866   42.00000  107   39   98.00000    1.00000  99.0%  12.5  480s
 1075069 592108   40.00000   78   47   98.00000    1.00000  99.0%  12.4  485s
 1087410 599592   81.00000   92   39   98.00000    1.00000  99.0%  12.5  491s
 1097279 603692   64.00000   98   47   98.00000    1.00000  99.0%  12.4  495s
 1105584 609722   24.00000   72   57   98.00000    1.00000  99.0%  12.5  500s
 1117012 614699   26.00000   82   61   98.00000    1.00000  99.0%  12.5  505s
 1128086 620721    3.40247   67   72   98.00000    1.00000  99.0%  12.5  510s
 1138519 626233   31.00000   81   52   98.00000    1.00000  99.0%  12.5  515s
 1149818 632384   68.00000   91   52   98.00000    1.00000  99.0%  12.5  520s
 1160123 638137 infeasible   92        98.00000    1.00000  99.0%  12.5  525s
 1168119 644027   91.00000  101   28   98.00000    1.00000  99.0%  12.5  530s
 1172230 644035 infeasible  113        98.00000    1.00000  99.0%  12.5  535s
 1177297 648504   49.00000   93   40   98.00000    1.00000  99.0%  12.5  540s
 1190033 654464    2.00000   69   56   98.00000    1.00000  99.0%  12.5  547s
 1197231 658691   29.00000   82   63   98.00000    1.00000  99.0%  12.5  552s
 1197655 664242   24.00000   83   47   98.00000    1.00000  99.0%  12.5  557s
 1207020 667113   18.00000   69   68   98.00000    1.00000  99.0%  12.5  561s
 1218462 671623 infeasible   95        98.00000    1.00000  99.0%  12.5  566s
 1228364 677540    1.00000   68   60   98.00000    1.00000  99.0%  12.5  570s
 1240226 686221   33.00000   78   60   98.00000    1.00000  99.0%  12.5  577s
 1249544 688838   30.00000   79   66   98.00000    1.00000  99.0%  12.6  580s
 1257048 693522   80.00000   95   26   98.00000    1.00000  99.0%  12.6  585s
 1268855 699251   20.00000   72   55   98.00000    1.00000  99.0%  12.6  590s
 1279800 704179   19.00000   74   47   98.00000    1.00000  99.0%  12.6  595s
 1289983 710016   83.00000   76   41   98.00000    1.00000  99.0%  12.6  601s
 1300881 716676   37.00000   86   62   98.00000    1.00000  99.0%  12.6  605s
 1309079 719389   92.06202   92   42   98.00000    1.00000  99.0%  12.6  612s
 1312991 722233 infeasible   86        98.00000    1.00000  99.0%  12.6  615s
 1320603 728713    6.00000   75   68   98.00000    1.00000  99.0%  12.7  621s
 1327306 732954    7.00000   77   64   98.00000    1.00000  99.0%  12.7  627s
 1334289 735403   92.06553   86   46   98.00000    1.00000  99.0%  12.7  631s
 1344836 739832   10.00000   71   48   98.00000    1.00000  99.0%  12.7  635s
 1353951 746286   52.00000   79   41   98.00000    1.00000  99.0%  12.7  641s
 1362348 750336   74.27907   85   50   98.00000    1.00000  99.0%  12.7  645s
 1370612 754683   61.91442   86   54   98.00000    1.00000  99.0%  12.7  650s
 1378514 759282   67.00000   82   41   98.00000    1.00000  99.0%  12.7  655s
 1393970 764895   90.00000   83   38   98.00000    1.00000  99.0%  12.7  661s
 1402246 769827 infeasible  102        98.00000    1.00000  99.0%  12.7  665s
 1407860 773714   53.00000   80   57   98.00000    1.00000  99.0%  12.7  670s
 1420015 782282   44.00000   82   57   98.00000    1.00000  99.0%  12.7  675s
 1430443 785434   69.00000   85   36   98.00000    1.00000  99.0%  12.7  680s
 1436747 788116    6.95833   75   73   98.00000    1.00000  99.0%  12.8  687s
 1440814 791630   94.00000   97   24   98.00000    1.00000  99.0%  12.8  690s
 1451321 796821    7.00000   77   73   98.00000    1.00000  99.0%  12.8  695s
 1461484 802255   23.21970   73   65   98.00000    1.00000  99.0%  12.8  701s
 1467219 808148   26.02326   85   51   98.00000    1.00000  99.0%  12.8  708s
 1472808 811213   47.00000   79   46   98.00000    1.00000  99.0%  12.8  710s
 1483381 814906   87.00000  103   26   98.00000    1.00000  99.0%  12.8  715s
 1494112 819995   81.00000  100   34   98.00000    1.00000  99.0%  12.8  720s
 1501669 824701   64.00000   88   33   98.00000    1.00000  99.0%  12.8  725s
 1514436 831687   41.45365   80   53   98.00000    1.00000  99.0%  12.8  731s
 1523130 836606    3.54650   80   58   98.00000    1.00000  99.0%  12.8  736s
 1530457 841436   79.38235   83   43   98.00000    1.00000  99.0%  12.8  740s
 1538439 847107   58.00000   95   41   98.00000    1.00000  99.0%  12.8  745s
 1552257 853005   60.00000   82   41   98.00000    1.00000  99.0%  12.8  750s
 1558911 859597   64.00000   84   44   98.00000    1.00000  99.0%  12.8  756s
 1570370 863353   33.00000   83   50   98.00000    1.00000  99.0%  12.8  760s
 1572170 864274    4.00000   73   68   98.00000    1.00000  99.0%  12.8  765s
 1573964 872585   83.00000   95   33   98.00000    1.00000  99.0%  12.8  775s
 1591964 878683   30.00000   83   53   98.00000    1.00000  99.0%  12.9  782s
 1599659 879645    1.00000   73   62   98.00000    1.00000  99.0%  12.9  785s
 1609437 884729 infeasible   81        98.00000    1.00000  99.0%  12.9  790s
 1617488 888642   65.00000   77   38   98.00000    1.00000  99.0%  12.9  795s
 1625784 893877   80.00000   97   29   98.00000    1.00000  99.0%  12.9  800s
 1632034 899061 infeasible  114        98.00000    1.00000  99.0%  12.9  805s
 1641166 902582   22.00000   65   59   98.00000    1.00000  99.0%  12.9  810s
 1652134 907856   96.00000   98   17   98.00000    1.00000  99.0%  12.9  815s
 1664241 914479   94.02459  108   33   98.00000    1.00000  99.0%  12.9  822s
 1665014 918415 infeasible  108        98.00000    1.00000  99.0%  12.9  825s
 1677610 924163   49.00000   75   54   98.00000    1.00000  99.0%  12.9  831s
 1685701 926936   55.00000   82   52   98.00000    1.00000  99.0%  12.9  836s
 1694352 931392   88.00000  100   21   98.00000    1.00000  99.0%  12.9  841s
 1700716 934082   82.00000   99   30   98.00000    1.00000  99.0%  12.9  847s
 1702072 935611   36.00000   72   60   98.00000    1.00000  99.0%  12.9  850s
 1710348 940043 infeasible  106        98.00000    1.00000  99.0%  12.9  855s
 1718882 944116   70.00000   84   37   98.00000    1.00000  99.0%  12.9  860s
 1726797 950260   88.18182   87   47   98.00000    1.00000  99.0%  12.9  865s
 1735730 953268   76.18182   86   38   98.00000    1.00000  99.0%  12.9  870s
 1745801 960543   45.00000   95   48   98.00000    1.00000  99.0%  12.9  875s
 1754888 968958   81.00000   95   34   98.00000    1.00000  99.0%  12.9  883s
 1764593 970024   47.00000   80   50   98.00000    1.00000  99.0%  12.9  887s
 1771686 975219   87.00000  106   42   98.00000    1.00000  99.0%  12.9  891s
 1780891 977917   60.00000   90   42   98.00000    1.00000  99.0%  12.9  895s
 1791286 985037   85.00000   97   36   98.00000    1.00000  99.0%  12.9  900s
 1799699 989560     cutoff   98        98.00000    1.00000  99.0%  12.9  905s
 1813188 995200 infeasible   92        98.00000    1.00000  99.0%  12.9  911s
 1820861 1001499   29.00000   75   60   98.00000    1.00000  99.0%  12.9  917s
 1827167 1005450   61.00000   87   35   98.00000    1.00000  99.0%  12.9  920s
 1834503 1009353   58.16271   97   38   98.00000    1.00000  99.0%  12.9  925s
 1847326 1013705   44.00000   90   40   98.00000    1.00000  99.0%  12.9  934s
 1848147 1014685   17.78788   71   56   98.00000    1.00000  99.0%  12.9  935s
 1856934 1021374   38.00000   77   49   98.00000    1.00000  99.0%  13.0  941s
 1862894 1026385   78.12500   87   49   98.00000    1.00000  99.0%  13.0  947s
 1870630 1026709   44.00000   88   40   98.00000    1.00000  99.0%  13.0  950s
 1877917 1033121   12.20707   71   63   98.00000    1.00000  99.0%  13.0  955s
 1887427 1038847    5.90062   71   70   98.00000    1.00000  99.0%  13.0  961s
 1896786 1043337   25.00000   72   59   98.00000    1.00000  99.0%  13.0  966s
 1906980 1046939   90.00000  108   25   98.00000    1.00000  99.0%  13.0  971s
 1912626 1053763   17.00000   80   52   98.00000    1.00000  99.0%  13.0  976s
 1921799 1057076   66.12676   84   49   98.00000    1.00000  99.0%  13.0  981s
 1931121 1063409    1.00000   75   64   98.00000    1.00000  99.0%  13.0  985s
 1942451 1066733 infeasible  116        98.00000    1.00000  99.0%  13.0  990s
 1950677 1073316   45.00000   84   48   98.00000    1.00000  99.0%  13.0  996s
 1957889 1076090   40.18182   68   52   98.00000    1.00000  99.0%  13.0 1000s
 1969851 1081877   47.00000   77   41   98.00000    1.00000  99.0%  13.0 1005s
 1974709 1083989   73.00000   91   34   98.00000    1.00000  99.0%  13.0 1010s
 1979003 1088435   88.00000   96   37   98.00000    1.00000  99.0%  13.0 1015s
 1984574 1092123   36.00000   76   61   98.00000    1.00000  99.0%  13.0 1020s
 1994950 1095999   19.00000   76   55   98.00000    1.00000  99.0%  13.0 1025s
 2005535 1102123   62.10853  102   38   98.00000    1.00000  99.0%  13.0 1030s
 2013997 1106278 infeasible   91        98.00000    1.00000  99.0%  13.0 1035s
 2019555 1111960    2.00000   75   58   98.00000    1.00000  99.0%  13.0 1042s
 2025440 1112995   37.00000   77   50   98.00000    1.00000  99.0%  13.0 1046s
 2034475 1119046   10.00000   73   53   98.00000    1.00000  99.0%  13.0 1050s
 2046306 1123195   34.00000   87   43   98.00000    1.00000  99.0%  13.0 1056s
 2055351 1129717   88.00000   98   35   98.00000    1.00000  99.0%  13.1 1060s
 2063889 1132935   31.00000   85   55   98.00000    1.00000  99.0%  13.1 1065s
 2064231 1135107   39.00000   88   55   98.00000    1.00000  99.0%  13.1 1071s
 2068498 1137962   15.00000   78   58   98.00000    1.00000  99.0%  13.1 1075s
 2073907 1139402   27.00000   73   52   98.00000    1.00000  99.0%  13.1 1080s
 2085144 1144389   47.00000   81   51   98.00000    1.00000  99.0%  13.1 1087s
 2085526 1149341   47.24259   82   51   98.00000    1.00000  99.0%  13.1 1092s
 2094664 1150970   10.00000   73   65   98.00000    1.00000  99.0%  13.1 1096s
 2104602 1156622    1.04167   76   59   98.00000    1.00000  99.0%  13.1 1101s
 2112138 1158909   61.00000  107   34   98.00000    1.00000  99.0%  13.1 1105s
 2118032 1162313   12.18182   65   57   98.00000    1.00000  99.0%  13.1 1110s
 2130345 1169417 infeasible   79        98.00000    1.00000  99.0%  13.1 1115s
 2135754 1173802   58.18182   75   54   98.00000    1.00000  99.0%  13.1 1120s
 2146199 1178634   45.00000   84   43   98.00000    1.00000  99.0%  13.1 1125s
 2156651 1182854   30.18182   77   61   98.00000    1.00000  99.0%  13.1 1131s
 2165917 1188067 infeasible   89        98.00000    1.00670  99.0%  13.2 1136s
 2174905 1195793   82.00000  106   29   98.00000    1.01613  99.0%  13.1 1141s
 2181969 1198351   87.13498   77   48   98.00000    1.02161  99.0%  13.1 1145s
 2192277 1202686   56.00000   95   39   98.00000    1.03242  98.9%  13.1 1152s
 2198857 1208616 infeasible   89        98.00000    1.04167  98.9%  13.1 1156s
 2206720 1211149   93.00000  102   39   98.00000    1.04540  98.9%  13.1 1160s
 2220356 1218444   34.00000   85   57   98.00000    1.07537  98.9%  13.1 1169s
 2220426 1227063   38.00000   83   50   98.00000    1.07537  98.9%  13.1 1181s
 2236442 1230650 infeasible   87        98.00000    1.12853  98.8%  13.1 1186s
 2244010 1236156 infeasible  102        98.00000    1.16788  98.8%  13.1 1193s
 2253219 1236333   96.00000   81   28   98.00000    1.18978  98.8%  13.1 1196s
 2259843 1239962 infeasible   79        98.00000    1.22581  98.7%  13.1 1200s
 2267400 1244558 infeasible   88        98.00000    1.24100  98.7%  13.1 1205s
 2274421 1248129   90.00000   86   45   98.00000    1.42857  98.5%  13.1 1210s
 2286227 1255269   89.00000   86   39   98.00000    1.56204  98.4%  13.1 1217s
 2293745 1260561   35.00000   79   48   98.00000    1.80000  98.2%  13.1 1220s
 2303291 1264953   49.00000   81   52   98.00000    1.95833  98.0%  13.1 1226s
 2310407 1270473    1.95833   73   78   98.00000    1.95833  98.0%  13.0 1230s
 2324659 1278104   79.00000   99   24   98.00000    1.95833  98.0%  13.0 1235s
 2333474 1281835   91.00787  102   34   98.00000    1.95833  98.0%  13.0 1241s
 2340771 1286143   18.00000   82   56   98.00000    2.00000  98.0%  13.0 1245s
 2351585 1295303   14.00000   78   52   98.00000    2.00000  98.0%  13.0 1252s
 2362066 1297566   20.00000   73   62   98.00000    2.00000  98.0%  13.0 1255s
 2373832 1307655   70.00000  100   43   98.00000    2.00000  98.0%  13.0 1262s
 2382934 1309938   87.33600   83   34   98.00000    2.00000  98.0%  13.0 1265s
 2397042 1316058   26.42857   72   56   98.00000    2.00000  98.0%  13.0 1270s
 2407918 1322753   36.00000   73   51   98.00000    2.00000  98.0%  13.0 1276s
 2417653 1330012   76.00000   97   30   98.00000    2.00000  98.0%  13.0 1282s
 2427327 1332858   76.00000   80   42   98.00000    2.00000  98.0%  13.0 1285s
 2439733 1338600 infeasible   96        98.00000    2.00000  98.0%  13.0 1290s
 2450523 1345468   93.00000  107   18   98.00000    2.00000  98.0%  13.0 1295s
 2460135 1352127   17.42857   76   64   98.00000    2.00000  98.0%  13.0 1300s
 2472517 1358425 infeasible   84        98.00000    2.00000  98.0%  13.0 1305s
 2485558 1367151   20.08081   76   60   98.00000    2.00000  98.0%  13.0 1311s
 2496088 1371894 infeasible   89        98.00000    2.00000  98.0%  12.9 1315s
 2509413 1378143   61.00000   84   45   98.00000    2.00000  98.0%  12.9 1320s
 2521401 1385593   44.96104   78   42   98.00000    2.00000  98.0%  12.9 1325s
 2530426 1390957   58.00000   91   30   98.00000    2.00000  98.0%  12.9 1330s
 2545490 1398966   42.00000   73   42   98.00000    2.00000  98.0%  12.9 1336s
 2555933 1404345   70.21976   88   44   98.00000    2.00000  98.0%  12.9 1340s
 2563107 1407020   87.00000   92   35   98.00000    2.00000  98.0%  12.9 1345s
 2572274 1412931   59.00000   88   37   98.00000    2.00000  98.0%  12.9 1350s
 2583291 1418668   24.00000   72   59   98.00000    2.00000  98.0%  12.8 1355s
 2592730 1426244   90.11765  104   25   98.00000    2.00000  98.0%  12.8 1361s
 2605848 1431433   27.18182   75   52   98.00000    2.00000  98.0%  12.8 1365s
 2614648 1438350   20.00000   81   49   98.00000    2.00000  98.0%  12.8 1370s
 2628543 1444445   91.00000   97   38   98.00000    2.00000  98.0%  12.8 1375s
 2640917 1450529   14.00000   73   79   98.00000    2.00000  98.0%  12.8 1380s
 2651708 1457624   55.10294   85   50   98.00000    2.00000  98.0%  12.8 1385s
 2658595 1464072   84.00000   85   49   98.00000    2.00000  98.0%  12.8 1390s
 2674345 1471039   82.00000   85   34   98.00000    2.00000  98.0%  12.8 1396s
 2684823 1476257   49.00000   85   43   98.00000    2.00000  98.0%  12.7 1400s
 2697529 1483622   21.02060   80   56   98.00000    2.00000  98.0%  12.7 1405s
 2709198 1489826 infeasible  113        98.00000    2.00000  98.0%  12.7 1410s
 2719786 1495633   65.00000   82   40   98.00000    2.00000  98.0%  12.7 1415s
 2732454 1503697   63.00000   98   48   98.00000    2.00000  98.0%  12.7 1421s
 2742655 1511104   67.75862   90   40   98.00000    2.00000  98.0%  12.7 1426s
 2755979 1517113   92.00000  103   16   98.00000    2.00000  98.0%  12.7 1430s
 2764705 1523907 infeasible  121        98.00000    2.00000  98.0%  12.7 1435s
 2778078 1530963   47.00000   87   54   98.00000    2.00000  98.0%  12.6 1440s
 2789106 1540025 infeasible   88        98.00000    2.00000  98.0%  12.6 1447s
 2802103 1544515   36.00000   72   49   98.00000    2.00000  98.0%  12.6 1450s
 2814314 1551309   87.04852   83   43   98.00000    2.00000  98.0%  12.6 1455s
 2827557 1558634   29.00000   83   48   98.00000    2.00000  98.0%  12.6 1460s
 2837492 1563948   58.00000   97   36   98.00000    2.00000  98.0%  12.6 1465s
 2849313 1570152   47.00000   94   43   98.00000    2.00000  98.0%  12.6 1470s
 2860743 1576311   25.00000   77   62   98.00000    2.00000  98.0%  12.6 1475s
 2875327 1585146   43.00000   81   49   98.00000    2.00000  98.0%  12.6 1481s
 2885178 1592054 infeasible   93        98.00000    2.00000  98.0%  12.6 1486s
 2897953 1597649 infeasible   99        98.00000    2.00000  98.0%  12.6 1490s
 2907999 1604191   93.00000   99   22   98.00000    2.00000  98.0%  12.5 1495s
 2918746 1611174   63.00000   99   20   98.00000    2.00000  98.0%  12.5 1500s
 2930522 1616688   24.00000   77   51   98.00000    2.00000  98.0%  12.5 1505s
 2943247 1625187 infeasible   84        98.00000    2.00000  98.0%  12.5 1511s
 2954916 1630408    2.00000   82   57   98.00000    2.00000  98.0%  12.5 1516s
 2965369 1637734   16.00000   72   55   98.00000    2.00000  98.0%  12.5 1522s
 2976852 1641854    8.19048   75   56   98.00000    2.00000  98.0%  12.5 1525s
 2989261 1647554   54.00000   87   50   98.00000    2.00000  98.0%  12.5 1530s
 3000938 1655751   81.00000   97   41   98.00000    2.00000  98.0%  12.5 1535s
 3014090 1661986   94.00000   84   25   98.00000    2.00000  98.0%  12.5 1540s
 3026355 1669495   43.00000   67   47   98.00000    2.00000  98.0%  12.5 1545s
 3034600 1675323   12.00000   70   54   98.00000    2.00000  98.0%  12.5 1550s
 3047292 1682603   73.00000   89   31   98.00000    2.00000  98.0%  12.4 1555s
 3061829 1690202   49.00000   87   46   98.00000    2.00000  98.0%  12.4 1560s
 3073373 1695403   27.00000   78   54   98.00000    2.00000  98.0%  12.4 1565s
 3086277 1703885   66.82353   89   46   98.00000    2.00000  98.0%  12.4 1571s
 3096752 1710214   22.00000   81   56   98.00000    2.00000  98.0%  12.4 1576s
 3106076 1715452    2.00000   71   61   98.00000    2.00000  98.0%  12.4 1580s
 3114394 1722097   26.75862   77   55   98.00000    2.00000  98.0%  12.4 1585s
 3127999 1726936   83.00000  112   27   98.00000    2.00000  98.0%  12.4 1590s
 3140506 1733650   50.00000   95   44   98.00000    2.00000  98.0%  12.4 1595s
 3153611 1739803   34.00000   73   43   98.00000    2.00000  98.0%  12.4 1600s
 3164349 1746688   20.00000   76   55   98.00000    2.00000  98.0%  12.4 1605s
 3175923 1752824   86.00000   93   39   98.00000    2.00000  98.0%  12.4 1610s
 3186424 1757612   65.62500   88   44   98.00000    2.00000  98.0%  12.4 1615s
 3200079 1766996 infeasible   99        98.00000    2.00000  98.0%  12.4 1622s
 3209337 1770444   65.00000   91   43   98.00000    2.00000  98.0%  12.4 1625s
 3222317 1777525 infeasible  104        98.00000    2.00000  98.0%  12.4 1630s
 3231377 1782764   61.00000   79   48   98.00000    2.00000  98.0%  12.4 1635s
 3245044 1791134   39.22727   92   53   98.00000    2.00000  98.0%  12.4 1641s
 3253764 1796058   77.00000   88   32   98.00000    2.00000  98.0%  12.4 1645s
 3268019 1803796   33.00000   80   47   98.00000    2.00000  98.0%  12.4 1651s
 3278681 1808112   57.00000   87   38   98.00000    2.00000  98.0%  12.4 1655s
 3290706 1818536 infeasible   78        98.00000    2.00000  98.0%  12.4 1662s
 3299271 1820571   96.00000   83   24   98.00000    2.00000  98.0%  12.4 1665s
 3311948 1829152   52.00000   81   39   98.00000    2.00000  98.0%  12.4 1672s
 3323850 1832696 infeasible   91        98.00000    2.00000  98.0%  12.4 1675s
 3332396 1841059   59.00000   91   45   98.00000    2.00000  98.0%  12.4 1682s
 3345152 1844011   62.09756   81   41   98.00000    2.00000  98.0%  12.4 1685s
 3356923 1850462   39.00000   74   59   98.00000    2.00000  98.0%  12.4 1690s
 3368841 1856671   32.00000   76   55   98.00000    2.00000  98.0%  12.4 1695s
 3378238 1864390   86.00000  119   27   98.00000    2.00000  98.0%  12.4 1702s
 3390085 1867954 infeasible   96        98.00000    2.00000  98.0%  12.4 1705s
 3399010 1874918 infeasible  108        98.00000    2.00000  98.0%  12.4 1710s
 3410966 1881000   16.42857   81   73   98.00000    2.00000  98.0%  12.4 1715s
 3421419 1888624   55.00000   85   46   98.00000    2.00000  98.0%  12.4 1721s
 3432743 1892785   45.00000   92   44   98.00000    2.00000  98.0%  12.4 1725s
 3445812 1900604    9.09065   77   62   98.00000    2.00000  98.0%  12.4 1731s
 3457784 1905124   42.00000   97   36   98.00000    2.00000  98.0%  12.3 1735s
 3466114 1911339   46.00000   83   45   98.00000    2.00000  98.0%  12.3 1740s
 3478378 1917888   81.00000   88   35   98.00000    2.00000  98.0%  12.3 1745s
 3490764 1924117 infeasible   91        98.00000    2.00000  98.0%  12.3 1750s
 3503261 1930361   73.00000   82   46   98.00000    2.00000  98.0%  12.3 1755s
 3512808 1936404   35.00000   91   43   98.00000    2.00000  98.0%  12.3 1760s
 3524757 1941551 infeasible  123        98.00000    2.00000  98.0%  12.3 1765s
 3535632 1947145   21.53962   68   59   98.00000    2.00000  98.0%  12.3 1771s
 3543630 1952959 infeasible  105        98.00000    2.00000  98.0%  12.3 1775s
 3554931 1958081     cutoff  102        98.00000    2.00000  98.0%  12.3 1780s
 3564037 1963947   23.12950   71   65   98.00000    2.00000  98.0%  12.3 1785s
 3574944 1968852   29.00000   80   50   98.00000    2.00000  98.0%  12.3 1790s
 3586839 1975370 infeasible  105        98.00000    2.00000  98.0%  12.3 1795s
 3596961 1981020   20.09524   74   62   98.00000    2.00000  98.0%  12.3 1800s
 3609439 1988375   31.00000   76   70   98.00000    2.00000  98.0%  12.3 1805s
 3618877 1993194 infeasible   88        98.00000    2.00000  98.0%  12.3 1810s
 3630449 1999670   28.00000   70   52   98.00000    2.00000  98.0%  12.3 1815s
 3639889 2006185    2.95833   60   81   98.00000    2.00000  98.0%  12.3 1821s
 3648037 2008886    7.00000   71   72   98.00000    2.00000  98.0%  12.3 1826s
 3654044 2014587   87.00000  105   38   98.00000    2.00000  98.0%  12.3 1831s
 3666318 2018953   64.00000   88   38   98.00000    2.00000  98.0%  12.3 1835s
 3675718 2028873   77.00000  105   31   98.00000    2.00000  98.0%  12.3 1842s
 3685864 2031034   78.00000   97   29   98.00000    2.00000  98.0%  12.3 1845s
 3697849 2036078 infeasible  101        98.00000    2.00000  98.0%  12.3 1850s
 3707690 2042457    7.00000   80   56   98.00000    2.00000  98.0%  12.3 1855s
 3718771 2048700   64.00000   90   46   98.00000    2.00000  98.0%  12.3 1860s
 3728656 2054936   71.00000   77   39   98.00000    2.00000  98.0%  12.3 1865s
 3740733 2061041    7.00000   67   63   98.00000    2.00000  98.0%  12.3 1870s
 3750537 2065948   51.00000   75   51   98.00000    2.00000  98.0%  12.3 1875s
 3762501 2073290   93.00763   82   49   98.00000    2.00000  98.0%  12.3 1880s
 3769971 2078685   91.09524   78   37   98.00000    2.00000  98.0%  12.3 1885s
 3783308 2084652 infeasible   99        98.00000    2.00000  98.0%  12.2 1890s
 3792946 2089601    2.00000   69   58   98.00000    2.00000  98.0%  12.2 1895s
 3804778 2097260   47.00000   97   47   98.00000    2.00000  98.0%  12.2 1900s
 3816818 2104160   11.00000   76   60   98.00000    2.00000  98.0%  12.2 1905s
 3827458 2109614   27.00000   78   55   98.00000    2.00000  98.0%  12.2 1910s
 3836217 2115709   87.00000   94   39   98.00000    2.00000  98.0%  12.2 1916s
 3848375 2123360   52.00000   99   36   98.00000    2.00000  98.0%  12.2 1921s
 3857561 2127268   74.00000   96   40   98.00000    2.00000  98.0%  12.2 1925s
 3871349 2133948   46.00000   90   40   98.00000    2.00000  98.0%  12.2 1930s
 3881648 2139775   35.00000   83   55   98.00000    2.00000  98.0%  12.2 1936s
 3890910 2145891   69.00000   91   43   98.00000    2.00000  98.0%  12.2 1940s
 3895270 2150814   66.00000   87   37   98.00000    2.00000  98.0%  12.2 1945s
 3911248 2155887   88.00000   90   32   98.00000    2.00000  98.0%  12.2 1950s
 3917290 2162895 infeasible   78        98.00000    2.00000  98.0%  12.2 1956s
 3930376 2167482 infeasible  105        98.00000    2.00000  98.0%  12.2 1960s
 3941767 2172244   17.00000   64   50   98.00000    2.00000  98.0%  12.2 1965s
 3952707 2180208   39.00000   85   48   98.00000    2.00000  98.0%  12.2 1970s
 3959331 2186914   12.00000   73   56   98.00000    2.00000  98.0%  12.2 1975s
 3973193 2191631   16.20526   79   74   98.00000    2.00000  98.0%  12.2 1980s
 3984965 2197723   58.00000   87   45   98.00000    2.00000  98.0%  12.2 1986s
 3996584 2202903   55.00000   82   41   98.00000    2.00000  98.0%  12.2 1990s
 4006428 2208717   42.00000   80   65   98.00000    2.00000  98.0%  12.2 1995s
 4018647 2215489   75.00000   90   42   98.00000    2.00000  98.0%  12.2 2000s
 4031190 2220896   39.23445   75   51   98.00000    2.00000  98.0%  12.2 2005s
 4042626 2227306 infeasible  109        98.00000    2.00000  98.0%  12.2 2010s
 4051639 2233664   91.09836   80   58   98.00000    2.00000  98.0%  12.2 2015s
 4064368 2239471 infeasible   92        98.00000    2.00000  98.0%  12.2 2020s
 4072549 2243757 infeasible   92        98.00000    2.00000  98.0%  12.2 2025s
 4083434 2250799   76.00000   99   34   98.00000    2.00000  98.0%  12.2 2031s
 4094739 2255342    5.51519   72   66   98.00000    2.00000  98.0%  12.2 2035s
 4103651 2260906    2.15271   68   72   98.00000    2.00000  98.0%  12.2 2040s
 4116746 2268329 infeasible   95        98.00000    2.00000  98.0%  12.2 2046s
 4128814 2275085   88.00000   93   33   98.00000    2.00000  98.0%  12.2 2051s
 4139903 2280541     cutoff   92        98.00000    2.00000  98.0%  12.2 2055s
 4151104 2287134   77.00000  102   36   98.00000    2.00000  98.0%  12.1 2061s
 4158650 2291867 infeasible   94        98.00000    2.00000  98.0%  12.1 2065s
 4170102 2299158 infeasible   78        98.00000    2.00000  98.0%  12.1 2070s
 4175033 2304785   94.00000   94   28   98.00000    2.00000  98.0%  12.1 2075s
 4191365 2309703   66.00000   90   41   98.00000    2.00000  98.0%  12.1 2080s
 4197181 2316255   58.00000   83   42   98.00000    2.00000  98.0%  12.1 2085s
 4211608 2322417   35.00000   89   43   98.00000    2.00000  98.0%  12.1 2090s
 4221710 2328527   19.00000   79   55   98.00000    2.00000  98.0%  12.1 2095s
 4232340 2334271   69.00000   91   34   98.00000    2.00000  98.0%  12.1 2100s
 4239489 2340371   90.00000   97   21   98.00000    2.00000  98.0%  12.1 2105s
 4254217 2346669   73.00000   91   33   98.00000    2.00000  98.0%  12.1 2110s
 4262787 2353683 infeasible   92        98.00000    2.00000  98.0%  12.1 2116s
 4275217 2358560   21.92308   81   53   98.00000    2.00000  98.0%  12.1 2121s
 4283266 2363972   43.00000   78   51   98.00000    2.00000  98.0%  12.1 2125s
 4298375 2371618 infeasible   97        98.00000    2.00000  98.0%  12.0 2131s
 4305486 2374315 infeasible   97        98.00000    2.00000  98.0%  12.0 2137s
 4306420 2377513 infeasible   97        98.00000    2.00000  98.0%  12.0 2142s
 4312346 2381170    2.07563   67   65   98.00000    2.00000  98.0%  12.0 2145s
 4325195 2387588   67.00000   98   40   98.00000    2.00000  98.0%  12.0 2151s
 4334968 2392249   71.00000  108   23   98.00000    2.00000  98.0%  12.0 2155s
 4348472 2400340   97.00000   84   29   98.00000    2.00000  98.0%  12.0 2160s
 4360021 2406044   66.00000   75   50   98.00000    2.00000  98.0%  12.0 2165s
 4371074 2414092   47.00000   79   50   98.00000    2.00000  98.0%  12.0 2170s
 4380948 2419787   85.00000   79   39   98.00000    2.00000  98.0%  12.0 2175s
 4394393 2427082   42.00000   75   45   98.00000    2.00000  98.0%  12.0 2180s
 4404569 2433635   50.00000   76   38   98.00000    2.00000  98.0%  12.0 2185s
 4416418 2442060 infeasible   96        98.00000    2.00000  98.0%  12.0 2191s
 4425971 2445844   53.00000   84   39   98.00000    2.00000  98.0%  12.0 2195s
 4436583 2452251   67.00000   79   36   98.00000    2.00000  98.0%  12.0 2200s
 4449919 2460024   37.00000   82   45   98.00000    2.00000  98.0%  11.9 2206s
 4459957 2464649   21.00000   74   63   98.00000    2.00000  98.0%  11.9 2210s
 4471846 2471139   17.00000   82   48   98.00000    2.00000  98.0%  11.9 2215s
 4481719 2478515   33.00000   80   40   98.00000    2.00000  98.0%  11.9 2220s
 4493870 2483648   11.00000   73   55   98.00000    2.00000  98.0%  11.9 2225s
 4506888 2490461 infeasible   84        98.00000    2.00000  98.0%  11.9 2230s
 4516643 2496969   66.00000   93   29   98.00000    2.00000  98.0%  11.9 2235s
 4524868 2502507   59.00000   89   44   98.00000    2.00000  98.0%  11.9 2240s
 4538829 2509239   71.00000   99   35   98.00000    2.01049  97.9%  11.9 2245s
 4547191 2516541   49.00000   86   45   98.00000    2.02586  97.9%  11.9 2251s
 4560044 2519988   90.00000   80   25   98.00000    2.04167  97.9%  11.9 2255s
 4569602 2526203   45.00000   81   37   98.00000    2.04167  97.9%  11.9 2260s
 4581510 2532117   63.00000   86   37   98.00000    2.04640  97.9%  11.9 2265s
 4589770 2538665   47.00000   90   57   98.00000    2.04874  97.9%  11.9 2270s
 4603573 2544263   17.00000   86   69   98.00000    2.05833  97.9%  11.9 2275s
 4613888 2549724   91.00000   97   20   98.00000    2.06749  97.9%  11.9 2280s
 4626433 2557046   84.00000   89   41   98.00000    2.07563  97.9%  11.9 2285s
 4638727 2563198    4.00000   80   71   98.00000    2.07563  97.9%  11.8 2291s
 4647559 2567852   83.00000  104   33   98.00000    2.08086  97.9%  11.8 2295s
 4654372 2574587   33.00000   83   48   98.00000    2.08197  97.9%  11.8 2300s
 4669290 2581102    4.00000   77   65   98.00000    2.08661  97.9%  11.8 2305s
 4680387 2586172   85.00000   89   31   98.00000    2.09524  97.9%  11.8 2310s
 4690362 2593207   60.00000   84   42   98.00000    2.09836  97.9%  11.8 2315s
 4700861 2598089 infeasible  110        98.00000    2.11475  97.8%  11.8 2320s
 4712848 2605752   91.00000   89   28   98.00000    2.13036  97.8%  11.8 2325s
 4723369 2611273   10.27200   75   65   98.00000    2.14228  97.8%  11.8 2330s
 4735130 2617842   28.00000   71   64   98.00000    2.16000  97.8%  11.8 2335s
 4746262 2623715   49.00000   81   43   98.00000    2.17404  97.8%  11.8 2340s
 4756603 2629121   76.70588   89   42   98.00000    2.18182  97.8%  11.8 2345s
 4769386 2636110   93.00000   80   31   98.00000    2.21265  97.7%  11.8 2350s
 4780956 2641465   32.00000   73   66   98.00000    2.22857  97.7%  11.8 2355s
 4788956 2646719   24.17012   81   59   98.00000    2.25564  97.7%  11.8 2360s
 4801798 2653222   32.00000   86   57   98.00000    2.30788  97.6%  11.8 2365s
 4812730 2657849   16.42857   84   52   98.00000    2.42857  97.5%  11.8 2370s
 4823729 2666560   91.00000   91   21   98.00000    2.47734  97.5%  11.8 2377s
 4833964 2669094   54.00000   99   35   98.00000    2.66957  97.3%  11.8 2380s
 4844686 2675472    3.00000   70   65   98.00000    2.80000  97.1%  11.8 2385s
 4855099 2681299   86.00000  104   35   98.00000    2.88000  97.1%  11.8 2390s
 4866062 2688864   41.00000   87   53   98.00000    2.95833  97.0%  11.8 2396s
 4877771 2692585   95.09091   91   35   98.00000    2.95833  97.0%  11.8 2400s
 4885948 2698579   90.00000   95   34   98.00000    3.00000  96.9%  11.8 2405s
 4895767 2704303   17.00000   83   50   98.00000    3.00000  96.9%  11.7 2410s
 4907172 2710766   92.00000   90   34   98.00000    3.00000  96.9%  11.7 2416s
 4916559 2715606   57.00000   92   39   98.00000    3.00000  96.9%  11.7 2420s
 4927465 2721590   89.00000   85   33   98.00000    3.00000  96.9%  11.7 2425s
 4931988 2727193   79.00000  106   33   98.00000    3.00000  96.9%  11.7 2430s
 4945402 2731900   20.00000   89   47   98.00000    3.00000  96.9%  11.7 2435s
 4953240 2738693   27.00000   70   40   98.00000    3.00000  96.9%  11.7 2441s
 4966188 2743209   76.00000   91   34   98.00000    3.00000  96.9%  11.7 2445s
 4973639 2749849 infeasible   87        98.00000    3.00000  96.9%  11.7 2452s
 4983313 2752448   70.00000   84   32   98.00000    3.00000  96.9%  11.7 2455s
 4994270 2757617   58.00000   89   57   98.00000    3.00000  96.9%  11.7 2460s
 5004201 2762803   30.00000   77   56   98.00000    3.00000  96.9%  11.7 2466s
 5012397 2768403   55.00000   85   47   98.00000    3.00000  96.9%  11.7 2470s
 5023831 2774628   14.00000   85   47   98.00000    3.00000  96.9%  11.7 2476s
 5031715 2779397   93.00000   95   30   98.00000    3.00000  96.9%  11.7 2480s
 5040238 2786904   25.00000   85   42   98.00000    3.00000  96.9%  11.7 2487s
 5049570 2789499   53.00000   82   37   98.00000    3.00000  96.9%  11.7 2490s
 5060987 2795664   56.00000   85   39   98.00000    3.00000  96.9%  11.7 2496s
 5069640 2799432 infeasible  113        98.00000    3.00000  96.9%  11.7 2500s
 5080213 2805634   58.00000   77   45   98.00000    3.00000  96.9%  11.7 2505s
 5084357 2811190   21.71429   80   56   98.00000    3.00000  96.9%  11.7 2510s
 5100195 2815707     cutoff   80        98.00000    3.00000  96.9%  11.7 2515s
 5105527 2821615    4.20800   79   57   98.00000    3.00000  96.9%  11.7 2520s
 5117650 2826343   41.17500   78   52   98.00000    3.00000  96.9%  11.7 2525s
 5124590 2832178   55.00000   92   38   98.00000    3.00000  96.9%  11.7 2530s
 5137199 2838036   29.00000   86   42   98.00000    3.00000  96.9%  11.7 2535s
 5147115 2842052   83.00000   95   34   98.00000    3.00000  96.9%  11.7 2540s
 5156277 2847049   82.00000  111   29   98.00000    3.00000  96.9%  11.6 2545s
 5168188 2854047   21.00000   80   64   98.00000    3.00000  96.9%  11.6 2551s
 5176837 2859563   25.00000   71   67   98.00000    3.00000  96.9%  11.6 2556s
 5187235 2865410   79.00000  111   33   98.00000    3.00000  96.9%  11.6 2560s
 5191853 2870869 infeasible   88        98.00000    3.00000  96.9%  11.6 2566s
 5205529 2875643    3.00000   72   62   98.00000    3.00000  96.9%  11.6 2571s
 5212502 2881216   50.00000   95   40   98.00000    3.00000  96.9%  11.6 2576s
 5224949 2885052   46.00000   86   49   98.00000    3.00000  96.9%  11.6 2581s
 5233790 2891888   75.00000   90   34   98.00000    3.00000  96.9%  11.6 2586s
 5244104 2896760   87.00000   94   34   98.00000    3.00000  96.9%  11.6 2591s
 5255040 2901162   61.60000   79   59   98.00000    3.00000  96.9%  11.6 2596s
 5264167 2905859 infeasible   75        98.00000    3.00000  96.9%  11.6 2601s
 5272506 2911082 infeasible  103        98.00000    3.00000  96.9%  11.6 2605s
 5278716 2917963   70.00000  108   38   98.00000    3.00000  96.9%  11.6 2611s
 5287554 2920830   81.00000   98   26   98.00000    3.00000  96.9%  11.6 2615s
 5299843 2927532   43.23009   78   49   98.00000    3.00000  96.9%  11.6 2621s
 5309341 2931524   65.00000   87   42   98.00000    3.00000  96.9%  11.6 2625s
 5319258 2937078   56.08824   91   41   98.00000    3.00000  96.9%  11.6 2630s
 5329704 2941360   36.00000   95   52   98.00000    3.00000  96.9%  11.6 2635s
 5340373 2947024   37.00000   86   53   98.00000    3.00000  96.9%  11.6 2640s
 5349732 2952162   78.00000   89   42   98.00000    3.00000  96.9%  11.6 2645s
 5360351 2958329   63.00000   81   49   98.00000    3.00000  96.9%  11.6 2650s
 5363925 2959822   39.00000   79   56   98.00000    3.00000  96.9%  11.6 2657s
 5365766 2962854   86.00000  100   43   98.00000    3.00000  96.9%  11.6 2660s
 5375163 2967859   84.00000   97   39   98.00000    3.00000  96.9%  11.6 2666s
 5386406 2972462   94.00000  101   27   98.00000    3.00000  96.9%  11.6 2670s
 5395250 2977049 infeasible   94        98.00000    3.00000  96.9%  11.6 2675s
 5406497 2984754   18.17600   83   61   98.00000    3.00000  96.9%  11.6 2681s
 5415219 2991954   97.00000   94   27   98.00000    3.00000  96.9%  11.6 2687s
 5423389 2994035   14.00000   84   61   98.00000    3.00000  96.9%  11.6 2690s
 5433814 3000076   64.00000   99   35   98.00000    3.00000  96.9%  11.6 2695s
 5445141 3005648    7.00000   75   64   98.00000    3.00000  96.9%  11.6 2700s
 5454221 3011385   94.00000   89   37   98.00000    3.00000  96.9%  11.6 2705s
 5465974 3016500   25.42276   77   58   98.00000    3.00000  96.9%  11.6 2710s
 5475786 3021895   78.00000   83   48   98.00000    3.00000  96.9%  11.6 2715s
 5485144 3028052   51.00000   85   51   98.00000    3.00000  96.9%  11.6 2720s
 5494859 3033340   85.00000   91   26   98.00000    3.00000  96.9%  11.6 2725s
 5503550 3041031   17.00000   82   55   98.00000    3.00000  96.9%  11.6 2732s
 5514023 3043482   43.00000   93   44   98.00000    3.00000  96.9%  11.6 2736s
 5523602 3047281   93.77778   98   48   98.00000    3.00000  96.9%  11.6 2740s
 5533471 3052393   62.00000   75   48   98.00000    3.00000  96.9%  11.6 2745s
 5542195 3057932   17.00000   76   56   98.00000    3.00000  96.9%  11.6 2750s
 5545585 3062925 infeasible   89        98.00000    3.00000  96.9%  11.6 2755s
 5560773 3067292   89.00000   92   34   98.00000    3.00000  96.9%  11.5 2760s
 5568608 3076107   92.00000   97   24   98.00000    3.00000  96.9%  11.5 2767s
 5578819 3077070   54.00000   94   37   98.00000    3.00000  96.9%  11.5 2770s
 5586589 3082527   14.00000   76   55   98.00000    3.00000  96.9%  11.5 2775s
 5596651 3088157   22.46190   81   57   98.00000    3.00000  96.9%  11.5 2780s
 5608208 3092864   83.00000   95   32   98.00000    3.00000  96.9%  11.5 2785s
 5617535 3099039    3.29851   82   68   98.00000    3.00000  96.9%  11.5 2790s
 5628360 3105390   83.02013   99   45   98.00000    3.00000  96.9%  11.5 2795s
 5636979 3112520   45.00000   87   41   98.00000    3.00000  96.9%  11.5 2801s
 5649163 3117061    3.00000   80   73   98.00000    3.00000  96.9%  11.5 2806s
 5657005 3121753   31.00000   88   53   98.00000    3.00000  96.9%  11.5 2810s
 5668272 3127538   65.00000   99   25   98.00000    3.00000  96.9%  11.5 2815s
 5677606 3133911   84.00000   92   38   98.00000    3.00000  96.9%  11.5 2820s
 5689471 3138426   34.00000   85   48   98.00000    3.00000  96.9%  11.5 2825s
 5700640 3144366 infeasible  116        98.00000    3.00000  96.9%  11.5 2831s
 5701797 3149152   83.20000   84   41   98.00000    3.00000  96.9%  11.5 2835s
 5715474 3153805   22.00000   84   70   98.00000    3.00000  96.9%  11.5 2840s
 5723055 3160952   56.00000   90   34   98.00000    3.00000  96.9%  11.5 2846s
 5734281 3164110   55.00000   90   43   98.00000    3.00000  96.9%  11.5 2851s
 5744239 3168566 infeasible  102        98.00000    3.00000  96.9%  11.5 2855s
 5752225 3173063   15.00000   90   62   98.00000    3.00000  96.9%  11.5 2860s
 5764014 3178732   91.00000   96   33   98.00000    3.00000  96.9%  11.5 2866s
 5768596 3183105   90.00000   89   37   98.00000    3.00000  96.9%  11.5 2870s
 5780943 3187960    4.00000   73   62   98.00000    3.00000  96.9%  11.5 2875s
 5793074 3193014   55.00000   90   47   98.00000    3.00000  96.9%  11.5 2880s
 5803195 3199838   92.26950   99   34   98.00000    3.00000  96.9%  11.5 2886s
 5811538 3207192   28.00000   83   54   98.00000    3.00000  96.9%  11.5 2892s
 5820573 3209435    3.00000   74   59   98.00000    3.00000  96.9%  11.5 2895s
 5831288 3215599   25.00000   76   50   98.00000    3.00000  96.9%  11.5 2901s
 5839510 3219131   48.00000   79   45   98.00000    3.00000  96.9%  11.5 2905s
 5850369 3225032 infeasible   81        98.00000    3.00000  96.9%  11.5 2911s
 5858420 3229172   28.00000   85   57   98.00000    3.00000  96.9%  11.5 2915s
 5869829 3233956   69.00000   84   50   98.00000    3.00000  96.9%  11.5 2920s
 5878583 3242484   30.15750   88   71   98.00000    3.00000  96.9%  11.5 2927s
 5887188 3245209 infeasible   87        98.00000    3.00000  96.9%  11.5 2930s
 5896546 3250462   41.00000   72   42   98.00000    3.00000  96.9%  11.5 2936s
 5905154 3255109   72.00000   86   41   98.00000    3.00000  96.9%  11.5 2940s
 5916703 3260552   97.00000   98   22   98.00000    3.00000  96.9%  11.5 2945s
 5926064 3264307   10.00000   87   68   98.00000    3.00000  96.9%  11.5 2950s
 5936209 3271354    9.00000   80   64   98.00000    3.00000  96.9%  11.5 2955s
 5945264 3278190   53.00000   88   50   98.00000    3.00000  96.9%  11.5 2962s
 5953174 3280728 infeasible   91        98.00000    3.00000  96.9%  11.5 2965s
 5964392 3286344   50.14167   87   57   98.00000    3.00000  96.9%  11.5 2971s
 5973314 3290605   47.00000   87   43   98.00000    3.00000  96.9%  11.5 2975s
 5984465 3296723    5.42857   67   59   98.00000    3.00000  96.9%  11.5 2980s
 5994677 3303812   93.00000   99   25   98.00000    3.00000  96.9%  11.5 2986s
 6003322 3307052   81.00000   95   24   98.00000    3.00000  96.9%  11.5 2990s
 6011163 3311552   68.00000   88   55   98.00000    3.00000  96.9%  11.5 2995s
 6021285 3316837   25.05833   77   61   98.00000    3.00000  96.9%  11.5 3001s
 6026214 3320985   81.00000   99   31   98.00000    3.00000  96.9%  11.5 3005s
 6034055 3327716   83.00000   92   40   98.00000    3.00000  96.9%  11.5 3012s
 6042597 3329178 infeasible   86        98.00000    3.00000  96.9%  11.5 3015s
 6051347 3335400   71.00000  134   20   98.00000    3.00000  96.9%  11.5 3021s
 6056168 3340489   15.00000   77   61   98.00000    3.00000  96.9%  11.5 3026s
 6068357 3343553   12.00000   65   59   98.00000    3.00000  96.9%  11.5 3030s
 6075987 3349273   52.62500   85   56   98.00000    3.00000  96.9%  11.5 3035s
 6087751 3355142   84.00000  118   28   98.00000    3.00000  96.9%  11.5 3040s
 6095584 3359701   25.00000   86   63   98.00000    3.00000  96.9%  11.5 3045s
 6100050 3365121 infeasible   99        98.00000    3.00000  96.9%  11.5 3050s
 6113427 3369727    3.00000   76   62   98.00000    3.00000  96.9%  11.5 3055s
 6121474 3376629   93.14184  101   33   98.00000    3.00000  96.9%  11.5 3062s
 6130446 3377578   71.00000  104   37   98.00000    3.00000  96.9%  11.5 3065s
 6139633 3383392   32.73737   70   58   98.00000    3.00000  96.9%  11.5 3070s
 6143695 3388465    7.00000   85   58   98.00000    3.00000  96.9%  11.5 3075s
 6157728 3391902   34.52381   92   59   98.00000    3.00000  96.9%  11.5 3080s
 6167233 3397750 infeasible   96        98.00000    3.00000  96.9%  11.5 3086s
 6177577 3404183    3.00000   81   65   98.00000    3.00000  96.9%  11.5 3091s
 6186826 3409742   63.00000   85   42   98.00000    3.00000  96.9%  11.5 3096s
 6196269 3414825   75.10370   95   39   98.00000    3.00000  96.9%  11.5 3101s
 6205275 3419644   27.00000   72   42   98.00000    3.00000  96.9%  11.5 3105s
 6208884 3419658   87.00000  101   38   98.00000    3.00000  96.9%  11.5 3114s
 6208902 3419935   61.00000  101   42   98.00000    3.00000  96.9%  11.5 3115s
 6214830 3425858   27.00000   66   70   98.00000    3.00000  96.9%  11.5 3121s
 6224453 3428272   28.03986   85   62   98.00000    3.00000  96.9%  11.5 3131s
 6230921 3432155   29.10191   84   62   98.00000    3.00000  96.9%  11.5 3135s
 6241247 3438778   62.00000   92   46   98.00000    3.00000  96.9%  11.5 3141s
 6249408 3446002   55.00000   79   63   98.00000    3.00000  96.9%  11.5 3147s
 6257982 3447935   91.00000   87   36   98.00000    3.00000  96.9%  11.5 3150s
 6266332 3452645   50.17600   81   47   98.00000    3.00000  96.9%  11.5 3155s
 6271541 3457623   74.00000  105   35   98.00000    3.00000  96.9%  11.5 3161s
 6279440 3457734   90.00000  105   28   98.00000    3.00000  96.9%  11.5 3168s
 6281458 3460349   15.00000   80   63   98.00000    3.00000  96.9%  11.5 3171s
 6288773 3464540   35.00000   81   45   98.00000    3.00000  96.9%  11.5 3175s
 6300523 3469035   23.00000   80   64   98.00000    3.00000  96.9%  11.5 3180s
 6308909 3474618   57.00000   88   55   98.00000    3.00000  96.9%  11.5 3185s
 6315800 3476804   78.00000  104   38   98.00000    3.00000  96.9%  11.5 3193s
 6316014 3485184   65.00000   92   50   98.00000    3.00000  96.9%  11.5 3209s
 6331821 3486343   78.00000   85   37   98.00000    3.00000  96.9%  11.5 3220s
 6333749 3487612   54.00000   94   41   98.00000    3.00000  96.9%  11.5 3229s
 6336125 3492738   36.17600   84   56   98.00000    3.00000  96.9%  11.5 3234s
 6345774 3494864   17.00000   85   57   98.00000    3.00000  96.9%  11.5 3238s
 6349851 3496188   20.86460   76   72   98.00000    3.00000  96.9%  11.5 3240s
 6362255 3503570   84.00000   97   27   98.00000    3.00000  96.9%  11.5 3246s
 6368782 3506164   13.00000   82   63   98.00000    3.00000  96.9%  11.5 3254s
 6369777 3506164    7.45714   75   68   98.00000    3.00000  96.9%  11.5 3255s
 6370088 3514727   51.00000   93   46   98.00000    3.00000  96.9%  11.5 3263s
 6385194 3516468   38.00000   76   33   98.00000    3.00000  96.9%  11.5 3267s
 6391506 3518868   13.00000   78   67   98.00000    3.00000  96.9%  11.5 3270s
 6402623 3524917   61.00000  107   40   98.00000    3.00000  96.9%  11.4 3276s
 6409444 3530246   69.00000  101   37   98.00000    3.00000  96.9%  11.4 3281s
 6414024 3535502   45.25429   93   53   98.00000    3.00000  96.9%  11.4 3285s
 6427378 3540611   36.00000   76   46   98.00000    3.00000  96.9%  11.4 3291s
 6434964 3547509   78.00000   99   36   98.00000    3.00000  96.9%  11.4 3297s
 6443254 3547829   74.00000   87   50   98.00000    3.00000  96.9%  11.4 3305s
 6452837 3555153   75.00000  104   35   98.00000    3.00000  96.9%  11.4 3311s
 6457370 3561130   79.00000   80   35   98.00000    3.00000  96.9%  11.4 3316s
 6469030 3563024   78.00000  107   29   98.00000    3.00000  96.9%  11.4 3320s
 6478699 3570019   54.05344   87   43   98.00000    3.00000  96.9%  11.4 3326s
 6483184 3570136   59.00000  102   48   98.00000    3.00000  96.9%  11.4 3333s
 6485199 3573320   54.00000   84   52   98.00000    3.00000  96.9%  11.4 3336s
 6494496 3578561   74.00000  100   49   98.00000    3.00000  96.9%  11.4 3341s
 6504392 3582304   57.00000   90   41   98.00000    3.00000  96.9%  11.4 3345s
 6512707 3588577 infeasible  100        98.00000    3.00000  96.9%  11.4 3350s
 6523516 3597942   55.00000   85   35   98.00000    3.00000  96.9%  11.4 3359s
 6532889 3597978   23.00000   78   59   98.00000    3.00000  96.9%  11.4 3370s
 6539468 3603279   82.00000   78   46   98.00000    3.00000  96.9%  11.4 3375s
 6550854 3609919   52.00000   72   55   98.00000    3.00000  96.9%  11.4 3381s
 6560544 3614697   57.00000   93   49   98.00000    3.00000  96.9%  11.4 3385s
 6570290 3619328   18.00000   82   52   98.00000    3.00000  96.9%  11.4 3390s
 6580087 3625010   43.00000   78   51   98.00000    3.00000  96.9%  11.4 3395s
 6586982 3630966   78.00000   98   28   98.00000    3.00000  96.9%  11.4 3400s
 6598187 3635202   49.00000   79   50   98.00000    3.00000  96.9%  11.4 3409s
 6598393 3635519   43.00000   79   48   98.00000    3.00000  96.9%  11.4 3410s
 6607702 3641040   53.00000   86   33   98.00000    3.00000  96.9%  11.4 3415s
 6615335 3644571   78.00000   90   43   98.00000    3.00000  96.9%  11.4 3429s
 6615354 3644742 infeasible   91        98.00000    3.00000  96.9%  11.4 3430s
 6615885 3644766   63.00000   87   40   98.00000    3.00000  96.9%  11.4 3435s
 6620083 3647297   80.00000   86   27   98.00000    3.01049  96.9%  11.4 3440s
 6628764 3652835   64.17647   84   57   98.00000    3.02821  96.9%  11.4 3445s
 6638584 3657922   61.00000   92   38   98.00000    3.03333  96.9%  11.4 3450s
 6640873 3657943 infeasible  110        98.00000    3.03600  96.9%  11.4 3457s
 6644770 3660233   95.00000   85   26   98.00000    3.04167  96.9%  11.4 3460s
 6651787 3667337   46.00000   77   44   98.00000    3.04724  96.9%  11.4 3467s
 6659458 3669118    4.00000   75   69   98.00000    3.05114  96.9%  11.4 3470s
 6668038 3673964   90.01695   93   34   98.00000    3.05833  96.9%  11.4 3475s
 6673782 3679355   52.00000   88   41   98.00000    3.05833  96.9%  11.4 3481s
 6685134 3682304   87.00000   89   37   98.00000    3.06723  96.9%  11.4 3489s
 6685368 3682629 infeasible   93        98.00000    3.06723  96.9%  11.4 3490s
 6693142 3688463   30.00000   77   52   98.00000    3.07563  96.9%  11.4 3495s
 6704436 3693916   12.00000   81   70   98.00000    3.08086  96.9%  11.4 3500s
 6714257 3699599   76.00000   89   43   98.00000    3.08086  96.9%  11.4 3505s
 6717453 3705046    5.00000   83   73   98.00000    3.08086  96.9%  11.4 3514s
 6727408 3705264   44.00000   78   64   98.00000    3.08086  96.9%  11.4 3516s
 6729078 3706538   53.00000   88   43   98.00000    3.08086  96.9%  11.4 3524s
 6730345 3706957   73.00000   97   41   98.00000    3.08086  96.9%  11.4 3525s
 6737442 3712231   12.00000   86   56   98.00000    3.08197  96.9%  11.4 3530s
 6747931 3717563   46.08385   87   52   98.00000    3.08385  96.9%  11.4 3535s
 6757074 3723071   64.00000   97   46   98.00000    3.08800  96.8%  11.4 3540s
 6765918 3727985   31.00000   84   44   98.00000    3.09524  96.8%  11.4 3545s
 6776415 3734268   54.00000   82   43   98.00000    3.09524  96.8%  11.4 3550s
 6782471 3739492    5.00000   79   59   98.00000    3.09836  96.8%  11.4 3555s
 6794726 3743859   15.00000   74   50   98.00000    3.13115  96.8%  11.4 3560s
 6802612 3749061   67.00000  106   29   98.00000    3.13740  96.8%  11.4 3565s
 6808755 3750965   86.00000   91   36   98.00000    3.14063  96.8%  11.4 3572s
 6812590 3753090 infeasible  102        98.00000    3.15880  96.8%  11.4 3575s
 6822123 3759416   40.31712  105   52   98.00000    3.16000  96.8%  11.3 3580s
 6830905 3763723   59.00000   85   48   98.00000    3.17404  96.8%  11.3 3585s
 6841085 3768491   34.94118   69   65   98.00000    3.18695  96.7%  11.3 3590s
 6849536 3774830   89.00000  108   21   98.00000    3.21265  96.7%  11.3 3596s
 6855674 3776385 infeasible   89        98.00000    3.22059  96.7%  11.3 3600s

Cutting planes:
  Learned: 2
  Gomory: 1
  Implied bound: 6
  MIR: 1
  Flow cover: 13
  RLT: 2

Explored 6855812 nodes (77751086 simplex iterations) in 3600.25 seconds (463.08 work units)
Thread count was 16 (of 16 available processors)

Solution count 10: 98 102 104 ... 114

Time limit reached
Best objective 9.800000000000e+01, best bound 4.000000000000e+00, gap 95.9184%
Warning: constraint name "precedence between 0,0 to 0,2 if x_[0,0,0,2,3]=0, i.e. 0,2 before 0,0" has a space
Warning: constraint name "precedence between 0,0 to 0,2 if x_[0,0,0,2,3]=0, i.e. 0,2 before 0,0" has a space
Warning: default constraint names used to write mps file
