
Gurobi 10.0.1 (win64) logging started Fri Oct  6 15:52:57 2023

Set parameter LogFile to value "./results//log/BA_20_deadline_heurTrue.log"
Gurobi Optimizer version 10.0.1 build v10.0.1rc0 (win64)

CPU model: AMD Ryzen 7 3700X 8-Core Processor, instruction set [SSE2|AVX|AVX2]
Thread count: 8 physical cores, 16 logical processors, using up to 16 threads

Optimize a model with 3384 rows, 2629 columns and 15215 nonzeros
Model fingerprint: 0x7c4084b7
Model has 1 quadratic constraint
Variable types: 0 continuous, 2629 integer (2484 binary)
Coefficient statistics:
  Matrix range     [1e+00, 1e+07]
  QMatrix range    [1e+00, 1e+00]
  QLMatrix range   [1e+00, 2e+01]
  Objective range  [1e+00, 1e+00]
  Bounds range     [1e+00, 1e+00]
  RHS range        [1e+00, 3e+07]

Warning: Completing partial solution with 2537 unfixed non-continuous variables out of 2629
User MIP start did not produce a new incumbent solution
User MIP start violates constraint initial_start_time_job1_stage0_machine0_constraint by 1.000000000

Presolve removed 213 rows and 1306 columns
Presolve time: 0.06s
Presolved: 3208 rows, 1359 columns, 15131 nonzeros
Variable types: 0 continuous, 1359 integer (1178 binary)

Root relaxation: objective 0.000000e+00, 220 iterations, 0.01 seconds (0.00 work units)
Another try with MIP start

    Nodes    |    Current Node    |     Objective Bounds      |     Work
 Expl Unexpl |  Obj  Depth IntInf | Incumbent    BestBd   Gap | It/Node Time

     0     0    0.00000    0    9          -    0.00000      -     -    0s
     0     0    0.00000    0   44          -    0.00000      -     -    0s
     0     0    0.00000    0   58          -    0.00000      -     -    0s
     0     0    0.00000    0    3          -    0.00000      -     -    0s
     0     0    0.00000    0   36          -    0.00000      -     -    1s
     0     0    0.00000    0   14          -    0.00000      -     -    1s
     0     0    0.00000    0   43          -    0.00000      -     -    1s
     0     0    0.00000    0    7          -    0.00000      -     -    2s
     0     0    0.00000    0   34          -    0.00000      -     -    2s
     0     0    0.00000    0   11          -    0.00000      -     -    2s
     0     0    0.00000    0   55          -    0.00000      -     -    2s
     0     0    0.00000    0   15          -    0.00000      -     -    3s
     0     0    0.00000    0    8          -    0.00000      -     -    3s
H    0     0                    3.599999e+08    0.00000   100%     -    3s
H    0     0                     513.0000000    0.00000   100%     -    4s
H    0     2                     512.0000000    0.00000   100%     -    4s
     0     2    0.00000    0    8  512.00000    0.00000   100%     -    4s
H   31    40                     506.0000000    0.00000   100%   192    4s
H   70    79                     504.0000000    0.00000   100%   112    4s
H  167   526                     502.0000000    0.00000   100%   146    4s
H  237   526                     501.0000000    0.00000   100%   108    4s
H  447   526                     500.0000000    0.00000   100%  66.2    4s
H 1109   880                     476.0000000    0.00000   100%  32.4    4s
H 1669   912                     422.0000000    0.00000   100%  24.2    5s
H 1746  1144                     421.0000000    0.00000   100%  23.7    6s
H 2220  1088                     420.0000000    0.00000   100%  19.9    6s
H 2227  1037                     419.0000000    5.00000  98.8%  19.9    8s
H 2235   991                     418.0000000    5.00000  98.8%  19.8    9s
  2238   993    8.58286   21  161  418.00000    5.00000  98.8%  19.8   10s
H 2251   951                     417.0000000    5.00000  98.8%  33.2   11s
H 2257   907                     404.0000000    5.00000  98.8%  33.1   13s
H 2257   862                     400.0000000    5.00000  98.8%  33.1   13s
H 2257   818                     399.0000000    5.00000  98.7%  33.1   13s
H 2258   778                     398.0000000    5.00000  98.7%  33.1   13s
H 2258   739                     388.0000000    5.00000  98.7%  33.1   13s
H 2259   703                     387.0000000    5.00000  98.7%  33.0   13s
H 2259   667                     386.0000000    5.00000  98.7%  33.0   13s
H 2260   633                     385.0000000    5.00000  98.7%  33.0   13s
H 2261   602                     348.0000000    5.00000  98.6%  33.0   14s
  2266   605  143.00000   74  137  348.00000    5.00000  98.6%  32.9   15s
H 2297   613                     347.0000000    5.00000  98.6%  49.1   15s
H 2346   616                     346.0000000    5.00000  98.6%  48.9   15s
H 2360   583                     339.0000000    5.00000  98.5%  48.9   15s
H 2393   586                     314.0000000    5.00000  98.4%  49.0   19s
H 2472   624                     313.0000000    5.00000  98.4%  48.7   19s
H 2481   597                     303.0000000    5.00000  98.3%  48.6   19s
H 2701   690                     302.0000000    5.00000  98.3%  47.3   21s
H 2702   669                     294.0000000    5.00000  98.3%  47.3   21s
H 2713   644                     292.0000000    5.00000  98.3%  47.2   21s
H16198 10238                     285.0000000    5.00000  98.2%  21.7   25s
H16199 10230                     284.0000000    5.00000  98.2%  21.7   25s
H16200 10197                     280.0000000    5.00000  98.2%  21.7   25s
 17515 11250 infeasible  135       280.00000    5.00000  98.2%  21.3   30s
H26034 16498                     277.0000000    5.00000  98.2%  20.4   34s
 26038 17051   21.55758   61  111  277.00000    5.00000  98.2%  20.4   35s
H28870 19676                     276.0000000    5.00000  98.2%  20.0   36s
 41565 30034   61.00000   51  109  276.00000    5.00000  98.2%  18.7   44s
 47161 31396   21.00000   56  118  276.00000    5.00000  98.2%  18.3   45s
H60628 38335                     271.0000000    5.00000  98.2%  17.4   51s
H60633 37052                     259.0000000    5.00000  98.1%  17.4   51s
 72227 45038   12.00000   54  110  259.00000    5.00000  98.1%  17.1   55s
 87282 57858   21.42857   51  109  259.00000    5.00000  98.1%  16.8   60s
H96461 59700                     258.0000000    5.00000  98.1%  16.7   65s
 111158 70057   70.00011   66   98  258.00000    5.00000  98.1%  16.5   70s
 118131 75878   22.00000   58   92  258.00000    5.00000  98.1%  16.4   75s
 129134 83505   22.00000   62  101  258.00000    5.00000  98.1%  16.2   81s
 143922 92309  223.00000  107   45  258.00000    5.00000  98.1%  16.2   85s
 162636 102187  220.00000  117   49  258.00000    5.00000  98.1%  16.1   92s
H164828 104490                     257.0000000    5.00000  98.1%  16.1   93s
 166954 104503   37.00278   65   92  257.00000    5.00000  98.1%  16.1   96s
H166955 103388                     253.0000000    5.00000  98.0%  16.1   96s
H168119 104536                     252.0000000    5.00000  98.0%  16.1   97s
H172621 106485                     251.0000000    5.00000  98.0%  16.1  101s
H172623 105914                     249.0000000    5.00000  98.0%  16.1  101s
 172640 116001  168.00000   90   72  249.00000    5.00000  98.0%  16.1  105s
 194034 122098 infeasible  101       249.00000    5.00000  98.0%  16.2  111s
 207078 129388  134.03301   96   75  249.00000    5.00000  98.0%  16.2  115s
 210696 131811    7.00000   62  117  249.00000    5.00000  98.0%  16.2  120s
 223187 140044  231.00000  105   55  249.00000    5.00000  98.0%  16.2  125s
 236180 148914   37.00000   44  119  249.00000    5.00000  98.0%  16.2  131s
 247075 153285 infeasible  126       249.00000    5.00000  98.0%  16.3  137s
 253815 159060   21.75758   56  105  249.00000    5.00000  98.0%  16.3  140s
 266365 166982   49.50011   80  113  249.00000    5.00000  98.0%  16.3  145s
 279072 175094   86.73184  101  103  249.00000    5.00000  98.0%  16.4  152s
 284492 182007  197.00000  107   58  249.00000    5.00000  98.0%  16.4  156s
 299868 189213  187.00000  127   46  249.00000    5.00000  98.0%  16.4  161s
 310599 193648   24.00000   75  103  249.00000    5.00000  98.0%  16.4  167s
 310620 193663   24.00000   76  108  249.00000    5.00000  98.0%  16.4  170s
 318911 201005  220.00000  104   61  249.00000    5.00000  98.0%  16.5  175s
 325534 204066  198.00000   98   60  249.00000    5.00000  98.0%  16.5  180s
 337706 212308  202.00000  114   59  249.00000    5.00000  98.0%  16.5  185s
 353030 221259    9.50000   58  108  249.00000    5.00000  98.0%  16.5  191s
 358588 223197  179.76580  111   66  249.00000    5.00000  98.0%  16.5  195s
 369929 231715   95.04994   85  107  249.00000    5.00000  98.0%  16.5  200s
 384331 240648   76.00000   70   96  249.00000    5.00000  98.0%  16.5  205s
 386716 251371    6.00000   70  112  249.00000    5.00000  98.0%  16.6  214s
 402732 252501   59.00000   70   97  249.00000    5.00000  98.0%  16.6  218s
 404517 256168  180.00000  122   67  249.00000    5.00000  98.0%  16.6  220s
 410499 256294   43.02626   80   93  249.00000    5.00000  98.0%  16.5  225s
 410647 266446   62.71455   95   96  249.00000    5.00000  98.0%  16.5  230s
 429797 270204  152.01386  109   73  249.00000    5.00000  98.0%  16.5  235s
 442162 277409  148.00000   82   81  249.00000    5.00000  98.0%  16.4  240s
 451432 283399   59.00000   75  109  249.00000    5.00000  98.0%  16.4  245s
 460171 287697   84.00000   70   91  249.00000    5.00000  98.0%  16.4  252s
 463984 290043 infeasible  103       249.00000    5.00000  98.0%  16.4  257s
 465083 293228   68.83485   62   97  249.00000    5.00000  98.0%  16.4  260s
 476378 300993  154.06569  101   76  249.00000    5.00000  98.0%  16.3  265s
 486036 306504   48.00000   67   88  249.00000    5.00000  98.0%  16.3  270s
 489992 309553   94.00000   95  107  249.00000    5.00000  98.0%  16.3  275s
 498724 316269  109.04952   93   90  249.00000    5.00000  98.0%  16.2  280s
 512623 323373 infeasible   84       249.00000    5.00000  98.0%  16.1  285s
 520769 329877  199.00000  158   71  249.00000    5.00000  98.0%  16.1  290s
 527827 332160   17.00000   66  109  249.00000    5.00000  98.0%  16.1  295s
 537814 338766   93.03218   80   84  249.00000    5.00000  98.0%  16.1  300s
 545614 344196  159.11307   96   72  249.00000    5.00000  98.0%  16.0  305s
 556406 351543   42.00000   60  123  249.00000    5.00000  98.0%  16.0  310s
 565685 355373  152.00000   82   65  249.00000    5.00000  98.0%  16.0  316s
 565790 366089  152.00000   83   68  249.00000    5.00000  98.0%  16.0  324s
 575800 366089  219.04311   97   53  249.00000    5.00000  98.0%  15.9  325s
 581806 366939  161.00000   79   78  249.00000    5.00000  98.0%  15.9  330s
 590267 374383 infeasible  137       249.00000    5.00000  98.0%  15.9  337s
 599834 379135   91.00000   80   83  249.00000    5.00000  98.0%  15.9  341s
 609780 385736  125.00394   78   82  249.00000    5.00000  98.0%  15.8  346s
 616561 388631   24.00000   55  105  249.00000    5.00000  98.0%  15.8  351s
 620850 393092   95.00000   83   74  249.00000    5.00000  98.0%  15.8  355s
 623546 394596  171.00000   77   59  249.00000    5.00000  98.0%  15.8  361s
 630884 398963  231.00000  132   48  249.00000    5.00000  98.0%  15.8  365s
 636810 401333  161.00000  105   80  249.00000    5.00000  98.0%  15.8  371s
 642188 406253  234.00000  117   47  249.00000    5.00000  98.0%  15.8  375s
 649864 411246   71.05653   84   89  249.00000    5.00000  98.0%  15.8  380s
 659153 417232 infeasible  110       249.00000    5.00000  98.0%  15.7  386s
 667459 420899  189.00000  105   81  249.00000    5.00000  98.0%  15.7  390s
 676329 427076   61.00000   77   97  249.00000    5.00000  98.0%  15.7  398s
 678546 429103   51.02435   72  112  249.00000    5.00000  98.0%  15.7  401s
 681718 435770 infeasible  135       249.00000    5.00000  98.0%  15.7  406s
 696420 440616   61.00246   60   91  249.00000    5.00000  98.0%  15.6  411s
 704920 444964  234.00000  126   45  249.00000    5.00000  98.0%  15.6  416s
 712498 449717    5.00000   61  108  249.00000    5.00000  98.0%  15.5  420s
 722900 455790  185.00000   98   62  249.00000    5.00000  98.0%  15.5  428s
 724403 461624  242.00000  120   76  249.00000    5.00000  98.0%  15.5  433s
 733672 462425   51.00000   70   83  249.00000    5.00000  98.0%  15.5  435s
 742886 470377     cutoff  117       249.00000    5.00000  98.0%  15.5  442s
 748276 472432  219.02738   96   63  249.00000    5.00000  98.0%  15.5  445s
 758714 477418  223.00000  112   57  249.00000    5.00000  98.0%  15.5  452s
 759582 479848   43.00000   84   98  249.00000    5.00000  98.0%  15.5  455s
 766782 486427  101.02087   93   88  249.00000    5.00000  98.0%  15.5  461s
 775847 490140   54.01160   69   94  249.00000    5.00000  98.0%  15.5  465s
 785542 496328  243.00000  117   56  249.00000    5.00000  98.0%  15.5  471s
 792205 500137  230.00000  111   62  249.00000    5.00000  98.0%  15.5  475s
 798944 502902  214.00000  109   71  249.00000    5.00000  98.0%  15.4  481s
 802079 506790  170.00000   94   75  249.00000    5.00000  98.0%  15.4  485s
 810648 512659  242.01937  114   65  249.00000    5.00000  98.0%  15.4  491s
 821106 516864  227.00000   97   52  249.00000    5.00000  98.0%  15.4  495s
 824869 518620    5.00000   64  110  249.00000    5.00000  98.0%  15.4  502s
 824885 518651    6.00000   65  103  249.00000    5.00000  98.0%  15.4  505s
 830544 523949  186.00000  123   87  249.00000    5.00000  98.0%  15.4  512s
 833407 526187   20.57143   77  104  249.00000    5.00000  98.0%  15.4  515s
 840907 530267  206.00000   99   73  249.00000    5.00000  98.0%  15.4  520s
 848974 533995  139.02087  100   69  249.00000    5.00000  98.0%  15.4  527s
 852715 538287  184.00000   84   63  249.00000    5.00000  98.0%  15.4  531s
 856313 541032  247.03710  102   66  249.00000    5.00000  98.0%  15.4  535s
 865862 545915  110.00000   84   89  249.00000    5.00000  98.0%  15.4  540s
 872439 550098  224.00000   96   67  249.00000    5.00000  98.0%  15.4  545s
 877800 554473  132.00000  100   77  249.00000    5.00000  98.0%  15.3  550s
 883073 556196   50.01849   75   87  249.00000    5.00000  98.0%  15.3  555s
 888551 559936  192.00000  138   59  249.00000    5.00000  98.0%  15.3  560s
 897848 565563   73.20009   90  128  249.00000    5.00000  98.0%  15.3  566s
 905243 568735  200.00000  123   58  249.00000    5.00000  98.0%  15.3  570s
 911941 573837   29.13105   80  117  249.00000    5.00000  98.0%  15.3  576s
 919091 576797 infeasible  121       249.00000    5.00000  98.0%  15.3  582s
 920650 579305  244.00000  109   49  249.00000    5.00000  98.0%  15.3  586s
 927315 581892   67.02156   80  102  249.00000    5.00000  98.0%  15.3  590s
 934507 587987    7.00000   61  112  249.00000    5.00000  98.0%  15.3  596s
 941018 591566 infeasible  101       249.00000    5.00000  98.0%  15.2  601s
 946303 595815 infeasible  100       249.00000    5.00000  98.0%  15.2  606s
 954556 599925   10.06283   83  109  249.00000    5.00000  98.0%  15.2  611s
 958269 600966    5.00722   69  121  249.00000    5.00000  98.0%  15.2  615s
 961875 604966  172.00000   91   50  249.00000    5.00000  98.0%  15.2  620s
 969445 612738  232.02255  120   67  249.00000    5.00000  98.0%  15.2  628s
 977810 614554   76.09201  103   91  249.00000    5.00000  98.0%  15.2  630s
 985536 618617    6.00000   65  106  249.00000    5.00000  98.0%  15.2  635s
 991725 624477   91.03480   84   82  249.00000    5.00000  98.0%  15.2  641s
 996677 624491  154.00000   95   58  249.00000    5.00000  98.0%  15.2  645s
 1000126 626707  232.00000  100   60  249.00000    5.00000  98.0%  15.2  651s
 1004989 632265 infeasible  113       249.00000    5.00000  98.0%  15.2  657s
 1012221 635085   56.02122   64   99  249.00000    5.00000  98.0%  15.1  660s
 1013236 640261  160.00000   81   88  249.00000    5.00000  98.0%  15.2  665s
 1021465 641599   38.00000   71  115  249.00000    5.00000  98.0%  15.1  670s
 1028118 646904 infeasible  116       249.00000    5.00000  98.0%  15.1  676s
 1033953 650385   21.00000   91  115  249.00000    5.00000  98.0%  15.1  680s
 1041064 654607  201.00526  115   60  249.00000    5.00000  98.0%  15.1  685s
 1052217 661243   96.00000   80  107  249.00000    5.00000  98.0%  15.1  691s
 1057102 662785   25.01866   69  100  249.00000    5.00000  98.0%  15.1  696s
 1061746 666263    6.00000   71  121  249.00000    5.00000  98.0%  15.1  701s
 1067176 671357   82.00784   97   86  249.00000    5.00000  98.0%  15.1  706s
 1075925 676579  126.01613   89   79  249.00000    5.00000  98.0%  15.1  712s
 1082720 680254   33.07800   75  109  249.00000    5.00000  98.0%  15.1  716s
 1089301 684480  101.00000   85   95  249.00000    5.00000  98.0%  15.1  720s
 1093044 686687  161.00000   99   88  249.00000    5.00000  98.0%  15.1  726s
 1097657 690122  187.10558  105   71  249.00000    5.00000  98.0%  15.1  730s
 1105371 694950    5.00000   57  109  249.00000    5.00000  98.0%  15.1  736s
 1113278 699624  167.04156   78   78  249.00000    5.00000  98.0%  15.1  741s
 1120010 705039  239.00000  112   72  249.00000    5.00000  98.0%  15.1  747s
 1128309 709296   32.01145   60  147  249.00000    5.00000  98.0%  15.1  751s
 1130739 709836    5.00000   64  107  249.00000    5.00000  98.0%  15.1  755s
 1134602 711974   47.00000   67   93  249.00000    5.00000  98.0%  15.1  762s
 1135264 713137   36.00000   64  100  249.00000    5.00000  98.0%  15.1  765s
 1142355 716964   84.04851   86   91  249.00000    5.00000  98.0%  15.1  774s
 1142373 727446 infeasible   87       249.00000    5.00000  98.0%  15.1  785s
 1158389 732056  107.16314  126  101  249.00000    5.00000  98.0%  15.1  794s
 1166144 732113 infeasible  112       249.00000    5.00000  98.0%  15.1  800s
 1166232 741985  159.45507  113   68  249.00000    5.00000  98.0%  15.1  809s
 1182248 743507   61.00000   79   93  249.00000    5.00000  98.0%  15.1  813s
 1184643 743539   48.00000   89  112  249.00000    5.00000  98.0%  15.1  816s
 1187002 747524  225.00000  123   53  249.00000    5.00000  98.0%  15.1  822s
 1193729 750711  113.00000   85   86  249.00000    5.00000  98.0%  15.1  826s
 1200990 755224  169.02111   73   79  249.00000    5.00000  98.0%  15.1  831s
 1205510 758355 infeasible  132       249.00000    5.00000  98.0%  15.0  835s
 1213091 762713   17.03681   59  105  249.00000    5.00000  98.0%  15.0  841s
 1217266 765576  178.01220  102   78  249.00000    5.00000  98.0%  15.0  845s
 1222314 767337  189.00458  145   58  249.00000    5.00000  98.0%  15.0  851s
 1227279 771811   50.00000   69  111  249.00000    5.00000  98.0%  15.0  856s
 1230130 774361 infeasible  106       249.00000    5.00000  98.0%  15.0  860s
 1237169 777502  176.00000   94   55  249.00000    5.00000  98.0%  15.0  865s
 1244820 782111    5.00000   64  129  249.00000    5.00000  98.0%  15.0  871s
 1252150 787727   52.05576   73   98  249.00000    5.00000  98.0%  15.0  878s
 1256578 789210  225.02319  103   73  249.00000    5.00000  98.0%  15.0  880s
 1261608 792351   50.00000   88  105  249.00000    5.00000  98.0%  15.0  885s
 1268300 795050  133.14383   99   83  249.00000    5.00000  98.0%  15.0  893s
 1269038 796975   83.12165  100   89  249.00000    5.00000  98.0%  15.0  896s
 1273971 799728  131.37010  100   78  249.00000    5.00000  98.0%  14.9  900s
 1280807 804311  141.83333   96   79  249.00000    5.00000  98.0%  14.9  906s
 1283948 806568  145.01175  139   58  249.00000    5.00000  98.0%  15.0  910s
 1289837 810111  185.00000   85   84  249.00000    5.00000  98.0%  14.9  915s
 1292867 810122   51.00000   77  121  249.00000    5.00000  98.0%  14.9  921s
 1292888 810124   60.75806   78  114  249.00000    5.00000  98.0%  14.9  925s
 1295254 813666   65.00000   69  107  249.00000    5.00000  98.0%  14.9  932s
 1301016 817361  171.17083   88   79  249.00000    5.00000  98.0%  14.9  937s
 1306397 819741   43.00000   67  110  249.00000    5.00000  98.0%  14.9  941s
 1310968 823585   45.02909   76   86  249.00000    5.00000  98.0%  14.9  946s
 1315254 826352  181.01956  107   60  249.00000    5.00000  98.0%  14.9  950s
 1322341 829394  229.03191  100   67  249.00000    5.00000  98.0%  14.9  955s
 1326424 831597  159.03275   96   83  249.00000    5.00000  98.0%  14.9  962s
 1327358 833785   65.06226   82  103  249.00000    5.00000  98.0%  14.9  966s
 1333235 837422   81.00030   73   93  249.00000    5.00000  98.0%  14.9  971s
 1336961 839901  121.04362  103   91  249.00000    5.00000  98.0%  14.9  975s
 1344460 844345   99.05457   87   89  249.00000    5.00000  98.0%  14.9  982s
 1349663 846354  211.00265  121   56  249.00000    5.00000  98.0%  14.9  985s
 1354563 850630  101.00000   80  108  249.00000    5.00000  98.0%  14.9  991s
 1360694 855519   40.00000   70   89  249.00000    5.00000  98.0%  14.9  998s
 1364480 857076 infeasible  139       249.00000    5.00000  98.0%  14.9 1000s
 1370247 858848    7.00000   62  123  249.00000    5.00000  98.0%  14.9 1007s
 1370834 860491  138.02722   97   91  249.00000    5.00000  98.0%  14.9 1010s
 1376371 864011   46.11290   75  106  249.00000    5.00000  98.0%  14.9 1016s
 1381489 868339   52.00000   97  103  249.00000    5.00000  98.0%  14.9 1022s
 1388099 870223 infeasible   79       249.00000    5.00000  98.0%  14.9 1025s
 1391903 873667  232.03306  133   58  249.00000    5.00000  98.0%  14.9 1030s
 1396741 876673  210.01663  105   51  249.00000    5.00000  98.0%  14.9 1035s
 1402937 881737   91.28777   80  101  249.00000    5.00000  98.0%  14.8 1042s
 1407129 883450  142.00000  117   67  249.00000    5.00000  98.0%  14.8 1045s
 1414150 888042   65.00000   92   94  249.00000    5.00000  98.0%  14.8 1051s
 1417074 888055  166.00000  100   64  249.00000    5.00000  98.0%  14.8 1056s
 1419145 890880   66.00000   76   95  249.00000    5.00000  98.0%  14.8 1060s
 1424566 895427  240.00000   87   98  249.00000    5.00000  98.0%  14.8 1067s
 1429392 897495   21.00000   68  100  249.00000    5.00000  98.0%  14.8 1070s
 1434754 900569  128.00000   83   87  249.00000    5.00000  98.0%  14.8 1075s
 1440227 904305   30.00000   78  116  249.00000    5.00000  98.0%  14.8 1080s
 1446035 908738   13.00000   82  120  249.00000    5.00000  98.0%  14.8 1087s
 1452112 910083   27.03218   70   99  249.00000    5.00000  98.0%  14.8 1090s
 1455524 913733   11.00000   90  112  249.00000    5.00000  98.0%  14.8 1095s
 1461161 917050  151.00000   83   85  249.00000    5.00000  98.0%  14.8 1100s
 1463884 917506  161.02581  103   89  249.00000    5.00000  98.0%  14.8 1105s
 1468251 925408 infeasible   95       249.00000    5.00000  98.0%  14.8 1116s
 1479788 928764   22.00000   79  129  249.00000    5.00000  98.0%  14.8 1121s
 1485559 932285  161.01377  107   61  249.00000    5.00000  98.0%  14.8 1126s
 1488144 932282   42.00409   64  105  249.00000    5.00000  98.0%  14.8 1132s
 1488177 942268   42.00409   65  104  249.00000    5.00000  98.0%  14.8 1149s
 1504193 946229 infeasible  118       249.00000    5.00000  98.0%  14.8 1159s
 1510621 946477  226.00000  126   53  249.00000    5.00000  98.0%  14.8 1164s
 1511041 956790   29.00000   82   94  249.00000    5.00000  98.0%  14.8 1174s
 1518048 956790  229.00000  122   62  249.00000    5.00000  98.0%  14.8 1175s
 1527057 957053  209.32379   99   74  249.00000    5.00000  98.0%  14.8 1181s
 1530595 960669   27.00000   72   96  249.00000    5.00000  98.0%  14.8 1186s
 1533509 963144   65.00000   86  108  249.00000    5.00000  98.0%  14.8 1190s
 1540020 966546   29.08681   74  112  249.00000    5.00000  98.0%  14.8 1195s
 1546967 970794  149.00000   91   71  249.00000    5.00000  98.0%  14.8 1202s
 1549254 970808  105.00000   94   76  249.00000    5.00000  98.0%  14.8 1206s
 1551728 973999  240.00000  114   56  249.00000    5.00000  98.0%  14.8 1210s
 1558133 978239     cutoff  102       249.00000    5.00000  98.0%  14.7 1217s
 1563332 981559   51.00000   76   92  249.00000    5.00000  98.0%  14.7 1222s
 1568323 984495  188.00000   88   64  249.00000    5.00000  98.0%  14.7 1226s
 1573181 987316  175.00000   91   73  249.00000    5.00000  98.0%  14.7 1231s
 1575394 989598    5.04749   60  123  249.00000    5.00000  98.0%  14.7 1235s
 1581887 991275 infeasible  118       249.00000    5.00000  98.0%  14.7 1242s
 1584359 994418 infeasible   89       249.00000    5.00000  98.0%  14.7 1246s
 1589903 997756   20.68750   63  110  249.00000    5.00000  98.0%  14.7 1251s
 1594680 1001163    6.00000   66  117  249.00000    5.00000  98.0%  14.7 1256s
 1600598 1005458  235.04267  117   47  249.00000    5.00000  98.0%  14.7 1262s
 1604153 1006923   31.00000   57  117  249.00000    5.00000  98.0%  14.7 1265s
 1609251 1010337  207.00000  111   69  249.00000    5.00000  98.0%  14.7 1270s
 1614470 1013957   96.00000   95  102  249.00000    5.00000  98.0%  14.7 1275s
 1619496 1018030  193.13559  107   62  249.00000    5.00000  98.0%  14.7 1282s
 1625813 1021379 infeasible  126       249.00000    5.00000  98.0%  14.7 1286s
 1628659 1021436   68.00275   84   83  249.00000    5.00000  98.0%  14.7 1290s
 1630685 1022619   36.01255   66   99  249.00000    5.00000  98.0%  14.7 1298s
 1630702 1023958   37.01379   67   97  249.00000    5.00000  98.0%  14.7 1300s
 1634944 1027101  218.00000  166   45  249.00000    5.00000  98.0%  14.7 1305s
 1640433 1031167   56.00000   75   92  249.00000    5.00000  98.0%  14.7 1311s
 1646657 1034104   61.00000   92   95  249.00000    5.00000  98.0%  14.7 1316s
 1652182 1036225  161.00000  101   89  249.00000    5.00000  98.0%  14.7 1322s
 1655023 1038199  224.02986  127   63  249.00000    5.00000  98.0%  14.7 1326s
 1658971 1041967   83.00000   73   85  249.00000    5.00000  98.0%  14.7 1332s
 1661866 1044818   42.00000   81  105  249.00000    5.00000  98.0%  14.7 1336s
 1667170 1046906   83.07712   94   95  249.00000    5.00000  98.0%  14.7 1340s
 1675207 1051663  148.22460   94  108  249.00000    5.00000  98.0%  14.6 1347s
 1678431 1053823   61.00000   67   93  249.00000    5.00000  98.0%  14.6 1350s
 1684357 1058276   10.00000   75   98  249.00000    5.00000  98.0%  14.6 1357s
 1689507 1060628   38.00000   87   93  249.00000    5.00000  98.0%  14.6 1361s
 1692481 1060626 infeasible  135       249.00000    5.00000  98.0%  14.6 1365s
 1695669 1064498  197.00000  105   56  249.00000    5.00000  98.0%  14.6 1371s
 1701996 1066981  232.00000  127   38  249.00000    5.00000  98.0%  14.6 1375s
 1705689 1071846   51.01651   74   92  249.00000    5.00000  98.0%  14.6 1383s
 1710573 1073002 infeasible  106       249.00000    5.00000  98.0%  14.6 1385s
 1717319 1076416 infeasible  118       249.00000    5.00000  98.0%  14.6 1390s
 1720229 1079667   45.00000   86  127  249.00000    5.00000  98.0%  14.6 1395s
 1727902 1085540   11.00000   68  130  249.00000    5.00000  98.0%  14.6 1403s
 1732527 1087784   77.71963   87  105  249.00000    5.00000  98.0%  14.6 1407s
 1738245 1089668   94.00000   86   77  249.00000    5.00000  98.0%  14.6 1414s
 1738553 1090316  177.00000  108   65  249.00000    5.00000  98.0%  14.6 1415s
 1742180 1094258 infeasible  123       249.00000    5.00000  98.0%  14.6 1421s
 1745644 1096186  107.54919  118   97  249.00000    5.00000  98.0%  14.6 1425s
 1753394 1099510 infeasible  119       249.00000    5.00000  98.0%  14.6 1431s
 1756895 1102886   33.00011   78  113  249.00000    5.00000  98.0%  14.6 1436s
 1762164 1106303  126.00000  111   94  249.00000    5.00000  98.0%  14.6 1441s
 1767392 1109709   21.02208   69  127  249.00000    5.00000  98.0%  14.6 1446s
 1769891 1112519  244.11942  113   74  249.00000    5.00000  98.0%  14.6 1451s
 1775074 1114689   23.00000   73  111  249.00000    5.00000  98.0%  14.5 1455s
 1782668 1119653   38.03279   68  116  249.00000    5.00000  98.0%  14.5 1462s
 1785372 1121529 infeasible  127       249.00000    5.00000  98.0%  14.5 1465s
 1789404 1122388  194.00000  119   59  249.00000    5.00000  98.0%  14.5 1470s
 1792680 1126911  220.00000  100   53  249.00000    5.00000  98.0%  14.5 1478s
 1796541 1126923  207.05566  104   63  249.00000    5.00000  98.0%  14.5 1485s
 1798198 1129999   16.00000   64  107  249.00000    5.00000  98.0%  14.5 1490s
 1805068 1134060  146.05000  110   66  249.00000    5.00000  98.0%  14.5 1497s
 1809022 1134655   80.01987   88   92  249.00000    5.00000  98.0%  14.5 1503s
 1809040 1136181   80.01987   89   89  249.00000    5.00000  98.0%  14.5 1505s
 1815301 1140984  160.00000  136   54  249.00000    5.00000  98.0%  14.5 1514s
 1818889 1142849   93.00000   83   82  249.00000    5.00000  98.0%  14.5 1517s
 1824211 1144822  218.00000   89   73  249.00000    5.00000  98.0%  14.5 1520s
 1827793 1148491    5.03218   69  110  249.00000    5.00000  98.0%  14.5 1525s
 1832697 1152041  210.00000  128   75  249.00000    5.00000  98.0%  14.5 1531s
 1835860 1154744  165.01391  121   60  249.00000    5.00000  98.0%  14.5 1535s
 1843514 1158897   64.06283   83   91  249.00000    5.00000  98.0%  14.5 1542s
 1846663 1160786  189.00000  117   67  249.00000    5.00000  98.0%  14.5 1545s
 1852105 1164069   34.03301   82  118  249.00000    5.00000  98.0%  14.5 1550s
 1855696 1164647  195.00000   87   74  249.00000    5.00000  98.0%  14.5 1555s
 1857247 1168048   72.12610   87   93  249.00000    5.00000  98.0%  14.5 1561s
 1861900 1170446   57.00000   80   80  249.00000    5.00000  98.0%  14.5 1565s
 1867459 1173806   23.52138   68  119  249.00000    5.00000  98.0%  14.5 1570s
 1873022 1176222 infeasible  133       249.00000    5.00000  98.0%  14.5 1575s
 1876210 1179454   84.01791   88   83  249.00000    5.00000  98.0%  14.5 1580s
 1879124 1182413   83.00000  109   95  249.00000    5.00000  98.0%  14.5 1585s
 1886862 1185949   16.00000   61  108  249.00000    5.00000  98.0%  14.5 1591s
 1889411 1186065  147.03850  116   73  249.00000    5.00000  98.0%  14.4 1595s
 1892420 1189888  115.00000  105   78  249.00000    5.00000  98.0%  14.4 1601s
 1898486 1192263    5.00814   58  119  249.00000    5.00000  98.0%  14.4 1605s
 1902264 1196939  112.00000   94   91  249.00000    5.00000  98.0%  14.4 1613s
 1906854 1198297  213.00000  107   63  249.00000    5.00000  98.0%  14.4 1615s
 1911493 1201339  218.00000  135   56  249.00000    5.00000  98.0%  14.4 1620s
 1916425 1204842    5.00623   51  132  249.00000    5.00000  98.0%  14.4 1625s
 1921810 1208474  172.01497  119   64  249.00000    5.00000  98.0%  14.4 1631s
 1924726 1208512   34.00000   77   94  249.00000    5.00000  98.0%  14.4 1636s
 1924784 1218851   55.00000   78   87  249.00000    5.00000  98.0%  14.4 1650s
 1940800 1221330  185.00000  118   71  249.00000    5.00000  98.0%  14.4 1657s
 1944939 1223843    5.00000   57  113  249.00000    5.00000  98.0%  14.4 1662s
 1948584 1223894  194.00000  145   63  249.00000    5.00000  98.0%  14.4 1667s
 1948665 1233940  194.00000  146   66  249.00000    5.00000  98.0%  14.4 1678s
 1964681 1233951  181.00000   81   61  249.00000    5.00000  98.0%  14.4 1688s
 1964700 1235253  181.01242   82   68  249.00000    5.00000  98.0%  14.4 1690s
 1968945 1237802    8.00000   78  124  249.00000    5.00000  98.0%  14.4 1695s
 1975974 1240802   20.00000   69  104  249.00000    5.00000  98.0%  14.4 1705s
 1979894 1244718   79.00000   88   67  249.00000    5.00000  98.0%  14.4 1711s
 1984634 1247933  153.10993  121   70  249.00000    5.00000  98.0%  14.4 1716s
 1990158 1250967   66.13490   86  100  249.00000    5.00000  98.0%  14.4 1721s
 1992310 1253271  161.07915  114   77  249.00000    5.00000  98.0%  14.4 1725s
 1998415 1256176     cutoff  124       249.00000    5.00000  98.0%  14.4 1730s
 2003982 1259325  101.91074   96   89  249.00000    5.00000  98.0%  14.4 1735s
 2009230 1262654  243.00000  113   47  249.00000    5.00000  98.0%  14.4 1741s
 2014239 1266870 infeasible  108       249.00000    5.00000  98.0%  14.4 1747s
 2018535 1266879  102.00000  103   85  249.00000    5.00000  98.0%  14.4 1752s
 2019133 1268688   38.00000   77  108  249.00000    5.00000  98.0%  14.4 1755s
 2024432 1271142   24.00000   74  104  249.00000    5.00000  98.0%  14.4 1760s
 2028261 1274885  136.00826  118   72  249.00000    5.00000  98.0%  14.4 1765s
 2034882 1279785   20.00285   72  122  249.00000    5.00000  98.0%  14.4 1774s
 2039330 1281263   43.00000   86  103  249.00000    5.00000  98.0%  14.4 1776s
 2044133 1283657 infeasible  136       249.00000    5.00000  98.0%  14.3 1780s
 2048416 1287234   70.00000   80   98  249.00000    5.00000  98.0%  14.3 1786s
 2053008 1290500  200.00355   98   69  249.00000    5.00000  98.0%  14.3 1791s
 2055929 1293325  223.00000   88   59  249.00000    5.00000  98.0%  14.3 1795s
 2060133 1293314 infeasible  153       249.00000    5.00000  98.0%  14.3 1800s
 2061825 1296420  136.00000  126   65  249.00000    5.00000  98.0%  14.3 1805s
 2067982 1299717  175.00000   81   80  249.00000    5.00000  98.0%  14.3 1812s
 2071413 1302299  246.00275  114   56  249.00000    5.00000  98.0%  14.3 1816s
 2077796 1306857   37.00000   60  104  249.00000    5.00000  98.0%  14.3 1824s
 2081593 1308731  118.00000   90   93  249.00000    5.00000  98.0%  14.3 1827s
 2085287 1310845    8.31259   75  136  249.00000    5.00000  98.0%  14.3 1830s
 2090587 1314179  165.00000   99   87  249.00000    5.00000  98.0%  14.3 1836s
 2095864 1316083    5.00000   48  123  249.00000    5.00000  98.0%  14.3 1840s
 2096561 1317121   35.00623   62  113  249.00000    5.00000  98.0%  14.3 1846s
 2098971 1319814   41.00000   72   97  249.00000    5.00000  98.0%  14.3 1851s
 2105343 1323426   63.02345   80  103  249.00000    5.00000  98.0%  14.3 1857s
 2108717 1325704  223.01464  120   48  249.00000    5.00000  98.0%  14.3 1861s
 2114452 1328847  232.75000  113   63  249.00000    5.00000  98.0%  14.3 1866s
 2119391 1332801   22.77856   72  119  249.00000    5.00000  98.0%  14.3 1873s
 2123607 1333288   53.01113   84  100  249.00000    5.00000  98.0%  14.3 1881s
 2123623 1333304   53.01113   84  103  249.00000    5.00000  98.0%  14.3 1886s
 2125481 1336929  220.00000  141   49  249.00000    5.00000  98.0%  14.3 1893s
 2129406 1338802   88.00000   89   90  249.00000    5.00000  98.0%  14.3 1897s
 2132645 1340934   60.04311   80  113  249.00000    5.00000  98.0%  14.3 1901s
 2139498 1343515   79.00000   64   93  249.00000    5.00000  98.0%  14.3 1906s
 2140236 1345796  135.00270   85   80  249.00000    5.00000  98.0%  14.3 1910s
 2146367 1348797   89.03710   95   98  249.00000    5.00000  98.0%  14.3 1915s
 2150944 1352208 infeasible  158       249.00000    5.00000  98.0%  14.3 1920s
 2153620 1352208  148.00000   89   76  249.00000    5.00000  98.0%  14.3 1925s
 2157154 1355864 infeasible  105       249.00000    5.00000  98.0%  14.3 1932s
 2160646 1359114   62.00000   75  107  249.00000    5.00000  98.0%  14.3 1937s
 2164599 1360914   88.00000   81   83  249.00000    5.00000  98.0%  14.3 1941s
 2170458 1363945  213.03795  107   67  249.00000    5.00000  98.0%  14.3 1947s
 2172488 1365869  107.00000   77   71  249.00000    5.00000  98.0%  14.3 1950s
 2180396 1369393    5.00814   66  111  249.00000    5.00000  98.0%  14.3 1956s
 2181052 1372260   27.00000   83   98  249.00000    5.00000  98.0%  14.3 1960s
 2187858 1375147  217.00000  113   78  249.00000    5.00000  98.0%  14.3 1965s
 2190096 1375168  240.03994  104   53  249.00000    5.00000  98.0%  14.3 1970s
 2192733 1378476   35.00000   81   97  249.00000    5.00000  98.0%  14.3 1975s
 2198426 1382542  123.00000   88   73  249.00000    5.00000  98.0%  14.3 1983s
 2201823 1385046   28.00011   56  108  249.00000    5.00000  98.0%  14.3 1987s
 2206482 1387480  157.03519   99   72  249.00000    5.00000  98.0%  14.3 1992s
 2209656 1389322   84.13342   67   92  249.00000    5.00000  98.0%  14.3 1995s
 2216682 1392480   87.00000   71   88  249.00000    5.00000  98.0%  14.3 2000s
 2219759 1396004  119.00000   69   82  249.00000    5.00000  98.0%  14.3 2006s
 2223046 1396016  231.00000  115   78  249.00000    5.00000  98.0%  14.3 2012s
 2223070 1406374  246.07957  116   63  249.00000    5.00000  98.0%  14.3 2029s
 2238085 1406374   77.00000   67   70  249.00000    5.00000  98.0%  14.3 2032s
 2240835 1411314  169.00000  131   61  249.00000    5.00000  98.0%  14.3 2041s
 2246952 1411392    5.00000   56  104  249.00000    5.00000  98.0%  14.3 2047s
 2247073 1421323    5.00000   57  111  249.00000    5.00000  98.0%  14.3 2060s
 2263089 1422973   28.03732   76  116  249.00000    5.00000  98.0%  14.3 2066s
 2268608 1427208  150.76810   92   72  249.00000    5.00000  98.0%  14.3 2073s
 2273025 1428768  117.02909  101   79  249.00000    5.00000  98.0%  14.3 2076s
 2278100 1432003    5.00000   64  102  249.00000    5.00000  98.0%  14.3 2081s
 2282673 1434727   14.00125   71  102  249.00000    5.00000  98.0%  14.3 2086s
 2287372 1437494  193.81498   81   74  249.00000    5.00000  98.0%  14.3 2090s
 2289600 1439943  239.45976  101   58  249.00000    5.00000  98.0%  14.3 2095s
 2293579 1439945    5.00000   73  111  249.00000    5.00000  98.0%  14.3 2107s
 2295135 1441496  201.00000  111   53  249.00000    5.00000  98.0%  14.3 2111s
 2296277 1443552  114.00000   66   81  249.00000    5.00000  98.0%  14.3 2115s
 2302958 1447232   96.05736   99   87  249.00000    5.00000  98.0%  14.3 2122s
 2306685 1448399   20.00000   67  100  249.00000    5.00000  98.0%  14.3 2129s
 2306939 1449101   32.00000   68  105  249.00000    5.00000  98.0%  14.3 2131s
 2308062 1451754  143.00000   78   80  249.00000    5.00000  98.0%  14.3 2135s
 2315267 1455578  224.00000  135   81  249.00000    5.00000  98.0%  14.3 2143s
 2319020 1457865   46.01967   80   99  249.00000    5.00000  98.0%  14.3 2147s
 2321559 1459623  206.00000  102   75  249.00000    5.00000  98.0%  14.3 2150s
 2327838 1463243  181.00000  103   54  249.00000    5.00000  98.0%  14.3 2157s
 2331729 1465981   14.06342   58  121  249.00000    5.00000  98.0%  14.3 2162s
 2335028 1468406  238.00000  142   43  249.00000    5.00000  98.0%  14.3 2167s
 2339085 1469884   56.04455   61  108  249.00000    5.00000  98.0%  14.3 2170s
 2344662 1471867 infeasible   99       249.00000    5.00000  98.0%  14.3 2179s
 2344695 1472358   30.00000   59   93  249.00000    5.00000  98.0%  14.3 2180s
 2347834 1475658   88.61055   74   97  249.00000    5.00000  98.0%  14.3 2186s
 2350641 1477881   74.97861   89   83  249.00000    5.00000  98.0%  14.3 2190s
 2356941 1480393  212.06494   85   85  249.00000    5.00000  98.0%  14.3 2196s
 2358113 1484803   19.00000   64  105  249.00000    5.00000  98.0%  14.3 2203s
 2365059 1487091 infeasible  140       249.00000    5.00000  98.0%  14.3 2208s
 2368825 1488987   19.60000   70  110  249.00000    5.00000  98.0%  14.3 2211s
 2373473 1490578 infeasible  102       249.00000    5.00000  98.0%  14.3 2215s
 2374351 1490742  236.00000  116   49  249.00000    5.00000  98.0%  14.3 2220s
 2378170 1495364    5.00000   70  114  249.00000    5.00000  98.0%  14.3 2228s
 2381493 1495930  193.00964  141   67  249.00000    5.00000  98.0%  14.3 2230s
 2386119 1499848   12.07010   62  103  249.00000    5.00000  98.0%  14.3 2237s
 2388651 1501891  151.03696   98   76  249.00000    5.00000  98.0%  14.3 2240s
 2394495 1504465  141.03444  122   72  249.00000    5.00000  98.0%  14.3 2245s
 2398541 1508174   61.00000   82  109  249.00000    5.00000  98.0%  14.3 2251s
 2401435 1510304   40.00000   73  100  249.00000    5.00000  98.0%  14.3 2256s
 2405583 1513075  198.00000   93   60  249.00000    5.00000  98.0%  14.3 2262s
 2409124 1514867   86.00000   81   87  249.00000    5.00000  98.0%  14.3 2266s
 2415322 1516969  223.00000  128   54  249.00000    5.00000  98.0%  14.3 2274s
 2415578 1517526 infeasible  125       249.00000    5.00000  98.0%  14.3 2275s
 2418928 1521253   90.00000   98   83  249.00000    5.00000  98.0%  14.3 2282s
 2422238 1524032   78.00964   84  102  249.00000    5.00000  98.0%  14.3 2287s
 2426607 1525371  100.03315   86   93  249.00000    5.00000  98.0%  14.3 2290s
 2429861 1527957   99.11882   87  100  249.00000    5.00000  98.0%  14.3 2295s
 2435395 1530626  191.00000   86   65  249.00000    5.00000  98.0%  14.3 2300s
 2439762 1532867 infeasible  133       249.00000    5.00000  98.0%  14.3 2305s
 2443129 1534449  225.00000  112   55  249.00000    5.00000  98.0%  14.3 2317s
 2443146 1545088 infeasible  113       249.00000    5.00000  98.0%  14.3 2344s
 2456159 1545088 infeasible  139       249.00000    5.00000  98.0%  14.3 2346s
 2459162 1549910 infeasible  104       249.00000    5.00000  98.0%  14.3 2357s
 2467014 1550060   25.00987   72  106  249.00000    5.00000  98.0%  14.3 2365s
 2467292 1560073   25.03218   71  108  249.00000    5.00000  98.0%  14.3 2379s
 2477302 1560073    7.50000   60  107  249.00000    5.00000  98.0%  14.3 2380s
 2485069 1561192  164.00000  102   76  249.00000    5.00000  98.0%  14.3 2390s
 2487424 1564886  154.00000  116   74  249.00000    5.00000  98.0%  14.3 2397s
 2491199 1566460    5.00000   52  107  249.00000    5.00000  98.0%  14.3 2400s
 2496125 1569698  214.00000  109   61  249.00000    5.00000  98.0%  14.3 2406s
 2500874 1572695  229.00000  110   76  249.00000    5.00000  98.0%  14.3 2412s
 2503282 1574354  130.05357   97  106  249.00000    5.00000  98.0%  14.3 2415s
 2508637 1578693   73.00000  103   95  249.00000    5.00000  98.0%  14.3 2423s
 2512665 1580359  173.00000  110   57  249.00000    5.00000  98.0%  14.3 2427s
 2518070 1583408  234.01617  103   53  249.00000    5.00000  98.0%  14.3 2432s
 2520256 1585047  246.00000  113   81  249.00000    5.00000  98.0%  14.3 2435s
 2525053 1588066  222.00000   86   64  249.00000    5.00000  98.0%  14.3 2440s
 2529928 1589545  238.00000  112   47  249.00000    5.00000  98.0%  14.3 2449s
 2530039 1599658  129.01243   81   92  249.00000    5.00000  98.0%  14.3 2465s
 2546055 1601907  175.00000  130   75  249.00000    5.00000  98.0%  14.3 2472s
 2549663 1603976   18.00000   59  110  249.00000    5.00000  98.0%  14.3 2476s
 2553028 1606705    8.00000   79   99  249.00000    5.00000  98.0%  14.3 2481s
 2559716 1609750   66.00000   83  105  249.00000    5.00000  98.0%  14.3 2487s
 2564350 1612864  118.03106  111   88  249.00000    5.00000  98.0%  14.3 2492s
 2569194 1615869    5.00000   47  116  249.00000    5.00000  98.0%  14.3 2497s
 2571423 1617522   61.00000   77   98  249.00000    5.00000  98.0%  14.3 2500s
 2574139 1620428  138.00000   97   72  249.00000    5.00000  98.0%  14.3 2505s
 2580430 1623288   89.00000   97   90  249.00000    5.00000  98.0%  14.3 2511s
 2585413 1626452   16.90283   71  120  249.00000    5.00000  98.0%  14.3 2516s
 2587921 1626464  243.00394  114   55  249.00000    5.00000  98.0%  14.3 2522s
 2589540 1629118  193.34234   88   81  249.00000    5.00000  98.0%  14.3 2526s
 2592102 1630610  183.00681   90   76  249.00000    5.00000  98.0%  14.3 2530s
 2594566 1633400  160.11290  105   82  249.00000    5.00000  98.0%  14.3 2535s
 2601954 1637076  123.00000   68   79  249.00000    5.00000  98.0%  14.3 2542s
 2604299 1638795  138.00000  100   78  249.00000    5.00000  98.0%  14.3 2545s
 2607793 1639288   49.00000   74   95  249.00000    5.00000  98.0%  14.3 2555s
 2608635 1640034  214.00000   94   61  249.00000    5.00000  98.0%  14.3 2562s
 2608745 1641636  229.00000   95   56  249.00000    5.00000  98.0%  14.3 2565s
 2614083 1643886   99.00000   79   88  249.00000    5.00000  98.0%  14.3 2570s
 2618070 1648367    5.00000   63  109  249.00000    5.00000  98.0%  14.3 2579s
 2621776 1649743 infeasible  137       249.00000    5.00000  98.0%  14.3 2582s
 2623656 1651470  221.21599  123   66  249.00000    5.00000  98.0%  14.3 2585s
 2628977 1653637  167.44456   86   92  249.00000    5.00000  98.0%  14.3 2590s
 2632602 1655543  211.00000   91   78  249.00000    5.00000  98.0%  14.3 2598s
 2632717 1655998  211.00000   92   76  249.00000    5.00000  98.0%  14.3 2600s
 2633453 1656065  153.01325   92   75  249.00000    5.00000  98.0%  14.3 2606s
 2634557 1658610  234.00000  104   78  249.00000    5.00000  98.0%  14.3 2611s
 2637681 1660804 infeasible  105       249.00000    5.00000  98.0%  14.3 2615s
 2641016 1662905  151.00000   78   78  249.00000    5.00000  98.0%  14.3 2620s
 2645112 1665220   46.01924   63   93  249.00000    5.00000  98.0%  14.3 2626s
 2647933 1667145   52.04216   79  109  249.00000    5.00000  98.0%  14.3 2630s
 2654892 1670820  223.00000   91   58  249.00000    5.00000  98.0%  14.3 2637s
 2656879 1672625  110.00000   76   82  249.00000    5.00000  98.0%  14.3 2641s
 2662023 1676606 infeasible  100       249.00000    5.00000  98.0%  14.3 2649s
 2665811 1677045  176.00000   75   71  249.00000    5.00000  98.0%  14.3 2651s
 2669667 1678969   13.00000   71  128  249.00000    5.00000  98.0%  14.3 2660s
 2670532 1681565  127.00000   83   67  249.00000    5.00000  98.0%  14.3 2665s
 2675949 1683917 infeasible   98       249.00000    5.00000  98.0%  14.3 2670s
 2680802 1688033   43.00000   61   93  249.00000    5.00000  98.0%  14.2 2678s
 2683895 1690216    5.00000   62  120  249.00000    5.00000  98.0%  14.2 2683s
 2687176 1690797   93.06558   85   79  249.00000    5.00000  98.0%  14.3 2685s
 2691299 1694627  225.01849  108   68  249.00000    5.00000  98.0%  14.3 2693s
 2694370 1696813   37.73077   66  112  249.00000    5.00000  98.0%  14.3 2697s
 2698567 1699219  227.00000  121   49  249.00000    5.00000  98.0%  14.3 2702s
 2701588 1699285   20.01530   69  124  249.00000    5.00000  98.0%  14.2 2708s
 2701676 1700483   26.03651   70  114  249.00000    5.00000  98.0%  14.2 2710s
 2704976 1703892 infeasible  101       249.00000    5.00000  98.0%  14.2 2717s
 2708823 1705378  138.04843   97   87  249.00000    5.00000  98.0%  14.2 2720s
 2713716 1707499  123.46303   94   84  249.00000    5.00000  98.0%  14.2 2725s
 2717323 1710742  209.00000  104   58  249.00000    5.00000  98.0%  14.2 2732s
 2719972 1712535   71.00000   68   91  249.00000    5.00000  98.0%  14.2 2735s
 2725545 1715625   25.50000   68  103  249.00000    5.00000  98.0%  14.2 2742s
 2727704 1718256 infeasible  134       249.00000    5.00000  98.0%  14.2 2747s
 2731985 1719489    5.00011   68  120  249.00000    5.00000  98.0%  14.2 2750s
 2737410 1721480   94.00000   98   94  249.00000    5.00000  98.0%  14.2 2760s
 2738173 1723566  235.00000  128   55  249.00000    5.00000  98.0%  14.2 2765s
 2743943 1726906  171.07610  109   82  249.00000    5.00000  98.0%  14.2 2773s
 2746404 1727596  137.00000  102   88  249.00000    5.00000  98.0%  14.2 2775s
 2747474 1733217   15.00000   62  109  249.00000    5.00000  98.0%  14.2 2786s
 2756304 1735091  178.00000   92   83  249.00000    5.00000  98.0%  14.2 2791s
 2761625 1736614   76.00067   65  106  249.00000    5.00000  98.0%  14.2 2804s
 2761641 1737049   76.00067   66   99  249.00000    5.00000  98.0%  14.2 2805s
 2762239 1737064  102.00067   72   95  249.00000    5.00000  98.0%  14.2 2811s
 2764144 1739853   65.46429   75   94  249.00000    5.00000  98.0%  14.2 2818s
 2767278 1742006   12.00000   69  113  249.00000    5.00000  98.0%  14.2 2823s
 2770365 1742568  244.11211   98   72  249.00000    5.00000  98.0%  14.2 2825s
 2775131 1746931  220.00000  107   72  249.00000    5.00000  98.0%  14.2 2833s
 2778261 1748756   31.00000   76  106  249.00000    5.00000  98.0%  14.2 2837s
 2780900 1750679   88.01939   87   96  249.00000    5.00000  98.0%  14.2 2840s
 2784657 1753514  234.00000  113   50  249.00000    5.00000  98.0%  14.2 2846s
 2787866 1756049  218.01371  113   50  249.00000    5.00000  98.0%  14.2 2852s
 2792078 1757730  172.00000   83   73  249.00000    5.00000  98.0%  14.2 2856s
 2797121 1759345   52.02989   77   95  249.00000    5.00000  98.0%  14.2 2864s
 2797298 1759784   66.00000   80   87  249.00000    5.00000  98.0%  14.2 2865s
 2800284 1763006  135.17983  107   68  249.00000    5.00000  98.0%  14.2 2871s
 2803944 1765404  240.00000   98   37  249.00000    5.00000  98.0%  14.2 2876s
 2806569 1767065   48.00000   63   98  249.00000    5.00000  98.0%  14.2 2880s
 2809293 1769686   59.00000   90  108  249.00000    5.00000  98.0%  14.2 2885s
 2814646 1772259  238.00966  130   65  249.00000    5.00000  98.0%  14.2 2891s
 2818375 1774340   33.07909   63  109  249.00000    5.00000  98.0%  14.2 2896s
 2820717 1776340  116.00000   82   72  249.00000    5.00000  98.0%  14.2 2900s
 2826879 1779908  194.12466   88   81  249.00000    5.00000  98.0%  14.2 2907s
 2829792 1782600   38.01662   74  117  249.00000    5.00000  98.0%  14.2 2913s
 2834218 1782623  164.03844   80   66  249.00000    5.00000  98.0%  14.2 2920s
 2837149 1785140   82.00000   76   86  249.00000    5.00000  98.0%  14.2 2926s
 2840914 1788950 infeasible  110       249.00000    5.00000  98.0%  14.2 2933s
 2843821 1790741   44.00000   73   99  249.00000    5.00000  98.0%  14.2 2936s
 2846653 1792575   13.00000   66  100  249.00000    5.00000  98.0%  14.2 2940s
 2852080 1794886  180.10274  103   73  249.00000    5.00000  98.0%  14.2 2946s
 2853201 1800055  228.03274  106   79  249.00000    5.00000  98.0%  14.2 2956s
 2860962 1801821  156.03517  112   90  249.00000    5.00000  98.0%  14.2 2960s
 2866686 1803911   53.00000   76   82  249.00000    5.00000  98.0%  14.2 2970s
 2870057 1808143  182.11885   94   74  249.00000    5.00000  98.0%  14.2 2979s
 2873314 1810476  239.00000  125   53  249.00000    5.00000  98.0%  14.2 2984s
 2876851 1810961 infeasible  112       249.00000    5.00000  98.0%  14.2 2986s
 2877564 1813096  221.00000  100   72  249.00000    5.00000  98.0%  14.2 2990s
 2883918 1816503   18.00000   62  102  249.00000    5.00000  98.0%  14.2 2997s
 2888050 1819369  147.00408  114   69  249.00000    5.00000  98.0%  14.2 3002s
 2892080 1821649  181.00000   96   74  249.00000    5.00000  98.0%  14.2 3008s
 2895191 1823886   24.00000   67  105  249.00000    5.00000  98.0%  14.2 3012s
 2898267 1825699   87.10457  100  101  249.00000    5.00000  98.0%  14.2 3016s
 2901307 1825707 infeasible  116       249.00000    5.00000  98.0%  14.2 3023s
 2901328 1826208    5.00000   65  104  249.00000    5.00000  98.0%  14.2 3025s
 2905109 1830082   94.00000   78   82  249.00000    5.00000  98.0%  14.2 3033s
 2908317 1830620    5.00000   54  118  249.00000    5.00000  98.0%  14.2 3035s
 2912590 1834596   67.00000   75  113  249.00000    5.00000  98.0%  14.2 3042s
 2915348 1836388  128.01266   96   89  249.00000    5.00000  98.0%  14.2 3046s
 2918374 1838906 infeasible  138       249.00000    5.00000  98.0%  14.2 3052s
 2922394 1838903  227.05566   97   61  249.00000    5.00000  98.0%  14.2 3061s
 2922926 1839316   64.00000   83   95  249.00000    5.00000  98.0%  14.2 3068s
 2922991 1839906   84.00000   84   87  249.00000    5.00000  98.0%  14.2 3070s
 2925107 1842726    5.02816   70  122  249.00000    5.00000  98.0%  14.2 3077s
 2928238 1845243   58.00000   89   97  249.00000    5.00000  98.0%  14.2 3082s
 2932152 1846885  240.03246  115   45  249.00000    5.00000  98.0%  14.2 3086s
 2935905 1850027  247.01951  123   52  249.00000    5.00000  98.0%  14.2 3093s
 2939448 1852403   30.00415   59  120  249.00000    5.00000  98.0%  14.2 3098s
 2943223 1853938 infeasible  121       249.00000    5.00000  98.0%  14.2 3101s
 2945604 1855444    5.02522   64  114  249.00000    5.00000  98.0%  14.2 3105s
 2950091 1857489    5.00011   57  121  249.00000    5.00000  98.0%  14.2 3110s
 2951088 1857614  173.00000  117   72  249.00000    5.00000  98.0%  14.2 3116s
 2953868 1860191  197.03921   80   67  249.00000    5.00000  98.0%  14.2 3122s
 2954996 1862064   76.02905   86  110  249.00000    5.00000  98.0%  14.2 3126s
 2957968 1863921  207.00000   96   63  249.00000    5.00000  98.0%  14.2 3130s
 2961021 1866719   41.00000   55  102  249.00000    5.00000  98.0%  14.2 3136s
 2967633 1868601  201.00000  153   70  249.00000    5.00000  98.0%  14.2 3140s
 2970472 1871639  211.00000   94   56  249.00000    5.00000  98.0%  14.2 3146s
 2973144 1873495   95.19679   83  111  249.00000    5.00000  98.0%  14.2 3150s
 2978280 1875562 infeasible  108       249.00000    5.00000  98.0%  14.2 3155s
 2981601 1879971   48.85060   82   94  249.00000    5.00000  98.0%  14.2 3164s
 2985900 1879984   30.00000   68   96  249.00000    5.00000  98.0%  14.2 3171s
 2987564 1882690  229.17168  107   72  249.00000    5.00000  98.0%  14.2 3178s
 2990217 1884603   33.13960   81  123  249.00000    5.00000  98.0%  14.2 3181s
 2993979 1887302  105.40670   94   90  249.00000    5.00000  98.0%  14.2 3187s
 2997091 1889495   26.04139   65  113  249.00000    5.00000  98.0%  14.2 3192s
 3000632 1891391  228.91083  111   73  249.00000    5.00000  98.0%  14.2 3196s
 3003643 1893532    5.00000   71  107  249.00000    5.00000  98.0%  14.2 3202s
 3007352 1895238  236.00000  124   58  249.00000    5.00000  98.0%  14.2 3205s
 3010645 1897444  224.26494   85   60  249.00000    5.00000  98.0%  14.2 3210s
 3016338 1901105  185.00000  118   72  249.00000    5.00000  98.0%  14.2 3217s
 3019235 1903059  240.00000  119   75  249.00000    5.00000  98.0%  14.2 3221s
 3023012 1903548  219.00000  104   61  249.00000    5.00000  98.0%  14.2 3231s
 3025132 1906770  197.92153  127   64  249.00000    5.00000  98.0%  14.2 3239s
 3028330 1907272 infeasible  121       249.00000    5.00000  98.0%  14.2 3241s
 3029158 1909716 infeasible  106       249.00000    5.00000  98.0%  14.2 3245s
 3032752 1911714  202.09829  103   67  249.00000    5.00000  98.0%  14.2 3250s
 3039023 1915328  226.00000  103   82  249.00000    5.00000  98.0%  14.2 3258s
 3041871 1915841   29.05802   82  118  249.00000    5.00000  98.0%  14.2 3260s
 3045641 1920278  106.15411   93   98  249.00000    5.00000  98.0%  14.2 3269s
 3049682 1921457   39.00000   77  122  249.00000    5.00000  98.0%  14.2 3272s
 3051633 1923131  115.00000  104   69  249.00000    5.00000  98.0%  14.2 3276s
 3055995 1926006  138.00000   85   69  249.00000    5.00000  98.0%  14.2 3281s
 3058725 1927779  193.00000  106   61  249.00000    5.00000  98.0%  14.2 3285s
 3061942 1928507  233.00933  115   53  249.00000    5.00000  98.0%  14.2 3292s
 3062402 1930146 infeasible   98       249.00000    5.00000  98.0%  14.2 3296s
 3065787 1933002   72.00872   71  105  249.00000    5.00000  98.0%  14.2 3301s
 3069137 1935354  221.00000  104   45  249.00000    5.00000  98.0%  14.2 3307s
 3072768 1936608   35.00000   59  102  249.00000    5.00000  98.0%  14.2 3310s
 3077205 1940190   59.02743   65  110  249.00000    5.00000  98.0%  14.2 3317s
 3080289 1940194  247.01806  112   73  249.00000    5.00000  98.0%  14.2 3328s
 3080316 1940210 infeasible  113       249.00000    5.00000  98.0%  14.2 3335s
 3081822 1941703  209.33805  102   68  249.00000    5.00000  98.0%  14.2 3340s
 3085588 1945912   28.30727   83  119  249.00000    5.00000  98.0%  14.2 3350s
 3090027 1948972    5.00000   61  105  249.00000    5.00000  98.0%  14.2 3358s
 3094061 1950132  131.05744   91   93  249.00000    5.00000  98.0%  14.2 3361s
 3098611 1953235   38.02614   93  104  249.00000    5.00000  98.0%  14.2 3368s
 3101101 1953241  235.04234   99   62  249.00000    5.00000  98.0%  14.2 3375s
 3101905 1955237   36.00000   69  113  249.00000    5.00000  98.0%  14.2 3380s
 3105147 1957723  208.04975  108   76  249.00000    5.00000  98.0%  14.2 3386s
 3108266 1959505 infeasible  106       249.00000    5.00000  98.0%  14.2 3390s
 3111194 1962011  103.02683   88   89  249.00000    5.00000  98.0%  14.2 3396s
 3117619 1964027  105.00407   93   92  249.00000    5.00000  98.0%  14.2 3401s
 3120652 1967214 infeasible  116       249.00000    5.00000  98.0%  14.2 3408s
 3123487 1969146  104.77273   86   96  249.00000    5.00000  98.0%  14.2 3412s
 3126484 1970973     cutoff  116       249.00000    5.00000  98.0%  14.2 3415s
 3130399 1973631  120.14761   81  101  249.00000    5.00000  98.0%  14.2 3421s
 3133234 1976183   80.15213   97  106  249.00000    5.00000  98.0%  14.2 3427s
 3137804 1978347  124.00000  100   95  249.00000    5.00000  98.0%  14.2 3432s
 3140726 1978357   59.00790   81   99  249.00000    5.00000  98.0%  14.2 3440s
 3141440 1980399  154.00000   98   70  249.00000    5.00000  98.0%  14.2 3445s
 3147209 1984345  174.01505   97   79  249.00000    5.00000  98.0%  14.2 3453s
 3150506 1984819   55.09534   87  114  249.00000    5.00000  98.0%  14.2 3455s
 3153993 1989229   57.00000   84   89  249.00000    5.00000  98.0%  14.2 3465s
 3160159 1991885   15.00000   58  105  249.00000    5.00000  98.0%  14.2 3471s
 3162554 1993536  237.00000  111   45  249.00000    5.00000  98.0%  14.2 3475s
 3166083 1995619     cutoff  109       249.00000    5.00000  98.0%  14.2 3480s
 3171762 1998600   67.00000   79   89  249.00000    5.00000  98.0%  14.2 3487s
 3173875 2000336 infeasible  127       249.00000    5.00000  98.0%  14.2 3490s
 3177589 2002717   42.04709   68  107  249.00000    5.00000  98.0%  14.2 3502s
 3180394 2006897  108.54607   86   98  249.00000    5.00000  98.0%  14.2 3512s
 3186908 2007659 infeasible  105       249.00000    5.00000  98.0%  14.2 3516s
 3188069 2010684   99.01497  103   94  249.00000    5.00000  98.0%  14.2 3523s
 3193090 2013414  172.02617  112   70  249.00000    5.00000  98.0%  14.2 3529s
 3197395 2016164   37.00000   67  107  249.00000    5.00000  98.0%  14.2 3536s
 3203891 2019010   35.00000   81   98  249.00000    5.00000  98.0%  14.2 3542s
 3206307 2020452  247.00000  104   77  249.00000    5.00000  98.0%  14.2 3545s
 3209080 2021117    6.66667   64  120  249.00000    5.00000  98.0%  14.2 3553s
 3209512 2022913   14.00000   67  115  249.00000    5.00000  98.0%  14.2 3556s
 3212882 2025105  222.00000  115   54  249.00000    5.00000  98.0%  14.2 3561s
 3215456 2026978   73.84013   85  117  249.00000    5.00000  98.0%  14.2 3565s
 3218838 2029530   78.00707   77   86  249.00000    5.00000  98.0%  14.2 3571s
 3222893 2031217  238.00000  119   61  249.00000    5.00000  98.0%  14.2 3575s
 3226380 2033546   24.00000   70   97  249.00000    5.00000  98.0%  14.2 3581s
 3231467 2036926  231.11697  133   67  249.00000    5.00000  98.0%  14.2 3588s
 3234458 2037411  112.68760   87   97  249.00000    5.00000  98.0%  14.2 3590s
 3237270 2040744   50.96615   70  104  249.00000    5.00000  98.0%  14.2 3597s
 3240461 2041701   55.00000   87   94  249.00000    5.00000  98.0%  14.2 3600s

Cutting planes:
  Learned: 1
  Gomory: 12
  Cover: 3
  Implied bound: 15
  MIR: 8
  Flow cover: 31
  GUB cover: 3
  Zero half: 1
  RLT: 3
  Relax-and-lift: 2

Explored 3242035 nodes (45919932 simplex iterations) in 3600.40 seconds (458.47 work units)
Thread count was 16 (of 16 available processors)

Solution count 10: 249 251 252 ... 277

Time limit reached
Best objective 2.490000000000e+02, best bound 5.000000000000e+00, gap 97.9920%
Warning: constraint name "precedence between 0,0 to 0,2 if x_[0,0,0,2,3]=0, i.e. 0,2 before 0,0" has a space
Warning: constraint name "precedence between 0,0 to 0,2 if x_[0,0,0,2,3]=0, i.e. 0,2 before 0,0" has a space
Warning: default constraint names used to write mps file
