
Gurobi 10.0.1 (win64) logging started Fri Oct  6 18:53:40 2023

Set parameter LogFile to value "./results//log/URT_10_makespan_heurTrue.log"
Gurobi Optimizer version 10.0.1 build v10.0.1rc0 (win64)

CPU model: AMD Ryzen 7 3700X 8-Core Processor, instruction set [SSE2|AVX|AVX2]
Thread count: 8 physical cores, 16 logical processors, using up to 16 threads

Optimize a model with 207 rows, 193 columns and 773 nonzeros
Model fingerprint: 0xd1c9346c
Variable types: 0 continuous, 193 integer (168 binary)
Coefficient statistics:
  Matrix range     [1e+00, 1e+07]
  Objective range  [1e+00, 1e+00]
  Bounds range     [1e+00, 1e+00]
  RHS range        [1e+00, 3e+07]

User MIP start did not produce a new incumbent solution

Found heuristic solution: objective 109.0000000
Presolve removed 43 rows and 114 columns
Presolve time: 0.01s
Presolved: 164 rows, 79 columns, 692 nonzeros
Variable types: 0 continuous, 79 integer (55 binary)
Found heuristic solution: objective 99.0000000

Root relaxation: objective 3.500000e+01, 26 iterations, 0.00 seconds (0.00 work units)

    Nodes    |    Current Node    |     Objective Bounds      |     Work
 Expl Unexpl |  Obj  Depth IntInf | Incumbent    BestBd   Gap | It/Node Time

     0     0   35.00000    0   11   99.00000   35.00000  64.6%     -    0s
H    0     0                      95.0000000   35.00000  63.2%     -    0s
H    0     0                      93.0000000   35.00000  62.4%     -    0s
H    0     0                      91.0000000   35.00000  61.5%     -    0s
H    0     0                      82.0000000   35.00000  57.3%     -    0s
     0     0   35.00000    0   10   82.00000   35.00000  57.3%     -    0s
     0     0   35.62031    0   21   82.00000   35.62031  56.6%     -    0s
     0     0   36.17325    0   21   82.00000   36.17325  55.9%     -    0s
H    0     0                      70.0000000   36.17325  48.3%     -    0s
     0     0   36.44177    0   26   70.00000   36.44177  47.9%     -    0s
     0     0   36.65233    0   26   70.00000   36.65233  47.6%     -    0s
     0     0   36.65233    0   26   70.00000   36.65233  47.6%     -    0s
     0     0   37.41531    0   19   70.00000   37.41531  46.5%     -    0s
     0     0   37.77177    0   23   70.00000   37.77177  46.0%     -    0s
     0     0   37.92218    0   19   70.00000   37.92218  45.8%     -    0s
     0     0   37.92218    0   21   70.00000   37.92218  45.8%     -    0s
     0     0   38.14079    0   29   70.00000   38.14079  45.5%     -    0s
     0     0   38.95395    0   29   70.00000   38.95395  44.4%     -    0s
     0     0   38.95395    0   27   70.00000   38.95395  44.4%     -    0s
     0     0   39.18867    0   28   70.00000   39.18867  44.0%     -    0s
     0     0   39.18867    0   28   70.00000   39.18867  44.0%     -    0s
     0     0   39.18867    0   28   70.00000   39.18867  44.0%     -    0s
     0     0   39.18867    0   27   70.00000   39.18867  44.0%     -    0s
     0     0   39.18867    0   24   70.00000   39.18867  44.0%     -    0s
H    0     0                      66.0000000   39.18867  40.6%     -    0s
     0     0   39.18867    0   31   66.00000   39.18867  40.6%     -    0s
     0     0   39.18867    0   23   66.00000   39.18867  40.6%     -    0s
     0     0   39.18867    0   27   66.00000   39.18867  40.6%     -    0s
     0     0   39.18867    0   23   66.00000   39.18867  40.6%     -    0s
     0     0   39.18867    0   23   66.00000   39.18867  40.6%     -    0s
     0     2   39.18867    0   23   66.00000   39.18867  40.6%     -    0s

Cutting planes:
  Learned: 12

Explored 17686 nodes (24342 simplex iterations) in 2.21 seconds (0.24 work units)
Thread count was 16 (of 16 available processors)

Solution count 8: 66 70 82 ... 109

Optimal solution found (tolerance 1.00e-04)
Best objective 6.600000000000e+01, best bound 6.600000000000e+01, gap 0.0000%
Warning: constraint name "precedence between 0,0 to 0,2 if x_[0,0,0,2,3]=0, i.e. 0,2 before 0,0" has a space
Warning: constraint name "precedence between 0,0 to 0,2 if x_[0,0,0,2,3]=0, i.e. 0,2 before 0,0" has a space
Warning: default constraint names used to write mps file
