
Gurobi 10.0.1 (win64) logging started Fri May 19 11:41:12 2023

Set parameter LogFile to value "results/log/MetalMeca_makespan.log"
Gurobi Optimizer version 10.0.1 build v10.0.1rc0 (win64)

CPU model: AMD Ryzen 7 3700X 8-Core Processor, instruction set [SSE2|AVX|AVX2]
Thread count: 8 physical cores, 16 logical processors, using up to 16 threads

Optimize a model with 19033 rows, 88112 columns and 89065 nonzeros
Model fingerprint: 0xe99fc495
Variable types: 0 continuous, 88112 integer (87568 binary)
Coefficient statistics:
  Matrix range     [1e+00, 4e+06]
  Objective range  [1e+00, 1e+00]
  Bounds range     [1e+00, 1e+00]
  RHS range        [1e+00, 1e+07]
Presolve removed 1222 rows and 82778 columns
Presolve time: 0.99s
Presolved: 17811 rows, 5334 columns, 77795 nonzeros
Variable types: 0 continuous, 5334 integer (4791 binary)

Root relaxation: objective 5.238000e+05, 1717 iterations, 0.03 seconds (0.04 work units)

    Nodes    |    Current Node    |     Objective Bounds      |     Work
 Expl Unexpl |  Obj  Depth IntInf | Incumbent    BestBd   Gap | It/Node Time

     0     0 523800.000    0  364          - 523800.000      -     -    1s
     0     0 572889.917    0  537          - 572889.917      -     -    1s
     0     0 598785.212    0  429          - 598785.212      -     -    2s
     0     0 598807.276    0  425          - 598807.276      -     -    2s
     0     0 598807.276    0  426          - 598807.276      -     -    2s
     0     0 602883.723    0  483          - 602883.723      -     -    2s
     0     0 602930.141    0  460          - 602930.141      -     -    2s
     0     0 602930.719    0  462          - 602930.719      -     -    2s
     0     0 605842.671    0  421          - 605842.671      -     -    2s
     0     0 606232.766    0  462          - 606232.766      -     -    2s
     0     0 606358.229    0  435          - 606358.229      -     -    2s
     0     0 606358.229    0  435          - 606358.229      -     -    2s
     0     0 607071.224    0  449          - 607071.224      -     -    2s
     0     0 607475.225    0  441          - 607475.225      -     -    2s
     0     0 607546.250    0  447          - 607546.250      -     -    3s
     0     0 607546.275    0  448          - 607546.275      -     -    3s
     0     0 607590.706    0  457          - 607590.706      -     -    3s
     0     0 607610.318    0  452          - 607610.318      -     -    3s
     0     0 607611.001    0  451          - 607611.001      -     -    3s
     0     0 607951.194    0  440          - 607951.194      -     -    3s
     0     0 608129.775    0  436          - 608129.775      -     -    3s
     0     0 608130.918    0  442          - 608130.918      -     -    3s
     0     0 608382.035    0  433          - 608382.035      -     -    3s
     0     0 608431.192    0  441          - 608431.192      -     -    3s
     0     0 608431.811    0  440          - 608431.811      -     -    3s
     0     0 608432.906    0  441          - 608432.906      -     -    3s
     0     0 608433.312    0  440          - 608433.312      -     -    3s
     0     0 608451.642    0  440          - 608451.642      -     -    4s
     0     0 608460.514    0  441          - 608460.514      -     -    4s
     0     0 608461.433    0  438          - 608461.433      -     -    4s
     0     0 608461.433    0  365          - 608461.433      -     -    4s
     3     4 608461.433    2   78          - 608461.433      -  2950    5s
   583   411 609657.866    7  275          - 609152.178      -  39.0   10s
  3964  3434 702189.128  347   35          - 609152.178      -  13.6   15s
  5241  1094 616905.513   16  381          - 616905.513      -  20.5   44s
  5243  1098 616905.513   17  415          - 616905.513      -  20.6   45s
H 5263  1107                    663027.00000 616905.513  6.96%  21.2   45s
  6654  1871 617683.631   35   82 663027.000 616916.904  6.95%  30.1   50s
  7390  1912 618024.693   29  440 663027.000 616916.904  6.95%  34.7   55s
  8023  2189 617681.870   37  332 663027.000 616916.904  6.95%  35.5   60s
  8931  2738 641229.573   62  260 663027.000 616916.904  6.95%  38.2   65s
H 9037  2738                    659881.00000 616916.904  6.51%  38.1   65s
H11467  3528                    659865.00000 616925.094  6.51%  46.3   67s
 11765  3826 617452.898   42  344 659865.000 616925.094  6.51%  47.1   70s
 12682  4621 656456.709  217   35 659865.000 616925.094  6.51%  47.0   80s
 13346  4841 635045.347   36  391 659865.000 616925.094  6.51%  47.4   85s
H14065  5377                    659028.00000 616925.094  6.39%  48.1   88s
 15557  6255 619148.237   40   91 659028.000 616967.053  6.38%  51.5   90s
 17477  7524 623741.646   35  411 659028.000 617112.284  6.36%  53.7   95s
 18551  8472 649065.655   76  246 659028.000 617112.284  6.36%  55.0  101s
 19647  9326 617431.427   25  508 659028.000 617112.284  6.36%  54.5  105s
H20746  9935                    658937.00000 617112.284  6.35%  54.3  108s
 23034 11556 618543.528   33   96 658937.000 617185.612  6.34%  56.6  110s
 25661 13087     cutoff  115      658937.000 617193.095  6.34%  58.7  115s
 26779 13807 646457.726   93  154 658937.000 617193.095  6.34%  58.3  120s
 28041 14497 619772.362   25  481 658937.000 617193.095  6.34%  57.3  129s
 28059 14869 620326.446   26  475 658937.000 617193.095  6.34%  57.3  130s
 29392 15731 621561.752   35  411 658937.000 617193.095  6.34%  56.6  135s
H29752 15731                    658442.00000 617193.095  6.26%  56.6  135s
 34464 18795 618874.679   46   69 658442.000 617213.005  6.26%  59.8  140s
 35861 18011 625068.251   35  406 658442.000 617219.059  6.26%  60.3  150s
 38306 19157 622259.931   36  319 658442.000 617219.059  6.26%  60.5  156s
 40059 20399 622746.026   33  384 658442.000 617219.059  6.26%  59.9  162s
 40757 20833 627700.068   29  427 658442.000 617219.059  6.26%  60.0  165s
H41403 20833                    650250.00000 617219.059  5.08%  60.0  165s
 46670 23913 618219.334   34  113 650250.000 617250.165  5.07%  61.6  170s
 50075 26199 635064.959   69  274 650250.000 617266.316  5.07%  61.9  180s
 52507 27753 641337.187   88  212 650250.000 617266.316  5.07%  61.6  189s
 53701 28385 631296.690   52  276 650250.000 617266.316  5.07%  61.1  193s
 54724 28872 633867.683   62  279 650250.000 617266.316  5.07%  60.9  196s
 55538 29348 632829.400   39  345 650250.000 617266.316  5.07%  60.9  200s
 56428 19574 621772.912   27  417 650250.000 621772.912  4.38%  63.8  725s
 56514 18440 622916.313   35  447 650250.000 621772.912  4.38%  64.1  732s
 56525 18445 623039.419   36  445 650250.000 621772.912  4.38%  64.2  735s
H56546 18450                    645728.00000 621772.912  3.71%  64.2  738s
 57905 19916     cutoff   38      645728.000 621779.495  3.71%  64.6  740s
 65159 23005     cutoff   36      645728.000 621823.353  3.70%  65.1  745s
 67272 23054 624928.995   41  431 645728.000 621831.514  3.70%  65.1  750s
 67473 23169 630971.446   50  401 645728.000 621831.514  3.70%  65.3  755s
 67691 23016 641879.338   65  315 645728.000 621831.514  3.70%  65.3  760s
 68041 23213 621831.514   45  396 645728.000 621831.514  3.70%  65.5  765s
 68463 23335 629794.435   87  292 645728.000 621831.514  3.70%  65.6  770s
 69016 23674 621831.514   32  513 645728.000 621831.514  3.70%  65.8  775s
 69668 23950 infeasible   64      645728.000 621831.514  3.70%  66.0  780s
 70435 24223 638735.350  115  199 645728.000 621831.514  3.70%  66.1  785s
 70834 24434 637595.312   65  299 645728.000 621831.514  3.70%  66.2  791s
 71211 23866 642304.101  112  217 645728.000 621831.514  3.70%  66.4  795s
 71896 24054 622390.852   43  443 645728.000 621831.514  3.70%  66.7  801s
 72398 24330 626410.696   52  421 645728.000 621831.514  3.70%  67.0  806s
 73044 24601 635872.014   80  255 645728.000 621831.514  3.70%  67.4  811s
 73738 24701 621831.514   39  492 645728.000 621831.514  3.70%  67.7  816s
 74405 25365 632698.023  122  165 645728.000 621831.514  3.70%  67.9  822s
 75494 25517 621831.514   44  474 645728.000 621831.514  3.70%  67.8  827s
 75900 25620 626612.515   44  420 645728.000 621831.514  3.70%  68.0  830s
H76301 25486                    645672.00000 621831.514  3.69%  68.1  831s
 78230 26619 624216.881   40   87 645672.000 621847.995  3.69%  68.2  835s
 82126 27812 621869.111   32  150 645672.000 621869.111  3.69%  68.2  849s
 82156 27846 621869.111   36  144 645672.000 621869.111  3.69%  68.3  850s
 85867 29038 622258.518   43  135 645672.000 621869.111  3.69%  69.4  855s
 88329 30216 628013.321   44  469 645672.000 621869.111  3.69%  70.0  869s
 89683 30133 621869.111   39  485 645672.000 621869.111  3.69%  70.8  874s
 90314 30031 630792.988   60  344 645672.000 621869.111  3.69%  71.1  895s
 90434 30473 infeasible   67      645672.000 621869.111  3.69%  71.2  900s
 91091 30878 624286.688   36  485 645672.000 621869.111  3.69%  71.3  907s
 92045 31216 640798.563   65  269 645672.000 621869.111  3.69%  71.3  911s
 92901 31727 624155.522   42  457 645672.000 621869.111  3.69%  71.4  916s
 93666 32307 641142.552   78  299 645672.000 621869.111  3.69%  71.5  921s
 94578 32594 631883.730   44  393 645672.000 621869.111  3.69%  71.7  925s
 95783 33406 626775.409   48  405 645672.000 621869.111  3.69%  72.1  935s
 96580 33477 623510.316   45  436 645672.000 621869.111  3.69%  72.2  944s
 96684 33984 630709.262   57  383 645672.000 621869.111  3.69%  72.3  949s
 97475 34525 636559.263   79  262 645672.000 621869.111  3.69%  72.5  955s
 98345 35259 infeasible   58      645672.000 621869.111  3.69%  72.6  961s
 99338 35705 626582.343   51  419 645672.000 621869.111  3.69%  72.5  967s
 103087 36608 622678.866   48   73 645672.000 621904.856  3.68%  73.2  970s
 106346 37341 622656.366   48  123 645672.000 621991.875  3.67%  73.2  975s
 112448 38570 622960.767   47  131 645672.000 622108.215  3.65%  73.1  980s
 116190 38985 626116.103   34  553 645672.000 622148.257  3.64%  72.9  987s
 116520 40100 629846.199   46  388 645672.000 622148.257  3.64%  73.4 1002s
 118436 40825 infeasible   71      645672.000 622148.257  3.64%  74.1 1011s
 119579 41646 631537.764   43  433 645672.000 622148.257  3.64%  74.3 1019s
 120829 42452 625546.430   34  512 645672.000 622148.257  3.64%  74.5 1028s
 122237 43103 639064.750   66  309 645672.000 622148.257  3.64%  74.5 1035s
 123286 43481 640455.235   50  382 645672.000 622148.257  3.64%  74.6 1042s
 123989 44254 632999.648   42  479 645672.000 622148.257  3.64%  74.9 1049s
 125097 44724 638297.197   58  375 645672.000 622148.257  3.64%  75.0 1057s
 125742 45416 622309.745   45  489 645672.000 622148.257  3.64%  75.1 1070s
 126703 46306 638837.755  137  142 645672.000 622148.257  3.64%  75.2 1079s
 128023 47238 622544.538   38  476 645672.000 622148.257  3.64%  75.3 1088s
 129322 47862 623237.277   43  395 645672.000 622148.257  3.64%  75.3 1096s
 130316 48685 634257.332   67  215 645672.000 622148.257  3.64%  75.4 1103s
H131414 48685                    645661.00000 622148.257  3.64%  75.5 1104s
 131414 49092 623146.801   48  131 645661.000 622148.257  3.64%  75.5 1105s
 136528 48957 624229.774   52   63 645661.000 622217.033  3.63%  75.6 1110s
 142862 49549 infeasible   62      645661.000 622288.995  3.62%  75.4 1115s
 148547 49569     cutoff   66      645661.000 622350.536  3.61%  75.1 1123s
 149530 49193 622895.192   52  113 645661.000 622360.957  3.61%  75.1 1125s
H151725 48461                    645655.00000 622381.563  3.60%  75.0 1125s
 152049 49819     cutoff   90      645655.000 622381.563  3.60%  75.3 1147s
 153959 50528 629142.730   56  368 645655.000 622381.563  3.60%  75.7 1157s
 155219 51287 626376.782   46  461 645655.000 622381.563  3.60%  75.7 1165s
 156330 51980 637430.946   68  298 645655.000 622381.563  3.60%  75.8 1172s
 157343 52665 639081.708   47  436 645655.000 622381.563  3.60%  75.9 1179s
 157871 52665 633317.217   52  386 645655.000 622381.563  3.60%  75.9 1180s
 158395 53383 642263.308   60  321 645655.000 622381.563  3.60%  76.0 1187s
 159493 53991 633592.109   68  347 645655.000 622381.563  3.60%  76.0 1195s
 160430 54817 641453.923   52  389 645655.000 622381.563  3.60%  76.1 1203s
 161603 55314 632032.342   55  317 645655.000 622403.314  3.60%  76.0 1209s
 162353 55637 626763.042   45  477 645655.000 622416.014  3.60%  76.1 1215s
 162919 56169 641876.980   67  346 645655.000 622457.838  3.59%  76.2 1221s
 163816 56865 634083.615   66  359 645655.000 622521.548  3.58%  76.2 1228s
 164750 57416 629997.879   55  469 645655.000 622553.955  3.58%  76.3 1235s
 165739 57933 623231.485   39  485 645655.000 622606.077  3.57%  76.3 1242s
 166595 58427 625657.966   42  486 645655.000 622679.826  3.56%  76.3 1249s
 167384 58824 626773.480   40  442 645655.000 622723.539  3.55%  76.5 1256s
 168079 59421 627936.335   42  521 645655.000 622760.311  3.55%  76.6 1263s
 168944 59982 640227.268   72  281 645655.000 622806.707  3.54%  76.6 1270s
 169848 60789 635640.553   55  391 645655.000 622846.450  3.53%  76.6 1277s
 170963 61412 631679.939   38  499 645655.000 622877.348  3.53%  76.6 1284s
H172110 61412                    645651.00000 622894.309  3.52%  76.6 1285s
 176440 61384 623079.582   49  131 645651.000 622926.892  3.52%  76.6 1291s
 180998 61285 624239.603   51  142 645651.000 622962.126  3.51%  76.4 1296s
 185637 62952 624334.584   45  110 645651.000 622992.848  3.51%  76.2 1301s
 190207 64462     cutoff   60      645651.000 623024.201  3.50%  76.0 1307s
 192632 65341 623363.916   46   98 645651.000 623035.399  3.50%  76.0 1310s
 197550 66723 623556.503   54   58 645651.000 623061.672  3.50%  75.8 1315s
H199982 66723                    645634.00000 623071.208  3.49%  75.7 1315s
 199982 66853 638242.974   60  405 645634.000 623071.208  3.49%  75.7 1320s
 200197 68248 639618.029   62  375 645634.000 623088.979  3.49%  75.9 1342s
 202601 69037 639722.518   53  372 645634.000 623118.583  3.49%  76.3 1353s
 203791 69515 625479.080   48  450 645634.000 623197.616  3.48%  76.4 1360s
 204558 69786 infeasible   86      645634.000 623257.806  3.47%  76.5 1369s
 205040 70772 628295.238   45  515 645634.000 623278.996  3.46%  76.6 1381s
 206538 71594 636406.902   73  358 645634.000 623310.471  3.46%  76.6 1391s
 207692 72191 626279.505   48  449 645634.000 623359.544  3.45%  76.5 1399s
 208686 72960 625039.306   40  484 645634.000 623413.732  3.44%  76.5 1407s
 209795 73481 633923.881   43  473 645634.000 623450.642  3.44%  76.5 1414s
 210716 74108 624553.405   44  401 645634.000 623476.210  3.43%  76.5 1422s
 211689 74771 638228.120   56  378 645634.000 623524.694  3.42%  76.5 1429s
 212742 75524 627237.963   38  515 645634.000 623564.684  3.42%  76.5 1437s
 213828 76278 639763.769  112  263 645634.000 623597.072  3.41%  76.4 1445s
 214895 77133 630788.979   41  476 645634.000 623623.067  3.41%  76.4 1453s
 216032 77573 637073.933   94  299 645634.000 623637.593  3.41%  76.3 1460s
 216751 78257 636783.417   83  319 645634.000 623645.673  3.41%  76.3 1469s
 217686 78835 641604.222  101  242 645634.000 623657.700  3.40%  76.4 1475s
 218579 79404 641072.814   65  321 645634.000 623688.011  3.40%  76.4 1484s
 219680 79836 624400.535   43  497 645634.000 623704.797  3.40%  76.4 1491s
 220760 79841 628566.191   40  463 645634.000 623726.430  3.39%  76.3 1528s
 220771 79979 629653.676   41  466 645634.000 623726.929  3.39%  76.3 1537s
 221097 80469 626458.529   38  493 645634.000 623738.886  3.39%  76.4 1547s
 221923 81089 632041.767   42  415 645634.000 623748.421  3.39%  76.5 1557s
 222819 81662 640092.007   56  385 645634.000 623756.868  3.39%  76.5 1566s
 223725 82046 626678.267   47  477 645634.000 623786.848  3.38%  76.5 1578s
 224397 82746 639010.090   57  291 645634.000 623808.254  3.38%  76.6 1587s
 225516 83405 626680.145   41  467 645634.000 623839.691  3.38%  76.6 1595s
H226457 83405                    645617.00000 623857.536  3.37%  76.6 1595s
 229105 84971 624536.185   54  127 645617.000 623872.294  3.37%  76.5 1601s
 234122 86519 625433.757   54  129 645617.000 623897.496  3.36%  76.3 1608s
 236446 87295 624302.447   50   81 645617.000 623908.144  3.36%  76.2 1611s
 241333 88896 624685.866   43  143 645617.000 623930.769  3.36%  76.0 1618s
 244067 89659 624415.819   57   76 645617.000 623943.224  3.36%  75.9 1622s
 246553 90299 624697.054   55   26 645617.000 623952.511  3.36%  75.8 1625s
 251247 91862 625093.412   53   95 645617.000 623975.004  3.35%  75.6 1633s
 253888 92627     cutoff   57      645617.000 623984.744  3.35%  75.5 1637s
 256868 93416 624497.577   46  123 645617.000 623993.145  3.35%  75.3 1642s
 259624 94060     cutoff   48      645617.000 623997.928  3.35%  75.1 1646s
 262082 94312 642904.564   59  429 645617.000 624002.742  3.35%  74.9 1653s
 262459 95073     cutoff   60      645617.000 624008.147  3.35%  75.1 1667s
 263614 95633 639476.843   99  250 645617.000 624017.178  3.35%  75.4 1681s
 264490 96660 625081.693   40  478 645617.000 624020.720  3.35%  75.5 1696s
 266138 97499 628257.768   45  412 645617.000 624072.655  3.34%  75.6 1707s
 267497 98196 infeasible   54      645617.000 624098.523  3.33%  75.6 1717s
 268626 98834 643231.625  118  207 645617.000 624135.295  3.33%  75.7 1726s
 269604 99326 624730.796   42  458 645617.000 624176.895  3.32%  75.7 1734s
 270382 99826 629732.278   46  449 645617.000 624209.184  3.32%  75.8 1743s
 271136 100453 641295.449  103  188 645617.000 624235.292  3.31%  75.8 1753s
 272153 101055 629711.799   43  440 645617.000 624255.475  3.31%  75.9 1762s
 273202 101448 infeasible   60      645617.000 624277.688  3.31%  75.9 1772s
 274182 102251 625193.056   41  502 645617.000 624308.229  3.30%  75.9 1782s
 275248 103123 642641.459  137  180 645617.000 624322.245  3.30%  75.9 1793s
 276489 103849 635810.187   47  373 645617.000 624347.640  3.29%  75.8 1801s
 277509 104566 630288.986   47  462 645617.000 624360.477  3.29%  75.8 1811s
 278557 105441 625880.836   43  490 645617.000 624384.012  3.29%  75.8 1822s
 279743 105986 641324.985  163  106 645617.000 624390.819  3.29%  75.7 1830s
 280626 106626     cutoff   42      645617.000 624411.868  3.28%  75.7 1838s
 281578 107142 643602.468   53  422 645617.000 624440.717  3.28%  75.7 1847s
 282498 107990 626165.021   41  503 645617.000 624462.307  3.28%  75.8 1856s
 283592 108685 641920.108   78  284 645617.000 624471.693  3.28%  75.7 1867s
 284684 109475 641608.323   65  334 645617.000 624486.553  3.27%  75.7 1877s
 285803 110280 634033.978   84  253 645617.000 624511.888  3.27%  75.7 1888s
 286949 110984 626938.966   46  450 645617.000 624527.857  3.27%  75.6 1897s
 287989 111471 627656.272   34  538 645617.000 624544.181  3.26%  75.6 1906s
 288759 112217 629500.620   47  468 645617.000 624558.621  3.26%  75.6 1914s
 289761 112948 626726.314   42  468 645617.000 624570.082  3.26%  75.6 1922s
 290836 113515 640726.761   53  386 645617.000 624583.182  3.26%  75.5 1930s
 291798 114046 628503.198   40  496 645617.000 624587.023  3.26%  75.5 1938s
 292715 114487 643537.676   93  198 645617.000 624604.971  3.25%  75.5 1945s
 293382 115092 640292.941   87  211 645617.000 624611.247  3.25%  75.5 1954s
 294349 115685 633741.421   42  400 645617.000 624630.371  3.25%  75.5 1962s
 295280 116266 642619.822   96  218 645617.000 624653.521  3.25%  75.4 1972s
 296403 116736 625254.550   64   40 645617.000 624665.486  3.25%  75.4 1976s
 298622 117251 625278.862   47   95 645617.000 624674.258  3.24%  75.4 1987s
 300865 118078 624872.970   65   61 645617.000 624687.019  3.24%  75.3 1995s
 305062 118817 625882.821   50  132 645617.000 624701.844  3.24%  75.2 2002s
 308109 119708 625604.904   55   81 645617.000 624710.650  3.24%  75.0 2008s
 311329 120411 625139.051   46  114 645617.000 624730.282  3.24%  74.9 2013s
 313888 121136 625045.047   49  122 645617.000 624737.810  3.23%  74.9 2019s
 316810 121747 625781.777   57   72 645617.000 624753.294  3.23%  74.8 2024s
 319474 122401 625427.991   44  178 645617.000 624761.993  3.23%  74.7 2029s
 322168 122961 624959.537   52  115 645617.000 624771.779  3.23%  74.6 2033s
 324477 123605 625198.755   73   54 645617.000 624778.817  3.23%  74.5 2038s
 327068 124138 625067.855   49  131 645617.000 624788.118  3.23%  74.4 2043s
 329342 124672 624992.783   55  120 645617.000 624794.752  3.23%  74.3 2047s
 331585 125270 625365.149   51   52 645617.000 624803.767  3.22%  74.2 2052s
 334159 125854 625591.690   59   85 645617.000 624811.411  3.22%  74.1 2056s
 336708 126351 625004.683   58   33 645617.000 624817.977  3.22%  74.0 2060s
 338790 126886 625431.863   53   97 645617.000 624823.014  3.22%  74.0 2065s
H341226 126886                    645596.00000 624831.189  3.22%  73.9 2066s
 341226 127057 625895.352   43  530 645596.000 624831.189  3.22%  73.9 2071s
 341454 129100     cutoff   53      645596.000 624831.244  3.22%  74.0 2103s
 344653 129379 627907.903   38  497 645596.000 624889.052  3.21%  74.1 2126s
 345083 130815 640164.509   58  375 645596.000 624894.043  3.21%  74.1 2144s
 345895 130815 629268.011   45  461 645596.000 624919.038  3.20%  74.1 2145s
 347278 131557 636621.520   51  411 645596.000 624960.748  3.20%  74.1 2154s
 348418 132434 628603.264   47  438 645596.000 624972.111  3.19%  74.1 2164s
 349576 133230 630802.759   55  335 645596.000 624988.937  3.19%  74.0 2174s
 350654 133869 632395.296   55  431 645596.000 624998.506  3.19%  74.0 2183s
 351646 134508 628785.357   42  490 645596.000 625021.958  3.19%  74.0 2192s
 352714 135015 626137.315   38  486 645596.000 625034.628  3.18%  74.0 2201s
 353509 135488 627282.766   41  461 645596.000 625049.621  3.18%  74.0 2210s
 354240 136130 630057.919   45  472 645596.000 625058.976  3.18%  74.1 2219s
 354585 136130 635505.640   48  416 645596.000 625060.447  3.18%  74.0 2220s
 355323 136595     cutoff   71      645596.000 625071.559  3.18%  74.0 2228s
 356375 137283 633429.216   44  499 645596.000 625086.697  3.18%  74.0 2237s
 357455 138013 627114.874   41  490 645596.000 625105.560  3.17%  74.0 2247s
 358562 138510 629175.422   47  484 645596.000 625114.851  3.17%  74.0 2255s
 359490 139319 636478.546   76  303 645596.000 625128.452  3.17%  74.0 2266s
 360618 140027 636559.929   60  362 645596.000 625155.377  3.17%  74.0 2275s
 361622 140702 634913.041   51  396 645596.000 625163.127  3.16%  73.9 2283s
 362579 141349 626946.390   43  478 645596.000 625183.169  3.16%  73.9 2291s
 363541 142063 629222.617   47  381 645596.000 625197.331  3.16%  73.9 2301s
 364548 142879 631635.454   47  474 645596.000 625209.820  3.16%  73.9 2311s
 365647 143516 642599.526   89  184 645596.000 625217.684  3.16%  73.9 2319s
 366622 144072 640922.559   66  310 645596.000 625227.410  3.16%  73.9 2328s
 367594 144767 632101.389   50  455 645596.000 625245.531  3.15%  73.8 2337s
 368589 145422 627948.993   65  369 645596.000 625254.505  3.15%  73.8 2347s
 369536 145973 643436.751   66  345 645596.000 625264.348  3.15%  73.8 2355s
 370321 146628 629282.718   62  342 645596.000 625275.256  3.15%  73.8 2364s
 371294 147051 631511.362   38  510 645596.000 625289.389  3.15%  73.8 2377s
 372131 147719 627119.655   47  468 645596.000 625301.031  3.14%  73.8 2386s
 373190 148228 infeasible  122      645596.000 625307.014  3.14%  73.8 2395s
 374070 149027 639873.394   52  364 645596.000 625318.152  3.14%  73.8 2406s
 375221 149555 625843.370   47  429 645596.000 625328.361  3.14%  73.8 2415s
 376136 150195 626062.658   43  428 645596.000 625339.899  3.14%  73.8 2424s
 377144 150701 635496.318   96  254 645596.000 625351.190  3.14%  73.7 2433s
 377969 151304 639013.547   63  339 645596.000 625367.849  3.13%  73.7 2442s
 378893 152061 626487.460   45  461 645596.000 625378.926  3.13%  73.8 2452s
 379893 152784 628951.352   38  476 645596.000 625388.388  3.13%  73.8 2462s
 380947 153327 639148.390   89  274 645596.000 625403.671  3.13%  73.7 2472s
 381919 154054 631826.610   45  490 645596.000 625421.346  3.12%  73.7 2485s
 382954 154856 642986.260   78  243 645596.000 625433.230  3.12%  73.7 2495s
 383999 155452 632267.754   42  475 645596.000 625443.012  3.12%  73.7 2505s
 384932 155911 626844.310   53   79 645596.000 625451.806  3.12%  73.7 2510s
 387069 156560 626170.118   52   85 645596.000 625457.938  3.12%  73.7 2516s
 390194 157098 626291.801   49  110 645596.000 625468.591  3.12%  73.6 2522s
 392873 157622 625952.104   48  111 645596.000 625477.679  3.12%  73.5 2527s
 395576 158101     cutoff   56      645596.000 625485.117  3.12%  73.4 2532s
 397884 158606 625991.466   45  179 645596.000 625494.275  3.11%  73.4 2538s
 400387 159070 625901.211   46  121 645596.000 625501.003  3.11%  73.3 2543s
 402924 159514     cutoff   50      645596.000 625509.583  3.11%  73.2 2549s
 405326 160070 626024.108   63   59 645596.000 625516.181  3.11%  73.1 2555s
 409965 160907     cutoff   65      645596.000 625529.519  3.11%  73.0 2566s
 412522 161397     cutoff   55      645596.000 625536.812  3.11%  73.0 2572s
 415276 161893 625619.729   47  122 645596.000 625544.519  3.11%  72.9 2577s
 417845 162277 625855.271   54   92 645596.000 625550.341  3.10%  72.8 2582s
 420165 162805 626135.872   45  116 645596.000 625557.260  3.10%  72.7 2587s
 422861 163275 626566.066   59   48 645596.000 625564.925  3.10%  72.6 2592s
 425221 163747 626438.209   45  135 645596.000 625570.702  3.10%  72.6 2597s
 427744 164129 626349.454   56   68 645596.000 625576.562  3.10%  72.5 2601s
 430157 164542 625992.959   64   34 645596.000 625583.886  3.10%  72.5 2606s
 432690 165011 626549.205   55   69 645596.000 625590.455  3.10%  72.4 2611s
 435312 165217 634241.624   45  510 645596.000 625596.843  3.10%  72.3 2620s
 435592 166998 641745.647   56  429 645596.000 625597.734  3.10%  72.4 2649s
 438249 167898 628487.971   45  433 645596.000 625605.953  3.10%  72.4 2667s
 439535 168635 635513.665   58  378 645596.000 625638.731  3.09%  72.5 2678s
 440552 169300 640652.876   73  273 645596.000 625646.468  3.09%  72.5 2689s
 441577 170018 627402.570   44  434 645596.000 625655.963  3.09%  72.5 2699s
 442647 170812 641157.515   75  305 645596.000 625667.216  3.09%  72.5 2710s
 443752 171634 636700.451   65  350 645596.000 625673.426  3.09%  72.5 2721s
 444929 172235 642179.765  113  192 645596.000 625684.488  3.08%  72.5 2731s
 445887 172991 643109.687   91  207 645596.000 625692.370  3.08%  72.5 2744s
 446908 173814 626447.502   41  455 645596.000 625698.591  3.08%  72.5 2755s
 448064 174220 infeasible   57      645596.000 625708.300  3.08%  72.5 2764s
 448639 174802 633347.033   56  406 645596.000 625715.798  3.08%  72.5 2774s
 449640 175505 627520.461   50  485 645596.000 625725.802  3.08%  72.6 2786s
 450754 176134 639832.242   71  281 645596.000 625734.775  3.08%  72.6 2797s
 451719 176770 629817.132   47  447 645596.000 625745.641  3.07%  72.6 2812s
 452847 177414     cutoff   69      645596.000 625753.481  3.07%  72.6 2825s
 453909 178003 626378.592   46  433 645596.000 625765.568  3.07%  72.6 2839s
 454829 178809 637546.367   78  211 645596.000 625774.659  3.07%  72.6 2855s
 456055 179384 637488.354   53  413 645596.000 625782.573  3.07%  72.6 2865s
 456925 180131 626417.662   49  444 645596.000 625790.771  3.07%  72.6 2876s
 458036 180758 632162.192   68  446 645596.000 625799.681  3.07%  72.5 2887s
 459030 181522 629255.069   45  421 645596.000 625802.986  3.07%  72.6 2899s
 460070 182328 630198.405   45  484 645596.000 625808.182  3.07%  72.5 2910s
 461221 183070     cutoff   78      645596.000 625818.096  3.06%  72.5 2921s
 462245 183721 639019.295   65  339 645596.000 625825.087  3.06%  72.5 2931s
 463262 184474 642727.451   98  281 645596.000 625831.030  3.06%  72.5 2942s
 464306 185122 626344.465   47  424 645596.000 625835.507  3.06%  72.5 2952s
 465270 185509 626642.631   44  447 645596.000 625850.516  3.06%  72.5 2968s
 465845 186175 639998.719   86  241 645596.000 625856.678  3.06%  72.5 2979s
 466794 186831 629793.885   37  455 645596.000 625862.843  3.06%  72.5 2990s
 467764 187295 642932.727   66  292 645596.000 625870.874  3.06%  72.5 3000s
 468556 187984 642661.783   88  244 645596.000 625879.845  3.05%  72.5 3012s
 469560 188818 633295.281   42  435 645596.000 625889.944  3.05%  72.5 3026s
 470832 189606 627352.766   50  429 645596.000 625903.464  3.05%  72.4 3039s
 471901 190357 643716.751   74  328 645596.000 625912.991  3.05%  72.4 3052s
 473020 190890 642964.097   55  423 645596.000 625921.391  3.05%  72.4 3063s
 473867 191431 641014.597   64  400 645596.000 625931.035  3.05%  72.4 3073s
 474758 191977 644019.797   84  209 645596.000 625939.717  3.04%  72.4 3084s
 475682 192743 629868.555   49  494 645596.000 625948.324  3.04%  72.4 3098s
 476790 193446 642841.659   66  350 645596.000 625955.450  3.04%  72.4 3111s
 477903 194152 626919.153   48  527 645596.000 625963.816  3.04%  72.4 3123s
 478928 194748 630721.196   38  516 645596.000 625970.387  3.04%  72.4 3134s
 479820 195704 643303.851   89  230 645596.000 625980.846  3.04%  72.4 3148s
 481085 196371 630475.331   51  465 645596.000 625983.212  3.04%  72.3 3162s
 482163 197106 627823.930   45  440 645596.000 625996.838  3.04%  72.3 3174s
 483090 197106 626907.332   46  486 645596.000 626001.215  3.04%  72.3 3175s
 483231 197761 627001.485   49  395 645596.000 626001.696  3.04%  72.3 3186s
 484284 198654 639366.752   69  292 645596.000 626009.675  3.03%  72.3 3201s
H485524 198654                    645595.00000 626013.768  3.03%  72.3 3201s
 485524 199021 626843.753   52  120 645595.000 626013.768  3.03%  72.3 3206s
 487860 199487 627073.848   53  140 645595.000 626019.595  3.03%  72.2 3212s
 490790 199785 626948.070   54   75 645595.000 626027.400  3.03%  72.2 3218s
 492562 200381     cutoff   58      645595.000 626028.792  3.03%  72.1 3224s
 495620 201234 infeasible   54      645595.000 626036.108  3.03%  72.0 3233s
 499050 202333 626233.358   50   60 645595.000 626038.519  3.03%  71.9 3245s
 503214 202959 626039.705   57   53 645595.000 626039.416  3.03%  71.6 3251s
 505762 203583 infeasible   57      645595.000 626040.006  3.03%  71.5 3257s
 508446 204266 626041.572   51   96 645595.000 626040.326  3.03%  71.3 3263s
 510874 204897 627027.891   67   38 645595.000 626040.687  3.03%  71.2 3269s
 513393 205539 627178.191   64   24 645595.000 626040.992  3.03%  71.1 3275s
 516178 206123 626386.217   52   45 645595.000 626041.211  3.03%  70.9 3281s
 518746 206731 626043.228   57   90 645595.000 626041.406  3.03%  70.8 3287s
 521232 207776 626450.486   68   29 645595.000 626041.806  3.03%  70.7 3299s
 525365 208351 infeasible   60      645595.000 626042.213  3.03%  70.4 3306s
 527990 208397 627038.748   65   63 645595.000 626042.255  3.03%  70.3 3311s
 528202 209031 627069.466   66   59 645595.000 626042.310  3.03%  70.3 3318s
 531213 209619 626121.916   59   68 645595.000 626042.707  3.03%  70.1 3325s
 533882 210218 626896.192   67   53 645595.000 626043.153  3.03%  70.0 3332s
 536408 210591 641566.115  100  269 645595.000 626043.204  3.03%  69.8 3342s
 536991 211529     cutoff  126      645595.000 626043.277  3.03%  69.9 3367s
 538367 212419 641598.468   76  279 645595.000 626052.269  3.03%  69.9 3386s
 539855 213507 629560.018   53  449 645595.000 626067.759  3.02%  69.9 3402s
 541310 214182 643575.187   78  241 645595.000 626076.063  3.02%  69.9 3416s
 542399 214977 627369.073   39  478 645595.000 626083.743  3.02%  69.9 3431s
 543640 215661 630174.547   51  373 645595.000 626098.569  3.02%  69.9 3445s
 544710 216474 642759.838   69  398 645595.000 626111.442  3.02%  69.9 3460s
 545942 217122 627864.532   39  499 645595.000 626124.255  3.02%  69.9 3482s
 546996 217878 626786.960   45  493 645595.000 626133.044  3.01%  69.9 3497s
 548157 218622 626833.409   42  444 645595.000 626143.953  3.01%  69.9 3511s
 549225 219372 642299.534   64  312 645595.000 626148.108  3.01%  69.9 3525s
 550249 220353 627309.891   46  468 645595.000 626155.797  3.01%  69.9 3541s
 551564 221007 632502.126   47  482 645595.000 626163.485  3.01%  69.9 3553s
 552538 221877 630660.526   46  466 645595.000 626171.787  3.01%  69.9 3568s
 553663 222452 643075.691   78  286 645595.000 626179.113  3.01%  69.9 3580s
 554558 223067     cutoff   85      645595.000 626189.719  3.01%  69.9 3592s
 555549 223872     cutoff   76      645595.000 626195.390  3.00%  69.9 3605s
 556682 224546 639989.455   66  311 645595.000 626203.927  3.00%  69.9 3620s
 557806 225195 639276.955   63  355 645595.000 626210.396  3.00%  69.9 3633s
 558900 225992     cutoff   80      645595.000 626214.495  3.00%  69.9 3648s
 560126 226699 628404.611   38  511 645595.000 626219.817  3.00%  69.9 3661s
 561266 227441 627009.341   45  418 645595.000 626223.788  3.00%  69.9 3674s
 562330 228165 640994.618   76  268 645595.000 626228.755  3.00%  69.9 3694s
 563386 228886 627479.302   47  419 645595.000 626233.791  3.00%  69.9 3708s
 564515 229553 629129.103   48  448 645595.000 626240.855  3.00%  69.8 3721s
 565493 230248     cutoff   89      645595.000 626246.758  3.00%  69.9 3737s
 566591 230953 629463.273   45  440 645595.000 626253.997  3.00%  69.9 3752s
 567623 231643 626439.002   53  481 645595.000 626256.202  3.00%  69.9 3767s
 568727 232443 627096.173   49  473 645595.000 626265.097  2.99%  69.9 3784s
 569931 233339 628859.894   47  445 645595.000 626273.185  2.99%  69.9 3800s
 571101 234025 641733.616   79  260 645595.000 626278.762  2.99%  69.9 3815s
 572203 234665 632900.776   47  397 645595.000 626285.641  2.99%  69.9 3834s
 573283 235115 628505.039   46  375 645595.000 626293.858  2.99%  69.9 3850s
 574426 235748 633781.065   40  471 645595.000 626298.654  2.99%  69.9 3865s
 575415 236386 636122.290   48  446 645595.000 626305.342  2.99%  69.9 3881s
 576516 237151 628245.443   48  381 645595.000 626311.319  2.99%  69.9 3898s
 577723 237911 639540.969   78  298 645595.000 626315.748  2.99%  69.9 3913s
 578894 238598 644108.983   74  241 645595.000 626319.128  2.99%  69.9 3934s
 579915 239349 626944.505   43  504 645595.000 626328.021  2.98%  69.9 3951s
 581020 239906 628585.750   39  506 645595.000 626334.419  2.98%  69.9 3968s
 581879 240975 633200.448   64  380 645595.000 626341.322  2.98%  69.9 3989s
 583363 241889 639321.454   68  341 645595.000 626345.058  2.98%  69.9 4007s
 584710 242472 639942.976   63  273 645595.000 626353.002  2.98%  69.9 4021s
 585687 243124 626985.427   69  398 645595.000 626360.592  2.98%  69.9 4048s
 586630 244046 626645.234   62   67 645595.000 626363.081  2.98%  69.9 4061s
 591169 244286 626755.875   67   58 645595.000 626363.419  2.98%  69.7 4067s
 592732 245208 627572.070   56   21 645595.000 626363.653  2.98%  69.6 4081s
 597103 245693 627087.970   65   43 645595.000 626364.084  2.98%  69.4 4087s
 599363 246146 626969.838   67   45 645595.000 626364.206  2.98%  69.3 4094s
 601760 246549 627400.292   64   46 645595.000 626364.454  2.98%  69.2 4101s
 604274 246925 infeasible   66      645595.000 626364.745  2.98%  69.0 4109s
 606737 247340 626602.719   67   63 645595.000 626365.187  2.98%  68.9 4115s
 609046 247810 626369.845   61   57 645595.000 626365.725  2.98%  68.8 4122s
 611423 248272     cutoff   60      645595.000 626366.064  2.98%  68.7 4130s
 613900 249045 627001.083   63   42 645595.000 626366.406  2.98%  68.6 4143s
 617594 249490     cutoff   62      645595.000 626367.124  2.98%  68.4 4151s
 619971 249992     cutoff   70      645595.000 626367.332  2.98%  68.3 4160s
 622458 250402 626908.307   50   85 645595.000 626368.076  2.98%  68.2 4169s
 625231 250899 626375.429   64   49 645595.000 626368.540  2.98%  68.1 4177s
 627758 251300 626895.066   59  100 645595.000 626369.075  2.98%  68.0 4184s
 630183 251707 626371.218   59   87 645595.000 626369.410  2.98%  67.9 4191s
 632494 252093 626594.410   52  117 645595.000 626370.018  2.98%  67.8 4198s
 635041 252624 626497.606   69   46 645595.000 626370.596  2.98%  67.7 4211s
 638608 252940 629375.328   48  462 645595.000 626371.173  2.98%  67.5 4225s
 639080 254037 638658.345   85  352 645595.000 626372.926  2.98%  67.5 4253s
 641083 254998 628538.754   42  503 645595.000 626373.237  2.98%  67.6 4274s
 642513 255787 627348.069   47  490 645595.000 626393.265  2.97%  67.6 4293s
 643786 256569 629857.753   46  395 645595.000 626401.430  2.97%  67.6 4312s
 644927 257506 628619.704   39  504 645595.000 626407.392  2.97%  67.6 4331s
 646309 258413 infeasible   45      645595.000 626417.332  2.97%  67.6 4350s
 647634 259237 635852.215   43  523 645595.000 626428.428  2.97%  67.6 4371s
 648816 259872 637138.060   60  319 645595.000 626435.207  2.97%  67.6 4387s
 649932 260487     cutoff   49      645595.000 626442.626  2.97%  67.6 4403s
 650993 261310 635500.595   46  382 645595.000 626448.039  2.97%  67.6 4423s
 652113 262101 628406.581   47  475 645595.000 626452.704  2.97%  67.6 4442s
 653457 263093 627102.022   51  428 645595.000 626456.231  2.96%  67.6 4461s
 654819 263995 627576.552   43  483 645595.000 626461.864  2.96%  67.6 4478s
 656104 264683 642243.872   47  457 645595.000 626467.570  2.96%  67.6 4494s
 657085 265327 642986.404   51  486 645595.000 626471.296  2.96%  67.6 4528s
 658046 265907 630429.510   53  426 645595.000 626476.280  2.96%  67.6 4543s
 658872 266572 639777.313   59  314 645595.000 626480.211  2.96%  67.6 4559s
 659936 267528 641697.075   68  324 645595.000 626481.899  2.96%  67.6 4579s
 661235 268409 638032.596  102  222 645595.000 626485.530  2.96%  67.6 4599s
 662011 268409 643379.758   68  317 645595.000 626487.783  2.96%  67.6 4600s
 662479 269210 643258.384   89  219 645595.000 626490.610  2.96%  67.6 4621s
 663731 270001     cutoff   80      645595.000 626499.548  2.96%  67.6 4639s
 664841 270847 628893.188   42  428 645595.000 626503.901  2.96%  67.6 4658s
 666029 271510 640970.860   67  295 645595.000 626509.677  2.96%  67.6 4675s
 666973 272192 630456.400   45  469 645595.000 626512.638  2.96%  67.6 4694s
 668124 273060 640086.310  100  217 645595.000 626519.273  2.95%  67.6 4716s
 669386 273876 641699.665   67  269 645595.000 626523.201  2.95%  67.6 4737s
 670782 274608 638448.617   49  464 645595.000 626523.296  2.95%  67.6 4757s
 671897 275386 628992.329   39  504 645595.000 626530.965  2.95%  67.6 4775s
 672952 276309 629432.400   56  428 645595.000 626534.255  2.95%  67.6 4796s
 674199 277027     cutoff   71      645595.000 626537.614  2.95%  67.6 4815s
 675280 277788 627343.380   49  409 645595.000 626542.817  2.95%  67.6 4835s
 676400 277796 628117.790   49  456 645595.000 626542.817  2.95%  67.6 4928s
 676408 278366 630190.477   50  442 645595.000 626542.820  2.95%  67.6 4943s
 677254 279229 infeasible   52      645595.000 626545.198  2.95%  67.7 4965s
 678505 279717 640609.418   93  225 645595.000 626551.682  2.95%  67.7 4981s
 679220 280239 629609.014   49  520 645595.000 626552.958  2.95%  67.7 5045s
 679988 281081 631946.174   50  496 645595.000 626556.349  2.95%  67.7 5068s
 681258 282196 628345.137   50  399 645595.000 626562.971  2.95%  67.7 5094s
 682827 283278 627477.257   44  519 645595.000 626565.100  2.95%  67.7 5120s
 684289 284234 638211.519   71  264 645595.000 626573.740  2.95%  67.7 5143s
 685654 285168 infeasible  106      645595.000 626576.705  2.95%  67.7 5168s
 686948 286114 631090.010   47  389 645595.000 626580.419  2.95%  67.7 5191s
 688326 286880 633447.669   39  508 645595.000 626586.160  2.94%  67.7 5217s
 689498 287281 627326.078   46  151 645595.000 626591.467  2.94%  67.7 5230s
 692776 287694 626873.345   59   69 645595.000 626592.346  2.94%  67.6 5239s
 693416 287694     cutoff   64      645595.000 626592.468  2.94%  67.6 5240s
 695446 288061 626598.702   62   44 645595.000 626593.322  2.94%  67.5 5249s
 698042 288066 626889.318   50  112 645595.000 626594.043  2.94%  67.4 5262s
 698147 288194 626889.787   51  111 645595.000 626594.108  2.94%  67.4 5268s
 699469 288546 627531.729   56   65 645595.000 626595.185  2.94%  67.3 5278s
 702250 288931 627013.382   63   70 645595.000 626596.341  2.94%  67.2 5288s
 705202 289342     cutoff   65      645595.000 626598.083  2.94%  67.1 5298s
 707949 289765 627476.992   70   27 645595.000 626598.767  2.94%  67.0 5312s
 711290 290145 infeasible   61      645595.000 626600.019  2.94%  66.9 5323s
 713867 290426 626850.709   69   63 645595.000 626601.015  2.94%  66.8 5333s
 716304 290767 626606.803   57   59 645595.000 626601.753  2.94%  66.7 5343s
 718905 291046 626602.381   60   64 645595.000 626602.381  2.94%  66.6 5353s
 721456 291398 626897.812   64   53 645595.000 626602.812  2.94%  66.5 5364s
 724274 291658     cutoff   63      645595.000 626603.967  2.94%  66.4 5373s
 726793 291906 627368.057   66   55 645595.000 626605.271  2.94%  66.3 5382s
 729099 292284 626895.040   57   59 645595.000 626606.715  2.94%  66.3 5393s
 731948 292570 627025.136   67   56 645595.000 626608.381  2.94%  66.2 5404s
 734747 292836 626620.505   59   56 645595.000 626610.153  2.94%  66.1 5413s
 736956 293160 626913.749   64   42 645595.000 626611.894  2.94%  66.0 5423s
 739536 293611 629606.919   58  448 645595.000 626613.463  2.94%  65.9 5437s
 740103 295192 635636.437   80  354 645595.000 626613.796  2.94%  66.0 5477s
 742391 296013     cutoff   84      645595.000 626620.644  2.94%  66.0 5503s
 743648 296980 628535.815   49  379 645595.000 626628.561  2.94%  66.0 5526s
 744960 297869     cutoff   70      645595.000 626634.180  2.94%  66.0 5549s
 746298 298479 629005.650   43  456 645595.000 626638.094  2.94%  66.0 5567s
 747219 298994 630747.611   50  442 645595.000 626642.444  2.94%  66.0 5585s
 747936 299861 631454.608   43  504 645595.000 626645.990  2.94%  66.0 5609s
 749210 300571 627762.531   45  393 645595.000 626649.242  2.93%  66.0 5629s
 749943 300571 627780.705   46  478 645595.000 626650.273  2.93%  66.1 5630s
 750219 301325 638675.438   65  308 645595.000 626652.130  2.93%  66.1 5654s
 751341 302214 642497.474  108  144 645595.000 626657.444  2.93%  66.1 5680s
 752681 303200 638294.450   91  195 645595.000 626660.230  2.93%  66.1 5706s
 753978 303999 628125.037   45  423 645595.000 626665.065  2.93%  66.1 5730s
 755186 304752 628587.017   52  458 645595.000 626668.939  2.93%  66.1 5753s
 756468 305563 628449.489   51  421 645595.000 626674.648  2.93%  66.1 5777s
 757636 306413 629279.007   48  438 645595.000 626680.905  2.93%  66.1 5803s
 758960 307384 628418.892   50  471 645595.000 626688.406  2.93%  66.1 5830s
 760322 308244 628637.104   57  412 645595.000 626692.968  2.93%  66.1 5857s
 761654 309045 635920.913   76  276 645595.000 626693.762  2.93%  66.1 5883s
 762984 309899 627312.835   40  507 645595.000 626700.243  2.93%  66.1 5907s
 764107 310656 638048.062   83  286 645595.000 626702.059  2.93%  66.1 5930s
 765466 311318 641658.428   82  234 645595.000 626706.143  2.93%  66.1 5952s
 766489 312055 629455.699   64  332 645595.000 626709.655  2.93%  66.1 5974s
 767629 312806 643821.191   92  183 645595.000 626712.191  2.92%  66.1 5997s
 768764 313639 633935.994   60  317 645595.000 626716.060  2.92%  66.1 6025s
 769944 314544 627948.166   57  454 645595.000 626718.686  2.92%  66.1 6050s
 771160 315319 631656.538   37  500 645595.000 626721.607  2.92%  66.1 6076s
 772314 316416 639102.189   62  311 645595.000 626729.146  2.92%  66.1 6106s
 773962 316963 637831.838   76  277 645595.000 626732.429  2.92%  66.1 6127s
 774953 317884 infeasible   59      645595.000 626737.123  2.92%  66.1 6151s
 776139 318632 640811.137   71  321 645595.000 626738.800  2.92%  66.1 6176s
 777368 319649 628237.269   48  435 645595.000 626741.695  2.92%  66.1 6202s
 778840 320509 641554.130   82  259 645595.000 626745.513  2.92%  66.1 6226s
 780098 321255 628268.299   42  514 645595.000 626747.952  2.92%  66.1 6251s
 781318 321684 627574.578   48  406 645595.000 626752.519  2.92%  66.1 6270s
 782054 322560 626862.381   46  519 645595.000 626753.174  2.92%  66.1 6295s
 783229 323303 636905.776   89  254 645595.000 626755.058  2.92%  66.1 6320s
 784323 323988 630565.292   41  506 645595.000 626759.293  2.92%  66.1 6342s
 785347 324776 infeasible  113      645595.000 626763.545  2.92%  66.1 6367s
 786493 325605 632923.886   41  493 645595.000 626768.000  2.92%  66.1 6392s
 787662 326541 641247.705   92  159 645595.000 626769.204  2.92%  66.1 6424s
 789046 327196 638543.259   74  316 645595.000 626773.530  2.92%  66.1 6446s
 790087 327401     cutoff   52      645595.000 626778.660  2.91%  66.1 6457s
 792576 327700 626801.399   64   63 645595.000 626779.218  2.91%  66.1 6470s
 795506 328070 627374.791   60   69 645595.000 626783.278  2.91%  66.0 6482s
 798350 328293 627098.907   51  115 645595.000 626785.095  2.91%  65.9 6492s
 800780 328592 628002.776   64   54 645595.000 626787.057  2.91%  65.8 6505s
 803773 328876 626950.065   60   73 645595.000 626789.206  2.91%  65.7 6515s
 806227 329115 627177.807   52  114 645595.000 626791.042  2.91%  65.7 6525s
 808571 329310 infeasible   70      645595.000 626793.388  2.91%  65.6 6535s
 810704 329591 627004.572   60   31 645595.000 626795.685  2.91%  65.5 6545s
 813194 329780 627693.458   69   30 645595.000 626798.078  2.91%  65.5 6555s
 815387 330039 627768.486   61   59 645595.000 626800.177  2.91%  65.4 6564s
 817612 330196 627696.850   45  117 645595.000 626802.751  2.91%  65.4 6573s
 819643 330533     cutoff   56      645595.000 626805.007  2.91%  65.3 6583s
 822208 330844 626918.130   72   37 645595.000 626807.350  2.91%  65.3 6593s
 824664 331097 627842.289   48   42 645595.000 626809.602  2.91%  65.2 6603s
 827059 331408 627643.236   56   67 645595.000 626812.285  2.91%  65.2 6613s
 829562 331741 627347.818   56   84 645595.000 626815.040  2.91%  65.1 6624s
 832066 331994 627878.544   59   81 645595.000 626817.228  2.91%  65.1 6633s
 834139 332269 627870.050   75   59 645595.000 626819.771  2.91%  65.1 6643s
 836526 332540 627443.349   51  103 645595.000 626821.508  2.91%  65.0 6652s
 838897 332797 627187.572   50  144 645595.000 626823.415  2.91%  65.0 6661s
 841161 333108 627987.664   51  493 645595.000 626826.655  2.91%  64.9 6676s
 841667 334735 641295.395   85  361 645595.000 626827.572  2.91%  65.0 6723s
 844052 335877 644063.696   68  390 645595.000 626832.280  2.91%  65.0 6759s
 845732 336861 637482.307   73  257 645595.000 626842.236  2.90%  65.0 6790s
 847227 337843 638956.271   88  240 645595.000 626843.887  2.90%  65.0 6821s
 848685 338652 628024.001   45  438 645595.000 626847.421  2.90%  65.0 6848s
 849896 339559 640309.778   42  512 645595.000 626850.446  2.90%  65.1 6879s
 850413 339559 630571.815   53  428 645595.000 626851.281  2.90%  65.1 6880s
 851258 340424 632915.168   41  484 645595.000 626852.745  2.90%  65.1 6912s
 852424 341469 641884.874   84  234 645595.000 626854.082  2.90%  65.1 6942s
 853900 342498 628332.335   48  463 645595.000 626856.485  2.90%  65.1 6974s
 855403 343087 637014.457   82  297 645595.000 626856.485  2.90%  65.1 6993s
 856187 343963 642350.202  105  276 645595.000 626859.632  2.90%  65.1 7020s
 857436 344793 640627.799   68  290 645595.000 626861.921  2.90%  65.1 7045s
 858604 345623 637545.728   38  495 645595.000 626866.333  2.90%  65.1 7074s
 859951 346415 629771.579   40  510 645595.000 626869.390  2.90%  65.1 7099s
 861085 347214 627311.015   59  451 645595.000 626873.470  2.90%  65.1 7126s
 862213 348105 627563.070   62  428 645595.000 626878.050  2.90%  65.1 7152s
 863469 348993 627877.387   59  413 645595.000 626883.582  2.90%  65.1 7185s
 864670 349842 632303.528   44  436 645595.000 626884.177  2.90%  65.1 7213s
 865852 350755 634375.984   50  453 645595.000 626888.895  2.90%  65.1 7243s
 867267 351633 631010.635   52  474 645595.000 626892.577  2.90%  65.1 7270s
 868433 352581 637235.142   53  411 645595.000 626894.674  2.90%  65.1 7301s
 870041 353269 633189.845   51  382 645595.000 626896.026  2.90%  65.1 7325s
 871096 354096 635817.961   57  347 645595.000 626900.409  2.90%  65.1 7352s
 872276 354920 641858.333   66  340 645595.000 626904.115  2.90%  65.1 7378s
 873407 355519 640885.820   89  216 645595.000 626906.995  2.89%  65.1 7424s
 874304 356040 639136.909   73  355 645595.000 626910.008  2.89%  65.1 7451s
 875121 356866 644154.450   75  222 645595.000 626913.099  2.89%  65.1 7482s
 876543 357664 643660.198   70  315 645595.000 626916.618  2.89%  65.1 7510s
 877694 358571 627904.389   45  444 645595.000 626922.637  2.89%  65.1 7541s
 879016 359450 627604.669   48  400 645595.000 626927.533  2.89%  65.1 7570s
 880252 360321 627772.142   54  456 645595.000 626929.640  2.89%  65.1 7603s
 881600 361178     cutoff   82      645595.000 626930.302  2.89%  65.1 7638s
 882874 362072 633523.075   73  309 645595.000 626938.186  2.89%  65.1 7673s
 884233 362961 643137.008   94  245 645595.000 626941.709  2.89%  65.1 7707s
 885431 363885 644288.904  102  141 645595.000 626942.703  2.89%  65.1 7737s
 886719 364532 643911.164   80  263 645595.000 626946.989  2.89%  65.1 7767s
 887650 365590 638491.765   66  410 645595.000 626948.929  2.89%  65.2 7802s
 889142 366321 infeasible  102      645595.000 626949.462  2.89%  65.2 7830s
 890208 367224 635092.502   64  396 645595.000 626956.163  2.89%  65.2 7862s
 891502 367384 627098.969   45  115 645595.000 626961.136  2.89%  65.2 7872s
 893371 367717 628037.582   63   55 645595.000 626961.777  2.89%  65.2 7884s
 895807 368024 627279.107   47   99 645595.000 626965.029  2.89%  65.1 7895s
 898268 368349     cutoff   62      645595.000 626967.938  2.89%  65.1 7906s
 900352 368630     cutoff   54      645595.000 626969.911  2.88%  65.1 7918s
 902943 368804 627475.771   45  134 645595.000 626972.645  2.88%  65.0 7927s
 904904 369050 627515.912   52  104 645595.000 626974.313  2.88%  65.0 7937s
 907130 369325 627974.856   53  111 645595.000 626977.005  2.88%  65.0 7949s
 909520 369568     cutoff   70      645595.000 626979.570  2.88%  65.0 7960s
 911944 369832 627619.099   65   88 645595.000 626982.180  2.88%  64.9 7972s
 914520 370060 627996.522   59   33 645595.000 626984.456  2.88%  64.9 7984s
 916737 370250 627749.127   60   70 645595.000 626987.181  2.88%  64.9 7995s
 919279 370593 627218.288   47  109 645595.000 626989.691  2.88%  64.8 8006s
 921817 370817 627863.742   62   57 645595.000 626992.386  2.88%  64.8 8018s
 924258 371107 627615.875   52   45 645595.000 626994.617  2.88%  64.7 8029s
 926751 371385 627649.288   52  106 645595.000 626997.661  2.88%  64.7 8039s
 928577 371385 627885.178   62   44 645595.000 626998.359  2.88%  64.7 8040s
 929070 371620 627775.691   65   64 645595.000 626999.906  2.88%  64.7 8050s
 931423 371924     cutoff   59      645595.000 627002.464  2.88%  64.6 8062s
 934047 372112 627236.740   51  101 645595.000 627005.386  2.88%  64.6 8073s
 936541 372305 627511.775   60   77 645595.000 627006.645  2.88%  64.6 8082s
 938326 372542 627397.397   69   66 645595.000 627010.005  2.88%  64.5 8096s
 941280 372722 627457.913   66   67 645595.000 627012.895  2.88%  64.5 8108s
 943978 373013 641316.824   58  448 645595.000 627015.762  2.88%  64.5 8123s
 944407 374956 infeasible   77      645595.000 627015.985  2.88%  64.5 8196s
 947279 376161 628182.743   52  466 645595.000 627019.433  2.88%  64.6 8242s
 949257 377223 628145.054   47  466 645595.000 627019.433  2.88%  64.6 8284s
 950788 378186 627326.541   59  431 645595.000 627030.734  2.88%  64.6 8320s
 952240 379044 627537.514   50  434 645595.000 627036.788  2.87%  64.6 8351s
 953534 379900 643151.601   86  288 645595.000 627040.034  2.87%  64.6 8380s
 954708 380557 638223.911   62  391 645595.000 627042.391  2.87%  64.6 8429s
 955640 381003 642349.648  103  171 645595.000 627043.671  2.87%  64.6 8476s
 956574 381810 641649.045   49  411 645595.000 627045.876  2.87%  64.6 8516s
 957978 382864 630046.362   43  490 645595.000 627049.464  2.87%  64.6 8559s
 958687 382864 633949.550   52  398 645595.000 627049.864  2.87%  64.6 8560s
 959436 383876 634826.917   80  245 645595.000 627052.170  2.87%  64.6 8605s
 960947 384762 641338.538   76  250 645595.000 627055.887  2.87%  64.6 8644s
 961734 384762 636688.300   83  239 645595.000 627057.236  2.87%  64.6 8645s
 962255 385681 640764.848   88  222 645595.000 627059.779  2.87%  64.6 8684s
 962733 385681 632582.290   65  339 645595.000 627060.576  2.87%  64.6 8685s
 963579 386569 640601.170  106  232 645595.000 627063.035  2.87%  64.6 8733s
 964778 387493 638889.274   80  309 645595.000 627064.529  2.87%  64.6 8779s
 966125 388590 638921.480   60  328 645595.000 627065.217  2.87%  64.6 8829s
 967644 389255 633981.874   70  404 645595.000 627065.439  2.87%  64.6 8865s
 968604 390077 627402.719   66  383 645595.000 627068.397  2.87%  64.6 8919s
 969833 390077 629107.497   55  418 645595.000 627070.972  2.87%  64.6 8920s
 970018 390894     cutoff   62      645595.000 627072.007  2.87%  64.6 8961s
 971157 391925 638420.319   83  246 645595.000 627073.347  2.87%  64.7 9009s
 972602 392605     cutoff  120      645595.000 627075.302  2.87%  64.7 9049s
 973741 393320 642515.276   54  441 645595.000 627079.091  2.87%  64.7 9090s
 974919 394173 636056.491   67  391 645595.000 627081.689  2.87%  64.7 9137s
 976230 395047 643798.608   78  331 645595.000 627083.326  2.87%  64.7 9183s
 977514 395815 644420.795   80  205 645595.000 627087.491  2.87%  64.7 9224s
 978740 396835 643759.492   75  258 645595.000 627089.133  2.87%  64.7 9277s
 980209 397768 627969.042   64  431 645595.000 627090.305  2.87%  64.7 9320s
 981519 398715 627646.631   43  470 645595.000 627091.435  2.87%  64.7 9368s
 982901 399661 630991.253   55  404 645595.000 627093.449  2.87%  64.7 9416s
 984195 400788 637652.809   85  229 645595.000 627093.449  2.87%  64.7 9470s
 985729 401796     cutoff   97      645595.000 627093.449  2.87%  64.7 9521s
 987167 402802 641130.819   50  387 645595.000 627093.449  2.87%  64.7 9571s
 988539 403558 629625.915   40  447 645595.000 627100.759  2.86%  64.7 9614s
 988664 403558 630801.243   67  398 645595.000 627100.880  2.86%  64.7 9615s
 989617 404304 638324.236   84  266 645595.000 627102.621  2.86%  64.7 9663s
 990835 405166 643223.345   66  337 645595.000 627105.141  2.86%  64.7 9705s
 992002 406072     cutoff   93      645595.000 627106.138  2.86%  64.7 9759s
 993279 407037 641905.566   97  225 645595.000 627106.138  2.86%  64.8 9812s
H994804 407037                    645591.00000 627106.138  2.86%  64.7 9814s
 994804 407156     cutoff   45      645591.000 627106.138  2.86%  64.8 9825s
 996510 407457 627338.088   49  127 645591.000 627107.633  2.86%  64.7 9844s
 999619 407786 627855.600   56   53 645591.000 627112.029  2.86%  64.7 9862s
 1002476 408023     cutoff   64      645591.000 627115.409  2.86%  64.7 9880s
 1005153 408212 627585.902   46  146 645591.000 627118.792  2.86%  64.6 9897s
 1007704 408469 628224.195   65   68 645591.000 627121.623  2.86%  64.6 9913s
 1010246 408600     cutoff   66      645591.000 627124.423  2.86%  64.5 9927s
 1012321 408763     cutoff   55      645591.000 627126.223  2.86%  64.5 9943s
 1014577 408979 627336.369   60   71 645591.000 627129.423  2.86%  64.5 9961s
 1017419 409200 628001.697   56   99 645591.000 627132.614  2.86%  64.5 9978s
 1019946 409364 627467.707   52   96 645591.000 627135.876  2.86%  64.4 9993s
 1022308 409576 627860.759   60   86 645591.000 627138.623  2.86%  64.4 10007s
 1024433 409774 627340.473   60   34 645591.000 627141.375  2.86%  64.4 10023s
 1027112 409987 628155.080   63   63 645591.000 627144.673  2.86%  64.4 10040s
 1029689 410191 627624.908   71   60 645591.000 627148.006  2.86%  64.3 10056s
 1032239 410365 627874.621   70   19 645591.000 627150.623  2.86%  64.3 10069s
 1034405 410609 627830.763   53   84 645591.000 627153.488  2.86%  64.3 10083s
 1036629 410818 627583.586   53  141 645591.000 627155.635  2.86%  64.3 10099s
 1038993 410818 627366.160   55  118 645591.000 627158.126  2.86%  64.2 10100s
 1039141 411021     cutoff   60      645591.000 627158.252  2.86%  64.2 10114s
 1040347 411021 627729.906   68   49 645591.000 627158.565  2.86%  64.2 10115s
 1041595 411254     cutoff   68      645591.000 627160.933  2.85%  64.2 10129s
 1044123 411464 infeasible   68      645591.000 627163.692  2.85%  64.2 10146s
 1046464 411854 629562.523   62  451 645591.000 627166.146  2.85%  64.1 10170s
 1047124 413033 642282.356   93  346 645591.000 627166.146  2.85%  64.2 10242s
 1048918 413943 639246.275   85  249 645591.000 627173.384  2.85%  64.2 10335s
 1050108 414959 634473.253   81  273 645591.000 627177.561  2.85%  64.2 10380s
 1051639 415781 631850.728   62  341 645591.000 627181.018  2.85%  64.2 10416s
 1052760 416476 640725.871   88  260 645591.000 627182.119  2.85%  64.2 10452s
 1053699 417393 627208.947   59  447 645591.000 627182.958  2.85%  64.2 10496s
 1055026 418366 627678.685   63  377 645591.000 627183.426  2.85%  64.2 10536s
 1056375 419321 633826.260   41  496 645591.000 627186.063  2.85%  64.2 10576s
 1057749 420321 642586.785   57  372 645591.000 627186.063  2.85%  64.2 10622s
 1059308 421211 635554.131   81  269 645591.000 627186.063  2.85%  64.2 10662s
 1060595 422130 627619.614   62  382 645591.000 627186.063  2.85%  64.2 10704s
 1061902 423178 627198.521   57  425 645591.000 627188.032  2.85%  64.3 10747s
 1063340 424255 640248.511   56  416 645591.000 627192.654  2.85%  64.3 10794s
 1064913 424266 634773.537   40  465 645591.000 627194.086  2.85%  64.2 10800s

Cutting planes:
  Learned: 10
  Gomory: 7
  Implied bound: 33
  MIR: 34
  Flow cover: 2
  RLT: 8
  Relax-and-lift: 55

Explored 1064932 nodes (68425905 simplex iterations) in 10813.23 seconds (5634.57 work units)
Thread count was 16 (of 16 available processors)

Solution count 10: 645591 645595 645596 ... 645728

Time limit reached
Best objective 6.455910000000e+05, best bound 6.271940861704e+05, gap 2.8496%
Warning: variable name "y[job:0, stage:0, machine:1]" has a space
Warning: constraint name "precedence between 3,0 to 0,0 if x_[j,l,h,z,i]=1" has a space
Warning: to let Gurobi read it back, use rlp format
Warning: variable name "y[job:0, stage:0, machine:1]" has a space
Warning: constraint name "precedence between 3,0 to 0,0 if x_[j,l,h,z,i]=1" has a space
Warning: default variable names used to write mps file
Warning: default constraint names used to write mps file
Warning: variable name "y[job:0, stage:0, machine:1]" has a space
Warning: default variable names used to write solution file
