
Gurobi 10.0.1 (win64) logging started Sat Aug 26 13:35:57 2023

Set parameter LogFile to value "results//log/BA_08_makespan.log"
Gurobi Optimizer version 10.0.1 build v10.0.1rc0 (win64)

CPU model: AMD Ryzen 7 3700X 8-Core Processor, instruction set [SSE2|AVX|AVX2]
Thread count: 8 physical cores, 16 logical processors, using up to 16 threads

Optimize a model with 166 rows, 118 columns and 633 nonzeros
Model fingerprint: 0x75e3d3a0
Variable types: 18 continuous, 100 integer (99 binary)
Coefficient statistics:
  Matrix range     [1e+00, 1e+06]
  Objective range  [1e+00, 1e+00]
  Bounds range     [1e+00, 1e+00]
  RHS range        [1e+00, 3e+06]
Found heuristic solution: objective 138.0000000
Presolve removed 31 rows and 49 columns
Presolve time: 0.00s
Presolved: 135 rows, 69 columns, 582 nonzeros
Variable types: 18 continuous, 51 integer (50 binary)
Found heuristic solution: objective 137.0000000

Root relaxation: objective 2.800000e+01, 25 iterations, 0.00 seconds (0.00 work units)

    Nodes    |    Current Node    |     Objective Bounds      |     Work
 Expl Unexpl |  Obj  Depth IntInf | Incumbent    BestBd   Gap | It/Node Time

     0     0   28.00000    0    6  137.00000   28.00000  79.6%     -    0s
H    0     0                      85.0000000   28.00000  67.1%     -    0s
H    0     0                      78.0000000   28.00000  64.1%     -    0s
H    0     0                      72.0000000   28.00000  61.1%     -    0s
H    0     0                      58.0000000   28.00000  51.7%     -    0s
     0     0   28.00000    0    3   58.00000   28.00000  51.7%     -    0s
     0     0   29.32955    0   11   58.00000   29.32955  49.4%     -    0s
     0     0   31.17647    0    9   58.00000   31.17647  46.2%     -    0s
H    0     0                      57.0000000   31.17647  45.3%     -    0s
     0     0   31.17647    0   11   57.00000   31.17647  45.3%     -    0s
     0     0   31.17647    0   12   57.00000   31.17647  45.3%     -    0s
     0     0   31.17647    0   14   57.00000   31.17647  45.3%     -    0s
     0     0   31.48276    0   14   57.00000   31.48276  44.8%     -    0s
     0     0   31.48276    0    9   57.00000   31.48276  44.8%     -    0s
     0     0   31.48276    0    8   57.00000   31.48276  44.8%     -    0s
H    0     0                      56.0000000   31.48276  43.8%     -    0s
     0     0   32.00000    0    4   56.00000   32.00000  42.9%     -    0s
     0     0   32.00000    0    6   56.00000   32.00000  42.9%     -    0s
H    0     0                      55.0000000   32.00000  41.8%     -    0s
     0     0   32.00000    0   11   55.00000   32.00000  41.8%     -    0s
     0     0   32.00000    0   13   55.00000   32.00000  41.8%     -    0s
     0     0   32.00000    0   13   55.00000   32.00000  41.8%     -    0s
     0     0   32.00000    0   12   55.00000   32.00000  41.8%     -    0s
     0     0   32.00000    0   13   55.00000   32.00000  41.8%     -    0s
     0     0   32.00000    0   12   55.00000   32.00000  41.8%     -    0s
     0     0   33.00000    0   13   55.00000   33.00000  40.0%     -    0s
     0     0   33.00000    0   13   55.00000   33.00000  40.0%     -    0s
     0     0   33.36207    0   12   55.00000   33.36207  39.3%     -    0s
     0     0   34.00000    0   11   55.00000   34.00000  38.2%     -    0s
     0     0   34.12121    0   11   55.00000   34.12121  38.0%     -    0s
     0     0   34.12121    0   12   55.00000   34.12121  38.0%     -    0s
     0     0   34.12121    0   11   55.00000   34.12121  38.0%     -    0s
     0     0   34.12121    0    9   55.00000   34.12121  38.0%     -    0s
     0     0   34.12121    0    9   55.00000   34.12121  38.0%     -    0s
     0     1   34.12121    0    9   55.00000   34.12121  38.0%     -    0s
 551725     4   50.00000 138204    1   55.00000   50.00000  9.09%   0.0    5s
 950432     4   50.00000 238399    1   55.00000   50.00000  9.09%   0.0   10s
 1267601     4   50.00000 317864    1   55.00000   50.00000  9.09%   0.0   15s
 1534327     4   50.00000 384891    1   55.00000   50.00000  9.09%   0.0   20s
 1777559     4   50.00000 445699    1   55.00000   50.00000  9.09%   0.0   25s
 1993151     4   50.00000 499597    1   55.00000   50.00000  9.09%   0.0   30s
 2198378     4   50.00000 551422    1   55.00000   50.00000  9.09%   0.0   35s
 2391858     4   50.00000 599792    1   55.00000   50.00000  9.09%   0.0   40s
 2573591     4   50.00000 645398    1   55.00000   50.00000  9.09%   0.0   45s
 2744268     4   50.00000 688240    1   55.00000   50.00000  9.09%   0.0   50s
 2904580     4   50.00000 728318    1   55.00000   50.00000  9.09%   0.0   55s
 3059364     4   50.00000 767014    1   55.00000   50.00000  9.09%   0.0   60s
 3207929     4   50.00000 804328    1   55.00000   50.00000  9.09%   0.0   65s
 3351657     4   50.00000 840260    1   55.00000   50.00000  9.09%   0.0   70s
 3494003     4   50.00000 876192    1   55.00000   50.00000  9.09%   0.0   75s
 3632203     4   50.00000 910742    1   55.00000   50.00000  9.09%   0.0   80s
 3761420     4   50.00000 943219    1   55.00000   50.00000  9.09%   0.0   85s
 3888564     4   50.00000 975005    1   55.00000   50.00000  9.09%   0.0   90s
 4010180     4   50.00000 1005409    1   55.00000   50.00000  9.09%   0.0   95s
 4131796     4   50.00000 1035813    1   55.00000   50.00000  9.09%   0.0  100s
 4247884     4   50.00000 1064835    1   55.00000   50.00000  9.09%   0.0  105s
 4363972     4   50.00000 1093857    1   55.00000   50.00000  9.09%   0.0  110s
 4472459     4   50.00000 1120806    1   55.00000   50.00000  9.09%   0.0  115s
 4579564     4   50.00000 1147755    1   55.00000   50.00000  9.09%   0.0  120s
 4684596     4   50.00000 1174013    1   55.00000   50.00000  9.09%   0.0  125s
 4789628     4   50.00000 1200271    1   55.00000   50.00000  9.09%   0.0  130s
 4891896     4   50.00000 1225838    1   55.00000   50.00000  9.09%   0.0  135s
 4991400     4   50.00000 1250714    1   55.00000   50.00000  9.09%   0.0  140s
 5090904     4   50.00000 1275590    1   55.00000   50.00000  9.09%   0.0  145s
 5187644     4   50.00000 1299775    1   55.00000   50.00000  9.09%   0.0  150s
 5289912     4   50.00000 1325342    1   55.00000   50.00000  9.09%   0.0  155s
 5381124     4   50.00000 1348145    1   55.00000   50.00000  9.09%   0.0  160s
 5474409     4   50.00000 1371639    1   55.00000   50.00000  9.09%   0.0  165s
 5568385     4   50.00000 1395133    1   55.00000   50.00000  9.09%   0.0  170s
 5658906     4   53.00000 1417932    2   55.00000   50.00000  9.09%   0.0  175s
 5750118     4   53.00000 1440735    2   55.00000   50.00000  9.09%   0.0  180s
 5838566     4   53.00000 1462847    2   55.00000   50.00000  9.09%   0.0  185s
 5929778     4   53.00000 1485650    2   55.00000   50.00000  9.09%   0.0  190s
 6013389     4   50.00000 1506384    1   55.00000   50.00000  9.09%   0.0  195s
 6100455     4   53.00000 1526423    1   55.00000   50.00000  9.09%   0.0  200s
 6184066     4   50.00000 1549226    1   55.00000   50.00000  9.09%   0.0  205s
 6265604     4   50.00000 1569265    1   55.00000   50.00000  9.09%   0.0  210s
 6351288     4   50.00000 1590686    1   55.00000   50.00000  9.09%   0.0  215s
 6434208     4   50.00000 1611416    1   55.00000   50.00000  9.09%   0.0  220s
 6517128     4   50.00000 1632146    1   55.00000   50.00000  9.09%   0.0  225s
 6597284     4   50.00000 1652185    1   55.00000   50.00000  9.09%   0.0  230s
 6677440     4   50.00000 1672224    1   55.00000   50.00000  9.09%   0.0  235s
 6754832     4   50.00000 1691572    1   55.00000   50.00000  9.09%   0.0  240s
 6834988     4   50.00000 1711611    1   55.00000   50.00000  9.09%   0.0  245s
 6909616     4   50.00000 1730268    1   55.00000   50.00000  9.09%   0.0  250s
 6987008     4   50.00000 1749616    1   55.00000   50.00000  9.09%   0.0  255s
 7061636     4   50.00000 1768273    1   55.00000   50.00000  9.09%   0.0  260s
 7136264     4   50.00000 1786930    1   55.00000   50.00000  9.09%   0.0  265s
 7209510     4   50.00000 1804896    1   55.00000   50.00000  9.09%   0.0  270s
 7281374     4   50.00000 1822862    1   55.00000   50.00000  9.09%   0.0  275s
 7356002     4   50.00000 1841519    1   55.00000   50.00000  9.09%   0.0  280s
 7427866     4   50.00000 1859485    1   55.00000   50.00000  9.09%   0.0  285s
 7499730     4   50.00000 1877451    1   55.00000   50.00000  9.09%   0.0  290s
 7571594     4   50.00000 1895417    1   55.00000   50.00000  9.09%   0.0  295s
 7643458     4   50.00000 1913383    1   55.00000   50.00000  9.09%   0.0  300s
 7712558     4   50.00000 1930658    1   55.00000   50.00000  9.09%   0.0  305s
 7781658     4   50.00000 1947933    1   55.00000   50.00000  9.09%   0.0  310s
 7850758     4   50.00000 1965208    1   55.00000   50.00000  9.09%   0.0  315s
 7917094     4   50.00000 1981792    1   55.00000   50.00000  9.09%   0.0  320s
 7986194     4   50.00000 1999067    1   55.00000   50.00000  9.09%   0.0  325s
 8052530     4   50.00000 2015651    1   55.00000   50.00000  9.09%   0.0  330s
 8118866     4   50.00000 2032235    1   55.00000   50.00000  9.09%   0.0  335s
 8185202     4   50.00000 2048819    1   55.00000   50.00000  9.09%   0.0  340s
 8251538     4   50.00000 2065403    1   55.00000   50.00000  9.09%   0.0  345s
 8313728     4   50.00000 2080605    1   55.00000   50.00000  9.09%   0.0  350s
 8377300     4   50.00000 2096498    1   55.00000   50.00000  9.09%   0.0  355s
 8443636     4   50.00000 2113082    1   55.00000   50.00000  9.09%   0.0  360s
 8507208     4   50.00000 2128975    1   55.00000   50.00000  9.09%   0.0  365s
 8570780     4   50.00000 2144868    1   55.00000   50.00000  9.09%   0.0  370s
 8631588     4   50.00000 2160070    1   55.00000   50.00000  9.09%   0.0  375s
 8695160     4   50.00000 2175963    1   55.00000   50.00000  9.09%   0.0  380s
 8758732     4   50.00000 2191856    1   55.00000   50.00000  9.09%   0.0  385s
 8819540     4   50.00000 2207058    1   55.00000   50.00000  9.09%   0.0  390s
 8880348     4   50.00000 2222260    1   55.00000   50.00000  9.09%   0.0  395s
 8941156     4   50.00000 2237462    1   55.00000   50.00000  9.09%   0.0  400s
 9001964     4   50.00000 2252664    1   55.00000   50.00000  9.09%   0.0  405s
 9060008     4   50.00000 2267175    1   55.00000   50.00000  9.09%   0.0  410s
 9120816     4   50.00000 2282377    1   55.00000   50.00000  9.09%   0.0  415s
 9178860     4   50.00000 2296888    1   55.00000   50.00000  9.09%   0.0  420s
 9239668     4   50.00000 2312090    1   55.00000   50.00000  9.09%   0.0  425s
 9297712     4   50.00000 2326601    1   55.00000   50.00000  9.09%   0.0  430s
 9355756     4   50.00000 2341112    1   55.00000   50.00000  9.09%   0.0  435s
 9412420     4   50.00000 2354933    1   55.00000   50.00000  9.09%   0.0  440s
 9470462     4   50.00000 2369443    1   55.00000   50.00000  9.09%   0.0  445s
 9525742     4   50.00000 2383263    1   55.00000   50.00000  9.09%   0.0  450s
 9583786     4   50.00000 2397774    1   55.00000   50.00000  9.09%   0.0  455s
 9641139     4   50.00000 2411594    1   55.00000   50.00000  9.09%   0.0  460s
 9696419     4   50.00000 2425414    1   55.00000   50.00000  9.09%   0.0  465s
 9754463     4   50.00000 2439925    1   55.00000   50.00000  9.09%   0.0  470s
 9806979     4   50.00000 2453054    1   55.00000   50.00000  9.09%   0.0  475s
 9862259     4   50.00000 2466874    1   55.00000   50.00000  9.09%   0.0  480s
 9917539     4   50.00000 2480694    1   55.00000   50.00000  9.09%   0.0  485s
 9970055     4   50.00000 2493823    1   55.00000   50.00000  9.09%   0.0  490s
 10025335     4   50.00000 2507643    1   55.00000   50.00000  9.09%   0.0  495s
 10077851     4   50.00000 2520772    1   55.00000   50.00000  9.09%   0.0  500s
 10133131     4   50.00000 2534592    1   55.00000   50.00000  9.09%   0.0  505s
 10183574     4   50.00000 2547030    1   55.00000   50.00000  9.09%   0.0  510s
 10236090     4   50.00000 2560159    1   55.00000   50.00000  9.09%   0.0  515s
 10288606     4   50.00000 2573288    1   55.00000   50.00000  9.09%   0.0  520s
 10339740     4   50.00000 2585726    1   55.00000   50.00000  9.09%   0.0  525s
 10392256     4   50.00000 2598855    1   55.00000   50.00000  9.09%   0.0  530s
 10442008     4   50.00000 2611293    1   55.00000   50.00000  9.09%   0.0  535s
 10494524     4   50.00000 2624422    1   55.00000   50.00000  9.09%   0.0  540s
 10547040     4   50.00000 2637551    1   55.00000   50.00000  9.09%   0.0  545s
 10596792     4   50.00000 2649989    1   55.00000   50.00000  9.09%   0.0  550s
 10646544     4   50.00000 2662427    1   55.00000   50.00000  9.09%   0.0  555s
 10699060     4   50.00000 2675556    1   55.00000   50.00000  9.09%   0.0  560s
 10748812     4   50.00000 2687994    1   55.00000   50.00000  9.09%   0.0  565s
 10798564     4   50.00000 2700432    1   55.00000   50.00000  9.09%   0.0  570s
 10851080     4   50.00000 2713561    1   55.00000   50.00000  9.09%   0.0  575s
 10898068     4   50.00000 2725308    1   55.00000   50.00000  9.09%   0.0  580s
 10947820     4   50.00000 2737746    1   55.00000   50.00000  9.09%   0.0  585s
 10997572     4   50.00000 2750184    1   55.00000   50.00000  9.09%   0.0  590s
 11044560     4   50.00000 2761931    1   55.00000   50.00000  9.09%   0.0  595s
 11094312     4   50.00000 2774369    1   55.00000   50.00000  9.09%   0.0  600s
 11144064     4   50.00000 2786807    1   55.00000   50.00000  9.09%   0.0  605s
 11193816     4   50.00000 2799245    1   55.00000   50.00000  9.09%   0.0  610s
 11240804     4   50.00000 2810992    1   55.00000   50.00000  9.09%   0.0  615s
 11287792     4   50.00000 2822739    1   55.00000   50.00000  9.09%   0.0  620s
 11337544     4   50.00000 2835177    1   55.00000   50.00000  9.09%   0.0  625s
 11383150     4   50.00000 2846233    1   55.00000   50.00000  9.09%   0.0  630s
 11430138     4   50.00000 2857980    1   55.00000   50.00000  9.09%   0.0  635s
 11477126     4   50.00000 2869727    1   55.00000   50.00000  9.09%   0.0  640s
 11524114     4   50.00000 2881474    1   55.00000   50.00000  9.09%   0.0  645s
 11571102     4   50.00000 2893221    1   55.00000   50.00000  9.09%   0.0  650s
 11618090     4   50.00000 2904968    1   55.00000   50.00000  9.09%   0.0  655s
 11662314     4   50.00000 2916024    1   55.00000   50.00000  9.09%   0.0  660s
 11709302     4   50.00000 2927771    1   55.00000   50.00000  9.09%   0.0  665s
 11756290     4   50.00000 2939518    1   55.00000   50.00000  9.09%   0.0  670s
 11803278     4   50.00000 2951265    1   55.00000   50.00000  9.09%   0.0  675s
 11847502     4   50.00000 2962321    1   55.00000   50.00000  9.09%   0.0  680s
 11894490     4   50.00000 2974068    1   55.00000   50.00000  9.09%   0.0  685s
 11938714     4   50.00000 2985124    1   55.00000   50.00000  9.09%   0.0  690s
 11984320     4   50.00000 2996871    1   55.00000   50.00000  9.09%   0.0  695s
 12028544     4   50.00000 3007927    1   55.00000   50.00000  9.09%   0.0  700s
 12072768     4   50.00000 3018983    1   55.00000   50.00000  9.09%   0.0  705s
 12116992     4   50.00000 3030039    1   55.00000   50.00000  9.09%   0.0  710s
 12161216     4   50.00000 3041095    1   55.00000   50.00000  9.09%   0.0  715s
 12205440     4   50.00000 3052151    1   55.00000   50.00000  9.09%   0.0  720s
 12252428     4   50.00000 3063898    1   55.00000   50.00000  9.09%   0.0  725s
 12296652     4   50.00000 3074954    1   55.00000   50.00000  9.09%   0.0  730s
 12340876     4   50.00000 3086010    1   55.00000   50.00000  9.09%   0.0  735s
 12385100     4   50.00000 3097066    1   55.00000   50.00000  9.09%   0.0  740s
 12426560     4   50.00000 3107431    1   55.00000   50.00000  9.09%   0.0  745s
 12470784     4   50.00000 3118487    1   55.00000   50.00000  9.09%   0.0  750s
 12513626     4   50.00000 3128852    1   55.00000   50.00000  9.09%   0.0  755s
 12557850     4   50.00000 3139908    1   55.00000   50.00000  9.09%   0.0  760s
 12599310     4   50.00000 3150273    1   55.00000   50.00000  9.09%   0.0  765s
 12643534     4   50.00000 3161329    1   55.00000   50.00000  9.09%   0.0  770s
 12684994     4   50.00000 3171694    1   55.00000   50.00000  9.09%   0.0  775s
 12729218     4   50.00000 3182750    1   55.00000   50.00000  9.09%   0.0  780s
 12770678     4   50.00000 3193115    1   55.00000   50.00000  9.09%   0.0  785s
 12812138     4   50.00000 3203480    1   55.00000   50.00000  9.09%   0.0  790s
 12854289     4   50.00000 3213845    1   55.00000   50.00000  9.09%   0.0  795s
 12898513     4   50.00000 3224901    1   55.00000   50.00000  9.09%   0.0  800s
 12939973     4   50.00000 3235266    1   55.00000   50.00000  9.09%   0.0  805s
 12981433     4   50.00000 3245631    1   55.00000   50.00000  9.09%   0.0  810s
 13022893     4   50.00000 3255996    1   55.00000   50.00000  9.09%   0.0  815s
 13067117     4   50.00000 3267052    1   55.00000   50.00000  9.09%   0.0  820s
 13108577     4   50.00000 3277417    1   55.00000   50.00000  9.09%   0.0  825s
 13150037     4   50.00000 3287782    1   55.00000   50.00000  9.09%   0.0  830s
 13191497     4   50.00000 3298147    1   55.00000   50.00000  9.09%   0.0  835s
 13232957     4   50.00000 3308512    1   55.00000   50.00000  9.09%   0.0  840s
 13274417     4   50.00000 3318877    1   55.00000   50.00000  9.09%   0.0  845s
 13315877     4   50.00000 3329242    1   55.00000   50.00000  9.09%   0.0  850s
 13357337     4   50.00000 3339607    1   55.00000   50.00000  9.09%   0.0  855s
 13398797     4   50.00000 3349972    1   55.00000   50.00000  9.09%   0.0  860s
 13437493     4   50.00000 3359646    1   55.00000   50.00000  9.09%   0.0  865s
 13478953     4   50.00000 3370011    1   55.00000   50.00000  9.09%   0.0  870s
 13520413     4   50.00000 3380376    1   55.00000   50.00000  9.09%   0.0  875s
 13559109     4   50.00000 3390050    1   55.00000   50.00000  9.09%   0.0  880s
 13600569     4   50.00000 3400415    1   55.00000   50.00000  9.09%   0.0  885s
 13640647     4   50.00000 3410089    1   55.00000   50.00000  9.09%   0.0  890s
 13679343     4   50.00000 3419763    1   55.00000   50.00000  9.09%   0.0  895s
 13720803     4   50.00000 3430128    1   55.00000   50.00000  9.09%   0.0  900s
 13759499     4   50.00000 3439802    1   55.00000   50.00000  9.09%   0.0  905s
 13798195     4   50.00000 3449476    1   55.00000   50.00000  9.09%   0.0  910s
 13836891     4   50.00000 3459150    1   55.00000   50.00000  9.09%   0.0  915s
 13878351     4   50.00000 3469515    1   55.00000   50.00000  9.09%   0.0  920s
 13917047     4   50.00000 3479189    1   55.00000   50.00000  9.09%   0.0  925s
 13955743     4   50.00000 3488863    1   55.00000   50.00000  9.09%   0.0  930s
 13994439     4   50.00000 3498537    1   55.00000   50.00000  9.09%   0.0  935s
 14035899     4   50.00000 3508902    1   55.00000   50.00000  9.09%   0.0  940s
 14074595     4   50.00000 3518576    1   55.00000   50.00000  9.09%   0.0  945s
 14113291     4   50.00000 3528250    1   55.00000   50.00000  9.09%   0.0  950s
 14151987     4   50.00000 3537924    1   55.00000   50.00000  9.09%   0.0  955s
 14190683     4   50.00000 3547598    1   55.00000   50.00000  9.09%   0.0  960s
 14229379     4   50.00000 3557272    1   55.00000   50.00000  9.09%   0.0  965s
 14268075     4   50.00000 3566946    1   55.00000   50.00000  9.09%   0.0  970s
 14304007     4   50.00000 3575929    1   55.00000   50.00000  9.09%   0.0  975s
 14342703     4   50.00000 3585603    1   55.00000   50.00000  9.09%   0.0  980s
 14381399     4   50.00000 3595277    1   55.00000   50.00000  9.09%   0.0  985s
 14420095     4   50.00000 3604951    1   55.00000   50.00000  9.09%   0.0  990s
 14458791     4   50.00000 3614625    1   55.00000   50.00000  9.09%   0.0  995s
 14497487     4   50.00000 3624299    1   55.00000   50.00000  9.09%   0.0 1000s
 14533419     4   50.00000 3633282    1   55.00000   50.00000  9.09%   0.0 1005s
 14572115     4   50.00000 3642956    1   55.00000   50.00000  9.09%   0.0 1010s
 14609429     4   50.00000 3651939    1   55.00000   50.00000  9.09%   0.0 1015s
 14643979     4   50.00000 3660231    1   55.00000   50.00000  9.09%   0.0 1020s
 14682675     4   50.00000 3669905    1   55.00000   50.00000  9.09%   0.0 1025s
 14721371     4   50.00000 3679579    1   55.00000   50.00000  9.09%   0.0 1030s
 14757303     4   50.00000 3688562    1   55.00000   50.00000  9.09%   0.0 1035s
 14793235     4   50.00000 3697545    1   55.00000   50.00000  9.09%   0.0 1040s
 14831931     4   50.00000 3707219    1   55.00000   50.00000  9.09%   0.0 1045s
 14867863     4   50.00000 3716202    1   55.00000   50.00000  9.09%   0.0 1050s
 14903795     4   50.00000 3725185    1   55.00000   50.00000  9.09%   0.0 1055s
 14942491     4   50.00000 3734859    1   55.00000   50.00000  9.09%   0.0 1060s
 14978423     4   50.00000 3743842    1   55.00000   50.00000  9.09%   0.0 1065s
 15014355     4   50.00000 3752825    1   55.00000   50.00000  9.09%   0.0 1070s
 15053051     4   50.00000 3762499    1   55.00000   50.00000  9.09%   0.0 1075s
 15088983     4   50.00000 3771482    1   55.00000   50.00000  9.09%   0.0 1080s
 15127679     4   50.00000 3781156    1   55.00000   50.00000  9.09%   0.0 1085s
 15163611     4   50.00000 3790139    1   55.00000   50.00000  9.09%   0.0 1090s
 15199543     4   50.00000 3799122    1   55.00000   50.00000  9.09%   0.0 1095s
 15238239     4   50.00000 3808796    1   55.00000   50.00000  9.09%   0.0 1100s
 15274171     4   50.00000 3817779    1   55.00000   50.00000  9.09%   0.0 1105s
 15310103     4   50.00000 3826762    1   55.00000   50.00000  9.09%   0.0 1110s
 15346035     4   50.00000 3835745    1   55.00000   50.00000  9.09%   0.0 1115s
 15384731     4   50.00000 3845419    1   55.00000   50.00000  9.09%   0.0 1120s
 15420663     4   50.00000 3854402    1   55.00000   50.00000  9.09%   0.0 1125s
 15456595     4   50.00000 3863385    1   55.00000   50.00000  9.09%   0.0 1130s
 15492527     4   50.00000 3872368    1   55.00000   50.00000  9.09%   0.0 1135s
 15528459     4   50.00000 3881351    1   55.00000   50.00000  9.09%   0.0 1140s
 15564391     4   50.00000 3890334    1   55.00000   50.00000  9.09%   0.0 1145s
 15600323     4   50.00000 3899317    1   55.00000   50.00000  9.09%   0.0 1150s
 15636255     4   50.00000 3908300    1   55.00000   50.00000  9.09%   0.0 1155s
 15670805     4   50.00000 3916592    1   55.00000   50.00000  9.09%   0.0 1160s
 15706737     4   50.00000 3925575    1   55.00000   50.00000  9.09%   0.0 1165s
 15742669     4   50.00000 3934558    1   55.00000   50.00000  9.09%   0.0 1170s
 15778601     4   50.00000 3943541    1   55.00000   50.00000  9.09%   0.0 1175s
 15814533     4   50.00000 3952524    1   55.00000   50.00000  9.09%   0.0 1180s
 15850465     4   50.00000 3961507    1   55.00000   50.00000  9.09%   0.0 1185s
 15886397     4   50.00000 3970490    1   55.00000   50.00000  9.09%   0.0 1190s
 15919565     4   50.00000 3978782    1   55.00000   50.00000  9.09%   0.0 1195s
 15955497     4   50.00000 3987765    1   55.00000   50.00000  9.09%   0.0 1200s
 15991429     4   50.00000 3996748    1   55.00000   50.00000  9.09%   0.0 1205s
 16027361     4   50.00000 4005731    1   55.00000   50.00000  9.09%   0.0 1210s
 16060529     4   50.00000 4014023    1   55.00000   50.00000  9.09%   0.0 1215s
 16096461     4   50.00000 4023006    1   55.00000   50.00000  9.09%   0.0 1220s
 16132393     4   50.00000 4031989    1   55.00000   50.00000  9.09%   0.0 1225s
 16168325     4   50.00000 4040972    1   55.00000   50.00000  9.09%   0.0 1230s
 16201493     4   50.00000 4049264    1   55.00000   50.00000  9.09%   0.0 1235s
 16237425     4   50.00000 4058247    1   55.00000   50.00000  9.09%   0.0 1240s
 16270593     4   50.00000 4066539    1   55.00000   50.00000  9.09%   0.0 1245s
 16306525     4   50.00000 4075522    1   55.00000   50.00000  9.09%   0.0 1250s
 16339693     4   50.00000 4083814    1   55.00000   50.00000  9.09%   0.0 1255s
 16375625     4   50.00000 4092797    1   55.00000   50.00000  9.09%   0.0 1260s
 16408793     4   50.00000 4101089    1   55.00000   50.00000  9.09%   0.0 1265s
 16444725     4   50.00000 4110072    1   55.00000   50.00000  9.09%   0.0 1270s
 16477893     4   50.00000 4118364    1   55.00000   50.00000  9.09%   0.0 1275s
 16513825     4   50.00000 4127347    1   55.00000   50.00000  9.09%   0.0 1280s
 16546993     4   50.00000 4135639    1   55.00000   50.00000  9.09%   0.0 1285s
 16582925     4   50.00000 4144622    1   55.00000   50.00000  9.09%   0.0 1290s
 16616093     4   50.00000 4152914    1   55.00000   50.00000  9.09%   0.0 1295s
 16649261     4   50.00000 4161206    1   55.00000   50.00000  9.09%   0.0 1300s
 16682429     4   50.00000 4169498    1   55.00000   50.00000  9.09%   0.0 1305s
 16716979     4   50.00000 4177790    1   55.00000   50.00000  9.09%   0.0 1310s
 16750147     4   50.00000 4186082    1   55.00000   50.00000  9.09%   0.0 1315s
 16783315     4   50.00000 4194374    1   55.00000   50.00000  9.09%   0.0 1320s
 16816483     4   50.00000 4202666    1   55.00000   50.00000  9.09%   0.0 1325s
 16849651     4   50.00000 4210958    1   55.00000   50.00000  9.09%   0.0 1330s
 16885583     4   50.00000 4219941    1   55.00000   50.00000  9.09%   0.0 1335s
 16918751     4   50.00000 4228233    1   55.00000   50.00000  9.09%   0.0 1340s
 16951919     4   50.00000 4236525    1   55.00000   50.00000  9.09%   0.0 1345s
 16985087     4   50.00000 4244817    1   55.00000   50.00000  9.09%   0.0 1350s
 17018255     4   50.00000 4253109    1   55.00000   50.00000  9.09%   0.0 1355s
 17051423     4   50.00000 4261401    1   55.00000   50.00000  9.09%   0.0 1360s
 17084591     4   50.00000 4269693    1   55.00000   50.00000  9.09%   0.0 1365s
 17117759     4   50.00000 4277985    1   55.00000   50.00000  9.09%   0.0 1370s
 17150927     4   50.00000 4286277    1   55.00000   50.00000  9.09%   0.0 1375s
 17181331     4   50.00000 4293878    1   55.00000   50.00000  9.09%   0.0 1380s
 17214499     4   50.00000 4302170    1   55.00000   50.00000  9.09%   0.0 1385s
 17247667     4   50.00000 4310462    1   55.00000   50.00000  9.09%   0.0 1390s
 17280835     4   50.00000 4318754    1   55.00000   50.00000  9.09%   0.0 1395s
 17311239     4   50.00000 4326355    1   55.00000   50.00000  9.09%   0.0 1400s
 17344407     4   50.00000 4334647    1   55.00000   50.00000  9.09%   0.0 1405s
 17377575     4   50.00000 4342939    1   55.00000   50.00000  9.09%   0.0 1410s
 17407979     4   50.00000 4350540    1   55.00000   50.00000  9.09%   0.0 1415s
 17441147     4   50.00000 4358832    1   55.00000   50.00000  9.09%   0.0 1420s
 17474315     4   50.00000 4367124    1   55.00000   50.00000  9.09%   0.0 1425s
 17504719     4   50.00000 4374725    1   55.00000   50.00000  9.09%   0.0 1430s
 17537887     4   50.00000 4383017    1   55.00000   50.00000  9.09%   0.0 1435s
 17568291     4   50.00000 4390618    1   55.00000   50.00000  9.09%   0.0 1440s
 17601459     4   50.00000 4398910    1   55.00000   50.00000  9.09%   0.0 1445s
 17631863     4   50.00000 4406511    1   55.00000   50.00000  9.09%   0.0 1450s
 17665031     4   50.00000 4414803    1   55.00000   50.00000  9.09%   0.0 1455s
 17695435     4   50.00000 4422404    1   55.00000   50.00000  9.09%   0.0 1460s
 17728603     4   50.00000 4430696    1   55.00000   50.00000  9.09%   0.0 1465s
 17759007     4   50.00000 4438297    1   55.00000   50.00000  9.09%   0.0 1470s
 17792175     4   50.00000 4446589    1   55.00000   50.00000  9.09%   0.0 1475s
 17822579     4   50.00000 4454190    1   55.00000   50.00000  9.09%   0.0 1480s
 17852983     4   50.00000 4461791    1   55.00000   50.00000  9.09%   0.0 1485s
 17883387     4   50.00000 4469392    1   55.00000   50.00000  9.09%   0.0 1490s
 17915173     4   50.00000 4476993    1   55.00000   50.00000  9.09%   0.0 1495s
 17945577     4   50.00000 4484594    1   55.00000   50.00000  9.09%   0.0 1500s
 17975981     4   50.00000 4492195    1   55.00000   50.00000  9.09%   0.0 1505s
 18009149     4   50.00000 4500487    1   55.00000   50.00000  9.09%   0.0 1510s
 18039553     4   50.00000 4508088    1   55.00000   50.00000  9.09%   0.0 1515s
 18069957     4   50.00000 4515689    1   55.00000   50.00000  9.09%   0.0 1520s
 18100361     4   50.00000 4523290    1   55.00000   50.00000  9.09%   0.0 1525s
 18130765     4   50.00000 4530891    1   55.00000   50.00000  9.09%   0.0 1530s
 18163933     4   50.00000 4539183    1   55.00000   50.00000  9.09%   0.0 1535s
 18194337     4   50.00000 4546784    1   55.00000   50.00000  9.09%   0.0 1540s
 18224741     4   50.00000 4554385    1   55.00000   50.00000  9.09%   0.0 1545s
 18255145     4   50.00000 4561986    1   55.00000   50.00000  9.09%   0.0 1550s
 18285549     4   50.00000 4569587    1   55.00000   50.00000  9.09%   0.0 1555s
 18315953     4   50.00000 4577188    1   55.00000   50.00000  9.09%   0.0 1560s
 18346357     4   50.00000 4584789    1   55.00000   50.00000  9.09%   0.0 1565s
 18376761     4   50.00000 4592390    1   55.00000   50.00000  9.09%   0.0 1570s
 18407165     4   50.00000 4599991    1   55.00000   50.00000  9.09%   0.0 1575s
 18437569     4   50.00000 4607592    1   55.00000   50.00000  9.09%   0.0 1580s
 18467973     4   50.00000 4615193    1   55.00000   50.00000  9.09%   0.0 1585s
 18498377     4   50.00000 4622794    1   55.00000   50.00000  9.09%   0.0 1590s
 18528781     4   50.00000 4630395    1   55.00000   50.00000  9.09%   0.0 1595s
 18559185     4   50.00000 4637996    1   55.00000   50.00000  9.09%   0.0 1600s
 18589589     4   50.00000 4645597    1   55.00000   50.00000  9.09%   0.0 1605s
 18617920     4   50.00000 4652507    1   55.00000   50.00000  9.09%   0.0 1610s
 18648324     4   50.00000 4660108    1   55.00000   50.00000  9.09%   0.0 1615s
 18678728     4   50.00000 4667709    1   55.00000   50.00000  9.09%   0.0 1620s
 18709132     4   50.00000 4675310    1   55.00000   50.00000  9.09%   0.0 1625s
 18739536     4   50.00000 4682911    1   55.00000   50.00000  9.09%   0.0 1630s
 18769940     4   50.00000 4690512    1   55.00000   50.00000  9.09%   0.0 1635s
 18800344     4   50.00000 4698113    1   55.00000   50.00000  9.09%   0.0 1640s
 18827984     4   50.00000 4705023    1   55.00000   50.00000  9.09%   0.0 1645s
 18858388     4   50.00000 4712624    1   55.00000   50.00000  9.09%   0.0 1650s
 18888792     4   50.00000 4720225    1   55.00000   50.00000  9.09%   0.0 1655s
 18919196     4   50.00000 4727826    1   55.00000   50.00000  9.09%   0.0 1660s
 18949600     4   50.00000 4735427    1   55.00000   50.00000  9.09%   0.0 1665s
 18977240     4   50.00000 4742337    1   55.00000   50.00000  9.09%   0.0 1670s
 19006262     4   50.00000 4749247    1   55.00000   50.00000  9.09%   0.0 1675s
 19036666     4   50.00000 4756848    1   55.00000   50.00000  9.09%   0.0 1680s
 19064306     4   50.00000 4763758    1   55.00000   50.00000  9.09%   0.0 1685s
 19094710     4   50.00000 4771359    1   55.00000   50.00000  9.09%   0.0 1690s
 19125114     4   50.00000 4778960    1   55.00000   50.00000  9.09%   0.0 1695s
 19152754     4   50.00000 4785870    1   55.00000   50.00000  9.09%   0.0 1700s
 19183158     4   50.00000 4793471    1   55.00000   50.00000  9.09%   0.0 1705s
 19210798     4   50.00000 4800381    1   55.00000   50.00000  9.09%   0.0 1710s
 19241202     4   50.00000 4807982    1   55.00000   50.00000  9.09%   0.0 1715s
 19268842     4   50.00000 4814892    1   55.00000   50.00000  9.09%   0.0 1720s
 19299246     4   50.00000 4822493    1   55.00000   50.00000  9.09%   0.0 1725s
 19326886     4   50.00000 4829403    1   55.00000   50.00000  9.09%   0.0 1730s
 19357290     4   50.00000 4837004    1   55.00000   50.00000  9.09%   0.0 1735s
 19384930     4   50.00000 4843914    1   55.00000   50.00000  9.09%   0.0 1740s
 19415334     4   50.00000 4851515    1   55.00000   50.00000  9.09%   0.0 1745s
 19442974     4   50.00000 4858425    1   55.00000   50.00000  9.09%   0.0 1750s
 19473378     4   50.00000 4866026    1   55.00000   50.00000  9.09%   0.0 1755s
 19501018     4   50.00000 4872936    1   55.00000   50.00000  9.09%   0.0 1760s
 19531422     4   50.00000 4880537    1   55.00000   50.00000  9.09%   0.0 1765s
 19559062     4   50.00000 4887447    1   55.00000   50.00000  9.09%   0.0 1770s
 19589466     4   50.00000 4895048    1   55.00000   50.00000  9.09%   0.0 1775s
 19617106     4   50.00000 4901958    1   55.00000   50.00000  9.09%   0.0 1780s
 19644746     4   50.00000 4908868    1   55.00000   50.00000  9.09%   0.0 1785s
 19675150     4   50.00000 4916469    1   55.00000   50.00000  9.09%   0.0 1790s
 19702790     4   50.00000 4923379    1   55.00000   50.00000  9.09%   0.0 1795s
 19733194     4   50.00000 4930980    1   55.00000   50.00000  9.09%   0.0 1800s
 19760834     4   50.00000 4937890    1   55.00000   50.00000  9.09%   0.0 1805s
 19788474     4   50.00000 4944800    1   55.00000   50.00000  9.09%   0.0 1810s
 19818878     4   50.00000 4952401    1   55.00000   50.00000  9.09%   0.0 1815s
 19846518     4   50.00000 4959311    1   55.00000   50.00000  9.09%   0.0 1820s
 19874158     4   50.00000 4966221    1   55.00000   50.00000  9.09%   0.0 1825s
 19900416     4   50.00000 4972440    1   55.00000   50.00000  9.09%   0.0 1830s
 19930820     4   50.00000 4980041    1   55.00000   50.00000  9.09%   0.0 1835s
 19958460     4   50.00000 4986951    1   55.00000   50.00000  9.09%   0.0 1840s
 19986100     4   50.00000 4993861    1   55.00000   50.00000  9.09%   0.0 1845s
 20012358     4   50.00000 5000080    1   55.00000   50.00000  9.09%   0.0 1850s
 20039998     4   50.00000 5006990    1   55.00000   50.00000  9.09%   0.0 1855s
 20067638     4   50.00000 5013900    1   55.00000   50.00000  9.09%   0.0 1860s
 20098042     4   50.00000 5021501    1   55.00000   50.00000  9.09%   0.0 1865s
 20125682     4   50.00000 5028411    1   55.00000   50.00000  9.09%   0.0 1870s
 20153322     4   50.00000 5035321    1   55.00000   50.00000  9.09%   0.0 1875s
 20180962     4   50.00000 5042231    1   55.00000   50.00000  9.09%   0.0 1880s
 20208602     4   50.00000 5049141    1   55.00000   50.00000  9.09%   0.0 1885s
 20236242     4   50.00000 5056051    1   55.00000   50.00000  9.09%   0.0 1890s
 20263882     4   50.00000 5062961    1   55.00000   50.00000  9.09%   0.0 1895s
 20291522     4   50.00000 5069871    1   55.00000   50.00000  9.09%   0.0 1900s
 20319162     4   50.00000 5076781    1   55.00000   50.00000  9.09%   0.0 1905s
 20346802     4   50.00000 5083691    1   55.00000   50.00000  9.09%   0.0 1910s
 20374442     4   50.00000 5090601    1   55.00000   50.00000  9.09%   0.0 1915s
 20402082     4   50.00000 5097511    1   55.00000   50.00000  9.09%   0.0 1920s
 20429722     4   50.00000 5104421    1   55.00000   50.00000  9.09%   0.0 1925s
 20457362     4   50.00000 5111331    1   55.00000   50.00000  9.09%   0.0 1930s
 20485002     4   50.00000 5118241    1   55.00000   50.00000  9.09%   0.0 1935s
 20512642     4   50.00000 5125151    1   55.00000   50.00000  9.09%   0.0 1940s
 20540282     4   50.00000 5132061    1   55.00000   50.00000  9.09%   0.0 1945s
 20567922     4   50.00000 5138971    1   55.00000   50.00000  9.09%   0.0 1950s
 20595562     4   50.00000 5145881    1   55.00000   50.00000  9.09%   0.0 1955s
 20623202     4   50.00000 5152791    1   55.00000   50.00000  9.09%   0.0 1960s
 20650842     4   50.00000 5159701    1   55.00000   50.00000  9.09%   0.0 1965s
 20678482     4   50.00000 5166611    1   55.00000   50.00000  9.09%   0.0 1970s
 20703358     4   50.00000 5172830    1   55.00000   50.00000  9.09%   0.0 1975s
 20733762     4   50.00000 5180431    1   55.00000   50.00000  9.09%   0.0 1980s
 20761402     4   50.00000 5187341    1   55.00000   50.00000  9.09%   0.0 1985s
 20786278     4   50.00000 5193560    1   55.00000   50.00000  9.09%   0.0 1990s
 20813918     4   50.00000 5200470    1   55.00000   50.00000  9.09%   0.0 1995s
 20841558     4   50.00000 5207380    1   55.00000   50.00000  9.09%   0.0 2000s
 20869198     4   50.00000 5214290    1   55.00000   50.00000  9.09%   0.0 2005s
 20896838     4   50.00000 5221200    1   55.00000   50.00000  9.09%   0.0 2010s
 20924478     4   50.00000 5228110    1   55.00000   50.00000  9.09%   0.0 2015s
 20952118     4   50.00000 5235020    1   55.00000   50.00000  9.09%   0.0 2020s
 20979758     4   50.00000 5241930    1   55.00000   50.00000  9.09%   0.0 2025s
 21007398     4   50.00000 5248840    1   55.00000   50.00000  9.09%   0.0 2030s
 21032274     4   50.00000 5255059    1   55.00000   50.00000  9.09%   0.0 2035s
 21059914     4   50.00000 5261969    1   55.00000   50.00000  9.09%   0.0 2040s
 21087554     4   50.00000 5268879    1   55.00000   50.00000  9.09%   0.0 2045s
 21113121     4   50.00000 5275098    1   55.00000   50.00000  9.09%   0.0 2050s
 21140761     4   50.00000 5282008    1   55.00000   50.00000  9.09%   0.0 2055s
 21167019     4   50.00000 5288227    1   55.00000   50.00000  9.09%   0.0 2060s
 21194659     4   50.00000 5295137    1   55.00000   50.00000  9.09%   0.0 2065s
 21219535     4   50.00000 5301356    1   55.00000   50.00000  9.09%   0.0 2070s
 21247175     4   50.00000 5308266    1   55.00000   50.00000  9.09%   0.0 2075s
 21274815     4   50.00000 5315176    1   55.00000   50.00000  9.09%   0.0 2080s
 21302455     4   50.00000 5322086    1   55.00000   50.00000  9.09%   0.0 2085s
 21327331     4   50.00000 5328305    1   55.00000   50.00000  9.09%   0.0 2090s
 21354971     4   50.00000 5335215    1   55.00000   50.00000  9.09%   0.0 2095s
 21382611     4   50.00000 5342125    1   55.00000   50.00000  9.09%   0.0 2100s
 21410251     4   50.00000 5349035    1   55.00000   50.00000  9.09%   0.0 2105s
 21435127     4   50.00000 5355254    1   55.00000   50.00000  9.09%   0.0 2110s
 21462767     4   50.00000 5362164    1   55.00000   50.00000  9.09%   0.0 2115s
 21490407     4   50.00000 5369074    1   55.00000   50.00000  9.09%   0.0 2120s
 21515283     4   50.00000 5375293    1   55.00000   50.00000  9.09%   0.0 2125s
 21542923     4   50.00000 5382203    1   55.00000   50.00000  9.09%   0.0 2130s
 21570563     4   50.00000 5389113    1   55.00000   50.00000  9.09%   0.0 2135s
 21595439     4   50.00000 5395332    1   55.00000   50.00000  9.09%   0.0 2140s
 21623079     4   50.00000 5402242    1   55.00000   50.00000  9.09%   0.0 2145s
 21647955     4   50.00000 5408461    1   55.00000   50.00000  9.09%   0.0 2150s
 21675595     4   50.00000 5415371    1   55.00000   50.00000  9.09%   0.0 2155s
 21703235     4   50.00000 5422281    1   55.00000   50.00000  9.09%   0.0 2160s
 21728111     4   50.00000 5428500    1   55.00000   50.00000  9.09%   0.0 2165s
 21755751     4   50.00000 5435410    1   55.00000   50.00000  9.09%   0.0 2170s
 21780627     4   50.00000 5441629    1   55.00000   50.00000  9.09%   0.0 2175s
 21808267     4   50.00000 5448539    1   55.00000   50.00000  9.09%   0.0 2180s
 21833143     4   50.00000 5454758    1   55.00000   50.00000  9.09%   0.0 2185s
 21860783     4   50.00000 5461668    1   55.00000   50.00000  9.09%   0.0 2190s
 21885659     4   50.00000 5467887    1   55.00000   50.00000  9.09%   0.0 2195s
 21913299     4   50.00000 5474797    1   55.00000   50.00000  9.09%   0.0 2200s
 21938175     4   50.00000 5481016    1   55.00000   50.00000  9.09%   0.0 2205s
 21965815     4   50.00000 5487926    1   55.00000   50.00000  9.09%   0.0 2210s
 21990691     4   50.00000 5494145    1   55.00000   50.00000  9.09%   0.0 2215s
 22015567     4   50.00000 5500364    1   55.00000   50.00000  9.09%   0.0 2220s
 22043207     4   50.00000 5507274    1   55.00000   50.00000  9.09%   0.0 2225s
 22068083     4   50.00000 5513493    1   55.00000   50.00000  9.09%   0.0 2230s
 22095723     4   50.00000 5520403    1   55.00000   50.00000  9.09%   0.0 2235s
 22120599     4   50.00000 5526622    1   55.00000   50.00000  9.09%   0.0 2240s
 22145475     4   50.00000 5532841    1   55.00000   50.00000  9.09%   0.0 2245s
 22173115     4   50.00000 5539751    1   55.00000   50.00000  9.09%   0.0 2250s
 22197991     4   50.00000 5545970    1   55.00000   50.00000  9.09%   0.0 2255s
 22222867     4   50.00000 5552189    1   55.00000   50.00000  9.09%   0.0 2260s
 22250507     4   50.00000 5559099    1   55.00000   50.00000  9.09%   0.0 2265s
 22275383     4   50.00000 5565318    1   55.00000   50.00000  9.09%   0.0 2270s
 22300259     4   50.00000 5571537    1   55.00000   50.00000  9.09%   0.0 2275s
 22327899     4   50.00000 5578447    1   55.00000   50.00000  9.09%   0.0 2280s
 22352775     4   50.00000 5584666    1   55.00000   50.00000  9.09%   0.0 2285s
 22377651     4   50.00000 5590885    1   55.00000   50.00000  9.09%   0.0 2290s
 22402527     4   50.00000 5597104    1   55.00000   50.00000  9.09%   0.0 2295s
 22427403     4   50.00000 5603323    1   55.00000   50.00000  9.09%   0.0 2300s
 22450897     4   50.00000 5608851    1   55.00000   50.00000  9.09%   0.0 2305s
 22475773     4   50.00000 5615070    1   55.00000   50.00000  9.09%   0.0 2310s
 22503413     4   50.00000 5621980    1   55.00000   50.00000  9.09%   0.0 2315s
 22528289     4   50.00000 5628199    1   55.00000   50.00000  9.09%   0.0 2320s
 22553165     4   50.00000 5634418    1   55.00000   50.00000  9.09%   0.0 2325s
 22578041     4   50.00000 5640637    1   55.00000   50.00000  9.09%   0.0 2330s
 22602917     4   50.00000 5646856    1   55.00000   50.00000  9.09%   0.0 2335s
 22627793     4   50.00000 5653075    1   55.00000   50.00000  9.09%   0.0 2340s
 22652669     4   50.00000 5659294    1   55.00000   50.00000  9.09%   0.0 2345s
 22677545     4   50.00000 5665513    1   55.00000   50.00000  9.09%   0.0 2350s
 22702421     4   50.00000 5671732    1   55.00000   50.00000  9.09%   0.0 2355s
 22725227     4   50.00000 5677261    1   55.00000   50.00000  9.09%   0.0 2360s
 22750100     4   50.00000 5683479    1   55.00000   50.00000  9.09%   0.0 2365s
 22774976     4   50.00000 5689698    1   55.00000   50.00000  9.09%   0.0 2370s
 22799852     4   50.00000 5695917    1   55.00000   50.00000  9.09%   0.0 2375s
 22824728     4   50.00000 5702136    1   55.00000   50.00000  9.09%   0.0 2380s
 22849604     4   50.00000 5708355    1   55.00000   50.00000  9.09%   0.0 2385s
 22874480     4   50.00000 5714574    1   55.00000   50.00000  9.09%   0.0 2390s
 22899356     4   50.00000 5720793    1   55.00000   50.00000  9.09%   0.0 2395s
 22924232     4   50.00000 5727012    1   55.00000   50.00000  9.09%   0.0 2400s
 22949108     4   50.00000 5733231    1   55.00000   50.00000  9.09%   0.0 2405s
 22973984     4   50.00000 5739450    1   55.00000   50.00000  9.09%   0.0 2410s
 22998860     4   50.00000 5745669    1   55.00000   50.00000  9.09%   0.0 2415s
 23020972     4   50.00000 5751197    1   55.00000   50.00000  9.09%   0.0 2420s
 23045848     4   50.00000 5757416    1   55.00000   50.00000  9.09%   0.0 2425s
 23070724     4   50.00000 5763635    1   55.00000   50.00000  9.09%   0.0 2430s
 23095600     4   50.00000 5769854    1   55.00000   50.00000  9.09%   0.0 2435s
 23120476     4   50.00000 5776073    1   55.00000   50.00000  9.09%   0.0 2440s
 23145352     4   50.00000 5782292    1   55.00000   50.00000  9.09%   0.0 2445s
 23170228     4   50.00000 5788511    1   55.00000   50.00000  9.09%   0.0 2450s
 23195104     4   50.00000 5794730    1   55.00000   50.00000  9.09%   0.0 2455s
 23217216     4   50.00000 5800258    1   55.00000   50.00000  9.09%   0.0 2460s
 23242092     4   50.00000 5806477    1   55.00000   50.00000  9.09%   0.0 2465s
 23266968     4   50.00000 5812696    1   55.00000   50.00000  9.09%   0.0 2470s
 23291844     4   50.00000 5818915    1   55.00000   50.00000  9.09%   0.0 2475s
 23316720     4   50.00000 5825134    1   55.00000   50.00000  9.09%   0.0 2480s
 23338832     4   50.00000 5830662    1   55.00000   50.00000  9.09%   0.0 2485s
 23363708     4   50.00000 5836881    1   55.00000   50.00000  9.09%   0.0 2490s
 23388584     4   50.00000 5843100    1   55.00000   50.00000  9.09%   0.0 2495s
 23413460     4   50.00000 5849319    1   55.00000   50.00000  9.09%   0.0 2500s
 23435572     4   50.00000 5854847    1   55.00000   50.00000  9.09%   0.0 2505s
 23460448     4   50.00000 5861066    1   55.00000   50.00000  9.09%   0.0 2510s
 23483942     4   50.00000 5866594    1   55.00000   50.00000  9.09%   0.0 2515s
 23508818     4   50.00000 5872813    1   55.00000   50.00000  9.09%   0.0 2520s
 23530930     4   50.00000 5878341    1   55.00000   50.00000  9.09%   0.0 2525s
 23555806     4   50.00000 5884560    1   55.00000   50.00000  9.09%   0.0 2530s
 23580682     4   50.00000 5890779    1   55.00000   50.00000  9.09%   0.0 2535s
 23602794     4   50.00000 5896307    1   55.00000   50.00000  9.09%   0.0 2540s
 23627670     4   50.00000 5902526    1   55.00000   50.00000  9.09%   0.0 2545s
 23652546     4   50.00000 5908745    1   55.00000   50.00000  9.09%   0.0 2550s
 23674658     4   50.00000 5914273    1   55.00000   50.00000  9.09%   0.0 2555s
 23699534     4   50.00000 5920492    1   55.00000   50.00000  9.09%   0.0 2560s
 23721646     4   50.00000 5926020    1   55.00000   50.00000  9.09%   0.0 2565s
 23746522     4   50.00000 5932239    1   55.00000   50.00000  9.09%   0.0 2570s
 23771398     4   50.00000 5938458    1   55.00000   50.00000  9.09%   0.0 2575s
 23793510     4   50.00000 5943986    1   55.00000   50.00000  9.09%   0.0 2580s
 23818386     4   50.00000 5950205    1   55.00000   50.00000  9.09%   0.0 2585s
 23843262     4   50.00000 5956424    1   55.00000   50.00000  9.09%   0.0 2590s
 23868138     4   50.00000 5962643    1   55.00000   50.00000  9.09%   0.0 2595s
 23890250     4   50.00000 5968171    1   55.00000   50.00000  9.09%   0.0 2600s
 23915126     4   50.00000 5974390    1   55.00000   50.00000  9.09%   0.0 2605s
 23940002     4   50.00000 5980609    1   55.00000   50.00000  9.09%   0.0 2610s
 23962114     4   50.00000 5986137    1   55.00000   50.00000  9.09%   0.0 2615s
 23986990     4   50.00000 5992356    1   55.00000   50.00000  9.09%   0.0 2620s
 24011866     4   50.00000 5998575    1   55.00000   50.00000  9.09%   0.0 2625s
 24033978     4   50.00000 6004103    1   55.00000   50.00000  9.09%   0.0 2630s
 24058854     4   50.00000 6010322    1   55.00000   50.00000  9.09%   0.0 2635s
 24083730     4   50.00000 6016541    1   55.00000   50.00000  9.09%   0.0 2640s
 24105842     4   50.00000 6022069    1   55.00000   50.00000  9.09%   0.0 2645s
 24130718     4   50.00000 6028288    1   55.00000   50.00000  9.09%   0.0 2650s
 24155594     4   50.00000 6034507    1   55.00000   50.00000  9.09%   0.0 2655s
 24177706     4   50.00000 6040035    1   55.00000   50.00000  9.09%   0.0 2660s
 24202582     4   50.00000 6046254    1   55.00000   50.00000  9.09%   0.0 2665s
 24224694     4   50.00000 6051782    1   55.00000   50.00000  9.09%   0.0 2670s
 24249570     4   50.00000 6058001    1   55.00000   50.00000  9.09%   0.0 2675s
 24274446     4   50.00000 6064220    1   55.00000   50.00000  9.09%   0.0 2680s
 24296558     4   50.00000 6069748    1   55.00000   50.00000  9.09%   0.0 2685s
 24321434     4   50.00000 6075967    1   55.00000   50.00000  9.09%   0.0 2690s
 24343546     4   50.00000 6081495    1   55.00000   50.00000  9.09%   0.0 2695s
 24368422     4   50.00000 6087714    1   55.00000   50.00000  9.09%   0.0 2700s
 24390534     4   50.00000 6093242    1   55.00000   50.00000  9.09%   0.0 2705s
 24415410     4   50.00000 6099461    1   55.00000   50.00000  9.09%   0.0 2710s
 24437522     4   50.00000 6104989    1   55.00000   50.00000  9.09%   0.0 2715s
 24462398     4   50.00000 6111208    1   55.00000   50.00000  9.09%   0.0 2720s
 24484510     4   50.00000 6116736    1   55.00000   50.00000  9.09%   0.0 2725s
 24509386     4   50.00000 6122955    1   55.00000   50.00000  9.09%   0.0 2730s
 24531498     4   50.00000 6128483    1   55.00000   50.00000  9.09%   0.0 2735s
 24556374     4   50.00000 6134702    1   55.00000   50.00000  9.09%   0.0 2740s
 24578486     4   50.00000 6140230    1   55.00000   50.00000  9.09%   0.0 2745s
 24603362     4   50.00000 6146449    1   55.00000   50.00000  9.09%   0.0 2750s
 24625474     4   50.00000 6151977    1   55.00000   50.00000  9.09%   0.0 2755s
 24649659     4   50.00000 6157505    1   55.00000   50.00000  9.09%   0.0 2760s
 24671080     4   50.00000 6163033    1   55.00000   50.00000  9.09%   0.0 2765s
 24695956     4   50.00000 6169252    1   55.00000   50.00000  9.09%   0.0 2770s
 24718068     4   50.00000 6174780    1   55.00000   50.00000  9.09%   0.0 2775s
 24740180     4   50.00000 6180308    1   55.00000   50.00000  9.09%   0.0 2780s
 24765056     4   50.00000 6186527    1   55.00000   50.00000  9.09%   0.0 2785s
 24787168     4   50.00000 6192055    1   55.00000   50.00000  9.09%   0.0 2790s
 24812044     4   50.00000 6198274    1   55.00000   50.00000  9.09%   0.0 2795s
 24834156     4   50.00000 6203802    1   55.00000   50.00000  9.09%   0.0 2800s
 24856268     4   50.00000 6209330    1   55.00000   50.00000  9.09%   0.0 2805s
 24881144     4   50.00000 6215549    1   55.00000   50.00000  9.09%   0.0 2810s
 24903256     4   50.00000 6221077    1   55.00000   50.00000  9.09%   0.0 2815s
 24925368     4   50.00000 6226605    1   55.00000   50.00000  9.09%   0.0 2820s
 24950244     4   50.00000 6232824    1   55.00000   50.00000  9.09%   0.0 2825s
 24972356     4   50.00000 6238352    1   55.00000   50.00000  9.09%   0.0 2830s
 24994468     4   50.00000 6243880    1   55.00000   50.00000  9.09%   0.0 2835s
 25019344     4   50.00000 6250099    1   55.00000   50.00000  9.09%   0.0 2840s
 25041456     4   50.00000 6255627    1   55.00000   50.00000  9.09%   0.0 2845s
 25063568     4   50.00000 6261155    1   55.00000   50.00000  9.09%   0.0 2850s
 25088444     4   50.00000 6267374    1   55.00000   50.00000  9.09%   0.0 2855s
 25110556     4   50.00000 6272902    1   55.00000   50.00000  9.09%   0.0 2860s
 25132668     4   50.00000 6278430    1   55.00000   50.00000  9.09%   0.0 2865s
 25157544     4   50.00000 6284649    1   55.00000   50.00000  9.09%   0.0 2870s
 25179656     4   50.00000 6290177    1   55.00000   50.00000  9.09%   0.0 2875s
 25201768     4   50.00000 6295705    1   55.00000   50.00000  9.09%   0.0 2880s
 25223880     4   50.00000 6301233    1   55.00000   50.00000  9.09%   0.0 2885s
 25248756     4   50.00000 6307452    1   55.00000   50.00000  9.09%   0.0 2890s
 25270868     4   50.00000 6312980    1   55.00000   50.00000  9.09%   0.0 2895s
 25292980     4   50.00000 6318508    1   55.00000   50.00000  9.09%   0.0 2900s
 25315092     4   50.00000 6324036    1   55.00000   50.00000  9.09%   0.0 2905s
 25339968     4   50.00000 6330255    1   55.00000   50.00000  9.09%   0.0 2910s
 25362080     4   50.00000 6335783    1   55.00000   50.00000  9.09%   0.0 2915s
 25382810     4   50.00000 6340620    1   55.00000   50.00000  9.09%   0.0 2920s
 25404922     4   50.00000 6346148    1   55.00000   50.00000  9.09%   0.0 2925s
 25427034     4   50.00000 6351676    1   55.00000   50.00000  9.09%   0.0 2930s
 25451910     4   50.00000 6357895    1   55.00000   50.00000  9.09%   0.0 2935s
 25474022     4   50.00000 6363423    1   55.00000   50.00000  9.09%   0.0 2940s
 25496134     4   50.00000 6368951    1   55.00000   50.00000  9.09%   0.0 2945s
 25518246     4   50.00000 6374479    1   55.00000   50.00000  9.09%   0.0 2950s
 25540358     4   50.00000 6380007    1   55.00000   50.00000  9.09%   0.0 2955s
 25562470     4   50.00000 6385535    1   55.00000   50.00000  9.09%   0.0 2960s
 25584582     4   50.00000 6391063    1   55.00000   50.00000  9.09%   0.0 2965s
 25609458     4   50.00000 6397282    1   55.00000   50.00000  9.09%   0.0 2970s
 25631570     4   50.00000 6402810    1   55.00000   50.00000  9.09%   0.0 2975s
 25653682     4   50.00000 6408338    1   55.00000   50.00000  9.09%   0.0 2980s
 25675794     4   50.00000 6413866    1   55.00000   50.00000  9.09%   0.0 2985s
 25697906     4   50.00000 6419394    1   55.00000   50.00000  9.09%   0.0 2990s
 25720018     4   50.00000 6424922    1   55.00000   50.00000  9.09%   0.0 2995s
 25742130     4   50.00000 6430450    1   55.00000   50.00000  9.09%   0.0 3000s
 25764242     4   50.00000 6435978    1   55.00000   50.00000  9.09%   0.0 3005s
 25789118     4   50.00000 6442197    1   55.00000   50.00000  9.09%   0.0 3010s
 25811230     4   50.00000 6447725    1   55.00000   50.00000  9.09%   0.0 3015s
 25833342     4   50.00000 6453253    1   55.00000   50.00000  9.09%   0.0 3020s
 25855454     4   50.00000 6458781    1   55.00000   50.00000  9.09%   0.0 3025s
 25877566     4   50.00000 6464309    1   55.00000   50.00000  9.09%   0.0 3030s
 25899678     4   50.00000 6469837    1   55.00000   50.00000  9.09%   0.0 3035s
 25921790     4   50.00000 6475365    1   55.00000   50.00000  9.09%   0.0 3040s
 25943902     4   50.00000 6480893    1   55.00000   50.00000  9.09%   0.0 3045s
 25966014     4   50.00000 6486421    1   55.00000   50.00000  9.09%   0.0 3050s
 25988126     4   50.00000 6491949    1   55.00000   50.00000  9.09%   0.0 3055s
 26010238     4   50.00000 6497477    1   55.00000   50.00000  9.09%   0.0 3060s
 26032350     4   50.00000 6503005    1   55.00000   50.00000  9.09%   0.0 3065s
 26054462     4   50.00000 6508533    1   55.00000   50.00000  9.09%   0.0 3070s
 26076574     4   50.00000 6514061    1   55.00000   50.00000  9.09%   0.0 3075s
 26098686     4   50.00000 6519589    1   55.00000   50.00000  9.09%   0.0 3080s
 26120798     4   50.00000 6525117    1   55.00000   50.00000  9.09%   0.0 3085s
 26142910     4   50.00000 6530645    1   55.00000   50.00000  9.09%   0.0 3090s
 26165022     4   50.00000 6536173    1   55.00000   50.00000  9.09%   0.0 3095s
 26187134     4   50.00000 6541701    1   55.00000   50.00000  9.09%   0.0 3100s
 26209246     4   50.00000 6547229    1   55.00000   50.00000  9.09%   0.0 3105s
 26231358     4   50.00000 6552757    1   55.00000   50.00000  9.09%   0.0 3110s
 26253470     4   50.00000 6558285    1   55.00000   50.00000  9.09%   0.0 3115s
 26275582     4   50.00000 6563813    1   55.00000   50.00000  9.09%   0.0 3120s
 26297694     4   50.00000 6569341    1   55.00000   50.00000  9.09%   0.0 3125s
 26319806     4   50.00000 6574869    1   55.00000   50.00000  9.09%   0.0 3130s
 26341918     4   50.00000 6580397    1   55.00000   50.00000  9.09%   0.0 3135s
 26364030     4   50.00000 6585925    1   55.00000   50.00000  9.09%   0.0 3140s
 26386142     4   50.00000 6591453    1   55.00000   50.00000  9.09%   0.0 3145s
 26405490     4   50.00000 6596290    1   55.00000   50.00000  9.09%   0.0 3150s
 26427602     4   50.00000 6601818    1   55.00000   50.00000  9.09%   0.0 3155s
 26449714     4   50.00000 6607346    1   55.00000   50.00000  9.09%   0.0 3160s
 26471826     4   50.00000 6612874    1   55.00000   50.00000  9.09%   0.0 3165s
 26493938     4   50.00000 6618402    1   55.00000   50.00000  9.09%   0.0 3170s
 26516050     4   50.00000 6623930    1   55.00000   50.00000  9.09%   0.0 3175s
 26536780     4   50.00000 6628767    1   55.00000   50.00000  9.09%   0.0 3180s
 26556128     4   50.00000 6633604    1   55.00000   50.00000  9.09%   0.0 3185s
 26578240     4   50.00000 6639132    1   55.00000   50.00000  9.09%   0.0 3190s
 26600352     4   50.00000 6644660    1   55.00000   50.00000  9.09%   0.0 3195s
 26622464     4   50.00000 6650188    1   55.00000   50.00000  9.09%   0.0 3200s
 26641812     4   50.00000 6655025    1   55.00000   50.00000  9.09%   0.0 3205s
 26663924     4   50.00000 6660553    1   55.00000   50.00000  9.09%   0.0 3210s
 26686036     4   50.00000 6666081    1   55.00000   50.00000  9.09%   0.0 3215s
 26705384     4   50.00000 6670918    1   55.00000   50.00000  9.09%   0.0 3220s
 26727496     4   50.00000 6676446    1   55.00000   50.00000  9.09%   0.0 3225s
 26749608     4   50.00000 6681974    1   55.00000   50.00000  9.09%   0.0 3230s
 26771720     4   50.00000 6687502    1   55.00000   50.00000  9.09%   0.0 3235s
 26791068     4   50.00000 6692339    1   55.00000   50.00000  9.09%   0.0 3240s
 26813180     4   50.00000 6697867    1   55.00000   50.00000  9.09%   0.0 3245s
 26835292     4   50.00000 6703395    1   55.00000   50.00000  9.09%   0.0 3250s
 26854640     4   50.00000 6708232    1   55.00000   50.00000  9.09%   0.0 3255s
 26876752     4   50.00000 6713760    1   55.00000   50.00000  9.09%   0.0 3260s
 26898864     4   50.00000 6719288    1   55.00000   50.00000  9.09%   0.0 3265s
 26918212     4   50.00000 6724125    1   55.00000   50.00000  9.09%   0.0 3270s
 26940324     4   50.00000 6729653    1   55.00000   50.00000  9.09%   0.0 3275s
 26962436     4   50.00000 6735181    1   55.00000   50.00000  9.09%   0.0 3280s
 26981784     4   50.00000 6740018    1   55.00000   50.00000  9.09%   0.0 3285s
 27003896     4   50.00000 6745546    1   55.00000   50.00000  9.09%   0.0 3290s
 27023244     4   50.00000 6750383    1   55.00000   50.00000  9.09%   0.0 3295s
 27045356     4   50.00000 6755911    1   55.00000   50.00000  9.09%   0.0 3300s
 27067468     4   50.00000 6761439    1   55.00000   50.00000  9.09%   0.0 3305s
 27086816     4   50.00000 6766276    1   55.00000   50.00000  9.09%   0.0 3310s
 27108928     4   50.00000 6771804    1   55.00000   50.00000  9.09%   0.0 3315s
 27128276     4   50.00000 6776641    1   55.00000   50.00000  9.09%   0.0 3320s
 27150388     4   50.00000 6782169    1   55.00000   50.00000  9.09%   0.0 3325s
 27172500     4   50.00000 6787697    1   55.00000   50.00000  9.09%   0.0 3330s
 27191848     4   50.00000 6792534    1   55.00000   50.00000  9.09%   0.0 3335s
 27213960     4   50.00000 6798062    1   55.00000   50.00000  9.09%   0.0 3340s
 27233308     4   50.00000 6802899    1   55.00000   50.00000  9.09%   0.0 3345s
 27255420     4   50.00000 6808427    1   55.00000   50.00000  9.09%   0.0 3350s
 27277532     4   50.00000 6813955    1   55.00000   50.00000  9.09%   0.0 3355s
 27296880     4   50.00000 6818792    1   55.00000   50.00000  9.09%   0.0 3360s
 27318992     4   50.00000 6824320    1   55.00000   50.00000  9.09%   0.0 3365s
 27338340     4   50.00000 6829157    1   55.00000   50.00000  9.09%   0.0 3370s
 27360452     4   50.00000 6834685    1   55.00000   50.00000  9.09%   0.0 3375s
 27379800     4   50.00000 6839522    1   55.00000   50.00000  9.09%   0.0 3380s
 27401912     4   50.00000 6845050    1   55.00000   50.00000  9.09%   0.0 3385s
 27421260     4   50.00000 6849887    1   55.00000   50.00000  9.09%   0.0 3390s
 27443372     4   50.00000 6855415    1   55.00000   50.00000  9.09%   0.0 3395s
 27462720     4   50.00000 6860252    1   55.00000   50.00000  9.09%   0.0 3400s
 27484832     4   50.00000 6865780    1   55.00000   50.00000  9.09%   0.0 3405s
 27506944     4   50.00000 6871308    1   55.00000   50.00000  9.09%   0.0 3410s
 27526292     4   50.00000 6876145    1   55.00000   50.00000  9.09%   0.0 3415s
 27545640     4   50.00000 6880982    1   55.00000   50.00000  9.09%   0.0 3420s
 27567752     4   50.00000 6886510    1   55.00000   50.00000  9.09%   0.0 3425s
 27587100     4   50.00000 6891347    1   55.00000   50.00000  9.09%   0.0 3430s
 27609212     4   50.00000 6896875    1   55.00000   50.00000  9.09%   0.0 3435s
 27628560     4   50.00000 6901712    1   55.00000   50.00000  9.09%   0.0 3440s
 27650672     4   50.00000 6907240    1   55.00000   50.00000  9.09%   0.0 3445s
 27670020     4   50.00000 6912077    1   55.00000   50.00000  9.09%   0.0 3450s
 27692132     4   50.00000 6917605    1   55.00000   50.00000  9.09%   0.0 3455s
 27711480     4   50.00000 6922442    1   55.00000   50.00000  9.09%   0.0 3460s
 27733592     4   50.00000 6927970    1   55.00000   50.00000  9.09%   0.0 3465s
 27752940     4   50.00000 6932807    1   55.00000   50.00000  9.09%   0.0 3470s
 27775052     4   50.00000 6938335    1   55.00000   50.00000  9.09%   0.0 3475s
 27794400     4   50.00000 6943172    1   55.00000   50.00000  9.09%   0.0 3480s
 27813748     4   50.00000 6948009    1   55.00000   50.00000  9.09%   0.0 3485s
 27835860     4   50.00000 6953537    1   55.00000   50.00000  9.09%   0.0 3490s
 27855208     4   50.00000 6958374    1   55.00000   50.00000  9.09%   0.0 3495s
 27877320     4   50.00000 6963902    1   55.00000   50.00000  9.09%   0.0 3500s
 27896668     4   50.00000 6968739    1   55.00000   50.00000  9.09%   0.0 3505s
 27915325     4   50.00000 6973576    1   55.00000   50.00000  9.09%   0.0 3510s
 27934673     4   50.00000 6978413    1   55.00000   50.00000  9.09%   0.0 3515s
 27956785     4   50.00000 6983941    1   55.00000   50.00000  9.09%   0.0 3520s
 27976133     4   50.00000 6988778    1   55.00000   50.00000  9.09%   0.0 3525s
 27998245     4   50.00000 6994306    1   55.00000   50.00000  9.09%   0.0 3530s
 28017593     4   50.00000 6999143    1   55.00000   50.00000  9.09%   0.0 3535s
 28039705     4   50.00000 7004671    1   55.00000   50.00000  9.09%   0.0 3540s
 28059053     4   50.00000 7009508    1   55.00000   50.00000  9.09%   0.0 3545s
 28078401     4   50.00000 7014345    1   55.00000   50.00000  9.09%   0.0 3550s
 28100513     4   50.00000 7019873    1   55.00000   50.00000  9.09%   0.0 3555s
 28119861     4   50.00000 7024710    1   55.00000   50.00000  9.09%   0.0 3560s
 28141973     4   50.00000 7030238    1   55.00000   50.00000  9.09%   0.0 3565s
 28161321     4   50.00000 7035075    1   55.00000   50.00000  9.09%   0.0 3570s
 28183433     4   50.00000 7040603    1   55.00000   50.00000  9.09%   0.0 3575s
 28202781     4   50.00000 7045440    1   55.00000   50.00000  9.09%   0.0 3580s
 28222129     4   50.00000 7050277    1   55.00000   50.00000  9.09%   0.0 3585s
 28244241     4   50.00000 7055805    1   55.00000   50.00000  9.09%   0.0 3590s
 28263589     4   50.00000 7060642    1   55.00000   50.00000  9.09%   0.0 3595s

Cutting planes:
  Learned: 37
  Gomory: 1
  Cover: 1
  Implied bound: 10
  MIR: 32
  Flow cover: 11

Explored 28285701 nodes (2354 simplex iterations) in 3600.59 seconds (146.78 work units)
Thread count was 16 (of 16 available processors)

Solution count 9: 55 56 57 ... 138

Time limit reached
Best objective 5.500000000000e+01, best bound 5.000000000000e+01, gap 9.0909%
Warning: constraint name "precedence between 0,1 to 0,0 if x_[j,l,h,z,i]=1" has a space
Warning: constraint name "precedence between 0,1 to 0,0 if x_[j,l,h,z,i]=1" has a space
Warning: default constraint names used to write mps file
