
Gurobi 10.0.1 (win64) logging started Thu Oct  5 12:31:41 2023

Set parameter LogFile to value "./results//log/BA_06_deadline_heurTrue.log"
Gurobi Optimizer version 10.0.1 build v10.0.1rc0 (win64)

CPU model: AMD Ryzen 7 3700X 8-Core Processor, instruction set [SSE2|AVX|AVX2]
Thread count: 8 physical cores, 16 logical processors, using up to 16 threads

Optimize a model with 73 rows, 103 columns and 202 nonzeros
Model fingerprint: 0xbaad9d94
Model has 1 quadratic constraint
Variable types: 0 continuous, 103 integer (93 binary)
Coefficient statistics:
  Matrix range     [1e+00, 1e+07]
  QMatrix range    [1e+00, 1e+00]
  QLMatrix range   [1e+00, 6e+00]
  Objective range  [1e+00, 1e+00]
  Bounds range     [1e+00, 1e+00]
  RHS range        [1e+00, 3e+07]

User MIP start did not produce a new incumbent solution
User MIP start violates constraint initial_start_time_job0_stage0_machine1_constraint by 2.000000000

Presolve removed 47 rows and 84 columns
Presolve time: 0.02s
Presolved: 26 rows, 19 columns, 72 nonzeros
Variable types: 0 continuous, 19 integer (9 binary)
Found heuristic solution: objective 1.000007e+07
Found heuristic solution: objective 100.0000000
Found heuristic solution: objective 91.0000000
Found heuristic solution: objective 89.0000000

Root relaxation: objective 1.900000e+01, 8 iterations, 0.00 seconds (0.00 work units)

    Nodes    |    Current Node    |     Objective Bounds      |     Work
 Expl Unexpl |  Obj  Depth IntInf | Incumbent    BestBd   Gap | It/Node Time

     0     0   19.00000    0    8   89.00000   19.00000  78.7%     -    0s
Another try with MIP start
H    0     0                      85.0000000   36.00000  57.6%     -    0s
H    0     0                      84.0000000   36.00000  57.1%     -    0s
H    0     0                      74.0000000   36.00000  51.4%     -    0s
H    0     0                      73.0000000   36.00000  50.7%     -    0s
     0     0   73.00000    0    9   73.00000   73.00000  0.00%     -    0s

Cutting planes:
  Implied bound: 5
  Relax-and-lift: 2

Explored 1 nodes (35 simplex iterations) in 0.02 seconds (0.00 work units)
Thread count was 16 (of 16 available processors)

Solution count 8: 73 74 84 ... 1.00001e+07

Optimal solution found (tolerance 1.00e-04)
Best objective 7.300000000000e+01, best bound 7.300000000000e+01, gap 0.0000%
Warning: constraint name "precedence between 0,0 to 1,1 if x_[0,0,1,1,0]=0, i.e. 1,1 before 0,0" has a space
Warning: constraint name "precedence between 0,0 to 1,1 if x_[0,0,1,1,0]=0, i.e. 1,1 before 0,0" has a space
Warning: default constraint names used to write mps file
