
Gurobi 10.0.1 (win64) logging started Sat Aug 26 14:36:01 2023

Set parameter LogFile to value "results//log/BA_09_makespan.log"
Gurobi Optimizer version 10.0.1 build v10.0.1rc0 (win64)

CPU model: AMD Ryzen 7 3700X 8-Core Processor, instruction set [SSE2|AVX|AVX2]
Thread count: 8 physical cores, 16 logical processors, using up to 16 threads

Optimize a model with 83 rows, 100 columns and 278 nonzeros
Model fingerprint: 0x806e8de9
Variable types: 9 continuous, 91 integer (90 binary)
Coefficient statistics:
  Matrix range     [1e+00, 1e+06]
  Objective range  [1e+00, 1e+00]
  Bounds range     [1e+00, 1e+00]
  RHS range        [1e+00, 3e+06]
Found heuristic solution: objective 126.0000000
Presolve removed 43 rows and 75 columns
Presolve time: 0.00s
Presolved: 40 rows, 25 columns, 114 nonzeros
Variable types: 8 continuous, 17 integer (16 binary)

Root relaxation: objective 5.400000e+01, 13 iterations, 0.00 seconds (0.00 work units)

    Nodes    |    Current Node    |     Objective Bounds      |     Work
 Expl Unexpl |  Obj  Depth IntInf | Incumbent    BestBd   Gap | It/Node Time

     0     0   54.00000    0    3  126.00000   54.00000  57.1%     -    0s
H    0     0                     119.0000000   58.00000  51.3%     -    0s
H    0     0                      98.0000000   58.00000  40.8%     -    0s
H    0     0                      97.0000000   58.00000  40.2%     -    0s
     0     0   61.00000    0    3   97.00000   61.00000  37.1%     -    0s
     0     0   81.00000    0    4   97.00000   81.00000  16.5%     -    0s
     0     0 infeasible    0        97.00000   97.00000  0.00%     -    0s

Cutting planes:
  Learned: 1
  Gomory: 2
  Implied bound: 6
  MIR: 5
  StrongCG: 2
  RLT: 5
  Relax-and-lift: 5

Explored 1 nodes (91 simplex iterations) in 0.02 seconds (0.00 work units)
Thread count was 16 (of 16 available processors)

Solution count 5: 97 97 98 ... 126

Optimal solution found (tolerance 1.00e-04)
Best objective 9.700000000000e+01, best bound 9.700000000000e+01, gap 0.0000%
Warning: constraint name "precedence between 0,2 to 0,0 if x_[j,l,h,z,i]=1" has a space
Warning: constraint name "precedence between 0,2 to 0,0 if x_[j,l,h,z,i]=1" has a space
Warning: default constraint names used to write mps file
