
Gurobi 10.0.1 (win64) logging started Thu Oct  5 12:32:22 2023

Set parameter LogFile to value "./results//log/BA_13_makespan_heurFalse.log"
Gurobi Optimizer version 10.0.1 build v10.0.1rc0 (win64)

CPU model: AMD Ryzen 7 3700X 8-Core Processor, instruction set [SSE2|AVX|AVX2]
Thread count: 8 physical cores, 16 logical processors, using up to 16 threads

Optimize a model with 621 rows, 433 columns and 2582 nonzeros
Model fingerprint: 0x338252ea
Variable types: 0 continuous, 433 integer (378 binary)
Coefficient statistics:
  Matrix range     [1e+00, 1e+07]
  Objective range  [1e+00, 1e+00]
  Bounds range     [1e+00, 1e+00]
  RHS range        [1e+00, 3e+07]
Found heuristic solution: objective 144.0000000
Presolve removed 82 rows and 169 columns
Presolve time: 0.01s
Presolved: 539 rows, 264 columns, 2448 nonzeros
Variable types: 0 continuous, 264 integer (210 binary)

Root relaxation: objective 4.300000e+01, 78 iterations, 0.00 seconds (0.00 work units)

    Nodes    |    Current Node    |     Objective Bounds      |     Work
 Expl Unexpl |  Obj  Depth IntInf | Incumbent    BestBd   Gap | It/Node Time

     0     0   43.00000    0    2  144.00000   43.00000  70.1%     -    0s
H    0     0                     141.0000000   43.00000  69.5%     -    0s
H    0     0                     138.0000000   43.00000  68.8%     -    0s
H    0     0                     120.0000000   43.00000  64.2%     -    0s
     0     0   43.00000    0    8  120.00000   43.00000  64.2%     -    0s
     0     0   44.10394    0   37  120.00000   44.10394  63.2%     -    0s
H    0     0                     113.0000000   44.10394  61.0%     -    0s
     0     0   44.98982    0   46  113.00000   44.98982  60.2%     -    0s
     0     0   45.00858    0   44  113.00000   45.00858  60.2%     -    0s
     0     0   45.00858    0   43  113.00000   45.00858  60.2%     -    0s
     0     0   45.23631    0   46  113.00000   45.23631  60.0%     -    0s
H    0     0                     106.0000000   45.26209  57.3%     -    0s
     0     0   45.26209    0   42  106.00000   45.26209  57.3%     -    0s
     0     0   45.33355    0   46  106.00000   45.33355  57.2%     -    0s
     0     0   45.33364    0   46  106.00000   45.33364  57.2%     -    0s
     0     0   45.63477    0   39  106.00000   45.63477  56.9%     -    0s
     0     0   45.65952    0   44  106.00000   45.65952  56.9%     -    0s
     0     0   45.68210    0   41  106.00000   45.68210  56.9%     -    0s
     0     0   45.68210    0   41  106.00000   45.68210  56.9%     -    0s
     0     0   46.01531    0   36  106.00000   46.01531  56.6%     -    0s
     0     0   46.01531    0   43  106.00000   46.01531  56.6%     -    0s
     0     0   46.05153    0   46  106.00000   46.05153  56.6%     -    0s
     0     0   46.05201    0   46  106.00000   46.05201  56.6%     -    0s
     0     0   46.12588    0   42  106.00000   46.12588  56.5%     -    0s
     0     0   46.12588    0   42  106.00000   46.12588  56.5%     -    0s
     0     0   46.12588    0   40  106.00000   46.12588  56.5%     -    0s
     0     0   46.12588    0   44  106.00000   46.12588  56.5%     -    0s
H    0     0                     104.0000000   46.12588  55.6%     -    0s
     0     0   46.12588    0   34  104.00000   46.12588  55.6%     -    0s
     0     0   46.12588    0   45  104.00000   46.12588  55.6%     -    0s
H    0     0                     102.0000000   46.12588  54.8%     -    0s
     0     0   46.12588    0   34  102.00000   46.12588  54.8%     -    0s
     0     0   46.12588    0   44  102.00000   46.12588  54.8%     -    0s
     0     0   46.12588    0   31  102.00000   46.12588  54.8%     -    0s
     0     0   46.12588    0   29  102.00000   46.12588  54.8%     -    0s
     0     2   46.12588    0   29  102.00000   46.12588  54.8%     -    0s
H  123   128                     101.0000000   47.35462  53.1%   9.8    0s
H  180   141                      99.0000000   47.35462  52.2%   8.6    0s
H  200   141                      98.0000000   47.35462  51.7%   8.3    0s
H  205   141                      96.0000000   47.35462  50.7%   8.1    0s
H 9077   208                      95.0000000   47.35462  50.2%   0.2    0s
H 9299   208                      93.0000000   47.35462  49.1%   0.2    0s
H19425  1825                      92.0000000   49.34377  46.4%   1.5    1s
H20252  2146                      90.0000000   49.69440  44.8%   1.9    1s
H33549  7503                      86.0000000   52.31828  39.2%   5.2    2s
 40925 10204   53.42347   41   29   86.00000   53.12552  38.2%   6.4    5s
 41031 10275   77.00000   47   73   86.00000   54.32171  36.8%   6.4   10s
 65704 12210   57.71958   68   52   86.00000   57.12829  33.6%   8.6   15s
 122008 26290   73.04788   66   48   86.00000   61.83524  28.1%   9.4   20s
 173550 37104   71.79626   74   39   86.00000   64.20917  25.3%   9.8   25s
 220449 45955   69.08696   69   36   86.00000   65.86452  23.4%  10.0   30s
 261749 52187   72.10322   65   44   86.00000   67.04762  22.0%  10.1   35s
 307357 57867   81.90244   69   33   86.00000   68.19718  20.7%  10.3   40s
 348843 61930 infeasible   80        86.00000   69.16883  19.6%  10.4   45s
 387117 64587   74.85599   70   36   86.00000   70.04865  18.5%  10.5   50s
 416023 66574     cutoff   68        86.00000   70.66501  17.8%  10.5   55s
 449869 68458     cutoff   75        86.00000   71.30192  17.1%  10.6   60s
 481726 69379   82.64815   71   31   86.00000   72.00000  16.3%  10.6   65s
 512127 70416   81.70049   64   43   86.00000   72.53178  15.7%  10.7   70s
 539208 70540     cutoff   70        86.00000   73.00114  15.1%  10.7   75s
 562203 70332   78.40039   72   26   86.00000   73.49786  14.5%  10.7   80s
 585702 69573   79.00000   74   17   86.00000   74.00000  14.0%  10.8   85s
 610640 68788     cutoff   72        86.00000   74.43549  13.4%  10.8   90s
 630981 67790   78.30769   71   11   86.00000   74.93750  12.9%  10.9   95s
 654544 66570   85.00000   62   36   86.00000   75.23564  12.5%  10.9  100s
 677031 64935   76.35101   72   54   86.00000   75.76705  11.9%  10.9  105s
 699548 63154     cutoff   74        86.00000   76.06319  11.6%  11.0  110s
 719916 60936   76.89535   72   37   86.00000   76.52876  11.0%  11.0  115s
 740087 58229   83.05263   72   19   86.00000   77.00000  10.5%  11.0  120s
 761163 55477   83.34630   72   24   86.00000   77.33333  10.1%  11.1  125s
 780215 52216   83.22864   73   32   86.00000   77.95597  9.35%  11.1  130s
 799295 48962     cutoff   79        86.00000   78.20204  9.07%  11.2  135s
 818580 45224     cutoff   78        86.00000   78.83095  8.34%  11.2  140s
 836651 41193   82.23529   74   15   86.00000   79.12308  8.00%  11.2  145s
 855965 36431     cutoff   77        86.00000   79.90192  7.09%  11.3  150s
 872374 32425     cutoff   68        86.00000   80.15107  6.80%  11.3  155s
 889984 26545     cutoff   84        86.00000   81.00000  5.81%  11.3  160s
 906459 21488     cutoff   69        86.00000   81.50000  5.23%  11.4  165s
 924447 14159     cutoff   74        86.00000   82.32922  4.27%  11.4  170s
 943885  3147     cutoff   69        86.00000   84.00000  2.33%  11.4  175s

Cutting planes:
  Learned: 223
  Gomory: 152
  Cover: 13
  Implied bound: 3
  Projected implied bound: 3
  MIR: 348
  StrongCG: 235
  Flow cover: 685
  Inf proof: 201
  Zero half: 91
  RLT: 47
  Relax-and-lift: 12

Explored 949939 nodes (10865023 simplex iterations) in 175.91 seconds (85.36 work units)
Thread count was 16 (of 16 available processors)

Solution count 10: 86 90 92 ... 102

Optimal solution found (tolerance 1.00e-04)
Best objective 8.600000000000e+01, best bound 8.600000000000e+01, gap 0.0000%
Warning: constraint name "precedence between 0,0 to 0,2 if x_[0,0,0,2,3]=0, i.e. 0,2 before 0,0" has a space
Warning: constraint name "precedence between 0,0 to 0,2 if x_[0,0,0,2,3]=0, i.e. 0,2 before 0,0" has a space
Warning: default constraint names used to write mps file
