
Gurobi 10.0.1 (win64) logging started Thu Oct  5 18:50:10 2023

Set parameter LogFile to value "./results//log/BA_15_deadline_heurFalse.log"
Gurobi Optimizer version 10.0.1 build v10.0.1rc0 (win64)

CPU model: AMD Ryzen 7 3700X 8-Core Processor, instruction set [SSE2|AVX|AVX2]
Thread count: 8 physical cores, 16 logical processors, using up to 16 threads

Optimize a model with 859 rows, 589 columns and 3493 nonzeros
Model fingerprint: 0x3f73e530
Model has 1 quadratic constraint
Variable types: 0 continuous, 589 integer (525 binary)
Coefficient statistics:
  Matrix range     [1e+00, 1e+07]
  QMatrix range    [1e+00, 1e+00]
  QLMatrix range   [1e+00, 1e+01]
  Objective range  [1e+00, 1e+00]
  Bounds range     [1e+00, 1e+00]
  RHS range        [1e+00, 3e+07]
Presolve removed 106 rows and 237 columns
Presolve time: 0.02s
Presolved: 775 rows, 373 columns, 3464 nonzeros
Variable types: 0 continuous, 373 integer (288 binary)

Root relaxation: objective 0.000000e+00, 76 iterations, 0.00 seconds (0.00 work units)

    Nodes    |    Current Node    |     Objective Bounds      |     Work
 Expl Unexpl |  Obj  Depth IntInf | Incumbent    BestBd   Gap | It/Node Time

     0     0    0.00000    0    9          -    0.00000      -     -    0s
H    0     0                      87.0000000    0.00000   100%     -    0s
H    0     0                      69.0000000    0.00000   100%     -    0s
     0     0    0.00000    0   11   69.00000    0.00000   100%     -    0s
     0     0    0.00000    0   20   69.00000    0.00000   100%     -    0s
H    0     0                      64.0000000    0.00000   100%     -    0s
     0     0    0.00000    0    7   64.00000    0.00000   100%     -    0s
     0     0    0.00000    0   17   64.00000    0.00000   100%     -    0s
     0     0    0.00000    0    2   64.00000    0.00000   100%     -    0s
     0     0    0.00000    0   35   64.00000    0.00000   100%     -    0s
     0     0    0.00000    0    4   64.00000    0.00000   100%     -    0s
     0     0    0.00000    0   18   64.00000    0.00000   100%     -    0s
     0     0    0.00000    0   18   64.00000    0.00000   100%     -    0s
     0     0    0.00000    0   22   64.00000    0.00000   100%     -    0s
     0     0    0.00000    0    3   64.00000    0.00000   100%     -    0s
     0     0    0.00000    0    3   64.00000    0.00000   100%     -    1s
     0     2    0.00000    0    3   64.00000    0.00000   100%     -    1s
H  223   223                      61.0000000    0.00000   100%  19.3    1s
H  431   258                      58.0000000    0.00000   100%  12.0    1s
H11068   274                      56.0000000    0.00000   100%   0.5    3s
 14573   393   25.00000   24   41   56.00000    8.00000  85.7%   1.3    5s
H15062   773                      53.0000000    8.00000  84.9%   3.3    8s
H15207   704                      49.0000000    8.00000  83.7%   3.4    8s
 18246  2282    8.00000   64   20   49.00000    8.00000  83.7%   4.8   10s
 39553 11533 infeasible   97        49.00000    8.00000  83.7%   7.6   15s
 61274 21359   15.00000   73   24   49.00000    8.00000  83.7%   8.5   20s
 99277 36601   33.62500   87   17   49.00000    8.00000  83.7%   8.8   25s
 134709 50710   48.00000   80   21   49.00000    8.00000  83.7%   9.0   30s
 153100 60216   43.00000   79   20   49.00000    8.00000  83.7%   9.1   35s
 186630 71894   44.00000   92    6   49.00000    8.00000  83.7%   9.2   40s
 227015 91600   11.00000   71   21   49.00000    8.00000  83.7%   9.2   45s
 250416 98417    8.00000   68   24   49.00000    8.00000  83.7%   9.3   50s
*287671 111216              99      48.0000000    8.00000  83.3%   9.3   53s
*287677 107052             102      46.0000000    8.00000  82.6%   9.3   53s
H288131 106510                      45.0000000    8.00000  82.2%   9.3   54s
 302737 110446    8.00000   66   28   45.00000    8.00000  82.2%   9.3   55s
H327260 116836                      44.0000000    8.00000  81.8%   9.3   56s
 356163 128301 infeasible   83        44.00000    8.00000  81.8%   9.4   60s
H362279 124414                      42.0000000    8.00000  81.0%   9.4   60s
H365552 121109                      41.0000000    8.00000  80.5%   9.4   63s
 373729 124169   30.00000   84   31   41.00000    8.00000  80.5%   9.5   65s
 393350 130107   10.00000   79   22   41.00000    8.00000  80.5%   9.6   70s
 438103 145755 infeasible   79        41.00000    8.00000  80.5%   9.8   75s
 478780 157728   30.00000   85   19   41.00000    8.00000  80.5%   9.9   81s
 500659 164302 infeasible   85        41.00000    8.00000  80.5%  10.0   86s
 527687 175277   39.00000   92   18   41.00000    8.00000  80.5%  10.1   90s
 564338 187152   22.08437   79   27   41.00000    8.00000  80.5%  10.1   95s
 596373 195987    8.00000   78   25   41.00000    8.00000  80.5%  10.2  100s
 629797 209752   24.00000   85   18   41.00000    8.00000  80.5%  10.2  105s
 672359 222557   37.00000   94   13   41.00000    8.00000  80.5%  10.2  110s
 695324 229628 infeasible   88        41.00000    8.00000  80.5%  10.2  115s
 728123 241042   21.00000   77   25   41.00000    8.00000  80.5%  10.3  120s
 765235 250000   19.00000   89   20   41.00000    8.22059  79.9%  10.3  125s
 836524 270206 infeasible   80        41.00000    9.00000  78.0%  10.1  130s
 914188 291372 infeasible   77        41.00000    9.00000  78.0%  10.0  135s
 999227 314671 infeasible   80        41.00000   10.00000  75.6%   9.9  140s
 1073794 334641 infeasible   96        41.00000   10.00000  75.6%   9.8  145s
 1154670 355565 infeasible   89        41.00000   10.00000  75.6%   9.7  150s
 1228498 375241   37.00000   81   15   41.00000   11.00000  73.2%   9.6  155s
 1306853 396162   22.00000   89   18   41.00000   11.00000  73.2%   9.5  160s
 1376248 414507   24.00000   93   16   41.00000   11.00000  73.2%   9.5  165s
 1439956 431203   34.00000   90   13   41.00000   11.00000  73.2%   9.4  170s
 1520511 452109   35.00000   92   14   41.00000   11.02899  73.1%   9.4  175s
 1600004 471744 infeasible   83        41.00000   12.00000  70.7%   9.3  180s
 1672162 489403   13.00000   75   19   41.00000   12.00000  70.7%   9.2  185s
 1748066 508346   12.00000   85   18   41.00000   12.00000  70.7%   9.2  190s
 1821200 527210   18.00000   87   17   41.00000   12.00000  70.7%   9.2  195s
 1895343 545805   17.00000   75   18   41.00000   12.00000  70.7%   9.1  200s
 1966821 563042   30.00000   75   13   41.00000   12.42424  69.7%   9.1  205s
 2033660 578361   26.00000   87   16   41.00000   13.00000  68.3%   9.0  210s
 2104047 592792 infeasible   86        41.00000   13.00000  68.3%   9.0  215s
 2171783 608486   34.00000   86   12   41.00000   13.00000  68.3%   9.0  220s
 2237144 622612 infeasible   82        41.00000   13.00000  68.3%   8.9  225s
 2303336 637543 infeasible   87        41.00000   13.00000  68.3%   8.9  230s
 2366772 653562 infeasible   80        41.00000   13.00000  68.3%   8.9  235s
 2414466 662852 infeasible   84        41.00000   13.00000  68.3%   8.9  240s
 2484162 678248 infeasible   85        41.00000   13.00000  68.3%   8.9  245s
 2554284 693673   27.00000   82   21   41.00000   13.00000  68.3%   8.8  250s
 2616435 706647 infeasible   99        41.00000   14.00000  65.9%   8.8  255s
 2689894 719976 infeasible  104        41.00000   14.00000  65.9%   8.8  260s
 2754462 733764   39.00000   86    7   41.00000   14.00000  65.9%   8.8  265s
 2821670 747230   31.00000   91   14   41.00000   14.00000  65.9%   8.8  270s
 2886109 760013   24.00000   82   21   41.00000   14.00000  65.9%   8.7  275s
 2951676 773381   31.00000   85   12   41.00000   14.00000  65.9%   8.7  280s
 3019434 785821   30.00000   90   20   41.00000   14.00000  65.9%   8.7  285s
 3085240 798466 infeasible   81        41.00000   14.00000  65.9%   8.7  290s
 3146867 811793   38.00000   87   11   41.00000   14.00000  65.9%   8.7  295s
 3210979 824344 infeasible   79        41.00000   14.03571  65.8%   8.7  300s
 3268759 833640   28.00000   91   12   41.00000   15.00000  63.4%   8.7  305s
 3324154 843049   37.00000   88   15   41.00000   15.00000  63.4%   8.7  310s
 3366856 850667   33.00000   84   15   41.00000   15.00000  63.4%   8.6  315s
 3424806 859466   20.00000   84   23   41.00000   15.00000  63.4%   8.7  320s
 3489088 871224   15.00000   79   21   41.00000   15.00000  63.4%   8.6  325s
 3554136 883640   38.21429   82   20   41.00000   15.00000  63.4%   8.6  330s
 3614781 895366   39.00000   88    8   41.00000   15.00000  63.4%   8.6  335s
 3677475 908208   15.00000   73   19   41.00000   15.00000  63.4%   8.6  340s
 3741459 922837   37.00000   84   21   41.00000   15.00000  63.4%   8.6  345s
 3802003 935220   30.00000   81   18   41.00000   15.00000  63.4%   8.6  350s
 3867882 948275   15.00000   85   19   41.00000   15.00000  63.4%   8.6  355s
 3928945 960794 infeasible   85        41.00000   15.00000  63.4%   8.6  360s
 3983753 969781 infeasible   88        41.00000   16.00000  61.0%   8.6  365s
 4035762 977490 infeasible   87        41.00000   16.00000  61.0%   8.6  370s
 4092034 986525   31.00000   91   14   41.00000   16.00000  61.0%   8.6  375s
 4150464 996038   26.00000   77   15   41.00000   16.00000  61.0%   8.6  380s
 4207659 1005297   29.81818   89   19   41.00000   16.00000  61.0%   8.6  385s
 4260218 1013861   29.00000   84   17   41.00000   16.00000  61.0%   8.6  390s
 4315960 1024386   30.00000   88   14   41.00000   16.00000  61.0%   8.6  395s
 4372801 1033964   19.00000   80   28   41.00000   16.00000  61.0%   8.6  400s
 4429108 1042114   28.29032   84   27   41.00000   16.00000  61.0%   8.6  405s
 4481673 1052631 infeasible   83        41.00000   16.00000  61.0%   8.6  410s
 4538308 1061300   25.17647   85   23   41.00000   16.00000  61.0%   8.6  415s
 4597317 1071794   37.00000   80   11   41.00000   16.00000  61.0%   8.5  420s
 4642171 1078004 infeasible   79        41.00000   17.00000  58.5%   8.5  426s
 4674733 1081493   30.00000   86   13   41.00000   17.00000  58.5%   8.5  430s
 4729255 1088569   30.00000   74   17   41.00000   17.00000  58.5%   8.5  435s
 4781342 1095749   29.00000   81   13   41.00000   17.00000  58.5%   8.5  440s
 4835411 1103373   19.00000   78   23   41.00000   17.00000  58.5%   8.5  445s
 4886883 1111376 infeasible   87        41.00000   17.00000  58.5%   8.5  450s
 4940055 1118641   25.27778   85   23   41.00000   17.00000  58.5%   8.5  455s
 4995985 1126958 infeasible   87        41.00000   17.00000  58.5%   8.5  460s
 5045169 1135505   33.00000   85   20   41.00000   17.00000  58.5%   8.5  465s
 5099712 1143144 infeasible   94        41.00000   17.00000  58.5%   8.5  470s
 5156037 1152191   35.00000   81   18   41.00000   17.00000  58.5%   8.5  475s
 5204100 1159341   30.00000   77   21   41.00000   17.00000  58.5%   8.5  480s
 5258692 1167991   38.00000   83   16   41.00000   17.00000  58.5%   8.5  485s
 5312462 1177305 infeasible   86        41.00000   17.00000  58.5%   8.5  490s
 5362594 1185760 infeasible   86        41.00000   17.00000  58.5%   8.5  495s
 5411564 1194314 infeasible   88        41.00000   17.00000  58.5%   8.5  500s
 5462642 1201432 infeasible   83        41.00000   17.00000  58.5%   8.5  505s
 5511100 1210396   36.00000   75   16   41.00000   17.00000  58.5%   8.5  510s
 5558507 1216273 infeasible   81        41.00000   18.00000  56.1%   8.5  515s
 5606702 1222533   27.00000   88   13   41.00000   18.00000  56.1%   8.5  520s
 5641093 1226449   35.00000   81   12   41.00000   18.00000  56.1%   8.5  525s
 5688508 1232434   24.00000   74   17   41.00000   18.00000  56.1%   8.5  530s
 5735663 1238074 infeasible   84        41.00000   18.00000  56.1%   8.5  535s
 5786843 1245746   18.00000   86   20   41.00000   18.00000  56.1%   8.5  540s
 5833879 1252032 infeasible   98        41.00000   18.00000  56.1%   8.5  545s
 5882871 1258958 infeasible   79        41.00000   18.00000  56.1%   8.5  550s
 5928028 1265232   22.00000   83   16   41.00000   18.00000  56.1%   8.5  555s
 5974696 1272042   27.00000   82   20   41.00000   18.00000  56.1%   8.5  560s
 6020764 1278343   18.00000   89   17   41.00000   18.00000  56.1%   8.5  565s
 6068853 1284721   25.00000   85   20   41.00000   18.00000  56.1%   8.5  570s
 6112575 1290739   18.00000   76   25   41.00000   18.00000  56.1%   8.5  575s
 6162679 1298400 infeasible   82        41.00000   18.00000  56.1%   8.5  580s
 6205365 1303918 infeasible   89        41.00000   18.00000  56.1%   8.5  585s
 6251900 1310986 infeasible   92        41.00000   18.00000  56.1%   8.5  592s
 6279730 1314420 infeasible   93        41.00000   18.00000  56.1%   8.5  595s
 6326773 1321245   37.00000   85   26   41.00000   18.00000  56.1%   8.5  600s
 6373598 1328363   27.00000   86   20   41.00000   18.00000  56.1%   8.5  605s
 6418956 1336248   33.00000   89   18   41.00000   18.00000  56.1%   8.5  610s
 6469767 1344383   18.00000   89   27   41.00000   18.00000  56.1%   8.5  615s
 6513523 1349709   22.00000   84   21   41.00000   18.00000  56.1%   8.5  620s
 6557077 1356209 infeasible   87        41.00000   18.00000  56.1%   8.5  625s
 6602590 1362152   37.00000   84   18   41.00000   18.00000  56.1%   8.5  630s
 6645846 1367756   40.00000   76   10   41.00000   18.59259  54.7%   8.5  635s
 6684973 1371321 infeasible   84        41.00000   19.00000  53.7%   8.5  640s
 6724773 1374023   36.00000   88   11   41.00000   19.00000  53.7%   8.5  645s
 6767672 1377596 infeasible   87        41.00000   19.00000  53.7%   8.5  650s
 6807776 1380688   23.00000   91   15   41.00000   19.00000  53.7%   8.5  655s
 6848328 1384434 infeasible   93        41.00000   19.00000  53.7%   8.5  660s
 6891443 1388774   29.00000   78   16   41.00000   19.00000  53.7%   8.5  665s
 6935541 1393978 infeasible   90        41.00000   19.00000  53.7%   8.5  670s
 6980750 1399139   36.00000   76   13   41.00000   19.00000  53.7%   8.5  675s
 7023061 1403844   37.00000   77   18   41.00000   19.00000  53.7%   8.5  680s
 7062295 1407978 infeasible   85        41.00000   19.00000  53.7%   8.5  685s
 7106269 1413472   30.00000   95   18   41.00000   19.00000  53.7%   8.5  690s
 7148581 1416528   19.08437   77   30   41.00000   19.00000  53.7%   8.5  695s
 7193287 1422034   26.00000   92   16   41.00000   19.00000  53.7%   8.5  700s
 7237762 1428470   25.59259   82   25   41.00000   19.00000  53.7%   8.5  705s
 7283837 1433399   26.00000   80   22   41.00000   19.00000  53.7%   8.5  710s
 7327257 1440057   24.00000   80   18   41.00000   19.00000  53.7%   8.5  715s
 7374646 1444707   36.00000   85   13   41.00000   19.00000  53.7%   8.5  720s
 7418894 1450312 infeasible   89        41.00000   19.00000  53.7%   8.5  725s
 7455062 1455430 infeasible   89        41.00000   19.00000  53.7%   8.5  730s
 7500628 1460842   38.00000   82   20   41.00000   19.00000  53.7%   8.5  735s
 7549268 1467356 infeasible   88        41.00000   19.00000  53.7%   8.5  740s
 7595427 1473039   31.00000   89   23   41.00000   19.00000  53.7%   8.5  745s
 7641493 1479894 infeasible   72        41.00000   19.00000  53.7%   8.5  750s
 7682018 1483290 infeasible   84        41.00000   19.92857  51.4%   8.5  755s
 7722652 1484808 infeasible   80        41.00000   20.00000  51.2%   8.5  760s
 7764716 1487333 infeasible   87        41.00000   20.00000  51.2%   8.5  765s
 7801356 1490068   20.76000   90   23   41.00000   20.00000  51.2%   8.5  770s
 7848300 1493501   39.00000   83   12   41.00000   20.00000  51.2%   8.5  775s
 7889499 1496791 infeasible   85        41.00000   20.00000  51.2%   8.5  780s
 7929616 1499760 infeasible   83        41.00000   20.00000  51.2%   8.5  785s
 7974137 1504024   33.00000   84   13   41.00000   20.00000  51.2%   8.5  790s
 8020078 1508365 infeasible   94        41.00000   20.00000  51.2%   8.5  795s
 8053726 1510982   36.00000   90   13   41.00000   20.00000  51.2%   8.5  800s
 8099679 1515718 infeasible   80        41.00000   20.00000  51.2%   8.5  805s
 8141732 1519940 infeasible   72        41.00000   20.00000  51.2%   8.5  810s
 8182253 1523399 infeasible   80        41.00000   20.00000  51.2%   8.5  815s
 8222910 1527056 infeasible   79        41.00000   20.00000  51.2%   8.5  820s
 8264001 1531037     cutoff   81        41.00000   20.00000  51.2%   8.5  825s
 8300990 1534479 infeasible   88        41.00000   20.00000  51.2%   8.5  831s
 8335443 1537915 infeasible   90        41.00000   20.00000  51.2%   8.5  835s
 8380471 1543060   33.00000   82   15   41.00000   20.00000  51.2%   8.5  840s
 8426982 1547300   20.00000   86   19   41.00000   20.00000  51.2%   8.5  845s
 8471728 1551766   24.00000   82   21   41.00000   20.00000  51.2%   8.5  850s
 8518474 1557071   23.00000   75   21   41.00000   20.00000  51.2%   8.5  855s
 8563941 1562590   35.00000   83   22   41.00000   20.00000  51.2%   8.5  860s
 8609805 1568574   32.23077   75   29   41.00000   20.00000  51.2%   8.5  865s
 8653252 1573660   32.00000   78   15   41.00000   20.00000  51.2%   8.5  870s
 8686910 1577273   26.00000   94   10   41.00000   20.00000  51.2%   8.5  875s
 8729813 1582736   24.00000   90   23   41.00000   20.00000  51.2%   8.5  880s
 8765390 1586076   34.00000   94   28   41.00000   20.00000  51.2%   8.5  885s
 8806110 1589228   26.00000   79   16   41.00000   20.76471  49.4%   8.5  890s
 8844013 1588816   39.14634   86   18   41.00000   21.00000  48.8%   8.5  895s
 8874750 1589230 infeasible   85        41.00000   21.00000  48.8%   8.5  900s
 8916106 1590765 infeasible   92        41.00000   21.00000  48.8%   8.5  905s
 8946199 1591528   31.00000   89   11   41.00000   21.00000  48.8%   8.5  910s
 8984722 1593801   25.00000   73   15   41.00000   21.00000  48.8%   8.5  915s
 9017796 1595510 infeasible   81        41.00000   21.00000  48.8%   8.6  920s
 9059296 1598656   39.00000   96    8   41.00000   21.00000  48.8%   8.6  925s
 9091878 1599263 infeasible   91        41.00000   21.00000  48.8%   8.6  930s
 9134552 1602377   37.05051   82   19   41.00000   21.00000  48.8%   8.6  935s
 9164235 1603157   24.00000   85   16   41.00000   21.00000  48.8%   8.6  940s
 9207584 1607208 infeasible   89        41.00000   21.00000  48.8%   8.6  945s
 9247379 1609121 infeasible   83        41.00000   21.00000  48.8%   8.6  950s
 9280802 1611176   24.00000   80   20   41.00000   21.00000  48.8%   8.6  955s
 9322795 1614697   21.00000   76   18   41.00000   21.00000  48.8%   8.6  960s
 9341438 1616189 infeasible   79        41.00000   21.00000  48.8%   8.6  965s
 9382809 1617320 infeasible   82        41.00000   21.00000  48.8%   8.6  970s
 9426063 1621177   35.00000   86   10   41.00000   21.00000  48.8%   8.6  975s
 9462492 1623815   37.00000   85   16   41.00000   21.00000  48.8%   8.6  980s
 9508515 1628096   33.48485   82   25   41.00000   21.00000  48.8%   8.6  985s
 9541739 1631475   31.00000   85   12   41.00000   21.00000  48.8%   8.6  990s
 9576771 1634453 infeasible   91        41.00000   21.00000  48.8%   8.6  995s
 9620209 1638469 infeasible   86        41.00000   21.00000  48.8%   8.6 1000s
 9666661 1642561   21.52941   82   24   41.00000   21.00000  48.8%   8.6 1005s
 9702998 1647130   33.00000   82   23   41.00000   21.00000  48.8%   8.6 1010s
 9735748 1649254   22.00000   84   31   41.00000   21.00000  48.8%   8.6 1016s
 9767980 1651463   35.00000   84   13   41.00000   21.00000  48.8%   8.6 1020s
 9802980 1655159   35.00000   86   22   41.00000   21.00000  48.8%   8.6 1025s
 9850168 1660308 infeasible   74        41.00000   21.00000  48.8%   8.6 1030s
 9887371 1663547 infeasible   80        41.00000   21.00000  48.8%   8.6 1035s
 9930522 1667013   24.23333   87   25   41.00000   21.14516  48.4%   8.6 1040s
 9964623 1667681   39.00000   84    9   41.00000   22.00000  46.3%   8.6 1045s
 10002926 1666586   33.00000   91   15   41.00000   22.00000  46.3%   8.6 1050s
 10032965 1666141   27.00000   89   14   41.00000   22.00000  46.3%   8.6 1055s
 10072210 1665489   29.00000   87   18   41.00000   22.00000  46.3%   8.6 1060s
 10110782 1665319   39.00000   93   11   41.00000   22.00000  46.3%   8.6 1065s
 10144772 1664987   38.00000   87   16   41.00000   22.00000  46.3%   8.6 1070s
 10183484 1665096   34.00000   82   14   41.00000   22.00000  46.3%   8.6 1075s
 10218928 1665562   35.00000   79   20   41.00000   22.00000  46.3%   8.6 1080s
 10261987 1666649     cutoff   79        41.00000   22.00000  46.3%   8.6 1085s
 10298496 1668881   31.00000   81   16   41.00000   22.00000  46.3%   8.6 1090s
 10337691 1669838   22.00000   78   20   41.00000   22.00000  46.3%   8.6 1095s
 10357314 1669517   22.00000   76   17   41.00000   22.00000  46.3%   8.7 1100s
 10395554 1670298   36.00000   93   18   41.00000   22.00000  46.3%   8.7 1105s
 10437309 1671873 infeasible   96        41.00000   22.00000  46.3%   8.7 1110s
 10476479 1674637 infeasible   82        41.00000   22.00000  46.3%   8.7 1115s
 10513441 1677891   29.00000   89   18   41.00000   22.00000  46.3%   8.7 1120s
 10558807 1679968 infeasible   93        41.00000   22.00000  46.3%   8.7 1125s
 10592813 1681896   34.00000   78   18   41.00000   22.00000  46.3%   8.7 1130s
 10638973 1685229   31.00000   88   14   41.00000   22.00000  46.3%   8.7 1135s
 10672604 1688363   33.00000   79   12   41.00000   22.00000  46.3%   8.7 1140s
 10716069 1690001   27.00000   81   19   41.00000   22.00000  46.3%   8.7 1145s
 10749462 1691522 infeasible   87        41.00000   22.00000  46.3%   8.7 1150s
 10792261 1694547 infeasible   94        41.00000   22.00000  46.3%   8.7 1155s
 10828242 1697278   27.00000   83   16   41.00000   22.00000  46.3%   8.7 1160s
 10869028 1700404   36.00000   90   11   41.00000   22.00000  46.3%   8.7 1165s
 10902250 1702938   39.00000   80   16   41.00000   22.00000  46.3%   8.7 1170s
 10943347 1705025   22.00000   88   23   41.00000   22.00000  46.3%   8.7 1175s
 10986667 1709879 infeasible   81        41.00000   22.00000  46.3%   8.7 1180s
 11029871 1715412   28.00000   95   16   41.00000   22.00000  46.3%   8.7 1185s
 11056764 1717419   34.00000   88   13   41.00000   22.00000  46.3%   8.7 1190s
 11083352 1718786   39.00000   74   22   41.00000   22.00000  46.3%   8.7 1195s
 11116844 1720022   34.00000   81   20   41.00000   22.00000  46.3%   8.7 1200s
 11161314 1722781 infeasible   94        41.00000   22.02899  46.3%   8.7 1205s
 11194154 1722626 infeasible   94        41.00000   22.97500  44.0%   8.7 1210s
 11233615 1722123 infeasible   80        41.00000   23.00000  43.9%   8.7 1215s
 11266425 1721550   33.00000   84   16   41.00000   23.00000  43.9%   8.7 1220s
 11298509 1720787   30.00000   87   19   41.00000   23.00000  43.9%   8.7 1225s
 11337816 1720912 infeasible   92        41.00000   23.00000  43.9%   8.7 1230s
 11371640 1720419 infeasible   84        41.00000   23.00000  43.9%   8.7 1235s
 11410762 1720458   31.00000   89   17   41.00000   23.00000  43.9%   8.7 1240s
 11444833 1719937 infeasible   76        41.00000   23.00000  43.9%   8.7 1245s
 11486452 1720312   35.00000   67   16   41.00000   23.00000  43.9%   8.7 1250s
 11520139 1719952   33.00000   80   19   41.00000   23.00000  43.9%   8.7 1255s
 11550249 1720068   23.00000   80   15   41.00000   23.00000  43.9%   8.7 1260s
 11591507 1720401   40.00000   78   15   41.00000   23.00000  43.9%   8.8 1265s
 11629640 1721027   23.00000   86   20   41.00000   23.00000  43.9%   8.8 1270s
 11672595 1722669 infeasible   86        41.00000   23.00000  43.9%   8.8 1275s
 11703433 1724025   27.00000   88   21   41.00000   23.00000  43.9%   8.8 1280s
 11747055 1725316 infeasible   82        41.00000   23.00000  43.9%   8.8 1285s
 11790707 1727194   23.00000   87   19   41.00000   23.00000  43.9%   8.8 1290s
 11827850 1729392 infeasible   90        41.00000   23.00000  43.9%   8.8 1295s
 11863647 1731358 infeasible   88        41.00000   23.00000  43.9%   8.8 1300s
 11905695 1732898   23.00000   84   15   41.00000   23.00000  43.9%   8.8 1305s
 11941759 1733938 infeasible   85        41.00000   23.00000  43.9%   8.8 1310s
 11981746 1735646   23.00000   87   23   41.00000   23.00000  43.9%   8.8 1315s
 12020889 1737531 infeasible   93        41.00000   23.00000  43.9%   8.8 1320s
 12065104 1739712   23.00000   86   27   41.00000   23.00000  43.9%   8.8 1325s
 12101405 1741971 infeasible   89        41.00000   23.00000  43.9%   8.8 1330s
 12147163 1744884 infeasible   89        41.00000   23.00000  43.9%   8.8 1335s
 12168325 1746425 infeasible   89        41.00000   23.00000  43.9%   8.8 1340s
 12210234 1749039   39.00000   78   17   41.00000   23.00000  43.9%   8.8 1345s
 12242374 1751023   25.00000   74   22   41.00000   23.00000  43.9%   8.8 1350s
 12287800 1756196   37.00000   83   12   41.00000   23.00000  43.9%   8.8 1355s
 12324355 1757999   33.00000   83   15   41.00000   23.00000  43.9%   8.8 1360s
 12350933 1759818 infeasible   96        41.00000   23.00000  43.9%   8.8 1365s
 12383421 1760561   30.00000   85   15   41.00000   23.11600  43.6%   8.8 1370s
 12418233 1759926   24.00000   86   12   41.00000   24.00000  41.5%   8.8 1375s
 12456846 1758264 infeasible   89        41.00000   24.00000  41.5%   8.8 1380s
 12488619 1757100   36.00000   81   13   41.00000   24.00000  41.5%   8.8 1385s
 12528045 1756232 infeasible   77        41.00000   24.00000  41.5%   8.8 1390s
 12559373 1755102   28.00000   82   14   41.00000   24.00000  41.5%   8.8 1395s
 12597181 1754301   29.00000   85   10   41.00000   24.00000  41.5%   8.8 1400s
 12631529 1753157   32.00000   76   17   41.00000   24.00000  41.5%   8.8 1405s
 12671099 1753223   39.00000   93   12   41.00000   24.00000  41.5%   8.8 1410s
 12702244 1752602   26.00000   91   16   41.00000   24.00000  41.5%   8.8 1415s
 12739748 1751210   35.00000   83   17   41.00000   24.00000  41.5%   8.8 1420s
 12778339 1751439 infeasible   91        41.00000   24.00000  41.5%   8.8 1425s
 12801781 1751465   28.00000   81   20   41.00000   24.00000  41.5%   8.8 1430s
 12840801 1751205   26.00000   75   24   41.00000   24.00000  41.5%   8.8 1435s
 12869207 1750783 infeasible   86        41.00000   24.00000  41.5%   8.8 1440s
 12908519 1750918   24.12698   85   25   41.00000   24.00000  41.5%   8.8 1445s
 12948185 1751401 infeasible   87        41.00000   24.00000  41.5%   8.9 1450s
 12979223 1751650   40.00000   92   14   41.00000   24.00000  41.5%   8.9 1455s
 13018395 1751549   39.00000   93   14   41.00000   24.00000  41.5%   8.9 1460s
 13057838 1751014   32.00000   81   14   41.00000   24.00000  41.5%   8.9 1465s
 13092205 1750336   38.00000   81   12   41.00000   24.00000  41.5%   8.9 1470s
 13124039 1750465 infeasible   85        41.00000   24.00000  41.5%   8.9 1475s
 13163453 1751383   26.00000   84   10   41.00000   24.00000  41.5%   8.9 1480s
 13197462 1751270 infeasible   84        41.00000   24.00000  41.5%   8.9 1485s
 13236782 1750971   24.00000   97   24   41.00000   24.00000  41.5%   8.9 1490s
 13271039 1751814 infeasible   91        41.00000   24.00000  41.5%   8.9 1495s
 13311091 1752684 infeasible   83        41.00000   24.00000  41.5%   8.9 1500s
 13342533 1752560 infeasible   90        41.00000   24.00000  41.5%   8.9 1506s
 13372180 1752986   34.00000   84   18   41.00000   24.00000  41.5%   8.9 1510s
 13411594 1755005 infeasible   90        41.00000   24.00000  41.5%   8.9 1515s
 13443646 1756652   31.00000   84   18   41.00000   24.00000  41.5%   8.9 1520s
 13482439 1757785 infeasible   85        41.00000   24.00000  41.5%   8.9 1525s
 13514516 1758403 infeasible  100        41.00000   24.00000  41.5%   8.9 1530s
 13538171 1759203 infeasible   83        41.00000   24.00000  41.5%   8.9 1535s
 13568986 1759635 infeasible   79        41.00000   24.00000  41.5%   8.9 1540s
 13607877 1761435   24.00000   84   20   41.00000   24.00000  41.5%   8.9 1545s
 13639313 1761552   28.00000   81   19   41.00000   24.00000  41.5%   8.9 1550s
 13679675 1764367   36.00000   74   19   41.00000   24.00000  41.5%   8.9 1555s
 13714013 1765675   40.00000   80   13   41.00000   24.00000  41.5%   8.9 1560s
 13757109 1767935 infeasible   80        41.00000   24.00000  41.5%   8.9 1565s
 13793782 1769726   39.28571   87   11   41.00000   24.00000  41.5%   8.9 1570s
 13828357 1769829 infeasible   84        41.00000   24.43077  40.4%   8.9 1575s
 13856814 1768683   31.00000   88   14   41.00000   25.00000  39.0%   8.9 1580s
 13894027 1766791   25.30769   83   24   41.00000   25.00000  39.0%   8.9 1585s
 13923334 1765493   25.00000   83   11   41.00000   25.00000  39.0%   8.9 1590s
 13959287 1764210   38.00000   90   15   41.00000   25.00000  39.0%   8.9 1595s
 13997252 1762521   40.00000   94   13   41.00000   25.00000  39.0%   8.9 1600s
 14021721 1761704   35.00000   77   14   41.00000   25.00000  39.0%   8.9 1605s
 14052675 1760959 infeasible   81        41.00000   25.00000  39.0%   8.9 1610s
 14084253 1759674   34.00000   86   17   41.00000   25.00000  39.0%   8.9 1615s
 14120340 1758713   31.00000   90   18   41.00000   25.00000  39.0%   8.9 1620s
 14150190 1757951 infeasible   86        41.00000   25.00000  39.0%   9.0 1625s
 14184445 1756235   39.00000   88    9   41.00000   25.00000  39.0%   9.0 1630s
 14219429 1755346   29.00000   83   15   41.00000   25.00000  39.0%   9.0 1635s
 14250281 1755188 infeasible   83        41.00000   25.00000  39.0%   9.0 1640s
 14287757 1754336   32.00000   89   17   41.00000   25.00000  39.0%   9.0 1645s
 14319154 1753085   38.00000   77   11   41.00000   25.00000  39.0%   9.0 1650s
 14356616 1752765   38.00000   89   19   41.00000   25.00000  39.0%   9.0 1655s
 14385697 1752427   39.00000   90   15   41.00000   25.00000  39.0%   9.0 1660s
 14420031 1751927   32.00000   83   14   41.00000   25.00000  39.0%   9.0 1665s
 14454173 1751052   28.00000   84   17   41.00000   25.00000  39.0%   9.0 1670s
 14485419 1751386     cutoff   80        41.00000   25.00000  39.0%   9.0 1675s
 14523123 1750872   25.00000   77   22   41.00000   25.00000  39.0%   9.0 1680s
 14552496 1750325 infeasible   88        41.00000   25.00000  39.0%   9.0 1685s
 14590628 1749817 infeasible   90        41.00000   25.00000  39.0%   9.0 1691s
 14616148 1749968   27.00000   88   15   41.00000   25.00000  39.0%   9.0 1695s
 14652374 1749437   40.00000   83   11   41.00000   25.00000  39.0%   9.0 1700s
 14683191 1748960 infeasible   84        41.00000   25.00000  39.0%   9.0 1705s
 14701917 1749327 infeasible   87        41.00000   25.00000  39.0%   9.0 1711s
 14727663 1749192 infeasible   72        41.00000   25.00000  39.0%   9.0 1715s
 14759008 1748805   25.00000   77   19   41.00000   25.00000  39.0%   9.0 1720s
 14790500 1748763 infeasible   84        41.00000   25.00000  39.0%   9.0 1725s
 14830472 1749302   29.00000   84   17   41.00000   25.00000  39.0%   9.0 1730s
 14863007 1749132   25.00000   76   19   41.00000   25.00000  39.0%   9.0 1735s
 14894424 1749482 infeasible   79        41.00000   25.00000  39.0%   9.0 1740s
 14931717 1749628   32.00000   91   19   41.00000   25.00000  39.0%   9.0 1745s
 14967991 1750293 infeasible   84        41.00000   25.00000  39.0%   9.0 1750s
 15001217 1750442   29.00000   75   13   41.00000   25.00000  39.0%   9.0 1755s
 15030185 1750775 infeasible   79        41.00000   25.00000  39.0%   9.0 1760s
 15068090 1750819   26.00000   83   27   41.00000   25.00000  39.0%   9.0 1765s
 15106799 1750784   34.00000   89    9   41.00000   25.00000  39.0%   9.0 1770s
 15132377 1749669   34.00000   74   14   41.00000   25.42857  38.0%   9.0 1775s
 15166426 1746981 infeasible   92        41.00000   26.00000  36.6%   9.0 1780s
 15201399 1744449 infeasible   90        41.00000   26.00000  36.6%   9.0 1785s
 15233399 1742286 infeasible   82        41.00000   26.00000  36.6%   9.0 1790s
 15266956 1739535   38.00000   86   14   41.00000   26.00000  36.6%   9.0 1795s
 15296636 1737808 infeasible   92        41.00000   26.00000  36.6%   9.0 1800s
 15332766 1735396 infeasible   82        41.00000   26.00000  36.6%   9.0 1805s
 15367603 1733761 infeasible   74        41.00000   26.00000  36.6%   9.0 1810s
 15397157 1732211   28.00000   78   18   41.00000   26.00000  36.6%   9.0 1815s
 15433012 1729871 infeasible   92        41.00000   26.00000  36.6%   9.0 1820s
 15462187 1728800 infeasible   86        41.00000   26.00000  36.6%   9.1 1825s
 15498085 1726603   26.00000   87   15   41.00000   26.00000  36.6%   9.1 1830s
 15532861 1724374 infeasible   83        41.00000   26.00000  36.6%   9.1 1835s
 15560625 1723413   38.00000   80   14   41.00000   26.00000  36.6%   9.1 1840s
 15598136 1721718   33.00000   82   13   41.00000   26.00000  36.6%   9.1 1845s
 15633453 1719473 infeasible   80        41.00000   26.00000  36.6%   9.1 1850s
 15663579 1718269   36.00000   84   14   41.00000   26.00000  36.6%   9.1 1855s
 15696731 1717129 infeasible   93        41.00000   26.00000  36.6%   9.1 1860s
 15718516 1716440   34.00000   80    9   41.00000   26.00000  36.6%   9.1 1865s
 15753323 1714698 infeasible   91        41.00000   26.00000  36.6%   9.1 1870s
 15782789 1714111 infeasible   88        41.00000   26.00000  36.6%   9.1 1875s
 15820188 1712844   26.25490   87   24   41.00000   26.00000  36.6%   9.1 1880s
 15839079 1712134 infeasible   86        41.00000   26.00000  36.6%   9.1 1885s
 15867439 1711012   33.00000   93   13   41.00000   26.00000  36.6%   9.1 1890s
 15895946 1710680 infeasible   81        41.00000   26.00000  36.6%   9.1 1895s
 15930281 1709281     cutoff   83        41.00000   26.00000  36.6%   9.1 1900s
 15967976 1707687   26.00000   76   20   41.00000   26.00000  36.6%   9.1 1905s
 15998958 1706876 infeasible   89        41.00000   26.00000  36.6%   9.1 1910s
 16033729 1705705 infeasible   83        41.00000   26.00000  36.6%   9.1 1915s
 16065249 1705162 infeasible   86        41.00000   26.00000  36.6%   9.1 1920s
 16100847 1703938 infeasible   79        41.00000   26.00000  36.6%   9.1 1925s
 16129313 1703430     cutoff   80        41.00000   26.00000  36.6%   9.1 1930s
 16164168 1702242 infeasible   94        41.00000   26.00000  36.6%   9.1 1935s
 16201253 1701027   26.00000   89   22   41.00000   26.00000  36.6%   9.1 1940s
 16227779 1700346   29.00000   86   20   41.00000   26.00000  36.6%   9.1 1945s
 16249377 1699431   31.00000   73   13   41.00000   26.00000  36.6%   9.1 1950s
 16286244 1698241   30.00000   83   10   41.00000   26.00000  36.6%   9.1 1955s
 16318279 1696320 infeasible   85        41.00000   26.40000  35.6%   9.1 1960s
 16345519 1694151   27.40000   84   17   41.00000   27.00000  34.1%   9.1 1965s
 16384346 1691057 infeasible   87        41.00000   27.00000  34.1%   9.1 1970s
 16419523 1688657 infeasible   77        41.00000   27.00000  34.1%   9.1 1975s
 16451407 1686912   27.00000   89   12   41.00000   27.00000  34.1%   9.1 1980s
 16489633 1684487 infeasible   79        41.00000   27.00000  34.1%   9.1 1985s
 16521054 1682796   27.00000   92   18   41.00000   27.00000  34.1%   9.1 1990s
 16559778 1681047 infeasible   86        41.00000   27.00000  34.1%   9.1 1995s
 16588567 1679214   40.00000   83    8   41.00000   27.00000  34.1%   9.1 2000s
 16627291 1677536 infeasible   80        41.00000   27.00000  34.1%   9.1 2005s
 16662630 1675717 infeasible   84        41.00000   27.00000  34.1%   9.1 2010s
 16695102 1673757   33.00000   89   15   41.00000   27.00000  34.1%   9.1 2015s
 16733113 1672207   27.00000   77   16   41.00000   27.00000  34.1%   9.1 2020s
 16765070 1671313   38.00000   81   14   41.00000   27.00000  34.1%   9.1 2025s
 16800654 1669594 infeasible   89        41.00000   27.00000  34.1%   9.1 2030s
 16830330 1667937 infeasible   78        41.00000   27.00000  34.1%   9.1 2035s
 16867385 1666593 infeasible   88        41.00000   27.00000  34.1%   9.1 2040s
 16901188 1665572   33.00000   83   13   41.00000   27.00000  34.1%   9.1 2045s
 16936986 1663636   27.00000   89   18   41.00000   27.00000  34.1%   9.1 2050s
 16974859 1661639   34.00000   87   12   41.00000   27.00000  34.1%   9.1 2055s
 16995065 1660945 infeasible   95        41.00000   27.00000  34.1%   9.1 2060s
 17032109 1659876   32.00000   83   15   41.00000   27.00000  34.1%   9.1 2065s
 17064671 1658187 infeasible   82        41.00000   27.00000  34.1%   9.1 2070s
 17101889 1656741   36.00000   84   13   41.00000   27.00000  34.1%   9.1 2075s
 17133424 1656546     cutoff   85        41.00000   27.00000  34.1%   9.2 2080s
 17168367 1655796   27.00000   88   22   41.00000   27.00000  34.1%   9.2 2085s
 17201174 1654150 infeasible   81        41.00000   27.00000  34.1%   9.2 2090s
 17233451 1653218 infeasible   93        41.00000   27.00000  34.1%   9.2 2095s
 17256965 1653505 infeasible   91        41.00000   27.00000  34.1%   9.2 2100s
 17294971 1652001   34.00000   94   13   41.00000   27.00000  34.1%   9.2 2105s
 17328247 1650667   30.00000   84   19   41.00000   27.00000  34.1%   9.2 2110s
 17368078 1649912 infeasible   82        41.00000   27.00000  34.1%   9.2 2115s
 17399122 1648649 infeasible   91        41.00000   27.00000  34.1%   9.2 2120s
 17438433 1647881   30.00000   86   16   41.00000   27.00000  34.1%   9.2 2125s
 17471071 1646924 infeasible   85        41.00000   27.00000  34.1%   9.2 2130s
 17505305 1646192 infeasible   84        41.00000   27.00000  34.1%   9.2 2135s
 17542809 1645373 infeasible   89        41.00000   27.00000  34.1%   9.2 2140s
 17574082 1644282 infeasible   83        41.00000   27.00000  34.1%   9.2 2145s
 17612014 1643376 infeasible   84        41.00000   27.00000  34.1%   9.2 2150s
 17646774 1642595   27.00000   89   15   41.00000   27.00000  34.1%   9.2 2155s
 17678788 1641035   38.00000   86   14   41.00000   27.28000  33.5%   9.2 2160s
 17712158 1637387 infeasible   99        41.00000   28.00000  31.7%   9.2 2165s
 17743694 1634514 infeasible   85        41.00000   28.00000  31.7%   9.2 2170s
 17782257 1631703 infeasible   89        41.00000   28.00000  31.7%   9.2 2175s
 17820107 1628426 infeasible   84        41.00000   28.00000  31.7%   9.2 2180s
 17855373 1625619   28.00000   85   15   41.00000   28.00000  31.7%   9.2 2185s
 17881750 1623293 infeasible   88        41.00000   28.00000  31.7%   9.2 2190s
 17914199 1621484   34.00000   93    9   41.00000   28.00000  31.7%   9.2 2195s
 17952985 1617613 infeasible   96        41.00000   28.00000  31.7%   9.2 2200s
 17985528 1615169   28.00000   79   13   41.00000   28.00000  31.7%   9.2 2205s
 18023747 1612836 infeasible   93        41.00000   28.00000  31.7%   9.2 2210s
 18056649 1609896   31.00000   86   14   41.00000   28.00000  31.7%   9.2 2215s
 18089269 1607575 infeasible   87        41.00000   28.00000  31.7%   9.2 2220s
 18127107 1605605     cutoff   83        41.00000   28.00000  31.7%   9.2 2225s
 18161811 1602535 infeasible   77        41.00000   28.00000  31.7%   9.2 2230s
 18197461 1599679   34.00000   81   18   41.00000   28.00000  31.7%   9.2 2235s
 18227598 1598138   32.00000   86   19   41.00000   28.00000  31.7%   9.2 2240s
 18266067 1595200 infeasible   91        41.00000   28.00000  31.7%   9.2 2245s
 18297738 1592829 infeasible   90        41.00000   28.00000  31.7%   9.2 2250s
 18335878 1591083 infeasible   85        41.00000   28.00000  31.7%   9.2 2255s
 18355259 1589628 infeasible   91        41.00000   28.00000  31.7%   9.2 2260s
 18394626 1587127 infeasible   75        41.00000   28.00000  31.7%   9.2 2265s
 18429148 1585138   33.00000   77   19   41.00000   28.00000  31.7%   9.2 2270s
 18463006 1583393 infeasible   90        41.00000   28.00000  31.7%   9.2 2275s
 18502055 1581044 infeasible   88        41.00000   28.00000  31.7%   9.2 2280s
 18539855 1579409   28.00000   80   12   41.00000   28.00000  31.7%   9.2 2285s
 18572504 1577157   38.00000   78   17   41.00000   28.00000  31.7%   9.2 2290s
 18606008 1575471 infeasible   90        41.00000   28.00000  31.7%   9.2 2295s
 18643512 1573331   33.00000   83   16   41.00000   28.00000  31.7%   9.2 2300s
 18682937 1571673   32.00000   82   14   41.00000   28.00000  31.7%   9.2 2305s
 18717472 1569953   28.00000   77   22   41.00000   28.00000  31.7%   9.2 2310s
 18749362 1568218 infeasible   76        41.00000   28.00000  31.7%   9.2 2315s
 18788722 1566501   36.00000   82   19   41.00000   28.00000  31.7%   9.2 2320s
 18812868 1565426   33.00000   81   15   41.00000   28.00000  31.7%   9.2 2325s
 18850122 1563836   28.00000   90   21   41.00000   28.00000  31.7%   9.2 2330s
 18883216 1561830   40.00000   80   16   41.00000   28.30769  31.0%   9.2 2335s
 18919024 1558452   39.00000   85   13   41.00000   29.00000  29.3%   9.2 2340s
 18947899 1555222 infeasible   86        41.00000   29.00000  29.3%   9.2 2345s
 18986864 1551351   29.00000   82   21   41.00000   29.00000  29.3%   9.2 2350s
 19025450 1547397 infeasible   89        41.00000   29.00000  29.3%   9.2 2355s
 19057068 1544898 infeasible   89        41.00000   29.00000  29.3%   9.2 2360s
 19098289 1540708   38.00000   87   11   41.00000   29.00000  29.3%   9.2 2365s
 19136151 1537597   40.00000   84   15   41.00000   29.00000  29.3%   9.2 2370s
 19170726 1534808 infeasible   88        41.00000   29.00000  29.3%   9.2 2375s
 19208899 1530938 infeasible   82        41.00000   29.00000  29.3%   9.2 2380s
 19240751 1528676 infeasible   84        41.00000   29.00000  29.3%   9.2 2385s
 19279294 1525607   29.00000   89    9   41.00000   29.00000  29.3%   9.2 2390s
 19311391 1522273 infeasible   82        41.00000   29.00000  29.3%   9.2 2395s
 19352580 1519350 infeasible   87        41.00000   29.00000  29.3%   9.2 2400s
 19388479 1516713 infeasible   86        41.00000   29.00000  29.3%   9.2 2405s
 19424414 1513184   31.00000   82   13   41.00000   29.00000  29.3%   9.2 2410s
 19463632 1510292   40.00000   86   14   41.00000   29.00000  29.3%   9.2 2415s
 19499755 1508129 infeasible   80        41.00000   29.00000  29.3%   9.2 2420s
 19535751 1504723 infeasible   85        41.00000   29.00000  29.3%   9.2 2425s
 19567995 1501818   38.00000   88   10   41.00000   29.00000  29.3%   9.2 2430s
 19591157 1500189   34.22222   93   20   41.00000   29.00000  29.3%   9.2 2435s
 19627620 1497392   35.00000   85   10   41.00000   29.00000  29.3%   9.2 2440s
 19657464 1494838 infeasible   79        41.00000   29.00000  29.3%   9.2 2445s
 19695990 1492104   36.00000   86   18   41.00000   29.00000  29.3%   9.2 2450s
 19728563 1489578   29.00000   89   14   41.00000   29.00000  29.3%   9.2 2455s
 19766900 1486428 infeasible   91        41.00000   29.00000  29.3%   9.2 2460s
 19786363 1485203 infeasible   82        41.00000   29.00000  29.3%   9.2 2465s
 19824916 1482438 infeasible   80        41.00000   29.00000  29.3%   9.2 2470s
 19854832 1480771 infeasible   79        41.00000   29.00000  29.3%   9.2 2475s
 19895558 1478863   37.00000   85   11   41.00000   29.00000  29.3%   9.2 2480s
 19926702 1476606   34.00000   87   15   41.00000   29.00000  29.3%   9.2 2485s
 19962822 1473557   36.22222   87   16   41.00000   29.00000  29.3%   9.2 2490s
 20000988 1471107   29.00000   75   23   41.00000   29.00000  29.3%   9.2 2495s
 20033708 1469085 infeasible   84        41.00000   29.00000  29.3%   9.2 2500s
 20067323 1467408 infeasible   77        41.00000   29.00000  29.3%   9.2 2505s
 20106433 1464994   34.00000   88   21   41.00000   29.01449  29.2%   9.2 2510s
 20139125 1461386   38.00000   83   10   41.00000   29.78947  27.3%   9.2 2515s
 20168339 1457255   33.00000   84   12   41.00000   30.00000  26.8%   9.2 2520s
 20208080 1452544   36.00000   86   12   41.00000   30.00000  26.8%   9.2 2525s
 20244013 1448382 infeasible   90        41.00000   30.00000  26.8%   9.2 2530s
 20279670 1443982   30.00000   82   12   41.00000   30.00000  26.8%   9.2 2535s
 20317663 1439885 infeasible   86        41.00000   30.00000  26.8%   9.2 2540s
 20350308 1436384 infeasible   90        41.00000   30.00000  26.8%   9.2 2545s
 20388781 1431928   32.00000   83   13   41.00000   30.00000  26.8%   9.2 2550s
 20421847 1429150 infeasible   85        41.00000   30.00000  26.8%   9.2 2555s
 20459687 1425044   39.00000   76    7   41.00000   30.00000  26.8%   9.2 2560s
 20497277 1421265   34.00000   87   15   41.00000   30.00000  26.8%   9.2 2565s
 20530155 1418079 infeasible   84        41.00000   30.00000  26.8%   9.2 2570s
 20568645 1413836   38.00000   84   17   41.00000   30.00000  26.8%   9.2 2575s
 20601346 1411115   37.00000   87   14   41.00000   30.00000  26.8%   9.2 2580s
 20629379 1408528   30.00000   72   16   41.00000   30.00000  26.8%   9.2 2585s
 20665828 1405731 infeasible   92        41.00000   30.00000  26.8%   9.2 2590s
 20704092 1401615 infeasible   94        41.00000   30.00000  26.8%   9.2 2595s
 20736297 1398559 infeasible   83        41.00000   30.00000  26.8%   9.2 2600s
 20777277 1395606 infeasible   84        41.00000   30.00000  26.8%   9.2 2605s
 20809414 1392273   30.00000   89   20   41.00000   30.00000  26.8%   9.2 2610s
 20848248 1388998 infeasible   88        41.00000   30.00000  26.8%   9.2 2615s
 20880067 1386177   33.00000   87   24   41.00000   30.00000  26.8%   9.2 2620s
 20918799 1382519   35.00000   84   17   41.00000   30.00000  26.8%   9.2 2625s
 20950515 1379994   40.00000   87    9   41.00000   30.00000  26.8%   9.2 2630s
 20987101 1376329   34.00000   85   16   41.00000   30.00000  26.8%   9.2 2635s
 21009642 1374837 infeasible   86        41.00000   30.00000  26.8%   9.2 2640s
 21042987 1372149 infeasible   83        41.00000   30.00000  26.8%   9.2 2645s
 21083448 1368975 infeasible   94        41.00000   30.00000  26.8%   9.2 2650s
 21121740 1366115 infeasible   75        41.00000   30.00000  26.8%   9.2 2655s
 21153822 1363710   30.00000   75   25   41.00000   30.00000  26.8%   9.2 2660s
 21192503 1360293     cutoff   95        41.00000   30.00000  26.8%   9.2 2665s
 21222180 1357646 infeasible   88        41.00000   30.00000  26.8%   9.2 2670s
 21255623 1355141   31.00000   86   18   41.00000   30.00000  26.8%   9.2 2675s
 21292878 1351604   37.00000   89   10   41.00000   30.07353  26.6%   9.2 2680s
 21321955 1347227 infeasible   91        41.00000   31.00000  24.4%   9.2 2685s
 21363264 1341466 infeasible   92        41.00000   31.00000  24.4%   9.2 2690s
 21400608 1337129   37.00000   83   12   41.00000   31.00000  24.4%   9.2 2695s
 21435055 1332799 infeasible   90        41.00000   31.00000  24.4%   9.2 2700s
 21475481 1328112 infeasible   84        41.00000   31.00000  24.4%   9.2 2705s
 21508883 1323863 infeasible   83        41.00000   31.00000  24.4%   9.2 2710s
 21550421 1319371   38.00000   90   18   41.00000   31.00000  24.4%   9.2 2715s
 21585520 1315179   34.00000   83    9   41.00000   31.00000  24.4%   9.2 2720s
 21624939 1310783   35.00000   85   14   41.00000   31.00000  24.4%   9.2 2725s
 21664809 1306354 infeasible   80        41.00000   31.00000  24.4%   9.2 2730s
 21698825 1301853   37.00000   86   11   41.00000   31.00000  24.4%   9.2 2735s
 21738712 1297523   31.00000   74   19   41.00000   31.00000  24.4%   9.2 2740s
 21768988 1294229 infeasible   85        41.00000   31.00000  24.4%   9.2 2745s
 21809840 1289399 infeasible   82        41.00000   31.00000  24.4%   9.2 2750s
 21849130 1285028 infeasible   85        41.00000   31.00000  24.4%   9.2 2755s
 21870118 1283392 infeasible   79        41.00000   31.00000  24.4%   9.2 2760s
 21908635 1278869   31.00000   85   19   41.00000   31.00000  24.4%   9.2 2765s
 21947021 1274787 infeasible  100        41.00000   31.00000  24.4%   9.2 2770s
 21985162 1270827   34.00000   84   16   41.00000   31.00000  24.4%   9.2 2775s
 22023456 1267037 infeasible   79        41.00000   31.00000  24.4%   9.2 2780s
 22058178 1263349 infeasible   77        41.00000   31.00000  24.4%   9.2 2785s
 22091346 1260085 infeasible   90        41.00000   31.00000  24.4%   9.2 2790s
 22132168 1255880   32.00000   81   11   41.00000   31.00000  24.4%   9.2 2795s
 22167245 1252741   39.00000   80   13   41.00000   31.00000  24.4%   9.2 2800s
 22202337 1249279   31.00000   85   20   41.00000   31.00000  24.4%   9.2 2805s
 22227760 1246858   33.00000   87   18   41.00000   31.00000  24.4%   9.2 2810s
 22263716 1243532 infeasible   91        41.00000   31.00000  24.4%   9.2 2815s
 22304622 1239676 infeasible   82        41.00000   31.00000  24.4%   9.2 2820s
 22340442 1235795   38.00000   93   13   41.00000   31.00000  24.4%   9.2 2825s
 22380786 1231992   34.00000   77   17   41.00000   31.00000  24.4%   9.2 2830s
 22415681 1228566 infeasible   76        41.00000   31.01020  24.4%   9.2 2835s
 22448759 1223377   32.00000   87   10   41.00000   32.00000  22.0%   9.2 2840s
 22481837 1217994 infeasible   95        41.00000   32.00000  22.0%   9.2 2845s
 22522312 1212235 infeasible   86        41.00000   32.00000  22.0%   9.2 2850s
 22563148 1205778   32.00000   80   15   41.00000   32.00000  22.0%   9.2 2855s
 22599843 1200781   36.00000   82   11   41.00000   32.00000  22.0%   9.2 2860s
 22637106 1195919 infeasible   85        41.00000   32.00000  22.0%   9.2 2865s
 22672945 1190617 infeasible   88        41.00000   32.00000  22.0%   9.2 2870s
 22708748 1185932 infeasible   79        41.00000   32.00000  22.0%   9.2 2875s
 22749515 1180340 infeasible   74        41.00000   32.00000  22.0%   9.2 2880s
 22782574 1176371 infeasible   86        41.00000   32.00000  22.0%   9.2 2885s
 22820306 1170372 infeasible   92        41.00000   32.00000  22.0%   9.2 2890s
 22860591 1165009   35.00000   79   16   41.00000   32.00000  22.0%   9.2 2895s
 22897634 1160300   38.00000   81   12   41.00000   32.00000  22.0%   9.2 2900s
 22934290 1155410 infeasible   92        41.00000   32.00000  22.0%   9.2 2905s
 22970326 1151395 infeasible   85        41.00000   32.00000  22.0%   9.2 2910s
 23009735 1145698   38.02041   80   21   41.00000   32.00000  22.0%   9.2 2915s
 23040538 1141879 infeasible   89        41.00000   32.00000  22.0%   9.2 2920s
 23080435 1137313 infeasible   80        41.00000   32.00000  22.0%   9.2 2925s
 23111398 1133446   35.00000   80   23   41.00000   32.00000  22.0%   9.2 2930s
 23142807 1129188 infeasible   83        41.00000   32.00000  22.0%   9.2 2935s
 23181387 1124073 infeasible   82        41.00000   32.00000  22.0%   9.2 2940s
 23213589 1120477 infeasible   92        41.00000   32.00000  22.0%   9.2 2945s
 23254177 1115195   32.00000   77   19   41.00000   32.00000  22.0%   9.2 2950s
 23285719 1111387 infeasible   90        41.00000   32.00000  22.0%   9.2 2955s
 23326554 1106395   33.00000   76   21   41.00000   32.00000  22.0%   9.2 2960s
 23359458 1102442   40.00000   83   21   41.00000   32.00000  22.0%   9.2 2965s
 23391069 1098636 infeasible   81        41.00000   32.00000  22.0%   9.2 2970s
 23429249 1093924 infeasible   89        41.00000   32.02899  21.9%   9.2 2975s
 23457459 1089220 infeasible   89        41.00000   33.00000  19.5%   9.2 2980s
 23497949 1082002 infeasible   89        41.00000   33.00000  19.5%   9.2 2985s
 23537880 1075499   34.00000   91   10   41.00000   33.00000  19.5%   9.2 2990s
 23568700 1070898   39.00000   86   11   41.00000   33.00000  19.5%   9.2 2995s
 23609367 1064898   37.00000   85   10   41.00000   33.00000  19.5%   9.2 3000s
 23635168 1060711   34.00000   82   16   41.00000   33.00000  19.5%   9.2 3005s
 23667395 1055177   38.00000   83   13   41.00000   33.00000  19.5%   9.2 3010s
 23708823 1049043   40.00000   76   11   41.00000   33.00000  19.5%   9.2 3015s
 23749555 1042825 infeasible   87        41.00000   33.00000  19.5%   9.2 3020s
 23783827 1037514 infeasible   84        41.00000   33.00000  19.5%   9.2 3025s
 23813669 1034079   34.00000   85   19   41.00000   33.00000  19.5%   9.2 3030s
 23847851 1029059 infeasible   83        41.00000   33.00000  19.5%   9.2 3035s
 23887230 1023814   33.00000   76   15   41.00000   33.00000  19.5%   9.2 3040s
 23923060 1018388   33.00000   86   15   41.00000   33.00000  19.5%   9.2 3045s
 23961761 1013253   33.00000   80   16   41.00000   33.00000  19.5%   9.2 3050s
 23998156 1008178 infeasible   89        41.00000   33.00000  19.5%   9.2 3055s
 24038019 1002572 infeasible   76        41.00000   33.00000  19.5%   9.2 3060s
 24069413 998196 infeasible   75        41.00000   33.00000  19.5%   9.2 3065s
 24109715 993107   35.00000   90   11   41.00000   33.00000  19.5%   9.2 3070s
 24146836 988052 infeasible   76        41.00000   33.00000  19.5%   9.2 3075s
 24183144 982768   37.00000   85   12   41.00000   33.00000  19.5%   9.2 3080s
 24224053 977911 infeasible   87        41.00000   33.00000  19.5%   9.2 3085s
 24260279 973252 infeasible   87        41.00000   33.00000  19.5%   9.2 3090s
 24293344 969396   37.00000   79   22   41.00000   33.00000  19.5%   9.2 3095s
 24332990 964601 infeasible   79        41.00000   33.00000  19.5%   9.2 3100s
 24371521 959799   33.00000   92   21   41.00000   33.00000  19.5%   9.2 3105s
 24408364 955629   40.00000   80   12   41.00000   33.00000  19.5%   9.2 3110s
 24444583 951431     cutoff   87        41.00000   33.03571  19.4%   9.2 3115s
 24479643 944454 infeasible   93        41.00000   34.00000  17.1%   9.2 3120s
 24515077 938008   34.00000   94    6   41.00000   34.00000  17.1%   9.2 3125s
 24547122 931828 infeasible   86        41.00000   34.00000  17.1%   9.2 3130s
 24584065 924739   37.00000   76   11   41.00000   34.00000  17.1%   9.2 3135s
 24619888 918521 infeasible   88        41.00000   34.00000  17.1%   9.2 3140s
 24660043 910939   34.00000   87   11   41.00000   34.00000  17.1%   9.2 3145s
 24692484 905044   36.00000   79    9   41.00000   34.00000  17.1%   9.2 3150s
 24719591 900777 infeasible   88        41.00000   34.00000  17.1%   9.2 3155s
 24754564 895377 infeasible   82        41.00000   34.00000  17.1%   9.2 3160s
 24778608 890889   34.00000   86   16   41.00000   34.00000  17.1%   9.2 3165s
 24820519 883976   36.00000   82   14   41.00000   34.00000  17.1%   9.2 3170s
 24860613 877162 infeasible   93        41.00000   34.00000  17.1%   9.2 3175s
 24894179 871366   37.00000   94   14   41.00000   34.00000  17.1%   9.2 3180s
 24934334 864428   36.90476   80   22   41.00000   34.00000  17.1%   9.2 3185s
 24970940 859189   34.00000   80   15   41.00000   34.00000  17.1%   9.2 3190s
 25006706 853167 infeasible   91        41.00000   34.00000  17.1%   9.2 3195s
 25042711 847340 infeasible   88        41.00000   34.00000  17.1%   9.2 3200s
 25083630 841355   36.00000   81   20   41.00000   34.00000  17.1%   9.2 3205s
 25117206 835891   39.00000   89   15   41.00000   34.00000  17.1%   9.2 3210s
 25157572 828941 infeasible   80        41.00000   34.00000  17.1%   9.2 3215s
 25193211 823282 infeasible   87        41.00000   34.00000  17.1%   9.2 3220s
 25230241 817232 infeasible   88        41.00000   34.00000  17.1%   9.2 3225s
 25263602 811602 infeasible   91        41.00000   34.00000  17.1%   9.2 3230s
 25301190 805749   35.00000   74   19   41.00000   34.00000  17.1%   9.2 3235s
 25333058 800776 infeasible   84        41.00000   34.00000  17.1%   9.2 3240s
 25371428 794557 infeasible   93        41.00000   34.20000  16.6%   9.2 3245s
 25407232 786054   36.00000   95   11   41.00000   35.00000  14.6%   9.2 3250s
 25442226 778570   35.00000   86   15   41.00000   35.00000  14.6%   9.2 3255s
 25481592 770203   37.00000   80   14   41.00000   35.00000  14.6%   9.2 3260s
 25518787 762660 infeasible   85        41.00000   35.00000  14.6%   9.2 3265s
 25558940 754818   35.00000   78   16   41.00000   35.00000  14.6%   9.2 3270s
 25591471 748560   36.00000   84   11   41.00000   35.00000  14.6%   9.2 3275s
 25631005 740232   40.00000   84   10   41.00000   35.00000  14.6%   9.2 3280s
 25662578 733484 infeasible   90        41.00000   35.00000  14.6%   9.2 3285s
 25688241 728943   38.00000   78   19   41.00000   35.00000  14.6%   9.2 3290s
 25725297 721363   37.00000   81   14   41.00000   35.00000  14.6%   9.2 3295s
 25760514 713945   40.00000   80   15   41.00000   35.00000  14.6%   9.2 3300s
 25801148 706697   39.00000   94    8   41.00000   35.00000  14.6%   9.2 3305s
 25833078 700419 infeasible   88        41.00000   35.00000  14.6%   9.2 3310s
 25861906 695134   35.00000   73   14   41.00000   35.00000  14.6%   9.2 3315s
 25894406 689032 infeasible   85        41.00000   35.00000  14.6%   9.2 3320s
 25933459 681068   36.00000   80   14   41.00000   35.00000  14.6%   9.2 3325s
 25972003 673807   35.00000   85   25   41.00000   35.00000  14.6%   9.2 3330s
 26004072 667599   38.00000   86   16   41.00000   35.00000  14.6%   9.2 3335s
 26045183 659862 infeasible   78        41.00000   35.00000  14.6%   9.2 3340s
 26079592 653744   35.00000   80   18   41.00000   35.00000  14.6%   9.2 3345s
 26114734 646217   38.00000   78   10   41.00000   35.48485  13.5%   9.2 3350s
 26153160 636164 infeasible   89        41.00000   36.00000  12.2%   9.2 3355s
 26185832 628433   38.00000   88   11   41.00000   36.00000  12.2%   9.2 3360s
 26226465 618731 infeasible   88        41.00000   36.00000  12.2%   9.2 3365s
 26263146 609820 infeasible   89        41.00000   36.00000  12.2%   9.2 3370s
 26295747 602224 infeasible   91        41.00000   36.00000  12.2%   9.2 3375s
 26335304 592716   36.00000   79   12   41.00000   36.00000  12.2%   9.2 3380s
 26374441 583168   38.00000   88   12   41.00000   36.00000  12.2%   9.2 3385s
 26407676 575603 infeasible   98        41.00000   36.00000  12.2%   9.2 3390s
 26446061 566395 infeasible   87        41.00000   36.00000  12.2%   9.2 3395s
 26477925 558521   37.00000   75   11   41.00000   36.00000  12.2%   9.2 3400s
 26506177 551818   36.00000   87   15   41.00000   36.00000  12.2%   9.2 3405s
 26542451 543401 infeasible   78        41.00000   36.00000  12.2%   9.2 3410s
 26576535 535478 infeasible   85        41.00000   36.00000  12.2%   9.2 3415s
 26614946 526417   37.00000   90   10   41.00000   36.00000  12.2%   9.2 3420s
 26648756 518733 infeasible   83        41.00000   36.00000  12.2%   9.2 3425s
 26684954 510361 infeasible   88        41.00000   36.00000  12.2%   9.2 3430s
 26726942 502137 infeasible   84        41.00000   36.00000  12.2%   9.2 3435s
 26752956 494248 infeasible   89        41.00000   37.00000  9.76%   9.2 3440s
 26793005 483283   37.00000   88   12   41.00000   37.00000  9.76%   9.2 3445s
 26832039 473410   37.00000   83    9   41.00000   37.00000  9.76%   9.2 3450s
 26866404 464156   37.00000   85   13   41.00000   37.00000  9.76%   9.2 3455s
 26905170 453853   40.00000   82   12   41.00000   37.00000  9.76%   9.2 3460s
 26944001 443932   37.00000   86   10   41.00000   37.00000  9.76%   9.2 3465s
 26977531 434446 infeasible   80        41.00000   37.00000  9.76%   9.2 3470s
 27015508 424792 infeasible   91        41.00000   37.00000  9.76%   9.2 3475s
 27048876 415955   37.00000   87   16   41.00000   37.00000  9.76%   9.2 3480s
 27085361 405886 infeasible   82        41.00000   37.00000  9.76%   9.1 3485s
 27117706 397843   39.00000   73   17   41.00000   37.00000  9.76%   9.1 3490s
 27155647 387987 infeasible   89        41.00000   37.00000  9.76%   9.1 3495s
 27193186 378649 infeasible   76        41.00000   37.00000  9.76%   9.1 3500s
 27228158 369379   37.00000   87   17   41.00000   37.00000  9.76%   9.1 3505s
 27262796 360223   37.00000   84   17   41.00000   37.00000  9.76%   9.1 3510s
 27296535 351630   40.00000   89   18   41.00000   37.00000  9.76%   9.1 3515s
 27333737 340354 infeasible   84        41.00000   38.00000  7.32%   9.1 3520s
 27373064 326927   38.00000   86   14   41.00000   38.00000  7.32%   9.1 3525s
 27408111 315169 infeasible   88        41.00000   38.00000  7.32%   9.1 3530s
 27445055 302568 infeasible   86        41.00000   38.00000  7.32%   9.1 3535s
 27479021 290985 infeasible   86        41.00000   38.00000  7.32%   9.1 3540s
 27493257 286571   39.00000   89   14   41.00000   38.00000  7.32%   9.1 3545s
 27534755 272256   38.00000   83   13   41.00000   38.00000  7.32%   9.1 3550s
 27568733 261175   39.00000   75   17   41.00000   38.00000  7.32%   9.1 3555s
 27608985 248339   40.00000   82   13   41.00000   38.00000  7.32%   9.1 3560s
 27644774 237703   39.00000   88   15   41.00000   38.00000  7.32%   9.1 3565s
 27678551 226921 infeasible   80        41.00000   38.00000  7.32%   9.1 3570s
 27718811 214518 infeasible   67        41.00000   38.00000  7.32%   9.1 3575s
 27755421 202081 infeasible  100        41.00000   39.00000  4.88%   9.1 3580s
 27794565 186729 infeasible   94        41.00000   39.00000  4.88%   9.1 3585s
 27831696 171605   39.00000   77   16   41.00000   39.00000  4.88%   9.1 3590s
 27873534 154357 infeasible   76        41.00000   39.00000  4.88%   9.1 3595s

Cutting planes:
  Learned: 1
  Gomory: 1
  Implied bound: 11
  MIR: 4
  StrongCG: 1
  Flow cover: 13
  GUB cover: 1
  Inf proof: 1

Explored 27909670 nodes (253802359 simplex iterations) in 3600.03 seconds (895.49 work units)
Thread count was 16 (of 16 available processors)

Solution count 10: 41 42 44 ... 58

Time limit reached
Best objective 4.100000000000e+01, best bound 3.900000000000e+01, gap 4.8780%
Warning: constraint name "precedence between 0,0 to 0,2 if x_[0,0,0,2,3]=0, i.e. 0,2 before 0,0" has a space
Warning: constraint name "precedence between 0,0 to 0,2 if x_[0,0,0,2,3]=0, i.e. 0,2 before 0,0" has a space
Warning: default constraint names used to write mps file
