
Gurobi 10.0.1 (win64) logging started Fri Oct  6 09:52:12 2023

Set parameter LogFile to value "./results//log/BA_19_makespan_heurTrue.log"
Gurobi Optimizer version 10.0.1 build v10.0.1rc0 (win64)

CPU model: AMD Ryzen 7 3700X 8-Core Processor, instruction set [SSE2|AVX|AVX2]
Thread count: 8 physical cores, 16 logical processors, using up to 16 threads

Optimize a model with 2799 rows, 2201 columns and 12760 nonzeros
Model fingerprint: 0x3785df92
Variable types: 0 continuous, 2201 integer (2068 binary)
Coefficient statistics:
  Matrix range     [1e+00, 1e+07]
  Objective range  [1e+00, 1e+00]
  Bounds range     [1e+00, 1e+00]
  RHS range        [1e+00, 3e+07]

Warning: Completing partial solution with 2117 unfixed non-continuous variables out of 2201
User MIP start did not produce a new incumbent solution
User MIP start violates constraint initial_start_time_job0_stage0_machine2_constraint by 2.000000000

Presolve removed 166 rows and 1095 columns
Presolve time: 0.04s
Presolved: 2633 rows, 1106 columns, 12472 nonzeros
Variable types: 0 continuous, 1106 integer (974 binary)

Root relaxation: objective 8.500000e+01, 254 iterations, 0.00 seconds (0.00 work units)
Another try with MIP start

    Nodes    |    Current Node    |     Objective Bounds      |     Work
 Expl Unexpl |  Obj  Depth IntInf | Incumbent    BestBd   Gap | It/Node Time

     0     0   85.00000    0    2          -   85.00000      -     -    0s
H    0     0                     454.0000000   85.00000  81.3%     -    0s
H    0     0                     447.0000000   85.00000  81.0%     -    0s
     0     0   85.00000    0   58  447.00000   85.00000  81.0%     -    0s
H    0     0                     443.0000000   85.00000  80.8%     -    0s
     0     0   87.43309    0  162  443.00000   87.43309  80.3%     -    0s
     0     0   89.39583    0   72  443.00000   89.39583  79.8%     -    0s
H    0     0                     441.0000000   89.39583  79.7%     -    0s
     0     0   89.73879    0  130  441.00000   89.73879  79.7%     -    0s
     0     0   89.74890    0  166  441.00000   89.74890  79.6%     -    0s
     0     0   90.06620    0  173  441.00000   90.06620  79.6%     -    0s
     0     0   90.06620    0  159  441.00000   90.06620  79.6%     -    0s
     0     0   91.07522    0  120  441.00000   91.07522  79.3%     -    0s
     0     0   91.31966    0  123  441.00000   91.31966  79.3%     -    0s
     0     0   91.31966    0  148  441.00000   91.31966  79.3%     -    0s
     0     0   91.44401    0  123  441.00000   91.44401  79.3%     -    1s
     0     0   91.47844    0  140  441.00000   91.47844  79.3%     -    1s
     0     0   91.47971    0  131  441.00000   91.47971  79.3%     -    1s
     0     0   91.47971    0  146  441.00000   91.47971  79.3%     -    1s
     0     0   91.47971    0  125  441.00000   91.47971  79.3%     -    1s
     0     0   91.48131    0  154  441.00000   91.48131  79.3%     -    1s
     0     0   91.48131    0  161  441.00000   91.48131  79.3%     -    1s
     0     0   91.48487    0  160  441.00000   91.48487  79.3%     -    1s
     0     0   91.48722    0  159  441.00000   91.48722  79.3%     -    1s
     0     0   91.49766    0  151  441.00000   91.49766  79.3%     -    1s
     0     0   91.49766    0  150  441.00000   91.49766  79.3%     -    1s
H    0     0                     421.0000000   91.49766  78.3%     -    1s
     0     0   91.70511    0  133  421.00000   91.70511  78.2%     -    1s
     0     0   91.73766    0  172  421.00000   91.73766  78.2%     -    1s
     0     0   91.73766    0  164  421.00000   91.73766  78.2%     -    1s
H    0     0                     419.0000000   91.73766  78.1%     -    1s
     0     0   91.76163    0  139  419.00000   91.76163  78.1%     -    1s
H    0     0                     418.0000000   91.76163  78.0%     -    1s
H    0     0                     417.0000000   91.76163  78.0%     -    1s
     0     0   91.76163    0  147  417.00000   91.76163  78.0%     -    1s
     0     0   91.80004    0  151  417.00000   91.80004  78.0%     -    2s
     0     0   91.80004    0  145  417.00000   91.80004  78.0%     -    2s
     0     0   91.80256    0  168  417.00000   91.80256  78.0%     -    2s
     0     0   91.80256    0  177  417.00000   91.80256  78.0%     -    2s
     0     0   91.81890    0  175  417.00000   91.81890  78.0%     -    2s
     0     0   91.81926    0  142  417.00000   91.81926  78.0%     -    2s
     0     0   91.87365    0  116  417.00000   91.87365  78.0%     -    2s
     0     0   92.11271    0  152  417.00000   92.11271  77.9%     -    2s
     0     0   92.11271    0  167  417.00000   92.11271  77.9%     -    2s
     0     0   92.23944    0  169  417.00000   92.23944  77.9%     -    2s
H    0     0                     400.0000000   92.23944  76.9%     -    2s
     0     0   92.23944    0  159  400.00000   92.23944  76.9%     -    2s
     0     0   92.25297    0  188  400.00000   92.25297  76.9%     -    3s
     0     0   92.25829    0  175  400.00000   92.25829  76.9%     -    3s
     0     0   92.26251    0  171  400.00000   92.26251  76.9%     -    3s
     0     0   92.26251    0  180  400.00000   92.26251  76.9%     -    3s
     0     0   92.29389    0  167  400.00000   92.29389  76.9%     -    3s
     0     0   92.29389    0  176  400.00000   92.29389  76.9%     -    3s
     0     0   92.29389    0  181  400.00000   92.29389  76.9%     -    3s
     0     0   92.32855    0  152  400.00000   92.32855  76.9%     -    3s
     0     0   92.32855    0  152  400.00000   92.32855  76.9%     -    3s
H    0     0                     379.0000000   92.32855  75.6%     -    3s
     0     0   92.32976    0   95  379.00000   92.32976  75.6%     -    3s
     0     0   92.33400    0  150  379.00000   92.33400  75.6%     -    3s
     0     0   92.33400    0  167  379.00000   92.33400  75.6%     -    3s
     0     0   92.33461    0  170  379.00000   92.33461  75.6%     -    4s
     0     0   92.34044    0  174  379.00000   92.34044  75.6%     -    4s
     0     0   92.34410    0  183  379.00000   92.34410  75.6%     -    4s
     0     0   92.34892    0  198  379.00000   92.34892  75.6%     -    4s
     0     0   92.34898    0  192  379.00000   92.34898  75.6%     -    4s
     0     0   92.37847    0  177  379.00000   92.37847  75.6%     -    4s
     0     0   92.38904    0  171  379.00000   92.38904  75.6%     -    4s
     0     0   92.39197    0  184  379.00000   92.39197  75.6%     -    4s
     0     0   92.39197    0  183  379.00000   92.39197  75.6%     -    4s
     0     0   92.57105    0  158  379.00000   92.57105  75.6%     -    4s
     0     0   92.59095    0  168  379.00000   92.59095  75.6%     -    4s
     0     0   92.59275    0  186  379.00000   92.59275  75.6%     -    4s
     0     0   92.59275    0  197  379.00000   92.59275  75.6%     -    4s
     0     0   92.59433    0  154  379.00000   92.59433  75.6%     -    4s
     0     0   92.59473    0  176  379.00000   92.59473  75.6%     -    4s
     0     0   92.60432    0  175  379.00000   92.60432  75.6%     -    5s
     0     0   92.60853    0  165  379.00000   92.60853  75.6%     -    5s
     0     0   92.60853    0  170  379.00000   92.60853  75.6%     -    5s
     0     0   92.71500    0  170  379.00000   92.71500  75.5%     -    5s
     0     0   92.73505    0  146  379.00000   92.73505  75.5%     -    5s
     0     0   92.73505    0  174  379.00000   92.73505  75.5%     -    5s
     0     0   92.73804    0  178  379.00000   92.73804  75.5%     -    5s
     0     0   92.73804    0  156  379.00000   92.73804  75.5%     -    5s
     0     0   92.73804    0  156  379.00000   92.73804  75.5%     -    5s
     0     0   92.73804    0  175  379.00000   92.73804  75.5%     -    5s
     0     0   92.73804    0  113  379.00000   92.73804  75.5%     -    5s
     0     0   92.73804    0  156  379.00000   92.73804  75.5%     -    6s
     0     0   92.73804    0  103  379.00000   92.73804  75.5%     -    6s
     0     0   92.73804    0  158  379.00000   92.73804  75.5%     -    6s
     0     0   92.73804    0  105  379.00000   92.73804  75.5%     -    6s
     0     0   92.73804    0   93  379.00000   92.73804  75.5%     -    6s
     0     2   92.73804    0   86  379.00000   92.73804  75.5%     -    6s
H  123   139                     378.0000000   94.30061  75.1%  97.7    7s
H  172   179                     376.0000000   94.30061  74.9%  77.5    7s
H  176   179                     374.0000000   94.30061  74.8%  76.4    7s
H  177   179                     371.0000000   94.30061  74.6%  76.0    7s
H  467   457                     367.0000000   94.30061  74.3%  38.5    7s
H  550   536                     359.0000000   94.30061  73.7%  35.4    7s
  1475  1256  123.00000   46  155  359.00000   95.94195  73.3%  23.4   10s
H 1603  1292                     358.0000000   98.45047  72.5%  23.6   14s
  1647  1323  102.36618   32  161  358.00000   98.50462  72.5%  25.4   15s
* 6802  4358             143     357.0000000   98.88696  72.3%  23.0   18s
H 6815  4487                     356.0000000   98.88696  72.2%  23.1   18s
H 6907  4423                     345.0000000   98.88696  71.3%  23.1   18s
  8321  5695  145.86667   45   81  345.00000   99.53535  71.1%  22.7   22s
H 8580  5669                     341.0000000   99.53535  70.8%  22.5   22s
 11352  8105  101.18398   35  196  341.00000  100.14607  70.6%  21.4   25s
H17417 12395                     337.0000000  100.71655  70.1%  20.5   29s
 17521 12862  111.67032   46  160  337.00000  100.72401  70.1%  20.6   30s
 24913 18510  231.84452   87   75  337.00000  100.93256  70.0%  20.1   35s
 32277 23572     cutoff  120       337.00000  101.07490  70.0%  19.5   40s
H32286 23542                     336.0000000  101.07490  69.9%  19.5   40s
 37232 27442  253.47171   87   79  336.00000  101.19435  69.9%  19.6   45s
 41532 30396  316.00000   86   93  336.00000  101.33322  69.8%  19.8   59s
 41541 30402  209.05556   87  178  336.00000  101.33322  69.8%  19.8   60s
 41563 30417  112.88484   50  168  336.00000  101.33322  69.8%  19.8   65s
H41564 28895                     332.0000000  101.33322  69.5%  19.8   66s
 41579 28905  290.17257   76  181  332.00000  101.33322  69.5%  19.8   70s
 41592 28914  126.87634   40  182  332.00000  101.33322  69.5%  19.8   75s
 41607 28924  178.97539   50  209  332.00000  101.33322  69.5%  19.7   80s
 41621 28933  101.56274   32  229  332.00000  101.33322  69.5%  19.7   85s
 41634 28942  179.20410   77  252  332.00000  101.33322  69.5%  19.7   90s
 41647 28951  102.25706   49  236  332.00000  101.33322  69.5%  19.7   95s
 41661 28960  332.00000   82  224  332.00000  101.54669  69.4%  19.7  100s
 41673 28968  106.77490   30  216  332.00000  101.91310  69.3%  19.7  105s
H41675 27518                     330.0000000  101.98255  69.1%  19.7  106s
 41686 27526  251.88740   82  214  330.00000  102.26292  69.0%  19.7  110s
 41825 27635  102.39046   46  215  330.00000  102.39046  69.0%  21.6  115s
H42521 26634                     327.0000000  102.39046  68.7%  22.0  117s
 44758 27803  135.20180   72  195  327.00000  102.39046  68.7%  23.2  120s
H45943 27147                     325.0000000  102.39046  68.5%  23.8  122s
 48089 28073  102.39046   44  203  325.00000  102.39046  68.5%  24.3  125s
 51046 29196  102.39046   52  210  325.00000  102.39046  68.5%  25.2  131s
 53448 30921  219.00000  106   79  325.00000  102.39046  68.5%  25.8  135s
 57205 32345  104.18533   48  170  325.00000  102.39046  68.5%  26.4  140s
 59930 33978  309.38662  129   33  325.00000  102.39046  68.5%  26.6  145s
 61842 34009  165.02924  105   96  325.00000  102.39046  68.5%  26.9  162s
 63015 36009 infeasible  145       325.00000  102.39046  68.5%  26.8  166s
 65859 36466  165.88995   65  109  325.00000  102.39046  68.5%  26.9  171s
 68056 37298  102.39046   46  204  325.00000  102.39046  68.5%  27.2  175s
 70332 37526  103.12520   56  194  325.00000  102.39046  68.5%  27.5  184s
 70362 39157  103.31945   57  191  325.00000  102.39046  68.5%  27.5  187s
 72368 39476  129.79812   56  191  325.00000  102.39046  68.5%  27.4  190s
 74736 40449  190.20556   90   91  325.00000  102.39046  68.5%  27.8  196s
 77909 42239  114.74581   56  177  325.00000  102.39046  68.5%  27.8  203s
 79711 42478  119.85787   48  197  325.00000  102.39046  68.5%  27.9  206s
 82613 44459  113.14591   48  191  325.00000  102.39046  68.5%  28.3  213s
 84749 45201  102.39046   48  186  325.00000  102.39046  68.5%  28.4  218s
 86691 46469  107.17389   73  139  325.00000  102.39046  68.5%  28.6  223s
 89149 47412  104.10487   54  201  325.00000  102.39046  68.5%  28.8  228s
 91214 48123  188.00000   97   75  325.00000  102.39046  68.5%  28.9  232s
 93173 49195  108.25823   55  180  325.00000  102.39046  68.5%  28.8  236s
 95373 49867  104.33985   54  179  325.00000  102.39046  68.5%  28.9  240s
 97325 50619  122.78291   62  185  325.00000  102.39046  68.5%  28.8  245s
 100858 52022  111.35774   49  181  325.00000  102.39046  68.5%  29.0  253s
 102489 52712  250.76156   92   81  325.00000  102.39046  68.5%  29.1  258s
 104218 53264  103.76964   61  193  325.00000  102.39046  68.5%  29.2  262s
 105708 54173  272.54238  111   73  325.00000  102.39046  68.5%  29.3  267s
 107690 54894  102.39046   58  180  325.00000  102.39046  68.5%  29.5  273s
 109466 55640  307.08088   85   91  325.00000  102.39046  68.5%  29.5  277s
 111338 56394  104.27009   52  199  325.00000  102.39046  68.5%  29.7  283s
 113281 57354  214.04188  105   74  325.00000  102.39046  68.5%  29.7  288s
 115358 58005  285.39182   99   79  325.00000  102.39046  68.5%  29.8  293s
 117136 58984  121.89462   71  152  325.00000  102.39046  68.5%  29.9  298s
 118684 60562  166.32662   71   94  325.00000  102.39046  68.5%  30.1  304s
 120797 62047  103.21845   55  181  325.00000  102.39046  68.5%  30.0  309s
 122630 62675  102.39046   57  197  325.00000  102.39046  68.5%  30.2  312s
 123445 64374  123.45151   65  143  325.00000  102.39046  68.5%  30.2  318s
 125611 65776  103.31484   63  171  325.00000  102.39046  68.5%  30.2  323s
 127531 67848  102.39046   49  191  325.00000  102.39046  68.5%  30.3  329s
 130088 68844  104.00365   64  212  325.00000  102.39046  68.5%  30.2  334s
 131453 70033  153.05747   73   92  325.00000  102.39046  68.5%  30.3  338s
 133024 71435  127.49122   64  136  325.00000  102.39046  68.5%  30.4  344s
 134982 72925  102.39046   54  203  325.00000  102.39046  68.5%  30.4  350s
 136954 74330  104.95761   53  187  325.00000  102.39046  68.5%  30.5  355s
 138854 75818  102.39046   59  190  325.00000  102.39046  68.5%  30.5  360s
 140712 77303  137.18430   69  130  325.00000  102.39046  68.5%  30.5  366s
 142794 78640  132.96137   79  140  325.00000  102.39046  68.5%  30.4  370s
 144464 80028  105.00939   55  158  325.00000  102.39046  68.5%  30.4  375s
 146296 81215  107.05356   64  196  325.00000  102.39046  68.5%  30.4  380s
 149764 84289  169.36370   88  102  325.00000  102.39046  68.5%  30.5  389s
 151935 86147  171.89755   71  106  325.00000  102.39046  68.5%  30.5  394s
 154209 87457  110.72023   60  164  325.00000  102.39046  68.5%  30.4  398s
 155889 88643  153.82816   66  129  325.00000  102.39046  68.5%  30.4  403s
 157502 89830  310.23502  104   77  325.00000  102.39046  68.5%  30.4  407s
 159164 91710  166.47889   75  108  325.00000  102.39046  68.5%  30.5  412s
 161456 93014  103.83969   58  150  325.00000  102.39046  68.5%  30.4  416s
 163231 94679  102.39046   61  155  325.00000  102.39046  68.5%  30.4  421s
 165411 96162  312.26580  105   57  325.00000  102.39046  68.5%  30.4  425s
 169135 99197     cutoff   91       325.00000  102.39046  68.5%  30.4  434s
 171289 100075  103.71319   63  177  325.00000  102.39046  68.5%  30.4  438s
 172472 101448  109.90194   60  175  325.00000  102.39046  68.5%  30.4  442s
 174314 103049  102.75292   51  206  325.00000  102.39046  68.5%  30.5  448s
 176326 104650  224.24059   85   94  325.00000  102.39046  68.5%  30.5  453s
 178519 106080  104.78944   61  216  325.00000  102.39046  68.5%  30.5  458s
 180435 107480  102.66104   63  207  325.00000  102.39046  68.5%  30.6  463s
 182382 107879  106.12025   56  206  325.00000  102.39046  68.5%  30.6  469s
 182921 109174  105.64676   58  142  325.00000  102.39046  68.5%  30.6  473s
 184686 110578  105.53304   61  177  325.00000  102.39046  68.5%  30.6  478s
 186620 111924  105.09454   64  164  325.00000  102.39046  68.5%  30.7  483s
 188489 113287  103.43810   60  210  325.00000  102.39046  68.5%  30.7  488s
 190375 113636  103.29289   53  197  325.00000  102.39046  68.5%  30.8  491s
 190812 121375  104.70206   59  161  325.00000  102.39046  68.5%  30.8  514s
 194008 121375  106.94528   68  161  325.00000  102.39046  68.5%  30.8  515s
 200804 123044  248.09480  102   79  325.00000  102.39046  68.5%  30.8  520s
 203219 123803  141.66807   83  130  325.00000  102.39046  68.5%  30.8  525s
 204359 125936  118.38390   65  140  325.00000  102.39046  68.5%  30.7  530s
 209301 129116  102.39046   63  173  325.00000  102.39046  68.5%  30.6  538s
 211002 130837  104.78365   59  187  325.00000  102.39046  68.5%  30.6  543s
 213250 132125  103.91538   56  209  325.00000  102.39046  68.5%  30.6  547s
 214899 133522  286.00000  116   51  325.00000  102.39046  68.5%  30.6  551s
 216805 134916  102.71442   51  163  325.00000  102.39046  68.5%  30.6  556s
 218582 136543  127.97740   72  132  325.00000  102.39046  68.5%  30.6  560s
 222510 139257  317.50039  110   62  325.00000  102.39046  68.5%  30.6  568s
 224135 140810  278.06400  132   51  325.00000  102.39046  68.5%  30.6  572s
 226216 142094  126.17728   61  178  325.00000  102.39046  68.5%  30.5  576s
 229380 144909  104.18659   59  192  325.00000  102.39046  68.5%  30.6  583s
 231393 146075  290.05654  123   50  325.00000  102.39046  68.5%  30.6  587s
 232960 147491  181.57861  105  101  325.00000  102.39046  68.5%  30.5  592s
 234885 148685  131.65892   51  124  325.00000  102.39046  68.5%  30.5  596s
 236594 149867  107.88246   65  189  325.00000  102.39046  68.5%  30.6  601s
 238115 151587  103.85873   61  197  325.00000  102.39046  68.5%  30.6  606s
 240375 153232  157.98740   90  110  325.00000  102.39046  68.5%  30.6  611s
 242518 154472  114.61752   62  187  325.00000  102.39046  68.5%  30.5  617s
 244166 155296  104.74051   70  202  325.00000  102.39046  68.5%  30.5  621s
 245284 157250  113.70968   54  193  325.00000  102.39046  68.5%  30.6  627s
 247669 158709  105.81193   64  194  325.00000  102.39046  68.5%  30.5  631s
 249725 160035  196.46169   89   92  325.00000  102.39046  68.5%  30.5  636s
 251533 161379  104.51985   60  182  325.00000  102.39046  68.5%  30.6  641s
 253346 163841 infeasible  115       325.00000  102.39046  68.5%  30.6  647s
 256343 164926  103.23323   60  182  325.00000  102.39046  68.5%  30.5  652s
 258353 165598  102.67158   59  181  325.00000  102.39046  68.5%  30.5  657s
 259458 166810  110.55213   57  179  325.00000  102.39046  68.5%  30.4  662s
 260947 168426  143.41121   68  127  325.00000  102.39046  68.5%  30.4  667s
 263257 170654  116.73136   65  146  325.00000  102.39046  68.5%  30.4  672s
 265844 171970  104.07610   60  180  325.00000  102.39046  68.5%  30.4  677s
 267463 173604  179.10959   91  103  325.00000  102.39046  68.5%  30.4  682s
 269396 175528  142.59436   87  113  325.00000  102.39046  68.5%  30.4  688s
 271693 176880  166.23846  101  104  325.00000  102.39046  68.5%  30.3  693s
 273624 178205  103.78390   58  154  325.00000  102.39046  68.5%  30.4  698s
 275160 179407  102.39046   54  191  325.00000  102.39046  68.5%  30.4  704s
 276749 181316  104.09236   63  190  325.00000  102.39046  68.5%  30.4  709s
 279102 182480  103.82244   60  180  325.00000  102.39046  68.5%  30.4  713s
 280573 183468  113.21318   62  168  325.00000  102.39046  68.5%  30.4  717s
 281851 184496  104.94958   59  165  325.00000  102.39046  68.5%  30.4  722s
 283335 186129  120.84214   73  132  325.00000  102.39046  68.5%  30.4  726s
 285652 187636  103.49610   55  195  325.00000  102.39046  68.5%  30.3  731s
 287589 188633  228.24560  111   91  325.00000  102.39046  68.5%  30.3  735s
 290253 190870  113.05782   46  156  325.00000  102.39046  68.5%  30.3  744s
 292237 191196  102.67042   63  191  325.00000  102.39046  68.5%  30.3  753s
 292568 193151  102.67042   63  191  325.00000  102.39046  68.5%  30.3  758s
 294928 194382  103.00997   62  180  325.00000  102.39046  68.5%  30.2  763s
 296498 195914  119.51505   66  153  325.00000  102.39046  68.5%  30.2  768s
 298351 197449  105.92660   66  184  325.00000  102.39046  68.5%  30.2  774s
 300289 198673  141.43843  103  125  325.00000  102.39046  68.5%  30.2  778s
 302053 199688  102.39046   49  200  325.00000  102.39046  68.5%  30.2  783s
 303344 201338  107.20597   68  141  325.00000  102.39046  68.5%  30.2  788s
 305466 202990  213.28351   83   99  325.00000  102.39046  68.5%  30.2  793s
 307530 204585 infeasible   93       325.00000  102.39046  68.5%  30.2  799s
 309538 205916 infeasible  132       325.00000  102.39046  68.5%  30.2  803s
 311254 207300  137.56923   65  154  325.00000  102.39046  68.5%  30.2  808s
 313206 208547  142.10652   82  130  325.00000  102.39046  68.5%  30.2  814s
 315440 209762  103.15568   70  202  325.00000  102.39046  68.5%  30.1  818s
 317168 210560  106.11028   62  157  325.00000  102.39046  68.5%  30.2  823s
 318189 212627  114.19692   57  175  325.00000  102.39046  68.5%  30.2  830s
 320442 214010 infeasible  132       325.00000  102.39046  68.5%  30.2  835s
 322413 215498     cutoff  118       325.00000  102.39046  68.5%  30.2  840s
 324253 216330     cutoff  110       325.00000  102.39046  68.5%  30.2  845s
 325377 218109  233.84264  109   79  325.00000  102.39046  68.5%  30.2  851s
 327767 219313  102.60524   52  208  325.00000  102.39046  68.5%  30.2  856s
 329426 220719  103.21642   58  210  325.00000  102.39046  68.5%  30.2  862s
 331473 221688  106.62871   61  187  325.00000  102.39046  68.5%  30.2  867s
 332784 223195  105.81040   60  194  325.00000  102.39046  68.5%  30.2  872s
 334811 225103  106.14733   66  202  325.00000  102.39046  68.5%  30.2  879s
 337167 226612  225.05313   86  101  325.00000  102.39046  68.5%  30.2  884s
 339267 226627  102.99524   62  180  325.00000  102.39046  68.5%  30.2  926s
 339284 227299  103.22027   63  163  325.00000  102.39046  68.5%  30.2  931s
 340176 228961  103.80935   59  180  325.00000  102.39046  68.5%  30.2  937s
 342207 230592  106.83652   66  196  325.00000  102.39046  68.5%  30.2  944s
 344324 232144  103.91467   65  197  325.00000  102.39046  68.5%  30.2  949s
 346327 232977  125.79830   67  167  325.00000  102.39046  68.5%  30.2  954s
 347501 234332  162.96802   77  121  325.00000  102.39046  68.5%  30.2  959s
 349521 235841  249.04412  112   67  325.00000  102.39046  68.5%  30.1  965s
 351533 237272  104.80045   59  144  325.00000  102.39046  68.5%  30.1  970s
 353362 238820  102.57201   55  191  325.00000  102.39046  68.5%  30.1  975s
 355331 239809  165.95097  104  109  325.00000  102.39046  68.5%  30.1  981s
 356667 240968 infeasible   98       325.00000  102.39046  68.5%  30.1  987s
 358173 242442 infeasible  140       325.00000  102.39046  68.5%  30.1  993s
 360246 243977  180.62191   78   94  325.00000  102.39046  68.5%  30.1  999s
 360750 243977  106.03098   72  181  325.00000  102.39046  68.5%  30.1 1000s
 362253 245396  105.15897   75  144  325.00000  102.39046  68.5%  30.1 1005s
 364217 247125  102.83365   55  195  325.00000  102.39046  68.5%  30.1 1011s
 366583 248337  111.54875   51  194  325.00000  102.39046  68.5%  30.1 1017s
 368150 249922  132.36175   92  108  325.00000  102.39046  68.5%  30.1 1022s
 370185 250972  102.71571   62  211  325.00000  102.39046  68.5%  30.1 1027s
 371651 251872  295.11098  125   58  325.00000  102.39046  68.5%  30.1 1033s
 373183 253296  268.16944   91   62  325.00000  102.39046  68.5%  30.1 1039s
 375148 254761  103.44706   57  164  325.00000  102.39046  68.5%  30.1 1044s
 375686 254761  103.87143   65  208  325.00000  102.39046  68.5%  30.1 1045s
 377274 256220  115.38760   68  148  325.00000  102.39046  68.5%  30.1 1051s
 379237 256235  104.88987   66  184  325.00000  102.39046  68.5%  30.1 1075s
 379254 257597  105.01800   67  172  325.00000  102.39046  68.5%  30.1 1080s
 381150 258748  149.47560   77  143  325.00000  102.39046  68.5%  30.1 1087s
 382662 259803  322.00781  144   40  325.00000  102.39808  68.5%  30.1 1092s
 384376 260979     cutoff  101       325.00000  102.39967  68.5%  30.1 1099s
 385991 262702  153.89027   86  104  325.00000  102.40242  68.5%  30.1 1106s
 388047 263640  103.96467   53  184  325.00000  102.40311  68.5%  30.1 1111s
 389422 264846  133.43668   76  155  325.00000  102.40668  68.5%  30.1 1117s
 391123 266546  110.90996   60  203  325.00000  102.41059  68.5%  30.1 1123s
 393356 267863  254.81525  103   91  325.00000  102.41459  68.5%  30.1 1129s
 395219 269416  116.32780   63  121  325.00000  102.41837  68.5%  30.1 1135s
 397276 271118  107.93390   65  185  325.00000  102.42028  68.5%  30.1 1141s
 399364 272906  237.35432   93   92  325.00000  102.42214  68.5%  30.1 1147s
 401710 274030  106.68703   58  201  325.00000  102.42406  68.5%  30.1 1153s
 403171 275240  224.51608   86   89  325.00000  102.42756  68.5%  30.1 1158s
 404840 276770  250.18484   98   89  325.00000  102.43357  68.5%  30.1 1165s
 406734 278148  163.51463   96  102  325.00000  102.43721  68.5%  30.1 1172s
 408398 279919  157.72073   87  130  325.00000  102.43742  68.5%  30.1 1179s
 410873 281232  261.51761   86  109  325.00000  102.44359  68.5%  30.1 1185s
 412767 281243  200.72670   80   99  325.00000  102.44590  68.5%  30.1 1240s
 412788 281779  200.98584   81  105  325.00000  102.44605  68.5%  30.1 1245s
 413702 282623  104.77153   66  113  325.00000  102.44932  68.5%  30.1 1250s
 414849 284404  247.89361   83   83  325.00000  102.45249  68.5%  30.1 1257s
 417118 285975  104.92200   63  190  325.00000  102.45458  68.5%  30.1 1264s
 419159 287589  104.57745   67  208  325.00000  102.45743  68.5%  30.1 1270s
 421306 289267  106.18446   60  172  325.00000  102.46098  68.5%  30.1 1277s
 423526 291024  109.76722   58  190  325.00000  102.46338  68.5%  30.1 1284s
 425527 292616  174.41039   89   83  325.00000  102.46552  68.5%  30.1 1290s
 427673 293937  153.89341   78  140  325.00000  102.46891  68.5%  30.1 1297s
 429439 295558  152.37293   75  119  325.00000  102.47236  68.5%  30.1 1305s
 431659 297184  103.52451   62  205  325.00000  102.47804  68.5%  30.1 1312s
 433672 298399  103.11454   58  174  325.00000  102.47971  68.5%  30.1 1318s
 435151 300252  103.37187   49  193  325.00000  102.48013  68.5%  30.1 1324s
 437542 301598  103.43409   51  193  325.00000  102.48497  68.5%  30.1 1330s
 439371 303246  103.43509   66  196  325.00000  102.48853  68.5%  30.1 1336s
 441493 305178  104.59278   67  173  325.00000  102.49321  68.5%  30.1 1343s
 443894 306653  205.58116  101   95  325.00000  102.49352  68.5%  30.0 1349s
 445897 308318  103.84428   58  172  325.00000  102.49796  68.5%  30.0 1355s
 447939 309643  217.03486   85   85  325.00000  102.50077  68.5%  30.1 1360s
 449747 311121  319.14665   96   56  325.00000  102.50294  68.5%  30.0 1366s
 451820 312673  234.29662   79   88  325.00000  102.50485  68.5%  30.0 1373s
 453776 314117  107.66526   51  172  325.00000  102.50774  68.5%  30.0 1380s
 455823 315205  172.29865   90  119  325.00000  102.51075  68.5%  30.0 1386s
 457376 316837  118.99087   79  139  325.00000  102.51426  68.5%  30.1 1392s
 459501 319008  105.59422   58  160  325.00000  102.51501  68.5%  30.1 1401s
 462222 320186  111.55632   68  134  325.00000  102.51688  68.5%  30.0 1407s
 464015 321598  105.26883   58  207  325.00000  102.52018  68.5%  30.0 1413s
 466311 323020  288.03938  118   61  325.00000  102.52256  68.5%  30.0 1419s
 468191 324913  111.87330   72  135  325.00000  102.52722  68.5%  30.0 1425s
 470445 326524  130.89267   73  145  325.00000  102.52752  68.5%  30.0 1433s
 472655 327938  114.51217   74  154  325.00000  102.53114  68.5%  30.0 1439s
 474636 329332  231.06640  105  110  325.00000  102.53434  68.5%  30.0 1445s
 476538 330709  104.13634   58  188  325.00000  102.53712  68.5%  30.0 1452s
 478197 332481  283.00000  128   42  325.00000  102.53712  68.5%  30.0 1458s
 480591 334586  115.32224   82  152  325.00000  102.53798  68.4%  30.0 1464s
 483000 335823  215.74302  109   85  325.00000  102.53798  68.4%  29.9 1470s
 484854 337068  122.62210   61  197  325.00000  102.54032  68.4%  29.9 1475s
 486556 338520  103.23435   61  178  325.00000  102.54490  68.4%  29.9 1482s
 488523 339012     cutoff  101       325.00000  102.54733  68.4%  29.9 1486s
 489238 340411  136.15444   71  126  325.00000  102.54736  68.4%  29.9 1492s
 491101 342369  116.09705   84  134  325.00000  102.55109  68.4%  29.9 1499s
 492129 342369  104.47980   62  195  325.00000  102.55269  68.4%  29.9 1500s
 495086 345258  223.71937  106   87  325.00000  102.55756  68.4%  29.9 1510s
 497312 346617  105.46430   70  126  325.00000  102.55967  68.4%  29.9 1516s
 499146 347901  103.42019   61  193  325.00000  102.56086  68.4%  29.9 1521s
 500685 349820  125.26349   76  131  325.00000  102.56301  68.4%  29.9 1527s
 503009 351134  187.06535   91   96  325.00000  102.56491  68.4%  29.9 1532s
 504700 352471  296.00000  102   65  325.00000  102.56611  68.4%  29.9 1538s
 506540 354129  128.80828   58  186  325.00000  102.56793  68.4%  29.9 1543s
 508652 355324  197.14009   99   96  325.00000  102.56941  68.4%  29.9 1549s
 510263 356288  280.49031  119   70  325.00000  102.57092  68.4%  29.8 1554s
 511650 358094  103.18094   61  210  325.00000  102.57313  68.4%  29.9 1561s
 513879 359743  144.54555   93  126  325.00000  102.57533  68.4%  29.8 1568s
 516005 360623  104.17977   64  197  325.00000  102.57711  68.4%  29.8 1573s
 517138 361877  190.03203   98  105  325.00000  102.57755  68.4%  29.8 1579s
 518941 363195  121.95701   60  174  325.00000  102.58135  68.4%  29.9 1587s
 520798 364718  106.72106   59  196  325.00000  102.58395  68.4%  29.9 1594s
 522841 366327  117.81459   67  200  325.00000  102.58673  68.4%  29.9 1602s
 525066 367791  244.72943  111   94  325.00000  102.58873  68.4%  29.9 1608s
 527040 368380  112.95771   73  163  325.00000  102.59122  68.4%  29.9 1613s
 527778 370045  103.42632   53  203  325.00000  102.59186  68.4%  29.9 1620s
 529851 371534  129.55099   60  195  325.00000  102.59306  68.4%  29.9 1627s
 531900 373073  113.95644   59  170  325.00000  102.59537  68.4%  29.9 1634s
 533981 374798  129.65107   83  136  325.00000  102.59537  68.4%  29.9 1642s
 536312 376716  115.20498   64  173  325.00000  102.60296  68.4%  29.9 1650s
 538446 377895  104.09583   59  188  325.00000  102.60314  68.4%  29.8 1656s
 540091 379294  102.70188   57  201  325.00000  102.60769  68.4%  29.9 1663s
 542024 380586  129.99802   65  112  325.00000  102.60853  68.4%  29.9 1669s
 543406 382300  117.14115   72  143  325.00000  102.60865  68.4%  29.8 1676s
 545868 384049  105.66491   60  193  325.00000  102.61174  68.4%  29.8 1684s
 548056 385745  150.94004   74  108  325.00000  102.61352  68.4%  29.8 1690s
 550112 387071  189.86001   82  108  325.00000  102.61418  68.4%  29.8 1697s
 551930 388635  259.14870  114   97  325.00000  102.61556  68.4%  29.8 1702s
 553835 390317  221.00000  116   66  325.00000  102.61831  68.4%  29.8 1709s
 555825 392505  144.48898   74  139  325.00000  102.61855  68.4%  29.8 1718s
 558487 393634  302.34502   81   85  325.00000  102.62038  68.4%  29.7 1723s
 560119 394870     cutoff  125       325.00000  102.62043  68.4%  29.7 1729s
 561783 396000  134.37124   61  144  325.00000  102.62363  68.4%  29.7 1735s
 563546 397284  105.69173   56  203  325.00000  102.62499  68.4%  29.7 1741s
 565574 398729  104.18328   61  193  325.00000  102.62652  68.4%  29.7 1748s
 567441 400360     cutoff  149       325.00000  102.62680  68.4%  29.7 1755s
 569417 401819  104.79051   66  190  325.00000  102.62892  68.4%  29.7 1761s
 571411 402797  103.70185   60  200  325.00000  102.63135  68.4%  29.7 1767s
 572659 404513  119.05196   65  146  325.00000  102.63196  68.4%  29.7 1774s
 574862 405676 infeasible  116       325.00000  102.63485  68.4%  29.7 1781s
 576468 407453  109.15166   52  172  325.00000  102.63674  68.4%  29.7 1789s
 578821 409301  126.32767   69  115  325.00000  102.63717  68.4%  29.7 1797s
 580944 410595  102.63717   60  195  325.00000  102.63717  68.4%  29.6 1803s
 582778 411805  149.04963   82  131  325.00000  102.63825  68.4%  29.6 1809s
 583332 411805  104.23130   62  189  325.00000  102.64051  68.4%  29.6 1810s
 584449 413165  102.85116   55  189  325.00000  102.64138  68.4%  29.6 1816s
 586372 414403     cutoff  121       325.00000  102.64282  68.4%  29.6 1822s
 588051 416206  124.36477   73  143  325.00000  102.64487  68.4%  29.7 1830s
 590356 417299  276.22889  107   64  325.00000  102.64598  68.4%  29.6 1837s
 591991 419067  107.82372   69  189  325.00000  102.64758  68.4%  29.6 1845s
 594198 419795  103.00778   55  172  325.00000  102.64930  68.4%  29.6 1850s
 595135 420632  114.81182   61  185  325.00000  102.64956  68.4%  29.6 1856s
 596248 422029  105.89930   68  163  325.00000  102.65114  68.4%  29.6 1864s
 597431 422029  164.43863   84  114  325.00000  102.65227  68.4%  29.6 1865s
 598216 423636  103.77542   61  177  325.00000  102.65320  68.4%  29.6 1873s
 600403 425868  113.99657   57  135  325.00000  102.65681  68.4%  29.6 1880s
 602726 427113  204.55481   84   99  325.00000  102.65692  68.4%  29.6 1886s
 604627 428061  241.95651   93   93  325.00000  102.65724  68.4%  29.6 1892s
 606276 429230  103.06030   52  200  325.00000  102.65931  68.4%  29.6 1898s
 607912 430221  103.07089   57  187  325.00000  102.66142  68.4%  29.6 1905s
 609227 431486  117.18647   65  179  325.00000  102.66321  68.4%  29.6 1911s
 611060 432762  103.92577   59  193  325.00000  102.66519  68.4%  29.6 1917s
 612588 434641  142.01167   81  106  325.00000  102.66688  68.4%  29.6 1925s
 614928 435991  307.05648   98   63  325.00000  102.66852  68.4%  29.6 1932s
 616699 437191  186.81532   72  109  325.00000  102.67018  68.4%  29.6 1939s
 618437 438673  222.17892   94   84  325.00000  102.67198  68.4%  29.6 1946s
 620478 440841  103.92171   68  201  325.00000  102.67310  68.4%  29.6 1956s
 623215 441650  142.47612   75  138  325.00000  102.67383  68.4%  29.6 1961s
 624164 443592  104.19264   65  186  325.00000  102.67407  68.4%  29.6 1970s
 626619 445039  104.16991   63  203  325.00000  102.67594  68.4%  29.6 1977s
 628499 446369  317.32799  119   41  325.00000  102.67733  68.4%  29.6 1984s
 630382 447799  292.18656  110   47  325.00000  102.67923  68.4%  29.6 1991s
 632304 449416  240.00000  116   58  325.00000  102.68115  68.4%  29.6 1999s
 634456 450681  104.55944   55  160  325.00000  102.68249  68.4%  29.6 2007s
 636278 451495  104.10472   64  168  325.00000  102.68488  68.4%  29.6 2015s
 637365 452949  105.19193   72  142  325.00000  102.68553  68.4%  29.6 2022s
 639265 453492  102.75928   62  180  325.00000  102.68760  68.4%  29.6 2028s
 640004 455219  108.20369   67  179  325.00000  102.68784  68.4%  29.6 2036s
 642289 456871  103.39889   68  165  325.00000  102.68996  68.4%  29.6 2046s
 644590 457822  129.74553   69  124  325.00000  102.69286  68.4%  29.6 2053s
 645869 459113  127.42134   77  145  325.00000  102.69362  68.4%  29.6 2061s
 647725 460879  169.05107   90  103  325.00000  102.69436  68.4%  29.6 2070s
 650086 462312  113.33670   69  211  325.00000  102.69655  68.4%  29.6 2078s
 651939 463465  103.18866   64  172  325.00000  102.69776  68.4%  29.6 2086s
 653446 465100  103.72388   67  212  325.00000  102.69919  68.4%  29.6 2095s
 655643 466535     cutoff  123       325.00000  102.70073  68.4%  29.6 2102s
 657647 468030  269.19700   95   62  325.00000  102.70386  68.4%  29.6 2111s
 659673 468897  113.40578   56  166  325.00000  102.70571  68.4%  29.6 2119s
 660948 470368  104.32906   62  204  325.00000  102.70851  68.4%  29.6 2128s
 663004 472225  107.48776   59  170  325.00000  102.71036  68.4%  29.6 2137s
 665377 473502  105.01261   58  169  325.00000  102.71259  68.4%  29.6 2145s
 667100 474358  103.62743   58  177  325.00000  102.71350  68.4%  29.6 2153s
 668152 476159  103.84789   59  201  325.00000  102.71491  68.4%  29.6 2162s
 670573 477423  105.16737   48  187  325.00000  102.71720  68.4%  29.6 2171s
 672289 478911  105.33922   57  197  325.00000  102.71909  68.4%  29.6 2179s
 674183 479867  188.07725   76  114  325.00000  102.72020  68.4%  29.6 2188s
 675462 481312  227.40551   96   84  325.00000  102.72140  68.4%  29.6 2197s
 677478 482818  103.97733   61  182  325.00000  102.72160  68.4%  29.6 2205s
 679490 484200  105.49212   71  159  325.00000  102.72435  68.4%  29.6 2214s
 680352 484200  104.25828   46  202  325.00000  102.72542  68.4%  29.6 2215s
 681390 485727  267.75059   81   95  325.00000  102.72761  68.4%  29.6 2225s
 683160 487216  290.02166  123   65  325.00000  102.72761  68.4%  29.6 2234s
 683460 487216  311.69039  101   68  325.00000  102.72775  68.4%  29.6 2235s
 685253 488669     cutoff  111       325.00000  102.73012  68.4%  29.6 2244s
 686417 488669  279.80784   98   61  325.00000  102.73061  68.4%  29.6 2245s
 687228 490309  163.96174   74  104  325.00000  102.73151  68.4%  29.6 2254s
 688581 490309  108.16901   61  172  325.00000  102.73278  68.4%  29.6 2255s
 689568 491531  149.34482   81  117  325.00000  102.73419  68.4%  29.6 2264s
 691405 492430  103.43487   56  206  325.00000  102.73555  68.4%  29.6 2274s
 692723 494845  116.32426   59  158  325.00000  102.73748  68.4%  29.6 2285s
 695626 496849  268.02363  109   84  325.00000  102.73895  68.4%  29.6 2296s
 697983 498221  311.00000  128   49  325.00000  102.74054  68.4%  29.6 2304s
 699966 499118  126.31746   74  133  325.00000  102.74245  68.4%  29.6 2313s
 701191 500981  104.18503   57  215  325.00000  102.74307  68.4%  29.6 2322s
 703443 502559  270.00000  113   68  325.00000  102.74418  68.4%  29.6 2332s
 705575 503892  103.85736   56  202  325.00000  102.74742  68.4%  29.6 2341s
 707336 505073  114.15595   64  171  325.00000  102.74964  68.4%  29.6 2350s
 709033 506782  140.72867   76  113  325.00000  102.75092  68.4%  29.6 2365s
 711443 509645  105.21180   66  180  325.00000  102.75282  68.4%  29.6 2378s
 714777 510979 infeasible  153       325.00000  102.75441  68.4%  29.6 2388s
 716665 512190  108.83243   72  194  325.00000  102.75657  68.4%  29.6 2399s
 718493 513923  110.18509   74  160  325.00000  102.75799  68.4%  29.6 2411s
 720693 515655  287.85676  103   75  325.00000  102.75937  68.4%  29.6 2422s
 723140 517081  121.43270   61  171  325.00000  102.76038  68.4%  29.5 2431s
 725139 518094  129.54699   67  135  325.00000  102.76247  68.4%  29.6 2442s
 726596 519532  106.23258   64  169  325.00000  102.76337  68.4%  29.6 2452s
 728593 521661  187.69507   79   98  325.00000  102.76605  68.4%  29.6 2463s
 731086 523047  264.67148  129   66  325.00000  102.76713  68.4%  29.6 2471s
 732987 523064  303.19565  136   46  325.00000  102.76842  68.4%  29.5 2538s
 733028 524502  304.43478  137   42  325.00000  102.76860  68.4%  29.5 2547s
 735001 525639  103.98334   57  193  325.00000  102.77025  68.4%  29.5 2556s
 736521 526773  200.26959   99  100  325.00000  102.77089  68.4%  29.5 2565s
 738251 528488  103.76631   62  180  325.00000  102.77297  68.4%  29.5 2576s
 740507 529845  225.28386  102   99  325.00000  102.77396  68.4%  29.5 2585s
 742483 531377  105.35024   61  186  325.00000  102.77527  68.4%  29.5 2595s
 744348 532658  164.38058   89  122  325.00000  102.77673  68.4%  29.5 2605s
 746159 534597  125.71081   80  143  325.00000  102.77755  68.4%  29.5 2615s
 748492 535324  117.39394   64  172  325.00000  102.77893  68.4%  29.5 2622s
 749643 536408  117.57115   67  173  325.00000  102.77957  68.4%  29.5 2633s
 751328 538135  103.38388   66  184  325.00000  102.78173  68.4%  29.5 2647s
 753948 539756  167.13564   84  111  325.00000  102.78345  68.4%  29.5 2659s
 756159 541227  112.92360   59  171  325.00000  102.78505  68.4%  29.5 2670s
 758137 543579  103.17501   59  173  325.00000  102.78736  68.4%  29.5 2681s
 760998 544989  103.75179   65  183  325.00000  102.78813  68.4%  29.5 2692s
 762917 546302  104.47273   65  207  325.00000  102.78997  68.4%  29.5 2702s
 764722 547871  209.01761   92   75  325.00000  102.79165  68.4%  29.5 2712s
 766778 549725  117.20744   57  180  325.00000  102.79369  68.4%  29.5 2722s
 768989 550990  103.32124   63  175  325.00000  102.79380  68.4%  29.5 2736s
 770717 552489  105.23997   60  190  325.00000  102.79468  68.4%  29.5 2747s
 772768 554533  143.17603   78  114  325.00000  102.79666  68.4%  29.5 2758s
 775469 555658  118.63714   68  155  325.00000  102.79851  68.4%  29.5 2767s
 776999 557336  103.88644   56  165  325.00000  102.79977  68.4%  29.5 2777s
 779003 558629  105.70478   65  149  325.00000  102.80127  68.4%  29.5 2788s
 780726 560036  104.38318   65  184  325.00000  102.80181  68.4%  29.5 2798s
 782629 560643  105.05381   62  221  325.00000  102.80181  68.4%  29.5 2805s
 783425 562006  185.55000  102   94  325.00000  102.80181  68.4%  29.5 2816s
 785440 563221  128.92157   65  165  325.00000  102.80480  68.4%  29.5 2829s
 787049 564506  121.52030   79  134  325.00000  102.80581  68.4%  29.5 2839s
 787694 564506  138.81843   79  133  325.00000  102.80684  68.4%  29.5 2840s
 788865 566397  116.07406   67  178  325.00000  102.80714  68.4%  29.5 2851s
 791343 568009  113.05934   57  196  325.00000  102.80884  68.4%  29.5 2864s
 793500 569145  306.19383  100   84  325.00000  102.81006  68.4%  29.5 2875s
 795021 570835  163.81662   82  122  325.00000  102.81147  68.4%  29.5 2890s
 797268 572818  104.18903   66  162  325.00000  102.81314  68.4%  29.5 2905s
 799937 574382  119.25586   59  200  325.00000  102.81442  68.4%  29.5 2917s
 802041 576135  114.65988   49  151  325.00000  102.81572  68.4%  29.5 2928s
 804405 577537  130.03048   60  139  325.00000  102.81705  68.4%  29.5 2942s
 806242 579673  127.97691   79  145  325.00000  102.81836  68.4%  29.5 2952s
 808867 581274  106.59060   51  202  325.00000  102.81956  68.4%  29.5 2963s
 811101 582570  107.50099   61  180  325.00000  102.82114  68.4%  29.5 2973s
 812795 584877  222.53214   92   86  325.00000  102.82229  68.4%  29.5 2985s
 815734 585870  138.31123   89  124  325.00000  102.82255  68.4%  29.4 2993s
 817190 586973  135.35936   74  136  325.00000  102.82391  68.4%  29.4 3001s
 818735 588077  307.96429   92   75  325.00000  102.82507  68.4%  29.4 3010s
 820121 589469  241.60389  128   66  325.00000  102.82514  68.4%  29.4 3019s
 821874 591050  116.77364   68  174  325.00000  102.82699  68.4%  29.4 3028s
 823933 592729  107.72577   67  138  325.00000  102.82844  68.4%  29.4 3038s
 825965 594146  108.43777   66  172  325.00000  102.82918  68.4%  29.4 3048s
 827823 595501  103.13588   60  189  325.00000  102.83015  68.4%  29.4 3059s
 829363 596930  150.07525   99  116  325.00000  102.83044  68.4%  29.4 3069s
 830905 596930  301.95927  123   58  325.00000  102.83184  68.4%  29.4 3070s
 831357 598390  172.64327   98  109  325.00000  102.83197  68.4%  29.4 3078s
 833106 599852  132.37174   97  111  325.00000  102.83281  68.4%  29.4 3088s
 835001 601500  125.13052   70  129  325.00000  102.83298  68.4%  29.4 3100s
 837342 601702  109.83969   64  181  325.00000  102.83487  68.4%  29.4 3146s
 837609 602813  110.97582   65  180  325.00000  102.83506  68.4%  29.4 3157s
 839094 604966  128.97307   70  133  325.00000  102.83642  68.4%  29.4 3175s
 842010 607066  283.15634  106   74  325.00000  102.83812  68.4%  29.4 3189s
 842900 607066  109.72212   66  199  325.00000  102.83836  68.4%  29.4 3190s
 844697 609520  212.05756  100   78  325.00000  102.83999  68.4%  29.4 3203s
 847624 610963  234.11593   88   84  325.00000  102.84134  68.4%  29.3 3213s
 849491 612907  175.63176   93  132  325.00000  102.84228  68.4%  29.3 3226s
 851933 614460  104.62107   58  177  325.00000  102.84376  68.4%  29.3 3237s
 854143 615792  209.29390   86   92  325.00000  102.84521  68.4%  29.3 3248s
 856011 618046  111.01438   80  134  325.00000  102.84606  68.4%  29.3 3262s
 858803 619139  272.04051  101   73  325.00000  102.84732  68.4%  29.3 3271s
 860292 620579     cutoff  119       325.00000  102.84845  68.4%  29.3 3281s
 862225 621988  104.08119   55  210  325.00000  102.84999  68.4%  29.3 3290s
 863913 623197  158.25480   76  116  325.00000  102.85129  68.4%  29.3 3300s
 865823 624852  289.00000  107   66  325.00000  102.85187  68.4%  29.3 3310s
 867963 626230     cutoff  111       325.00000  102.85331  68.4%  29.3 3320s
 869844 627480  104.00558   59  228  325.00000  102.85331  68.4%  29.3 3330s
 871799 628672  128.79725   66  192  325.00000  102.85548  68.4%  29.3 3340s
 873361 629320  103.63400   57  192  325.00000  102.85677  68.4%  29.3 3348s
 874277 630711  134.07364   75   98  325.00000  102.85712  68.4%  29.3 3360s
 876260 632925  303.87019   98   64  325.00000  102.85943  68.4%  29.3 3372s
 878968 634367  103.68412   63  183  325.00000  102.86110  68.4%  29.3 3386s
 881181 635861  104.31250   67  171  325.00000  102.86226  68.4%  29.3 3399s
 883251 637743  113.91523   69  194  325.00000  102.86403  68.3%  29.3 3411s
 885420 639316     cutoff  145       325.00000  102.86438  68.3%  29.3 3422s
 887350 641044  212.42857   86   75  325.00000  102.86509  68.3%  29.3 3433s
 889572 642375  104.91474   71  167  325.00000  102.86593  68.3%  29.3 3444s
 891257 643553  133.94131   75  107  325.00000  102.86712  68.3%  29.3 3455s
 892855 644963  158.04968   95  117  325.00000  102.86719  68.3%  29.3 3466s
 894779 646355  262.34972   98   91  325.00000  102.86929  68.3%  29.3 3476s
 896650 647676  103.27234   54  190  325.00000  102.87044  68.3%  29.3 3487s
 898404 649179  110.33210   67  201  325.00000  102.87158  68.3%  29.3 3499s
 900397 651273  176.07663   78  103  325.00000  102.87306  68.3%  29.3 3512s
 902924 652742  110.39362   67  159  325.00000  102.87448  68.3%  29.3 3523s
 904962 653946  296.14652  102   58  325.00000  102.87553  68.3%  29.3 3533s
 906628 655265  115.91566   66  154  325.00000  102.87824  68.3%  29.3 3543s
 908376 656602  237.59104   87   85  325.00000  102.87930  68.3%  29.3 3555s
 910208 657759  117.75013   74  140  325.00000  102.88098  68.3%  29.3 3566s
 911793 658718  117.98204   70  173  325.00000  102.88207  68.3%  29.3 3576s
 913043 660139     cutoff  115       325.00000  102.88225  68.3%  29.3 3587s
 915058 661991  126.54675   72  132  325.00000  102.88464  68.3%  29.3 3599s

Cutting planes:
  Learned: 580
  Gomory: 216
  Cover: 8
  Implied bound: 8
  MIR: 3322
  StrongCG: 952
  Flow cover: 8350
  Inf proof: 10
  Zero half: 339
  Mod-K: 1
  RLT: 124
  Relax-and-lift: 28

Explored 917263 nodes (26895464 simplex iterations) in 3600.75 seconds (991.54 work units)
Thread count was 16 (of 16 available processors)

Solution count 10: 325 327 330 ... 357

Time limit reached
Best objective 3.250000000000e+02, best bound 1.030000000000e+02, gap 68.3077%
Warning: constraint name "precedence between 0,0 to 0,2 if x_[0,0,0,2,3]=0, i.e. 0,2 before 0,0" has a space
Warning: constraint name "precedence between 0,0 to 0,2 if x_[0,0,0,2,3]=0, i.e. 0,2 before 0,0" has a space
Warning: default constraint names used to write mps file
