
Gurobi 10.0.1 (win64) logging started Thu Oct  5 12:48:59 2023

Set parameter LogFile to value "./results//log/BA_13_deadline_heurTrue.log"
Gurobi Optimizer version 10.0.1 build v10.0.1rc0 (win64)

CPU model: AMD Ryzen 7 3700X 8-Core Processor, instruction set [SSE2|AVX|AVX2]
Thread count: 8 physical cores, 16 logical processors, using up to 16 threads

Optimize a model with 674 rows, 451 columns and 2671 nonzeros
Model fingerprint: 0x9f2fe22d
Model has 1 quadratic constraint
Variable types: 0 continuous, 451 integer (396 binary)
Coefficient statistics:
  Matrix range     [1e+00, 1e+07]
  QMatrix range    [1e+00, 1e+00]
  QLMatrix range   [1e+00, 1e+01]
  Objective range  [1e+00, 1e+00]
  Bounds range     [1e+00, 1e+00]
  RHS range        [1e+00, 3e+07]

Warning: Completing partial solution with 415 unfixed non-continuous variables out of 451
User MIP start produced solution with objective 127 (0.00s)
Loaded user MIP start with objective 127

Presolve removed 99 rows and 168 columns
Presolve time: 0.02s
Presolved: 594 rows, 301 columns, 2647 nonzeros
Variable types: 0 continuous, 301 integer (228 binary)

Root relaxation: objective 0.000000e+00, 63 iterations, 0.00 seconds (0.00 work units)

    Nodes    |    Current Node    |     Objective Bounds      |     Work
 Expl Unexpl |  Obj  Depth IntInf | Incumbent    BestBd   Gap | It/Node Time

     0     0    0.00000    0    5  127.00000    0.00000   100%     -    0s
H    0     0                      93.0000000    0.00000   100%     -    0s
H    0     0                      92.0000000    0.00000   100%     -    0s
H    0     0                      78.0000000    0.00000   100%     -    0s
     0     0    0.00000    0    3   78.00000    0.00000   100%     -    0s
H    0     0                      77.0000000    0.00000   100%     -    0s
     0     0    0.00000    0   13   77.00000    0.00000   100%     -    0s
     0     0    0.00000    0   10   77.00000    0.00000   100%     -    0s
H    0     0                      68.0000000    0.00000   100%     -    0s
     0     0    0.00000    0    3   68.00000    0.00000   100%     -    0s
H    0     0                      67.0000000    0.00000   100%     -    0s
H    0     0                      65.0000000    0.00000   100%     -    0s
     0     0    0.00000    0    7   65.00000    0.00000   100%     -    0s
H    0     0                      64.0000000    0.00000   100%     -    0s
     0     0    0.00000    0    8   64.00000    0.00000   100%     -    0s
     0     0    0.00000    0   14   64.00000    0.00000   100%     -    0s
     0     0    0.00000    0    8   64.00000    0.00000   100%     -    0s
     0     0    0.00000    0    8   64.00000    0.00000   100%     -    0s
H    0     0                      58.0000000    0.00000   100%     -    0s
     0     2    0.00000    0    8   58.00000    0.00000   100%     -    0s
H   35    40                      57.0000000    0.00000   100%  17.4    0s
H  113   141                      53.0000000    0.00000   100%  11.1    0s
H  529   186                      44.0000000    0.00000   100%   4.6    0s
H  711   203                      39.0000000    0.00000   100%   3.8    0s
H  712   203                      30.0000000    0.00000   100%   3.8    0s
H 2747   232                      29.0000000    0.00000   100%   1.3    0s
H 9431   238                      25.0000000    0.00000   100%   0.4    0s
H15873   278                      24.0000000    0.00000   100%   0.7    1s
H16019   363                      22.0000000    0.00000   100%   1.4    1s
H16081   375                      21.0000000    0.00000   100%   1.5    2s
*16851   699              58      20.0000000    0.00000   100%   2.1    2s
H18495  1213                      19.0000000    0.00000   100%   2.8    2s
 42097  7251   14.00000   42   11   19.00000    1.00000  94.7%   8.4    5s
 149053 21214 infeasible   50        19.00000    3.00000  84.2%  10.7   10s
 277577 24348   11.00000   51   17   19.00000    8.00000  57.9%  10.5   15s
 403721 12396 infeasible   55        19.00000   13.00000  31.6%  10.1   20s

Cutting planes:
  Learned: 2
  Gomory: 6
  Implied bound: 9
  MIR: 2
  Flow cover: 13
  Inf proof: 1
  RLT: 2

Explored 460668 nodes (4561351 simplex iterations) in 22.33 seconds (14.42 work units)
Thread count was 16 (of 16 available processors)

Solution count 10: 19 20 21 ... 44

Optimal solution found (tolerance 1.00e-04)
Best objective 1.900000000000e+01, best bound 1.900000000000e+01, gap 0.0000%
Warning: constraint name "precedence between 0,0 to 0,2 if x_[0,0,0,2,3]=0, i.e. 0,2 before 0,0" has a space
Warning: constraint name "precedence between 0,0 to 0,2 if x_[0,0,0,2,3]=0, i.e. 0,2 before 0,0" has a space
Warning: default constraint names used to write mps file
