
Gurobi 10.0.1 (win64) logging started Thu Oct  5 14:49:30 2023

Set parameter LogFile to value "./results//log/BA_14_deadline_heurFalse.log"
Gurobi Optimizer version 10.0.1 build v10.0.1rc0 (win64)

CPU model: AMD Ryzen 7 3700X 8-Core Processor, instruction set [SSE2|AVX|AVX2]
Thread count: 8 physical cores, 16 logical processors, using up to 16 threads

Optimize a model with 869 rows, 589 columns and 3543 nonzeros
Model fingerprint: 0xc1a66f57
Model has 1 quadratic constraint
Variable types: 0 continuous, 589 integer (525 binary)
Coefficient statistics:
  Matrix range     [1e+00, 1e+07]
  QMatrix range    [1e+00, 1e+00]
  QLMatrix range   [1e+00, 1e+01]
  Objective range  [1e+00, 1e+00]
  Bounds range     [1e+00, 1e+00]
  RHS range        [1e+00, 3e+07]
Presolve removed 108 rows and 251 columns
Presolve time: 0.02s
Presolved: 783 rows, 359 columns, 3511 nonzeros
Variable types: 0 continuous, 359 integer (274 binary)

Root relaxation: objective 0.000000e+00, 82 iterations, 0.00 seconds (0.00 work units)

    Nodes    |    Current Node    |     Objective Bounds      |     Work
 Expl Unexpl |  Obj  Depth IntInf | Incumbent    BestBd   Gap | It/Node Time

     0     0    0.00000    0    1          -    0.00000      -     -    0s
H    0     0                     215.0000000    0.00000   100%     -    0s
H    0     0                     197.0000000    0.00000   100%     -    0s
H    0     0                     175.0000000    0.00000   100%     -    0s
H    0     0                     163.0000000    0.00000   100%     -    0s
     0     0    0.00000    0    9  163.00000    0.00000   100%     -    0s
     0     0    0.00000    0   19  163.00000    0.00000   100%     -    0s
H    0     0                     159.0000000    0.00000   100%     -    0s
     0     0    0.00000    0    6  159.00000    0.00000   100%     -    0s
H    0     0                     111.0000000    0.00000   100%     -    0s
     0     0    0.00000    0   12  111.00000    0.00000   100%     -    0s
     0     0    0.00000    0    3  111.00000    0.00000   100%     -    0s
H    0     0                     110.0000000    0.00000   100%     -    0s
     0     0    0.00000    0   16  110.00000    0.00000   100%     -    0s
     0     0    0.00000    0   16  110.00000    0.00000   100%     -    0s
     0     0    0.00000    0    5  110.00000    0.00000   100%     -    0s
     0     0    0.00000    0    8  110.00000    0.00000   100%     -    0s
     0     0    0.00000    0   12  110.00000    0.00000   100%     -    0s
     0     0    0.00000    0   12  110.00000    0.00000   100%     -    0s
     0     2    0.00000    0    3  110.00000    0.00000   100%     -    0s
H   31    36                     108.0000000    0.00000   100%  63.9    0s
H   35    36                     102.0000000    0.00000   100%  60.5    0s
H   38    36                      89.0000000    0.00000   100%  60.4    0s
H  502   294                      86.0000000    0.00000   100%  13.4    0s
H  668   308                      85.0000000    0.00000   100%  11.5    1s
H 1634   415                      80.0000000    0.00000   100%   5.6    1s
 15825   648   12.00000   33   36   80.00000   10.00000  87.5%   1.8    5s
*35039 12778              78      78.0000000   10.00000  87.2%   5.7    7s
H40312 15198                      75.0000000   10.00000  86.7%   6.0    8s
 47151 19982   57.14444   70   20   75.00000   10.00000  86.7%   6.4   10s
*62798 26898              75      74.0000000   10.00000  86.5%   6.8   11s
*64673 29894              74      73.0000000   10.00000  86.3%   6.9   11s
H71991 29008                      69.0000000   10.00000  85.5%   7.1   12s
 103344 43808   34.00000   51   22   69.00000   10.00000  85.5%   7.6   15s
 161672 69619   48.00000   53   22   69.00000   10.00000  85.5%   8.1   20s
 206725 89353   37.00000   52   26   69.00000   10.00000  85.5%   8.2   25s
 250501 108530   41.00000   45   21   69.00000   10.00000  85.5%   8.4   30s
 305411 133107   44.00000   62   15   69.00000   10.00000  85.5%   8.5   35s
 355803 154595 infeasible   51        69.00000   10.00000  85.5%   8.6   40s
 393596 171730   32.15152   44   25   69.00000   10.00000  85.5%   8.7   45s
 456790 200043   41.00000   56   21   69.00000   10.00000  85.5%   8.8   50s
 496422 216886   34.00000   53   34   69.00000   10.00000  85.5%   8.9   55s
 555422 243529   31.00000   43   30   69.00000   10.00000  85.5%   8.9   60s
 611859 266843 infeasible   53        69.00000   10.00000  85.5%   8.9   65s
 666948 291196   22.00000   47   25   69.00000   10.00000  85.5%   8.9   70s
 711912 313204 infeasible   65        69.00000   10.00000  85.5%   8.9   75s
 750342 327594 infeasible   58        69.00000   10.00000  85.5%   8.9   80s
 782770 342419   26.00000   51   26   69.00000   10.00000  85.5%   8.9   85s
 826881 362324   36.00000   47   30   69.00000   10.00000  85.5%   8.9   90s
 863672 376553   31.00000   45   25   69.00000   10.00000  85.5%   8.9   95s
 899242 393622   38.00000   61   33   69.00000   10.00000  85.5%   8.9  100s
 950801 413850 infeasible   57        69.00000   10.00000  85.5%   8.9  105s
 984682 426893 infeasible   56        69.00000   10.00000  85.5%   8.9  110s
 1028944 447609   12.00000   47   28   69.00000   10.00000  85.5%   8.9  115s
 1066576 462158   62.00000   59   16   69.00000   10.00000  85.5%   8.9  120s
 1105162 478060 infeasible   60        69.00000   10.00000  85.5%   8.9  125s
 1140654 495184   26.00000   64   27   69.00000   10.00000  85.5%   8.9  130s
 1197266 517523 infeasible   58        69.00000   10.00000  85.5%   8.9  135s
 1240239 535836   24.00000   50   17   69.00000   10.00000  85.5%   8.9  140s
 1274214 550127 infeasible   53        69.00000   10.00000  85.5%   8.9  145s
 1322649 572701   17.21348   58   34   69.00000   10.00000  85.5%   8.9  150s
 1367275 592623   45.00000   54   22   69.00000   10.00000  85.5%   8.9  155s
 1390099 604270   13.00000   52   33   69.00000   10.00000  85.5%   8.9  160s
 1442228 623262   19.11765   46   36   69.00000   10.00000  85.5%   8.9  165s
 1489208 642703 infeasible   69        69.00000   10.00000  85.5%   8.8  170s
 1527388 660895   46.00000   57   23   69.00000   10.00000  85.5%   8.9  175s
 1562667 672150   54.00935   56   22   69.00000   10.00000  85.5%   8.8  180s
 1600680 687910   65.00000   57   20   69.00000   10.09346  85.4%   8.8  185s
 1638896 703265 infeasible   64        69.00000   10.25000  85.1%   8.8  190s
 1683055 724204   63.00000   60    7   69.00000   11.00000  84.1%   8.8  195s
 1769309 756408   31.00000   61   26   69.00000   11.00000  84.1%   8.7  200s
 1848720 788396   36.00000   61   19   69.00000   11.00000  84.1%   8.6  205s
 1924137 818718   11.00000   48   31   69.00000   11.00000  84.1%   8.6  210s
 2002130 848494 infeasible   72        69.00000   11.00000  84.1%   8.5  215s
 2080648 879040   37.00000   52   27   69.00000   11.00000  84.1%   8.5  220s
 2160312 909730 infeasible   58        69.00000   11.00000  84.1%   8.4  225s
 2237208 942649   39.14423   54   21   69.00000   11.09091  83.9%   8.4  230s
 2305600 969184   43.00000   52   26   69.00000   11.38655  83.5%   8.3  235s
 2377178 999877   62.00000   56   19   69.00000   12.00000  82.6%   8.3  240s
 2451917 1026401   12.00000   48   31   69.00000   12.00000  82.6%   8.3  245s
 2522442 1053633     cutoff   56        69.00000   12.00000  82.6%   8.2  250s
 2594118 1080976   66.00000   62   18   69.00000   12.00000  82.6%   8.2  255s
 2666403 1107884   39.00000   54   49   69.00000   12.00000  82.6%   8.1  260s
 2732124 1132292   55.00000   54   17   69.00000   12.00000  82.6%   8.1  265s
 2799224 1155837 infeasible   65        69.00000   12.00000  82.6%   8.1  270s
 2863787 1179677 infeasible   57        69.00000   12.00000  82.6%   8.1  275s
 2928560 1206685   36.00000   55   20   69.00000   12.08170  82.5%   8.1  280s
 2995754 1231989   55.00000   56   18   69.00000   12.18391  82.3%   8.0  285s
 3058545 1254049   35.00000   52   27   69.00000   12.86517  81.4%   8.0  290s
 3121299 1278187   21.04717   45   33   69.00000   13.00000  81.2%   8.0  295s
 3183749 1302802   42.00000   57   13   69.00000   13.00000  81.2%   8.0  300s
 3249742 1325980   66.00000   61   14   69.00000   13.00000  81.2%   7.9  305s
 3286315 1341143   44.00000   67   22   69.00000   13.00000  81.2%   7.9  310s
 3352540 1362891   38.00000   55   27   69.00000   13.00000  81.2%   7.9  315s
 3412340 1383715   39.72691   50   27   69.00000   13.00000  81.2%   7.9  320s
 3476063 1406196 infeasible   63        69.00000   13.00000  81.2%   7.9  325s
 3530822 1428227   23.35135   61   39   69.00000   13.00000  81.2%   7.9  330s
 3594430 1447104 infeasible   63        69.00000   13.00000  81.2%   7.8  335s
 3653892 1469702   22.04826   56   34   69.00000   13.01618  81.1%   7.8  340s
 3713519 1491537   18.00000   54   26   69.00000   13.13333  81.0%   7.8  345s
 3773387 1512220   40.00000   53   43   69.00000   13.22680  80.8%   7.8  350s
 3831724 1532641   59.00000   58   18   69.00000   13.73333  80.1%   7.8  355s
 3891036 1555462   53.00000   47   20   69.00000   14.00000  79.7%   7.7  360s
 3950674 1576865   45.02041   52   28   69.00000   14.00000  79.7%   7.7  365s
 4009811 1596868   59.00000   55   14   69.00000   14.00000  79.7%   7.7  370s
 4068795 1618152 infeasible   68        69.00000   14.00000  79.7%   7.7  375s
 4125255 1639306   50.43333   62   21   69.00000   14.00000  79.7%   7.7  380s
 4180652 1661320   44.00000   67   22   69.00000   14.00000  79.7%   7.7  385s
 4239265 1680251   36.00000   56   30   69.00000   14.00000  79.7%   7.6  390s
 4291195 1700394 infeasible   65        69.00000   14.00000  79.7%   7.6  395s
 4350877 1717975   66.20000   60   18   69.00000   14.00000  79.7%   7.6  400s
 4406215 1737453   54.00000   62   10   69.00000   14.00000  79.7%   7.6  405s
 4460688 1754737   17.00000   53   40   69.00000   14.00000  79.7%   7.6  410s
 4518186 1774744   44.00000   56   22   69.00000   14.00000  79.7%   7.6  416s
 4558921 1790889   42.24971   51   30   69.00000   14.02222  79.7%   7.6  420s
 4619057 1811164   58.00000   61    8   69.00000   14.12335  79.5%   7.6  425s
 4672050 1830080   52.00000   57   22   69.00000   14.15596  79.5%   7.6  430s
 4727147 1848436   46.00000   54   19   69.00000   14.31034  79.3%   7.5  435s
 4779419 1866943   39.23077   62   23   69.00000   14.72727  78.7%   7.5  440s
 4834193 1885457 infeasible   52        69.00000   15.00000  78.3%   7.5  445s
 4890143 1905323   49.00000   64   18   69.00000   15.00000  78.3%   7.5  450s
 4925613 1917524 infeasible   59        69.00000   15.00000  78.3%   7.5  455s
 4976138 1936408   44.00000   55   16   69.00000   15.00000  78.3%   7.5  460s
 5031005 1955449   51.14888   53   28   69.00000   15.00000  78.3%   7.5  465s
 5084138 1974644   47.00000   56   14   69.00000   15.00000  78.3%   7.5  470s
 5139417 1991897   56.00000   67   16   69.00000   15.00000  78.3%   7.5  475s
 5188535 2010050   53.15340   54   32   69.00000   15.00000  78.3%   7.5  480s
 5243322 2028032   43.00000   47   22   69.00000   15.00000  78.3%   7.5  485s
*5275680 2004418              77      67.0000000   15.00000  77.6%   7.4  488s
 5293470 2008985   41.00000   60   18   67.00000   15.00000  77.6%   7.4  490s
 5338842 2023838   27.00000   55   21   67.00000   15.00000  77.6%   7.4  495s
 5388635 2041456   58.00000   65   16   67.00000   15.00000  77.6%   7.4  500s
 5442610 2055779 infeasible   57        67.00000   15.00000  77.6%   7.4  505s
 5485686 2070377   32.00000   60   22   67.00000   15.00000  77.6%   7.4  510s
 5536191 2086402 infeasible   45        67.00000   15.00000  77.6%   7.4  515s
 5582561 2102168   44.30697   63   31   67.00000   15.03333  77.6%   7.4  520s
 5631118 2117293   49.00000   52   19   67.00000   15.12360  77.4%   7.4  525s
 5677852 2132233   28.00000   56   26   67.00000   15.16514  77.4%   7.4  530s
 5724466 2146170   48.00000   53   15   67.00000   15.30937  77.2%   7.4  535s
 5770813 2160882   17.00000   49   34   67.00000   15.66667  76.6%   7.4  540s
*5779246 2135165              65      66.0000000   15.71216  76.2%   7.4  541s
 5816581 2147335   48.00000   51   15   66.00000   16.00000  75.8%   7.4  545s
 5863260 2164914   61.16162   66   16   66.00000   16.00000  75.8%   7.4  550s
 5910018 2179018   39.00000   65   24   66.00000   16.00000  75.8%   7.4  555s
 5961807 2192955 infeasible   65        66.00000   16.00000  75.8%   7.3  560s
 6007107 2206773   20.00000   55   23   66.00000   16.00000  75.8%   7.3  565s
H6012951 2176093                      65.0000000   16.00000  75.4%   7.3  568s
 6030224 2181102   53.00000   53   22   65.00000   16.00000  75.4%   7.3  570s
 6073161 2194496   25.66667   51   27   65.00000   16.00000  75.4%   7.3  575s
 6119138 2208147 infeasible   61        65.00000   16.00000  75.4%   7.3  580s
 6165622 2222046   51.00000   50   15   65.00000   16.00000  75.4%   7.3  585s
 6211653 2235374 infeasible   59        65.00000   16.00000  75.4%   7.3  590s
 6263856 2250997   62.00000   68    6   65.00000   16.00000  75.4%   7.3  595s
 6306545 2263765   45.15152   57   18   65.00000   16.00000  75.4%   7.3  600s
 6352794 2277455   62.00000   63   10   65.00000   16.00000  75.4%   7.3  605s
 6397529 2290651   60.00000   60   17   65.00000   16.00000  75.4%   7.3  610s
 6443678 2302773   19.00000   56   31   65.00000   16.00000  75.4%   7.3  615s
 6489153 2316253 infeasible   60        65.00000   16.00000  75.4%   7.3  620s
 6533866 2329819   49.20000   49   25   65.00000   16.00271  75.4%   7.3  625s
 6578088 2344197   41.00000   66   19   65.00000   16.10000  75.2%   7.3  630s
 6620944 2356946   16.14423   47   39   65.00000   16.14423  75.2%   7.3  635s
 6666237 2369016   60.00000   62   10   65.00000   16.18333  75.1%   7.3  640s
 6710690 2381561   27.00000   63   23   65.00000   16.44444  74.7%   7.3  645s
 6752608 2393870 infeasible   55        65.00000   16.76923  74.2%   7.3  650s
 6798152 2407641 infeasible   72        65.00000   17.00000  73.8%   7.3  655s
 6839333 2420567   33.00000   53   18   65.00000   17.00000  73.8%   7.3  660s
 6885291 2434815   35.00000   45   22   65.00000   17.00000  73.8%   7.3  665s
 6931992 2447322   59.00000   62   12   65.00000   17.00000  73.8%   7.3  670s
 6971390 2461789   51.11635   53   23   65.00000   17.00000  73.8%   7.3  675s
 7016115 2471957   37.00000   61   37   65.00000   17.00000  73.8%   7.2  680s
 7060018 2484976   46.00000   43   19   65.00000   17.00000  73.8%   7.2  685s
 7104361 2497873 infeasible   51        65.00000   17.00000  73.8%   7.2  690s
 7145252 2510168   57.00000   60   15   65.00000   17.00000  73.8%   7.2  695s
 7189097 2522222 infeasible   52        65.00000   17.00000  73.8%   7.2  700s
 7227203 2534051   29.18182   57   32   65.00000   17.00000  73.8%   7.2  705s
 7268568 2544884 infeasible   64        65.00000   17.00000  73.8%   7.2  710s
 7312338 2557370 infeasible   61        65.00000   17.00000  73.8%   7.2  715s
 7354961 2569718   43.00000   54   25   65.00000   17.00000  73.8%   7.2  720s
 7396656 2581365 infeasible   60        65.00000   17.00000  73.8%   7.2  725s
 7436711 2592396   47.00000   54   24   65.00000   17.00000  73.8%   7.2  730s
 7476415 2603116 infeasible   65        65.00000   17.00000  73.8%   7.2  735s
 7516397 2617072   39.00000   59   18   65.00000   17.00000  73.8%   7.2  740s
 7557280 2628039   50.00000   56   13   65.00000   17.02222  73.8%   7.2  745s
 7596883 2640501   44.00000   59   16   65.00000   17.10092  73.7%   7.2  750s
 7637817 2651771 infeasible   61        65.00000   17.14423  73.6%   7.2  755s
 7677772 2662089   41.00000   59   28   65.00000   17.18000  73.6%   7.2  760s
 7711405 2674320   43.00000   52   24   65.00000   17.30303  73.4%   7.2  765s
 7752210 2683616   33.84211   47   28   65.00000   17.66667  72.8%   7.2  770s
 7790904 2694608   25.00000   50   35   65.00000   18.00000  72.3%   7.2  775s
 7826951 2705508   47.00000   62   15   65.00000   18.00000  72.3%   7.2  781s
H7826957 2621979                      63.0000000   18.00000  71.4%   7.2  781s
 7852804 2630116   48.00000   57   14   63.00000   18.00000  71.4%   7.2  785s
 7895050 2641032   56.00000   57   12   63.00000   18.00000  71.4%   7.2  790s
 7936117 2652946 infeasible   60        63.00000   18.00000  71.4%   7.2  795s
 7973204 2664494   40.50000   67   20   63.00000   18.00000  71.4%   7.2  800s
 8012573 2675578   28.00000   61   25   63.00000   18.00000  71.4%   7.2  805s
 8052293 2686959   34.00000   58   17   63.00000   18.00000  71.4%   7.2  810s
 8091442 2696998   35.00000   56   16   63.00000   18.00000  71.4%   7.2  815s
 8126287 2708740   58.00000   54   21   63.00000   18.00000  71.4%   7.2  820s
 8170479 2719138   58.00000   60   16   63.00000   18.00000  71.4%   7.2  825s
 8208556 2729683   33.88026   54   31   63.00000   18.00000  71.4%   7.2  830s
 8247180 2739747 infeasible   64        63.00000   18.00000  71.4%   7.2  835s
 8288334 2750847   45.00000   60   14   63.00000   18.00000  71.4%   7.2  840s
 8324329 2763070   39.00000   62   25   63.00000   18.00000  71.4%   7.2  845s
 8362755 2771098   31.00000   62   20   63.00000   18.00000  71.4%   7.2  850s
 8406013 2781183   35.00000   52   23   63.00000   18.00000  71.4%   7.2  855s
 8445189 2791586 infeasible   64        63.00000   18.00000  71.4%   7.2  860s
 8480500 2802686   24.00000   47   35   63.00000   18.00000  71.4%   7.2  865s
 8519559 2811286   22.00000   54   41   63.00000   18.00000  71.4%   7.2  870s
 8559025 2820631   20.00000   53   38   63.00000   18.00000  71.4%   7.2  875s
 8580930 2827177   43.00000   58   22   63.00000   18.00000  71.4%   7.2  880s
 8621435 2838345   42.00000   54   24   63.00000   18.00000  71.4%   7.2  885s
 8655034 2849920   40.00000   67   21   63.00000   18.04164  71.4%   7.2  890s
 8691593 2859572   18.14141   50   30   63.00000   18.10556  71.3%   7.2  895s
 8730273 2870054   38.00000   64   24   63.00000   18.14423  71.2%   7.1  900s
 8763398 2881029   50.12975   55   34   63.00000   18.17115  71.2%   7.1  905s
 8801686 2890360   37.00000   49   30   63.00000   18.25688  71.0%   7.1  910s
 8840706 2900302 infeasible   67        63.00000   18.52020  70.6%   7.1  915s
 8879158 2911125 infeasible   47        63.00000   18.73333  70.3%   7.1  920s
 8913240 2921881 infeasible   60        63.00000   19.00000  69.8%   7.1  925s
 8951253 2932639   37.02524   53   22   63.00000   19.00000  69.8%   7.1  930s
 8990267 2942842 infeasible   54        63.00000   19.00000  69.8%   7.1  935s
 9024508 2955359   19.00000   50   26   63.00000   19.00000  69.8%   7.1  940s
 9065000 2965445   25.00000   55   27   63.00000   19.00000  69.8%   7.1  945s
 9103080 2976137   44.00000   53   12   63.00000   19.00000  69.8%   7.1  950s
 9143379 2986871 infeasible   52        63.00000   19.00000  69.8%   7.1  955s
 9175876 2996874   45.46364   62   27   63.00000   19.00000  69.8%   7.1  960s
 9214738 3006852 infeasible   56        63.00000   19.00000  69.8%   7.1  965s
 9253583 3017816   32.00000   50   29   63.00000   19.00000  69.8%   7.1  970s
 9267838 3021572   36.00000   54   17   63.00000   19.00000  69.8%   7.1  975s
 9305457 3032630   19.00000   54   31   63.00000   19.00000  69.8%   7.1  980s
 9345474 3043965   44.00000   45   25   63.00000   19.00000  69.8%   7.1  985s
 9378656 3052931 infeasible   66        63.00000   19.00000  69.8%   7.1  990s
 9414932 3063609   24.00000   55   22   63.00000   19.00000  69.8%   7.1  995s
 9451242 3073999   29.00000   49   22   63.00000   19.00000  69.8%   7.1 1000s
 9484623 3083420   44.00000   57   17   63.00000   19.00000  69.8%   7.1 1005s
 9523042 3092747   40.11364   52   28   63.00000   19.00000  69.8%   7.1 1010s
 9557320 3104014   57.00000   48   14   63.00000   19.00000  69.8%   7.1 1015s
 9593956 3112076 infeasible   66        63.00000   19.00000  69.8%   7.1 1020s
 9622688 3121656   52.00000   64   13   63.00000   19.00000  69.8%   7.1 1025s
 9660228 3130921 infeasible   71        63.00000   19.00000  69.8%   7.1 1030s
 9696744 3140402 infeasible   60        63.00000   19.00000  69.8%   7.1 1035s
 9731466 3151200   31.00000   57   23   63.00000   19.00000  69.8%   7.1 1040s
 9764277 3158801   20.00000   42   28   63.00000   19.00000  69.8%   7.1 1045s
 9798043 3168364   52.08791   59   27   63.00000   19.00000  69.8%   7.1 1050s
 9833320 3175867   48.00000   55   22   63.00000   19.00000  69.8%   7.1 1055s
 9872717 3185320 infeasible   53        63.00000   19.00000  69.8%   7.1 1060s
 9903530 3193482   47.00000   53   30   63.00000   19.00000  69.8%   7.1 1065s
 9939762 3204789   42.20000   49   29   63.00000   19.00000  69.8%   7.1 1070s
 9974341 3214062   42.00000   58   15   63.00000   19.00000  69.8%   7.1 1075s
 10008463 3222921   32.14888   58   34   63.00000   19.04040  69.8%   7.1 1080s
 10044192 3233179   57.08989   54   19   63.00000   19.08989  69.7%   7.1 1085s
 10075936 3242889   27.27907   57   20   63.00000   19.12360  69.6%   7.1 1090s
 10110503 3252229 infeasible   58        63.00000   19.14423  69.6%   7.1 1095s
 10145576 3262937   33.16514   57   24   63.00000   19.16854  69.6%   7.1 1100s
 10179139 3271142   46.10112   61   22   63.00000   19.22292  69.5%   7.1 1105s
 10210907 3280912   25.00000   47   33   63.00000   19.30303  69.4%   7.1 1110s
 10244316 3288572   25.00000   54   29   63.00000   19.50000  69.0%   7.1 1115s
 10277021 3297924   37.00000   50   33   63.00000   19.66667  68.8%   7.1 1120s
 10310909 3306379   39.00000   55   43   63.00000   19.86957  68.5%   7.1 1125s
 10341543 3316631   54.00000   61   14   63.00000   20.00000  68.3%   7.1 1130s
 10375986 3324645 infeasible   58        63.00000   20.00000  68.3%   7.1 1135s
 10413189 3334963   60.00000   52   17   63.00000   20.00000  68.3%   7.1 1140s
 10448083 3343569 infeasible   63        63.00000   20.00000  68.3%   7.1 1145s
 10483685 3352880   30.00000   41   20   63.00000   20.00000  68.3%   7.1 1150s
 10512984 3362961   48.00000   58   26   63.00000   20.00000  68.3%   7.1 1155s
 10549847 3370940   46.00000   50   15   63.00000   20.00000  68.3%   7.1 1162s
 10565001 3376125   34.00000   52   23   63.00000   20.00000  68.3%   7.1 1165s
 10602528 3384695 infeasible   60        63.00000   20.00000  68.3%   7.1 1170s
 10638584 3394900 infeasible   59        63.00000   20.00000  68.3%   7.1 1175s
 10672192 3404547   60.00000   50   14   63.00000   20.00000  68.3%   7.1 1180s
 10706835 3413986 infeasible   60        63.00000   20.00000  68.3%   7.1 1185s
 10737446 3423393   61.15730   67   19   63.00000   20.00000  68.3%   7.1 1190s
 10774740 3432618   39.00000   56   20   63.00000   20.00000  68.3%   7.1 1195s
 10807764 3441169 infeasible   57        63.00000   20.00000  68.3%   7.1 1200s
 10840959 3450165   41.00000   67   15   63.00000   20.00000  68.3%   7.0 1205s
 10873692 3460838   36.00000   65   17   63.00000   20.00000  68.3%   7.0 1210s
 10907183 3468800   58.00000   48   13   63.00000   20.00000  68.3%   7.0 1215s
 10938561 3479078   43.00000   56   18   63.00000   20.00000  68.3%   7.0 1220s
 10972593 3485541 infeasible   54        63.00000   20.00000  68.3%   7.0 1225s
 11005871 3496395   55.00000   59   13   63.00000   20.00000  68.3%   7.0 1230s
 11039814 3502766   52.00000   58   16   63.00000   20.00000  68.3%   7.0 1235s
 11069784 3512970 infeasible   61        63.00000   20.00000  68.3%   7.0 1240s
 11103508 3520160   43.00000   46   21   63.00000   20.00000  68.3%   7.0 1245s
 11133505 3527385   46.07059   49   24   63.00000   20.00000  68.3%   7.0 1250s
 11169102 3535966   51.08824   72   32   63.00000   20.00000  68.3%   7.0 1255s
 11196224 3543813   56.00000   53   17   63.00000   20.00000  68.3%   7.0 1260s
 11229917 3551636   50.00000   55   19   63.00000   20.00000  68.3%   7.0 1265s
 11259919 3558845 infeasible   66        63.00000   20.00000  68.3%   7.0 1270s
 11291627 3566811   61.00000   71   10   63.00000   20.00000  68.3%   7.0 1275s
 11324157 3575404   41.00000   59   19   63.00000   20.00000  68.3%   7.0 1280s
 11355732 3584365   61.00000   50   18   63.00000   20.00000  68.3%   7.0 1285s
 11385742 3591982   52.00000   50   22   63.00000   20.00000  68.3%   7.0 1290s
 11417592 3599503   60.00000   63   14   63.00000   20.00000  68.3%   7.0 1297s
 11434333 3604314   48.00000   58   20   63.00000   20.00000  68.3%   7.0 1300s
 11464892 3613968   41.00000   56   17   63.00000   20.00000  68.3%   7.0 1305s
 11499416 3620131 infeasible   56        63.00000   20.00000  68.3%   7.0 1310s
 11530627 3627888   39.00000   49   15   63.00000   20.00000  68.3%   7.1 1315s
 11563788 3637159   57.00000   65   18   63.00000   20.00000  68.3%   7.0 1320s
 11595917 3645810   58.00000   57   16   63.00000   20.00000  68.3%   7.0 1325s
 11622908 3652891   33.00000   54   30   63.00000   20.00271  68.2%   7.0 1330s
 11652398 3660642   50.00000   64   18   63.00000   20.02727  68.2%   7.0 1335s
 11682925 3670810   40.00000   48   30   63.00000   20.05825  68.2%   7.0 1340s
 11716043 3677887   60.00000   50   24   63.00000   20.10013  68.1%   7.0 1345s
 11748003 3687984   42.00000   46   32   63.00000   20.12822  68.1%   7.0 1350s
 11778022 3694691 infeasible   66        63.00000   20.14423  68.0%   7.0 1355s
 11812177 3704179   46.00000   55   10   63.00000   20.15152  68.0%   7.0 1360s
 11842203 3712553   20.21978   46   30   63.00000   20.18000  68.0%   7.0 1365s
 11874995 3720322   52.00000   54    9   63.00000   20.23596  67.9%   7.0 1370s
 11905900 3728183 infeasible   68        63.00000   20.31034  67.8%   7.0 1375s
 11934605 3735833   32.08491   54   31   63.00000   20.42857  67.6%   7.0 1380s
 11965663 3742430   29.02222   57   24   63.00000   20.63333  67.2%   7.0 1385s
 11998696 3750566 infeasible   63        63.00000   20.70000  67.1%   7.0 1390s
 12026622 3758407   49.11765   52   25   63.00000   20.85714  66.9%   7.0 1395s
 12056945 3768562   38.00000   52   25   63.00000   21.00000  66.7%   7.0 1400s
 12088688 3775228 infeasible   50        63.00000   21.00000  66.7%   7.0 1405s
 12119532 3783179   44.00000   57   17   63.00000   21.00000  66.7%   7.0 1410s
 12150210 3792975   60.00000   53   19   63.00000   21.00000  66.7%   7.0 1415s
 12180872 3800250 infeasible   47        63.00000   21.00000  66.7%   7.0 1420s
 12204820 3804994   45.00000   68   20   63.00000   21.00000  66.7%   7.0 1427s
 12219644 3809150   42.08333   55   21   63.00000   21.00000  66.7%   7.0 1430s
 12245238 3815994 infeasible   60        63.00000   21.00000  66.7%   7.0 1435s
 12280616 3823586   36.00000   47   18   63.00000   21.00000  66.7%   7.0 1440s
 12312599 3831528   49.00000   61   10   63.00000   21.00000  66.7%   7.0 1445s
 12342595 3839667   35.43810   61   23   63.00000   21.00000  66.7%   7.0 1450s
 12376082 3848429 infeasible   56        63.00000   21.00000  66.7%   7.0 1455s
 12405720 3855876   57.20000   51   18   63.00000   21.00000  66.7%   7.0 1460s
 12435608 3864574   46.00000   56   20   63.00000   21.00000  66.7%   7.0 1465s
 12465776 3871886   21.00000   54   30   63.00000   21.00000  66.7%   7.0 1470s
 12496260 3879631   47.00000   66   18   63.00000   21.00000  66.7%   7.0 1475s
 12526623 3886941   57.00000   60   17   63.00000   21.00000  66.7%   7.0 1480s
 12557699 3894346 infeasible   62        63.00000   21.00000  66.7%   7.0 1485s
 12590867 3902669 infeasible   58        63.00000   21.00000  66.7%   7.0 1490s
 12615626 3909699   49.00000   65   14   63.00000   21.00000  66.7%   7.0 1495s
 12646785 3917366   40.00000   58   20   63.00000   21.00000  66.7%   7.0 1500s
 12681602 3925412   36.00000   59   31   63.00000   21.00000  66.7%   7.0 1505s
 12707933 3932732   39.00000   51   23   63.00000   21.00000  66.7%   7.0 1510s
 12741058 3940065   52.00000   52   13   63.00000   21.00000  66.7%   7.0 1515s
 12770492 3948642   44.00000   57   29   63.00000   21.00000  66.7%   7.0 1520s
 12798768 3955693   35.00000   53   20   63.00000   21.00000  66.7%   7.0 1525s
 12828612 3965360   39.00000   64   21   63.00000   21.00000  66.7%   7.0 1530s
 12862747 3971559   26.00000   49   33   63.00000   21.00000  66.7%   7.0 1535s
 12892567 3979123   43.00000   60   24   63.00000   21.00000  66.7%   7.0 1540s
 12921165 3987106   55.00000   59   12   63.00000   21.00000  66.7%   7.0 1545s
 12950465 3994111   49.00000   52   22   63.00000   21.00000  66.7%   7.0 1550s
 12978448 4000688   53.00000   62   15   63.00000   21.00000  66.7%   7.0 1555s
 13008052 4009508   27.00000   55   26   63.00000   21.00000  66.7%   7.0 1560s
 13040617 4016424   50.00000   50   16   63.00000   21.00000  66.7%   7.0 1565s
 13067989 4022458 infeasible   52        63.00000   21.00000  66.7%   7.0 1570s
 13096340 4029754   34.00000   51   27   63.00000   21.00000  66.7%   7.0 1575s
 13126048 4037198   50.00000   53   15   63.00000   21.00000  66.7%   7.0 1580s
 13152223 4043854 infeasible   58        63.00000   21.00000  66.7%   7.0 1585s
 13182424 4051571 infeasible   62        63.00000   21.00000  66.7%   7.0 1590s
 13215699 4059610 infeasible   65        63.00000   21.00000  66.7%   7.0 1595s
 13239696 4065322   21.00000   50   38   63.00000   21.00000  66.7%   7.0 1600s
 13268467 4072471 infeasible   56        63.00000   21.00000  66.7%   7.0 1605s
 13293149 4080879   43.00000   57   21   63.00000   21.00000  66.7%   7.0 1610s
 13323552 4086157   54.00000   50   24   63.00000   21.00000  66.7%   7.0 1615s
 13347844 4093420   48.00000   53   24   63.00000   21.00000  66.7%   7.0 1620s
 13368473 4097390   25.05660   59   41   63.00000   21.00000  66.7%   7.0 1626s
 13385545 4103663 infeasible   60        63.00000   21.00000  66.7%   7.0 1630s
 13417092 4109222 infeasible   61        63.00000   21.00000  66.7%   7.0 1635s
 13445477 4116181   31.00000   58   30   63.00000   21.00000  66.7%   7.0 1640s
 13473833 4123239 infeasible   67        63.00000   21.00000  66.7%   7.0 1645s
 13506311 4131229 infeasible   60        63.00000   21.00000  66.7%   7.0 1650s
 13531730 4137580   22.00000   55   28   63.00000   21.00000  66.7%   7.0 1655s
 13561059 4146054   23.00000   51   26   63.00000   21.00000  66.7%   7.0 1660s
 13587453 4151897   53.00000   53   14   63.00000   21.00000  66.7%   7.0 1665s
 13614192 4157466   34.00000   58   25   63.00000   21.00680  66.7%   7.0 1670s
 13641102 4164998   25.02222   52   26   63.00000   21.02222  66.6%   7.0 1675s
 13668123 4172179   22.03333   43   35   63.00000   21.03333  66.6%   7.0 1680s
 13693663 4177631 infeasible   52        63.00000   21.05825  66.6%   7.0 1685s
 13721028 4184422   48.00000   57   14   63.00000   21.08989  66.5%   7.0 1690s
 13747770 4192558   55.00000   48   18   63.00000   21.11111  66.5%   7.0 1695s
 13774938 4199349 infeasible   65        63.00000   21.13158  66.5%   7.0 1700s
 13799888 4205254 infeasible   65        63.00000   21.14423  66.4%   7.0 1705s
 13825423 4212452   28.23077   57   32   63.00000   21.14423  66.4%   7.0 1710s
 13855402 4218986 infeasible   59        63.00000   21.15152  66.4%   7.0 1715s
 13882614 4225416 infeasible   65        63.00000   21.17172  66.4%   7.0 1720s
 13906241 4231294   49.37838   67   26   63.00000   21.20000  66.3%   7.0 1725s
 13930428 4237920   48.00000   59   17   63.00000   21.23596  66.3%   7.0 1730s
 13956467 4245119   32.18000   52   26   63.00000   21.28283  66.2%   7.0 1735s
 13980628 4249479   43.14423   54   24   63.00000   21.34000  66.1%   7.0 1740s
 14007911 4254729   24.00000   54   25   63.00000   21.47474  65.9%   7.0 1745s
 14029650 4260317   54.00000   59   19   63.00000   21.62336  65.7%   7.0 1750s
 14056006 4265597   60.00000   51   15   63.00000   21.66667  65.6%   7.0 1755s
 14080858 4272252   47.10989   51   22   63.00000   21.72727  65.5%   7.0 1760s
 14105252 4277509   54.00000   63   10   63.00000   21.85057  65.3%   7.0 1765s
 14129449 4284007   61.00000   57   18   63.00000   21.99032  65.1%   7.0 1770s
 14156625 4290439 infeasible   61        63.00000   22.00000  65.1%   7.0 1775s
 14183297 4296946   61.00000   61   14   63.00000   22.00000  65.1%   7.0 1780s
 14209122 4303115 infeasible   59        63.00000   22.00000  65.1%   7.0 1785s
 14238028 4309901   23.00000   55   23   63.00000   22.00000  65.1%   7.0 1790s
 14262907 4317475   39.00000   59   13   63.00000   22.00000  65.1%   7.0 1795s
 14284369 4322545   62.00000   61   12   63.00000   22.00000  65.1%   7.0 1800s
 14315126 4328475 infeasible   51        63.00000   22.00000  65.1%   7.0 1805s
 14338527 4334789   38.01818   57   22   63.00000   22.00000  65.1%   7.0 1810s
 14366240 4340141   45.00000   52   18   63.00000   22.00000  65.1%   7.0 1815s
 14392310 4346633   37.73684   55   17   63.00000   22.00000  65.1%   7.0 1820s
 14414205 4352860   47.00000   54   20   63.00000   22.00000  65.1%   7.0 1825s
 14444524 4359222 infeasible   62        63.00000   22.00000  65.1%   7.0 1830s
 14467843 4364788   46.00000   51   16   63.00000   22.00000  65.1%   7.0 1835s
 14491613 4371034 infeasible   56        63.00000   22.00000  65.1%   7.0 1840s
 14513573 4375629   61.17869   66   27   63.00000   22.00000  65.1%   7.0 1847s
 14525219 4378144   23.33333   56   27   63.00000   22.00000  65.1%   7.0 1850s
 14550243 4383859   43.00000   57   19   63.00000   22.00000  65.1%   7.0 1855s
 14576782 4390541   35.00000   50   20   63.00000   22.00000  65.1%   7.0 1860s
 14602558 4397649   23.88761   48   33   63.00000   22.00000  65.1%   7.0 1865s
 14629693 4404434 infeasible   64        63.00000   22.00000  65.1%   7.0 1870s
 14656350 4410124   54.00000   55   12   63.00000   22.00000  65.1%   7.0 1875s
 14685494 4417085 infeasible   60        63.00000   22.00000  65.1%   7.0 1880s
 14710551 4423147 infeasible   59        63.00000   22.00000  65.1%   7.0 1885s
 14735155 4430273 infeasible   62        63.00000   22.00000  65.1%   7.0 1890s
 14761901 4436683   57.00000   55   10   63.00000   22.00000  65.1%   7.0 1895s
 14788290 4442983   33.00000   54   28   63.00000   22.00000  65.1%   7.0 1900s
 14815524 4449032 infeasible   55        63.00000   22.00000  65.1%   7.0 1905s
 14841302 4456876   32.23596   59   28   63.00000   22.00000  65.1%   7.0 1910s
 14870765 4462152   23.00000   53   31   63.00000   22.00000  65.1%   7.0 1915s
 14895189 4467666 infeasible   56        63.00000   22.00000  65.1%   7.0 1920s
 14919559 4474078   50.00000   56   17   63.00000   22.00000  65.1%   7.0 1925s
 14946185 4480478   38.08333   59   24   63.00000   22.00000  65.1%   7.0 1930s
 14971188 4486723   31.00000   68   20   63.00000   22.00000  65.1%   7.0 1935s
 14997802 4493660   28.00000   55   30   63.00000   22.00000  65.1%   7.0 1940s
 15027689 4499894   43.14423   55   21   63.00000   22.00000  65.1%   7.0 1945s
 15049282 4505662   47.04396   55   17   63.00000   22.00000  65.1%   7.0 1950s
 15075547 4511917   22.66667   60   24   63.00000   22.00000  65.1%   7.0 1955s
 15100858 4519385   45.00000   64   19   63.00000   22.00000  65.1%   7.0 1960s
 15128934 4523917   27.00000   57   25   63.00000   22.00000  65.1%   7.0 1965s
 15156155 4530489   43.00000   51   21   63.00000   22.00000  65.1%   7.0 1970s
 15180575 4536403   48.00000   65   17   63.00000   22.00000  65.1%   7.0 1975s
 15204626 4542136   38.00000   60   34   63.00000   22.00000  65.1%   7.0 1980s
 15227564 4548879   29.00000   59   37   63.00000   22.00000  65.1%   7.0 1985s
 15250032 4554814   40.00000   53   20   63.00000   22.00000  65.1%   7.0 1990s
 15281805 4560474 infeasible   65        63.00000   22.00000  65.1%   7.0 1995s
 15305944 4565905   36.00000   53   19   63.00000   22.00000  65.1%   7.0 2000s
 15331199 4572927   35.18447   49   25   63.00000   22.00000  65.1%   7.0 2005s
 15358113 4578578   48.22472   53   20   63.00000   22.00000  65.1%   7.0 2010s
 15380518 4585101   56.00000   62   20   63.00000   22.00000  65.1%   7.0 2015s
 15406955 4590924 infeasible   58        63.00000   22.00000  65.1%   7.0 2020s
 15432860 4596302 infeasible   60        63.00000   22.00000  65.1%   7.0 2025s
 15459068 4602582   31.27273   58   19   63.00000   22.00000  65.1%   7.0 2030s
 15484327 4608622 infeasible   60        63.00000   22.00000  65.1%   7.0 2035s
 15505941 4614846   34.00000   57   30   63.00000   22.00000  65.1%   7.0 2040s
 15530336 4620462   55.00000   61   17   63.00000   22.00000  65.1%   7.0 2045s
 15557421 4627353   30.00000   61   30   63.00000   22.00000  65.1%   7.0 2050s
 15581845 4631911   41.00000   53   30   63.00000   22.00000  65.1%   7.0 2055s
 15602128 4637664   53.00000   52   10   63.00000   22.00000  65.1%   7.0 2060s
 15631321 4643517   55.00000   66   20   63.00000   22.00000  65.1%   7.0 2065s
 15655973 4650006   47.00000   55   27   63.00000   22.00000  65.1%   7.0 2070s
 15680566 4654975   44.00000   52   19   63.00000   22.00000  65.1%   7.0 2075s
 15701930 4660699   42.00000   52   20   63.00000   22.00000  65.1%   7.0 2080s
 15726335 4666843   42.00000   61   26   63.00000   22.00000  65.1%   7.0 2085s
 15753180 4672277   25.15152   62   25   63.00000   22.00000  65.1%   7.0 2090s
 15776693 4677542   38.67548   60   40   63.00000   22.00000  65.1%   7.0 2095s
 15800098 4683481   36.19626   61   25   63.00000   22.00000  65.1%   7.0 2100s
 15822353 4690713   33.00000   50   29   63.00000   22.00000  65.1%   7.0 2105s
 15845696 4695889   60.00000   60   10   63.00000   22.00000  65.1%   7.0 2110s
 15871710 4700586   33.02632   45   29   63.00000   22.00000  65.1%   7.0 2115s
 15896693 4706450 infeasible   66        63.00000   22.00000  65.1%   7.0 2120s
 15913563 4708956 infeasible   50        63.00000   22.00000  65.1%   7.0 2126s
 15929746 4714493   32.00000   51   24   63.00000   22.00000  65.1%   7.0 2131s
 15955187 4719884 infeasible   68        63.00000   22.00000  65.1%   7.0 2135s
 15980280 4725733 infeasible   61        63.00000   22.00000  65.1%   7.0 2140s
 16001068 4731420   38.00000   57   28   63.00000   22.00000  65.1%   7.0 2145s
 16025474 4736098 infeasible   56        63.00000   22.00271  65.1%   7.0 2150s
 16046015 4740997 infeasible   61        63.00000   22.01205  65.1%   7.0 2155s
 16071213 4747592 infeasible   62        63.00000   22.02410  65.0%   7.0 2160s
 16093167 4753649   60.00000   62   14   63.00000   22.02913  65.0%   7.0 2166s
 16114485 4757376   45.00000   50   15   63.00000   22.05263  65.0%   7.0 2170s
 16136623 4764954   22.07059   48   32   63.00000   22.07059  65.0%   7.0 2175s
 16161638 4769944   23.00000   54   34   63.00000   22.08989  64.9%   7.0 2180s
 16183979 4775968   47.00000   51   20   63.00000   22.10547  64.9%   7.0 2185s
 16207809 4781574   39.00000   49   14   63.00000   22.12500  64.9%   7.0 2190s
 16230724 4787172 infeasible   63        63.00000   22.14286  64.9%   7.0 2195s
 16253934 4793952   25.00000   61   24   63.00000   22.14423  64.9%   6.9 2200s
 16280043 4799487   24.14888   56   32   63.00000   22.14423  64.9%   6.9 2205s
 16301427 4804565   36.48544   67   17   63.00000   22.15152  64.8%   6.9 2210s
 16322010 4809422   26.00000   61   24   63.00000   22.16833  64.8%   6.9 2215s
 16345125 4814184   45.00000   59   15   63.00000   22.18000  64.8%   6.9 2220s
 16366465 4819657   23.00000   45   44   63.00000   22.21348  64.7%   6.9 2225s
 16389202 4824409   47.00000   45   26   63.00000   22.24779  64.7%   6.9 2230s
 16413312 4829898   29.00000   50   31   63.00000   22.28789  64.6%   6.9 2235s
 16434376 4834766 infeasible   68        63.00000   22.33333  64.6%   6.9 2240s
 16453318 4839007   34.00000   60   18   63.00000   22.41875  64.4%   6.9 2245s
 16473673 4843437   48.00000   57   30   63.00000   22.52381  64.2%   6.9 2250s
 16495884 4848294   50.00000   54   24   63.00000   22.64423  64.1%   6.9 2255s
 16518895 4853042 infeasible   64        63.00000   22.66667  64.0%   6.9 2260s
 16541513 4858401   57.14560   51   19   63.00000   22.70000  64.0%   6.9 2265s
 16563731 4863529   46.14423   58   14   63.00000   22.76140  63.9%   6.9 2270s
 16583006 4867958   36.00000   48   32   63.00000   22.86730  63.7%   6.9 2275s
 16606853 4873595   41.00000   66   29   63.00000   22.96970  63.5%   6.9 2280s
 16628036 4878686   47.00000   63   10   63.00000   23.00000  63.5%   6.9 2285s
 16649060 4884147 infeasible   68        63.00000   23.00000  63.5%   6.9 2290s
 16671380 4888719   33.00000   59   16   63.00000   23.00000  63.5%   6.9 2295s
 16692259 4893117   56.00000   57   13   63.00000   23.00000  63.5%   6.9 2300s
 16715756 4898354   59.04040   67   21   63.00000   23.00000  63.5%   6.9 2305s
 16739484 4902874 infeasible   67        63.00000   23.00000  63.5%   6.9 2310s
 16759411 4907882 infeasible   63        63.00000   23.00000  63.5%   6.9 2315s
 16763877 4910289   23.00000   54   27   63.00000   23.00000  63.5%   6.9 2321s
 16789838 4913045   42.00000   58   25   63.00000   23.00000  63.5%   6.9 2325s
 16809626 4918339   45.00000   51   15   63.00000   23.00000  63.5%   6.9 2330s
 16830884 4923028   32.00000   54   21   63.00000   23.00000  63.5%   6.9 2335s
 16853714 4928622   59.00000   64   19   63.00000   23.00000  63.5%   6.9 2340s
 16874241 4931890 infeasible   72        63.00000   23.00000  63.5%   6.9 2345s
 16897547 4937220 infeasible   60        63.00000   23.00000  63.5%   6.9 2350s
 16916205 4942350   26.00000   61   24   63.00000   23.00000  63.5%   6.9 2355s
 16938939 4947077   38.04717   51   19   63.00000   23.00000  63.5%   6.9 2360s
 16962650 4952244   51.00000   56   18   63.00000   23.00000  63.5%   6.9 2365s
 16983277 4955931   54.16505   58   14   63.00000   23.00000  63.5%   6.9 2370s
 17006448 4962097   39.00000   49   21   63.00000   23.00000  63.5%   6.9 2375s
 17029275 4966550   57.00000   56    5   63.00000   23.00000  63.5%   6.9 2380s
 17050438 4972333   34.00000   51   16   63.00000   23.00000  63.5%   6.9 2385s
 17073383 4976412   43.00000   58   16   63.00000   23.00000  63.5%   6.9 2390s
 17096870 4981518 infeasible   70        63.00000   23.00000  63.5%   6.9 2395s
 17119878 4986743   43.00000   55   17   63.00000   23.00000  63.5%   6.9 2400s
 17139391 4991669   54.00000   56   27   63.00000   23.00000  63.5%   6.9 2405s
 17160713 4995804   28.00000   59   33   63.00000   23.00000  63.5%   6.9 2410s
 17182625 5002200   23.00000   50   22   63.00000   23.00000  63.5%   6.9 2415s
 17205906 5006535   42.00000   50   21   63.00000   23.00000  63.5%   6.9 2420s
 17229702 5012014   57.00000   58   16   63.00000   23.00000  63.5%   6.9 2425s
 17246154 5017035   34.00000   58   20   63.00000   23.00000  63.5%   6.9 2430s
 17272388 5021477 infeasible   65        63.00000   23.00000  63.5%   6.9 2435s
 17287672 5026431   42.00000   54   18   63.00000   23.00000  63.5%   6.9 2440s
 17315530 5031108 infeasible   57        63.00000   23.00000  63.5%   6.9 2445s
 17333746 5036142 infeasible   60        63.00000   23.00000  63.5%   6.9 2450s
 17356522 5041247   26.00000   62   25   63.00000   23.00000  63.5%   6.9 2455s
 17378485 5044726   49.10989   57   21   63.00000   23.00000  63.5%   6.9 2460s
 17401665 5049704 infeasible   63        63.00000   23.00000  63.5%   6.9 2465s
 17422001 5055090   51.00000   56   16   63.00000   23.00000  63.5%   6.9 2470s
 17446318 5060820 infeasible   58        63.00000   23.00000  63.5%   6.9 2475s
 17467127 5065437   32.00000   55   24   63.00000   23.00000  63.5%   6.9 2480s
 17490001 5069911   59.31373   61   25   63.00000   23.00000  63.5%   6.9 2485s
 17510503 5075611   60.00000   53   18   63.00000   23.00000  63.5%   6.9 2490s
 17531983 5080392   26.35599   53   27   63.00000   23.00000  63.5%   6.9 2495s
 17551703 5084843   51.00000   58   20   63.00000   23.00000  63.5%   6.9 2500s
 17575673 5090437 infeasible   66        63.00000   23.00000  63.5%   6.9 2505s
 17599632 5094741   52.00000   59   14   63.00000   23.00000  63.5%   6.9 2510s
 17618030 5100021 infeasible   62        63.00000   23.00000  63.5%   6.9 2515s
 17641165 5103936 infeasible   72        63.00000   23.00000  63.5%   6.9 2520s
 17659419 5108974   55.10112   49   27   63.00000   23.00000  63.5%   6.9 2525s
 17682132 5113622   31.72727   56   21   63.00000   23.00000  63.5%   6.9 2530s
 17698541 5119371   56.00000   64   16   63.00000   23.00000  63.5%   6.9 2535s
 17721621 5125032   51.00000   60   19   63.00000   23.00000  63.5%   6.9 2541s
 17742396 5129942 infeasible   59        63.00000   23.00000  63.5%   6.9 2546s
 17762071 5133015   39.00000   63   12   63.00000   23.00000  63.5%   6.9 2550s
 17785369 5137262 infeasible   63        63.00000   23.00000  63.5%   6.9 2555s
 17806055 5142225   58.00000   56   23   63.00000   23.00000  63.5%   6.9 2560s
 17826138 5145807 infeasible   50        63.00000   23.00000  63.5%   6.9 2565s
 17846611 5151634   61.00000   53   11   63.00000   23.00000  63.5%   6.9 2570s
 17867756 5155558 infeasible   58        63.00000   23.00000  63.5%   6.9 2575s
 17882414 5158909 infeasible   54        63.00000   23.00000  63.5%   6.9 2581s
 17893015 5161507   27.00000   48   27   63.00000   23.00000  63.5%   6.9 2585s
 17910819 5165559   54.00000   51   13   63.00000   23.00000  63.5%   6.9 2590s
 17931066 5169110 infeasible   60        63.00000   23.00000  63.5%   6.9 2595s
 17942932 5173339   41.00000   51   14   63.00000   23.00000  63.5%   6.9 2600s
 17965295 5176957 infeasible   56        63.00000   23.00000  63.5%   6.9 2605s
 17983866 5182072   28.14423   47   29   63.00000   23.00000  63.5%   6.9 2610s
 18006012 5186952   40.01942   55   19   63.00000   23.00000  63.5%   6.9 2615s
 18027686 5191057   37.00000   62   16   63.00000   23.00000  63.5%   6.9 2620s
 18049099 5195977   60.00000   56   12   63.00000   23.00000  63.5%   6.9 2625s
 18070573 5200791 infeasible   58        63.00000   23.00000  63.5%   6.9 2630s
 18087980 5205756   34.00000   58   27   63.00000   23.00000  63.5%   6.9 2635s
 18108504 5210160   37.11321   58   27   63.00000   23.00000  63.5%   6.9 2640s
 18132302 5214995 infeasible   57        63.00000   23.00000  63.5%   6.9 2645s
 18147855 5219636   37.76923   53   22   63.00000   23.00000  63.5%   6.9 2650s
 18176683 5224847   45.00000   53   22   63.00000   23.00000  63.5%   6.9 2655s
 18193007 5228788 infeasible   59        63.00000   23.00000  63.5%   6.9 2660s
 18214735 5234524   47.00000   60   16   63.00000   23.00000  63.5%   6.9 2665s
 18236617 5239149   23.13333   54   23   63.00000   23.00000  63.5%   6.9 2670s
 18257798 5242905 infeasible   72        63.00000   23.00000  63.5%   6.9 2675s
 18278402 5247529   25.00000   59   32   63.00000   23.00000  63.5%   6.9 2680s
 18297952 5252649   42.46364   57   22   63.00000   23.00000  63.5%   6.9 2685s
 18318609 5257479   30.00000   53   34   63.00000   23.00000  63.5%   6.9 2690s
 18340488 5261660   51.00000   61   15   63.00000   23.00000  63.5%   6.9 2695s
 18360118 5266881   38.00000   68   23   63.00000   23.00000  63.5%   6.9 2700s
 18380733 5271106   42.00000   59   21   63.00000   23.00000  63.5%   6.9 2705s
 18401914 5275913   45.00000   45   31   63.00000   23.00000  63.5%   6.9 2710s
 18420964 5279883 infeasible   61        63.00000   23.00000  63.5%   6.9 2715s
 18439791 5284830   51.00000   60   20   63.00000   23.00000  63.5%   6.9 2720s
 18458753 5290477   31.00000   63   31   63.00000   23.00000  63.5%   6.9 2726s
 18480875 5293335 infeasible   55        63.00000   23.00000  63.5%   6.9 2730s
 18500155 5297955   57.00000   55   17   63.00000   23.00000  63.5%   6.9 2735s
 18521226 5301993   32.00000   64   25   63.00000   23.00000  63.5%   6.9 2740s
 18536227 5305545   25.00000   48   29   63.00000   23.00000  63.5%   6.9 2745s
 18537068 5305572   43.00000   50   16   63.00000   23.00000  63.5%   6.9 2751s
 18547662 5307633   27.00000   53   32   63.00000   23.00000  63.5%   6.9 2755s
 18561551 5311542   40.33333   65   21   63.00000   23.00000  63.5%   6.9 2760s
 18581006 5315239   32.00000   56   28   63.00000   23.00000  63.5%   6.9 2765s
 18592461 5319054   31.00000   56   28   63.00000   23.00000  63.5%   6.9 2771s
 18606501 5320455 infeasible   57        63.00000   23.00000  63.5%   6.9 2775s
 18623068 5324597 infeasible   55        63.00000   23.00000  63.5%   6.9 2780s
 18643400 5328185   24.00000   54   22   63.00000   23.00000  63.5%   6.9 2785s
 18657151 5332521   36.00000   57   26   63.00000   23.00000  63.5%   6.9 2790s
 18676238 5336418   28.00000   48   30   63.00000   23.00000  63.5%   6.9 2795s
 18698471 5340256 infeasible   64        63.00000   23.00000  63.5%   6.9 2800s
 18717622 5346226   52.00000   65   16   63.00000   23.00000  63.5%   6.9 2805s
 18738493 5350360   40.00000   56   15   63.00000   23.00000  63.5%   6.9 2810s
 18754423 5355507 infeasible   50        63.00000   23.00000  63.5%   6.9 2815s
 18776298 5359238   41.22785   46   31   63.00000   23.00000  63.5%   6.9 2820s
 18796753 5364852 infeasible   56        63.00000   23.00000  63.5%   6.9 2825s
 18817195 5369406 infeasible   61        63.00000   23.00971  63.5%   6.9 2831s
 18835412 5371767 infeasible   57        63.00000   23.01887  63.5%   6.9 2835s
 18854050 5376181   40.00000   55   15   63.00000   23.02410  63.5%   6.9 2840s
 18869618 5379635   55.75000   57   21   63.00000   23.02778  63.4%   6.9 2845s
 18887279 5383666   23.04444   48   31   63.00000   23.04396  63.4%   6.9 2850s
 18903458 5388803   41.00000   60   23   63.00000   23.05660  63.4%   6.9 2855s
 18925389 5393239   57.00000   53   18   63.00000   23.07059  63.4%   6.9 2860s
 18943094 5398209   26.08989   53   27   63.00000   23.08989  63.3%   6.9 2865s
 18965199 5402697 infeasible   65        63.00000   23.10112  63.3%   6.9 2870s
 18981127 5407604   30.00000   53   17   63.00000   23.11236  63.3%   6.9 2875s
 18999474 5411727   23.12360   47   37   63.00000   23.12360  63.3%   6.9 2880s
 19018579 5415449 infeasible   46        63.00000   23.13592  63.3%   6.9 2885s
 19036288 5419638 infeasible   69        63.00000   23.14423  63.3%   6.9 2890s
 19047505 5422539 infeasible   59        63.00000   23.14423  63.3%   6.9 2895s
 19064325 5425821   62.00000   66   13   63.00000   23.14423  63.3%   6.9 2900s
 19081600 5430014   45.00000   54   29   63.00000   23.14423  63.3%   6.9 2905s
 19099270 5433735   35.14423   56   20   63.00000   23.14423  63.3%   6.9 2910s
 19117369 5438191   32.00000   58   23   63.00000   23.15152  63.3%   6.9 2915s
 19137483 5441052 infeasible   62        63.00000   23.16162  63.2%   6.9 2920s
 19154522 5445380   59.00000   54   12   63.00000   23.17476  63.2%   6.9 2925s
 19169233 5447946   41.06364   48   30   63.00000   23.18182  63.2%   6.9 2930s
 19186810 5451835   45.00000   45   23   63.00000   23.20721  63.2%   6.9 2935s
 19200365 5455964   36.24074   50   35   63.00000   23.22222  63.1%   6.9 2941s
 19213513 5457609   37.00000   55   19   63.00000   23.23810  63.1%   6.9 2945s
 19231723 5461279   40.16162   45   23   63.00000   23.26316  63.1%   6.9 2950s
 19251870 5465933   60.00000   51   15   63.00000   23.30303  63.0%   6.9 2955s
 19263833 5468456   45.00000   60   19   63.00000   23.33212  63.0%   6.9 2961s
 19279080 5471387   26.00000   50   28   63.00000   23.36036  62.9%   6.9 2965s
 19295825 5474723   60.00000   60   13   63.00000   23.43750  62.8%   6.9 2970s
 19307448 5478334   41.00000   51   19   63.00000   23.47872  62.7%   6.9 2975s
 19327346 5481845   46.12121   50   27   63.00000   23.58305  62.6%   6.9 2980s
 19341321 5484254   59.81818   64   15   63.00000   23.63946  62.5%   6.9 2985s
 19354508 5487779   37.00000   60   18   63.00000   23.66667  62.4%   6.9 2990s
 19373491 5490703 infeasible   51        63.00000   23.66667  62.4%   6.9 2995s
 19390927 5494667   50.00000   54   28   63.00000   23.70588  62.4%   6.9 3000s
 19399119 5496791   40.00000   55   20   63.00000   23.72727  62.3%   6.9 3005s
 19416215 5500016 infeasible   53        63.00000   23.80000  62.2%   6.9 3010s
 19433102 5503073   50.00000   50   18   63.00000   23.86867  62.1%   6.9 3015s
 19448897 5507198   51.00000   57   16   63.00000   23.88889  62.1%   6.9 3020s
 19459034 5509937   52.00000   65   11   63.00000   23.96739  62.0%   6.9 3025s
 19476888 5513966   52.00000   57   13   63.00000   24.00000  61.9%   6.9 3030s
 19496309 5518308   35.00000   63   23   63.00000   24.00000  61.9%   6.9 3035s
 19512462 5521195   25.00000   55   26   63.00000   24.00000  61.9%   6.9 3040s
 19528488 5526305   48.00000   72   13   63.00000   24.00000  61.9%   6.9 3045s
 19539589 5526981   28.00000   50   19   63.00000   24.00000  61.9%   6.9 3050s
 19557101 5530669 infeasible   67        63.00000   24.00000  61.9%   6.9 3055s
 19574367 5534160   57.00000   56   14   63.00000   24.00000  61.9%   6.9 3060s
 19581222 5535419 infeasible   59        63.00000   24.00000  61.9%   6.9 3067s
 19584481 5536096   28.00000   53   14   63.00000   24.00000  61.9%   6.9 3070s
 19598045 5538401   28.00000   57   30   63.00000   24.00000  61.9%   6.9 3075s
 19615429 5541852   50.00000   58   19   63.00000   24.00000  61.9%   6.9 3080s
 19629436 5545561   24.00000   57   19   63.00000   24.00000  61.9%   6.9 3085s
 19645577 5548588   51.00000   64   15   63.00000   24.00000  61.9%   6.9 3090s
 19658697 5552839   48.00000   57   17   63.00000   24.00000  61.9%   6.9 3095s
 19681876 5556163 infeasible   57        63.00000   24.00000  61.9%   6.9 3100s
 19698993 5559960   25.66667   49   25   63.00000   24.00000  61.9%   6.9 3105s
 19716672 5563244 infeasible   62        63.00000   24.00000  61.9%   6.9 3110s
 19726299 5565883 infeasible   56        63.00000   24.00000  61.9%   6.9 3115s
 19743419 5569685   30.00000   52   21   63.00000   24.00000  61.9%   6.9 3120s
 19755881 5571151   53.00000   64   12   63.00000   24.00000  61.9%   6.9 3125s
 19777634 5575101   36.00000   71   17   63.00000   24.00000  61.9%   6.9 3130s
 19795814 5578784   51.00000   47   20   63.00000   24.00000  61.9%   6.9 3135s
 19812728 5582052   47.00000   57   15   63.00000   24.00000  61.9%   6.9 3140s
 19824024 5584956   34.00000   57   31   63.00000   24.00000  61.9%   6.9 3145s
 19841183 5588936 infeasible   55        63.00000   24.00000  61.9%   6.9 3150s
 19860075 5591797   41.00000   57   21   63.00000   24.00000  61.9%   6.9 3155s
 19875639 5595269   25.00000   48   16   63.00000   24.00000  61.9%   6.9 3160s
 19887975 5597404   44.00000   57   21   63.00000   24.00000  61.9%   6.9 3165s
 19905436 5601386   33.00000   59   20   63.00000   24.00000  61.9%   6.9 3170s
 19925494 5605432   27.00000   51   26   63.00000   24.00000  61.9%   6.9 3175s
 19941453 5607931   43.00000   59   23   63.00000   24.00000  61.9%   6.9 3180s
 19952257 5611459   49.00000   54   13   63.00000   24.00000  61.9%   6.9 3185s
 19969894 5614963   48.00000   46   17   63.00000   24.00000  61.9%   6.9 3190s
 19985345 5619046   34.14423   63   23   63.00000   24.00000  61.9%   6.9 3195s
 20005783 5623050   58.00000   57   11   63.00000   24.00000  61.9%   6.9 3200s
 20019427 5626854   59.00000   58   13   63.00000   24.00000  61.9%   6.9 3205s
 20036409 5629782 infeasible   56        63.00000   24.00000  61.9%   6.9 3210s
 20053123 5632546 infeasible   69        63.00000   24.00000  61.9%   6.9 3215s
 20063228 5635635   38.00000   56   15   63.00000   24.00000  61.9%   6.9 3220s
 20083333 5639210 infeasible   58        63.00000   24.00000  61.9%   6.9 3225s
 20101184 5642719   53.00000   57   18   63.00000   24.00000  61.9%   6.9 3230s
 20112199 5646475   48.00901   65   17   63.00000   24.00000  61.9%   6.9 3236s
 20130402 5648640 infeasible   59        63.00000   24.00000  61.9%   6.9 3240s
 20149617 5652316 infeasible   70        63.00000   24.00000  61.9%   6.9 3245s
 20162708 5655211 infeasible   60        63.00000   24.00000  61.9%   6.9 3250s
 20177685 5658163   36.00000   46   28   63.00000   24.00000  61.9%   6.9 3255s
 20199715 5664119   34.00000   55   19   63.00000   24.00000  61.9%   6.9 3260s
 20214326 5665860   25.00000   55   19   63.00000   24.00000  61.9%   6.9 3265s
 20232193 5669573 infeasible   63        63.00000   24.00000  61.9%   6.9 3270s
 20250554 5673593   59.00000   53   17   63.00000   24.00000  61.9%   6.9 3275s
 20265591 5677690   60.00000   64   13   63.00000   24.00000  61.9%   6.9 3280s
 20275967 5679681   27.00000   57   16   63.00000   24.00000  61.9%   6.9 3285s
 20295072 5683534   57.00000   49   21   63.00000   24.00000  61.9%   6.9 3290s
 20309936 5687070   56.00000   63   11   63.00000   24.00000  61.9%   6.9 3295s
 20328148 5690152   56.00000   66   14   63.00000   24.00000  61.9%   6.9 3300s
 20345276 5694130 infeasible   58        63.00000   24.00000  61.9%   6.9 3305s
 20361586 5696530 infeasible   66        63.00000   24.00000  61.9%   6.9 3310s
 20378969 5700180   61.02471   62   21   63.00000   24.00000  61.9%   6.9 3315s
 20394377 5704691   60.00000   54   15   63.00000   24.00000  61.9%   6.9 3320s
 20415562 5707905 infeasible   63        63.00000   24.00000  61.9%   6.9 3325s
 20429100 5711827   41.16092   66   20   63.00000   24.00000  61.9%   6.9 3330s
 20446454 5714854     cutoff   58        63.00000   24.00000  61.9%   6.9 3335s
 20459433 5717927 infeasible   57        63.00000   24.00000  61.9%   6.9 3340s
 20480660 5721360   38.70588   52   20   63.00000   24.00000  61.9%   6.9 3345s
 20494407 5725437   36.00000   51   18   63.00000   24.00000  61.9%   6.9 3351s
 20505041 5727881   32.00000   45   17   63.00000   24.00000  61.9%   6.9 3356s
 20521071 5730820 infeasible   53        63.00000   24.00000  61.9%   6.9 3360s
 20544074 5734964   52.00000   70   14   63.00000   24.00000  61.9%   6.9 3365s
 20562923 5738739   53.00000   63   13   63.00000   24.00000  61.9%   6.9 3370s
 20575124 5741289   38.53846   66   21   63.00000   24.00000  61.9%   6.9 3375s
 20592913 5745219   54.00000   55   22   63.00000   24.00000  61.9%   6.9 3380s
 20610556 5749781   39.00000   50   17   63.00000   24.00000  61.9%   6.9 3385s
 20627275 5752932 infeasible   54        63.00000   24.00000  61.9%   6.9 3390s
 20635553 5753605 infeasible   59        63.00000   24.00000  61.9%   6.9 3395s
 20649723 5756912   53.00000   47   15   63.00000   24.00000  61.9%   6.9 3400s
 20669797 5760659 infeasible   54        63.00000   24.00000  61.9%   6.9 3405s
 20688579 5765133 infeasible   58        63.00000   24.00000  61.9%   6.9 3410s
 20700805 5767560   44.00000   59   21   63.00000   24.00000  61.9%   6.9 3419s
 20700828 5769934   44.00000   60   20   63.00000   24.00000  61.9%   6.9 3422s
 20716844 5771302 infeasible   55        63.00000   24.00000  61.9%   6.9 3425s
 20734070 5774078   24.26332   49   31   63.00000   24.00000  61.9%   6.9 3430s
 20743207 5778374   53.00000   53   18   63.00000   24.00000  61.9%   6.9 3435s
 20765394 5781108   52.00000   58   15   63.00000   24.00000  61.9%   6.9 3440s
 20781171 5784473   33.00000   62   20   63.00000   24.00000  61.9%   6.9 3446s
 20791272 5786143 infeasible   73        63.00000   24.00000  61.9%   6.9 3450s
 20809819 5790084   54.00000   59   12   63.00000   24.00000  61.9%   6.9 3455s
 20826761 5793617   24.00000   51   22   63.00000   24.00000  61.9%   6.9 3460s
 20843668 5797145   37.00000   50   21   63.00000   24.00000  61.9%   6.9 3467s
 20853148 5800025   46.00000   63   19   63.00000   24.00000  61.9%   6.9 3470s
 20869319 5803466   36.17172   59   25   63.00000   24.00000  61.9%   6.9 3475s
 20890508 5806819     cutoff   60        63.00000   24.00000  61.9%   6.9 3480s
 20904641 5809699 infeasible   63        63.00000   24.00000  61.9%   6.9 3486s
 20919503 5812586     cutoff   63        63.00000   24.00000  61.9%   6.9 3490s
 20939537 5816707   50.00000   47   21   63.00000   24.00000  61.9%   6.9 3495s
 20952934 5821205   61.00000   51   11   63.00000   24.00000  61.9%   6.9 3502s
 20963974 5822693   58.00000   63   11   63.00000   24.00000  61.9%   6.9 3505s
 20975335 5826647   41.00000   61   19   63.00000   24.00000  61.9%   6.9 3510s
 20996139 5830934 infeasible   52        63.00000   24.00000  61.9%   6.9 3516s
 21008144 5831274   35.02703   56   35   63.00000   24.00000  61.9%   6.9 3520s
 21025102 5834698   39.00000   59   17   63.00000   24.00000  61.9%   6.9 3525s
 21039431 5839971   56.00000   53   16   63.00000   24.00000  61.9%   6.9 3530s
 21061135 5842589   32.25234   62   22   63.00000   24.00000  61.9%   6.9 3535s
 21074104 5845946   40.00000   58   18   63.00000   24.00000  61.9%   6.9 3540s
 21084833 5847754   26.00000   49   27   63.00000   24.00000  61.9%   6.9 3548s
 21090112 5848414   42.00000   57   13   63.00000   24.00000  61.9%   6.9 3550s
 21111022 5854572 infeasible   63        63.00000   24.00000  61.9%   6.9 3556s
 21122762 5855516   53.00000   58   10   63.00000   24.00000  61.9%   6.9 3560s
 21141827 5859626   32.00000   53   31   63.00000   24.00000  61.9%   6.9 3565s
 21155664 5863091   39.00000   52   24   63.00000   24.00000  61.9%   6.9 3570s
 21174396 5867511   31.29461   57   33   63.00000   24.00000  61.9%   6.9 3575s
 21186140 5869644   45.28571   61   26   63.00000   24.00000  61.9%   6.9 3580s
 21205504 5872780 infeasible   52        63.00000   24.00000  61.9%   6.9 3585s
 21222141 5876527   40.00000   61   25   63.00000   24.00000  61.9%   6.9 3590s
 21241694 5880302 infeasible   61        63.00000   24.00000  61.9%   6.9 3595s
 21250767 5883172   40.00000   55   19   63.00000   24.00000  61.9%   6.9 3600s

Cutting planes:
  Learned: 2
  Gomory: 4
  Cover: 1
  Implied bound: 9
  Clique: 1
  MIR: 3
  StrongCG: 1
  Flow cover: 4
  GUB cover: 1
  RLT: 2

Explored 21255954 nodes (146330092 simplex iterations) in 3600.13 seconds (562.77 work units)
Thread count was 16 (of 16 available processors)

Solution count 10: 63 65 66 ... 80

Time limit reached
Best objective 6.300000000000e+01, best bound 2.400000000000e+01, gap 61.9048%
Warning: constraint name "precedence between 0,0 to 0,1 if x_[0,0,0,1,0]=0, i.e. 0,1 before 0,0" has a space
Warning: constraint name "precedence between 0,0 to 0,1 if x_[0,0,0,1,0]=0, i.e. 0,1 before 0,0" has a space
Warning: default constraint names used to write mps file
