
Gurobi 10.0.1 (win64) logging started Mon Aug 28 20:52:16 2023

Set parameter LogFile to value "results//log/BA_15_deadline.log"
Gurobi Optimizer version 10.0.1 build v10.0.1rc0 (win64)

CPU model: AMD Ryzen 7 3700X 8-Core Processor, instruction set [SSE2|AVX|AVX2]
Thread count: 8 physical cores, 16 logical processors, using up to 16 threads

Optimize a model with 838 rows, 589 columns and 3472 nonzeros
Model fingerprint: 0xf9641318
Model has 1 quadratic constraint
Variable types: 63 continuous, 526 integer (525 binary)
Coefficient statistics:
  Matrix range     [1e+00, 1e+06]
  QMatrix range    [1e+00, 1e+00]
  QLMatrix range   [1e+00, 1e+01]
  Objective range  [1e+00, 1e+00]
  Bounds range     [1e+00, 1e+00]
  RHS range        [1e+00, 3e+06]
Presolve removed 85 rows and 237 columns
Presolve time: 0.01s
Presolved: 775 rows, 373 columns, 3464 nonzeros
Variable types: 84 continuous, 289 integer (288 binary)

Root relaxation: objective 0.000000e+00, 92 iterations, 0.00 seconds (0.00 work units)

    Nodes    |    Current Node    |     Objective Bounds      |     Work
 Expl Unexpl |  Obj  Depth IntInf | Incumbent    BestBd   Gap | It/Node Time

     0     0    0.00000    0    6          -    0.00000      -     -    0s
H    0     0                     114.0000000    0.00000   100%     -    0s
H    0     0                     113.0000000    0.00000   100%     -    0s
H    0     0                      84.0000000    0.00000   100%     -    0s
     0     0    0.00000    0   12   84.00000    0.00000   100%     -    0s
H    0     0                      83.0000000    0.00000   100%     -    0s
H    0     0                      79.0000000    0.00000   100%     -    0s
H    0     0                      69.0000000    0.00000   100%     -    0s
     0     0    0.00000    0    8   69.00000    0.00000   100%     -    0s
     0     0    0.00000    0    6   69.00000    0.00000   100%     -    0s
     0     0    0.00000    0   18   69.00000    0.00000   100%     -    0s
     0     0    0.00000    0    4   69.00000    0.00000   100%     -    0s
     0     0    0.00000    0   14   69.00000    0.00000   100%     -    0s
     0     0    0.00000    0    5   69.00000    0.00000   100%     -    0s
     0     0    0.00000    0   15   69.00000    0.00000   100%     -    0s
H    0     0                      64.0000000    0.00000   100%     -    0s
     0     0    0.00000    0    5   64.00000    0.00000   100%     -    0s
H    0     0                      61.0000000    0.00000   100%     -    0s
     0     0    0.00000    0   11   61.00000    0.00000   100%     -    0s
     0     0    0.00000    0   10   61.00000    0.00000   100%     -    0s
H    0     0                      58.0000000    0.00000   100%     -    0s
     0     0    0.00000    0    9   58.00000    0.00000   100%     -    0s
     0     2    0.00000    0    9   58.00000    0.00000   100%     -    0s
H   35    32                      57.0000000    0.00000   100%  70.1    0s
H   64    68                      55.0000000    0.00000   100%  44.8    0s
H   68    68                      53.0000000    0.00000   100%  43.5    0s
H 1268   864                      51.0000000    0.00000   100%  12.6    2s
H 1695   945                      50.0000000    1.00000  98.0%  11.9    2s
 10337  4807   38.00000   39   13   50.00000    1.00000  98.0%  12.5    5s
 20921  9396    5.00000   46   28   50.00000    1.00000  98.0%  11.5   10s
*50029 17512              91      48.0000000    1.00000  97.9%  11.1   11s
 62715 22205   35.00000   62   24   48.00000    8.00000  83.3%  11.0   15s
H62828 21171                      46.0000000    8.00000  82.6%  11.2   17s
H63459 20379                      43.0000000    8.00000  81.4%  11.2   18s
 73145 21807   31.00000   89   17   43.00000    8.00000  81.4%  11.5   20s
 106933 25013 infeasible   73        43.00000    8.00000  81.4%  12.5   25s
 142330 32332 infeasible   91        43.00000    8.00000  81.4%  12.8   30s
 185451 47342   23.92958   82   22   43.00000    8.00000  81.4%  13.2   35s
 231033 61977   20.00000   77   19   43.00000    8.00000  81.4%  13.3   40s
 254279 69942   36.35413   79   15   43.00000    8.00000  81.4%  13.5   45s
 301132 85296   18.00000   83   20   43.00000    8.00000  81.4%  13.6   50s
 321023 91810 infeasible   85        43.00000    8.00000  81.4%  13.7   55s
 351409 101249 infeasible   83        43.00000    8.00000  81.4%  13.8   60s
 383235 110837   35.00000   95   13   43.00000    8.00000  81.4%  13.7   65s
 421617 123218    9.00000   73   21   43.00000    8.00000  81.4%  13.8   70s
H447293 130054                      42.0000000    8.00000  81.0%  13.8   73s
H448649 129571                      41.0000000    8.00000  80.5%  13.8   73s
 459986 132754   34.00000   73   18   41.00000    8.00000  80.5%  13.8   75s
 489166 140881   23.00000   85   13   41.00000    8.00000  80.5%  13.9   80s
 516349 147937 infeasible   76        41.00000    8.00000  80.5%  13.9   85s
 543806 155478   20.00000   85   17   41.00000    8.00000  80.5%  14.0   90s
 580250 165023   21.00000   82   18   41.00000    8.00000  80.5%  14.1   95s
 614480 175462   30.00000   83   18   41.00000    8.00000  80.5%  14.1  100s
 637688 181891 infeasible   78        41.00000    8.00000  80.5%  14.1  105s
 675609 193296 infeasible   78        41.00000    8.00000  80.5%  14.2  110s
 702512 200095   36.76471   81   14   41.00000    8.00000  80.5%  14.2  115s
 735033 209986    8.00000   72   21   41.00000    8.00000  80.5%  14.3  120s
 770980 220953   18.00000   75   24   41.00000    8.00000  80.5%  14.3  125s
 799865 229328   37.00000   83   12   41.00000    8.00000  80.5%  14.3  130s
 837879 239311   32.00000   79   18   41.00000    8.00000  80.5%  14.4  135s
 860899 245063    9.00000   74   21   41.00000    8.00000  80.5%  14.4  140s
 899124 255119   21.00000   82   20   41.00000    8.00000  80.5%  14.4  145s
 932027 263534   20.00000   83   15   41.00000    8.00000  80.5%  14.4  150s
 963253 272227    8.00000   65   21   41.00000    8.00000  80.5%  14.4  155s
 1001217 282043    8.00000   80   20   41.00000    8.00000  80.5%  14.4  160s
 1029014 289413   33.00000   83   10   41.00000    8.00000  80.5%  14.4  165s
 1059777 297751   20.00000   79   22   41.00000    8.00000  80.5%  14.4  170s
 1083299 307327   38.00000   73   14   41.00000    8.00000  80.5%  14.5  175s
 1114944 311323    8.00000   70   23   41.00000    8.00000  80.5%  14.5  180s
 1139365 317330 infeasible   84        41.00000    8.00000  80.5%  14.5  185s
 1161354 323224   32.00000   93   11   41.00000    8.00000  80.5%  14.5  190s
 1196036 332621 infeasible   85        41.00000    8.00000  80.5%  14.5  195s
 1232008 341730 infeasible   80        41.00000    8.00000  80.5%  14.5  200s
 1252346 346814 infeasible   80        41.00000    8.00000  80.5%  14.5  205s
 1284974 355221   25.68966   83   20   41.00000    8.00000  80.5%  14.5  210s
 1316023 362949 infeasible   78        41.00000    8.00000  80.5%  14.5  215s
 1344672 370307   12.00000   71   21   41.00000    8.00000  80.5%  14.5  221s
 1374454 378449 infeasible   77        41.00000    8.00000  80.5%  14.5  225s
 1401493 384660   36.00000   77   14   41.00000    8.00000  80.5%  14.5  230s
 1423344 390414 infeasible   83        41.00000    8.00000  80.5%  14.5  235s
 1459058 399250 infeasible   80        41.00000    8.00000  80.5%  14.5  240s
 1481833 404445    8.00000   63   27   41.00000    8.00000  80.5%  14.5  246s
 1509620 411435 infeasible   77        41.00000    8.00000  80.5%  14.5  250s
 1539864 419643 infeasible   79        41.00000    8.00000  80.5%  14.5  255s
 1564527 425421 infeasible   77        41.00000    8.00000  80.5%  14.5  260s
 1593995 431988   33.00000   62   14   41.00000    8.00000  80.5%  14.5  265s
 1625440 439763   20.92958   76   22   41.00000    8.00000  80.5%  14.5  270s
 1648870 445547   35.00000   78   12   41.00000    8.00000  80.5%  14.5  275s
 1683807 454155 infeasible   72        41.00000    8.00000  80.5%  14.5  280s
 1714108 462304   20.00000   87   20   41.00000    8.00000  80.5%  14.5  285s
 1739095 467717   13.00000   72   20   41.00000    8.00000  80.5%  14.5  290s
 1774788 475615 infeasible   86        41.00000    8.00000  80.5%  14.5  295s
 1815085 485273   17.00000   71   27   41.00000    8.00000  80.5%  14.5  300s
 1846215 492037   13.00000   78   19   41.00000    8.00000  80.5%  14.5  305s
 1897210 504875 infeasible   79        41.00000    8.42230  79.5%  14.5  310s
 1970543 523764   25.00000   85   17   41.00000    8.42230  79.5%  14.6  315s
 2031926 537004    9.00000   75   23   41.00000    9.00000  78.0%  14.5  320s
 2102803 550775   31.00000   81   15   41.00000    9.00000  78.0%  14.5  325s
 2180684 565781   35.00000   82   11   41.00000    9.00000  78.0%  14.4  330s
 2260674 583492   15.00000   75   16   41.00000    9.00000  78.0%  14.3  335s
 2342697 601440   39.08371   84   11   41.00000    9.00000  78.0%  14.2  340s
 2421655 618197   19.00000   75   24   41.00000    9.00000  78.0%  14.1  345s
 2502773 635983   38.00000   71    9   41.00000    9.00000  78.0%  14.0  350s
 2584944 654196   10.00000   76   19   41.00000    9.68750  76.4%  13.9  355s
 2662083 670838 infeasible   81        41.00000   10.00000  75.6%  13.8  360s
 2737346 687722   27.00000   74   21   41.00000   10.00000  75.6%  13.7  365s
 2814098 702500 infeasible   93        41.00000   10.00000  75.6%  13.6  370s
 2887150 716457 infeasible   79        41.00000   10.00000  75.6%  13.5  375s
 2951595 728944   32.00000   75   14   41.00000   10.00000  75.6%  13.5  380s
 3026212 744132   36.00000   89   10   41.00000   10.00000  75.6%  13.4  385s
 3100177 759060   35.00000   76   15   41.00000   10.00000  75.6%  13.4  390s
 3174857 774052   16.00000   73   20   41.00000   10.00000  75.6%  13.3  395s
 3247249 788786 infeasible   88        41.00000   10.00000  75.6%  13.3  400s
 3315569 802907   39.00000   72   13   41.00000   11.00000  73.2%  13.2  405s
 3372803 812729   34.00000   91   10   41.00000   11.00000  73.2%  13.2  410s
 3443275 826189   36.00000   76   11   41.00000   11.00000  73.2%  13.1  415s
 3511821 838456   32.00000   82   15   41.00000   11.00000  73.2%  13.1  420s
 3577585 850918 infeasible   81        41.00000   11.00000  73.2%  13.1  425s
 3644341 863802   29.00000   88   16   41.00000   11.00000  73.2%  13.0  430s
 3711715 874665   17.00000   73   18   41.00000   11.00000  73.2%  13.0  435s
 3775190 886586   30.00000   76   21   41.00000   11.00000  73.2%  13.0  440s
 3844230 899477   20.00000   79   17   41.00000   11.00000  73.2%  12.9  445s
 3911449 911839   23.00000   85   17   41.00000   11.00000  73.2%  12.9  450s
 3978261 923733   29.00000   77   21   41.00000   11.00000  73.2%  12.9  455s
 4042430 936005   39.00000   82   13   41.00000   11.00000  73.2%  12.8  460s
 4104913 947756   13.00000   82   26   41.00000   11.00000  73.2%  12.8  465s
 4164970 960005   12.00000   66   15   41.00000   12.00000  70.7%  12.8  470s
 4237230 973811   15.00000   66   13   41.00000   12.00000  70.7%  12.7  475s
 4303063 986599   21.00000   86   18   41.00000   12.00000  70.7%  12.7  480s
 4366619 997431 infeasible   97        41.00000   12.00000  70.7%  12.6  485s
 4434944 1007431   34.00000   83   18   41.00000   12.00000  70.7%  12.6  490s
 4500409 1018049   31.00000   84   14   41.00000   12.00000  70.7%  12.6  495s
 4561094 1027974 infeasible   90        41.00000   12.00000  70.7%  12.5  500s
 4622369 1037872   37.00000   75   13   41.00000   12.00000  70.7%  12.5  505s
 4688348 1048829 infeasible   87        41.00000   12.00000  70.7%  12.5  510s
 4750770 1060531   30.00000   86   15   41.00000   12.00000  70.7%  12.4  515s
 4815235 1070544   33.00000   82   15   41.00000   12.00000  70.7%  12.4  520s
 4881005 1081531 infeasible   69        41.00000   12.00000  70.7%  12.4  525s
 4945409 1092507   38.00000   78   12   41.00000   12.00000  70.7%  12.4  530s
 4988343 1099280   21.00000   73   23   41.00000   12.00000  70.7%  12.4  535s
 5055472 1111873   14.00000   69   22   41.00000   12.00000  70.7%  12.3  540s
 5123336 1123613   19.00000   86   19   41.00000   12.00000  70.7%  12.3  545s
 5189341 1136289 infeasible   81        41.00000   12.05000  70.6%  12.3  550s
 5260379 1147984 infeasible   88        41.00000   13.00000  68.3%  12.2  555s
 5325008 1158808 infeasible   81        41.00000   13.00000  68.3%  12.2  560s
 5387561 1167462   13.00000   70   17   41.00000   13.00000  68.3%  12.2  565s
 5444539 1176151   35.00000   86    7   41.00000   13.00000  68.3%  12.2  570s
 5510759 1185173   29.00000   82   15   41.00000   13.00000  68.3%  12.1  575s
 5572559 1194257   25.00000   75   18   41.00000   13.00000  68.3%  12.1  580s
 5632488 1204214   19.00000   86   20   41.00000   13.00000  68.3%  12.1  585s
 5697094 1212185 infeasible   86        41.00000   13.00000  68.3%  12.1  590s
 5750030 1220472   13.00000   87   18   41.00000   13.00000  68.3%  12.1  595s
 5797950 1227135   32.00000   78   18   41.00000   13.00000  68.3%  12.0  600s
 5848072 1234880 infeasible   79        41.00000   13.00000  68.3%  12.0  605s
 5898747 1243489   32.00000   94   13   41.00000   13.00000  68.3%  12.0  610s
 5944191 1250193   38.17647   75   14   41.00000   13.00000  68.3%  12.0  615s
 5991176 1258451   35.00000   81   12   41.00000   13.00000  68.3%  12.0  620s
 6039663 1265449   35.00000   82   16   41.00000   13.00000  68.3%  12.0  625s
 6083392 1271024   13.00000   75   20   41.00000   13.00000  68.3%  12.0  631s
 6117979 1276200   28.05000   75   17   41.00000   13.00000  68.3%  12.0  635s
 6169927 1284496   13.00000   78   23   41.00000   13.00000  68.3%  12.0  640s
 6217698 1291650 infeasible   77        41.00000   13.00000  68.3%  12.0  645s
 6264518 1298522   39.00000   80   13   41.00000   13.00000  68.3%  12.0  650s
 6315256 1306703   30.00000   82   20   41.00000   13.00000  68.3%  11.9  655s
 6364675 1316377   24.62651   88   15   41.00000   13.02326  68.2%  11.9  660s
 6414846 1323652 infeasible   83        41.00000   14.00000  65.9%  11.9  665s
 6463942 1331572   32.05714   82   15   41.00000   14.00000  65.9%  11.9  670s
 6513577 1338866 infeasible   79        41.00000   14.00000  65.9%  11.9  675s
 6560377 1345995 infeasible   90        41.00000   14.00000  65.9%  11.9  680s
 6603260 1349959 infeasible   91        41.00000   14.00000  65.9%  11.9  685s
 6648168 1354571 infeasible   90        41.00000   14.00000  65.9%  11.9  690s
 6690749 1359695 infeasible   89        41.00000   14.00000  65.9%  11.8  695s
 6736139 1365060   28.00000   86   16   41.00000   14.00000  65.9%  11.8  700s
 6784357 1371473   32.00000   85   12   41.00000   14.00000  65.9%  11.8  705s
 6826855 1375665   39.00000   84    8   41.00000   14.00000  65.9%  11.8  710s
 6856249 1379496   28.00000   84   13   41.00000   14.00000  65.9%  11.8  715s
 6897412 1383971   36.00000   86    9   41.00000   14.00000  65.9%  11.8  720s
 6942687 1389230   26.00000   68   15   41.00000   14.00000  65.9%  11.8  725s
 6990285 1396179   30.00000   86   12   41.00000   14.00000  65.9%  11.8  730s
 7033888 1401850   24.00000   82   13   41.00000   14.00000  65.9%  11.8  735s
 7078239 1407409 infeasible   80        41.00000   14.00000  65.9%  11.8  740s
 7127667 1414565 infeasible   83        41.00000   14.00000  65.9%  11.8  745s
 7170947 1420169   23.00000   85   20   41.00000   14.00000  65.9%  11.8  750s
 7213590 1425279   18.00000   83   17   41.00000   14.00000  65.9%  11.8  755s
 7261133 1431721   18.00000   75   23   41.00000   14.00000  65.9%  11.8  760s
 7306509 1438792 infeasible   78        41.00000   14.00000  65.9%  11.8  765s
 7348529 1444009 infeasible   75        41.00000   14.00000  65.9%  11.8  770s
 7395356 1450536   24.00000   82   12   41.00000   14.00000  65.9%  11.8  775s
 7437969 1456129   27.00000   75   17   41.00000   14.00000  65.9%  11.8  780s
 7478935 1462048   23.00000   79   21   41.00000   14.00000  65.9%  11.8  785s
 7526745 1468562   28.00000   88   17   41.00000   14.00000  65.9%  11.8  790s
 7569996 1474888 infeasible   79        41.00000   14.00000  65.9%  11.8  795s
 7614681 1482021     cutoff   88        41.00000   14.00000  65.9%  11.8  800s
 7659050 1488344   17.00000   80   21   41.00000   14.00000  65.9%  11.8  806s
 7685959 1491914   18.00000   79   29   41.00000   14.00000  65.9%  11.8  810s
 7731670 1499202   30.50000   89   13   41.00000   14.13007  65.5%  11.8  815s
 7771906 1504537 infeasible   91        41.00000   15.00000  63.4%  11.7  820s
 7814462 1510408 infeasible   83        41.00000   15.00000  63.4%  11.7  825s
 7856593 1516352 infeasible   74        41.00000   15.00000  63.4%  11.7  830s
 7900599 1522110   29.00000   76   10   41.00000   15.00000  63.4%  11.7  835s
 7938746 1526060 infeasible   83        41.00000   15.00000  63.4%  11.7  840s
 7974626 1529044 infeasible   85        41.00000   15.00000  63.4%  11.7  845s
 8012259 1532743 infeasible   85        41.00000   15.00000  63.4%  11.7  850s
 8049166 1536028   33.00000   82   17   41.00000   15.00000  63.4%  11.7  855s
 8087408 1540017 infeasible   73        41.00000   15.00000  63.4%  11.7  860s
 8124839 1543602 infeasible   93        41.00000   15.00000  63.4%  11.7  865s
 8160746 1547557   40.00000   84    9   41.00000   15.00000  63.4%  11.7  870s
 8198342 1551297   17.00000   84   16   41.00000   15.00000  63.4%  11.7  875s
 8235868 1555216   15.00000   91   17   41.00000   15.00000  63.4%  11.7  880s
 8273492 1558980   24.00000   81   17   41.00000   15.00000  63.4%  11.7  885s
 8309997 1562461   34.00000   77   15   41.00000   15.00000  63.4%  11.7  890s
 8347716 1566554 infeasible   95        41.00000   15.00000  63.4%  11.7  895s
 8368045 1568076 infeasible   84        41.00000   15.00000  63.4%  11.7  900s
 8402668 1571603 infeasible   85        41.00000   15.00000  63.4%  11.7  905s
 8442197 1576271   33.81818   79   14   41.00000   15.00000  63.4%  11.7  910s
 8479374 1580572   32.00000   83   16   41.00000   15.00000  63.4%  11.7  915s
 8515642 1584083   28.00000   85   17   41.00000   15.00000  63.4%  11.7  920s
 8556535 1588946 infeasible   86        41.00000   15.00000  63.4%  11.7  925s
 8593711 1592999 infeasible   86        41.00000   15.00000  63.4%  11.7  930s
 8636379 1598518 infeasible   84        41.00000   15.00000  63.4%  11.7  935s
 8671007 1602438   35.00000   83   11   41.00000   15.00000  63.4%  11.7  940s
 8707830 1606673 infeasible   80        41.00000   15.00000  63.4%  11.7  945s
 8747562 1611338   22.00000   85   21   41.00000   15.00000  63.4%  11.7  950s
 8787865 1616570   17.00000   86   16   41.00000   15.00000  63.4%  11.7  955s
 8824571 1621190   31.00000   83   15   41.00000   15.00000  63.4%  11.7  960s
 8864156 1626003   15.00000   66   20   41.00000   15.00000  63.4%  11.7  965s
 8900689 1630475   20.00000   77   18   41.00000   15.00000  63.4%  11.6  970s
 8922272 1632703 infeasible   82        41.00000   15.00000  63.4%  11.7  975s
 8956223 1637603   27.31818   81   14   41.00000   15.00000  63.4%  11.7  980s
 8995867 1641596 infeasible   84        41.00000   15.00000  63.4%  11.7  985s
 9035942 1647057 infeasible   89        41.00000   15.00000  63.4%  11.6  990s
 9074209 1652139 infeasible   84        41.00000   15.92958  61.1%  11.6  995s
 9112308 1656420   36.00000   84    9   41.00000   16.00000  61.0%  11.6 1000s
 9151700 1661504   16.00000   87   16   41.00000   16.00000  61.0%  11.6 1005s
 9187424 1665820   39.00000   76   11   41.00000   16.00000  61.0%  11.6 1010s
 9228043 1670729   38.00000   83   13   41.00000   16.00000  61.0%  11.6 1015s
 9264138 1674292 infeasible   83        41.00000   16.00000  61.0%  11.6 1020s
 9301046 1678975 infeasible   81        41.00000   16.00000  61.0%  11.6 1025s
 9338354 1682411   17.00000   80   16   41.00000   16.00000  61.0%  11.6 1030s
 9373024 1685134   37.00000   85    8   41.00000   16.00000  61.0%  11.6 1035s
 9407931 1687809   21.00000   88   13   41.00000   16.00000  61.0%  11.6 1040s
 9444851 1690514   23.00000   77   14   41.00000   16.00000  61.0%  11.6 1045s
 9476622 1692455   21.00000   80   14   41.00000   16.00000  61.0%  11.6 1050s
 9511227 1694739   38.00000   93    7   41.00000   16.00000  61.0%  11.6 1055s
 9547816 1697637   23.00000   81   15   41.00000   16.00000  61.0%  11.6 1060s
 9583593 1700290   26.64072   85   17   41.00000   16.00000  61.0%  11.6 1065s
 9620693 1703776   36.00000   82   15   41.00000   16.00000  61.0%  11.6 1070s
 9655211 1706649   20.00000   86   16   41.00000   16.00000  61.0%  11.6 1075s
 9690500 1708936   36.00000   78   12   41.00000   16.00000  61.0%  11.6 1080s
 9726709 1712103 infeasible   78        41.00000   16.00000  61.0%  11.6 1086s
 9751198 1714015 infeasible   82        41.00000   16.00000  61.0%  11.6 1090s
 9784676 1716421   29.00000   80   15   41.00000   16.00000  61.0%  11.6 1095s
 9816364 1718416   16.00000   81   14   41.00000   16.00000  61.0%  11.6 1100s
 9853045 1721407 infeasible   75        41.00000   16.00000  61.0%  11.6 1105s
 9889327 1724570     cutoff   80        41.00000   16.00000  61.0%  11.6 1110s
 9923959 1728202 infeasible   77        41.00000   16.00000  61.0%  11.6 1115s
 9958399 1730735   35.10094   75   14   41.00000   16.00000  61.0%  11.6 1120s
 9994245 1734126   26.00000   78   17   41.00000   16.00000  61.0%  11.6 1125s
 10031837 1738341   18.28000   70   20   41.00000   16.00000  61.0%  11.6 1130s
 10067166 1741469   39.00000   77   10   41.00000   16.00000  61.0%  11.6 1135s
 10104116 1745272 infeasible   95        41.00000   16.00000  61.0%  11.6 1140s
 10138930 1748712 infeasible   79        41.00000   16.00000  61.0%  11.6 1145s
 10174809 1752164 infeasible   83        41.00000   16.00000  61.0%  11.6 1150s
 10210619 1755921   35.00000   83   16   41.00000   16.00000  61.0%  11.6 1155s
 10244428 1759779   31.00000   79   17   41.00000   16.00000  61.0%  11.6 1160s
 10268750 1762338   36.92958   72   27   41.00000   16.00000  61.0%  11.6 1165s
 10304008 1765539 infeasible   74        41.00000   16.00000  61.0%  11.6 1170s
 10340475 1769205   27.00000   78   18   41.00000   16.00000  61.0%  11.6 1175s
 10376659 1774049   25.05000   88   22   41.00000   16.00000  61.0%  11.6 1180s
 10410055 1778096   36.00000   94   11   41.00000   16.00000  61.0%  11.6 1185s
 10443284 1782223 infeasible   79        41.00000   16.00000  61.0%  11.6 1190s
 10475815 1785928   28.00000   81   12   41.00000   16.00000  61.0%  11.6 1195s
 10516312 1792088   32.00000   82   13   41.00000   16.53416  59.7%  11.6 1200s
 10557613 1794874 infeasible   79        41.00000   17.00000  58.5%  11.6 1205s
 10600990 1798816   17.00000   85   14   41.00000   17.00000  58.5%  11.6 1210s
 10641487 1802851   18.00000   75   24   41.00000   17.00000  58.5%  11.6 1215s
 10683174 1806845 infeasible   82        41.00000   17.00000  58.5%  11.6 1220s
 10724145 1809872     cutoff   91        41.00000   17.00000  58.5%  11.6 1225s
 10769533 1814492   29.00000   78   12   41.00000   17.00000  58.5%  11.6 1230s
 10812430 1818393 infeasible   74        41.00000   17.00000  58.5%  11.5 1235s
 10847104 1820678   28.00000   88   10   41.00000   17.00000  58.5%  11.5 1240s
 10880398 1822532   31.00000   80   12   41.00000   17.00000  58.5%  11.5 1245s
 10920299 1824861 infeasible   90        41.00000   17.00000  58.5%  11.5 1250s
 10960466 1827217   21.00000   91   13   41.00000   17.00000  58.5%  11.5 1255s
 11003151 1829482 infeasible   81        41.00000   17.00000  58.5%  11.5 1260s
 11042743 1831828   18.00000   85   17   41.00000   17.00000  58.5%  11.5 1265s
 11085279 1834676   34.00000   90   15   41.00000   17.00000  58.5%  11.5 1270s
 11125238 1836903 infeasible   76        41.00000   17.00000  58.5%  11.5 1275s
 11168017 1839495   29.00000   78   13   41.00000   17.00000  58.5%  11.5 1280s
 11212216 1842861   36.52941   81   13   41.00000   17.00000  58.5%  11.6 1285s
 11254675 1845403   17.00000   76   13   41.00000   17.00000  58.5%  11.6 1290s
 11297179 1848456   35.00000   82   14   41.00000   17.00000  58.5%  11.6 1295s
 11338886 1851575 infeasible   85        41.00000   17.00000  58.5%  11.6 1300s
 11366853 1853372   30.00000   83   12   41.00000   17.00000  58.5%  11.6 1305s
 11409700 1856380 infeasible   86        41.00000   17.00000  58.5%  11.6 1310s
 11453581 1858708   17.00000   82   20   41.00000   17.00000  58.5%  11.6 1315s
 11498319 1862642   26.00000   76   21   41.00000   17.00000  58.5%  11.6 1320s
 11542713 1866542 infeasible   86        41.00000   17.00000  58.5%  11.6 1325s
 11588735 1870551   17.00000   72   22   41.00000   17.00000  58.5%  11.6 1330s
 11634040 1874030   39.00000   81   11   41.00000   17.00000  58.5%  11.6 1335s
 11678160 1878365   18.00000   80   20   41.00000   17.00000  58.5%  11.6 1340s
 11720079 1880860   32.00000   88   15   41.00000   17.00000  58.5%  11.6 1345s
 11763650 1885688 infeasible   81        41.00000   17.00000  58.5%  11.6 1350s
 11808384 1889811   24.00000   83   17   41.00000   17.00000  58.5%  11.6 1355s
 11855585 1894631   24.00000   82   13   41.00000   17.00000  58.5%  11.6 1360s
 11900026 1898579 infeasible   88        41.00000   17.00000  58.5%  11.6 1365s
 11940665 1902266 infeasible   79        41.00000   17.00000  58.5%  11.6 1370s
 11986590 1907585 infeasible   85        41.00000   17.00000  58.5%  11.5 1375s
 12029826 1912143   17.00000   73   21   41.00000   17.00000  58.5%  11.5 1380s
 12075536 1917180   23.00000   75   24   41.00000   17.00000  58.5%  11.5 1385s
 12115491 1920875   18.18519   76   17   41.00000   17.00000  58.5%  11.5 1390s
 12154693 1925164   18.14583   82   17   41.00000   17.27866  57.9%  11.5 1396s
 12182925 1927415 infeasible   80        41.00000   18.00000  56.1%  11.5 1400s
 12225753 1929763   36.00000   75   18   41.00000   18.00000  56.1%  11.5 1405s
 12265905 1932409   23.00000   87   14   41.00000   18.00000  56.1%  11.5 1410s
 12312002 1936227 infeasible   91        41.00000   18.00000  56.1%  11.5 1415s
 12354650 1939379 infeasible   81        41.00000   18.00000  56.1%  11.5 1420s
 12398014 1942061   37.00000   82   13   41.00000   18.00000  56.1%  11.5 1425s
 12441465 1945008 infeasible   88        41.00000   18.00000  56.1%  11.5 1430s
 12483887 1947459   20.00000   73   16   41.00000   18.00000  56.1%  11.5 1435s
 12526724 1949342   30.00000   97   10   41.00000   18.00000  56.1%  11.5 1440s
 12569026 1951456   23.00000   90   14   41.00000   18.00000  56.1%  11.5 1445s
 12608853 1952636 infeasible   75        41.00000   18.00000  56.1%  11.5 1450s
 12651707 1953986 infeasible   85        41.00000   18.00000  56.1%  11.5 1455s
 12692515 1956184   33.00000   88   12   41.00000   18.00000  56.1%  11.5 1460s
 12732321 1957661   20.00000   81   16   41.00000   18.00000  56.1%  11.5 1465s
 12774570 1959697   38.00000   84   15   41.00000   18.00000  56.1%  11.5 1470s
 12802243 1961183 infeasible   83        41.00000   18.00000  56.1%  11.5 1475s
 12845809 1963357 infeasible   85        41.00000   18.00000  56.1%  11.5 1480s
 12887887 1965066   18.00000   83   16   41.00000   18.00000  56.1%  11.5 1485s
 12929366 1966662   21.00000   89   20   41.00000   18.00000  56.1%  11.5 1490s
 12971557 1968307   38.00000   80   13   41.00000   18.00000  56.1%  11.5 1495s
 13006396 1969837   18.00000   76   19   41.00000   18.00000  56.1%  11.5 1500s
 13038581 1970707   18.00000   73   17   41.00000   18.00000  56.1%  11.5 1505s
 13072840 1972515   34.00000   87   13   41.00000   18.00000  56.1%  11.5 1510s
 13104785 1974331   23.00000   91   10   41.00000   18.00000  56.1%  11.5 1515s
 13137179 1975918 infeasible   87        41.00000   18.00000  56.1%  11.5 1520s
 13168936 1977413 infeasible   81        41.00000   18.00000  56.1%  11.5 1525s
 13202526 1979113   25.00000   81   15   41.00000   18.00000  56.1%  11.5 1530s
 13235004 1980639   31.33817   86   18   41.00000   18.00000  56.1%  11.5 1535s
 13269783 1982412   35.00000   85   22   41.00000   18.00000  56.1%  11.5 1540s
 13301905 1983935   27.00000   82   16   41.00000   18.00000  56.1%  11.5 1545s
 13336488 1985810   26.00000   73   10   41.00000   18.00000  56.1%  11.5 1550s
 13357407 1987281 infeasible   78        41.00000   18.00000  56.1%  11.5 1555s
 13392034 1989174   20.00000   81   21   41.00000   18.00000  56.1%  11.5 1560s
 13424108 1991434   18.00000   76   18   41.00000   18.00000  56.1%  11.5 1565s
 13459375 1993653   20.00000   69   21   41.00000   18.00000  56.1%  11.5 1570s
 13494449 1995911   22.00000   87   13   41.00000   18.00000  56.1%  11.5 1575s
 13526992 1997910   30.00000   90   11   41.00000   18.00000  56.1%  11.5 1580s
 13561285 2000128   24.00000   75   21   41.00000   18.00000  56.1%  11.5 1585s
 13593993 2002247   23.00000   74   21   41.00000   18.00000  56.1%  11.5 1590s
 13630420 2005240   33.00000   87   17   41.00000   18.00000  56.1%  11.5 1595s
 13664946 2007880   19.18519   81   21   41.00000   18.00000  56.1%  11.5 1600s
 13697049 2010589   28.00000   79   23   41.00000   18.00000  56.1%  11.5 1605s
 13733844 2013913   30.00000   82   18   41.00000   18.00000  56.1%  11.5 1610s
 13766210 2016949 infeasible   85        41.00000   18.00000  56.1%  11.5 1615s
 13801172 2019736 infeasible   67        41.00000   18.15208  55.7%  11.5 1620s
 13833956 2021383 infeasible   82        41.00000   18.92958  53.8%  11.5 1625s
 13864818 2022249   19.00000   75   16   41.00000   19.00000  53.7%  11.5 1630s
 13898567 2023846     cutoff   89        41.00000   19.00000  53.7%  11.5 1635s
 13931241 2025282   38.00000   82   10   41.00000   19.00000  53.7%  11.5 1640s
 13949288 2026286 infeasible   88        41.00000   19.00000  53.7%  11.5 1645s
 13984051 2028150   33.00000   81   13   41.00000   19.00000  53.7%  11.5 1650s
 14019707 2030214 infeasible   91        41.00000   19.00000  53.7%  11.5 1655s
 14052665 2031907   33.00000   85   15   41.00000   19.00000  53.7%  11.5 1660s
 14085393 2033221   36.00000   86    8   41.00000   19.00000  53.7%  11.5 1665s
 14123290 2034905   25.00000   80   13   41.00000   19.00000  53.7%  11.5 1670s
 14155938 2035890 infeasible   78        41.00000   19.00000  53.7%  11.5 1675s
 14188868 2036547   25.00000   90   13   41.00000   19.00000  53.7%  11.5 1680s
 14219542 2036925   28.00000   80   14   41.00000   19.00000  53.7%  11.5 1685s
 14252511 2037219   21.00000   80   13   41.00000   19.00000  53.7%  11.5 1690s
 14284645 2037537   33.00000   85   13   41.00000   19.00000  53.7%  11.5 1695s
 14317483 2038225   33.00000   78   13   41.00000   19.00000  53.7%  11.5 1700s
 14349419 2038874   36.00000   85   13   41.00000   19.00000  53.7%  11.5 1705s
 14381289 2039489   35.00000   90   11   41.00000   19.00000  53.7%  11.5 1710s
 14411230 2039906 infeasible   77        41.00000   19.00000  53.7%  11.5 1715s
 14445644 2040803   40.00000   96   10   41.00000   19.00000  53.7%  11.5 1720s
 14478006 2041549 infeasible   79        41.00000   19.00000  53.7%  11.5 1725s
 14510544 2042576   31.78590   77   18   41.00000   19.00000  53.7%  11.5 1730s
 14543180 2043582   19.00000   82   14   41.00000   19.00000  53.7%  11.5 1735s
 14575768 2044557 infeasible   94        41.00000   19.00000  53.7%  11.5 1740s
 14607807 2045380   32.00000   75   13   41.00000   19.00000  53.7%  11.5 1745s
 14639912 2046532 infeasible   78        41.00000   19.00000  53.7%  11.5 1750s
 14672200 2047819   35.00000   74   12   41.00000   19.00000  53.7%  11.5 1755s
 14690362 2048361 infeasible   91        41.00000   19.00000  53.7%  11.5 1760s
 14724826 2050253   36.00000   85    9   41.00000   19.00000  53.7%  11.5 1765s
 14756828 2051496   33.29412   86   19   41.00000   19.00000  53.7%  11.5 1770s
 14788765 2052446   39.00000   73   15   41.00000   19.00000  53.7%  11.5 1775s
 14821643 2053746 infeasible   86        41.00000   19.00000  53.7%  11.5 1780s
 14851219 2054722   19.00000   79   17   41.00000   19.00000  53.7%  11.5 1785s
 14884114 2055695 infeasible   82        41.00000   19.00000  53.7%  11.5 1790s
 14916401 2056564   33.62529   89   15   41.00000   19.00000  53.7%  11.5 1795s
 14948279 2057976   21.00000   80   18   41.00000   19.00000  53.7%  11.5 1800s
 14978368 2059110   27.00000   86   16   41.00000   19.00000  53.7%  11.5 1805s
 15010542 2060681   36.06324   80   19   41.00000   19.00000  53.7%  11.5 1810s
 15042812 2062073 infeasible   84        41.00000   19.00000  53.7%  11.5 1815s
 15074627 2063309 infeasible   71        41.00000   19.00000  53.7%  11.5 1820s
 15106338 2065060   20.00000   79   19   41.00000   19.00000  53.7%  11.5 1825s
 15138938 2066791   31.00000   79   16   41.00000   19.00000  53.7%  11.5 1830s
 15168712 2068188 infeasible   73        41.00000   19.00000  53.7%  11.5 1835s
 15196144 2069409   34.00000   86   14   41.00000   19.00000  53.7%  11.5 1840s
 15222382 2070716 infeasible   84        41.00000   19.00000  53.7%  11.5 1845s
 15254552 2072272     cutoff   81        41.00000   19.00000  53.7%  11.5 1850s
 15286673 2073969   33.00000   79   12   41.00000   19.00000  53.7%  11.5 1855s
 15321059 2076000   23.00000   82   17   41.00000   19.00000  53.7%  11.5 1860s
 15353082 2078105   30.00000   83   22   41.00000   19.00000  53.7%  11.5 1865s
 15385536 2080197   32.00000   73   17   41.00000   19.00000  53.7%  11.5 1870s
 15417593 2082487 infeasible   76        41.00000   19.00000  53.7%  11.5 1875s
 15450091 2084716   24.00000   82   14   41.00000   19.00000  53.7%  11.5 1880s
 15481769 2086576   27.00000   87   11   41.00000   19.05000  53.5%  11.5 1885s
 15512579 2087736 infeasible   84        41.00000   19.70767  51.9%  11.5 1890s
 15526240 2088119   27.00000   91   13   41.00000   20.00000  51.2%  11.5 1895s
 15558882 2088881 infeasible   85        41.00000   20.00000  51.2%  11.5 1900s
 15592016 2090189   33.00000   86   10   41.00000   20.00000  51.2%  11.5 1905s
 15625391 2091524   27.00000   80   13   41.00000   20.00000  51.2%  11.5 1910s
 15656244 2093323   32.35714   89   18   41.00000   20.00000  51.2%  11.5 1915s
 15691783 2095454   38.54545   86   15   41.00000   20.00000  51.2%  11.5 1920s
 15724251 2097432   31.00000   75   14   41.00000   20.00000  51.2%  11.5 1925s
 15756529 2099170 infeasible   84        41.00000   20.00000  51.2%  11.5 1930s
 15789929 2100980   24.00000   81   16   41.00000   20.00000  51.2%  11.5 1935s
 15822924 2102267 infeasible   86        41.00000   20.00000  51.2%  11.5 1940s
 15855886 2103845 infeasible   86        41.00000   20.00000  51.2%  11.5 1945s
 15889116 2104698   26.00000   79   13   41.00000   20.00000  51.2%  11.5 1950s
 15919594 2105156   29.00000   75   19   41.00000   20.00000  51.2%  11.5 1955s
 15950115 2105407 infeasible   91        41.00000   20.00000  51.2%  11.5 1960s
 15982980 2105780 infeasible   87        41.00000   20.00000  51.2%  11.5 1965s
 16013124 2106119   26.00000   90   12   41.00000   20.00000  51.2%  11.5 1970s
 16045433 2106549 infeasible   87        41.00000   20.00000  51.2%  11.5 1975s
 16075316 2106773   22.00000   87   11   41.00000   20.00000  51.2%  11.5 1980s
 16105472 2106761   22.00000   88   11   41.00000   20.00000  51.2%  11.5 1985s
 16135542 2107139   20.00000   81   15   41.00000   20.00000  51.2%  11.5 1990s
 16168113 2107809 infeasible   89        41.00000   20.00000  51.2%  11.5 1995s
 16197967 2108445   28.00000   77   18   41.00000   20.00000  51.2%  11.5 2000s
 16229694 2108995 infeasible   78        41.00000   20.00000  51.2%  11.5 2005s
 16259914 2109777 infeasible   91        41.00000   20.00000  51.2%  11.5 2010s
 16292825 2110310 infeasible   83        41.00000   20.00000  51.2%  11.5 2015s
 16322726 2110755 infeasible   91        41.00000   20.00000  51.2%  11.5 2020s
 16355847 2111432   39.00000   88   12   41.00000   20.00000  51.2%  11.5 2025s
 16386173 2112822   34.92857   83   14   41.00000   20.00000  51.2%  11.5 2030s
 16418357 2113341 infeasible   83        41.00000   20.00000  51.2%  11.5 2035s
 16448168 2113842 infeasible   95        41.00000   20.00000  51.2%  11.5 2040s
 16471192 2114379   20.00000   79   21   41.00000   20.00000  51.2%  11.5 2045s
 16497302 2114966 infeasible   88        41.00000   20.00000  51.2%  11.5 2050s
 16526784 2115572   24.00000   82   15   41.00000   20.00000  51.2%  11.5 2055s
 16559762 2116378   39.00000   88   11   41.00000   20.00000  51.2%  11.5 2060s
 16591758 2117082 infeasible   74        41.00000   20.00000  51.2%  11.5 2065s
 16621808 2117939 infeasible   78        41.00000   20.00000  51.2%  11.5 2070s
 16654884 2119018 infeasible   87        41.00000   20.00000  51.2%  11.5 2075s
 16683985 2119661 infeasible   78        41.00000   20.00000  51.2%  11.5 2080s
 16716131 2120602   31.00000   80   13   41.00000   20.00000  51.2%  11.5 2085s
 16748782 2121923   20.00000   83   19   41.00000   20.00000  51.2%  11.5 2090s
 16781460 2123341 infeasible   83        41.00000   20.00000  51.2%  11.5 2095s
 16818525 2124893 infeasible   82        41.00000   20.00000  51.2%  11.5 2100s
 16855748 2126005 infeasible   77        41.00000   20.00000  51.2%  11.5 2105s
 16895087 2127432   38.34783   84   12   41.00000   20.00000  51.2%  11.5 2110s
 16932043 2128834   29.00000   79   20   41.00000   20.00000  51.2%  11.5 2115s
 16971588 2130366   30.00000   79   12   41.00000   20.00000  51.2%  11.5 2120s
 17009145 2131975   20.00000   84   17   41.00000   20.00000  51.2%  11.5 2125s
 17049510 2134231   21.84165   77   23   41.00000   20.00000  51.2%  11.5 2130s
 17086758 2135924 infeasible   77        41.00000   20.00000  51.2%  11.5 2135s
 17126432 2138338   29.00000   72   15   41.00000   20.00000  51.2%  11.5 2140s
 17165996 2140555   22.00000   74   23   41.00000   20.00000  51.2%  11.5 2145s
 17206540 2143195   34.00000   81   12   41.00000   20.00000  51.2%  11.5 2150s
 17231063 2145204   24.00000   78   14   41.00000   20.06150  51.1%  11.5 2155s
 17267589 2146406   22.00000   91   16   41.00000   20.71429  49.5%  11.5 2160s
 17306668 2147347     cutoff   78        41.00000   21.00000  48.8%  11.5 2165s
 17345237 2148497 infeasible   80        41.00000   21.00000  48.8%  11.5 2170s
 17383902 2149558 infeasible   80        41.00000   21.00000  48.8%  11.5 2175s
 17422127 2151103   26.00000   83   13   41.00000   21.00000  48.8%  11.5 2180s
 17462805 2153152   21.06324   76   18   41.00000   21.00000  48.8%  11.5 2185s
 17503384 2154681   40.00000   79   10   41.00000   21.00000  48.8%  11.5 2190s
 17541531 2155818   33.00000   86   11   41.00000   21.00000  48.8%  11.5 2195s
 17579222 2157060 infeasible   87        41.00000   21.00000  48.8%  11.5 2200s
 17617226 2158278   30.26796   86   14   41.00000   21.00000  48.8%  11.5 2205s
 17657631 2159733 infeasible   88        41.00000   21.00000  48.8%  11.5 2210s
 17695570 2160907   31.00000   90   14   41.00000   21.00000  48.8%  11.5 2215s
 17734167 2161896   37.00000   76    9   41.00000   21.00000  48.8%  11.5 2220s
 17774722 2162703 infeasible   95        41.00000   21.00000  48.8%  11.5 2225s
 17810364 2162915   24.00000   83   11   41.00000   21.00000  48.8%  11.5 2230s
 17848112 2163129   21.00000   76   17   41.00000   21.00000  48.8%  11.5 2235s
 17886280 2163616   24.00000   84   16   41.00000   21.00000  48.8%  11.5 2240s
 17922112 2163955 infeasible   84        41.00000   21.00000  48.8%  11.4 2245s
 17960241 2164659   32.00000   80   16   41.00000   21.00000  48.8%  11.4 2250s
 17997479 2164838   30.00000   76   13   41.00000   21.00000  48.8%  11.4 2255s
 18035069 2165139   21.00000   75   18   41.00000   21.00000  48.8%  11.4 2260s
 18060940 2165312 infeasible   83        41.00000   21.00000  48.8%  11.4 2265s
 18099356 2166219 infeasible   76        41.00000   21.00000  48.8%  11.4 2270s
 18137076 2166590   36.57143   85   11   41.00000   21.00000  48.8%  11.4 2275s
 18174589 2166813   22.00000   75   15   41.00000   21.00000  48.8%  11.4 2280s
 18212127 2167459 infeasible   80        41.00000   21.00000  48.8%  11.4 2285s
 18249376 2168044   32.00000   86   12   41.00000   21.00000  48.8%  11.4 2290s
 18287159 2168113   21.00000   91   17   41.00000   21.00000  48.8%  11.4 2295s
 18324314 2168366 infeasible   95        41.00000   21.00000  48.8%  11.4 2300s
 18362488 2168541   26.00000   76   13   41.00000   21.00000  48.8%  11.4 2305s
 18399772 2169438 infeasible   82        41.00000   21.00000  48.8%  11.4 2310s
 18437214 2170197   24.00000   81   13   41.00000   21.00000  48.8%  11.4 2315s
 18476833 2170972 infeasible   93        41.00000   21.00000  48.8%  11.4 2320s
 18514272 2171790   24.00000   80   16   41.00000   21.00000  48.8%  11.4 2325s
 18551085 2172362 infeasible   85        41.00000   21.00000  48.8%  11.4 2330s
 18575105 2172694   21.00000   78   15   41.00000   21.00000  48.8%  11.4 2335s
 18613034 2173625 infeasible   85        41.00000   21.00000  48.8%  11.4 2340s
 18649949 2174955 infeasible   70        41.00000   21.00000  48.8%  11.4 2345s
 18689794 2176231   35.00000   88   10   41.00000   21.00000  48.8%  11.4 2350s
 18725332 2177315   36.00000   95   12   41.00000   21.00000  48.8%  11.4 2355s
 18763173 2177928   28.00000   78   18   41.00000   21.00000  48.8%  11.4 2360s
 18800867 2178894 infeasible   85        41.00000   21.00000  48.8%  11.4 2365s
 18838356 2179772 infeasible   70        41.00000   21.00000  48.8%  11.4 2370s
 18874938 2180562   37.00000   84   21   41.00000   21.00000  48.8%  11.4 2375s
 18913093 2181890   35.00000   84   10   41.00000   21.00000  48.8%  11.4 2380s
 18953562 2183229 infeasible   85        41.00000   21.00000  48.8%  11.4 2385s
 18991001 2184740   21.00000   78   16   41.00000   21.00000  48.8%  11.4 2390s
 19028265 2185818   22.00000   76   19   41.00000   21.00000  48.8%  11.4 2395s
 19063555 2187384 infeasible   81        41.00000   21.00000  48.8%  11.4 2400s
 19095572 2188858 infeasible   88        41.00000   21.00000  48.8%  11.4 2405s
 19125878 2189986 infeasible   78        41.00000   21.00000  48.8%  11.4 2410s
 19155543 2191182 infeasible   84        41.00000   21.00000  48.8%  11.4 2415s
 19170608 2191910   21.00000   84   19   41.00000   21.00000  48.8%  11.4 2420s
 19204019 2192894   28.70909   81   22   41.00000   21.00000  48.8%  11.4 2425s
 19231358 2194167 infeasible   75        41.00000   21.00000  48.8%  11.4 2430s
 19260650 2195681   32.00000   81   17   41.00000   21.00000  48.8%  11.4 2435s
 19288287 2196962 infeasible   80        41.00000   21.00000  48.8%  11.4 2440s
 19317959 2198533   36.00000   81   18   41.00000   21.00000  48.8%  11.4 2445s
 19344922 2200137   28.00000   68   23   41.00000   21.00000  48.8%  11.4 2450s
 19374198 2201421 infeasible   78        41.00000   21.00000  48.8%  11.4 2455s
 19401742 2202768 infeasible   91        41.00000   21.15668  48.4%  11.4 2460s
 19427889 2203511 infeasible   72        41.00000   21.50667  47.5%  11.4 2465s
 19452876 2203694   22.00000   81   17   41.00000   22.00000  46.3%  11.4 2470s
 19480913 2203513   27.57143   80   16   41.00000   22.00000  46.3%  11.4 2475s
 19509838 2204126 infeasible   88        41.00000   22.00000  46.3%  11.4 2480s
 19537931 2204433 infeasible   88        41.00000   22.00000  46.3%  11.4 2485s
 19569026 2204981   24.00000   82   14   41.00000   22.00000  46.3%  11.4 2490s
 19596655 2205605 infeasible   80        41.00000   22.00000  46.3%  11.4 2495s
 19625135 2206703   35.00000   94   11   41.00000   22.00000  46.3%  11.4 2500s
 19653775 2207601   22.00000   85   15   41.00000   22.00000  46.3%  11.4 2505s
 19684320 2208623 infeasible   96        41.00000   22.00000  46.3%  11.4 2510s
 19712928 2209633   28.00000   78   15   41.00000   22.00000  46.3%  11.4 2515s
 19741102 2210423   26.00000   88   17   41.00000   22.00000  46.3%  11.4 2520s
 19771636 2210958   33.00000   87   10   41.00000   22.00000  46.3%  11.4 2525s
 19800015 2211326   27.00000   82   12   41.00000   22.00000  46.3%  11.4 2530s
 19828043 2211495   28.00000   83   13   41.00000   22.00000  46.3%  11.4 2535s
 19856150 2211655   40.00000  101    7   41.00000   22.00000  46.3%  11.4 2540s
 19884047 2211991 infeasible   85        41.00000   22.00000  46.3%  11.4 2545s
 19912497 2212273   22.00000   75   19   41.00000   22.00000  46.3%  11.4 2550s
 19940840 2212298 infeasible   90        41.00000   22.00000  46.3%  11.4 2555s
 19963131 2212191 infeasible   86        41.00000   22.00000  46.3%  11.4 2560s
 19984609 2212015 infeasible   85        41.00000   22.00000  46.3%  11.4 2565s
 20012667 2212003   29.00000   93   10   41.00000   22.00000  46.3%  11.4 2570s
 20040124 2211890 infeasible   85        41.00000   22.00000  46.3%  11.4 2575s
 20067735 2211545   26.00000   77   17   41.00000   22.00000  46.3%  11.4 2580s
 20095409 2211412   22.00000   87   16   41.00000   22.00000  46.3%  11.4 2585s
 20122966 2211191 infeasible   86        41.00000   22.00000  46.3%  11.4 2590s
 20150826 2210682   23.00000   76   13   41.00000   22.00000  46.3%  11.4 2595s
 20178234 2210292 infeasible   81        41.00000   22.00000  46.3%  11.4 2600s
 20205528 2209891   32.00000   88   12   41.00000   22.00000  46.3%  11.4 2605s
 20232971 2209552   22.00000   78   18   41.00000   22.00000  46.3%  11.4 2610s
 20258154 2209097   40.00000   90    9   41.00000   22.00000  46.3%  11.4 2615s
 20285808 2208700     cutoff   85        41.00000   22.00000  46.3%  11.4 2620s
 20315586 2208418 infeasible   74        41.00000   22.00000  46.3%  11.4 2625s
 20340622 2208060 infeasible   81        41.00000   22.00000  46.3%  11.4 2630s
 20367590 2208276   32.00000   79   13   41.00000   22.00000  46.3%  11.4 2635s
 20397459 2208192 infeasible   86        41.00000   22.00000  46.3%  11.4 2640s
 20418186 2207969   39.00000   81   13   41.00000   22.00000  46.3%  11.4 2646s
 20436044 2207868 infeasible   92        41.00000   22.00000  46.3%  11.4 2650s
 20463672 2207644 infeasible   83        41.00000   22.00000  46.3%  11.4 2655s
 20491498 2207423 infeasible   86        41.00000   22.00000  46.3%  11.4 2660s
 20519666 2207130 infeasible   81        41.00000   22.00000  46.3%  11.4 2665s
 20546608 2207083   25.85714   83   18   41.00000   22.00000  46.3%  11.4 2670s
 20574501 2206953 infeasible   85        41.00000   22.00000  46.3%  11.4 2675s
 20602304 2206758 infeasible   84        41.00000   22.00000  46.3%  11.4 2680s
 20629593 2206522   25.85789   83   18   41.00000   22.00000  46.3%  11.4 2685s
 20657200 2206508 infeasible   89        41.00000   22.00000  46.3%  11.4 2690s
 20685089 2206213   28.00000   77   13   41.00000   22.00000  46.3%  11.4 2695s
 20713203 2206233 infeasible   83        41.00000   22.00000  46.3%  11.4 2700s
 20747604 2206142   27.00000   72   17   41.00000   22.00000  46.3%  11.4 2705s
 20780176 2205984   32.00000   77   12   41.00000   22.00000  46.3%  11.4 2710s
 20813243 2205561   25.00000   68   19   41.00000   22.00000  46.3%  11.4 2715s
 20845311 2205419   22.00000   79   16   41.00000   22.00000  46.3%  11.4 2720s
 20880412 2205417   36.00000   83   10   41.00000   22.00000  46.3%  11.4 2725s
 20912633 2205094   22.00000   76   20   41.00000   22.00000  46.3%  11.4 2730s
 20945271 2205021 infeasible   80        41.00000   22.00000  46.3%  11.4 2735s
 20980235 2204992 infeasible   70        41.00000   22.00000  46.3%  11.4 2740s
 21015427 2205160   31.06250   75   18   41.00000   22.00000  46.3%  11.4 2745s
 21047903 2205356   25.00000   82   12   41.00000   22.00000  46.3%  11.4 2750s
 21080858 2205521 infeasible   83        41.00000   22.00000  46.3%  11.4 2755s
 21113624 2205570   37.00000   79   15   41.00000   22.00000  46.3%  11.4 2760s
 21148833 2206006   30.92958   90   25   41.00000   22.00000  46.3%  11.4 2765s
 21181018 2206326 infeasible   81        41.00000   22.00000  46.3%  11.4 2770s
 21213028 2206303   30.00000   86   10   41.00000   22.00000  46.3%  11.4 2775s
 21247611 2206651   39.00000   75   17   41.00000   22.00000  46.3%  11.4 2780s
 21270876 2207072   23.00000   84   17   41.00000   22.00000  46.3%  11.4 2785s
 21305259 2207864 infeasible   77        41.00000   22.00000  46.3%  11.4 2790s
 21337811 2208441   36.32353   83   19   41.00000   22.00000  46.3%  11.4 2795s
 21374459 2209472   36.00000   83   11   41.00000   22.00000  46.3%  11.4 2800s
 21406541 2210644   32.16279   74   23   41.00000   22.00000  46.3%  11.4 2805s
 21443019 2211611   31.00000   82   12   41.00000   22.00000  46.3%  11.4 2810s
 21476896 2212454 infeasible   91        41.00000   22.18182  45.9%  11.4 2815s
 21508382 2212433   24.00000   79   15   41.00000   22.72248  44.6%  11.4 2820s
 21541700 2211637   25.00000   88   13   41.00000   23.00000  43.9%  11.4 2825s
 21575157 2211856 infeasible   74        41.00000   23.00000  43.9%  11.4 2830s
 21611321 2211966   35.00000   88   10   41.00000   23.00000  43.9%  11.4 2835s
 21647239 2211655 infeasible   96        41.00000   23.00000  43.9%  11.4 2840s
 21683193 2211754   37.00000   85   14   41.00000   23.00000  43.9%  11.4 2845s
 21716489 2211862   30.00000   83   18   41.00000   23.00000  43.9%  11.4 2850s
 21751568 2212020   24.00000   75   20   41.00000   23.00000  43.9%  11.4 2855s
 21787086 2211920 infeasible   77        41.00000   23.00000  43.9%  11.4 2860s
 21808057 2211976 infeasible   90        41.00000   23.00000  43.9%  11.4 2865s
 21844257 2211832 infeasible  103        41.00000   23.00000  43.9%  11.4 2870s
 21877165 2211557 infeasible   81        41.00000   23.00000  43.9%  11.4 2875s
 21912918 2211483 infeasible   87        41.00000   23.00000  43.9%  11.4 2880s
 21947961 2211418 infeasible   84        41.00000   23.00000  43.9%  11.4 2885s
 21981271 2210839   32.00000   91    7   41.00000   23.00000  43.9%  11.4 2890s
 22014037 2210379 infeasible   96        41.00000   23.00000  43.9%  11.3 2895s
 22048985 2209158 infeasible   85        41.00000   23.00000  43.9%  11.3 2900s
 22081316 2208004   26.00000   84   14   41.00000   23.00000  43.9%  11.3 2905s
 22114246 2206769 infeasible   92        41.00000   23.00000  43.9%  11.3 2910s
 22149564 2205623 infeasible   91        41.00000   23.00000  43.9%  11.3 2915s
 22182186 2204881 infeasible   83        41.00000   23.00000  43.9%  11.3 2920s
 22214895 2204186   28.00000   73   14   41.00000   23.00000  43.9%  11.3 2925s
 22249932 2203225 infeasible   90        41.00000   23.00000  43.9%  11.3 2930s
 22282700 2202365   23.00000   79   18   41.00000   23.00000  43.9%  11.3 2935s
 22315940 2201800   35.00000   90    7   41.00000   23.00000  43.9%  11.3 2940s
 22350879 2200782   26.00000   83   11   41.00000   23.00000  43.9%  11.3 2945s
 22384115 2200087   23.00000   84   14   41.00000   23.00000  43.9%  11.3 2950s
 22419272 2199348 infeasible   90        41.00000   23.00000  43.9%  11.3 2955s
 22451757 2198525   31.00000   79   16   41.00000   23.00000  43.9%  11.3 2960s
 22486524 2197859   23.00000   85   15   41.00000   23.00000  43.9%  11.3 2965s
 22519154 2197083   23.00000   79   17   41.00000   23.00000  43.9%  11.3 2970s
 22554135 2196186   32.00000   88   10   41.00000   23.00000  43.9%  11.3 2975s
 22574524 2195781   23.00000   81   20   41.00000   23.00000  43.9%  11.3 2980s
 22607445 2194893   23.00000   72   17   41.00000   23.00000  43.9%  11.3 2985s
 22640407 2193871   30.00000   79   16   41.00000   23.00000  43.9%  11.3 2990s
 22675790 2193228   34.00000   88   11   41.00000   23.00000  43.9%  11.3 2995s
 22708606 2192556 infeasible   88        41.00000   23.00000  43.9%  11.3 3000s
 22736302 2192263   26.00000   83   17   41.00000   23.00000  43.9%  11.3 3005s
 22764126 2191734   39.00000   82   15   41.00000   23.00000  43.9%  11.3 3010s
 22791489 2191448   25.00000   82   10   41.00000   23.00000  43.9%  11.3 3015s
 22821446 2191007   28.00000   80   18   41.00000   23.00000  43.9%  11.3 3020s
 22849133 2190476   30.00000   80   13   41.00000   23.00000  43.9%  11.3 3025s
 22876215 2190276 infeasible   80        41.00000   23.00000  43.9%  11.3 3030s
 22903718 2190201 infeasible   89        41.00000   23.00000  43.9%  11.3 3035s
 22933416 2189935   40.00000   90   11   41.00000   23.00000  43.9%  11.3 3040s
 22961105 2189683 infeasible   85        41.00000   23.00000  43.9%  11.3 3045s
 22989521 2189820   32.00000   78   19   41.00000   23.00000  43.9%  11.3 3050s
 23017066 2189784   37.00000   80   14   41.00000   23.00000  43.9%  11.3 3055s
 23044776 2189520   26.00000   72   22   41.00000   23.00000  43.9%  11.3 3060s
 23074951 2189694 infeasible   73        41.00000   23.00000  43.9%  11.3 3065s
 23104581 2189815   33.00000   82   16   41.00000   23.00000  43.9%  11.3 3071s
 23125903 2190146   33.00000   88   11   41.00000   23.00000  43.9%  11.3 3075s
 23153059 2190667   31.00000   91   13   41.00000   23.00000  43.9%  11.3 3080s
 23183259 2190756   33.20455   76   19   41.00000   23.00000  43.9%  11.3 3085s
 23208043 2190536   34.00000   79   15   41.00000   23.00000  43.9%  11.3 3091s
 23226893 2190733 infeasible   84        41.00000   23.00000  43.9%  11.3 3095s
 23246865 2191061   32.00000   82   21   41.00000   23.00000  43.9%  11.3 3101s
 23269310 2191876   23.00000   80   24   41.00000   23.00000  43.9%  11.3 3105s
 23286820 2192199   40.00000   82   16   41.00000   23.00000  43.9%  11.3 3110s
 23311469 2192944   28.00000   73   20   41.00000   23.00000  43.9%  11.3 3115s
 23331120 2193525   25.00000   80   24   41.00000   23.00000  43.9%  11.3 3120s
 23357156 2194777   29.00000   82   24   41.00000   23.00000  43.9%  11.3 3125s
 23387464 2195268 infeasible   88        41.00000   23.02326  43.8%  11.3 3130s
 23415875 2195301   32.00000   87   10   41.00000   23.27866  43.2%  11.3 3135s
 23444109 2195076   39.00000   83   17   41.00000   23.85714  41.8%  11.3 3140s
 23471009 2194064 infeasible   91        41.00000   24.00000  41.5%  11.3 3145s
 23491224 2193515 infeasible   94        41.00000   24.00000  41.5%  11.3 3150s
 23518854 2193070   28.00000   88   12   41.00000   24.00000  41.5%  11.3 3155s
 23547439 2192359 infeasible   76        41.00000   24.00000  41.5%  11.3 3160s
 23575491 2191596 infeasible   86        41.00000   24.00000  41.5%  11.3 3165s
 23606360 2191686   24.00000   80   17   41.00000   24.00000  41.5%  11.3 3170s
 23634337 2191884 infeasible   86        41.00000   24.00000  41.5%  11.3 3175s
 23657559 2192132 infeasible   88        41.00000   24.00000  41.5%  11.3 3180s
 23683899 2192534   33.00000  103    8   41.00000   24.00000  41.5%  11.3 3185s
 23715226 2192542 infeasible   95        41.00000   24.00000  41.5%  11.3 3190s
 23743730 2192324 infeasible   81        41.00000   24.00000  41.5%  11.3 3195s
 23771570 2191893 infeasible   86        41.00000   24.00000  41.5%  11.3 3200s
 23801814 2191303 infeasible   77        41.00000   24.00000  41.5%  11.3 3205s
 23820516 2191229   31.00000   87   13   41.00000   24.00000  41.5%  11.3 3210s
 23849009 2190998 infeasible   74        41.00000   24.00000  41.5%  11.3 3215s
 23880361 2190844   37.02326   80   12   41.00000   24.00000  41.5%  11.3 3220s
 23908760 2190543 infeasible   79        41.00000   24.00000  41.5%  11.3 3225s
 23936943 2190117 infeasible   85        41.00000   24.00000  41.5%  11.3 3231s
 23956613 2189845 infeasible   75        41.00000   24.00000  41.5%  11.3 3235s
 23984530 2189061   35.00000   87    8   41.00000   24.00000  41.5%  11.3 3240s
 24012220 2188386   39.00000   85    9   41.00000   24.00000  41.5%  11.3 3245s
 24042602 2187163 infeasible   89        41.00000   24.00000  41.5%  11.3 3250s
 24062757 2186513 infeasible   91        41.00000   24.00000  41.5%  11.3 3255s
 24087136 2185320   26.00000   82   15   41.00000   24.00000  41.5%  11.3 3260s
 24114577 2184397   38.00000   79    8   41.00000   24.00000  41.5%  11.3 3265s
 24142133 2183162 infeasible   93        41.00000   24.00000  41.5%  11.3 3270s
 24170279 2181834   38.54545   87   16   41.00000   24.00000  41.5%  11.3 3275s
 24187826 2181346 infeasible   84        41.00000   24.00000  41.5%  11.3 3280s
 24214957 2180066   30.00000   83   14   41.00000   24.00000  41.5%  11.3 3285s
 24242944 2178707 infeasible   75        41.00000   24.00000  41.5%  11.3 3290s
 24270851 2177491 infeasible   79        41.00000   24.00000  41.5%  11.3 3295s
 24298400 2176194   25.00000   79   16   41.00000   24.00000  41.5%  11.3 3300s
 24331067 2174981   24.00000   82   12   41.00000   24.00000  41.5%  11.3 3305s
 24361617 2173559   38.00000   86   10   41.00000   24.00000  41.5%  11.3 3310s
 24390659 2172280   33.00000   83   10   41.00000   24.00000  41.5%  11.3 3315s
 24416775 2171319   25.00000   85   12   41.00000   24.00000  41.5%  11.3 3320s
 24453661 2170044   24.00000   76   22   41.00000   24.00000  41.5%  11.3 3325s
 24478930 2169231 infeasible   77        41.00000   24.00000  41.5%  11.3 3330s
 24494056 2168952 infeasible   81        41.00000   24.00000  41.5%  11.3 3335s
 24529471 2167631   37.00000   90   12   41.00000   24.00000  41.5%  11.3 3340s
 24566813 2166194   24.00000   75   14   41.00000   24.00000  41.5%  11.3 3345s
 24602114 2164867   24.00000   90   11   41.00000   24.00000  41.5%  11.3 3350s
 24629876 2163978 infeasible   88        41.00000   24.00000  41.5%  11.3 3355s
 24667578 2163049 infeasible   87        41.00000   24.00000  41.5%  11.3 3360s
 24705356 2161990 infeasible   93        41.00000   24.00000  41.5%  11.3 3365s
 24731449 2161275   24.00000   90   16   41.00000   24.00000  41.5%  11.3 3370s
 24757521 2160443   35.00000   81   13   41.00000   24.00000  41.5%  11.3 3375s
 24793265 2159696   38.00000   82   13   41.00000   24.00000  41.5%  11.3 3380s
 24831330 2159127   30.00000   87   15   41.00000   24.00000  41.5%  11.3 3385s
 24865717 2158280 infeasible   84        41.00000   24.00000  41.5%  11.3 3391s
 24894359 2157577 infeasible   87        41.00000   24.00000  41.5%  11.3 3395s
 24931906 2156556   24.00000   81   15   41.00000   24.00000  41.5%  11.3 3400s
 24969060 2156119 infeasible   86        41.00000   24.00000  41.5%  11.3 3405s
 24999570 2155962 infeasible   79        41.00000   24.00000  41.5%  11.3 3410s
 25033794 2155355   35.00000   86   14   41.00000   24.00000  41.5%  11.3 3415s
 25071494 2154799   25.00000   90   18   41.00000   24.00000  41.5%  11.3 3420s
 25109501 2154788   24.00000   80   16   41.00000   24.00000  41.5%  11.3 3425s
 25136967 2154402   34.00000   78   14   41.00000   24.00000  41.5%  11.3 3430s
 25175351 2154101 infeasible   76        41.00000   24.00000  41.5%  11.3 3435s
 25216206 2153877 infeasible   77        41.00000   24.00000  41.5%  11.3 3440s
 25254559 2153830   30.00000   84   17   41.00000   24.00000  41.5%  11.3 3445s
 25271021 2154007 infeasible   79        41.00000   24.00000  41.5%  11.3 3450s
 25310042 2154163 infeasible   84        41.00000   24.00000  41.5%  11.3 3455s
 25350278 2154123   28.00000   71   18   41.00000   24.00000  41.5%  11.3 3460s
 25389657 2154202 infeasible   78        41.00000   24.00000  41.5%  11.3 3465s
 25418135 2154896 infeasible   78        41.00000   24.00000  41.5%  11.3 3470s
 25456424 2155349   24.00000   78   13   41.00000   24.00000  41.5%  11.3 3475s
 25493456 2155448   26.00000   65   22   41.00000   24.21494  40.9%  11.3 3480s
 25528116 2153998 infeasible   83        41.00000   24.95283  39.1%  11.3 3485s
 25555768 2152828   28.50000   82   17   41.00000   25.00000  39.0%  11.3 3490s
 25594556 2152019 infeasible   89        41.00000   25.00000  39.0%  11.3 3495s
 25632858 2150676   28.00000   88   14   41.00000   25.00000  39.0%  11.3 3500s
 25655978 2149906 infeasible   77        41.00000   25.00000  39.0%  11.3 3505s
 25696211 2148967 infeasible   86        41.00000   25.00000  39.0%  11.3 3510s
 25725497 2148110   28.00000   94   13   41.00000   25.00000  39.0%  11.3 3515s
 25764283 2147340 infeasible   82        41.00000   25.00000  39.0%  11.2 3520s
 25805092 2146682   27.00000   86   18   41.00000   25.00000  39.0%  11.2 3525s
 25845929 2146115 infeasible   87        41.00000   25.00000  39.0%  11.2 3530s
 25869635 2145346   35.00000   91   11   41.00000   25.00000  39.0%  11.2 3536s
 25895025 2144272 infeasible   80        41.00000   25.00000  39.0%  11.2 3540s
 25933781 2142758   25.00000   70   18   41.00000   25.00000  39.0%  11.2 3545s
 25974714 2141424   35.00000   89    8   41.00000   25.00000  39.0%  11.2 3550s
 26012434 2139882 infeasible   89        41.00000   25.00000  39.0%  11.2 3555s
 26035934 2139115 infeasible   95        41.00000   25.00000  39.0%  11.2 3560s
 26076456 2137609   34.00000   84    9   41.00000   25.00000  39.0%  11.2 3565s
 26114481 2135422   27.00000   88   11   41.00000   25.00000  39.0%  11.2 3570s
 26154636 2133489   34.23256   84   14   41.00000   25.00000  39.0%  11.2 3575s
 26192876 2131522   34.00000   71    9   41.00000   25.00000  39.0%  11.2 3580s
 26223994 2130151   39.00000   83    8   41.00000   25.00000  39.0%  11.2 3585s
 26261874 2128069   30.00000   93   11   41.00000   25.00000  39.0%  11.2 3590s
 26302953 2125981   36.00000   89   10   41.00000   25.00000  39.0%  11.2 3595s
 26341302 2124607   27.00000   93   15   41.00000   25.00000  39.0%  11.2 3600s

Cutting planes:
  Learned: 19
  Gomory: 4
  Cover: 2
  Implied bound: 15
  MIR: 2
  Flow cover: 7
  GUB cover: 3

Explored 26341801 nodes (295583063 simplex iterations) in 3600.00 seconds (988.97 work units)
Thread count was 16 (of 16 available processors)

Solution count 10: 41 42 43 ... 57

Time limit reached
Best objective 4.100000000000e+01, best bound 2.500000000000e+01, gap 39.0244%
Warning: constraint name "precedence between 0,2 to 0,0 if x_[j,l,h,z,i]=1" has a space
Warning: constraint name "precedence between 0,2 to 0,0 if x_[j,l,h,z,i]=1" has a space
Warning: default constraint names used to write mps file
