
Gurobi 10.0.1 (win64) logging started Fri Oct  6 10:52:20 2023

Set parameter LogFile to value "./results//log/BA_19_deadline_heurFalse.log"
Gurobi Optimizer version 10.0.1 build v10.0.1rc0 (win64)

CPU model: AMD Ryzen 7 3700X 8-Core Processor, instruction set [SSE2|AVX|AVX2]
Thread count: 8 physical cores, 16 logical processors, using up to 16 threads

Optimize a model with 2897 rows, 2234 columns and 12924 nonzeros
Model fingerprint: 0x7e8411cf
Model has 1 quadratic constraint
Variable types: 0 continuous, 2234 integer (2101 binary)
Coefficient statistics:
  Matrix range     [1e+00, 1e+07]
  QMatrix range    [1e+00, 1e+00]
  QLMatrix range   [1e+00, 2e+01]
  Objective range  [1e+00, 1e+00]
  Bounds range     [1e+00, 1e+00]
  RHS range        [1e+00, 3e+07]
Presolve removed 198 rows and 1094 columns
Presolve time: 0.04s
Presolved: 2733 rows, 1173 columns, 12836 nonzeros
Variable types: 0 continuous, 1173 integer (1007 binary)

Root relaxation: objective 0.000000e+00, 191 iterations, 0.00 seconds (0.00 work units)

    Nodes    |    Current Node    |     Objective Bounds      |     Work
 Expl Unexpl |  Obj  Depth IntInf | Incumbent    BestBd   Gap | It/Node Time

     0     0    0.00000    0    1          -    0.00000      -     -    0s
     0     0    0.00000    0   30          -    0.00000      -     -    0s
     0     0    0.00000    0   32          -    0.00000      -     -    0s
     0     0    0.00000    0   15          -    0.00000      -     -    0s
     0     0    0.00000    0   34          -    0.00000      -     -    0s
     0     0    0.00000    0    1          -    0.00000      -     -    0s
H    0     0                     329.0000000    0.00000   100%     -    0s
H    0     0                     326.0000000    0.00000   100%     -    0s
     0     0    0.00000    0   28  326.00000    0.00000   100%     -    0s
     0     0    0.00000    0    8  326.00000    0.00000   100%     -    1s
     0     0    0.00000    0   38  326.00000    0.00000   100%     -    1s
     0     0    0.00000    0    6  326.00000    0.00000   100%     -    1s
     0     0    0.00000    0    6  326.00000    0.00000   100%     -    1s
     0     2    0.00000    0    6  326.00000    0.00000   100%     -    1s
H  269   341                     290.0000000    0.00000   100%  50.4    3s
H  338   341                     268.0000000    0.00000   100%  44.5    3s
H  384   341                     264.0000000    0.00000   100%  41.1    3s
H 1063   903                     258.0000000    0.00000   100%  26.3    3s
  1552   908   66.00000   24  139  258.00000    0.00000   100%  20.1    5s
H 1562   869                     257.0000000    1.00000   100%  20.0    6s
  1583   884   41.00000   41  129  257.00000    2.00000  99.2%  42.4   10s
  1616   907   17.00000   23  182  257.00000    2.00000  99.2%  58.2   15s
H 1668   899                     255.0000000    2.00000  99.2%  53.8   17s
H 1702   892                     254.0000000    2.00000  99.2%  53.0   17s
H 1712   846                     251.0000000    2.00000  99.2%  53.0   17s
H 1750   840                     250.0000000    2.00000  99.2%  52.8   19s
H 1751   802                     225.0000000    2.00000  99.1%  52.7   19s
H 1840   885                     217.0000000    2.00000  99.1%  52.4   19s
H 2015   936                     208.0000000    2.00000  99.0%  51.4   19s
H 2093   914                     205.0000000    2.00000  99.0%  50.8   20s
H 2106   880                     189.0000000    2.00000  98.9%  50.8   20s
H 3522  2041                     184.0000000    2.00000  98.9%  39.5   20s
H 5643  3101                     182.0000000    2.00000  98.9%  30.2   21s
H 7145  4520                     181.0000000    2.00000  98.9%  27.4   21s
 12988  7731  160.00000   80   48  181.00000    2.00000  98.9%  22.9   26s
H13013  7763                     180.0000000    2.00000  98.9%  22.8   28s
H13035  7747                     179.0000000    2.00000  98.9%  22.8   28s
 18423 12334   31.00000   60   89  179.00000    2.00000  98.9%  22.3   30s
 27455 18686   87.00000  134   58  179.00000    2.00000  98.9%  22.8   35s
 30054 18762   81.00000   73   83  179.00000    2.00000  98.9%  22.3   40s
 44728 31766   92.00000   81   80  179.00000    2.00000  98.9%  22.0   50s
 54360 36116  113.01901   86   70  179.00000    2.00000  98.9%  21.9   55s
 72177 46341    2.00000   57   99  179.00000    2.00000  98.9%  21.5   60s
 79656 51138   39.00000   76   91  179.00000    2.00000  98.9%  21.6   65s
 98640 61744   43.48338   85   88  179.00000    2.00000  98.9%  21.3   71s
 111508 70966 infeasible  100       179.00000    2.00000  98.9%  21.0   75s
 123037 75511    2.00000   61  101  179.00000    2.00000  98.9%  20.9   80s
 138016 84316  174.00471  102   53  179.00000    2.00000  98.9%  20.9   89s
 139243 86932   14.35294   60  100  179.00000    2.00000  98.9%  21.0   90s
 146577 92067  164.00000   97   48  179.00000    2.00000  98.9%  21.0   95s
 161782 100379   19.00000   99   96  179.00000    2.00000  98.9%  20.7  100s
 172224 106572   16.00000   94   92  179.00000    2.00000  98.9%  20.7  105s
 191538 116274  142.00000  118   48  179.00000    2.00000  98.9%  20.4  110s
 201383 123215  162.14423  126   72  179.00000    2.00000  98.9%  20.3  115s
 217535 131585    2.00000   76   93  179.00000    2.00000  98.9%  20.1  120s
 232749 139919  159.00000  110   72  179.00000    2.00000  98.9%  20.2  127s
 242145 145860  108.69231  107   75  179.00000    2.00000  98.9%  20.1  130s
 256702 153669   10.29697   83   84  179.00000    2.00000  98.9%  20.1  135s
 273153 162393   29.35294   83   94  179.00000    2.00000  98.9%  20.0  140s
 282534 166433   48.00000   96  101  179.00000    2.00000  98.9%  20.0  147s
 282551 175708   48.51573   97   87  179.00000    2.00000  98.9%  20.0  153s
 298567 177255   85.00000   87   89  179.00000    2.00000  98.9%  20.2  159s
 301373 181142  121.04643  125   61  179.00000    2.00000  98.9%  20.2  161s
 309542 189574   87.00000  111   66  179.00000    2.00000  98.9%  20.2  168s
 324009 189666   11.00000   80   95  179.00000    2.00000  98.9%  20.1  173s
 326795 192912  175.00000  120   44  179.00000    2.00000  98.9%  20.1  175s
 341647 201402 infeasible  105       179.00000    2.00000  98.9%  19.9  180s
 356072 209244 infeasible  101       179.00000    2.00000  98.9%  19.8  187s
 364422 214164   70.95463   99   97  179.00000    2.00000  98.9%  19.7  190s
 377080 221473   22.00000   77   81  179.00000    2.00000  98.9%  19.6  195s
 387230 227176   76.08451  108   75  179.00000    2.00000  98.9%  19.6  200s
 398512 232281   14.35294   68   89  179.00000    2.00000  98.9%  19.5  207s
 398528 232385   15.00000   69  102  179.00000    2.00000  98.9%  19.5  210s
 408671 238430 infeasible  111       179.00000    2.00000  98.9%  19.5  216s
 417147 245337   11.00000   83  102  179.00000    2.00000  98.9%  19.4  221s
 428163 249261   58.00884  102   80  179.00000    2.00000  98.9%  19.3  226s
 434958 254544    7.35294   79   99  179.00000    2.00000  98.9%  19.3  230s
 445852 259498    2.00000   66   91  179.00000    2.00000  98.9%  19.2  235s
 455114 266699   19.00000  102   73  179.00000    2.00000  98.9%  19.2  240s
 464075 271644  162.00000  102   75  179.00000    2.00000  98.9%  19.1  245s
 475247 278144  124.11068  105   73  179.00000    2.00000  98.9%  19.1  250s
 482902 280907   27.11114   82   96  179.00000    2.00000  98.9%  19.1  255s
 492250 288099 infeasible  131       179.00000    2.00000  98.9%  19.0  260s
 502643 294204   10.35294   85   82  179.00000    2.00000  98.9%  19.0  265s
 509971 296932   21.35294   84   86  179.00000    2.00000  98.9%  19.0  270s
 521390 303645   36.00000  112   71  179.00000    2.00000  98.9%  19.0  275s
 525710 305574    8.39298   98   99  179.00000    2.00000  98.9%  18.9  280s
 525729 315477    8.39298   99   98  179.00000    2.00000  98.9%  18.9  288s
 541745 317704  124.00000  115   73  179.00000    2.00000  98.9%  19.0  293s
 545732 318962    2.00000   72  104  179.00000    2.00000  98.9%  19.0  296s
 554150 322877  118.00000  146   37  179.00000    2.00000  98.9%  18.9  302s
 557434 326284  127.00000  109   66  179.00000    2.00000  98.9%  18.9  305s
 568577 333670  129.00000  137   55  179.00000    2.00000  98.9%  18.9  310s
 579869 339121   59.67087   84   79  179.00000    2.00000  98.9%  18.8  315s
 587891 343990   95.54698  104   83  179.00000    2.00000  98.9%  18.8  320s
 597479 349199  115.20000  119   73  179.00000    2.00000  98.9%  18.8  325s
 609928 356582   72.00000   90   85  179.00000    2.00000  98.9%  18.8  331s
 614142 361339   79.00000  109   65  179.00000    2.00000  98.9%  18.7  336s
 624852 365487   47.00000  100   91  179.00000    2.00000  98.9%  18.7  340s
 631185 368142   58.00000  104   69  179.00000    2.00000  98.9%  18.7  345s
 640494 374764   36.86364  101   73  179.00000    2.00000  98.9%  18.7  350s
 652111 380014    2.00000   73  106  179.00000    2.00000  98.9%  18.7  361s
 656613 384847 infeasible  126       179.00000    2.00000  98.9%  18.7  366s
 661519 387843    2.15854   98   95  179.00000    2.00000  98.9%  18.7  370s
 671796 391423   92.00000  110   67  179.00000    2.00000  98.9%  18.6  376s
 678060 396345    3.00000   85  100  179.00000    2.00000  98.9%  18.6  381s
 685585 401523  101.00000   95   64  179.00000    2.00000  98.9%  18.6  385s
 689963 403915    3.56573   79  115  179.00000    2.00000  98.9%  18.6  390s
 699133 410243  145.00000  115   55  179.00000    2.00000  98.9%  18.6  396s
 706341 412522   96.00000  111   61  179.00000    2.00000  98.9%  18.6  400s
 714139 418004  152.00000  124   70  179.00000    2.00000  98.9%  18.6  405s
 718461 420507   96.00000   99   68  179.00000    2.00000  98.9%  18.6  410s
 729005 426975   36.00000  102   91  179.00000    2.00000  98.9%  18.6  415s
 737028 430278   46.16279   83   87  179.00000    2.00000  98.9%  18.5  420s
 744098 436578  169.00000  133   36  179.00000    2.00000  98.9%  18.5  426s
 753843 441810  142.07632   97   67  179.00000    2.00000  98.9%  18.5  431s
 758008 444648    2.00000   79   91  179.00000    2.00000  98.9%  18.5  436s
 766017 448420   62.02453   73   84  179.00000    2.00000  98.9%  18.5  440s
 776441 454138   73.00000  115   78  179.00000    2.00000  98.9%  18.6  447s
 782042 458533    5.93470   84  104  179.00000    2.00000  98.9%  18.6  451s
 790353 463974  131.35294   97   67  179.00000    2.00000  98.9%  18.6  456s
 797293 465839   36.00000   85   90  179.00000    2.00000  98.9%  18.6  461s
 797318 466123   18.00000   86   84  179.00000    2.00000  98.9%  18.6  465s
 803126 471075   68.00000   82   89  179.00000    2.00000  98.9%  18.6  470s
 808340 474554  146.00000  102   47  179.00000    2.00000  98.9%  18.6  476s
 816469 479178    3.00000   74   97  179.00000    2.00000  98.9%  18.6  481s
 823014 481159     cutoff  129       179.00000    2.00000  98.9%  18.6  486s
 827907 485539   77.35294   92   80  179.00000    2.00000  98.9%  18.6  490s
 838247 490022   63.35294   87   82  179.00000    2.00000  98.9%  18.5  495s
 845470 495576   10.00000   81  115  179.00000    2.00000  98.9%  18.5  500s
 851289 497711  144.00000  108   45  179.00000    2.00000  98.9%  18.5  505s
 859673 503400    2.00000   78   92  179.00000    2.00000  98.9%  18.5  510s
 868618 508610   45.62864   93   91  179.00000    2.00000  98.9%  18.5  515s
 874265 511613 infeasible  106       179.00000    2.00000  98.9%  18.5  521s
 881167 516245  121.05535  112   72  179.00000    2.00000  98.9%  18.5  525s
 887133 518354  153.00000  116   55  179.00000    2.00000  98.9%  18.5  530s
 894643 524133   92.00236  116   59  179.00000    2.00000  98.9%  18.5  535s
 904454 528454  128.39626  112   73  179.00000    2.00000  98.9%  18.4  540s
 909094 532312  122.35294   85   53  179.00000    2.00000  98.9%  18.5  546s
 918077 536557  128.38897   85   77  179.00000    2.00000  98.9%  18.4  551s
 923468 538660    2.00000   69   97  179.00000    2.00000  98.9%  18.4  555s
 930972 543608   71.19057   97   74  179.00000    2.00000  98.9%  18.4  560s
 937887 548476  107.00000  136   54  179.00000    2.00000  98.9%  18.4  565s
 941306 558033   11.00000   82  107  179.00000    2.00000  98.9%  18.4  574s
 943308 558033   55.51573   88   81  179.00000    2.00000  98.9%  18.4  575s
 957288 558404   44.31604   87   91  179.00000    2.00000  98.9%  18.4  580s
 958307 561628   79.20803  101   71  179.00000    2.00000  98.9%  18.4  587s
 963351 562319   46.08545   86   91  179.00000    2.00000  98.9%  18.4  590s
 964397 568086 infeasible  138       179.00000    2.00000  98.9%  18.4  595s
 975018 569095  138.00000  113   66  179.00000    2.00000  98.9%  18.4  600s
 984122 575970   46.10367   82   86  179.00000    2.00000  98.9%  18.4  607s
 992001 579871     cutoff  110       179.00000    2.00000  98.9%  18.4  611s
 997810 581784 infeasible  111       179.00000    2.00000  98.9%  18.4  616s
 1001272 585327   79.00000  117   61  179.00000    2.00000  98.9%  18.4  620s
 1009200 589787    2.00000   68  100  179.00000    2.00000  98.9%  18.3  625s
 1017330 593199  114.54241   94   83  179.00000    2.00000  98.9%  18.3  631s
 1020635 596646   68.00000   94   76  179.00000    2.00000  98.9%  18.3  635s
 1031211 601089   54.35294   94   82  179.00000    2.00000  98.9%  18.3  640s
 1037296 604250   14.00000   85   95  179.00000    2.00000  98.9%  18.3  647s
 1040697 607558   18.21934   86   88  179.00000    2.00000  98.9%  18.3  650s
 1047375 612279  158.00000  108   50  179.00000    2.00000  98.9%  18.3  655s
 1058084 617355  158.00000  146   45  179.00000    2.00000  98.9%  18.2  660s
 1062965 618695   30.00000   86   86  179.00000    2.00000  98.9%  18.2  665s
 1068610 623388  115.00000  116   56  179.00000    2.00000  98.9%  18.2  670s
 1077105 626835   41.69839   83  100  179.00000    2.00000  98.9%  18.2  679s
 1077121 626919   47.00000   84   96  179.00000    2.00000  98.9%  18.2  682s
 1079226 629776   27.00000   94   95  179.00000    2.00000  98.9%  18.2  685s
 1083376 631118   38.00000  103   89  179.00000    2.00000  98.9%  18.2  690s
 1088692 635534  158.00000  101   54  179.00000    2.00000  98.9%  18.2  695s
 1093943 641135   29.28458   82   84  179.00000    2.00000  98.9%  18.2  700s
 1102944 641889   91.39461   94   75  179.00000    2.00000  98.9%  18.2  705s
 1110001 647108  135.00000  133   44  179.00000    2.00000  98.9%  18.1  710s
 1114417 652601   82.00000  101   67  179.00000    2.00000  98.9%  18.1  715s
 1123838 654708  153.00000  115   49  179.00000    2.00000  98.9%  18.1  721s
 1131507 659208   27.35976   92   83  179.00000    2.00000  98.9%  18.1  726s
 1139026 661307   10.00000   93   86  179.00000    2.00000  98.9%  18.1  731s
 1143427 664849   77.00000  104   59  179.00000    2.00000  98.9%  18.1  735s
 1153253 670719   22.51573   95   87  179.00000    2.00000  98.9%  18.0  741s
 1157044 675782  175.00000  124   34  179.00000    2.00000  98.9%  18.0  745s
 1165804 676963   62.00000   94   62  179.00000    2.00000  98.9%  18.0  750s
 1173932 682699   78.00000  106   68  179.00000    2.00000  98.9%  18.0  755s
 1178327 686267     cutoff  109       179.00000    2.00000  98.9%  18.0  762s
 1185894 689905   85.43627   82   68  179.00000    2.00000  98.9%  18.0  766s
 1190521 690833  117.00000  119   44  179.00000    2.00000  98.9%  18.0  770s
 1199812 697873   47.00000   95   86  179.00000    2.00000  98.9%  18.0  777s
 1205075 699545   59.11565   87   90  179.00000    2.00000  98.9%  17.9  780s
 1207508 699667  156.00000   76   57  179.00000    2.00000  98.9%  17.9  787s
 1209311 701091   95.00000   98   61  179.00000    2.00000  98.9%  17.9  790s
 1213592 703470    2.00000   69  103  179.00000    2.00000  98.9%  17.9  795s
 1215810 704130 infeasible   97       179.00000    2.00000  98.9%  17.9  800s
 1221191 708089   63.08723   84   72  179.00000    2.00000  98.9%  17.9  807s
 1222620 713047   63.08723   85   73  179.00000    2.00000  98.9%  17.9  811s
 1232158 713960   76.00000   93   63  179.00000    2.00000  98.9%  17.9  816s
 1236815 718341  164.19929  131   58  179.00000    2.00000  98.9%  17.9  820s
 1244750 725308  121.00000  106   66  179.00000    2.00000  98.9%  17.9  827s
 1252997 725517   10.52198   80  112  179.00000    2.00000  98.9%  17.9  832s
 1256764 729370  168.01131   92   61  179.00000    2.00000  98.9%  17.9  835s
 1266148 734896  102.04492  106   70  179.00000    2.00000  98.9%  17.9  842s
 1269763 735172    2.00000   64  109  179.00000    2.00000  98.9%  17.9  845s
 1275790 740486   33.18978  112   95  179.00000    2.00000  98.9%  17.9  850s
 1285718 745995   95.00000   80   67  179.00000    2.00000  98.9%  17.9  856s
 1292928 748396    2.00000   72  104  179.00000    2.00000  98.9%  17.9  862s
 1296995 752348  152.00000  134   47  179.00000    2.00000  98.9%  17.9  866s
 1303963 756889 infeasible  121       179.00000    2.00000  98.9%  17.9  871s
 1310584 758981   35.00000   90   85  179.00000    2.00000  98.9%  17.9  876s
 1311124 768333  134.00000  102   55  179.00000    2.00000  98.9%  17.9  882s
 1327140 768909  165.00000  133   48  179.00000    2.00000  98.9%  17.8  885s
 1328237 769513   32.24846   80   94  179.00000    2.00000  98.9%  17.8  890s
 1333089 772012  137.35294  124   59  179.00000    2.00000  98.9%  17.8  898s
 1333113 781730  138.00000  125   54  179.00000    2.00000  98.9%  17.8  909s
 1336116 781730  137.75000  141   43  179.00000    2.00000  98.9%  17.8  910s
 1349129 783500 infeasible  142       179.00000    2.00000  98.9%  17.9  918s
 1351890 787654   36.19697   80   76  179.00000    2.00000  98.9%  17.9  923s
 1359478 788294   91.60964   82   86  179.00000    2.00000  98.9%  17.9  928s
 1360542 795661   92.00000   83   83  179.00000    2.00000  98.9%  17.9  933s
 1373947 796186   81.80720   81   75  179.00000    2.00000  98.9%  17.8  938s
 1374872 797908    8.81296   82   93  179.00000    2.00000  98.9%  17.8  940s
 1380918 800201   44.00000   74   88  179.00000    2.00000  98.9%  17.8  946s
 1381945 806235 infeasible  118       179.00000    2.00000  98.9%  17.8  952s
 1392760 808318  173.05724  135   61  179.00000    2.00000  98.9%  17.8  955s
 1402239 814236 infeasible  124       179.00000    2.00000  98.9%  17.8  962s
 1406242 814360   67.00000  104   84  179.00000    2.00000  98.9%  17.8  966s
 1412157 819207    4.71086   72  112  179.00000    2.00000  98.9%  17.8  971s
 1417566 822115   95.77264   94   77  179.00000    2.00000  98.9%  17.8  975s
 1426562 827150  160.47934  117   62  179.00000    2.00000  98.9%  17.8  980s
 1431384 828915     cutoff  115       179.00000    2.00000  98.9%  17.8  986s
 1437431 833958 infeasible  102       179.00000    2.00000  98.9%  17.8  991s
 1442742 837071    5.00000   74  105  179.00000    2.00000  98.9%  17.8  995s
 1452048 842213   27.00000  100   98  179.00000    2.00000  98.9%  17.8 1001s
 1459155 846324  100.92564   93   62  179.00000    2.00000  98.9%  17.8 1006s
 1464285 848005    8.00000   78   99  179.00000    2.00000  98.9%  17.8 1013s
 1464309 848183    8.00000   79   91  179.00000    2.00000  98.9%  17.8 1017s
 1466838 851354    2.31038   92  108  179.00000    2.00000  98.9%  17.8 1021s
 1474855 854160   51.48966   86   84  179.00000    2.00000  98.9%  17.8 1028s
 1475847 856431   60.03610  100   75  179.00000    2.00000  98.9%  17.8 1031s
 1482197 860271  132.01847  132   59  179.00000    2.00000  98.9%  17.8 1035s
 1488783 866791  164.07092  114   59  179.00000    2.00000  98.9%  17.7 1042s
 1496914 867037 infeasible  100       179.00000    2.00000  98.9%  17.7 1046s
 1501690 871151    2.00000   63   96  179.00000    2.00000  98.9%  17.7 1051s
 1507748 875149    2.00000   84  106  179.00000    2.00000  98.9%  17.8 1056s
 1515768 877758   24.57413   70  100  179.00000    2.00000  98.9%  17.7 1063s
 1516452 879688   23.41941   88   87  179.00000    2.00000  98.9%  17.7 1065s
 1522601 883144   33.51573   85   92  179.00000    2.00000  98.9%  17.7 1070s
 1529557 887181   17.33792   77  105  179.00000    2.00000  98.9%  17.7 1075s
 1536932 890104 infeasible  121       179.00000    2.00000  98.9%  17.7 1082s
 1540432 893663  159.00000  128   42  179.00000    2.00000  98.9%  17.7 1086s
 1548056 898113 infeasible  145       179.00000    2.00000  98.9%  17.7 1091s
 1553840 900012   21.00000   90   85  179.00000    2.00000  98.9%  17.7 1097s
 1553996 909543   22.35294   91   90  179.00000    2.00000  98.9%  17.7 1108s
 1570012 910343   88.41355   95   99  179.00000    2.00000  98.9%  17.7 1115s
 1578414 915369  113.38579   90   73  179.00000    2.00000  98.9%  17.7 1124s
 1579822 919979    3.58353   87  104  179.00000    2.00000  98.9%  17.7 1128s
 1587721 921850    2.00000   90   95  179.00000    2.00000  98.9%  17.7 1131s
 1593822 923944   88.32447  110   73  179.00000    2.00000  98.9%  17.7 1138s
 1594488 925634 infeasible  114       179.00000    2.00000  98.9%  17.7 1140s
 1600268 929655  121.00000  106   75  179.00000    2.00000  98.9%  17.7 1145s
 1604644 929664   88.35294   98   73  179.00000    2.00000  98.9%  17.7 1151s
 1604663 929691   89.00000   99   78  179.00000    2.00000  98.9%  17.7 1155s
 1609488 933843    6.00000   81   91  179.00000    2.00000  98.9%  17.7 1160s
 1617648 938404    2.00000   79  107  179.00000    2.00000  98.9%  17.7 1166s
 1622897 942528   22.00000   99   92  179.00000    2.00000  98.9%  17.7 1172s
 1629705 944226   62.26317   82   85  179.00000    2.00000  98.9%  17.7 1178s
 1630445 946143    9.00000   78  101  179.00000    2.00000  98.9%  17.7 1180s
 1636598 949971  104.51084  100   86  179.00000    2.00000  98.9%  17.7 1185s
 1642815 953406   45.29915  111   88  179.00000    2.00000  98.9%  17.7 1190s
 1647140 957927  106.35294   90   69  179.00000    2.00000  98.9%  17.7 1195s
 1653000 958023    2.00000   88  101  179.00000    2.00000  98.9%  17.7 1200s
 1657027 960960  158.00000  124   46  179.00000    2.00000  98.9%  17.7 1205s
 1665496 966867   23.00000   98   80  179.00000    2.00000  98.9%  17.7 1212s
 1668745 969268  108.00000  110   57  179.00000    2.00000  98.9%  17.7 1215s
 1676393 972979   88.00000   98   61  179.00000    2.00000  98.9%  17.6 1220s
 1682309 974646   31.35294   80   91  179.00000    2.00000  98.9%  17.6 1226s
 1685783 978336   98.46718   90   77  179.00000    2.00000  98.9%  17.6 1230s
 1693166 985528  139.00000  100   58  179.00000    2.00000  98.9%  17.6 1239s
 1701236 985587 infeasible   81       179.00000    2.00000  98.9%  17.6 1244s
 1701339 987276  117.45050   82   71  179.00000    2.00000  98.9%  17.6 1246s
 1708237 991421   94.00000  101   75  179.00000    2.00000  98.9%  17.6 1252s
 1714024 993623     cutoff  110       179.00000    2.00000  98.9%  17.6 1256s
 1715315 997961  122.00000  107   80  179.00000    2.00000  98.9%  17.6 1261s
 1726047 1001456 infeasible  108       179.00000    2.00000  98.9%  17.6 1266s
 1731212 1003117  168.00000  124   46  179.00000    2.00000  98.9%  17.6 1273s
 1732288 1005395   10.00000   81  101  179.00000    2.00000  98.9%  17.6 1276s
 1735397 1007809   63.00000   83   76  179.00000    2.00000  98.9%  17.6 1280s
 1742523 1011245    9.35294   84   95  179.00000    2.00000  98.9%  17.6 1285s
 1745402 1011481  141.00000   97   70  179.00000    2.00000  98.9%  17.6 1290s
 1747086 1012233  107.00000   94   67  179.00000    2.00000  98.9%  17.6 1297s
 1748891 1015557   68.08235  105   67  179.00000    2.00000  98.9%  17.6 1302s
 1752276 1015885   34.00000   76   94  179.00000    2.00000  98.9%  17.6 1306s
 1755624 1018475   61.32734   98   74  179.00000    2.00000  98.9%  17.6 1310s
 1763289 1022261 infeasible  121       179.00000    2.00000  98.9%  17.6 1319s
 1763415 1022715 infeasible  121       179.00000    2.00000  98.9%  17.6 1320s
 1769592 1027614  133.01423  103   56  179.00000    2.00000  98.9%  17.6 1326s
 1776787 1031817 infeasible  114       179.00000    2.00000  98.9%  17.6 1332s
 1779895 1034193   34.35294   66   93  179.00000    2.00000  98.9%  17.6 1335s
 1787401 1037635   29.19078   87   90  179.00000    2.00000  98.9%  17.6 1340s
 1790455 1038344   78.04950  102   83  179.00000    2.00000  98.9%  17.6 1345s
 1794231 1041870  133.77673   98   66  179.00000    2.00000  98.9%  17.6 1350s
 1801808 1048576   72.81723   95   76  179.00000    2.00000  98.9%  17.6 1359s
 1809851 1050261 infeasible  120       179.00000    2.00000  98.9%  17.5 1362s
 1812908 1050410   51.00000   95   68  179.00000    2.00000  98.9%  17.5 1366s
 1816513 1054044  111.00000  121   61  179.00000    2.00000  98.9%  17.5 1371s
 1823772 1059223   94.35294   91   80  179.00000    2.00000  98.9%  17.5 1377s
 1828806 1061239    8.50020   82   91  179.00000    2.00000  98.9%  17.5 1381s
 1833222 1063995   49.00000   97   79  179.00000    2.00000  98.9%  17.5 1387s
 1837521 1066516   75.19048  106   61  179.00000    2.00000  98.9%  17.5 1390s
 1843905 1069955  132.35294   92   68  179.00000    2.00000  98.9%  17.5 1395s
 1848150 1073351   24.51961   93   96  179.00000    2.00000  98.9%  17.5 1402s
 1852787 1075356   52.07373   94   80  179.00000    2.00000  98.9%  17.5 1405s
 1861357 1078661  118.00000  134   58  179.00000    2.00000  98.9%  17.5 1413s
 1861833 1080794  122.00000  135   57  179.00000    2.00000  98.9%  17.5 1416s
 1866359 1083578   27.00000   82   86  179.00000    2.00000  98.9%  17.5 1420s
 1873892 1087583    2.00000   89   94  179.00000    2.00000  98.9%  17.5 1426s
 1880899 1091129  119.00000  109   66  179.00000    2.00000  98.9%  17.5 1431s
 1886587 1095187    9.00000   79  106  179.00000    2.00000  98.9%  17.5 1436s
 1889380 1095219   89.00000  129   60  179.00000    2.00000  98.9%  17.5 1440s
 1890173 1095651   38.00000   86   84  179.00000    2.00000  98.9%  17.5 1446s
 1892331 1100263   22.60902   87   96  179.00000    2.00000  98.9%  17.5 1453s
 1898680 1102301  173.00000  106   49  179.00000    2.00000  98.9%  17.5 1456s
 1902982 1104658  164.00000  107   44  179.00000    2.00000  98.9%  17.5 1460s
 1906708 1105936 infeasible  104       179.00000    2.00000  98.9%  17.5 1465s
 1911272 1109888   84.00000  121   67  179.00000    2.00000  98.9%  17.5 1470s
 1915861 1115700  168.05911   91   74  179.00000    2.00000  98.9%  17.5 1478s
 1924422 1115834   61.00000   82   75  179.00000    2.00000  98.9%  17.5 1482s
 1925502 1117738   60.00000   85   80  179.00000    2.00000  98.9%  17.5 1485s
 1931376 1121248   12.11052   71   96  179.00000    2.00000  98.9%  17.5 1491s
 1936059 1124197    4.00000   82   97  179.00000    2.00000  98.9%  17.5 1495s
 1942428 1125604   80.00000  127   79  179.00000    2.00000  98.9%  17.5 1501s
 1945522 1128681 infeasible  130       179.00000    2.00000  98.9%  17.5 1505s
 1951955 1132731   38.35294   87   76  179.00000    2.00000  98.9%  17.5 1511s
 1957535 1137053   36.00000   96   84  179.00000    2.00000  98.9%  17.5 1517s
 1962412 1138055   33.11052   89   83  179.00000    2.00000  98.9%  17.5 1522s
 1966530 1141856  173.00000  132   51  179.00000    2.00000  98.9%  17.5 1527s
 1970881 1143997   77.11808   82   75  179.00000    2.00000  98.9%  17.5 1531s
 1978255 1148436  129.00000  101   72  179.00000    2.00000  98.9%  17.5 1537s
 1981775 1148725  128.00000  107   56  179.00000    2.00000  98.9%  17.5 1541s
 1985846 1151391   11.00000   96   92  179.00000    2.00000  98.9%  17.4 1545s
 1990376 1155176   88.00000  105   70  179.00000    2.00000  98.9%  17.4 1551s
 1993480 1155182  117.05185   92   73  179.00000    2.00000  98.9%  17.4 1557s
 1993504 1155260  123.00000   93   74  179.00000    2.00000  98.9%  17.4 1561s
 1995672 1158141   96.00000   97   73  179.00000    2.00000  98.9%  17.4 1565s
 2000152 1161862   47.00000   84   88  179.00000    2.00000  98.9%  17.5 1571s
 2007853 1163836   47.54213   81   78  179.00000    2.00000  98.9%  17.5 1578s
 2008829 1166269   13.65118   88   83  179.00000    2.00000  98.9%  17.5 1581s
 2014798 1169486  119.00000  123   46  179.00000    2.00000  98.9%  17.5 1586s
 2018606 1171717   38.00000   95   83  179.00000    2.00000  98.9%  17.5 1590s
 2025697 1174319   43.57492   76  105  179.00000    2.00000  98.9%  17.4 1598s
 2026881 1176459  173.35294  103   47  179.00000    2.00000  98.9%  17.5 1601s
 2032854 1178863   22.00000   93   92  179.00000    2.00000  98.9%  17.4 1606s
 2037163 1182748   47.00000  120   92  179.00000    2.00000  98.9%  17.4 1611s
 2040603 1182962  139.00000  132   70  179.00000    2.00000  98.9%  17.4 1615s
 2044441 1187374  131.00000  103   71  179.00000    2.00000  98.9%  17.4 1621s
 2048941 1189387   94.90363   98   64  179.00000    2.00000  98.9%  17.5 1625s
 2055257 1192916  176.00000  125   37  179.00000    2.00000  98.9%  17.4 1630s
 2062341 1196729   62.13438   88   89  179.00000    2.00000  98.9%  17.4 1636s
 2067422 1198525 infeasible  120       179.00000    2.00000  98.9%  17.4 1642s
 2067821 1207933 infeasible  121       179.00000    2.00000  98.9%  17.4 1652s
 2083837 1208560  128.36026  109   70  179.00000    2.00000  98.9%  17.5 1659s
 2084826 1210864  158.35294  100   52  179.00000    2.00000  98.9%  17.5 1662s
 2090051 1215453   18.05515   71   94  179.00000    2.00000  98.9%  17.5 1670s
 2096494 1215566   56.16279   85   79  179.00000    2.00000  98.9%  17.4 1675s
 2101464 1219420   52.00000   97   70  179.00000    2.00000  98.9%  17.4 1681s
 2106755 1223198  115.50000  109   83  179.00000    2.00000  98.9%  17.5 1686s
 2111619 1224066    6.00000   77  100  179.00000    2.00000  98.9%  17.5 1695s
 2111880 1226457    6.00000   78  104  179.00000    2.00000  98.9%  17.5 1702s
 2115913 1230590   54.00000   86   91  179.00000    2.00000  98.9%  17.5 1708s
 2123266 1231201 infeasible  126       179.00000    2.00000  98.9%  17.5 1713s
 2124287 1234172  166.00000  125   43  179.00000    2.00000  98.9%  17.5 1717s
 2130196 1237479  156.00000  105   53  179.00000    2.00000  98.9%  17.5 1722s
 2134222 1239819   82.48808   79   85  179.00000    2.00000  98.9%  17.5 1726s
 2139577 1240768   52.00000   90   88  179.00000    2.00000  98.9%  17.5 1731s
 2143531 1243338   87.12500  109   66  179.00000    2.00000  98.9%  17.5 1735s
 2147602 1246726   46.00000   79   82  179.00000    2.00000  98.9%  17.5 1741s
 2154503 1251103   31.56190   67   99  179.00000    2.00000  98.9%  17.5 1747s
 2157292 1253593  114.51390   89   80  179.00000    2.00000  98.9%  17.5 1751s
 2161388 1253603  164.00000  136   34  179.00000    2.00000  98.9%  17.5 1756s
 2164716 1257232   10.00000   72   96  179.00000    2.00000  98.9%  17.5 1762s
 2168204 1259673    4.00000   80   91  179.00000    2.00000  98.9%  17.5 1765s
 2174840 1263288 infeasible  110       179.00000    2.00000  98.9%  17.5 1771s
 2181004 1265900   19.00000   86  101  179.00000    2.00000  98.9%  17.5 1776s
 2185902 1268425   14.00000   74   87  179.00000    2.00000  98.9%  17.5 1783s
 2186479 1269065    2.00000   65  106  179.00000    2.00000  98.9%  17.5 1785s
 2190356 1273049  153.00000  129   62  179.00000    2.00000  98.9%  17.5 1791s
 2197339 1276715   53.88235   89   81  179.00000    2.00000  98.9%  17.5 1796s
 2200940 1282429    4.01509   75   99  179.00000    2.00000  98.9%  17.5 1805s
 2209402 1282643  114.35294  100   66  179.00000    2.00000  98.9%  17.5 1811s
 2210710 1284696 infeasible  128       179.00000    2.00000  98.9%  17.5 1815s
 2216821 1288081 infeasible  103       179.00000    2.00000  98.9%  17.5 1821s
 2219581 1288086   47.00000   91   91  179.00000    2.00000  98.9%  17.5 1831s
 2219608 1288111   47.00000   92   91  179.00000    2.00000  98.9%  17.5 1837s
 2221749 1290434 infeasible  123       179.00000    2.00000  98.9%  17.5 1843s
 2224021 1293974  128.00000  106   48  179.00000    2.00000  98.9%  17.5 1849s
 2230143 1294644 infeasible  129       179.00000    2.00000  98.9%  17.5 1855s
 2235986 1298282   46.00000  110   78  179.00000    2.00000  98.9%  17.5 1860s
 2241884 1303631   82.15976  103   72  179.00000    2.00000  98.9%  17.5 1868s
 2246289 1303877   79.73102  109   71  179.00000    2.00000  98.9%  17.5 1873s
 2247564 1306255   55.00000   76   85  179.00000    2.00000  98.9%  17.5 1876s
 2252967 1308232   52.32090   94   80  179.00000    2.00000  98.9%  17.5 1880s
 2259165 1313278   83.00000   86   85  179.00000    2.00000  98.9%  17.5 1887s
 2264839 1315281    5.00000   79   94  179.00000    2.00000  98.9%  17.5 1895s
 2265160 1325297   24.22619   80   90  179.00000    2.00000  98.9%  17.5 1906s
 2281176 1325437  146.23480  121   67  179.00000    2.00000  98.9%  17.5 1913s
 2282658 1329176  126.00000  131   54  179.00000    2.00000  98.9%  17.5 1918s
 2287528 1331618  149.00000  153   50  179.00000    2.00000  98.9%  17.5 1922s
 2291021 1331707   46.21008   95   78  179.00000    2.00000  98.9%  17.5 1927s
 2292256 1334591   55.15788  102   79  179.00000    2.00000  98.9%  17.5 1930s
 2299243 1337172    6.00000   76  104  179.00000    2.00000  98.9%  17.5 1935s
 2303284 1340705   70.38915   98   77  179.00000    2.00000  98.9%  17.5 1941s
 2309362 1344697 infeasible  139       179.00000    2.00000  98.9%  17.5 1946s
 2313380 1344760  151.00000  122   49  179.00000    2.00000  98.9%  17.5 1952s
 2314104 1347237   99.00000  110   74  179.00000    2.00000  98.9%  17.5 1955s
 2321483 1351464   88.00000   81   66  179.00000    2.00000  98.9%  17.5 1961s
 2327813 1353614  156.01497  107   55  179.00000    2.00000  98.9%  17.5 1966s
 2331450 1357228 infeasible  113       179.00000    2.00000  98.9%  17.5 1972s
 2335188 1357355   38.00000   87   90  179.00000    2.00000  98.9%  17.5 1979s
 2335421 1357970   61.05839   88   85  179.00000    2.00000  98.9%  17.5 1981s
 2339945 1361551  128.06296  127   58  179.00000    2.00000  98.9%  17.5 1987s
 2343755 1363429  148.51573   76   76  179.00000    2.00000  98.9%  17.5 1998s
 2346147 1363691   69.14379   92   74  179.00000    2.00000  98.9%  17.5 2003s
 2346541 1364623   84.14379   92   76  179.00000    2.00000  98.9%  17.5 2005s
 2352626 1369460   74.00000   92   68  179.00000    2.00000  98.9%  17.5 2013s
 2356765 1370476  113.25000  107   56  179.00000    2.00000  98.9%  17.5 2019s
 2357322 1372753  134.26389  108   52  179.00000    2.00000  98.9%  17.5 2022s
 2361659 1373648   61.91323   84   89  179.00000    2.00000  98.9%  17.5 2025s
 2367330 1378027   40.35294  100   77  179.00000    2.00000  98.9%  17.5 2031s
 2373841 1380776    2.00000   61  111  179.00000    2.00000  98.9%  17.5 2037s
 2375629 1381942   25.05376   82   96  179.00000    2.00000  98.9%  17.5 2043s
 2377733 1382416   25.05376   83   95  179.00000    2.00000  98.9%  17.5 2049s
 2378519 1383793   25.05376   84   97  179.00000    2.00000  98.9%  17.5 2053s
 2380750 1388524  116.50431  106   54  179.00000    2.00000  98.9%  17.5 2061s
 2388713 1388776  144.00000  122   52  179.00000    2.00000  98.9%  17.5 2068s
 2389126 1390826  121.00000  100   63  179.00000    2.00000  98.9%  17.5 2071s
 2393956 1394261  153.00000  121   65  179.00000    2.00000  98.9%  17.5 2077s
 2397891 1396674   87.00000  120   56  179.00000    2.00000  98.9%  17.5 2081s
 2403987 1399457 infeasible  106       179.00000    2.00000  98.9%  17.5 2086s
 2406531 1399480  133.00000  128   55  179.00000    2.00000  98.9%  17.5 2092s
 2407515 1401090   34.50241   88   92  179.00000    2.00000  98.9%  17.5 2095s
 2413162 1404966    6.16279   67   88  179.00000    2.00000  98.9%  17.5 2101s
 2419657 1409252   60.04901  100   75  179.00000    2.00000  98.9%  17.5 2108s
 2423480 1409677   40.35294   88   83  179.00000    2.00000  98.9%  17.5 2110s
 2427024 1412973 infeasible  118       179.00000    2.00000  98.9%  17.5 2115s
 2430324 1413587   53.00000  101   86  179.00000    2.00000  98.9%  17.5 2120s
 2434534 1417274   76.00000  116   68  179.00000    2.00000  98.9%  17.5 2125s
 2440483 1419812  105.35294   77   85  179.00000    2.00000  98.9%  17.5 2130s
 2441763 1424394   89.51573   98   71  179.00000    2.00000  98.9%  17.5 2136s
 2449489 1424684 infeasible  136       179.00000    2.00000  98.9%  17.5 2142s
 2449933 1426398    3.89140   86   94  179.00000    2.00000  98.9%  17.5 2145s
 2454398 1429448    2.00000   89   89  179.00000    2.00000  98.9%  17.5 2150s
 2461709 1434337  134.35294   87   72  179.00000    2.00000  98.9%  17.5 2158s
 2465824 1434449  127.00000   88   72  179.00000    2.00000  98.9%  17.5 2165s
 2469804 1438564   56.08521  110   75  179.00000    2.00000  98.9%  17.5 2172s
 2474563 1441316   29.16279   92   84  179.00000    2.00000  98.9%  17.5 2177s
 2477690 1443244   15.81448   87  107  179.00000    2.00000  98.9%  17.5 2181s
 2480959 1443253   28.35294   62   96  179.00000    2.00000  98.9%  17.5 2189s
 2480978 1443305   29.00000   63   89  179.00000    2.00000  98.9%  17.5 2195s
 2482934 1445296   73.16719   74   77  179.00000    2.00000  98.9%  17.5 2200s
 2484376 1448530   91.19697   95   61  179.00000    2.00000  98.9%  17.5 2207s
 2489761 1450342   36.00000   82   82  179.00000    2.00000  98.9%  17.5 2211s
 2492786 1450481   81.00000  106   73  179.00000    2.00000  98.9%  17.5 2216s
 2494244 1453541   97.23158   87   70  179.00000    2.00000  98.9%  17.5 2221s
 2501299 1457254   74.00000  108   66  179.00000    2.00000  98.9%  17.5 2227s
 2504150 1459246  165.00000  121   49  179.00000    2.00000  98.9%  17.5 2231s
 2508450 1460032   56.00000   78   77  179.00000    2.00000  98.9%  17.5 2238s
 2508891 1462417   18.15291   91   88  179.00000    2.00000  98.9%  17.5 2241s
 2514352 1464948    9.00000   94   98  179.00000    2.00000  98.9%  17.5 2246s
 2517520 1466936   17.51573   52   95  179.00000    2.00000  98.9%  17.5 2250s
 2524565 1471161   65.00000   85   74  179.00000    2.00000  98.9%  17.5 2257s
 2529169 1473376   67.51573   83   84  179.00000    2.00000  98.9%  17.5 2262s
 2532152 1473655     cutoff   94       179.00000    2.00000  98.9%  17.5 2268s
 2532620 1474978  158.00000  108   80  179.00000    2.00000  98.9%  17.5 2270s
 2535868 1477623  149.00000  109   60  179.00000    2.00000  98.9%  17.5 2276s
 2539426 1479637   98.00000   94   55  179.00000    2.00000  98.9%  17.5 2280s
 2546174 1482142  138.35294  119   62  179.00000    2.00000  98.9%  17.5 2285s
 2547480 1484124   77.00000   96   92  179.00000    2.00000  98.9%  17.5 2295s
 2550949 1487007  156.00000   96   57  179.00000    2.00000  98.9%  17.5 2301s
 2557332 1490161  177.50000   98   49  179.00000    2.00000  98.9%  17.5 2308s
 2561997 1492298    2.00000   76  115  179.00000    2.00000  98.9%  17.5 2312s
 2566647 1495165   63.00000   86   87  179.00000    2.00000  98.9%  17.5 2318s
 2570735 1495284    9.00000   70   88  179.00000    2.00000  98.9%  17.5 2325s
 2574437 1499035  100.38316   88   75  179.00000    2.00000  98.9%  17.5 2331s
 2580420 1502567  163.39066   95   62  179.00000    2.00000  98.9%  17.5 2337s
 2584445 1505117   26.51573   72   97  179.00000    2.00000  98.9%  17.5 2341s
 2588566 1507740  171.00000  132   37  179.00000    2.00000  98.9%  17.5 2350s
 2591480 1511235 infeasible  133       179.00000    2.00000  98.9%  17.5 2356s
 2597720 1513800    3.51573   90   93  179.00000    2.00000  98.9%  17.5 2360s
 2602925 1516499 infeasible   99       179.00000    2.00000  98.9%  17.5 2366s
 2606514 1516512   50.06742   79   84  179.00000    2.00000  98.9%  17.5 2374s
H2606528 1504411                     176.0000000    2.00000  98.9%  17.5 2374s
 2606531 1504499   50.06742   79   81  176.00000    2.00000  98.9%  17.5 2379s
 2606680 1505096   59.00000   80   78  176.00000    2.00000  98.9%  17.5 2380s
 2608404 1508357   16.80879   91   97  176.00000    2.00000  98.9%  17.5 2385s
 2614703 1511064   46.60664   82  109  176.00000    2.00000  98.9%  17.5 2390s
 2617093 1511154   65.55385   95   84  176.00000    2.00000  98.9%  17.5 2395s
 2620492 1513506    2.00000   64  109  176.00000    2.00000  98.9%  17.5 2400s
 2624508 1517398 infeasible  120       176.00000    2.00000  98.9%  17.5 2405s
 2630322 1519641   32.60491   79  105  176.00000    2.00000  98.9%  17.5 2410s
 2631404 1524242   67.00000   90   74  176.00000    2.00000  98.9%  17.5 2417s
 2638581 1524752    2.50464   78   97  176.00000    2.00000  98.9%  17.5 2423s
 2639365 1525466  141.50512  109   65  176.00000    2.00000  98.9%  17.5 2425s
 2644590 1530515   47.24483   85   93  176.00000    2.00000  98.9%  17.5 2432s
 2648200 1532556    6.35976   56  105  176.00000    2.00000  98.9%  17.5 2435s
 2653465 1534655   59.30808   96   78  176.00000    2.00000  98.9%  17.5 2444s
 2655054 1538888   82.00000  108   63  176.00000    2.00000  98.9%  17.5 2450s
 2663782 1541604   63.00000   82   87  176.00000    2.00000  98.9%  17.5 2455s
 2670316 1545443  129.03247   89   66  176.00000    2.00000  98.9%  17.5 2462s
 2673537 1548070  131.00000  117   63  176.00000    2.00000  98.9%  17.5 2466s
 2678052 1548093 infeasible  127       176.00000    2.00000  98.9%  17.5 2472s
 2680035 1550624    2.35294   70   97  176.00000    2.00000  98.9%  17.5 2476s
 2685474 1554020   64.58716   96   70  176.00000    2.00000  98.9%  17.5 2482s
 2689328 1556430   12.00000   77   89  176.00000    2.00000  98.9%  17.5 2486s
 2695028 1559018   14.35976   72   91  176.00000    2.00000  98.9%  17.5 2491s
 2696520 1559783   33.28465   87   86  176.00000    2.00000  98.9%  17.5 2497s
 2697886 1561282   47.51573   78   83  176.00000    2.00000  98.9%  17.5 2501s
 2700414 1566573  130.00000   95   78  176.00000    2.00000  98.9%  17.5 2508s
 2709123 1568848  149.00000   94   67  176.00000    2.00000  98.9%  17.5 2513s
 2713473 1570605   83.00000   76   66  176.00000    2.00000  98.9%  17.5 2516s
 2716366 1573002  162.00000  114   31  176.00000    2.00000  98.9%  17.5 2521s
 2723014 1574773    2.00000   87   90  176.00000    2.00000  98.9%  17.5 2527s
 2723791 1577092  169.35294  119   54  176.00000    2.00000  98.9%  17.5 2531s
 2726914 1577105  105.03269  114   74  176.00000    2.00000  98.9%  17.5 2540s
 2728643 1578597  166.00000   96   65  176.00000    2.00000  98.9%  17.5 2547s
 2730590 1581253   78.03635   84   79  176.00000    2.00000  98.9%  17.5 2552s
 2733770 1583607   48.51573   79   82  176.00000    2.00000  98.9%  17.5 2556s
 2737551 1583887  103.00000  120   56  176.00000    2.00000  98.9%  17.5 2561s
 2738016 1593609  103.00000  121   55  176.00000    2.00000  98.9%  17.5 2574s
 2753976 1593824    2.51573   70  106  176.00000    2.00000  98.9%  17.5 2583s
 2754269 1595387    3.35294   71  103  176.00000    2.00000  98.9%  17.5 2586s
 2758355 1598251 infeasible  118       176.00000    2.00000  98.9%  17.5 2591s
 2764569 1601235     cutoff  125       176.00000    2.00000  98.9%  17.5 2595s
 2769830 1602819   69.56706  104   90  176.00000    2.00000  98.9%  17.5 2602s
 2770677 1604551  133.00000  140   62  176.00000    2.00000  98.9%  17.5 2605s
 2775792 1608186  158.00000  128   44  176.00000    2.00000  98.9%  17.5 2610s
 2780291 1612999   73.35294   80   74  176.00000    2.00000  98.9%  17.5 2618s
 2786823 1613816  117.00000  117   56  176.00000    2.00000  98.9%  17.5 2624s
 2788069 1616002  132.35294  117   50  176.00000    2.00000  98.9%  17.5 2628s
 2793141 1618759   14.49559   80   94  176.00000    2.00000  98.9%  17.5 2632s
 2796624 1620961  162.00000  119   44  176.00000    2.00000  98.9%  17.5 2635s
 2800158 1623586  111.19697   92   83  176.00000    2.00000  98.9%  17.5 2640s
 2804903 1623685    2.00000   77   95  176.00000    2.00000  98.9%  17.5 2645s
 2807994 1625951 infeasible  121       176.00000    2.00000  98.9%  17.5 2650s
 2814884 1631221  124.00000  123   51  176.00000    2.00000  98.9%  17.5 2657s
 2818398 1633513   61.00000   89   86  176.00000    2.00000  98.9%  17.5 2661s
 2821488 1634239   73.35294  113   68  176.00000    2.00000  98.9%  17.5 2667s
 2822671 1636954   74.00000  114   68  176.00000    2.00000  98.9%  17.5 2672s
 2827342 1640952   34.00000   96   90  176.00000    2.00000  98.9%  17.5 2679s
 2833797 1643866  137.35294   89   74  176.00000    2.00000  98.9%  17.5 2684s
 2838675 1646055  101.87500  114   70  176.00000    2.00000  98.9%  17.5 2687s
 2841841 1646644   37.00000  105   81  176.00000    2.00000  98.9%  17.5 2692s
 2842643 1649052   37.00000  105   79  176.00000    2.00000  98.9%  17.5 2696s
 2849543 1652589  169.25000  128   46  176.00000    2.00000  98.9%  17.5 2701s
 2855679 1656034  174.00000  131   31  176.00000    2.00000  98.9%  17.5 2707s
 2861381 1658161 infeasible   92       176.00000    2.00000  98.9%  17.5 2710s
 2862115 1658540  170.04901  109   57  176.00000    2.00000  98.9%  17.5 2715s
H2862423 1652989                     175.0000000    2.00000  98.9%  17.5 2715s
 2862711 1653067  170.04901  110   55  175.00000    2.00000  98.9%  17.5 2723s
 2863694 1654291   99.35707   89   71  175.00000    2.00000  98.9%  17.5 2726s
 2864840 1658798   40.00000   79   99  175.00000    2.00000  98.9%  17.5 2733s
 2872448 1658910   90.00000   91   71  175.00000    2.00000  98.9%  17.5 2738s
 2872676 1659553   48.00000   76  100  175.00000    2.00000  98.9%  17.5 2740s
 2877730 1662391   68.29351   78   90  175.00000    2.00000  98.9%  17.5 2751s
 2882435 1665294  162.00000  108   47  175.00000    2.00000  98.9%  17.5 2756s
 2886548 1669393    2.00000   68   98  175.00000    2.00000  98.9%  17.5 2763s
 2890520 1669879   63.37982   87   81  175.00000    2.00000  98.9%  17.5 2765s
 2891268 1670068   22.00000   93   89  175.00000    2.00000  98.9%  17.5 2771s
 2894348 1672312  113.24375   99   79  175.00000    2.00000  98.9%  17.5 2775s
 2899618 1676813 infeasible  102       175.00000    2.00000  98.9%  17.5 2781s
 2904454 1679432  160.03203  116   51  175.00000    2.00000  98.9%  17.5 2786s
 2907684 1681738   12.00000   78   88  175.00000    2.00000  98.9%  17.5 2790s
 2915512 1685579   43.41791   93   91  175.00000    2.00000  98.9%  17.5 2797s
 2917926 1685642  124.00000   97   64  175.00000    2.00000  98.9%  17.5 2802s
 2918916 1687737   80.07101   87   79  175.00000    2.00000  98.9%  17.5 2806s
 2925068 1691429  118.64216  130   63  175.00000    2.00000  98.9%  17.5 2812s
 2928213 1692091    3.00000   78   99  175.00000    2.00000  98.9%  17.5 2815s
 2929411 1696906   30.00000   86   96  175.00000    2.00000  98.9%  17.5 2821s
 2938117 1697248   35.11765   83   98  175.00000    2.00000  98.9%  17.5 2828s
 2939532 1699826    3.00000   78  102  175.00000    2.00000  98.9%  17.5 2832s
 2942938 1701446  126.00000  103   67  175.00000    2.00000  98.9%  17.5 2835s
 2948855 1705954  153.00000  107   49  175.00000    2.00000  98.9%  17.5 2842s
 2953518 1705974   60.14222   97   79  175.00000    2.00000  98.9%  17.5 2848s
 2954127 1707228  119.00000  125   54  175.00000    2.00000  98.9%  17.5 2850s
 2958018 1710274   57.04870   95   82  175.00000    2.00000  98.9%  17.5 2856s
 2964642 1712552   25.00000   95   83  175.00000    2.00000  98.9%  17.5 2860s
 2968292 1715868    9.23002   87   91  175.00000    2.00000  98.9%  17.5 2865s
 2972459 1718585  164.00000  109   45  175.00000    2.00000  98.9%  17.5 2877s
 2975991 1721567    2.00000   86   97  175.00000    2.00000  98.9%  17.5 2882s
 2982017 1725157    8.00000   85   89  175.00000    2.00000  98.9%  17.5 2888s
 2986740 1727183    3.51573   74  100  175.00000    2.00000  98.9%  17.5 2892s
 2990301 1727464   18.08088   77   96  175.00000    2.00000  98.9%  17.5 2899s
 2990715 1728129  145.00000  116   49  175.00000    2.00000  98.9%  17.5 2900s
 2995505 1732148  141.07571  128   71  175.00000    2.00000  98.9%  17.5 2906s
 2998605 1733681   24.00000   96   98  175.00000    2.00000  98.9%  17.4 2910s
 3004837 1737045   34.20896   81   93  175.00000    2.00000  98.9%  17.4 2916s
 3009930 1738805  112.09886  108   74  175.00000    2.00000  98.9%  17.4 2920s
 3010706 1738977   32.01805   87   91  175.00000    2.00000  98.9%  17.4 2925s
 3013979 1740638   45.19697   94   78  175.00000    2.00000  98.9%  17.4 2939s
 3014000 1750243   82.19697   95   74  175.00000    2.00000  98.9%  17.4 2956s
 3030016 1752349   96.16491   92   74  175.00000    2.00000  98.9%  17.5 2969s
 3033728 1756849 infeasible  114       175.00000    2.00000  98.9%  17.5 2976s
 3041464 1757541   66.35294   90   72  175.00000    2.00000  98.9%  17.5 2986s
 3042654 1763325  114.00000  107   53  175.00000    2.00000  98.9%  17.5 2994s
 3052920 1763482   62.19697   73   83  175.00000    2.00000  98.9%  17.4 3002s
 3053166 1765181   62.25362   74   93  175.00000    2.00000  98.9%  17.4 3005s
 3059237 1767041    2.50000   71  115  175.00000    2.00000  98.9%  17.4 3015s
 3062734 1770841  115.39461   81   78  175.00000    2.00000  98.9%  17.4 3022s
 3066281 1772611   98.45000  103   86  175.00000    2.00000  98.9%  17.4 3025s
 3074434 1777352   11.51573   69   95  175.00000    2.00000  98.9%  17.4 3031s
 3079608 1778962  164.00000  143   38  175.00000    2.00000  98.9%  17.4 3041s
 3082465 1781874     cutoff  133       175.00000    2.00000  98.9%  17.4 3046s
 3084648 1784159 infeasible  117       175.00000    2.00000  98.9%  17.4 3050s
 3091484 1787384   53.35976   91   89  175.00000    2.00000  98.9%  17.4 3055s
 3096768 1790504   21.06161   86  103  175.00000    2.00000  98.9%  17.4 3061s
 3102048 1792222  161.09890  106   64  175.00000    2.00000  98.9%  17.4 3071s
 3104181 1794878 infeasible   82       175.00000    2.00000  98.9%  17.4 3075s
 3111258 1798715   97.00000   99   63  175.00000    2.00000  98.9%  17.4 3082s
 3116174 1801625 infeasible  130       175.00000    2.00000  98.9%  17.4 3086s
 3120903 1804698   19.00000  109   83  175.00000    2.00000  98.9%  17.4 3091s
 3125776 1807555   24.35294   87   94  175.00000    2.00000  98.9%  17.4 3096s
 3128641 1808225  141.16279  115   52  175.00000    2.00000  98.9%  17.4 3102s
 3129755 1813333  141.40426  116   52  175.00000    2.00000  98.9%  17.4 3111s
 3138853 1815436   18.00000   90  105  175.00000    2.00000  98.9%  17.4 3115s
 3145355 1818536   27.35294   89   83  175.00000    2.00000  98.9%  17.4 3120s
 3149278 1819861    2.00000   88  102  175.00000    2.00000  98.9%  17.4 3128s
 3150173 1821967   13.00000   83  106  175.00000    2.00000  98.9%  17.4 3133s
 3153823 1827497   33.19078   81   90  175.00000    2.00000  98.9%  17.4 3141s
 3163506 1827678  157.00000  117   67  175.00000    2.00000  98.9%  17.4 3150s
 3163824 1827943  157.00000  118   61  175.00000    2.00000  98.9%  17.4 3159s
 3164241 1830111   80.69231  104   68  175.00000    2.00000  98.9%  17.4 3163s
 3168173 1831648    2.00000   73   93  175.00000    2.00000  98.9%  17.4 3166s
 3172062 1836670    9.53763   83  114  175.00000    2.00000  98.9%  17.4 3175s
 3179211 1836820   12.36062   81  108  175.00000    2.00000  98.9%  17.4 3182s
 3179493 1838517   34.00000  101   78  175.00000    2.00000  98.9%  17.4 3185s
 3186594 1842966  117.00000   97   71  175.00000    2.00000  98.9%  17.4 3193s
 3190121 1843445 infeasible   83       175.00000    2.00000  98.9%  17.4 3195s
 3194367 1846012   58.35294   83   75  175.00000    2.00000  98.9%  17.4 3203s
 3195464 1849704   59.00000   84   77  175.00000    2.00000  98.9%  17.4 3210s
 3201141 1852895   22.01553   75  103  175.00000    2.00000  98.9%  17.4 3216s
 3210167 1855124   92.00000   96   52  175.00000    2.00000  98.9%  17.4 3225s
 3215705 1860751    2.00000   90  117  175.00000    2.00000  98.9%  17.4 3233s
 3219911 1861695  150.01131  131   51  175.00000    2.00000  98.9%  17.4 3236s
 3224457 1863816   15.00000   74   99  175.00000    2.00000  98.9%  17.4 3240s
 3228166 1867368  112.35294  114   64  175.00000    2.00000  98.9%  17.4 3245s
 3231122 1867481   20.04495   89   94  175.00000    2.00000  98.9%  17.4 3251s
 3234695 1870476 infeasible  131       175.00000    2.00000  98.9%  17.4 3256s
 3239451 1874926   54.35294   96   89  175.00000    2.00000  98.9%  17.4 3263s
 3243953 1875300    6.00000   88   94  175.00000    2.00000  98.9%  17.4 3265s
 3250461 1879275  124.00000  124   51  175.00000    2.00000  98.9%  17.4 3271s
 3255361 1882901 infeasible  122       175.00000    2.00000  98.9%  17.4 3277s
 3261241 1884675    2.00000   80   86  175.00000    2.00000  98.9%  17.4 3285s
 3261598 1892969    2.00000   81   93  175.00000    2.00000  98.9%  17.4 3298s
 3275604 1893242  162.32496  129   59  175.00000    2.00000  98.9%  17.4 3307s
 3276027 1896910     cutoff  130       175.00000    2.00000  98.9%  17.4 3312s
 3282264 1899328   24.51573   85  102  175.00000    2.00000  98.9%  17.4 3316s
 3288817 1902176 infeasible  106       175.00000    2.00000  98.9%  17.4 3321s
 3294026 1905054   35.35294   75   85  175.00000    2.00000  98.9%  17.4 3325s
 3296434 1905057   60.33391   94   96  175.00000    2.00000  98.9%  17.4 3337s
 3298279 1907832   96.35294  104   68  175.00000    2.00000  98.9%  17.4 3341s
 3301375 1909371  105.05054   84   82  175.00000    2.00000  98.9%  17.4 3348s
 3304554 1913854   33.00000  107   75  175.00000    2.00000  98.9%  17.4 3356s
 3311278 1916538 infeasible  109       175.00000    2.00000  98.9%  17.4 3362s
 3315933 1919174  140.24176  101   65  175.00000    2.00000  98.9%  17.4 3366s
 3320402 1921176    2.02913   80  103  175.00000    2.00000  98.9%  17.4 3370s
 3326828 1923639    2.00000   58   97  175.00000    2.00000  98.9%  17.4 3378s
 3328209 1926428    2.00000   89   93  175.00000    2.00000  98.9%  17.4 3384s
 3332887 1926814   73.29551   89   89  175.00000    2.00000  98.9%  17.4 3391s
 3335625 1930060    7.00000   72  103  175.00000    2.00000  98.9%  17.4 3400s
 3338983 1934115 infeasible  110       175.00000    2.00000  98.9%  17.4 3406s
 3345735 1936728   32.35976   87   86  175.00000    2.00000  98.9%  17.4 3411s
 3350128 1938286   19.00000   98  117  175.00000    2.00000  98.9%  17.4 3415s
 3352628 1938990   34.00000   86   89  175.00000    2.00000  98.9%  17.4 3420s
 3355344 1943426  129.00000  109   51  175.00000    2.00000  98.9%  17.4 3427s
 3361372 1945635   79.00000  108   71  175.00000    2.00000  98.9%  17.4 3430s
 3368168 1947511  101.00000  103   71  175.00000    2.00000  98.9%  17.4 3439s
 3368357 1948122  112.00000  104   63  175.00000    2.00000  98.9%  17.4 3440s
 3373289 1952551   72.36426  108   70  175.00000    2.00000  98.9%  17.4 3447s
 3378419 1955536  165.00000  100   51  175.00000    2.00000  98.9%  17.4 3452s
 3382683 1957938  156.00000  103   57  175.00000    2.00000  98.9%  17.4 3457s
 3386016 1959864  170.02593  124   47  175.00000    2.00000  98.9%  17.4 3460s
 3389555 1960011  172.18412  106   46  175.00000    2.00000  98.9%  17.4 3465s
 3394028 1964013   10.00000   84   96  175.00000    2.00000  98.9%  17.4 3472s
 3397370 1966191  130.49432  100   73  175.00000    2.00000  98.9%  17.4 3476s
 3404598 1970054    2.00000   74   92  175.00000    2.00000  98.9%  17.4 3482s
 3407550 1970276   29.00000   83   81  175.00000    2.00000  98.9%  17.4 3487s
 3408631 1971854   94.00000   98   74  175.00000    2.00000  98.9%  17.4 3490s
 3415601 1977138   33.42437   91   93  175.00000    2.00000  98.9%  17.4 3498s
 3419888 1977529   15.00000   79   94  175.00000    2.00000  98.9%  17.4 3500s
 3423674 1979782    2.92233   71  107  175.00000    2.00000  98.9%  17.4 3508s
 3425059 1980217  120.50000  102   59  175.00000    2.00000  98.9%  17.4 3517s
 3425857 1981330  154.00000  106   39  175.00000    2.00000  98.9%  17.4 3520s
 3429961 1983488   65.03757   96   85  175.00000    2.00000  98.9%  17.4 3529s
 3430211 1984127  141.07701  118   56  175.00000    2.00000  98.9%  17.4 3530s
 3435307 1988483  170.01145  118   57  175.00000    2.00000  98.9%  17.4 3538s
 3439301 1989126   71.00000   91   83  175.00000    2.00000  98.9%  17.3 3540s
 3440555 1993925   84.00000  101   84  175.00000    2.00000  98.9%  17.3 3547s
 3448626 1995653    2.00000   89   81  175.00000    2.00000  98.9%  17.3 3551s
 3452381 1996498   43.00000   99   79  175.00000    2.00000  98.9%  17.3 3557s
 3455826 1999296   11.00000   90   97  175.00000    2.00000  98.9%  17.3 3561s
 3458821 2001838  172.01082  128   55  175.00000    2.00000  98.9%  17.3 3566s
 3462477 2004012   83.00000  106   76  175.00000    2.00000  98.9%  17.3 3570s
 3466605 2004134  140.00000  118   58  175.00000    2.00000  98.9%  17.3 3576s
 3467622 2006120 infeasible   81       175.00000    2.00000  98.9%  17.3 3580s
 3475122 2010637    4.00000   79   99  175.00000    2.00000  98.9%  17.3 3588s
 3478827 2012578   50.00000   85   92  175.00000    2.00000  98.9%  17.3 3591s
 3483293 2015444  150.00000   97   74  175.00000    2.00000  98.9%  17.3 3596s
 3486896 2015496    2.00000   88  102  175.00000    2.00000  98.9%  17.3 3600s

Cutting planes:
  Learned: 1
  Gomory: 1
  Cover: 1
  Implied bound: 16
  Projected implied bound: 1
  MIR: 4
  StrongCG: 1
  Flow cover: 17
  GUB cover: 1
  Zero half: 1

Explored 3486981 nodes (60466763 simplex iterations) in 3600.24 seconds (489.50 work units)
Thread count was 16 (of 16 available processors)

Solution count 10: 175 176 179 ... 208

Time limit reached
Best objective 1.750000000000e+02, best bound 2.000000000000e+00, gap 98.8571%
Warning: constraint name "precedence between 0,0 to 0,2 if x_[0,0,0,2,3]=0, i.e. 0,2 before 0,0" has a space
Warning: constraint name "precedence between 0,0 to 0,2 if x_[0,0,0,2,3]=0, i.e. 0,2 before 0,0" has a space
Warning: default constraint names used to write mps file
