
Gurobi 10.0.1 (win64) logging started Sat Aug 26 17:37:56 2023

Set parameter LogFile to value "results//log/BA_17_makespan.log"
Gurobi Optimizer version 10.0.1 build v10.0.1rc0 (win64)

CPU model: AMD Ryzen 7 3700X 8-Core Processor, instruction set [SSE2|AVX|AVX2]
Thread count: 8 physical cores, 16 logical processors, using up to 16 threads

Optimize a model with 1781 rows, 1217 columns and 8013 nonzeros
Model fingerprint: 0xfa33ea85
Variable types: 96 continuous, 1121 integer (1120 binary)
Coefficient statistics:
  Matrix range     [1e+00, 1e+06]
  Objective range  [1e+00, 1e+00]
  Bounds range     [1e+00, 1e+00]
  RHS range        [1e+00, 3e+06]
Presolve removed 120 rows and 532 columns
Presolve time: 0.03s
Presolved: 1661 rows, 685 columns, 7842 nonzeros
Variable types: 96 continuous, 589 integer (588 binary)

Root relaxation: objective 7.300000e+01, 185 iterations, 0.00 seconds (0.00 work units)

    Nodes    |    Current Node    |     Objective Bounds      |     Work
 Expl Unexpl |  Obj  Depth IntInf | Incumbent    BestBd   Gap | It/Node Time

     0     0   73.00000    0   27          -   73.00000      -     -    0s
H    0     0                     344.0000000   73.00000  78.8%     -    0s
     0     0   73.00000    0   43  344.00000   73.00000  78.8%     -    0s
     0     0   74.53690    0   66  344.00000   74.53690  78.3%     -    0s
     0     0   75.89236    0   59  344.00000   75.89236  77.9%     -    0s
H    0     0                     298.0000000   75.89236  74.5%     -    0s
     0     0   75.97018    0   72  298.00000   75.97018  74.5%     -    0s
     0     0   75.97018    0   74  298.00000   75.97018  74.5%     -    0s
     0     0   77.19907    0   67  298.00000   77.19907  74.1%     -    0s
     0     0   77.34931    0   79  298.00000   77.34931  74.0%     -    0s
     0     0   77.50691    0   71  298.00000   77.50691  74.0%     -    0s
     0     0   77.50691    0   80  298.00000   77.50691  74.0%     -    0s
     0     0   77.74267    0   72  298.00000   77.74267  73.9%     -    0s
     0     0   77.75433    0   80  298.00000   77.75433  73.9%     -    0s
     0     0   77.79559    0   70  298.00000   77.79559  73.9%     -    0s
     0     0   77.83414    0   69  298.00000   77.83414  73.9%     -    0s
     0     0   77.83414    0   76  298.00000   77.83414  73.9%     -    0s
     0     0   77.83416    0   72  298.00000   77.83416  73.9%     -    0s
     0     0   77.84529    0   73  298.00000   77.84529  73.9%     -    0s
     0     0   77.84529    0   81  298.00000   77.84529  73.9%     -    0s
     0     0   77.84612    0   78  298.00000   77.84612  73.9%     -    0s
     0     0   77.84612    0   77  298.00000   77.84612  73.9%     -    0s
     0     0   77.87000    0   77  298.00000   77.87000  73.9%     -    0s
     0     0   77.88050    0   72  298.00000   77.88050  73.9%     -    0s
     0     0   77.88050    0   75  298.00000   77.88050  73.9%     -    0s
     0     0   77.88050    0   79  298.00000   77.88050  73.9%     -    0s
H    0     0                     297.0000000   77.88050  73.8%     -    0s
     0     0   78.07046    0   75  297.00000   78.07046  73.7%     -    0s
     0     0   78.07046    0   76  297.00000   78.07046  73.7%     -    0s
     0     0   78.28185    0   82  297.00000   78.28185  73.6%     -    0s
     0     0   79.00000    0   43  297.00000   79.00000  73.4%     -    0s
     0     0   79.00000    0   52  297.00000   79.00000  73.4%     -    0s
     0     0   79.00000    0   51  297.00000   79.00000  73.4%     -    0s
H    0     0                     295.0000000   79.00000  73.2%     -    0s
     0     0   79.00000    0   61  295.00000   79.00000  73.2%     -    0s
     0     0   79.00000    0   35  295.00000   79.00000  73.2%     -    0s
H    0     0                     294.0000000   79.00000  73.1%     -    0s
     0     0   79.00000    0   55  294.00000   79.00000  73.1%     -    1s
H    0     0                     284.0000000   79.00000  72.2%     -    1s
     0     0   79.00000    0   22  284.00000   79.00000  72.2%     -    1s
     0     0   79.00000    0   52  284.00000   79.00000  72.2%     -    1s
     0     0   79.00000    0   29  284.00000   79.00000  72.2%     -    1s
     0     0   79.00000    0   51  284.00000   79.00000  72.2%     -    1s
     0     0   79.00000    0   27  284.00000   79.00000  72.2%     -    1s
H    0     0                     277.0000000   79.00000  71.5%     -    1s
H    0     0                     273.0000000   79.00000  71.1%     -    1s
     0     0   79.00000    0   52  273.00000   79.00000  71.1%     -    1s
     0     0   79.00000    0   33  273.00000   79.00000  71.1%     -    1s
     0     0   79.00000    0   22  273.00000   79.00000  71.1%     -    1s
     0     2   79.00000    0   22  273.00000   79.00000  71.1%     -    1s
H   73    81                     272.0000000   79.00000  71.0%   179    2s
H  242   204                     259.0000000   79.00000  69.5%  84.0    2s
H  789   517                     247.0000000   79.00000  68.0%  40.1    3s
  1454   898  196.00002   58   67  247.00000   81.00000  67.2%  35.7    5s
  1619   985   83.00000   28  113  247.00000   81.11093  67.2%  50.1   10s
H 1738   964                     244.0000000   81.11093  66.8%  63.2   11s
  3465  1379   88.00000   47  107  244.00000   81.11093  66.8%  80.9   15s
  4308  1765  113.33088   54   85  244.00000   81.11093  66.8%  85.8   20s
  7377  3407   84.14953   38   91  244.00000   81.58053  66.6%  95.8   26s
 10021  5047   84.00000   30   78  244.00000   83.37200  65.8%  94.2   30s
 13307  7095   94.08690   39   79  244.00000   84.00000  65.6%  93.8   35s
 15168  7621  102.77788   49   74  244.00000   84.00000  65.6%  93.3   40s
 17004  9082   91.98062   40   70  244.00000   84.00000  65.6%  92.1   45s
 19680 10852   88.46386   37   74  244.00000   84.00000  65.6%  93.3   50s
 22756 12301   84.00000   36   70  244.00000   84.00000  65.6%  95.0   55s
 25936 14177   89.67770   35   89  244.00000   84.00000  65.6%  93.9   61s
 27279 14190   91.00000   43   71  244.00000   84.00000  65.6%  94.0   70s
 28891 15669   85.00000   37   78  244.00000   84.00000  65.6%  92.7   75s
 31328 17174   90.00000   38   66  244.00000   84.00000  65.6%  92.5   81s
 33813 18581   84.00000   33   78  244.00000   84.00000  65.6%  92.8   87s
 35201 19297  108.00000   59   56  244.00000   84.00000  65.6%  92.7   90s
 37856 21043  113.39123   36   64  244.00000   84.00000  65.6%  93.7   99s
 39412 22095   84.00000   35   78  244.00000   84.00000  65.6%  93.6  104s
 41294 23018   88.00000   33   73  244.00000   84.00000  65.6%  93.1  115s
 42944 24072   84.52479   39  103  244.00000   84.00000  65.6%  93.7  120s
 44797 25704   95.40546   39   80  244.00000   84.00000  65.6%  94.4  127s
 47596 27971   92.00000   54   64  244.00000   84.05248  65.6%  94.1  137s
 51615 29958   92.06618   46   72  244.00000   84.43673  65.4%  91.9  145s
 55194 31403   90.00000   58   62  244.00000   84.77437  65.3%  90.2  151s
 58780 32546  105.50028   39   65  244.00000   85.00000  65.2%  88.9  157s
 59821 32560   87.00000   42   70  244.00000   85.00000  65.2%  88.9  171s
 61356 34358   88.88939   38   70  244.00000   85.00000  65.2%  88.7  177s
 63040 35710   92.00000   46   62  244.00000   85.00000  65.2%  88.3  183s
 65395 37109   86.36116   41   67  244.00000   85.00000  65.2%  87.8  188s
 67844 38270   94.00000   39   65  244.00000   85.00000  65.2%  87.4  193s
 69871 39394   86.36579   42   76  244.00000   85.00000  65.2%  87.6  197s
 71950 40398   88.05732   41   77  244.00000   85.00000  65.2%  87.8  202s
 73814 41512   87.16439   38   85  244.00000   85.00000  65.2%  88.0  207s
 75792 42560   93.25595   44   76  244.00000   85.00000  65.2%  88.1  212s
 77681 43651  108.73758   50   62  244.00000   85.00000  65.2%  88.3  218s
 79645 45051   87.11762   46   66  244.00000   85.00000  65.2%  88.2  223s
 82103 46220  109.41778   43   64  244.00000   85.00000  65.2%  87.7  229s
 84150 47594   91.45226   43   80  244.00000   85.00000  65.2%  87.6  234s
 86319 47619  165.00000   83   30  244.00000   85.00000  65.2%  87.4  250s
 87999 49693  106.00000   49   54  244.00000   85.00000  65.2%  87.4  259s
 90147 51026   87.11385   46   75  244.00000   85.00000  65.2%  87.3  264s
 91949 51026   86.00000   36   88  244.00000   85.00000  65.2%  87.0  265s
 92446 52180  215.03063   84   18  244.00000   85.00000  65.2%  87.0  270s
 94734 53124   85.81299   46   85  244.00000   85.00000  65.2%  86.8  275s
 98293 55077   87.23668   38   81  244.00000   85.00000  65.2%  87.0  284s
 100315 56489   92.63395   45   85  244.00000   85.00000  65.2%  87.0  290s
 102852 57658   98.70684   46   66  244.00000   85.00000  65.2%  86.8  295s
 105094 59032 infeasible   88       244.00000   85.00000  65.2%  86.7  301s
 107519 60311   88.63649   46   75  244.00000   85.00000  65.2%  86.6  306s
 109850 61715  101.00000   38   77  244.00000   85.00000  65.2%  86.2  312s
 112357 63202   96.00000   47   58  244.00000   85.00000  65.2%  85.7  317s
 114974 63214  134.00000   53   44  244.00000   85.09897  65.1%  85.4  331s
 114992 64519  135.00000   54   50  244.00000   85.12706  65.1%  85.4  336s
 117385 65940   99.99026   50   79  244.00000   85.22561  65.1%  85.0  341s
 119963 67118  142.00000   64   47  244.00000   85.31134  65.0%  84.5  346s
 122009 68261   91.38302   44   74  244.00000   85.40360  65.0%  84.3  350s
 125932 71929   95.52442   49   80  244.00000   85.61211  64.9%  84.0  365s
 131937 73657  117.00000   42   56  244.00000   85.86102  64.8%  82.9  372s
 133715 74564  169.07179   66   46  244.00000   85.95021  64.8%  82.7  376s
 136694 75934   86.92754   47   88  244.00000   86.00000  64.8%  82.4  381s
 137982 76705   92.27788   49   78  244.00000   86.00000  64.8%  82.4  385s
 140612 78042   89.00000   51   66  244.00000   86.00000  64.8%  82.6  390s
 143420 79839   92.08451   42   70  244.00000   86.00000  64.8%  82.7  398s
 145040 81069  209.00000   87   32  244.00000   86.00000  64.8%  82.8  402s
 147152 82648   86.10464   45   90  244.00000   86.00000  64.8%  82.7  408s
 150052 84022   86.00000   41   70  244.00000   86.00000  64.8%  82.6  413s
 152617 85135   86.63257   38   80  244.00000   86.00000  64.8%  82.7  418s
 154719 85237  103.04432   57   58  244.00000   86.00000  64.8%  82.9  432s
H154722 85056                     242.0000000   86.00000  64.5%  82.9  432s
 154909 86222  115.00000   60   57  242.00000   86.00000  64.5%  82.8  438s
 157049 87682   86.00000   43   83  242.00000   86.00000  64.5%  83.0  444s
 159732 89308  100.05987   53   60  242.00000   86.00000  64.5%  83.1  451s
 162740 90732   89.08427   49   78  242.00000   86.00000  64.5%  83.2  457s
 165344 92181   88.56590   38   70  242.00000   86.00000  64.5%  83.2  464s
 167958 93400  129.14507   50   45  242.00000   86.00000  64.5%  83.1  469s
*169795 93075             107     240.0000000   86.00000  64.2%  83.1  469s
*169814 92857             111     239.0000000   86.00000  64.0%  83.1  469s
*169817 92660             111     238.0000000   86.00000  63.9%  83.1  469s
 170207 94002   96.82630   52   75  238.00000   86.00000  63.9%  83.2  475s
 172571 95726   91.00000   50   64  238.00000   86.00000  63.9%  83.3  482s
H173341 95510                     237.0000000   86.00000  63.7%  83.3  482s
 175708 96625   86.00000   32   82  237.00000   86.00000  63.7%  83.3  488s
H176413 96443                     236.0000000   86.00000  63.6%  83.4  488s
H177622 97431                     235.0000000   86.00000  63.4%  83.5  494s
H177622 96918                     233.0000000   86.00000  63.1%  83.5  494s
H177774 96673                     232.0000000   86.00000  62.9%  83.5  494s
H179849 96856                     231.0000000   86.00000  62.8%  83.6  506s
H180319 95561                     227.0000000   86.00000  62.1%  83.6  506s
 180744 97254   94.00637   44   67  227.00000   86.00000  62.1%  83.6  513s
H183690 98488                     226.0000000   86.00000  61.9%  83.7  520s
H186343 98881                     224.0000000   86.00000  61.6%  83.8  527s
 188366 99771   86.95714   45   73  224.00000   86.00000  61.6%  83.9  534s
 190048 101411   88.23146   42   86  224.00000   86.00000  61.6%  84.0  542s
 193216 102613   93.87004   42   74  224.00000   86.00000  61.6%  84.2  547s
 195652 103934   88.30314   38   85  224.00000   86.00000  61.6%  84.3  554s
 198237 105313  101.00000   43   69  224.00000   86.00000  61.6%  84.4  561s
 200753 105422   86.00000   38   63  224.00000   86.00000  61.6%  84.5  574s
H200983 102327                     217.0000000   86.00000  60.4%  84.6  574s
 201033 103726   86.00000   39   72  217.00000   86.00000  60.4%  84.6  581s
 203578 105197   88.62736   37   90  217.00000   86.00000  60.4%  84.8  587s
H204299 104239                     215.0000000   86.00000  60.0%  84.8  587s
 206174 105626   97.00000   60   55  215.00000   86.00000  60.0%  84.9  594s
 208643 106966   92.72525   40   82  215.00000   86.00000  60.0%  85.1  600s
 212711 108902   90.00000   38   73  215.00000   86.00000  60.0%  85.4  610s
 214719 110159   92.97229   45   77  215.00000   86.00000  60.0%  85.6  616s
 217102 111927   92.00493   47   66  215.00000   86.00000  60.0%  85.8  623s
 220090 112401   89.63149   42   81  215.00000   86.00000  60.0%  85.9  643s
 221016 113465   90.87012   48   70  215.00000   86.00000  60.0%  85.9  651s
 223046 114726  108.02828   47   66  215.00000   86.00000  60.0%  86.1  657s
 225439 115785  163.00000   59   40  215.00000   86.00000  60.0%  86.2  663s
 227540 117075   95.08292   50   77  215.00000   86.00000  60.0%  86.3  669s
 229859 118203   93.00000   57   66  215.00000   86.00000  60.0%  86.5  674s
 231935 119454   88.00000   55   62  215.00000   86.00000  60.0%  86.6  679s
 234024 120422   94.20264   46   68  215.00000   86.00000  60.0%  86.7  683s
 235802 121266   90.91093   43   85  215.00000   86.00000  60.0%  86.8  688s
 237566 122137   86.00000   41   79  215.00000   86.00000  60.0%  86.9  693s
 239243 122785  148.00000   59   30  215.00000   86.00000  60.0%  87.1  698s
 240473 123602   94.83919   44   64  215.00000   86.00000  60.0%  87.2  703s
 242094 125113   87.00000   44   74  215.00000   86.00000  60.0%  87.3  710s
 244639 125997   86.74712   46   70  215.00000   86.00000  60.0%  87.4  715s
 246374 126008   87.06480   44   77  215.00000   86.00000  60.0%  87.5  733s
 246390 126854   88.00000   45   64  215.00000   86.00000  60.0%  87.5  740s
 248050 129193  189.00000   90   28  215.00000   86.00000  60.0%  87.6  753s
 252373 131615  157.00000   45   34  215.00000   86.03847  60.0%  87.3  767s
 256698 132753  105.92775   53   62  215.00000   86.10308  60.0%  87.0  772s
 258784 133641  127.63202   52   55  215.00000   86.12462  59.9%  86.8  776s
 260423 134527  100.16917   55   75  215.00000   86.15448  59.9%  86.8  780s
 262006 135451  211.00000   77   15  215.00000   86.16988  59.9%  86.7  785s
 265543 137607  101.00000   46   76  215.00000   86.23881  59.9%  86.5  793s
 267532 138172  119.00000   53   56  215.00000   86.25583  59.9%  86.4  797s
 268615 139223  101.00000   53   59  215.00000   86.27080  59.9%  86.3  801s
 270544 140074 infeasible   77       215.00000   86.34042  59.8%  86.1  805s
 272934 142763   97.00000   46   66  215.00000   86.39124  59.8%  86.0  820s
 277317 143630   99.00000   47   53  215.00000   86.51414  59.8%  85.7  825s
 280943 144745  113.47998   50   59  215.00000   86.61453  59.7%  85.6  835s
 280959 144782  114.72113   50   54  215.00000   86.61453  59.7%  85.6  844s
 281030 145711  115.00000   51   53  215.00000   86.61753  59.7%  85.6  849s
 282803 146579   90.00000   49   78  215.00000   86.67613  59.7%  85.5  853s
 284460 147368   90.00000   50   70  215.00000   86.69913  59.7%  85.4  858s
 286272 148342   87.28266   45   80  215.00000   86.75770  59.6%  85.2  863s
 288068 149208  152.09968   60   51  215.00000   86.80119  59.6%  85.2  867s
 289557 150197  105.96975   48   69  215.00000   86.82116  59.6%  85.1  872s
 291390 151091  117.98282   51   49  215.00000   86.85318  59.6%  84.9  876s
 293023 152001  145.00000   62   48  215.00000   86.88218  59.6%  84.8  881s
 294673 154479 infeasible  100       215.00000   86.91429  59.6%  84.7  894s
 299421 155140  164.95262   62   44  215.00000   86.98479  59.5%  84.5  897s
 300669 155971  103.00000   47   56  215.00000   87.00000  59.5%  84.6  902s
 302340 156699   88.00000   47   77  215.00000   87.00000  59.5%  84.5  906s
 305014 157919   92.50195   52   75  215.00000   87.00000  59.5%  84.6  913s
 306297 158711   92.75978   47   74  215.00000   87.00000  59.5%  84.6  918s
 307899 159598  101.00000   58   49  215.00000   87.00000  59.5%  84.7  924s
 309720 160475   87.60281   45   77  215.00000   87.00000  59.5%  84.7  928s
 311512 161588   99.00000   69   54  215.00000   87.00000  59.5%  84.8  935s
 313642 162721  100.99110   46   56  215.00000   87.00000  59.5%  84.8  940s
 315753 163914   88.63338   40   77  215.00000   87.00000  59.5%  84.8  947s
 318017 165251   87.00000   44   77  215.00000   87.00000  59.5%  85.0  956s
 320538 166161   93.00000   52   70  215.00000   87.00000  59.5%  85.1  965s
 322233 167642   88.00000   54   85  215.00000   87.00000  59.5%  85.1  973s
 324956 169109   94.12339   52   84  215.00000   87.00000  59.5%  85.2  984s
 327684 170714   95.72474   48   75  215.00000   87.00000  59.5%  85.3  993s
 330786 172489  193.00000   56   41  215.00000   87.00000  59.5%  85.5 1001s
 333938 173807   87.00000   43   66  215.00000   87.00000  59.5%  85.6 1009s
 336447 173844   88.38253   42   85  215.00000   87.00000  59.5%  85.7 1026s
 336552 182238   88.54002   43   83  215.00000   87.00000  59.5%  85.7 1080s
 352568 183368  199.27616   78   35  215.00000   87.00000  59.5%  86.2 1089s
 354832 183943   89.72674   46   72  215.00000   87.00000  59.5%  86.3 1097s
 355914 185559  112.64950   44   76  215.00000   87.00000  59.5%  86.4 1105s
 358883 186563  106.17081   48   61  215.00000   87.00000  59.5%  86.4 1111s
 360872 188230  101.04957   52   58  215.00000   87.00000  59.5%  86.5 1119s
 363994 189721  136.93104   56   49  215.00000   87.00000  59.5%  86.7 1127s
 366878 191360   97.00000   59   57  215.00000   87.00000  59.5%  86.8 1135s
 369879 192903   87.00000   47   86  215.00000   87.00000  59.5%  86.9 1142s
 372687 194276  157.39802   64   35  215.00000   87.00000  59.5%  87.0 1149s
 375239 195801   87.00000   44   71  215.00000   87.00000  59.5%  87.1 1156s
 378132 197351   87.00000   41   69  215.00000   87.00000  59.5%  87.1 1164s
 381223 198587  175.00000   63   35  215.00000   87.00000  59.5%  87.1 1170s
 383572 199893   87.05513   44   78  215.00000   87.00000  59.5%  87.2 1177s
 386348 200517 infeasible   83       215.00000   87.00000  59.5%  87.3 1185s
 387504 200694  102.00000   57   63  215.00000   87.00000  59.5%  87.3 1199s
 387841 202618  102.38402   58   62  215.00000   87.00000  59.5%  87.3 1208s
 391661 204138   90.79140   42   84  215.00000   87.00000  59.5%  87.3 1217s
 394457 205648   88.30985   47   80  215.00000   87.00000  59.5%  87.4 1224s
 397367 207035   92.72513   48   78  215.00000   87.00000  59.5%  87.5 1231s
 399994 208342   93.00000   43   77  215.00000   87.00000  59.5%  87.6 1238s
 402524 209611  109.00234   54   58  215.00000   87.00000  59.5%  87.7 1245s
 404825 210745   95.88582   38   60  215.00000   87.00000  59.5%  87.8 1251s
 407017 211786   87.16971   38   70  215.00000   87.00000  59.5%  87.9 1257s
 409155 213030   92.06344   43   85  215.00000   87.00000  59.5%  88.0 1263s
 411562 214149   87.64687   44   74  215.00000   87.00000  59.5%  88.1 1269s
 413722 215221   87.00000   33   62  215.00000   87.00000  59.5%  88.1 1275s
 415762 216468  102.00476   54   64  215.00000   87.00000  59.5%  88.2 1282s
 418097 217542   96.99020   46   74  215.00000   87.00000  59.5%  88.3 1289s
 420102 218518   92.12397   56   60  215.00000   87.00000  59.5%  88.5 1296s
 421930 218884  138.53690   66   48  215.00000   87.00000  59.5%  88.6 1335s
 422668 220199   87.00000   47   73  215.00000   87.00000  59.5%  88.6 1344s
 422902 220199   99.77351   51   83  215.00000   87.00000  59.5%  88.6 1345s
 425089 221476   95.02583   46   74  215.00000   87.00000  59.5%  88.7 1352s
 427413 222672 infeasible  104       215.00000   87.00000  59.5%  88.8 1359s
 429570 223785   88.00000   43   73  215.00000   87.00000  59.5%  88.8 1365s
 431581 224916   92.00962   51   77  215.00000   87.00000  59.5%  88.9 1372s
 433596 225644   89.00000   43   86  215.00000   87.00000  59.5%  88.9 1377s
 435023 226557  153.00000   70   39  215.00000   87.00000  59.5%  89.0 1382s
 436748 227477   88.84460   38   92  215.00000   87.00000  59.5%  89.1 1388s
 438509 227487   88.00000   52   80  215.00000   87.00000  59.5%  89.2 1416s
 438525 228428   88.00000   53   68  215.00000   87.00000  59.5%  89.2 1422s
 440431 229477   88.00000   50   73  215.00000   87.00000  59.5%  89.3 1428s
 442462 230678   87.00000   47   73  215.00000   87.00000  59.5%  89.3 1435s
 444612 231533  128.00000   55   60  215.00000   87.00000  59.5%  89.4 1441s
 446258 232451  109.00000   47   66  215.00000   87.00000  59.5%  89.4 1448s
 448098 233592  101.32871   50   69  215.00000   87.00000  59.5%  89.4 1455s
 450360 235442   91.94196   46   84  215.00000   87.00000  59.5%  89.4 1465s
 453862 236798  125.00000   62   54  215.00000   87.00000  59.5%  89.3 1474s
 456471 238413   95.50717   47   77  215.00000   87.04175  59.5%  89.2 1483s
 459522 239496   97.00000   50   59  215.00000   87.09371  59.5%  89.0 1490s
 461473 240796  117.00000   58   55  215.00000   87.11401  59.5%  89.0 1496s
 463916 241862  169.01165   63   38  215.00000   87.13560  59.5%  88.9 1502s
 466001 243037  108.00000   58   63  215.00000   87.14938  59.5%  88.8 1509s
 468402 245265   89.00000   41   72  215.00000   87.17120  59.5%  88.7 1521s
 472573 245786  143.00000   62   42  215.00000   87.20978  59.4%  88.6 1525s
 473548 246777  120.15624   49   60  215.00000   87.21201  59.4%  88.6 1531s
 475497 247928   88.78464   47   69  215.00000   87.24099  59.4%  88.6 1536s
 477666 249048  114.20712   57   54  215.00000   87.26960  59.4%  88.5 1542s
 479753 249968   91.00000   41   69  215.00000   87.29445  59.4%  88.4 1546s
 481434 250938  140.56039   62   46  215.00000   87.32566  59.4%  88.4 1551s
 483229 252062  112.00000   62   53  215.00000   87.35328  59.4%  88.4 1556s
 485292 253134  101.00000   50   67  215.00000   87.37256  59.4%  88.3 1561s
 487203 254340  121.00000   65   45  215.00000   87.40639  59.3%  88.3 1566s
 489325 256956  132.00000   57   54  215.00000   87.42659  59.3%  88.2 1580s
 494053 256963  121.38162   61   54  215.00000   87.48059  59.3%  88.0 1610s
 495764 258570  187.00000   69   29  215.00000   87.51344  59.3%  87.9 1618s
 497299 259549   94.00000   51   67  215.00000   87.53913  59.3%  87.9 1622s
 499076 260608   97.00000   63   67  215.00000   87.55776  59.3%  87.8 1626s
 501926 262148   96.32701   49   80  215.00000   87.60001  59.3%  87.8 1633s
 503755 263066 infeasible   77       215.00000   87.63083  59.2%  87.7 1637s
 505666 263932   91.00000   45   68  215.00000   87.65900  59.2%  87.6 1641s
 507344 265119  120.33653   61   52  215.00000   87.68557  59.2%  87.6 1645s
 511338 268694  149.00000   82   42  215.00000   87.73777  59.2%  87.4 1662s
 516186 269644   97.64676   41   65  215.00000   87.79781  59.2%  87.3 1666s
 517960 270331  122.00000   68   54  215.00000   87.83058  59.1%  87.2 1670s
 521052 272227   89.74551   43   87  215.00000   87.87222  59.1%  87.1 1678s
 522827 273251  106.00000   55   54  215.00000   87.88802  59.1%  87.0 1682s
 524786 274296   95.00000   49   72  215.00000   87.90688  59.1%  86.9 1686s
 526654 275203  167.00000   57   34  215.00000   87.92994  59.1%  86.9 1690s
 530290 276997   98.00000   54   63  215.00000   87.96722  59.1%  86.7 1697s
 532090 278813  111.38639   56   60  215.00000   87.98062  59.1%  86.7 1705s
 535509 279748  169.96585   70   36  215.00000   88.00000  59.1%  86.6 1710s
 537295 280628   95.18553   52   78  215.00000   88.00000  59.1%  86.6 1715s
 538967 281545   92.09655   53   60  215.00000   88.00000  59.1%  86.6 1721s
 540835 282628  117.89505   56   61  215.00000   88.00000  59.1%  86.6 1726s
 542956 283848  126.07906   57   49  215.00000   88.00000  59.1%  86.6 1732s
 545246 285091   93.00000   43   85  215.00000   88.00000  59.1%  86.6 1739s
 546796 285091   96.02121   46   78  215.00000   88.00000  59.1%  86.7 1740s
 547502 286420   98.99199   59   62  215.00000   88.00000  59.1%  86.7 1746s
 549840 287471   95.00000   49   59  215.00000   88.00000  59.1%  86.7 1751s
 551804 288926  127.00000   51   42  215.00000   88.00000  59.1%  86.8 1759s
 554406 290557  151.00000   51   46  215.00000   88.00000  59.1%  86.8 1767s
 557433 291770   88.00000   53   81  215.00000   88.00000  59.1%  86.8 1774s
 558816 291770   92.10217   46   81  215.00000   88.00000  59.1%  86.8 1775s
 559836 292738  101.66801   59   72  215.00000   88.00000  59.1%  86.7 1780s
 561955 293838   89.00000   43   89  215.00000   88.00000  59.1%  86.8 1786s
 564079 294897  110.18273   55   73  215.00000   88.00000  59.1%  86.8 1793s
 566115 295920   90.12518   41   85  215.00000   88.00000  59.1%  86.9 1799s
 568087 297047  105.36184   60   56  215.00000   88.00000  59.1%  86.9 1806s
 570468 298211   93.82470   43   66  215.00000   88.00000  59.1%  86.9 1813s
 572759 299669   90.09510   43   71  215.00000   88.00000  59.1%  87.0 1820s
 575415 300835 infeasible   75       215.00000   88.00000  59.1%  87.1 1827s
 577655 302328   97.85919   47   70  215.00000   88.00000  59.1%  87.1 1835s
 580485 303711   98.49209   49   74  215.00000   88.00000  59.1%  87.2 1843s
 583134 304841   97.67358   50   68  215.00000   88.00000  59.1%  87.3 1851s
 585337 306212  101.00000   60   60  215.00000   88.00000  59.1%  87.3 1858s
 587950 307721   88.00000   41   79  215.00000   88.00000  59.1%  87.4 1866s
 590671 309263   88.66455   49   80  215.00000   88.00000  59.1%  87.5 1874s
 593487 310893   99.14427   43   68  215.00000   88.00000  59.1%  87.5 1883s
 596433 311917   88.88084   48   83  215.00000   88.00000  59.1%  87.6 1889s
 598398 313428   95.04127   47   70  215.00000   88.00000  59.1%  87.6 1899s
 601482 314994   91.74354   53   77  215.00000   88.00000  59.1%  87.7 1909s
 604472 316259   88.49729   49   76  215.00000   88.00000  59.1%  87.7 1917s
 607003 317779   88.87853   47   86  215.00000   88.00000  59.1%  87.8 1927s
 609745 318977  133.00000   60   40  215.00000   88.00000  59.1%  87.8 1936s
 612046 320453  124.00000   61   45  215.00000   88.00000  59.1%  87.9 1945s
 614686 321829   96.30364   52   79  215.00000   88.00000  59.1%  87.9 1954s
 615294 321829   89.15695   49   76  215.00000   88.00000  59.1%  88.0 1955s
 617329 323044   99.22808   47   75  215.00000   88.00000  59.1%  88.0 1963s
 619675 324299  182.60296   75   30  215.00000   88.00000  59.1%  88.0 1970s
 622043 325527   88.72581   49   84  215.00000   88.00000  59.1%  88.1 1979s
 624513 326918  188.00000   85   36  215.00000   88.00000  59.1%  88.2 1988s
 627071 328021   89.35894   40   87  215.00000   88.00000  59.1%  88.2 1997s
 629288 329754   88.00000   42   71  215.00000   88.00000  59.1%  88.3 2008s
 632431 331441  102.20580   55   69  215.00000   88.00000  59.1%  88.3 2018s
 635669 332972   90.00000   47   81  215.00000   88.00000  59.1%  88.4 2027s
 638495 334100   88.00000   39   65  215.00000   88.00000  59.1%  88.4 2036s
 640599 335701  100.00000   50   65  215.00000   88.00000  59.1%  88.4 2046s
 643799 337129   97.73424   53   68  215.00000   88.00000  59.1%  88.4 2056s
 646460 338642   91.37830   46   71  215.00000   88.00000  59.1%  88.5 2065s
 649338 339809  115.00000   59   50  215.00000   88.00000  59.1%  88.5 2072s
 651638 341377   93.00000   47   66  215.00000   88.00000  59.1%  88.6 2082s
 654716 342579   92.76196   43   68  215.00000   88.00000  59.1%  88.6 2090s
 657160 343937   90.54243   47   74  215.00000   88.00000  59.1%  88.6 2100s
 659950 344995   90.63332   41   68  215.00000   88.00000  59.1%  88.6 2108s
 662130 346307   93.87094   48   79  215.00000   88.00000  59.1%  88.6 2117s
 664849 347878  105.87887   51   63  215.00000   88.00000  59.1%  88.7 2127s
 667705 349665  184.00000   72   26  215.00000   88.00000  59.1%  88.7 2140s
 670993 350890 infeasible   81       215.00000   88.00000  59.1%  88.7 2148s
 673252 352292   90.71904   53   89  215.00000   88.00000  59.1%  88.7 2157s
 675776 353683   88.00000   46   63  215.00000   88.00000  59.1%  88.8 2166s
 678323 354949  142.55684   67   46  215.00000   88.00000  59.1%  88.8 2175s
 680700 356134   88.00000   38   83  215.00000   88.00000  59.1%  88.9 2183s
 683082 357292  183.70483   80   36  215.00000   88.00000  59.1%  88.9 2191s
 685262 358598   88.00000   45   65  215.00000   88.00000  59.1%  88.9 2200s
 687684 359782  173.00000   71   43  215.00000   88.00000  59.1%  89.0 2207s
 689892 361110   88.00000   36   70  215.00000   88.00000  59.1%  89.0 2216s
 692278 362322   91.00000   45   86  215.00000   88.00000  59.1%  89.1 2224s
 694623 363417   88.18328   42   76  215.00000   88.00000  59.1%  89.1 2232s
 696712 364656   94.09264   47   61  215.00000   88.00000  59.1%  89.1 2241s
 699065 366407   92.00000   45   73  215.00000   88.00000  59.1%  89.2 2251s
 702290 367348   89.77905   50   63  215.00000   88.00000  59.1%  89.1 2257s
 704081 368867   90.20336   45   84  215.00000   88.00000  59.1%  89.1 2266s
 706931 369910  101.00402   45   67  215.00000   88.00000  59.1%  89.1 2273s
 708867 370639  115.63408   44   64  215.00000   88.00000  59.1%  89.2 2279s
 710309 371800 infeasible   71       215.00000   88.00000  59.1%  89.2 2286s
 712410 372777  131.00000   67   46  215.00000   88.00000  59.1%  89.2 2293s
 714280 373738   91.96539   43   68  215.00000   88.00000  59.1%  89.2 2299s
 716031 374770   98.21728   60   69  215.00000   88.00000  59.1%  89.3 2306s
 717976 375756   94.95283   48   73  215.00000   88.00000  59.1%  89.3 2312s
 719956 376867   88.14004   40   94  215.00000   88.00000  59.1%  89.3 2319s
 722048 376992   95.92282   49   72  215.00000   88.00000  59.1%  89.3 2332s
 722267 378826  107.44611   50   66  215.00000   88.00000  59.1%  89.3 2344s
 725583 381006  103.11909   53   68  215.00000   88.00071  59.1%  89.3 2359s
 729764 381734  176.00000   54   45  215.00000   88.04053  59.1%  89.2 2365s
 731135 382793   94.05579   43   76  215.00000   88.04986  59.0%  89.1 2371s
 733176 383867  141.00000   59   37  215.00000   88.06416  59.0%  89.1 2376s
 735124 384883  112.61067   47   66  215.00000   88.07717  59.0%  89.0 2382s
 737089 385790  127.00000   67   48  215.00000   88.09558  59.0%  89.0 2388s
 738813 386734  103.00000   44   56  215.00000   88.10337  59.0%  88.9 2393s
 740656 387701  124.00000   60   57  215.00000   88.11270  59.0%  88.9 2399s
 742421 388406  101.23778   58   49  215.00000   88.12500  59.0%  88.8 2403s
 743773 389279   93.00000   52   69  215.00000   88.13493  59.0%  88.8 2409s
 745394 390165  108.37033   48   77  215.00000   88.14446  59.0%  88.8 2414s
 747050 392800  186.00000   69   46  215.00000   88.15471  59.0%  88.7 2429s
 751939 393468  152.00000   72   32  215.00000   88.18864  59.0%  88.6 2434s
 753115 394300  103.82295   60   49  215.00000   88.19745  59.0%  88.6 2439s
 754765 395415   89.17150   47   77  215.00000   88.20957  59.0%  88.5 2444s
 756535 395415 infeasible   98       215.00000   88.21496  59.0%  88.5 2445s
 757871 396880  186.00000   66   34  215.00000   88.21869  59.0%  88.5 2454s
 759451 397570  194.00000   75   36  215.00000   88.23432  59.0%  88.4 2458s
 760758 398517   94.64978   40   78  215.00000   88.24176  59.0%  88.4 2464s
 762620 399357   96.19117   44   74  215.00000   88.25250  59.0%  88.3 2469s
 764110 400375  103.82764   42   61  215.00000   88.26066  58.9%  88.3 2475s
 765934 401443  142.02320   55   50  215.00000   88.27292  58.9%  88.3 2480s
 768019 404043  124.20457   53   54  215.00000   88.29331  58.9%  88.2 2495s
 772703 404888  112.00000   56   51  215.00000   88.32992  58.9%  88.1 2500s
 776050 406694   95.00000   51   82  215.00000   88.36857  58.9%  88.1 2508s
 777788 407530  119.00000   58   51  215.00000   88.37582  58.9%  88.0 2512s
 779295 408443  130.78348   54   46  215.00000   88.38814  58.9%  88.0 2516s
 780951 409370  124.85109   65   44  215.00000   88.40280  58.9%  88.0 2520s
 783888 410893   98.00000   46   66  215.00000   88.42400  58.9%  87.9 2528s
 785725 411678  159.78993   54   46  215.00000   88.43666  58.9%  87.8 2532s
 787247 412476   89.07482   37   65  215.00000   88.45899  58.9%  87.8 2537s
 788883 415118   96.00000   50   54  215.00000   88.47045  58.9%  87.8 2549s
 793734 415975  128.00000   75   55  215.00000   88.51429  58.8%  87.7 2554s
 795279 416815  199.14202   74   35  215.00000   88.52343  58.8%  87.6 2558s
 796969 417798  137.31346   49   42  215.00000   88.53822  58.8%  87.6 2562s
 798742 418685  196.00000   77   26  215.00000   88.54273  58.8%  87.5 2567s
 800378 419453   90.53602   43   76  215.00000   88.56343  58.8%  87.5 2571s
 801880 420427   90.00000   47   70  215.00000   88.58911  58.8%  87.4 2575s
 805325 422293  134.82629   43   53  215.00000   88.61315  58.8%  87.3 2583s
 806924 423212   95.24481   54   76  215.00000   88.62094  58.8%  87.3 2587s
 808996 424431  106.00000   52   58  215.00000   88.63989  58.8%  87.3 2594s
 810809 427122  124.25120   71   63  215.00000   88.65348  58.8%  87.2 2607s
 815776 427945   97.05798   52   67  215.00000   88.69618  58.7%  87.1 2611s
 817161 428808   92.55847   51   70  215.00000   88.70741  58.7%  87.0 2615s
 818893 429819  146.00000   53   44  215.00000   88.71735  58.7%  87.0 2620s
 822161 431626  123.00000   56   55  215.00000   88.73883  58.7%  86.9 2628s
 823970 432561  133.00000   55   59  215.00000   88.75122  58.7%  86.9 2632s
 825606 433571  122.00000   49   50  215.00000   88.76136  58.7%  86.9 2637s
 827472 434552  126.34639   59   51  215.00000   88.77566  58.7%  86.8 2641s
 829117 435335  158.63333   62   36  215.00000   88.77837  58.7%  86.8 2645s
 832491 438828 infeasible   80       215.00000   88.79975  58.7%  86.7 2662s
 837462 439219 infeasible   64       215.00000   88.83749  58.7%  86.6 2666s
 838249 440156  131.00000   68   53  215.00000   88.84863  58.7%  86.6 2670s
 841480 442027   89.42815   39   84  215.00000   88.87908  58.7%  86.5 2679s
 843487 442921   98.61649   53   57  215.00000   88.88518  58.7%  86.5 2684s
 845141 443773  132.10765   57   60  215.00000   88.90749  58.6%  86.4 2688s
 847056 444652  100.10013   47   60  215.00000   88.91736  58.6%  86.4 2692s
 848548 445770 infeasible   77       215.00000   88.92286  58.6%  86.4 2696s
 850583 446419   93.97771   37   77  215.00000   88.93164  58.6%  86.3 2700s
 853434 448981  146.17152   59   42  215.00000   88.95242  58.6%  86.3 2714s
 854847 448981  118.00000   57   54  215.00000   88.95493  58.6%  86.2 2715s
 856627 450415  130.00000   51   48  215.00000   88.96789  58.6%  86.2 2721s
 859278 451346   94.01348   53   79  215.00000   88.98834  58.6%  86.1 2726s
 861100 452153  101.98878   47   64  215.00000   89.00000  58.6%  86.1 2730s
 864040 453547   91.57789   55   78  215.00000   89.00000  58.6%  86.1 2738s
 865408 454525   94.91212   52   70  215.00000   89.00000  58.6%  86.1 2744s
 867333 455191   92.75869   47   85  215.00000   89.00000  58.6%  86.1 2749s
 868691 455948  112.38691   38   66  215.00000   89.00000  58.6%  86.1 2754s
 870463 456735  113.26923   36   67  215.00000   89.00000  58.6%  86.1 2759s
 872026 457709   94.13845   48   71  215.00000   89.00000  58.6%  86.1 2764s
 873484 457709  100.90501   47   79  215.00000   89.00000  58.6%  86.1 2765s
 873966 458993   89.00000   39   72  215.00000   89.00000  58.6%  86.1 2772s
 876283 460052  112.43872   47   57  215.00000   89.00000  58.6%  86.1 2780s
 878433 461450   93.97448   45   77  215.00000   89.00000  58.6%  86.2 2789s
 881250 462817   97.87435   52   80  215.00000   89.00000  58.6%  86.2 2800s
 883815 464888   98.90330   50   69  215.00000   89.00000  58.6%  86.2 2813s
 887488 466145  106.77765   51   68  215.00000   89.00000  58.6%  86.2 2822s
 890171 467528   90.53315   48   82  215.00000   89.00000  58.6%  86.2 2832s
 892737 469047  135.00000   60   53  215.00000   89.00000  58.6%  86.2 2843s
 895574 470626  105.80102   48   72  215.00000   89.00000  58.6%  86.3 2853s
 898626 471754  102.08973   44   60  215.00000   89.00000  58.6%  86.3 2861s
 900761 472673   97.01743   44   78  215.00000   89.00000  58.6%  86.3 2869s
 902587 474051  187.00000   87   25  215.00000   89.00000  58.6%  86.3 2878s
 905103 475043   95.25714   38   85  215.00000   89.00000  58.6%  86.3 2885s
 907105 475992  101.19608   54   71  215.00000   89.00000  58.6%  86.3 2893s
 909114 477211   96.87189   43   64  215.00000   89.00000  58.6%  86.4 2902s
 911452 478817   89.00000   49   77  215.00000   89.00000  58.6%  86.4 2913s
 914505 480525   97.00000   45   76  215.00000   89.00000  58.6%  86.4 2925s
 917511 481636   90.52619   48   77  215.00000   89.00000  58.6%  86.4 2934s
 919777 482792   91.01408   49   83  215.00000   89.00000  58.6%  86.4 2943s
 922080 483991  106.67495   41   71  215.00000   89.00000  58.6%  86.5 2954s
 924523 485696   89.00000   41   66  215.00000   89.00000  58.6%  86.5 2966s
 927722 487058  122.00000   65   52  215.00000   89.00000  58.6%  86.5 2975s
 930264 488380  103.28710   51   78  215.00000   89.00000  58.6%  86.5 2986s
 933073 489795   90.28148   48   82  215.00000   89.00000  58.6%  86.6 2996s
 935669 490854  100.27259   49   62  215.00000   89.00000  58.6%  86.6 3005s
 937819 492357   97.88825   50   68  215.00000   89.00000  58.6%  86.6 3016s
 940776 493520   90.83046   45   78  215.00000   89.00000  58.6%  86.6 3025s
 943071 494692   98.57744   42   72  215.00000   89.00000  58.6%  86.6 3035s
 945311 496062   89.36201   38   68  215.00000   89.00000  58.6%  86.6 3045s
 947911 497657   95.00000   50   66  215.00000   89.00000  58.6%  86.7 3055s
 950789 498917  138.90618   68   48  215.00000   89.00000  58.6%  86.7 3067s
 953193 500375   89.00000   43   67  215.00000   89.00000  58.6%  86.7 3078s
 956011 501947  103.00000   47   51  215.00000   89.00000  58.6%  86.8 3089s
 958899 503240   89.09830   51   69  215.00000   89.00000  58.6%  86.8 3100s
 961554 504290   95.47872   55   79  215.00000   89.00000  58.6%  86.8 3108s
 963500 506173  162.00000   75   39  215.00000   89.00000  58.6%  86.8 3120s
 966932 507885   89.00000   48   73  215.00000   89.00000  58.6%  86.9 3131s
 969843 509068   95.27036   45   69  215.00000   89.00000  58.6%  86.9 3141s
 972092 510319   91.96863   48   78  215.00000   89.00000  58.6%  86.9 3151s
 974689 511583   93.00000   49   71  215.00000   89.00000  58.6%  86.9 3160s
 977187 513205   94.88097   50   68  215.00000   89.00000  58.6%  87.0 3171s
 980154 514670  109.76897   52   72  215.00000   89.00000  58.6%  87.0 3180s
 982827 515683   96.36318   46   72  215.00000   89.00000  58.6%  87.0 3189s
 983517 515683   92.24255   51   69  215.00000   89.00000  58.6%  87.0 3190s
 985021 516988   95.27721   59   66  215.00000   89.00000  58.6%  87.0 3200s
 987677 518180  123.00000   66   53  215.00000   89.00000  58.6%  87.0 3210s
 990093 519694   94.12773   40   85  215.00000   89.00000  58.6%  87.0 3221s
 992830 520950  102.51464   45   60  215.00000   89.00000  58.6%  87.1 3231s
 995244 522976  127.00000   62   53  215.00000   89.00000  58.6%  87.1 3243s
 999070 524272   92.47803   48   71  215.00000   89.00000  58.6%  87.0 3252s
 1001572 525553   89.00000   37   74  215.00000   89.00000  58.6%  87.0 3262s
 1004020 527142   89.33623   49   83  215.00000   89.00000  58.6%  87.0 3273s
 1006870 528143  108.00000   39   81  215.00000   89.00000  58.6%  87.0 3280s
 1008728 529193   93.62322   52   78  215.00000   89.00000  58.6%  87.1 3289s
 1010883 530330   90.64449   50   72  215.00000   89.00000  58.6%  87.1 3299s
 1013059 531773   98.51054   48   77  215.00000   89.00000  58.6%  87.1 3310s
 1015798 533033  164.00000   68   32  215.00000   89.00000  58.6%  87.1 3319s
 1018254 534339  173.00000   66   38  215.00000   89.00000  58.6%  87.2 3329s
 1020955 535447  123.23841   60   53  215.00000   89.00000  58.6%  87.2 3339s
 1023334 536690 infeasible   76       215.00000   89.00000  58.6%  87.2 3349s
 1025877 537688   89.00000   51   64  215.00000   89.00000  58.6%  87.2 3359s
 1027731 539329   99.00000   50   68  215.00000   89.00000  58.6%  87.2 3371s
 1030788 540582  127.00000   56   55  215.00000   89.00000  58.6%  87.2 3383s
 1033297 542041   89.00000   40   81  215.00000   89.00000  58.6%  87.2 3393s
 1036129 543591   89.76377   47   73  215.00000   89.00000  58.6%  87.3 3404s
 1039187 544635  109.00000   44   62  215.00000   89.00000  58.6%  87.3 3412s
 1041601 545912   90.22915   45   76  215.00000   89.00000  58.6%  87.3 3421s
 1044129 547570  119.75493   64   50  215.00000   89.00000  58.6%  87.3 3431s
 1047185 548493  183.05644   67   33  215.00000   89.00000  58.6%  87.3 3439s
 1049081 549877   92.49378   56   72  215.00000   89.00000  58.6%  87.4 3449s
 1051152 549877  120.03805   46   67  215.00000   89.00000  58.6%  87.4 3450s
 1051701 551168 infeasible   85       215.00000   89.00000  58.6%  87.4 3459s
 1054429 552534  114.06154   54   55  215.00000   89.00000  58.6%  87.4 3468s
 1057170 553737  109.00584   55   65  215.00000   89.00000  58.6%  87.4 3477s
 1059446 555135  122.60023   51   69  215.00000   89.00000  58.6%  87.4 3486s
 1062145 556583  108.76917   59   55  215.00000   89.00000  58.6%  87.5 3495s
 1064833 558015  169.00000   69   34  215.00000   89.00000  58.6%  87.5 3503s
 1067419 559413   89.00000   45   73  215.00000   89.00000  58.6%  87.5 3512s
 1070036 560373  158.45250   69   39  215.00000   89.00000  58.6%  87.5 3519s
 1071836 561543  166.00000   60   39  215.00000   89.00000  58.6%  87.5 3527s
 1074067 562555   89.00000   50   67  215.00000   89.00000  58.6%  87.5 3535s
 1076013 563766  166.00000   82   40  215.00000   89.00000  58.6%  87.5 3544s
 1078320 564720   89.00000   33   82  215.00000   89.00000  58.6%  87.5 3550s
 1080205 565795  193.55323   65   37  215.00000   89.00000  58.6%  87.5 3558s
 1082374 566616   93.54028   51   77  215.00000   89.00000  58.6%  87.5 3564s
 1084019 568073   90.00000   44   78  215.00000   89.00000  58.6%  87.6 3572s
 1086573 569753   89.01049   41   71  215.00000   89.00000  58.6%  87.6 3584s
 1089747 572235  160.00000   52   54  215.00000   89.00000  58.6%  87.5 3597s
 1094432 572482   91.00000   49   58  215.00000   89.02399  58.6%  87.4 3600s

Cutting planes:
  Learned: 786
  Gomory: 188
  Cover: 11
  Implied bound: 8
  Projected implied bound: 1
  MIR: 3670
  Flow cover: 5522
  Relax-and-lift: 19

Explored 1094811 nodes (95776891 simplex iterations) in 3600.23 seconds (2273.36 work units)
Thread count was 16 (of 16 available processors)

Solution count 10: 215 217 224 ... 236

Time limit reached
Best objective 2.150000000000e+02, best bound 9.000000000000e+01, gap 58.1395%
Warning: constraint name "precedence between 0,1 to 0,0 if x_[j,l,h,z,i]=1" has a space
Warning: constraint name "precedence between 0,1 to 0,0 if x_[j,l,h,z,i]=1" has a space
Warning: default constraint names used to write mps file
