
Gurobi 10.0.1 (win64) logging started Sun Aug 27 13:25:10 2023

Set parameter LogFile to value "results//log/Fattahi_setup_18_modified_makespan.log"
Gurobi Optimizer version 10.0.1 build v10.0.1rc0 (win64)

CPU model: AMD Ryzen 7 3700X 8-Core Processor, instruction set [SSE2|AVX|AVX2]
Thread count: 8 physical cores, 16 logical processors, using up to 16 threads

Optimize a model with 1235 rows, 1469 columns and 5514 nonzeros
Model fingerprint: 0x10e79813
Variable types: 86 continuous, 1383 integer (1382 binary)
Coefficient statistics:
  Matrix range     [1e+00, 1e+06]
  Objective range  [1e+00, 1e+00]
  Bounds range     [1e+00, 1e+00]
  RHS range        [1e+00, 3e+06]
Presolve removed 108 rows and 939 columns
Presolve time: 0.02s
Presolved: 1127 rows, 530 columns, 5346 nonzeros
Variable types: 86 continuous, 444 integer (443 binary)
Found heuristic solution: objective 42772.000000

Root relaxation: objective 8.937000e+03, 212 iterations, 0.00 seconds (0.00 work units)

    Nodes    |    Current Node    |     Objective Bounds      |     Work
 Expl Unexpl |  Obj  Depth IntInf | Incumbent    BestBd   Gap | It/Node Time

     0     0 8937.00000    0   88 42772.0000 8937.00000  79.1%     -    0s
H    0     0                    39778.000000 8937.00000  77.5%     -    0s
     0     0 8937.06639    0   94 39778.0000 8937.06639  77.5%     -    0s
     0     0 8969.01129    0   93 39778.0000 8969.01129  77.5%     -    0s
     0     0 8970.64853    0   89 39778.0000 8970.64853  77.4%     -    0s
     0     0 8970.66644    0   87 39778.0000 8970.66644  77.4%     -    0s
     0     0 8970.66644    0   88 39778.0000 8970.66644  77.4%     -    0s
     0     0 9017.55436    0   76 39778.0000 9017.55436  77.3%     -    0s
H    0     0                    36953.000000 9017.55436  75.6%     -    0s
H    0     0                    29251.000000 9021.20083  69.2%     -    0s
     0     0 9021.20083    0   86 29251.0000 9021.20083  69.2%     -    0s
     0     0 9021.55622    0   80 29251.0000 9021.55622  69.2%     -    0s
     0     0 9021.60965    0   80 29251.0000 9021.60965  69.2%     -    0s
     0     0 9021.60965    0   80 29251.0000 9021.60965  69.2%     -    0s
H    0     0                    28739.000000 9021.60965  68.6%     -    0s
     0     0 9046.18136    0   70 28739.0000 9046.18136  68.5%     -    0s
     0     0 9046.48498    0   80 28739.0000 9046.48498  68.5%     -    0s
     0     0 9046.74311    0   79 28739.0000 9046.74311  68.5%     -    0s
     0     0 9046.84089    0   80 28739.0000 9046.84089  68.5%     -    0s
     0     0 9046.84089    0   79 28739.0000 9046.84089  68.5%     -    0s
H    0     0                    27158.000000 9046.84089  66.7%     -    0s
     0     0 9058.13744    0   80 27158.0000 9058.13744  66.6%     -    0s
H    0     0                    26594.000000 9058.13744  65.9%     -    0s
H    0     0                    22819.000000 9063.02887  60.3%     -    0s
     0     0 9063.02887    0   76 22819.0000 9063.02887  60.3%     -    0s
     0     0 9063.10606    0   78 22819.0000 9063.10606  60.3%     -    0s
     0     0 9063.10606    0   77 22819.0000 9063.10606  60.3%     -    0s
     0     0 9064.48697    0   74 22819.0000 9064.48697  60.3%     -    0s
     0     0 9064.48697    0   77 22819.0000 9064.48697  60.3%     -    0s
     0     0 9069.62497    0   76 22819.0000 9069.62497  60.3%     -    0s
     0     0 9070.11020    0   74 22819.0000 9070.11020  60.3%     -    0s
     0     0 9070.20895    0   75 22819.0000 9070.20895  60.3%     -    0s
     0     0 9070.27563    0   76 22819.0000 9070.27563  60.3%     -    0s
     0     0 9070.27563    0   76 22819.0000 9070.27563  60.3%     -    0s
     0     0 9070.50473    0   77 22819.0000 9070.50473  60.3%     -    0s
     0     0 9070.74423    0   76 22819.0000 9070.74423  60.2%     -    0s
     0     0 9070.74469    0   78 22819.0000 9070.74469  60.2%     -    0s
     0     0 9070.74961    0   81 22819.0000 9070.74961  60.2%     -    0s
     0     0 9072.46777    0   75 22819.0000 9072.46777  60.2%     -    0s
     0     0 9072.46777    0   77 22819.0000 9072.46777  60.2%     -    0s
     0     0 9072.47180    0   79 22819.0000 9072.47180  60.2%     -    0s
     0     0 9073.05346    0   79 22819.0000 9073.05346  60.2%     -    0s
     0     0 9073.05346    0   80 22819.0000 9073.05346  60.2%     -    0s
     0     0 9073.05346    0   81 22819.0000 9073.05346  60.2%     -    0s
     0     0 9073.05346    0   81 22819.0000 9073.05346  60.2%     -    0s
     0     0 9073.12038    0   80 22819.0000 9073.12038  60.2%     -    0s
     0     0 9074.00000    0   67 22819.0000 9074.00000  60.2%     -    0s
     0     0 9074.00000    0   78 22819.0000 9074.00000  60.2%     -    0s
     0     0 9078.80352    0   70 22819.0000 9078.80352  60.2%     -    0s
     0     0 9078.88559    0   72 22819.0000 9078.88559  60.2%     -    0s
     0     0 9078.91864    0   72 22819.0000 9078.91864  60.2%     -    0s
     0     0 9078.91864    0   72 22819.0000 9078.91864  60.2%     -    0s
     0     0 9079.74164    0   74 22819.0000 9079.74164  60.2%     -    0s
     0     0 9079.94656    0   73 22819.0000 9079.94656  60.2%     -    0s
     0     0 9079.94656    0   74 22819.0000 9079.94656  60.2%     -    1s
     0     0 9080.12995    0   70 22819.0000 9080.12995  60.2%     -    1s
     0     0 9080.34013    0   74 22819.0000 9080.34013  60.2%     -    1s
     0     0 9080.34013    0   75 22819.0000 9080.34013  60.2%     -    1s
     0     0 9080.50486    0   74 22819.0000 9080.50486  60.2%     -    1s
     0     0 9080.50486    0   75 22819.0000 9080.50486  60.2%     -    1s
     0     0 9084.00849    0   77 22819.0000 9084.00849  60.2%     -    1s
     0     0 9084.08123    0   75 22819.0000 9084.08123  60.2%     -    1s
     0     0 9084.08123    0   79 22819.0000 9084.08123  60.2%     -    1s
     0     0 9086.53443    0   75 22819.0000 9086.53443  60.2%     -    1s
     0     0 9086.63034    0   72 22819.0000 9086.63034  60.2%     -    1s
     0     0 9086.75278    0   74 22819.0000 9086.75278  60.2%     -    1s
H    0     0                    21525.000000 9086.75414  57.8%     -    1s
     0     0 9086.75414    0   81 21525.0000 9086.75414  57.8%     -    1s
     0     0 9086.98504    0   74 21525.0000 9086.98504  57.8%     -    1s
     0     0 9087.14221    0   75 21525.0000 9087.14221  57.8%     -    1s
     0     0 9087.18407    0   79 21525.0000 9087.18407  57.8%     -    1s
     0     0 9087.18407    0   80 21525.0000 9087.18407  57.8%     -    1s
     0     0 9087.30051    0   73 21525.0000 9087.30051  57.8%     -    1s
     0     0 9087.62810    0   73 21525.0000 9087.62810  57.8%     -    1s
     0     0 9087.65780    0   75 21525.0000 9087.65780  57.8%     -    1s
     0     0 9087.66644    0   74 21525.0000 9087.66644  57.8%     -    1s
     0     0 9087.66644    0   72 21525.0000 9087.66644  57.8%     -    1s
     0     2 9087.66644    0   72 21525.0000 9087.66644  57.8%     -    1s
H   32    39                    20375.000000 9146.68551  55.1%  54.3    1s
H   75    68                    20351.000000 9179.41637  54.9%  40.2    1s
H  184   149                    19284.000000 9179.41637  52.4%  27.5    1s
H 1307   840                    19282.000000 9182.43793  52.4%  14.0    2s
H 1651   903                    19270.000000 9182.43793  52.3%  13.3    2s
  1802  1012 10009.7031   21   82 19270.0000 9244.00000  52.0%  21.8    5s
H 1805   964                    19263.000000 9244.00000  52.0%  21.8    5s
H 1806   920                    19063.000000 9244.00000  51.5%  21.9    5s
H 1808   877                    18987.000000 9244.00000  51.3%  21.9    5s
  4321  1454 13106.6427   23   59 18987.0000 9246.00000  51.3%  24.4   11s
 15527  7011 15876.0000   97   31 18987.0000 9416.00000  50.4%  21.4   15s
H15552  7010                    18972.000000 9416.00000  50.4%  21.4   15s
H17554  8141                    18971.000000 9420.00000  50.3%  20.7   16s
H20544 10545                    18970.000000 9509.69430  49.9%  20.0   18s
 24920 12846 12908.5775   29   50 18970.0000 9572.00000  49.5%  19.2   20s
H30263 15656                    18969.000000 9619.23098  49.3%  18.4   22s
 37536 20347 17985.0000   77   28 18969.0000 9682.23461  49.0%  17.6   25s
 41432 23901 11741.4653   35   51 18969.0000 9714.16712  48.8%  17.1   31s
 51118 28207 16963.0000   49   33 18969.0000 9759.25486  48.6%  16.8   35s
H53953 29711                    18967.000000 9778.93820  48.4%  16.8   38s
 56517 31623 11246.1447   30   57 18967.0000 9793.75080  48.4%  16.9   40s
 64133 35580 18463.7114   60   35 18967.0000 9841.52046  48.1%  16.7   45s
H66223 36808                    18965.000000 9852.90068  48.0%  16.7   46s
H68073 37818                    18963.000000 9862.74719  48.0%  16.7   47s
 71168 40242 12547.2359   41   48 18963.0000 9878.13106  47.9%  16.6   50s
H76363 43368                    18961.000000 9900.28048  47.8%  16.6   53s
 78215 44316 14944.8294   43   45 18961.0000 9911.53203  47.7%  16.6   55s
H78321 44314                    18959.000000 9911.53203  47.7%  16.6   55s
 85248 48968 12107.6798   40   60 18959.0000 9934.88943  47.6%  16.5   61s
H89707 50467                    18838.000000 9945.41521  47.2%  16.4   63s
 92121 52246 15094.0466   53   46 18838.0000 9950.02177  47.2%  16.4   65s
 101134 57614 10276.7077   31   70 18838.0000 9971.17611  47.1%  16.3   70s
H104379 59087                    18837.000000 9976.53061  47.0%  16.2   73s
 105064 62446 10006.2468   31   69 18837.0000 9978.73955  47.0%  16.2   78s
 113079 65179 10147.1401   30   62 18837.0000 10005.4458  46.9%  16.2   81s
 120861 69568 14615.5454   36   41 18837.0000 10019.2274  46.8%  16.0   85s
 128661 73738 10403.7956   28   70 18837.0000 10036.5895  46.7%  15.9   90s
 137666 79322 10583.4934   29   76 18837.0000 10055.4364  46.6%  15.8   96s
 144512 83151 10839.5021   30   58 18837.0000 10066.1117  46.6%  15.8  100s
H149328 85809                    18836.000000 10074.3303  46.5%  15.7  103s
 152166 88263 16143.2008   56   39 18836.0000 10077.7206  46.5%  15.7  105s
 158732 90682 10862.0317   27   63 18836.0000 10088.1870  46.4%  15.6  112s
H158733 88962                    18627.000000 10088.1870  45.8%  15.6  112s
 158748 89211 11280.6232   28   60 18627.0000 10088.1870  45.8%  15.6  115s
H159162 88094                    18515.000000 10088.1870  45.5%  15.7  115s
H160794 89434                    18513.000000 10092.0359  45.5%  15.6  118s
 162541 91194 infeasible   53      18513.0000 10095.2471  45.5%  15.6  120s
 168890 95356 14784.0000   44   35 18513.0000 10106.3405  45.4%  15.7  125s
H172305 97394                    18511.000000 10111.9453  45.4%  15.6  128s
 174082 98343 infeasible   65      18511.0000 10116.0000  45.4%  15.6  130s
 181831 103378 11745.3862   39   48 18511.0000 10127.2517  45.3%  15.6  136s
H187697 100400                    18092.000000 10137.2796  44.0%  15.5  141s
H187699 98668                    17945.000000 10137.2796  43.5%  15.5  141s
H187706 95092                    17651.000000 10137.2796  42.6%  15.5  141s
 190601 98452 13904.0525   45   62 17651.0000 10141.4754  42.5%  15.5  145s
 197804 102593 15422.8757   50   38 17651.0000 10151.0130  42.5%  15.5  151s
 203601 106493 10934.5011   30   66 17651.0000 10157.8988  42.5%  15.5  155s
 211634 111034 17435.7267   47   32 17651.0000 10169.9257  42.4%  15.5  161s
 219298 115280 15855.8902   49   31 17651.0000 10179.3867  42.3%  15.4  166s
 224347 118583     cutoff   45      17651.0000 10188.3500  42.3%  15.4  170s
 233789 123655 10306.0303   28   74 17651.0000 10198.5141  42.2%  15.4  176s
 240021 127204 10260.5983   35   65 17651.0000 10207.2041  42.2%  15.3  180s
 247042 131893 11003.2507   37   55 17651.0000 10214.2198  42.1%  15.3  186s
 253078 135233 12756.3068   41   53 17651.0000 10223.0907  42.1%  15.3  190s
 260643 139596 15941.1351   54   36 17651.0000 10229.6330  42.0%  15.2  195s
 267111 143207 10693.3683   37   72 17651.0000 10237.4732  42.0%  15.2  200s
 273979 147334 10643.3861   34   61 17651.0000 10243.9477  42.0%  15.2  205s
 280619 151790 15993.0399   50   35 17651.0000 10250.9410  41.9%  15.2  210s
 287923 156051 11405.0170   40   63 17651.0000 10257.5688  41.9%  15.2  215s
 294696 160182 10948.1257   38   61 17651.0000 10262.7844  41.9%  15.1  221s
 300780 163695 10995.3374   34   75 17651.0000 10267.3140  41.8%  15.1  225s
 307777 168130 11357.8146   35   58 17651.0000 10274.0000  41.8%  15.1  230s
 313320 171339 11258.3238   38   65 17651.0000 10279.8658  41.8%  15.1  235s
 320065 175385 11307.9963   35   60 17651.0000 10285.8120  41.7%  15.1  240s
 327348 180179 17103.4139   61   25 17651.0000 10289.6835  41.7%  15.0  245s
 333856 184341 12046.9235   39   59 17651.0000 10295.8473  41.7%  15.0  251s
 339456 187800 10681.0660   35   66 17651.0000 10300.5457  41.6%  15.0  255s
 347976 192555 16391.9571   60   26 17651.0000 10306.0303  41.6%  15.0  260s
 356241 197652 infeasible   55      17651.0000 10311.4262  41.6%  15.0  265s
 364659 202802 13062.5729   35   54 17651.0000 10317.4403  41.5%  15.0  270s
 373146 207411 11518.8822   36   53 17651.0000 10324.4410  41.5%  14.9  275s
 381622 212473 10640.6900   32   74 17651.0000 10330.6175  41.5%  14.9  281s
 388320 216468 13678.1430   40   44 17651.0000 10335.6630  41.4%  14.9  285s
 397165 221131 17170.0611   45   24 17651.0000 10342.1972  41.4%  14.9  290s
 404037 226098 12277.8162   36   64 17651.0000 10346.7711  41.4%  14.9  295s
 412288 230524 11239.2200   36   60 17651.0000 10353.1186  41.3%  14.8  300s
 419126 234240 17502.1280   66   23 17651.0000 10357.4930  41.3%  14.8  305s
 425662 239273 15048.2942   52   45 17651.0000 10360.6998  41.3%  14.8  310s
 434369 243647 12995.9037   56   42 17651.0000 10365.1780  41.3%  14.8  315s
 442582 248593 10762.2597   39   72 17651.0000 10369.3946  41.3%  14.8  321s
 449492 253006 12553.1533   34   62 17651.0000 10373.6977  41.2%  14.8  325s
 456341 256902 10947.9177   36   59 17651.0000 10378.5389  41.2%  14.7  330s
 462660 260647 infeasible   49      17651.0000 10381.4265  41.2%  14.7  335s
 469163 264678 11073.3643   45   57 17651.0000 10385.1748  41.2%  14.7  341s
 475204 268276 12031.0365   38   54 17651.0000 10388.7975  41.1%  14.7  345s
 484503 273670 12243.3885   39   51 17651.0000 10393.4497  41.1%  14.7  351s
 490681 278003 infeasible   70      17651.0000 10396.0220  41.1%  14.7  356s
 496454 281316 16087.7308   52   34 17651.0000 10399.3329  41.1%  14.7  360s
 503401 285351 10998.2445   41   66 17651.0000 10403.2233  41.1%  14.7  365s
 510927 289977 10483.7547   36   76 17651.0000 10407.1071  41.0%  14.7  370s
 517517 294415 13546.1198   43   44 17651.0000 10411.2858  41.0%  14.7  375s
 524554 298467 11587.1513   42   47 17651.0000 10414.6031  41.0%  14.6  380s
 530272 301522 15293.9097   46   39 17651.0000 10417.4847  41.0%  14.6  385s
 537962 306389 11034.5626   39   56 17651.0000 10421.4338  41.0%  14.6  390s
 545099 309839 15837.1328   65   32 17651.0000 10425.0964  40.9%  14.6  395s
 550401 313609 10635.5631   33   65 17651.0000 10427.3435  40.9%  14.6  400s
 556887 317691 infeasible   53      17651.0000 10430.7457  40.9%  14.6  405s
 563615 322082 14396.3384   33   50 17651.0000 10434.7267  40.9%  14.6  410s
 570690 325784 11267.6178   35   66 17651.0000 10438.3186  40.9%  14.6  415s
 575840 328880 infeasible   46      17651.0000 10440.4587  40.9%  14.6  420s
 581473 332943 10949.0532   41   66 17651.0000 10443.0972  40.8%  14.6  425s
 588373 336608 11131.2883   37   60 17651.0000 10445.8306  40.8%  14.6  430s
 593830 339932 16936.4771   53   18 17651.0000 10448.0825  40.8%  14.6  435s
 600490 343808 16399.7362   50   35 17651.0000 10451.1766  40.8%  14.6  440s
 606737 348087 13373.0381   31   54 17651.0000 10454.2207  40.8%  14.6  446s
 612027 350800 12710.8347   41   46 17651.0000 10456.7125  40.8%  14.6  450s
 617412 354550 13679.6352   46   42 17651.0000 10459.3163  40.7%  14.6  455s
 624531 359027 17023.0000   60   23 17651.0000 10462.6244  40.7%  14.5  460s
 630094 362152 17304.2994   47   23 17651.0000 10464.7350  40.7%  14.5  465s
 636792 365945 17071.4304   53   28 17651.0000 10467.8623  40.7%  14.5  470s
 641425 369219 infeasible   51      17651.0000 10470.1830  40.7%  14.5  475s
 648524 372920 12255.2733   47   50 17651.0000 10472.8791  40.7%  14.5  480s
 654387 376960 16917.2515   58   32 17651.0000 10475.6690  40.7%  14.5  486s
 659999 380389 12986.9637   36   49 17651.0000 10477.8936  40.6%  14.5  491s
 665694 383583 11244.1873   36   66 17651.0000 10480.6121  40.6%  14.5  496s
 671235 386625 13300.5905   36   39 17651.0000 10482.6750  40.6%  14.5  500s
 676297 390111 17626.7726   83   20 17651.0000 10484.9752  40.6%  14.5  505s
 681889 393325 13847.4394   49   40 17651.0000 10487.2848  40.6%  14.5  510s
 687412 396626 10727.9141   37   69 17651.0000 10489.8745  40.6%  14.5  515s
 692887 399847 17279.0000   81   19 17651.0000 10492.0571  40.6%  14.5  520s
 698203 402735 14046.1710   47   52 17651.0000 10494.3330  40.5%  14.5  525s
 705151 406920 17545.5540   59   17 17651.0000 10497.0354  40.5%  14.4  531s
 708491 409034 13242.3513   43   52 17651.0000 10498.1068  40.5%  14.4  535s
 715481 413034 16601.0000   49   24 17651.0000 10500.5498  40.5%  14.4  541s
 720950 416268 16648.9240   54   26 17651.0000 10502.1993  40.5%  14.4  546s
 724392 418280 11053.9982   31   66 17651.0000 10503.2037  40.5%  14.4  550s
 730394 422285 infeasible   32      17651.0000 10505.2753  40.5%  14.4  556s
 734003 424667 10869.7905   34   69 17651.0000 10506.6246  40.5%  14.4  560s
 739612 428120 17219.3242   65   24 17651.0000 10508.4404  40.5%  14.4  567s
 743296 430239 11065.8753   44   62 17651.0000 10510.0268  40.5%  14.4  571s
 748802 433500 17513.9429   56   20 17651.0000 10511.2646  40.4%  14.4  576s
 751739 435228 11749.7924   42   58 17651.0000 10512.2748  40.4%  14.4  580s
 757220 438160 infeasible   52      17651.0000 10514.2836  40.4%  14.4  586s
 760465 440683 infeasible   70      17651.0000 10515.2479  40.4%  14.4  590s
 765710 443248 11376.2451   44   60 17651.0000 10517.0000  40.4%  14.4  596s
 768288 445660 11173.5449   43   74 17651.0000 10518.0266  40.4%  14.4  600s
 774677 449153 10857.9004   28   58 17651.0000 10520.1836  40.4%  14.4  607s
 778034 451599 14958.7082   72   28 17651.0000 10521.4648  40.4%  14.4  611s
 781666 453453 14732.3707   42   33 17651.0000 10522.5141  40.4%  14.4  616s
 785195 455316     cutoff   50      17651.0000 10523.8336  40.4%  14.4  620s
 790205 458469 10684.0345   29   71 17651.0000 10525.5115  40.4%  14.4  626s
 794834 461049 infeasible   68      17651.0000 10526.8937  40.4%  14.4  632s
 798406 463242 12221.8030   35   62 17651.0000 10528.0000  40.4%  14.4  636s
 801916 465581 11500.1891   35   69 17651.0000 10529.0000  40.3%  14.4  641s
 806274 467632 11415.1554   37   55 17651.0000 10530.3481  40.3%  14.4  645s
 810219 470373 13608.7940   42   53 17651.0000 10531.7753  40.3%  14.4  650s
 815471 473050     cutoff   58      17651.0000 10533.3964  40.3%  14.4  656s
 818823 475160 11084.8561   32   76 17651.0000 10534.5635  40.3%  14.4  661s
 822373 477428 13264.0000   32   45 17651.0000 10535.4200  40.3%  14.4  665s
 826464 479717 14870.5760   53   42 17651.0000 10536.7256  40.3%  14.4  670s
 830802 481780 11086.9728   37   69 17651.0000 10538.0604  40.3%  14.4  675s
 834804 484484 10704.8006   36   60 17651.0000 10539.5693  40.3%  14.4  681s
 838750 487253 infeasible   69      17651.0000 10540.5763  40.3%  14.4  685s
 843761 490351 11361.9191   31   69 17651.0000 10542.1904  40.3%  14.4  691s
 847314 492390 12029.5742   37   62 17651.0000 10543.0743  40.3%  14.4  695s
 852817 495353 10749.6636   37   64 17651.0000 10544.8775  40.3%  14.4  701s
 856128 497517 17164.4188   45   35 17651.0000 10545.9763  40.3%  14.4  706s
 860561 500371 11324.5510   34   53 17651.0000 10547.7002  40.2%  14.4  712s
 863874 502779 12825.2654   44   51 17651.0000 10548.8518  40.2%  14.4  717s
 868074 504547 17012.8680   54   27 17651.0000 10549.8936  40.2%  14.4  721s
 871907 506624 11034.5359   34   68 17651.0000 10550.6901  40.2%  14.4  725s
 875170 508673 10976.1178   35   72 17651.0000 10551.7108  40.2%  14.4  730s
 879759 511187 10858.8601   36   56 17651.0000 10553.3815  40.2%  14.4  735s
 881959 513248 17507.4038   55   30 17651.0000 10554.1254  40.2%  14.4  740s
 888043 516389 16331.5136   55   30 17651.0000 10556.0508  40.2%  14.4  746s
 891663 518664 10801.1016   34   70 17651.0000 10557.1769  40.2%  14.4  751s
 895082 520697 11953.6909   32   50 17651.0000 10558.1858  40.2%  14.4  756s
 898835 522747 11078.2407   29   71 17651.0000 10559.3750  40.2%  14.4  760s
 903346 525824 16986.7169   50   37 17651.0000 10560.9872  40.2%  14.4  767s
 907231 527949 14544.4622   33   50 17651.0000 10562.2638  40.2%  14.4  771s
 910369 529772 11717.0704   44   60 17651.0000 10563.1941  40.2%  14.4  775s
 913699 531583 11525.7245   39   60 17651.0000 10564.2458  40.1%  14.4  780s
 917396 533756 17559.6659   71   23 17651.0000 10565.1829  40.1%  14.4  785s
 921676 536250 13384.0000   35   51 17651.0000 10566.3353  40.1%  14.4  790s
 924721 538280 11279.8868   44   56 17651.0000 10567.2433  40.1%  14.4  795s
 929747 542107 10835.9829   37   59 17651.0000 10568.6172  40.1%  14.4  801s
 933799 544121 12008.3953   35   62 17651.0000 10569.2434  40.1%  14.4  806s
 937678 546218 13719.0196   46   54 17651.0000 10570.4577  40.1%  14.4  811s
 941019 548014 11401.2072   29   66 17651.0000 10571.4143  40.1%  14.4  815s
 944783 550198     cutoff   51      17651.0000 10572.6962  40.1%  14.4  820s
 948463 552460 infeasible   48      17651.0000 10573.9311  40.1%  14.4  825s
 953114 555045 11193.5287   33   57 17651.0000 10575.1433  40.1%  14.4  831s
 956829 557474 16515.9546   45   32 17651.0000 10576.5371  40.1%  14.4  836s
 960738 559887 16311.7579   54   28 17651.0000 10577.5300  40.1%  14.4  841s
 962060 561589 12877.2139   42   48 17651.0000 10578.0000  40.1%  14.4  845s
 967782 564681 infeasible   59      17651.0000 10579.4980  40.1%  14.4  852s
 970516 565888 10791.5328   29   70 17651.0000 10580.2245  40.1%  14.4  855s
 975103 569051 15613.9840   61   42 17651.0000 10581.2130  40.1%  14.4  860s
 981134 572274 15746.5992   56   37 17651.0000 10582.7620  40.0%  14.4  866s
 984536 574811 14011.6410   39   49 17651.0000 10583.9765  40.0%  14.4  871s
 990845 577590 17576.6347   63   23 17651.0000 10585.5753  40.0%  14.4  876s
 994087 579747 11658.5675   39   55 17651.0000 10586.4184  40.0%  14.4  880s
 999571 582725 17465.7129   58   24 17651.0000 10587.9971  40.0%  14.4  885s
 1004463 585695 13917.1313   46   40 17651.0000 10589.2122  40.0%  14.4  891s
 1008596 587883 12522.6716   40   54 17651.0000 10590.5076  40.0%  14.4  895s
 1013487 591208 16840.5743   61   37 17651.0000 10591.8326  40.0%  14.4  901s
 1016736 593411 17464.0000   57   23 17651.0000 10592.6047  40.0%  14.4  905s
 1021947 596359 infeasible   45      17651.0000 10594.3538  40.0%  14.4  910s
 1027059 599585 11253.7254   34   56 17651.0000 10595.7025  40.0%  14.4  916s
 1030430 601779 15859.5042   47   34 17651.0000 10596.6193  40.0%  14.4  920s
 1036205 604773 16315.0494   50   42 17651.0000 10598.5747  40.0%  14.4  926s
 1040815 607859 11066.4780   28   65 17651.0000 10599.7171  39.9%  14.4  931s
 1045184 610552 16148.1125   37   42 17651.0000 10600.9825  39.9%  14.4  936s
 1048876 612965 11154.0470   32   60 17651.0000 10602.1969  39.9%  14.4  941s
 1053172 614610 10636.1979   38   61 17651.0000 10603.4973  39.9%  14.4  945s
 1057508 617381 12375.1990   38   57 17651.0000 10604.7552  39.9%  14.4  950s
 1062852 620601 17035.1974   71   24 17651.0000 10606.5657  39.9%  14.4  955s
 1067822 624057 10683.1208   36   66 17651.0000 10607.7380  39.9%  14.4  961s
 1070899 625989 16339.4257   57   22 17651.0000 10608.5497  39.9%  14.4  965s
 1076901 628904 11432.5562   35   72 17651.0000 10610.1859  39.9%  14.4  971s
 1080200 631343 10962.3982   33   63 17651.0000 10611.0991  39.9%  14.4  975s
 1084717 634038 11061.5596   37   72 17651.0000 10612.2921  39.9%  14.4  981s
 1088277 636563 infeasible   64      17651.0000 10613.3500  39.9%  14.4  985s
 1095341 639748 infeasible   59      17651.0000 10614.5902  39.9%  14.4  991s
 1099515 642778 14741.8242   45   38 17651.0000 10615.7769  39.9%  14.4  996s
 1103529 644630 10993.1424   36   60 17651.0000 10616.5901  39.9%  14.4 1000s
 1107962 647447 infeasible   70      17651.0000 10617.8819  39.8%  14.4 1005s
 1112876 650839 11595.3177   41   56 17651.0000 10619.2490  39.8%  14.4 1012s
 1116795 653094 17527.6737   51   33 17651.0000 10619.9019  39.8%  14.4 1015s
 1122674 655736 16149.4274   55   39 17651.0000 10621.1033  39.8%  14.4 1021s
 1125898 657835 16597.2839   63   23 17651.0000 10621.7017  39.8%  14.4 1025s
 1131065 661326 15240.6657   53   53 17651.0000 10622.6952  39.8%  14.4 1031s
 1134367 662909 13324.2026   42   47 17651.0000 10623.7181  39.8%  14.4 1035s
 1139624 665926 11035.3092   36   55 17651.0000 10624.9137  39.8%  14.4 1040s
 1142885 668272 infeasible   53      17651.0000 10625.8382  39.8%  14.4 1045s
 1148228 670843 10680.9486   33   69 17651.0000 10627.0336  39.8%  14.4 1050s
 1153563 674032 17545.5692   51   31 17651.0000 10628.1459  39.8%  14.4 1056s
 1157336 676841 14633.1157   50   35 17651.0000 10629.1879  39.8%  14.4 1062s
 1161752 679328 17330.9889   70   19 17651.0000 10630.3605  39.8%  14.4 1066s
 1165392 681223 10854.0480   31   62 17651.0000 10631.0845  39.8%  14.4 1070s
 1170396 683895 16953.0459   62   38 17651.0000 10632.1385  39.8%  14.4 1076s
 1173956 685905 12438.7059   40   53 17651.0000 10633.1414  39.8%  14.4 1080s
 1177375 687905 17546.1583   50   24 17651.0000 10633.9478  39.8%  14.4 1085s
 1181748 690478 11535.1031   42   67 17651.0000 10635.0000  39.7%  14.4 1090s
 1186593 693914 11253.7568   31   51 17651.0000 10636.1179  39.7%  14.4 1096s
 1190523 696544 13672.8932   48   39 17651.0000 10636.9925  39.7%  14.4 1101s
 1194549 698722 11215.0316   42   69 17651.0000 10637.7940  39.7%  14.4 1105s
 1199526 701171     cutoff   53      17651.0000 10638.8821  39.7%  14.4 1110s
 1204859 704132 11554.9826   47   50 17651.0000 10640.4487  39.7%  14.4 1116s
 1208355 706232 14921.1335   63   26 17651.0000 10641.4136  39.7%  14.4 1120s
 1210829 708777 11281.3618   41   62 17651.0000 10641.9127  39.7%  14.4 1125s
 1216440 712073 11048.2537   35   58 17651.0000 10643.2157  39.7%  14.4 1131s
 1220568 714277 15650.8658   68   39 17651.0000 10643.9985  39.7%  14.4 1136s
 1224539 716109 10723.8185   37   85 17651.0000 10644.8779  39.7%  14.4 1140s
 1229574 719362 14762.5986   52   38 17651.0000 10645.9736  39.7%  14.4 1145s
H1232178 697988                    17417.000000 10646.6785  38.9%  14.4 1148s
 1233076 697973 13126.5420   34   42 17417.0000 10646.8578  38.9%  14.4 1151s
H1234263 698858                    17416.000000 10647.2764  38.9%  14.4 1155s
H1236245 699894                    17415.000000 10647.7328  38.9%  14.4 1160s
 1236762 704024 12988.1797   36   44 17415.0000 10647.8001  38.9%  14.4 1173s
H1243479 704655                    17414.000000 10649.1700  38.8%  14.4 1177s
H1244810 705389                    17412.000000 10649.3999  38.8%  14.4 1180s
H1246445 706473                    17411.000000 10649.9951  38.8%  14.4 1184s
H1248673 707072                    17409.000000 10650.0368  38.8%  14.4 1187s
H1250144 707724                    17407.000000 10650.0368  38.8%  14.4 1191s
H1251490 708347                    17405.000000 10650.4795  38.8%  14.4 1194s
H1252958 709227                    17404.000000 10651.1974  38.8%  14.4 1198s
 1254697 710039 17223.8200   61   35 17404.0000 10651.4983  38.8%  14.4 1202s
H1254698 709778                    17402.000000 10651.4983  38.8%  14.4 1202s
 1256071 710611 infeasible   62      17402.0000 10651.9360  38.8%  14.4 1205s
H1256073 710522                    17401.000000 10651.9360  38.8%  14.4 1205s
H1257655 710844                    17400.000000 10652.0453  38.8%  14.4 1208s
 1258416 712882 11269.5192   34   65 17400.0000 10652.7721  38.8%  14.4 1214s
H1261816 706088                    17341.000000 10653.4980  38.6%  14.4 1221s
 1263070 707562 11423.1734   34   60 17341.0000 10653.9560  38.6%  14.4 1228s
 1264455 708799 16379.1629   37   39 17341.0000 10654.0000  38.6%  14.5 1232s
 1266687 710127 infeasible   55      17341.0000 10654.8207  38.6%  14.5 1236s
 1269025 711287 16602.1219   55   28 17341.0000 10655.2055  38.6%  14.5 1241s
 1271343 712556 12816.1776   43   40 17341.0000 10655.8201  38.6%  14.5 1245s
 1275608 715177 12271.0380   44   52 17341.0000 10657.1019  38.5%  14.5 1253s
 1277779 716427 11700.9857   44   49 17341.0000 10657.3280  38.5%  14.5 1256s
 1281061 719074 15419.7230   47   42 17341.0000 10658.3147  38.5%  14.5 1264s
 1284405 719781 infeasible   69      17341.0000 10658.8670  38.5%  14.5 1267s
 1287168 722059 17175.6646   46   27 17341.0000 10659.7352  38.5%  14.5 1272s
 1289372 723037 13091.1010   47   46 17341.0000 10660.0030  38.5%  14.5 1275s
 1292545 724977 17242.8689   66   28 17341.0000 10660.6728  38.5%  14.5 1280s
 1296035 726939 10939.7906   26   59 17341.0000 10661.4896  38.5%  14.5 1286s
 1299762 729538 15521.7963   59   32 17341.0000 10662.3325  38.5%  14.5 1292s
 1302332 730350 13497.8530   43   54 17341.0000 10663.0322  38.5%  14.5 1295s
 1303755 732348 17182.6122   59   42 17341.0000 10663.3728  38.5%  14.5 1300s
 1310269 734907 11351.3399   34   67 17341.0000 10664.6753  38.5%  14.5 1307s
 1312917 736968 10780.8194   36   67 17341.0000 10665.2618  38.5%  14.5 1312s
 1314954 738051 11835.8675   35   48 17341.0000 10665.6881  38.5%  14.5 1315s
 1318180 740195 12632.4199   40   59 17341.0000 10666.7400  38.5%  14.5 1321s
 1321739 742345 16712.0000   56   21 17341.0000 10667.1765  38.5%  14.5 1326s
 1325408 744725 14005.8049   48   47 17341.0000 10668.0956  38.5%  14.5 1334s
 1328155 745675 12516.2572   44   50 17341.0000 10668.7832  38.5%  14.5 1336s
 1329678 747203 16990.5283   68   17 17341.0000 10668.8792  38.5%  14.5 1340s
 1333527 749551 12000.7807   33   60 17341.0000 10669.6939  38.5%  14.5 1345s
 1337431 751721 17199.5555   63   27 17341.0000 10670.3347  38.5%  14.5 1351s
 1341015 754193 13499.2784   42   49 17341.0000 10671.1114  38.5%  14.5 1357s
 1343598 755303 16295.0254   50   32 17341.0000 10671.4512  38.5%  14.5 1360s
 1346761 758077 13112.8388   45   45 17341.0000 10672.0449  38.5%  14.5 1367s
 1351125 759628 10864.0000   42   58 17341.0000 10672.6877  38.5%  14.5 1371s
 1354477 761836 14439.2958   53   39 17341.0000 10673.5612  38.4%  14.5 1377s
 1356301 762704 14177.8408   55   40 17341.0000 10673.8844  38.4%  14.5 1380s
 1359741 764681 11882.0996   34   58 17341.0000 10674.5313  38.4%  14.5 1385s
 1363711 766686 12244.0790   32   60 17341.0000 10675.3541  38.4%  14.5 1391s
 1367168 768925 10801.1801   38   58 17341.0000 10676.0565  38.4%  14.5 1397s
 1368560 770798 15904.0954   52   31 17341.0000 10676.5293  38.4%  14.5 1401s
 1373029 772396 15564.0000   51   33 17341.0000 10677.3812  38.4%  14.5 1406s
 1374535 773746 10726.4539   35   73 17341.0000 10677.7521  38.4%  14.5 1410s
 1378254 775659 14786.0624   49   40 17341.0000 10678.5683  38.4%  14.5 1415s
 1381808 777632 11353.6521   33   66 17341.0000 10679.2410  38.4%  14.5 1421s
 1385259 779549 13831.0000   55   46 17341.0000 10680.0638  38.4%  14.5 1426s
 1389214 781724 13863.2659   35   44 17341.0000 10680.7915  38.4%  14.5 1432s
 1390604 782864 16547.0000   43   27 17341.0000 10681.1549  38.4%  14.5 1435s
 1394939 785271 15383.8266   38   39 17341.0000 10682.0569  38.4%  14.5 1442s
 1396681 786420 11287.0331   40   68 17341.0000 10682.5330  38.4%  14.5 1445s
 1400113 789004 10911.9116   33   69 17341.0000 10683.3099  38.4%  14.5 1452s
 1403146 789875 17085.5122   63   33 17341.0000 10683.8704  38.4%  14.5 1455s
 1406293 791787 infeasible   71      17341.0000 10684.5460  38.4%  14.5 1460s
 1410355 793959 14959.4174   46   43 17341.0000 10685.4218  38.4%  14.5 1465s
 1413612 796803 11123.8843   37   65 17341.0000 10685.9657  38.4%  14.5 1472s
 1417963 799386 11632.9864   41   65 17341.0000 10686.9674  38.4%  14.5 1477s
 1422240 801560 15764.0000   55   33 17341.0000 10687.6099  38.4%  14.5 1482s
 1425847 803906 11286.4007   41   60 17341.0000 10688.2229  38.4%  14.5 1487s
 1429615 805778 12785.8023   38   42 17341.0000 10689.0111  38.4%  14.5 1492s
 1432678 808272 15212.8400   63   26 17341.0000 10689.6019  38.4%  14.5 1497s
 1435596 809067 12127.4647   40   49 17341.0000 10690.1770  38.4%  14.5 1500s
 1439080 811263 infeasible   51      17341.0000 10690.8190  38.3%  14.5 1505s
 1442713 813262 16831.0000   71   24 17341.0000 10691.4172  38.3%  14.5 1510s
 1447202 815493 11002.6553   41   51 17341.0000 10692.2941  38.3%  14.5 1516s
 1448640 815730 15404.3571   47   34 17341.0000 10692.5975  38.3%  14.5 1520s
 1450526 817462 11946.3949   33   51 17341.0000 10693.0710  38.3%  14.6 1526s
 1453532 819378 15935.7148   53   32 17341.0000 10693.7107  38.3%  14.6 1531s
 1457349 821677 17246.0296   61   28 17341.0000 10694.2746  38.3%  14.6 1538s
 1459913 822614 10809.5205   33   66 17341.0000 10694.7727  38.3%  14.6 1540s
 1464199 825031 16834.1053   44   34 17341.0000 10695.3706  38.3%  14.6 1546s
 1467724 827162 17078.3985   47   30 17341.0000 10696.2209  38.3%  14.6 1551s
 1469231 828743 16551.5307   46   39 17341.0000 10696.5495  38.3%  14.6 1555s
 1473212 830445 11590.2977   41   60 17341.0000 10697.2041  38.3%  14.6 1560s
 1477407 832771 16619.5201   56   31 17341.0000 10698.0784  38.3%  14.6 1566s
 1481350 835047 12819.5775   42   50 17341.0000 10698.8110  38.3%  14.6 1572s
 1484539 836556 11226.8064   37   77 17341.0000 10699.1992  38.3%  14.6 1575s
 1487824 839556 14435.0204   50   52 17341.0000 10699.9304  38.3%  14.6 1582s
 1491500 841465 15115.9592   59   31 17341.0000 10700.5700  38.3%  14.6 1587s
 1493713 842422 10914.5435   36   62 17341.0000 10700.8248  38.3%  14.6 1590s
 1497627 844981 14146.8724   57   42 17341.0000 10701.4037  38.3%  14.6 1595s
 1501887 847216 infeasible   65      17341.0000 10702.1019  38.3%  14.6 1601s
 1504616 849385 15996.2363   57   25 17341.0000 10702.7633  38.3%  14.6 1607s
 1507979 851099 16108.9281   58   30 17341.0000 10703.3597  38.3%  14.6 1611s
 1511957 853308 10724.4486   40   63 17341.0000 10704.1184  38.3%  14.6 1617s
 1513472 854804 10879.3071   42   51 17341.0000 10704.4014  38.3%  14.6 1620s
 1517332 857436 14418.9056   46   48 17341.0000 10704.9132  38.3%  14.6 1626s
 1521843 859791 16387.6006   73   26 17341.0000 10705.8890  38.3%  14.6 1631s
 1525187 861824 15424.0000   47   32 17341.0000 10706.4757  38.3%  14.6 1637s
 1528814 863441 16934.2503   57   30 17341.0000 10707.2961  38.3%  14.6 1642s
 1532203 865413 11322.1867   33   64 17341.0000 10708.0711  38.2%  14.6 1647s
 1535610 867488 10840.8812   34   62 17341.0000 10708.7122  38.2%  14.6 1652s
 1537713 868359 13793.0567   52   47 17341.0000 10709.0829  38.2%  14.6 1655s
 1541741 870766 11067.7464   34   69 17341.0000 10709.7857  38.2%  14.6 1661s
 1543101 872320 17220.0000   68   23 17341.0000 10710.0934  38.2%  14.6 1665s
 1547327 874516 16823.3284   52   37 17341.0000 10710.9635  38.2%  14.6 1670s
 1550960 876676 infeasible   58      17341.0000 10711.7290  38.2%  14.6 1676s
 1554746 878628 10886.7815   40   69 17341.0000 10712.5886  38.2%  14.6 1682s
 1558366 880916 12230.6059   40   61 17341.0000 10713.3246  38.2%  14.6 1688s
 1560699 881848 16214.8813   72   26 17341.0000 10713.7682  38.2%  14.6 1690s
 1564631 884504     cutoff   59      17341.0000 10714.4740  38.2%  14.6 1697s
 1568203 886783 15480.1270   52   37 17341.0000 10715.1275  38.2%  14.6 1702s
 1570527 887856 11201.8791   40   49 17341.0000 10715.5918  38.2%  14.6 1706s
 1573927 889601 11346.1211   38   69 17341.0000 10716.3027  38.2%  14.6 1710s
 1577155 891747 16991.2733   69   23 17341.0000 10716.8435  38.2%  14.6 1716s
 1581193 893827 17009.0000   60   24 17341.0000 10717.4117  38.2%  14.6 1721s
 1585153 895981 11011.8423   38   61 17341.0000 10718.1433  38.2%  14.6 1727s
 1586407 897297 16525.7172   57   33 17341.0000 10718.4123  38.2%  14.6 1730s
 1590119 899140 16138.3829   54   36 17341.0000 10719.1271  38.2%  14.6 1735s
 1593168 901580 15771.4501   44   38 17341.0000 10719.7390  38.2%  14.6 1741s
 1596884 903167 13648.8054   46   43 17341.0000 10720.2785  38.2%  14.6 1746s
 1600449 905508 14215.8198   54   41 17341.0000 10721.0173  38.2%  14.6 1751s
 1603839 907220 11913.0963   39   63 17341.0000 10721.4974  38.2%  14.6 1757s
 1605419 908971 11289.7298   44   61 17341.0000 10721.6400  38.2%  14.6 1761s
 1609746 911089 infeasible   51      17341.0000 10722.4081  38.2%  14.6 1768s
 1611783 912031 14660.2720   36   46 17341.0000 10722.8795  38.2%  14.6 1771s
 1615431 914218 11000.2104   30   61 17341.0000 10723.3821  38.2%  14.6 1777s
 1616801 915719 12576.5980   43   67 17341.0000 10723.6017  38.2%  14.6 1782s
 1619341 916514 11420.3140   40   64 17341.0000 10724.0517  38.2%  14.6 1785s
 1622175 918869 14950.7933   56   37 17341.0000 10724.5182  38.2%  14.6 1792s
 1624370 919556 17004.3567   53   32 17341.0000 10724.8547  38.2%  14.6 1795s
 1627671 921681 12154.9508   39   55 17341.0000 10725.5596  38.1%  14.6 1801s
 1629140 923076 15978.6898   35   40 17341.0000 10725.8298  38.1%  14.6 1805s
 1632982 924789 16660.9581   76   21 17341.0000 10726.5534  38.1%  14.6 1811s
 1635809 926937 14044.8826   54   39 17341.0000 10727.1460  38.1%  14.6 1818s
 1638054 927637 12905.5283   43   49 17341.0000 10727.4850  38.1%  14.6 1821s
 1640868 929435 11337.5621   38   67 17341.0000 10728.0667  38.1%  14.6 1828s
 1642746 930353 15789.0456   62   44 17341.0000 10728.3725  38.1%  14.6 1831s
 1644203 931457 17171.0000   56   33 17341.0000 10728.7151  38.1%  14.6 1835s
 1646117 932862 11383.1926   41   55 17341.0000 10729.0000  38.1%  14.6 1840s
 1650336 935548 10921.7722   31   73 17341.0000 10729.5674  38.1%  14.6 1848s
 1653144 936809 15630.2362   49   33 17341.0000 10729.9825  38.1%  14.6 1852s
 1655646 937578 infeasible   68      17341.0000 10730.5411  38.1%  14.6 1855s
 1658987 939887 infeasible   76      17341.0000 10731.0005  38.1%  14.6 1861s
 1661873 942186 infeasible   49      17341.0000 10731.4509  38.1%  14.6 1869s
 1664524 942966 17138.2469   83   18 17341.0000 10731.9292  38.1%  14.6 1872s
 1665787 944272 11149.2013   37   59 17341.0000 10732.0724  38.1%  14.6 1877s
 1668058 945989 14857.5782   40   37 17341.0000 10732.6591  38.1%  14.6 1882s
 1670727 947499 11337.8945   45   69 17341.0000 10732.9335  38.1%  14.6 1886s
 1673902 948176 17128.6001   64   23 17341.0000 10733.6405  38.1%  14.6 1890s
 1676594 950003 11465.4971   34   60 17341.0000 10734.2085  38.1%  14.6 1896s
 1678056 951546 14556.5315   33   37 17341.0000 10734.4899  38.1%  14.6 1901s
 1682156 953300 11013.5323   31   67 17341.0000 10735.2580  38.1%  14.6 1907s
 1683502 954762 12007.7281   40   61 17341.0000 10735.4124  38.1%  14.6 1911s
 1687328 956609 11285.6891   34   68 17341.0000 10736.1348  38.1%  14.6 1918s
 1689159 958411 12437.9745   41   62 17341.0000 10736.3883  38.1%  14.7 1924s
 1690863 958411 17277.3863   71   21 17341.0000 10736.5712  38.1%  14.7 1925s
 1693804 960871 15404.7194   49   35 17341.0000 10737.2892  38.1%  14.7 1933s
 1696587 961975 11164.2652   37   55 17341.0000 10737.7111  38.1%  14.7 1936s
 1698157 963203 14193.5212   55   37 17341.0000 10737.9805  38.1%  14.7 1940s
 1702457 965485 14192.2778   41   56 17341.0000 10738.6823  38.1%  14.6 1947s
 1703934 966866     cutoff   55      17341.0000 10738.9029  38.1%  14.7 1951s
 1707805 969328 15898.7197   48   35 17341.0000 10739.6030  38.1%  14.7 1959s
 1710398 969832 14041.7635   51   40 17341.0000 10739.9115  38.1%  14.6 1961s
 1711210 971058 12402.7642   46   59 17341.0000 10740.0164  38.1%  14.6 1965s
 1714504 972990 12779.7472   31   50 17341.0000 10740.7838  38.1%  14.7 1971s
 1718001 975113 11123.3378   27   61 17341.0000 10741.2501  38.1%  14.7 1978s
 1720058 976013 11278.8768   36   67 17341.0000 10741.6606  38.1%  14.7 1981s
 1721527 977337 11422.6517   38   57 17341.0000 10741.8326  38.1%  14.7 1985s
 1725227 979692 15611.0548   69   31 17341.0000 10742.3902  38.1%  14.7 1992s
 1727759 980357 13327.0228   44   50 17341.0000 10742.7220  38.1%  14.6 1995s
 1730853 982384 infeasible   52      17341.0000 10743.2916  38.0%  14.6 2002s
 1732243 983877 10845.3787   30   71 17341.0000 10743.5446  38.0%  14.7 2006s
 1736149 986236 11134.6371   35   62 17341.0000 10744.1505  38.0%  14.7 2014s
 1738905 986913 12502.0746   39   57 17341.0000 10744.5758  38.0%  14.6 2017s
 1740085 987835 11676.0000   39   51 17341.0000 10744.9502  38.0%  14.7 2020s
 1743259 989903 13796.1538   49   41 17341.0000 10745.4207  38.0%  14.7 2027s
 1744845 991485 12024.2262   30   54 17341.0000 10745.6838  38.0%  14.7 2031s
 1747406 992222 11018.2544   32   64 17341.0000 10746.0000  38.0%  14.7 2035s
 1751122 994649 11125.7356   38   67 17341.0000 10746.5625  38.0%  14.7 2042s
 1752465 996310 infeasible   47      17341.0000 10746.8688  38.0%  14.7 2047s
 1755333 997110 16804.0292   55   31 17341.0000 10747.0874  38.0%  14.7 2051s
 1756700 998458 15263.0000   50   33 17341.0000 10747.5850  38.0%  14.7 2055s
 1760406 1000650 16462.2928   49   32 17341.0000 10748.1385  38.0%  14.7 2061s
 1763933 1002292 16484.5759   47   34 17341.0000 10748.7528  38.0%  14.7 2067s
 1765430 1003637 14739.7581   44   44 17341.0000 10749.0079  38.0%  14.7 2070s
 1769210 1005370 12091.4700   40   62 17341.0000 10749.6749  38.0%  14.7 2076s
 1770785 1006714 16804.6299   53   30 17341.0000 10750.0125  38.0%  14.7 2081s
 1774717 1009153 13269.7153   33   51 17341.0000 10750.6255  38.0%  14.7 2088s
 1777501 1009882 14460.0000   37   42 17341.0000 10751.2218  38.0%  14.7 2090s
 1780663 1011984 11463.3913   47   61 17341.0000 10751.7761  38.0%  14.7 2096s
 1782111 1013303 17325.2037   58   30 17341.0000 10751.9539  38.0%  14.7 2100s
 1785751 1015515 14488.7664   46   39 17341.0000 10752.6466  38.0%  14.7 2106s
 1789476 1016980 12558.0664   51   44 17341.0000 10753.2123  38.0%  14.7 2112s
 1790944 1018145 11093.2858   40   58 17341.0000 10753.4925  38.0%  14.7 2115s
 1794713 1020236 11152.6252   35   58 17341.0000 10754.1731  38.0%  14.7 2122s
 1798302 1021703 11511.1865   39   60 17341.0000 10754.7398  38.0%  14.7 2127s
 1799616 1023028 11302.1777   39   50 17341.0000 10754.9897  38.0%  14.7 2130s
 1803243 1025568 14755.2235   37   52 17341.0000 10755.3931  38.0%  14.7 2136s
 1807464 1027485 13625.3758   39   46 17341.0000 10755.9540  38.0%  14.7 2143s
 1809203 1028907 11294.1623   41   60 17341.0000 10756.2979  38.0%  14.7 2146s
 1812599 1030495 17137.9478   54   31 17341.0000 10756.8584  38.0%  14.7 2151s
 1814152 1031894 11244.8668   33   54 17341.0000 10756.9669  38.0%  14.7 2155s
 1818207 1034406 14459.9643   52   38 17341.0000 10757.5198  38.0%  14.7 2162s
 1821233 1035030 17242.1729   54   32 17341.0000 10758.0810  38.0%  14.7 2165s
 1823892 1036718 11330.7102   41   58 17341.0000 10758.5159  38.0%  14.7 2171s
 1825407 1038153 16173.3042   59   48 17341.0000 10758.7993  38.0%  14.7 2175s
 1829598 1040089 17292.9919   67   32 17341.0000 10759.5167  38.0%  14.7 2181s
 1833010 1042302 11094.6898   39   67 17341.0000 10760.1351  37.9%  14.7 2188s
 1835347 1043142 11673.2852   36   63 17341.0000 10760.4478  37.9%  14.7 2191s
 1839605 1045461 10964.0000   36   58 17341.0000 10761.0640  37.9%  14.7 2198s
 1841239 1046927     cutoff   57      17341.0000 10761.3345  37.9%  14.7 2201s
 1845087 1049136 infeasible   69      17341.0000 10761.7086  37.9%  14.7 2207s
 1847313 1050041 15743.7716   58   27 17341.0000 10762.1018  37.9%  14.7 2210s
 1850389 1052184 11350.9968   39   65 17341.0000 10762.6727  37.9%  14.7 2218s
 1852667 1053021 12072.5058   41   59 17341.0000 10762.9575  37.9%  14.7 2221s
 1854783 1054546 16336.7953   54   30 17341.0000 10763.3038  37.9%  14.7 2225s
 1858095 1056864 infeasible   58      17341.0000 10763.9619  37.9%  14.7 2232s
 1860928 1057642 17150.6406   61   29 17341.0000 10764.3467  37.9%  14.7 2235s
 1864219 1060459 11604.4308   35   56 17341.0000 10764.8670  37.9%  14.7 2244s
 1867037 1061442 12126.2121   31   52 17341.0000 10765.2136  37.9%  14.7 2248s
 1868689 1062880 12725.5812   45   49 17341.0000 10765.3918  37.9%  14.7 2252s
 1871324 1063692 17054.8551   58   25 17341.0000 10765.7424  37.9%  14.7 2256s
 1872886 1065431 13372.0000   41   40 17341.0000 10766.0045  37.9%  14.7 2260s
 1877022 1068083 11613.4019   45   54 17341.0000 10766.5457  37.9%  14.7 2267s
 1879925 1068769 14743.4280   59   30 17341.0000 10766.9771  37.9%  14.7 2270s
 1882711 1071297 16725.1989   43   35 17341.0000 10767.3191  37.9%  14.7 2277s
 1886346 1072655 10973.0000   37   60 17341.0000 10767.8674  37.9%  14.7 2281s
 1889543 1074485 11681.8155   44   50 17341.0000 10768.3132  37.9%  14.7 2286s
 1890936 1075961 16228.0000   84   17 17341.0000 10768.4857  37.9%  14.7 2290s
 1894691 1077401 17005.1248   56   40 17341.0000 10768.9821  37.9%  14.7 2295s
 1898363 1079535 13496.3757   47   50 17341.0000 10769.4064  37.9%  14.7 2302s
 1899577 1080434 11939.0000   39   68 17341.0000 10769.6193  37.9%  14.7 2305s
 1903227 1082276 11339.7364   39   67 17341.0000 10770.1821  37.9%  14.7 2312s
 1904423 1084638 11022.7122   31   67 17341.0000 10770.4915  37.9%  14.7 2318s
 1908466 1085218 16832.1647   53   34 17341.0000 10771.0250  37.9%  14.7 2321s
 1911003 1087469 11773.1051   37   51 17341.0000 10771.4548  37.9%  14.7 2327s
 1913086 1088405 13350.7502   40   43 17341.0000 10771.6377  37.9%  14.7 2330s
 1917185 1090667 11023.6627   43   54 17341.0000 10772.1749  37.9%  14.7 2337s
 1918478 1092010 15027.3675   53   41 17341.0000 10772.3283  37.9%  14.7 2340s
 1922336 1094074 11215.1861   42   64 17341.0000 10772.8263  37.9%  14.7 2347s
 1924431 1094880 infeasible   55      17341.0000 10773.2056  37.9%  14.7 2350s
 1925892 1096505 11365.5648   34   62 17341.0000 10773.4508  37.9%  14.7 2355s
 1929925 1097965 13693.5023   54   43 17341.0000 10774.0369  37.9%  14.7 2362s
 1931623 1099337 11935.6641   47   62 17341.0000 10774.3046  37.9%  14.7 2367s
 1934040 1100166 11394.2916   48   52 17341.0000 10774.6575  37.9%  14.7 2371s
 1935776 1101789 11082.5013   33   68 17341.0000 10774.9955  37.9%  14.7 2376s
 1938485 1102571 11053.7617   33   60 17341.0000 10775.3962  37.9%  14.7 2380s
 1941358 1104935 infeasible   48      17341.0000 10775.8304  37.9%  14.7 2388s
 1944016 1105734 15831.0000   64   37 17341.0000 10776.1331  37.9%  14.7 2392s
 1945335 1106540 11289.2404   43   55 17341.0000 10776.4052  37.9%  14.7 2395s
 1946785 1107959 12353.2121   38   55 17341.0000 10776.6639  37.9%  14.7 2401s
 1949162 1109084 11347.9963   37   64 17341.0000 10777.0603  37.9%  14.7 2405s
 1950872 1110914 13508.0000   36   40 17341.0000 10777.2080  37.9%  14.7 2410s
 1955300 1112566 16081.4579   56   28 17341.0000 10777.8738  37.8%  14.7 2418s
 1956903 1114205 12906.1387   42   50 17341.0000 10778.1700  37.8%  14.7 2422s
 1959729 1115151 infeasible   54      17341.0000 10778.2976  37.8%  14.7 2426s
 1961385 1115997 12220.9856   41   60 17341.0000 10778.5677  37.8%  14.7 2430s
 1964556 1117968 11748.9796   33   50 17341.0000 10779.0796  37.8%  14.7 2438s
 1966175 1119463 14688.3797   55   36 17341.0000 10779.3176  37.8%  14.7 2443s
 1968894 1120403 infeasible   51      17341.0000 10779.7336  37.8%  14.7 2446s
 1971637 1122315 16980.0000   77   16 17341.0000 10780.0360  37.8%  14.7 2453s
 1973885 1123055 15656.3042   69   29 17341.0000 10780.3930  37.8%  14.7 2455s
 1976836 1124775 11457.0997   34   51 17341.0000 10780.7842  37.8%  14.7 2463s
 1978079 1126013 14748.4821   52   39 17341.0000 10780.9244  37.8%  14.7 2467s
 1980347 1126782 10818.5489   30   65 17341.0000 10781.2729  37.8%  14.7 2470s
 1983482 1128630 13401.1070   43   54 17341.0000 10781.7300  37.8%  14.7 2477s
 1984918 1129956 12178.0884   42   48 17341.0000 10781.9482  37.8%  14.7 2481s
 1987027 1130860 14073.7245   57   36 17341.0000 10782.1297  37.8%  14.7 2486s
 1988727 1132606 12583.0022   44   50 17341.0000 10782.3317  37.8%  14.7 2492s
 1991655 1133331 12189.5984   48   58 17341.0000 10782.6251  37.8%  14.7 2495s
 1994389 1135575 16742.6349   51   35 17341.0000 10783.0487  37.8%  14.7 2502s
 1996459 1136625     cutoff   53      17341.0000 10783.1809  37.8%  14.7 2506s
 1998320 1137382 10903.5635   37   73 17341.0000 10783.3762  37.8%  14.7 2510s
 2001891 1139165 11578.0000   39   60 17341.0000 10783.9999  37.8%  14.7 2518s
 2003283 1140844 12328.9028   44   58 17341.0000 10784.0987  37.8%  14.7 2523s
 2006166 1141586 11103.1469   30   56 17341.0000 10784.3250  37.8%  14.7 2527s
 2007575 1142497 17015.0000   65   32 17341.0000 10784.4801  37.8%  14.7 2531s
 2009291 1143938 14208.9789   44   47 17341.0000 10784.8426  37.8%  14.7 2535s
 2012963 1146101 16900.3642   58   35 17341.0000 10785.3167  37.8%  14.7 2544s
 2015185 1146968 12147.3562   36   60 17341.0000 10785.5826  37.8%  14.7 2548s
 2016616 1148502 11184.2873   31   67 17341.0000 10785.8012  37.8%  14.7 2552s
 2019252 1149383 12191.1032   41   52 17341.0000 10786.0675  37.8%  14.7 2557s
 2020869 1150666 12324.0148   33   57 17341.0000 10786.3175  37.8%  14.7 2561s
 2023127 1151636 11493.0922   37   60 17341.0000 10786.5754  37.8%  14.7 2565s
 2024807 1153212 13272.8377   42   53 17341.0000 10786.7730  37.8%  14.7 2570s
 2028884 1155334 14409.1371   41   47 17341.0000 10787.2207  37.8%  14.7 2579s
 2031470 1156015 11728.8275   33   58 17341.0000 10787.5174  37.8%  14.7 2582s
 2032561 1157168 13545.4609   41   41 17341.0000 10787.6570  37.8%  14.7 2586s
 2034454 1157856 16137.7578   47   37 17341.0000 10787.9472  37.8%  14.7 2590s
 2035701 1159390 10811.1732   30   76 17341.0000 10788.1156  37.8%  14.7 2595s
 2039499 1161638 15307.7014   49   39 17341.0000 10788.7165  37.8%  14.7 2603s
 2041982 1162412 infeasible   69      17341.0000 10789.0091  37.8%  14.7 2608s
 2043314 1163755 16079.7551   50   36 17341.0000 10789.2744  37.8%  14.7 2612s
 2045332 1164692 14194.2841   50   44 17341.0000 10789.4998  37.8%  14.7 2615s
 2046820 1165910 12204.3795   42   60 17341.0000 10789.6228  37.8%  14.7 2620s
 2050180 1167545 11739.0000   39   58 17341.0000 10790.1010  37.8%  14.7 2626s
 2051636 1169009 11567.3300   41   59 17341.0000 10790.2089  37.8%  14.7 2632s
 2054236 1169850 12246.7906   39   56 17341.0000 10790.5333  37.8%  14.7 2636s
 2055763 1171352 12097.8923   34   64 17341.0000 10790.9209  37.8%  14.7 2641s
 2058292 1172191 15978.6684   59   26 17341.0000 10791.3879  37.8%  14.7 2645s
 2061958 1174453 infeasible   69      17341.0000 10791.8190  37.8%  14.7 2653s
 2063336 1175907 11150.0000   35   63 17341.0000 10792.0472  37.8%  14.7 2658s
 2065936 1176739     cutoff   52      17341.0000 10792.4238  37.8%  14.7 2661s
 2068968 1178489 13593.0125   46   46 17341.0000 10792.9936  37.8%  14.7 2667s
 2070484 1179777 15463.3607   65   30 17341.0000 10793.1133  37.8%  14.7 2672s
 2072745 1180558 11554.8254   35   61 17341.0000 10793.4199  37.8%  14.7 2676s
 2074165 1182637 17261.0000   75   16 17341.0000 10793.6888  37.8%  14.7 2682s
 2077618 1183409 11019.2500   33   67 17341.0000 10794.0926  37.8%  14.7 2685s
 2078942 1184852 14269.7211   54   32 17341.0000 10794.2769  37.8%  14.7 2690s
 2082814 1186721 12908.6534   42   51 17341.0000 10794.7700  37.8%  14.7 2696s
 2086126 1187563 16522.2943   67   32 17341.0000 10795.3219  37.7%  14.7 2700s
 2088652 1189589 12666.8980   46   49 17341.0000 10795.7052  37.7%  14.7 2706s
 2091198 1191811 11001.4413   45   60 17341.0000 10795.9165  37.7%  14.7 2714s
 2093582 1192778 11380.7069   44   65 17341.0000 10796.2367  37.7%  14.7 2717s
 2095191 1194472 15963.6985   59   39 17341.0000 10796.4857  37.7%  14.7 2722s
 2098104 1195086 12828.8222   37   61 17341.0000 10796.9627  37.7%  14.7 2725s
 2101348 1197104 14898.0000   43   42 17341.0000 10797.3207  37.7%  14.7 2732s
 2102932 1198350 16582.5176   60   25 17341.0000 10797.5763  37.7%  14.7 2736s
 2106560 1200375 11517.0169   40   60 17341.0000 10797.9834  37.7%  14.7 2743s
 2108670 1201175 11220.3741   32   61 17341.0000 10798.2873  37.7%  14.7 2746s
 2111768 1203656 10878.2841   39   66 17341.0000 10798.6575  37.7%  14.7 2754s
 2114179 1205073 11483.7513   32   70 17341.0000 10799.0867  37.7%  14.7 2758s
 2116662 1205670 infeasible   92      17341.0000 10799.3898  37.7%  14.7 2761s
 2119403 1207495 12440.7784   43   51 17341.0000 10799.8208  37.7%  14.7 2767s
 2121375 1208291 11087.3802   40   75 17341.0000 10800.0872  37.7%  14.7 2770s
 2122846 1209864 11009.0676   36   65 17341.0000 10800.3285  37.7%  14.7 2775s
 2126710 1211466 11881.3590   40   59 17341.0000 10800.8955  37.7%  14.7 2781s
 2128328 1212906 11110.1654   28   57 17341.0000 10801.1349  37.7%  14.7 2785s
 2133035 1214945 16234.0000   43   32 17341.0000 10801.6599  37.7%  14.7 2792s
 2134440 1216230 11357.1343   39   63 17341.0000 10801.8546  37.7%  14.7 2795s
 2137702 1218895 15742.0469   58   37 17341.0000 10802.0712  37.7%  14.7 2804s
 2141276 1219551 11288.2807   41   52 17341.0000 10802.6076  37.7%  14.7 2807s
 2142421 1220362 16674.5133   60   36 17341.0000 10802.7324  37.7%  14.7 2810s
 2145764 1222557 15125.1952   51   40 17341.0000 10803.3050  37.7%  14.7 2816s
 2147323 1223993 10995.6136   41   60 17341.0000 10803.5022  37.7%  14.7 2821s
 2151230 1226117 12181.5922   55   60 17341.0000 10804.0896  37.7%  14.7 2827s
 2153557 1226969 15739.4323   40   37 17341.0000 10804.2962  37.7%  14.7 2831s
 2155121 1228259 12063.3039   42   68 17341.0000 10804.5357  37.7%  14.7 2835s
 2158876 1230824 10833.0201   29   58 17341.0000 10805.3164  37.7%  14.7 2844s
 2161945 1231597 infeasible   50      17341.0000 10805.7379  37.7%  14.7 2847s
 2163233 1232505 16033.9595   63   28 17341.0000 10806.0111  37.7%  14.7 2850s
 2166982 1234688 17275.1376   70   30 17341.0000 10806.4742  37.7%  14.7 2857s
 2168508 1236270 13921.9421   41   45 17341.0000 10806.7550  37.7%  14.7 2861s
 2172529 1238053 13407.7843   45   44 17341.0000 10807.2238  37.7%  14.7 2867s
 2174108 1239322 11210.2370   34   66 17341.0000 10807.4359  37.7%  14.7 2871s
 2177567 1241103 11219.2022   46   61 17341.0000 10807.8876  37.7%  14.7 2878s
 2179448 1242394 11876.1410   33   56 17341.0000 10808.1142  37.7%  14.7 2882s
 2181603 1243680 12525.4847   51   47 17341.0000 10808.4889  37.7%  14.7 2886s
 2184995 1245618 15610.1640   46   41 17341.0000 10808.9529  37.7%  14.7 2892s
 2187066 1246521 12750.7915   49   49 17341.0000 10809.3224  37.7%  14.7 2895s
 2190975 1248552 16879.2802   57   38 17341.0000 10809.8792  37.7%  14.7 2902s
 2193657 1250440 17303.3925   55   26 17341.0000 10810.2298  37.7%  14.7 2908s
 2195906 1251393 13214.0000   41   38 17341.0000 10810.5745  37.7%  14.7 2911s
 2197440 1252631 infeasible   50      17341.0000 10810.7582  37.7%  14.7 2915s
 2201563 1254773 11395.9936   38   53 17341.0000 10811.1554  37.7%  14.7 2921s
 2203106 1256369 14506.0000   49   37 17341.0000 10811.3486  37.7%  14.7 2926s
 2207231 1258602 11176.9903   34   58 17341.0000 10811.9063  37.7%  14.7 2933s
 2209561 1259370 11119.2807   42   67 17341.0000 10812.0717  37.7%  14.7 2936s
 2210902 1261065 11067.0676   40   66 17341.0000 10812.3728  37.6%  14.7 2940s
 2215044 1263258 11103.9471   40   62 17341.0000 10812.9262  37.6%  14.7 2948s
 2217535 1264083 11089.6956   35   56 17341.0000 10813.3653  37.6%  14.7 2951s
 2218982 1265471 10932.9121   33   59 17341.0000 10813.5775  37.6%  14.7 2955s
 2222606 1267896 10898.5502   32   68 17341.0000 10813.9356  37.6%  14.7 2963s
 2225074 1268474 infeasible   72      17341.0000 10814.1204  37.6%  14.7 2966s
 2227518 1270491 16948.2055   61   21 17341.0000 10814.4208  37.6%  14.7 2974s
 2229540 1271349 12909.0000   43   42 17341.0000 10814.7463  37.6%  14.7 2977s
 2231082 1272961 15041.1799   55   36 17341.0000 10814.9178  37.6%  14.7 2982s
 2233754 1273753 11104.0307   37   70 17341.0000 10815.2742  37.6%  14.7 2986s
 2235167 1274657 14697.2703   46   41 17341.0000 10815.3568  37.6%  14.7 2990s
 2236778 1275968 16794.0000   49   22 17341.0000 10815.5793  37.6%  14.7 2995s
 2238902 1277384 13546.9699   45   49 17341.0000 10815.9350  37.6%  14.7 3000s
 2241364 1277399 10943.0977   42   66 17341.0000 10816.2235  37.6%  14.7 3013s
 2241381 1277776 10950.5382   43   67 17341.0000 10816.2235  37.6%  14.7 3015s
 2242009 1277792 13684.5126   63   44 17341.0000 10816.2235  37.6%  14.7 3021s
 2243346 1278742 11199.0000   37   57 17341.0000 10816.4335  37.6%  14.7 3025s
 2244991 1280697 11535.9633   38   51 17341.0000 10816.6358  37.6%  14.7 3033s
 2246882 1281738 15064.2207   49   34 17341.0000 10816.9255  37.6%  14.7 3037s
 2248575 1282767 11117.5950   38   62 17341.0000 10817.1048  37.6%  14.7 3042s
 2250562 1283880 16108.0000   51   33 17341.0000 10817.3624  37.6%  14.7 3047s
 2252518 1285025 15817.9556   49   32 17341.0000 10817.5662  37.6%  14.7 3051s
 2254291 1286115 11847.5590   40   48 17341.0000 10817.7863  37.6%  14.7 3055s
 2256186 1287130 12642.0000   36   53 17341.0000 10818.0559  37.6%  14.7 3060s
 2257882 1288387 15435.1106   68   31 17341.0000 10818.2310  37.6%  14.7 3065s
 2259939 1289722 infeasible   60      17341.0000 10818.5086  37.6%  14.7 3070s
 2261947 1290849 16326.0522   51   33 17341.0000 10818.7777  37.6%  14.7 3075s
 2265427 1292719 infeasible   57      17341.0000 10819.1730  37.6%  14.8 3085s
 2267601 1293859 infeasible   57      17341.0000 10819.4829  37.6%  14.8 3090s
 2269536 1295010 16516.2624   49   31 17341.0000 10819.7419  37.6%  14.8 3095s
 2273616 1297260 13268.5321   38   45 17341.0000 10820.3172  37.6%  14.8 3104s
 2275446 1298311 14753.4288   60   36 17341.0000 10820.4572  37.6%  14.8 3109s
 2277361 1299263 11394.6488   32   59 17341.0000 10820.6967  37.6%  14.8 3113s
 2279349 1300266 11511.9728   34   63 17341.0000 10821.0465  37.6%  14.8 3118s
 2281125 1301481 16652.0724   50   31 17341.0000 10821.3407  37.6%  14.8 3123s
 2283047 1302923 infeasible   54      17341.0000 10821.6065  37.6%  14.8 3128s
 2285499 1303653 14622.2463   38   40 17341.0000 10821.7542  37.6%  14.8 3132s
 2286790 1305227 11025.8312   33   67 17341.0000 10821.9858  37.6%  14.8 3138s
 2289413 1306756 infeasible   61      17341.0000 10822.2624  37.6%  14.8 3144s
 2292052 1308317 11137.7481   37   58 17341.0000 10822.6853  37.6%  14.8 3149s
 2294603 1309316 infeasible   48      17341.0000 10823.1139  37.6%  14.8 3153s
 2296184 1310640 14018.7083   40   37 17341.0000 10823.1821  37.6%  14.8 3157s
 2298301 1311406 16507.1012   63   37 17341.0000 10823.4500  37.6%  14.8 3161s
 2299886 1313095 14052.9430   41   40 17341.0000 10823.6288  37.6%  14.8 3166s
 2303969 1314903 16620.0000   65   26 17341.0000 10824.0375  37.6%  14.8 3172s
 2305499 1316527 11486.4979   40   56 17341.0000 10824.2420  37.6%  14.8 3177s
 2308290 1317384 10962.8095   32   67 17341.0000 10824.5765  37.6%  14.8 3181s
 2309741 1319315 15462.1850   54   42 17341.0000 10824.7620  37.6%  14.8 3187s
 2312806 1320096 13860.4120   49   36 17341.0000 10825.1232  37.6%  14.8 3190s
 2315934 1322473 16832.7314   62   21 17341.0000 10825.5505  37.6%  14.8 3199s
 2318320 1323815 11328.3266   38   56 17341.0000 10825.8556  37.6%  14.8 3204s
 2320715 1324795 11963.2574   42   64 17341.0000 10826.1642  37.6%  14.8 3207s
 2322242 1326401 13316.4412   56   43 17341.0000 10826.3306  37.6%  14.8 3212s
 2324984 1327238 13164.6755   45   44 17341.0000 10826.7528  37.6%  14.8 3216s
 2326511 1328506 14148.9947   35   51 17341.0000 10826.9075  37.6%  14.8 3220s
 2330268 1331398 11195.2446   32   63 17341.0000 10827.3482  37.6%  14.8 3229s
 2333440 1332173 14892.0000   50   32 17341.0000 10827.6894  37.6%  14.8 3232s
 2334609 1332983 13622.8808   49   54 17341.0000 10827.7938  37.6%  14.8 3235s
 2336035 1334475 11150.8696   33   56 17341.0000 10827.9671  37.6%  14.8 3240s
 2340161 1336976 11694.0603   35   66 17341.0000 10828.3367  37.6%  14.8 3249s
 2342942 1337873 14324.8923   58   35 17341.0000 10828.6619  37.6%  14.8 3252s
 2344399 1339032 15307.2708   44   43 17341.0000 10828.8413  37.6%  14.8 3256s
 2348054 1341407 11411.9310   41   76 17341.0000 10829.2558  37.6%  14.8 3264s
 2350681 1342279 13777.4174   45   46 17341.0000 10829.5267  37.5%  14.8 3268s
 2352134 1343563 11128.0417   40   70 17341.0000 10829.6882  37.5%  14.8 3272s
 2354216 1344963 17159.7101   71   28 17341.0000 10829.8858  37.5%  14.8 3277s
 2356803 1346000 infeasible   57      17341.0000 10830.1968  37.5%  14.8 3282s
 2358591 1347875 16657.9044   57   24 17341.0000 10830.4306  37.5%  14.8 3287s
 2361776 1348720 11914.3566   43   65 17341.0000 10830.7710  37.5%  14.8 3290s
 2363123 1350217 14812.6633   47   30 17341.0000 10830.9346  37.5%  14.8 3295s
 2367451 1352429 11229.7272   37   58 17341.0000 10831.2938  37.5%  14.8 3303s
 2369841 1353065 12943.3174   52   36 17341.0000 10831.7233  37.5%  14.8 3307s
 2370937 1353967 10928.1781   38   65 17341.0000 10831.8670  37.5%  14.8 3310s
 2374639 1356653 17137.0000   77   22 17341.0000 10832.1277  37.5%  14.8 3318s
 2377132 1357427 17050.3571   47   32 17341.0000 10832.3934  37.5%  14.8 3321s
 2379946 1359901 14634.4942   43   49 17341.0000 10832.7480  37.5%  14.8 3328s
 2382418 1360584 16368.6553   67   37 17341.0000 10832.9397  37.5%  14.8 3331s
 2383658 1361479 15960.8034   47   44 17341.0000 10833.0585  37.5%  14.8 3335s
 2387387 1364296 15871.2583   57   21 17341.0000 10833.5125  37.5%  14.8 3343s
 2389673 1364439 17119.0100   52   29 17341.0000 10833.7276  37.5%  14.8 3350s
 2391306 1366012 14951.9916   53   34 17341.0000 10833.9729  37.5%  14.8 3357s
 2392761 1366918 17093.7538   56   30 17341.0000 10834.1582  37.5%  14.8 3361s
 2395517 1368715 13876.4603   39   34 17341.0000 10834.3782  37.5%  14.8 3369s
 2397508 1369797 13220.7824   40   41 17341.0000 10834.8571  37.5%  14.8 3374s
 2399325 1371760 16738.0000   75   29 17341.0000 10835.0772  37.5%  14.8 3381s
 2402972 1372678 11869.8263   40   49 17341.0000 10835.5263  37.5%  14.8 3385s
 2404605 1374083 16432.0000   63   23 17341.0000 10835.7892  37.5%  14.8 3390s
 2407041 1375098 11210.0380   37   70 17341.0000 10836.0610  37.5%  14.8 3395s
 2408739 1376768 14302.2897   38   49 17341.0000 10836.2493  37.5%  14.8 3400s
 2412855 1378995 11752.9233   37   54 17341.0000 10836.7115  37.5%  14.8 3407s
 2415039 1379994 10955.6066   40   55 17341.0000 10836.8466  37.5%  14.8 3411s
 2416681 1381381 infeasible   47      17341.0000 10837.0872  37.5%  14.8 3416s
 2418855 1382480 15350.5488   57   27 17341.0000 10837.3112  37.5%  14.8 3420s
 2420765 1383936 11417.5044   35   57 17341.0000 10837.4662  37.5%  14.8 3426s
 2423261 1384994 13713.0000   51   39 17341.0000 10837.8039  37.5%  14.8 3430s
 2426671 1387323 11161.8422   43   61 17341.0000 10838.0600  37.5%  14.8 3439s
 2429125 1388300 infeasible   52      17341.0000 10838.4498  37.5%  14.8 3443s
 2430761 1390172 17019.7817   45   24 17341.0000 10838.6824  37.5%  14.8 3448s
 2433744 1390992 12970.9118   46   45 17341.0000 10838.9480  37.5%  14.8 3451s
 2435209 1392162 16702.2165   53   34 17341.0000 10838.9915  37.5%  14.8 3456s
 2438789 1394100 17153.0000   73   17 17341.0000 10839.4680  37.5%  14.8 3464s
 2440882 1395917 16301.4875   61   32 17341.0000 10839.8186  37.5%  14.8 3471s
 2443985 1396908 13785.7806   51   49 17341.0000 10840.1447  37.5%  14.8 3475s
 2445586 1398820 16952.7408   76   33 17341.0000 10840.3349  37.5%  14.8 3480s
 2450113 1399662 11262.1407   37   67 17341.0000 10840.7985  37.5%  14.8 3485s
 2452527 1401782 16561.8199   70   31 17341.0000 10841.1961  37.5%  14.8 3493s
 2454039 1403414 16518.9074   56   33 17341.0000 10841.4260  37.5%  14.8 3498s
 2456825 1404233 12058.8788   33   63 17341.0000 10841.7172  37.5%  14.8 3502s
 2458318 1405315 infeasible   55      17341.0000 10841.9479  37.5%  14.8 3506s
 2460346 1406226 11664.8270   33   64 17341.0000 10842.2029  37.5%  14.8 3510s
 2461850 1407404 infeasible   55      17341.0000 10842.2867  37.5%  14.8 3515s
 2465649 1410358 14839.7086   55   49 17341.0000 10842.7431  37.5%  14.8 3524s
 2467072 1410358 14977.0000   45   46 17341.0000 10842.7794  37.5%  14.8 3525s
 2470322 1412966 11986.9095   48   60 17341.0000 10843.2075  37.5%  14.8 3534s
 2473128 1413827 11177.8873   35   57 17341.0000 10843.4997  37.5%  14.8 3537s
 2474531 1415035 11135.0645   37   66 17341.0000 10843.6787  37.5%  14.8 3542s
 2476812 1415878 11417.3888   33   58 17341.0000 10843.9588  37.5%  14.8 3546s
 2478251 1417337 11133.4627   42   64 17341.0000 10844.1608  37.5%  14.8 3550s
 2482149 1419638 11242.9231   43   63 17341.0000 10844.5903  37.5%  14.8 3559s
 2483712 1419638 14488.5519   37   46 17341.0000 10844.6475  37.5%  14.8 3560s
 2486367 1421689 11222.3883   38   59 17341.0000 10845.0009  37.5%  14.8 3567s
 2488017 1423609 11168.4688   30   68 17341.0000 10845.2301  37.5%  14.8 3573s
 2491268 1424379 13289.0000   39   58 17341.0000 10845.5592  37.5%  14.8 3577s
 2492742 1425197 10968.2736   35   63 17341.0000 10845.7703  37.5%  14.8 3580s
 2494283 1427061 11735.7760   36   55 17341.0000 10846.0000  37.5%  14.8 3586s
 2497253 1427955 15843.3838   61   35 17341.0000 10846.1761  37.5%  14.8 3590s
 2500500 1430413 14037.3374   53   36 17341.0000 10846.5902  37.5%  14.8 3599s
 2503016 1430430 16542.7763   49   25 17341.0000 10846.9260  37.4%  14.8 3600s

Cutting planes:
  Learned: 230
  Gomory: 168
  Cover: 5
  Implied bound: 69
  MIR: 1352
  Flow cover: 1966
  Inf proof: 142
  Zero half: 1
  RLT: 73
  Relax-and-lift: 31

Explored 2503038 nodes (37014477 simplex iterations) in 3600.13 seconds (489.29 work units)
Thread count was 16 (of 16 available processors)

Solution count 10: 17341 17400 17401 ... 17412

Time limit reached
Best objective 1.734100000000e+04, best bound 1.084700000000e+04, gap 37.4488%
Warning: constraint name "precedence between 0,1 to 0,0 if x_[j,l,h,z,i]=1" has a space
Warning: constraint name "precedence between 0,1 to 0,0 if x_[j,l,h,z,i]=1" has a space
Warning: default constraint names used to write mps file
