
Gurobi 10.0.1 (win64) logging started Sun Aug 27 20:13:25 2023

Set parameter LogFile to value "results//log/Fattahi_setup_15_modified_old_deadline.log"
Gurobi Optimizer version 10.0.1 build v10.0.1rc0 (win64)

CPU model: AMD Ryzen 7 3700X 8-Core Processor, instruction set [SSE2|AVX|AVX2]
Thread count: 8 physical cores, 16 logical processors, using up to 16 threads

Optimize a model with 626 rows, 572 columns and 2602 nonzeros
Model fingerprint: 0xdbb62a4e
Model has 1 quadratic constraint
Variable types: 55 continuous, 517 integer (516 binary)
Coefficient statistics:
  Matrix range     [1e+00, 1e+06]
  QMatrix range    [1e+00, 1e+00]
  QLMatrix range   [1e+00, 4e+02]
  Objective range  [1e+00, 1e+00]
  Bounds range     [1e+00, 1e+00]
  RHS range        [1e+00, 3e+06]
Presolve removed 63 rows and 296 columns
Presolve time: 0.00s
Presolved: 584 rows, 296 columns, 2618 nonzeros
Variable types: 75 continuous, 221 integer (220 binary)
Found heuristic solution: objective 17713.000000
Found heuristic solution: objective 17616.000000

Root relaxation: objective 0.000000e+00, 83 iterations, 0.00 seconds (0.00 work units)

    Nodes    |    Current Node    |     Objective Bounds      |     Work
 Expl Unexpl |  Obj  Depth IntInf | Incumbent    BestBd   Gap | It/Node Time

     0     0    0.00000    0   23 17616.0000    0.00000   100%     -    0s
H    0     0                    11117.000000    0.00000   100%     -    0s
     0     0    0.00000    0   35 11117.0000    0.00000   100%     -    0s
H    0     0                    9541.0000000    0.00000   100%     -    0s
H    0     0                    8626.0000000    0.00000   100%     -    0s
     0     0    0.00000    0   30 8626.00000    0.00000   100%     -    0s
     0     0    0.00000    0   13 8626.00000    0.00000   100%     -    0s
H    0     0                    7861.0000000    0.00000   100%     -    0s
     0     0    0.00000    0   21 7861.00000    0.00000   100%     -    0s
H    0     0                    7828.0000000    0.00000   100%     -    0s
     0     0    0.00000    0   23 7828.00000    0.00000   100%     -    0s
     0     0 1064.67875    0   48 7828.00000 1064.67875  86.4%     -    0s
     0     0 2378.12104    0   44 7828.00000 2378.12104  69.6%     -    0s
     0     0 2402.75346    0   45 7828.00000 2402.75346  69.3%     -    0s
     0     0 2419.85479    0   41 7828.00000 2419.85479  69.1%     -    0s
     0     0 2420.00000    0   37 7828.00000 2420.00000  69.1%     -    0s
     0     0 2420.00000    0   34 7828.00000 2420.00000  69.1%     -    0s
     0     0 2420.00000    0   43 7828.00000 2420.00000  69.1%     -    0s
H    0     0                    7826.0000000 2420.00000  69.1%     -    0s
     0     0 2420.00000    0   41 7826.00000 2420.00000  69.1%     -    0s
     0     0 2420.00000    0   31 7826.00000 2420.00000  69.1%     -    0s
H    0     0                    7825.0000000 2420.00000  69.1%     -    0s
     0     0 2420.00000    0   41 7825.00000 2420.00000  69.1%     -    0s
     0     0 2435.64284    0   41 7825.00000 2435.64284  68.9%     -    0s
     0     0 2435.64284    0   41 7825.00000 2435.64284  68.9%     -    0s
H    0     0                    7775.0000000 2435.64284  68.7%     -    0s
     0     2 2435.64284    0   37 7775.00000 2435.64284  68.7%     -    0s
H   37    24                    7770.0000000 2521.00000  67.6%  22.0    0s
H   81    65                    7728.0000000 2521.00000  67.4%  15.9    0s
H   83    65                    7500.0000000 2521.00000  66.4%  15.6    0s
H  113   102                    7498.0000000 2521.00000  66.4%  15.3    0s
H  119   102                    7475.0000000 2521.00000  66.3%  14.8    0s
H  125   102                    6710.0000000 2521.00000  62.4%  14.6    0s
H  184   143                    6475.0000000 2521.00000  61.1%  13.1    0s
H  313   238                    6082.0000000 2521.00000  58.5%  10.7    0s
 19988 12555 4089.92811   29   36 6082.00000 2919.48480  52.0%  10.5    5s
 47764 20019 4893.15848   43   27 6082.00000 3356.89275  44.8%  11.0   10s
 62514 26079 4338.42119   44   35 6082.00000 3448.33758  43.3%  10.7   15s
 79585 35862 5136.59696   49   24 6082.00000 3531.33521  41.9%  10.6   20s
 95958 45496 3962.00155   42   30 6082.00000 3594.54069  40.9%  10.5   25s
 112837 55824 5856.00000   69    6 6082.00000 3635.20407  40.2%  10.5   30s
 123515 61183 5145.11217   40   29 6082.00000 3655.68974  39.9%  10.4   35s
 133873 67727 4325.85556   41   32 6082.00000 3677.14064  39.5%  10.4   40s
 150675 76894 5237.62390   55   13 6082.00000 3713.19166  38.9%  10.4   45s
*152001 72996              71    5979.0000000 3713.79971  37.9%  10.4   45s
 161323 77093 4881.18771   41   35 5979.00000 3738.53032  37.5%  10.5   50s
H167559 58289                    5525.0000000 3755.21548  32.0%  10.5   53s
 170310 59132     cutoff   48      5525.00000 3764.09430  31.9%  10.5   55s
 178161 61736 4391.63031   43   19 5525.00000 3785.16178  31.5%  10.6   60s
 186645 64204 5351.57613   55   14 5525.00000 3809.85245  31.0%  10.7   65s
 196353 66949 4049.12960   45   33 5525.00000 3831.51135  30.7%  10.8   70s
 204760 69321 5446.36583   55   13 5525.00000 3850.10475  30.3%  10.9   75s
 213402 71674 infeasible   43      5525.00000 3872.66639  29.9%  11.0   80s
 221344 73942     cutoff   50      5525.00000 3890.63175  29.6%  11.0   85s
 229762 76491 5005.04884   54   13 5525.00000 3908.48674  29.3%  11.1   90s
 236249 78253 5025.46152   50   23 5525.00000 3920.83575  29.0%  11.1   95s
 245037 80930 4345.78687   44   41 5525.00000 3938.08507  28.7%  11.2  100s
 253500 83254 4796.61933   49   35 5525.00000 3952.90318  28.5%  11.2  105s
 263297 85998 5465.13615   58   15 5525.00000 3966.59143  28.2%  11.3  110s
 275358 89134 5001.11715   53   16 5525.00000 3988.09523  27.8%  11.4  115s
 285233 91628 4053.43364   44   33 5525.00000 4006.19124  27.5%  11.4  120s
 295757 94318 5440.74751   53   16 5525.00000 4023.88346  27.2%  11.5  125s
 305793 96629 infeasible   53      5525.00000 4041.71490  26.8%  11.5  130s
 315794 99107 infeasible   45      5525.00000 4056.48726  26.6%  11.5  135s
 325792 101391 4321.12105   51   38 5525.00000 4071.52332  26.3%  11.5  140s
 335948 103957 5294.62192   64   13 5525.00000 4086.31686  26.0%  11.6  145s
 345825 106387 4995.74123   46   18 5525.00000 4101.25797  25.8%  11.6  150s
 356143 108640 5121.47413   52   21 5525.00000 4115.41024  25.5%  11.6  155s
 368148 111442 5452.24044   47   19 5525.00000 4132.10479  25.2%  11.7  160s
 376680 113395 infeasible   55      5525.00000 4144.80273  25.0%  11.7  165s
 386936 115560 4840.92538   44   25 5525.00000 4157.54250  24.8%  11.7  170s
 397217 117994 5427.40256   44   23 5525.00000 4170.82336  24.5%  11.7  175s
 407657 120243 infeasible   52      5525.00000 4184.72298  24.3%  11.7  180s
 417648 122553     cutoff   55      5525.00000 4196.76891  24.0%  11.8  185s
 428254 124776 4518.90139   50   28 5525.00000 4208.88166  23.8%  11.8  190s
 438277 126965 4477.77867   44   36 5525.00000 4219.73784  23.6%  11.8  195s
 446956 128732 5042.22341   50   33 5525.00000 4227.83831  23.5%  11.8  200s
 458606 131076 5330.47939   48   32 5525.00000 4238.67047  23.3%  11.8  205s
 468554 133213 4950.46808   45   26 5525.00000 4249.07860  23.1%  11.9  210s
 476850 134888     cutoff   52      5525.00000 4257.17910  22.9%  11.9  215s
 487416 137166 4295.09252   45   36 5525.00000 4265.70866  22.8%  11.9  220s
 497559 139037 4594.88439   43   26 5525.00000 4275.15838  22.6%  11.9  225s
 511593 141819 4434.49632   43   41 5525.00000 4286.14994  22.4%  11.9  230s
 523127 143951 5443.33056   50   27 5525.00000 4295.03822  22.3%  11.9  235s
 536461 146305 5011.23444   50   21 5525.00000 4305.71314  22.1%  11.9  240s
 548658 148702     cutoff   52      5525.00000 4314.90744  21.9%  11.9  245s
 564235 151536 4495.16426   42   31 5525.00000 4326.14274  21.7%  11.9  250s
 578934 154355 5363.98592   57   25 5525.00000 4337.00745  21.5%  12.0  255s
 583533 154915 4376.41713   50   49 5525.00000 4340.35737  21.4%  12.0  260s
 595387 157284 4752.51584   49   27 5525.00000 4348.58273  21.3%  12.0  265s
 597323 160086 4516.65166   46   25 5525.00000 4349.71027  21.3%  12.0  276s
 616890 161060 infeasible   53      5525.00000 4360.34452  21.1%  12.0  280s
 628870 163088 infeasible   51      5525.00000 4370.11884  20.9%  12.0  285s
 637550 164714 4957.52104   51   27 5525.00000 4376.14592  20.8%  12.0  290s
 647816 166443 4414.09425   40   32 5525.00000 4384.49370  20.6%  12.1  295s
 657433 167819 infeasible   50      5525.00000 4391.01024  20.5%  12.1  300s
 666450 169437 infeasible   48      5525.00000 4398.82549  20.4%  12.1  305s
 675428 170775 infeasible   57      5525.00000 4405.25657  20.3%  12.1  310s
 685828 172375 5437.99460   46   25 5525.00000 4413.53972  20.1%  12.1  315s
 694727 173649 4858.64567   52   14 5525.00000 4419.54324  20.0%  12.2  320s
 703177 174863 5510.67245   47   19 5525.00000 4425.76221  19.9%  12.2  325s
 711980 176302 4903.06297   47   29 5525.00000 4431.80210  19.8%  12.2  330s
 722146 177770 5254.17229   58   22 5525.00000 4439.67822  19.6%  12.2  335s
 730550 179025 infeasible   53      5525.00000 4445.44423  19.5%  12.2  340s
 739057 180324 4699.54745   46   27 5525.00000 4451.35966  19.4%  12.2  345s
 747499 181590 infeasible   48      5525.00000 4456.55918  19.3%  12.3  350s
 756099 182786 4849.97154   48   28 5525.00000 4462.58276  19.2%  12.3  355s
 764628 183949     cutoff   45      5525.00000 4469.03033  19.1%  12.3  360s
 773222 185206 5518.26809   45   28 5525.00000 4474.55100  19.0%  12.3  365s
 781919 186513 5470.56614   57   13 5525.00000 4480.56879  18.9%  12.3  371s
 788776 187466 4733.25605   47   34 5525.00000 4484.95490  18.8%  12.3  375s
 797189 188638     cutoff   49      5525.00000 4490.00000  18.7%  12.3  380s
 805958 189846 infeasible   47      5525.00000 4495.56600  18.6%  12.4  385s
 814402 190847 4860.83926   43   29 5525.00000 4500.44602  18.5%  12.4  390s
 821313 191749 infeasible   47      5525.00000 4504.70665  18.5%  12.4  395s
 829410 192870 5306.64969   47   22 5525.00000 4509.58672  18.4%  12.4  400s
 837551 193811 4709.52812   46   36 5525.00000 4514.76326  18.3%  12.4  406s
 843046 194525     cutoff   50      5525.00000 4518.01547  18.2%  12.4  410s
 848380 195133 infeasible   56      5525.00000 4521.35893  18.2%  12.4  415s
 854896 195983 4629.46501   51   32 5525.00000 4525.23418  18.1%  12.4  420s
 861780 196824 infeasible   47      5525.00000 4529.04389  18.0%  12.5  426s
 866951 197433 infeasible   55      5525.00000 4532.02539  18.0%  12.5  430s
 873686 198204     cutoff   51      5525.00000 4536.15482  17.9%  12.5  435s
 880511 199101 4640.80216   48   34 5525.00000 4539.93940  17.8%  12.5  441s
 885492 199657 5480.99812   49   13 5525.00000 4542.88822  17.8%  12.5  445s
 892486 200489 5227.10848   50   21 5525.00000 4547.04870  17.7%  12.5  450s
 899240 201417     cutoff   49      5525.00000 4550.79009  17.6%  12.5  455s
 904441 202046 5122.70746   52   21 5525.00000 4553.67581  17.6%  12.5  460s
 911483 202771     cutoff   51      5525.00000 4557.96796  17.5%  12.5  466s
 916418 203404     cutoff   54      5525.00000 4560.49791  17.5%  12.5  470s
 923605 204212 5308.12708   49   24 5525.00000 4564.50567  17.4%  12.6  476s
 928814 204837 5258.95044   51   29 5525.00000 4567.55794  17.3%  12.6  480s
 935619 205555 4741.15926   51   20 5525.00000 4571.28934  17.3%  12.6  486s
 940839 206167 4673.77165   48   25 5525.00000 4574.08852  17.2%  12.6  490s
 946317 206716     cutoff   45      5525.00000 4577.27586  17.2%  12.6  495s
 953494 207455 5109.90676   48   27 5525.00000 4581.06315  17.1%  12.6  501s
 958363 207985 5274.67851   46   20 5525.00000 4583.74331  17.0%  12.6  505s
 963827 208603 5356.26892   53   18 5525.00000 4586.77335  17.0%  12.6  510s
 970490 209273 infeasible   48      5525.00000 4590.31149  16.9%  12.6  515s
 978807 210152 5066.06132   47   33 5525.00000 4594.83228  16.8%  12.7  520s
 986047 210931 5337.83758   58   21 5525.00000 4598.35457  16.8%  12.7  525s
 992864 211563 5197.53334   59   17 5525.00000 4601.96428  16.7%  12.7  530s
 999530 212157 infeasible   55      5525.00000 4605.39750  16.6%  12.7  535s
 1006465 212873 infeasible   50      5525.00000 4609.11062  16.6%  12.7  540s
 1015205 213808 5168.20082   49   26 5525.00000 4613.21240  16.5%  12.7  546s
 1022203 214545 4856.68488   52   36 5525.00000 4616.49956  16.4%  12.7  551s
 1029672 215349 5449.61144   57    8 5525.00000 4620.28495  16.4%  12.7  555s
 1036428 215950 infeasible   57      5525.00000 4623.60940  16.3%  12.7  561s
 1043207 216497 5369.25070   54   21 5525.00000 4627.31030  16.2%  12.7  565s
 1050048 217150 5054.38452   47   28 5525.00000 4630.70253  16.2%  12.7  571s
 1057364 217871     cutoff   53      5525.00000 4634.43254  16.1%  12.8  576s
 1063785 218520 infeasible   53      5525.00000 4637.57716  16.1%  12.8  580s
 1070658 219114 5402.13389   49   21 5525.00000 4640.81436  16.0%  12.8  585s
 1077807 219704 5152.94209   56   23 5525.00000 4644.28268  15.9%  12.8  591s
 1084522 220286 4860.00000   51   30 5525.00000 4647.36663  15.9%  12.8  596s
 1089575 220729 4668.35382   48   38 5525.00000 4649.81263  15.8%  12.8  600s
 1096580 221330 5352.49163   51   16 5525.00000 4653.22361  15.8%  12.8  605s
 1103249 221835 4769.50504   47   31 5525.00000 4656.21498  15.7%  12.8  610s
 1108635 222394 infeasible   55      5525.00000 4658.96713  15.7%  12.8  615s
 1116076 222887 5340.00000   52   19 5525.00000 4662.54059  15.6%  12.8  621s
 1121381 223380 5507.89155   51   31 5525.00000 4664.70818  15.6%  12.8  625s
 1128418 223862 4706.43373   44   29 5525.00000 4668.00000  15.5%  12.8  631s
 1133851 224173 infeasible   60      5525.00000 4670.71917  15.5%  12.8  635s
 1140776 224527 infeasible   56      5525.00000 4674.19618  15.4%  12.9  641s
 1145378 224914 infeasible   46      5525.00000 4676.31662  15.4%  12.9  645s
 1152292 225429 5387.59513   53   23 5525.00000 4679.52604  15.3%  12.9  650s
 1157597 225793 5334.43413   46   29 5525.00000 4682.46346  15.2%  12.9  655s
 1162984 226108 infeasible   50      5525.00000 4684.85531  15.2%  12.9  660s
 1169903 226534 5503.44610   44   30 5525.00000 4687.97130  15.1%  12.9  666s
 1175080 226839 5140.58466   51   26 5525.00000 4690.45316  15.1%  12.9  670s
 1180429 227278 infeasible   64      5525.00000 4692.85756  15.1%  12.9  675s
 1185790 227609 infeasible   50      5525.00000 4695.22639  15.0%  12.9  680s
 1192278 228073 5274.78961   46   22 5525.00000 4698.00000  15.0%  12.9  685s
 1197741 228415 5129.31638   44   32 5525.00000 4700.60667  14.9%  12.9  690s
 1203101 228732 infeasible   54      5525.00000 4703.23964  14.9%  12.9  695s
 1208189 229050 5390.43530   39   21 5525.00000 4705.57599  14.8%  12.9  700s
 1215552 229618 4939.21927   48   34 5525.00000 4708.62419  14.8%  13.0  705s
 1222653 230062 4846.71286   47   33 5525.00000 4711.88488  14.7%  13.0  710s
 1228669 230508 4919.00000   54   14 5525.00000 4714.59593  14.7%  13.0  715s
 1235363 230887 5426.61864   48   26 5525.00000 4717.24275  14.6%  13.0  720s
 1242727 231259 5251.41541   52   19 5525.00000 4720.77673  14.6%  13.0  725s
 1249757 231644 infeasible   50      5525.00000 4723.71201  14.5%  13.0  730s
 1256598 231879 5393.35469   51   24 5525.00000 4726.66698  14.4%  13.0  737s
 1260221 232196 4814.56169   55   20 5525.00000 4728.19068  14.4%  13.0  741s
 1265946 232538 4966.93101   51   37 5525.00000 4730.47722  14.4%  13.0  745s
 1272510 232844 5107.67603   43   28 5525.00000 4733.04194  14.3%  13.0  750s
 1280052 233344 5423.74766   51   32 5525.00000 4736.28812  14.3%  13.0  756s
 1285694 233718 infeasible   57      5525.00000 4738.64656  14.2%  13.0  760s
 1292593 234068 5232.44707   50   27 5525.00000 4741.63907  14.2%  13.0  765s
 1298004 234449     cutoff   54      5525.00000 4744.00217  14.1%  13.0  770s
 1305005 234739 4766.72525   48   35 5525.00000 4746.50416  14.1%  13.1  776s
 1310595 234994 5388.68216   58   15 5525.00000 4748.70812  14.1%  13.1  780s
 1317219 235330     cutoff   52      5525.00000 4751.19697  14.0%  13.1  785s
 1324219 235792 5134.28082   53   21 5525.00000 4753.78539  14.0%  13.1  791s
 1329556 236041 5483.23896   54   14 5525.00000 4756.00000  13.9%  13.1  795s
 1334721 236338 5277.11284   51   27 5525.00000 4758.28354  13.9%  13.1  801s
 1340062 236572 4823.47145   50   37 5525.00000 4760.52097  13.8%  13.1  805s
 1345741 236839 5093.31650   58   24 5525.00000 4762.73231  13.8%  13.1  810s
 1351311 237094 5426.41074   61   14 5525.00000 4765.00000  13.8%  13.1  815s
 1358435 237459 5109.43719   53   18 5525.00000 4767.82621  13.7%  13.1  820s
 1363665 237648 4770.98176   45   33 5525.00000 4770.35017  13.7%  13.1  825s
 1368940 237847 infeasible   51      5525.00000 4772.54044  13.6%  13.1  830s
 1376350 238164 infeasible   59      5525.00000 4775.83137  13.6%  13.1  836s
 1381239 238342 infeasible   49      5525.00000 4777.69271  13.5%  13.1  840s
 1388247 238654 infeasible   63      5525.00000 4780.60280  13.5%  13.1  846s
 1393799 238861 infeasible   46      5525.00000 4782.76706  13.4%  13.1  850s
 1398769 239028 infeasible   59      5525.00000 4785.00000  13.4%  13.1  855s
 1404370 239214 5462.18441   55   24 5525.00000 4787.07959  13.4%  13.2  860s
 1411446 239438 5208.00000   53   16 5525.00000 4790.06545  13.3%  13.2  866s
 1417079 239601 5413.93631   46   28 5525.00000 4792.29453  13.3%  13.2  870s
 1422323 239829 5046.52705   49   20 5525.00000 4794.06262  13.2%  13.2  875s
 1429281 240111 infeasible   54      5525.00000 4797.06930  13.2%  13.2  881s
 1434676 240247 5242.54450   55   23 5525.00000 4799.20292  13.1%  13.2  885s
 1439966 240352 5407.81974   62   14 5525.00000 4801.22313  13.1%  13.2  890s
 1445149 240394 4809.06498   48   29 5525.00000 4803.32966  13.1%  13.2  895s
 1450547 240608 5117.02711   47   35 5525.00000 4805.68356  13.0%  13.2  900s
 1456088 240801 5163.90088   46   27 5525.00000 4807.93962  13.0%  13.2  905s
 1462683 241061 5419.18839   44   30 5525.00000 4810.72071  12.9%  13.2  910s
 1468039 241280     cutoff   46      5525.00000 4812.90961  12.9%  13.2  915s
 1473527 241392 5198.70156   61   19 5525.00000 4814.95437  12.9%  13.2  920s
 1478796 241571 5361.39053   54   20 5525.00000 4817.20618  12.8%  13.2  925s
 1485811 241756 4869.07623   44   24 5525.00000 4819.95464  12.8%  13.2  931s
 1491407 241960 5134.00000   56   16 5525.00000 4822.00000  12.7%  13.2  936s
 1497037 242178     cutoff   47      5525.00000 4824.06163  12.7%  13.2  941s
 1502509 242342 5480.52845   53   19 5525.00000 4826.25806  12.6%  13.2  946s
 1507584 242441 5494.57209   51   19 5525.00000 4828.06423  12.6%  13.3  950s
 1513242 242668 5506.98380   52   13 5525.00000 4829.99447  12.6%  13.3  956s
 1518925 242763 5200.98188   43   34 5525.00000 4832.29761  12.5%  13.3  961s
 1524404 242895 infeasible   53      5525.00000 4834.44125  12.5%  13.3  965s
 1529549 243011 5261.82485   52   30 5525.00000 4836.41288  12.5%  13.3  970s
 1534703 243095 5037.27976   50   21 5525.00000 4838.15980  12.4%  13.3  975s
 1540289 243229 5013.09687   46   29 5525.00000 4840.38167  12.4%  13.3  980s
 1545906 243364 infeasible   61      5525.00000 4842.70597  12.3%  13.3  985s
 1547794 242666     cutoff   45      5525.00000 4843.58561  12.3%  13.3 1004s
 1555144 242666 5182.60253   56   27 5525.00000 4843.71369  12.3%  13.3 1005s
 1561128 242641 5024.28938   56   30 5525.00000 4846.23715  12.3%  13.3 1010s
 1565356 242737 5188.78487   55   21 5525.00000 4847.79109  12.3%  13.3 1016s
 1569287 242840 infeasible   56      5525.00000 4849.35976  12.2%  13.3 1021s
 1572693 242781 5290.09107   49   38 5525.00000 4850.62939  12.2%  13.3 1026s
 1576464 242811 5320.62204   48   22 5525.00000 4852.13448  12.2%  13.3 1031s
 1580269 242877 5338.00000   50   17 5525.00000 4853.69353  12.2%  13.3 1036s
 1583880 242997 5366.30417   49   23 5525.00000 4855.00000  12.1%  13.3 1041s
 1587796 243136 infeasible   46      5525.00000 4856.34194  12.1%  13.3 1046s
 1591673 243126 4860.34955   51   32 5525.00000 4857.50136  12.1%  13.3 1051s
 1595316 243211     cutoff   48      5525.00000 4858.90499  12.1%  13.3 1056s
 1598498 243242     cutoff   69      5525.00000 4860.01985  12.0%  13.3 1061s
 1602415 243228 5111.13958   47   29 5525.00000 4861.52894  12.0%  13.3 1066s
 1606285 243303 5123.04453   50   26 5525.00000 4862.88813  12.0%  13.3 1071s
 1609965 243288 infeasible   48      5525.00000 4864.13329  12.0%  13.3 1076s
 1613667 243371 5283.72576   46   28 5525.00000 4865.54933  11.9%  13.3 1081s
 1617445 243345 infeasible   54      5525.00000 4866.98362  11.9%  13.3 1086s
 1620719 243419 5439.41484   53   15 5525.00000 4868.23904  11.9%  13.3 1091s
 1624680 243464 5164.84481   54   18 5525.00000 4869.85059  11.9%  13.3 1096s
 1628423 243361 5250.36429   51   19 5525.00000 4871.28599  11.8%  13.3 1101s
 1631992 243307 infeasible   47      5525.00000 4873.01342  11.8%  13.4 1106s
 1635691 243217 5293.00821   49   26 5525.00000 4874.50389  11.8%  13.4 1111s
 1639407 243182 5129.53614   50   19 5525.00000 4876.00000  11.7%  13.4 1116s
 1642613 243183 5422.00000   58    9 5525.00000 4877.10851  11.7%  13.4 1121s
 1646356 243204 5287.29065   47   23 5525.00000 4878.79893  11.7%  13.4 1127s
 1650186 243293 5137.96832   48   28 5525.00000 4880.03523  11.7%  13.4 1132s
 1654143 243234 infeasible   56      5525.00000 4881.46735  11.6%  13.4 1137s
 1657672 243178 5019.03864   58   32 5525.00000 4883.01647  11.6%  13.4 1142s
 1661477 243079 infeasible   47      5525.00000 4884.35130  11.6%  13.4 1147s
 1665142 243005 4937.19789   46   29 5525.00000 4885.93049  11.6%  13.4 1151s
 1668379 242904 5423.38449   44   33 5525.00000 4887.06575  11.5%  13.4 1157s
 1672020 242894 5087.70378   45   31 5525.00000 4888.39344  11.5%  13.4 1162s
 1673981 242827 5401.00000   53   26 5525.00000 4889.22444  11.5%  13.4 1165s
 1677732 242865 4928.62209   58   11 5525.00000 4890.62065  11.5%  13.4 1170s
 1681792 242793 infeasible   66      5525.00000 4892.00712  11.5%  13.4 1176s
 1685921 242757 5076.19488   47   18 5525.00000 4893.54637  11.4%  13.4 1180s
 1689575 242725 4906.00863   47   35 5525.00000 4894.83132  11.4%  13.4 1187s
 1691685 242729 5098.04740   55   24 5525.00000 4895.61260  11.4%  13.4 1190s
 1695566 242640 5253.42011   57   18 5525.00000 4897.00000  11.4%  13.4 1195s
 1699223 242578 4953.90560   56   31 5525.00000 4898.35940  11.3%  13.4 1201s
 1703089 242508 5029.28152   58   19 5525.00000 4900.00000  11.3%  13.4 1206s
 1707019 242452 4976.17559   55   27 5525.00000 4901.26445  11.3%  13.4 1211s
 1710699 242277 infeasible   55      5525.00000 4902.86309  11.3%  13.4 1216s
 1714059 242218 4960.31210   48   22 5525.00000 4904.10740  11.2%  13.4 1222s
 1716049 242223 5151.11903   52   31 5525.00000 4904.91849  11.2%  13.4 1225s
 1721682 242141 5223.21236   52   26 5525.00000 4906.91815  11.2%  13.4 1232s
 1723618 242126     cutoff   52      5525.00000 4907.53100  11.2%  13.4 1235s
 1727541 242044 5231.41243   51   22 5525.00000 4908.92380  11.2%  13.4 1240s
 1731511 241960     cutoff   52      5525.00000 4910.35082  11.1%  13.4 1245s
 1735295 241866 5340.00346   53   26 5525.00000 4911.69603  11.1%  13.4 1251s
 1738699 241736     cutoff   49      5525.00000 4913.00000  11.1%  13.4 1256s
 1742474 241747 infeasible   64      5525.00000 4914.18246  11.1%  13.4 1260s
 1745846 241688 infeasible   54      5525.00000 4915.24478  11.0%  13.5 1265s
 1749568 241622 5220.77892   51   29 5525.00000 4916.67376  11.0%  13.5 1271s
 1753285 241545 infeasible   43      5525.00000 4918.09137  11.0%  13.5 1276s
 1756951 241429 5013.23527   55   26 5525.00000 4919.54405  11.0%  13.5 1281s
 1760604 241302 infeasible   52      5525.00000 4921.03251  10.9%  13.5 1286s
 1764223 241161     cutoff   50      5525.00000 4922.44098  10.9%  13.5 1291s
 1767921 241109 5443.75036   54   16 5525.00000 4923.80939  10.9%  13.5 1297s
 1771591 240953 5242.39113   53   30 5525.00000 4925.16189  10.9%  13.5 1301s
 1774993 240869 infeasible   62      5525.00000 4926.43198  10.8%  13.5 1307s
 1778514 240750     cutoff   49      5525.00000 4927.85174  10.8%  13.5 1312s
 1780471 240741 4970.02457   48   33 5525.00000 4928.53445  10.8%  13.5 1315s
 1784244 240568 5480.47977   50   33 5525.00000 4929.94165  10.8%  13.5 1321s
 1788371 240467 5454.00000   61    8 5525.00000 4931.33685  10.7%  13.5 1326s
 1791961 240319 4989.20439   62   20 5525.00000 4932.98039  10.7%  13.5 1331s
 1795667 240190 4987.74581   43   25 5525.00000 4934.10213  10.7%  13.5 1336s
 1798987 240101 5275.68303   52   23 5525.00000 4935.28167  10.7%  13.5 1341s
 1802759 239982 infeasible   59      5525.00000 4936.62555  10.6%  13.5 1346s
 1806621 239910 5013.19473   51   30 5525.00000 4938.03229  10.6%  13.5 1352s
 1810260 239840 infeasible   54      5525.00000 4939.46709  10.6%  13.5 1357s
 1813788 239702 5395.89877   57   13 5525.00000 4940.88229  10.6%  13.5 1362s
 1815790 239610     cutoff   46      5525.00000 4941.57706  10.6%  13.5 1365s
 1819632 239492 5490.74477   61   22 5525.00000 4943.01907  10.5%  13.5 1370s
 1823302 239299 infeasible   58      5525.00000 4944.33002  10.5%  13.5 1376s
 1827303 239232     cutoff   59      5525.00000 4945.91630  10.5%  13.5 1381s
 1830640 239066 5442.83661   46   29 5525.00000 4947.03195  10.5%  13.5 1386s
 1834426 238903 5010.98200   60   27 5525.00000 4948.33356  10.4%  13.5 1392s
 1838017 238841     cutoff   50      5525.00000 4949.62994  10.4%  13.5 1397s
 1841615 238786 infeasible   59      5525.00000 4950.97804  10.4%  13.5 1402s
 1843640 238716 5398.79125   47   16 5525.00000 4951.52099  10.4%  13.5 1405s
 1847520 238627 infeasible   45      5525.00000 4952.95088  10.4%  13.5 1411s
 1851103 238446 infeasible   46      5525.00000 4954.06987  10.3%  13.5 1416s
 1855035 238292 5383.56657   44   21 5525.00000 4955.64635  10.3%  13.5 1421s
 1859078 238206 5048.98678   50   21 5525.00000 4956.94039  10.3%  13.5 1425s
 1861008 238069 5477.90585   51   28 5525.00000 4957.76644  10.3%  13.5 1431s
 1862047 237885 5291.00000   59   22 5525.00000 4958.24220  10.3%  13.5 1435s
 1866186 237679 5286.18641   42   27 5525.00000 4959.62270  10.2%  13.5 1441s
 1870077 237569 5147.74080   51   28 5525.00000 4961.01709  10.2%  13.5 1447s
 1872210 237508 infeasible   49      5525.00000 4961.77954  10.2%  13.5 1450s
 1876455 237412 5377.96643   60   19 5525.00000 4963.22827  10.2%  13.5 1456s
 1880266 237269 5511.13210   52   27 5525.00000 4964.52144  10.1%  13.5 1461s
 1884061 237201 5017.52731   52   23 5525.00000 4966.00000  10.1%  13.6 1467s
 1886175 237179 infeasible   50      5525.00000 4966.72302  10.1%  13.6 1470s
 1889947 237008     cutoff   61      5525.00000 4967.91177  10.1%  13.6 1475s
 1893928 236929 5213.21413   55   24 5525.00000 4969.19687  10.1%  13.6 1480s
 1897736 236805 5252.68963   56   23 5525.00000 4970.38193  10.0%  13.6 1486s
 1901532 236638 infeasible   46      5525.00000 4971.77912  10.0%  13.6 1491s
 1905388 236484 5015.00000   49   20 5525.00000 4973.00000  10.0%  13.6 1497s
 1909352 236373 5053.52931   53   24 5525.00000 4974.22857  10.0%  13.6 1502s
 1911151 236280 5312.00000   54   17 5525.00000 4975.00000  10.0%  13.6 1505s
 1914973 236090 5090.55160   52   22 5525.00000 4976.17466  9.93%  13.6 1510s
 1918839 235972 5364.74046   53   15 5525.00000 4977.51644  9.91%  13.6 1516s
 1922779 235894 5053.94336   54   21 5525.00000 4978.87533  9.88%  13.6 1521s
 1926730 235751     cutoff   56      5525.00000 4980.09280  9.86%  13.6 1527s
 1928720 235662 infeasible   56      5525.00000 4980.70027  9.85%  13.6 1530s
 1934188 235461 infeasible   47      5525.00000 4982.16925  9.82%  13.6 1537s
 1936096 235409 infeasible   44      5525.00000 4982.92570  9.81%  13.6 1540s
 1940007 235159 5014.48564   54   29 5525.00000 4984.34723  9.79%  13.6 1546s
 1943919 235001 5245.95840   57   27 5525.00000 4985.71153  9.76%  13.6 1551s
 1947716 234823 5383.98896   48   19 5525.00000 4987.03224  9.74%  13.6 1557s
 1949817 234715 5210.73786   52   29 5525.00000 4987.77299  9.72%  13.6 1560s
 1953447 234497 5097.28220   64   22 5525.00000 4989.08600  9.70%  13.6 1565s
 1957497 234303 5456.64472   56   19 5525.00000 4990.28677  9.68%  13.6 1571s
 1961411 234036 infeasible   53      5525.00000 4991.81659  9.65%  13.6 1576s
 1965052 233919 5056.00000   55   22 5525.00000 4993.00000  9.63%  13.6 1582s
 1967002 233748 5021.77042   51   24 5525.00000 4993.53339  9.62%  13.6 1585s
 1970961 233517 5177.16345   52   22 5525.00000 4994.83595  9.60%  13.6 1591s
 1974691 233262 infeasible   48      5525.00000 4996.00000  9.57%  13.6 1596s
 1978610 233053 5199.38539   49   24 5525.00000 4997.14457  9.55%  13.6 1601s
 1982474 232868 infeasible   52      5525.00000 4998.69853  9.53%  13.6 1607s
 1984410 232766 5053.80391   47   29 5525.00000 4999.22712  9.52%  13.6 1610s
 1988351 232556 infeasible   52      5525.00000 5000.57975  9.49%  13.6 1616s
 1992232 232248 5182.35456   55   15 5525.00000 5001.89674  9.47%  13.6 1621s
 1995772 231991 5214.60751   48   31 5525.00000 5003.03237  9.45%  13.6 1627s
 1997771 231866 5372.08094   44   22 5525.00000 5003.78861  9.43%  13.6 1630s
 2001666 231561 5472.62102   57   18 5525.00000 5005.13174  9.41%  13.6 1636s
 2005605 231322 5277.72950   56   29 5525.00000 5006.43723  9.39%  13.6 1641s
 2009652 231104 5146.10997   54   24 5525.00000 5007.62315  9.36%  13.6 1647s
 2011747 231001 5030.58772   52   38 5525.00000 5008.38350  9.35%  13.6 1650s
 2015596 230758 5078.78533   50   24 5525.00000 5009.59712  9.33%  13.6 1656s
 2019563 230476 infeasible   54      5525.00000 5010.84987  9.31%  13.6 1661s
 2023431 230199 5373.76695   57   19 5525.00000 5012.28444  9.28%  13.6 1667s
 2025271 230093     cutoff   61      5525.00000 5013.00000  9.27%  13.6 1670s
 2029428 229906 5078.87943   54   17 5525.00000 5014.23703  9.24%  13.6 1675s
 2032930 229626 infeasible   53      5525.00000 5015.39072  9.22%  13.6 1681s
 2036967 229394 5038.26052   49   30 5525.00000 5017.00000  9.19%  13.6 1687s
 2038961 229301 5166.00000   60   15 5525.00000 5017.66326  9.18%  13.6 1690s
 2042890 228974 5065.97331   56   22 5525.00000 5018.91087  9.16%  13.6 1695s
 2046865 228663 5053.55050   61   13 5525.00000 5020.29743  9.13%  13.6 1701s
 2050871 228352 5309.62418   49   15 5525.00000 5021.64514  9.11%  13.6 1707s
 2052740 228210 infeasible   62      5525.00000 5022.16985  9.10%  13.6 1710s
 2056697 227992 5102.02964   55   25 5525.00000 5023.74351  9.07%  13.6 1716s
 2060528 227614 5116.60107   52   21 5525.00000 5024.99632  9.05%  13.6 1721s
 2064228 227242 5228.61584   57   26 5525.00000 5026.27618  9.03%  13.6 1727s
 2066110 227113     cutoff   50      5525.00000 5026.92431  9.01%  13.6 1730s
 2069769 226757     cutoff   51      5525.00000 5028.08544  8.99%  13.7 1735s
 2073874 226394 5512.51067   52   15 5525.00000 5029.44272  8.97%  13.7 1741s
 2077524 226080 5349.52892   47   21 5525.00000 5030.89470  8.94%  13.7 1747s
 2079718 225957 infeasible   56      5525.00000 5031.43759  8.93%  13.7 1750s
 2083489 225603 infeasible   60      5525.00000 5033.00000  8.90%  13.7 1756s
 2087546 225302 5093.62675   49   32 5525.00000 5034.22273  8.88%  13.7 1762s
 2089421 225143 5360.40284   53   18 5525.00000 5034.87915  8.87%  13.7 1765s
 2093408 224817 5151.07320   48   27 5525.00000 5036.17423  8.85%  13.7 1770s
 2097409 224467     cutoff   43      5525.00000 5037.56934  8.82%  13.7 1776s
 2101369 224072 5432.38255   62   15 5525.00000 5039.02683  8.80%  13.7 1782s
 2103369 223849     cutoff   56      5525.00000 5039.89705  8.78%  13.7 1785s
 2107366 223544 5128.64260   46   28 5525.00000 5041.18753  8.76%  13.7 1791s
 2109722 223297 5096.73742   43   39 5525.00000 5042.00000  8.74%  13.7 1796s
 2113507 222886 infeasible   51      5525.00000 5043.30370  8.72%  13.7 1802s
 2115484 222729 infeasible   55      5525.00000 5044.01755  8.71%  13.7 1805s
 2119521 222463 5290.41222   58   19 5525.00000 5045.49705  8.68%  13.7 1811s
 2123601 221976 5411.01991   61   16 5525.00000 5046.84486  8.65%  13.7 1817s
 2125550 221803 5307.03092   57   19 5525.00000 5047.79122  8.64%  13.7 1820s
 2129558 221480 5352.53229   61   15 5525.00000 5049.09634  8.61%  13.7 1826s
 2133583 221055 5398.20154   60   20 5525.00000 5050.54481  8.59%  13.7 1832s
 2135468 220884 5498.34991   50   25 5525.00000 5051.29224  8.57%  13.7 1835s
 2139157 220399 5441.88500   54   18 5525.00000 5052.83725  8.55%  13.7 1841s
 2143350 220031 5334.75644   51   28 5525.00000 5054.21654  8.52%  13.7 1847s
 2145243 219863 infeasible   60      5525.00000 5055.00758  8.51%  13.7 1850s
 2149224 219409 infeasible   50      5525.00000 5056.56677  8.48%  13.7 1855s
 2152814 218931 5336.87318   52   29 5525.00000 5058.00000  8.45%  13.7 1862s
 2154734 218769 5155.02483   53   26 5525.00000 5058.84468  8.44%  13.7 1865s
 2158754 218434 infeasible   71      5525.00000 5060.28757  8.41%  13.7 1870s
 2162742 217992 5306.06007   54   20 5525.00000 5061.85171  8.38%  13.7 1876s
 2164831 217788 5422.31393   52   22 5525.00000 5062.46506  8.37%  13.7 1880s
 2168484 217247 5274.01602   50   32 5525.00000 5063.99178  8.34%  13.7 1886s
 2172442 216798     cutoff   51      5525.00000 5065.53552  8.32%  13.7 1892s
 2174578 216653 infeasible   51      5525.00000 5066.09654  8.31%  13.7 1895s
 2178180 216135 infeasible   56      5525.00000 5067.53195  8.28%  13.7 1901s
 2182273 215585 5380.70167   53   24 5525.00000 5069.31790  8.25%  13.7 1906s
 2186170 215092 infeasible   48      5525.00000 5070.86059  8.22%  13.7 1910s
 2190214 214672 infeasible   49      5525.00000 5072.19649  8.20%  13.7 1915s
 2196113 213903 5414.51050   47   29 5525.00000 5074.60202  8.15%  13.7 1921s
 2199844 213464 infeasible   54      5525.00000 5076.00000  8.13%  13.7 1926s
 2203907 212980 infeasible   47      5525.00000 5077.62753  8.10%  13.7 1930s
 2209678 212254 infeasible   58      5525.00000 5079.81700  8.06%  13.7 1936s
 2213697 211708 5385.73600   51   33 5525.00000 5081.24155  8.03%  13.7 1941s
 2217656 211224 5179.62457   57   16 5525.00000 5082.75355  8.00%  13.7 1945s
 2223533 210616 5322.08186   49   24 5525.00000 5085.00000  7.96%  13.7 1951s
 2227065 210164     cutoff   49      5525.00000 5086.03736  7.95%  13.7 1956s
 2231296 209559 infeasible   54      5525.00000 5087.73753  7.91%  13.7 1960s
 2235102 209085     cutoff   49      5525.00000 5089.40660  7.88%  13.7 1965s
 2241166 208322 infeasible   52      5525.00000 5091.67400  7.84%  13.7 1971s
 2245039 207830 infeasible   54      5525.00000 5093.09606  7.82%  13.7 1976s
 2248768 207259 5364.04479   50   31 5525.00000 5094.63994  7.79%  13.7 1980s
 2254553 206357 infeasible   44      5525.00000 5097.01269  7.75%  13.8 1986s
 2258481 205746 infeasible   52      5525.00000 5098.80908  7.71%  13.8 1991s
 2262568 205208 infeasible   51      5525.00000 5100.42055  7.68%  13.8 1995s
 2268046 204344 5154.86052   50   26 5525.00000 5102.90817  7.64%  13.8 2001s
 2272128 203752 5219.44873   54   23 5525.00000 5104.42797  7.61%  13.8 2005s
 2275766 203211 infeasible   54      5525.00000 5106.04613  7.58%  13.8 2010s
 2281881 202380     cutoff   49      5525.00000 5108.57647  7.54%  13.8 2017s
 2285924 201816 infeasible   58      5525.00000 5110.20546  7.51%  13.8 2021s
 2289419 201206 infeasible   45      5525.00000 5111.54596  7.48%  13.8 2025s
 2295244 200299     cutoff   53      5525.00000 5114.00000  7.44%  13.8 2032s
 2299347 199803 5477.75449   46   30 5525.00000 5115.78516  7.41%  13.8 2036s
 2303313 199265 infeasible   61      5525.00000 5117.03031  7.38%  13.8 2040s
 2307396 198703 5474.77178   51   28 5525.00000 5118.72917  7.35%  13.8 2045s
 2313067 197903 infeasible   60      5525.00000 5121.00000  7.31%  13.8 2052s
 2317187 197322 5212.39070   60   26 5525.00000 5122.48378  7.29%  13.8 2056s
 2321022 196764 infeasible   58      5525.00000 5124.00000  7.26%  13.8 2060s
 2325096 196098 5243.79616   54   28 5525.00000 5125.62761  7.23%  13.8 2065s
 2330656 195130 5482.91798   59   25 5525.00000 5128.00000  7.19%  13.8 2071s
 2334909 194526 infeasible   53      5525.00000 5129.47930  7.16%  13.8 2076s
 2338912 194016     cutoff   55      5525.00000 5131.00014  7.13%  13.8 2081s
 2342728 193528 5377.58842   48   25 5525.00000 5132.37269  7.11%  13.8 2085s
 2348698 192690 5222.59500   56   17 5525.00000 5134.46208  7.07%  13.8 2092s
 2352695 192123 infeasible   52      5525.00000 5136.08715  7.04%  13.8 2096s
 2354693 191843 5467.24856   56   13 5525.00000 5136.94356  7.02%  13.8 2100s
 2358014 191203     cutoff   52      5525.00000 5138.22874  7.00%  13.8 2105s
 2364136 190204 5293.00000   63   12 5525.00000 5140.74058  6.95%  13.8 2111s
 2368343 189522 5450.84359   56   19 5525.00000 5142.10135  6.93%  13.8 2116s
 2372356 188894 5421.08564   59   17 5525.00000 5144.00000  6.90%  13.8 2120s
 2378575 187959 5257.00000   53   15 5525.00000 5146.39825  6.85%  13.8 2126s
 2382508 187268 5437.59078   53   26 5525.00000 5147.98393  6.82%  13.8 2131s
 2386574 186573 infeasible   59      5525.00000 5149.78272  6.79%  13.8 2135s
 2392495 185527 5511.41037   59   15 5525.00000 5152.04077  6.75%  13.8 2141s
 2396543 184843 5322.75315   48   31 5525.00000 5153.52483  6.72%  13.8 2145s
 2402104 183885 infeasible   51      5525.00000 5155.93157  6.68%  13.8 2151s
 2406193 183214 5280.08025   55   28 5525.00000 5157.49897  6.65%  13.8 2155s
 2411958 182251 5231.00714   58   10 5525.00000 5159.94886  6.61%  13.8 2162s
 2415962 181622 infeasible   53      5525.00000 5161.22175  6.58%  13.8 2165s
 2419544 180892 infeasible   51      5525.00000 5162.95378  6.55%  13.8 2170s
 2425399 179773 5333.34984   57   18 5525.00000 5165.25685  6.51%  13.8 2176s
 2429181 178977 5271.01538   67   18 5525.00000 5166.98659  6.48%  13.8 2180s
 2434928 178031     cutoff   46      5525.00000 5169.25756  6.44%  13.8 2186s
 2438565 177276 5434.02431   60   25 5525.00000 5170.96253  6.41%  13.8 2190s
 2443882 176240 infeasible   55      5525.00000 5173.04934  6.37%  13.8 2196s
 2448126 175456 infeasible   60      5525.00000 5174.98396  6.34%  13.8 2201s
 2452377 174650 infeasible   56      5525.00000 5176.67742  6.30%  13.8 2205s
 2456252 173968     cutoff   49      5525.00000 5178.34287  6.27%  13.8 2211s
 2459968 173179 5299.97671   65   15 5525.00000 5180.00000  6.24%  13.8 2217s
 2464065 172378 5232.50807   55   25 5525.00000 5181.64184  6.21%  13.8 2222s
 2465959 172106 5345.48148   50   23 5525.00000 5182.54976  6.20%  13.8 2225s
 2469596 171395 5292.15911   52   26 5525.00000 5183.91544  6.17%  13.8 2231s
 2473390 170760 5219.50666   56   17 5525.00000 5185.36918  6.15%  13.8 2236s
 2477435 169956 5473.44058   49   26 5525.00000 5187.00000  6.12%  13.8 2242s
 2479363 169528 5282.63189   59   18 5525.00000 5187.78776  6.10%  13.8 2245s
 2483345 168775 5255.00000   54   26 5525.00000 5189.52475  6.07%  13.9 2251s
 2486954 167998     cutoff   59      5525.00000 5191.00000  6.05%  13.9 2256s
 2488911 167594 infeasible   63      5525.00000 5192.00000  6.03%  13.9 2260s
 2493136 166765 infeasible   70      5525.00000 5193.68473  6.00%  13.9 2266s
 2496947 166009 5452.77649   56   25 5525.00000 5195.16878  5.97%  13.9 2271s
 2500431 165251 infeasible   53      5525.00000 5196.99195  5.94%  13.9 2277s
 2502368 164802 infeasible   61      5525.00000 5197.79105  5.92%  13.9 2280s
 2506310 163923 5328.12894   56   24 5525.00000 5199.52138  5.89%  13.9 2286s
 2510287 163140 5287.00000   57   15 5525.00000 5201.03823  5.86%  13.9 2291s
 2514413 162348 infeasible   48      5525.00000 5202.98815  5.83%  13.9 2297s
 2516388 161972 5478.00073   67   13 5525.00000 5203.76916  5.81%  13.9 2300s
 2520133 161258 5317.00000   58   13 5525.00000 5205.09375  5.79%  13.9 2306s
 2524254 160580     cutoff   54      5525.00000 5206.92268  5.76%  13.9 2312s
 2526270 160282     cutoff   51      5525.00000 5207.59695  5.74%  13.9 2315s
 2530104 159437 5212.16121   47   23 5525.00000 5209.00000  5.72%  13.9 2321s
 2534256 158683 5293.00260   61   21 5525.00000 5210.84689  5.69%  13.9 2327s
 2536276 158273 5244.78166   63   17 5525.00000 5211.43653  5.68%  13.9 2330s
 2539633 157498 5257.88329   58   21 5525.00000 5213.00000  5.65%  13.9 2335s
 2543786 156698 5364.81359   50   25 5525.00000 5214.66274  5.62%  13.9 2341s
 2547651 155840 infeasible   52      5525.00000 5216.34368  5.59%  13.9 2347s
 2549456 155363 5307.18314   47   26 5525.00000 5217.11304  5.57%  13.9 2350s
 2553090 154508 infeasible   54      5525.00000 5218.95782  5.54%  13.9 2356s
 2557034 153605 5230.89761   66   11 5525.00000 5220.69972  5.51%  13.9 2361s
 2560821 152774 infeasible   56      5525.00000 5222.39032  5.48%  13.9 2367s
 2562812 152328 5240.30089   60   22 5525.00000 5223.22024  5.46%  13.9 2370s
 2566561 151420 infeasible   55      5525.00000 5225.00000  5.43%  13.9 2375s
 2570533 150560     cutoff   60      5525.00000 5227.00000  5.39%  13.9 2381s
 2572366 150095 5269.98340   51   18 5525.00000 5227.90258  5.38%  13.9 2385s
 2576529 149170 5255.38097   56   18 5525.00000 5229.69179  5.34%  13.9 2390s
 2580343 148332 5382.06799   49   18 5525.00000 5231.50947  5.31%  13.9 2396s
 2584321 147384 infeasible   63      5525.00000 5233.14549  5.28%  13.9 2402s
 2587590 146515 5480.58435   47   20 5525.00000 5234.99170  5.25%  13.9 2407s
 2589725 145984 5368.85091   48   27 5525.00000 5235.94453  5.23%  13.9 2410s
 2593814 145150 5318.62831   49   33 5525.00000 5237.91177  5.20%  13.9 2416s
 2597924 144169 5435.23179   57   23 5525.00000 5239.98505  5.16%  13.9 2422s
 2599996 143719 5279.54512   54   15 5525.00000 5240.83730  5.14%  13.9 2425s
 2603945 142584     cutoff   51      5525.00000 5242.78636  5.11%  13.9 2431s
 2607896 141597 5377.31674   52   26 5525.00000 5244.98714  5.07%  13.9 2437s
 2610003 141126 5407.87578   60   23 5525.00000 5245.75562  5.05%  13.9 2440s
 2613683 140180 5396.34718   52   13 5525.00000 5247.47140  5.02%  13.9 2446s
 2617183 139359 infeasible   57      5525.00000 5249.42995  4.99%  13.9 2452s
 2619106 138817 infeasible   52      5525.00000 5250.22822  4.97%  13.9 2455s
 2623070 137792 5359.91667   58    8 5525.00000 5252.15663  4.94%  13.9 2460s
 2626701 136870 infeasible   55      5525.00000 5254.07780  4.90%  13.9 2466s
 2630678 135846 infeasible   51      5525.00000 5256.00000  4.87%  13.9 2472s
 2632697 135322 5426.81289   54   25 5525.00000 5257.00000  4.85%  13.9 2475s
 2636526 134318 5305.10858   59   21 5525.00000 5259.00000  4.81%  13.9 2480s
 2640346 133212 infeasible   50      5525.00000 5261.00000  4.78%  13.9 2487s
 2642462 132665 5451.76116   53   21 5525.00000 5262.00000  4.76%  13.9 2490s
 2646495 131666 infeasible   55      5525.00000 5263.90820  4.73%  13.9 2496s
 2650560 130638 5356.00000   64   10 5525.00000 5265.95969  4.69%  13.9 2502s
 2652314 130093 5283.87478   54   15 5525.00000 5266.66278  4.68%  13.9 2505s
 2656282 129099 5515.48245   46   20 5525.00000 5268.77765  4.64%  13.9 2510s
 2662470 127503 5272.32008   51   35 5525.00000 5271.69117  4.58%  13.9 2516s
 2666433 126495 5346.00000   53   15 5525.00000 5273.81629  4.55%  13.9 2521s
 2670334 125462 5436.47491   52   18 5525.00000 5275.67456  4.51%  13.9 2525s
 2676451 123810 5310.48266   56   24 5525.00000 5278.39232  4.46%  13.9 2531s
 2679899 122856 5422.07639   53   18 5525.00000 5280.07872  4.43%  13.9 2536s
 2683613 121667 infeasible   56      5525.00000 5282.03444  4.40%  13.9 2540s
 2687669 120537 5314.38776   57   18 5525.00000 5284.00000  4.36%  13.9 2545s
 2693610 118941 infeasible   44      5525.00000 5287.00000  4.31%  13.9 2551s
 2697621 117634 infeasible   50      5525.00000 5289.13964  4.27%  13.9 2555s
 2701498 116487 infeasible   55      5525.00000 5291.01468  4.24%  13.9 2560s
 2706901 114947 5407.47451   50   22 5525.00000 5294.31718  4.18%  13.9 2566s
 2710694 113876 5364.26993   52   23 5525.00000 5296.13561  4.14%  13.9 2570s
 2716701 112213 infeasible   56      5525.00000 5299.02575  4.09%  13.9 2576s
 2720481 111269 infeasible   50      5525.00000 5301.00000  4.05%  13.9 2581s
 2724630 110159 5341.85165   60   18 5525.00000 5302.83529  4.02%  13.9 2585s
 2728576 109014 5313.48399   53   18 5525.00000 5304.91340  3.98%  13.9 2590s
 2734471 107216 5455.41463   58   19 5525.00000 5308.00000  3.93%  13.9 2596s
 2738644 105983 5478.00000   58   17 5525.00000 5310.00000  3.89%  13.9 2600s
 2743988 104277     cutoff   51      5525.00000 5313.00000  3.84%  13.9 2606s
 2747991 103058 infeasible   66      5525.00000 5315.00000  3.80%  13.9 2611s
 2751827 101925 infeasible   54      5525.00000 5317.00000  3.76%  13.9 2615s
 2757540 100170 5468.08753   60   12 5525.00000 5320.00000  3.71%  13.9 2621s
 2761295 98847 5452.94644   65   20 5525.00000 5322.00000  3.67%  13.9 2625s
 2765034 97601 infeasible   66      5525.00000 5324.15391  3.64%  13.9 2630s
 2770689 95912 5472.68927   61   26 5525.00000 5327.00000  3.58%  13.9 2636s
 2774395 94802 5487.25917   61   22 5525.00000 5329.00000  3.55%  13.9 2640s
 2780057 92824 5509.17076   65   18 5525.00000 5332.02237  3.49%  13.9 2646s
 2783933 91540 5390.06909   55   17 5525.00000 5334.03755  3.46%  13.9 2651s
 2787816 90162 5516.47647   54   21 5525.00000 5336.54792  3.41%  13.9 2655s
 2793898 88204 infeasible   55      5525.00000 5339.84575  3.35%  13.9 2661s
 2797932 86969 5395.85060   57   20 5525.00000 5342.00000  3.31%  14.0 2665s
 2801778 85656 infeasible   54      5525.00000 5344.10753  3.27%  14.0 2670s
 2807473 83719     cutoff   51      5525.00000 5347.64592  3.21%  14.0 2676s
 2811174 82360 infeasible   60      5525.00000 5350.00000  3.17%  14.0 2680s
 2816810 80381     cutoff   58      5525.00000 5353.00000  3.11%  14.0 2686s
 2820741 79143 5458.32602   62   25 5525.00000 5355.17012  3.07%  14.0 2690s
 2824473 78365 5384.03234   66   18 5525.00000 5357.98770  3.02%  14.0 2696s
 2826870 76948     cutoff   49      5525.00000 5359.00000  3.00%  14.0 2700s
 2832279 74601 5382.37081   54   28 5525.00000 5363.00000  2.93%  14.0 2707s
 2836354 73113 5380.45738   47   31 5525.00000 5365.52714  2.89%  14.0 2711s
 2840262 71646 5446.00000   58   15 5525.00000 5368.00000  2.84%  14.0 2716s
 2844224 70406 5434.28031   52   20 5525.00000 5370.01286  2.81%  14.0 2720s
 2849960 68205 infeasible   51      5525.00000 5374.00000  2.73%  14.0 2726s
 2853865 66665 infeasible   60      5525.00000 5376.30294  2.69%  14.0 2730s
 2859592 64513 infeasible   50      5525.00000 5380.09607  2.62%  14.0 2736s
 2863392 63037 5424.94771   57   17 5525.00000 5383.00000  2.57%  14.0 2741s
 2867035 61568 5452.27672   57   10 5525.00000 5385.19589  2.53%  14.0 2745s
 2872744 59313 infeasible   50      5525.00000 5389.29193  2.46%  14.0 2751s
 2876033 57912     cutoff   54      5525.00000 5391.39179  2.42%  14.0 2755s
 2881685 55669 infeasible   45      5525.00000 5395.70213  2.34%  14.0 2761s
 2885497 54041 5485.12293   49   25 5525.00000 5398.08488  2.30%  14.0 2765s
 2889509 52410 5442.99284   52   23 5525.00000 5401.01266  2.24%  14.0 2770s
 2895049 49986 5452.95449   60   14 5525.00000 5405.00000  2.17%  14.0 2776s
 2898789 48156 infeasible   51      5525.00000 5407.98826  2.12%  14.0 2780s
 2902927 46317 infeasible   46      5525.00000 5411.03128  2.06%  14.0 2785s
 2908759 43707 5444.46585   42   24 5525.00000 5415.72977  1.98%  14.0 2791s
 2912498 41835 infeasible   57      5525.00000 5419.00000  1.92%  14.0 2795s
 2916219 40130 infeasible   49      5525.00000 5422.23700  1.86%  14.0 2800s
 2921937 37373 5486.57255   50   23 5525.00000 5426.41403  1.78%  14.0 2806s
 2925517 35637 infeasible   56      5525.00000 5430.01920  1.72%  14.0 2811s
 2929110 33802 infeasible   55      5525.00000 5433.35579  1.66%  14.0 2817s
 2932395 32037 infeasible   55      5525.00000 5436.34642  1.60%  14.0 2822s
 2934179 30995 infeasible   62      5525.00000 5438.01823  1.57%  14.0 2825s
 2937831 28788 infeasible   61      5525.00000 5442.00000  1.50%  14.0 2830s
 2941611 26598     cutoff   50      5525.00000 5446.03915  1.43%  14.0 2836s
 2945151 24498 infeasible   57      5525.00000 5450.39478  1.35%  14.0 2842s
 2946867 23282 5481.43590   61   16 5525.00000 5452.39222  1.31%  14.0 2845s
 2950721 20889 5486.20252   56   25 5525.00000 5457.07900  1.23%  14.0 2851s
 2954058 19748 infeasible   53      5525.00000 5462.52554  1.13%  14.0 2855s
 2956179 17106     cutoff   52      5525.00000 5465.00000  1.09%  14.0 2862s
 2958164 15621 infeasible   63      5525.00000 5468.09449  1.03%  14.0 2866s
 2962235 12797 infeasible   61      5525.00000 5475.00058  0.90%  14.0 2872s
 2964249 11436     cutoff   52      5525.00000 5479.11373  0.83%  14.0 2876s
 2967892  8573 infeasible   48      5525.00000 5486.15053  0.70%  14.0 2882s
 2969898  6838 infeasible   60      5525.00000 5490.91934  0.62%  14.0 2886s
 2974118  2962 infeasible   41      5525.00000 5503.49845  0.39%  14.0 2891s

Cutting planes:
  Learned: 256
  Gomory: 131
  Cover: 18
  Implied bound: 7
  Projected implied bound: 3
  Clique: 1
  MIR: 1908
  StrongCG: 1
  Flow cover: 2656
  Inf proof: 67
  Zero half: 1
  RLT: 2
  Relax-and-lift: 22

Explored 2979327 nodes (41628536 simplex iterations) in 2893.94 seconds (594.56 work units)
Thread count was 16 (of 16 available processors)

Solution count 10: 5525 5525 5979 ... 7728

Optimal solution found (tolerance 1.00e-04)
Best objective 5.525000000000e+03, best bound 5.525000000000e+03, gap 0.0000%
Warning: constraint name "precedence between 0,1 to 0,0 if x_[j,l,h,z,i]=1" has a space
Warning: constraint name "precedence between 0,1 to 0,0 if x_[j,l,h,z,i]=1" has a space
Warning: default constraint names used to write mps file
