
Gurobi 10.0.1 (win64) logging started Sun Aug 27 11:22:48 2023

Set parameter LogFile to value "results//log/Fattahi_setup_15_modified_makespan.log"
Gurobi Optimizer version 10.0.1 build v10.0.1rc0 (win64)

CPU model: AMD Ryzen 7 3700X 8-Core Processor, instruction set [SSE2|AVX|AVX2]
Thread count: 8 physical cores, 16 logical processors, using up to 16 threads

Optimize a model with 587 rows, 552 columns and 2523 nonzeros
Model fingerprint: 0x51f1e6e2
Variable types: 55 continuous, 497 integer (496 binary)
Coefficient statistics:
  Matrix range     [1e+00, 1e+06]
  Objective range  [1e+00, 1e+00]
  Bounds range     [1e+00, 1e+00]
  RHS range        [1e+00, 3e+06]
Presolve removed 63 rows and 296 columns
Presolve time: 0.01s
Presolved: 524 rows, 256 columns, 2431 nonzeros
Variable types: 55 continuous, 201 integer (200 binary)
Found heuristic solution: objective 20528.000000
Found heuristic solution: objective 20522.000000

Root relaxation: objective 5.739000e+03, 120 iterations, 0.00 seconds (0.00 work units)

    Nodes    |    Current Node    |     Objective Bounds      |     Work
 Expl Unexpl |  Obj  Depth IntInf | Incumbent    BestBd   Gap | It/Node Time

     0     0 5739.00000    0   35 20522.0000 5739.00000  72.0%     -    0s
H    0     0                    11552.000000 5739.00000  50.3%     -    0s
     0     0 5792.00000    0   44 11552.0000 5792.00000  49.9%     -    0s
     0     0 5792.00000    0   37 11552.0000 5792.00000  49.9%     -    0s
     0     0 5792.01664    0   40 11552.0000 5792.01664  49.9%     -    0s
     0     0 5797.63536    0   44 11552.0000 5797.63536  49.8%     -    0s
H    0     0                    11002.000000 5797.63536  47.3%     -    0s
     0     0 5797.63536    0   44 11002.0000 5797.63536  47.3%     -    0s
     0     0 5797.63536    0   43 11002.0000 5797.63536  47.3%     -    0s
     0     0 5797.63536    0   43 11002.0000 5797.63536  47.3%     -    0s
     0     0 5797.63536    0   43 11002.0000 5797.63536  47.3%     -    0s
     0     0 5816.00000    0   43 11002.0000 5816.00000  47.1%     -    0s
     0     0 5826.00000    0   41 11002.0000 5826.00000  47.0%     -    0s
     0     0 5826.00000    0   41 11002.0000 5826.00000  47.0%     -    0s
     0     0 5826.00000    0   41 11002.0000 5826.00000  47.0%     -    0s
     0     0 5828.00000    0   41 11002.0000 5828.00000  47.0%     -    0s
     0     0 5828.13631    0   37 11002.0000 5828.13631  47.0%     -    0s
     0     2 5828.13631    0   37 11002.0000 5828.13631  47.0%     -    0s
H   26    20                    10414.000000 5842.00000  43.9%  19.6    0s
H   86    57                    10352.000000 5848.00000  43.5%  16.6    0s
H  114    88                    10310.000000 5848.00000  43.3%  14.3    0s
H  121    88                    10141.000000 5848.00000  42.3%  14.1    0s
H  126    88                    10107.000000 5848.00000  42.1%  13.7    0s
H 1628   907                    10062.000000 5903.03929  41.3%   6.1    0s
H 1675   870                    10012.000000 5903.03929  41.0%   6.4    0s
H 1766   863                    9919.0000000 5903.03929  40.5%   6.6    0s
H 1772   819                    9866.0000000 5903.03929  40.2%   6.6    0s
H 1812   812                    9864.0000000 5903.03929  40.2%   6.6    0s
H 1814   774                    9787.0000000 5903.03929  39.7%   6.6    0s
H 1910   764                    9784.0000000 5903.03929  39.7%   6.5    0s
H 3256  1277                    9782.0000000 5903.03929  39.7%   5.7    0s
H 4680  2073                    9780.0000000 5903.03929  39.6%   5.2    0s
H 6024  2892                    9778.0000000 5903.03929  39.6%   5.0    1s
H 7961  4089                    9643.0000000 5947.40924  38.3%   4.8    1s
H22539 10211                    9323.0000000 6023.34190  35.4%   4.5    1s
 66910 26356 7234.00000   52   26 9323.00000 7053.70722  24.3%   5.9    5s
 141628 51423 8971.29186   51   12 9323.00000 7582.00000  18.7%   6.6   10s
 242635 94154 8757.46009   57   13 9323.00000 7888.49928  15.4%   6.7   15s
 328247 125443 8888.73859   51   26 9323.00000 8021.03471  14.0%   6.7   20s
H353727 134282                    9322.0000000 8050.40100  13.6%   6.7   21s
H387151 135890                    9281.0000000 8098.73464  12.7%   6.8   24s
 400330 138361 9215.00000   51    9 9281.00000 8116.99889  12.5%   6.8   25s
 463007 148692 8817.00000   62    6 9281.00000 8179.99318  11.9%   6.9   30s
*474893 147912              70    9263.0000000 8189.29611  11.6%   7.0   30s
H479791 129230                    9155.0000000 8192.51444  10.5%   7.0   31s
H479817 119197                    9103.0000000 8192.51444  10.0%   7.0   31s
 523970 123140 8805.65690   68   15 9103.00000 8231.00000  9.58%   7.1   35s
 588648 128292 8688.00000   62    8 9103.00000 8278.03497  9.06%   7.2   40s
 649206 133134 8466.47392   61   16 9103.00000 8318.00000  8.62%   7.3   45s
 709808 137927 8862.70692   65   21 9103.00000 8348.26848  8.29%   7.4   50s
*747821 136381              74    9081.0000000 8365.55266  7.88%   7.4   53s
 770211 137512 9027.00000   63    9 9081.00000 8377.76600  7.74%   7.5   55s
*803484 94891              70    8885.0000000 8393.00000  5.54%   7.5   57s
 828249 93705 8464.23223   61   11 8885.00000 8411.00000  5.33%   7.5   60s
 884185 90317 8472.69297   53   17 8885.00000 8453.97340  4.85%   7.5   65s
 943484 86459 infeasible   54      8885.00000 8498.12858  4.35%   7.6   70s
 1002258 82747 8550.54592   56   14 8885.00000 8539.00000  3.89%   7.6   75s
 1061498 78275 8592.92620   51   19 8885.00000 8575.97784  3.48%   7.6   80s
 1113097 73858 8660.21489   60   11 8885.00000 8604.13614  3.16%   7.6   85s
 1171337 67769 8666.48333   71   12 8885.00000 8635.00000  2.81%   7.6   90s
 1227430 59921 infeasible   68      8885.00000 8668.40361  2.44%   7.5   95s
 1285447 50794 infeasible   60      8885.00000 8703.00000  2.05%   7.5  100s
 1340596 39985 infeasible   65      8885.00000 8741.00000  1.62%   7.5  105s
 1395811 27041 8835.00000   75    3 8885.00000 8783.00000  1.15%   7.5  110s

Cutting planes:
  Learned: 139
  Gomory: 166
  Implied bound: 7
  MIR: 214
  Flow cover: 388
  Relax-and-lift: 9

Explored 1453465 nodes (10834042 simplex iterations) in 115.00 seconds (67.62 work units)
Thread count was 16 (of 16 available processors)

Solution count 10: 8885 8885 9081 ... 9643

Optimal solution found (tolerance 1.00e-04)
Best objective 8.885000000000e+03, best bound 8.885000000000e+03, gap 0.0000%
Warning: constraint name "precedence between 0,1 to 0,0 if x_[j,l,h,z,i]=1" has a space
Warning: constraint name "precedence between 0,1 to 0,0 if x_[j,l,h,z,i]=1" has a space
Warning: default constraint names used to write mps file
