
Gurobi 10.0.1 (win64) logging started Sun Aug 27 14:25:16 2023

Set parameter LogFile to value "results//log/Fattahi_setup_19_modified_makespan.log"
Gurobi Optimizer version 10.0.1 build v10.0.1rc0 (win64)

CPU model: AMD Ryzen 7 3700X 8-Core Processor, instruction set [SSE2|AVX|AVX2]
Thread count: 8 physical cores, 16 logical processors, using up to 16 threads

Optimize a model with 1733 rows, 2143 columns and 7867 nonzeros
Model fingerprint: 0x0ca41b9c
Variable types: 103 continuous, 2040 integer (2039 binary)
Coefficient statistics:
  Matrix range     [1e+00, 1e+06]
  Objective range  [1e+00, 1e+00]
  Bounds range     [1e+00, 1e+00]
  RHS range        [1e+00, 3e+06]
Presolve removed 132 rows and 1418 columns
Presolve time: 0.02s
Presolved: 1601 rows, 725 columns, 7658 nonzeros
Variable types: 103 continuous, 622 integer (621 binary)
Found heuristic solution: objective 63644.000000

Root relaxation: objective 1.118000e+04, 301 iterations, 0.00 seconds (0.00 work units)

    Nodes    |    Current Node    |     Objective Bounds      |     Work
 Expl Unexpl |  Obj  Depth IntInf | Incumbent    BestBd   Gap | It/Node Time

     0     0 11180.0000    0  128 63644.0000 11180.0000  82.4%     -    0s
H    0     0                    62681.000000 11180.0000  82.2%     -    0s
H    0     0                    60942.000000 11180.0000  81.7%     -    0s
     0     0 11180.0687    0  144 60942.0000 11180.0687  81.7%     -    0s
     0     0 11233.0425    0  134 60942.0000 11233.0425  81.6%     -    0s
     0     0 11234.0790    0  133 60942.0000 11234.0790  81.6%     -    0s
     0     0 11234.0790    0  116 60942.0000 11234.0790  81.6%     -    0s
H    0     0                    60940.000000 11234.0790  81.6%     -    0s
H    0     0                    60539.000000 11255.1712  81.4%     -    0s
     0     0 11255.1712    0  108 60539.0000 11255.1712  81.4%     -    0s
     0     0 11256.7888    0  110 60539.0000 11256.7888  81.4%     -    0s
     0     0 11256.9100    0  107 60539.0000 11256.9100  81.4%     -    0s
     0     0 11257.0138    0  102 60539.0000 11257.0138  81.4%     -    0s
     0     0 11257.0138    0  102 60539.0000 11257.0138  81.4%     -    0s
     0     0 11285.3933    0  107 60539.0000 11285.3933  81.4%     -    0s
     0     0 11285.8812    0  104 60539.0000 11285.8812  81.4%     -    0s
     0     0 11287.3843    0  104 60539.0000 11287.3843  81.4%     -    0s
     0     0 11287.3843    0  106 60539.0000 11287.3843  81.4%     -    0s
H    0     0                    46352.000000 11287.3843  75.6%     -    0s
     0     0 11290.7006    0  111 46352.0000 11290.7006  75.6%     -    0s
H    0     0                    46350.000000 11290.7006  75.6%     -    0s
     0     0 11290.8414    0  105 46350.0000 11290.8414  75.6%     -    0s
     0     0 11290.8414    0  105 46350.0000 11290.8414  75.6%     -    0s
H    0     0                    43923.000000 11306.6168  74.3%     -    0s
     0     0 11306.6168    0  104 43923.0000 11306.6168  74.3%     -    0s
     0     0 11306.9224    0  106 43923.0000 11306.9224  74.3%     -    0s
     0     0 11307.0836    0  104 43923.0000 11307.0836  74.3%     -    0s
     0     0 11307.1110    0  109 43923.0000 11307.1110  74.3%     -    0s
     0     0 11309.8668    0  105 43923.0000 11309.8668  74.3%     -    0s
     0     0 11316.5531    0  106 43923.0000 11316.5531  74.2%     -    0s
     0     0 11316.5850    0  107 43923.0000 11316.5850  74.2%     -    0s
H    0     0                    42301.000000 11316.5850  73.2%     -    0s
     0     0 11316.5850    0  107 42301.0000 11316.5850  73.2%     -    0s
H    0     0                    42284.000000 11316.5850  73.2%     -    0s
     0     0 11316.9764    0  106 42284.0000 11316.9764  73.2%     -    0s
     0     0 11319.3726    0  104 42284.0000 11319.3726  73.2%     -    0s
     0     0 11319.6854    0  108 42284.0000 11319.6854  73.2%     -    0s
     0     0 11320.1722    0  104 42284.0000 11320.1722  73.2%     -    0s
     0     0 11320.3928    0  109 42284.0000 11320.3928  73.2%     -    0s
     0     0 11320.3928    0  109 42284.0000 11320.3928  73.2%     -    0s
H    0     0                    42247.000000 11320.3928  73.2%     -    0s
     0     0 11320.6820    0  109 42247.0000 11320.6820  73.2%     -    0s
     0     0 11321.5665    0  109 42247.0000 11321.5665  73.2%     -    0s
     0     0 11321.5665    0  109 42247.0000 11321.5665  73.2%     -    0s
     0     0 11321.9448    0  106 42247.0000 11321.9448  73.2%     -    0s
     0     0 11324.7461    0  104 42247.0000 11324.7461  73.2%     -    0s
     0     0 11325.6613    0  105 42247.0000 11325.6613  73.2%     -    0s
     0     0 11325.6613    0  108 42247.0000 11325.6613  73.2%     -    0s
H    0     0                    41444.000000 11325.6613  72.7%     -    1s
     0     0 11326.0386    0  112 41444.0000 11326.0386  72.7%     -    1s
     0     0 11326.0796    0  106 41444.0000 11326.0796  72.7%     -    1s
     0     0 11326.0796    0  108 41444.0000 11326.0796  72.7%     -    1s
     0     0 11326.4470    0  108 41444.0000 11326.4470  72.7%     -    1s
     0     0 11326.6034    0  110 41444.0000 11326.6034  72.7%     -    1s
     0     0 11326.6062    0  109 41444.0000 11326.6062  72.7%     -    1s
     0     0 11327.1755    0  106 41444.0000 11327.1755  72.7%     -    1s
     0     0 11328.0000    0   97 41444.0000 11328.0000  72.7%     -    1s
H    0     0                    41022.000000 11328.0000  72.4%     -    1s
     0     0 11328.0000    0   98 41022.0000 11328.0000  72.4%     -    1s
H    0     0                    40697.000000 11328.0000  72.2%     -    1s
     0     0 11328.0000    0  102 40697.0000 11328.0000  72.2%     -    1s
H    0     0                    40003.000000 11328.0000  71.7%     -    1s
     0     0 11328.0000    0  109 40003.0000 11328.0000  71.7%     -    1s
     0     0 11328.0000    0   95 40003.0000 11328.0000  71.7%     -    1s
H    0     0                    39947.000000 11328.0000  71.6%     -    1s
     0     0 11328.0000    0   97 39947.0000 11328.0000  71.6%     -    1s
     0     0 11328.0000    0   89 39947.0000 11328.0000  71.6%     -    1s
     0     0 11328.0000    0   68 39947.0000 11328.0000  71.6%     -    1s
     0     2 11328.0000    0   66 39947.0000 11328.0000  71.6%     -    1s
H   31    40                    39688.000000 11351.1719  71.4%   201    2s
H   75    80                    38769.000000 11351.1719  70.7%   103    2s
H  108   124                    37842.000000 11351.1719  70.0%  76.1    2s
H  217   204                    37676.000000 11351.1719  69.9%  45.8    2s
H  226   204                    36287.000000 11351.1719  68.7%  44.8    2s
H  277   243                    35623.000000 11351.1719  68.1%  40.1    2s
H  373   314                    35129.000000 11351.1719  67.7%  35.1    4s
H  400   314                    34715.000000 11351.1719  67.3%  33.9    4s
  1500  1077 12933.5536   15   93 34715.0000 11359.5479  67.3%  16.5    5s
H 1503  1077                    34713.000000 11359.5479  67.3%  16.5    5s
H 1851  1223                    34581.000000 11359.5479  67.2%  15.5    5s
H 1853  1164                    34579.000000 11359.5479  67.1%  15.5    5s
H 1854  1106                    33474.000000 11359.5479  66.1%  15.5    5s
H 1856  1052                    33473.000000 11359.5479  66.1%  15.5    5s
H 1856   999                    33472.000000 11359.5479  66.1%  15.5    6s
H 1859   951                    33470.000000 11399.0000  65.9%  15.4    6s
H 1863   905                    33469.000000 11451.0000  65.8%  15.4    6s
H 1863   860                    32308.000000 11451.0000  64.6%  15.4    6s
H 1870   821                    31380.000000 11621.1730  63.0%  15.4    7s
H 1871   781                    31378.000000 11756.2667  62.5%  15.3    7s
H 1872   741                    31376.000000 11808.7711  62.4%  15.3    7s
H 1872   704                    30220.000000 11808.7711  60.9%  15.3    7s
H 1873   669                    29955.000000 11901.4926  60.3%  15.3    7s
H 1968   708                    29805.000000 11961.1938  59.9%  10.9    9s
H 2052   720                    29098.000000 11961.1938  58.9%  11.6    9s
  2317   794 11961.1938   40   70 29098.0000 11961.1938  58.9%  11.2   10s
H 2332   758                    28768.000000 11961.1938  58.4%  11.2   10s
H 2335   770                    28290.000000 11961.1938  57.7%  11.2   10s
H 3556   946                    28288.000000 11961.1938  57.7%  10.7   11s
H 6803  2278                    27666.000000 11961.1938  56.8%  10.2   12s
H 6807  2277                    27559.000000 11961.1938  56.6%  10.2   12s
H 6809  2269                    27403.000000 11961.1938  56.4%  10.2   12s
 21038  9132 27010.0000   80   32 27403.0000 11961.1938  56.4%   9.5   16s
 26074 13730 17179.5894   65   58 27403.0000 11961.1938  56.4%   9.6   20s
 43087 23731 26056.1109   79   37 27403.0000 11961.1938  56.4%   9.5   26s
 71135 37309 27011.0000  111   19 27403.0000 11961.1938  56.4%   9.2   30s
 102262 55607 infeasible   68      27403.0000 11961.1938  56.4%   9.0   35s
 133993 75043 11961.1938   47   98 27403.0000 11961.1938  56.4%   8.9   40s
 153802 87861 12027.9721   47  104 27403.0000 11961.1938  56.4%   8.9   45s
 170409 96637 15052.4333   51   76 27403.0000 11961.1938  56.4%   8.9   50s
 197594 112979 14403.8684   54   70 27403.0000 11961.1938  56.4%   8.8   55s
 227633 131419 24205.8178   91   31 27403.0000 11961.1938  56.4%   8.6   60s
 259427 151925 13304.7264   41   93 27403.0000 11961.1938  56.4%   8.5   65s
 290712 172038 27184.2175  131   15 27403.0000 11961.1938  56.4%   8.4   70s
 319014 190476 17476.8973   70   51 27403.0000 11961.1938  56.4%   8.4   75s
 346970 208082     cutoff   98      27403.0000 11961.1938  56.4%   8.4   80s
 364383 219983 26760.0000   80   23 27403.0000 11961.1938  56.4%   8.4   85s
 392076 237159 12307.9478   50  102 27403.0000 11961.1938  56.4%   8.3   90s
 421190 255682 14837.3774   64   67 27403.0000 11961.1938  56.4%   8.3   95s
 446899 271939     cutoff   74      27403.0000 11961.1938  56.4%   8.2  100s
 475174 290272 11961.1938   45  119 27403.0000 11961.1938  56.4%   8.2  105s
 500882 308199 13479.8193   54   75 27403.0000 11961.1938  56.4%   8.1  110s
H509127 299147                    26894.000000 11961.1938  55.5%   8.1  112s
H510669 300030                    26892.000000 11961.1938  55.5%   8.1  113s
 510709 300618 11961.1938   54  109 26892.0000 11961.1938  55.5%   8.1  115s
H512419 301462                    26891.000000 11961.1938  55.5%   8.1  115s
H513776 302344                    26890.000000 11961.1938  55.5%   8.1  117s
H515452 301932                    26837.000000 11961.1938  55.4%   8.1  118s
 515833 313127 infeasible  115      26837.0000 11961.1938  55.4%   8.1  120s
H531978 313362                    26835.000000 11961.1938  55.4%   8.1  123s
 537639 318794 21700.6684  107   37 26835.0000 11961.1938  55.4%   8.1  125s
H545407 323734                    26833.000000 11961.1938  55.4%   8.1  127s
H555729 326093                    26680.000000 11961.1938  55.2%   8.1  129s
H556770 322259                    26557.000000 11961.1938  55.0%   8.1  129s
 557595 323720 15784.8191   66   72 26557.0000 11961.1938  55.0%   8.1  130s
H559864 310698                    26113.000000 11961.1938  54.2%   8.1  131s
H559936 307072                    25988.000000 11961.1938  54.0%   8.1  131s
H561796 317361                    25986.000000 11961.1938  54.0%   8.1  135s
 589233 327769 12671.2426   51  105 25986.0000 11961.1938  54.0%   8.1  140s
 610809 342608 21783.5535   72   43 25986.0000 11961.1938  54.0%   8.1  145s
H612966 343631                    25984.000000 11961.1938  54.0%   8.1  145s
 632967 355746 25703.1981  118   21 25984.0000 11961.1938  54.0%   8.0  151s
H633640 352724                    25877.000000 11961.1938  53.8%   8.0  154s
 634352 353546 13172.6347   53   90 25877.0000 11961.1938  53.8%   8.0  155s
H634585 353468                    25875.000000 11961.1938  53.8%   8.0  155s
H641290 357727                    25873.000000 11961.1938  53.8%   8.0  158s
 647316 362178 23256.7829   77   39 25873.0000 11961.1938  53.8%   8.0  160s
 664490 374594 infeasible   84      25873.0000 11961.1938  53.8%   8.0  165s
 683105 386627 25312.6217   69   38 25873.0000 11961.1938  53.8%   8.0  170s
 703527 399675 infeasible   86      25873.0000 11961.1938  53.8%   8.0  175s
 721048 411356 19004.6458   77   49 25873.0000 11961.1938  53.8%   8.0  180s
 740440 423394 infeasible   58      25873.0000 11961.1938  53.8%   8.0  185s
 759605 436505 20781.8475   68   51 25873.0000 11961.1938  53.8%   8.0  190s
 778840 448728 17133.0287   56   54 25873.0000 11961.1938  53.8%   7.9  195s
H784173 451332                    25871.000000 11961.1938  53.8%   7.9  197s
H790144 455907                    25869.000000 11961.1938  53.8%   7.9  199s
 792311 457882 13855.2645   50   77 25869.0000 11961.1938  53.8%   7.9  200s
H799191 456076                    25755.000000 11961.1938  53.6%   7.9  204s
 800640 458353 21143.6809   75   41 25755.0000 11961.1938  53.6%   7.9  205s
 817332 469799 22612.5008   94   39 25755.0000 11961.1938  53.6%   7.9  210s
 836625 482142 21000.1802   81   39 25755.0000 11961.1938  53.6%   7.9  215s
 855910 495086 20036.1321   72   46 25755.0000 11961.1938  53.6%   7.9  220s
H870524 503485                    25754.000000 11961.1938  53.6%   7.9  224s
 871739 504663 14148.8473   63   82 25754.0000 11961.1938  53.6%   7.9  225s
 890596 518580 14119.8241   57   91 25754.0000 11961.1938  53.6%   7.9  230s
 910586 531347 17580.2855   60   55 25754.0000 11961.1938  53.6%   7.9  235s
H912398 528449                    25686.000000 11961.1938  53.4%   7.9  236s
H912422 525858                    25641.000000 11961.1938  53.4%   7.9  236s
 929011 536861 15755.6731   62   65 25641.0000 11961.1938  53.4%   7.9  240s
H935856 539165                    25602.000000 11961.1938  53.3%   7.9  243s
 939678 542938 24052.8142   64   35 25602.0000 11961.1938  53.3%   7.9  245s
 956884 554539 18406.9819   58   56 25602.0000 11961.1938  53.3%   7.9  250s
 975302 567046 infeasible   74      25602.0000 11961.1938  53.3%   7.8  255s
 986097 573518 infeasible   80      25602.0000 11961.1938  53.3%   7.8  260s
H986103 566737                    25489.000000 11961.1938  53.1%   7.8  260s
 999780 577428 11961.1938   36  111 25489.0000 11961.1938  53.1%   7.8  265s
 1018852 590840 25355.3295   84   28 25489.0000 11961.1938  53.1%   7.8  270s
 1040419 604736 13398.0984   55   84 25489.0000 11961.1938  53.1%   7.8  275s
 1061517 618937 22849.9226   99   36 25489.0000 11961.1938  53.1%   7.8  280s
 1083655 634952 18553.6528   67   57 25489.0000 11961.1938  53.1%   7.8  285s
 1104413 648281 14741.2566   50   69 25489.0000 11961.1938  53.1%   7.8  290s
 1125632 662865 25435.3137   87   30 25489.0000 11961.1938  53.1%   7.8  295s
 1147580 677839 24201.3646  110   28 25489.0000 11961.1938  53.1%   7.8  300s
 1156480 685211 15376.2639   60   70 25489.0000 11961.1938  53.1%   7.8  305s
H1168493 685542                    25413.000000 11961.1938  52.9%   7.8  307s
H1168617 642206                    24818.000000 11961.1938  51.8%   7.8  308s
 1176844 648018 23586.0000   75   32 24818.0000 11961.1938  51.8%   7.8  310s
 1196614 661871 15476.8883   67   79 24818.0000 11961.1938  51.8%   7.8  315s
 1218124 674887 16690.9048   63   60 24818.0000 11961.1938  51.8%   7.8  322s
 1228072 683957 24098.6411   80   27 24818.0000 11961.1938  51.8%   7.8  325s
 1247191 695991 12433.2746   61   94 24818.0000 11961.1938  51.8%   7.8  330s
 1267964 710477 17187.3084   68   47 24818.0000 11961.1938  51.8%   7.7  335s
 1288383 722005 23562.4118   57   42 24818.0000 11961.1938  51.8%   7.7  341s
 1292753 725717 14735.0715   62   65 24818.0000 11961.1938  51.8%   7.8  345s
 1309300 736384 20350.0000   56   46 24818.0000 11961.1938  51.8%   7.8  350s
 1327573 751179 17163.5365   46   66 24818.0000 11961.1938  51.8%   7.8  355s
 1347606 762878 infeasible   72      24818.0000 11961.1938  51.8%   7.8  360s
 1366961 774976 14076.7273   62   82 24818.0000 11961.1938  51.8%   7.8  365s
 1389142 789357 14324.1647   67   76 24818.0000 11961.1938  51.8%   7.8  370s
 1408423 800810 infeasible   86      24818.0000 11961.1938  51.8%   7.8  375s
 1428570 815233 24488.7337   86   36 24818.0000 11961.1938  51.8%   7.8  380s
 1436957 821986 18485.7440   64   53 24818.0000 11961.1938  51.8%   7.8  385s
 1459248 835385 12875.7348   54   85 24818.0000 11961.1938  51.8%   7.8  390s
 1473421 844058 20886.0000   61   51 24818.0000 11961.1938  51.8%   7.8  395s
 1488195 855243 16042.8407   59   64 24818.0000 11961.1938  51.8%   7.8  400s
 1505578 866561 15761.3412   63   74 24818.0000 11961.1938  51.8%   7.8  405s
 1525337 879575 21372.5175   72   36 24818.0000 11961.1938  51.8%   7.8  410s
 1541583 888903 12322.0000   57  101 24818.0000 11961.1938  51.8%   7.8  415s
 1553889 898439 22342.1257   61   45 24818.0000 11961.1938  51.8%   7.8  420s
 1575425 912124 15767.6041   63   75 24818.0000 11961.1938  51.8%   7.8  425s
 1593975 923616 24754.0580   80   32 24818.0000 11961.1938  51.8%   7.8  430s
 1613818 936742 14382.6707   60   78 24818.0000 11961.1938  51.8%   7.8  435s
 1633799 949948 24068.3529  102   26 24818.0000 11961.1938  51.8%   7.8  440s
 1652920 963430 23379.2584   85   30 24818.0000 11961.1938  51.8%   7.8  445s
 1670614 975512 17517.0000   75   57 24818.0000 11961.1938  51.8%   7.8  450s
 1692012 989983 20669.9797   87   50 24818.0000 11961.1938  51.8%   7.8  455s
 1704398 996655 24682.9672  113   31 24818.0000 11961.1938  51.8%   7.8  460s
 1718607 1007751 11961.1938   53  108 24818.0000 11961.1938  51.8%   7.8  465s
 1734974 1018068 17303.2250   62   68 24818.0000 11961.1938  51.8%   7.9  470s
 1755017 1031161 24708.5933   97   25 24818.0000 11961.1938  51.8%   7.9  475s
 1775355 1043975 15287.0000   74   64 24818.0000 11961.1938  51.8%   7.9  480s
 1793657 1055782 15906.0960   63   63 24818.0000 11961.1938  51.8%   7.9  485s
 1811500 1067619 24368.1348   98   26 24818.0000 11961.1938  51.8%   7.9  490s
 1830678 1080193 24213.0000   81   25 24818.0000 11961.1938  51.8%   7.9  495s
 1843860 1087653 infeasible   66      24818.0000 11961.1938  51.8%   7.9  501s
 1846871 1090138 13473.8307   51   93 24818.0000 11961.1938  51.8%   7.9  505s
 1861840 1099966 16286.0000   61   58 24818.0000 11961.1938  51.8%   7.9  510s
 1876554 1110732 23417.7456   82   37 24818.0000 11961.1938  51.8%   7.9  515s
 1894754 1121507 infeasible   90      24818.0000 11961.1938  51.8%   7.9  520s
 1912299 1133663 20321.4746   66   38 24818.0000 11961.1938  51.8%   7.9  525s
 1930376 1145329 24511.9403   74   35 24818.0000 11961.1938  51.8%   7.9  530s
 1947360 1155361 21230.0110   61   42 24818.0000 11961.1938  51.8%   7.9  535s
 1964238 1166544 22005.8682  120   27 24818.0000 11961.1938  51.8%   7.9  540s
 1970252 1172932 24383.7365   92   27 24818.0000 11961.1938  51.8%   7.9  545s
 1988582 1182448 18933.2774   80   39 24818.0000 11962.3413  51.8%   7.9  550s
 2006465 1194973 23698.9443   65   34 24818.0000 11966.0000  51.8%   8.0  555s
 2018709 1202436 12657.7363   61   91 24818.0000 11968.9215  51.8%   7.9  560s
 2032732 1213034 15153.1366   63   66 24818.0000 11971.6753  51.8%   8.0  565s
 2046578 1220877 23544.7177   72   34 24818.0000 11973.5421  51.8%   8.0  570s
 2061911 1230012 infeasible   57      24818.0000 11976.1783  51.7%   8.0  575s
 2076727 1240528 23600.2620   79   32 24818.0000 11978.6414  51.7%   8.0  580s
 2089929 1248420 20662.0000   70   51 24818.0000 11980.7263  51.7%   8.0  585s
 2103168 1256921 14603.8223   60   70 24818.0000 11983.7064  51.7%   8.0  590s
 2118327 1266343 infeasible   73      24818.0000 11986.0959  51.7%   8.0  595s
 2124582 1269895 14019.0245   62   89 24818.0000 11987.1149  51.7%   8.0  600s
 2132420 1276601 21842.9211   65   44 24818.0000 11988.4126  51.7%   8.0  605s
 2146233 1284370 17516.0576   69   53 24818.0000 11990.1230  51.7%   8.0  610s
 2159631 1293650 16447.0254   50   60 24818.0000 11991.7278  51.7%   8.0  615s
 2173465 1302727 24515.4437   72   36 24818.0000 11993.8499  51.7%   8.0  620s
 2177253 1304096 20362.0000   70   45 24818.0000 11994.4157  51.7%   8.0  625s
 2190855 1313371 13223.2786   49   89 24818.0000 11995.7023  51.7%   8.0  630s
 2202534 1322153 17596.0188   53   56 24818.0000 11997.5970  51.7%   8.0  635s
 2214778 1330420 24330.5912   72   44 24818.0000 11999.1574  51.7%   8.0  640s
 2228636 1339554 20999.4429   74   51 24818.0000 12000.9928  51.6%   8.0  645s
 2242502 1347964 24149.2962   81   26 24818.0000 12003.1666  51.6%   8.0  650s
 2256420 1356842 13497.1975   53   87 24818.0000 12004.8839  51.6%   8.0  655s
 2268985 1364686 24768.3708   73   33 24818.0000 12006.8383  51.6%   8.0  660s
 2271263 1375063 12816.1950   43   89 24818.0000 12007.2088  51.6%   8.0  672s
 2287279 1379612 21142.1037   81   40 24818.0000 12009.6191  51.6%   8.0  676s
 2300293 1384904 infeasible   88      24818.0000 12012.1102  51.6%   8.0  680s
 2315268 1395357 21327.7171   76   38 24818.0000 12014.0610  51.6%   8.0  685s
 2330585 1405234 24245.9367   80   34 24818.0000 12016.5472  51.6%   8.0  690s
 2346390 1415345 13962.5766   57   84 24818.0000 12018.8442  51.6%   8.0  695s
 2359758 1424255 24689.9545   67   37 24818.0000 12021.0000  51.6%   8.0  700s
 2374603 1433395 infeasible   69      24818.0000 12023.2944  51.6%   8.0  705s
 2378378 1439786 22947.8786   89   42 24818.0000 12023.8933  51.6%   8.0  712s
 2388617 1441148 24584.8366   73   39 24818.0000 12025.1144  51.5%   8.0  716s
 2396492 1448261 21996.2383   88   52 24818.0000 12026.3222  51.5%   8.0  720s
 2407412 1454541 16455.9091   54   60 24818.0000 12027.7477  51.5%   8.0  725s
 2420354 1462473 24450.9195   76   43 24818.0000 12029.7168  51.5%   8.0  730s
 2432990 1471500 21534.3395   74   39 24818.0000 12032.0000  51.5%   8.0  735s
 2445019 1479827 16595.9438   47   64 24818.0000 12034.0021  51.5%   8.0  740s
 2459469 1488721 22079.6138   83   46 24818.0000 12036.0638  51.5%   8.0  745s
 2473083 1496282 21560.8921   77   44 24818.0000 12037.6473  51.5%   8.0  750s
 2483034 1502390 18080.9387   59   46 24818.0000 12039.3173  51.5%   8.0  757s
 2488832 1506387 24517.0907   90   29 24818.0000 12040.4097  51.5%   8.0  760s
 2498229 1513613 22879.0639   65   39 24818.0000 12041.8779  51.5%   8.0  765s
 2507296 1520376 19522.0000   71   44 24818.0000 12042.9498  51.5%   8.0  771s
 2514285 1523719 20412.6411   69   48 24818.0000 12043.8712  51.5%   8.0  775s
 2526852 1531197 24292.1013   72   29 24818.0000 12044.8927  51.5%   8.1  780s
 2539786 1539235 23730.1238   72   41 24818.0000 12045.9279  51.5%   8.1  785s
 2551852 1548586 17330.3149   58   64 24818.0000 12047.4213  51.5%   8.1  790s
 2566645 1557505 17211.1751   59   50 24818.0000 12049.1981  51.4%   8.1  795s
 2577314 1564035 13746.2349   61   83 24818.0000 12050.6400  51.4%   8.1  800s
 2591043 1572019 23688.9716   89   29 24818.0000 12052.6444  51.4%   8.1  805s
 2601197 1579663 15118.0000   52   73 24818.0000 12053.8482  51.4%   8.1  810s
 2614583 1587284 15155.0000   63   69 24818.0000 12055.4604  51.4%   8.1  815s
 2626687 1596001 12952.2878   50   80 24818.0000 12056.5393  51.4%   8.1  820s
 2639081 1604282 infeasible   76      24818.0000 12058.0308  51.4%   8.1  825s
 2653174 1612273 16769.5210   56   60 24818.0000 12059.7788  51.4%   8.1  830s
 2666217 1620984 15948.0000   68   62 24818.0000 12061.8385  51.4%   8.1  835s
 2678078 1628643 16265.8255   59   75 24818.0000 12062.8354  51.4%   8.1  840s
 2688472 1635140 21349.5725   59   38 24818.0000 12064.2321  51.4%   8.1  847s
 2691082 1637224 14168.7082   51   71 24818.0000 12064.9450  51.4%   8.1  850s
 2704442 1645549 24462.8860   88   29 24818.0000 12066.2920  51.4%   8.1  855s
 2716347 1654505 17948.3512   72   59 24818.0000 12067.7838  51.4%   8.1  860s
 2731873 1664383 22052.3370   65   43 24818.0000 12069.9663  51.4%   8.1  865s
 2744893 1672932 24166.9757   85   29 24818.0000 12071.4988  51.4%   8.1  870s
 2761519 1683507 13945.7908   51   85 24818.0000 12073.5023  51.4%   8.1  875s
 2765181 1685706 17873.2737   65   58 24818.0000 12073.9604  51.3%   8.1  880s
 2776324 1694722 13656.6022   53   87 24818.0000 12075.1462  51.3%   8.1  885s
 2791843 1704390 22976.0000   51   42 24818.0000 12077.0000  51.3%   8.1  890s
 2806568 1713569 infeasible   77      24818.0000 12078.6751  51.3%   8.1  895s
 2822091 1724115 infeasible   86      24818.0000 12080.1014  51.3%   8.1  900s
 2837194 1733447 14696.1269   65   78 24818.0000 12081.8159  51.3%   8.1  905s
 2852194 1742239 infeasible   83      24818.0000 12083.4911  51.3%   8.1  910s
 2856583 1745235 16369.1400   67   62 24818.0000 12084.4869  51.3%   8.1  915s
 2869022 1754527 23815.3733   85   39 24818.0000 12085.7163  51.3%   8.1  920s
 2882750 1763479 18938.3835   91   43 24818.0000 12087.2202  51.3%   8.1  925s
 2896194 1771737 23810.1231   68   39 24818.0000 12088.5803  51.3%   8.1  930s
 2909082 1780793 15668.6926   61   64 24818.0000 12089.9738  51.3%   8.1  935s
 2923757 1789325 13459.5662   62   91 24818.0000 12091.4952  51.3%   8.1  940s
 2936836 1797430 17542.0000   62   58 24818.0000 12093.0000  51.3%   8.1  945s
 2948883 1805960 19760.7912   63   57 24818.0000 12094.6156  51.3%   8.1  950s
 2961543 1814174 infeasible   82      24818.0000 12096.2253  51.3%   8.1  955s
 2975353 1823621 13139.9119   54   96 24818.0000 12097.9349  51.3%   8.1  960s
 2989237 1831428 24588.8902   69   39 24818.0000 12099.5367  51.2%   8.1  965s
 3001919 1839751 17701.1215   67   54 24818.0000 12100.8356  51.2%   8.1  970s
 3016737 1848586 23735.7336   87   33 24818.0000 12102.7883  51.2%   8.1  975s
 3022624 1852031 22441.0955   88   47 24818.0000 12103.2946  51.2%   8.1  980s
 3032725 1860477 infeasible   69      24818.0000 12104.1583  51.2%   8.1  985s
 3047072 1869585 22475.1100   74   32 24818.0000 12105.7114  51.2%   8.1  990s
 3056701 1874277 23758.3820   71   39 24818.0000 12106.7440  51.2%   8.1  996s
 3062504 1879826 19689.3851   70   48 24818.0000 12107.3242  51.2%   8.1 1000s
 3076825 1888259 22739.5610  106   34 24818.0000 12108.9059  51.2%   8.1 1005s
 3089944 1897399 24638.0000   95   17 24818.0000 12110.3647  51.2%   8.1 1010s
 3105331 1907459 13540.0000   45   87 24818.0000 12113.1334  51.2%   8.1 1015s
 3118745 1916252 15428.4102   59   60 24818.0000 12114.7951  51.2%   8.1 1020s
 3131046 1924104 17341.5800   62   60 24818.0000 12116.3692  51.2%   8.1 1025s
 3145479 1935953 19581.6956   55   50 24818.0000 12118.0000  51.2%   8.1 1031s
 3151044 1935968 13504.4907   53   84 24818.0000 12118.3276  51.2%   8.1 1035s
 3160713 1943892 16466.5156   58   68 24818.0000 12119.5837  51.2%   8.1 1040s
 3175143 1953022 18489.0000   64   43 24818.0000 12121.2796  51.2%   8.1 1045s
 3187925 1962913 17734.2776   58   53 24818.0000 12122.3685  51.2%   8.1 1050s
 3203096 1971449 12133.0314   55   92 24818.0000 12124.2842  51.1%   8.1 1055s
 3215944 1980378 22217.4030   81   31 24818.0000 12125.8491  51.1%   8.1 1060s
 3230860 1988697 16835.9613   62   52 24818.0000 12127.5080  51.1%   8.1 1065s
 3242660 1997278 14649.9552   51   74 24818.0000 12129.0000  51.1%   8.1 1070s
 3256453 2006299 21919.8024   72   35 24818.0000 12130.4220  51.1%   8.1 1075s
 3271244 2014830 infeasible   63      24818.0000 12131.9854  51.1%   8.1 1080s
 3285569 2024851 24726.0449   91   27 24818.0000 12133.9120  51.1%   8.1 1085s
 3298098 2033166 18412.3618   66   58 24818.0000 12135.3544  51.1%   8.1 1090s
 3313628 2042059 14940.1437   61   66 24818.0000 12137.2164  51.1%   8.1 1095s
 3324141 2048689 20902.8419   82   40 24818.0000 12138.1676  51.1%   8.1 1102s
 3328977 2053283 22898.9627   59   40 24818.0000 12138.8173  51.1%   8.1 1105s
 3342533 2061854 24719.4333   96   24 24818.0000 12140.0000  51.1%   8.1 1110s
 3356176 2070361 infeasible  113      24818.0000 12141.5178  51.1%   8.1 1115s
 3369129 2078373 18950.8041   73   51 24818.0000 12143.0000  51.1%   8.1 1120s
 3382094 2086279 18799.3656   69   48 24818.0000 12144.4926  51.1%   8.1 1125s
 3393766 2094743 22147.1825   71   39 24818.0000 12145.7589  51.1%   8.1 1130s
 3407409 2103773 17700.4037   60   55 24818.0000 12147.0367  51.1%   8.1 1135s
 3421701 2111923 19933.0000   63   39 24818.0000 12148.7923  51.0%   8.1 1140s
 3432743 2119862 14220.9493   47   85 24818.0000 12150.1184  51.0%   8.1 1145s
 3446794 2128414 20525.9386   75   39 24818.0000 12151.7852  51.0%   8.1 1150s
 3459890 2137797 22363.0000   97   38 24818.0000 12153.2805  51.0%   8.1 1155s
 3472202 2146149 19721.7298   74   43 24818.0000 12154.5160  51.0%   8.1 1160s
 3484381 2153967 17118.0882   55   65 24818.0000 12155.9779  51.0%   8.1 1165s
 3496090 2162221 16437.4698   59   61 24818.0000 12157.2035  51.0%   8.1 1170s
 3506956 2169098 infeasible   96      24818.0000 12158.2799  51.0%   8.1 1175s
 3518767 2176440 23970.2470   78   40 24818.0000 12159.5991  51.0%   8.1 1180s
 3528542 2182952 16519.9103   61   57 24818.0000 12160.5759  51.0%   8.1 1185s
 3541562 2191187 13824.0061   61   88 24818.0000 12162.2017  51.0%   8.1 1190s
 3550083 2197960 19958.1225   54   51 24818.0000 12163.2836  51.0%   8.1 1195s
 3562238 2204859 13514.6777   52   82 24818.0000 12164.2042  51.0%   8.1 1200s
 3574440 2211783 14624.0000   62   86 24818.0000 12165.2715  51.0%   8.1 1205s
 3585705 2220060 15626.9835   47   65 24818.0000 12166.2135  51.0%   8.1 1210s
 3597324 2227962 13608.0000   56   80 24818.0000 12167.1959  51.0%   8.1 1215s
 3607434 2234997 12214.6630   53   92 24818.0000 12168.0922  51.0%   8.1 1220s
 3618791 2241975 16151.3631   56   73 24818.0000 12169.0473  51.0%   8.1 1225s
 3629691 2249493 14108.6859   54   85 24818.0000 12170.2521  51.0%   8.1 1230s
 3641398 2256029 15378.2078   56   70 24818.0000 12171.1265  51.0%   8.1 1235s
 3653281 2264346 22742.6005   90   37 24818.0000 12172.3688  51.0%   8.1 1240s
 3663380 2271073 18569.8204   66   51 24818.0000 12173.5440  50.9%   8.1 1245s
 3674553 2277907 infeasible   72      24818.0000 12174.2433  50.9%   8.1 1250s
 3684872 2284744 22979.4663   82   44 24818.0000 12175.0761  50.9%   8.1 1255s
 3695613 2292465 16062.6894   61   64 24818.0000 12176.1209  50.9%   8.1 1260s
 3705240 2298606 17008.4568   54   64 24818.0000 12177.1327  50.9%   8.1 1265s
 3716976 2305909 24161.6222   79   37 24818.0000 12177.9488  50.9%   8.1 1270s
 3727358 2312834 20872.2601   67   51 24818.0000 12178.8617  50.9%   8.1 1275s
 3739211 2319981 24791.1186   63   32 24818.0000 12179.8562  50.9%   8.1 1280s
 3750818 2326220 21375.3794   73   45 24818.0000 12180.7627  50.9%   8.1 1285s
 3759526 2333016 15358.1705   69   73 24818.0000 12181.7317  50.9%   8.1 1290s
 3771352 2339122     cutoff   69      24818.0000 12182.5221  50.9%   8.1 1295s
 3781626 2346677 14244.0000   56   74 24818.0000 12183.5440  50.9%   8.1 1300s
 3791251 2353348 18753.0992   74   48 24818.0000 12184.6023  50.9%   8.1 1305s
 3803213 2360551 13281.9257   57   75 24818.0000 12185.6491  50.9%   8.1 1310s
 3813757 2366627 15235.7500   53   66 24818.0000 12186.4826  50.9%   8.1 1315s
 3823000 2373576 22979.6508   78   34 24818.0000 12187.6266  50.9%   8.1 1320s
 3834177 2381460 23754.8859   96   35 24818.0000 12188.4729  50.9%   8.1 1326s
 3843553 2387346 19795.7015   52   59 24818.0000 12189.1074  50.9%   8.1 1330s
 3854331 2394139 19516.0030   67   57 24818.0000 12190.0288  50.9%   8.1 1335s
 3866392 2401920 16105.4301   55   62 24818.0000 12191.3032  50.9%   8.1 1340s
 3878402 2409907 13194.4260   52   84 24818.0000 12192.5397  50.9%   8.1 1345s
 3888375 2416009 infeasible   77      24818.0000 12193.5613  50.9%   8.1 1350s
 3900444 2422848     cutoff   74      24818.0000 12194.6410  50.9%   8.1 1355s
 3910408 2429445 24784.2356   79   29 24818.0000 12195.7089  50.9%   8.1 1360s
 3922264 2436865 21498.8359  102   37 24818.0000 12196.6982  50.9%   8.1 1365s
 3933336 2444180 infeasible   54      24818.0000 12197.9873  50.9%   8.1 1370s
 3942627 2449927 infeasible   75      24818.0000 12198.8844  50.8%   8.1 1375s
 3954126 2457151 18716.5151   56   50 24818.0000 12199.9094  50.8%   8.1 1380s
 3965816 2464615 17418.2383   70   58 24818.0000 12201.0000  50.8%   8.1 1385s
 3976398 2472610 infeasible   82      24818.0000 12201.9366  50.8%   8.1 1390s
 3988032 2479247 18282.8660   50   59 24818.0000 12202.9615  50.8%   8.1 1395s
 3996846 2486130 14642.5133   51   77 24818.0000 12203.8547  50.8%   8.1 1400s
 4009760 2494571 23010.3445   73   42 24818.0000 12204.9688  50.8%   8.1 1405s
 4020097 2501040 16483.3799   64   62 24818.0000 12206.0892  50.8%   8.1 1410s
 4031177 2508513 17170.7938   65   58 24818.0000 12206.7100  50.8%   8.1 1415s
 4043027 2515061 24520.9699   73   41 24818.0000 12207.9354  50.8%   8.1 1420s
 4054031 2523262 15631.3098   58   57 24818.0000 12208.6543  50.8%   8.1 1425s
 4063746 2529763 20109.8390   88   42 24818.0000 12209.5617  50.8%   8.1 1430s
 4074724 2536489 infeasible   84      24818.0000 12210.5381  50.8%   8.1 1435s
 4083821 2543882 24589.0093   75   31 24818.0000 12211.5199  50.8%   8.1 1441s
 4094516 2549731 23500.1118   72   38 24818.0000 12212.3267  50.8%   8.1 1445s
 4105150 2556503 23147.8716   79   36 24818.0000 12213.0296  50.8%   8.1 1450s
 4116645 2563230 15307.0000   59   49 24818.0000 12214.1566  50.8%   8.1 1455s
 4128844 2570104 23591.3753   80   38 24818.0000 12215.0644  50.8%   8.1 1460s
 4138613 2577513 14908.8553   54   65 24818.0000 12216.0036  50.8%   8.1 1465s
 4150768 2584059 22671.0000   66   43 24818.0000 12216.8943  50.8%   8.1 1470s
 4160742 2590565 20222.4430   70   40 24818.0000 12217.6741  50.8%   8.1 1475s
 4169554 2598834 17935.9373   59   55 24818.0000 12218.2198  50.8%   8.1 1481s
 4180155 2604653 14722.0597   62   75 24818.0000 12218.9869  50.8%   8.1 1485s
 4191545 2612412 18648.0000   77   39 24818.0000 12219.8204  50.8%   8.1 1492s
 4198821 2617018 18669.4370   58   58 24818.0000 12220.3322  50.8%   8.1 1495s
 4210032 2623990 20214.9698   80   46 24818.0000 12221.0000  50.8%   8.1 1500s
 4220215 2629593 23951.9011   70   40 24818.0000 12222.0000  50.8%   8.1 1505s
 4232017 2638283 24246.4387  102   24 24818.0000 12222.8852  50.7%   8.1 1510s
 4242147 2643880 19963.9252   67   44 24818.0000 12223.6333  50.7%   8.1 1515s
 4250887 2650125 17010.5479   65   64 24818.0000 12224.3343  50.7%   8.1 1520s
 4261146 2656269 14285.1760   45   84 24818.0000 12225.0196  50.7%   8.1 1525s
 4271909 2664188 24301.0000   97   36 24818.0000 12225.9351  50.7%   8.1 1530s
 4282886 2669885 21276.1909   66   47 24818.0000 12227.0992  50.7%   8.1 1535s
 4293271 2677575 infeasible   92      24818.0000 12227.7784  50.7%   8.1 1540s
 4303928 2683483 13371.0000   57   75 24818.0000 12228.6289  50.7%   8.1 1545s
 4314507 2691403 infeasible   85      24818.0000 12229.4377  50.7%   8.1 1551s
 4323530 2698761 21091.4312   74   43 24818.0000 12230.0520  50.7%   8.2 1556s
 4332009 2703333 21035.8117   66   44 24818.0000 12230.7089  50.7%   8.2 1560s
 4343714 2710852 12239.1549   44  107 24818.0000 12231.7234  50.7%   8.2 1565s
 4353475 2716755 20852.3453   62   47 24818.0000 12232.4906  50.7%   8.2 1570s
 4363901 2723938 15412.0000   62   65 24818.0000 12233.3963  50.7%   8.2 1575s
 4373091 2728615 20891.5553   75   48 24818.0000 12234.0629  50.7%   8.2 1580s
 4382297 2736220 18373.9300   64   52 24818.0000 12234.7249  50.7%   8.2 1585s
 4394422 2742591 21934.1523   76   35 24818.0000 12235.5455  50.7%   8.2 1590s
 4403999 2748924 13094.8662   47   80 24818.0000 12236.0708  50.7%   8.2 1595s
 4413702 2757363 23880.3383   80   43 24818.0000 12236.7318  50.7%   8.2 1600s
 4419804 2758842 21707.3920   69   48 24818.0000 12237.0383  50.7%   8.2 1606s
 4424688 2763873 22577.2219   72   40 24818.0000 12237.4553  50.7%   8.2 1611s
 4434328 2769466 18299.9674   68   54 24818.0000 12238.0734  50.7%   8.2 1615s
 4444908 2775673 22722.0000   74   35 24818.0000 12239.0490  50.7%   8.2 1620s
 4454497 2784906 21757.6902   66   39 24818.0000 12240.0000  50.7%   8.2 1626s
 4463868 2789610 20713.9664   69   44 24818.0000 12240.8336  50.7%   8.2 1630s
 4472933 2795310 19733.2489   83   51 24818.0000 12241.6817  50.7%   8.2 1635s
 4485350 2803133 18702.3037   73   46 24818.0000 12242.8608  50.7%   8.2 1640s
 4495141 2810015 infeasible  100      24818.0000 12243.6257  50.7%   8.2 1645s
 4504647 2816144 15097.7974   59   76 24818.0000 12244.3269  50.7%   8.2 1650s
 4514974 2822519 22758.2788   96   34 24818.0000 12245.0786  50.7%   8.2 1655s
 4522613 2828047 13045.8298   56   77 24818.0000 12245.9261  50.7%   8.2 1660s
 4534451 2835156 13956.2298   61   88 24818.0000 12246.8708  50.7%   8.2 1665s
 4545040 2840955 20686.5472   70   46 24818.0000 12247.6318  50.7%   8.2 1670s
 4555410 2847862 21191.5475   81   33 24818.0000 12248.4370  50.6%   8.2 1675s
 4562055 2855058 24357.3788   53   28 24818.0000 12248.8253  50.6%   8.2 1680s
 4575552 2860457 16096.8543   55   62 24818.0000 12250.1619  50.6%   8.2 1685s
 4584708 2867137 12791.1906   56   88 24818.0000 12250.9571  50.6%   8.2 1690s
 4595572 2874597 12254.8006   49   96 24818.0000 12251.7734  50.6%   8.2 1695s
 4604647 2883000 15377.9959   63   65 24818.0000 12252.4915  50.6%   8.2 1702s
 4614341 2886571 24087.6422   71   35 24818.0000 12253.2957  50.6%   8.2 1705s
 4624350 2893705 24328.4990   68   32 24818.0000 12254.2310  50.6%   8.2 1710s
 4635165 2899572 21238.9575   71   43 24818.0000 12255.1286  50.6%   8.2 1715s
 4645021 2906519 20393.0152   86   37 24818.0000 12255.8243  50.6%   8.2 1720s
 4654102 2912870 16085.8554   50   64 24818.0000 12256.4152  50.6%   8.2 1725s
 4666149 2919744 21010.3886   57   41 24818.0000 12257.2040  50.6%   8.2 1730s
 4674254 2925156 12462.8625   56   98 24818.0000 12257.8842  50.6%   8.2 1735s
 4683745 2931312 22566.9371   68   35 24818.0000 12258.8885  50.6%   8.2 1740s
 4695664 2938401 21251.1004   73   47 24818.0000 12259.7333  50.6%   8.2 1746s
 4704598 2945401 21130.1755   75   37 24818.0000 12260.3701  50.6%   8.2 1750s
 4714509 2950721 23259.0255   88   35 24818.0000 12261.0000  50.6%   8.2 1755s
 4723816 2958038 16671.0000   63   55 24818.0000 12261.9346  50.6%   8.2 1760s
 4735955 2964783 14480.0000   61   71 24818.0000 12262.6155  50.6%   8.2 1765s
 4748857 2973065 12681.0000   55   82 24818.0000 12263.6101  50.6%   8.2 1770s
 4755510 2980701 13096.5773   48   89 24818.0000 12264.1473  50.6%   8.2 1775s
 4770835 2988146 24733.3827  105   34 24818.0000 12265.0278  50.6%   8.2 1780s
 4783386 2996569 24606.9733   66   35 24818.0000 12266.1022  50.6%   8.2 1785s
 4795647 3003481 infeasible   72      24818.0000 12266.9155  50.6%   8.2 1790s
 4807379 3012120 18643.9273   71   48 24818.0000 12267.6956  50.6%   8.2 1795s
 4818277 3019068 21563.2004   71   31 24818.0000 12268.4641  50.6%   8.2 1800s
 4829261 3026815 19142.8129   67   47 24818.0000 12269.1851  50.6%   8.2 1805s
 4841775 3033912 24746.0114   96   28 24818.0000 12270.2424  50.6%   8.2 1810s
 4851815 3041844 21158.3293   92   37 24818.0000 12270.8852  50.6%   8.2 1815s
 4865159 3049132 15320.0000   75   75 24818.0000 12271.7528  50.6%   8.2 1820s
 4876947 3057608 15372.3086   49   74 24818.0000 12272.6448  50.5%   8.2 1825s
 4888674 3065156 infeasible   92      24818.0000 12273.3176  50.5%   8.2 1830s
 4900253 3073335 23995.4763   60   46 24818.0000 12274.1817  50.5%   8.2 1835s
 4913195 3081448 13492.7675   46   88 24818.0000 12275.0782  50.5%   8.2 1840s
 4926118 3089130 24749.0096   98   24 24818.0000 12275.8573  50.5%   8.2 1845s
 4937965 3097663 20845.2440   75   48 24818.0000 12276.6485  50.5%   8.2 1850s
 4948628 3104635 21064.6026   87   42 24818.0000 12277.2861  50.5%   8.2 1855s
 4960892 3113239 20152.1942   79   33 24818.0000 12278.1121  50.5%   8.2 1860s
 4972410 3121038 24550.5513   87   28 24818.0000 12279.0000  50.5%   8.2 1865s
 4984433 3128667 15221.7199   66   75 24818.0000 12279.7134  50.5%   8.2 1870s
 4994196 3133899 12624.3265   50   95 24818.0000 12280.2950  50.5%   8.2 1875s
 5005501 3142292 infeasible   87      24818.0000 12281.0607  50.5%   8.2 1880s
 5016595 3149941 infeasible   75      24818.0000 12281.7645  50.5%   8.2 1885s
 5030145 3162213 23378.7123   94   27 24818.0000 12282.5524  50.5%   8.2 1892s
 5039552 3164840 24695.4893   86   30 24818.0000 12282.9903  50.5%   8.2 1895s
 5050790 3172110 13968.8362   49   78 24818.0000 12283.8371  50.5%   8.2 1900s
 5061778 3179001 24548.2873   94   25 24818.0000 12284.5752  50.5%   8.2 1905s
 5074076 3186880 12300.9721   51   96 24818.0000 12285.2110  50.5%   8.2 1910s
 5086392 3194805 17199.4254   66   60 24818.0000 12286.1199  50.5%   8.2 1915s
 5098330 3200945 22151.5342   96   27 24818.0000 12286.9699  50.5%   8.2 1920s
 5107264 3208232 20483.8351   59   50 24818.0000 12287.5179  50.5%   8.2 1925s
 5120968 3215918 infeasible   89      24818.0000 12288.3212  50.5%   8.2 1930s
 5131562 3223985 23729.1544   66   32 24818.0000 12288.9658  50.5%   8.2 1935s
 5143639 3231800 18549.6271   68   52 24818.0000 12289.5963  50.5%   8.2 1940s
 5154052 3238845 23906.3555   74   35 24818.0000 12290.2654  50.5%   8.2 1945s
 5164823 3244594 18854.1515   68   48 24818.0000 12291.0319  50.5%   8.2 1950s
 5175840 3252610 22773.8777  102   38 24818.0000 12291.8534  50.5%   8.2 1955s
 5189205 3260000 21059.1104   69   35 24818.0000 12292.5590  50.5%   8.2 1960s
 5200294 3267356 23574.7394   75   41 24818.0000 12293.0000  50.5%   8.2 1965s
 5212238 3276165 24171.6945  115   29 24818.0000 12293.7823  50.5%   8.2 1970s
 5222356 3283670 24327.4024   82   36 24818.0000 12294.3998  50.5%   8.2 1975s
 5235378 3291134 20365.6559   76   53 24818.0000 12295.3713  50.5%   8.2 1980s
 5246225 3297920 infeasible   57      24818.0000 12295.9991  50.5%   8.2 1985s
 5258211 3305704 20394.4112   69   49 24818.0000 12296.7519  50.5%   8.2 1990s
 5268936 3312730 23599.4134   67   35 24818.0000 12297.3974  50.4%   8.2 1995s
 5281110 3320401 17238.2441   61   49 24818.0000 12298.1669  50.4%   8.2 2000s
 5287642 3327676 22712.9715   62   41 24818.0000 12298.8047  50.4%   8.2 2005s
 5301344 3334758 20032.5936   75   49 24818.0000 12299.6971  50.4%   8.2 2010s
 5313836 3341914 18061.1385   68   58 24818.0000 12300.3051  50.4%   8.2 2015s
 5323862 3349807 22154.0000   76   36 24818.0000 12301.0570  50.4%   8.2 2020s
 5335910 3355956 23711.3677   98   34 24818.0000 12301.6165  50.4%   8.2 2025s
 5345753 3363127 16539.7293   68   53 24818.0000 12302.1361  50.4%   8.2 2030s
 5358439 3370267 infeasible   64      24818.0000 12303.0000  50.4%   8.2 2035s
 5368334 3378040 15945.5576   64   65 24818.0000 12303.6044  50.4%   8.2 2040s
 5379118 3385210 17813.9844   70   46 24818.0000 12304.2867  50.4%   8.2 2045s
 5389719 3391906 infeasible   76      24818.0000 12305.1648  50.4%   8.2 2050s
 5396915 3399768 18835.2568   65   46 24818.0000 12305.7242  50.4%   8.2 2055s
 5412802 3406194 22613.0000   61   36 24818.0000 12306.8605  50.4%   8.2 2060s
 5423634 3414590 19546.5006   72   44 24818.0000 12307.4261  50.4%   8.2 2066s
 5432355 3420744 19421.5300   82   47 24818.0000 12308.0038  50.4%   8.2 2070s
 5442321 3428320 24139.5045   89   32 24818.0000 12308.6739  50.4%   8.2 2075s
 5455735 3436676 12966.6211   45   93 24818.0000 12309.4674  50.4%   8.2 2080s
 5462651 3442073 23020.4178   51   46 24818.0000 12309.9299  50.4%   8.2 2085s
 5476184 3449951 20870.4959   64   44 24818.0000 12310.6935  50.4%   8.2 2090s
 5487821 3456911 20085.1904   65   50 24818.0000 12311.5117  50.4%   8.2 2095s
 5499287 3464908 23557.1838   97   31 24818.0000 12312.0000  50.4%   8.2 2100s
 5508219 3470514 13651.0777   41   93 24818.0000 12312.8276  50.4%   8.2 2105s
 5520922 3479084 19654.2045   67   49 24818.0000 12313.5338  50.4%   8.2 2110s
 5532362 3485595 18973.3037   67   50 24818.0000 12314.2254  50.4%   8.2 2115s
 5542999 3492541 24249.0000   67   34 24818.0000 12314.9264  50.4%   8.2 2120s
 5554704 3499840 21399.6351   68   45 24818.0000 12315.4962  50.4%   8.2 2125s
 5565834 3507916 infeasible   89      24818.0000 12316.0582  50.4%   8.2 2130s
 5576347 3514065 22504.0239   66   40 24818.0000 12316.7587  50.4%   8.2 2135s
 5586132 3521044 24000.0000  105   24 24818.0000 12317.2922  50.4%   8.2 2140s
 5597267 3526977 17241.6588   62   51 24818.0000 12318.0657  50.4%   8.2 2145s
 5608603 3534088 16540.7889   53   61 24818.0000 12318.6818  50.4%   8.2 2150s
 5617788 3540660 20194.4517   71   46 24818.0000 12319.5332  50.4%   8.2 2155s
 5628487 3547901 24191.1659   89   40 24818.0000 12320.1904  50.4%   8.2 2160s
 5640540 3555463 21574.0660   84   36 24818.0000 12321.2291  50.4%   8.2 2166s
 5650622 3561272 13212.0126   50   88 24818.0000 12321.9391  50.4%   8.2 2170s
 5659604 3568313 16325.3974   71   57 24818.0000 12322.5152  50.3%   8.2 2175s
 5671621 3575800 14152.3988   60   86 24818.0000 12323.3565  50.3%   8.2 2180s
 5677521 3583638 19257.8918   77   40 24818.0000 12323.7644  50.3%   8.2 2185s
 5690542 3588279 infeasible   83      24818.0000 12324.5375  50.3%   8.2 2190s
 5698653 3596376 24083.8572   84   31 24818.0000 12325.0368  50.3%   8.2 2196s
 5711116 3601073 14712.8988   49   84 24818.0000 12325.7599  50.3%   8.2 2200s
 5722182 3607957 13418.8458   52   81 24818.0000 12326.5682  50.3%   8.2 2205s
 5732433 3614945 19661.6109   65   44 24818.0000 12327.3244  50.3%   8.2 2210s
 5744832 3623011 13900.5077   56   81 24818.0000 12328.2010  50.3%   8.2 2215s
 5756372 3630425 22880.4887   60   40 24818.0000 12328.8978  50.3%   8.2 2220s
 5767858 3637135 infeasible   81      24818.0000 12329.5394  50.3%   8.2 2225s
 5777363 3644631 12999.5010   61  101 24818.0000 12330.0000  50.3%   8.2 2230s
 5788311 3650867 16469.5592   49   69 24818.0000 12330.6604  50.3%   8.2 2236s
 5795317 3656417 17616.8331   64   59 24818.0000 12331.2113  50.3%   8.2 2240s
 5806673 3664221 16295.5422   43   67 24818.0000 12331.8659  50.3%   8.2 2245s
 5818439 3671899 18184.0000   61   67 24818.0000 12332.4055  50.3%   8.2 2250s
 5828773 3678171 24508.5689   71   30 24818.0000 12333.1530  50.3%   8.2 2255s
 5841748 3686187 24037.0155   75   36 24818.0000 12333.8766  50.3%   8.2 2260s
 5852201 3693190 17246.2139   61   67 24818.0000 12334.4409  50.3%   8.2 2265s
 5862462 3699916 infeasible   63      24818.0000 12335.1515  50.3%   8.2 2270s
 5872141 3706608 23275.1114   74   33 24818.0000 12335.5679  50.3%   8.2 2275s
 5884484 3714987 13663.3415   48   81 24818.0000 12336.1468  50.3%   8.2 2280s
 5889131 3720925 12369.8127   46   99 24818.0000 12336.3619  50.3%   8.2 2287s
 5898970 3722959 13381.8727   48   74 24818.0000 12336.9190  50.3%   8.2 2290s
 5910088 3732025 21040.3927   81   42 24818.0000 12337.3791  50.3%   8.2 2295s
 5921989 3738351 15540.6053   59   76 24818.0000 12337.7963  50.3%   8.2 2300s
 5931496 3746133 infeasible   55      24818.0000 12338.3029  50.3%   8.2 2305s
 5944206 3754277 13169.9791   53   87 24818.0000 12339.0154  50.3%   8.2 2310s
 5957025 3761573 16765.9623   59   63 24818.0000 12339.5434  50.3%   8.2 2315s
 5967391 3769454 19792.6242   74   44 24818.0000 12340.1814  50.3%   8.2 2320s
 5979180 3777085 20733.1177   71   51 24818.0000 12340.9421  50.3%   8.2 2325s
 5991445 3784369 infeasible   88      24818.0000 12341.6158  50.3%   8.2 2330s
 5997742 3792193 23462.6201   72   32 24818.0000 12342.0519  50.3%   8.2 2335s
 6010606 3796544 18994.7780   63   61 24818.0000 12342.7616  50.3%   8.2 2340s
 6022712 3805426 24229.7594   82   26 24818.0000 12343.2479  50.3%   8.2 2345s
 6033434 3812751 19300.9358   68   50 24818.0000 12343.8999  50.3%   8.2 2350s
 6045374 3820169 20012.8236   60   39 24818.0000 12344.4439  50.3%   8.2 2355s
 6054373 3826172 20103.8021   71   47 24818.0000 12344.9415  50.3%   8.2 2360s
 6061174 3832711 infeasible   84      24818.0000 12345.1856  50.3%   8.2 2365s
 6073715 3837486 infeasible   74      24818.0000 12345.8536  50.3%   8.2 2370s
 6080685 3843223 13906.3177   61   83 24818.0000 12346.1916  50.3%   8.2 2375s
 6091602 3849139 13111.0000   59   99 24818.0000 12346.8117  50.3%   8.2 2380s
 6100341 3856195 20360.5982   73   42 24818.0000 12347.2521  50.2%   8.2 2385s
 6110045 3863187 14521.1808   56   78 24818.0000 12347.5716  50.2%   8.2 2391s
 6118895 3868113 16312.9538   62   63 24818.0000 12347.9747  50.2%   8.2 2395s
 6124495 3874296 12708.2480   54   99 24818.0000 12348.2089  50.2%   8.2 2400s
 6137155 3880788 23560.3545   87   28 24818.0000 12348.8687  50.2%   8.2 2405s
 6144941 3889125 13307.3450   63   79 24818.0000 12349.1606  50.2%   8.2 2412s
 6152695 3891148 13490.9504   56   90 24818.0000 12349.6383  50.2%   8.2 2415s
 6164053 3897307 17842.0000   67   46 24818.0000 12350.2677  50.2%   8.2 2420s
 6174232 3904509 14944.7877   57   71 24818.0000 12350.7517  50.2%   8.2 2425s
 6183058 3909723 23522.0042  105   23 24818.0000 12351.1577  50.2%   8.2 2430s
 6192576 3917487 23602.6226  100   34 24818.0000 12351.5758  50.2%   8.2 2435s
 6202147 3923342 22851.6714   86   46 24818.0000 12352.0539  50.2%   8.2 2440s
 6212542 3929453 17257.0000   73   57 24818.0000 12352.6200  50.2%   8.2 2445s
 6221054 3936468 19717.5609   70   46 24818.0000 12352.8932  50.2%   8.2 2450s
 6229263 3941851 13448.0158   60   84 24818.0000 12353.0000  50.2%   8.2 2455s
 6240721 3947726 18659.3371   57   59 24818.0000 12353.7686  50.2%   8.2 2460s
 6249475 3954409 20284.0000   61   49 24818.0000 12354.1789  50.2%   8.2 2465s
 6259702 3961156 17077.0847   64   51 24818.0000 12354.7095  50.2%   8.2 2471s
 6269453 3966092 16877.3105   61   65 24818.0000 12355.2316  50.2%   8.2 2475s
 6275157 3973452 16999.4188   55   57 24818.0000 12355.4939  50.2%   8.2 2481s
 6286540 3978194 infeasible   60      24818.0000 12356.0768  50.2%   8.2 2485s
 6296404 3984592 16627.8856   65   67 24818.0000 12356.6446  50.2%   8.2 2490s
 6305237 3990341 22778.0175   78   34 24818.0000 12357.1450  50.2%   8.2 2495s
 6314570 3996377 19370.2738   65   47 24818.0000 12357.6063  50.2%   8.2 2500s
 6323876 4002223 19267.1297   61   56 24818.0000 12358.0709  50.2%   8.2 2505s
 6334692 4008835 16733.1739   73   61 24818.0000 12358.5768  50.2%   8.2 2510s
 6344108 4016250 24752.5772   87   25 24818.0000 12359.0394  50.2%   8.2 2516s
 6352374 4021444 17151.6741   67   52 24818.0000 12359.4772  50.2%   8.2 2520s
 6360536 4028430 12913.5874   54   94 24818.0000 12359.8945  50.2%   8.2 2526s
 6366556 4029149 22798.6042   80   39 24818.0000 12360.1332  50.2%   8.2 2534s
 6366574 4029530 22828.1024   81   35 24818.0000 12360.1600  50.2%   8.2 2535s
 6372117 4034694 12942.4279   47  102 24818.0000 12360.4504  50.2%   8.2 2540s
 6382106 4044162 15404.4093   57   69 24818.0000 12361.0085  50.2%   8.2 2548s
 6390285 4045876 22723.6598   66   36 24818.0000 12361.5098  50.2%   8.2 2550s
 6400060 4052503 infeasible   99      24818.0000 12362.0000  50.2%   8.2 2555s
 6408983 4056999 16612.8846   57   74 24818.0000 12362.5563  50.2%   8.2 2560s
 6416051 4062849 infeasible   79      24818.0000 12362.8994  50.2%   8.2 2565s
 6425486 4069240 18455.9572   66   54 24818.0000 12363.3108  50.2%   8.2 2570s
 6436078 4074718 18271.6310   66   54 24818.0000 12363.8364  50.2%   8.2 2575s
 6445679 4081011 15566.8467   56   68 24818.0000 12364.2868  50.2%   8.2 2580s
 6452104 4086528 23208.2769   86   42 24818.0000 12364.6147  50.2%   8.2 2585s
 6462639 4093127 infeasible   92      24818.0000 12365.0434  50.2%   8.2 2590s
 6471491 4098891 21617.0396   52   50 24818.0000 12365.5257  50.2%   8.2 2595s
 6482030 4104709 20546.3123   85   41 24818.0000 12366.0812  50.2%   8.2 2600s
 6490008 4112427 15562.3737   73   80 24818.0000 12366.5579  50.2%   8.2 2606s
 6500595 4117729 23397.4647   81   44 24818.0000 12367.0850  50.2%   8.2 2610s
 6509511 4123643 16602.0127   64   64 24818.0000 12367.6236  50.2%   8.2 2615s
 6519130 4129646 13372.4686   51   89 24818.0000 12368.1967  50.2%   8.2 2620s
 6529484 4135515 21107.2435   69   39 24818.0000 12368.8654  50.2%   8.2 2625s
 6537153 4141864 23581.1362   69   39 24818.0000 12369.2143  50.2%   8.2 2630s
 6546561 4148212 12374.1800   54   89 24818.0000 12369.6082  50.2%   8.2 2635s
 6557316 4154676 24428.8507  109   41 24818.0000 12370.0000  50.2%   8.2 2641s
 6566329 4160487 15614.7911   57   73 24818.0000 12370.5855  50.2%   8.2 2645s
 6575434 4166383 19378.1960   75   47 24818.0000 12371.0000  50.2%   8.2 2651s
 6584794 4172281 15355.5821   63   68 24818.0000 12371.5375  50.2%   8.2 2655s
 6593396 4181213 13087.5174   56   89 24818.0000 12372.1250  50.1%   8.2 2662s
 6601896 4183708 infeasible   74      24818.0000 12372.5349  50.1%   8.2 2665s
 6612804 4190681 infeasible   85      24818.0000 12373.1935  50.1%   8.2 2670s
 6622698 4197117 20813.3375   79   38 24818.0000 12373.7427  50.1%   8.2 2675s
 6634890 4204584 22988.2624   97   33 24818.0000 12374.3103  50.1%   8.2 2680s
 6646029 4210670 24558.9699   78   44 24818.0000 12374.9433  50.1%   8.2 2685s
 6655327 4217424 13549.3464   60   74 24818.0000 12375.4419  50.1%   8.2 2690s
 6666641 4224380 19883.0055   72   49 24818.0000 12376.1066  50.1%   8.2 2695s
 6677320 4232097 15636.0000   56   53 24818.0000 12376.7410  50.1%   8.2 2700s
 6689223 4238207 18189.0000   69   51 24818.0000 12377.3057  50.1%   8.2 2705s
 6700663 4247154 13178.2336   47   90 24818.0000 12377.8550  50.1%   8.2 2710s
 6709766 4253536 21623.3108   64   51 24818.0000 12378.1378  50.1%   8.2 2715s
 6723024 4261191 24023.2774   86   36 24818.0000 12378.8166  50.1%   8.2 2720s
 6733376 4268685 13265.4295   45   92 24818.0000 12379.3457  50.1%   8.2 2726s
 6744242 4274711 14623.0508   62   66 24818.0000 12379.9329  50.1%   8.2 2730s
 6751783 4280511 19966.4491   95   39 24818.0000 12380.3222  50.1%   8.2 2735s
 6763431 4288562 15162.9649   54   68 24818.0000 12380.9093  50.1%   8.2 2740s
 6773289 4295666 20562.8843   87   40 24818.0000 12381.3783  50.1%   8.2 2746s
 6783628 4302451 22468.4723   84   31 24818.0000 12381.8345  50.1%   8.2 2750s
 6790055 4308607 23649.4263   68   30 24818.0000 12382.1823  50.1%   8.2 2755s
 6802706 4315172 21584.1284   65   41 24818.0000 12382.7746  50.1%   8.2 2760s
 6811834 4324455 20158.0000   93   38 24818.0000 12383.1642  50.1%   8.2 2766s
 6822366 4327466 infeasible   76      24818.0000 12383.6966  50.1%   8.2 2770s
 6832860 4335116 20026.0257   77   50 24818.0000 12384.1584  50.1%   8.2 2775s
 6842617 4341087 22526.0000   87   32 24818.0000 12384.7045  50.1%   8.2 2780s
 6854634 4348711 23244.8028   74   33 24818.0000 12385.2749  50.1%   8.2 2785s
 6863937 4354954 16664.5630   67   62 24818.0000 12385.8041  50.1%   8.2 2790s
 6875764 4362175 infeasible   99      24818.0000 12386.4011  50.1%   8.2 2795s
 6885880 4368842 21813.1477   70   42 24818.0000 12386.8838  50.1%   8.2 2800s
 6897640 4377907 16733.0456   57   59 24818.0000 12387.4388  50.1%   8.2 2806s
 6906818 4382375 13413.7418   53   81 24818.0000 12388.0393  50.1%   8.2 2810s
 6918142 4390337 15403.5241   55   76 24818.0000 12388.4919  50.1%   8.1 2815s
 6928059 4396908 13640.7716   51   83 24818.0000 12388.8368  50.1%   8.1 2820s
 6938118 4403931 12833.1350   57   87 24818.0000 12389.1523  50.1%   8.1 2825s
 6948672 4410642 22149.3308   68   37 24818.0000 12389.7997  50.1%   8.1 2831s
 6958211 4416898 17753.2262   63   55 24818.0000 12390.1696  50.1%   8.1 2835s
 6970564 4423768 infeasible   87      24818.0000 12390.6164  50.1%   8.1 2840s
 6980194 4429839 17717.0000   64   51 24818.0000 12391.1581  50.1%   8.1 2845s
 6989691 4437382 24522.2651   72   33 24818.0000 12391.6235  50.1%   8.1 2850s
 7001876 4444707 16918.6687   66   58 24818.0000 12392.1901  50.1%   8.1 2856s
 7010898 4450708 14766.0352   60   63 24818.0000 12392.5988  50.1%   8.1 2860s
 7021326 4457333 23060.9774   84   41 24818.0000 12393.1186  50.1%   8.1 2865s
 7033135 4464249 18666.7397   72   49 24818.0000 12393.6612  50.1%   8.1 2871s
 7042241 4471253 infeasible   67      24818.0000 12394.0584  50.1%   8.1 2876s
 7051068 4476141 18227.8764   77   52 24818.0000 12394.5558  50.1%   8.1 2880s
 7061323 4483501 24334.5522   84   36 24818.0000 12394.9849  50.1%   8.1 2885s
 7071759 4492225 16310.5326   60   68 24818.0000 12395.5241  50.1%   8.1 2891s
 7081916 4497203 24114.7259   91   35 24818.0000 12396.0553  50.1%   8.1 2895s
 7090776 4502804 14871.3114   60   76 24818.0000 12396.5565  50.1%   8.1 2900s
 7102546 4509994 22383.0633   63   45 24818.0000 12397.2933  50.0%   8.1 2905s
 7112710 4516910 19679.2307   71   51 24818.0000 12397.9276  50.0%   8.1 2910s
 7122248 4522960 17306.4735   53   55 24818.0000 12398.5142  50.0%   8.1 2915s
 7133598 4530097 17799.6762   58   59 24818.0000 12399.1644  50.0%   8.1 2920s
 7139057 4536708 18444.0000   63   52 24818.0000 12399.4592  50.0%   8.1 2925s
 7151842 4542085 15101.2250   65   69 24818.0000 12400.1218  50.0%   8.1 2930s
 7163475 4550114 22044.0627   74   36 24818.0000 12400.7608  50.0%   8.1 2936s
 7172226 4555413 14629.2494   62   73 24818.0000 12401.2283  50.0%   8.1 2940s
 7183548 4562873 22365.3215   63   40 24818.0000 12401.7030  50.0%   8.1 2945s
 7194009 4569861 15065.2432   66   69 24818.0000 12402.1998  50.0%   8.1 2950s
 7203786 4577650 22080.0506   72   42 24818.0000 12402.6452  50.0%   8.1 2956s
 7213833 4583038 24761.5843   87   35 24818.0000 12403.0849  50.0%   8.1 2960s
 7222986 4588273 23063.8086   69   41 24818.0000 12403.5190  50.0%   8.1 2965s
 7231369 4593909 24516.0000   93   31 24818.0000 12404.0000  50.0%   8.1 2970s
 7240679 4598564 22278.0000   63   46 24818.0000 12404.4956  50.0%   8.1 2975s
 7247260 4606627 19197.5268   61   59 24818.0000 12404.8370  50.0%   8.1 2982s
 7256701 4609899 24316.6939   83   28 24818.0000 12405.2508  50.0%   8.1 2986s
 7264456 4614321 24094.0543  111   26 24818.0000 12405.6122  50.0%   8.1 2990s
 7271275 4620398 16227.3793   70   57 24818.0000 12405.9682  50.0%   8.1 2995s
 7283240 4626518 infeasible   76      24818.0000 12406.5495  50.0%   8.1 3000s
 7289414 4633708 17569.5830   69   50 24818.0000 12406.9264  50.0%   8.1 3006s
 7299670 4638544 infeasible   87      24818.0000 12407.4111  50.0%   8.1 3011s
 7308029 4644198 13487.5337   55   79 24818.0000 12408.0065  50.0%   8.1 3016s
 7316881 4649397 24673.0000  112   22 24818.0000 12408.5776  50.0%   8.1 3020s
 7324819 4654762 21508.7398   68   45 24818.0000 12408.9060  50.0%   8.1 3025s
 7332598 4660117 18263.1830   66   51 24818.0000 12409.2749  50.0%   8.1 3030s
 7342334 4664725 infeasible   75      24818.0000 12409.7827  50.0%   8.1 3035s
 7350893 4671333 16941.2002   67   66 24818.0000 12410.2375  50.0%   8.1 3040s
 7360481 4678167 21185.9038   91   48 24818.0000 12410.7785  50.0%   8.1 3046s
 7367033 4682621 15093.8184   69   70 24818.0000 12411.0598  50.0%   8.1 3050s
 7375399 4686618 19227.3378   70   41 24818.0000 12411.4653  50.0%   8.1 3055s
 7383105 4691389 22932.1068  105   25 24818.0000 12411.7925  50.0%   8.1 3060s
 7384043 4691642 24810.2242   77   30 24818.0000 12411.8714  50.0%   8.1 3067s
 7387896 4694347 24649.1087   87   26 24818.0000 12412.0392  50.0%   8.1 3070s
 7395656 4700569 17233.3947   71   68 24818.0000 12412.4327  50.0%   8.1 3075s
 7404088 4706376 24433.8251  100   26 24818.0000 12412.7616  50.0%   8.1 3080s
 7413137 4712483 13258.7958   55   79 24818.0000 12413.2380  50.0%   8.1 3085s
 7421219 4718725 24722.0570   88   33 24818.0000 12413.6190  50.0%   8.1 3091s
 7431062 4724048 24329.1231   63   36 24818.0000 12414.0331  50.0%   8.1 3095s
 7440656 4730672 17312.7531   63   61 24818.0000 12414.3690  50.0%   8.1 3100s
 7447004 4735076 24471.1853   85   38 24818.0000 12414.6091  50.0%   8.1 3105s
 7458474 4740887 19315.0347   70   52 24818.0000 12415.2333  50.0%   8.1 3110s
 7465907 4746283 20781.8418   72   40 24818.0000 12415.6097  50.0%   8.1 3115s
 7474861 4751072 infeasible   78      24818.0000 12416.0680  50.0%   8.1 3120s
 7482863 4757024 infeasible   92      24818.0000 12416.4948  50.0%   8.1 3125s
 7491021 4763138 16223.7425   53   65 24818.0000 12416.7139  50.0%   8.1 3130s
 7499903 4767540 infeasible   68      24818.0000 12417.1485  50.0%   8.1 3135s
 7509539 4774406 22807.8198   65   43 24818.0000 12417.7396  50.0%   8.1 3141s
 7517661 4778900 22717.3750   73   39 24818.0000 12418.1272  50.0%   8.1 3145s
 7522153 4781277 15460.2429   51   68 24818.0000 12418.4001  50.0%   8.1 3156s
 7524705 4784198 24508.8629   78   35 24818.0000 12418.5140  50.0%   8.1 3160s
 7531314 4788757 18507.8919   59   53 24818.0000 12418.8616  50.0%   8.1 3165s
 7539476 4793940 16875.2017   54   66 24818.0000 12419.2148  50.0%   8.1 3170s
 7550047 4800993 24715.3172   89   31 24818.0000 12419.7051  50.0%   8.1 3175s
 7558027 4805118 20246.7172   72   44 24818.0000 12420.1074  50.0%   8.1 3180s
 7566402 4812233 14306.3568   58   84 24818.0000 12420.5498  50.0%   8.1 3185s
 7574862 4817628 15370.4510   54   65 24818.0000 12420.8837  50.0%   8.1 3190s
 7583168 4823373 15026.6701   58   76 24818.0000 12421.2952  50.0%   8.1 3196s
 7591441 4829194 17681.9037   69   64 24818.0000 12421.5587  49.9%   8.1 3200s
 7599314 4834361 15038.7220   54   73 24818.0000 12421.9900  49.9%   8.1 3205s
 7607595 4837991 18329.3389   69   52 24818.0000 12422.3706  49.9%   8.1 3219s
 7607740 4838516 22189.4470   78   42 24818.0000 12422.3986  49.9%   8.1 3220s
 7611381 4843286 17822.5192   65   58 24818.0000 12422.5703  49.9%   8.1 3225s
 7620799 4847135 21603.0000   64   39 24818.0000 12423.0000  49.9%   8.1 3231s
 7625318 4851199 22962.2698   74   40 24818.0000 12423.2068  49.9%   8.1 3235s
 7634583 4856285 17256.0000   67   53 24818.0000 12423.8268  49.9%   8.2 3240s
 7642091 4861559 14893.4009   54   68 24818.0000 12424.2514  49.9%   8.2 3245s
 7651801 4866891 24230.4574   75   27 24818.0000 12424.6801  49.9%   8.2 3250s
 7659482 4871642 infeasible   90      24818.0000 12425.0849  49.9%   8.2 3256s
 7665280 4876528 23611.3625   81   42 24818.0000 12425.4185  49.9%   8.2 3260s
 7673436 4880789 23121.1432   63   32 24818.0000 12425.7691  49.9%   8.2 3265s
 7680630 4885311 15171.7094   58   56 24818.0000 12426.0000  49.9%   8.2 3271s
 7686108 4890061 17421.0000   67   55 24818.0000 12426.5377  49.9%   8.2 3275s
 7694636 4894881 15260.0000   54   73 24818.0000 12426.9270  49.9%   8.2 3280s
 7702008 4900252 18570.3419   71   59 24818.0000 12427.2040  49.9%   8.2 3285s
 7710503 4904821 13040.0000   55   89 24818.0000 12427.7016  49.9%   8.2 3290s
 7716824 4910113 24619.1597  110   28 24818.0000 12428.0000  49.9%   8.2 3295s
 7725473 4914289 23060.0997   74   34 24818.0000 12428.4725  49.9%   8.2 3300s
 7731579 4919398 17251.6166   59   53 24818.0000 12428.8793  49.9%   8.2 3305s
 7739704 4926342 13176.0000   57   70 24818.0000 12429.1741  49.9%   8.2 3311s
 7748273 4930337 24679.1068   67   33 24818.0000 12429.6670  49.9%   8.2 3316s
 7754427 4934483 20224.3635   66   43 24818.0000 12429.8494  49.9%   8.2 3320s
 7760641 4941041 14343.5031   59   77 24818.0000 12430.0948  49.9%   8.2 3326s
 7770456 4944143 15716.8626   48   69 24818.0000 12430.5092  49.9%   8.2 3330s
 7778626 4948727 19255.0000   65   52 24818.0000 12430.8862  49.9%   8.2 3335s
 7785370 4954429 17517.4890   66   67 24818.0000 12431.1834  49.9%   8.2 3340s
 7792818 4959052 23567.1046   87   26 24818.0000 12431.5853  49.9%   8.2 3345s
 7801978 4965563 22978.9636   66   42 24818.0000 12431.9415  49.9%   8.2 3351s
 7809926 4969482 12974.3763   62   89 24818.0000 12432.1666  49.9%   8.2 3355s
 7817144 4975245 23966.6403   83   35 24818.0000 12432.4796  49.9%   8.2 3360s
 7826374 4979803 infeasible  111      24818.0000 12433.0000  49.9%   8.2 3366s
 7832649 4984504 21788.4908   70   43 24818.0000 12433.2849  49.9%   8.2 3370s
 7840331 4989976 18221.9288   51   61 24818.0000 12433.5910  49.9%   8.2 3375s
 7848945 4994736 13724.0000   57   83 24818.0000 12434.0000  49.9%   8.2 3380s
 7855294 5000171 16880.2747   59   55 24818.0000 12434.0708  49.9%   8.2 3385s
 7865886 5007113 22897.3189   71   34 24818.0000 12434.6303  49.9%   8.2 3391s
 7869681 5007944 13051.6313   56   81 24818.0000 12434.9014  49.9%   8.2 3402s
 7872288 5010056 17243.2385   64   64 24818.0000 12434.9515  49.9%   8.2 3405s
 7878748 5015908 24796.3959  112   26 24818.0000 12435.0609  49.9%   8.2 3412s
 7885747 5020388 24049.0000  139   24 24818.0000 12435.4140  49.9%   8.2 3416s
 7890139 5025137 13459.8899   49   76 24818.0000 12435.5635  49.9%   8.2 3421s
 7899034 5028251 13137.1243   54   84 24818.0000 12435.9567  49.9%   8.2 3425s
 7906880 5033552 15352.5464   62   71 24818.0000 12436.3916  49.9%   8.2 3430s
 7911730 5039002 22343.0000   72   37 24818.0000 12436.5906  49.9%   8.2 3436s
 7920233 5042592 12456.5576   61   82 24818.0000 12437.0000  49.9%   8.2 3441s
 7926649 5046235 24642.0000   74   24 24818.0000 12437.2903  49.9%   8.2 3445s
 7934801 5053195 13283.9123   55   84 24818.0000 12437.6956  49.9%   8.2 3452s
 7941443 5055304 15776.0000   66   54 24818.0000 12437.9926  49.9%   8.2 3455s
 7949398 5060929 24276.3122   80   36 24818.0000 12438.4318  49.9%   8.2 3461s
 7957078 5065417 20926.0000   67   38 24818.0000 12438.8429  49.9%   8.2 3466s
 7963325 5069523 24665.0974   81   35 24818.0000 12439.1994  49.9%   8.2 3470s
 7972297 5074170 24218.8850   83   40 24818.0000 12439.6811  49.9%   8.2 3476s
 7979355 5079979 19981.7930   72   45 24818.0000 12440.0000  49.9%   8.2 3480s
 7987941 5084562 22653.8958   87   34 24818.0000 12440.3546  49.9%   8.2 3485s
 7994831 5090786 13834.0000   52   65 24818.0000 12440.7059  49.9%   8.2 3491s
 8002645 5094685 16000.2558   58   73 24818.0000 12441.1277  49.9%   8.2 3495s
 8009952 5100493 16969.0088   59   55 24818.0000 12441.6076  49.9%   8.2 3501s
 8016078 5103966     cutoff   76      24818.0000 12441.8838  49.9%   8.2 3505s
 8025354 5109124 14105.9311   61   72 24818.0000 12442.3139  49.9%   8.2 3511s
 8031968 5113909 23217.8635   91   37 24818.0000 12442.7006  49.9%   8.2 3515s
 8037725 5118439 infeasible   96      24818.0000 12442.9314  49.9%   8.2 3520s
 8046786 5123230 14165.5084   68   75 24818.0000 12443.2379  49.9%   8.2 3525s
 8052402 5128641 17403.5750   58   52 24818.0000 12443.5465  49.9%   8.2 3530s
 8061026 5137222 15645.0000   66   63 24818.0000 12443.9629  49.9%   8.2 3539s
 8068505 5137666 19951.6132   63   45 24818.0000 12444.2665  49.9%   8.2 3541s
 8073810 5142743 18127.7968   61   58 24818.0000 12444.5595  49.9%   8.2 3546s
 8080076 5146151 14318.0000   59   57 24818.0000 12444.8379  49.9%   8.2 3550s
 8089248 5150844 20975.0000   79   45 24818.0000 12445.2200  49.9%   8.2 3555s
 8095751 5155830 21338.5116   86   43 24818.0000 12445.5493  49.9%   8.2 3561s
 8103244 5159532 24434.8063   82   41 24818.0000 12445.8447  49.9%   8.2 3565s
 8109767 5165523 14933.9999   67   68 24818.0000 12446.0579  49.9%   8.2 3571s
 8116518 5169292 23433.1204   65   36 24818.0000 12446.2268  49.9%   8.2 3575s
 8125905 5174219 16108.3957   51   66 24818.0000 12446.7292  49.8%   8.2 3581s
 8131676 5179640 19334.1407   49   52 24818.0000 12447.0000  49.8%   8.2 3586s
 8139114 5183852 18412.1972   66   55 24818.0000 12447.3886  49.8%   8.2 3591s
 8145882 5187831 19030.9125   72   47 24818.0000 12447.6326  49.8%   8.2 3595s
 8154037 5192043 21990.0116   86   36 24818.0000 12447.9964  49.8%   8.2 3600s

Cutting planes:
  Learned: 2
  Gomory: 6
  Implied bound: 6
  MIR: 8
  Flow cover: 49

Explored 8154776 nodes (66601502 simplex iterations) in 3600.13 seconds (462.92 work units)
Thread count was 16 (of 16 available processors)

Solution count 10: 24818 25413 25489 ... 25871

Time limit reached
Best objective 2.481800000000e+04, best bound 1.244801074879e+04, gap 49.8428%
Warning: constraint name "precedence between 0,1 to 0,0 if x_[j,l,h,z,i]=1" has a space
Warning: constraint name "precedence between 0,1 to 0,0 if x_[j,l,h,z,i]=1" has a space
Warning: default constraint names used to write mps file
