
Gurobi 10.0.1 (win64) logging started Mon Aug 28 03:02:24 2023

Set parameter LogFile to value "results//log/Fattahi_setup_19_modified_old_makespan.log"
Gurobi Optimizer version 10.0.1 build v10.0.1rc0 (win64)

CPU model: AMD Ryzen 7 3700X 8-Core Processor, instruction set [SSE2|AVX|AVX2]
Thread count: 8 physical cores, 16 logical processors, using up to 16 threads

Optimize a model with 1733 rows, 2143 columns and 7867 nonzeros
Model fingerprint: 0x0ca41b9c
Variable types: 103 continuous, 2040 integer (2039 binary)
Coefficient statistics:
  Matrix range     [1e+00, 1e+06]
  Objective range  [1e+00, 1e+00]
  Bounds range     [1e+00, 1e+00]
  RHS range        [1e+00, 3e+06]
Presolve removed 132 rows and 1418 columns
Presolve time: 0.02s
Presolved: 1601 rows, 725 columns, 7658 nonzeros
Variable types: 103 continuous, 622 integer (621 binary)
Found heuristic solution: objective 63644.000000

Root relaxation: objective 1.118000e+04, 301 iterations, 0.00 seconds (0.00 work units)

    Nodes    |    Current Node    |     Objective Bounds      |     Work
 Expl Unexpl |  Obj  Depth IntInf | Incumbent    BestBd   Gap | It/Node Time

     0     0 11180.0000    0  128 63644.0000 11180.0000  82.4%     -    0s
H    0     0                    62681.000000 11180.0000  82.2%     -    0s
H    0     0                    60942.000000 11180.0000  81.7%     -    0s
     0     0 11180.0687    0  144 60942.0000 11180.0687  81.7%     -    0s
     0     0 11233.0425    0  134 60942.0000 11233.0425  81.6%     -    0s
     0     0 11234.0790    0  133 60942.0000 11234.0790  81.6%     -    0s
     0     0 11234.0790    0  116 60942.0000 11234.0790  81.6%     -    0s
H    0     0                    60940.000000 11234.0790  81.6%     -    0s
H    0     0                    60539.000000 11255.1712  81.4%     -    0s
     0     0 11255.1712    0  108 60539.0000 11255.1712  81.4%     -    0s
     0     0 11256.7888    0  110 60539.0000 11256.7888  81.4%     -    0s
     0     0 11256.9100    0  107 60539.0000 11256.9100  81.4%     -    0s
     0     0 11257.0138    0  102 60539.0000 11257.0138  81.4%     -    0s
     0     0 11257.0138    0  102 60539.0000 11257.0138  81.4%     -    0s
     0     0 11285.3933    0  107 60539.0000 11285.3933  81.4%     -    0s
     0     0 11285.8812    0  104 60539.0000 11285.8812  81.4%     -    0s
     0     0 11287.3843    0  104 60539.0000 11287.3843  81.4%     -    0s
     0     0 11287.3843    0  106 60539.0000 11287.3843  81.4%     -    0s
H    0     0                    46352.000000 11287.3843  75.6%     -    0s
     0     0 11290.7006    0  111 46352.0000 11290.7006  75.6%     -    0s
H    0     0                    46350.000000 11290.7006  75.6%     -    0s
     0     0 11290.8414    0  105 46350.0000 11290.8414  75.6%     -    0s
     0     0 11290.8414    0  105 46350.0000 11290.8414  75.6%     -    0s
H    0     0                    43923.000000 11306.6168  74.3%     -    0s
     0     0 11306.6168    0  104 43923.0000 11306.6168  74.3%     -    0s
     0     0 11306.9224    0  106 43923.0000 11306.9224  74.3%     -    0s
     0     0 11307.0836    0  104 43923.0000 11307.0836  74.3%     -    0s
     0     0 11307.1110    0  109 43923.0000 11307.1110  74.3%     -    0s
     0     0 11309.8668    0  105 43923.0000 11309.8668  74.3%     -    0s
     0     0 11316.5531    0  106 43923.0000 11316.5531  74.2%     -    0s
     0     0 11316.5850    0  107 43923.0000 11316.5850  74.2%     -    0s
H    0     0                    42301.000000 11316.5850  73.2%     -    0s
     0     0 11316.5850    0  107 42301.0000 11316.5850  73.2%     -    0s
H    0     0                    42284.000000 11316.5850  73.2%     -    0s
     0     0 11316.9764    0  106 42284.0000 11316.9764  73.2%     -    0s
     0     0 11319.3726    0  104 42284.0000 11319.3726  73.2%     -    0s
     0     0 11319.6854    0  108 42284.0000 11319.6854  73.2%     -    0s
     0     0 11320.1722    0  104 42284.0000 11320.1722  73.2%     -    0s
     0     0 11320.3928    0  109 42284.0000 11320.3928  73.2%     -    0s
     0     0 11320.3928    0  109 42284.0000 11320.3928  73.2%     -    0s
H    0     0                    42247.000000 11320.3928  73.2%     -    0s
     0     0 11320.6820    0  109 42247.0000 11320.6820  73.2%     -    0s
     0     0 11321.5665    0  109 42247.0000 11321.5665  73.2%     -    0s
     0     0 11321.5665    0  109 42247.0000 11321.5665  73.2%     -    0s
     0     0 11321.9448    0  106 42247.0000 11321.9448  73.2%     -    0s
     0     0 11324.7461    0  104 42247.0000 11324.7461  73.2%     -    0s
     0     0 11325.6613    0  105 42247.0000 11325.6613  73.2%     -    0s
     0     0 11325.6613    0  108 42247.0000 11325.6613  73.2%     -    0s
H    0     0                    41444.000000 11325.6613  72.7%     -    0s
     0     0 11326.0386    0  112 41444.0000 11326.0386  72.7%     -    0s
     0     0 11326.0796    0  106 41444.0000 11326.0796  72.7%     -    0s
     0     0 11326.0796    0  108 41444.0000 11326.0796  72.7%     -    0s
     0     0 11326.4470    0  108 41444.0000 11326.4470  72.7%     -    1s
     0     0 11326.6034    0  110 41444.0000 11326.6034  72.7%     -    1s
     0     0 11326.6062    0  109 41444.0000 11326.6062  72.7%     -    1s
     0     0 11327.1755    0  106 41444.0000 11327.1755  72.7%     -    1s
     0     0 11328.0000    0   97 41444.0000 11328.0000  72.7%     -    1s
H    0     0                    41022.000000 11328.0000  72.4%     -    1s
     0     0 11328.0000    0   98 41022.0000 11328.0000  72.4%     -    1s
H    0     0                    40697.000000 11328.0000  72.2%     -    1s
     0     0 11328.0000    0  102 40697.0000 11328.0000  72.2%     -    1s
H    0     0                    40003.000000 11328.0000  71.7%     -    1s
     0     0 11328.0000    0  109 40003.0000 11328.0000  71.7%     -    1s
     0     0 11328.0000    0   95 40003.0000 11328.0000  71.7%     -    1s
H    0     0                    39947.000000 11328.0000  71.6%     -    1s
     0     0 11328.0000    0   97 39947.0000 11328.0000  71.6%     -    1s
     0     0 11328.0000    0   89 39947.0000 11328.0000  71.6%     -    1s
     0     0 11328.0000    0   68 39947.0000 11328.0000  71.6%     -    1s
     0     2 11328.0000    0   66 39947.0000 11328.0000  71.6%     -    1s
H   31    40                    39688.000000 11351.1719  71.4%   201    1s
H   75    80                    38769.000000 11351.1719  70.7%   103    2s
H  108   124                    37842.000000 11351.1719  70.0%  76.1    2s
H  217   204                    37676.000000 11351.1719  69.9%  45.8    2s
H  226   204                    36287.000000 11351.1719  68.7%  44.8    2s
H  277   243                    35623.000000 11351.1719  68.1%  40.1    2s
H  373   314                    35129.000000 11351.1719  67.7%  35.1    3s
H  400   314                    34715.000000 11351.1719  67.3%  33.9    3s
H 1503  1077                    34713.000000 11359.5479  67.3%  16.5    4s
H 1851  1223                    34581.000000 11359.5479  67.2%  15.5    4s
H 1853  1164                    34579.000000 11359.5479  67.1%  15.5    4s
H 1854  1106                    33474.000000 11359.5479  66.1%  15.5    5s
H 1856  1052                    33473.000000 11359.5479  66.1%  15.5    5s
H 1856   999                    33472.000000 11359.5479  66.1%  15.5    5s
H 1859   951                    33470.000000 11399.0000  65.9%  15.4    5s
H 1863   905                    33469.000000 11451.0000  65.8%  15.4    5s
H 1863   860                    32308.000000 11451.0000  64.6%  15.4    5s
H 1870   821                    31380.000000 11621.1730  63.0%  15.4    6s
H 1871   781                    31378.000000 11756.2667  62.5%  15.3    6s
H 1872   741                    31376.000000 11808.7711  62.4%  15.3    6s
H 1872   704                    30220.000000 11808.7711  60.9%  15.3    6s
H 1873   669                    29955.000000 11901.4926  60.3%  15.3    6s
H 1968   708                    29805.000000 11961.1938  59.9%  10.9    8s
H 2052   720                    29098.000000 11961.1938  58.9%  11.6    8s
H 2332   758                    28768.000000 11961.1938  58.4%  11.2    9s
H 2335   770                    28290.000000 11961.1938  57.7%  11.2    9s
  3555   946 11974.0000   56  109 28290.0000 11961.1938  57.7%  10.7   10s
H 3556   946                    28288.000000 11961.1938  57.7%  10.7   10s
H 6803  2278                    27666.000000 11961.1938  56.8%  10.2   11s
H 6807  2277                    27559.000000 11961.1938  56.6%  10.2   11s
H 6809  2269                    27403.000000 11961.1938  56.4%  10.2   11s
 21055 11655 infeasible   81      27403.0000 11961.1938  56.4%   9.5   16s
 39009 20428 23025.0000  136   23 27403.0000 11961.1938  56.4%   9.5   20s
 54120 27361 25657.0000   84   33 27403.0000 11961.1938  56.4%   9.3   25s
 89631 48252 27230.5348  103   25 27403.0000 11961.1938  56.4%   9.1   30s
 123172 68262 24005.0000   91   31 27403.0000 11961.1938  56.4%   8.9   35s
 147300 83042 22895.9122   91   36 27403.0000 11961.1938  56.4%   8.9   40s
 168604 94493 12638.6677   48   94 27403.0000 11961.1938  56.4%   8.9   45s
 193669 111678 25414.0000   91   32 27403.0000 11961.1938  56.4%   8.8   50s
 227633 131419 24205.8178   91   31 27403.0000 11961.1938  56.4%   8.6   55s
 262828 154270 17095.7255   50   64 27403.0000 11961.1938  56.4%   8.5   60s
 297324 176847 13299.5429   45   87 27403.0000 11961.1938  56.4%   8.4   65s
 333094 199292 19316.2056   64   51 27403.0000 11961.1938  56.4%   8.4   70s
 355285 213018 infeasible   79      27403.0000 11961.1938  56.4%   8.4   75s
 386562 234274 13739.0375   62   79 27403.0000 11961.1938  56.4%   8.3   80s
 419146 254108 26300.5037   81   35 27403.0000 11961.1938  56.4%   8.3   85s
 448931 273567 14932.9055   51   64 27403.0000 11961.1938  56.4%   8.2   90s
 480118 293995 25999.1817   76   33 27403.0000 11961.1938  56.4%   8.2   95s
 508974 312915 26338.4006   95   34 27403.0000 11961.1938  56.4%   8.1  100s
H509127 299147                    26894.000000 11961.1938  55.5%   8.1  100s
H510669 300030                    26892.000000 11961.1938  55.5%   8.1  101s
H512419 301462                    26891.000000 11961.1938  55.5%   8.1  103s
H513776 302344                    26890.000000 11961.1938  55.5%   8.1  104s
H515452 301932                    26837.000000 11961.1938  55.4%   8.1  105s
H531978 313362                    26835.000000 11961.1938  55.4%   8.1  109s
 532328 314276 26743.0405   97   22 26835.0000 11961.1938  55.4%   8.1  110s
H545407 323734                    26833.000000 11961.1938  55.4%   8.1  112s
H555729 326093                    26680.000000 11961.1938  55.2%   8.1  114s
H556770 322259                    26557.000000 11961.1938  55.0%   8.1  114s
 557595 323720 15784.8191   66   72 26557.0000 11961.1938  55.0%   8.1  115s
H559864 310698                    26113.000000 11961.1938  54.2%   8.1  116s
H559936 307072                    25988.000000 11961.1938  54.0%   8.1  116s
H561796 317361                    25986.000000 11961.1938  54.0%   8.1  119s
 575320 318283 20095.4774   89   46 25986.0000 11961.1938  54.0%   8.1  120s
 597855 333490 19147.7545   80   47 25986.0000 11961.1938  54.0%   8.1  125s
H612966 343631                    25984.000000 11961.1938  54.0%   8.1  127s
 626219 352396 24249.3748   68   35 25984.0000 11961.1938  54.0%   8.1  130s
 633615 356156 18171.0632   50   65 25984.0000 11961.1938  54.0%   8.0  135s
H633640 352724                    25877.000000 11961.1938  53.8%   8.0  135s
H634585 353468                    25875.000000 11961.1938  53.8%   8.0  135s
H641290 357727                    25873.000000 11961.1938  53.8%   8.0  138s
 647316 362178 23256.7829   77   39 25873.0000 11961.1938  53.8%   8.0  140s
 666656 375201 22548.1406   85   36 25873.0000 11961.1938  53.8%   8.0  145s
 685942 388350 24842.8914   79   31 25873.0000 11961.1938  53.8%   8.0  150s
 706290 401088 18682.1208   69   54 25873.0000 11961.1938  53.8%   8.0  155s
 726030 415180 24418.4661   64   35 25873.0000 11961.1938  53.8%   8.0  160s
 747247 427829 13365.5855   47   82 25873.0000 11961.1938  53.8%   8.0  165s
 765551 440883 23026.4191   90   32 25873.0000 11961.1938  53.8%   8.0  170s
H784173 451332                    25871.000000 11961.1938  53.8%   7.9  175s
H790144 455907                    25869.000000 11961.1938  53.8%   7.9  177s
 799186 460967 24041.8501   81   38 25869.0000 11961.1938  53.8%   7.9  181s
H799191 456076                    25755.000000 11961.1938  53.6%   7.9  181s
 810442 464237 23460.4009   70   33 25755.0000 11961.1938  53.6%   7.9  185s
 830521 477675 22318.8531   83   33 25755.0000 11961.1938  53.6%   7.9  190s
 848636 490506 23897.1517  100   33 25755.0000 11961.1938  53.6%   7.9  195s
 870139 503536 25516.0602   89   23 25755.0000 11961.1938  53.6%   7.9  200s
H870524 503485                    25754.000000 11961.1938  53.6%   7.9  200s
 885579 514798 23922.9053   78   39 25754.0000 11961.1938  53.6%   7.9  205s
 903043 529267 13525.3148   47   91 25754.0000 11961.1938  53.6%   7.9  210s
H912398 528449                    25686.000000 11961.1938  53.4%   7.9  212s
H912422 525858                    25641.000000 11961.1938  53.4%   7.9  212s
 923272 534353 17032.6393   78   51 25641.0000 11961.1938  53.4%   7.9  215s
 935756 541448 25238.6130   69   25 25641.0000 11961.1938  53.4%   7.9  220s
H935856 539165                    25602.000000 11961.1938  53.3%   7.9  220s
 953431 551893 13642.1566   61   91 25602.0000 11961.1938  53.3%   7.9  225s
 972351 565556 25445.6170   88   25 25602.0000 11961.1938  53.3%   7.8  230s
 984046 572322 20870.2908   82   49 25602.0000 11961.1938  53.3%   7.8  235s
H986103 566737                    25489.000000 11961.1938  53.1%   7.8  237s
 993282 572925 24668.2350   79   19 25489.0000 11961.1938  53.1%   7.8  240s
 1010471 585949 21668.7048   96   32 25489.0000 11961.1938  53.1%   7.8  245s
 1030070 598231 25058.0000   96   36 25489.0000 11961.1938  53.1%   7.8  250s
 1050822 611641 20020.0198   86   37 25489.0000 11961.1938  53.1%   7.8  255s
 1069156 624594 24848.5314   78   30 25489.0000 11961.1938  53.1%   7.8  260s
 1088763 638171 17571.6988   64   41 25489.0000 11961.1938  53.1%   7.8  265s
 1106334 649965 13465.5555   49   92 25489.0000 11961.1938  53.1%   7.8  270s
 1125632 662865 25435.3137   87   30 25489.0000 11961.1938  53.1%   7.8  275s
 1143480 674651 17499.7693   56   61 25489.0000 11961.1938  53.1%   7.8  280s
 1153899 681808 21170.3221   78   39 25489.0000 11961.1938  53.1%   7.8  285s
 1168398 690729 22657.4684   71   37 25489.0000 11961.1938  53.1%   7.8  290s
H1168493 685542                    25413.000000 11961.1938  52.9%   7.8  290s
H1168617 642206                    24818.000000 11961.1938  51.8%   7.8  290s
 1183970 653438 11961.1938   42  118 24818.0000 11961.1938  51.8%   7.8  295s
 1202600 665857 21548.2403   96   40 24818.0000 11961.1938  51.8%   7.8  300s
 1218124 674887 16690.9048   63   60 24818.0000 11961.1938  51.8%   7.8  306s
 1225539 681972 21786.3923   53   45 24818.0000 11961.1938  51.8%   7.8  310s
 1241542 695077 17964.3912   62   49 24818.0000 11961.1938  51.8%   7.8  315s
 1260888 705922 24064.2584   84   35 24818.0000 11961.1938  51.8%   7.7  320s
 1278036 716639 infeasible   93      24818.0000 11961.1938  51.8%   7.7  325s
 1288402 722014 24298.4400   58   35 24818.0000 11961.1938  51.8%   7.7  332s
 1293952 726562 21775.7153   65   34 24818.0000 11961.1938  51.8%   7.8  335s
 1309300 736384 20350.0000   56   46 24818.0000 11961.1938  51.8%   7.8  340s
 1324823 747116 24398.9279   79   25 24818.0000 11961.1938  51.8%   7.8  345s
 1341101 757817 21649.7874   84   36 24818.0000 11961.1938  51.8%   7.8  350s
 1359183 769709 infeasible   77      24818.0000 11961.1938  51.8%   7.8  355s
 1376777 780082 15108.7472   61   75 24818.0000 11961.1938  51.8%   7.8  360s
 1393845 792096 12081.9910   54   97 24818.0000 11961.1938  51.8%   7.8  365s
 1411763 803598 14051.3520   52   70 24818.0000 11961.1938  51.8%   7.8  370s
 1428570 815233 24488.7337   86   36 24818.0000 11961.1938  51.8%   7.8  375s
 1436957 821986 18485.7440   64   53 24818.0000 11961.1938  51.8%   7.8  380s
 1454609 832680 14899.2768   65   75 24818.0000 11961.1938  51.8%   7.8  385s
 1471713 843997 22565.5622   85   43 24818.0000 11961.1938  51.8%   7.8  390s
 1476503 848777 infeasible   76      24818.0000 11961.1938  51.8%   7.8  395s
 1492895 858548 17162.2682   50   62 24818.0000 11961.1938  51.8%   7.8  400s
 1509961 869135 21982.7153   80   34 24818.0000 11961.1938  51.8%   7.8  405s
 1527553 880899 16299.7726   68   54 24818.0000 11961.1938  51.8%   7.8  410s
 1541583 888903 12322.0000   57  101 24818.0000 11961.1938  51.8%   7.8  416s
 1550758 896276 infeasible   84      24818.0000 11961.1938  51.8%   7.8  420s
 1567921 906995 19646.1419   59   45 24818.0000 11961.1938  51.8%   7.8  425s
 1584589 918005 15384.0845   58   70 24818.0000 11961.1938  51.8%   7.8  430s
 1601581 929787 15869.8026   53   59 24818.0000 11961.1938  51.8%   7.8  435s
 1619371 941131 15810.8073   56   61 24818.0000 11961.1938  51.8%   7.8  440s
 1638112 954028 14854.7217   54   83 24818.0000 11961.1938  51.8%   7.8  445s
 1659547 967272 17389.0000   69   60 24818.0000 11961.1938  51.8%   7.8  450s
 1678263 980803 23648.3568   72   36 24818.0000 11961.1938  51.8%   7.8  455s
 1699406 994920 21843.0000   97   32 24818.0000 11961.1938  51.8%   7.8  460s
 1707171 1000167 23770.0000   96   30 24818.0000 11961.1938  51.8%   7.8  465s
 1726473 1012401 12953.5553   53   92 24818.0000 11961.1938  51.8%   7.9  470s
 1744053 1023755 15044.8072   66   81 24818.0000 11961.1938  51.8%   7.9  475s
 1763718 1035890 23609.8840  120   28 24818.0000 11961.1938  51.8%   7.9  480s
 1783535 1048925 24433.4251  108   29 24818.0000 11961.1938  51.8%   7.9  485s
 1801010 1060405 infeasible   95      24818.0000 11961.1938  51.8%   7.9  490s
 1818913 1072623 21605.8198   68   37 24818.0000 11961.1938  51.8%   7.9  495s
 1838943 1087644 19322.7493   72   55 24818.0000 11961.1938  51.8%   7.9  501s
 1843881 1087661 24665.1155   70   31 24818.0000 11961.1938  51.8%   7.9  505s
 1853876 1095883 16116.2069   62   65 24818.0000 11961.1938  51.8%   7.9  510s
 1871536 1106462 16469.1442   71   56 24818.0000 11961.1938  51.8%   7.9  515s
 1887429 1117294 17515.6180   73   51 24818.0000 11961.1938  51.8%   7.9  520s
 1905920 1129306 15287.2551   64   79 24818.0000 11961.1938  51.8%   7.9  525s
 1924866 1141232 23644.5951   70   42 24818.0000 11961.1938  51.8%   7.9  530s
 1940737 1151952 19638.8402   67   58 24818.0000 11961.1938  51.8%   7.9  535s
 1959087 1163909 24597.0000   94   25 24818.0000 11961.1938  51.8%   7.9  540s
 1967214 1169422 17225.6982   57   64 24818.0000 11961.1938  51.8%   7.9  545s
 1983788 1180242 15870.3505   68   67 24818.0000 11961.5128  51.8%   7.9  550s
 2002100 1192070 11973.4269   50   97 24818.0000 11965.4672  51.8%   7.9  555s
 2020743 1203572 13437.7793   55   80 24818.0000 11969.5421  51.8%   7.9  560s
 2037645 1213506 17794.9993   56   58 24818.0000 11972.0000  51.8%   8.0  565s
 2053916 1226955 16377.0000   52   65 24818.0000 11974.6731  51.8%   8.0  570s
 2073175 1237734 24382.1705   96   26 24818.0000 11977.9265  51.7%   8.0  575s
 2089929 1248420 20662.0000   70   51 24818.0000 11980.7263  51.7%   8.0  580s
 2105783 1258726 19598.1772   57   53 24818.0000 11984.0894  51.7%   8.0  585s
 2124582 1269895 14019.0245   62   89 24818.0000 11987.1149  51.7%   8.0  592s
 2128683 1274124 23384.3552   78   30 24818.0000 11987.9753  51.7%   8.0  595s
 2144036 1283957 24228.0000  105   20 24818.0000 11989.8506  51.7%   8.0  600s
 2162008 1295063 20966.4646   64   42 24818.0000 11992.3057  51.7%   8.0  605s
 2175975 1302740 19434.5833   63   47 24818.0000 11994.0246  51.7%   8.0  611s
 2185609 1312863 infeasible   69      24818.0000 11995.0989  51.7%   8.0  616s
 2201845 1320572 12817.6154   44   91 24818.0000 11997.1190  51.7%   8.0  620s
 2218260 1332462 19967.9776   55   50 24818.0000 11999.6950  51.6%   8.0  625s
 2236724 1343594 22980.6951   87   27 24818.0000 12002.2136  51.6%   8.0  630s
 2252912 1353670 16965.2981   57   58 24818.0000 12004.4480  51.6%   8.0  635s
 2268985 1364686 24768.3708   73   33 24818.0000 12006.8383  51.6%   8.0  640s
 2271263 1375063 12816.1950   43   89 24818.0000 12007.2088  51.6%   8.0  649s
 2287279 1379612 21142.1037   81   40 24818.0000 12009.6191  51.6%   8.0  653s
 2296723 1382361 infeasible   91      24818.0000 12011.5974  51.6%   8.0  655s
 2313340 1393534 18981.8736   71   44 24818.0000 12013.6283  51.6%   8.0  660s
 2330585 1405234 24245.9367   80   34 24818.0000 12016.5472  51.6%   8.0  665s
 2348186 1416570 18476.0558   55   65 24818.0000 12019.1643  51.6%   8.0  670s
 2364889 1427361 24620.6734   93   26 24818.0000 12021.9469  51.6%   8.0  675s
 2377889 1434799 16389.0000   67   64 24818.0000 12023.7423  51.6%   8.0  680s
 2386144 1441135 24130.5194   95   35 24818.0000 12024.9950  51.5%   8.0  685s
 2392900 1446608 17484.2149   72   52 24818.0000 12025.8913  51.5%   8.0  690s
 2408876 1454876 16244.2220   54   65 24818.0000 12028.0000  51.5%   8.0  695s
 2421175 1466326 23406.5465   73   32 24818.0000 12029.9785  51.5%   8.0  700s
 2437836 1474984 18578.5102   59   55 24818.0000 12032.8489  51.5%   8.0  705s
 2454831 1485017 infeasible   74      24818.0000 12035.1930  51.5%   8.0  710s
 2469370 1494919 20298.1108   55   43 24818.0000 12037.4179  51.5%   8.0  715s
 2483034 1502390 18080.9387   59   46 24818.0000 12039.3173  51.5%   8.0  721s
 2489693 1507837 infeasible   76      24818.0000 12040.5204  51.5%   8.0  725s
 2504067 1517154 13606.1078   45   95 24818.0000 12042.5861  51.5%   8.0  730s
 2511545 1522090 infeasible   67      24818.0000 12043.3342  51.5%   8.0  735s
 2522130 1530422 21745.6496   82   46 24818.0000 12044.4999  51.5%   8.1  740s
 2536316 1537900 14801.6715   51   69 24818.0000 12045.5947  51.5%   8.1  745s
 2548873 1546077 infeasible   53      24818.0000 12047.2774  51.5%   8.1  750s
 2561427 1553345 22681.5580   67   39 24818.0000 12048.6534  51.5%   8.1  755s
 2574139 1562425 15246.7344   55   69 24818.0000 12050.2684  51.4%   8.1  760s
 2587201 1570039 19591.0000   63   44 24818.0000 12052.2038  51.4%   8.1  765s
 2597839 1577484 18153.0000   57   48 24818.0000 12053.3352  51.4%   8.1  770s
 2611831 1586850 infeasible  137      24818.0000 12055.1337  51.4%   8.1  775s
 2623373 1594334 22486.1237  116   27 24818.0000 12056.2803  51.4%   8.1  780s
 2636759 1602726 16542.8926   63   60 24818.0000 12057.9350  51.4%   8.1  785s
 2648781 1610384 17115.0942   67   54 24818.0000 12059.4977  51.4%   8.1  790s
 2661467 1618846 22285.9755   61   41 24818.0000 12061.0628  51.4%   8.1  795s
 2675094 1628280 24028.0000  125   21 24818.0000 12062.3595  51.4%   8.1  800s
 2686634 1635133 20101.6280   64   43 24818.0000 12064.1104  51.4%   8.1  805s
 2689525 1636171 17741.0000   56   49 24818.0000 12064.5637  51.4%   8.1  810s
 2699985 1642699 17526.0000   55   61 24818.0000 12066.0000  51.4%   8.1  815s
 2712822 1651365 infeasible   95      24818.0000 12067.4673  51.4%   8.1  820s
 2723385 1659572 19838.4089   71   49 24818.0000 12068.7406  51.4%   8.1  825s
 2737483 1667859 infeasible   90      24818.0000 12070.5428  51.4%   8.1  830s
 2748123 1674722 infeasible   71      24818.0000 12072.1268  51.4%   8.1  835s
 2761519 1683507 13945.7908   51   85 24818.0000 12073.5023  51.4%   8.1  840s
 2763795 1684731 23646.7935  103   33 24818.0000 12073.5575  51.4%   8.1  845s
 2775536 1692362 18673.0000   55   56 24818.0000 12075.0208  51.3%   8.1  850s
 2785635 1700454 14244.1624   59   78 24818.0000 12076.3459  51.3%   8.1  855s
 2798424 1708399 16012.1487   54   63 24818.0000 12077.7239  51.3%   8.1  860s
 2810865 1716193 22979.4193   97   32 24818.0000 12079.0382  51.3%   8.1  865s
 2822091 1724115 infeasible   86      24818.0000 12080.1014  51.3%   8.1  870s
 2834962 1732147 18588.0814   67   64 24818.0000 12081.4734  51.3%   8.1  875s
 2847417 1741917 22735.0496   97   47 24818.0000 12083.0000  51.3%   8.1  881s
 2856565 1744727 15946.1400   66   64 24818.0000 12084.3700  51.3%   8.1  887s
 2859459 1747818 20599.8941   69   42 24818.0000 12084.8025  51.3%   8.1  890s
 2871612 1754950 20244.2804   75   45 24818.0000 12086.0040  51.3%   8.1  895s
 2882750 1763479 18938.3835   91   43 24818.0000 12087.2202  51.3%   8.1  900s
 2891407 1770469 13978.6268   58   81 24818.0000 12088.1542  51.3%   8.1  905s
 2906855 1779192 18569.4006   65   57 24818.0000 12089.7366  51.3%   8.1  910s
 2918890 1785980 16326.3883   67   55 24818.0000 12091.2927  51.3%   8.1  915s
 2929592 1794258 24744.7594   79   27 24818.0000 12092.2051  51.3%   8.1  920s
 2940736 1800787     cutoff   69      24818.0000 12093.7697  51.3%   8.1  925s
 2953227 1808058 20622.5920   62   43 24818.0000 12095.1660  51.3%   8.1  930s
 2964064 1815506 12104.1285   50   93 24818.0000 12096.5672  51.3%   8.1  935s
 2975353 1823621 13139.9119   54   96 24818.0000 12097.9349  51.3%   8.1  940s
 2988422 1830006 17678.0000   59   57 24818.0000 12099.4235  51.2%   8.1  945s
 2996244 1838630 23497.0210   98   27 24818.0000 12100.0906  51.2%   8.1  950s
 3010183 1844898 18080.9373   62   56 24818.0000 12102.1253  51.2%   8.1  955s
 3022624 1852031 22441.0955   88   47 24818.0000 12103.2946  51.2%   8.1  963s
 3025136 1854315 24707.4893   87   32 24818.0000 12103.5349  51.2%   8.1  965s
 3035599 1862570 16939.5509   63   58 24818.0000 12104.4521  51.2%   8.1  970s
 3047072 1869585 22475.1100   74   32 24818.0000 12105.7114  51.2%   8.1  975s
 3056701 1874277 23758.3820   71   39 24818.0000 12106.7440  51.2%   8.1  982s
 3059651 1877486 21334.5207   58   52 24818.0000 12107.2136  51.2%   8.1  985s
 3071180 1885229 24801.0087   91   34 24818.0000 12108.4476  51.2%   8.1  990s
 3084111 1892469 24435.2536   96   31 24818.0000 12110.0000  51.2%   8.1  995s
 3094859 1900496 12120.5081   52  105 24818.0000 12111.5425  51.2%   8.1 1000s
 3105331 1907459 13540.0000   45   87 24818.0000 12113.1334  51.2%   8.1 1005s
 3118745 1916252 15428.4102   59   60 24818.0000 12114.7951  51.2%   8.1 1010s
 3130566 1922953 21329.5787   73   46 24818.0000 12116.2935  51.2%   8.1 1015s
 3142432 1931692 13681.0712   58   81 24818.0000 12117.6546  51.2%   8.1 1020s
 3151044 1935968 13504.4907   53   84 24818.0000 12118.3276  51.2%   8.1 1027s
 3153846 1938255 14449.0000   64   76 24818.0000 12119.0414  51.2%   8.1 1030s
 3162927 1945875 16136.1496   51   63 24818.0000 12119.9524  51.2%   8.1 1035s
 3177421 1953743 16265.0000   50   71 24818.0000 12121.5819  51.2%   8.1 1040s
 3192070 1963387 24503.3356   86   24 24818.0000 12122.6365  51.2%   8.1 1045s
 3205326 1971944 23682.5411   77   39 24818.0000 12124.5267  51.1%   8.1 1050s
 3218875 1981652 24650.9745   82   29 24818.0000 12126.0756  51.1%   8.1 1055s
 3231760 1992534 14681.1938   58   72 24818.0000 12127.6833  51.1%   8.1 1061s
 3247141 1999461 22709.8543   89   32 24818.0000 12129.6775  51.1%   8.1 1065s
 3259189 2008296 17036.8979   65   53 24818.0000 12130.9449  51.1%   8.1 1070s
 3273804 2017786 17193.5266   65   56 24818.0000 12132.2997  51.1%   8.1 1075s
 3289751 2027547     cutoff   52      24818.0000 12134.1681  51.1%   8.1 1080s
 3302176 2035631 19381.2230   75   59 24818.0000 12135.8000  51.1%   8.1 1085s
 3315842 2045141 24414.1862   58   48 24818.0000 12137.3655  51.1%   8.1 1090s
 3324141 2048689 20902.8419   82   40 24818.0000 12138.1676  51.1%   8.1 1095s
 3333092 2055024 infeasible   90      24818.0000 12139.1100  51.1%   8.1 1100s
 3345526 2063546 23954.6644   73   36 24818.0000 12140.4861  51.1%   8.1 1105s
 3359011 2074583 infeasible   85      24818.0000 12141.8216  51.1%   8.1 1111s
 3372178 2080975 12147.1342   47  105 24818.0000 12143.4812  51.1%   8.1 1115s
 3384934 2089505 20015.9396   68   55 24818.0000 12144.8793  51.1%   8.1 1120s
 3398185 2098265 24166.3781   70   29 24818.0000 12146.1779  51.1%   8.1 1125s
 3412451 2106868 15465.5432   58   72 24818.0000 12147.7478  51.1%   8.1 1130s
 3422584 2115902 19868.7552   74   52 24818.0000 12148.9489  51.0%   8.1 1135s
 3439534 2123584 21733.7026   70   35 24818.0000 12150.8585  51.0%   8.1 1140s
 3452632 2133335 24257.6694   94   35 24818.0000 12152.4388  51.0%   8.1 1145s
 3464756 2141712 infeasible   77      24818.0000 12153.7007  51.0%   8.1 1150s
 3479420 2150702 23620.0679   72   25 24818.0000 12155.3922  51.0%   8.1 1155s
 3493923 2160352 17175.7441   68   54 24818.0000 12157.0000  51.0%   8.1 1160s
 3506956 2169098 infeasible   96      24818.0000 12158.2799  51.0%   8.1 1165s
 3520502 2176871 14371.5463   64   81 24818.0000 12159.7790  51.0%   8.1 1170s
 3535557 2186287 23233.4792   72   32 24818.0000 12161.1680  51.0%   8.1 1175s
 3546749 2194621 16457.3147   59   77 24818.0000 12162.7170  51.0%   8.1 1180s
 3558082 2202241 21335.4915  100   41 24818.0000 12163.9721  51.0%   8.1 1185s
 3572388 2211404 19820.9059   68   48 24818.0000 12165.0757  51.0%   8.1 1190s
 3587449 2221399 22778.2794   96   32 24818.0000 12166.2782  51.0%   8.1 1195s
 3601557 2229948 23735.9103   73   42 24818.0000 12167.5578  51.0%   8.1 1200s
 3612288 2238697 24776.8591  103   25 24818.0000 12168.4443  51.0%   8.1 1205s
 3627107 2247546 21061.7066   67   45 24818.0000 12169.8580  51.0%   8.1 1210s
 3639986 2255674 19556.3159   65   63 24818.0000 12170.9401  51.0%   8.1 1215s
 3653281 2264346 22742.6005   90   37 24818.0000 12172.3688  51.0%   8.1 1220s
 3666014 2272702 21737.6410   70   40 24818.0000 12173.7192  50.9%   8.1 1225s
 3678406 2281441 20788.0481   91   30 24818.0000 12174.6697  50.9%   8.1 1230s
 3692641 2289335 20872.4429   55   45 24818.0000 12175.8582  50.9%   8.1 1235s
 3704682 2296622 14533.4606   58   71 24818.0000 12177.0754  50.9%   8.1 1240s
 3716976 2305909 24161.6222   79   37 24818.0000 12177.9488  50.9%   8.1 1245s
 3730669 2313287 23948.2683   91   32 24818.0000 12179.0135  50.9%   8.1 1250s
 3743570 2321675 15742.2078   60   78 24818.0000 12180.1010  50.9%   8.1 1255s
 3754293 2329314 18365.2484   55   50 24818.0000 12181.1062  50.9%   8.1 1260s
 3765168 2338741 16661.8294   59   61 24818.0000 12182.2225  50.9%   8.1 1265s
 3781051 2345283 23794.8913   87   37 24818.0000 12183.5440  50.9%   8.1 1270s
 3794112 2353810 22291.9418   74   45 24818.0000 12184.8044  50.9%   8.1 1275s
 3807206 2362434 22684.7611   74   39 24818.0000 12185.8317  50.9%   8.1 1280s
 3817782 2370408 22971.4975   84   35 24818.0000 12187.0000  50.9%   8.1 1285s
 3828610 2378951 16268.9585   60   59 24818.0000 12188.1404  50.9%   8.1 1290s
 3843553 2387346 19795.7015   52   59 24818.0000 12189.1074  50.9%   8.1 1295s
 3856342 2395670 13466.7801   53   80 24818.0000 12190.3018  50.9%   8.1 1300s
 3870174 2405071 24053.0000  112   28 24818.0000 12191.6294  50.9%   8.1 1305s
 3885662 2414278 23674.0000   93   35 24818.0000 12193.1929  50.9%   8.1 1310s
 3898707 2422469 23974.2177   89   31 24818.0000 12194.4447  50.9%   8.1 1315s
 3911168 2431109 17696.6218   62   61 24818.0000 12195.8107  50.9%   8.1 1320s
 3925791 2439407 19532.2744   64   50 24818.0000 12197.0000  50.9%   8.1 1325s
 3936076 2448480 20790.8004   53   48 24818.0000 12198.3205  50.8%   8.1 1330s
 3951026 2454998 16248.0000   63   64 24818.0000 12199.6159  50.8%   8.1 1335s
 3963303 2464169 18216.0517   64   53 24818.0000 12200.6337  50.8%   8.1 1340s
 3975572 2471077 21896.5387   79   45 24818.0000 12201.8389  50.8%   8.1 1345s
 3985507 2478812 12710.8503   44  104 24818.0000 12202.7832  50.8%   8.1 1350s
 3996846 2486130 14642.5133   51   77 24818.0000 12203.8547  50.8%   8.1 1355s
 4008144 2493094 19859.5964   61   45 24818.0000 12204.8226  50.8%   8.1 1360s
 4019439 2499506 23258.9801   69   37 24818.0000 12205.9754  50.8%   8.1 1365s
 4031177 2508513 17170.7938   65   58 24818.0000 12206.7100  50.8%   8.1 1370s
 4043027 2515061 24520.9699   73   41 24818.0000 12207.9354  50.8%   8.1 1375s
 4054031 2523262 15631.3098   58   57 24818.0000 12208.6543  50.8%   8.1 1380s
 4063746 2529763 20109.8390   88   42 24818.0000 12209.5617  50.8%   8.1 1385s
 4074724 2536489 infeasible   84      24818.0000 12210.5381  50.8%   8.1 1390s
 4083821 2543882 24589.0093   75   31 24818.0000 12211.5199  50.8%   8.1 1396s
 4094516 2549731 23500.1118   72   38 24818.0000 12212.3267  50.8%   8.1 1400s
 4105150 2556503 23147.8716   79   36 24818.0000 12213.0296  50.8%   8.1 1405s
 4116645 2563230 15307.0000   59   49 24818.0000 12214.1566  50.8%   8.1 1410s
 4128844 2570104 23591.3753   80   38 24818.0000 12215.0644  50.8%   8.1 1415s
 4138613 2577513 14908.8553   54   65 24818.0000 12216.0036  50.8%   8.1 1420s
 4151286 2584894 15008.5232   60   67 24818.0000 12217.0000  50.8%   8.1 1425s
 4161430 2592023 23843.0352   76   38 24818.0000 12217.8279  50.8%   8.1 1430s
 4169554 2598834 17935.9373   59   55 24818.0000 12218.2198  50.8%   8.1 1435s
 4182982 2605120 24413.2586   93   32 24818.0000 12219.1338  50.8%   8.1 1440s
 4191545 2612412 18648.0000   77   39 24818.0000 12219.8204  50.8%   8.1 1446s
 4201626 2618716 24315.5295  127   25 24818.0000 12220.5128  50.8%   8.1 1450s
 4212526 2625477 24085.6861  104   31 24818.0000 12221.3286  50.8%   8.1 1456s
 4221260 2631580 infeasible   68      24818.0000 12222.0629  50.8%   8.1 1460s
 4234085 2638836 23897.8525   98   30 24818.0000 12222.9681  50.7%   8.1 1465s
 4242955 2645622 19926.9874   76   42 24818.0000 12223.6556  50.7%   8.1 1470s
 4254125 2652547 13416.0093   59   88 24818.0000 12224.6622  50.7%   8.1 1475s
 4262090 2658659 20504.3862   65   48 24818.0000 12225.1103  50.7%   8.1 1480s
 4274306 2665537 23662.0977   75   35 24818.0000 12226.2467  50.7%   8.1 1485s
 4283526 2671450 19346.8092   66   45 24818.0000 12227.1983  50.7%   8.1 1490s
 4295472 2678772 infeasible  105      24818.0000 12228.0368  50.7%   8.1 1495s
 4306060 2685239 18360.3606   67   58 24818.0000 12228.7771  50.7%   8.1 1500s
 4316651 2691892 24409.4230   80   45 24818.0000 12229.5810  50.7%   8.1 1505s
 4327920 2699093 24745.7899  107   20 24818.0000 12230.3343  50.7%   8.2 1510s
 4335528 2705036 15531.3530   64   70 24818.0000 12230.9993  50.7%   8.2 1515s
 4347163 2711700 24726.0363   84   29 24818.0000 12232.0000  50.7%   8.2 1520s
 4355918 2718234 15733.4714   61   62 24818.0000 12232.7609  50.7%   8.2 1525s
 4366727 2725172 17285.9344   62   60 24818.0000 12233.4641  50.7%   8.2 1530s
 4376234 2732238 15163.4581   54   75 24818.0000 12234.3512  50.7%   8.2 1535s
 4388438 2740426 18651.3268   62   56 24818.0000 12235.1061  50.7%   8.2 1541s
 4399184 2745686 12235.9574   51  101 24818.0000 12235.8675  50.7%   8.2 1545s
 4408947 2753012 19359.3402   76   46 24818.0000 12236.3834  50.7%   8.2 1550s
 4417626 2758761 22028.8287   65   39 24818.0000 12236.9136  50.7%   8.2 1555s
 4419930 2759392 22573.6153   70   41 24818.0000 12237.0699  50.7%   8.2 1560s
 4428291 2766297 12282.2481   51   94 24818.0000 12237.7834  50.7%   8.2 1565s
 4440481 2773590 18586.8761   61   45 24818.0000 12238.5377  50.7%   8.2 1570s
 4451471 2781180 15079.6659   61   65 24818.0000 12239.7490  50.7%   8.2 1575s
 4459391 2785424 14685.0000   58   73 24818.0000 12240.3404  50.7%   8.2 1580s
 4469963 2793116 21248.2008   61   39 24818.0000 12241.4947  50.7%   8.2 1585s
 4480592 2800102 14322.3342   51   74 24818.0000 12242.4586  50.7%   8.2 1590s
 4491802 2806555 18691.8595   68   48 24818.0000 12243.2682  50.7%   8.2 1595s
 4498736 2814134 24451.7817   77   38 24818.0000 12243.8830  50.7%   8.2 1600s
 4512207 2821284 21695.0330   94   33 24818.0000 12244.9684  50.7%   8.2 1606s
 4521951 2826160 22973.1189   75   33 24818.0000 12245.8499  50.7%   8.2 1610s
 4531300 2832285 16324.0000   56   53 24818.0000 12246.4436  50.7%   8.2 1615s
 4543250 2840619 23378.6465   87   33 24818.0000 12247.5031  50.7%   8.2 1620s
 4553462 2847059 14118.0333   55   79 24818.0000 12248.2253  50.6%   8.2 1625s
 4562055 2855058 24357.3788   53   28 24818.0000 12248.8253  50.6%   8.2 1631s
 4573437 2860000 22792.9063   82   42 24818.0000 12249.8022  50.6%   8.2 1635s
 4584708 2867137 12791.1906   56   88 24818.0000 12250.9571  50.6%   8.2 1640s
 4595572 2874597 12254.8006   49   96 24818.0000 12251.7734  50.6%   8.2 1645s
 4604647 2883000 15377.9959   63   65 24818.0000 12252.4915  50.6%   8.2 1650s
 4618293 2889583 21214.5104   51   52 24818.0000 12253.6536  50.6%   8.2 1655s
 4630513 2897322 16315.2101   65   61 24818.0000 12254.8505  50.6%   8.2 1660s
 4643247 2905562 15063.1042   57   77 24818.0000 12255.7139  50.6%   8.2 1665s
 4656582 2914469 24749.1593   75   38 24818.0000 12256.6277  50.6%   8.2 1670s
 4667079 2923865 18610.1242   58   58 24818.0000 12257.4173  50.6%   8.2 1676s
 4679066 2928038 24506.0811   92   32 24818.0000 12258.3005  50.6%   8.2 1680s
 4688924 2937972 23930.9074   67   33 24818.0000 12259.3207  50.6%   8.2 1686s
 4701763 2943796 14251.9504   62   74 24818.0000 12260.1734  50.6%   8.2 1690s
 4716578 2953393 13533.0214   58   96 24818.0000 12261.2574  50.6%   8.2 1695s
 4728462 2959852 16850.0000   62   58 24818.0000 12262.1028  50.6%   8.2 1700s
 4740388 2969000 23303.8042   68   38 24818.0000 12263.0828  50.6%   8.2 1705s
 4751758 2976332 24667.8999   86   32 24818.0000 12263.8803  50.6%   8.2 1710s
 4763585 2983704 13429.8784   57   77 24818.0000 12264.6333  50.6%   8.2 1715s
 4775362 2991798 17942.6649   55   60 24818.0000 12265.4631  50.6%   8.2 1720s
 4788206 2999691 24480.3341   64   42 24818.0000 12266.4276  50.6%   8.2 1725s
 4800265 3006690 20874.0365   71   41 24818.0000 12266.9575  50.6%   8.2 1730s
 4812680 3015774 19371.2894   72   57 24818.0000 12268.0078  50.6%   8.2 1735s
 4825452 3022958 22263.7431   99   35 24818.0000 12268.8346  50.6%   8.2 1740s
 4837134 3030746 21324.9000   67   41 24818.0000 12269.7615  50.6%   8.2 1745s
 4848214 3038345 13316.0000   58   80 24818.0000 12270.5755  50.6%   8.2 1750s
 4859939 3045571 22769.7969   88   41 24818.0000 12271.3434  50.6%   8.2 1755s
 4871586 3054471 23661.5929   86   37 24818.0000 12272.1702  50.6%   8.2 1760s
 4884895 3062411 23223.7523   89   36 24818.0000 12273.0000  50.5%   8.2 1765s
 4897793 3071344 17866.4911   71   58 24818.0000 12273.9947  50.5%   8.2 1770s
 4910226 3079736 23292.2822   75   43 24818.0000 12274.9893  50.5%   8.2 1775s
 4922392 3086913 17981.6842   63   65 24818.0000 12275.6218  50.5%   8.2 1780s
 4935196 3096366 12964.4729   47   88 24818.0000 12276.3747  50.5%   8.2 1785s
 4948166 3103536 18303.0579   67   45 24818.0000 12277.2038  50.5%   8.2 1790s
 4960298 3111831 18533.0000   68   44 24818.0000 12278.0844  50.5%   8.2 1795s
 4971266 3119403 infeasible   91      24818.0000 12278.8995  50.5%   8.2 1800s
 4982134 3127200 24514.0222   72   35 24818.0000 12279.5094  50.5%   8.2 1805s
 4994196 3133899 12624.3265   50   95 24818.0000 12280.2950  50.5%   8.2 1810s
 5005501 3142292 infeasible   87      24818.0000 12281.0607  50.5%   8.2 1815s
 5016595 3149941 infeasible   75      24818.0000 12281.7645  50.5%   8.2 1820s
 5030145 3162213 23378.7123   94   27 24818.0000 12282.5524  50.5%   8.2 1827s
 5039552 3164840 24695.4893   86   30 24818.0000 12282.9903  50.5%   8.2 1830s
 5053832 3172551 20859.0639   63   40 24818.0000 12284.0000  50.5%   8.2 1835s
 5065839 3180456 18056.4429   59   50 24818.0000 12284.8840  50.5%   8.2 1840s
 5077391 3189354 15547.2639   59   58 24818.0000 12285.5486  50.5%   8.2 1845s
 5090068 3196992 23459.1574   90   46 24818.0000 12286.3599  50.5%   8.2 1850s
 5101968 3204488 19588.4950   62   51 24818.0000 12287.1309  50.5%   8.2 1855s
 5113583 3211975 22827.2677   79   42 24818.0000 12287.9199  50.5%   8.2 1860s
 5125175 3219657 infeasible   84      24818.0000 12288.5414  50.5%   8.2 1865s
 5139157 3227752 16624.3252   51   64 24818.0000 12289.4066  50.5%   8.2 1870s
 5149205 3235447 19228.9771   76   51 24818.0000 12289.9217  50.5%   8.2 1875s
 5160087 3244046 24085.1105   91   27 24818.0000 12290.7114  50.5%   8.2 1881s
 5172720 3249330 14689.8483   67   67 24818.0000 12291.7204  50.5%   8.2 1885s
 5183243 3257524 15171.9350   55   71 24818.0000 12292.2442  50.5%   8.2 1890s
 5195310 3265237 infeasible   72      24818.0000 12292.7438  50.5%   8.2 1895s
 5208667 3273357 22873.1744  100   38 24818.0000 12293.5358  50.5%   8.2 1900s
 5220287 3281593 17983.5665   66   55 24818.0000 12294.3039  50.5%   8.2 1905s
 5233085 3289990 22748.0109   68   37 24818.0000 12295.1051  50.5%   8.2 1910s
 5246225 3297920 infeasible   57      24818.0000 12295.9991  50.5%   8.2 1915s
 5258211 3305704 20394.4112   69   49 24818.0000 12296.7519  50.5%   8.2 1920s
 5269683 3315092 19183.0000   70   45 24818.0000 12297.4887  50.4%   8.2 1926s
 5281839 3321815 infeasible   68      24818.0000 12298.2828  50.4%   8.2 1930s
 5293368 3328131 16869.1132   56   59 24818.0000 12299.0939  50.4%   8.2 1935s
 5303898 3336191 infeasible  103      24818.0000 12299.7262  50.4%   8.2 1940s
 5313836 3341914 18061.1385   68   58 24818.0000 12300.3051  50.4%   8.2 1945s
 5323862 3349807 22154.0000   76   36 24818.0000 12301.0570  50.4%   8.2 1950s
 5333726 3355505 23644.0000  104   28 24818.0000 12301.4885  50.4%   8.2 1955s
 5344951 3361746 13570.0000   57   81 24818.0000 12302.0239  50.4%   8.2 1960s
 5351744 3369952 17246.2086   60   59 24818.0000 12302.6567  50.4%   8.2 1966s
 5363469 3375279 21194.8053   73   41 24818.0000 12303.3060  50.4%   8.2 1971s
 5373654 3381681 23714.6603   84   38 24818.0000 12303.9959  50.4%   8.2 1975s
 5383837 3387147 17316.5078   63   61 24818.0000 12304.7074  50.4%   8.2 1980s
 5393522 3394925 15911.3507   52   70 24818.0000 12305.3918  50.4%   8.2 1985s
 5403445 3400131 22977.5325   66   38 24818.0000 12306.1855  50.4%   8.2 1990s
 5412802 3406194 22613.0000   61   36 24818.0000 12306.8605  50.4%   8.2 1995s
 5423634 3414590 19546.5006   72   44 24818.0000 12307.4261  50.4%   8.2 2001s
 5432355 3420744 19421.5300   82   47 24818.0000 12308.0038  50.4%   8.2 2005s
 5442321 3428320 24139.5045   89   32 24818.0000 12308.6739  50.4%   8.2 2011s
 5452651 3433797 19252.5995   63   53 24818.0000 12309.1805  50.4%   8.2 2015s
 5461583 3438948 infeasible  104      24818.0000 12309.8428  50.4%   8.2 2020s
 5470092 3445795 21553.1465   90   31 24818.0000 12310.3098  50.4%   8.2 2025s
 5479807 3452232 14463.7821   55   76 24818.0000 12310.8775  50.4%   8.2 2030s
 5490015 3458862 infeasible   70      24818.0000 12311.6200  50.4%   8.2 2035s
 5501947 3465295 15566.0000   60   76 24818.0000 12312.0000  50.4%   8.2 2040s
 5510696 3472176 13245.1638   52   85 24818.0000 12312.9673  50.4%   8.2 2045s
 5520922 3479084 19654.2045   67   49 24818.0000 12313.5338  50.4%   8.2 2050s
 5529370 3484576 23005.8571  103   42 24818.0000 12313.9623  50.4%   8.2 2055s
 5542290 3491285 19379.0000   70   41 24818.0000 12314.8562  50.4%   8.2 2060s
 5548197 3498770 21885.7713   70   40 24818.0000 12315.1091  50.4%   8.2 2066s
 5560656 3504614 16510.5382   63   61 24818.0000 12315.8219  50.4%   8.2 2070s
 5569107 3511260 13337.5074   56   87 24818.0000 12316.2221  50.4%   8.2 2075s
 5577491 3516242 21369.7406   51   47 24818.0000 12316.8850  50.4%   8.2 2080s
 5589315 3525373 infeasible   79      24818.0000 12317.5916  50.4%   8.2 2087s
 5598111 3528197 21452.6824   55   47 24818.0000 12318.1767  50.4%   8.2 2090s
 5608603 3534088 16540.7889   53   61 24818.0000 12318.6818  50.4%   8.2 2095s
 5617788 3540660 20194.4517   71   46 24818.0000 12319.5332  50.4%   8.2 2100s
 5627806 3546071 infeasible   79      24818.0000 12320.1275  50.4%   8.2 2105s
 5636759 3552080 15633.8579   65   69 24818.0000 12320.8769  50.4%   8.2 2110s
 5645947 3558901     cutoff   84      24818.0000 12321.6410  50.4%   8.2 2115s
 5654509 3564956 16974.8843   68   68 24818.0000 12322.0000  50.4%   8.2 2120s
 5665391 3570420 14426.5391   55   76 24818.0000 12323.0000  50.3%   8.2 2125s
 5674107 3577619 21526.3719   57   40 24818.0000 12323.5137  50.3%   8.2 2130s
 5685766 3584075 22363.2743   68   44 24818.0000 12324.0000  50.3%   8.2 2136s
 5690542 3588279 infeasible   83      24818.0000 12324.5375  50.3%   8.2 2140s
 5698653 3596376 24083.8572   84   31 24818.0000 12325.0368  50.3%   8.2 2146s
 5710355 3599692 23422.4235   75   40 24818.0000 12325.7164  50.3%   8.2 2150s
 5721546 3606625 24454.1267   79   32 24818.0000 12326.5620  50.3%   8.2 2155s
 5731644 3613587 12330.3978   44   86 24818.0000 12327.2953  50.3%   8.2 2160s
 5739120 3619915 24364.6718   86   35 24818.0000 12327.8261  50.3%   8.2 2165s
 5751549 3627183 15705.0772   58   62 24818.0000 12328.5766  50.3%   8.2 2170s
 5760919 3632644 23011.8401   82   39 24818.0000 12329.2018  50.3%   8.2 2175s
 5770540 3640382 23037.2726   98   28 24818.0000 12329.7360  50.3%   8.2 2180s
 5779512 3645987 24096.7695   79   35 24818.0000 12330.0000  50.3%   8.2 2185s
 5788311 3650867 16469.5592   49   69 24818.0000 12330.6604  50.3%   8.2 2190s
 5798151 3657927 24563.2122   99   26 24818.0000 12331.4035  50.3%   8.2 2195s
 5806673 3664221 16295.5422   43   67 24818.0000 12331.8659  50.3%   8.2 2200s
 5817588 3669815 14234.1995   58   63 24818.0000 12332.3066  50.3%   8.2 2205s
 5828152 3676450 20558.4076   76   38 24818.0000 12333.0443  50.3%   8.2 2210s
 5836813 3682972 23897.1241   72   35 24818.0000 12333.5906  50.3%   8.2 2215s
 5847589 3691682 22659.4953   61   47 24818.0000 12334.2696  50.3%   8.2 2221s
 5855395 3695621 infeasible   88      24818.0000 12334.7522  50.3%   8.2 2225s
 5867291 3702108 infeasible   90      24818.0000 12335.4413  50.3%   8.2 2230s
 5875691 3708755 21217.0573  103   32 24818.0000 12335.7893  50.3%   8.2 2235s
 5887400 3715554 infeasible   62      24818.0000 12336.2877  50.3%   8.2 2243s
 5889131 3720925 12369.8127   46   99 24818.0000 12336.3619  50.3%   8.2 2247s
 5899677 3724672 22513.0352   66   45 24818.0000 12336.9827  50.3%   8.2 2250s
 5910088 3732025 21040.3927   81   42 24818.0000 12337.3791  50.3%   8.2 2255s
 5922641 3739499 19225.9812   74   53 24818.0000 12337.7963  50.3%   8.2 2260s
 5934510 3747301 17741.2961   60   64 24818.0000 12338.4933  50.3%   8.2 2265s
 5946770 3755393 21355.5925   68   42 24818.0000 12339.1792  50.3%   8.2 2270s
 5959518 3764134 24248.3512   61   32 24818.0000 12339.7440  50.3%   8.2 2275s
 5970221 3771569 20681.7541   77   51 24818.0000 12340.3085  50.3%   8.2 2280s
 5983072 3778916 14811.0000   62   77 24818.0000 12341.1223  50.3%   8.2 2285s
 5994498 3787493 18619.8128   66   48 24818.0000 12341.8592  50.3%   8.2 2290s
 6004217 3792682 19604.9173   60   56 24818.0000 12342.4523  50.3%   8.2 2295s
 6013845 3800152 18322.8088   77   46 24818.0000 12342.9285  50.3%   8.2 2300s
 6027739 3808917 20213.1289   60   49 24818.0000 12343.6351  50.3%   8.2 2305s
 6038779 3816218 24010.1359   99   25 24818.0000 12344.1081  50.3%   8.2 2310s
 6049983 3822200 infeasible   76      24818.0000 12344.7017  50.3%   8.2 2315s
 6061174 3832711 infeasible   84      24818.0000 12345.1856  50.3%   8.2 2321s
 6071149 3836946 infeasible   98      24818.0000 12345.5717  50.3%   8.2 2325s
 6083336 3844567 infeasible   75      24818.0000 12346.3308  50.3%   8.2 2330s
 6094289 3852286 24101.2095   85   32 24818.0000 12346.9109  50.3%   8.2 2335s
 6103768 3860353 infeasible  108      24818.0000 12347.3691  50.2%   8.2 2341s
 6115896 3865312 infeasible   80      24818.0000 12347.8221  50.2%   8.2 2345s
 6124495 3874296 12708.2480   54   99 24818.0000 12348.2089  50.2%   8.2 2350s
 6137155 3880788 23560.3545   87   28 24818.0000 12348.8687  50.2%   8.2 2355s
 6144941 3889125 13307.3450   63   79 24818.0000 12349.1606  50.2%   8.2 2361s
 6158452 3893517 infeasible   96      24818.0000 12349.9550  50.2%   8.2 2365s
 6169896 3901743 23407.9343   70   39 24818.0000 12350.5458  50.2%   8.2 2370s
 6180642 3909258 22338.1482   91   31 24818.0000 12351.0740  50.2%   8.2 2375s
 6192576 3917487 23602.6226  100   34 24818.0000 12351.5758  50.2%   8.2 2380s
 6204283 3923864 23967.5624   92   31 24818.0000 12352.1249  50.2%   8.2 2385s
 6215794 3932301 16167.2461   57   69 24818.0000 12352.6702  50.2%   8.2 2390s
 6226310 3939869 22167.7030   79   41 24818.0000 12353.0000  50.2%   8.2 2395s
 6238817 3947276 13896.2918   64   76 24818.0000 12353.6470  50.2%   8.2 2400s
 6249475 3954409 20284.0000   61   49 24818.0000 12354.1789  50.2%   8.2 2405s
 6262282 3961613 16798.7265   70   51 24818.0000 12354.8332  50.2%   8.2 2410s
 6272246 3968838 13104.5231   57   89 24818.0000 12355.2951  50.2%   8.2 2415s
 6283441 3975437 24744.2769   77   35 24818.0000 12355.9309  50.2%   8.2 2420s
 6294427 3982988 21158.8895   77   52 24818.0000 12356.5657  50.2%   8.2 2425s
 6305237 3990341 22778.0175   78   34 24818.0000 12357.1450  50.2%   8.2 2430s
 6316947 3997169 17653.7867   67   55 24818.0000 12357.6995  50.2%   8.2 2435s
 6326359 4004747 21747.7688   88   37 24818.0000 12358.1983  50.2%   8.2 2440s
 6338164 4012433 infeasible  108      24818.0000 12358.8094  50.2%   8.2 2445s
 6349623 4020085 14869.6407   67   64 24818.0000 12359.2298  50.2%   8.2 2450s
 6360536 4028430 12913.5874   54   94 24818.0000 12359.8945  50.2%   8.2 2455s
 6366556 4029149 22798.6042   80   39 24818.0000 12360.1332  50.2%   8.2 2463s
 6368302 4032044 14782.7767   50   74 24818.0000 12360.2944  50.2%   8.2 2465s
 6378027 4038638 23299.3258   71   35 24818.0000 12360.8423  50.2%   8.2 2470s
 6389749 4044507 24592.6862   74   24 24818.0000 12361.2728  50.2%   8.2 2476s
 6397899 4050823 21168.9112   82   48 24818.0000 12361.9854  50.2%   8.2 2480s
 6408983 4056999 16612.8846   57   74 24818.0000 12362.5563  50.2%   8.2 2485s
 6421034 4065051 23073.3010  106   35 24818.0000 12363.1049  50.2%   8.2 2490s
 6430873 4071325 24185.6150   80   34 24818.0000 12363.5841  50.2%   8.2 2495s
 6441897 4078698 14824.3613   56   63 24818.0000 12364.1138  50.2%   8.2 2500s
 6452104 4086528 23208.2769   86   42 24818.0000 12364.6147  50.2%   8.2 2505s
 6465121 4093507 23546.1974   78   39 24818.0000 12365.1822  50.2%   8.2 2510s
 6474501 4100680 14747.3942   47   71 24818.0000 12365.6308  50.2%   8.2 2515s
 6485767 4107065 24597.5836   86   29 24818.0000 12366.2769  50.2%   8.2 2520s
 6495665 4114323 infeasible   68      24818.0000 12366.8351  50.2%   8.2 2525s
 6508660 4121631 17426.5708   72   62 24818.0000 12367.6136  50.2%   8.2 2530s
 6519130 4129646 13372.4686   51   89 24818.0000 12368.1967  50.2%   8.2 2535s
 6530239 4137087 23857.7221   75   38 24818.0000 12368.9386  50.2%   8.2 2540s
 6539843 4143934 21414.8020   91   37 24818.0000 12369.2648  50.2%   8.2 2545s
 6550789 4150163 13170.0000   53   73 24818.0000 12369.8608  50.2%   8.2 2550s
 6560067 4155094 infeasible   88      24818.0000 12370.2187  50.2%   8.2 2555s
 6569516 4162470 18015.5931   75   57 24818.0000 12370.7571  50.2%   8.2 2560s
 6579671 4169093 23530.1163   72   32 24818.0000 12371.2923  50.2%   8.2 2565s
 6590093 4176047 infeasible   96      24818.0000 12371.9184  50.1%   8.2 2571s
 6593396 4181213 13087.5174   56   89 24818.0000 12372.1250  50.1%   8.2 2575s
 6607253 4186077 infeasible   81      24818.0000 12372.9022  50.1%   8.2 2580s
 6615443 4191238 17215.1084   69   55 24818.0000 12373.2946  50.1%   8.2 2585s
 6622698 4197117 20813.3375   79   38 24818.0000 12373.7427  50.1%   8.2 2590s
 6632407 4203071 24015.2939   62   36 24818.0000 12374.2461  50.1%   8.2 2595s
 6643305 4210116 24242.6921   93   27 24818.0000 12374.7195  50.1%   8.2 2600s
 6652427 4216126 19057.0554   70   45 24818.0000 12375.2608  50.1%   8.2 2605s
 6661128 4221028 18156.3371   72   52 24818.0000 12375.7396  50.1%   8.2 2610s
 6671543 4227988 21754.1559   75   53 24818.0000 12376.3362  50.1%   8.2 2615s
 6682648 4234032 24249.5858   89   34 24818.0000 12376.9501  50.1%   8.2 2620s
 6691901 4241092 22070.8907  105   31 24818.0000 12377.4411  50.1%   8.2 2625s
 6700663 4247154 13178.2336   47   90 24818.0000 12377.8550  50.1%   8.2 2630s
 6709766 4253536 21623.3108   64   51 24818.0000 12378.1378  50.1%   8.2 2635s
 6720575 4260604 13411.4533   59   84 24818.0000 12378.7139  50.1%   8.2 2640s
 6729751 4265319 infeasible   84      24818.0000 12379.1399  50.1%   8.2 2645s
 6736579 4270723 14535.0624   54   74 24818.0000 12379.5484  50.1%   8.2 2650s
 6745143 4278199 24294.5476   79   38 24818.0000 12379.9329  50.1%   8.2 2656s
 6754262 4282672 18594.7732   72   43 24818.0000 12380.4994  50.1%   8.2 2660s
 6766005 4289110 infeasible   63      24818.0000 12381.0054  50.1%   8.2 2665s
 6773289 4295666 20562.8843   87   40 24818.0000 12381.3783  50.1%   8.2 2670s
 6783628 4302451 22468.4723   84   31 24818.0000 12381.8345  50.1%   8.2 2676s
 6790055 4308607 23649.4263   68   30 24818.0000 12382.1823  50.1%   8.2 2681s
 6799815 4313277 21842.3485   82   34 24818.0000 12382.6146  50.1%   8.2 2685s
 6808460 4318753 24641.8371  103   42 24818.0000 12383.0000  50.1%   8.2 2690s
 6819649 4324745 18476.7561   66   60 24818.0000 12383.4058  50.1%   8.2 2696s
 6826993 4329656 infeasible   79      24818.0000 12383.9306  50.1%   8.2 2700s
 6836123 4335597 infeasible  106      24818.0000 12384.2746  50.1%   8.1 2705s
 6842617 4341087 22526.0000   87   32 24818.0000 12384.7045  50.1%   8.2 2710s
 6854634 4348711 23244.8028   74   33 24818.0000 12385.2749  50.1%   8.2 2716s
 6863090 4353174 infeasible   86      24818.0000 12385.7850  50.1%   8.2 2720s
 6872540 4360141 19966.4829   65   54 24818.0000 12386.2085  50.1%   8.2 2725s
 6882684 4365676 14961.9953   55   73 24818.0000 12386.7453  50.1%   8.2 2730s
 6891589 4372471 24701.4909   86   28 24818.0000 12387.2688  50.1%   8.2 2735s
 6897640 4377907 16733.0456   57   59 24818.0000 12387.4388  50.1%   8.2 2740s
 6909209 4384107 22238.1867   94   32 24818.0000 12388.0804  50.1%   8.2 2745s
 6918142 4390337 15403.5241   55   76 24818.0000 12388.4919  50.1%   8.1 2750s
 6928059 4396908 13640.7716   51   83 24818.0000 12388.8368  50.1%   8.1 2755s
 6938118 4403931 12833.1350   57   87 24818.0000 12389.1523  50.1%   8.1 2760s
 6947858 4408961 20842.6745   59   47 24818.0000 12389.7169  50.1%   8.1 2766s
 6955255 4415186 16507.3293   74   57 24818.0000 12390.0986  50.1%   8.1 2771s
 6963936 4420852 13617.7963   53   94 24818.0000 12390.3740  50.1%   8.1 2775s
 6973378 4426986 20532.2555   67   44 24818.0000 12390.8225  50.1%   8.1 2780s
 6982892 4432830 20517.5842   56   47 24818.0000 12391.2399  50.1%   8.1 2785s
 6992479 4437869 24168.3904   92   32 24818.0000 12391.7085  50.1%   8.1 2790s
 7001876 4444707 16918.6687   66   58 24818.0000 12392.1901  50.1%   8.1 2796s
 7010199 4449332 23152.8315   68   36 24818.0000 12392.5742  50.1%   8.1 2800s
 7018891 4456048 13684.2239   57   81 24818.0000 12393.0292  50.1%   8.1 2805s
 7027013 4463682 24269.0000   77   34 24818.0000 12393.3973  50.1%   8.1 2812s
 7036184 4467040 14348.5145   50   75 24818.0000 12393.8878  50.1%   8.1 2815s
 7044859 4471824 infeasible   74      24818.0000 12394.2132  50.1%   8.1 2820s
 7055361 4479959 14263.6222   54   70 24818.0000 12394.7444  50.1%   8.1 2826s
 7064008 4485239 22975.1042   67   34 24818.0000 12395.1204  50.1%   8.1 2830s
 7071759 4492225 16310.5326   60   68 24818.0000 12395.5241  50.1%   8.1 2836s
 7078006 4495536 18114.9819   72   55 24818.0000 12395.8499  50.1%   8.1 2840s
 7090776 4502804 14871.3114   60   76 24818.0000 12396.5565  50.1%   8.1 2846s
 7101667 4508465 22944.4970   61   39 24818.0000 12397.2281  50.0%   8.1 2850s
 7110356 4515116 24280.2688   99   22 24818.0000 12397.7568  50.0%   8.1 2855s
 7122248 4522960 17306.4735   53   55 24818.0000 12398.5142  50.0%   8.1 2860s
 7132827 4528564 14581.2373   58   72 24818.0000 12399.0829  50.0%   8.1 2865s
 7139057 4536708 18444.0000   63   52 24818.0000 12399.4592  50.0%   8.1 2871s
 7151842 4542085 15101.2250   65   69 24818.0000 12400.1218  50.0%   8.1 2875s
 7162569 4548005 24512.3848  103   36 24818.0000 12400.7049  50.0%   8.1 2880s
 7172226 4555413 14629.2494   62   73 24818.0000 12401.2283  50.0%   8.1 2886s
 7181151 4561238 13795.6867   57   69 24818.0000 12401.6163  50.0%   8.1 2890s
 7191872 4568002 13901.7243   59   76 24818.0000 12402.1071  50.0%   8.1 2895s
 7202964 4574273 16741.0000   62   47 24818.0000 12402.6452  50.0%   8.1 2900s
 7213833 4583038 24761.5843   87   35 24818.0000 12403.0849  50.0%   8.1 2906s
 7222986 4588273 23063.8086   69   41 24818.0000 12403.5190  50.0%   8.1 2910s
 7231369 4593909 24516.0000   93   31 24818.0000 12404.0000  50.0%   8.1 2915s
 7241469 4600290 24658.0745   87   24 24818.0000 12404.5018  50.0%   8.1 2920s
 7253871 4607039 infeasible   90      24818.0000 12405.0841  50.0%   8.1 2926s
 7262545 4613773 22490.8747   76   40 24818.0000 12405.5218  50.0%   8.1 2930s
 7271275 4620398 16227.3793   70   57 24818.0000 12405.9682  50.0%   8.1 2936s
 7280578 4625907 infeasible   81      24818.0000 12406.3469  50.0%   8.1 2940s
 7289414 4633708 17569.5830   69   50 24818.0000 12406.9264  50.0%   8.1 2945s
 7302259 4640352 23834.3396   81   33 24818.0000 12407.7433  50.0%   8.1 2950s
 7310933 4646146 23671.7675   80   34 24818.0000 12408.1996  50.0%   8.1 2955s
 7322291 4651800 16754.5538   58   61 24818.0000 12408.8269  50.0%   8.1 2960s
 7332598 4660117 18263.1830   66   51 24818.0000 12409.2749  50.0%   8.1 2966s
 7342885 4666487 21988.1489   67   46 24818.0000 12409.8945  50.0%   8.1 2970s
 7352697 4672579 16378.3642   68   61 24818.0000 12410.3306  50.0%   8.1 2975s
 7363255 4678692 24229.1166   73   30 24818.0000 12410.9432  50.0%   8.1 2980s
 7372495 4686097 16382.2960   60   60 24818.0000 12411.2986  50.0%   8.1 2986s
 7376280 4690798 15117.9362   45   84 24818.0000 12411.5383  50.0%   8.1 2990s
 7384043 4691642 24810.2242   77   30 24818.0000 12411.8714  50.0%   8.1 2998s
 7385425 4693798 infeasible   77      24818.0000 12411.9208  50.0%   8.1 3000s
 7395656 4700569 17233.3947   71   68 24818.0000 12412.4327  50.0%   8.1 3005s
 7406225 4706877 22977.2869  110   30 24818.0000 12412.9121  50.0%   8.1 3010s
 7415567 4714247 20475.9423   71   41 24818.0000 12413.4039  50.0%   8.1 3015s
 7427838 4722096 17417.8618   72   56 24818.0000 12413.9244  50.0%   8.1 3020s
 7438509 4729215 13507.5162   57   74 24818.0000 12414.2668  50.0%   8.1 3026s
 7447004 4735076 24471.1853   85   38 24818.0000 12414.6091  50.0%   8.1 3030s
 7458474 4740887 19315.0347   70   52 24818.0000 12415.2333  50.0%   8.1 3035s
 7468172 4746736 24675.7818   89   30 24818.0000 12415.7441  50.0%   8.1 3040s
 7478378 4754635 17760.3369   54   62 24818.0000 12416.2109  50.0%   8.1 3045s
 7489885 4761150 12456.8451   42  100 24818.0000 12416.6562  50.0%   8.1 3051s
 7496895 4767053 23775.6497   78   31 24818.0000 12417.0167  50.0%   8.1 3055s
 7507481 4773205     cutoff   97      24818.0000 12417.5495  50.0%   8.1 3060s
 7517661 4778900 22717.3750   73   39 24818.0000 12418.1272  50.0%   8.1 3065s
 7522153 4781277 15460.2429   51   68 24818.0000 12418.4001  50.0%   8.1 3075s
 7528005 4786274 19138.6948   74   56 24818.0000 12418.7012  50.0%   8.1 3080s
 7538561 4792116 17347.2708   57   66 24818.0000 12419.1590  50.0%   8.1 3085s
 7548085 4799298 22326.0389   80   38 24818.0000 12419.6807  50.0%   8.1 3090s
 7558027 4805118 20246.7172   72   44 24818.0000 12420.1074  50.0%   8.1 3095s
 7569151 4813361 19199.2034   65   48 24818.0000 12420.5833  50.0%   8.1 3101s
 7577562 4818098 19393.0000   68   46 24818.0000 12421.0000  50.0%   8.1 3105s
 7588052 4826743 22495.7526  106   29 24818.0000 12421.4222  49.9%   8.1 3110s
 7596673 4832291 21902.0465   93   40 24818.0000 12421.8354  49.9%   8.1 3115s
 7607595 4837991 18329.3389   69   52 24818.0000 12422.3706  49.9%   8.1 3129s
 7608488 4839106 20392.4182   65   50 24818.0000 12422.4632  49.9%   8.1 3130s
 7615709 4844058 13103.0000   54  102 24818.0000 12422.7011  49.9%   8.1 3135s
 7621879 4849340 20328.1832   65   41 24818.0000 12423.1225  49.9%   8.1 3140s
 7632527 4854728 24060.6795   84   36 24818.0000 12423.7431  49.9%   8.1 3145s
 7639085 4860077 15900.0000   52   64 24818.0000 12424.1112  49.9%   8.2 3150s
 7649485 4866331 20452.9863   77   47 24818.0000 12424.5463  49.9%   8.2 3155s
 7652736 4871245 13199.3620   54   85 24818.0000 12424.7548  49.9%   8.2 3160s
 7662739 4874926 19871.9983   80   50 24818.0000 12425.2629  49.9%   8.2 3165s
 7673436 4880789 23121.1432   63   32 24818.0000 12425.7691  49.9%   8.2 3171s
 7674155 4884882 23276.7401   76   40 24818.0000 12425.8751  49.9%   8.2 3175s
 7686108 4890061 17421.0000   67   55 24818.0000 12426.5377  49.9%   8.2 3180s
 7694636 4894881 15260.0000   54   73 24818.0000 12426.9270  49.9%   8.2 3185s
 7702008 4900252 18570.3419   71   59 24818.0000 12427.2040  49.9%   8.2 3190s
 7710503 4904821 13040.0000   55   89 24818.0000 12427.7016  49.9%   8.2 3195s
 7716824 4910113 24619.1597  110   28 24818.0000 12428.0000  49.9%   8.2 3200s
 7726390 4915503 12501.2985   53  100 24818.0000 12428.5573  49.9%   8.2 3205s
 7734171 4920767 22949.1490   95   31 24818.0000 12428.9081  49.9%   8.2 3210s
 7739704 4926342 13176.0000   57   70 24818.0000 12429.1741  49.9%   8.2 3215s
 7750732 4932093 14981.8242   62   75 24818.0000 12429.7013  49.9%   8.2 3221s
 7757341 4936090 15859.5721   57   68 24818.0000 12429.9608  49.9%   8.2 3225s
 7767421 4941465 infeasible   94      24818.0000 12430.3343  49.9%   8.2 3231s
 7773260 4946643 21336.6826   75   42 24818.0000 12430.6545  49.9%   8.2 3236s
 7781351 4952149 15807.5473   63   64 24818.0000 12431.0000  49.9%   8.2 3241s
 7790413 4957069 23701.4161   70   38 24818.0000 12431.4153  49.9%   8.2 3246s
 7798859 4962037     cutoff   87      24818.0000 12431.8423  49.9%   8.2 3250s
 7805729 4967628 17088.5787   59   57 24818.0000 12432.0440  49.9%   8.2 3255s
 7814036 4973203 17806.2144   69   53 24818.0000 12432.4322  49.9%   8.2 3260s
 7823116 4979361 16408.4869   64   62 24818.0000 12432.9199  49.9%   8.2 3266s
 7831907 4983338 16601.5667   61   64 24818.0000 12433.2239  49.9%   8.2 3270s
 7840331 4989976 18221.9288   51   61 24818.0000 12433.5910  49.9%   8.2 3276s
 7846495 4994235 17075.9115   65   55 24818.0000 12433.9204  49.9%   8.2 3280s
 7855294 5000171 16880.2747   59   55 24818.0000 12434.0708  49.9%   8.2 3285s
 7863549 5005028 23785.4563   68   33 24818.0000 12434.5509  49.9%   8.2 3290s
 7869681 5007944 13051.6313   56   81 24818.0000 12434.9014  49.9%   8.2 3302s
 7872288 5010056 17243.2385   64   64 24818.0000 12434.9515  49.9%   8.2 3305s
 7878748 5015908 24796.3959  112   26 24818.0000 12435.0609  49.9%   8.2 3311s
 7885747 5020388 24049.0000  139   24 24818.0000 12435.4140  49.9%   8.2 3315s
 7890139 5025137 13459.8899   49   76 24818.0000 12435.5635  49.9%   8.2 3320s
 7901099 5029557 18669.9044   63   56 24818.0000 12436.0542  49.9%   8.2 3326s
 7909251 5034638 12446.3295   51   89 24818.0000 12436.4612  49.9%   8.2 3330s
 7911730 5039002 22343.0000   72   37 24818.0000 12436.5906  49.9%   8.2 3335s
 7923615 5044121 18750.5924   69   54 24818.0000 12437.0028  49.9%   8.2 3341s
 7931874 5049356 16697.7806   57   55 24818.0000 12437.4970  49.9%   8.2 3346s
 7939356 5054408 19669.5676   61   47 24818.0000 12437.8647  49.9%   8.2 3351s
 7946207 5058774 23106.4043   85   30 24818.0000 12438.2189  49.9%   8.2 3356s
 7952310 5062832 15946.7731   58   56 24818.0000 12438.5349  49.9%   8.2 3360s
 7960532 5067601 infeasible   67      24818.0000 12439.0000  49.9%   8.2 3365s
 7969228 5073239 18001.5971   64   56 24818.0000 12439.5380  49.9%   8.2 3371s
 7976614 5076740 20395.1096   82   36 24818.0000 12439.8534  49.9%   8.2 3375s
 7985535 5084033 19076.5835   84   49 24818.0000 12440.2672  49.9%   8.2 3380s
 7993913 5088802 22510.5771   93   28 24818.0000 12440.7052  49.9%   8.2 3385s
 8000280 5093873 23863.0943   74   34 24818.0000 12441.0073  49.9%   8.2 3390s
 8007182 5098549 19796.0000   63   54 24818.0000 12441.3744  49.9%   8.2 3395s
 8016078 5103966     cutoff   76      24818.0000 12441.8838  49.9%   8.2 3400s
 8025354 5109124 14105.9311   61   72 24818.0000 12442.3139  49.9%   8.2 3406s
 8031968 5113909 23217.8635   91   37 24818.0000 12442.7006  49.9%   8.2 3410s
 8037725 5118439 infeasible   96      24818.0000 12442.9314  49.9%   8.2 3415s
 8046786 5123230 14165.5084   68   75 24818.0000 12443.2379  49.9%   8.2 3420s
 8055328 5130250 21618.0987   82   48 24818.0000 12443.5912  49.9%   8.2 3425s
 8061026 5137222 15645.0000   66   63 24818.0000 12443.9629  49.9%   8.2 3432s
 8069212 5138962 18849.8438   81   51 24818.0000 12444.3213  49.9%   8.2 3436s
 8076997 5144071 19618.4671   69   48 24818.0000 12444.7383  49.9%   8.2 3441s
 8085424 5148479 infeasible   63      24818.0000 12445.0224  49.9%   8.2 3446s
 8092003 5153890 24333.7293  113   29 24818.0000 12445.3720  49.9%   8.2 3450s
 8100920 5159087 infeasible   66      24818.0000 12445.7811  49.9%   8.2 3455s
 8109767 5165523 14933.9999   67   68 24818.0000 12446.0579  49.9%   8.2 3461s
 8118987 5169830 23213.9780  113   24 24818.0000 12446.3731  49.8%   8.2 3465s
 8126872 5177276 13461.8317   59   89 24818.0000 12446.8004  49.8%   8.2 3471s
 8135505 5180191 24193.8980   72   43 24818.0000 12447.2065  49.8%   8.2 3475s
 8143027 5186419 13836.5296   53   85 24818.0000 12447.6237  49.8%   8.2 3480s
 8154037 5192168 21990.0116   86   36 24818.0000 12447.9964  49.8%   8.2 3485s
 8161856 5197978 23874.8478   84   39 24818.0000 12448.3218  49.8%   8.2 3490s
 8171107 5203985     cutoff   72      24818.0000 12448.7836  49.8%   8.2 3495s
 8180626 5210053 21226.6162   79   46 24818.0000 12449.3683  49.8%   8.2 3500s
 8189157 5214121 15780.6877   71   59 24818.0000 12449.8212  49.8%   8.2 3505s
 8196251 5218115 24449.0720   95   36 24818.0000 12450.0751  49.8%   8.2 3518s
 8196894 5219312 22003.7097  100   38 24818.0000 12450.2475  49.8%   8.2 3520s
 8202906 5224631 19872.1554   82   37 24818.0000 12450.5706  49.8%   8.2 3525s
 8213062 5229626 16472.0000   63   65 24818.0000 12451.0224  49.8%   8.2 3530s
 8222140 5235455 18003.4937   59   60 24818.0000 12451.3754  49.8%   8.2 3535s
 8230493 5242580 infeasible   82      24818.0000 12451.7647  49.8%   8.2 3541s
 8239843 5247203 22101.3087  108   30 24818.0000 12452.2421  49.8%   8.2 3545s
 8248235 5253871     cutoff   74      24818.0000 12452.6085  49.8%   8.2 3550s
 8256603 5259335 24442.0000  111   20 24818.0000 12453.0312  49.8%   8.2 3555s
 8264255 5263197 19646.9427   64   50 24818.0000 12453.4939  49.8%   8.2 3560s
 8271595 5268996 18368.0000   76   43 24818.0000 12453.8303  49.8%   8.2 3565s
 8282641 5274817 24575.4224  102   31 24818.0000 12454.2859  49.8%   8.2 3570s
 8290545 5281416 23680.2522   93   35 24818.0000 12454.7619  49.8%   8.2 3576s
 8299215 5286582 12997.8390   56   82 24818.0000 12455.1757  49.8%   8.2 3581s
 8307100 5291767 23397.5053   71   39 24818.0000 12455.4230  49.8%   8.2 3586s
 8314098 5296401 16660.1829   63   64 24818.0000 12455.9440  49.8%   8.2 3590s
 8324628 5302901 24691.5741  102   26 24818.0000 12456.4909  49.8%   8.2 3596s

Cutting planes:
  Learned: 2
  Gomory: 6
  Implied bound: 6
  MIR: 8
  Flow cover: 49

Explored 8332543 nodes (68072762 simplex iterations) in 3600.12 seconds (473.08 work units)
Thread count was 16 (of 16 available processors)

Solution count 10: 24818 25413 25489 ... 25871

Time limit reached
Best objective 2.481800000000e+04, best bound 1.245700000000e+04, gap 49.8066%
Warning: constraint name "precedence between 0,1 to 0,0 if x_[j,l,h,z,i]=1" has a space
Warning: constraint name "precedence between 0,1 to 0,0 if x_[j,l,h,z,i]=1" has a space
Warning: default constraint names used to write mps file
