
Gurobi 10.0.1 (win64) logging started Thu May 18 23:25:29 2023

Set parameter LogFile to value "results/log/Fattahi_setup_19_modificated.log"
Gurobi Optimizer version 10.0.1 build v10.0.1rc0 (win64)

CPU model: AMD Ryzen 7 3700X 8-Core Processor, instruction set [SSE2|AVX|AVX2]
Thread count: 8 physical cores, 16 logical processors, using up to 16 threads

Optimize a model with 1833 rows, 2143 columns and 8178 nonzeros
Model fingerprint: 0x6e653291
Variable types: 0 continuous, 2143 integer (2039 binary)
Coefficient statistics:
  Matrix range     [1e+00, 1e+09]
  Objective range  [1e+00, 1e+00]
  Bounds range     [1e+00, 1e+00]
  RHS range        [1e+00, 3e+09]
Warning: Model contains large matrix coefficients
Warning: Model contains large rhs
         Consider reformulating model or setting NumericFocus parameter
         to avoid numerical issues.
Presolve removed 185 rows and 1421 columns
Presolve time: 0.01s
Presolved: 1648 rows, 722 columns, 7859 nonzeros
Variable types: 0 continuous, 722 integer (619 binary)

Root relaxation: objective 5.964235e+03, 165 iterations, 0.00 seconds (0.00 work units)

    Nodes    |    Current Node    |     Objective Bounds      |     Work
 Expl Unexpl |  Obj  Depth IntInf | Incumbent    BestBd   Gap | It/Node Time

     0     0 5964.23546    0  102          - 5964.23546      -     -    0s
     0     0 5970.00016    0  120          - 5970.00016      -     -    0s
     0     0 5983.83919    0  107          - 5983.83919      -     -    0s
     0     0 5983.83919    0  109          - 5983.83919      -     -    0s
H    0     0                    18821.000000 5983.83919  68.2%     -    0s
H    0     0                    17490.000000 6037.57811  65.5%     -    0s
     0     0 6037.57811    0  122 17490.0000 6037.57811  65.5%     -    0s
     0     0 6055.27548    0  121 17490.0000 6055.27548  65.4%     -    0s
H    0     0                    16403.000000 6055.27548  63.1%     -    0s
     0     0 6072.96187    0  102 16403.0000 6072.96187  63.0%     -    0s
H    0     0                    15956.000000 6072.96187  61.9%     -    0s
H    0     0                    15828.000000 6076.57541  61.6%     -    0s
     0     0 6076.57541    0  107 15828.0000 6076.57541  61.6%     -    0s
     0     0 6084.35440    0  105 15828.0000 6084.35440  61.6%     -    0s
     0     0 6084.35440    0  105 15828.0000 6084.35440  61.6%     -    0s
     0     0 6090.85303    0  121 15828.0000 6090.85303  61.5%     -    0s
H    0     0                    14834.000000 6093.43133  58.9%     -    0s
     0     0 6093.43133    0  123 14834.0000 6093.43133  58.9%     -    0s
     0     0 6093.94928    0  126 14834.0000 6093.94928  58.9%     -    0s
     0     0 6093.94928    0  126 14834.0000 6093.94928  58.9%     -    0s
     0     0 6093.95752    0  126 14834.0000 6093.95752  58.9%     -    0s
     0     0 6093.95752    0  126 14834.0000 6093.95752  58.9%     -    0s
     0     0 6093.95752    0  126 14834.0000 6093.95752  58.9%     -    0s
     0     0 6093.95752    0  126 14834.0000 6093.95752  58.9%     -    0s
     0     0 6093.95752    0  126 14834.0000 6093.95752  58.9%     -    0s
     0     0 6093.95752    0  126 14834.0000 6093.95752  58.9%     -    0s
     0     0 6093.95752    0  126 14834.0000 6093.95752  58.9%     -    1s
     0     0 6093.95752    0  126 14834.0000 6093.95752  58.9%     -    1s
     0     0 6093.95752    0  126 14834.0000 6093.95752  58.9%     -    1s
     0     0 6093.95752    0  122 14834.0000 6093.95752  58.9%     -    1s
H    0     0                    14203.000000 6093.95752  57.1%     -    1s
     0     2 6093.95752    0  121 14203.0000 6093.95752  57.1%     -    1s
H  656   649                    14189.000000 6150.44545  56.7%   8.4    1s
H  695   766                    14040.000000 6150.44545  56.2%   8.3    1s
H  814   765                    12352.000000 6150.44545  50.2%   7.9    2s
H  843   770                    11809.000000 6150.44545  47.9%   7.9    3s
H  850   770                    11800.000000 6150.44545  47.9%   7.9    3s
H  852   765                    11566.000000 6150.44545  46.8%   7.9    3s
H 1654  1381                    11546.000000 6220.43519  46.1%   7.2    4s
  1655  1382 9348.00000   57  140 11546.0000 6232.14845  46.0%   7.2    5s
H 1667  1320                    11459.000000 6248.76407  45.5%   7.1    5s
H 1670  1256                    11315.000000 6254.40329  44.7%   7.1    6s
H 1714  1226                    11282.000000 6278.42040  44.4%  11.3    6s
H 1759  1199                    11260.000000 6285.09745  44.2%  12.1    6s
H 1861  1242                    11143.000000 6285.09745  43.6%  13.2    6s
H 1869  1184                    11081.000000 6285.09745  43.3%  13.2    6s
H 1949  1170                    10938.000000 6285.09745  42.5%  13.5    8s
H 1954  1119                    10800.000000 6285.09745  41.8%  13.5    8s
H 1959  1071                    10725.000000 6285.09745  41.4%  13.6    8s
H 1960  1026                    10667.000000 6285.09745  41.1%  13.6    8s
  1964  1041 6403.55089   28  135 10667.0000 6285.09745  41.1%  13.6   11s
H 1977   994                    10629.000000 6285.09745  40.9%  13.6   11s
  9544  6477 6488.33285   34  115 10629.0000 6323.95988  40.5%  14.1   15s
H15093 10618                    10575.000000 6331.64589  40.1%  13.9   18s
H15094 10496                    10414.000000 6331.64589  39.2%  13.9   18s
 18623 13807 9350.04460   69   49 10414.0000 6337.53965  39.1%  13.9   20s
H20669 15470                    10410.000000 6340.02929  39.1%  13.8   20s
 31303 23227 6555.52474   29  106 10410.0000 6352.89907  39.0%  13.5   25s
H31329 23222                    10406.000000 6352.89907  38.9%  13.5   25s
H32308 24513                    10402.000000 6354.75864  38.9%  13.6   25s
H33957 24055                    10255.000000 6355.77662  38.0%  13.5   29s
H33958 23969                    10234.000000 6355.77662  37.9%  13.5   29s
H33963 23967                    10233.000000 6355.77662  37.9%  13.5   29s
H33964 23892                    10213.000000 6355.77662  37.8%  13.5   29s
H33966 22937                    10012.000000 6355.77662  36.5%  13.5   29s
 33974 23610 6604.59560   32  114 10012.0000 6355.86860  36.5%  13.5   30s
H42614 28926                    9966.0000000 6364.30125  36.1%  13.7   40s
 42639 28943 6541.37138   28  150 9966.00000 6364.30125  36.1%  13.7   45s
H42659 27507                    9945.0000000 6449.25998  35.2%  13.6   49s
 42660 27508 7022.29501   47  154 9945.00000 6449.25998  35.2%  13.6   50s
H42660 26132                    9914.0000000 6455.96278  34.9%  13.6   50s
 42681 26146 7084.06872   38  155 9914.00000 6510.00678  34.3%  13.6   55s
 42699 26158 8020.65862   74  163 9914.00000 6541.41165  34.0%  13.6   60s
H42715 24859                    9912.0000000 6562.75720  33.8%  13.6   64s
 42717 24860 6604.83906   30  159 9912.00000 6564.38800  33.8%  13.6   65s
H42730 23623                    9898.0000000 6577.49108  33.5%  13.6   69s
 42733 23625 7389.59493   36  208 9898.00000 6580.87318  33.5%  13.6   70s
 42751 23637 9202.70721   74  178 9898.00000 6596.37331  33.4%  13.6   75s
 42769 23649 8500.20830   73  173 9898.00000 6608.09238  33.2%  13.6   80s
 42785 23659 9061.82066   55  179 9898.00000 6618.82515  33.1%  13.6   85s
H42785 22473                    9885.0000000 6619.51922  33.0%  13.6   85s
 42800 22483 9460.50659   83  158 9885.00000 6624.86657  33.0%  13.6   90s
 42822 22498 7749.76994   62  176 9885.00000 6632.51633  32.9%  13.6   95s
 42837 22508 6640.26828   41  180 9885.00000 6640.26828  32.8%  13.6  100s
 43092 22693 6659.45616   35  155 9885.00000 6643.06597  32.8%  15.1  105s
 47536 25083 7203.19925   43  100 9885.00000 6643.06597  32.8%  16.8  110s
 49274 25480 8530.14333   85   57 9885.00000 6643.06597  32.8%  17.0  123s
H49569 24484                    9827.0000000 6643.06597  32.4%  17.1  123s
H49933 23571                    9801.0000000 6643.06597  32.2%  17.2  124s
 49959 23833 6643.06597   33  154 9801.00000 6643.06597  32.2%  17.2  125s
 52931 25115 9405.75115   80   51 9801.00000 6643.06597  32.2%  17.8  130s
 56286 26654 9791.76973   77   19 9801.00000 6643.06597  32.2%  18.3  135s
 59550 28047 6646.21306   42  149 9801.00000 6643.06597  32.2%  18.8  140s
 62086 29152 6643.06597   43  142 9801.00000 6643.06597  32.2%  19.1  145s
 63718 30100 6643.06597   37  145 9801.00000 6643.06597  32.2%  19.3  153s
H63741 29070                    9797.0000000 6643.06597  32.2%  19.3  153s
H63742 28100                    9795.0000000 6643.06597  32.2%  19.3  153s
H63953 27092                    9770.0000000 6643.06597  32.0%  19.3  153s
H64002 26172                    9731.0000000 6643.06597  31.7%  19.3  153s
H64260 25236                    9709.0000000 6643.06597  31.6%  19.3  153s
 64784 25851     cutoff   89      9709.00000 6643.06597  31.6%  19.3  156s
 67010 26565 7175.93340   48   95 9709.00000 6643.06597  31.6%  19.4  160s
 70342 27973 8300.62497   74   69 9709.00000 6643.06597  31.6%  19.6  166s
 72975 29043 9010.64526   93   42 9709.00000 6643.06597  31.6%  19.8  172s
 74421 29696 6643.06597   37  144 9709.00000 6643.06597  31.6%  19.8  175s
 77232 30763 8096.90145   61   65 9709.00000 6643.06597  31.6%  20.0  181s
 80388 33016 6975.24082   45  124 9709.00000 6643.06597  31.6%  20.3  188s
 82765 33136 9129.40776   66   48 9709.00000 6643.06597  31.6%  20.4  191s
 84679 33951 6643.06597   35  158 9709.00000 6643.06597  31.6%  20.4  195s
 88048 35294 6643.06597   41  131 9709.00000 6643.06597  31.6%  20.5  203s
 90092 35725 7400.69947   55   89 9709.00000 6643.06597  31.6%  20.7  206s
 91615 37064 6760.89653   54  114 9709.00000 6643.06597  31.6%  20.8  210s
 95559 39900 6674.26568   44  134 9709.00000 6643.06597  31.6%  21.0  217s
 97606 41469 6735.25747   41  149 9709.00000 6643.06597  31.6%  21.1  221s
 101278 44071 6804.78435   54  129 9709.00000 6643.06597  31.6%  21.3  228s
 103193 44968 6643.06597   40  141 9709.00000 6643.06597  31.6%  21.3  231s
 106610 47887 9101.00000   72   36 9709.00000 6643.06597  31.6%  21.5  239s
 108389 48946 6651.19737   47  135 9709.00000 6643.06597  31.6%  21.6  242s
 110253 50450 6801.00857   37  144 9709.00000 6643.06597  31.6%  21.6  245s
 114232 52757 6783.79540   46  143 9709.00000 6643.06597  31.6%  21.7  251s
 117626 54799 6843.49077   44  133 9709.00000 6643.06597  31.6%  21.9  258s
 119205 56086 6653.30875   49  131 9709.00000 6643.06597  31.6%  21.9  261s
 122785 57768 6962.83219   58  102 9709.00000 6643.06597  31.6%  22.0  265s
 125022 60699 6758.07987   42  139 9709.00000 6643.06597  31.6%  22.0  272s
 127015 62582 6955.62975   50  131 9709.00000 6643.06597  31.6%  22.1  276s
 130950 64760 6643.06597   41  156 9709.00000 6643.06597  31.6%  22.1  282s
 132802 65927 6854.68965   54  126 9709.00000 6643.06597  31.6%  22.1  285s
 135944 68274 8871.62965   85   50 9709.00000 6643.06597  31.6%  22.2  292s
 138622 70592 6769.62298   53  115 9709.00000 6643.06597  31.6%  22.3  298s
 140614 72017     cutoff   65      9709.00000 6643.06597  31.6%  22.3  302s
 142836 73274 8812.18625   66   48 9709.00000 6643.06597  31.6%  22.3  305s
 146685 75974 9018.73913   77   50 9709.00000 6643.06597  31.6%  22.3  312s
 148428 77390 6875.72941   38  144 9709.00000 6643.06597  31.6%  22.4  316s
 150419 78612 6916.38970   54  119 9709.00000 6643.06597  31.6%  22.4  320s
 153698 81164 7778.21442   68  100 9709.00000 6643.06597  31.6%  22.5  327s
 155809 82411 6643.06597   50  134 9709.00000 6643.06597  31.6%  22.6  330s
 159721 84974 6643.06597   45  153 9709.00000 6643.06597  31.6%  22.6  337s
 161501 86259 6802.53607   41  139 9709.00000 6643.06597  31.6%  22.6  341s
 164804 88754 6643.06597   45  156 9709.00000 6643.06597  31.6%  22.7  347s
 166763 90190 7083.60711   46  129 9709.00000 6643.06597  31.6%  22.7  351s
 170472 92408 6966.56859   40  107 9709.00000 6643.06597  31.6%  22.8  358s
 172009 93813 6666.09951   47  136 9709.00000 6643.06597  31.6%  22.8  362s
 174086 95286 6652.52802   40  135 9709.00000 6643.06597  31.6%  22.8  366s
 176206 96689 6740.01590   44  127 9709.00000 6643.06597  31.6%  22.9  370s
 178179 96705 6883.27866   49  114 9709.00000 6643.06597  31.6%  22.9  382s
 178195 97937 6903.36114   50  109 9709.00000 6643.06597  31.6%  22.9  385s
 181948 100696 6775.42820   52  145 9709.00000 6643.06597  31.6%  23.0  392s
 183861 101871 6753.73521   43  144 9709.00000 6643.06597  31.6%  23.0  396s
 185611 103233 6849.42013   50  132 9709.00000 6643.06597  31.6%  23.0  400s
 189214 105616 8155.48942   62   77 9709.00000 6643.06597  31.6%  23.1  407s
 191084 107353 6643.06597   41  143 9709.00000 6643.06597  31.6%  23.1  412s
 193727 108677 6796.52606   49  138 9709.00000 6643.06597  31.6%  23.1  415s
 196528 110470 6643.06597   44  134 9709.00000 6643.06597  31.6%  23.1  421s
 199761 113030 6959.33971   41  133 9709.00000 6643.06597  31.6%  23.2  428s
 201626 114197 6879.12106   52  136 9709.00000 6643.06597  31.6%  23.2  431s
 203598 115404 9676.64664   64   60 9709.00000 6643.06597  31.6%  23.2  435s
 207472 117628 6821.60834   46  142 9709.00000 6643.06597  31.6%  23.2  441s
 209103 119030 7413.42976   61   97 9709.00000 6643.06597  31.6%  23.2  445s
 212943 121892 9223.58095   66   54 9709.00000 6643.06597  31.6%  23.2  453s
 215081 122904 6758.42289   43  137 9709.00000 6643.06597  31.6%  23.2  456s
 216567 124443 6677.02869   48  139 9709.00000 6643.06597  31.6%  23.2  460s
 220457 127143 6770.14831   50  128 9709.00000 6643.06597  31.6%  23.3  468s
 222594 128000 6643.06597   52  164 9709.00000 6643.06597  31.6%  23.3  472s
 223760 129090 6717.79864   53  145 9709.00000 6643.06597  31.6%  23.3  475s
 226422 130881 6955.22110   57  116 9709.00000 6643.06597  31.6%  23.3  481s
 228070 132375 8264.67480   60   86 9709.00000 6643.06597  31.6%  23.3  485s
 230985 134066     cutoff   88      9709.00000 6643.06597  31.6%  23.4  490s
 234457 136394 6718.39653   38  126 9709.00000 6643.06597  31.6%  23.4  497s
 235764 138173 6890.47559   44  108 9709.00000 6643.06597  31.6%  23.4  502s
 238340 139634 6780.78861   45  138 9709.00000 6643.06597  31.6%  23.4  506s
 240395 140882 6812.83972   37  115 9709.00000 6643.06597  31.6%  23.4  510s
 243809 143627 9356.45308   73   41 9709.00000 6643.06597  31.6%  23.5  518s
 246114 145639 6741.50609   44  143 9709.00000 6643.06597  31.6%  23.5  523s
 248625 147011 8881.10693   81   38 9709.00000 6643.06597  31.6%  23.4  527s
 250622 148404 6923.23661   45  133 9709.00000 6643.06597  31.6%  23.5  531s
 252617 149581 6762.13375   41  118 9709.00000 6643.06597  31.6%  23.5  535s
 256193 152015 6805.00334   43  117 9709.00000 6643.06597  31.6%  23.5  543s
 258187 153431 7871.12377   51   87 9709.00000 6643.06597  31.6%  23.5  547s
 260231 154608 6802.70949   42  137 9709.00000 6643.06597  31.6%  23.5  550s
 263712 157347 7163.19308   53   99 9709.00000 6643.06597  31.6%  23.5  558s
 265662 158668 6701.55419   39  149 9709.00000 6643.06597  31.6%  23.5  562s
 267500 159693 6917.08433   52  112 9709.00000 6643.06597  31.6%  23.6  565s
 270788 162815 6682.31236   46  133 9709.00000 6643.06597  31.6%  23.6  573s
 273167 163796 infeasible   60      9709.00000 6643.06597  31.6%  23.6  576s
 274580 165233 8567.24336   77   69 9709.00000 6643.06597  31.6%  23.6  580s
 276623 166638 6729.32585   36  108 9709.00000 6643.06597  31.6%  23.6  585s
 280577 169320 6724.68785   48  149 9709.00000 6643.06597  31.6%  23.6  592s
 282453 170441 6741.85508   45  123 9709.00000 6643.06597  31.6%  23.6  596s
 285556 172525 6662.57318   48  134 9709.00000 6643.06597  31.6%  23.7  603s
 287052 173813 infeasible   68      9709.00000 6643.06597  31.6%  23.7  607s
 288935 175074 6704.94365   49  147 9709.00000 6643.06597  31.6%  23.7  611s
 290844 176418 8264.04913   60   70 9709.00000 6643.06597  31.6%  23.7  615s
 294854 178741 9375.41287   77   55 9709.00000 6643.06597  31.6%  23.7  623s
 296639 180067 7723.58080   41  105 9709.00000 6643.06597  31.6%  23.7  627s
 298895 181921 7461.59469   53   91 9709.00000 6643.06597  31.6%  23.7  632s
 301314 183065 7121.88033   48  105 9709.00000 6643.06597  31.6%  23.7  635s
 304569 185086 6812.63866   47  153 9709.00000 6643.06597  31.6%  23.7  642s
 305803 186513 7089.71643   50  123 9709.00000 6643.06597  31.6%  23.7  645s
 309587 189126 8220.75972   71   78 9709.00000 6643.06597  31.6%  23.8  652s
 311248 190571 6828.26510   46  132 9709.00000 6643.07969  31.6%  23.8  656s
 313239 191992 6712.83174   40  141 9709.00000 6643.39277  31.6%  23.8  660s
 317069 194414 7017.96715   44  114 9709.00000 6644.06858  31.6%  23.8  668s
 318717 195880 8315.10915   67   63 9709.00000 6644.39071  31.6%  23.8  672s
 320741 197027 6760.63884   50  130 9709.00000 6644.65320  31.6%  23.8  676s
 322474 198352 6754.23657   49  125 9709.00000 6644.95207  31.6%  23.8  680s
 324803 200135 6657.03740   51  147 9709.00000 6645.21924  31.6%  23.8  685s
 329244 202491 6685.67386   48  145 9709.00000 6645.80188  31.6%  23.8  692s
 331001 203159 6663.63205   48  134 9709.00000 6646.12044  31.5%  23.8  695s
 333483 205566 7619.38550   65   94 9709.00000 6646.39658  31.5%  23.8  702s
 335380 206682 6659.08612   48  147 9709.00000 6646.77900  31.5%  23.8  706s
 337448 207802 9305.55106   70   68 9709.00000 6647.10020  31.5%  23.8  710s
 340837 210314 6806.29267   54  123 9709.00000 6647.67421  31.5%  23.8  717s
 342594 211402 7882.37608   65   91 9709.00000 6647.79676  31.5%  23.8  721s
 344319 212964 7068.34605   44  103 9709.00000 6648.13863  31.5%  23.8  726s
 346555 214496 8067.98262   54   77 9709.00000 6648.52389  31.5%  23.8  730s
 348554 216369 7353.94003   56  100 9709.00000 6648.74305  31.5%  23.8  735s
 353449 219632 6720.80351   44  145 9709.00000 6649.31511  31.5%  23.8  743s
 355307 220862 6860.18916   52  110 9709.00000 6649.58947  31.5%  23.8  747s
 357079 222079 6834.22517   47  146 9709.00000 6649.84926  31.5%  23.8  751s
 358784 223404 6771.89180   45  104 9709.00000 6650.24298  31.5%  23.8  755s
 362677 225653 6703.13109   42  140 9709.00000 6650.71389  31.5%  23.8  762s
 364177 227121 6906.06208   47  144 9709.00000 6650.94320  31.5%  23.8  767s
 366246 228699 6679.97265   48  144 9709.00000 6651.18614  31.5%  23.8  771s
 368316 230193     cutoff   79      9709.00000 6651.29247  31.5%  23.8  775s
 371956 232481 6869.97508   39  124 9709.00000 6651.78551  31.5%  23.8  782s
 373640 233732 infeasible   74      9709.00000 6652.01394  31.5%  23.8  786s
 375359 234889 6812.96492   49  135 9709.00000 6652.23749  31.5%  23.8  790s
 379273 237398 7553.70944   54   82 9709.00000 6652.78701  31.5%  23.8  798s
 380970 238682 8912.79263   71   54 9709.00000 6653.10505  31.5%  23.8  802s
 382864 240502 7137.46877   47  117 9709.00000 6653.31699  31.5%  23.8  806s
 385145 241932 7746.34287   66   67 9709.00000 6653.45958  31.5%  23.8  811s
 387845 243009 6807.40681   54  142 9709.00000 6653.60545  31.5%  23.8  815s
 391006 245384 7226.40687   46  116 9709.00000 6654.08359  31.5%  23.8  822s
 392603 246575 8481.96605   72   82 9709.00000 6654.23272  31.5%  23.8  826s
 394424 247621 9333.94518   75   33 9709.00000 6654.49224  31.5%  23.8  830s
 397865 250238 7370.09038   52   92 9709.00000 6654.81790  31.5%  23.8  837s
 399787 250583 6685.74079   42  147 9709.00000 6654.97626  31.5%  23.8  840s
 402060 253240 6801.25926   46  122 9709.00000 6655.32598  31.5%  23.8  849s
 404121 254217 6824.35514   47  125 9709.00000 6655.51186  31.5%  23.8  853s
 405729 255040 infeasible  101      9709.00000 6655.62905  31.4%  23.8  857s
 407018 257372 6726.48228   42  161 9709.00000 6655.80813  31.4%  23.8  865s
 410219 257387 infeasible   84      9709.00000 6656.27488  31.4%  23.8  886s
 410236 258256 9098.10151   84   55 9709.00000 6656.30424  31.4%  23.8  890s
 411451 260104 6825.19892   52  131 9709.00000 6656.49446  31.4%  23.8  896s
 413940 261404 6775.09024   54  132 9709.00000 6656.71684  31.4%  23.8  901s
 415920 262941 6752.80587   35  136 9709.00000 6656.95300  31.4%  23.8  906s
 418103 264205 6727.97672   46  137 9709.00000 6657.20745  31.4%  23.9  911s
 420012 265306 6740.32309   53  152 9709.00000 6657.41274  31.4%  23.9  916s
 421779 266548 6696.88234   44  152 9709.00000 6657.65938  31.4%  23.9  921s
 423900 267926 9616.55157   68   57 9709.00000 6657.87508  31.4%  23.9  926s
 425961 269490 6766.51697   50  139 9709.00000 6658.29972  31.4%  23.9  931s
 428105 270973 9363.02115   62   38 9709.00000 6658.58640  31.4%  23.9  937s
 430305 272296 6967.04506   49  132 9709.00000 6658.78103  31.4%  23.9  941s
 432185 273363 6744.43958   49  145 9709.00000 6659.04154  31.4%  23.9  945s
 433736 274465 6982.56601   46  126 9709.00000 6659.31049  31.4%  23.9  950s
 437481 276970 6694.24667   45  156 9709.00000 6659.87937  31.4%  23.9  959s
 439531 278206 8287.76224   75   65 9709.00000 6660.06848  31.4%  23.9  963s
 441217 279403 6833.94019   45  146 9709.00000 6660.25358  31.4%  23.9  968s
 443077 280594 7582.05227   64  102 9709.00000 6660.51061  31.4%  23.9  972s
 444848 281751 6899.01308   53  139 9709.00000 6660.75929  31.4%  23.9  976s
 446699 282995 6707.38413   42  159 9709.00000 6660.87840  31.4%  23.9  981s
 448570 284161 6918.12180   49  136 9709.00000 6661.06411  31.4%  23.9  986s
 450229 286081 7318.35913   45   98 9709.00000 6661.32252  31.4%  23.9  992s
 452818 287226 6888.80888   49  133 9709.00000 6661.47825  31.4%  23.9  996s
 454482 288626 6824.08177   44  113 9709.00000 6661.70293  31.4%  23.9 1000s
 456420 289834 6686.27147   49  153 9709.00000 6662.02384  31.4%  23.9 1005s
 458186 291080 6730.59071   46  129 9709.00000 6662.28348  31.4%  23.9 1010s
 460060 292345 7020.72392   48  133 9709.00000 6662.45338  31.4%  23.9 1015s
 462445 293584 6808.34817   47  137 9709.00000 6662.86328  31.4%  23.9 1020s
 464476 295619 6866.44597   52  129 9709.00000 6663.09125  31.4%  23.9 1027s
 466609 297305 9521.95950   68   48 9709.00000 6663.31473  31.4%  23.9 1033s
 468942 298344 9648.38224   63   46 9709.00000 6663.51068  31.4%  23.9 1037s
 470502 299442 9487.18783   96   58 9709.00000 6663.68958  31.4%  23.9 1042s
 472142 301232 7790.70705   60   83 9709.00000 6663.84153  31.4%  23.9 1049s
 474701 302456 6868.42981   52  105 9709.00000 6664.09600  31.4%  23.9 1053s
 476531 303517 7145.62459   58   97 9709.00000 6664.31801  31.4%  23.9 1058s
 478016 305000 7233.07903   60  111 9709.00000 6664.48406  31.4%  24.0 1063s
 480169 306436 7371.60914   56   91 9709.00000 6664.70478  31.4%  24.0 1068s
 482308 307737 6855.31374   51  125 9709.00000 6665.01161  31.4%  24.0 1073s
 484214 309169 9498.77733   94   50 9709.00000 6665.15692  31.4%  24.0 1078s
 486225 310300     cutoff   78      9709.00000 6665.37702  31.3%  24.0 1083s
 488057 311808 6885.64398   57  117 9709.00000 6665.61319  31.3%  24.0 1088s
 490160 313255 9366.02788   73   50 9709.00000 6665.86132  31.3%  24.0 1093s
 492098 314868 8932.21124   85   47 9709.00000 6666.02650  31.3%  24.0 1099s
 494390 316031 6780.17634   49  139 9709.00000 6666.22643  31.3%  24.0 1103s
 496029 317245 6749.73938   47  134 9709.00000 6666.35719  31.3%  24.0 1108s
 497863 318729 6938.66026   52  141 9709.00000 6666.58353  31.3%  24.0 1113s
 500204 319904 7390.42642   49  100 9709.00000 6666.67062  31.3%  24.0 1117s
 501895 321270 6721.00516   42  149 9709.00000 6666.86837  31.3%  24.0 1122s
 503836 322565 6970.76345   50  120 9709.00000 6667.04730  31.3%  24.0 1127s
 505754 323955 6722.06279   55  139 9709.00000 6667.23954  31.3%  24.0 1132s
 507654 325318 6897.52991   50  137 9709.00000 6667.46686  31.3%  24.0 1137s
 509644 326771 6806.56802   48  122 9709.00000 6667.63080  31.3%  24.0 1143s
 511919 328009 6961.11135   45  141 9709.00000 6667.83555  31.3%  24.0 1147s
 513656 329466 6837.45674   40  131 9709.00000 6667.99342  31.3%  24.0 1153s
 515704 331273 7001.46695   51  122 9709.00000 6668.20601  31.3%  24.0 1158s
 518036 332627 6817.38670   53  130 9709.00000 6668.44002  31.3%  24.0 1163s
 520010 333558 6810.43816   47  127 9709.00000 6668.59417  31.3%  24.0 1167s
 521347 334937 6894.79203   50  148 9709.00000 6668.71019  31.3%  24.0 1172s
 523386 336017 6679.17196   51  150 9709.00000 6668.80590  31.3%  24.0 1177s
 524998 337134 6803.16414   51  155 9709.00000 6668.93744  31.3%  24.0 1182s
 526698 338325 6670.85737   56  153 9709.00000 6669.05725  31.3%  24.0 1186s
 528713 339627 8179.06008   69   71 9709.00000 6669.25301  31.3%  24.0 1191s
 530720 340962 8623.70335   77   72 9709.00000 6669.47489  31.3%  24.0 1196s
 532667 341772 infeasible   56      9709.00000 6669.65431  31.3%  24.0 1200s
 533996 343089 6833.34780   49  113 9709.00000 6669.76661  31.3%  24.0 1205s
 535794 344432 6759.60379   46  128 9709.00000 6669.88937  31.3%  24.0 1210s
 537866 345830 7026.59359   53  102 9709.00000 6670.08243  31.3%  24.0 1215s
 539846 347454 6868.94420   43  125 9709.00000 6670.32514  31.3%  24.0 1220s
 542018 348733 6727.51628   49  145 9709.00000 6670.43587  31.3%  24.0 1225s
 543776 349975 9569.91105   75   53 9709.00000 6670.64768  31.3%  24.0 1230s
 545699 351454 7078.46156   46  138 9709.00000 6670.83953  31.3%  24.0 1235s
 547810 352834 8693.22373   85   37 9709.00000 6670.99590  31.3%  24.0 1240s
 549815 354124 6789.67928   49  140 9709.00000 6671.22335  31.3%  24.0 1245s
 551670 355301 8048.57058   67   59 9709.00000 6671.44281  31.3%  24.0 1250s
 553493 356648 7585.52439   67   68 9709.00000 6671.60646  31.3%  24.0 1255s
 555459 358050 8754.81060   68   50 9709.00000 6671.79227  31.3%  24.0 1260s
 557417 360085 7241.95185   52   98 9709.00000 6671.86663  31.3%  24.0 1266s
 560069 360925     cutoff  100      9709.00000 6672.09312  31.3%  24.0 1270s
 562435 363091 6714.23443   43  122 9709.00000 6672.29949  31.3%  24.0 1278s
 564572 364150 6817.63373   49  133 9709.00000 6672.50915  31.3%  24.0 1283s
 566353 365382 7064.22582   49  106 9709.00000 6672.71567  31.3%  24.0 1288s
 568141 366495 6758.84608   49  136 9709.00000 6672.88732  31.3%  24.0 1292s
 569778 367723 6725.89841   54  138 9709.00000 6673.03408  31.3%  24.0 1297s
 571606 369470 6907.23432   37  123 9709.00000 6673.22593  31.3%  24.1 1303s
 573872 371150 6734.39017   50  134 9709.00000 6673.36396  31.3%  24.0 1308s
 576160 372374 7295.72973   60  122 9709.00000 6673.57195  31.3%  24.0 1313s
 578015 373829 6995.18736   55  142 9709.00000 6673.70103  31.3%  24.0 1319s
 580062 375001 6742.79726   52  147 9709.00000 6673.88242  31.3%  24.0 1324s
 581859 376319 9506.17730   71   48 9709.00000 6674.05280  31.3%  24.0 1330s
 584215 377577 9351.67701   80   47 9709.00000 6674.18526  31.3%  24.0 1335s
 586058 378708 9198.96210   65   47 9709.00000 6674.32941  31.3%  24.0 1340s
 587758 380011 6821.89006   53  137 9709.00000 6674.50203  31.3%  24.0 1345s
 589761 381535 6840.99394   52  136 9709.00000 6674.64443  31.3%  24.1 1351s
 591820 383020 6746.06011   48  129 9709.00000 6674.81923  31.3%  24.1 1356s
 593999 384482 7518.57803   48  119 9709.00000 6675.02517  31.2%  24.1 1362s
 596107 385759 8382.15665   66   68 9709.00000 6675.19732  31.2%  24.1 1367s
 597891 387116 6829.11327   55  127 9709.00000 6675.35602  31.2%  24.1 1373s
 599833 388549 6811.43707   42  139 9709.00000 6675.44211  31.2%  24.1 1379s
 602243 389717 6789.07064   47  144 9709.00000 6675.61368  31.2%  24.0 1384s
 603954 390870 7107.73349   63   99 9709.00000 6675.75070  31.2%  24.1 1388s
 605696 392093 6744.79040   52  145 9709.00000 6675.97051  31.2%  24.1 1393s
 607492 393768 6870.23877   47  131 9709.00000 6676.11772  31.2%  24.1 1398s
 609683 394871 9062.92071   71   58 9709.00000 6676.32954  31.2%  24.1 1403s
 611328 396180     cutoff   67      9709.00000 6676.46186  31.2%  24.1 1408s
 613211 396968 6873.98959   49  140 9709.00000 6676.62702  31.2%  24.1 1411s
 614330 398465 8980.18898   74   51 9709.00000 6676.70162  31.2%  24.1 1417s
 616356 399749 6774.58547   54  134 9709.00000 6676.81132  31.2%  24.1 1422s
 618250 401361 6826.83641   45  134 9709.00000 6676.97698  31.2%  24.1 1427s
 620507 402748 9413.11056   77   53 9709.00000 6677.17853  31.2%  24.1 1433s
 622342 404128 6766.39869   44  136 9709.00000 6677.27271  31.2%  24.1 1438s
 624399 405823 6790.16696   50  146 9709.00000 6677.44031  31.2%  24.1 1444s
 626771 407527 6834.69160   58  149 9709.00000 6677.60593  31.2%  24.1 1450s
 629148 408819 6836.79923   55  125 9709.00000 6677.69630  31.2%  24.1 1455s
 631014 410116 7512.55226   68   82 9709.00000 6677.83789  31.2%  24.1 1461s
 632885 411376 6816.29063   47  147 9709.00000 6677.95359  31.2%  24.1 1466s
 634712 412722     cutoff   84      9709.00000 6678.06919  31.2%  24.1 1471s
 636710 414363 6833.57940   40  149 9709.00000 6678.21807  31.2%  24.1 1477s
 638840 415595 9607.28424   79   36 9709.00000 6678.32499  31.2%  24.1 1481s
 640656 416809 6726.21572   45  164 9709.00000 6678.44497  31.2%  24.1 1487s
 642696 418349 6942.15095   46  123 9709.00000 6678.57326  31.2%  24.1 1493s
 645042 419335 6880.92785   43  146 9709.00000 6678.73755  31.2%  24.1 1498s
 646462 421074 8712.24973   58   68 9709.00000 6678.85547  31.2%  24.1 1503s
 648709 422467 9617.64426   69   37 9709.00000 6679.02949  31.2%  24.1 1509s
 650651 423861 8954.69140   77   71 9709.00000 6679.16776  31.2%  24.1 1514s
 652781 425438 6691.07413   47  145 9709.00000 6679.26184  31.2%  24.1 1520s
 654977 426472 8390.35747   63   80 9709.00000 6679.41372  31.2%  24.1 1525s
 656509 428067 7118.00026   53   94 9709.00000 6679.49172  31.2%  24.1 1530s
 658635 429730 6820.48399   52  133 9709.00000 6679.60490  31.2%  24.1 1535s
 660828 431239 6819.03676   53  136 9709.00000 6679.66751  31.2%  24.1 1541s
 662996 431917 6839.52801   51  131 9709.00000 6679.81605  31.2%  24.1 1545s
 664064 433642 6895.74980   49  104 9709.00000 6679.93443  31.2%  24.1 1551s
 666390 434824 6806.10098   47  143 9709.00000 6680.05936  31.2%  24.1 1556s
 668216 436214 6915.85832   47  149 9709.00000 6680.25702  31.2%  24.1 1562s
 670162 437697 6831.91143   44  138 9709.00000 6680.39553  31.2%  24.1 1567s
 672251 438887 7298.00796   61  102 9709.00000 6680.53239  31.2%  24.1 1573s
 673980 440359 9012.33425   67   56 9709.00000 6680.65243  31.2%  24.1 1578s
 676305 441449 6683.76771   46  150 9709.00000 6680.76397  31.2%  24.1 1584s
 677968 443074 7352.66131   58   94 9709.00000 6680.87406  31.2%  24.1 1590s
 680392 444360 7196.42499   53  105 9709.00000 6680.98852  31.2%  24.1 1596s
 682334 445765 7600.48801   65   86 9709.00000 6681.08181  31.2%  24.1 1601s
 684372 447060 8164.85345   72   53 9709.00000 6681.16791  31.2%  24.1 1606s
 686304 448349 6860.83239   59  135 9709.00000 6681.33977  31.2%  24.1 1612s
 688229 449687 7304.48887   50  124 9709.00000 6681.58245  31.2%  24.1 1618s
 690267 450836 7340.37224   54  104 9709.00000 6681.69714  31.2%  24.1 1624s
 692078 452356 6799.50291   49  141 9709.00000 6681.86844  31.2%  24.1 1630s
 694266 453836 infeasible   79      9709.00000 6682.05999  31.2%  24.1 1638s
 696437 455651 7533.97744   47   97 9709.00000 6682.18319  31.2%  24.1 1646s
 699026 457119 8728.18910   72   56 9709.00000 6682.39213  31.2%  24.1 1652s
 701128 458817 7713.33196   56   70 9709.00000 6682.54946  31.2%  24.1 1659s
 703469 460114 7101.74485   61  115 9709.00000 6682.68793  31.2%  24.1 1666s
 705574 461609 infeasible   51      9709.00000 6682.80321  31.2%  24.1 1672s
 707761 462965 6759.31541   37  131 9709.00000 6682.92348  31.2%  24.1 1682s
 709918 464222 6932.77177   54  128 9709.00000 6683.02860  31.2%  24.1 1688s
 711791 465539 6805.50981   43  140 9709.00000 6683.16988  31.2%  24.1 1694s
 713604 466860 6842.13711   51  128 9709.00000 6683.28981  31.2%  24.1 1700s
 715589 468330 7061.50813   45  127 9709.00000 6683.40665  31.2%  24.1 1707s
 717694 469985 6862.06255   55  128 9709.00000 6683.52830  31.2%  24.1 1714s
 720055 471227 6894.95301   44  133 9709.00000 6683.69083  31.2%  24.1 1720s
 721926 472733 6719.92411   45  148 9709.00000 6683.80601  31.2%  24.1 1727s
 724098 474163 7497.40076   63   98 9709.00000 6683.95050  31.2%  24.1 1734s
 726161 475969 6785.39170   45  150 9709.00000 6684.13454  31.2%  24.1 1740s
 728622 477518 6815.16961   47  145 9709.00000 6684.24963  31.2%  24.1 1747s
 730762 478454 6880.68677   53  146 9709.00000 6684.37480  31.2%  24.1 1752s
 732149 479730 6700.08714   45  133 9709.00000 6684.45252  31.2%  24.1 1759s
 734170 481173 6716.97981   45  148 9709.00000 6684.63424  31.2%  24.1 1766s
 736539 482313 6726.49012   49  138 9709.00000 6684.73682  31.1%  24.1 1773s
 738187 483702 9254.36847   66   56 9709.00000 6684.73716  31.1%  24.1 1780s
 740318 485192 6855.86797   50  129 9709.00000 6684.93648  31.1%  24.1 1786s
 742461 486651 8846.15010   79   88 9709.00000 6685.09812  31.1%  24.2 1792s
 744381 487897 6741.25695   43  125 9709.00000 6685.17681  31.1%  24.1 1799s
 746339 489412 6868.71341   49  129 9709.00000 6685.26684  31.1%  24.1 1805s
 748476 490988 6727.75928   50  124 9709.00000 6685.44832  31.1%  24.2 1811s
 750531 492567 6772.44072   46  135 9709.00000 6685.48583  31.1%  24.1 1819s
 752673 493919 9294.45668   83   43 9709.00000 6685.63857  31.1%  24.1 1825s
 754709 495312 8390.36921   67   64 9709.00000 6685.72097  31.1%  24.1 1831s
 756734 496891 9398.69007   78   38 9709.00000 6685.83076  31.1%  24.1 1837s
 758987 498524 6954.33733   46  138 9709.00000 6685.91189  31.1%  24.1 1843s
 761281 499625 6720.00900   47  147 9709.00000 6686.00449  31.1%  24.1 1849s
 763016 500924 9483.88222   72   50 9709.00000 6686.12904  31.1%  24.1 1855s
 764883 502181 6886.29289   45  123 9709.00000 6686.26498  31.1%  24.1 1860s
 766667 503609 7712.73047   63  107 9709.00000 6686.41423  31.1%  24.1 1866s
 768552 504826 8699.86662   84   69 9709.00000 6686.48563  31.1%  24.1 1873s
 770398 506376 6777.81794   49  139 9709.00000 6686.61073  31.1%  24.1 1880s
 772670 507594 7451.11377   74  109 9709.00000 6686.71767  31.1%  24.1 1887s
 774317 509409 infeasible   91      9709.00000 6686.81990  31.1%  24.1 1895s
 776935 510682 6798.89853   45  133 9709.00000 6686.99046  31.1%  24.1 1901s
 778777 512044 8108.26178   64   66 9709.00000 6687.07902  31.1%  24.1 1907s
 780802 513629 7308.43958   46  112 9709.00000 6687.20985  31.1%  24.2 1913s
 783060 515203 6757.40224   41  145 9709.00000 6687.29043  31.1%  24.2 1919s
 785301 516376 6894.20546   41  124 9709.00000 6687.42878  31.1%  24.2 1925s
 787158 517860 6767.73630   45  138 9709.00000 6687.55503  31.1%  24.2 1932s
 789303 519436 6814.61259   52  139 9709.00000 6687.71146  31.1%  24.2 1938s
 791503 520779 6773.90186   48  133 9709.00000 6687.82577  31.1%  24.2 1944s
 793494 522010 6851.31834   58  134 9709.00000 6687.89293  31.1%  24.2 1951s
 795234 523646 6797.78948   41  130 9709.00000 6687.97882  31.1%  24.2 1959s
 798075 524930 7050.60410   56  124 9709.00000 6688.13665  31.1%  24.2 1965s
 799966 526377 8702.75575   82   61 9709.00000 6688.27098  31.1%  24.2 1972s
 802041 528366 7005.95946   57  121 9709.00000 6688.44041  31.1%  24.2 1979s
 804611 530105 7365.94101   56   97 9709.00000 6688.53883  31.1%  24.2 1987s
 806999 531406 6982.01308   44  127 9709.00000 6688.61124  31.1%  24.2 1993s
 808932 532838 6721.89408   44  130 9709.00000 6688.70444  31.1%  24.2 2000s
 811075 534101 7319.02497   61   89 9709.00000 6688.83481  31.1%  24.2 2006s
 812880 535530 6934.48594   52  110 9709.00000 6688.94752  31.1%  24.2 2013s
 815028 536697 7302.12061   52  123 9709.00000 6689.04966  31.1%  24.2 2020s
 816767 538250 6719.16129   48  156 9709.00000 6689.17613  31.1%  24.2 2028s
 819061 539931 6768.37246   49  142 9709.00000 6689.33021  31.1%  24.2 2035s
 821499 541204 7005.79050   54  115 9709.00000 6689.41705  31.1%  24.2 2042s
 823399 542858 7005.98228   47  124 9709.00000 6689.54844  31.1%  24.2 2049s
 824587 542858 6782.14151   42  133 9709.00000 6689.60084  31.1%  24.2 2050s
 825484 544089 7280.98924   61  103 9709.00000 6689.63210  31.1%  24.2 2057s
 827356 545628 7009.08480   57   98 9709.00000 6689.74809  31.1%  24.2 2063s
 829499 546526     cutoff   73      9709.00000 6689.83921  31.1%  24.2 2071s
 830866 548087 6759.92990   49  146 9709.00000 6689.90578  31.1%  24.2 2078s
 833158 549562 9398.93280   67   44 9709.00000 6690.06508  31.1%  24.2 2086s
 835322 551022 6701.81257   44  173 9709.00000 6690.16634  31.1%  24.2 2093s
 837414 552331 7265.98789   60  108 9709.00000 6690.24352  31.1%  24.2 2101s
 839324 553886 6855.89116   55  144 9709.00000 6690.39504  31.1%  24.2 2108s
 841502 555737 6776.73306   45  140 9709.00000 6690.52772  31.1%  24.2 2115s
 843851 557144 6730.90525   47  122 9709.00000 6690.62603  31.1%  24.2 2122s
 845870 558571 8989.40639   77   56 9709.00000 6690.71875  31.1%  24.2 2129s
 847936 559959 6964.19547   44  127 9709.00000 6690.83870  31.1%  24.2 2136s
 849991 561391 6853.47556   54  138 9709.00000 6690.92116  31.1%  24.2 2143s
 851909 562773 6866.91971   45  122 9709.00000 6691.04378  31.1%  24.2 2151s
 854330 563808 6761.87224   54  152 9709.00000 6691.14752  31.1%  24.2 2158s
 855838 565076 6748.31454   60  154 9709.00000 6691.23048  31.1%  24.2 2165s
 857852 566498 6725.51645   47  146 9709.00000 6691.35327  31.1%  24.2 2173s
 859762 567989 7078.50853   48  130 9709.00000 6691.45785  31.1%  24.2 2181s
 861987 569670 7736.99696   53   71 9709.00000 6691.56971  31.1%  24.2 2188s
 864228 571357 8606.00577   67   62 9709.00000 6691.63894  31.1%  24.2 2195s
 866644 571718 6790.74785   43  131 9709.00000 6691.66672  31.1%  24.2 2203s
 867223 573020 6990.48419   53  124 9709.00000 6691.68613  31.1%  24.2 2210s
 869188 574364 6747.06046   47  139 9709.00000 6691.82737  31.1%  24.2 2217s
 871208 575687 6822.67833   57  120 9709.00000 6691.94705  31.1%  24.2 2224s
 873198 577063 7406.58087   58   88 9709.00000 6692.05246  31.1%  24.2 2232s
 875223 578264 6722.45187   39  132 9709.00000 6692.17729  31.1%  24.2 2240s
 877437 579677 6931.80863   54  152 9709.00000 6692.29338  31.1%  24.2 2247s
 879607 580972 6973.38722   59  122 9709.00000 6692.37362  31.1%  24.2 2255s
 881719 582403 7034.56338   50  147 9709.00000 6692.48206  31.1%  24.2 2263s
 883741 583778 6871.37130   49  143 9709.00000 6692.57794  31.1%  24.2 2271s
 886021 584935 6856.82068   36  124 9709.00000 6692.66915  31.1%  24.2 2278s
 887958 586500 infeasible   90      9709.00000 6692.78493  31.1%  24.2 2285s
 890252 587635 6775.64212   51  152 9709.00000 6692.87603  31.1%  24.2 2292s
 891981 589055 8568.27910   70   69 9709.00000 6692.94995  31.1%  24.2 2300s
 894056 590689 6946.65309   55  116 9709.00000 6693.05111  31.1%  24.2 2308s
 896626 592063 7332.69466   60   84 9709.00000 6693.15364  31.1%  24.2 2316s
 898825 593320 6710.71820   49  135 9709.00000 6693.25630  31.1%  24.2 2323s
 900652 594637 7679.72490   53   86 9709.00000 6693.38329  31.1%  24.2 2330s
 902630 596052 7928.86337   72   88 9709.00000 6693.49798  31.1%  24.2 2338s
 904781 597484 6939.73109   58  144 9709.00000 6693.57321  31.1%  24.2 2346s
 906764 598558 7325.75693   54  105 9709.00000 6693.70032  31.1%  24.2 2352s
 908319 600005 6739.83687   52  124 9709.00000 6693.76212  31.1%  24.2 2360s
 910467 601550 6853.63570   52  127 9709.00000 6693.92086  31.1%  24.2 2369s
 912855 602781 6782.68593   46  133 9709.00000 6694.04394  31.1%  24.2 2376s
 914628 604361 6774.28449   52  134 9709.00000 6694.14146  31.1%  24.2 2387s
 916852 605835 7189.59853   57   97 9709.00000 6694.21755  31.1%  24.2 2395s
 919002 607536 8571.10717   62   53 9709.00000 6694.30103  31.1%  24.2 2403s
 921514 607549 6712.38377   51  158 9709.00000 6694.44029  31.0%  24.2 2443s
 921533 618492 6798.20783   52  137 9709.00000 6694.45055  31.0%  24.2 2518s
 937549 618503 7544.43429   54   66 9709.00000 6695.15755  31.0%  24.2 2543s
 937574 618518 7681.83839   55   52 9709.00000 6695.15755  31.0%  24.2 2565s
 937591 619876 7693.51407   56   54 9709.00000 6695.17432  31.0%  24.2 2573s
 939755 621299 6905.72817   50  120 9709.00000 6695.33290  31.0%  24.2 2580s
 941891 623030 6747.95046   50  134 9709.00000 6695.46210  31.0%  24.2 2588s
 944324 624448 6845.06232   54  122 9709.00000 6695.59212  31.0%  24.2 2596s
 946501 625752 6735.03688   48  139 9709.00000 6695.73037  31.0%  24.2 2602s
 948407 627103 6859.19806   60  137 9709.00000 6695.79052  31.0%  24.2 2609s
 950422 628436 7275.29476   54   83 9709.00000 6695.95855  31.0%  24.2 2615s
 952406 630221 6805.30907   47  133 9709.00000 6696.03021  31.0%  24.2 2622s
 954725 631850 7040.86754   48  135 9709.00000 6696.13144  31.0%  24.2 2629s
 956994 633371 9385.67343   96   35 9709.00000 6696.23891  31.0%  24.2 2636s
 959018 634860 8812.77655   80   39 9709.00000 6696.32474  31.0%  24.2 2642s
 960967 636159 7015.68347   54   86 9709.00000 6696.39554  31.0%  24.2 2649s
 962944 637570 6753.20169   50  135 9709.00000 6696.47702  31.0%  24.2 2656s
 964986 639102 6707.90669   45  136 9709.00000 6696.59735  31.0%  24.2 2664s
 967166 641032 7822.12619   61  100 9709.00000 6696.69035  31.0%  24.2 2671s
 969655 642835 6731.29482   48  148 9709.00000 6696.79290  31.0%  24.2 2678s
 971978 644015 7625.05493   65   95 9709.00000 6696.86939  31.0%  24.2 2684s
 973730 645192 6706.99445   56  157 9709.00000 6696.93746  31.0%  24.2 2690s
 975502 646381 6929.89019   49  137 9709.00000 6697.03734  31.0%  24.2 2697s
 977336 647662 6941.76547   52  123 9709.00000 6697.14511  31.0%  24.2 2703s
 979226 649057 8442.89088   60   79 9709.00000 6697.21701  31.0%  24.2 2710s
 981282 650558 7140.52193   56  104 9709.00000 6697.34426  31.0%  24.2 2717s
 983449 651895 6899.31950   48  132 9709.00000 6697.41919  31.0%  24.2 2724s
 985506 653516 6895.51115   53  143 9709.00000 6697.53295  31.0%  24.2 2732s
 987836 654868 6776.36224   49  135 9709.00000 6697.63084  31.0%  24.2 2739s
 989852 656422 6779.17999   55  139 9709.00000 6697.77144  31.0%  24.2 2747s
 992034 658068 9273.29754   85   45 9709.00000 6697.85105  31.0%  24.2 2755s
 994435 659531 7021.31975   60   99 9709.00000 6697.93540  31.0%  24.2 2763s
 996570 661017 6896.60875   57  142 9709.00000 6698.06415  31.0%  24.2 2770s
 998765 662484     cutoff   82      9709.00000 6698.15714  31.0%  24.2 2778s
 1000907 663824 9614.97319   80   48 9709.00000 6698.25082  31.0%  24.2 2785s
 1002716 665303 8830.34436   71   38 9709.00000 6698.33807  31.0%  24.2 2792s
 1004948 666375 6857.63604   52  129 9709.00000 6698.42368  31.0%  24.2 2799s
 1006503 667962 6969.71674   50  124 9709.00000 6698.47560  31.0%  24.2 2807s
 1008966 668831 9077.80541   83   46 9709.00000 6698.54625  31.0%  24.2 2813s
 1010268 670451 6845.90485   51  151 9709.00000 6698.60076  31.0%  24.2 2821s
 1012524 672048 6821.42995   53  144 9709.00000 6698.69816  31.0%  24.2 2829s
 1014877 673388 6899.27741   52  128 9709.00000 6698.79824  31.0%  24.2 2837s
 1016719 675030 7548.00545   63   72 9709.00000 6698.88799  31.0%  24.2 2844s
 1019051 676755 6826.35393   51  148 9709.00000 6698.95776  31.0%  24.2 2852s
 1021320 678524 6820.73270   52  141 9709.00000 6699.03750  31.0%  24.2 2860s
 1023812 679820 7208.16387   47   95 9709.00000 6699.13131  31.0%  24.2 2867s
 1025670 681305 7279.31450   42  135 9709.00000 6699.21846  31.0%  24.2 2875s
 1027899 682469 6760.16795   55  156 9709.00000 6699.30849  31.0%  24.2 2882s
 1029561 684477 6734.35203   40  132 9709.00000 6699.41206  31.0%  24.2 2891s
 1032463 685837 7499.33277   66   74 9709.00000 6699.48092  31.0%  24.2 2899s
 1034531 687522 7444.08560   54   91 9709.00000 6699.59340  31.0%  24.2 2907s
 1036910 689049 8426.71032   66   55 9709.00000 6699.67144  31.0%  24.2 2915s
 1039124 691049 8228.58057   61   63 9709.00000 6699.75099  31.0%  24.2 2924s
 1041740 692589 6715.26978   41  137 9709.00000 6699.84680  31.0%  24.2 2932s
 1043858 693860 6935.44766   48  135 9709.00000 6699.90738  31.0%  24.2 2939s
 1045630 695232 8407.05897   85   63 9709.00000 6699.95360  31.0%  24.2 2946s
 1047838 696352 7082.37765   60   93 9709.00000 6700.03076  31.0%  24.2 2954s
 1049777 697673 6791.91290   53  141 9709.00000 6700.11501  31.0%  24.2 2962s
 1051658 699409 9326.45232   79   52 9709.00000 6700.17587  31.0%  24.2 2972s
 1054274 700981 6720.09361   54  137 9709.00000 6700.27666  31.0%  24.2 2980s
 1056457 702728 6797.78285   47  146 9709.00000 6700.38465  31.0%  24.2 2989s
 1058985 704034 8160.39406   80   92 9709.00000 6700.48521  31.0%  24.2 2997s
 1060908 705382 6831.64667   49  114 9709.00000 6700.57944  31.0%  24.2 3005s
 1062960 706917 6982.19335   51  121 9709.00000 6700.63809  31.0%  24.2 3014s
 1065257 708481 6727.18232   55  145 9709.00000 6700.74130  31.0%  24.2 3022s
 1067532 710064 7393.11654   56  100 9709.00000 6700.80774  31.0%  24.2 3030s
 1069854 711551 7286.16540   47   92 9709.00000 6700.91214  31.0%  24.2 3038s
 1071943 712977 6839.62101   47  135 9709.00000 6701.01669  31.0%  24.2 3046s
 1073908 714746 8730.10982   78   56 9709.00000 6701.08294  31.0%  24.2 3056s
 1076506 716161 7326.61157   50   84 9709.00000 6701.20922  31.0%  24.2 3065s
 1078677 717443 9066.93338   84   50 9709.00000 6701.32977  31.0%  24.2 3075s
 1080589 718892 6805.62700   50  152 9709.00000 6701.41869  31.0%  24.2 3084s
 1082749 720838 7461.59675   53   98 9709.00000 6701.52785  31.0%  24.2 3095s
 1085280 722198 9325.70607  102   33 9709.00000 6701.60268  31.0%  24.2 3104s
 1087304 723856 7171.93820   59   86 9709.00000 6701.70955  31.0%  24.2 3112s
 1089932 725126 8791.95468   70   65 9709.00000 6701.77221  31.0%  24.2 3120s
 1091868 726522 6834.50498   50  131 9709.00000 6701.86700  31.0%  24.2 3128s
 1093910 728005 6843.91384   47  132 9709.00000 6701.95141  31.0%  24.2 3136s
 1096098 729131 8458.21331   69   60 9709.00000 6702.03244  31.0%  24.2 3144s
 1097975 730713 6945.61119   51  134 9709.00000 6702.11962  31.0%  24.2 3153s
 1100472 732235 6853.37268   50  129 9709.00000 6702.20539  31.0%  24.2 3162s
 1102695 733966 8525.81019   67   61 9709.00000 6702.28293  31.0%  24.2 3171s
 1105138 735252 6729.16471   41  143 9709.00000 6702.35221  31.0%  24.2 3178s
 1107017 736750 6879.48716   45  144 9709.00000 6702.41712  31.0%  24.2 3186s
 1109204 737946 7336.19717   60  100 9709.00000 6702.50353  31.0%  24.2 3194s
 1109665 737946 8066.44386   63  100 9709.00000 6702.52285  31.0%  24.2 3195s
 1110988 739580 7257.32061   46  124 9709.00000 6702.57233  31.0%  24.2 3206s
 1113438 741397 9204.14566   82   61 9709.00000 6702.63298  31.0%  24.2 3215s
 1115765 743311 6830.38204   54  122 9709.00000 6702.75165  31.0%  24.2 3225s
 1118612 744603 6965.61898   52  133 9709.00000 6702.82681  31.0%  24.2 3232s
 1120475 745918 9308.40765   64   59 9709.00000 6702.88624  31.0%  24.2 3240s
 1122415 747257 7694.09420   63  103 9709.00000 6702.93957  31.0%  24.2 3247s
 1124373 748810 6812.77795   51  133 9709.00000 6703.03725  31.0%  24.2 3254s
 1126643 750239 6901.32996   42  130 9709.00000 6703.10607  31.0%  24.2 3262s
 1128848 751393 8782.76162   52   70 9709.00000 6703.17281  31.0%  24.2 3270s
 1130783 752551 6802.86126   40  114 9709.00000 6703.23233  31.0%  24.2 3277s
 1132623 753888 9482.91609   80   47 9709.00000 6703.29988  31.0%  24.2 3285s
 1134645 755699 6949.14004   53  137 9709.00000 6703.40070  31.0%  24.2 3293s
 1137060 757205 8878.57641   66   49 9709.00000 6703.49255  31.0%  24.2 3303s
 1139307 758886 9560.25676  102   29 9709.00000 6703.58624  31.0%  24.2 3313s
 1141784 760233 6842.81423   53  116 9709.00000 6703.67150  31.0%  24.2 3322s
 1143806 761598 7099.53152   51  128 9709.00000 6703.73227  31.0%  24.2 3330s
 1146027 763151 7280.89745   51   95 9709.00000 6703.82303  31.0%  24.2 3339s
 1148301 764668 6737.45843   43  127 9709.00000 6703.93629  31.0%  24.2 3347s
 1150431 766035 7420.15442   53   76 9709.00000 6704.00119  31.0%  24.2 3355s
 1152454 767723 6867.98499   51  139 9709.00000 6704.05194  31.0%  24.2 3364s
 1154775 769357 8605.33422   84   45 9709.00000 6704.13214  30.9%  24.2 3373s
 1157075 771080 9259.17143   75   25 9709.00000 6704.22065  30.9%  24.2 3381s
 1159368 772493 9626.21916   95   40 9709.00000 6704.26852  30.9%  24.2 3390s
 1161643 773916 7023.22503   51  118 9709.00000 6704.37751  30.9%  24.2 3398s
 1163861 775226 7532.82207   57   97 9709.00000 6704.45753  30.9%  24.2 3406s
 1165768 776614     cutoff   82      9709.00000 6704.51598  30.9%  24.2 3414s
 1167834 778106 6798.54952   51  143 9709.00000 6704.60767  30.9%  24.2 3423s
 1170050 779652 8430.45513   75   79 9709.00000 6704.63618  30.9%  24.2 3432s
 1172420 780887 6821.23142   44  143 9709.00000 6704.75067  30.9%  24.2 3440s
 1174234 782255 6915.69794   51  127 9709.00000 6704.83723  30.9%  24.2 3448s
 1176249 783620 6851.69374   52  147 9709.00000 6704.92588  30.9%  24.2 3456s
 1178236 784980 8735.56307   74   42 9709.00000 6705.02808  30.9%  24.2 3465s
 1180236 786453 6992.87358   55  121 9709.00000 6705.10736  30.9%  24.2 3475s
 1182439 787555 6745.84424   43  150 9709.00000 6705.19911  30.9%  24.2 3482s
 1184039 788953 6718.44822   50  151 9709.00000 6705.28684  30.9%  24.2 3491s
 1186281 790525 7801.29906   62   68 9709.00000 6705.35957  30.9%  24.2 3501s
 1188613 792407 6740.55829   54  142 9709.00000 6705.41086  30.9%  24.2 3510s
 1191184 793988 7566.79548   75   75 9709.00000 6705.48941  30.9%  24.2 3520s
 1193543 795487     cutoff   84      9709.00000 6705.56599  30.9%  24.2 3530s
 1195790 797120 7009.70754   53  119 9709.00000 6705.67475  30.9%  24.2 3539s
 1198079 798879 7264.93600   58  106 9709.00000 6705.74387  30.9%  24.2 3548s
 1200460 800568 6856.66901   59  142 9709.00000 6705.83444  30.9%  24.2 3558s
 1203054 802082 6806.52320   59  108 9709.00000 6705.92609  30.9%  24.2 3568s
 1205255 803472 6717.19282   51  148 9709.00000 6705.99230  30.9%  24.2 3577s
 1207247 805144 7080.41432   44  124 9709.00000 6706.06306  30.9%  24.2 3587s
 1209474 806790 6856.96061   39  139 9709.00000 6706.11629  30.9%  24.2 3596s
 1211936 808298 7163.76730   55   97 9709.00000 6706.22591  30.9%  24.2 3605s
 1214156 809978 6798.39125   50  148 9709.00000 6706.31108  30.9%  24.2 3615s
 1216563 811333 9290.81139   69   39 9709.00000 6706.39139  30.9%  24.2 3625s
 1218928 812783 6738.82404   43  153 9709.00000 6706.46643  30.9%  24.2 3633s
 1221085 814519 6751.93778   47  127 9709.00000 6706.54887  30.9%  24.2 3642s
 1223295 815891 8308.70643   80   79 9709.00000 6706.62760  30.9%  24.2 3651s
 1225233 817437 7145.93244   56  104 9709.00000 6706.68314  30.9%  24.2 3661s
 1227653 818891 7292.25432   62   92 9709.00000 6706.76144  30.9%  24.2 3670s
 1229956 820340 6803.63908   54  141 9709.00000 6706.84368  30.9%  24.2 3679s
 1232376 821417 6754.95176   55  146 9709.00000 6706.92010  30.9%  24.2 3686s
 1233970 822700 7373.54279   56   97 9709.00000 6706.95208  30.9%  24.2 3695s
 1235914 824153 7441.56324   57   83 9709.00000 6707.05517  30.9%  24.2 3704s
 1238258 825296 9331.57398   73   42 9709.00000 6707.12740  30.9%  24.2 3712s
 1239944 826846 9545.58597   70   50 9709.00000 6707.19866  30.9%  24.2 3722s
 1242308 828312 6900.58187   58  125 9709.00000 6707.25667  30.9%  24.2 3731s
 1244483 829059 9486.14309   91   41 9709.00000 6707.33539  30.9%  24.2 3736s
 1245590 830645 8970.48468   67   53 9709.00000 6707.36179  30.9%  24.2 3745s
 1247825 832281 6842.37515   47  124 9709.00000 6707.46654  30.9%  24.2 3756s
 1250199 833618 6787.06398   45  126 9709.00000 6707.58904  30.9%  24.2 3765s
 1252071 835189 9063.16494   74   46 9709.00000 6707.64914  30.9%  24.2 3775s
 1254407 836483 7267.15649   54  118 9709.00000 6707.77283  30.9%  24.2 3784s
 1256293 838277 7046.83027   52  118 9709.00000 6707.85081  30.9%  24.2 3794s
 1258918 839948 7158.93988   60  123 9709.00000 6707.93303  30.9%  24.2 3804s
 1261320 841713 6919.30882   48  136 9709.00000 6708.01654  30.9%  24.2 3814s
 1261933 841713 6892.97860   43  132 9709.00000 6708.02590  30.9%  24.2 3815s
 1263846 843430 6993.95608   53  137 9709.00000 6708.10084  30.9%  24.2 3826s
 1266385 845095 7074.65892   53  131 9709.00000 6708.18058  30.9%  24.2 3835s
 1268621 846890 7276.58426   49  105 9709.00000 6708.23766  30.9%  24.2 3845s
 1271157 847947 6743.44232   55  142 9709.00000 6708.31474  30.9%  24.2 3853s
 1272750 849501 6831.68086   49  103 9709.00000 6708.34806  30.9%  24.2 3863s
 1275007 851266 6948.88743   58  134 9709.00000 6708.45160  30.9%  24.2 3874s
 1277576 852677 6819.73164   44  137 9709.00000 6708.52688  30.9%  24.2 3883s
 1279675 854887 6839.51260   51  155 9709.00000 6708.59951  30.9%  24.2 3893s
 1282541 856144 6780.33444   54  147 9709.00000 6708.65192  30.9%  24.2 3901s
 1284474 857686 9581.97442   73   47 9709.00000 6708.69476  30.9%  24.2 3911s
 1286650 859571 7432.76316   65  103 9709.00000 6708.75933  30.9%  24.2 3920s
 1289153 861162 8967.90914   74   41 9709.00000 6708.80809  30.9%  24.2 3931s
 1291580 862414 6726.18437   44  142 9709.00000 6708.88865  30.9%  24.2 3939s
 1293421 864056 6997.93471   55  121 9709.00000 6708.96247  30.9%  24.2 3949s
 1295813 865397 7036.56470   46  106 9709.00000 6709.01766  30.9%  24.2 3958s
 1298051 866783 7140.58206   51  129 9709.00000 6709.10199  30.9%  24.2 3968s
 1300233 868234 8624.33190   73   93 9709.00000 6709.17247  30.9%  24.2 3978s
 1302583 869665 6788.51903   50  138 9709.00000 6709.23817  30.9%  24.2 3986s
 1304699 871084     cutoff   98      9709.00000 6709.29703  30.9%  24.2 3995s
 1306803 872577 7358.61733   52  120 9709.00000 6709.37062  30.9%  24.2 4004s
 1308057 872577     cutoff   81      9709.00000 6709.37657  30.9%  24.2 4005s
 1309007 873916 8132.55532   62   96 9709.00000 6709.43183  30.9%  24.2 4014s
 1310980 875515 9071.57024   72   70 9709.00000 6709.53002  30.9%  24.2 4025s
 1313137 877329 6758.67283   46  137 9709.00000 6709.58854  30.9%  24.2 4036s
 1315900 878811     cutoff   91      9709.00000 6709.64720  30.9%  24.2 4045s
 1318231 880405 6866.08915   55  124 9709.00000 6709.71276  30.9%  24.2 4055s
 1320480 881753 7078.49986   54   88 9709.00000 6709.76766  30.9%  24.2 4063s
 1322399 883540 6805.64947   48  125 9709.00000 6709.81914  30.9%  24.2 4072s
 1324784 884862 8679.20015   76   48 9709.00000 6709.89771  30.9%  24.2 4081s
 1326851 886353 6979.51176   49  121 9709.00000 6709.93844  30.9%  24.2 4090s
 1329018 887763 7743.62355   47  104 9709.00000 6710.02649  30.9%  24.2 4098s
 1331075 889525 9428.47128   88   25 9709.00000 6710.09172  30.9%  24.2 4107s
 1333546 891172     cutoff   80      9709.00000 6710.15019  30.9%  24.2 4117s
 1335812 892562 6880.98655   48  133 9709.00000 6710.21986  30.9%  24.2 4128s
 1338058 894039 6747.33669   49  128 9709.00000 6710.32401  30.9%  24.2 4138s
 1340295 895435 7084.83860   61   92 9709.00000 6710.41401  30.9%  24.2 4147s
 1342371 897558 9463.55733   78   42 9709.00000 6710.46592  30.9%  24.2 4158s
 1345208 899364 7033.03028   47  126 9709.00000 6710.52967  30.9%  24.2 4169s
 1347866 900759 8582.92902   73   60 9709.00000 6710.62623  30.9%  24.2 4178s
 1349834 902013 9562.53051   87   25 9709.00000 6710.69042  30.9%  24.2 4188s
 1351749 903669 6865.18069   45  141 9709.00000 6710.78907  30.9%  24.2 4198s
 1354104 905656 6734.79717   48  150 9709.00000 6710.87144  30.9%  24.2 4210s
 1356978 906862 6755.59913   42  130 9709.00000 6710.92348  30.9%  24.2 4219s
 1359485 908142     cutoff   86      9709.00000 6711.00603  30.9%  24.2 4227s
 1361257 909497 6845.85921   47  135 9709.00000 6711.05252  30.9%  24.2 4236s
 1363130 910912 6918.87079   57  128 9709.00000 6711.11595  30.9%  24.2 4244s
 1365176 912198 7000.47702   43  131 9709.00000 6711.18202  30.9%  24.2 4253s
 1367158 913450 6786.49650   48  132 9709.00000 6711.26740  30.9%  24.2 4261s
 1369047 915119 6824.76918   54  141 9709.00000 6711.35150  30.9%  24.2 4269s
 1371194 916882 7444.40997   55  107 9709.00000 6711.39520  30.9%  24.2 4279s
 1373729 917837 6770.89937   43  135 9709.00000 6711.40984  30.9%  24.2 4287s
 1375364 919479 6803.67280   56  141 9709.00000 6711.45381  30.9%  24.2 4298s
 1377764 920535 6861.61274   54  141 9709.00000 6711.53272  30.9%  24.2 4307s
 1379723 921654 8771.83925   62   75 9709.00000 6711.60856  30.9%  24.2 4315s
 1381427 923260 6825.75944   50  133 9709.00000 6711.63965  30.9%  24.2 4326s
 1383842 924602 6726.52308   51  147 9709.00000 6711.70348  30.9%  24.2 4336s
 1385918 926399 6820.62687   50  157 9709.00000 6711.80041  30.9%  24.2 4347s
 1388407 927946 7799.90810   69   90 9709.00000 6711.84975  30.9%  24.2 4357s
 1390949 929599 6777.09882   48  153 9709.00000 6711.92750  30.9%  24.2 4368s
 1393360 931311 6741.52782   54  152 9709.00000 6712.01743  30.9%  24.2 4377s
 1395762 932488 7140.69576   60   83 9709.00000 6712.10052  30.9%  24.2 4386s
 1397329 933906 7214.06612   59  104 9709.00000 6712.11699  30.9%  24.2 4397s
 1399396 935674 6911.58927   51  120 9709.00000 6712.16907  30.9%  24.2 4408s
 1401945 937444 8875.30995   85   59 9709.00000 6712.23627  30.9%  24.2 4420s
 1404420 939088 6840.99511   51  149 9709.00000 6712.32201  30.9%  24.2 4431s
 1406782 940634 6858.69839   53  124 9709.00000 6712.40549  30.9%  24.2 4440s
 1408954 942157 6872.74053   51  151 9709.00000 6712.43408  30.9%  24.2 4451s
 1411294 943843 8373.71465   78   69 9709.00000 6712.49085  30.9%  24.2 4462s
 1413712 945063 6835.69348   47  138 9709.00000 6712.55384  30.9%  24.2 4472s
 1415546 946430 6826.92086   52  145 9709.00000 6712.62102  30.9%  24.2 4482s
 1417586 947819 6819.90735   48   98 9709.00000 6712.69961  30.9%  24.2 4493s
 1419771 949326 6848.18948   55  155 9709.00000 6712.78696  30.9%  24.2 4504s
 1421837 950954 6746.39576   42  152 9709.00000 6712.81206  30.9%  24.2 4515s
 1424263 952347 6881.29420   56  136 9709.00000 6712.89300  30.9%  24.2 4527s
 1426512 954061 6751.08290   48  123 9709.00000 6712.96661  30.9%  24.2 4538s
 1428922 955558 6753.29126   53  149 9709.00000 6713.03635  30.9%  24.2 4550s
 1431140 957137 6738.52411   44  151 9709.00000 6713.12323  30.9%  24.2 4563s
 1433617 958917 6882.45215   47  125 9709.00000 6713.19918  30.9%  24.2 4578s
 1436047 960707 9038.04680   89   44 9709.00000 6713.26967  30.9%  24.2 4589s
 1438521 962393 7301.20285   57  103 9709.00000 6713.32583  30.9%  24.2 4601s
 1440899 963836 7558.02925   55   93 9709.00000 6713.39226  30.9%  24.2 4613s
 1443110 965820 6861.74912   56  127 9709.00000 6713.49719  30.9%  24.2 4625s
 1445857 967171 6790.41418   51  150 9709.00000 6713.54619  30.9%  24.2 4635s
 1447750 968847 infeasible   79      9709.00000 6713.59927  30.9%  24.2 4647s
 1450205 970259 infeasible   92      9709.00000 6713.65426  30.9%  24.2 4658s
 1452414 971378 6716.43173   54  145 9709.00000 6713.73547  30.9%  24.2 4669s
 1454153 972902 7948.85921   71   86 9709.00000 6713.76946  30.9%  24.2 4681s
 1456431 974214 6746.08139   48  147 9709.00000 6713.85799  30.8%  24.2 4693s
 1458718 975575 6890.48033   48  148 9709.00000 6713.91370  30.8%  24.2 4704s
 1458953 975575 6861.84813   44  136 9709.00000 6713.91871  30.8%  24.2 4705s
 1460739 977386 9339.23687   83   35 9709.00000 6713.97943  30.8%  24.2 4717s
 1463433 978901 9508.37827   78   44 9709.00000 6714.04967  30.8%  24.2 4729s
 1465891 979961 6902.62334   53  116 9709.00000 6714.12151  30.8%  24.2 4738s
 1467509 981653 6945.10530   48  125 9709.00000 6714.15857  30.8%  24.2 4750s
 1469918 983069 9408.47436   95   21 9709.00000 6714.25509  30.8%  24.2 4761s
 1472106 985107 7558.60169   70   77 9709.00000 6714.31178  30.8%  24.2 4774s
 1474920 987015 9033.36630   80   34 9709.00000 6714.38246  30.8%  24.2 4785s
 1477435 988405     cutoff   79      9709.00000 6714.45082  30.8%  24.2 4798s
 1479528 989717 7311.28129   58  116 9709.00000 6714.50651  30.8%  24.2 4810s
 1481480 991556 6826.46182   53  137 9709.00000 6714.55639  30.8%  24.2 4824s
 1484487 993201 7329.53806   61  106 9709.00000 6714.64174  30.8%  24.2 4836s
 1486774 994898 7065.69842   50  121 9709.00000 6714.69322  30.8%  24.2 4850s
 1489794 996293 8776.23984   67   73 9709.00000 6714.75301  30.8%  24.2 4861s
 1491862 997748 7236.41245   56  109 9709.00000 6714.82310  30.8%  24.2 4871s
 1493845 999530 6755.35340   55  152 9709.00000 6714.85495  30.8%  24.2 4883s
 1496295 1001225 6728.83514   52  142 9709.00000 6714.92595  30.8%  24.2 4895s
 1499277 1002855 6995.80869   57  114 9709.00000 6714.99588  30.8%  24.2 4907s
 1501508 1004342 6734.21305   52  145 9709.00000 6715.06216  30.8%  24.2 4918s
 1503550 1006144 6950.34889   52  139 9709.00000 6715.10894  30.8%  24.2 4930s
 1506088 1007990 6810.00817   53  142 9709.00000 6715.14805  30.8%  24.2 4944s
 1508678 1009377 7975.31728   68   81 9709.00000 6715.20179  30.8%  24.2 4955s
 1510739 1010323 6805.15053   49  155 9709.00000 6715.28215  30.8%  24.2 4970s
 1512097 1011935 6829.96291   55  137 9709.00000 6715.30919  30.8%  24.2 4985s
 1514495 1013642 6769.00798   53  128 9709.00000 6715.40016  30.8%  24.2 4998s
 1516906 1015191 7403.94059   54  103 9709.00000 6715.46083  30.8%  24.2 5012s
 1519156 1016978 6792.95883   48  141 9709.00000 6715.53072  30.8%  24.2 5026s
 1521846 1018510 7018.23608   63  122 9709.00000 6715.59121  30.8%  24.2 5039s
 1524228 1020199 7632.23029   60   91 9709.00000 6715.68354  30.8%  24.2 5053s
 1526753 1021826 7009.13268   49  131 9709.00000 6715.74623  30.8%  24.2 5066s
 1529158 1023913 7239.03273   60  101 9709.00000 6715.81959  30.8%  24.2 5080s
 1532327 1024986 9603.24935   93   38 9709.00000 6715.87125  30.8%  24.2 5090s
 1534028 1026244 6881.13229   49  143 9709.00000 6715.92216  30.8%  24.2 5100s
 1535831 1027777 7592.56975   60  106 9709.00000 6715.96666  30.8%  24.2 5112s
 1537897 1029234 6942.15147   52  112 9709.00000 6716.02814  30.8%  24.2 5126s
 1540112 1030706 8349.84462   70   77 9709.00000 6716.09057  30.8%  24.2 5138s
 1542304 1032026 9031.97710   81   65 9709.00000 6716.16848  30.8%  24.2 5150s
 1544246 1033266 6890.65346   50  121 9709.00000 6716.20287  30.8%  24.2 5161s
 1546086 1034253 6737.33673   48  143 9709.00000 6716.27122  30.8%  24.2 5169s
 1546695 1034253 6769.49010   53  144 9709.00000 6716.27122  30.8%  24.2 5170s
 1547424 1035876 6758.78268   49  131 9709.00000 6716.28123  30.8%  24.2 5184s
 1549849 1037395 6917.97032   51  130 9709.00000 6716.37606  30.8%  24.2 5196s
 1552132 1038799 8128.86039   67   95 9709.00000 6716.45673  30.8%  24.2 5207s
 1554349 1040263 6978.67071   49  128 9709.00000 6716.51092  30.8%  24.2 5219s
 1556570 1042081 7158.33564   45  133 9709.00000 6716.60049  30.8%  24.2 5232s
 1559176 1043720 6853.09564   57  137 9709.00000 6716.67358  30.8%  24.2 5244s
 1561385 1045211 8275.26896   64   72 9709.00000 6716.71025  30.8%  24.2 5256s
 1563504 1046975 6841.89341   52  144 9709.00000 6716.77360  30.8%  24.2 5268s
 1565881 1048411 6835.09000   53  132 9709.00000 6716.80868  30.8%  24.2 5280s
 1568075 1049494 7060.51349   50  134 9709.00000 6716.87567  30.8%  24.2 5291s
 1569659 1049510 6848.77153   46  139 9709.00000 6716.93087  30.8%  24.2 5333s
 1569675 1051118 6872.74062   47  145 9709.00000 6716.93516  30.8%  24.2 5350s
 1571842 1053641 8030.30693   62   87 9709.00000 6717.01270  30.8%  24.2 5370s
 1575390 1055729 7545.31525   56  110 9709.00000 6717.08921  30.8%  24.2 5388s
 1578487 1057354 7023.20431   51  123 9709.00000 6717.16460  30.8%  24.2 5405s
 1580982 1058870 7009.80869   48  121 9709.00000 6717.24416  30.8%  24.2 5420s
 1583434 1060724 7044.87730   56  118 9709.00000 6717.31278  30.8%  24.2 5437s
 1586026 1062599 6933.87801   65  106 9709.00000 6717.36825  30.8%  24.2 5451s
 1588659 1064125 9391.77592   77   47 9709.00000 6717.42488  30.8%  24.2 5465s
 1590939 1065886 7287.73933   50  110 9709.00000 6717.51491  30.8%  24.2 5526s
 1593604 1070151 6846.26345   54  115 9709.00000 6717.60499  30.8%  24.2 5563s
 1599901 1072393 6836.30615   47  143 9709.00000 6717.73893  30.8%  24.2 5584s
 1603224 1074363 7865.51619   68   86 9709.00000 6717.84494  30.8%  24.2 5601s
 1606518 1076140 8942.28225   68   68 9709.00000 6717.91307  30.8%  24.2 5621s
 1609509 1077837 6942.75035   42  131 9709.00000 6717.98127  30.8%  24.2 5635s
 1611970 1079596 6771.86808   51  135 9709.00000 6718.04843  30.8%  24.2 5649s
 1614479 1081501 8033.60529   71   77 9709.00000 6718.09015  30.8%  24.2 5663s
 1617361 1083093 6739.40884   47  148 9709.00000 6718.15279  30.8%  24.2 5675s
 1619813 1084438 6903.59521   50  136 9709.00000 6718.18839  30.8%  24.2 5686s
 1621660 1086076 8381.22774   81   44 9709.00000 6718.23163  30.8%  24.2 5699s
 1623699 1086076 6775.91692   53  147 9709.00000 6718.24823  30.8%  24.2 5700s
 1624365 1087593 7034.48415   58  125 9709.00000 6718.28066  30.8%  24.2 5711s
 1626599 1089231 6910.88619   37  140 9709.00000 6718.35262  30.8%  24.2 5723s
 1628926 1091243 6748.58833   37  141 9709.00000 6718.40696  30.8%  24.2 5736s
 1631460 1093013 8787.51889   79   70 9709.00000 6718.46056  30.8%  24.2 5751s
 1634253 1094097 6788.79169   49  129 9709.00000 6718.50832  30.8%  24.1 5761s
 1635887 1095573 6782.05491   56  152 9709.00000 6718.54147  30.8%  24.1 5775s
 1638459 1097028 6799.66267   53  139 9709.00000 6718.61933  30.8%  24.1 5787s
 1640648 1098859 6893.18370   58  149 9709.00000 6718.66900  30.8%  24.1 5802s
 1643285 1100254 8868.67719   69   50 9709.00000 6718.73835  30.8%  24.1 5814s
 1644881 1100254 8594.36296   68   78 9709.00000 6718.75410  30.8%  24.1 5815s
 1645390 1102330 7013.65099   59  126 9709.00000 6718.79068  30.8%  24.1 5829s
 1648254 1103941 9439.60379   85   35 9709.00000 6718.84548  30.8%  24.1 5842s
 1650792 1105341 6752.51815   53  152 9709.00000 6718.90765  30.8%  24.1 5855s
 1652954 1106996 6762.84634   52  142 9709.00000 6718.97814  30.8%  24.1 5870s
 1655449 1109013 7580.79738   66   90 9709.00000 6719.04793  30.8%  24.1 5886s
 1658313 1110476 9037.10061   73   64 9709.00000 6719.11050  30.8%  24.1 5898s
 1660764 1112053 7301.05221   52  120 9709.00000 6719.17139  30.8%  24.1 5912s
 1663086 1113578 6779.92955   51  156 9709.00000 6719.21814  30.8%  24.1 5925s
 1665293 1115329 6728.99088   48  144 9709.00000 6719.27296  30.8%  24.1 5938s
 1667870 1117058 6762.91523   54  146 9709.00000 6719.34584  30.8%  24.1 5952s
 1670354 1118640 9538.38513   75   80 9709.00000 6719.40100  30.8%  24.1 5965s
 1672553 1120223 7606.53388   68   79 9709.00000 6719.46361  30.8%  24.1 5978s
 1674923 1122154 6991.91286   57  107 9709.00000 6719.52535  30.8%  24.1 5994s
 1677724 1123532 6851.80742   53  145 9709.00000 6719.58209  30.8%  24.1 6009s
 1679869 1125100 7678.61646   59   82 9709.00000 6719.63929  30.8%  24.1 6022s
 1682125 1126734 6800.57197   47  136 9709.00000 6719.69305  30.8%  24.1 6036s
 1684587 1128219 7030.23219   54  141 9709.00000 6719.76780  30.8%  24.1 6051s
 1687186 1129942 6892.36359   58  123 9709.00000 6719.81530  30.8%  24.1 6063s
 1689575 1131298 7415.01224   49  127 9709.00000 6719.84869  30.8%  24.1 6076s
 1691654 1133067 6880.62560   54  127 9709.00000 6719.90973  30.8%  24.1 6090s
 1694128 1134449 6823.77789   50  145 9709.00000 6719.98140  30.8%  24.1 6102s
 1696225 1136076 8297.40312   53   52 9709.00000 6720.03101  30.8%  24.1 6116s
 1698717 1137904 6939.72609   51  135 9709.00000 6720.08284  30.8%  24.1 6131s
 1701307 1140044 9206.58007   83   48 9709.00000 6720.15376  30.8%  24.1 6144s
 1704148 1141305 7000.48979   48  123 9709.00000 6720.20405  30.8%  24.1 6158s
 1706033 1142838 6871.04816   51  123 9709.00000 6720.24165  30.8%  24.1 6171s
 1708276 1144408 7662.28704   61   80 9709.00000 6720.30772  30.8%  24.1 6185s
 1710588 1146021 6838.97606   54  131 9709.00000 6720.36155  30.8%  24.1 6200s
 1712954 1147645     cutoff   93      9709.00000 6720.44168  30.8%  24.1 6213s
 1715347 1149322 6746.60069   50  144 9709.00000 6720.52292  30.8%  24.1 6227s
 1717729 1151037 9445.74349   86   46 9709.00000 6720.55836  30.8%  24.1 6243s
 1720239 1152834 6792.77748   58  141 9709.00000 6720.62213  30.8%  24.1 6259s
 1722891 1154286 6975.81361   47  111 9709.00000 6720.70224  30.8%  24.1 6272s
 1725047 1155827 6848.68589   51  139 9709.00000 6720.76802  30.8%  24.1 6286s
 1727320 1157475 7649.14632   67   99 9709.00000 6720.81076  30.8%  24.1 6299s
 1727449 1157475 6977.93997   58  116 9709.00000 6720.81150  30.8%  24.1 6300s
 1729769 1159344 7197.41167   55  102 9709.00000 6720.87292  30.8%  24.1 6313s
 1732240 1161143 7087.31470   57  110 9709.00000 6720.92227  30.8%  24.1 6327s
 1734910 1162515 6837.23833   57  136 9709.00000 6720.96990  30.8%  24.1 6340s
 1737340 1164079 6833.62725   49  135 9709.00000 6721.01751  30.8%  24.1 6356s
 1739852 1165601 6750.40675   49  152 9709.00000 6721.07460  30.8%  24.1 6371s
 1742470 1167118 8339.86681   71   77 9709.00000 6721.14260  30.8%  24.1 6384s
 1744644 1169053 6846.21508   46  119 9709.00000 6721.19756  30.8%  24.1 6398s
 1747205 1170684 6855.17544   49  142 9709.00000 6721.23434  30.8%  24.1 6412s
 1749535 1172668 6909.86179   56  120 9709.00000 6721.29339  30.8%  24.1 6425s
 1752197 1174118 6722.32645   53  157 9709.00000 6721.34666  30.8%  24.1 6438s
 1754361 1175528 6893.12601   42  120 9709.00000 6721.42910  30.8%  24.1 6452s
 1756565 1177053 9126.03891   78   47 9709.00000 6721.48461  30.8%  24.1 6465s
 1758788 1178647 7115.00313   57  120 9709.00000 6721.52583  30.8%  24.1 6480s
 1761128 1180719 7269.65429   56   89 9709.00000 6721.59579  30.8%  24.1 6496s
 1764417 1182083 7102.94221   60  120 9709.00000 6721.64916  30.8%  24.1 6508s
 1766356 1183460 7793.65344   68   69 9709.00000 6721.69231  30.8%  24.1 6520s
 1768385 1184822 6837.53317   53  134 9709.00000 6721.73249  30.8%  24.1 6532s
 1770389 1186297 6981.05943   52  128 9709.00000 6721.76741  30.8%  24.1 6547s
 1772679 1187802 7132.50377   52  129 9709.00000 6721.83487  30.8%  24.1 6561s
 1775220 1189256 7442.10048   62  106 9709.00000 6721.90499  30.8%  24.1 6575s
 1777478 1190884 6880.25802   51  131 9709.00000 6721.94654  30.8%  24.1 6588s
 1779764 1192666 7059.37457   51  141 9709.00000 6721.99428  30.8%  24.1 6602s
 1782214 1194548 9282.30911   67   57 9709.00000 6722.02724  30.8%  24.1 6618s
 1785022 1196005 9146.83127   85   50 9709.00000 6722.08321  30.8%  24.1 6632s
 1787155 1197935 6736.05483   54  134 9709.00000 6722.15807  30.8%  24.1 6648s
 1789904 1199367 7872.70542   66   72 9709.00000 6722.21852  30.8%  24.1 6661s
 1792076 1201094 7887.48308   61   69 9709.00000 6722.27307  30.8%  24.1 6676s
 1794623 1202836 6865.14945   46  154 9709.00000 6722.32750  30.8%  24.1 6691s
 1797099 1204367 7893.73297   60   59 9709.00000 6722.37727  30.8%  24.1 6705s
 1799433 1206229 8153.92022   66   67 9709.00000 6722.45363  30.8%  24.1 6720s
 1801977 1207829 6811.50859   55  121 9709.00000 6722.49852  30.8%  24.1 6735s
 1804377 1209487 7013.42877   58   96 9709.00000 6722.56051  30.8%  24.1 6751s
 1806900 1211196 9424.71656   73   55 9709.00000 6722.61602  30.8%  24.1 6766s
 1809336 1213059 6976.34293   43  111 9709.00000 6722.68730  30.8%  24.1 6783s
 1812054 1214720 6774.05022   50  160 9709.00000 6722.73958  30.8%  24.1 6798s
 1814528 1216495 6772.73833   46  133 9709.00000 6722.80102  30.8%  24.1 6813s
 1817064 1218396 8892.37251   64   63 9709.00000 6722.85912  30.8%  24.1 6828s
 1819578 1220087 6756.46458   51  150 9709.00000 6722.90105  30.8%  24.1 6843s
 1822117 1221755 7001.11192   49  134 9709.00000 6722.96118  30.8%  24.1 6858s
 1824686 1223398 7093.49430   51  138 9709.00000 6723.01173  30.8%  24.1 6873s
 1827040 1225231 9555.38745   84   63 9709.00000 6723.06165  30.8%  24.1 6890s
 1829690 1226700 6945.84030   54  126 9709.00000 6723.11148  30.8%  24.1 6905s
 1831890 1228480 6747.16877   47  151 9709.00000 6723.16522  30.8%  24.1 6923s
 1834796 1229734 9565.06273   81   31 9709.00000 6723.22384  30.8%  24.1 6937s
 1836878 1231547 7063.01862   53   99 9709.00000 6723.29584  30.8%  24.1 6954s
 1839490 1233307 6778.05440   49  137 9709.00000 6723.36810  30.8%  24.1 6969s
 1842018 1234956 6821.06544   50  123 9709.00000 6723.42099  30.8%  24.1 6985s
 1844441 1236596 6885.24291   53  139 9709.00000 6723.48348  30.7%  24.1 7001s
 1846777 1238301 8087.20024   58   88 9709.00000 6723.51686  30.7%  24.1 7020s
 1849283 1240364 6795.85830   51  150 9709.00000 6723.57382  30.7%  24.1 7038s
 1852368 1241535 7410.67337   55  106 9709.00000 6723.62383  30.7%  24.1 7051s
 1854167 1242818 7004.36367   55  133 9709.00000 6723.66664  30.7%  24.1 7064s
 1855595 1242818 6804.38890   48  149 9709.00000 6723.68569  30.7%  24.1 7065s
 1856450 1244038 9206.85033   74   59 9709.00000 6723.70992  30.7%  24.1 7078s
 1858413 1245644 8042.67290   68   76 9709.00000 6723.76048  30.7%  24.1 7093s
 1860712 1246993 7183.38788   60  104 9709.00000 6723.81426  30.7%  24.1 7109s
 1862773 1248877 6761.41230   41  131 9709.00000 6723.88815  30.7%  24.1 7124s
 1865409 1250397 9401.52918   80   56 9709.00000 6723.92563  30.7%  24.1 7139s
 1867583 1251809 6996.29341   58  119 9709.00000 6723.98513  30.7%  24.1 7155s
 1869724 1253479 8996.45540   68   66 9709.00000 6724.03569  30.7%  24.1 7173s
 1872205 1255338     cutoff   70      9709.00000 6724.10310  30.7%  24.1 7190s
 1874792 1257074 6824.56145   57  146 9709.00000 6724.17146  30.7%  24.1 7205s
 1877226 1258645 6760.98119   49  143 9709.00000 6724.20832  30.7%  24.1 7223s
 1879526 1260293 7005.83719   51  121 9709.00000 6724.29467  30.7%  24.1 7242s
 1881871 1261746 7163.19936   48  118 9709.00000 6724.34399  30.7%  24.1 7257s
 1884097 1263357 7012.12242   44  125 9709.00000 6724.38030  30.7%  24.1 7273s
 1886740 1264852 7040.49645   57  105 9709.00000 6724.45427  30.7%  24.1 7289s
 1888900 1266504 6974.08099   56  143 9709.00000 6724.51424  30.7%  24.1 7305s
 1891353 1268284 6755.38423   47  159 9709.00000 6724.57663  30.7%  24.1 7324s
 1894004 1270136 6899.14610   46  132 9709.00000 6724.63745  30.7%  24.1 7341s
 1896559 1271847 7394.96861   62   79 9709.00000 6724.69627  30.7%  24.1 7358s
 1899022 1273255 7839.36935   66  112 9709.00000 6724.74729  30.7%  24.1 7373s
 1901374 1274847 7043.83841   54  109 9709.00000 6724.79241  30.7%  24.1 7391s
 1903928 1276241 9518.49789   88   42 9709.00000 6724.83452  30.7%  24.1 7406s
 1906097 1278007 8914.01861   80   62 9709.00000 6724.88048  30.7%  24.1 7423s
 1908619 1279731 6790.61163   59  133 9709.00000 6724.93439  30.7%  24.1 7439s
 1909898 1279731 6880.81323   48  125 9709.00000 6724.94222  30.7%  24.1 7440s
 1911019 1281481 6823.85522   63  145 9709.00000 6724.98625  30.7%  24.1 7457s
 1913496 1283002 6801.27300   54  147 9709.00000 6725.04618  30.7%  24.1 7475s
 1915774 1285052 6734.73593   53  147 9709.00000 6725.12482  30.7%  24.1 7495s
 1918820 1286452 6873.01907   56  136 9709.00000 6725.19707  30.7%  24.1 7513s
 1921253 1288586 6821.14128   49  155 9709.00000 6725.25417  30.7%  24.1 7533s
 1924139 1290193     cutoff   87      9709.00000 6725.29223  30.7%  24.1 7551s
 1926459 1291564 6891.22867   57  139 9709.00000 6725.33850  30.7%  24.1 7570s
 1928918 1293332 6855.84772   39  122 9709.00000 6725.38963  30.7%  24.1 7587s
 1931429 1294961 9374.59158   88   45 9709.00000 6725.44682  30.7%  24.1 7606s
 1933893 1296696 6894.23737   57  143 9709.00000 6725.50449  30.7%  24.1 7624s
 1935824 1296696 6778.42977   59  143 9709.00000 6725.52073  30.7%  24.1 7625s
 1936507 1298392 6979.16529   54  131 9709.00000 6725.53767  30.7%  24.1 7644s
 1939425 1299898 6966.49789   52  115 9709.00000 6725.60126  30.7%  24.1 7662s
 1941741 1301553 6783.32853   46  136 9709.00000 6725.66834  30.7%  24.1 7681s
 1944216 1303084 6761.31616   55  153 9709.00000 6725.69803  30.7%  24.1 7701s
 1946736 1304600 7091.82096   55  118 9709.00000 6725.74259  30.7%  24.1 7721s
 1949317 1306518 6909.59632   56  120 9709.00000 6725.80049  30.7%  24.1 7738s
 1951921 1308230 6886.71201   52  131 9709.00000 6725.85374  30.7%  24.1 7756s
 1954650 1309613 9614.60599   83   80 9709.00000 6725.89135  30.7%  24.1 7773s
 1957128 1311327 6813.84704   53  133 9709.00000 6725.95340  30.7%  24.1 7793s
 1959728 1313257 6915.21570   50  133 9709.00000 6725.99572  30.7%  24.1 7814s
 1962574 1315059 7102.24964   55  122 9709.00000 6726.06181  30.7%  24.1 7831s
 1964985 1316741 8814.03373   81   38 9709.00000 6726.10200  30.7%  24.1 7849s
 1967510 1318328 6850.39072   50  154 9709.00000 6726.15685  30.7%  24.1 7866s
 1969785 1319892 6828.36325   51  136 9709.00000 6726.21329  30.7%  24.1 7882s
 1972021 1321589 8074.15097   59   74 9709.00000 6726.25678  30.7%  24.1 7901s
 1974566 1323512 6831.77937   52  126 9709.00000 6726.31364  30.7%  24.1 7920s
 1977250 1325342 9299.40399   75   62 9709.00000 6726.37193  30.7%  24.1 7938s
 1979962 1326905 8027.87237   66   78 9709.00000 6726.42090  30.7%  24.1 7958s
 1982513 1328932 infeasible   73      9709.00000 6726.46471  30.7%  24.1 7977s
 1985243 1330732 7960.80706   68   78 9709.00000 6726.51346  30.7%  24.1 7998s
 1987897 1332641 6837.12629   57  136 9709.00000 6726.55537  30.7%  24.1 8018s
 1990761 1334093 6726.99752   51  155 9709.00000 6726.62519  30.7%  24.1 8035s
 1992896 1336075 7192.94453   51   87 9709.00000 6726.67386  30.7%  24.1 8054s
 1994707 1336075 6892.93029   48  127 9709.00000 6726.69533  30.7%  24.1 8055s
 1995524 1337475     cutoff   95      9709.00000 6726.71494  30.7%  24.1 8073s
 1997859 1339089 7312.83205   49   95 9709.00000 6726.77740  30.7%  24.1 8090s
 2000179 1340645 6977.19277   56  131 9709.00000 6726.83252  30.7%  24.1 8107s
 2002384 1342317 7108.91929   47  130 9709.00000 6726.87461  30.7%  24.1 8126s
 2004786 1344062 6846.29133   53  125 9709.00000 6726.91789  30.7%  24.1 8148s
 2007460 1345741 7015.48551   50  102 9709.00000 6726.97550  30.7%  24.1 8169s
 2010220 1347725 7169.43584   66  130 9709.00000 6727.03792  30.7%  24.1 8188s
 2013096 1349129 6824.79993   48  136 9709.00000 6727.08072  30.7%  24.1 8207s
 2015459 1350642 6769.59714   48  160 9709.00000 6727.13907  30.7%  24.1 8224s
 2017693 1352176 6831.29219   50  149 9709.00000 6727.18208  30.7%  24.1 8241s
 2019881 1353947 6868.48733   52  142 9709.00000 6727.22608  30.7%  24.1 8260s
 2022413 1355648 6767.34105   53  119 9709.00000 6727.28282  30.7%  24.1 8277s
 2024940 1357263     cutoff   74      9709.00000 6727.34523  30.7%  24.1 8298s
 2027406 1359211 6951.61324   50  123 9709.00000 6727.39455  30.7%  24.1 8319s
 2030244 1361182 7149.42826   60  142 9709.00000 6727.45505  30.7%  24.1 8341s
 2033317 1362797 7032.09197   52  126 9709.00000 6727.49773  30.7%  24.1 8359s
 2033451 1362797 8240.52006   62   73 9709.00000 6727.51042  30.7%  24.1 8360s
 2035601 1364540 6896.33685   51  145 9709.00000 6727.54956  30.7%  24.1 8378s
 2038048 1366052 6882.09448   51  106 9709.00000 6727.60526  30.7%  24.1 8394s
 2040330 1367646 6806.11362   60  146 9709.00000 6727.67838  30.7%  24.1 8413s
 2042760 1369163 6789.98952   44  150 9709.00000 6727.71804  30.7%  24.1 8433s
 2045015 1370859 6969.56808   61  116 9709.00000 6727.76416  30.7%  24.1 8453s
 2047594 1372885 8070.68075   66   68 9709.00000 6727.82009  30.7%  24.1 8475s
 2050458 1374431 6896.33135   51  122 9709.00000 6727.88472  30.7%  24.1 8494s
 2052770 1374431 8683.40934   81   57 9709.00000 6727.93200  30.7%  24.1 8495s
 2052931 1376040 7153.91176   53  141 9709.00000 6727.93361  30.7%  24.1 8516s
 2055421 1377749 6939.43958   46  126 9709.00000 6727.99294  30.7%  24.1 8535s
 2057741 1380172 7193.59093   53  124 9709.00000 6728.06058  30.7%  24.1 8554s
 2058929 1380172 8314.12065   68   70 9709.00000 6728.06337  30.7%  24.1 8555s
 2061540 1381502 7076.10582   51  141 9709.00000 6728.07452  30.7%  24.1 8572s
 2063757 1383048 8213.35510   76   65 9709.00000 6728.10756  30.7%  24.1 8590s
 2065869 1384472     cutoff   88      9709.00000 6728.15654  30.7%  24.1 8607s
 2067999 1386333 7053.17074   46  126 9709.00000 6728.20237  30.7%  24.1 8630s
 2070755 1387773 7085.32686   48  126 9709.00000 6728.24304  30.7%  24.1 8648s
 2073168 1389300 6818.94673   53  151 9709.00000 6728.29020  30.7%  24.1 8667s
 2075479 1391169 7396.12376   60  111 9709.00000 6728.34556  30.7%  24.1 8688s
 2078155 1392836 7181.71342   56  102 9709.00000 6728.39884  30.7%  24.1 8708s
 2080650 1394633 6916.62004   58  122 9709.00000 6728.45626  30.7%  24.1 8729s
 2083261 1396334 9086.69533   70   60 9709.00000 6728.51947  30.7%  24.1 8750s
 2085853 1398341 7368.64207   49   93 9709.00000 6728.55986  30.7%  24.1 8772s
 2088525 1400528 7907.21768   66   73 9709.00000 6728.61074  30.7%  24.1 8795s
 2092252 1401816 8329.28018   82   64 9709.00000 6728.63246  30.7%  24.1 8813s
 2094186 1402905 infeasible   80      9709.00000 6728.67467  30.7%  24.1 8827s
 2095884 1404133 7210.07020   66  123 9709.00000 6728.71591  30.7%  24.1 8844s
 2097778 1406189 6951.88212   50  109 9709.00000 6728.75808  30.7%  24.1 8863s
 2100475 1407750 7094.11529   62  117 9709.00000 6728.78648  30.7%  24.1 8882s
 2102802 1409543 8472.81423   64   87 9709.00000 6728.83809  30.7%  24.1 8902s
 2105286 1410995 7095.19233   56  101 9709.00000 6728.87680  30.7%  24.1 8920s
 2107546 1412460 6998.61633   57  125 9709.00000 6728.91900  30.7%  24.1 8940s
 2109931 1414249 8076.09010   82   77 9709.00000 6728.97276  30.7%  24.1 8964s
 2112401 1414249 6840.94999   47  140 9709.00000 6729.02783  30.7%  24.1 8965s
 2112611 1416046 infeasible   82      9709.00000 6729.03363  30.7%  24.1 8986s
 2115249 1418198 6871.96565   53  130 9709.00000 6729.08193  30.7%  24.1 9009s
 2118320 1420073 7145.17548   49  116 9709.00000 6729.12772  30.7%  24.1 9030s
 2120843 1421808     cutoff   77      9709.00000 6729.17193  30.7%  24.1 9050s
 2123303 1423332 6819.83705   51  146 9709.00000 6729.20772  30.7%  24.1 9069s
 2123640 1423332 7065.70863   57  104 9709.00000 6729.21341  30.7%  24.1 9070s
 2125573 1425578     cutoff   81      9709.00000 6729.27468  30.7%  24.1 9092s
 2128534 1427083 6900.27579   48  135 9709.00000 6729.31817  30.7%  24.1 9113s
 2130993 1428624 6832.30066   49  147 9709.00000 6729.35705  30.7%  24.1 9136s
 2133434 1430472 6814.00053   53  142 9709.00000 6729.40738  30.7%  24.1 9161s
 2136165 1432218 9272.76014   74   44 9709.00000 6729.46319  30.7%  24.1 9183s
 2138744 1434052 6797.13687   49  147 9709.00000 6729.51630  30.7%  24.1 9206s
 2141782 1435875 6809.69002   55  133 9709.00000 6729.56464  30.7%  24.1 9229s
 2143395 1435875 9279.47368   78   42 9709.00000 6729.58027  30.7%  24.1 9230s
 2144432 1437652 7058.22972   58  126 9709.00000 6729.61449  30.7%  24.1 9252s
 2147032 1439944 7228.53953   57  120 9709.00000 6729.64906  30.7%  24.1 9274s
 2150075 1441539     cutoff   76      9709.00000 6729.70023  30.7%  24.1 9295s
 2152424 1443279 6820.13489   52  124 9709.00000 6729.75559  30.7%  24.1 9318s
 2154691 1443279 9342.77140   67   30 9709.00000 6729.77547  30.7%  24.1 9320s
 2155000 1445169 6752.76280   51  150 9709.00000 6729.81514  30.7%  24.1 9343s
 2157845 1446864 7093.11868   56   94 9709.00000 6729.85907  30.7%  24.1 9365s
 2160284 1448528 7174.45222   51  133 9709.00000 6729.90982  30.7%  24.1 9389s
 2162749 1450230 6898.23693   49  147 9709.00000 6729.95513  30.7%  24.1 9412s
 2165254 1451925 7022.87929   52  120 9709.00000 6730.00873  30.7%  24.1 9436s
 2167897 1453859 6793.84880   50  131 9709.00000 6730.06996  30.7%  24.1 9460s
 2170916 1455641 6863.08735   53  136 9709.00000 6730.12657  30.7%  24.1 9483s
 2173579 1457455 9479.53492   68   53 9709.00000 6730.18208  30.7%  24.1 9508s
 2176337 1459453 infeasible   64      9709.00000 6730.22503  30.7%  24.1 9531s
 2179012 1461917 7245.32506   59  124 9709.00000 6730.26159  30.7%  24.1 9552s
