
Gurobi 10.0.1 (win64) logging started Sun Aug 27 19:51:36 2023

Set parameter LogFile to value "results//log/Fattahi_setup_01_modified_old_deadline.log"
Gurobi Optimizer version 10.0.1 build v10.0.1rc0 (win64)

CPU model: AMD Ryzen 7 3700X 8-Core Processor, instruction set [SSE2|AVX|AVX2]
Thread count: 8 physical cores, 16 logical processors, using up to 16 threads

Optimize a model with 66 rows, 37 columns and 236 nonzeros
Model fingerprint: 0xf288fdeb
Model has 1 quadratic constraint
Variable types: 8 continuous, 29 integer (28 binary)
Coefficient statistics:
  Matrix range     [1e+00, 1e+06]
  QMatrix range    [1e+00, 1e+00]
  QLMatrix range   [1e+00, 5e+02]
  Objective range  [1e+00, 1e+00]
  Bounds range     [1e+00, 1e+00]
  RHS range        [1e+00, 3e+06]
Presolve removed 12 rows and 12 columns
Presolve time: 0.00s
Presolved: 59 rows, 29 columns, 239 nonzeros
Variable types: 12 continuous, 17 integer (16 binary)
Found heuristic solution: objective 271.0000000

Root relaxation: objective 0.000000e+00, 14 iterations, 0.00 seconds (0.00 work units)

    Nodes    |    Current Node    |     Objective Bounds      |     Work
 Expl Unexpl |  Obj  Depth IntInf | Incumbent    BestBd   Gap | It/Node Time

     0     0    0.00000    0    5  271.00000    0.00000   100%     -    0s
     0     0    0.00000    0    6  271.00000    0.00000   100%     -    0s
     0     0  123.00000    0    5  271.00000  123.00000  54.6%     -    0s
     0     0  257.00000    0    7  271.00000  257.00000  5.17%     -    0s
     0     0  271.00000    0    5  271.00000  271.00000  0.00%     -    0s

Cutting planes:
  Learned: 1
  Gomory: 1
  Cover: 2
  Implied bound: 3
  Flow cover: 4
  RLT: 2

Explored 1 nodes (54 simplex iterations) in 0.03 seconds (0.00 work units)
Thread count was 16 (of 16 available processors)

Solution count 1: 271 

Optimal solution found (tolerance 1.00e-04)
Best objective 2.710000000000e+02, best bound 2.710000000000e+02, gap 0.0000%
Warning: constraint name "precedence between 0,1 to 0,0 if x_[j,l,h,z,i]=1" has a space
Warning: constraint name "precedence between 0,1 to 0,0 if x_[j,l,h,z,i]=1" has a space
Warning: default constraint names used to write mps file
