
Gurobi 10.0.1 (win64) logging started Sun Aug 27 19:51:36 2023

Set parameter LogFile to value "results//log/Fattahi_setup_02_modified_old_makespan.log"
Gurobi Optimizer version 10.0.1 build v10.0.1rc0 (win64)

CPU model: AMD Ryzen 7 3700X 8-Core Processor, instruction set [SSE2|AVX|AVX2]
Thread count: 8 physical cores, 16 logical processors, using up to 16 threads

Optimize a model with 38 rows, 29 columns and 126 nonzeros
Model fingerprint: 0x2ef031e3
Variable types: 6 continuous, 23 integer (22 binary)
Coefficient statistics:
  Matrix range     [1e+00, 1e+06]
  Objective range  [1e+00, 1e+00]
  Bounds range     [1e+00, 1e+00]
  RHS range        [1e+00, 3e+06]
Found heuristic solution: objective 1405.0000000
Presolve removed 13 rows and 13 columns
Presolve time: 0.00s
Presolved: 25 rows, 16 columns, 92 nonzeros
Variable types: 6 continuous, 10 integer (9 binary)

Root relaxation: objective 1.131000e+03, 9 iterations, 0.00 seconds (0.00 work units)

    Nodes    |    Current Node    |     Objective Bounds      |     Work
 Expl Unexpl |  Obj  Depth IntInf | Incumbent    BestBd   Gap | It/Node Time

     0     0 1131.00000    0    4 1405.00000 1131.00000  19.5%     -    0s
H    0     0                    1403.0000000 1131.00000  19.4%     -    0s
H    0     0                    1402.0000000 1131.00000  19.3%     -    0s
H    0     0                    1339.0000000 1131.00000  15.5%     -    0s
     0     0 1138.00000    0    4 1339.00000 1138.00000  15.0%     -    0s

Cutting planes:
  Learned: 1
  Gomory: 1
  Flow cover: 3

Explored 1 nodes (12 simplex iterations) in 0.01 seconds (0.00 work units)
Thread count was 16 (of 16 available processors)

Solution count 4: 1339 1402 1403 1405 

Optimal solution found (tolerance 1.00e-04)
Best objective 1.339000000000e+03, best bound 1.339000000000e+03, gap 0.0000%
Warning: constraint name "precedence between 0,1 to 0,0 if x_[j,l,h,z,i]=1" has a space
Warning: constraint name "precedence between 0,1 to 0,0 if x_[j,l,h,z,i]=1" has a space
Warning: default constraint names used to write mps file
