
Gurobi 10.0.1 (win64) logging started Sun Aug 27 19:51:36 2023

Set parameter LogFile to value "results//log/Fattahi_setup_02_modified_old_deadline.log"
Gurobi Optimizer version 10.0.1 build v10.0.1rc0 (win64)

CPU model: AMD Ryzen 7 3700X 8-Core Processor, instruction set [SSE2|AVX|AVX2]
Thread count: 8 physical cores, 16 logical processors, using up to 16 threads

Optimize a model with 43 rows, 32 columns and 137 nonzeros
Model fingerprint: 0x19cb3293
Model has 1 quadratic constraint
Variable types: 6 continuous, 26 integer (25 binary)
Coefficient statistics:
  Matrix range     [1e+00, 1e+06]
  QMatrix range    [1e+00, 1e+00]
  QLMatrix range   [1e+00, 4e+02]
  Objective range  [1e+00, 1e+00]
  Bounds range     [1e+00, 1e+00]
  RHS range        [1e+00, 3e+06]
Presolve removed 17 rows and 16 columns
Presolve time: 0.00s
Presolved: 30 rows, 18 columns, 104 nonzeros
Variable types: 8 continuous, 10 integer (9 binary)
Found heuristic solution: objective 445.0000000
Found heuristic solution: objective 379.0000000

Root relaxation: objective 0.000000e+00, 8 iterations, 0.00 seconds (0.00 work units)

    Nodes    |    Current Node    |     Objective Bounds      |     Work
 Expl Unexpl |  Obj  Depth IntInf | Incumbent    BestBd   Gap | It/Node Time

     0     0 infeasible    0       379.00000  379.00000  0.00%     -    0s

Explored 1 nodes (8 simplex iterations) in 0.01 seconds (0.00 work units)
Thread count was 16 (of 16 available processors)

Solution count 2: 379 445 

Optimal solution found (tolerance 1.00e-04)
Best objective 3.790000000000e+02, best bound 3.790000000000e+02, gap 0.0000%
Warning: constraint name "precedence between 0,1 to 0,0 if x_[j,l,h,z,i]=1" has a space
Warning: constraint name "precedence between 0,1 to 0,0 if x_[j,l,h,z,i]=1" has a space
Warning: default constraint names used to write mps file
