
Gurobi 10.0.1 (win64) logging started Sun Oct  8 07:17:55 2023

Set parameter LogFile to value "./results//log/FMS_09_makespan_heurTrue.log"
Gurobi Optimizer version 10.0.1 build v10.0.1rc0 (win64)

CPU model: AMD Ryzen 7 3700X 8-Core Processor, instruction set [SSE2|AVX|AVX2]
Thread count: 8 physical cores, 16 logical processors, using up to 16 threads

Optimize a model with 176 rows, 118 columns and 723 nonzeros
Model fingerprint: 0x34ff1f31
Variable types: 0 continuous, 118 integer (99 binary)
Coefficient statistics:
  Matrix range     [1e+00, 1e+07]
  Objective range  [1e+00, 1e+00]
  Bounds range     [1e+00, 1e+00]
  RHS range        [1e+00, 3e+07]

User MIP start did not produce a new incumbent solution
User MIP start violates constraint initial_start_time_job0_stage0_machine0_constraint by 420.000000000

Presolve removed 28 rows and 46 columns
Presolve time: 0.00s
Presolved: 148 rows, 72 columns, 668 nonzeros
Variable types: 0 continuous, 72 integer (54 binary)
Found heuristic solution: objective 3316.0000000

Root relaxation: objective 1.887000e+03, 34 iterations, 0.00 seconds (0.00 work units)

    Nodes    |    Current Node    |     Objective Bounds      |     Work
 Expl Unexpl |  Obj  Depth IntInf | Incumbent    BestBd   Gap | It/Node Time

     0     0 1887.00000    0    9 3316.00000 1887.00000  43.1%     -    0s
Another try with MIP start
H    0     0                    2850.0000000 1887.00000  33.8%     -    0s
H    0     0                    2290.0000000 1887.00000  17.6%     -    0s
     0     0 1895.00014    0   13 2290.00000 1895.00014  17.2%     -    0s
     0     0 1904.65746    0    9 2290.00000 1904.65746  16.8%     -    0s
     0     0 1905.00000    0    9 2290.00000 1905.00000  16.8%     -    0s
     0     0 1905.00000    0   18 2290.00000 1905.00000  16.8%     -    0s
     0     0 1905.00000    0   14 2290.00000 1905.00000  16.8%     -    0s
     0     0 1905.00000    0   17 2290.00000 1905.00000  16.8%     -    0s
     0     0 1907.00000    0   16 2290.00000 1907.00000  16.7%     -    0s
     0     0 1907.00000    0   15 2290.00000 1907.00000  16.7%     -    0s
     0     0 1907.00000    0   12 2290.00000 1907.00000  16.7%     -    0s
     0     0 1907.00000    0   12 2290.00000 1907.00000  16.7%     -    0s
     0     0 1915.00000    0   11 2290.00000 1915.00000  16.4%     -    0s
     0     0 1915.00000    0   11 2290.00000 1915.00000  16.4%     -    0s
     0     2 1915.00000    0   11 2290.00000 1915.00000  16.4%     -    0s

Cutting planes:
  Learned: 30
  Gomory: 2
  Cover: 5
  Implied bound: 8
  MIR: 3
  Inf proof: 9

Explored 1526 nodes (6693 simplex iterations) in 0.70 seconds (0.05 work units)
Thread count was 16 (of 16 available processors)

Solution count 3: 2290 2850 3316 

Optimal solution found (tolerance 1.00e-04)
Best objective 2.290000000000e+03, best bound 2.290000000000e+03, gap 0.0000%
Warning: constraint name "precedence between 0,0 to 0,1 if x_[0,0,0,1,1]=0, i.e. 0,1 before 0,0" has a space
Warning: constraint name "precedence between 0,0 to 0,1 if x_[0,0,0,1,1]=0, i.e. 0,1 before 0,0" has a space
Warning: default constraint names used to write mps file
