
Gurobi 10.0.1 (win64) logging started Sun Oct  8 13:40:30 2023

Set parameter LogFile to value "./results//log/FMS_16_deadline_heurFalse.log"
Gurobi Optimizer version 10.0.1 build v10.0.1rc0 (win64)

CPU model: AMD Ryzen 7 3700X 8-Core Processor, instruction set [SSE2|AVX|AVX2]
Thread count: 8 physical cores, 16 logical processors, using up to 16 threads

Optimize a model with 798 rows, 724 columns and 3298 nonzeros
Model fingerprint: 0x2dd948fb
Model has 1 quadratic constraint
Variable types: 0 continuous, 724 integer (661 binary)
Coefficient statistics:
  Matrix range     [1e+00, 1e+07]
  QMatrix range    [1e+00, 1e+00]
  QLMatrix range   [1e+00, 4e+02]
  Objective range  [1e+00, 1e+00]
  Bounds range     [1e+00, 1e+00]
  RHS range        [1e+00, 3e+07]
Presolve removed 95 rows and 392 columns
Presolve time: 0.01s
Presolved: 727 rows, 355 columns, 3293 nonzeros
Variable types: 0 continuous, 355 integer (269 binary)

Root relaxation: objective 0.000000e+00, 90 iterations, 0.00 seconds (0.00 work units)

    Nodes    |    Current Node    |     Objective Bounds      |     Work
 Expl Unexpl |  Obj  Depth IntInf | Incumbent    BestBd   Gap | It/Node Time

     0     0    0.00000    0   30          -    0.00000      -     -    0s
     0     0    0.00000    0   54          -    0.00000      -     -    0s
     0     0    0.00000    0   50          -    0.00000      -     -    0s
H    0     0                    17222.000000    0.00000   100%     -    0s
H    0     0                    16521.000000    0.00000   100%     -    0s
H    0     0                    15740.000000    0.00000   100%     -    0s
     0     0    0.00000    0   27 15740.0000    0.00000   100%     -    0s
H    0     0                    15739.000000    0.00000   100%     -    0s
H    0     0                    15737.000000    0.00000   100%     -    0s
     0     0    0.00000    0   29 15737.0000    0.00000   100%     -    0s
H    0     0                    14176.000000    0.00000   100%     -    0s
     0     0    0.00000    0   31 14176.0000    0.00000   100%     -    0s
H    0     0                    13115.000000    0.00000   100%     -    0s
H    0     0                    13000.000000    0.00000   100%     -    0s
     0     0  102.24700    0   43 13000.0000  102.24700  99.2%     -    0s
H    0     0                    12835.000000  102.24700  99.2%     -    0s
H    0     0                    11680.000000  102.24700  99.1%     -    0s
     0     0 2522.87665    0   61 11680.0000 2522.87665  78.4%     -    0s
     0     0 2995.95163    0   66 11680.0000 2995.95163  74.3%     -    0s
     0     0 3008.22114    0   69 11680.0000 3008.22114  74.2%     -    0s
H    0     0                    11678.000000 3008.22114  74.2%     -    0s
     0     0 3016.60394    0   68 11678.0000 3016.60394  74.2%     -    0s
H    0     0                    11677.000000 3016.60394  74.2%     -    0s
H    0     0                    10895.000000 3019.76570  72.3%     -    0s
     0     0 3019.76570    0   75 10895.0000 3019.76570  72.3%     -    0s
     0     0 3020.81301    0   74 10895.0000 3020.81301  72.3%     -    0s
     0     0 3022.03580    0   79 10895.0000 3022.03580  72.3%     -    0s
     0     0 3022.58051    0   79 10895.0000 3022.58051  72.3%     -    0s
     0     0 3022.58051    0   73 10895.0000 3022.58051  72.3%     -    0s
     0     2 3022.58051    0   73 10895.0000 3022.58051  72.3%     -    0s
H   32    26                    10893.000000 3059.00000  71.9%  12.3    0s
H   64    52                    10762.000000 3059.00000  71.6%  14.1    0s
H   85    61                    10556.000000 3059.00000  71.0%  12.6    0s
H  137    97                    10506.000000 3059.00000  70.9%  10.3    0s
H  175   151                    10358.000000 3059.00000  70.5%   9.4    0s
H  273   224                    9665.0000000 3059.00000  68.3%   7.6    0s
H  409   317                    9423.0000000 3059.00000  67.5%   7.0    0s
H  464   334                    9409.0000000 3059.00000  67.5%   6.9    0s
H  664   451                    9165.0000000 3059.00000  66.6%   6.5    0s
H 1489   849                    9164.0000000 3181.39007  65.3%   6.5    1s
H 1501   814                    9162.0000000 3242.38597  64.6%   6.4    1s
H 1505   775                    9161.0000000 3256.30015  64.5%   6.4    2s
H 1511   739                    9160.0000000 3271.00000  64.3%   6.4    2s
H 1511   702                    9158.0000000 3271.00000  64.3%   6.4    2s
H 1513   668                    9157.0000000 3279.00000  64.2%   6.4    2s
H 1515   635                    9156.0000000 3281.00000  64.2%   6.4    2s
H 1515   603                    9154.0000000 3281.00000  64.2%   6.4    2s
H 1517   573                    9153.0000000 3287.00000  64.1%   6.3    2s
H 1522   548                    9152.0000000 3320.00000  63.7%   6.3    3s
H 1529   524                    9151.0000000 3383.00000  63.0%   6.3    3s
H 1532   499                    9150.0000000 3392.00000  62.9%   6.3    3s
H 1532   473                    9148.0000000 3392.00000  62.9%   6.3    3s
H 1534   450                    9147.0000000 3395.00000  62.9%   6.3    3s
H 1536   428                    9146.0000000 3397.00000  62.9%   6.3    3s
H 1536   406                    8989.0000000 3397.00000  62.2%   6.3    3s
H 1541   387                    8988.0000000 3401.39708  62.2%   6.2    4s
H 1579   407                    8912.0000000 3452.82293  61.3%  16.2    4s
H 1626   419                    8911.0000000 3452.82293  61.3%  16.7    4s
  1673   451 3485.43115   20  108 8911.00000 3452.82293  61.3%  17.1    5s
H 1674   433                    8855.0000000 3452.82293  61.0%  17.0    5s
H 1826   502                    8472.0000000 3452.82293  59.2%  17.8    6s
H 1987   527                    8410.0000000 3452.82293  58.9%  17.3    6s
 11589  5099 3702.00613   25  104 8410.00000 3594.94093  57.3%  17.1   10s
H12532  5302                    8378.0000000 3606.34904  57.0%  17.1   10s
 21119  9422 5779.20620   30   73 8378.00000 3740.18667  55.4%  16.1   15s
 22598  9925 8127.04668   91   34 8378.00000 3740.18667  55.4%  16.9   21s
 40622 15838 5762.17722   58   37 8378.00000 3874.57936  53.8%  13.9   25s
 58252 24416 4939.21071   61   65 8378.00000 4029.74137  51.9%  12.5   30s
 63589 27635 4933.99747   54   61 8378.00000 4061.91122  51.5%  12.2   36s
 75784 35747 5743.63062   62   64 8378.00000 4104.88059  51.0%  11.8   40s
 84923 41230 7313.40930   57   49 8378.00000 4142.52059  50.6%  11.6   45s
 96803 47465 4840.57239   57   90 8378.00000 4197.21456  49.9%  11.4   50s
 109238 55758 7495.50568   65   40 8378.00000 4245.05224  49.3%  11.2   55s
 121779 63815 6774.27386   69   45 8378.00000 4289.31158  48.8%  11.0   60s
 134226 71646 4790.29300   50   75 8378.00000 4336.19632  48.2%  10.9   65s
 148138 80047 4931.01957   54   82 8378.00000 4375.67049  47.8%  10.8   70s
 160812 86551 6854.57863   66   50 8378.00000 4411.56995  47.3%  10.8   75s
 170340 93144 5688.05716   66   55 8378.00000 4438.83427  47.0%  10.7   80s
 182283 100681 5507.94356   57   87 8378.00000 4470.41469  46.6%  10.7   85s
 192035 106395 8269.41857   95   16 8378.00000 4492.22208  46.4%  10.6   90s
 205245 114374 5234.77989   63   69 8378.00000 4522.39946  46.0%  10.6   95s
 215508 120066 6819.70965   57   75 8378.00000 4543.08077  45.8%  10.6  100s
 226347 127044 6098.12803   55   55 8378.00000 4563.03997  45.5%  10.5  105s
 237389 133013 5758.56044   61   70 8378.00000 4582.97760  45.3%  10.5  110s
 247445 139132 8127.57972   85   24 8378.00000 4599.19389  45.1%  10.5  115s
 258302 146244 5026.12045   58   77 8378.00000 4616.96982  44.9%  10.4  120s
 268186 150965     cutoff   55      8378.00000 4633.73201  44.7%  10.4  125s
 279061 158322 6742.23950   65   54 8378.00000 4647.44016  44.5%  10.4  131s
 289157 163020 5175.67178   54   84 8378.00000 4662.36411  44.3%  10.3  135s
 293809 165251 7369.65393   66   63 8378.00000 4667.90716  44.3%  10.3  141s
 299066 168780 6386.20195   64   52 8378.00000 4674.33260  44.2%  10.3  145s
 307517 174193 7564.33671   65   40 8378.00000 4685.29649  44.1%  10.3  150s
 317866 180127 7106.14799   72   44 8378.00000 4698.33573  43.9%  10.3  156s
 326752 185422 5644.49195   62   74 8378.00000 4708.74863  43.8%  10.3  160s
 335774 190048 infeasible   70      8378.00000 4718.61797  43.7%  10.3  165s
 344781 195195 7005.65188   62   56 8378.00000 4729.82240  43.5%  10.3  170s
 355457 201560 6323.84517   51   49 8378.00000 4742.85961  43.4%  10.2  175s
 363079 206713 infeasible   55      8378.00000 4750.82118  43.3%  10.2  180s
 371502 210785 5404.49437   59   68 8378.00000 4759.11876  43.2%  10.2  185s
 381242 216400 5010.72683   56   82 8378.00000 4769.07090  43.1%  10.2  190s
 389353 220465 6393.71781   63   47 8378.00000 4776.71539  43.0%  10.2  195s
 398883 225797 6149.13132   58   76 8378.00000 4786.68945  42.9%  10.2  200s
 407266 230182 4920.75904   49   96 8378.00000 4794.90179  42.8%  10.2  205s
 414876 234719 6987.23106   61   49 8378.00000 4802.31403  42.7%  10.1  210s
 424146 239827 7664.35618   67   38 8378.00000 4811.59791  42.6%  10.1  215s
 431370 244278 5118.84347   55   79 8378.00000 4818.28205  42.5%  10.1  220s
 439929 248552 6559.71015   55   52 8378.00000 4825.52610  42.4%  10.1  225s
 447405 253347 infeasible   65      8378.00000 4832.59341  42.3%  10.1  230s
 456157 258476 5656.10278   60   49 8378.00000 4841.11594  42.2%  10.1  235s
 464555 262848 7253.95489   64   39 8378.00000 4848.88569  42.1%  10.1  240s
 471454 266864 6830.21562   74   36 8378.00000 4854.65958  42.1%  10.1  245s
 481533 271668 4936.96378   58   97 8378.00000 4862.15466  42.0%  10.1  250s
 489250 276442     cutoff   80      8378.00000 4868.35888  41.9%  10.0  255s
 499156 281319 6795.87592   61   60 8378.00000 4875.40910  41.8%  10.0  260s
 506791 285763 5892.71019   58   57 8378.00000 4882.09223  41.7%  10.0  265s
 514527 290314 infeasible   70      8378.00000 4889.35975  41.6%  10.0  270s
 522587 294772 5925.57595   65   43 8378.00000 4895.85773  41.6%  10.0  275s
 531122 299803 6238.31299   63   83 8378.00000 4902.87868  41.5%  10.0  280s
 538568 303744 7535.00000   83   10 8378.00000 4908.44834  41.4%  10.0  285s
 545984 307936 5548.79400   53   68 8378.00000 4914.24707  41.3%  10.0  290s
*550059 307098             115    8354.0000000 4917.19542  41.1%  10.0  292s
 552801 308268 8331.32792   63   25 8354.00000 4920.13829  41.1%  10.0  295s
 557793 310398 7969.78778   72   28 8354.00000 4925.37535  41.0%  10.0  300s
 562588 312279 infeasible   76      8354.00000 4930.12107  41.0%  10.0  305s
 567801 314554 8012.03247   74   26 8354.00000 4936.14275  40.9%  10.0  310s
 572832 316395 8215.55349   70   35 8354.00000 4941.10735  40.9%  10.0  315s
 578845 319143     cutoff   73      8354.00000 4947.54608  40.8%  10.0  321s
 583443 321149 6642.40458   51   77 8354.00000 4950.75228  40.7%  10.1  326s
 587088 322581 5979.01779   65   50 8354.00000 4955.15356  40.7%  10.1  330s
 592253 324790 6396.60391   56   83 8354.00000 4959.93382  40.6%  10.1  335s
 598300 327432 5072.27898   64   74 8354.00000 4966.04922  40.6%  10.1  341s
 603238 329631 6564.12255   68   43 8354.00000 4970.83103  40.5%  10.1  346s
 608211 331618 5189.74665   55   74 8354.00000 4975.64488  40.4%  10.1  351s
 613165 333685 6944.10140   61   34 8354.00000 4980.65016  40.4%  10.1  356s
 618282 335576 7515.99772   63   36 8354.00000 4985.80996  40.3%  10.1  360s
 622741 337512 7942.63357   61   25 8354.00000 4990.62747  40.3%  10.1  365s
 627520 339402 7938.39777   62   37 8354.00000 4994.78916  40.2%  10.1  370s
 632822 341479 5788.19866   56   69 8354.00000 4998.92167  40.2%  10.1  376s
 637736 343365 5357.80426   57   79 8354.00000 5003.98071  40.1%  10.1  381s
 642322 345339 5442.90869   53  100 8354.00000 5007.33863  40.1%  10.2  385s
 647447 347684 6750.17695   70   35 8354.00000 5012.78716  40.0%  10.2  390s
 652686 349894 5519.77684   62   60 8354.00000 5016.69218  39.9%  10.2  395s
 657775 351961 8228.99616   57   28 8354.00000 5020.97770  39.9%  10.2  400s
 662248 353936 7093.57837   59   51 8354.00000 5024.10149  39.9%  10.2  405s
 667571 355927 6277.44184   61   57 8354.00000 5028.60035  39.8%  10.2  410s
 672842 358071 infeasible   63      8354.00000 5033.31585  39.7%  10.2  416s
 677789 359906 5458.73928   65   80 8354.00000 5037.97496  39.7%  10.2  421s
 683042 361577 7539.23132   68   37 8354.00000 5041.88244  39.6%  10.2  426s
 687453 363663 infeasible   73      8354.00000 5045.38464  39.6%  10.2  431s
 692662 365712 7932.48797   72   32 8354.00000 5049.68091  39.6%  10.2  436s
 695939 366960 infeasible   81      8354.00000 5052.61532  39.5%  10.2  440s
 700905 368862 6456.21772   70   38 8354.00000 5056.98748  39.5%  10.2  446s
 705285 370422 7141.90943   71   46 8354.00000 5060.59482  39.4%  10.2  451s
 708734 371899 8281.36822   64   36 8354.00000 5063.85670  39.4%  10.2  455s
 714078 373807 7246.28128   56   59 8354.00000 5066.81166  39.3%  10.3  461s
 717388 375146 7339.02914   62   38 8354.00000 5069.18266  39.3%  10.3  465s
 722413 377091 6944.74717   57   68 8354.00000 5072.69140  39.3%  10.3  471s
 726798 378928 infeasible   65      8354.00000 5076.02335  39.2%  10.3  476s
 729929 380147 6520.83108   59   49 8354.00000 5078.70401  39.2%  10.3  480s
 733546 381298 infeasible   56      8354.00000 5080.71725  39.2%  10.3  485s
 738640 383267 7844.42477   70   31 8354.00000 5084.47690  39.1%  10.3  491s
 741774 384593 infeasible   67      8354.00000 5086.41912  39.1%  10.3  496s
 745199 385937 6042.06402   62   47 8354.00000 5088.73448  39.1%  10.3  500s
 749739 387470 5328.23236   64   75 8354.00000 5091.91462  39.0%  10.3  506s
 752985 388727 5642.22231   64   79 8354.00000 5093.81991  39.0%  10.3  510s
 756454 390160 6005.56437   62   64 8354.00000 5096.74266  39.0%  10.3  515s
 759937 391473 8201.50713   69   39 8354.00000 5099.69929  39.0%  10.3  520s
 764799 393352 7389.61457   69   32 8354.00000 5102.92852  38.9%  10.3  527s
 768288 394355 infeasible   70      8354.00000 5104.96829  38.9%  10.3  531s
 771323 395514 8008.94386   63   37 8354.00000 5106.63203  38.9%  10.3  536s
 774441 396673 6838.41803   67   62 8354.00000 5108.99904  38.8%  10.3  540s
 777665 397949 7143.79534   67   52 8354.00000 5111.51558  38.8%  10.3  545s
 780969 399050     cutoff   67      8354.00000 5113.68720  38.8%  10.3  550s
 785693 401116 6819.15308   63   42 8354.00000 5116.80564  38.8%  10.4  557s
 788995 402343 6058.18434   63   83 8354.00000 5118.88493  38.7%  10.4  561s
 791823 403489 5873.25160   67   73 8354.00000 5120.81694  38.7%  10.4  565s
 795113 404659 6020.13248   62   61 8354.00000 5122.85817  38.7%  10.4  570s
 798487 406050 infeasible   81      8354.00000 5125.58692  38.6%  10.4  575s
 801543 407105 infeasible   64      8354.00000 5127.76947  38.6%  10.4  580s
 804674 408273 8022.17807   72   30 8354.00000 5130.39124  38.6%  10.4  586s
 808142 409751 8208.70742   64   24 8354.00000 5133.37753  38.6%  10.4  591s
 810948 410859 6586.32167   56   36 8354.00000 5135.21810  38.5%  10.4  596s
 814446 412185 6059.92500   53   69 8354.00000 5137.55872  38.5%  10.4  600s
 817811 413452 6769.20497   66   50 8354.00000 5139.38481  38.5%  10.4  605s
 820878 414947 infeasible   66      8354.00000 5141.49172  38.5%  10.4  610s
 824071 416171 5777.38324   58   71 8354.00000 5143.38318  38.4%  10.4  615s
 827377 417564 8253.09853   78   34 8354.00000 5145.38756  38.4%  10.4  621s
 830836 418762 7858.00000   76   22 8354.00000 5147.40414  38.4%  10.4  626s
 833641 419924 6647.29355   58   51 8354.00000 5149.32167  38.4%  10.4  631s
 836860 421354 6334.62203   69   56 8354.00000 5151.04655  38.3%  10.4  637s
 838586 422033 infeasible   64      8354.00000 5152.56615  38.3%  10.4  640s
 841946 423464 8274.24776   68   42 8354.00000 5154.47252  38.3%  10.4  645s
 845365 424743 5320.20589   61   79 8354.00000 5156.60641  38.3%  10.4  651s
 848590 426064 5871.89891   57   49 8354.00000 5158.19862  38.3%  10.4  657s
 850355 426800     cutoff   69      8354.00000 5159.62183  38.2%  10.4  660s
 853234 427816 6149.34161   56   80 8354.00000 5161.47261  38.2%  10.4  665s
 856601 429170 infeasible   69      8354.00000 5163.63386  38.2%  10.5  671s
 859984 430665 7179.90004   69   48 8354.00000 5165.62749  38.2%  10.5  677s
 863373 431740 8318.00000   80   13 8354.00000 5167.08760  38.1%  10.5  682s
H864973 424326                    8301.0000000 5168.53746  37.7%  10.5  685s
 867860 425652 6538.19431   61   61 8301.00000 5170.21719  37.7%  10.5  691s
 871364 426782 6584.71481   66   60 8301.00000 5172.51279  37.7%  10.5  697s
 874127 427969 6890.71940   59   44 8301.00000 5174.35946  37.7%  10.5  702s
 877337 429204 8081.09993   69   41 8301.00000 5176.34432  37.6%  10.5  707s
 879062 429874 7131.89538   71   41 8301.00000 5177.60695  37.6%  10.5  710s
 882197 431056 5516.83795   64   62 8301.00000 5179.94182  37.6%  10.5  716s
 885540 432205 6625.78440   64   78 8301.00000 5182.25814  37.6%  10.5  723s
 887276 432719 7530.05770   72   35 8301.00000 5183.20217  37.6%  10.5  726s
 890513 433980 6177.67442   62   58 8301.00000 5184.69738  37.5%  10.5  732s
 892254 434485 6256.93302   66   66 8301.00000 5185.84850  37.5%  10.5  735s
 894956 435558 5446.10707   64   80 8301.00000 5187.82842  37.5%  10.5  740s
 898244 436740 6893.02734   64   45 8301.00000 5189.67701  37.5%  10.5  746s
 900028 437361 7569.77116   54   45 8301.00000 5190.45530  37.5%  10.5  750s
 903401 438631 infeasible   66      8301.00000 5192.59873  37.4%  10.5  756s
 906792 439946 7727.86291   73   36 8301.00000 5194.78347  37.4%  10.5  763s
 908535 440571 6693.32059   52   81 8301.00000 5196.08041  37.4%  10.5  766s
 911809 441680 5702.20777   61   65 8301.00000 5197.73377  37.4%  10.5  772s
 913263 442337 7639.97943   67   31 8301.00000 5198.44009  37.4%  10.5  776s
 916109 443460 5339.62205   67   77 8301.00000 5200.23210  37.4%  10.5  781s
 917917 444016 5614.07757   54   80 8301.00000 5201.25405  37.3%  10.5  785s
 921324 445142 infeasible   71      8301.00000 5203.21006  37.3%  10.5  791s
 924553 446315 8091.35156   63   40 8301.00000 5204.75218  37.3%  10.5  797s
 926141 446826 8067.22895   65   25 8301.00000 5205.76338  37.3%  10.5  801s
 929219 448157 6063.94635   68   57 8301.00000 5207.85227  37.3%  10.6  808s
 930896 448788     cutoff   71      8301.00000 5208.73586  37.3%  10.6  811s
 934107 450006 7277.29584   77   14 8301.00000 5210.54648  37.2%  10.6  818s
 935856 450348     cutoff   71      8301.00000 5211.68829  37.2%  10.6  821s
 938808 451874 5350.25334   53   70 8301.00000 5213.13572  37.2%  10.6  828s
 940620 452490 6833.79123   56   44 8301.00000 5213.87471  37.2%  10.6  831s
H942387 427748                    8170.0000000 5214.88386  36.2%  10.6  834s
 942404 428264 7521.49633   71   23 8170.00000 5215.03024  36.2%  10.6  836s
 943708 428839 5882.91780   61   73 8170.00000 5215.79370  36.2%  10.6  842s
 945379 429362 6566.09145   63   39 8170.00000 5216.81313  36.1%  10.6  845s
 948653 430615 infeasible   83      8170.00000 5218.79468  36.1%  10.6  853s
 950426 431257 5828.67117   61   73 8170.00000 5219.86338  36.1%  10.6  856s
 952161 431982 infeasible   65      8170.00000 5220.75798  36.1%  10.6  860s
 955716 433235 6531.50877   62   53 8170.00000 5222.84806  36.1%  10.6  867s
 957542 433564 6308.19389   59   66 8170.00000 5223.55687  36.1%  10.6  870s
 960349 434581 6861.80983   58   58 8170.00000 5225.12714  36.0%  10.6  876s
 961922 435126 5806.77160   58   79 8170.00000 5225.91920  36.0%  10.6  880s
 965106 436291 8053.41779   66   35 8170.00000 5227.84799  36.0%  10.6  887s
 966908 436787 6149.01763   57   61 8170.00000 5229.04508  36.0%  10.6  891s
 970176 437875 5577.82474   49   98 8170.00000 5230.78166  36.0%  10.6  898s
 971843 438340 7868.22733   59   65 8170.00000 5231.96660  36.0%  10.6  902s
 973592 438862 5991.67064   56   80 8170.00000 5233.23132  35.9%  10.6  905s
 976825 440032 6743.35377   59   46 8170.00000 5235.16851  35.9%  10.6  913s
 978420 440447 6428.47618   67   39 8170.00000 5235.98307  35.9%  10.6  915s
 981344 441330 6204.79951   57   68 8170.00000 5237.30249  35.9%  10.6  922s
 982733 441971 7948.00000   73   20 8170.00000 5238.24512  35.9%  10.6  926s
 984538 442550 5494.78228   56   52 8170.00000 5239.22525  35.9%  10.6  930s
 987925 443741 infeasible   67      8170.00000 5240.92857  35.9%  10.6  938s
 989428 444377 7062.45010   62   56 8170.00000 5242.01526  35.8%  10.6  942s
 991192 444991 6270.73023   59   58 8170.00000 5242.89315  35.8%  10.6  946s
 992930 445610 7841.14844   63   29 8170.00000 5243.91743  35.8%  10.7  950s
 996384 446736 7724.31464   70   15 8170.00000 5245.67181  35.8%  10.7  959s
 998089 447291 7183.43216   77   24 8170.00000 5246.64001  35.8%  10.7  963s
 999780 447681 infeasible   73      8170.00000 5247.68134  35.8%  10.7  966s
 1000934 448091 6440.59818   62   85 8170.00000 5248.37957  35.8%  10.7  970s
 1004171 449462 6430.64038   62   43 8170.00000 5250.04122  35.7%  10.7  977s
 1006021 450072 5782.57844   57   74 8170.00000 5250.67884  35.7%  10.7  981s
 1007579 450659 7674.38457   76   29 8170.00000 5251.71716  35.7%  10.7  985s
 1011016 451825 7078.26131   57   66 8170.00000 5253.58459  35.7%  10.7  993s
 1012718 452350 6666.79698   65   53 8170.00000 5254.73424  35.7%  10.7  997s
 1014351 452888 5281.17781   49   83 8170.00000 5255.95720  35.7%  10.7 1001s
 1015936 453425 infeasible   61      8170.00000 5256.76833  35.7%  10.7 1005s
 1017557 453450 5926.25513   54   71 8170.00000 5257.68437  35.6%  10.7 1012s
 1017622 453748 6486.69533   55   55 8170.00000 5257.72130  35.6%  10.7 1015s
 1020349 454787 6777.00000   70   43 8170.00000 5259.41170  35.6%  10.7 1022s
 1021501 455357 6124.75448   68   46 8170.00000 5260.29592  35.6%  10.7 1025s
 1024814 456556 6628.82492   69   60 8170.00000 5261.92192  35.6%  10.7 1033s
 1026531 457120 7377.88703   63   46 8170.00000 5262.76078  35.6%  10.7 1037s
 1028398 457745 infeasible   57      8170.00000 5263.35614  35.6%  10.7 1040s
 1031823 459007 7548.04134   62   34 8170.00000 5265.34663  35.6%  10.7 1048s
 1033470 459600 6364.82557   58   55 8170.00000 5266.41936  35.5%  10.7 1052s
 1035044 460168     cutoff   72      8170.00000 5267.33095  35.5%  10.7 1055s
 1038261 461310 6156.69318   58   79 8170.00000 5269.09853  35.5%  10.7 1063s
 1039917 461931 6140.87367   65   68 8170.00000 5270.02348  35.5%  10.7 1067s
 1041649 462380 6534.37245   64   59 8170.00000 5270.80991  35.5%  10.7 1070s
 1044376 463406 5780.09025   61   83 8170.00000 5273.08687  35.5%  10.7 1077s
 1046236 464030 7087.24036   67   29 8170.00000 5273.77658  35.4%  10.7 1081s
 1047895 464598 7341.37145   60   57 8170.00000 5274.64060  35.4%  10.7 1085s
 1051270 465746 5776.01316   69   70 8170.00000 5276.43655  35.4%  10.7 1092s
 1052910 466285 infeasible   64      8170.00000 5277.04093  35.4%  10.7 1096s
 1054551 466811 infeasible   71      8170.00000 5278.29583  35.4%  10.7 1100s
 1057844 467994 7404.24036   73   22 8170.00000 5280.15635  35.4%  10.7 1108s
 1059483 468503 6077.70112   54   83 8170.00000 5281.13063  35.4%  10.7 1112s
 1061150 469073 5901.35997   68   70 8170.00000 5281.73966  35.4%  10.8 1115s
 1064104 469945 8079.48120   90   13 8170.00000 5283.15618  35.3%  10.8 1121s
 1065559 470640 7660.02831   67   21 8170.00000 5283.98926  35.3%  10.8 1126s
 1067404 471153 8100.63888   64   27 8170.00000 5284.64471  35.3%  10.8 1130s
 1070954 472199 infeasible   66      8170.00000 5286.61578  35.3%  10.8 1137s
 1072619 472816 7212.44413   64   63 8170.00000 5287.73509  35.3%  10.8 1141s
 1074315 473328 7785.70152   54   55 8170.00000 5288.69989  35.3%  10.8 1145s
 1077534 474446 6186.07596   65   62 8170.00000 5290.68370  35.2%  10.8 1153s
 1079241 474968 7855.34445   84   12 8170.00000 5291.52258  35.2%  10.8 1157s
 1080833 475573 5670.63769   64   65 8170.00000 5292.66570  35.2%  10.8 1161s
 1082590 476095 5938.03436   59   71 8170.00000 5293.48444  35.2%  10.8 1165s
 1085510 477109 7987.90842   56   46 8170.00000 5294.61977  35.2%  10.8 1171s
 1086982 477689 7764.26981   59   46 8170.00000 5295.40931  35.2%  10.8 1175s
 1090358 478826 infeasible   72      8170.00000 5296.88745  35.2%  10.8 1183s
 1092015 479338 infeasible   73      8170.00000 5297.73574  35.2%  10.8 1186s
 1093679 479941 6702.15389   68   42 8170.00000 5298.80325  35.1%  10.8 1190s
 1096567 480494 7041.86529   79   35 8170.00000 5299.78157  35.1%  10.8 1195s
 1098757 481559 infeasible   75      8170.00000 5301.35949  35.1%  10.8 1202s
 1100357 482084 6547.59007   61   53 8170.00000 5301.98605  35.1%  10.8 1206s
 1101956 482091 6055.44850   64   54 8170.00000 5302.71545  35.1%  10.8 1213s
 1101977 482501 6097.28439   65   57 8170.00000 5302.84888  35.1%  10.8 1216s
 1103255 483086 5753.74355   62   76 8170.00000 5303.29021  35.1%  10.8 1220s
 1106070 484060 6190.40451   62   72 8170.00000 5304.78496  35.1%  10.8 1226s
 1107739 484549 infeasible   68      8170.00000 5305.41842  35.1%  10.8 1230s
 1111120 485689 6393.68849   57   80 8170.00000 5307.19753  35.0%  10.8 1238s
 1112675 486206 5658.65541   59   75 8170.00000 5308.32143  35.0%  10.8 1242s
 1114524 486890 5487.86618   60   67 8170.00000 5309.03165  35.0%  10.8 1246s
 1116235 487563 infeasible   68      8170.00000 5309.93446  35.0%  10.8 1250s
 1119623 488568 8053.00000   71   16 8170.00000 5311.74515  35.0%  10.8 1258s
 1121179 489151 6038.96856   66   77 8170.00000 5312.41548  35.0%  10.8 1262s
 1122894 489767 infeasible   68      8170.00000 5313.37996  35.0%  10.8 1266s
 1124628 490515 6400.56445   65   48 8170.00000 5314.21445  35.0%  10.8 1270s
 1127812 491513 5751.09277   67   61 8170.00000 5315.98668  34.9%  10.9 1277s
 1129365 492189 infeasible   74      8170.00000 5316.85006  34.9%  10.9 1281s
 1131149 492618 6072.15704   62   62 8170.00000 5317.77412  34.9%  10.9 1285s
 1134449 493851 6822.22070   57   61 8170.00000 5319.45480  34.9%  10.9 1293s
 1136323 494402 6179.74753   54   69 8170.00000 5320.21690  34.9%  10.9 1297s
 1138118 494977 5599.27552   60   93 8170.00000 5321.19540  34.9%  10.9 1301s
 1141541 496116 6150.45865   68   60 8170.00000 5322.72703  34.9%  10.9 1308s
 1143163 496718 5495.61433   63   89 8170.00000 5323.29467  34.8%  10.9 1312s
 1144905 497316 6650.37006   61   54 8170.00000 5324.27967  34.8%  10.9 1316s
 1146602 497870 5854.25093   55   56 8170.00000 5325.08160  34.8%  10.9 1320s
 1149388 498897 7387.38340   67   58 8170.00000 5326.72332  34.8%  10.9 1327s
 1151202 499424 infeasible   68      8170.00000 5327.25697  34.8%  10.9 1330s
 1154527 500566 infeasible   68      8170.00000 5328.68758  34.8%  10.9 1339s
 1156233 501130 infeasible   71      8170.00000 5329.96180  34.8%  10.9 1343s
 1157996 501764 5822.28136   64   77 8170.00000 5330.85902  34.8%  10.9 1347s
 1159757 502446 infeasible   63      8170.00000 5331.70670  34.7%  10.9 1351s
 1161657 502955 5556.79601   53   86 8170.00000 5332.79537  34.7%  10.9 1355s
 1164986 504240 8064.84310   74   19 8170.00000 5334.55692  34.7%  10.9 1363s
 1166799 504706 8015.00000   69   25 8170.00000 5335.46352  34.7%  10.9 1367s
 1168406 505323 8075.43165   64   46 8170.00000 5336.21185  34.7%  10.9 1371s
 1171367 506394 7864.40469   65   13 8170.00000 5337.52644  34.7%  10.9 1378s
 1173341 507099 7982.47812   71   21 8170.00000 5338.20966  34.7%  10.9 1382s
 1175311 507583 5993.24036   61   33 8170.00000 5339.00827  34.7%  10.9 1386s
 1178586 508700 5785.84646   55   64 8170.00000 5340.41044  34.6%  10.9 1393s
 1180260 509242     cutoff   65      8170.00000 5341.14155  34.6%  10.9 1397s
 1181801 509841 7730.36399   69   25 8170.00000 5341.94539  34.6%  10.9 1402s
 1183634 510440 6551.15230   73   49 8170.00000 5342.70444  34.6%  10.9 1406s
 1186629 511514     cutoff   60      8170.00000 5344.51756  34.6%  10.9 1413s
 1188339 512170 6944.03689   64   42 8170.00000 5345.18492  34.6%  10.9 1417s
 1190162 512796 6942.56981   72   57 8170.00000 5345.94596  34.6%  10.9 1421s
 1193182 513735 5789.65514   57   47 8170.00000 5347.70441  34.5%  11.0 1428s
 1194720 514244 6532.94748   69   32 8170.00000 5348.53625  34.5%  11.0 1432s
 1196172 514869 6927.44715   62   60 8170.00000 5349.13888  34.5%  11.0 1436s
 1198100 515424 7074.34795   65   33 8170.00000 5350.04230  34.5%  11.0 1440s
 1201384 516625     cutoff   69      8170.00000 5351.66151  34.5%  11.0 1448s
 1203156 517177 7887.43012   67   53 8170.00000 5352.53595  34.5%  11.0 1452s
 1204914 517814 6956.95517   67   47 8170.00000 5353.13527  34.5%  11.0 1456s
 1206703 518375 5476.03409   56   81 8170.00000 5353.90740  34.5%  11.0 1460s
 1209705 519405 5991.41078   56   71 8170.00000 5355.28091  34.5%  11.0 1468s
 1211663 519997 6642.22970   62   53 8170.00000 5356.14043  34.4%  11.0 1472s
 1213284 520451 infeasible   77      8170.00000 5356.84201  34.4%  11.0 1475s
 1216378 521727 6819.70795   56   66 8170.00000 5358.14312  34.4%  11.0 1483s
 1218036 522256 6977.97877   60   57 8170.00000 5358.97374  34.4%  11.0 1487s
 1219513 523023 5962.03752   63   64 8170.00000 5359.48095  34.4%  11.0 1491s
 1221434 523613 6935.15208   68   32 8170.00000 5360.45451  34.4%  11.0 1496s
 1223140 524243 5913.14201   65   59 8170.00000 5361.24680  34.4%  11.0 1500s
 1226597 525373 5928.89509   64   30 8170.00000 5362.85193  34.4%  11.0 1508s
 1228147 526144 6774.59911   67   60 8170.00000 5363.45170  34.4%  11.0 1512s
 1229988 526664 8088.12879   69   40 8170.00000 5364.20719  34.3%  11.0 1516s
 1231582 527194 7144.40055   65   45 8170.00000 5365.00986  34.3%  11.0 1520s
 1234946 528134 6590.54447   66   38 8170.00000 5366.88656  34.3%  11.0 1527s
 1236186 528685 7913.00000   64   22 8170.00000 5367.42767  34.3%  11.0 1531s
 1237854 529212 6515.62647   62   43 8170.00000 5368.18043  34.3%  11.0 1536s
 1239771 529655 7298.84854   66   28 8170.00000 5369.17700  34.3%  11.0 1540s
 1243029 530737 6455.39287   60   70 8170.00000 5370.67952  34.3%  11.0 1548s
 1244670 531286 5595.68500   59   86 8170.00000 5371.39915  34.3%  11.0 1552s
 1246175 531902 6432.20953   67   76 8170.00000 5372.08776  34.2%  11.0 1556s
 1247936 532437 5653.40666   61   70 8170.00000 5372.70957  34.2%  11.0 1560s
 1251262 533515 7570.38017   68   32 8170.00000 5374.44226  34.2%  11.0 1568s
 1252891 534029 5420.65732   56   77 8170.00000 5375.10774  34.2%  11.0 1572s
 1254484 534550 8111.86922   66   27 8170.00000 5375.87492  34.2%  11.0 1576s
 1257350 535533 6188.05645   57   67 8170.00000 5376.88235  34.2%  11.0 1583s
 1259033 536127 6606.47888   54   45 8170.00000 5377.59647  34.2%  11.0 1587s
 1260859 536658 5599.64433   60   74 8170.00000 5378.44280  34.2%  11.0 1591s
 1262406 537131 5439.16385   61   93 8170.00000 5379.21100  34.2%  11.0 1595s
 1265849 538152 7459.76538   65   57 8170.00000 5380.60479  34.1%  11.0 1603s
 1267215 538798 7659.85031   63   45 8170.00000 5381.42755  34.1%  11.0 1607s
 1269148 539264 6064.75707   59   81 8170.00000 5382.12665  34.1%  11.1 1611s
 1270488 539869 8051.57727   77   25 8170.00000 5382.96596  34.1%  11.1 1615s
 1272239 540507 5758.73973   60   87 8170.00000 5383.61467  34.1%  11.1 1620s
 1275732 541727 7560.83113   68   29 8170.00000 5385.59349  34.1%  11.1 1628s
 1277651 542203 7341.56635   80   40 8170.00000 5386.27515  34.1%  11.1 1631s
 1280564 543398 7821.07523   67   34 8170.00000 5387.37155  34.1%  11.1 1638s
 1282481 543991 5915.75201   67   60 8170.00000 5388.07693  34.1%  11.1 1642s
 1284121 544459 6863.12564   62   62 8170.00000 5388.54641  34.0%  11.1 1646s
 1285694 544985 6990.14774   60   58 8170.00000 5389.18335  34.0%  11.1 1650s
 1288990 546267 8036.82671   65   21 8170.00000 5390.52507  34.0%  11.1 1658s
 1290857 546786 6678.39612   65   34 8170.00000 5391.53630  34.0%  11.1 1662s
 1292564 547399     cutoff   68      8170.00000 5392.27409  34.0%  11.1 1666s
 1294371 547992 5503.11006   68   83 8170.00000 5393.07180  34.0%  11.1 1670s
 1297631 549094     cutoff   64      8170.00000 5394.59019  34.0%  11.1 1678s
 1299363 549472 6799.89629   63   68 8170.00000 5395.17467  34.0%  11.1 1680s
 1300511 549979 6768.43846   63   64 8170.00000 5395.77086  34.0%  11.1 1685s
 1304087 551038 6640.28733   62   72 8170.00000 5397.56547  33.9%  11.1 1693s
 1305930 551624 5501.08220   58   67 8170.00000 5398.14554  33.9%  11.1 1697s
 1307651 552074 6894.74391   59   53 8170.00000 5398.88513  33.9%  11.1 1701s
 1309910 552663 6057.24140   59   41 8170.00000 5399.79428  33.9%  11.1 1705s
 1312656 553722 5538.53993   62   58 8170.00000 5401.19462  33.9%  11.1 1713s
 1314340 554262 8138.61642   72   29 8170.00000 5401.85444  33.9%  11.1 1717s
 1316136 554826 6189.90042   60   50 8170.00000 5402.76603  33.9%  11.1 1721s
 1317855 555343 8114.63700   79   16 8170.00000 5403.50654  33.9%  11.1 1725s
 1321135 556375 5624.73553   48   69 8170.00000 5405.00236  33.8%  11.1 1732s
 1322332 556939 5765.01581   56   69 8170.00000 5405.35885  33.8%  11.1 1736s
 1323988 557510 7660.00000   79   30 8170.00000 5406.19025  33.8%  11.1 1740s
 1325765 558107 5816.40010   72   60 8170.00000 5406.92071  33.8%  11.1 1745s
 1329417 559288 8037.43648   62   44 8170.00000 5408.50950  33.8%  11.1 1753s
 1331137 559861 7144.81365   56   61 8170.00000 5409.09588  33.8%  11.1 1757s
 1332781 560344 5982.64251   67   56 8170.00000 5409.64771  33.8%  11.1 1761s
 1334620 561006 7995.20359   61   49 8170.00000 5410.36892  33.8%  11.1 1765s
 1338160 562131 6363.32264   61   56 8170.00000 5411.58488  33.8%  11.1 1772s
 1339659 562577 6366.21455   61   73 8170.00000 5411.98780  33.8%  11.1 1776s
 1341160 563179 5726.97990   51   61 8170.00000 5412.77383  33.7%  11.1 1780s
 1344290 563633 5466.65111   65   65 8170.00000 5414.08370  33.7%  11.1 1786s
 1344460 564488 5475.14061   66   64 8170.00000 5414.09403  33.7%  11.1 1791s
 1346814 565056 7043.80225   66   51 8170.00000 5414.78035  33.7%  11.1 1796s
 1348671 565620 7642.35323   72   45 8170.00000 5415.65021  33.7%  11.1 1800s
 1350432 566395 8081.35154   59   33 8170.00000 5416.47773  33.7%  11.1 1805s
 1354252 567577 7729.44296   67   20 8170.00000 5418.02060  33.7%  11.2 1814s
 1356252 568147 7965.62344   70   40 8170.00000 5418.95731  33.7%  11.2 1818s
 1357951 568716 infeasible   71      8170.00000 5419.42514  33.7%  11.2 1822s
 1359765 569397     cutoff   72      8170.00000 5419.99053  33.7%  11.2 1826s
 1361694 569888 infeasible   66      8170.00000 5420.73263  33.7%  11.2 1830s
 1365012 570451 6721.15124   70   58 8170.00000 5421.66879  33.6%  11.2 1835s
 1366442 571338 6732.72741   65   50 8170.00000 5422.86314  33.6%  11.2 1842s
 1368181 571946 6601.28903   58   76 8170.00000 5423.42062  33.6%  11.2 1846s
 1370087 572422 7944.98460   71   44 8170.00000 5424.34318  33.6%  11.2 1850s
 1373287 573545     cutoff   57      8170.00000 5425.74996  33.6%  11.2 1858s
 1375231 574135 7372.85081   63   56 8170.00000 5426.42311  33.6%  11.2 1862s
 1376829 574660 6010.84172   55   68 8170.00000 5426.83041  33.6%  11.2 1866s
 1378340 575344 6513.10778   66   48 8170.00000 5427.87461  33.6%  11.2 1871s
 1380403 575985 8006.89888   79   16 8170.00000 5428.73586  33.6%  11.2 1875s
 1384097 577146 8032.44649   74   29 8170.00000 5430.08395  33.5%  11.2 1883s
 1385801 577396 7020.16881   78   39 8170.00000 5430.75061  33.5%  11.2 1887s
 1387004 578108 5998.89749   57   58 8170.00000 5431.22692  33.5%  11.2 1891s
 1388984 578624 7662.21199   64   60 8170.00000 5431.97119  33.5%  11.2 1895s
 1392205 579685 infeasible   77      8170.00000 5433.18285  33.5%  11.2 1903s
 1394098 580184 infeasible   56      8170.00000 5434.02569  33.5%  11.2 1907s
 1395677 580737 6520.59019   59   83 8170.00000 5434.78607  33.5%  11.2 1911s
 1397345 581268 infeasible   67      8170.00000 5435.53246  33.5%  11.2 1915s
 1400548 582504 6095.20910   65   65 8170.00000 5436.86068  33.5%  11.2 1923s
 1402489 583045 5963.78063   59   72 8170.00000 5437.66035  33.4%  11.2 1927s
 1404144 583525 7142.65932   55   47 8170.00000 5438.20131  33.4%  11.2 1931s
 1406052 584059 infeasible   56      8170.00000 5438.94283  33.4%  11.2 1935s
 1408822 585068 7826.61800   71   49 8170.00000 5440.04857  33.4%  11.2 1944s
 1410954 585764 6455.90974   64   60 8170.00000 5440.97519  33.4%  11.2 1948s
 1412995 586262 infeasible   86      8170.00000 5441.72881  33.4%  11.2 1953s
 1414650 586802 6098.33055   65   58 8170.00000 5442.44118  33.4%  11.2 1957s
 1416356 587385 6334.18858   66   74 8170.00000 5443.07003  33.4%  11.2 1961s
 1418270 587891 6498.81682   72   52 8170.00000 5443.83196  33.4%  11.2 1965s
 1419924 588495 infeasible   68      8170.00000 5444.49873  33.4%  11.2 1970s
 1423532 589466 infeasible   70      8170.00000 5445.41687  33.3%  11.2 1977s
 1425146 589946 5913.91186   59   80 8170.00000 5446.01882  33.3%  11.2 1981s
 1426850 590444 8005.55838   70   29 8170.00000 5446.79344  33.3%  11.2 1985s
 1429625 591531 7731.16235   85   31 8170.00000 5447.95290  33.3%  11.2 1992s
 1431665 591973 7541.31529   78   25 8170.00000 5448.66597  33.3%  11.2 1996s
 1433183 592556 6338.54373   52   59 8170.00000 5449.38689  33.3%  11.2 2000s
 1435032 593131 6492.65632   65   51 8170.00000 5449.90322  33.3%  11.2 2005s
 1438630 594144 6176.74528   67   26 8170.00000 5451.44372  33.3%  11.2 2012s
 1440177 594705 7987.74539   83   11 8170.00000 5451.83358  33.3%  11.2 2017s
 1442024 595185 7819.40136   66   56 8170.00000 5452.64335  33.3%  11.2 2021s
 1443623 595772 6143.31154   59   92 8170.00000 5453.19066  33.3%  11.2 2025s
 1447137 596841 8159.41747   75   20 8170.00000 5454.40409  33.2%  11.2 2033s
 1448760 597410 7876.89620   65   28 8170.00000 5455.10572  33.2%  11.2 2037s
 1450640 597818 7801.36683   65   51 8170.00000 5455.82164  33.2%  11.2 2041s
 1451830 598439 7657.40016   68   37 8170.00000 5456.34170  33.2%  11.2 2045s
 1455553 599514 7341.00000   76   18 8170.00000 5457.55807  33.2%  11.3 2053s
 1457224 600027 5924.91373   61   70 8170.00000 5458.22500  33.2%  11.3 2057s
 1459047 600577 infeasible   69      8170.00000 5458.87702  33.2%  11.3 2062s
 1460702 601210 8158.42764   60   58 8170.00000 5459.57795  33.2%  11.3 2066s
 1462453 601720 infeasible   65      8170.00000 5460.05331  33.2%  11.3 2070s
 1465810 602853 8093.00000   60   22 8170.00000 5461.44235  33.2%  11.3 2078s
 1467557 603343 infeasible   71      8170.00000 5462.03572  33.1%  11.3 2081s
 1469156 603841 6163.82731   58   57 8170.00000 5462.69356  33.1%  11.3 2086s
 1470815 604395 7785.11442   62   44 8170.00000 5463.41365  33.1%  11.3 2090s
 1473490 605512 7541.94604   67   40 8170.00000 5464.75420  33.1%  11.3 2098s
 1476014 605973 5799.79179   68   82 8170.00000 5465.54317  33.1%  11.3 2102s
 1477563 606468 7699.23072   64   51 8170.00000 5466.07676  33.1%  11.3 2106s
 1479160 606909     cutoff   63      8170.00000 5466.70738  33.1%  11.3 2111s
 1480974 607424 6515.52121   52   61 8170.00000 5467.37552  33.1%  11.3 2115s
 1484656 608475 7755.32869   65   51 8170.00000 5468.70627  33.1%  11.3 2123s
 1486549 609008 6189.62847   63   47 8170.00000 5469.18097  33.1%  11.3 2127s
 1488254 609596 7260.16241   62   54 8170.00000 5469.71235  33.1%  11.3 2131s
 1489866 610161 7421.38422   64   47 8170.00000 5470.23833  33.0%  11.3 2135s
 1493158 611009 5892.33153   55   72 8170.00000 5471.31306  33.0%  11.3 2142s
 1494674 611496 7355.71012   69   47 8170.00000 5471.95177  33.0%  11.3 2146s
 1496134 611989 infeasible   82      8170.00000 5472.49726  33.0%  11.3 2150s
 1499598 613070 infeasible   74      8170.00000 5473.64307  33.0%  11.3 2158s
 1501087 613686 5965.86354   58   63 8170.00000 5474.15117  33.0%  11.3 2162s
 1502942 614227 6352.78301   54   79 8170.00000 5474.75831  33.0%  11.3 2166s
 1505668 614798 5518.75397   54   69 8170.00000 5475.34559  33.0%  11.3 2170s
 1507924 615889 6294.74727   56   66 8170.00000 5476.56182  33.0%  11.3 2178s
 1509476 616449 6715.32414   59   56 8170.00000 5477.10716  33.0%  11.3 2182s
 1511390 616886 5616.02759   68   71 8170.00000 5477.83285  33.0%  11.3 2186s
 1512762 617353 6200.92443   72   55 8170.00000 5478.44283  32.9%  11.3 2190s
 1515720 618274 6443.44911   60   58 8170.00000 5479.57669  32.9%  11.3 2197s
 1517282 618939 6962.75561   57   60 8170.00000 5480.14972  32.9%  11.3 2201s
 1519256 619497 6527.36505   63   72 8170.00000 5480.97284  32.9%  11.3 2205s
 1522242 620457 7633.17807   63   23 8170.00000 5482.06721  32.9%  11.3 2213s
 1524204 620982 7146.24587   63   43 8170.00000 5482.76324  32.9%  11.3 2217s
 1525888 621485 7689.16859   72   30 8170.00000 5483.23012  32.9%  11.3 2221s
 1527556 622096 7687.81234   63   41 8170.00000 5483.93575  32.9%  11.3 2225s
 1531083 623255 6685.00656   68   56 8170.00000 5484.90215  32.9%  11.3 2233s
 1533016 623747 6419.37381   58   81 8170.00000 5485.49706  32.9%  11.3 2237s
 1534487 624170 infeasible   72      8170.00000 5485.94061  32.9%  11.3 2241s
 1536010 624688 8110.25900   68   19 8170.00000 5486.40258  32.8%  11.3 2245s
 1539072 625641 7377.07791   62   78 8170.00000 5487.34948  32.8%  11.3 2252s
 1540728 626229 infeasible   63      8170.00000 5487.97586  32.8%  11.3 2256s
 1542554 626768 7292.43647   57   44 8170.00000 5488.61631  32.8%  11.3 2260s
 1545778 627753 infeasible   63      8170.00000 5489.74953  32.8%  11.3 2268s
 1547504 628345     cutoff   86      8170.00000 5490.21001  32.8%  11.3 2272s
 1549191 628852 7729.33574   78   26 8170.00000 5490.78296  32.8%  11.3 2276s
 1550921 629365 6634.26337   65   70 8170.00000 5491.40446  32.8%  11.3 2280s
 1554303 630261 7940.01636   68   24 8170.00000 5492.41789  32.8%  11.3 2288s
 1555835 630845 6096.19751   60   63 8170.00000 5492.93891  32.8%  11.3 2292s
 1557526 631303 infeasible   72      8170.00000 5493.36347  32.8%  11.3 2295s
 1560550 632457 infeasible   85      8170.00000 5494.61110  32.7%  11.3 2303s
 1562509 632920 6592.29052   58   63 8170.00000 5495.15490  32.7%  11.3 2307s
 1563892 633366 7816.00000   76   22 8170.00000 5495.49993  32.7%  11.3 2311s
 1565652 633835 5828.87083   67   67 8170.00000 5496.32266  32.7%  11.4 2315s
 1569008 634842 7531.86536   65   30 8170.00000 5497.44488  32.7%  11.4 2323s
 1570815 635440 6126.18060   75   52 8170.00000 5498.07483  32.7%  11.4 2327s
 1572497 635976 6310.64101   66   35 8170.00000 5498.69531  32.7%  11.4 2331s
 1574250 636440 infeasible   65      8170.00000 5499.38226  32.7%  11.4 2335s
 1577736 637480 6139.98657   62   52 8170.00000 5500.34783  32.7%  11.4 2343s
 1579314 637925 infeasible   77      8170.00000 5501.16034  32.7%  11.4 2346s
 1580686 638458 6526.40279   68   47 8170.00000 5501.73912  32.7%  11.4 2350s
 1583993 639553 6698.00487   61   63 8170.00000 5503.00552  32.6%  11.4 2359s
 1585992 640090 6083.16164   56   70 8170.00000 5503.49760  32.6%  11.4 2363s
 1587617 640609 6685.57230   61   48 8170.00000 5504.09783  32.6%  11.4 2367s
 1589188 641218 6691.66014   80   36 8170.00000 5504.72385  32.6%  11.4 2371s
 1590910 641788 6214.47548   61   63 8170.00000 5505.27467  32.6%  11.4 2375s
 1594384 643012 7717.68168   72   29 8170.00000 5506.28400  32.6%  11.4 2384s
 1596287 643531 6102.31374   59   72 8170.00000 5507.05176  32.6%  11.4 2388s
 1597950 644079 7630.50944   62   52 8170.00000 5507.60344  32.6%  11.4 2392s
 1599672 644622 6426.78469   69   50 8170.00000 5508.14132  32.6%  11.4 2396s
 1602672 645619 5679.73520   56   70 8170.00000 5509.10141  32.6%  11.4 2403s
 1604333 646163     cutoff   72      8170.00000 5509.55333  32.6%  11.4 2407s
 1606021 646719 6596.79818   70   35 8170.00000 5510.02269  32.6%  11.4 2411s
 1607851 647256 6585.98076   66   44 8170.00000 5510.63655  32.6%  11.4 2415s
 1609522 647823 6495.98219   56   50 8170.00000 5511.23392  32.5%  11.4 2420s
 1613101 648738 6061.02312   56   77 8170.00000 5512.42216  32.5%  11.4 2428s
 1614768 649287 7934.63254   58   53 8170.00000 5513.01242  32.5%  11.4 2432s
 1616602 649708 infeasible   68      8170.00000 5513.88337  32.5%  11.4 2436s
 1617985 650250 7815.00000   75   24 8170.00000 5514.43628  32.5%  11.4 2440s
 1619719 650917 5921.56643   54   46 8170.00000 5515.08333  32.5%  11.4 2445s
 1623286 651891 5947.69280   59   57 8170.00000 5516.03019  32.5%  11.4 2452s
 1624807 652369 5907.92119   63   55 8170.00000 5516.59385  32.5%  11.4 2456s
 1626226 652888 8018.22908   59   41 8170.00000 5517.11093  32.5%  11.4 2460s
 1629688 653874 6379.08757   69   63 8170.00000 5518.20553  32.5%  11.4 2468s
 1631222 654443 5936.58396   55   67 8170.00000 5518.88447  32.4%  11.4 2472s
 1633070 654853 infeasible   67      8170.00000 5519.32226  32.4%  11.4 2476s
 1634467 655381 infeasible   79      8170.00000 5519.68553  32.4%  11.4 2480s
 1638135 656431 7665.60917   72   24 8170.00000 5520.83885  32.4%  11.4 2488s
 1639868 656998 5707.58354   58   67 8170.00000 5521.34013  32.4%  11.4 2493s
 1641703 657460 infeasible   65      8170.00000 5521.92712  32.4%  11.4 2497s
 1643259 658063 6064.04719   59   54 8170.00000 5522.58790  32.4%  11.4 2501s
 1646290 659063 7899.20075   69   37 8170.00000 5523.52933  32.4%  11.4 2509s
 1648065 659321 6770.87793   69   36 8170.00000 5524.18022  32.4%  11.4 2512s
 1648686 660106 infeasible   69      8170.00000 5524.29748  32.4%  11.4 2518s
 1651068 660719 7012.78896   61   64 8170.00000 5524.94426  32.4%  11.4 2522s
 1653035 661252     cutoff   59      8170.00000 5525.63185  32.4%  11.4 2527s
 1655001 661779 6022.17049   67   76 8170.00000 5526.33797  32.4%  11.4 2532s
 1656654 662461 7525.11690   71   43 8170.00000 5526.82232  32.4%  11.4 2536s
 1658837 662993 6395.34261   56   63 8170.00000 5527.57551  32.3%  11.4 2541s
 1660691 663512 infeasible   65      8170.00000 5528.12940  32.3%  11.4 2545s
 1662516 664083 7595.32880   69   29 8170.00000 5528.67570  32.3%  11.4 2550s
 1665871 664737 7398.42204   69   40 8170.00000 5529.64412  32.3%  11.4 2555s
 1667720 665766 5571.14244   59   33 8170.00000 5530.46163  32.3%  11.4 2562s
 1669448 666298 8059.48627   65   25 8170.00000 5530.87079  32.3%  11.4 2566s
 1672822 667391 6177.78283   64   71 8170.00000 5531.74231  32.3%  11.4 2573s
 1674658 667938 6053.48885   65   66 8170.00000 5532.34495  32.3%  11.4 2578s
 1676311 668524 7477.03585   64   51 8170.00000 5533.09421  32.3%  11.4 2582s
 1678055 669074 7594.00000   85   11 8170.00000 5533.55172  32.3%  11.4 2586s
 1679930 669538 infeasible   81      8170.00000 5534.19534  32.3%  11.4 2590s
 1683196 670686 5672.39469   62   67 8170.00000 5535.23710  32.2%  11.4 2598s
 1684899 671207 6307.42318   61   67 8170.00000 5535.63690  32.2%  11.4 2601s
 1686560 671780 6305.67859   65   48 8170.00000 5536.33109  32.2%  11.4 2606s
 1689768 672736 6040.34489   63   71 8170.00000 5537.31327  32.2%  11.4 2613s
 1691615 673278 6136.81582   93   77 8170.00000 5537.54704  32.2%  11.5 2617s
 1693241 673795 7974.00000   77   15 8170.00000 5538.44018  32.2%  11.5 2622s
 1694970 674384     cutoff   67      8170.00000 5538.97984  32.2%  11.5 2626s
 1698276 675359 7732.37686   74   19 8170.00000 5540.16940  32.2%  11.5 2633s
 1699899 675978 7171.28428   68   53 8170.00000 5540.64494  32.2%  11.5 2638s
 1701780 676417 7563.20342   59   43 8170.00000 5541.31171  32.2%  11.5 2642s
 1703504 677010 6878.94099   72   49 8170.00000 5541.82421  32.2%  11.5 2646s
 1705345 677511 7359.34520   87   31 8170.00000 5542.43101  32.2%  11.5 2650s
 1708741 678730 6653.17147   70   49 8170.00000 5543.41671  32.1%  11.5 2658s
 1710698 678740 6892.32931   62   56 8170.00000 5543.99820  32.1%  11.5 2666s
 1710717 683620 6906.54086   63   58 8170.00000 5544.00000  32.1%  11.5 2719s
 1712719 683620 5886.00117   54   58 8170.00000 5544.00553  32.1%  11.5 2720s
 1726733 684196 7986.42105   66   20 8170.00000 5548.42962  32.1%  11.5 2726s
 1728688 684816 7002.80091   73   32 8170.00000 5549.32011  32.1%  11.5 2730s
 1732592 685887 infeasible   68      8170.00000 5550.52288  32.1%  11.5 2736s
 1733987 686381 6920.65090   61   44 8170.00000 5551.04075  32.1%  11.5 2740s
 1737511 687582 6536.21785   60   63 8170.00000 5552.36832  32.0%  11.5 2746s
 1739206 688121 infeasible   74      8170.00000 5552.90507  32.0%  11.5 2750s
 1742591 689360 infeasible   81      8170.00000 5553.99569  32.0%  11.5 2757s
 1744469 689820 8008.00000   87   24 8170.00000 5554.62523  32.0%  11.5 2760s
 1747545 690914 6931.17595   63   62 8170.00000 5555.61819  32.0%  11.5 2766s
 1749446 691387 infeasible   59      8170.00000 5556.23074  32.0%  11.5 2770s
 1752742 692440 7570.93785   64   48 8170.00000 5557.24204  32.0%  11.5 2776s
 1755988 693473 7111.08593   73   42 8170.00000 5558.24050  32.0%  11.5 2783s
 1757996 694041 infeasible   73      8170.00000 5558.71669  32.0%  11.5 2786s
 1759648 694469 5786.90716   59   56 8170.00000 5559.27855  32.0%  11.5 2790s
 1763164 695624 7930.01825   57   54 8170.00000 5560.27875  31.9%  11.5 2797s
 1764884 696268 7202.90475   58   70 8170.00000 5560.89921  31.9%  11.5 2800s
 1768467 697179 6933.00000   67   51 8170.00000 5561.92677  31.9%  11.5 2807s
 1770250 697736 7691.54185   66   63 8170.00000 5562.47789  31.9%  11.5 2810s
 1773800 698898 7624.72241   68   48 8170.00000 5563.42651  31.9%  11.5 2817s
 1775492 699163 5637.36503   62   65 8170.00000 5563.82086  31.9%  11.5 2820s
 1778837 700344 7537.63191   62   68 8170.00000 5564.90513  31.9%  11.5 2827s
 1780463 700835 7072.53074   63   25 8170.00000 5565.50263  31.9%  11.5 2831s
 1783973 701899 7124.66604   65   59 8170.00000 5566.61329  31.9%  11.5 2837s
 1785587 702558 infeasible   71      8170.00000 5567.21011  31.9%  11.5 2841s
 1788994 703566 7276.56344   67   31 8170.00000 5568.18392  31.8%  11.5 2848s
 1790830 704072 infeasible   65      8170.00000 5568.58559  31.8%  11.5 2851s
 1794505 705123 infeasible   72      8170.00000 5569.71034  31.8%  11.5 2858s
 1796390 705548 6867.90167   62   79 8170.00000 5570.25450  31.8%  11.5 2861s
 1799730 706441 8103.00000   73   15 8170.00000 5571.18932  31.8%  11.5 2867s
 1801276 706987 5873.13046   61   53 8170.00000 5571.54372  31.8%  11.5 2870s
 1804758 708116 7068.66860   67   52 8170.00000 5572.68883  31.8%  11.5 2877s
 1806377 708719 8052.67637   78   24 8170.00000 5573.18139  31.8%  11.5 2880s
 1809868 709807 7688.31413   67   33 8170.00000 5574.14918  31.8%  11.5 2887s
 1811599 710195 6665.89620   58   36 8170.00000 5574.84835  31.8%  11.5 2890s
 1814787 711323 7549.95997   64   31 8170.00000 5575.87214  31.8%  11.5 2897s
 1816653 711750 7086.52411   68   54 8170.00000 5576.35275  31.7%  11.5 2900s
 1819645 712739 5828.96247   61   70 8170.00000 5577.44557  31.7%  11.5 2906s
 1821321 713256 7948.00000   69   29 8170.00000 5577.89510  31.7%  11.5 2910s
 1824908 714381 7828.86786   83   33 8170.00000 5579.04924  31.7%  11.5 2917s
 1826484 714921 5965.47682   59   78 8170.00000 5579.54208  31.7%  11.6 2921s
 1829935 715997 6422.53354   59   69 8170.00000 5580.51418  31.7%  11.6 2927s
 1831655 716564 6622.47905   74   52 8170.00000 5581.15002  31.7%  11.6 2931s
 1835089 717696 6922.39436   63   54 8170.00000 5582.11924  31.7%  11.6 2938s
 1837013 718179 7186.72366   66   36 8170.00000 5582.65838  31.7%  11.6 2941s
 1840053 719125 6685.40702   69   56 8170.00000 5583.50174  31.7%  11.6 2948s
 1841679 719711 infeasible   66      8170.00000 5584.05343  31.7%  11.6 2951s
 1843695 720163 6037.73495   64   53 8170.00000 5584.60737  31.6%  11.6 2955s
 1846828 721279 6460.69492   68   61 8170.00000 5585.50196  31.6%  11.6 2961s
 1848819 721759 7415.39059   58   44 8170.00000 5585.98480  31.6%  11.6 2965s
 1852128 722723 5979.04149   59   86 8170.00000 5587.05981  31.6%  11.6 2971s
 1855532 723873     cutoff   66      8170.00000 5588.16997  31.6%  11.6 2978s
 1857487 724444 7757.27487   66   51 8170.00000 5588.52895  31.6%  11.6 2981s
 1860460 725385 infeasible   64      8170.00000 5589.52463  31.6%  11.6 2987s
 1862318 725857 7825.37326   55   42 8170.00000 5590.18770  31.6%  11.6 2991s
 1863785 726435     cutoff   74      8170.00000 5590.65895  31.6%  11.6 2995s
 1867713 727504 8135.05042   70   23 8170.00000 5591.76164  31.6%  11.6 3002s
 1869400 728141 6921.64090   65   49 8170.00000 5592.25891  31.6%  11.6 3006s
 1873032 729274 8135.28876   66   35 8170.00000 5593.09595  31.5%  11.6 3013s
 1874687 729714 7988.44090   63   26 8170.00000 5593.65827  31.5%  11.6 3016s
 1877981 730855 5984.16523   66   64 8170.00000 5594.71683  31.5%  11.6 3023s
 1879974 731251 7723.61452   73   26 8170.00000 5595.25376  31.5%  11.6 3026s
 1881321 731757 7918.14790   52   64 8170.00000 5595.58708  31.5%  11.6 3030s
 1885057 732839 6834.25909   69   65 8170.00000 5596.78733  31.5%  11.6 3037s
 1886729 733344 5817.57369   60   74 8170.00000 5597.31971  31.5%  11.6 3040s
 1890173 734300 infeasible   68      8170.00000 5598.32515  31.5%  11.6 3047s
 1891865 734849 8094.96923   80   26 8170.00000 5598.96219  31.5%  11.6 3051s
 1895325 735994 7918.45600   67   34 8170.00000 5599.92239  31.5%  11.6 3058s
 1897276 736448 infeasible   70      8170.00000 5600.34324  31.5%  11.6 3061s
 1898747 736977 5698.19196   59   85 8170.00000 5600.86880  31.4%  11.6 3065s
 1902038 737850 7277.87281   62   41 8170.00000 5601.96084  31.4%  11.6 3071s
 1905338 738898 infeasible   76      8170.00000 5602.95641  31.4%  11.6 3077s
 1907004 739389 5953.91146   55   77 8170.00000 5603.60195  31.4%  11.6 3081s
 1910456 740413 6050.27488   65   64 8170.00000 5604.51734  31.4%  11.6 3087s
 1912155 740968 infeasible   73      8170.00000 5604.96466  31.4%  11.6 3091s
 1915500 742006 infeasible   70      8170.00000 5605.74803  31.4%  11.6 3098s
 1917428 742539 6750.25604   54   78 8170.00000 5606.32809  31.4%  11.6 3101s
 1919677 742994 6395.61876   66   45 8170.00000 5606.81055  31.4%  11.6 3105s
 1922522 743925     cutoff   74      8170.00000 5607.74183  31.4%  11.6 3111s
 1925901 744962 7702.78413   63   36 8170.00000 5608.56804  31.4%  11.6 3117s
 1927445 745482 7051.00000   66   44 8170.00000 5608.78776  31.3%  11.6 3120s
 1931118 746585 6529.66001   64   37 8170.00000 5609.87921  31.3%  11.6 3128s
 1932944 747113 7617.00000   80   13 8170.00000 5610.17064  31.3%  11.6 3131s
 1936350 748072 5787.37984   63   64 8170.00000 5611.19537  31.3%  11.6 3138s
 1937879 748078 8073.44227   73   22 8170.00000 5611.64563  31.3%  11.6 3140s
 1939577 748978 7580.30031   67   29 8170.00000 5612.16517  31.3%  11.6 3147s
 1941265 749475 5687.87239   64   81 8170.00000 5612.67433  31.3%  11.6 3150s
 1944908 750459 7244.40906   66   54 8170.00000 5613.94029  31.3%  11.6 3157s
 1946231 750976 7588.10774   64   66 8170.00000 5614.27415  31.3%  11.6 3161s
 1947979 751568 6954.61516   70   52 8170.00000 5614.67456  31.3%  11.6 3165s
 1951726 752586 6315.75363   64   83 8170.00000 5615.68302  31.3%  11.6 3172s
 1953458 753131 6499.17000   65   64 8170.00000 5616.24277  31.3%  11.6 3176s
 1955240 753594 6170.12083   63   63 8170.00000 5616.77149  31.3%  11.6 3180s
 1958962 754744 6828.33721   70   44 8170.00000 5617.59716  31.2%  11.6 3187s
 1960649 755296 7502.10345   59   46 8170.00000 5618.14879  31.2%  11.6 3191s
 1964177 756312 5682.79873   62   47 8170.00000 5619.06602  31.2%  11.6 3197s
 1965881 756870 8020.48030   73   29 8170.00000 5619.59925  31.2%  11.6 3201s
 1968939 757786 6605.81783   65   37 8170.00000 5620.35069  31.2%  11.6 3207s
 1970684 758277 6494.94010   61   72 8170.00000 5620.81352  31.2%  11.6 3210s
 1973947 759198 6952.00445   64   29 8170.00000 5621.89786  31.2%  11.6 3217s
 1975612 759704 6694.90893   59   72 8170.00000 5622.23994  31.2%  11.6 3221s
 1977435 760210     cutoff   78      8170.00000 5622.67711  31.2%  11.7 3225s
 1981073 761232 7344.77359   64   64 8170.00000 5623.45740  31.2%  11.7 3232s
 1983066 761683 7931.49537   56   62 8170.00000 5624.08370  31.2%  11.7 3235s
 1986433 762677 7023.55885   59   56 8170.00000 5625.06307  31.1%  11.7 3241s
 1987992 763048 5649.86111   54   92 8170.00000 5625.55966  31.1%  11.7 3245s
 1991364 763984 infeasible   75      8170.00000 5626.35843  31.1%  11.7 3252s
 1993013 764568 7345.00000   69   33 8170.00000 5626.87852  31.1%  11.7 3256s
 1994761 765169     cutoff   72      8170.00000 5627.38581  31.1%  11.7 3260s
 1998216 766228 6820.00000   61   69 8170.00000 5628.08405  31.1%  11.7 3266s
 2000058 766720 7897.00000   77   23 8170.00000 5628.59371  31.1%  11.7 3270s
 2003401 767725 7767.63052   75   31 8170.00000 5629.47826  31.1%  11.7 3277s
 2005207 768217 6506.41777   63   34 8170.00000 5630.06207  31.1%  11.7 3281s
 2008152 769235 6528.96457   60   59 8170.00000 5630.81039  31.1%  11.7 3288s
 2010470 769746 6191.29737   54   63 8170.00000 5631.27288  31.1%  11.7 3292s
 2012149 770307 8074.57351   62   28 8170.00000 5631.88909  31.1%  11.7 3296s
 2014432 770908 7351.89873   69   47 8170.00000 5632.40754  31.1%  11.7 3300s
 2017385 771911 6689.11454   64   95 8170.00000 5633.37379  31.0%  11.7 3306s
 2019305 772457 5855.43524   62   69 8170.00000 5633.84278  31.0%  11.7 3310s
 2022775 773502 5882.88922   60   84 8170.00000 5634.68577  31.0%  11.7 3317s
 2024416 773984 7232.97830   65   39 8170.00000 5635.11333  31.0%  11.7 3320s
 2027989 775024 5813.41311   58   84 8170.00000 5636.04008  31.0%  11.7 3327s
 2029440 775490 6451.61260   59   63 8170.00000 5636.41387  31.0%  11.7 3331s
 2032842 776353 6339.05622   59   69 8170.00000 5637.46405  31.0%  11.7 3337s
 2034362 776969 6185.53768   58   75 8170.00000 5637.84592  31.0%  11.7 3341s
 2038041 777955 7536.73063   65   30 8170.00000 5638.68818  31.0%  11.7 3348s
 2039922 778362 7534.54552   56   41 8170.00000 5639.20489  31.0%  11.7 3351s
 2041607 778866 8126.36126   73   19 8170.00000 5639.67636  31.0%  11.7 3355s
 2045154 779991 6212.76378   63   71 8170.00000 5640.69500  31.0%  11.7 3362s
 2046777 780508 6666.89310   63   49 8170.00000 5641.01729  31.0%  11.7 3365s
 2050056 781416 8072.16838   68   18 8170.00000 5641.97988  30.9%  11.7 3372s
 2051433 781990 7489.56334   54   41 8170.00000 5642.26883  30.9%  11.7 3375s
 2054182 782715 7508.00000   71   31 8170.00000 5642.88130  30.9%  11.7 3380s
 2056935 783665 6691.75516   58   67 8170.00000 5643.61028  30.9%  11.7 3386s
 2058518 784341 7409.00000   78   26 8170.00000 5644.13143  30.9%  11.7 3390s
 2062263 785362 infeasible   60      8170.00000 5644.84986  30.9%  11.7 3397s
 2063990 785978 infeasible   67      8170.00000 5645.33890  30.9%  11.7 3400s
 2067287 787021 6256.89998   64   62 8170.00000 5646.28352  30.9%  11.7 3408s
 2069299 787457 6132.71889   63   43 8170.00000 5646.75601  30.9%  11.7 3411s
 2071060 787886 infeasible   83      8170.00000 5647.17858  30.9%  11.7 3415s
 2074261 788856 6082.71697   64   77 8170.00000 5648.03258  30.9%  11.7 3422s
 2075795 789466 6107.22205   62   50 8170.00000 5648.39808  30.9%  11.7 3425s
 2079520 790420 7944.06695   73   34 8170.00000 5649.26765  30.9%  11.7 3432s
 2081332 790923 7886.70742   56   49 8170.00000 5649.71413  30.8%  11.7 3436s
 2084905 791859 6512.51692   80   35 8170.00000 5650.61940  30.8%  11.7 3443s
 2086831 792395 infeasible   78      8170.00000 5650.92998  30.8%  11.7 3446s
 2088551 792833 6680.41404   63   58 8170.00000 5651.34167  30.8%  11.7 3450s
 2091736 793887 7887.94453   63   45 8170.00000 5652.15789  30.8%  11.7 3456s
 2094244 794238 5907.72144   70   73 8170.00000 5652.76732  30.8%  11.7 3460s
 2096611 795129 6392.40931   67   57 8170.00000 5653.39399  30.8%  11.7 3466s
 2098301 795678 6399.81997   61   73 8170.00000 5653.73885  30.8%  11.7 3470s
 2101679 796707 infeasible   67      8170.00000 5654.67473  30.8%  11.7 3477s
 2103564 797215 5720.16554   62   68 8170.00000 5655.09288  30.8%  11.7 3481s
 2107198 798156 8079.83711   56   41 8170.00000 5655.97046  30.8%  11.7 3488s
 2108899 798817 6450.05523   67   63 8170.00000 5656.19947  30.8%  11.7 3491s
 2110682 799247 infeasible   74      8170.00000 5656.69858  30.8%  11.7 3495s
 2113873 800144 6136.44459   60   38 8170.00000 5657.41328  30.8%  11.7 3502s
 2115663 800655 7196.62461   60   59 8170.00000 5657.82059  30.7%  11.7 3505s
 2118942 801654 7391.94915   64   25 8170.00000 5658.53042  30.7%  11.7 3512s
 2120902 802110 infeasible   63      8170.00000 5658.93104  30.7%  11.7 3516s
 2122599 802585 infeasible   62      8170.00000 5659.44982  30.7%  11.7 3520s
 2125966 803600 7385.26907   62   55 8170.00000 5660.10059  30.7%  11.7 3527s
 2127710 804252 7098.57063   67   34 8170.00000 5660.63453  30.7%  11.7 3531s
 2131471 805331     cutoff   69      8170.00000 5661.64535  30.7%  11.7 3538s
 2133397 805786 5987.77527   66   75 8170.00000 5662.03697  30.7%  11.7 3541s
 2134854 806306 infeasible   91      8170.00000 5662.32961  30.7%  11.7 3545s
 2138427 807301 6638.35671   59   47 8170.00000 5662.97886  30.7%  11.7 3552s
 2140174 807901 infeasible   63      8170.00000 5663.28799  30.7%  11.7 3556s
 2142061 808436 7281.68075   64   58 8170.00000 5663.75740  30.7%  11.7 3560s
 2145468 809427 8079.16831   66   23 8170.00000 5664.57035  30.7%  11.7 3567s
 2147424 809959 6670.66146   73   51 8170.00000 5665.06018  30.7%  11.7 3570s
 2151003 810990 6048.63357   69   46 8170.00000 5665.81826  30.7%  11.7 3578s
 2152702 811395     cutoff   68      8170.00000 5666.27705  30.6%  11.7 3581s
 2155956 812386 6552.34112   69   31 8170.00000 5666.93557  30.6%  11.7 3588s
 2157621 812943 6671.35564   63   82 8170.00000 5667.41570  30.6%  11.7 3592s
 2159702 813402 8102.20245   76   24 8170.00000 5667.91384  30.6%  11.7 3596s

Cutting planes:
  Learned: 354
  Gomory: 205
  Lift-and-project: 3
  Cover: 29
  Implied bound: 23
  Projected implied bound: 4
  MIR: 1691
  StrongCG: 418
  Flow cover: 3247
  Inf proof: 70
  Zero half: 109
  RLT: 4
  Relax-and-lift: 14

Explored 2162968 nodes (25422526 simplex iterations) in 3600.43 seconds (425.87 work units)
Thread count was 16 (of 16 available processors)

Solution count 10: 8170 8301 8354 ... 8988

Time limit reached
Best objective 8.170000000000e+03, best bound 5.669000000000e+03, gap 30.6120%
Warning: constraint name "precedence between 0,0 to 0,1 if x_[0,0,0,1,3]=0, i.e. 0,1 before 0,0" has a space
Warning: constraint name "precedence between 0,0 to 0,1 if x_[0,0,0,1,3]=0, i.e. 0,1 before 0,0" has a space
Warning: default constraint names used to write mps file
