
Gurobi 10.0.1 (win64) logging started Sun Oct  8 22:41:58 2023

Set parameter LogFile to value "./results//log/FMS_18_deadline_heurTrue.log"
Gurobi Optimizer version 10.0.1 build v10.0.1rc0 (win64)

CPU model: AMD Ryzen 7 3700X 8-Core Processor, instruction set [SSE2|AVX|AVX2]
Thread count: 8 physical cores, 16 logical processors, using up to 16 threads

Optimize a model with 1288 rows, 1487 columns and 5603 nonzeros
Model fingerprint: 0x77914c45
Model has 1 quadratic constraint
Variable types: 0 continuous, 1487 integer (1400 binary)
Coefficient statistics:
  Matrix range     [1e+00, 1e+07]
  QMatrix range    [1e+00, 1e+00]
  QLMatrix range   [1e+00, 4e+02]
  Objective range  [1e+00, 1e+00]
  Bounds range     [1e+00, 1e+00]
  RHS range        [1e+00, 3e+07]

Warning: Completing partial solution with 1415 unfixed non-continuous variables out of 1487
User MIP start did not produce a new incumbent solution
User MIP start violates constraint initial_start_time_job0_stage0_machine2_constraint by 420.000000000

Presolve removed 126 rows and 939 columns
Presolve time: 0.02s
Presolved: 1181 rows, 566 columns, 5518 nonzeros
Variable types: 0 continuous, 566 integer (461 binary)

Root relaxation: objective 0.000000e+00, 149 iterations, 0.00 seconds (0.00 work units)
Another try with MIP start

    Nodes    |    Current Node    |     Objective Bounds      |     Work
 Expl Unexpl |  Obj  Depth IntInf | Incumbent    BestBd   Gap | It/Node Time

     0     0    0.00000    0   45          -    0.00000      -     -    0s
     0     0    0.00000    0   90          -    0.00000      -     -    0s
     0     0    0.00000    0   82          -    0.00000      -     -    0s
     0     0    0.00000    0   81          -    0.00000      -     -    0s
     0     0 2158.37838    0   78          - 2158.37838      -     -    0s
H    0     0                    24168.000000 2158.37838  91.1%     -    0s
     0     0 3529.23395    0   99 24168.0000 3529.23395  85.4%     -    0s
     0     0 3649.41754    0  100 24168.0000 3649.41754  84.9%     -    0s
     0     0 3655.17991    0  102 24168.0000 3655.17991  84.9%     -    0s
     0     0 4636.47207    0  113 24168.0000 4636.47207  80.8%     -    0s
     0     0 4637.28967    0  119 24168.0000 4637.28967  80.8%     -    0s
     0     0 4644.94955    0  123 24168.0000 4644.94955  80.8%     -    0s
     0     0 4644.94955    0  128 24168.0000 4644.94955  80.8%     -    0s
     0     0 4644.99858    0  128 24168.0000 4644.99858  80.8%     -    0s
     0     0 4645.14139    0  127 24168.0000 4645.14139  80.8%     -    0s
     0     0 4645.30376    0  125 24168.0000 4645.30376  80.8%     -    0s
     0     0 4645.30376    0  114 24168.0000 4645.30376  80.8%     -    0s
     0     1 4645.30376    0  110 24168.0000 4645.30376  80.8%     -    0s
H   33    35                    24166.000000 4686.54450  80.6%  21.8    0s
H   34    35                    23762.000000 4686.54450  80.3%  21.6    0s
H   34    35                    23129.000000 4686.54450  79.7%  21.6    0s
H   72    72                    18998.000000 4691.00000  75.3%  16.2    0s
H  133    97                    18997.000000 4691.00000  75.3%  14.4    0s
H  188   134                    18996.000000 4691.00000  75.3%  12.6    0s
H  256   192                    18995.000000 4691.00000  75.3%  12.1    0s
H  650   423                    18985.000000 4691.00000  75.3%   8.7    0s
H  727   514                    18980.000000 4691.00000  75.3%   8.5    0s
H 1043   733                    18470.000000 4703.50721  74.5%   7.8    0s
H 1141   772                    18210.000000 4703.50721  74.2%   7.7    1s
H 1167   770                    18007.000000 4703.50721  73.9%   7.7    1s
H 1171   770                    17943.000000 4703.50721  73.8%   7.7    1s
H 1183   769                    17598.000000 4703.50721  73.3%   7.7    1s
H 1190   762                    17157.000000 4703.50721  72.6%   7.7    1s
  1717  1101 7345.96932   43  131 17157.0000 4880.00000  71.6%   7.9    5s
H 1718  1046                    16571.000000 4893.00000  70.5%   7.9    5s
  1776  1086 8526.00000   40  114 16571.0000 4981.71132  69.9%  21.4   10s
  2036  1239 5635.81432   47  129 16571.0000 5102.33591  69.2%  34.9   15s
H 2037  1182                    16498.000000 5102.33591  69.1%  34.9   15s
H 2038  1128                    15747.000000 5102.33591  67.6%  34.9   15s
 13332  6246 13604.0000  106   42 15747.0000 5314.85195  66.2%  19.9   20s
H15774  6967                    15433.000000 5328.48556  65.5%  18.9   21s
H15776  6925                    15306.000000 5328.48556  65.2%  18.9   21s
H15780  6896                    15231.000000 5328.48556  65.0%  18.9   21s
H15812  6869                    15185.000000 5328.48556  64.9%  18.9   21s
H17048  7740                    15183.000000 5338.72018  64.8%  18.7   22s
H18609  8475                    15181.000000 5357.85017  64.7%  18.4   23s
H19888  8844                    15179.000000 5363.00000  64.7%  18.3   24s
H19893  8769                    15028.000000 5363.00000  64.3%  18.3   24s
 20545  9555 6896.06203   53  105 15028.0000 5376.25121  64.2%  18.2   25s
H23753 11065                    15003.000000 5431.93188  63.8%  17.8   26s
 30024 14823 12459.0420   70   47 15003.0000 5481.68497  63.5%  17.0   30s
H31278 14277                    14501.000000 5487.67419  62.2%  16.8   30s
H33528 15709                    14499.000000 5510.15994  62.0%  16.6   32s
 39584 19595 11098.8544   77   37 14499.0000 5569.15576  61.6%  16.3   35s
 41793 20331 13618.9966   74   51 14499.0000 5577.77437  61.5%  16.1   41s
 49069 24343 6885.52714   56  107 14499.0000 5624.68122  61.2%  16.0   45s
 56334 28777 12232.1437   85   46 14499.0000 5665.80075  60.9%  15.8   50s
 64772 32912 13922.1913   78   25 14499.0000 5707.00000  60.6%  15.7   55s
 71368 37007 7083.77653   54  122 14499.0000 5751.32598  60.3%  15.8   60s
H71468 37000                    14497.000000 5751.89990  60.3%  15.8   60s
H73056 37298                    14495.000000 5760.00999  60.3%  15.8   61s
H75615 39264                    14493.000000 5773.43144  60.2%  15.7   63s
 77008 40451 9230.33628   73   54 14493.0000 5784.29729  60.1%  15.7   65s
 84072 44081 8088.29495   55  116 14493.0000 5817.74591  59.9%  15.6   70s
 90572 46699 infeasible   95      14493.0000 5844.21100  59.7%  15.5   78s
H90577 44199                    14059.000000 5844.21100  58.4%  15.5   78s
H90934 43356                    13889.000000 5847.62513  57.9%  15.6   78s
 90995 44005 7342.14059   57   73 13889.0000 5850.36258  57.9%  15.6   80s
H92333 43033                    13656.000000 5854.59308  57.1%  15.6   81s
 95793 45388 6391.04646   51  130 13656.0000 5868.51114  57.0%  15.6   85s
 100974 48470 10151.5501   71   42 13656.0000 5891.29145  56.9%  15.6   90s
 106318 51414 6078.29359   54  131 13656.0000 5915.90436  56.7%  15.6   95s
 112653 55158 9452.00000   73   45 13656.0000 5943.10148  56.5%  15.6  100s
 119718 59428 6135.04932   49  122 13656.0000 5958.36693  56.4%  15.5  106s
 125205 62037 12153.9033   73   37 13656.0000 5972.82001  56.3%  15.5  110s
 130356 65036 7325.72754   55   97 13656.0000 5989.36653  56.1%  15.5  115s
 136658 69418 infeasible   68      13656.0000 6005.98212  56.0%  15.4  121s
 141643 72339 11392.2640   81   65 13656.0000 6021.51030  55.9%  15.4  126s
 147084 75584 10154.3990   60   54 13656.0000 6033.34583  55.8%  15.4  131s
 152918 78464 6344.47731   49  123 13656.0000 6045.20171  55.7%  15.3  135s
 157854 81492 6368.44610   46  119 13656.0000 6059.05057  55.6%  15.3  140s
 162046 84341 10379.2099   91   36 13656.0000 6068.45423  55.6%  15.3  145s
 169176 88231 infeasible   97      13656.0000 6087.61555  55.4%  15.2  151s
 172039 90934 6676.81325   52  134 13656.0000 6097.52245  55.3%  15.2  155s
 178190 93517 12323.3842   71   56 13656.0000 6110.08931  55.3%  15.2  160s
 181810 96020 7532.42698   53  112 13656.0000 6118.97869  55.2%  15.2  165s
 186776 99243 7887.15376   49   98 13656.0000 6127.01815  55.1%  15.2  170s
 192166 102097 13401.0580   87   29 13656.0000 6137.00000  55.1%  15.1  175s
 197182 105119 10440.0563   63   94 13656.0000 6147.27098  55.0%  15.1  181s
 200201 107451 7116.85143   56   79 13656.0000 6153.94803  54.9%  15.1  185s
 206090 110923 10640.9178   68   76 13656.0000 6168.07830  54.8%  15.1  192s
 210317 113193 8735.62860   62   96 13656.0000 6174.73482  54.8%  15.1  195s
 215237 117329 10171.3611   61  109 13656.0000 6182.19742  54.7%  15.1  202s
 219786 118835 7075.07758   54   98 13656.0000 6191.00500  54.7%  15.0  205s
 224518 122236 12442.8146   65   57 13656.0000 6199.59106  54.6%  15.0  211s
 229547 124660 6951.61839   54  114 13656.0000 6207.71012  54.5%  15.0  217s
 233573 126656 9777.04632   74   59 13656.0000 6212.54983  54.5%  15.0  220s
 237763 129710 13271.0000  106   14 13656.0000 6218.35267  54.5%  15.0  225s
 242877 132355 infeasible   54      13656.0000 6224.66785  54.4%  15.0  231s
 246314 134411 12336.9500   67   39 13656.0000 6227.15876  54.4%  14.9  235s
 250297 137228 8302.00155   56   96 13656.0000 6235.07263  54.3%  14.9  240s
 255920 139783 12862.8358   66   48 13656.0000 6243.18798  54.3%  14.9  246s
 256473 142248 13196.5256   73   35 13656.0000 6244.09435  54.3%  14.9  251s
 261006 143442 13333.5296   78   42 13656.0000 6249.68128  54.2%  14.9  256s
 263921 145136 infeasible   70      13656.0000 6253.63155  54.2%  14.9  260s
 269738 147983 9358.24872   68   78 13656.0000 6258.48792  54.2%  14.9  265s
 273558 151647 11609.3655   86   35 13656.0000 6265.44278  54.1%  14.8  272s
 278192 153664 6682.73678   49  110 13656.0000 6270.56464  54.1%  14.8  276s
 281725 155883 10738.0973   58   59 13656.0000 6273.19568  54.1%  14.8  280s
 286464 158933 12857.0000  104   21 13656.0000 6277.34626  54.0%  14.8  285s
 291358 161052 11122.8496   66   64 13656.0000 6283.33759  54.0%  14.8  290s
 294426 163179 8097.52363   61   86 13656.0000 6284.99431  54.0%  14.8  295s
 298242 166228 12383.0000   90   23 13656.0000 6290.93797  53.9%  14.7  301s
 304021 168778 7141.38243   52   94 13656.0000 6296.34144  53.9%  14.7  307s
 305617 170137 6762.46562   53   96 13656.0000 6298.24142  53.9%  14.7  310s
 310368 172602 6735.88602   58  132 13656.0000 6305.91675  53.8%  14.7  316s
 314946 174992 6554.42093   54  120 13656.0000 6311.72857  53.8%  14.7  321s
 317933 177362 9691.93406   58   53 13656.0000 6314.76294  53.8%  14.7  326s
 323040 179743 9172.80896   67   53 13656.0000 6320.12847  53.7%  14.7  331s
 325807 181971 13096.5789   80   57 13656.0000 6323.32761  53.7%  14.7  335s
 331184 184575 12876.7758   83   31 13656.0000 6328.76655  53.7%  14.7  341s
 334584 186434 12035.9854   74   55 13656.0000 6333.42440  53.6%  14.7  346s
 337783 189312 12048.0000   82   19 13656.0000 6336.59229  53.6%  14.7  351s
 341391 191568 11672.2624   63   48 13656.0000 6340.17458  53.6%  14.7  357s
 345439 193976 10333.8847   56   82 13656.0000 6344.68066  53.5%  14.7  362s
 349348 195806 8802.91747   63   86 13656.0000 6348.83490  53.5%  14.7  366s
 353488 197988 6868.85857   52  126 13656.0000 6352.21853  53.5%  14.6  371s
 356489 199613 9153.66922   61   75 13656.0000 6355.18431  53.5%  14.6  375s
 360690 202441 6725.25506   54  103 13656.0000 6360.81750  53.4%  14.6  381s
 364782 204408 7277.71571   55  114 13656.0000 6364.11934  53.4%  14.6  385s
 368851 207890 10409.3174   66   49 13656.0000 6367.01948  53.4%  14.6  392s
 372237 209711 infeasible   69      13656.0000 6370.56969  53.3%  14.6  396s
 376232 211411 6677.29486   59  125 13656.0000 6373.73086  53.3%  14.6  400s
 380534 214549 6762.70507   51  121 13656.0000 6376.91091  53.3%  14.6  407s
 383540 217177 11568.5799   80   44 13656.0000 6380.19538  53.3%  14.6  413s
 387279 217713     cutoff   78      13656.0000 6381.88970  53.3%  14.6  415s
 391128 220145 7534.55869   58  140 13656.0000 6385.77015  53.2%  14.6  421s
 394567 222626 6745.88857   60   98 13656.0000 6388.08247  53.2%  14.6  426s
 397969 224544 12636.7296   67   46 13656.0000 6390.29803  53.2%  14.6  430s
 402496 226587 7749.86685   59   83 13656.0000 6393.14589  53.2%  14.5  435s
 406696 229463 6533.40307   62  131 13656.0000 6396.89888  53.2%  14.5  441s
 409795 231859 7899.93027   53   76 13656.0000 6399.35576  53.1%  14.5  446s
 413268 233242 7109.68471   57  134 13656.0000 6401.84823  53.1%  14.5  450s
 416705 235717 6605.92956   53  133 13656.0000 6404.73954  53.1%  14.5  455s
 420667 237633 8127.58081   66   88 13656.0000 6407.96990  53.1%  14.5  461s
 424160 239773 6797.90068   53   98 13656.0000 6410.64460  53.1%  14.5  465s
 428853 242590 7658.86526   62  124 13656.0000 6413.63560  53.0%  14.5  471s
 431634 244103 7198.07564   60  111 13656.0000 6415.92171  53.0%  14.5  475s
 435380 246137 6481.35751   59  134 13656.0000 6418.67222  53.0%  14.5  480s
 438721 248154 7216.39623   59  108 13656.0000 6422.14159  53.0%  14.5  485s
 443077 251154 6706.18018   54  108 13656.0000 6425.33671  52.9%  14.5  492s
 446136 253234 7382.27401   60  108 13656.0000 6427.47007  52.9%  14.5  497s
 448501 254549 13472.0000   86   21 13656.0000 6429.40477  52.9%  14.5  500s
 452205 256197 13201.0000   87   27 13656.0000 6432.31931  52.9%  14.5  505s
 455320 258329 7373.82794   52   91 13656.0000 6433.91196  52.9%  14.5  510s
 460306 260892 10668.7831   59   50 13656.0000 6438.77841  52.9%  14.5  517s
 462330 261989 10669.8671   67   73 13656.0000 6440.08166  52.8%  14.5  520s
 466151 264409 10156.5655   64   46 13656.0000 6442.01448  52.8%  14.4  526s
 469357 266133 8746.32700   62   89 13656.0000 6443.73329  52.8%  14.4  530s
 472308 267895 11614.3468   78   76 13656.0000 6445.75410  52.8%  14.4  535s
 477446 270390     cutoff   96      13656.0000 6449.55725  52.8%  14.4  541s
 479918 271813 7778.51969   56  113 13656.0000 6451.91653  52.8%  14.4  546s
 481041 273317 13457.0744   70   50 13656.0000 6452.56601  52.7%  14.4  550s
 485730 275146 11700.0316   54   69 13656.0000 6456.63485  52.7%  14.4  555s
 489795 277441 11655.3107   64   60 13656.0000 6459.50744  52.7%  14.4  561s
 490841 278770 9752.01630   71   69 13656.0000 6460.40490  52.7%  14.4  565s
 494312 280566 8333.54639   55   87 13656.0000 6463.17471  52.7%  14.4  570s
 497701 282478 12413.1361   62   79 13656.0000 6465.80979  52.7%  14.4  575s
 501030 284293 12597.4126   74   38 13656.0000 6468.02361  52.6%  14.4  580s
 506006 286724 7964.21801   51   88 13656.0000 6472.03817  52.6%  14.4  587s
 508360 288390 10647.1848   69   62 13656.0000 6473.47761  52.6%  14.4  591s
 509982 289841 12381.6105   69   37 13656.0000 6475.01604  52.6%  14.4  595s
 514862 291773 7167.48993   53  101 13656.0000 6478.17302  52.6%  14.4  601s
 518051 293621 7533.66797   48  118 13656.0000 6480.87290  52.5%  14.4  606s
 521436 296293 13610.8696   99   24 13656.0000 6482.81817  52.5%  14.4  613s
 523882 297012 8843.20154   62   84 13656.0000 6484.11834  52.5%  14.4  615s
 527486 299051 7268.64396   59  120 13656.0000 6486.94193  52.5%  14.4  621s
 530731 300965 8400.40758   63   94 13656.0000 6489.22169  52.5%  14.4  625s
 534119 302856 10104.5749   64   83 13656.0000 6491.52973  52.5%  14.4  630s
 536954 304683 6942.93619   52  110 13656.0000 6492.71553  52.5%  14.4  635s
 538082 304693 7593.25882   56   96 13656.0000 6493.64440  52.4%  14.4  648s
 538406 305516 12440.8948   80   32 13656.0000 6494.11947  52.4%  14.4  651s
 540728 306972 10899.1158   53   78 13656.0000 6495.97737  52.4%  14.4  656s
 543202 308570 9618.99129   66   63 13656.0000 6497.61850  52.4%  14.4  661s
 546057 310299 12288.9510   87   52 13656.0000 6498.94021  52.4%  14.4  667s
 547457 311375 7150.22361   61  103 13656.0000 6499.62670  52.4%  14.4  670s
 550674 313236     cutoff   78      13656.0000 6501.24654  52.4%  14.4  675s
 554152 315910 13482.2007   85   38 13656.0000 6503.18492  52.4%  14.4  683s
 556928 316452 7657.91958   57  119 13656.0000 6504.62871  52.4%  14.4  686s
 559306 318484 8196.49258   62  102 13656.0000 6506.19178  52.4%  14.4  692s
 563202 319332 infeasible   69      13656.0000 6508.00480  52.3%  14.4  705s
 564965 320944 7026.45309   59  102 13656.0000 6509.06802  52.3%  14.4  712s
 566118 321561 7064.19750   51   95 13656.0000 6510.10775  52.3%  14.4  715s
 568452 323221 9815.32391   66   42 13656.0000 6511.72474  52.3%  14.4  720s
 571259 324588 10540.8918   85   52 13656.0000 6513.33971  52.3%  14.4  726s
 572490 325388 10256.2667   59   94 13656.0000 6514.16720  52.3%  14.4  730s
 575728 327613 6863.29154   63  123 13656.0000 6516.31526  52.3%  14.4  739s
 577672 328454 13450.0000   75   40 13656.0000 6517.98121  52.3%  14.4  742s
 579225 329537 12779.9370   71   45 13656.0000 6518.97592  52.3%  14.4  747s
 581027 331146 10465.5982   68   57 13656.0000 6520.08675  52.3%  14.4  751s
 583902 332133 11486.4972   71   32 13656.0000 6521.34052  52.2%  14.4  755s
 585800 333865 6899.66476   56  137 13656.0000 6522.49701  52.2%  14.4  760s
 590434 335681     cutoff  115      13656.0000 6525.03712  52.2%  14.4  766s
 591862 337151 8155.69535   53  104 13656.0000 6526.01261  52.2%  14.4  770s
 595338 338816 13451.0000  112   27 13656.0000 6527.28434  52.2%  14.4  775s
 598122 340827 6695.74535   57  127 13656.0000 6529.18011  52.2%  14.4  781s
 601423 342692 6768.71994   69  116 13656.0000 6530.98011  52.2%  14.4  786s
 604568 344021 6840.63255   59   97 13656.0000 6532.10229  52.2%  14.4  791s
 605817 345111 13560.9493   76   32 13656.0000 6532.91332  52.2%  14.4  795s
 608829 347014 12518.0000   98   37 13656.0000 6534.22880  52.2%  14.4  800s
 612140 348821 8709.89435   57  117 13656.0000 6536.20196  52.1%  14.4  806s
 614948 350643 8882.59533   66   85 13656.0000 6537.53889  52.1%  14.4  813s
 617267 352229 6734.93740   59  124 13656.0000 6538.36659  52.1%  14.4  818s
 619834 353607 12534.1091  113   32 13656.0000 6540.02828  52.1%  14.4  822s
 622145 354363 infeasible   80      13656.0000 6540.98159  52.1%  14.4  825s
 625747 356992 6688.67122   55  124 13656.0000 6542.76041  52.1%  14.4  833s
 627939 357669 12241.2242   75   45 13656.0000 6544.18206  52.1%  14.4  836s
 630049 359817 9456.75927   64   88 13656.0000 6545.06520  52.1%  14.4  842s
 632562 360497 9889.04757   66   45 13656.0000 6546.14469  52.1%  14.4  845s
 635016 361972 7617.02839   61   88 13656.0000 6547.31265  52.1%  14.4  851s
 637198 363275 8245.68811   67   94 13656.0000 6548.08949  52.0%  14.4  855s
 640500 365175 12734.0000   67   60 13656.0000 6549.44188  52.0%  14.4  861s
 641738 366380 7065.39544   55  105 13656.0000 6550.65424  52.0%  14.5  865s
 645186 368564 6804.17602   51  144 13656.0000 6552.48951  52.0%  14.5  873s
 647592 369447 9058.29440   55   75 13656.0000 6553.77359  52.0%  14.5  876s
 648984 370926 8486.24806   65   92 13656.0000 6554.21894  52.0%  14.5  880s
 652585 372762 infeasible   75      13656.0000 6556.00298  52.0%  14.5  887s
 654675 373475 12682.1550   77   32 13656.0000 6556.85102  52.0%  14.5  890s
 657521 375676 13328.0000   97   39 13656.0000 6557.81931  52.0%  14.5  897s
 660107 376209 6985.46875   51  102 13656.0000 6559.10009  52.0%  14.4  900s
 661969 378014 12842.1898   73   68 13656.0000 6559.97638  52.0%  14.5  906s
 665163 380251 11774.6512   70   46 13656.0000 6561.47326  52.0%  14.5  913s
 667666 380945 infeasible   97      13656.0000 6562.72071  51.9%  14.4  916s
 668778 382407     cutoff   90      13656.0000 6563.09340  51.9%  14.5  920s
 672242 384469 6800.67192   61  127 13656.0000 6564.89742  51.9%  14.5  926s
 675595 386080 8855.14484   56   91 13656.0000 6566.08029  51.9%  14.4  932s
 677477 387349 11724.6224   74   56 13656.0000 6566.48237  51.9%  14.4  936s
 680436 388487 12810.9349   75   42 13656.0000 6568.01090  51.9%  14.4  941s
 682864 389629 10668.0793   67   55 13656.0000 6568.98229  51.9%  14.4  945s
 684993 391561 7002.47732   57   94 13656.0000 6570.39825  51.9%  14.5  951s
 686840 392797 13388.5599   78   34 13656.0000 6571.25136  51.9%  14.5  955s
 690147 394818 7464.83725   51   92 13656.0000 6572.47423  51.9%  14.5  962s
 692227 395641 8048.00408   58   92 13656.0000 6574.03483  51.9%  14.4  966s
 695754 398015 13119.6573   73   38 13656.0000 6575.14078  51.9%  14.4  973s
 697429 398642 11307.3682   52   87 13656.0000 6575.93670  51.8%  14.4  976s
 699728 401633 9172.23148   83   59 13656.0000 6577.32608  51.8%  14.5  985s
 704360 403004 10416.7230   68   48 13656.0000 6578.93535  51.8%  14.4  992s
 705935 403636 7047.67276   57  135 13656.0000 6579.80230  51.8%  14.5  995s
 709156 405644 11506.0975   99   22 13656.0000 6580.76412  51.8%  14.5 1001s
 710292 406399 infeasible   77      13656.0000 6581.58674  51.8%  14.5 1005s
 713597 408046 7937.12186   58  109 13656.0000 6583.29129  51.8%  14.5 1012s
 714756 409493 12718.6637   91   31 13656.0000 6583.73602  51.8%  14.5 1017s
 717180 410173 13247.4452  101   24 13656.0000 6584.87164  51.8%  14.5 1020s
 719604 411973 11206.1894   73   56 13656.0000 6586.09182  51.8%  14.5 1027s
 721399 412566 infeasible   77      13656.0000 6586.91003  51.8%  14.5 1030s
 723855 414451 10281.0022   63   57 13656.0000 6587.94457  51.8%  14.5 1037s
 725840 415769 12406.0000   74   33 13656.0000 6588.23012  51.8%  14.5 1041s
 727863 416509 11474.7933   76   38 13656.0000 6589.21064  51.7%  14.5 1045s
 729195 418125 8815.69381   65   72 13656.0000 6590.32201  51.7%  14.5 1050s
 733074 420201 9592.76939   58   85 13656.0000 6592.86519  51.7%  14.5 1058s
 735269 420816 13458.4089   91   47 13656.0000 6593.78305  51.7%  14.5 1062s
 736440 421408 6933.92566   61  123 13656.0000 6594.37267  51.7%  14.5 1065s
 739573 423525 8316.29898   66   99 13656.0000 6595.60999  51.7%  14.5 1073s
 741118 424503 13499.5769   70   39 13656.0000 6596.20070  51.7%  14.5 1078s
 742805 426007 11561.3598   67   51 13656.0000 6597.15048  51.7%  14.5 1082s
 745229 426534 12305.3219   73   31 13656.0000 6598.23840  51.7%  14.5 1085s
 747838 428188 12747.0000   67   32 13656.0000 6599.88693  51.7%  14.5 1092s
 748985 429195 7685.54874   60   86 13656.0000 6600.82738  51.7%  14.5 1097s
 750834 429833 8429.14201   65   78 13656.0000 6601.82176  51.7%  14.5 1100s
 754469 432071 9147.30575   74   87 13656.0000 6603.26431  51.6%  14.5 1108s
 755595 433087 8513.59838   60   86 13656.0000 6603.88702  51.6%  14.5 1111s
 757210 434184 12276.2242   70   42 13656.0000 6604.79574  51.6%  14.5 1116s
 759097 434922 12722.0000   85   37 13656.0000 6605.62091  51.6%  14.5 1120s
 762451 436852 7531.30209   57  105 13656.0000 6607.36504  51.6%  14.5 1128s
 763622 438783 6858.26590   56  136 13656.0000 6608.05974  51.6%  14.5 1135s
 768178 440011 infeasible   82      13656.0000 6609.71514  51.6%  14.5 1142s
 769393 440687 7577.57011   50  111 13656.0000 6610.30124  51.6%  14.5 1146s
 770644 442160 6844.42829   51  122 13656.0000 6611.08473  51.6%  14.5 1151s
 774229 444208 11784.4377   67   45 13656.0000 6612.82904  51.6%  14.5 1159s
 776156 444208 7504.81384   65  100 13656.0000 6613.04299  51.6%  14.5 1160s
 777805 445631 8271.14514   56   88 13656.0000 6614.30743  51.6%  14.5 1167s
 779017 446815 6733.92451   52  125 13656.0000 6614.59604  51.6%  14.5 1172s
 781077 447670 6794.28733   51  127 13656.0000 6615.87532  51.6%  14.5 1176s
 782420 449135 11637.1919   82   39 13656.0000 6615.87543  51.6%  14.5 1181s
 785029 449923 7433.06311   59  114 13656.0000 6617.58480  51.5%  14.5 1185s
 788017 452650 10665.1833   85   50 13656.0000 6618.55704  51.5%  14.5 1194s
 790513 453655 6953.44633   56  115 13656.0000 6619.06334  51.5%  14.5 1198s
 792246 455013 7208.08848   54  131 13656.0000 6620.11939  51.5%  14.5 1204s
 794620 455738     cutoff   81      13656.0000 6621.31960  51.5%  14.5 1208s
 795946 456466 13285.0000   86   21 13656.0000 6621.83868  51.5%  14.5 1212s
 797207 457276 infeasible   72      13656.0000 6622.27028  51.5%  14.5 1215s
 798665 458329 10695.1980   67   84 13656.0000 6623.13822  51.5%  14.6 1220s
 800551 459035 13439.7886   74   59 13656.0000 6624.22350  51.5%  14.6 1225s
 801797 460623 11508.4840   63   63 13656.0000 6625.15160  51.5%  14.6 1230s
 805715 462643 7390.94082   58   97 13656.0000 6626.71487  51.5%  14.6 1239s
 807859 463193 infeasible   88      13656.0000 6627.63523  51.5%  14.6 1242s
 808792 464402 7084.86333   54  101 13656.0000 6627.97432  51.5%  14.6 1246s
 810716 464964 7196.50189   57  107 13656.0000 6628.74399  51.5%  14.6 1250s
 812812 467024 10068.3526   60   95 13656.0000 6629.86872  51.5%  14.6 1258s
 815268 467585 11701.5216   70   50 13656.0000 6630.54879  51.4%  14.6 1262s
 816507 468205 13238.3103   74   41 13656.0000 6631.11012  51.4%  14.6 1267s
 817633 469590 8476.13933   57   90 13656.0000 6631.55416  51.4%  14.6 1271s
 819714 470544 10934.1118   80   43 13656.0000 6632.02986  51.4%  14.6 1275s
 821154 472077 11291.4518   78   43 13656.0000 6632.67313  51.4%  14.6 1280s
 825357 473963 7271.56369   53  122 13656.0000 6634.28133  51.4%  14.6 1288s
 826684 475041 8342.51549   58   76 13656.0000 6634.91761  51.4%  14.6 1293s
 828410 475752 7987.38363   53   80 13656.0000 6635.48278  51.4%  14.6 1296s
 829632 477105 12125.6003   81   40 13656.0000 6636.13349  51.4%  14.6 1302s
 832054 477788 10677.0868   64   75 13656.0000 6637.14317  51.4%  14.6 1305s
 833081 479236 13444.0000   96   20 13656.0000 6637.52185  51.4%  14.6 1310s
 836582 480576 8772.78660   65   94 13656.0000 6638.73913  51.4%  14.6 1317s
 837907 481524 12852.0000   87   21 13656.0000 6639.17487  51.4%  14.6 1322s
 839810 482363 infeasible   62      13656.0000 6640.00323  51.4%  14.6 1326s
 841250 483360 6718.33540   53  142 13656.0000 6640.84858  51.4%  14.6 1331s
 843137 484703 7078.38451   55  130 13656.0000 6641.67041  51.4%  14.6 1335s
 846672 486436 7152.87096   55  116 13656.0000 6642.97374  51.4%  14.6 1343s
 848528 487102 13410.9963   91   36 13656.0000 6644.05968  51.3%  14.6 1347s
 849696 488114 12126.7225   64   56 13656.0000 6644.35357  51.3%  14.6 1352s
 851450 489609 7986.48011   56   91 13656.0000 6644.89961  51.3%  14.6 1357s
 853859 490595 8380.48750   48   99 13656.0000 6646.17957  51.3%  14.6 1362s
 855466 491919 12948.9798   72   53 13656.0000 6646.92111  51.3%  14.6 1367s
 857629 492901 13366.8940   74   49 13656.0000 6647.73724  51.3%  14.6 1371s
 859259 494138 10452.0000   63   49 13656.0000 6648.22942  51.3%  14.6 1376s
 861348 495120 8045.16642   57   99 13656.0000 6649.61868  51.3%  14.6 1381s
 863110 496135 9075.39681   60   95 13656.0000 6650.52461  51.3%  14.6 1385s
 866464 497981 6961.45048   59  115 13656.0000 6651.99492  51.3%  14.6 1394s
 867896 499239 6721.82505   48  104 13656.0000 6652.62924  51.3%  14.6 1399s
 870424 500098 7559.88668   53   93 13656.0000 6653.86094  51.3%  14.6 1404s
 871969 500750 12562.4217   88   35 13656.0000 6654.19405  51.3%  14.6 1407s
 873222 501804 12545.3566   68   52 13656.0000 6655.01163  51.3%  14.6 1413s
 875237 502746 infeasible   61      13656.0000 6655.90719  51.3%  14.6 1417s
 876752 504199 9165.34842   69   75 13656.0000 6656.28831  51.3%  14.6 1423s
 879275 504786 7267.97613   54   95 13656.0000 6657.61940  51.2%  14.6 1427s
 880433 505551 8384.42243   64   97 13656.0000 6658.69330  51.2%  14.6 1432s
 881786 506972 6994.81726   55  126 13656.0000 6659.35164  51.2%  14.6 1437s
 884330 507738 7113.10185   56  120 13656.0000 6660.44870  51.2%  14.6 1441s
 885582 508409 9758.72524   71   74 13656.0000 6660.99973  51.2%  14.6 1445s
 886788 509230 7735.26861   54  109 13656.0000 6661.73855  51.2%  14.6 1450s
 888326 510131 7655.06183   69  107 13656.0000 6662.23189  51.2%  14.7 1455s
 889901 510925 7753.49108   47  108 13656.0000 6663.22890  51.2%  14.7 1460s
 891354 512141 6884.92859   59  128 13656.0000 6663.64481  51.2%  14.7 1465s
 894405 513694 infeasible   70      13656.0000 6664.80554  51.2%  14.7 1471s
 896118 514183 7070.81091   58   97 13656.0000 6665.52561  51.2%  14.7 1475s
 898932 516352 7794.33159   61   94 13656.0000 6666.83452  51.2%  14.7 1484s
 900963 517157 7575.86940   56  124 13656.0000 6667.53398  51.2%  14.7 1488s
 902329 518617 12008.7697   86   53 13656.0000 6668.13091  51.2%  14.7 1493s
 904825 519383 13405.8402   78   35 13656.0000 6669.08694  51.2%  14.7 1497s
 906062 520675 12536.2467   71   44 13656.0000 6669.88858  51.2%  14.7 1502s
 908285 521202     cutoff   80      13656.0000 6670.73052  51.2%  14.7 1505s
 910712 523177 13187.3751  101   40 13656.0000 6671.49781  51.1%  14.7 1513s
 912462 524389 13527.6078   87   37 13656.0000 6672.43546  51.1%  14.7 1518s
 914561 524949 7354.29924   59   96 13656.0000 6673.33500  51.1%  14.7 1521s
 916619 526573 8025.87395   57  102 13656.0000 6674.54445  51.1%  14.7 1529s
 918228 527550 12947.0214   70   45 13656.0000 6675.37778  51.1%  14.7 1533s
 919825 529068 8156.27228   67   89 13656.0000 6675.72867  51.1%  14.7 1539s
 922455 529924 8483.63623   50   87 13656.0000 6676.72004  51.1%  14.7 1543s
 924029 530540 9186.98590   66  105 13656.0000 6677.14810  51.1%  14.7 1547s
 925274 531888     cutoff   88      13656.0000 6677.55639  51.1%  14.7 1552s
 927675 532442 6715.08917   64  135 13656.0000 6678.35736  51.1%  14.7 1555s
 928633 533157 7191.76161   52  110 13656.0000 6678.48239  51.1%  14.7 1560s
 929854 534325 10560.1173   72   46 13656.0000 6679.41120  51.1%  14.7 1565s
 932721 535628 12706.0000   74   35 13656.0000 6680.55328  51.1%  14.7 1573s
 934117 536649 10512.0291   72   65 13656.0000 6681.06621  51.1%  14.7 1577s
 935772 537389 11355.9627   68   58 13656.0000 6681.54846  51.1%  14.7 1581s
 937035 538486 13378.0000   75   24 13656.0000 6681.98059  51.1%  14.7 1586s
 939047 539421 12459.9996   77   67 13656.0000 6682.85832  51.1%  14.7 1591s
 940494 540774 7722.98531   58   92 13656.0000 6683.28601  51.1%  14.7 1597s
 942791 541772 infeasible   69      13656.0000 6684.22639  51.1%  14.7 1602s
 944577 542624 7501.02909   53  113 13656.0000 6684.98542  51.0%  14.7 1605s
 945801 543667 9127.29237   72   87 13656.0000 6685.31970  51.0%  14.7 1610s
 949077 545904 7379.85989   58  100 13656.0000 6686.68986  51.0%  14.7 1619s
 950285 545904 7781.84806   55  110 13656.0000 6686.83225  51.0%  14.7 1620s
 953204 547539 7439.13216   57  122 13656.0000 6688.09072  51.0%  14.7 1628s
 954704 548859 9672.31764   77   73 13656.0000 6688.48512  51.0%  14.7 1632s
 956852 549369 7357.07890   55  117 13656.0000 6689.11113  51.0%  14.7 1635s
 958918 550886 7604.86087   65   91 13656.0000 6690.24626  51.0%  14.7 1643s
 960377 551927 infeasible   67      13656.0000 6690.72701  51.0%  14.7 1648s
 962296 552625 11403.8276   68   68 13656.0000 6691.88264  51.0%  14.7 1652s
 963530 553911 8339.64809   55  120 13656.0000 6692.61373  51.0%  14.7 1657s
 965900 554560 11684.9348   85   58 13656.0000 6693.35749  51.0%  14.7 1661s
 967174 555306 7405.25938   61  130 13656.0000 6694.02410  51.0%  14.7 1666s
 968500 556393 12866.6814   62   58 13656.0000 6694.76212  51.0%  14.7 1670s
 970300 557937 7906.69107   53  109 13656.0000 6695.34217  51.0%  14.7 1676s
 972810 558610 6994.53517   58  128 13656.0000 6695.99480  51.0%  14.7 1681s
 974007 559483 13554.1416   83   29 13656.0000 6696.59804  51.0%  14.7 1685s
 976883 561766 7865.39375   60   99 13656.0000 6697.69641  51.0%  14.7 1694s
 979315 562380 7657.20258   58  111 13656.0000 6698.32523  50.9%  14.7 1698s
 980459 563126 11454.0000   72   66 13656.0000 6698.72198  50.9%  14.7 1702s
 981776 564333 13488.0000   83   25 13656.0000 6699.08134  50.9%  14.7 1707s
 983740 565085 6862.99637   58  135 13656.0000 6699.53894  50.9%  14.7 1711s
 985047 566453 9810.28835   63   73 13656.0000 6700.07870  50.9%  14.7 1715s
 987233 567156 13506.0000   85   26 13656.0000 6700.60520  50.9%  14.7 1720s
 988494 568631 7943.76092   54  117 13656.0000 6701.15650  50.9%  14.7 1725s
 992016 570254 6883.46763   55  100 13656.0000 6702.46497  50.9%  14.7 1734s
 993813 570956 6964.29267   55  132 13656.0000 6703.08554  50.9%  14.7 1738s
 995165 571982 10954.4442   66   55 13656.0000 6703.79402  50.9%  14.7 1743s
 997014 572750 infeasible   81      13656.0000 6704.67283  50.9%  14.7 1747s
 998132 574606 7163.90786   63   93 13656.0000 6705.05506  50.9%  14.7 1755s
 1002583 576382 7326.87532   47  113 13656.0000 6706.53796  50.9%  14.7 1764s
 1004434 577860 8069.96428   67   99 13656.0000 6707.11560  50.9%  14.7 1770s
 1008342 579269 10054.1804   67   89 13656.0000 6708.39775  50.9%  14.7 1779s
 1009639 580240 6812.00393   61  109 13656.0000 6708.99032  50.9%  14.7 1783s
 1011480 581020 7828.04473   53  123 13656.0000 6709.66285  50.9%  14.7 1788s
 1013100 581720 6984.57693   60  110 13656.0000 6710.04672  50.9%  14.8 1792s
 1014308 582711 8482.50863   62  128 13656.0000 6710.64715  50.9%  14.8 1797s
 1016153 583509 12509.3976   73   57 13656.0000 6711.36023  50.9%  14.8 1801s
 1017597 584533 9226.74561   69   75 13656.0000 6711.95163  50.8%  14.8 1806s
 1019312 585736 7946.86560   53  110 13656.0000 6712.66647  50.8%  14.8 1811s
 1021418 586302 12572.4162   76   49 13656.0000 6713.44992  50.8%  14.8 1815s
 1023884 588364 7805.85073   57  128 13656.0000 6714.37460  50.8%  14.8 1824s
 1026370 589106 12555.0090   71   52 13656.0000 6715.02167  50.8%  14.8 1827s
 1027517 589963 10980.1677   61   53 13656.0000 6715.33245  50.8%  14.8 1831s
 1028869 590848 11029.6136   66   69 13656.0000 6715.91394  50.8%  14.8 1836s
 1030753 591548 8473.54834   54  103 13656.0000 6716.26368  50.8%  14.8 1840s
 1033764 593218 8525.74144   63   71 13656.0000 6717.82010  50.8%  14.8 1848s
 1034965 594577 7585.26929   58  108 13656.0000 6718.48928  50.8%  14.8 1853s
 1037271 595174 13453.5432   79   39 13656.0000 6719.36558  50.8%  14.8 1857s
 1038350 595844 8662.52866   56   82 13656.0000 6719.82812  50.8%  14.8 1861s
 1039405 597864 10545.6439   69   58 13656.0000 6720.18372  50.8%  14.8 1868s
 1042834 598506 13302.7896   84   32 13656.0000 6721.26130  50.8%  14.8 1872s
 1043909 599174 7020.21873   57  125 13656.0000 6721.60453  50.8%  14.8 1875s
 1045149 600566 10437.3187   63   65 13656.0000 6722.28039  50.8%  14.8 1880s
 1048454 602550 12757.0000   79   43 13656.0000 6723.19672  50.8%  14.8 1889s
 1050816 603077 7469.37394   68  100 13656.0000 6723.93076  50.8%  14.8 1893s
 1051833 603784 6945.60377   61  113 13656.0000 6724.21184  50.8%  14.8 1896s
 1053158 604834 7912.10139   60  111 13656.0000 6724.92888  50.8%  14.8 1902s
 1055066 605481 6875.43147   58  122 13656.0000 6725.62473  50.7%  14.8 1906s
 1056203 606691 7091.38701   56   95 13656.0000 6726.09234  50.7%  14.8 1912s
 1058352 607357 7629.50000   62  123 13656.0000 6726.90232  50.7%  14.8 1916s
 1059564 607977 8931.74737   63  100 13656.0000 6727.40812  50.7%  14.8 1920s
 1060780 609828 7520.68845   57  103 13656.0000 6727.88311  50.7%  14.8 1928s
 1063898 610395 11361.1345   69   91 13656.0000 6729.04260  50.7%  14.8 1932s
 1064963 611155 13150.0125   67   44 13656.0000 6729.51925  50.7%  14.8 1936s
 1066180 612650 9856.54369   67   69 13656.0000 6729.84980  50.7%  14.8 1941s
 1068610 613428 infeasible   69      13656.0000 6730.76939  50.7%  14.8 1945s
 1069839 614401 infeasible   75      13656.0000 6731.04772  50.7%  14.8 1950s
 1072877 616116 7591.60572   62   90 13656.0000 6732.62189  50.7%  14.8 1959s
 1074502 616938 infeasible   73      13656.0000 6733.14617  50.7%  14.8 1963s
 1075977 618300 8372.94037   62  113 13656.0000 6733.48381  50.7%  14.8 1969s
 1078242 618966 7569.07273   56  119 13656.0000 6734.32866  50.7%  14.8 1973s
 1079478 619762 7699.00000   63  107 13656.0000 6734.70467  50.7%  14.8 1977s
 1080871 620731 11150.7786   64   63 13656.0000 6735.10909  50.7%  14.8 1982s
 1082597 621363 7631.99374   54  107 13656.0000 6735.93598  50.7%  14.8 1986s
 1083640 622718 7140.25903   55  113 13656.0000 6736.47573  50.7%  14.8 1991s
 1085707 623366 11580.2849   74   63 13656.0000 6736.91015  50.7%  14.8 1995s
 1086959 624646 8986.80286   69   80 13656.0000 6737.28985  50.7%  14.8 2001s
 1089432 625328 11121.4136   65   73 13656.0000 6738.01899  50.7%  14.8 2006s
 1090686 626161 infeasible   94      13656.0000 6738.60258  50.7%  14.8 2011s
 1092158 627429 10550.5061   59   56 13656.0000 6739.26281  50.6%  14.8 2016s
 1094268 628192 infeasible   73      13656.0000 6739.96469  50.6%  14.8 2021s
 1095666 629623 9114.00275   57  110 13656.0000 6740.38133  50.6%  14.8 2027s
 1098161 630263 8525.71183   52   98 13656.0000 6741.38120  50.6%  14.8 2031s
 1099291 631763 7414.51398   53  120 13656.0000 6741.85904  50.6%  14.8 2036s
 1101801 632374 8219.36244   60   93 13656.0000 6742.73080  50.6%  14.8 2041s
 1102923 633361 13327.5247   75   47 13656.0000 6743.17310  50.6%  14.8 2046s
 1104705 634738 13313.1012   65   30 13656.0000 6743.87575  50.6%  14.8 2052s
 1107184 635978 7572.13263   56  100 13656.0000 6744.49555  50.6%  14.8 2057s
 1109286 636703 6940.00391   58  104 13656.0000 6745.01766  50.6%  14.8 2062s
 1110623 637769 8265.93537   55   84 13656.0000 6745.76814  50.6%  14.8 2067s
 1112275 638866 infeasible  108      13656.0000 6745.95620  50.6%  14.8 2072s
 1114393 640331 13206.3715   71   55 13656.0000 6746.90560  50.6%  14.8 2079s
 1116946 641071 infeasible   95      13656.0000 6747.69540  50.6%  14.8 2083s
 1118233 642078 7909.08691   67   89 13656.0000 6748.10171  50.6%  14.8 2089s
 1119919 642772 infeasible   70      13656.0000 6748.57463  50.6%  14.8 2094s
 1121269 643498 7267.66006   58  106 13656.0000 6749.25992  50.6%  14.8 2098s
 1122489 644696 infeasible  103      13656.0000 6749.64367  50.6%  14.8 2104s
 1124707 645195 8558.36570   58  114 13656.0000 6750.36405  50.6%  14.8 2107s
 1125630 646155 6993.49134   54  131 13656.0000 6750.91906  50.6%  14.8 2112s
 1127341 646801 infeasible   89      13656.0000 6751.53717  50.6%  14.8 2115s
 1128470 648110 11469.6457   79   41 13656.0000 6752.04139  50.6%  14.8 2120s
 1131673 649493 12778.0000   74   21 13656.0000 6752.76549  50.6%  14.8 2128s
 1133233 650570 13196.1922   89   28 13656.0000 6753.35645  50.5%  14.8 2134s
 1135169 651681 11686.9049   68   65 13656.0000 6754.00000  50.5%  14.8 2139s
 1137105 652501 9165.85509   62   78 13656.0000 6754.31642  50.5%  14.8 2143s
 1138363 653534 13520.0212   64   73 13656.0000 6754.89959  50.5%  14.9 2147s
 1140118 654239 6778.70075   60  124 13656.0000 6755.29352  50.5%  14.8 2151s
 1141334 655448 9639.97533   60   74 13656.0000 6755.89071  50.5%  14.9 2156s
 1143421 656040 7295.31765   56   94 13656.0000 6756.47765  50.5%  14.9 2161s
 1144461 657728 12838.3988   71   33 13656.0000 6756.89113  50.5%  14.9 2167s
 1147272 658404 8727.35456   69   68 13656.0000 6757.73177  50.5%  14.9 2171s
 1148561 659209 11326.8489   62   53 13656.0000 6758.24667  50.5%  14.9 2175s
 1149964 660412 7987.34784   66  108 13656.0000 6758.61242  50.5%  14.9 2181s
 1152204 661167 12438.3259   74   45 13656.0000 6759.49514  50.5%  14.9 2186s
 1153533 662763 7128.83943   54  124 13656.0000 6759.99795  50.5%  14.9 2192s
 1156208 663589 7454.52124   58  114 13656.0000 6760.82936  50.5%  14.9 2196s
 1158803 666062 13116.8387   77   52 13656.0000 6761.41760  50.5%  14.9 2205s
 1162681 668090 7233.41700   63  117 13656.0000 6762.41765  50.5%  14.9 2214s
 1165130 668725 8683.60663   68   93 13656.0000 6763.09043  50.5%  14.9 2218s
 1166212 670028 7739.66385   52  123 13656.0000 6763.55834  50.5%  14.9 2224s
 1168524 671221 10402.2733   62   88 13656.0000 6764.17784  50.5%  14.9 2230s
 1172097 673382 infeasible   90      13656.0000 6765.13539  50.5%  14.9 2239s
 1173997 674170     cutoff   63      13656.0000 6765.76416  50.5%  14.9 2243s
 1175393 675512 12189.3392   73   68 13656.0000 6766.35161  50.5%  14.9 2249s
 1177820 676232 6807.20983   58  116 13656.0000 6767.14861  50.4%  14.9 2253s
 1179064 676859 10796.3065   66   61 13656.0000 6767.55557  50.4%  14.9 2257s
 1180309 678066 13469.0000   85   26 13656.0000 6767.97658  50.4%  14.9 2263s
 1182502 678935 infeasible   88      13656.0000 6768.73668  50.4%  14.9 2267s
 1183953 680262 9335.00000   71   73 13656.0000 6769.30208  50.4%  14.9 2272s
 1186022 680859 infeasible   91      13656.0000 6769.81788  50.4%  14.9 2276s
 1187156 682637 10412.0000   78   61 13656.0000 6770.31185  50.4%  14.9 2283s
 1190328 683299 7293.77330   59  109 13656.0000 6771.51669  50.4%  14.9 2286s
 1191372 684098 7312.54085   57  109 13656.0000 6771.75816  50.4%  14.9 2290s
 1192774 685128 12547.4863   74   44 13656.0000 6772.09458  50.4%  14.9 2295s
 1196078 687185 7881.82588   57  111 13656.0000 6773.55223  50.4%  14.9 2303s
 1198099 687853 9827.00000   82   49 13656.0000 6774.17415  50.4%  14.9 2307s
 1199327 689275 13276.8450   63   52 13656.0000 6774.82596  50.4%  14.9 2312s
 1201730 689966 7072.08740   55  113 13656.0000 6775.41610  50.4%  14.9 2316s
 1202945 691233 7596.88970   64  121 13656.0000 6776.04981  50.4%  14.9 2321s
 1205244 691976 11956.2868   63   65 13656.0000 6776.89764  50.4%  14.9 2325s
 1207576 694569 infeasible   67      13656.0000 6777.43993  50.4%  14.9 2335s
 1212074 696098 13213.3235   81   48 13656.0000 6778.76339  50.4%  14.9 2342s
 1213528 697056 infeasible   78      13656.0000 6779.18887  50.4%  14.9 2346s
 1215357 697826 7733.24158   60   99 13656.0000 6779.77456  50.4%  14.9 2350s
 1216705 698878 13539.3108   64   47 13656.0000 6780.35929  50.3%  14.9 2355s
 1219765 700981 7319.42284   59  116 13656.0000 6781.39596  50.3%  14.9 2364s
 1222252 701593 8103.78218   52  110 13656.0000 6782.07814  50.3%  14.9 2368s
 1223343 702322 7818.51127   61   96 13656.0000 6782.48025  50.3%  14.9 2372s
 1224561 703296 12787.0300   78   37 13656.0000 6782.81968  50.3%  14.9 2376s
 1226378 704228 7549.47263   59  133 13656.0000 6783.31067  50.3%  14.9 2380s
 1229334 706024 12434.7370   65   42 13656.0000 6784.46973  50.3%  14.9 2388s
 1230872 707536 infeasible   96      13656.0000 6784.73401  50.3%  14.9 2393s
 1233443 707954 11066.3840   83   60 13656.0000 6785.58964  50.3%  14.9 2397s
 1234278 708617 12192.0150   67   40 13656.0000 6785.84084  50.3%  14.9 2400s
 1235471 710033 7190.74298   63  121 13656.0000 6786.24516  50.3%  14.9 2405s
 1239072 711583 13094.1833   98   34 13656.0000 6786.93304  50.3%  14.9 2413s
 1240464 712923 11407.2947   62   53 13656.0000 6787.59740  50.3%  14.9 2418s
 1242899 713733 infeasible   85      13656.0000 6788.04240  50.3%  14.9 2422s
 1244170 715397 9806.57482   57   69 13656.0000 6788.37180  50.3%  14.9 2428s
 1246920 716060 13050.0000   84   30 13656.0000 6788.99519  50.3%  14.9 2432s
 1248092 717606 11236.8401   75   48 13656.0000 6789.73553  50.3%  14.9 2437s
 1250617 718295     cutoff   81      13656.0000 6790.19301  50.3%  14.9 2441s
 1251825 719492 7850.74899   51  115 13656.0000 6790.47018  50.3%  14.9 2447s
 1254259 720134 10650.2813   88   41 13656.0000 6790.91773  50.3%  14.9 2451s
 1255441 721869 12043.2852   67   45 13656.0000 6791.58663  50.3%  14.9 2457s
 1258277 722401 infeasible   67      13656.0000 6792.28804  50.3%  14.9 2461s
 1259257 723290     cutoff   66      13656.0000 6792.74601  50.3%  14.9 2465s
 1260668 724431 12549.2100   64   55 13656.0000 6793.01132  50.3%  14.9 2470s
 1263857 725823 9772.08509   71   81 13656.0000 6793.76488  50.3%  14.9 2478s
 1265114 727012 13029.9852   68   45 13656.0000 6794.29118  50.2%  14.9 2483s
 1267274 727731 13302.6350   68   39 13656.0000 6794.97123  50.2%  14.9 2488s
 1268526 728704 7847.29476   53  115 13656.0000 6795.44889  50.2%  14.9 2492s
 1270049 730290 11487.1678   82   48 13656.0000 6795.67134  50.2%  14.9 2497s
 1272772 730872 13306.3521   99   20 13656.0000 6796.32592  50.2%  14.9 2501s
 1273860 732934 12067.4133   71   44 13656.0000 6796.64906  50.2%  14.9 2508s
 1277430 733458 12512.2223   64   44 13656.0000 6797.26875  50.2%  14.9 2512s
 1278432 734010 12263.2267   72   43 13656.0000 6797.64773  50.2%  14.9 2515s
 1280926 735971 11925.5412   79   57 13656.0000 6798.34979  50.2%  14.9 2524s
 1282820 736598 9122.83120   54  103 13656.0000 6799.00000  50.2%  14.9 2528s
 1284061 737988 infeasible   77      13656.0000 6799.31024  50.2%  14.9 2535s
 1287878 740030 8015.04910   62  121 13656.0000 6800.72084  50.2%  14.9 2544s
 1290177 740683 11670.3658   68   44 13656.0000 6801.31461  50.2%  14.9 2548s
 1291391 741418 infeasible   88      13656.0000 6801.83951  50.2%  14.9 2552s
 1292665 742642 7833.94573   60  114 13656.0000 6802.24992  50.2%  14.9 2558s
 1294679 743275 13415.4408   78   36 13656.0000 6802.81603  50.2%  14.9 2561s
 1295760 745087 6945.58668   62  106 13656.0000 6803.29040  50.2%  14.9 2569s
 1297148 745087 7965.10424   57  105 13656.0000 6803.44932  50.2%  14.9 2570s
 1300096 747264 12778.2660   73   37 13656.0000 6804.66316  50.2%  14.9 2580s
 1303785 748602 10748.1115   64   53 13656.0000 6805.72380  50.2%  14.9 2588s
 1305129 749857 7056.17113   54  120 13656.0000 6806.25039  50.2%  14.9 2593s
 1307144 750525 7108.67641   50  130 13656.0000 6806.69855  50.2%  14.9 2597s
 1308323 752037 12798.6911   73   52 13656.0000 6806.95507  50.2%  15.0 2602s
 1310889 752725 8081.49492   52  109 13656.0000 6807.69725  50.1%  14.9 2607s
 1312078 753873 13399.7312   84   28 13656.0000 6807.95378  50.1%  14.9 2611s
 1314232 754523 7149.76900   57  128 13656.0000 6808.59808  50.1%  14.9 2615s
 1315425 755456 8505.93444   56   99 13656.0000 6809.01947  50.1%  14.9 2620s
 1318291 757399 7252.10000   62  107 13656.0000 6809.79579  50.1%  14.9 2628s
 1320443 758110 10692.9638   64   45 13656.0000 6810.39087  50.1%  14.9 2632s
 1321668 758895 6818.52947   59  132 13656.0000 6810.98780  50.1%  14.9 2637s
 1323107 760333 infeasible   72      13656.0000 6811.33242  50.1%  15.0 2643s
 1325342 761595 12343.4608   87   54 13656.0000 6811.88233  50.1%  15.0 2649s
 1326768 761595 10702.0293   77   33 13656.0000 6812.00000  50.1%  14.9 2650s
 1328567 763068 11105.0000   66   67 13656.0000 6812.66520  50.1%  15.0 2658s
 1329893 764451 13278.6501   72   45 13656.0000 6812.92607  50.1%  15.0 2664s
 1332552 765193 13506.1122   85   37 13656.0000 6813.57206  50.1%  14.9 2668s
 1333834 765973 13548.4514   77   38 13656.0000 6814.00708  50.1%  14.9 2673s
 1335406 767530 7257.89335   56  130 13656.0000 6814.38644  50.1%  15.0 2679s
 1338057 768498 13385.9225   89   53 13656.0000 6815.01248  50.1%  14.9 2684s
 1339785 769186 9286.84895   59  100 13656.0000 6815.53220  50.1%  14.9 2689s
 1341041 770232 13508.3200   88   25 13656.0000 6815.77017  50.1%  15.0 2693s
 1342936 770985 9866.72448   62   85 13656.0000 6816.19497  50.1%  15.0 2698s
 1344361 772412 9398.60006   67   71 13656.0000 6816.74369  50.1%  15.0 2703s
 1346770 773169 7225.57189   55  115 13656.0000 6817.26145  50.1%  15.0 2707s
 1348052 774699 12949.2521   78   47 13656.0000 6817.68555  50.1%  15.0 2712s
 1350554 775344 8197.44781   61   86 13656.0000 6818.19553  50.1%  15.0 2716s
 1352855 777021 7300.88161   52  104 13656.0000 6818.91196  50.1%  15.0 2724s
 1354717 777715 7707.74586   58  114 13656.0000 6819.21014  50.1%  15.0 2728s
 1356005 778962 13482.0000   75   51 13656.0000 6819.74835  50.1%  15.0 2733s
 1358234 779751 9761.49704   59  108 13656.0000 6820.61621  50.1%  15.0 2737s
 1359441 781002 11988.5260   87   42 13656.0000 6820.87000  50.1%  15.0 2741s
 1362570 782241 13025.3841   66   44 13656.0000 6821.50980  50.0%  15.0 2748s
 1363876 782932 13227.2199   88   33 13656.0000 6821.88575  50.0%  15.0 2752s
 1365227 783728 13594.9950   93   42 13656.0000 6822.26954  50.0%  15.0 2756s
 1366644 784952 7792.30642   65  112 13656.0000 6822.68961  50.0%  15.0 2761s
 1368738 786221 8257.29849   60   96 13656.0000 6823.20594  50.0%  15.0 2766s
 1371008 787043 7551.47234   60  114 13656.0000 6823.81821  50.0%  15.0 2770s
 1373174 788139 11763.0000   81   33 13656.0000 6824.29417  50.0%  15.0 2775s
 1375604 790396 11485.4915   67   63 13656.0000 6824.83772  50.0%  15.0 2783s
 1377797 791066 7047.60251   49  135 13656.0000 6825.54664  50.0%  15.0 2787s
 1379004 792435 9115.10690   69   79 13656.0000 6825.74774  50.0%  15.0 2792s
 1381497 793117 13434.1134   81   23 13656.0000 6826.32515  50.0%  15.0 2796s
 1382597 794408 infeasible   80      13656.0000 6826.83279  50.0%  15.0 2801s
 1384743 795689 8271.57697   60  120 13656.0000 6827.40985  50.0%  15.0 2806s
 1387022 796542 7364.78132   51  104 13656.0000 6827.78570  50.0%  15.0 2810s
 1388523 797914 13041.0836   72   39 13656.0000 6828.10474  50.0%  15.0 2816s
 1390842 798666 11440.1206   71   43 13656.0000 6828.73890  50.0%  15.0 2820s
 1393671 800467 9423.54542   67   68 13656.0000 6829.59257  50.0%  15.0 2829s
 1395602 801400 7181.65188   52  124 13656.0000 6830.12965  50.0%  15.0 2833s
 1397285 802524 8161.50601   63  100 13656.0000 6830.84655  50.0%  15.0 2838s
 1399148 803559 7158.76406   60  128 13656.0000 6831.21635  50.0%  15.0 2842s
 1400641 805044 8929.68184   68   78 13656.0000 6831.33562  50.0%  15.0 2848s
 1403183 805668 10469.2238   66   71 13656.0000 6832.08832  50.0%  15.0 2851s
 1404313 807506 infeasible   72      13656.0000 6832.45800  50.0%  15.0 2859s
 1407527 808032 13177.0000   99   45 13656.0000 6833.18394  50.0%  15.0 2862s
 1408429 808832 8827.59646   62   82 13656.0000 6833.62235  50.0%  15.0 2866s
 1409645 809638 13215.1632   89   43 13656.0000 6833.75958  50.0%  15.0 2870s
 1411065 810950 12428.1704   65   48 13656.0000 6834.31278  50.0%  15.0 2875s
 1414595 813020 11242.7180   61   67 13656.0000 6835.16128  49.9%  15.0 2884s
 1417173 813680 7226.58444   53  132 13656.0000 6835.61250  49.9%  15.0 2888s
 1418386 815039 10623.5981   68   52 13656.0000 6836.06391  49.9%  15.0 2893s
 1420681 815597 13420.1480   73   83 13656.0000 6836.57987  49.9%  15.0 2897s
 1421627 816416 12979.4183   92   34 13656.0000 6836.88702  49.9%  15.0 2901s
 1423065 817538 11434.0979   73   74 13656.0000 6837.31236  49.9%  15.0 2906s
 1425057 818191 13592.6287   70   36 13656.0000 6837.96924  49.9%  15.0 2910s
 1426212 819224 9852.57791   59   83 13656.0000 6838.18284  49.9%  15.0 2915s
 1427979 820716 12031.0000   97   29 13656.0000 6838.73096  49.9%  15.0 2922s
 1430747 821392 infeasible   81      13656.0000 6839.36271  49.9%  15.0 2926s
 1432171 822405 9493.61702   65   92 13656.0000 6839.78513  49.9%  15.0 2931s
 1434017 823484 7360.90454   50  128 13656.0000 6840.31036  49.9%  15.0 2936s
 1436057 824270 7735.94334   57  104 13656.0000 6840.88378  49.9%  15.0 2941s
 1437731 825617 8530.56144   55  107 13656.0000 6841.19391  49.9%  15.0 2945s
 1439999 826357 9117.20760   61   80 13656.0000 6841.54907  49.9%  15.0 2950s
 1441344 827902 13512.0000   98   22 13656.0000 6841.93361  49.9%  15.0 2955s
 1445226 829452 13283.0000   84   16 13656.0000 6842.87137  49.9%  15.0 2963s
 1446590 830331 12422.0000   83   36 13656.0000 6843.13689  49.9%  15.0 2967s
 1448214 831302 8734.80015   62   99 13656.0000 6843.51736  49.9%  15.0 2971s
 1449732 831315 9534.47720   79   79 13656.0000 6843.76002  49.9%  15.0 2987s
 1449750 831720 9535.72069   80   80 13656.0000 6843.76002  49.9%  15.0 2991s
 1450466 832527 10947.0000  107   34 13656.0000 6843.80381  49.9%  15.0 2995s
 1451966 833378 12919.5319   79   46 13656.0000 6844.33148  49.9%  15.0 3000s
 1453471 834359 9865.57215   60   91 13656.0000 6844.80322  49.9%  15.0 3005s
 1454981 835307 7620.00000   75   94 13656.0000 6845.19319  49.9%  15.0 3010s
 1456582 836125 13220.8356   76   34 13656.0000 6845.41591  49.9%  15.0 3015s
 1458002 837144 10913.2074   80   59 13656.0000 6846.03688  49.9%  15.0 3020s
 1459795 838107 7476.71432   59  100 13656.0000 6846.56218  49.9%  15.0 3026s
 1461528 839088 7881.56926   59   73 13656.0000 6846.92916  49.9%  15.0 3032s
 1463215 840304 6956.35895   60  129 13656.0000 6847.45548  49.9%  15.0 3037s
 1465185 841255 12264.0714   72   41 13656.0000 6847.92568  49.9%  15.0 3042s
 1466829 842190 infeasible   75      13656.0000 6848.48601  49.8%  15.0 3047s
 1468528 842888 infeasible   82      13656.0000 6849.02186  49.8%  15.0 3051s
 1469556 844262 8516.45972   61   84 13656.0000 6849.29567  49.8%  15.0 3057s
 1471864 845092 12304.5049   71   43 13656.0000 6849.68933  49.8%  15.0 3062s
 1473359 846358 9992.83275   60   71 13656.0000 6850.06136  49.8%  15.0 3067s
 1475266 847812 12674.2494   71   47 13656.0000 6850.43763  49.8%  15.0 3073s
 1477729 849193 11957.2314   63   46 13656.0000 6850.74599  49.8%  15.0 3079s
 1480425 850080 7521.52241   56  103 13656.0000 6851.25753  49.8%  15.0 3084s
 1482018 851289 13506.4422   96   29 13656.0000 6851.77657  49.8%  15.0 3089s
 1484093 852026 12777.0712   88   38 13656.0000 6852.18741  49.8%  15.0 3093s
 1485444 853297 8671.52019   71   93 13656.0000 6852.68406  49.8%  15.0 3099s
 1487604 854140 6954.73134   60  144 13656.0000 6853.27987  49.8%  15.0 3103s
 1489075 855480 6962.34293   57  133 13656.0000 6853.62712  49.8%  15.0 3108s
 1491361 855950 9251.02332   57   63 13656.0000 6854.25135  49.8%  15.0 3111s
 1492191 857284 7008.36005   57  122 13656.0000 6854.49381  49.8%  15.0 3115s
 1495308 858533 10684.3020   65   49 13656.0000 6854.77581  49.8%  15.0 3121s
 1496532 859489 8981.83226   52  111 13656.0000 6855.05083  49.8%  15.0 3126s
 1499536 861755 11555.6394   67   59 13656.0000 6855.83732  49.8%  15.0 3134s
 1502013 862406 13187.2753   71   58 13656.0000 6856.17392  49.8%  15.0 3138s
 1503074 863866 7241.77407   53  120 13656.0000 6856.48485  49.8%  15.0 3143s
 1505392 864486 10764.6362  100   34 13656.0000 6856.96389  49.8%  15.0 3146s
 1506464 865095 7830.64808   58  103 13656.0000 6857.17873  49.8%  15.0 3150s
 1507534 866181 13566.1475   82   18 13656.0000 6857.46382  49.8%  15.0 3155s
 1510715 868203 6910.52457   54  122 13656.0000 6858.31551  49.8%  15.0 3164s
 1512918 868815 12455.9327   88   40 13656.0000 6858.81478  49.8%  15.0 3167s
 1513927 869689 12877.0000   83   40 13656.0000 6859.02928  49.8%  15.0 3171s
 1515412 870578 7624.97182   55  112 13656.0000 6859.38122  49.8%  15.0 3176s
 1516983 871371 11100.0270   66   49 13656.0000 6859.88880  49.8%  15.0 3180s
 1518334 872975 8762.40654   66   74 13656.0000 6860.36493  49.8%  15.0 3186s
 1521046 873748     cutoff   75      13656.0000 6861.06644  49.8%  15.0 3190s
 1522156 875033 10687.7153   82   47 13656.0000 6861.37623  49.8%  15.0 3195s
 1525863 876655 9002.66206   58   94 13656.0000 6862.21512  49.7%  15.0 3203s
 1527361 877530 11455.6324   81   58 13656.0000 6862.60012  49.7%  15.0 3208s
 1528816 878367 infeasible   81      13656.0000 6862.94380  49.7%  15.0 3212s
 1530294 879521     cutoff   64      13656.0000 6863.19915  49.7%  15.0 3217s
 1532289 880902 8346.10410   65   79 13656.0000 6863.66539  49.7%  15.0 3223s
 1534695 881457 infeasible  103      13656.0000 6864.06901  49.7%  15.0 3226s
 1536887 882315 8459.35395   58   87 13656.0000 6864.68388  49.7%  15.0 3230s
 1538283 884095 7976.89688   59  100 13656.0000 6865.01895  49.7%  15.0 3237s
 1540412 884750 7770.92810   59   89 13656.0000 6865.46541  49.7%  15.0 3241s
 1541581 885445 8466.58211   64   78 13656.0000 6865.85053  49.7%  15.0 3245s
 1542793 886851 10819.2126   71   64 13656.0000 6866.23454  49.7%  15.0 3250s
 1546266 888801 13219.7886   95   27 13656.0000 6866.90968  49.7%  15.0 3259s
 1548614 889573 7503.14264   58  109 13656.0000 6867.33757  49.7%  15.0 3262s
 1549836 890856 8383.20757   55  108 13656.0000 6867.56506  49.7%  15.0 3267s
 1551849 891671 11588.1209   65   66 13656.0000 6868.00527  49.7%  15.0 3271s
 1553216 892608 13112.0000  102   20 13656.0000 6868.35288  49.7%  15.0 3276s
 1556245 894190 11817.1644   72   60 13656.0000 6869.14197  49.7%  15.0 3283s
 1557844 895224 7340.01431   62  100 13656.0000 6869.33236  49.7%  15.0 3288s
 1559687 896622 7664.06367   51  129 13656.0000 6869.90535  49.7%  15.0 3294s
 1561916 897240 7338.77433   60  113 13656.0000 6870.54646  49.7%  15.0 3297s
 1562997 897922 10702.8635   68   78 13656.0000 6870.71492  49.7%  15.0 3301s
 1564207 898994 10083.5348   79   78 13656.0000 6871.09195  49.7%  15.0 3306s
 1566241 899557 12218.1541   76   39 13656.0000 6871.65231  49.7%  15.0 3311s
 1567215 900569 infeasible   92      13656.0000 6871.84275  49.7%  15.0 3315s
 1568969 901821 11034.3657   64   58 13656.0000 6872.23941  49.7%  15.0 3321s
 1571035 902606 11480.1780   73   54 13656.0000 6872.50130  49.7%  15.0 3325s
 1573678 903380 7858.32747   59  101 13656.0000 6872.90957  49.7%  15.0 3330s
 1575674 905347 infeasible   85      13656.0000 6873.40539  49.7%  15.0 3337s
 1576963 906554 11646.4940   70   67 13656.0000 6873.61529  49.7%  15.0 3342s
 1578917 907366 infeasible   75      13656.0000 6874.20903  49.7%  15.0 3347s
 1580265 908813 12510.8551   62   64 13656.0000 6874.48650  49.7%  15.0 3352s
 1582685 909536 7064.14502   56  130 13656.0000 6875.15899  49.7%  15.0 3355s
 1585342 911207 8051.11022   61   86 13656.0000 6875.72450  49.7%  15.0 3363s
 1586628 912675 12439.9105   69   38 13656.0000 6875.98817  49.6%  15.0 3369s
 1589157 913416 8354.09270   58  102 13656.0000 6876.69998  49.6%  15.0 3374s
 1590435 914434 7615.99838   60  120 13656.0000 6876.97713  49.6%  15.0 3378s
 1592151 915045 8060.88976   54   94 13656.0000 6877.30168  49.6%  15.0 3382s
 1593327 916239 8135.84050   59  113 13656.0000 6877.71755  49.6%  15.0 3387s
 1595268 916814 7142.23970   54  108 13656.0000 6878.17749  49.6%  15.0 3391s
 1596653 917778 9878.11885   66   73 13656.0000 6878.56696  49.6%  15.0 3396s
 1598391 918952 12709.5318   75   32 13656.0000 6878.85130  49.6%  15.0 3401s
 1600526 919726 infeasible   91      13656.0000 6879.35496  49.6%  15.0 3406s
 1602058 920679 13522.3449   68   68 13656.0000 6879.87196  49.6%  15.0 3411s
 1604077 921642 9248.56392   68   80 13656.0000 6880.23504  49.6%  15.0 3416s
 1605475 923164 7991.86176   59  118 13656.0000 6880.52895  49.6%  15.0 3422s
 1608192 924063 13162.1100   81   43 13656.0000 6881.03422  49.6%  15.0 3427s
 1609762 924811 7815.68571   57  118 13656.0000 6881.35300  49.6%  15.0 3431s
 1611154 925361 10011.0000   67   76 13656.0000 6881.76722  49.6%  15.0 3436s
 1612266 926049 9084.00000   67   83 13656.0000 6882.08409  49.6%  15.0 3440s
 1615264 928617 13546.8913   67   30 13656.0000 6882.82732  49.6%  15.0 3450s
 1618121 929273 infeasible   70      13656.0000 6883.47935  49.6%  15.0 3455s
 1619342 931301 7314.87611   64   95 13656.0000 6883.83837  49.6%  15.0 3463s
 1623008 931826 7459.84192   53  117 13656.0000 6884.54978  49.6%  15.0 3466s
 1624010 932384 11066.8407   68   62 13656.0000 6884.68444  49.6%  15.0 3470s
 1626279 934361 7037.07875   64  129 13656.0000 6885.34587  49.6%  15.0 3478s
 1628515 935019 7626.73134   55  122 13656.0000 6885.54488  49.6%  15.0 3483s
 1629667 936441 infeasible   80      13656.0000 6886.00923  49.6%  15.0 3488s
 1632040 937107 7303.50042   61  113 13656.0000 6886.61259  49.6%  15.0 3492s
 1633191 937875 12019.0047   67   91 13656.0000 6886.96229  49.6%  15.0 3496s
 1634594 938991 infeasible   68      13656.0000 6887.25651  49.6%  15.0 3501s
 1636477 939785 10697.4649   69   51 13656.0000 6887.73774  49.6%  15.0 3505s
 1637897 941114 8174.22883   62   64 13656.0000 6888.04755  49.6%  15.0 3510s
 1640052 942079 7889.96651   55   98 13656.0000 6888.55416  49.6%  15.0 3515s
 1643011 943945 12465.8166   74   52 13656.0000 6889.26345  49.6%  15.0 3524s
 1645346 944648 8438.11471   57  102 13656.0000 6889.71407  49.5%  15.0 3528s
 1646611 945431 9986.92306   69   48 13656.0000 6889.86035  49.5%  15.0 3532s
 1648005 946440 7187.75694   58  119 13656.0000 6890.16291  49.5%  15.0 3537s
 1650156 947678 13145.0695   73   52 13656.0000 6890.61613  49.5%  15.0 3541s
 1652069 948380 7158.95335   53  110 13656.0000 6891.05915  49.5%  15.0 3545s
 1653323 949378 infeasible   67      13656.0000 6891.35505  49.5%  15.0 3550s
 1654967 950883 10603.9045   79   73 13656.0000 6891.73289  49.5%  15.0 3556s
 1657612 951847 infeasible   67      13656.0000 6892.30570  49.5%  15.0 3561s
 1659422 952719 7796.97736   62  116 13656.0000 6892.89831  49.5%  15.0 3565s
 1660895 953659 12669.3152   80   31 13656.0000 6893.11252  49.5%  15.0 3570s
 1663875 955948 infeasible   68      13656.0000 6893.75758  49.5%  15.0 3580s
 1667839 957944 13120.0000   77   32 13656.0000 6894.77038  49.5%  15.0 3589s
 1670038 958570 13451.2928   84   30 13656.0000 6895.13245  49.5%  15.0 3593s
 1671149 959295 infeasible   84      13656.0000 6895.55211  49.5%  15.0 3596s
 1672560 960018 12830.7030   70   55 13656.0000 6895.70267  49.5%  15.0 3600s

Cutting planes:
  Learned: 279
  Gomory: 195
  Cover: 16
  Implied bound: 6
  Clique: 2
  MIR: 2501
  StrongCG: 2
  Flow cover: 4005
  Inf proof: 58
  Zero half: 245
  Mod-K: 1
  RLT: 1
  Relax-and-lift: 13

Explored 1673796 nodes (25181659 simplex iterations) in 3600.40 seconds (445.52 work units)
Thread count was 16 (of 16 available processors)

Solution count 10: 13656 13889 14059 ... 15028

Time limit reached
Best objective 1.365600000000e+04, best bound 6.896000000000e+03, gap 49.5021%
Warning: constraint name "precedence between 0,0 to 0,1 if x_[0,0,0,1,6]=0, i.e. 0,1 before 0,0" has a space
Warning: constraint name "precedence between 0,0 to 0,1 if x_[0,0,0,1,6]=0, i.e. 0,1 before 0,0" has a space
Warning: default constraint names used to write mps file
