
Gurobi 10.0.1 (win64) logging started Sun Oct  8 06:17:49 2023

Set parameter LogFile to value "./results//log/FMS_08_makespan_heurTrue.log"
Gurobi Optimizer version 10.0.1 build v10.0.1rc0 (win64)

CPU model: AMD Ryzen 7 3700X 8-Core Processor, instruction set [SSE2|AVX|AVX2]
Thread count: 8 physical cores, 16 logical processors, using up to 16 threads

Optimize a model with 136 rows, 118 columns and 523 nonzeros
Model fingerprint: 0x9aea2afd
Variable types: 0 continuous, 118 integer (99 binary)
Coefficient statistics:
  Matrix range     [1e+00, 1e+07]
  Objective range  [1e+00, 1e+00]
  Bounds range     [1e+00, 1e+00]
  RHS range        [1e+00, 3e+07]

User MIP start did not produce a new incumbent solution
User MIP start violates constraint initial_start_time_job0_stage0_machine0_constraint by 420.000000000

Presolve removed 28 rows and 57 columns
Presolve time: 0.01s
Presolved: 108 rows, 61 columns, 468 nonzeros
Variable types: 0 continuous, 61 integer (43 binary)
Found heuristic solution: objective 3680.0000000

Root relaxation: objective 2.003000e+03, 24 iterations, 0.00 seconds (0.00 work units)

    Nodes    |    Current Node    |     Objective Bounds      |     Work
 Expl Unexpl |  Obj  Depth IntInf | Incumbent    BestBd   Gap | It/Node Time

     0     0 2003.00000    0    5 3680.00000 2003.00000  45.6%     -    0s
Another try with MIP start
H    0     0                    2644.0000000 2003.00000  24.2%     -    0s
H    0     0                    2384.0000000 2003.00000  16.0%     -    0s
     0     0 2015.11921    0   14 2384.00000 2015.11921  15.5%     -    0s
     0     0 2024.00000    0   16 2384.00000 2024.00000  15.1%     -    0s
     0     0 2024.22047    0   16 2384.00000 2024.22047  15.1%     -    0s
     0     0 2026.20670    0   15 2384.00000 2026.20670  15.0%     -    0s
     0     0 2028.00000    0   14 2384.00000 2028.00000  14.9%     -    0s
     0     0 2028.00000    0   14 2384.00000 2028.00000  14.9%     -    0s
     0     0 2036.00000    0   15 2384.00000 2036.00000  14.6%     -    0s
     0     0 2037.00000    0   15 2384.00000 2037.00000  14.6%     -    0s
     0     0 2037.00000    0   15 2384.00000 2037.00000  14.6%     -    0s
     0     0 2037.00264    0   15 2384.00000 2037.00264  14.6%     -    0s
     0     0 2040.32278    0   15 2384.00000 2040.32278  14.4%     -    0s
     0     0 2042.00000    0   14 2384.00000 2042.00000  14.3%     -    0s
     0     2 2042.00000    0   14 2384.00000 2042.00000  14.3%     -    0s
H  490    87                    2365.0000000 2084.00000  11.9%   3.7    0s
 290618     2 2277.00000 144809    1 2365.00000 2277.00000  3.72%   0.0    5s
 522798     2 2277.00000 260899    1 2365.00000 2277.00000  3.72%   0.0   10s
 701210     2 2277.00000 350105    1 2365.00000 2277.00000  3.72%   0.0   15s
 851516     2 2277.00000 425258    1 2365.00000 2277.00000  3.72%   0.0   20s
 981048     2 2277.00000 490024    1 2365.00000 2277.00000  3.72%   0.0   25s
 1098360     2 2277.00000 548680    1 2365.00000 2277.00000  3.72%   0.0   30s
 1204674     2 2277.00000 601837    1 2365.00000 2277.00000  3.72%   0.0   35s
 1309766     2 2277.00000 654383    1 2365.00000 2277.00000  3.72%   0.0   40s
 1408748     2 2277.00000 703874    1 2365.00000 2277.00000  3.72%   0.0   45s
 1500398     2 2277.00000 749699    1 2365.00000 2277.00000  3.72%   0.0   50s
 1588382     2 2277.00000 793691    1 2365.00000 2277.00000  3.72%   0.0   55s
 1670256     2 2277.00000 834628    1 2365.00000 2277.00000  3.72%   0.0   60s
 1753352     2 2277.00000 876176    1 2365.00000 2277.00000  3.72%   0.0   65s
 1825450     2 2277.00000 912225    1 2365.00000 2277.00000  3.72%   0.0   70s
 1897548     2 2277.00000 948274    1 2365.00000 2277.00000  3.72%   0.0   75s
 1973312     2 2277.00000 986156    1 2365.00000 2277.00000  3.72%   0.0   80s
 2042966     2 2277.00000 1020983    1 2365.00000 2277.00000  3.72%   0.0   85s
 2111398     2 2277.00000 1055199    1 2365.00000 2277.00000  3.72%   0.0   90s
 2176164     2 2277.00000 1087582    1 2365.00000 2277.00000  3.72%   0.0   95s
 2239708     2 2277.00000 1119354    1 2365.00000 2277.00000  3.72%   0.0  100s
 2302030     2 2277.00000 1150515    1 2365.00000 2277.00000  3.72%   0.0  105s
 2364352     2 2277.00000 1181676    1 2365.00000 2277.00000  3.72%   0.0  110s
 2419953     2 2277.00000 1209171    1 2365.00000 2277.00000  3.72%   0.0  115s
 2479831     2 2277.00000 1239110    1 2365.00000 2277.00000  3.72%   0.0  120s
 2538487     2 2277.00000 1268438    1 2365.00000 2277.00000  3.72%   0.0  125s
 2593477     2 2277.00000 1295933    1 2365.00000 2277.00000  3.72%   0.0  130s
 2649689     2 2277.00000 1324039    1 2365.00000 2277.00000  3.72%   0.0  135s
 2704679     2 2277.00000 1351534    1 2365.00000 2277.00000  3.72%   0.0  140s
 2758447     2 2277.00000 1378418    1 2365.00000 2277.00000  3.72%   0.0  145s
 2809771     2 2277.00000 1404080    1 2365.00000 2277.00000  3.72%   0.0  150s
 2862317     2 2277.00000 1430353    1 2365.00000 2277.00000  3.72%   0.0  155s
 2910586     2 2277.00000 1454182    1 2365.00000 2277.00000  3.72%   0.0  160s
 2960688     2 2277.00000 1479233    1 2365.00000 2277.00000  3.72%   0.0  165s
 3010790     2 2277.00000 1504284    1 2365.00000 2277.00000  3.72%   0.0  170s
 3059670     2 2277.00000 1528724    1 2365.00000 2277.00000  3.72%   0.0  175s
 3108550     2 2277.00000 1553164    1 2365.00000 2277.00000  3.72%   0.0  180s
 3154986     2 2277.00000 1576382    1 2365.00000 2277.00000  3.72%   0.0  185s
 3201422     2 2277.00000 1599600    1 2365.00000 2277.00000  3.72%   0.0  190s
 3247858     2 2277.00000 1622818    1 2365.00000 2277.00000  3.72%   0.0  195s
 3291850     2 2277.00000 1644814    1 2365.00000 2277.00000  3.72%   0.0  200s
 3335231     2 2277.00000 1666810    1 2365.00000 2277.00000  3.72%   0.0  205s
 3381667     2 2277.00000 1690028    1 2365.00000 2277.00000  3.72%   0.0  210s
 3425659     2 2277.00000 1712024    1 2365.00000 2277.00000  3.72%   0.0  215s
 3469651     2 2277.00000 1734020    1 2365.00000 2277.00000  3.72%   0.0  220s
 3511199     2 2277.00000 1754794    1 2365.00000 2277.00000  3.72%   0.0  225s
 3553969     2 2277.00000 1776179    1 2365.00000 2277.00000  3.72%   0.0  230s
 3594295     2 2277.00000 1796342    1 2365.00000 2277.00000  3.72%   0.0  235s
 3635843     2 2277.00000 1817116    1 2365.00000 2277.00000  3.72%   0.0  240s
 3677391     2 2277.00000 1837890    1 2365.00000 2277.00000  3.72%   0.0  245s
 3718939     2 2277.00000 1858664    1 2365.00000 2277.00000  3.72%   0.0  250s
 3758043     2 2277.00000 1878216    1 2365.00000 2277.00000  3.72%   0.0  255s
 3798369     2 2277.00000 1898379    1 2365.00000 2277.00000  3.72%   0.0  260s
 3837473     2 2277.00000 1917931    1 2365.00000 2277.00000  3.72%   0.0  265s
 3876577     2 2277.00000 1937483    1 2365.00000 2277.00000  3.72%   0.0  270s
 3914459     2 2277.00000 1956424    1 2365.00000 2277.00000  3.72%   0.0  275s
 3953563     2 2277.00000 1975976    1 2365.00000 2277.00000  3.72%   0.0  280s
 3987779     2 2277.00000 1993084    1 2365.00000 2277.00000  3.72%   0.0  285s
 4026883     2 2277.00000 2012636    1 2365.00000 2277.00000  3.72%   0.0  290s
 4063543     2 2277.00000 2030966    1 2365.00000 2277.00000  3.72%   0.0  295s
 4100203     2 2277.00000 2049296    1 2365.00000 2277.00000  3.72%   0.0  300s
 4136863     2 2277.00000 2067626    1 2365.00000 2277.00000  3.72%   0.0  305s
 4174745     2 2277.00000 2086567    1 2365.00000 2277.00000  3.72%   0.0  310s
 4208961     2 2277.00000 2103675    1 2365.00000 2277.00000  3.72%   0.0  315s
 4245621     2 2277.00000 2122005    1 2365.00000 2277.00000  3.72%   0.0  320s
 4282281     2 2277.00000 2140335    1 2365.00000 2277.00000  3.72%   0.0  325s
 4316497     2 2277.00000 2157443    1 2365.00000 2277.00000  3.72%   0.0  330s
 4353157     2 2277.00000 2175773    1 2365.00000 2277.00000  3.72%   0.0  335s
 4387373     2 2277.00000 2192881    1 2365.00000 2277.00000  3.72%   0.0  340s
 4421589     2 2277.00000 2209989    1 2365.00000 2277.00000  3.72%   0.0  345s
 4457027     2 2277.00000 2227708    1 2365.00000 2277.00000  3.72%   0.0  350s
 4491243     2 2277.00000 2244816    1 2365.00000 2277.00000  3.72%   0.0  355s
 4525459     2 2277.00000 2261924    1 2365.00000 2277.00000  3.72%   0.0  360s
 4558453     2 2277.00000 2278421    1 2365.00000 2277.00000  3.72%   0.0  365s
 4592669     2 2277.00000 2295529    1 2365.00000 2277.00000  3.72%   0.0  370s
 4624441     2 2277.00000 2311415    1 2365.00000 2277.00000  3.72%   0.0  375s
 4658657     2 2277.00000 2328523    1 2365.00000 2277.00000  3.72%   0.0  380s
 4689818     2 2277.00000 2343798    1 2365.00000 2277.00000  3.72%   0.0  385s
 4721590     2 2277.00000 2359684    1 2365.00000 2277.00000  3.72%   0.0  390s
 4755806     2 2277.00000 2376792    1 2365.00000 2277.00000  3.72%   0.0  395s
 4787578     2 2277.00000 2392678    1 2365.00000 2277.00000  3.72%   0.0  400s
 4819350     2 2277.00000 2408564    1 2365.00000 2277.00000  3.72%   0.0  405s
 4851122     2 2277.00000 2424450    1 2365.00000 2277.00000  3.72%   0.0  410s
 4881672     2 2277.00000 2439725    1 2365.00000 2277.00000  3.72%   0.0  415s
 4912222     2 2277.00000 2455000    1 2365.00000 2277.00000  3.72%   0.0  420s
 4943994     2 2277.00000 2470886    1 2365.00000 2277.00000  3.72%   0.0  425s
 4974544     2 2277.00000 2486161    1 2365.00000 2277.00000  3.72%   0.0  430s
 5005094     2 2277.00000 2501436    1 2365.00000 2277.00000  3.72%   0.0  435s
 5035644     2 2277.00000 2516711    1 2365.00000 2277.00000  3.72%   0.0  440s
 5066194     2 2277.00000 2531986    1 2365.00000 2277.00000  3.72%   0.0  445s
 5095522     2 2277.00000 2546650    1 2365.00000 2277.00000  3.72%   0.0  450s
 5124850     2 2277.00000 2561314    1 2365.00000 2277.00000  3.72%   0.0  455s
 5155400     2 2277.00000 2576589    1 2365.00000 2277.00000  3.72%   0.0  460s
 5184728     2 2277.00000 2591253    1 2365.00000 2277.00000  3.72%   0.0  465s
 5212834     2 2277.00000 2605306    1 2365.00000 2277.00000  3.72%   0.0  470s
 5242162     2 2277.00000 2619970    1 2365.00000 2277.00000  3.72%   0.0  475s
 5271490     2 2277.00000 2634634    1 2365.00000 2277.00000  3.72%   0.0  480s
 5300818     2 2277.00000 2649298    1 2365.00000 2277.00000  3.72%   0.0  485s
 5330146     2 2277.00000 2663962    1 2365.00000 2277.00000  3.72%   0.0  490s
 5358252     2 2277.00000 2678015    1 2365.00000 2277.00000  3.72%   0.0  495s
 5386969     2 2277.00000 2692068    1 2365.00000 2277.00000  3.72%   0.0  500s
 5415075     2 2277.00000 2706121    1 2365.00000 2277.00000  3.72%   0.0  505s
 5443181     2 2277.00000 2720174    1 2365.00000 2277.00000  3.72%   0.0  510s
 5471287     2 2277.00000 2734227    1 2365.00000 2277.00000  3.72%   0.0  515s
 5500615     2 2277.00000 2748891    1 2365.00000 2277.00000  3.72%   0.0  520s
 5528721     2 2277.00000 2762944    1 2365.00000 2277.00000  3.72%   0.0  525s
 5555605     2 2277.00000 2776386    1 2365.00000 2277.00000  3.72%   0.0  530s
 5583711     2 2277.00000 2790439    1 2365.00000 2277.00000  3.72%   0.0  535s
 5611817     2 2277.00000 2804492    1 2365.00000 2277.00000  3.72%   0.0  540s
 5639923     2 2277.00000 2818545    1 2365.00000 2277.00000  3.72%   0.0  545s
 5665585     2 2277.00000 2831376    1 2365.00000 2277.00000  3.72%   0.0  550s
 5693691     2 2277.00000 2845429    1 2365.00000 2277.00000  3.72%   0.0  555s
 5720575     2 2277.00000 2858871    1 2365.00000 2277.00000  3.72%   0.0  560s
 5747459     2 2277.00000 2872313    1 2365.00000 2277.00000  3.72%   0.0  565s
 5774343     2 2277.00000 2885755    1 2365.00000 2277.00000  3.72%   0.0  570s
 5801227     2 2277.00000 2899197    1 2365.00000 2277.00000  3.72%   0.0  575s
 5826889     2 2277.00000 2912028    1 2365.00000 2277.00000  3.72%   0.0  580s
 5853773     2 2277.00000 2925470    1 2365.00000 2277.00000  3.72%   0.0  585s
 5880657     2 2277.00000 2938912    1 2365.00000 2277.00000  3.72%   0.0  590s
 5907541     2 2277.00000 2952354    1 2365.00000 2277.00000  3.72%   0.0  595s
 5933203     2 2277.00000 2965185    1 2365.00000 2277.00000  3.72%   0.0  600s
 5958865     2 2277.00000 2978016    1 2365.00000 2277.00000  3.72%   0.0  605s
 5985749     2 2277.00000 2991458    1 2365.00000 2277.00000  3.72%   0.0  610s
 6011411     2 2277.00000 3004289    1 2365.00000 2277.00000  3.72%   0.0  615s
 6037073     2 2277.00000 3017120    1 2365.00000 2277.00000  3.72%   0.0  620s
 6062735     2 2277.00000 3029951    1 2365.00000 2277.00000  3.72%   0.0  625s
 6088397     2 2277.00000 3042782    1 2365.00000 2277.00000  3.72%   0.0  630s
 6114059     2 2277.00000 3055613    1 2365.00000 2277.00000  3.72%   0.0  635s
 6137888     2 2277.00000 3067833    1 2365.00000 2277.00000  3.72%   0.0  640s
 6162328     2 2277.00000 3080053    1 2365.00000 2277.00000  3.72%   0.0  645s
 6186768     2 2277.00000 3092273    1 2365.00000 2277.00000  3.72%   0.0  650s
 6212430     2 2277.00000 3105104    1 2365.00000 2277.00000  3.72%   0.0  655s
 6236870     2 2277.00000 3117324    1 2365.00000 2277.00000  3.72%   0.0  660s
 6262532     2 2277.00000 3130155    1 2365.00000 2277.00000  3.72%   0.0  665s
 6286972     2 2277.00000 3142375    1 2365.00000 2277.00000  3.72%   0.0  670s
 6311412     2 2277.00000 3154595    1 2365.00000 2277.00000  3.72%   0.0  675s
 6337074     2 2277.00000 3167426    1 2365.00000 2277.00000  3.72%   0.0  680s
 6361514     2 2277.00000 3179646    1 2365.00000 2277.00000  3.72%   0.0  685s
 6385954     2 2277.00000 3191866    1 2365.00000 2277.00000  3.72%   0.0  690s
 6410394     2 2277.00000 3204086    1 2365.00000 2277.00000  3.72%   0.0  695s
 6433612     2 2277.00000 3215695    1 2365.00000 2277.00000  3.72%   0.0  700s
 6458052     2 2277.00000 3227915    1 2365.00000 2277.00000  3.72%   0.0  705s
 6482492     2 2277.00000 3240135    1 2365.00000 2277.00000  3.72%   0.0  710s
 6505710     2 2277.00000 3251744    1 2365.00000 2277.00000  3.72%   0.0  715s
 6530150     2 2277.00000 3263964    1 2365.00000 2277.00000  3.72%   0.0  720s
 6553368     2 2277.00000 3275573    1 2365.00000 2277.00000  3.72%   0.0  725s
 6577808     2 2277.00000 3287793    1 2365.00000 2277.00000  3.72%   0.0  730s
 6601026     2 2277.00000 3299402    1 2365.00000 2277.00000  3.72%   0.0  735s
 6623633     2 2277.00000 3310400    1 2365.00000 2277.00000  3.72%   0.0  740s
 6646851     2 2277.00000 3322009    1 2365.00000 2277.00000  3.72%   0.0  745s
 6671291     2 2277.00000 3334229    1 2365.00000 2277.00000  3.72%   0.0  750s
 6694509     2 2277.00000 3345838    1 2365.00000 2277.00000  3.72%   0.0  755s
 6717727     2 2277.00000 3357447    1 2365.00000 2277.00000  3.72%   0.0  760s
 6739723     2 2277.00000 3368445    1 2365.00000 2277.00000  3.72%   0.0  765s
 6764163     2 2277.00000 3380665    1 2365.00000 2277.00000  3.72%   0.0  770s
 6787381     2 2277.00000 3392274    1 2365.00000 2277.00000  3.72%   0.0  775s
 6809377     2 2277.00000 3403272    1 2365.00000 2277.00000  3.72%   0.0  780s
 6832595     2 2277.00000 3414881    1 2365.00000 2277.00000  3.72%   0.0  785s
 6855813     2 2277.00000 3426490    1 2365.00000 2277.00000  3.72%   0.0  790s
 6877809     2 2277.00000 3437488    1 2365.00000 2277.00000  3.72%   0.0  795s
 6901027     2 2277.00000 3449097    1 2365.00000 2277.00000  3.72%   0.0  800s
 6924245     2 2277.00000 3460706    1 2365.00000 2277.00000  3.72%   0.0  805s
 6946241     2 2277.00000 3471704    1 2365.00000 2277.00000  3.72%   0.0  810s
 6969459     2 2277.00000 3483313    1 2365.00000 2277.00000  3.72%   0.0  815s
 6990233     2 2277.00000 3493700    1 2365.00000 2277.00000  3.72%   0.0  820s
 7013451     2 2277.00000 3505309    1 2365.00000 2277.00000  3.72%   0.0  825s
 7035447     2 2277.00000 3516307    1 2365.00000 2277.00000  3.72%   0.0  830s
 7055610     2 2277.00000 3526083    1 2365.00000 2277.00000  3.72%   0.0  835s
 7078828     2 2277.00000 3537692    1 2365.00000 2277.00000  3.72%   0.0  840s
 7100824     2 2277.00000 3548690    1 2365.00000 2277.00000  3.72%   0.0  845s
 7122820     2 2277.00000 3559688    1 2365.00000 2277.00000  3.72%   0.0  850s
 7144816     2 2277.00000 3570686    1 2365.00000 2277.00000  3.72%   0.0  855s
 7165590     2 2277.00000 3581073    1 2365.00000 2277.00000  3.72%   0.0  860s
 7187586     2 2277.00000 3592071    1 2365.00000 2277.00000  3.72%   0.0  865s
 7209582     2 2277.00000 3603069    1 2365.00000 2277.00000  3.72%   0.0  870s
 7231578     2 2277.00000 3614067    1 2365.00000 2277.00000  3.72%   0.0  875s
 7253574     2 2277.00000 3625065    1 2365.00000 2277.00000  3.72%   0.0  880s
 7274348     2 2277.00000 3635452    1 2365.00000 2277.00000  3.72%   0.0  885s
 7295122     2 2277.00000 3645839    1 2365.00000 2277.00000  3.72%   0.0  890s
 7317118     2 2277.00000 3656837    1 2365.00000 2277.00000  3.72%   0.0  895s
 7337892     2 2277.00000 3667224    1 2365.00000 2277.00000  3.72%   0.0  900s
 7358666     2 2277.00000 3677611    1 2365.00000 2277.00000  3.72%   0.0  905s
 7380662     2 2277.00000 3688609    1 2365.00000 2277.00000  3.72%   0.0  910s
 7400825     2 2277.00000 3698996    1 2365.00000 2277.00000  3.72%   0.0  915s
 7421599     2 2277.00000 3709383    1 2365.00000 2277.00000  3.72%   0.0  920s
 7442373     2 2277.00000 3719770    1 2365.00000 2277.00000  3.72%   0.0  925s
 7464369     2 2277.00000 3730768    1 2365.00000 2277.00000  3.72%   0.0  930s
 7485143     2 2277.00000 3741155    1 2365.00000 2277.00000  3.72%   0.0  935s
 7505917     2 2277.00000 3751542    1 2365.00000 2277.00000  3.72%   0.0  940s
 7526691     2 2277.00000 3761929    1 2365.00000 2277.00000  3.72%   0.0  945s
 7547465     2 2277.00000 3772316    1 2365.00000 2277.00000  3.72%   0.0  950s
 7568239     2 2277.00000 3782703    1 2365.00000 2277.00000  3.72%   0.0  955s
 7589013     2 2277.00000 3793090    1 2365.00000 2277.00000  3.72%   0.0  960s
 7609787     2 2277.00000 3803477    1 2365.00000 2277.00000  3.72%   0.0  965s
 7629339     2 2277.00000 3813253    1 2365.00000 2277.00000  3.72%   0.0  970s
 7650113     2 2277.00000 3823640    1 2365.00000 2277.00000  3.72%   0.0  975s
 7670887     2 2277.00000 3834027    1 2365.00000 2277.00000  3.72%   0.0  980s
 7691661     2 2277.00000 3844414    1 2365.00000 2277.00000  3.72%   0.0  985s
 7712435     2 2277.00000 3854801    1 2365.00000 2277.00000  3.72%   0.0  990s
 7731987     2 2277.00000 3864577    1 2365.00000 2277.00000  3.72%   0.0  995s
 7752761     2 2277.00000 3874964    1 2365.00000 2277.00000  3.72%   0.0 1000s
 7772313     2 2277.00000 3884740    1 2365.00000 2277.00000  3.72%   0.0 1005s
 7791865     2 2277.00000 3894516    1 2365.00000 2277.00000  3.72%   0.0 1010s
 7812639     2 2277.00000 3904903    1 2365.00000 2277.00000  3.72%   0.0 1015s
 7832191     2 2277.00000 3914679    1 2365.00000 2277.00000  3.72%   0.0 1020s
 7851743     2 2277.00000 3924455    1 2365.00000 2277.00000  3.72%   0.0 1025s
 7871295     2 2277.00000 3934231    1 2365.00000 2277.00000  3.72%   0.0 1030s
 7890847     2 2277.00000 3944007    1 2365.00000 2277.00000  3.72%   0.0 1035s
 7910399     2 2277.00000 3953783    1 2365.00000 2277.00000  3.72%   0.0 1040s
 7931173     2 2277.00000 3964170    1 2365.00000 2277.00000  3.72%   0.0 1045s
 7949503     2 2277.00000 3973335    1 2365.00000 2277.00000  3.72%   0.0 1050s
 7970277     2 2277.00000 3983722    1 2365.00000 2277.00000  3.72%   0.0 1055s
 7989829     2 2277.00000 3993498    1 2365.00000 2277.00000  3.72%   0.0 1060s
 8009381     2 2277.00000 4003274    1 2365.00000 2277.00000  3.72%   0.0 1065s
 8027711     2 2277.00000 4012439    1 2365.00000 2277.00000  3.72%   0.0 1070s
 8048485     2 2277.00000 4022826    1 2365.00000 2277.00000  3.72%   0.0 1075s
 8068037     2 2277.00000 4032602    1 2365.00000 2277.00000  3.72%   0.0 1080s
 8087589     2 2277.00000 4042378    1 2365.00000 2277.00000  3.72%   0.0 1085s
 8107141     2 2277.00000 4052154    1 2365.00000 2277.00000  3.72%   0.0 1090s
 8124860     2 2277.00000 4061319    1 2365.00000 2277.00000  3.72%   0.0 1095s
 8144412     2 2277.00000 4071095    1 2365.00000 2277.00000  3.72%   0.0 1100s
 8163964     2 2277.00000 4080871    1 2365.00000 2277.00000  3.72%   0.0 1105s
 8183516     2 2277.00000 4090647    1 2365.00000 2277.00000  3.72%   0.0 1110s
 8201846     2 2277.00000 4099812    1 2365.00000 2277.00000  3.72%   0.0 1115s
 8221398     2 2277.00000 4109588    1 2365.00000 2277.00000  3.72%   0.0 1120s
 8239728     2 2277.00000 4118753    1 2365.00000 2277.00000  3.72%   0.0 1125s
 8258058     2 2277.00000 4127918    1 2365.00000 2277.00000  3.72%   0.0 1130s
 8277610     2 2277.00000 4137694    1 2365.00000 2277.00000  3.72%   0.0 1135s
 8297162     2 2277.00000 4147470    1 2365.00000 2277.00000  3.72%   0.0 1140s
 8315492     2 2277.00000 4156635    1 2365.00000 2277.00000  3.72%   0.0 1145s
 8335044     2 2277.00000 4166411    1 2365.00000 2277.00000  3.72%   0.0 1150s
 8353374     2 2277.00000 4175576    1 2365.00000 2277.00000  3.72%   0.0 1155s
 8372926     2 2277.00000 4185352    1 2365.00000 2277.00000  3.72%   0.0 1160s
 8391256     2 2277.00000 4194517    1 2365.00000 2277.00000  3.72%   0.0 1165s
 8409586     2 2277.00000 4203682    1 2365.00000 2277.00000  3.72%   0.0 1170s
 8429138     2 2277.00000 4213458    1 2365.00000 2277.00000  3.72%   0.0 1175s
 8447468     2 2277.00000 4222623    1 2365.00000 2277.00000  3.72%   0.0 1180s
 8465798     2 2277.00000 4231788    1 2365.00000 2277.00000  3.72%   0.0 1185s
 8484128     2 2277.00000 4240953    1 2365.00000 2277.00000  3.72%   0.0 1190s
 8502458     2 2277.00000 4250118    1 2365.00000 2277.00000  3.72%   0.0 1195s
 8520788     2 2277.00000 4259283    1 2365.00000 2277.00000  3.72%   0.0 1200s
 8539118     2 2277.00000 4268448    1 2365.00000 2277.00000  3.72%   0.0 1205s
 8557448     2 2277.00000 4277613    1 2365.00000 2277.00000  3.72%   0.0 1210s
 8575778     2 2277.00000 4286778    1 2365.00000 2277.00000  3.72%   0.0 1215s
 8593497     2 2277.00000 4295943    1 2365.00000 2277.00000  3.72%   0.0 1220s
 8611827     2 2277.00000 4305108    1 2365.00000 2277.00000  3.72%   0.0 1225s
 8630157     2 2277.00000 4314273    1 2365.00000 2277.00000  3.72%   0.0 1230s
 8648487     2 2277.00000 4323438    1 2365.00000 2277.00000  3.72%   0.0 1235s
 8665595     2 2277.00000 4331992    1 2365.00000 2277.00000  3.72%   0.0 1240s
 8683925     2 2277.00000 4341157    1 2365.00000 2277.00000  3.72%   0.0 1245s
 8702255     2 2277.00000 4350322    1 2365.00000 2277.00000  3.72%   0.0 1250s
 8720585     2 2277.00000 4359487    1 2365.00000 2277.00000  3.72%   0.0 1255s
 8738915     2 2277.00000 4368652    1 2365.00000 2277.00000  3.72%   0.0 1260s
 8757245     2 2277.00000 4377817    1 2365.00000 2277.00000  3.72%   0.0 1265s
 8774353     2 2277.00000 4386371    1 2365.00000 2277.00000  3.72%   0.0 1270s
 8792683     2 2277.00000 4395536    1 2365.00000 2277.00000  3.72%   0.0 1275s
 8811013     2 2277.00000 4404701    1 2365.00000 2277.00000  3.72%   0.0 1280s
 8828121     2 2277.00000 4413255    1 2365.00000 2277.00000  3.72%   0.0 1285s
 8846451     2 2277.00000 4422420    1 2365.00000 2277.00000  3.72%   0.0 1290s
 8864781     2 2277.00000 4431585    1 2365.00000 2277.00000  3.72%   0.0 1295s
 8881889     2 2277.00000 4440139    1 2365.00000 2277.00000  3.72%   0.0 1300s
 8900219     2 2277.00000 4449304    1 2365.00000 2277.00000  3.72%   0.0 1305s
 8917327     2 2277.00000 4457858    1 2365.00000 2277.00000  3.72%   0.0 1310s
 8935657     2 2277.00000 4467023    1 2365.00000 2277.00000  3.72%   0.0 1315s
 8952765     2 2277.00000 4475577    1 2365.00000 2277.00000  3.72%   0.0 1320s
 8971095     2 2277.00000 4484742    1 2365.00000 2277.00000  3.72%   0.0 1325s
 8988203     2 2277.00000 4493296    1 2365.00000 2277.00000  3.72%   0.0 1330s
 9005311     2 2277.00000 4501850    1 2365.00000 2277.00000  3.72%   0.0 1335s
 9022419     2 2277.00000 4510404    1 2365.00000 2277.00000  3.72%   0.0 1340s
 9040749     2 2277.00000 4519569    1 2365.00000 2277.00000  3.72%   0.0 1345s
 9057857     2 2277.00000 4528123    1 2365.00000 2277.00000  3.72%   0.0 1350s
 9074965     2 2277.00000 4536677    1 2365.00000 2277.00000  3.72%   0.0 1355s
 9091462     2 2277.00000 4544620    1 2365.00000 2277.00000  3.72%   0.0 1360s
 9108570     2 2277.00000 4553174    1 2365.00000 2277.00000  3.72%   0.0 1365s
 9125678     2 2277.00000 4561728    1 2365.00000 2277.00000  3.72%   0.0 1370s
 9142786     2 2277.00000 4570282    1 2365.00000 2277.00000  3.72%   0.0 1375s
 9159894     2 2277.00000 4578836    1 2365.00000 2277.00000  3.72%   0.0 1380s
 9177002     2 2277.00000 4587390    1 2365.00000 2277.00000  3.72%   0.0 1385s
 9194110     2 2277.00000 4595944    1 2365.00000 2277.00000  3.72%   0.0 1390s
 9211218     2 2277.00000 4604498    1 2365.00000 2277.00000  3.72%   0.0 1395s
 9228326     2 2277.00000 4613052    1 2365.00000 2277.00000  3.72%   0.0 1400s
 9245434     2 2277.00000 4621606    1 2365.00000 2277.00000  3.72%   0.0 1405s
 9262542     2 2277.00000 4630160    1 2365.00000 2277.00000  3.72%   0.0 1410s
 9279650     2 2277.00000 4638714    1 2365.00000 2277.00000  3.72%   0.0 1415s
 9296758     2 2277.00000 4647268    1 2365.00000 2277.00000  3.72%   0.0 1420s
 9312644     2 2277.00000 4655211    1 2365.00000 2277.00000  3.72%   0.0 1425s
 9329752     2 2277.00000 4663765    1 2365.00000 2277.00000  3.72%   0.0 1430s
 9346860     2 2277.00000 4672319    1 2365.00000 2277.00000  3.72%   0.0 1435s
 9363968     2 2277.00000 4680873    1 2365.00000 2277.00000  3.72%   0.0 1440s
 9381076     2 2277.00000 4689427    1 2365.00000 2277.00000  3.72%   0.0 1445s
 9398184     2 2277.00000 4697981    1 2365.00000 2277.00000  3.72%   0.0 1450s
 9414070     2 2277.00000 4705924    1 2365.00000 2277.00000  3.72%   0.0 1455s
 9431178     2 2277.00000 4714478    1 2365.00000 2277.00000  3.72%   0.0 1460s
 9448286     2 2277.00000 4723032    1 2365.00000 2277.00000  3.72%   0.0 1465s
 9464172     2 2277.00000 4730975    1 2365.00000 2277.00000  3.72%   0.0 1470s
 9481280     2 2277.00000 4739529    1 2365.00000 2277.00000  3.72%   0.0 1475s
 9498388     2 2277.00000 4748083    1 2365.00000 2277.00000  3.72%   0.0 1480s
 9514274     2 2277.00000 4756026    1 2365.00000 2277.00000  3.72%   0.0 1485s
 9531382     2 2277.00000 4764580    1 2365.00000 2277.00000  3.72%   0.0 1490s
 9547268     2 2277.00000 4772523    1 2365.00000 2277.00000  3.72%   0.0 1495s
 9564376     2 2277.00000 4781077    1 2365.00000 2277.00000  3.72%   0.0 1500s
 9581484     2 2277.00000 4789631    1 2365.00000 2277.00000  3.72%   0.0 1505s
 9597370     2 2277.00000 4797574    1 2365.00000 2277.00000  3.72%   0.0 1510s
 9614478     2 2277.00000 4806128    1 2365.00000 2277.00000  3.72%   0.0 1515s
 9630364     2 2277.00000 4814071    1 2365.00000 2277.00000  3.72%   0.0 1520s
 9646250     2 2277.00000 4822014    1 2365.00000 2277.00000  3.72%   0.0 1525s
 9663358     2 2277.00000 4830568    1 2365.00000 2277.00000  3.72%   0.0 1530s
 9679244     2 2277.00000 4838511    1 2365.00000 2277.00000  3.72%   0.0 1535s
 9696352     2 2277.00000 4847065    1 2365.00000 2277.00000  3.72%   0.0 1540s
 9712238     2 2277.00000 4855008    1 2365.00000 2277.00000  3.72%   0.0 1545s
 9729346     2 2277.00000 4863562    1 2365.00000 2277.00000  3.72%   0.0 1550s
 9745232     2 2277.00000 4871505    1 2365.00000 2277.00000  3.72%   0.0 1555s
 9761118     2 2277.00000 4879448    1 2365.00000 2277.00000  3.72%   0.0 1560s
 9777004     2 2277.00000 4887391    1 2365.00000 2277.00000  3.72%   0.0 1565s
 9792890     2 2277.00000 4895334    1 2365.00000 2277.00000  3.72%   0.0 1570s
 9808776     2 2277.00000 4903277    1 2365.00000 2277.00000  3.72%   0.0 1575s
 9825884     2 2277.00000 4911831    1 2365.00000 2277.00000  3.72%   0.0 1580s
 9841770     2 2277.00000 4919774    1 2365.00000 2277.00000  3.72%   0.0 1585s
 9857656     2 2277.00000 4927717    1 2365.00000 2277.00000  3.72%   0.0 1590s
 9873542     2 2277.00000 4935660    1 2365.00000 2277.00000  3.72%   0.0 1595s
 9889428     2 2277.00000 4943603    1 2365.00000 2277.00000  3.72%   0.0 1600s
 9905314     2 2277.00000 4951546    1 2365.00000 2277.00000  3.72%   0.0 1605s
 9921200     2 2277.00000 4959489    1 2365.00000 2277.00000  3.72%   0.0 1610s
 9938308     2 2277.00000 4968043    1 2365.00000 2277.00000  3.72%   0.0 1615s
 9954194     2 2277.00000 4975986    1 2365.00000 2277.00000  3.72%   0.0 1620s
 9970080     2 2277.00000 4983929    1 2365.00000 2277.00000  3.72%   0.0 1625s
 9985966     2 2277.00000 4991872    1 2365.00000 2277.00000  3.72%   0.0 1630s
 10001852     2 2277.00000 4999815    1 2365.00000 2277.00000  3.72%   0.0 1635s
 10016516     2 2277.00000 5007147    1 2365.00000 2277.00000  3.72%   0.0 1640s
 10032402     2 2277.00000 5015090    1 2365.00000 2277.00000  3.72%   0.0 1645s
 10048288     2 2277.00000 5023033    1 2365.00000 2277.00000  3.72%   0.0 1650s
 10064174     2 2277.00000 5030976    1 2365.00000 2277.00000  3.72%   0.0 1655s
 10080060     2 2277.00000 5038919    1 2365.00000 2277.00000  3.72%   0.0 1660s
 10095946     2 2277.00000 5046862    1 2365.00000 2277.00000  3.72%   0.0 1665s
 10110610     2 2277.00000 5054194    1 2365.00000 2277.00000  3.72%   0.0 1670s
 10126496     2 2277.00000 5062137    1 2365.00000 2277.00000  3.72%   0.0 1675s
 10142382     2 2277.00000 5070080    1 2365.00000 2277.00000  3.72%   0.0 1680s
 10158268     2 2277.00000 5078023    1 2365.00000 2277.00000  3.72%   0.0 1685s
 10172932     2 2277.00000 5085355    1 2365.00000 2277.00000  3.72%   0.0 1690s
 10188818     2 2277.00000 5093298    1 2365.00000 2277.00000  3.72%   0.0 1695s
 10204704     2 2277.00000 5101241    1 2365.00000 2277.00000  3.72%   0.0 1700s
 10219368     2 2277.00000 5108573    1 2365.00000 2277.00000  3.72%   0.0 1705s
 10235254     2 2277.00000 5116516    1 2365.00000 2277.00000  3.72%   0.0 1710s
 10251140     2 2277.00000 5124459    1 2365.00000 2277.00000  3.72%   0.0 1715s
 10267026     2 2277.00000 5132402    1 2365.00000 2277.00000  3.72%   0.0 1720s
 10281690     2 2277.00000 5139734    1 2365.00000 2277.00000  3.72%   0.0 1725s
 10297576     2 2277.00000 5147677    1 2365.00000 2277.00000  3.72%   0.0 1730s
 10312240     2 2277.00000 5155009    1 2365.00000 2277.00000  3.72%   0.0 1735s
 10328126     2 2277.00000 5162952    1 2365.00000 2277.00000  3.72%   0.0 1740s
 10342790     2 2277.00000 5170284    1 2365.00000 2277.00000  3.72%   0.0 1745s
 10358676     2 2277.00000 5178227    1 2365.00000 2277.00000  3.72%   0.0 1750s
 10374562     2 2277.00000 5186170    1 2365.00000 2277.00000  3.72%   0.0 1755s
 10389226     2 2277.00000 5193502    1 2365.00000 2277.00000  3.72%   0.0 1760s
 10405112     2 2277.00000 5201445    1 2365.00000 2277.00000  3.72%   0.0 1765s
 10419776     2 2277.00000 5208777    1 2365.00000 2277.00000  3.72%   0.0 1770s
 10435662     2 2277.00000 5216720    1 2365.00000 2277.00000  3.72%   0.0 1775s
 10450326     2 2277.00000 5224052    1 2365.00000 2277.00000  3.72%   0.0 1780s
 10466212     2 2277.00000 5231995    1 2365.00000 2277.00000  3.72%   0.0 1785s
 10480876     2 2277.00000 5239327    1 2365.00000 2277.00000  3.72%   0.0 1790s
 10495540     2 2277.00000 5246659    1 2365.00000 2277.00000  3.72%   0.0 1795s
 10511426     2 2277.00000 5254602    1 2365.00000 2277.00000  3.72%   0.0 1800s
 10526090     2 2277.00000 5261934    1 2365.00000 2277.00000  3.72%   0.0 1805s
 10540754     2 2277.00000 5269266    1 2365.00000 2277.00000  3.72%   0.0 1810s
 10556640     2 2277.00000 5277209    1 2365.00000 2277.00000  3.72%   0.0 1815s
 10571304     2 2277.00000 5284541    1 2365.00000 2277.00000  3.72%   0.0 1820s
 10587190     2 2277.00000 5292484    1 2365.00000 2277.00000  3.72%   0.0 1825s
 10601854     2 2277.00000 5299816    1 2365.00000 2277.00000  3.72%   0.0 1830s
 10617740     2 2277.00000 5307759    1 2365.00000 2277.00000  3.72%   0.0 1835s
 10632404     2 2277.00000 5315091    1 2365.00000 2277.00000  3.72%   0.0 1840s
 10647068     2 2277.00000 5322423    1 2365.00000 2277.00000  3.72%   0.0 1845s
 10661732     2 2277.00000 5329755    1 2365.00000 2277.00000  3.72%   0.0 1850s
 10676396     2 2277.00000 5337087    1 2365.00000 2277.00000  3.72%   0.0 1855s
 10692282     2 2277.00000 5345030    1 2365.00000 2277.00000  3.72%   0.0 1860s
 10706946     2 2277.00000 5352362    1 2365.00000 2277.00000  3.72%   0.0 1865s
 10721610     2 2277.00000 5359694    1 2365.00000 2277.00000  3.72%   0.0 1870s
 10736274     2 2277.00000 5367026    1 2365.00000 2277.00000  3.72%   0.0 1875s
 10750938     2 2277.00000 5374358    1 2365.00000 2277.00000  3.72%   0.0 1880s
 10765602     2 2277.00000 5381690    1 2365.00000 2277.00000  3.72%   0.0 1885s
 10780266     2 2277.00000 5389022    1 2365.00000 2277.00000  3.72%   0.0 1890s
 10794930     2 2277.00000 5396354    1 2365.00000 2277.00000  3.72%   0.0 1895s
 10809594     2 2277.00000 5403686    1 2365.00000 2277.00000  3.72%   0.0 1900s
 10825480     2 2277.00000 5411629    1 2365.00000 2277.00000  3.72%   0.0 1905s
 10838922     2 2277.00000 5418350    1 2365.00000 2277.00000  3.72%   0.0 1910s
 10854808     2 2277.00000 5426293    1 2365.00000 2277.00000  3.72%   0.0 1915s
 10868250     2 2277.00000 5433014    1 2365.00000 2277.00000  3.72%   0.0 1920s
 10882914     2 2277.00000 5440346    1 2365.00000 2277.00000  3.72%   0.0 1925s
 10897578     2 2277.00000 5447678    1 2365.00000 2277.00000  3.72%   0.0 1930s
 10912242     2 2277.00000 5455010    1 2365.00000 2277.00000  3.72%   0.0 1935s
 10926906     2 2277.00000 5462342    1 2365.00000 2277.00000  3.72%   0.0 1940s
 10941570     2 2277.00000 5469674    1 2365.00000 2277.00000  3.72%   0.0 1945s
 10956234     2 2277.00000 5477006    1 2365.00000 2277.00000  3.72%   0.0 1950s
 10970898     2 2277.00000 5484338    1 2365.00000 2277.00000  3.72%   0.0 1955s
 10985562     2 2277.00000 5491670    1 2365.00000 2277.00000  3.72%   0.0 1960s
 11000226     2 2277.00000 5499002    1 2365.00000 2277.00000  3.72%   0.0 1965s
 11014890     2 2277.00000 5506334    1 2365.00000 2277.00000  3.72%   0.0 1970s
 11027721     2 2277.00000 5513055    1 2365.00000 2277.00000  3.72%   0.0 1975s
 11042385     2 2277.00000 5520387    1 2365.00000 2277.00000  3.72%   0.0 1980s
 11057049     2 2277.00000 5527719    1 2365.00000 2277.00000  3.72%   0.0 1985s
 11070491     2 2277.00000 5534440    1 2365.00000 2277.00000  3.72%   0.0 1990s
 11085155     2 2277.00000 5541772    1 2365.00000 2277.00000  3.72%   0.0 1995s
 11099819     2 2277.00000 5549104    1 2365.00000 2277.00000  3.72%   0.0 2000s
 11114483     2 2277.00000 5556436    1 2365.00000 2277.00000  3.72%   0.0 2005s
 11129147     2 2277.00000 5563768    1 2365.00000 2277.00000  3.72%   0.0 2010s
 11143811     2 2277.00000 5571100    1 2365.00000 2277.00000  3.72%   0.0 2015s
 11158475     2 2277.00000 5578432    1 2365.00000 2277.00000  3.72%   0.0 2020s
 11171917     2 2277.00000 5585153    1 2365.00000 2277.00000  3.72%   0.0 2025s
 11186581     2 2277.00000 5592485    1 2365.00000 2277.00000  3.72%   0.0 2030s
 11201245     2 2277.00000 5599817    1 2365.00000 2277.00000  3.72%   0.0 2035s
 11214687     2 2277.00000 5606538    1 2365.00000 2277.00000  3.72%   0.0 2040s
 11229351     2 2277.00000 5613870    1 2365.00000 2277.00000  3.72%   0.0 2045s
 11244015     2 2277.00000 5621202    1 2365.00000 2277.00000  3.72%   0.0 2050s
 11257457     2 2277.00000 5627923    1 2365.00000 2277.00000  3.72%   0.0 2055s
 11272121     2 2277.00000 5635255    1 2365.00000 2277.00000  3.72%   0.0 2060s
 11286785     2 2277.00000 5642587    1 2365.00000 2277.00000  3.72%   0.0 2065s
 11300227     2 2277.00000 5649308    1 2365.00000 2277.00000  3.72%   0.0 2070s
 11314891     2 2277.00000 5656640    1 2365.00000 2277.00000  3.72%   0.0 2075s
 11328333     2 2277.00000 5663361    1 2365.00000 2277.00000  3.72%   0.0 2080s
 11342997     2 2277.00000 5670693    1 2365.00000 2277.00000  3.72%   0.0 2085s
 11357661     2 2277.00000 5678025    1 2365.00000 2277.00000  3.72%   0.0 2090s
 11371103     2 2277.00000 5684746    1 2365.00000 2277.00000  3.72%   0.0 2095s
 11384545     2 2277.00000 5691467    1 2365.00000 2277.00000  3.72%   0.0 2100s
 11399209     2 2277.00000 5698799    1 2365.00000 2277.00000  3.72%   0.0 2105s
 11412651     2 2277.00000 5705520    1 2365.00000 2277.00000  3.72%   0.0 2110s
 11427315     2 2277.00000 5712852    1 2365.00000 2277.00000  3.72%   0.0 2115s
 11440757     2 2277.00000 5719573    1 2365.00000 2277.00000  3.72%   0.0 2120s
 11453588     2 2277.00000 5726294    1 2365.00000 2277.00000  3.72%   0.0 2125s
 11468252     2 2277.00000 5733626    1 2365.00000 2277.00000  3.72%   0.0 2130s
 11481694     2 2277.00000 5740347    1 2365.00000 2277.00000  3.72%   0.0 2135s
 11496358     2 2277.00000 5747679    1 2365.00000 2277.00000  3.72%   0.0 2140s
 11509800     2 2277.00000 5754400    1 2365.00000 2277.00000  3.72%   0.0 2145s
 11523242     2 2277.00000 5761121    1 2365.00000 2277.00000  3.72%   0.0 2150s
 11537906     2 2277.00000 5768453    1 2365.00000 2277.00000  3.72%   0.0 2155s
 11551348     2 2277.00000 5775174    1 2365.00000 2277.00000  3.72%   0.0 2160s
 11564790     2 2277.00000 5781895    1 2365.00000 2277.00000  3.72%   0.0 2165s
 11579454     2 2277.00000 5789227    1 2365.00000 2277.00000  3.72%   0.0 2170s
 11592896     2 2277.00000 5795948    1 2365.00000 2277.00000  3.72%   0.0 2175s
 11606338     2 2277.00000 5802669    1 2365.00000 2277.00000  3.72%   0.0 2180s
 11621002     2 2277.00000 5810001    1 2365.00000 2277.00000  3.72%   0.0 2185s
 11634444     2 2277.00000 5816722    1 2365.00000 2277.00000  3.72%   0.0 2190s
 11649108     2 2277.00000 5824054    1 2365.00000 2277.00000  3.72%   0.0 2195s
 11662550     2 2277.00000 5830775    1 2365.00000 2277.00000  3.72%   0.0 2200s
 11675992     2 2277.00000 5837496    1 2365.00000 2277.00000  3.72%   0.0 2205s
 11689434     2 2277.00000 5844217    1 2365.00000 2277.00000  3.72%   0.0 2210s
 11702876     2 2277.00000 5850938    1 2365.00000 2277.00000  3.72%   0.0 2215s
 11717540     2 2277.00000 5858270    1 2365.00000 2277.00000  3.72%   0.0 2220s
 11730982     2 2277.00000 5864991    1 2365.00000 2277.00000  3.72%   0.0 2225s
 11744424     2 2277.00000 5871712    1 2365.00000 2277.00000  3.72%   0.0 2230s
 11757866     2 2277.00000 5878433    1 2365.00000 2277.00000  3.72%   0.0 2235s
 11772530     2 2277.00000 5885765    1 2365.00000 2277.00000  3.72%   0.0 2240s
 11785972     2 2277.00000 5892486    1 2365.00000 2277.00000  3.72%   0.0 2245s
 11799414     2 2277.00000 5899207    1 2365.00000 2277.00000  3.72%   0.0 2250s
 11812856     2 2277.00000 5905928    1 2365.00000 2277.00000  3.72%   0.0 2255s
 11826298     2 2277.00000 5912649    1 2365.00000 2277.00000  3.72%   0.0 2260s
 11839740     2 2277.00000 5919370    1 2365.00000 2277.00000  3.72%   0.0 2265s
 11853182     2 2277.00000 5926091    1 2365.00000 2277.00000  3.72%   0.0 2270s
 11866624     2 2277.00000 5932812    1 2365.00000 2277.00000  3.72%   0.0 2275s
 11880066     2 2277.00000 5939533    1 2365.00000 2277.00000  3.72%   0.0 2280s
 11893508     2 2277.00000 5946254    1 2365.00000 2277.00000  3.72%   0.0 2285s
 11906950     2 2277.00000 5952975    1 2365.00000 2277.00000  3.72%   0.0 2290s
 11920392     2 2277.00000 5959696    1 2365.00000 2277.00000  3.72%   0.0 2295s
 11933834     2 2277.00000 5966417    1 2365.00000 2277.00000  3.72%   0.0 2300s
 11947276     2 2277.00000 5973138    1 2365.00000 2277.00000  3.72%   0.0 2305s
 11960718     2 2277.00000 5979859    1 2365.00000 2277.00000  3.72%   0.0 2310s
 11974160     2 2277.00000 5986580    1 2365.00000 2277.00000  3.72%   0.0 2315s
 11987602     2 2277.00000 5993301    1 2365.00000 2277.00000  3.72%   0.0 2320s
 12001044     2 2277.00000 6000022    1 2365.00000 2277.00000  3.72%   0.0 2325s
 12014486     2 2277.00000 6006743    1 2365.00000 2277.00000  3.72%   0.0 2330s
 12027928     2 2277.00000 6013464    1 2365.00000 2277.00000  3.72%   0.0 2335s
 12041370     2 2277.00000 6020185    1 2365.00000 2277.00000  3.72%   0.0 2340s
 12054812     2 2277.00000 6026906    1 2365.00000 2277.00000  3.72%   0.0 2345s
 12068254     2 2277.00000 6033627    1 2365.00000 2277.00000  3.72%   0.0 2350s
 12080474     2 2277.00000 6039737    1 2365.00000 2277.00000  3.72%   0.0 2355s
 12093916     2 2277.00000 6046458    1 2365.00000 2277.00000  3.72%   0.0 2360s
 12107358     2 2277.00000 6053179    1 2365.00000 2277.00000  3.72%   0.0 2365s
 12120800     2 2277.00000 6059900    1 2365.00000 2277.00000  3.72%   0.0 2370s
 12134242     2 2277.00000 6066621    1 2365.00000 2277.00000  3.72%   0.0 2375s
 12147684     2 2277.00000 6073342    1 2365.00000 2277.00000  3.72%   0.0 2380s
 12161126     2 2277.00000 6080063    1 2365.00000 2277.00000  3.72%   0.0 2385s
 12173346     2 2277.00000 6086173    1 2365.00000 2277.00000  3.72%   0.0 2390s
 12186788     2 2277.00000 6092894    1 2365.00000 2277.00000  3.72%   0.0 2395s
 12200230     2 2277.00000 6099615    1 2365.00000 2277.00000  3.72%   0.0 2400s
 12211839     2 2277.00000 6105725    1 2365.00000 2277.00000  3.72%   0.0 2405s
 12225281     2 2277.00000 6112446    1 2365.00000 2277.00000  3.72%   0.0 2410s
 12238723     2 2277.00000 6119167    1 2365.00000 2277.00000  3.72%   0.0 2415s
 12252165     2 2277.00000 6125888    1 2365.00000 2277.00000  3.72%   0.0 2420s
 12264385     2 2277.00000 6131998    1 2365.00000 2277.00000  3.72%   0.0 2425s
 12277827     2 2277.00000 6138719    1 2365.00000 2277.00000  3.72%   0.0 2430s
 12291269     2 2277.00000 6145440    1 2365.00000 2277.00000  3.72%   0.0 2435s
 12304711     2 2277.00000 6152161    1 2365.00000 2277.00000  3.72%   0.0 2440s
 12316931     2 2277.00000 6158271    1 2365.00000 2277.00000  3.72%   0.0 2445s
 12330373     2 2277.00000 6164992    1 2365.00000 2277.00000  3.72%   0.0 2450s
 12343815     2 2277.00000 6171713    1 2365.00000 2277.00000  3.72%   0.0 2455s
 12356035     2 2277.00000 6177823    1 2365.00000 2277.00000  3.72%   0.0 2460s
 12368255     2 2277.00000 6183933    1 2365.00000 2277.00000  3.72%   0.0 2465s
 12381697     2 2277.00000 6190654    1 2365.00000 2277.00000  3.72%   0.0 2470s
 12393917     2 2277.00000 6196764    1 2365.00000 2277.00000  3.72%   0.0 2475s
 12407359     2 2277.00000 6203485    1 2365.00000 2277.00000  3.72%   0.0 2480s
 12419579     2 2277.00000 6209595    1 2365.00000 2277.00000  3.72%   0.0 2485s
 12433021     2 2277.00000 6216316    1 2365.00000 2277.00000  3.72%   0.0 2490s
 12446463     2 2277.00000 6223037    1 2365.00000 2277.00000  3.72%   0.0 2495s
 12458683     2 2277.00000 6229147    1 2365.00000 2277.00000  3.72%   0.0 2500s
 12472125     2 2277.00000 6235868    1 2365.00000 2277.00000  3.72%   0.0 2505s
 12484345     2 2277.00000 6241978    1 2365.00000 2277.00000  3.72%   0.0 2510s
 12497787     2 2277.00000 6248699    1 2365.00000 2277.00000  3.72%   0.0 2515s
 12510007     2 2277.00000 6254809    1 2365.00000 2277.00000  3.72%   0.0 2520s
 12523449     2 2277.00000 6261530    1 2365.00000 2277.00000  3.72%   0.0 2525s
 12535669     2 2277.00000 6267640    1 2365.00000 2277.00000  3.72%   0.0 2530s
 12549111     2 2277.00000 6274361    1 2365.00000 2277.00000  3.72%   0.0 2535s
 12561331     2 2277.00000 6280471    1 2365.00000 2277.00000  3.72%   0.0 2540s
 12574773     2 2277.00000 6287192    1 2365.00000 2277.00000  3.72%   0.0 2545s
 12588215     2 2277.00000 6293913    1 2365.00000 2277.00000  3.72%   0.0 2550s
 12600435     2 2277.00000 6300023    1 2365.00000 2277.00000  3.72%   0.0 2555s
 12612655     2 2277.00000 6306133    1 2365.00000 2277.00000  3.72%   0.0 2560s
 12626097     2 2277.00000 6312854    1 2365.00000 2277.00000  3.72%   0.0 2565s
 12638317     2 2277.00000 6318964    1 2365.00000 2277.00000  3.72%   0.0 2570s
 12651759     2 2277.00000 6325685    1 2365.00000 2277.00000  3.72%   0.0 2575s
 12662146     2 2277.00000 6331184    1 2365.00000 2277.00000  3.72%   0.0 2580s
 12675588     2 2277.00000 6337905    1 2365.00000 2277.00000  3.72%   0.0 2585s
 12687808     2 2277.00000 6344015    1 2365.00000 2277.00000  3.72%   0.0 2590s
 12701250     2 2277.00000 6350736    1 2365.00000 2277.00000  3.72%   0.0 2595s
 12713470     2 2277.00000 6356846    1 2365.00000 2277.00000  3.72%   0.0 2600s
 12725690     2 2277.00000 6362956    1 2365.00000 2277.00000  3.72%   0.0 2605s
 12739132     2 2277.00000 6369677    1 2365.00000 2277.00000  3.72%   0.0 2610s
 12751352     2 2277.00000 6375787    1 2365.00000 2277.00000  3.72%   0.0 2615s
 12763572     2 2277.00000 6381897    1 2365.00000 2277.00000  3.72%   0.0 2620s
 12777014     2 2277.00000 6388618    1 2365.00000 2277.00000  3.72%   0.0 2625s
 12789234     2 2277.00000 6394728    1 2365.00000 2277.00000  3.72%   0.0 2630s
 12801454     2 2277.00000 6400838    1 2365.00000 2277.00000  3.72%   0.0 2635s
 12814896     2 2277.00000 6407559    1 2365.00000 2277.00000  3.72%   0.0 2640s
 12827116     2 2277.00000 6413669    1 2365.00000 2277.00000  3.72%   0.0 2645s
 12839336     2 2277.00000 6419779    1 2365.00000 2277.00000  3.72%   0.0 2650s
 12851556     2 2277.00000 6425889    1 2365.00000 2277.00000  3.72%   0.0 2655s
 12863776     2 2277.00000 6431999    1 2365.00000 2277.00000  3.72%   0.0 2660s
 12877218     2 2277.00000 6438720    1 2365.00000 2277.00000  3.72%   0.0 2665s
 12889438     2 2277.00000 6444830    1 2365.00000 2277.00000  3.72%   0.0 2670s
 12901658     2 2277.00000 6450940    1 2365.00000 2277.00000  3.72%   0.0 2675s
 12913878     2 2277.00000 6457050    1 2365.00000 2277.00000  3.72%   0.0 2680s
 12926098     2 2277.00000 6463160    1 2365.00000 2277.00000  3.72%   0.0 2685s
 12939540     2 2277.00000 6469881    1 2365.00000 2277.00000  3.72%   0.0 2690s
 12951760     2 2277.00000 6475991    1 2365.00000 2277.00000  3.72%   0.0 2695s
 12963980     2 2277.00000 6482101    1 2365.00000 2277.00000  3.72%   0.0 2700s
 12976200     2 2277.00000 6488211    1 2365.00000 2277.00000  3.72%   0.0 2705s
 12989642     2 2277.00000 6494932    1 2365.00000 2277.00000  3.72%   0.0 2710s
 13001862     2 2277.00000 6501042    1 2365.00000 2277.00000  3.72%   0.0 2715s
 13012860     2 2277.00000 6506541    1 2365.00000 2277.00000  3.72%   0.0 2720s
 13025080     2 2277.00000 6512651    1 2365.00000 2277.00000  3.72%   0.0 2725s
 13037300     2 2277.00000 6518761    1 2365.00000 2277.00000  3.72%   0.0 2730s
 13050742     2 2277.00000 6525482    1 2365.00000 2277.00000  3.72%   0.0 2735s
 13062962     2 2277.00000 6531592    1 2365.00000 2277.00000  3.72%   0.0 2740s
 13075182     2 2277.00000 6537702    1 2365.00000 2277.00000  3.72%   0.0 2745s
 13087402     2 2277.00000 6543812    1 2365.00000 2277.00000  3.72%   0.0 2750s
 13099622     2 2277.00000 6549922    1 2365.00000 2277.00000  3.72%   0.0 2755s
 13111842     2 2277.00000 6556032    1 2365.00000 2277.00000  3.72%   0.0 2760s
 13124062     2 2277.00000 6562142    1 2365.00000 2277.00000  3.72%   0.0 2765s
 13136282     2 2277.00000 6568252    1 2365.00000 2277.00000  3.72%   0.0 2770s
 13148502     2 2277.00000 6574362    1 2365.00000 2277.00000  3.72%   0.0 2775s
 13160722     2 2277.00000 6580472    1 2365.00000 2277.00000  3.72%   0.0 2780s
 13172942     2 2277.00000 6586582    1 2365.00000 2277.00000  3.72%   0.0 2785s
 13185162     2 2277.00000 6592692    1 2365.00000 2277.00000  3.72%   0.0 2790s
 13197382     2 2277.00000 6598802    1 2365.00000 2277.00000  3.72%   0.0 2795s
 13209160     2 2277.00000 6604912    1 2365.00000 2277.00000  3.72%   0.0 2800s
 13221211     2 2277.00000 6611022    1 2365.00000 2277.00000  3.72%   0.0 2805s
 13233431     2 2277.00000 6617132    1 2365.00000 2277.00000  3.72%   0.0 2810s
 13245651     2 2277.00000 6623242    1 2365.00000 2277.00000  3.72%   0.0 2815s
 13257871     2 2277.00000 6629352    1 2365.00000 2277.00000  3.72%   0.0 2820s
 13270091     2 2277.00000 6635462    1 2365.00000 2277.00000  3.72%   0.0 2825s
 13282311     2 2277.00000 6641572    1 2365.00000 2277.00000  3.72%   0.0 2830s
 13294531     2 2277.00000 6647682    1 2365.00000 2277.00000  3.72%   0.0 2835s
 13306751     2 2277.00000 6653792    1 2365.00000 2277.00000  3.72%   0.0 2840s
 13317749     2 2277.00000 6659291    1 2365.00000 2277.00000  3.72%   0.0 2845s
 13329969     2 2277.00000 6665401    1 2365.00000 2277.00000  3.72%   0.0 2850s
 13342189     2 2277.00000 6671511    1 2365.00000 2277.00000  3.72%   0.0 2855s
 13354409     2 2277.00000 6677621    1 2365.00000 2277.00000  3.72%   0.0 2860s
 13366629     2 2277.00000 6683731    1 2365.00000 2277.00000  3.72%   0.0 2865s
 13378849     2 2277.00000 6689841    1 2365.00000 2277.00000  3.72%   0.0 2870s
 13391069     2 2277.00000 6695951    1 2365.00000 2277.00000  3.72%   0.0 2875s
 13403289     2 2277.00000 6702061    1 2365.00000 2277.00000  3.72%   0.0 2880s
 13415509     2 2277.00000 6708171    1 2365.00000 2277.00000  3.72%   0.0 2885s
 13427729     2 2277.00000 6714281    1 2365.00000 2277.00000  3.72%   0.0 2890s
 13439949     2 2277.00000 6720391    1 2365.00000 2277.00000  3.72%   0.0 2895s
 13450947     2 2277.00000 6725890    1 2365.00000 2277.00000  3.72%   0.0 2900s
 13463167     2 2277.00000 6732000    1 2365.00000 2277.00000  3.72%   0.0 2905s
 13475387     2 2277.00000 6738110    1 2365.00000 2277.00000  3.72%   0.0 2910s
 13486385     2 2277.00000 6743609    1 2365.00000 2277.00000  3.72%   0.0 2915s
 13498605     2 2277.00000 6749719    1 2365.00000 2277.00000  3.72%   0.0 2920s
 13510825     2 2277.00000 6755829    1 2365.00000 2277.00000  3.72%   0.0 2925s
 13523045     2 2277.00000 6761939    1 2365.00000 2277.00000  3.72%   0.0 2930s
 13535265     2 2277.00000 6768049    1 2365.00000 2277.00000  3.72%   0.0 2935s
 13546263     2 2277.00000 6773548    1 2365.00000 2277.00000  3.72%   0.0 2940s
 13558483     2 2277.00000 6779658    1 2365.00000 2277.00000  3.72%   0.0 2945s
 13570703     2 2277.00000 6785768    1 2365.00000 2277.00000  3.72%   0.0 2950s
 13581701     2 2277.00000 6791267    1 2365.00000 2277.00000  3.72%   0.0 2955s
 13593921     2 2277.00000 6797377    1 2365.00000 2277.00000  3.72%   0.0 2960s
 13606141     2 2277.00000 6803487    1 2365.00000 2277.00000  3.72%   0.0 2965s
 13618361     2 2277.00000 6809597    1 2365.00000 2277.00000  3.72%   0.0 2970s
 13629359     2 2277.00000 6815096    1 2365.00000 2277.00000  3.72%   0.0 2975s
 13640357     2 2277.00000 6820595    1 2365.00000 2277.00000  3.72%   0.0 2980s
 13652577     2 2277.00000 6826705    1 2365.00000 2277.00000  3.72%   0.0 2985s
 13664797     2 2277.00000 6832815    1 2365.00000 2277.00000  3.72%   0.0 2990s
 13675795     2 2277.00000 6838314    1 2365.00000 2277.00000  3.72%   0.0 2995s
 13688015     2 2277.00000 6844424    1 2365.00000 2277.00000  3.72%   0.0 3000s
 13700235     2 2277.00000 6850534    1 2365.00000 2277.00000  3.72%   0.0 3005s
 13711233     2 2277.00000 6856033    1 2365.00000 2277.00000  3.72%   0.0 3010s
 13723453     2 2277.00000 6862143    1 2365.00000 2277.00000  3.72%   0.0 3015s
 13734451     2 2277.00000 6867642    1 2365.00000 2277.00000  3.72%   0.0 3020s
 13746671     2 2277.00000 6873752    1 2365.00000 2277.00000  3.72%   0.0 3025s
 13758891     2 2277.00000 6879862    1 2365.00000 2277.00000  3.72%   0.0 3030s
 13769889     2 2277.00000 6885361    1 2365.00000 2277.00000  3.72%   0.0 3035s
 13782109     2 2277.00000 6891471    1 2365.00000 2277.00000  3.72%   0.0 3040s
 13793107     2 2277.00000 6896970    1 2365.00000 2277.00000  3.72%   0.0 3045s
 13805327     2 2277.00000 6903080    1 2365.00000 2277.00000  3.72%   0.0 3050s
 13817547     2 2277.00000 6909190    1 2365.00000 2277.00000  3.72%   0.0 3055s
 13828545     2 2277.00000 6914689    1 2365.00000 2277.00000  3.72%   0.0 3060s
 13840765     2 2277.00000 6920799    1 2365.00000 2277.00000  3.72%   0.0 3065s
 13851763     2 2277.00000 6926298    1 2365.00000 2277.00000  3.72%   0.0 3070s
 13863983     2 2277.00000 6932408    1 2365.00000 2277.00000  3.72%   0.0 3075s
 13874981     2 2277.00000 6937907    1 2365.00000 2277.00000  3.72%   0.0 3080s
 13887201     2 2277.00000 6944017    1 2365.00000 2277.00000  3.72%   0.0 3085s
 13898199     2 2277.00000 6949516    1 2365.00000 2277.00000  3.72%   0.0 3090s
 13910419     2 2277.00000 6955626    1 2365.00000 2277.00000  3.72%   0.0 3095s
 13921417     2 2277.00000 6961125    1 2365.00000 2277.00000  3.72%   0.0 3100s
 13933637     2 2277.00000 6967235    1 2365.00000 2277.00000  3.72%   0.0 3105s
 13944635     2 2277.00000 6972734    1 2365.00000 2277.00000  3.72%   0.0 3110s
 13955633     2 2277.00000 6978233    1 2365.00000 2277.00000  3.72%   0.0 3115s
 13967853     2 2277.00000 6984343    1 2365.00000 2277.00000  3.72%   0.0 3120s
 13978851     2 2277.00000 6989842    1 2365.00000 2277.00000  3.72%   0.0 3125s
 13991071     2 2277.00000 6995952    1 2365.00000 2277.00000  3.72%   0.0 3130s
 14002069     2 2277.00000 7001451    1 2365.00000 2277.00000  3.72%   0.0 3135s
 14014289     2 2277.00000 7007561    1 2365.00000 2277.00000  3.72%   0.0 3140s
 14025287     2 2277.00000 7013060    1 2365.00000 2277.00000  3.72%   0.0 3145s
 14037507     2 2277.00000 7019170    1 2365.00000 2277.00000  3.72%   0.0 3150s
 14048505     2 2277.00000 7024669    1 2365.00000 2277.00000  3.72%   0.0 3155s
 14059503     2 2277.00000 7030168    1 2365.00000 2277.00000  3.72%   0.0 3160s
 14071723     2 2277.00000 7036278    1 2365.00000 2277.00000  3.72%   0.0 3165s
 14082721     2 2277.00000 7041777    1 2365.00000 2277.00000  3.72%   0.0 3170s
 14093719     2 2277.00000 7047276    1 2365.00000 2277.00000  3.72%   0.0 3175s
 14105939     2 2277.00000 7053386    1 2365.00000 2277.00000  3.72%   0.0 3180s
 14116937     2 2277.00000 7058885    1 2365.00000 2277.00000  3.72%   0.0 3185s
 14127935     2 2277.00000 7064384    1 2365.00000 2277.00000  3.72%   0.0 3190s
 14140155     2 2277.00000 7070494    1 2365.00000 2277.00000  3.72%   0.0 3195s
 14151153     2 2277.00000 7075993    1 2365.00000 2277.00000  3.72%   0.0 3200s
 14162151     2 2277.00000 7081492    1 2365.00000 2277.00000  3.72%   0.0 3205s
 14173149     2 2277.00000 7086991    1 2365.00000 2277.00000  3.72%   0.0 3210s
 14185369     2 2277.00000 7093101    1 2365.00000 2277.00000  3.72%   0.0 3215s
 14196367     2 2277.00000 7098600    1 2365.00000 2277.00000  3.72%   0.0 3220s
 14208587     2 2277.00000 7104710    1 2365.00000 2277.00000  3.72%   0.0 3225s
 14219585     2 2277.00000 7110209    1 2365.00000 2277.00000  3.72%   0.0 3230s
 14230583     2 2277.00000 7115708    1 2365.00000 2277.00000  3.72%   0.0 3235s
 14242803     2 2277.00000 7121818    1 2365.00000 2277.00000  3.72%   0.0 3240s
 14253801     2 2277.00000 7127317    1 2365.00000 2277.00000  3.72%   0.0 3245s
 14264799     2 2277.00000 7132816    1 2365.00000 2277.00000  3.72%   0.0 3250s
 14275797     2 2277.00000 7138315    1 2365.00000 2277.00000  3.72%   0.0 3255s
 14288017     2 2277.00000 7144425    1 2365.00000 2277.00000  3.72%   0.0 3260s
 14299015     2 2277.00000 7149924    1 2365.00000 2277.00000  3.72%   0.0 3265s
 14310013     2 2277.00000 7155423    1 2365.00000 2277.00000  3.72%   0.0 3270s
 14320400     2 2277.00000 7160311    1 2365.00000 2277.00000  3.72%   0.0 3275s
 14331398     2 2277.00000 7165810    1 2365.00000 2277.00000  3.72%   0.0 3280s
 14342396     2 2277.00000 7171309    1 2365.00000 2277.00000  3.72%   0.0 3285s
 14354616     2 2277.00000 7177419    1 2365.00000 2277.00000  3.72%   0.0 3290s
 14365614     2 2277.00000 7182918    1 2365.00000 2277.00000  3.72%   0.0 3295s
 14376612     2 2277.00000 7188417    1 2365.00000 2277.00000  3.72%   0.0 3300s
 14387610     2 2277.00000 7193916    1 2365.00000 2277.00000  3.72%   0.0 3305s
 14398608     2 2277.00000 7199415    1 2365.00000 2277.00000  3.72%   0.0 3310s
 14409606     2 2277.00000 7204914    1 2365.00000 2277.00000  3.72%   0.0 3315s
 14421826     2 2277.00000 7211024    1 2365.00000 2277.00000  3.72%   0.0 3320s
 14432824     2 2277.00000 7216523    1 2365.00000 2277.00000  3.72%   0.0 3325s
 14443822     2 2277.00000 7222022    1 2365.00000 2277.00000  3.72%   0.0 3330s
 14454820     2 2277.00000 7227521    1 2365.00000 2277.00000  3.72%   0.0 3335s
 14465818     2 2277.00000 7233020    1 2365.00000 2277.00000  3.72%   0.0 3340s
 14476816     2 2277.00000 7238519    1 2365.00000 2277.00000  3.72%   0.0 3345s
 14487814     2 2277.00000 7244018    1 2365.00000 2277.00000  3.72%   0.0 3350s
 14500034     2 2277.00000 7250128    1 2365.00000 2277.00000  3.72%   0.0 3355s
 14511032     2 2277.00000 7255627    1 2365.00000 2277.00000  3.72%   0.0 3360s
 14522030     2 2277.00000 7261126    1 2365.00000 2277.00000  3.72%   0.0 3365s
 14533028     2 2277.00000 7266625    1 2365.00000 2277.00000  3.72%   0.0 3370s
 14544026     2 2277.00000 7272124    1 2365.00000 2277.00000  3.72%   0.0 3375s
 14555024     2 2277.00000 7277623    1 2365.00000 2277.00000  3.72%   0.0 3380s
 14566022     2 2277.00000 7283122    1 2365.00000 2277.00000  3.72%   0.0 3385s
 14577020     2 2277.00000 7288621    1 2365.00000 2277.00000  3.72%   0.0 3390s
 14588018     2 2277.00000 7294120    1 2365.00000 2277.00000  3.72%   0.0 3395s
 14599016     2 2277.00000 7299619    1 2365.00000 2277.00000  3.72%   0.0 3400s
 14610014     2 2277.00000 7305118    1 2365.00000 2277.00000  3.72%   0.0 3405s
 14621012     2 2277.00000 7310617    1 2365.00000 2277.00000  3.72%   0.0 3410s
 14632010     2 2277.00000 7316116    1 2365.00000 2277.00000  3.72%   0.0 3415s
 14644230     2 2277.00000 7322226    1 2365.00000 2277.00000  3.72%   0.0 3420s
 14655228     2 2277.00000 7327725    1 2365.00000 2277.00000  3.72%   0.0 3425s
 14665004     2 2277.00000 7332613    1 2365.00000 2277.00000  3.72%   0.0 3430s
 14675391     2 2277.00000 7338112    1 2365.00000 2277.00000  3.72%   0.0 3435s
 14687611     2 2277.00000 7344222    1 2365.00000 2277.00000  3.72%   0.0 3440s
 14698609     2 2277.00000 7349721    1 2365.00000 2277.00000  3.72%   0.0 3445s
 14709607     2 2277.00000 7355220    1 2365.00000 2277.00000  3.72%   0.0 3450s
 14719383     2 2277.00000 7360108    1 2365.00000 2277.00000  3.72%   0.0 3455s
 14730381     2 2277.00000 7365607    1 2365.00000 2277.00000  3.72%   0.0 3460s
 14741379     2 2277.00000 7371106    1 2365.00000 2277.00000  3.72%   0.0 3465s
 14752377     2 2277.00000 7376605    1 2365.00000 2277.00000  3.72%   0.0 3470s
 14763375     2 2277.00000 7382104    1 2365.00000 2277.00000  3.72%   0.0 3475s
 14774373     2 2277.00000 7387603    1 2365.00000 2277.00000  3.72%   0.0 3480s
 14785371     2 2277.00000 7393102    1 2365.00000 2277.00000  3.72%   0.0 3485s
 14796369     2 2277.00000 7398601    1 2365.00000 2277.00000  3.72%   0.0 3490s
 14807367     2 2277.00000 7404100    1 2365.00000 2277.00000  3.72%   0.0 3495s
 14817143     2 2277.00000 7408988    1 2365.00000 2277.00000  3.72%   0.0 3500s
 14828141     2 2277.00000 7414487    1 2365.00000 2277.00000  3.72%   0.0 3505s
 14839139     2 2277.00000 7419986    1 2365.00000 2277.00000  3.72%   0.0 3510s
 14850137     2 2277.00000 7425485    1 2365.00000 2277.00000  3.72%   0.0 3515s
 14861135     2 2277.00000 7430984    1 2365.00000 2277.00000  3.72%   0.0 3520s
 14872133     2 2277.00000 7436483    1 2365.00000 2277.00000  3.72%   0.0 3525s
 14883131     2 2277.00000 7441982    1 2365.00000 2277.00000  3.72%   0.0 3530s
 14894129     2 2277.00000 7447481    1 2365.00000 2277.00000  3.72%   0.0 3535s
 14905127     2 2277.00000 7452980    1 2365.00000 2277.00000  3.72%   0.0 3540s
 14914903     2 2277.00000 7457868    1 2365.00000 2277.00000  3.72%   0.0 3545s
 14925901     2 2277.00000 7463367    1 2365.00000 2277.00000  3.72%   0.0 3550s
 14936899     2 2277.00000 7468866    1 2365.00000 2277.00000  3.72%   0.0 3555s
 14947897     2 2277.00000 7474365    1 2365.00000 2277.00000  3.72%   0.0 3560s
 14958895     2 2277.00000 7479864    1 2365.00000 2277.00000  3.72%   0.0 3565s
 14969893     2 2277.00000 7485363    1 2365.00000 2277.00000  3.72%   0.0 3570s
 14979669     2 2277.00000 7490251    1 2365.00000 2277.00000  3.72%   0.0 3575s
 14990667     2 2277.00000 7495750    1 2365.00000 2277.00000  3.72%   0.0 3580s
 15001665     2 2277.00000 7501249    1 2365.00000 2277.00000  3.72%   0.0 3585s
 15012663     2 2277.00000 7506748    1 2365.00000 2277.00000  3.72%   0.0 3590s
 15023661     2 2277.00000 7512247    1 2365.00000 2277.00000  3.72%   0.0 3595s

Cutting planes:
  Learned: 18
  Gomory: 3
  Cover: 3
  Implied bound: 2
  MIR: 7
  Inf proof: 1

Explored 15033437 nodes (3474 simplex iterations) in 3600.13 seconds (157.17 work units)
Thread count was 16 (of 16 available processors)

Solution count 4: 2365 2384 2644 3680 

Time limit reached
Best objective 2.365000000000e+03, best bound 2.277000000000e+03, gap 3.7209%
Warning: constraint name "precedence between 0,0 to 0,1 if x_[0,0,0,1,3]=0, i.e. 0,1 before 0,0" has a space
Warning: constraint name "precedence between 0,0 to 0,1 if x_[0,0,0,1,3]=0, i.e. 0,1 before 0,0" has a space
Warning: default constraint names used to write mps file
