
Gurobi 10.0.1 (win64) logging started Sun Oct  8 10:36:30 2023

Set parameter LogFile to value "./results//log/FMS_14_makespan_heurFalse.log"
Gurobi Optimizer version 10.0.1 build v10.0.1rc0 (win64)

CPU model: AMD Ryzen 7 3700X 8-Core Processor, instruction set [SSE2|AVX|AVX2]
Thread count: 8 physical cores, 16 logical processors, using up to 16 threads

Optimize a model with 597 rows, 554 columns and 2570 nonzeros
Model fingerprint: 0x032a2b7f
Variable types: 0 continuous, 554 integer (497 binary)
Coefficient statistics:
  Matrix range     [1e+00, 1e+07]
  Objective range  [1e+00, 1e+00]
  Bounds range     [1e+00, 1e+00]
  RHS range        [1e+00, 3e+07]
Presolve removed 64 rows and 303 columns
Presolve time: 0.01s
Presolved: 533 rows, 251 columns, 2447 nonzeros
Variable types: 0 continuous, 251 integer (195 binary)
Found heuristic solution: objective 16812.000000

Root relaxation: objective 5.862000e+03, 106 iterations, 0.00 seconds (0.00 work units)

    Nodes    |    Current Node    |     Objective Bounds      |     Work
 Expl Unexpl |  Obj  Depth IntInf | Incumbent    BestBd   Gap | It/Node Time

     0     0 5862.00000    0   36 16812.0000 5862.00000  65.1%     -    0s
H    0     0                    14358.000000 5862.00000  59.2%     -    0s
H    0     0                    12173.000000 5862.00000  51.8%     -    0s
     0     0 5915.00000    0   42 12173.0000 5915.00000  51.4%     -    0s
     0     0 5915.00166    0   47 12173.0000 5915.00166  51.4%     -    0s
     0     0 5927.00000    0   49 12173.0000 5927.00000  51.3%     -    0s
     0     0 5927.00000    0   40 12173.0000 5927.00000  51.3%     -    0s
     0     0 5927.00000    0   30 12173.0000 5927.00000  51.3%     -    0s
     0     0 5927.00000    0   38 12173.0000 5927.00000  51.3%     -    0s
     0     0 5927.00267    0   39 12173.0000 5927.00267  51.3%     -    0s
     0     0 5931.60297    0   39 12173.0000 5931.60297  51.3%     -    0s
     0     0 5944.63536    0   38 12173.0000 5944.63536  51.2%     -    0s
     0     0 5945.00000    0   46 12173.0000 5945.00000  51.2%     -    0s
     0     0 5945.52486    0   46 12173.0000 5945.52486  51.2%     -    0s
     0     0 5949.60297    0   47 12173.0000 5949.60297  51.1%     -    0s
     0     0 5951.00000    0   48 12173.0000 5951.00000  51.1%     -    0s
     0     0 5952.00000    0   48 12173.0000 5952.00000  51.1%     -    0s
     0     0 5952.00000    0   48 12173.0000 5952.00000  51.1%     -    0s
     0     2 5952.00000    0   46 12173.0000 5952.00000  51.1%     -    0s
H  120   143                    11779.000000 5952.00000  49.5%   6.8    0s
H  126   143                    11579.000000 5952.00000  48.6%   6.6    0s
H  204   214                    11489.000000 5952.00000  48.2%   6.1    0s
H  262   303                    11451.000000 5952.00000  48.0%   5.8    0s
H  383   380                    11392.000000 5952.00000  47.8%   5.4    1s
H  384   380                    11032.000000 5952.00000  46.0%   5.4    1s
H  394   380                    9752.0000000 5952.00000  39.0%   5.3    1s
H  507   497                    9445.0000000 5952.00000  37.0%   5.0    1s
H  518   497                    9430.0000000 5952.00000  36.9%   5.0    1s
H  531   497                    9177.0000000 5952.00000  35.1%   4.9    1s
H 1553   956                    9174.0000000 5992.42623  34.7%   4.9    1s
H 1555   910                    9173.0000000 5992.42623  34.7%   4.9    1s
H 1556   864                    9171.0000000 5992.42623  34.7%   4.9    1s
H 1556   821                    9170.0000000 5992.42623  34.7%   4.9    1s
H 1560   782                    9168.0000000 5992.42623  34.6%   4.9    1s
H 1560   743                    9167.0000000 5992.42623  34.6%   4.9    1s
H 1563   708                    9165.0000000 5992.42623  34.6%   4.9    1s
H 1564   673                    9164.0000000 5992.42623  34.6%   4.8    1s
H 1566   640                    9162.0000000 5992.42623  34.6%   4.8    1s
H 1567   609                    9160.0000000 5992.42623  34.6%   4.8    2s
H 1567   578                    9159.0000000 5992.42623  34.6%   4.8    2s
H 1568   549                    9110.0000000 5992.42623  34.2%   4.8    2s
H 1733   647                    8949.0000000 6197.85886  30.7%   2.6    3s
H 1742   617                    8896.0000000 6197.85886  30.3%   2.6    3s
 10744  4664 8396.60284   40   21 8896.00000 6509.37374  26.8%   7.4    5s
 42340 17440 7405.81047   41   48 8896.00000 6866.82912  22.8%   7.4   11s
 42387 17471 8211.51422   48   91 8896.00000 6866.82912  22.8%   7.4   15s
 42435 17503 6871.94636   48   90 8896.00000 6866.82912  22.8%   7.3   20s
 42481 17534 7680.84032   43   95 8896.00000 6866.82912  22.8%   7.3   25s
 42521 17561 7351.89106   40   94 8896.00000 6866.82912  22.8%   7.3   30s
 42557 17585 8475.56000   45  100 8896.00000 6876.00000  22.7%   7.3   35s
 74766 19901 7643.89958   64   25 8896.00000 6878.00000  22.7%   8.1   40s
 144491 35112 7415.25095   60   33 8896.00000 7195.27796  19.1%   7.8   45s
 215148 55412 8845.14101   65   24 8896.00000 7390.88976  16.9%   7.5   50s
 281197 72779 7666.52817   63   31 8896.00000 7516.67575  15.5%   7.4   55s
 348803 89225 8826.60646   67   13 8896.00000 7626.11189  14.3%   7.3   60s
 414991 104467 7710.23940   54   35 8896.00000 7701.21769  13.4%   7.3   65s
 484636 119975     cutoff   67      8896.00000 7761.78878  12.7%   7.2   70s
 551754 134585 8087.70414   71   20 8896.00000 7810.46527  12.2%   7.1   75s
 622182 147608     cutoff   71      8896.00000 7861.89620  11.6%   7.1   80s
 691945 161808 8308.76725   67   24 8896.00000 7905.53362  11.1%   7.0   85s
 758017 173877     cutoff   65      8896.00000 7940.08466  10.7%   7.0   90s
 823827 185574 7976.13837   62   20 8896.00000 7972.46480  10.4%   7.0   95s
*875784 130815              81    8619.0000000 7995.36919  7.24%   6.9   99s
 880531 130780 8435.60068   79   13 8619.00000 7998.22894  7.20%   6.9  100s
*895675 121396              78    8581.0000000 8007.44224  6.68%   6.9  101s
 939851 122450 8420.38077   66   24 8581.00000 8037.87739  6.33%   6.9  105s
 995482 122825     cutoff   62      8581.00000 8075.28721  5.89%   6.9  110s
 1051496 122118     cutoff   76      8581.00000 8113.64223  5.45%   6.9  115s
 1109896 120666 8314.93028   65   17 8581.00000 8150.35310  5.02%   6.9  120s
 1155041 118005     cutoff   66      8581.00000 8179.73452  4.68%   6.9  125s
 1212592 115339 8338.55558   73   17 8581.00000 8212.83596  4.29%   6.9  130s
 1267074 111042 8260.43621   63   40 8581.00000 8243.10394  3.94%   6.9  135s
 1320333 106775     cutoff   59      8581.00000 8270.84608  3.61%   6.8  140s
 1374415 101308     cutoff   60      8581.00000 8298.83412  3.29%   6.8  145s
 1427697 95157 8396.82159   64   18 8581.00000 8325.14488  2.98%   6.8  150s
 1481325 88128 8413.45513   68   14 8581.00000 8351.48936  2.67%   6.8  155s
 1533758 80160 infeasible   70      8581.00000 8377.25433  2.37%   6.8  160s
 1578745 72429 8412.12916   78   12 8581.00000 8399.98509  2.11%   6.8  165s
 1627301 63481 8514.93560   75   17 8581.00000 8423.31193  1.84%   6.7  170s
 1676638 52642 8537.62568   65   27 8581.00000 8448.06352  1.55%   6.7  175s
 1723176 40396     cutoff   63      8581.00000 8472.51581  1.26%   6.7  180s
 1765922 26479 8502.85803   73   17 8581.00000 8501.55709  0.93%   6.7  185s
 1806762  1182     cutoff   68      8581.00000 8569.95963  0.13%   6.7  190s

Cutting planes:
  Gomory: 15
  Cover: 1
  Implied bound: 1
  MIR: 19
  Flow cover: 45

Explored 1809769 nodes (12168111 simplex iterations) in 190.20 seconds (43.44 work units)
Thread count was 16 (of 16 available processors)

Solution count 10: 8581 8619 8896 ... 9165

Optimal solution found (tolerance 1.00e-04)
Best objective 8.581000000000e+03, best bound 8.581000000000e+03, gap 0.0000%
Warning: constraint name "precedence between 0,0 to 0,1 if x_[0,0,0,1,3]=0, i.e. 0,1 before 0,0" has a space
Warning: constraint name "precedence between 0,0 to 0,1 if x_[0,0,0,1,3]=0, i.e. 0,1 before 0,0" has a space
Warning: default constraint names used to write mps file
