
Gurobi 10.0.1 (win64) logging started Sun Oct  8 06:17:47 2023

Set parameter LogFile to value "./results//log/FMS_07_deadline_heurTrue.log"
Gurobi Optimizer version 10.0.1 build v10.0.1rc0 (win64)

CPU model: AMD Ryzen 7 3700X 8-Core Processor, instruction set [SSE2|AVX|AVX2]
Thread count: 8 physical cores, 16 logical processors, using up to 16 threads

Optimize a model with 135 rows, 124 columns and 462 nonzeros
Model fingerprint: 0x322c3702
Model has 1 quadratic constraint
Variable types: 0 continuous, 124 integer (105 binary)
Coefficient statistics:
  Matrix range     [1e+00, 1e+07]
  QMatrix range    [1e+00, 1e+00]
  QLMatrix range   [1e+00, 4e+02]
  Objective range  [1e+00, 1e+00]
  Bounds range     [1e+00, 1e+00]
  RHS range        [1e+00, 3e+07]

User MIP start did not produce a new incumbent solution
User MIP start violates constraint initial_start_time_job0_stage0_machine0_constraint by 420.000000000

Presolve removed 33 rows and 62 columns
Presolve time: 0.00s
Presolved: 109 rows, 68 columns, 445 nonzeros
Variable types: 0 continuous, 68 integer (43 binary)

Root relaxation: objective 0.000000e+00, 19 iterations, 0.00 seconds (0.00 work units)
Another try with MIP start

    Nodes    |    Current Node    |     Objective Bounds      |     Work
 Expl Unexpl |  Obj  Depth IntInf | Incumbent    BestBd   Gap | It/Node Time

H    0     0                    2309.0000000    0.00000   100%     -    0s
     0     0    0.00000    0    8 2309.00000    0.00000   100%     -    0s
H    0     0                    2308.0000000    0.00000   100%     -    0s
H    0     0                    2257.0000000    0.00000   100%     -    0s
     0     0    0.00000    0   17 2257.00000    0.00000   100%     -    0s
H    0     0                    2255.0000000    0.00000   100%     -    0s
H    0     0                    2249.0000000    0.00000   100%     -    0s
H    0     0                    2046.0000000    0.00000   100%     -    0s
     0     0    0.00000    0   20 2046.00000    0.00000   100%     -    0s
H    0     0                    1772.0000000    0.00000   100%     -    0s
     0     0  909.00000    0    8 1772.00000  909.00000  48.7%     -    0s
H    0     0                    1758.0000000  909.00000  48.3%     -    0s
H    0     0                    1591.0000000  932.00000  41.4%     -    0s
H    0     0                    1528.0000000  932.00000  39.0%     -    0s
H    0     0                    1522.0000000  932.00000  38.8%     -    0s
     0     0  932.00000    0   10 1522.00000  932.00000  38.8%     -    0s
H    0     0                    1492.0000000  933.00000  37.5%     -    0s
     0     0  933.00000    0    7 1492.00000  933.00000  37.5%     -    0s
     0     0  943.00000    0   11 1492.00000  943.00000  36.8%     -    0s
     0     0  958.00000    0   11 1492.00000  958.00000  35.8%     -    0s
     0     0  958.00000    0   10 1492.00000  958.00000  35.8%     -    0s
     0     0  958.00000    0   10 1492.00000  958.00000  35.8%     -    0s
     0     2  958.00000    0   10 1492.00000  958.00000  35.8%     -    0s

Cutting planes:
  Learned: 21
  Cover: 2
  Implied bound: 10
  Clique: 1
  Flow cover: 1
  Inf proof: 1
  RLT: 6
  Relax-and-lift: 1

Explored 879 nodes (2801 simplex iterations) in 0.37 seconds (0.03 work units)
Thread count was 16 (of 16 available processors)

Solution count 10: 1492 1522 1528 ... 2257

Optimal solution found (tolerance 1.00e-04)
Best objective 1.492000000000e+03, best bound 1.492000000000e+03, gap 0.0000%
Warning: constraint name "precedence between 0,0 to 0,1 if x_[0,0,0,1,3]=0, i.e. 0,1 before 0,0" has a space
Warning: constraint name "precedence between 0,0 to 0,1 if x_[0,0,0,1,3]=0, i.e. 0,1 before 0,0" has a space
Warning: default constraint names used to write mps file
