
Gurobi 10.0.1 (win64) logging started Sun Oct  8 04:17:26 2023

Set parameter LogFile to value "./results//log/FMS_04_deadline_heurFalse.log"
Gurobi Optimizer version 10.0.1 build v10.0.1rc0 (win64)

CPU model: AMD Ryzen 7 3700X 8-Core Processor, instruction set [SSE2|AVX|AVX2]
Thread count: 8 physical cores, 16 logical processors, using up to 16 threads

Optimize a model with 101 rows, 62 columns and 360 nonzeros
Model fingerprint: 0x331e2993
Model has 1 quadratic constraint
Variable types: 0 continuous, 62 integer (51 binary)
Coefficient statistics:
  Matrix range     [1e+00, 1e+07]
  QMatrix range    [1e+00, 1e+00]
  QLMatrix range   [1e+00, 4e+02]
  Objective range  [1e+00, 1e+00]
  Bounds range     [1e+00, 1e+00]
  RHS range        [1e+00, 3e+07]
Presolve removed 29 rows and 27 columns
Presolve time: 0.01s
Presolved: 77 rows, 39 columns, 308 nonzeros
Variable types: 0 continuous, 39 integer (24 binary)
Found heuristic solution: objective 1.000033e+07

Root relaxation: objective 0.000000e+00, 22 iterations, 0.00 seconds (0.00 work units)

    Nodes    |    Current Node    |     Objective Bounds      |     Work
 Expl Unexpl |  Obj  Depth IntInf | Incumbent    BestBd   Gap | It/Node Time

     0     0    0.00000    0    5 1.0000e+07    0.00000   100%     -    0s
H    0     0                    2071.0000000    0.00000   100%     -    0s
H    0     0                    1864.0000000    0.00000   100%     -    0s
H    0     0                    1772.0000000    0.00000   100%     -    0s
     0     0   58.03001    0   15 1772.00000   58.03001  96.7%     -    0s
     0     0 1019.00000    0   21 1772.00000 1019.00000  42.5%     -    0s
     0     0 1375.00000    0   15 1772.00000 1375.00000  22.4%     -    0s
     0     0 1623.00000    0   11 1772.00000 1623.00000  8.41%     -    0s
H    0     0                    1712.0000000 1678.00000  1.99%     -    0s
     0     0 1689.00000    0   17 1712.00000 1689.00000  1.34%     -    0s
     0     0 1712.00000    0   17 1712.00000 1712.00000  0.00%     -    0s

Cutting planes:
  Learned: 4
  Gomory: 1
  Cover: 1
  Implied bound: 3
  MIR: 2
  Flow cover: 6
  Inf proof: 1
  RLT: 4

Explored 1 nodes (169 simplex iterations) in 0.10 seconds (0.01 work units)
Thread count was 16 (of 16 available processors)

Solution count 5: 1712 1772 1864 ... 1.00003e+07

Optimal solution found (tolerance 1.00e-04)
Best objective 1.712000000000e+03, best bound 1.712000000000e+03, gap 0.0000%
Warning: constraint name "precedence between 0,0 to 0,1 if x_[0,0,0,1,0]=0, i.e. 0,1 before 0,0" has a space
Warning: constraint name "precedence between 0,0 to 0,1 if x_[0,0,0,1,0]=0, i.e. 0,1 before 0,0" has a space
Warning: default constraint names used to write mps file
