
Gurobi 10.0.1 (win64) logging started Sun Oct  8 11:40:21 2023

Set parameter LogFile to value "./results//log/FMS_16_makespan_heurFalse.log"
Gurobi Optimizer version 10.0.1 build v10.0.1rc0 (win64)

CPU model: AMD Ryzen 7 3700X 8-Core Processor, instruction set [SSE2|AVX|AVX2]
Thread count: 8 physical cores, 16 logical processors, using up to 16 threads

Optimize a model with 730 rows, 701 columns and 3184 nonzeros
Model fingerprint: 0xc24c0fc6
Variable types: 0 continuous, 701 integer (638 binary)
Coefficient statistics:
  Matrix range     [1e+00, 1e+07]
  Objective range  [1e+00, 1e+00]
  Bounds range     [1e+00, 1e+00]
  RHS range        [1e+00, 3e+07]
Presolve removed 73 rows and 393 columns
Presolve time: 0.01s
Presolved: 657 rows, 308 columns, 3039 nonzeros
Variable types: 0 continuous, 308 integer (246 binary)

Root relaxation: objective 6.832000e+03, 128 iterations, 0.00 seconds (0.00 work units)

    Nodes    |    Current Node    |     Objective Bounds      |     Work
 Expl Unexpl |  Obj  Depth IntInf | Incumbent    BestBd   Gap | It/Node Time

     0     0 6832.00000    0   42          - 6832.00000      -     -    0s
H    0     0                    17896.000000 6832.00000  61.8%     -    0s
H    0     0                    17893.000000 6832.00000  61.8%     -    0s
     0     0 6832.00145    0   46 17893.0000 6832.00145  61.8%     -    0s
H    0     0                    17890.000000 6832.00145  61.8%     -    0s
     0     0 6849.78474    0   57 17890.0000 6849.78474  61.7%     -    0s
     0     0 6849.78474    0   58 17890.0000 6849.78474  61.7%     -    0s
     0     0 6930.00003    0   56 17890.0000 6930.00003  61.3%     -    0s
H    0     0                    17887.000000 6930.00003  61.3%     -    0s
     0     0 6930.00003    0   60 17887.0000 6930.00003  61.3%     -    0s
     0     0 6930.00003    0   60 17887.0000 6930.00003  61.3%     -    0s
H    0     0                    16908.000000 6930.00003  59.0%     -    0s
     0     0 6930.00003    0   64 16908.0000 6930.00003  59.0%     -    0s
     0     0 6930.00003    0   59 16908.0000 6930.00003  59.0%     -    0s
     0     0 6930.00003    0   60 16908.0000 6930.00003  59.0%     -    0s
H    0     0                    16704.000000 6930.00003  58.5%     -    0s
     0     0 6930.00003    0   60 16704.0000 6930.00003  58.5%     -    0s
H    0     0                    16195.000000 6930.00003  57.2%     -    0s
     0     0 6930.00003    0   61 16195.0000 6930.00003  57.2%     -    0s
H    0     0                    15852.000000 6930.00003  56.3%     -    0s
H    0     0                    15131.000000 6930.00003  54.2%     -    0s
     0     0 6937.66409    0   61 15131.0000 6937.66409  54.1%     -    0s
     0     0 6937.66409    0   65 15131.0000 6937.66409  54.1%     -    0s
     0     0 6937.66409    0   65 15131.0000 6937.66409  54.1%     -    0s
     0     0 6937.66409    0   66 15131.0000 6937.66409  54.1%     -    0s
     0     0 6937.66409    0   66 15131.0000 6937.66409  54.1%     -    0s
H    0     0                    14680.000000 6937.66409  52.7%     -    0s
     0     0 6937.66409    0   66 14680.0000 6937.66409  52.7%     -    0s
     0     0 6937.66409    0   66 14680.0000 6937.66409  52.7%     -    0s
     0     0 6937.66409    0   65 14680.0000 6937.66409  52.7%     -    0s
     0     2 6937.66409    0   65 14680.0000 6937.66409  52.7%     -    0s
H  128   140                    13823.000000 6939.00267  49.8%   6.4    0s
H  194   212                    13697.000000 6939.00267  49.3%   6.0    0s
H  558   580                    13369.000000 6939.00267  48.1%   5.3    1s
H 1829  1276                    13298.000000 7204.83550  45.8%   2.5    3s
H 1873  1247                    13113.000000 7204.83550  45.1%   2.8    3s
  4511  2229 7525.04195   35   64 13113.0000 7204.83550  45.1%   5.9    5s
H 4526  2130                    12857.000000 7204.83550  44.0%   5.9    5s
H 4529  2029                    12561.000000 7204.83550  42.6%   5.9    5s
H 4530  1969                    12532.000000 7204.83550  42.5%   5.9    5s
H11749  6711                    12530.000000 7263.94548  42.0%   7.2    6s
H19650 11221                    12528.000000 7396.89105  41.0%   7.5    8s
H23497 13660                    12526.000000 7432.61527  40.7%   7.4    8s
 31486 18541 12175.3765   59   18 12526.0000 7518.87920  40.0%   7.5   10s
H38814 21336                    12401.000000 7597.32729  38.7%   7.6   12s
 42508 23408 9075.72315   36   65 12401.0000 7636.82642  38.4%   7.6   15s
 42575 23453 9186.06734   44  100 12401.0000 8195.50228  33.9%   7.6   20s
 42610 23476 11228.0667   55   95 12401.0000 8361.50637  32.6%   7.5   25s
 42660 23509 8924.10977   41  103 12401.0000 8450.44609  31.9%   7.5   30s
 42701 23537 10686.1179   45  104 12401.0000 8508.07016  31.4%   7.5   35s
 42739 23562 12064.0000   60  103 12401.0000 8545.75885  31.1%   7.5   40s
H42767 22397                    12260.000000 8577.50767  30.0%   7.5   43s
H42768 21273                    12259.000000 8579.42466  30.0%   7.5   43s
H42771 20207                    12258.000000 8581.22012  30.0%   7.5   44s
H42771 19192                    12118.000000 8581.22012  29.2%   7.5   44s
 42851 19263 8581.22012   41   80 12118.0000 8581.22012  29.2%   8.0   45s
 52312 21728 9012.14997   48   74 12118.0000 8581.22012  29.2%   9.1   50s
 63370 24217 9355.42208   47   54 12118.0000 8595.39948  29.1%   9.8   55s
 75099 25968 11881.0106   75   14 12118.0000 8745.06839  27.8%  10.0   60s
 86032 27635 9555.46007   47   43 12118.0000 8830.46955  27.1%  10.3   65s
 97539 28304 9236.31660   51   53 12118.0000 8916.79311  26.4%  10.4   70s
 105656 31934 10321.5231   55   54 12118.0000 8974.20567  25.9%  10.5   75s
 115992 36585     cutoff   55      12118.0000 9024.89234  25.5%  10.6   80s
 126183 41303 10590.6128   57   27 12118.0000 9069.74585  25.2%  10.6   85s
 134936 45258 10824.1392   58   24 12118.0000 9103.33077  24.9%  10.7   90s
 143817 48888 9856.12695   51   55 12118.0000 9138.02201  24.6%  10.7   95s
 153902 53455     cutoff   69      12118.0000 9175.88712  24.3%  10.7  100s
 162990 57113     cutoff   72      12118.0000 9204.87518  24.0%  10.7  105s
 172673 61731     cutoff   75      12118.0000 9233.24376  23.8%  10.7  110s
 182977 66257     cutoff   73      12118.0000 9262.56697  23.6%  10.7  115s
 184978 67124 10210.6658   53   42 12118.0000 9269.19015  23.5%  10.7  120s
 191966 70048 9612.07287   57   46 12118.0000 9287.81975  23.4%  10.8  125s
 201383 73852 12057.9619   57   24 12118.0000 9311.36112  23.2%  10.8  130s
 208282 77069 10295.8447   66   28 12118.0000 9330.68850  23.0%  10.8  135s
 217518 80970 9399.97464   50   78 12118.0000 9352.48725  22.8%  10.8  140s
 227733 85136 10002.4919   62   41 12118.0000 9377.42964  22.6%  10.8  145s
 237148 89518     cutoff   63      12118.0000 9395.43302  22.5%  10.8  150s
 249430 94439 12067.0223   67   15 12118.0000 9417.38719  22.3%  10.8  155s
 260492 98873 infeasible   66      12118.0000 9435.29192  22.1%  10.8  160s
 271143 103671 10100.5549   47   65 12118.0000 9454.54791  22.0%  10.8  165s
 281827 107712 10568.2078   58   47 12118.0000 9473.16026  21.8%  10.8  170s
 293748 112884 infeasible   68      12118.0000 9490.83006  21.7%  10.8  175s
 305823 117759 10756.5621   54   32 12118.0000 9507.39283  21.5%  10.8  180s
 317735 123192 9586.54957   66   43 12118.0000 9524.42633  21.4%  10.8  186s
 328299 127365 10914.2888   60   26 12118.0000 9538.52088  21.3%  10.8  190s
 340561 132465 10213.1312   50   48 12118.0000 9554.90282  21.2%  10.8  195s
 347097 134496 11870.0000   60   14 12118.0000 9563.02851  21.1%  10.8  200s
 355020 138167 11827.2220   55   31 12118.0000 9572.21898  21.0%  10.8  205s
 365554 141848     cutoff   63      12118.0000 9584.67571  20.9%  10.8  210s
 369312 142575 10708.7997   59   31 12118.0000 9588.45761  20.9%  10.7  215s
 377985 146512     cutoff   68      12118.0000 9598.82300  20.8%  10.7  220s
 389663 151171 10093.2612   51   39 12118.0000 9611.45993  20.7%  10.7  225s
 399907 155242 10958.3487   58   31 12118.0000 9623.31329  20.6%  10.7  230s
 411906 159820 11550.3653   58   43 12118.0000 9636.24351  20.5%  10.7  235s
 424571 164819 10544.3201   56   42 12118.0000 9647.33348  20.4%  10.7  240s
 435912 169457 10967.5950   54   39 12118.0000 9659.67729  20.3%  10.7  245s
 446087 173538 11715.0000   76    9 12118.0000 9669.01820  20.2%  10.7  250s
 457737 178184 10636.2592   63   45 12118.0000 9680.43701  20.1%  10.7  255s
 468495 182811 11124.6418   65   21 12118.0000 9690.12476  20.0%  10.7  260s
 477818 186294 11338.4550   71   15 12118.0000 9697.59008  20.0%  10.7  265s
 489745 190895 10244.8812   54   53 12118.0000 9707.81993  19.9%  10.6  270s
 500188 195128 10091.3216   61   60 12118.0000 9715.97651  19.8%  10.6  275s
 512408 199958 10244.5987   56   40 12118.0000 9725.33498  19.7%  10.6  280s
 522730 204014     cutoff   60      12118.0000 9732.40689  19.7%  10.6  285s
 533094 208070 11125.0505   67   29 12118.0000 9740.08959  19.6%  10.6  290s
 543711 212276 10283.8566   59   33 12118.0000 9746.58752  19.6%  10.6  295s
 553959 216358 11637.6604   62   24 12118.0000 9753.29706  19.5%  10.6  300s
 566529 221066 10558.5372   63   26 12118.0000 9760.77725  19.5%  10.6  305s
 576461 225261 10655.2710   53   48 12118.0000 9767.69600  19.4%  10.6  310s
 587091 229122     cutoff   55      12118.0000 9774.30167  19.3%  10.6  315s
 595622 232418 9780.34215   60   52 12118.0000 9779.70694  19.3%  10.6  320s
 606084 236620 10519.2084   57   67 12118.0000 9785.85554  19.2%  10.5  325s
 616705 241220 infeasible   67      12118.0000 9792.59344  19.2%  10.5  330s
 625875 244841 9882.10743   58   58 12118.0000 9797.71286  19.1%  10.5  335s
 636353 248977 11603.1989   69   27 12118.0000 9804.24672  19.1%  10.5  340s
 645883 252807 10748.0718   49   31 12118.0000 9810.40714  19.0%  10.5  345s
 654622 256065 10069.0768   49   46 12118.0000 9815.37943  19.0%  10.5  350s
 663391 259173 11312.3494   61   37 12118.0000 9820.71829  19.0%  10.5  355s
 671590 262309 10762.5760   54   38 12118.0000 9825.74908  18.9%  10.5  360s
 682217 266113 9933.04016   58   36 12118.0000 9830.64100  18.9%  10.5  365s
 691244 269637 9970.33268   63   43 12118.0000 9835.93939  18.8%  10.5  370s
 701440 273867 11496.1448   75   18 12118.0000 9841.22762  18.8%  10.5  375s
 710499 277206 9870.03773   51   74 12118.0000 9846.51142  18.7%  10.5  380s
 721132 281219 9860.52930   57   35 12118.0000 9851.83374  18.7%  10.5  385s
 729676 284227 10245.8585   63   40 12118.0000 9856.48236  18.7%  10.5  390s
 738511 287645 11779.6676   59   38 12118.0000 9860.76185  18.6%  10.5  395s
 748937 291356 10165.3387   52   31 12118.0000 9865.98699  18.6%  10.5  400s
 758409 294641 9903.80187   73   32 12118.0000 9870.32987  18.5%  10.4  405s
 766880 297746 12049.8749   64   19 12118.0000 9874.02715  18.5%  10.4  410s
 777306 301760 10028.5626   62   37 12118.0000 9878.98597  18.5%  10.4  416s
 784806 304341 10819.9944   62   26 12118.0000 9882.48814  18.4%  10.4  420s
 793458 307556 10448.5671   51   48 12118.0000 9886.46599  18.4%  10.4  425s
 802951 310782 10324.9540   63   34 12118.0000 9890.96988  18.4%  10.4  430s
 810635 313768 11925.8763   74   26 12118.0000 9894.31440  18.4%  10.4  435s
 819686 317335 10703.1378   69   47 12118.0000 9898.98607  18.3%  10.4  440s
 828609 320398     cutoff   62      12118.0000 9903.18877  18.3%  10.4  445s
 835719 323308 10143.3213   57   56 12118.0000 9905.83491  18.3%  10.4  450s
 844678 326712 10407.2374   56   36 12118.0000 9910.00161  18.2%  10.4  455s
 853688 330012 10253.2766   52   44 12118.0000 9913.90484  18.2%  10.4  460s
 861031 332673     cutoff   76      12118.0000 9917.41966  18.2%  10.4  465s
 869510 336171 11687.7758   51   52 12118.0000 9920.68580  18.1%  10.4  470s
 878495 339414 11956.2302   84   13 12118.0000 9924.79040  18.1%  10.4  475s
 886764 342456 10298.3035   62   35 12118.0000 9928.66054  18.1%  10.4  480s
 894011 345084 10986.7926   52   62 12118.0000 9931.71155  18.0%  10.4  485s
 903227 348384 10536.0666   64   31 12118.0000 9935.54037  18.0%  10.4  490s
 910162 351023 11716.6470   64   29 12118.0000 9938.38030  18.0%  10.4  495s
 918982 354575 11595.3133   68   10 12118.0000 9941.85211  18.0%  10.4  500s
 926210 357311 10587.2295   65   29 12118.0000 9944.69394  17.9%  10.4  505s
 935002 360530 10142.7183   48   67 12118.0000 9948.22155  17.9%  10.3  511s
 942279 362977 10675.4440   58   40 12118.0000 9951.50545  17.9%  10.3  515s
 949258 365796 9966.69949   56   50 12118.0000 9954.49824  17.9%  10.3  520s
 956592 368303 11395.8507   61   27 12118.0000 9957.49698  17.8%  10.3  525s
 966236 371616 10607.7170   57   46 12118.0000 9961.08995  17.8%  10.3  530s
 975340 374959 10901.2848   61   37 12118.0000 9964.31565  17.8%  10.3  535s
 983905 378128 12014.6523   76   20 12118.0000 9967.62662  17.7%  10.3  540s
 991040 380895 11203.9066   62   29 12118.0000 9970.16610  17.7%  10.3  545s
 1000269 384188 10086.9074   60   33 12118.0000 9973.68605  17.7%  10.3  551s
 1007428 386975     cutoff   69      12118.0000 9976.34063  17.7%  10.3  555s
 1014981 389833 11518.3944   59   38 12118.0000 9978.59701  17.7%  10.3  560s
 1024355 393467 11373.6480   57   33 12118.0000 9981.65530  17.6%  10.3  565s
 1031187 395954 10665.0945   59   34 12118.0000 9984.31171  17.6%  10.3  570s
 1038300 398381 9991.77842   61   40 12118.0000 9987.08863  17.6%  10.3  575s
 1047437 401349 10494.7960   64   44 12118.0000 9989.70420  17.6%  10.3  580s
 1054890 403943 11559.9179   71   21 12118.0000 9991.80844  17.5%  10.3  585s
 1063685 407291     cutoff   66      12118.0000 9994.56348  17.5%  10.3  590s
 1071171 409987 10525.4809   57   37 12118.0000 9997.03648  17.5%  10.3  595s
 1078504 412786 10196.4633   56   53 12118.0000 9999.63407  17.5%  10.3  600s
 1087305 416138 10137.7880   60   46 12118.0000 10002.7928  17.5%  10.3  606s
 1095066 418841 10099.0457   59   57 12118.0000 10005.4709  17.4%  10.3  610s
 1102257 421254 10065.0235   55   54 12118.0000 10008.1948  17.4%  10.3  615s
 1109471 423922     cutoff   68      12118.0000 10010.7475  17.4%  10.3  620s
 1116654 426605 11918.2340   63   20 12118.0000 10013.1411  17.4%  10.3  625s
 1123977 429196 10083.6030   56   37 12118.0000 10015.2667  17.4%  10.3  630s
 1131406 431726 infeasible   76      12118.0000 10018.0137  17.3%  10.2  635s
 1139921 434808 11440.6353   60   31 12118.0000 10020.8137  17.3%  10.2  640s
 1147586 437309 10145.0307   54   52 12118.0000 10022.7874  17.3%  10.2  645s
 1154997 439767     cutoff   71      12118.0000 10025.2616  17.3%  10.2  650s
 1162002 442390 11712.5421   77   14 12118.0000 10027.6157  17.3%  10.2  655s
 1169110 444921 11564.5159   59   47 12118.0000 10030.0366  17.2%  10.2  660s
 1176869 447885 10730.9287   59   38 12118.0000 10032.6029  17.2%  10.2  666s
 1184268 450396 11695.2969   58   48 12118.0000 10034.9391  17.2%  10.2  671s
 1189797 452396 10079.3101   65   32 12118.0000 10036.9322  17.2%  10.2  675s
 1196666 454607 10987.6670   64   36 12118.0000 10039.1416  17.2%  10.2  680s
 1204466 457443 11388.4615   64   27 12118.0000 10041.5173  17.1%  10.2  686s
 1211809 460018     cutoff   80      12118.0000 10044.0477  17.1%  10.2  691s
 1218924 462543     cutoff   67      12118.0000 10045.8748  17.1%  10.2  696s
 1226465 465047 10335.7965   65   44 12118.0000 10048.2196  17.1%  10.2  701s
 1233603 467568 11891.3780   65   15 12118.0000 10050.5080  17.1%  10.2  706s
 1240859 469991 11825.0277   63   22 12118.0000 10052.5923  17.0%  10.2  711s
 1248726 472697 10511.1075   51   42 12118.0000 10054.8513  17.0%  10.2  716s
 1255422 475076     cutoff   67      12118.0000 10057.0061  17.0%  10.2  721s
 1262837 477669 11966.4489   63   33 12118.0000 10059.1398  17.0%  10.2  726s
 1268076 479775 11142.5348   66   31 12118.0000 10060.7647  17.0%  10.2  730s
 1275760 482426 11317.4576   64   34 12118.0000 10062.6224  17.0%  10.2  735s
 1283168 485200     cutoff   71      12118.0000 10064.6940  16.9%  10.2  740s
 1289055 487101 10091.8246   59   42 12118.0000 10066.3124  16.9%  10.2  745s
 1296502 489699     cutoff   67      12118.0000 10068.4200  16.9%  10.2  750s
 1303957 492198 11386.7847   69   27 12118.0000 10070.2970  16.9%  10.2  755s
 1311024 494971 10800.8583   51   54 12118.0000 10072.1579  16.9%  10.2  760s
 1318287 497244 infeasible   72      12118.0000 10074.4103  16.9%  10.2  765s
 1325713 499959 11333.6325   64   43 12118.0000 10076.2193  16.8%  10.2  770s
 1333273 502517 10508.0287   77   30 12118.0000 10078.0793  16.8%  10.2  775s
 1340362 505323 10087.9488   59   50 12118.0000 10079.9215  16.8%  10.2  780s
 1347226 507744 12073.7145   82   17 12118.0000 10081.8151  16.8%  10.2  785s
 1355172 510238 11748.5210   68   16 12118.0000 10083.8434  16.8%  10.2  791s
 1360732 512427 11390.7233   78   11 12118.0000 10085.4400  16.8%  10.2  795s
 1368623 515181 11744.5502   68   14 12118.0000 10087.5267  16.8%  10.2  800s
 1376280 517697     cutoff   61      12118.0000 10089.3765  16.7%  10.2  805s
 1383560 520208 11012.9004   63   24 12118.0000 10090.9632  16.7%  10.2  810s
 1391576 522943 11538.4022   71   21 12118.0000 10092.8434  16.7%  10.1  816s
 1397154 525022 10462.0895   56   45 12118.0000 10094.2650  16.7%  10.1  820s
 1405214 527584 10995.3924   62   28 12118.0000 10096.2408  16.7%  10.1  825s
 1412992 530257     cutoff   57      12118.0000 10098.1853  16.7%  10.1  830s
 1420901 533082     cutoff   66      12118.0000 10099.8602  16.7%  10.1  836s
 1426663 534793     cutoff   53      12118.0000 10101.2084  16.6%  10.1  840s
 1434892 537959 11903.7574   60   40 12118.0000 10103.4221  16.6%  10.1  846s
 1440411 540177 10234.6985   60   47 12118.0000 10104.6442  16.6%  10.1  850s
 1448512 542861     cutoff   59      12118.0000 10106.4346  16.6%  10.1  855s
 1456538 545634 10565.1975   58   46 12118.0000 10108.3055  16.6%  10.1  860s
 1463784 548404     cutoff   81      12118.0000 10110.2892  16.6%  10.1  865s
 1470847 550944 10208.1173   59   53 12118.0000 10112.1615  16.6%  10.1  870s
 1476745 553202 infeasible   68      12118.0000 10113.1757  16.5%  10.1  875s
 1484944 555713 10945.7219   73   23 12118.0000 10115.1814  16.5%  10.1  880s
 1491589 558177 10188.7596   55   45 12118.0000 10116.8524  16.5%  10.1  885s
 1499418 560622 11776.7436   64   36 12118.0000 10118.8346  16.5%  10.1  890s
 1506931 563276 11476.6521   80   16 12118.0000 10120.5358  16.5%  10.1  895s
 1514440 565837 11885.6908   71   13 12118.0000 10122.5384  16.5%  10.1  901s
 1520055 567854 11631.0797   70   20 12118.0000 10123.7878  16.5%  10.1  905s
 1527933 570414     cutoff   69      12118.0000 10125.5978  16.4%  10.1  910s
 1535270 572897 11163.5384   59   35 12118.0000 10127.1069  16.4%  10.1  915s
 1542829 575369 11942.0020   61   17 12118.0000 10129.1947  16.4%  10.1  920s
 1550044 577746 12116.3588   61   42 12118.0000 10130.7352  16.4%  10.1  925s
 1557441 580234 11471.1626   69   30 12118.0000 10132.4332  16.4%  10.1  931s
 1564652 582743     cutoff   75      12118.0000 10133.9727  16.4%  10.1  935s
 1570840 584733 11446.2870   56   27 12118.0000 10135.4191  16.4%  10.1  940s
 1580044 588048     cutoff   79      12118.0000 10137.4779  16.3%  10.1  945s
 1587625 590709 11533.8022   71   24 12118.0000 10139.2059  16.3%  10.1  950s
 1596979 593747 11758.8467   68   23 12118.0000 10141.2717  16.3%  10.1  956s
 1603115 595820 11920.9596   73   13 12118.0000 10142.6244  16.3%  10.1  960s
 1612621 599565     cutoff   59      12118.0000 10144.9920  16.3%  10.1  966s
 1620499 602273 11435.3318   78   11 12118.0000 10146.7898  16.3%  10.1  970s
 1628141 604823 11589.3930   78   21 12118.0000 10148.4042  16.3%  10.1  975s
 1636045 607633 11910.1998   74   16 12118.0000 10150.0153  16.2%  10.1  980s
 1645727 610612 10896.8642   63   36 12118.0000 10151.9986  16.2%  10.0  985s
 1652996 613031     cutoff   62      12118.0000 10153.5573  16.2%  10.0  990s
 1662575 616509 12082.4745   68   20 12118.0000 10155.5261  16.2%  10.0  995s
 1670050 618955 10169.0603   55   49 12118.0000 10156.9563  16.2%  10.0 1000s
 1677454 621386 11473.3059   62   24 12118.0000 10158.5392  16.2%  10.0 1005s
 1686217 624307     cutoff   74      12118.0000 10160.2210  16.2%  10.0 1010s
 1694304 626824 10411.6013   56   52 12118.0000 10161.8867  16.1%  10.0 1015s
 1703595 630242     cutoff   68      12118.0000 10163.6117  16.1%  10.0 1021s
 1711180 632660 10883.6928   64   27 12118.0000 10165.1026  16.1%  10.0 1025s
 1719373 635200 infeasible   65      12118.0000 10166.6248  16.1%  10.0 1030s
 1728594 638544     cutoff   60      12118.0000 10168.7814  16.1%  10.0 1036s
 1736285 641115 11154.7618   61   30 12118.0000 10170.1971  16.1%  10.0 1040s
 1744292 642886     cutoff   77      12118.0000 10171.9482  16.1%  10.0 1048s
 1744316 648354 10297.1421   60   41 12118.0000 10171.9671  16.1%  10.0 1076s
 1760332 649398     cutoff   69      12118.0000 10174.9582  16.0%  10.0 1081s
 1767532 651088 12037.8380   76   15 12118.0000 10176.4524  16.0%  10.0 1085s
 1774757 653629     cutoff   84      12118.0000 10177.9040  16.0%  10.0 1090s
 1782492 656007 10847.9960   68   23 12118.0000 10179.6895  16.0%  10.0 1095s
 1791747 658941 10207.1949   54   54 12118.0000 10181.4901  16.0%  10.0 1100s
 1799010 661197 11753.8025   54   39 12118.0000 10183.1922  16.0%  10.0 1105s
 1806175 663915 11038.6099   57   54 12118.0000 10184.4671  16.0%  10.0 1110s
 1813915 666232 11067.3711   55   21 12118.0000 10185.9797  15.9%  10.0 1116s
 1822102 668844 11053.9196   65   17 12118.0000 10187.6531  15.9%  10.0 1121s
 1828003 670803 10524.4683   53   48 12118.0000 10188.6400  15.9%  10.0 1125s
 1838194 674118 10201.9639   70   33 12118.0000 10190.2666  15.9%  10.0 1131s
 1845883 676637 11762.3639   62   19 12118.0000 10191.6066  15.9%  10.0 1136s
 1854063 679333     cutoff   62      12118.0000 10193.1373  15.9%  10.0 1141s
 1861857 681763 11162.3077   76   20 12118.0000 10194.6219  15.9%  10.0 1146s
 1869474 684417 11320.4868   80   19 12118.0000 10195.8688  15.9%  10.0 1150s
 1876301 686653 12021.1423   65   17 12118.0000 10196.9692  15.9%  10.0 1155s
 1883264 689215 11586.4413   77   13 12118.0000 10198.4105  15.8%  10.0 1160s
 1891599 692040     cutoff   65      12118.0000 10199.8933  15.8%  10.0 1165s
 1899301 694337 11576.2595   63   30 12118.0000 10200.8497  15.8%  10.0 1170s
 1905955 696842 11057.0741   64   27 12118.0000 10202.1654  15.8%  10.0 1175s
 1913804 699696 10728.0649   66   32 12118.0000 10203.3010  15.8%  10.0 1180s
 1921671 702182     cutoff   69      12118.0000 10204.4546  15.8%  10.0 1185s
 1929431 704523 11949.8236   65   17 12118.0000 10205.9333  15.8%  10.0 1190s
 1937233 706889     cutoff   68      12118.0000 10207.2468  15.8%  10.0 1195s
 1945881 709269 11876.6187   60   27 12118.0000 10208.6033  15.8%  10.0 1201s
 1951523 711195 10627.0115   57   50 12118.0000 10209.5597  15.7%  10.0 1205s
 1959663 713923     cutoff   63      12118.0000 10210.8353  15.7%  10.0 1210s
 1966547 716029 11265.9056   59   35 12118.0000 10211.9475  15.7%  10.0 1215s
 1974705 718613 11835.5010   64   31 12118.0000 10213.2633  15.7%  10.0 1220s
 1982698 721478 10362.8439   62   37 12118.0000 10214.4752  15.7%   9.9 1225s
 1990421 723809 11639.5383   50   45 12118.0000 10215.8608  15.7%   9.9 1230s
 1998319 726465 11110.1926   64   29 12118.0000 10217.2628  15.7%   9.9 1235s
 2004634 728191 11460.4029   78   16 12118.0000 10218.2636  15.7%   9.9 1240s
 2012623 730950     cutoff   64      12118.0000 10219.5487  15.7%   9.9 1245s
 2020872 733672 10415.8571   61   55 12118.0000 10220.7951  15.7%   9.9 1251s
 2027223 735859 10542.6285   56   46 12118.0000 10221.6733  15.6%   9.9 1255s
 2035181 738012     cutoff   62      12118.0000 10222.9552  15.6%   9.9 1260s
 2043385 740864 10537.5147   64   20 12118.0000 10224.1300  15.6%   9.9 1266s
 2049515 742816 11173.5784   54   52 12118.0000 10225.0674  15.6%   9.9 1270s
 2057803 745297 10251.3927   63   35 12118.0000 10226.2972  15.6%   9.9 1276s
 2063437 747180 11202.5828   66   40 12118.0000 10227.2186  15.6%   9.9 1280s
 2071906 750055 10384.3877   52   47 12118.0000 10228.2135  15.6%   9.9 1286s
 2078544 751753 10873.1444   57   53 12118.0000 10229.2182  15.6%   9.9 1290s
 2084802 753918     cutoff   57      12118.0000 10230.0444  15.6%   9.9 1295s
 2093087 756641     cutoff   67      12118.0000 10231.2123  15.6%   9.9 1301s
 2099730 758466 11723.4849   74   20 12118.0000 10232.2852  15.6%   9.9 1305s
 2107950 761298 11141.6398   68   40 12118.0000 10233.4235  15.6%   9.9 1311s
 2113734 763094 10359.2748   67   18 12118.0000 10234.3128  15.5%   9.9 1315s
 2119795 765046 10864.9916   52   52 12118.0000 10235.2229  15.5%   9.9 1320s
 2127957 767155 11263.5229   62   35 12118.0000 10236.4068  15.5%   9.9 1325s
 2134592 769182 10482.7725   61   30 12118.0000 10237.2700  15.5%   9.9 1330s
 2142453 771669 10552.4008   59   28 12118.0000 10238.2738  15.5%   9.9 1335s
 2150386 774247 11017.2602   68   33 12118.0000 10239.4206  15.5%   9.9 1341s
 2154827 775072     cutoff   86      12118.0000 10240.1030  15.5%   9.9 1345s
 2155075 780121 10691.0282   62   45 12118.0000 10240.1167  15.5%   9.9 1375s
 2171091 780516 11372.1732   72   12 12118.0000 10242.2399  15.5%   9.9 1380s
 2177654 782998 10976.2231   67   26 12118.0000 10243.4545  15.5%   9.9 1385s
 2185760 785680 infeasible   62      12118.0000 10244.6483  15.5%   9.9 1391s
 2192065 787686     cutoff   82      12118.0000 10245.5678  15.5%   9.9 1395s
 2199939 790288 11938.4029   80   14 12118.0000 10246.8317  15.4%   9.9 1401s
 2207016 792344 10328.8837   63   39 12118.0000 10247.6523  15.4%   9.9 1406s
 2213345 794192 11157.9192   58   25 12118.0000 10248.5118  15.4%   9.9 1410s
 2221149 796558 11378.4863   65   31 12118.0000 10249.5228  15.4%   9.9 1416s
 2226914 798625     cutoff   68      12118.0000 10250.3826  15.4%   9.9 1420s
 2233229 800438 11714.7507   78   23 12118.0000 10251.2634  15.4%   9.9 1425s
 2239216 802549 11802.5820   78   22 12118.0000 10252.1822  15.4%   9.9 1430s
 2247756 804852 11918.9217   60   36 12118.0000 10253.4010  15.4%   9.9 1435s
 2253728 806654 11255.0497   57   33 12118.0000 10254.2180  15.4%   9.9 1440s
 2262313 809459 10413.2527   62   31 12118.0000 10255.4231  15.4%   9.9 1446s
 2268498 811571 12077.3410   67   19 12118.0000 10256.2965  15.4%   9.9 1451s
 2274714 813365 11301.3270   57   38 12118.0000 10257.1883  15.4%   9.9 1455s
 2280674 815335 11227.0404   68   34 12118.0000 10258.1098  15.3%   9.9 1460s
 2287443 817257 11017.7772   63   42 12118.0000 10259.0462  15.3%   9.9 1465s
 2293804 819561 12028.8950   65   15 12118.0000 10259.9162  15.3%   9.9 1470s
 2300338 821461 12010.1000   82   12 12118.0000 10260.6928  15.3%   9.9 1475s
 2308768 823545 11069.9587   55   29 12118.0000 10261.8763  15.3%   9.9 1480s
 2315729 826368 11580.3994   75   28 12118.0000 10262.8376  15.3%   9.9 1486s
 2321547 828260 10725.4667   68   25 12118.0000 10263.6537  15.3%   9.9 1490s
 2327791 830161     cutoff   77      12118.0000 10264.4842  15.3%   9.9 1495s
 2333577 832141 10429.6696   53   48 12118.0000 10265.3340  15.3%   9.9 1500s
 2340460 834325     cutoff   70      12118.0000 10266.0841  15.3%   9.9 1505s
 2346972 836008 11363.9686   64   34 12118.0000 10266.9882  15.3%   9.9 1510s
 2353292 838080 11651.0589   68   22 12118.0000 10267.8026  15.3%   9.9 1515s
 2360430 840299 10862.9034   52   56 12118.0000 10268.5780  15.3%   9.8 1520s
 2366608 842446 10603.7081   68   31 12118.0000 10269.3478  15.3%   9.8 1525s
 2373643 844300 11896.1544   64   25 12118.0000 10270.1728  15.2%   9.8 1530s
 2379527 846443 12048.9842   64   37 12118.0000 10270.8803  15.2%   9.8 1535s
 2386126 848389 10906.0636   63   30 12118.0000 10271.7529  15.2%   9.8 1540s
 2392488 850658 11720.0000   66    7 12118.0000 10272.6370  15.2%   9.8 1545s
 2399241 852661 10691.1149   60   32 12118.0000 10273.4727  15.2%   9.8 1550s
 2405714 854390 10349.2027   61   35 12118.0000 10274.3107  15.2%   9.8 1555s
 2413344 856285 11136.4076   51   47 12118.0000 10275.2052  15.2%   9.8 1560s
 2419357 859085 10932.2254   52   46 12118.0000 10276.0046  15.2%   9.8 1566s
 2425952 861115 12077.6520   78    9 12118.0000 10276.8409  15.2%   9.8 1571s
 2432056 863066 10820.6406   62   46 12118.0000 10277.5408  15.2%   9.8 1575s
 2438377 864816     cutoff   72      12118.0000 10278.2633  15.2%   9.8 1580s
 2446367 867365 10646.6868   57   40 12118.0000 10279.2820  15.2%   9.8 1586s
 2452802 869348 10445.7836   50   46 12118.0000 10280.0608  15.2%   9.8 1591s
 2458873 871406 11766.1828   74   17 12118.0000 10280.7984  15.2%   9.8 1596s
 2463462 872772 10288.1719   53   48 12118.0000 10281.4258  15.2%   9.8 1600s
 2470053 874649     cutoff   63      12118.0000 10282.2834  15.1%   9.8 1605s
 2476739 876739 10380.1208   58   32 12118.0000 10283.1560  15.1%   9.8 1610s
 2482762 878800 10578.9276   65   33 12118.0000 10283.9323  15.1%   9.8 1615s
 2491160 881636 10648.4154   56   39 12118.0000 10284.9395  15.1%   9.8 1621s
 2497575 883464 10431.5314   63   48 12118.0000 10285.7271  15.1%   9.8 1626s
 2503180 885401 10635.9319   65   32 12118.0000 10286.4998  15.1%   9.8 1631s
 2510029 887198 10911.4925   64   31 12118.0000 10287.3997  15.1%   9.8 1636s
 2516460 889162 11610.2572   74   22 12118.0000 10288.2017  15.1%   9.8 1641s
 2523010 891321 10869.7482   63   44 12118.0000 10289.0357  15.1%   9.8 1646s
 2527948 892464 infeasible   58      12118.0000 10289.6950  15.1%   9.8 1650s
 2533950 894461 10328.5117   62   29 12118.0000 10290.4048  15.1%   9.8 1655s
 2540427 896449 11967.7059   80   17 12118.0000 10291.1814  15.1%   9.8 1660s
 2546698 898660 11407.0501   70   13 12118.0000 10292.0501  15.1%   9.8 1665s
 2553416 900646 11736.5538   78   22 12118.0000 10292.8135  15.1%   9.8 1670s
 2559820 902600 10934.2476   69   18 12118.0000 10293.6030  15.1%   9.8 1675s
 2566072 904594 infeasible   79      12118.0000 10294.4283  15.0%   9.8 1680s
 2572879 906758 11098.3088   59   27 12118.0000 10295.3218  15.0%   9.8 1685s
 2579537 909007 12006.7108   71   14 12118.0000 10296.0554  15.0%   9.8 1691s
 2586160 910916 11134.8987   82   19 12118.0000 10296.7887  15.0%   9.8 1696s
 2592146 912620 11078.6876   50   44 12118.0000 10297.5824  15.0%   9.8 1701s
 2597913 914842 10347.7314   58   37 12118.0000 10298.3852  15.0%   9.8 1706s
 2604374 916072 10376.1263   68   32 12118.0000 10299.2557  15.0%   9.8 1710s
 2609092 918034 11650.9043   75   15 12118.0000 10299.8211  15.0%   9.8 1715s
 2614927 920008 11251.5784   58   31 12118.0000 10300.7082  15.0%   9.8 1720s
 2621968 922009 11221.7860   60   39 12118.0000 10301.5128  15.0%   9.8 1726s
 2627782 924434 10595.3477   69   21 12118.0000 10302.2839  15.0%   9.8 1731s
 2632871 925661     cutoff   63      12118.0000 10302.8856  15.0%   9.8 1735s
 2639636 927665 10987.8268   52   45 12118.0000 10303.6963  15.0%   9.8 1740s
 2646217 929684     cutoff   84      12118.0000 10304.6465  15.0%   9.8 1746s
 2652075 931562     cutoff   81      12118.0000 10305.2971  15.0%   9.8 1751s
 2658742 933516 11531.6729   56   30 12118.0000 10306.2170  15.0%   9.8 1756s
 2665294 935401     cutoff   62      12118.0000 10306.9891  14.9%   9.8 1761s
 2671173 937516     cutoff   79      12118.0000 10307.8229  14.9%   9.8 1767s
 2675789 938953 11835.8796   65   25 12118.0000 10308.4901  14.9%   9.8 1770s
 2682842 940633 10345.1105   63   43 12118.0000 10309.2818  14.9%   9.8 1776s
 2689236 942769 11225.7117   69   30 12118.0000 10310.0077  14.9%   9.8 1781s
 2693607 944146     cutoff   65      12118.0000 10310.5612  14.9%   9.8 1785s
 2700557 945973 infeasible   63      12118.0000 10311.4148  14.9%   9.8 1791s
 2706840 947928 11411.2698   60   34 12118.0000 10312.1629  14.9%   9.8 1796s
 2710615 949204 10860.5154   63   34 12118.0000 10312.6322  14.9%   9.8 1800s
 2717782 951161 10865.2133   54   61 12118.0000 10313.3804  14.9%   9.8 1805s
 2724098 953058     cutoff   84      12118.0000 10314.1654  14.9%   9.8 1811s
 2728844 954419 11017.0000   63   11 12118.0000 10314.7436  14.9%   9.8 1815s
 2734983 956463 11130.4224   56   46 12118.0000 10315.4837  14.9%   9.8 1820s
 2741497 958193 10894.7463   66   29 12118.0000 10316.2277  14.9%   9.8 1825s
 2748348 960357 11927.5344   74   30 12118.0000 10316.9961  14.9%   9.8 1831s
 2753388 961695     cutoff   62      12118.0000 10317.4560  14.9%   9.8 1835s
 2758761 963904 10815.3240   72   24 12118.0000 10318.1039  14.9%   9.8 1841s
 2766078 965832     cutoff   75      12118.0000 10318.8874  14.8%   9.8 1846s
*2770175 941192              83    12045.000000 10319.2800  14.3%   9.8 1848s
 2770388 941771 11248.5035   68   30 12045.0000 10319.4386  14.3%   9.8 1850s
 2776891 943436 11698.8287   73   14 12045.0000 10320.1945  14.3%   9.8 1856s
 2782969 945536     cutoff   62      12045.0000 10320.9551  14.3%   9.8 1861s
 2787263 946767 10719.5734   69   20 12045.0000 10321.4640  14.3%   9.8 1865s
 2793718 948520     cutoff   75      12045.0000 10322.1925  14.3%   9.8 1871s
 2798169 949834 10338.7765   66   26 12045.0000 10322.8134  14.3%   9.8 1875s
 2804371 951830     cutoff   76      12045.0000 10323.5416  14.3%   9.8 1880s
 2811216 953719 10385.4899   65   33 12045.0000 10324.3188  14.3%   9.7 1886s
 2815785 955035 10688.2483   61   52 12045.0000 10324.8089  14.3%   9.7 1890s
 2822288 956903 11968.9648   64   21 12045.0000 10325.4655  14.3%   9.7 1895s
 2828921 959005 11602.5728   65   24 12045.0000 10326.2637  14.3%   9.7 1901s
 2833087 959452 11003.7913   70   16 12045.0000 10326.7804  14.3%   9.7 1909s
 2833177 959837 11100.7913   71   15 12045.0000 10326.8146  14.3%   9.7 1910s
 2838581 961645 11046.4870   77   12 12045.0000 10327.4596  14.3%   9.7 1916s
 2843110 962963 10615.5612   61   30 12045.0000 10327.9770  14.3%   9.7 1921s
 2847296 964142 12014.5761   66   16 12045.0000 10328.4788  14.3%   9.7 1925s
 2852049 965529 11877.3314   66   18 12045.0000 10329.0119  14.2%   9.7 1930s
 2859553 967412 10474.5130   63   44 12045.0000 10329.8638  14.2%   9.7 1936s
 2863628 968554     cutoff   71      12045.0000 10330.3503  14.2%   9.7 1940s
 2870236 970394 11094.1939   64   46 12045.0000 10331.1255  14.2%   9.7 1946s
 2874612 971633 10761.0000   74   16 12045.0000 10331.6710  14.2%   9.7 1950s
 2881129 973653 11453.4759   80   27 12045.0000 10332.4373  14.2%   9.7 1956s
 2885596 974990     cutoff   79      12045.0000 10332.8831  14.2%   9.7 1960s
 2892249 976657     cutoff   84      12045.0000 10333.6111  14.2%   9.7 1966s
 2897747 977912 10857.5310   71   30 12045.0000 10334.1679  14.2%   9.7 1970s
 2902789 979822 11813.0501   74   16 12045.0000 10334.8427  14.2%   9.7 1975s
 2909352 981550 infeasible   67      12045.0000 10335.6112  14.2%   9.7 1981s
 2913511 982781 10504.8865   62   35 12045.0000 10336.1377  14.2%   9.7 1985s
 2919871 984818 11067.1441   76   16 12045.0000 10336.9872  14.2%   9.7 1991s
 2924535 985924 11452.0501   68   19 12045.0000 10337.4209  14.2%   9.7 1995s
 2931469 987771 11407.9787   65   21 12045.0000 10338.1781  14.2%   9.7 2001s
 2935437 989056 11530.7980   58   43 12045.0000 10338.7206  14.2%   9.7 2005s
 2941403 990823 11358.0821   60   50 12045.0000 10339.4924  14.2%   9.7 2011s
 2946164 992034 10397.8944   49   47 12045.0000 10340.0403  14.2%   9.7 2015s
 2950702 993388 10497.3101   69   23 12045.0000 10340.5283  14.2%   9.7 2020s
 2955472 994845 11920.9956   58   40 12045.0000 10341.0595  14.1%   9.7 2025s
 2961571 996844 11694.2973   66   27 12045.0000 10341.9420  14.1%   9.7 2031s
 2966014 998204 infeasible   75      12045.0000 10342.3848  14.1%   9.7 2036s
 2970585 999594 10648.1423   53   37 12045.0000 10342.9239  14.1%   9.7 2041s
 2975156 1001003 10989.5471   65   43 12045.0000 10343.3369  14.1%   9.7 2045s
 2979610 1002093 11646.7693   66   18 12045.0000 10343.9121  14.1%   9.7 2050s
 2986586 1003776 11748.1612   73   16 12045.0000 10344.6375  14.1%   9.7 2056s
 2991030 1005121 infeasible   81      12045.0000 10345.2038  14.1%   9.7 2061s
 2995259 1006187 11454.0458   79   15 12045.0000 10345.7506  14.1%   9.7 2065s
 3002106 1008113 10381.2710   70   33 12045.0000 10346.6128  14.1%   9.7 2071s
 3006383 1009343 10687.7531   63   30 12045.0000 10347.1515  14.1%   9.7 2075s
 3012544 1011299 11487.4708   61   32 12045.0000 10347.9405  14.1%   9.7 2081s
 3017174 1012584 10349.7643   57   54 12045.0000 10348.4929  14.1%   9.7 2085s
 3023756 1014069 12009.6613   79   12 12045.0000 10349.1709  14.1%   9.7 2091s
 3027888 1015203 10829.3278   59   36 12045.0000 10349.6283  14.1%   9.7 2095s
 3034007 1017034 infeasible   61      12045.0000 10350.4303  14.1%   9.7 2101s
 3038199 1018498 10979.6101   55   39 12045.0000 10350.8805  14.1%   9.7 2105s
 3044420 1020162 11370.3323   66   35 12045.0000 10351.6231  14.1%   9.7 2111s
 3048548 1021303 11851.2385   60   26 12045.0000 10352.1260  14.1%   9.7 2115s
 3055288 1022922     cutoff   73      12045.0000 10352.7545  14.0%   9.7 2121s
 3059794 1024139 11340.2435   66   22 12045.0000 10353.4028  14.0%   9.7 2125s
 3064592 1025700 10710.6518   62   31 12045.0000 10353.9332  14.0%   9.7 2130s
 3069305 1027108 10496.9057   54   63 12045.0000 10354.4772  14.0%   9.7 2135s
 3076070 1029149     cutoff   68      12045.0000 10355.1584  14.0%   9.7 2141s
 3080518 1030335 11382.5824   70   15 12045.0000 10355.5567  14.0%   9.7 2145s
 3086903 1031968     cutoff   82      12045.0000 10356.3774  14.0%   9.7 2151s
 3091574 1033334 10931.2574   71   36 12045.0000 10356.9134  14.0%   9.7 2156s
 3095973 1034670 10939.0703   64   24 12045.0000 10357.4292  14.0%   9.7 2160s
 3102365 1036755     cutoff   59      12045.0000 10358.0957  14.0%   9.7 2166s
 3106724 1037848 11457.7113   60   23 12045.0000 10358.5805  14.0%   9.7 2170s
 3113447 1039594 11351.3371   61   21 12045.0000 10359.2615  14.0%   9.7 2176s
 3117856 1040804 11934.0459   68    9 12045.0000 10359.7276  14.0%   9.7 2180s
 3124271 1042954 11295.1860   65   35 12045.0000 10360.4719  14.0%   9.7 2187s
 3128821 1044017 11858.5000   66   14 12045.0000 10361.0036  14.0%   9.7 2190s
 3133144 1045257 10899.9731   70   27 12045.0000 10361.5243  14.0%   9.7 2195s
 3139290 1047064 infeasible   58      12045.0000 10362.2057  14.0%   9.7 2201s
 3143638 1048345 11847.9339   71   17 12045.0000 10362.7048  14.0%   9.7 2205s
 3147880 1049682     cutoff   70      12045.0000 10363.2162  14.0%   9.7 2210s
 3155223 1051449 11775.5328   60   24 12045.0000 10364.0897  14.0%   9.7 2216s
 3159867 1052739     cutoff   62      12045.0000 10364.5417  14.0%   9.7 2220s
 3166126 1054731     cutoff   73      12045.0000 10365.2201  13.9%   9.7 2227s
 3170679 1056106     cutoff   55      12045.0000 10365.7012  13.9%   9.7 2231s
 3175422 1057501 infeasible   66      12045.0000 10366.2030  13.9%   9.7 2235s
 3179935 1058664 11936.7440   70   10 12045.0000 10366.6800  13.9%   9.7 2240s
 3187125 1060598     cutoff   69      12045.0000 10367.4791  13.9%   9.7 2246s
 3191593 1061904 11395.9605   65   35 12045.0000 10367.9325  13.9%   9.7 2250s
 3196486 1063293 10919.2423   74   19 12045.0000 10368.4965  13.9%   9.7 2255s
 3202579 1065185 11956.0696   73   20 12045.0000 10369.0493  13.9%   9.7 2261s
 3207155 1066415 11708.4029   84   16 12045.0000 10369.6178  13.9%   9.7 2265s
 3212344 1067759 11912.6353   74   19 12045.0000 10370.2131  13.9%   9.7 2270s
 3216908 1069194 11981.6050   67   16 12045.0000 10370.6568  13.9%   9.7 2275s
 3223933 1071338 11530.1026   70   24 12045.0000 10371.4381  13.9%   9.7 2282s
 3228575 1072753 12012.2122   63   16 12045.0000 10372.0028  13.9%   9.7 2286s
 3233164 1073971 10585.1582   62   28 12045.0000 10372.4624  13.9%   9.7 2291s
 3237576 1075087 11778.8202   63   28 12045.0000 10373.0550  13.9%   9.7 2295s
 3244744 1076988 11344.2695   66   26 12045.0000 10373.6948  13.9%   9.7 2301s
 3249053 1078247 12027.2646   78   12 12045.0000 10374.1947  13.9%   9.7 2305s
 3253523 1079740 10527.9694   60   44 12045.0000 10374.6108  13.9%   9.7 2310s
 3260516 1080921 10730.8114   77   19 12045.0000 10375.1227  13.9%   9.7 2315s
 3265188 1082842     cutoff   69      12045.0000 10375.7250  13.9%   9.7 2321s
 3269440 1084304 11844.7089   64   15 12045.0000 10376.2084  13.9%   9.7 2325s
 3274214 1085452 10378.4974   67   39 12045.0000 10376.7856  13.8%   9.7 2330s
 3278881 1086837 11340.4854   62   39 12045.0000 10377.2724  13.8%   9.7 2335s
 3286138 1088668 11371.1712   65   35 12045.0000 10378.0457  13.8%   9.7 2341s
 3290826 1090312 11892.8460   73   12 12045.0000 10378.5719  13.8%   9.7 2346s
 3295320 1091533 10538.6818   63   55 12045.0000 10378.9578  13.8%   9.7 2350s
 3300122 1092780 11652.8024   66   20 12045.0000 10379.4827  13.8%   9.7 2355s
 3306896 1094417 10957.5754   56   57 12045.0000 10380.2051  13.8%   9.7 2362s
 3311506 1095888     cutoff   62      12045.0000 10380.6475  13.8%   9.7 2367s
 3316515 1097307     cutoff   66      12045.0000 10381.0537  13.8%   9.7 2371s
 3321740 1098646 11890.8782   63   22 12045.0000 10381.5464  13.8%   9.7 2376s
 3325797 1099820 11003.9014   74   15 12045.0000 10381.9671  13.8%   9.7 2380s
 3332297 1101884     cutoff   72      12045.0000 10382.6523  13.8%   9.7 2387s
 3337015 1103111 11346.0774   59   48 12045.0000 10383.1745  13.8%   9.7 2391s
 3341726 1104394 11370.3116   61   30 12045.0000 10383.6119  13.8%   9.7 2396s
 3347063 1105675 infeasible   74      12045.0000 10384.1611  13.8%   9.7 2401s
 3351606 1106953     cutoff   69      12045.0000 10384.5291  13.8%   9.7 2405s
 3358270 1109089     cutoff   74      12045.0000 10385.1340  13.8%   9.7 2411s
 3362672 1110417 10626.9889   63   37 12045.0000 10385.5670  13.8%   9.7 2416s
 3367748 1111662     cutoff   70      12045.0000 10386.0316  13.8%   9.7 2421s
 3372529 1112941 10415.8375   65   43 12045.0000 10386.5790  13.8%   9.7 2426s
 3377206 1114096 11607.3306   69   24 12045.0000 10386.9431  13.8%   9.7 2430s
 3381641 1115461     cutoff   74      12045.0000 10387.4269  13.8%   9.7 2435s
 3388671 1117286 11493.1571   70   24 12045.0000 10388.0750  13.8%   9.7 2441s
 3392768 1118551 11442.8360   54   49 12045.0000 10388.5066  13.8%   9.7 2446s
 3397473 1119728 11002.0430   61   41 12045.0000 10388.9551  13.7%   9.7 2450s
 3404652 1121681 10457.3844   73   33 12045.0000 10389.5917  13.7%   9.7 2457s
 3406621 1122627 11035.1085   63   32 12045.0000 10389.7800  13.7%   9.7 2460s
 3411718 1124090 11050.0389   59   29 12045.0000 10390.2401  13.7%   9.7 2465s
 3419293 1125909 11687.2300   72   21 12045.0000 10390.9156  13.7%   9.7 2471s
 3423538 1127342 11393.5966   64   44 12045.0000 10391.3766  13.7%   9.7 2476s
 3428143 1128606 11363.0133   64   41 12045.0000 10391.8450  13.7%   9.7 2480s
 3433059 1130005     cutoff   67      12045.0000 10392.3518  13.7%   9.7 2485s
 3437713 1131423 11720.9666   82   18 12045.0000 10392.8563  13.7%   9.7 2490s
 3445137 1133182 infeasible   76      12045.0000 10393.4406  13.7%   9.7 2496s
 3449474 1134390 11496.0860   77   22 12045.0000 10393.9107  13.7%   9.7 2501s
 3454034 1135695 10423.8818   68   41 12045.0000 10394.4162  13.7%   9.7 2505s
 3460475 1137344 11567.8441   69   15 12045.0000 10394.9931  13.7%   9.7 2512s
 3464848 1138624 10406.2923   65   38 12045.0000 10395.4709  13.7%   9.6 2516s
 3470056 1139903 10409.8002   61   37 12045.0000 10395.8979  13.7%   9.6 2521s
 3474558 1141180 10461.1272   62   36 12045.0000 10396.3707  13.7%   9.6 2525s
 3479338 1142543 11142.7196   61   32 12045.0000 10396.7878  13.7%   9.6 2530s
 3485727 1144589     cutoff   78      12045.0000 10397.4399  13.7%   9.6 2537s
 3490344 1145827 11328.2712   72   23 12045.0000 10397.9829  13.7%   9.6 2542s
 3495195 1147174 10451.2628   62   43 12045.0000 10398.4564  13.7%   9.6 2547s
 3499595 1148471 10762.4239   52   46 12045.0000 10398.9002  13.7%   9.6 2551s
 3504487 1149784 10414.8429   61   57 12045.0000 10399.4430  13.7%   9.6 2556s
 3509361 1150988     cutoff   77      12045.0000 10399.8883  13.7%   9.6 2561s
 3514187 1152260 11328.9356   68   30 12045.0000 10400.3314  13.7%   9.6 2565s
 3518772 1153522 11443.5615   75   20 12045.0000 10400.6896  13.7%   9.6 2570s
 3523408 1154838 11442.3278   60   38 12045.0000 10401.1308  13.6%   9.6 2575s
 3529931 1156745     cutoff   73      12045.0000 10401.7694  13.6%   9.6 2582s
 3533945 1158075 10905.5609   60   28 12045.0000 10402.2095  13.6%   9.6 2586s
 3539011 1159614 11155.5539   65   25 12045.0000 10402.6257  13.6%   9.6 2591s
 3543554 1160985 10515.2205   65   40 12045.0000 10403.0543  13.6%   9.6 2596s
 3548512 1162224 11074.0592   72   17 12045.0000 10403.5365  13.6%   9.6 2601s
 3553133 1163715 infeasible   58      12045.0000 10403.9896  13.6%   9.6 2606s
 3558190 1165066 infeasible   52      12045.0000 10404.4198  13.6%   9.6 2611s
 3562875 1166299 10955.2617   62   24 12045.0000 10404.8701  13.6%   9.6 2616s
 3566797 1167469 11673.7628   65   28 12045.0000 10405.2687  13.6%   9.6 2621s
 3571791 1168683 11265.0748   64   33 12045.0000 10405.7370  13.6%   9.6 2626s
 3576102 1170046 11906.4328   64   17 12045.0000 10406.2200  13.6%   9.6 2631s
 3581152 1171514 11797.1633   76   15 12045.0000 10406.6105  13.6%   9.6 2635s
 3585963 1172870     cutoff   58      12045.0000 10407.0506  13.6%   9.6 2641s
 3590963 1174140 11036.8910   63   42 12045.0000 10407.4582  13.6%   9.6 2645s
 3595758 1175393 11365.6274   67   32 12045.0000 10407.9245  13.6%   9.6 2650s
 3600473 1176867 10888.5188   58   42 12045.0000 10408.3518  13.6%   9.6 2655s
 3605570 1178197     cutoff   63      12045.0000 10408.8614  13.6%   9.6 2660s
 3610573 1179482 11460.0794   53   52 12045.0000 10409.3397  13.6%   9.6 2665s
 3615135 1180662 11533.1525   71   20 12045.0000 10409.7553  13.6%   9.6 2670s
 3617442 1180677 11260.5423   66   18 12045.0000 10409.9156  13.6%   9.6 2677s
 3618974 1181705 10838.3143   64   20 12045.0000 10410.0430  13.6%   9.6 2682s
 3621446 1182444     cutoff   70      12045.0000 10410.2891  13.6%   9.6 2685s
 3626798 1183799     cutoff   77      12045.0000 10410.8143  13.6%   9.6 2691s
 3631837 1185196 infeasible   64      12045.0000 10411.4189  13.6%   9.6 2697s
 3636514 1186485 11918.8720   65   23 12045.0000 10411.8955  13.6%   9.6 2702s
 3638627 1187286 10837.6839   56   35 12045.0000 10412.0814  13.6%   9.6 2705s
 3643208 1188533     cutoff   69      12045.0000 10412.5642  13.6%   9.6 2710s
 3647982 1189975 10812.9041   63   20 12045.0000 10413.0362  13.5%   9.6 2715s
 3652952 1191474 10930.5365   67   30 12045.0000 10413.4520  13.5%   9.6 2721s
 3657747 1192817 11540.6025   74   16 12045.0000 10413.9426  13.5%   9.6 2726s
 3662323 1193880     cutoff   84      12045.0000 10414.3590  13.5%   9.6 2730s
 3666801 1195157 11767.9508   67   31 12045.0000 10414.8180  13.5%   9.6 2735s
 3671360 1196334 10531.7925   52   40 12045.0000 10415.2631  13.5%   9.6 2740s
 3675626 1197499 11989.2092   60   21 12045.0000 10415.7065  13.5%   9.6 2745s
 3680466 1198909     cutoff   69      12045.0000 10416.2422  13.5%   9.6 2750s
 3685708 1200080 10665.0461   67   39 12045.0000 10416.6564  13.5%   9.6 2755s
 3690249 1201307 infeasible   58      12045.0000 10417.1771  13.5%   9.6 2760s
 3694733 1202736 10504.5423   54   51 12045.0000 10417.5760  13.5%   9.6 2765s
 3700048 1204184 11002.8386   54   36 12045.0000 10418.0399  13.5%   9.6 2771s
 3704983 1205599 11702.1437   57   33 12045.0000 10418.5194  13.5%   9.6 2776s
 3709819 1206851 11557.6906   72   18 12045.0000 10418.9201  13.5%   9.6 2781s
 3714822 1208287 infeasible   69      12045.0000 10419.4026  13.5%   9.6 2787s
 3716957 1208491     cutoff   76      12045.0000 10419.5777  13.5%   9.6 2790s
 3719976 1209964 11188.1517   70   25 12045.0000 10419.8437  13.5%   9.6 2795s
 3725259 1211331 infeasible   86      12045.0000 10420.2855  13.5%   9.6 2801s
 3729164 1212442 10788.5541   72   20 12045.0000 10420.6480  13.5%   9.6 2805s
 3733780 1213587 11146.0899   67   35 12045.0000 10421.1248  13.5%   9.6 2810s
 3738570 1214933 11546.0452   64   21 12045.0000 10421.5441  13.5%   9.6 2816s
 3743013 1216203 11096.1981   72   21 12045.0000 10421.9873  13.5%   9.6 2821s
 3747594 1217322 11497.6191   68   30 12045.0000 10422.4121  13.5%   9.6 2825s
 3751934 1218583 11986.3398   70   33 12045.0000 10422.7359  13.5%   9.6 2830s
 3758774 1220616     cutoff   63      12045.0000 10423.4187  13.5%   9.6 2837s
 3763519 1221889     cutoff   62      12045.0000 10423.8058  13.5%   9.6 2842s
 3768160 1223237 11136.0036   72   33 12045.0000 10424.1709  13.5%   9.6 2847s
 3772835 1224454 11765.0983   65   30 12045.0000 10424.5930  13.5%   9.6 2852s
 3777380 1225750     cutoff   69      12045.0000 10425.0014  13.4%   9.6 2856s
 3782055 1227148     cutoff   62      12045.0000 10425.4427  13.4%   9.6 2862s
 3786966 1228401 infeasible   68      12045.0000 10425.8641  13.4%   9.6 2867s
 3791688 1229683 10444.0482   59   38 12045.0000 10426.3057  13.4%   9.6 2872s
 3796449 1230915 11304.1544   66   21 12045.0000 10426.8292  13.4%   9.6 2877s
 3798939 1231697 11900.0000   71    9 12045.0000 10427.0402  13.4%   9.6 2880s
 3803910 1232944 11034.0400   66   37 12045.0000 10427.4963  13.4%   9.6 2885s
 3808798 1234347     cutoff   56      12045.0000 10427.9103  13.4%   9.6 2891s
 3813975 1235712 11066.3380   69   32 12045.0000 10428.2652  13.4%   9.6 2896s
 3818962 1236981 11262.0649   70   23 12045.0000 10428.7087  13.4%   9.6 2900s
 3823369 1238036 12012.3238   62   12 12045.0000 10429.1333  13.4%   9.6 2906s
 3828256 1239444     cutoff   69      12045.0000 10429.5697  13.4%   9.6 2911s
 3833369 1240982 10629.0674   65   34 12045.0000 10430.0205  13.4%   9.6 2917s
 3837924 1242295 11943.7774   57   34 12045.0000 10430.4038  13.4%   9.6 2922s
 3842832 1243680 11899.5533   71   14 12045.0000 10430.8623  13.4%   9.6 2927s
 3845517 1243770     cutoff   64      12045.0000 10430.9922  13.4%   9.6 2931s
 3847387 1244744 11327.8088   67   37 12045.0000 10431.2035  13.4%   9.6 2935s
 3851830 1245913 11742.3441   66   21 12045.0000 10431.6585  13.4%   9.6 2940s
 3857115 1247243 11873.7529   60   25 12045.0000 10432.1377  13.4%   9.6 2946s
 3861949 1248636     cutoff   73      12045.0000 10432.5758  13.4%   9.6 2951s
 3866930 1249872 11811.9771   66   22 12045.0000 10432.9959  13.4%   9.6 2956s
 3871884 1251577 11122.8206   68   33 12045.0000 10433.4256  13.4%   9.6 2962s
 3876553 1252927     cutoff   71      12045.0000 10433.7915  13.4%   9.6 2967s
 3881077 1254060 10627.0317   58   32 12045.0000 10434.2562  13.4%   9.6 2972s
 3885605 1255365 11637.8596   64   26 12045.0000 10434.6725  13.4%   9.6 2976s
 3890098 1256782     cutoff   72      12045.0000 10435.1106  13.4%   9.6 2982s
 3894948 1258170     cutoff   77      12045.0000 10435.6086  13.4%   9.6 2987s
 3897932 1258775 11497.2988   74   22 12045.0000 10435.8210  13.4%   9.6 2990s
 3902931 1260111     cutoff   71      12045.0000 10436.3498  13.4%   9.6 2995s
 3907846 1261575 11070.3175   61   25 12045.0000 10436.7805  13.4%   9.6 3001s
 3912826 1262875 11054.0219   65   27 12045.0000 10437.1983  13.3%   9.6 3006s
 3917649 1264295     cutoff   66      12045.0000 10437.6296  13.3%   9.6 3011s
 3922011 1265590     cutoff   59      12045.0000 10437.9569  13.3%   9.6 3016s
 3926725 1266965 10897.5015   61   37 12045.0000 10438.4709  13.3%   9.6 3021s
 3931526 1268403 10439.8510   64   24 12045.0000 10438.9158  13.3%   9.6 3027s
 3936783 1269750 11322.5673   69   25 12045.0000 10439.3263  13.3%   9.6 3032s
 3939290 1270549     cutoff   80      12045.0000 10439.5351  13.3%   9.6 3035s
 3944000 1271714 10479.6761   62   31 12045.0000 10439.9468  13.3%   9.6 3040s
 3948499 1273032 11975.6039   70   21 12045.0000 10440.3886  13.3%   9.6 3045s
 3953321 1274372 10524.6984   59   59 12045.0000 10440.8170  13.3%   9.6 3050s
 3958115 1275726 11690.7262   74   24 12045.0000 10441.2895  13.3%   9.6 3055s
 3962902 1276792 11004.2857   69   15 12045.0000 10441.6561  13.3%   9.6 3060s
 3967618 1278076 11363.4879   66   13 12045.0000 10441.9914  13.3%   9.6 3066s
 3972568 1279500 11368.0153   76   14 12045.0000 10442.3452  13.3%   9.6 3071s
 3977650 1280830     cutoff   79      12045.0000 10442.7852  13.3%   9.6 3077s
 3980533 1281563 10610.7751   77   32 12045.0000 10442.9802  13.3%   9.6 3080s
 3987854 1283269 11422.8688   57   54 12045.0000 10443.5956  13.3%   9.6 3087s
 3992028 1284593 10502.8940   58   17 12045.0000 10443.9871  13.3%   9.6 3092s
 3996979 1285854 11678.5411   78   15 12045.0000 10444.4671  13.3%   9.6 3097s
 4000413 1286551 11406.6668   61   28 12045.0000 10444.6801  13.3%   9.6 3100s
 4004000 1287900     cutoff   63      12045.0000 10445.0978  13.3%   9.6 3105s
 4009163 1289290 infeasible   79      12045.0000 10445.5654  13.3%   9.6 3110s
 4013934 1290529 11798.5863   73   16 12045.0000 10445.9324  13.3%   9.6 3116s
 4018616 1291965 10840.3734   59   34 12045.0000 10446.3492  13.3%   9.6 3121s
 4023651 1293278     cutoff   71      12045.0000 10446.7720  13.3%   9.6 3126s
 4028379 1294379 11195.1439   67   22 12045.0000 10447.2207  13.3%   9.6 3131s
 4033527 1295542 10959.6097   62   45 12045.0000 10447.6113  13.3%   9.6 3136s
 4038365 1296913 11668.7053   66   26 12045.0000 10448.0178  13.3%   9.6 3141s
 4043130 1298298 11327.9777   63   35 12045.0000 10448.4559  13.3%   9.6 3146s
 4047985 1299534     cutoff   85      12045.0000 10448.8001  13.3%   9.6 3151s
 4052273 1300753 11597.4845   67   25 12045.0000 10449.1813  13.2%   9.6 3156s
 4057289 1302103 11949.8032   63   23 12045.0000 10449.6151  13.2%   9.6 3161s
 4061961 1303418 10517.2955   57   63 12045.0000 10450.0436  13.2%   9.6 3166s
 4066539 1304614 10600.6730   60   41 12045.0000 10450.4620  13.2%   9.6 3171s
 4071612 1305936 11519.5068   64   29 12045.0000 10450.8844  13.2%   9.6 3177s
 4073743 1306610 11109.1444   61   39 12045.0000 10451.0530  13.2%   9.6 3180s
 4079044 1307837 12035.7133   59   33 12045.0000 10451.5633  13.2%   9.6 3185s
 4083236 1309220 11296.9053   72   19 12045.0000 10451.9537  13.2%   9.6 3190s
 4088731 1310468 11610.7820   78   15 12045.0000 10452.4343  13.2%   9.6 3195s
 4093971 1311815 10980.6648   74   36 12045.0000 10452.8739  13.2%   9.6 3202s
 4098430 1312374 10950.0314   63   30 12045.0000 10453.2855  13.2%   9.6 3205s
 4101364 1313926     cutoff   70      12045.0000 10453.5330  13.2%   9.6 3210s
 4106135 1315333 10908.0276   50   33 12045.0000 10453.9662  13.2%   9.6 3215s
 4111078 1316560     cutoff   82      12045.0000 10454.4123  13.2%   9.6 3221s
 4115784 1317786 11601.3458   63   22 12045.0000 10454.8530  13.2%   9.6 3226s
 4120465 1318796 10894.5901   74   17 12045.0000 10455.2320  13.2%   9.6 3231s
 4125498 1320123 11594.7865   74   25 12045.0000 10455.6246  13.2%   9.6 3236s
 4128667 1321015     cutoff   61      12045.0000 10455.8490  13.2%   9.6 3240s
 4132598 1322257 11232.7502   64   44 12045.0000 10456.1876  13.2%   9.6 3245s
 4137270 1323508     cutoff   61      12045.0000 10456.5891  13.2%   9.6 3250s
 4142255 1324703 10477.3786   65   29 12045.0000 10457.0577  13.2%   9.6 3256s
 4147734 1326119 10546.8764   66   38 12045.0000 10457.4951  13.2%   9.6 3261s
 4152568 1327317 10617.5259   68   31 12045.0000 10457.9230  13.2%   9.6 3266s
 4157213 1327965     cutoff   67      12045.0000 10458.2853  13.2%   9.6 3270s
 4159362 1329100 10479.6469   61   46 12045.0000 10458.3890  13.2%   9.6 3275s
 4164178 1330306 10903.5108   64   47 12045.0000 10458.8372  13.2%   9.6 3280s
 4168702 1330891 11920.1240   72   13 12045.0000 10459.1646  13.2%   9.6 3290s
 4170019 1331864 11842.2599   69   13 12045.0000 10459.3151  13.2%   9.6 3295s
 4174418 1333078     cutoff   67      12045.0000 10459.8231  13.2%   9.6 3301s
 4179035 1334128 infeasible   59      12045.0000 10460.1454  13.2%   9.6 3306s
 4181477 1334787 10613.9265   64   24 12045.0000 10460.4041  13.2%   9.6 3310s
 4186318 1336009 infeasible   65      12045.0000 10460.8771  13.2%   9.6 3315s
 4191566 1337584 10877.9902   64   43 12045.0000 10461.2902  13.1%   9.6 3322s
 4194345 1338194 11468.3826   54   59 12045.0000 10461.6187  13.1%   9.6 3325s
 4199603 1339533 11509.9712   67   19 12045.0000 10462.0648  13.1%   9.6 3331s
 4205020 1340989 10521.7286   68   44 12045.0000 10462.5519  13.1%   9.6 3337s
 4207169 1341747     cutoff   72      12045.0000 10462.7230  13.1%   9.6 3340s
 4212063 1343045 11663.1560   62   25 12045.0000 10463.1500  13.1%   9.6 3345s
 4216933 1344250 10879.5125   59   31 12045.0000 10463.5367  13.1%   9.6 3351s
 4221808 1345579 11206.3610   62   39 12045.0000 10463.9467  13.1%   9.6 3356s
 4226488 1346854 10657.5033   56   54 12045.0000 10464.3678  13.1%   9.6 3361s
 4231137 1348069 11875.4339   71   13 12045.0000 10464.7529  13.1%   9.6 3366s
 4235580 1349414 12010.8514   59   38 12045.0000 10465.2056  13.1%   9.6 3371s
 4240532 1350803 infeasible   62      12045.0000 10465.6473  13.1%   9.6 3377s
 4243315 1351568     cutoff   65      12045.0000 10465.9151  13.1%   9.6 3380s
 4248161 1352769 12002.4555   64   49 12045.0000 10466.2779  13.1%   9.6 3385s
 4252834 1353993 infeasible   61      12045.0000 10466.6508  13.1%   9.6 3390s
 4257629 1355409     cutoff   75      12045.0000 10467.0983  13.1%   9.6 3396s
 4262942 1356725 10590.5533   72   13 12045.0000 10467.5054  13.1%   9.6 3401s
 4267709 1357872 10876.0971   59   27 12045.0000 10467.9672  13.1%   9.6 3407s
 4269780 1358676 infeasible   77      12045.0000 10468.1548  13.1%   9.6 3410s
 4275032 1359960 11987.9682   63   22 12045.0000 10468.5806  13.1%   9.6 3416s
 4279848 1361313 10470.0394   61   58 12045.0000 10469.0237  13.1%   9.6 3421s
 4285192 1362557 10634.2032   57   43 12045.0000 10469.3576  13.1%   9.6 3427s
 4288088 1363122 10790.0407   62   39 12045.0000 10469.6078  13.1%   9.6 3430s
 4293803 1364551 10797.9493   74   28 12045.0000 10470.0293  13.1%   9.6 3436s
 4298445 1365868 11921.2140   64   29 12045.0000 10470.4675  13.1%   9.6 3442s
 4300532 1366703 11714.8871   66   33 12045.0000 10470.5897  13.1%   9.6 3445s
 4305301 1368014 11492.0000   78   11 12045.0000 10471.0232  13.1%   9.6 3450s
 4310389 1369320 11809.6177   74   19 12045.0000 10471.4316  13.1%   9.6 3456s
 4315103 1370666 11188.8028   65   21 12045.0000 10471.8828  13.1%   9.6 3461s
 4319940 1371976 11793.8883   68   15 12045.0000 10472.2776  13.1%   9.6 3466s
 4324389 1373214 11953.0296   58   18 12045.0000 10472.6746  13.1%   9.6 3471s
 4329080 1374404 11726.5564   61   40 12045.0000 10473.0082  13.1%   9.5 3477s
 4333686 1376005 11041.3378   69   28 12045.0000 10473.5079  13.0%   9.5 3483s
 4336913 1376534 11801.3021   59   35 12045.0000 10473.7413  13.0%   9.5 3486s
 4341695 1377926 11865.2836   69   26 12045.0000 10474.1772  13.0%   9.5 3492s
 4344034 1378758 11535.3020   71   17 12045.0000 10474.3425  13.0%   9.5 3495s
 4349341 1380099     cutoff   77      12045.0000 10474.7186  13.0%   9.5 3500s
 4354221 1381547 10493.2631   64   40 12045.0000 10475.1265  13.0%   9.5 3507s
 4359502 1382718 11833.1867   72   25 12045.0000 10475.5478  13.0%   9.5 3512s
 4362013 1383468 11905.0419   58   30 12045.0000 10475.8132  13.0%   9.5 3515s
 4366892 1384721 10489.9164   63   36 12045.0000 10476.2557  13.0%   9.5 3521s
 4371831 1385933 11253.5330   63   33 12045.0000 10476.7138  13.0%   9.5 3527s
 4374664 1386535 12005.1800   69   20 12045.0000 10476.9464  13.0%   9.5 3530s
 4379808 1387876 11059.7439   65   43 12045.0000 10477.3582  13.0%   9.5 3537s
 4382087 1388720 infeasible   80      12045.0000 10477.5604  13.0%   9.5 3540s
 4387426 1390113     cutoff   68      12045.0000 10477.9380  13.0%   9.5 3546s
 4392569 1391455 infeasible   67      12045.0000 10478.4103  13.0%   9.5 3552s
 4397816 1392721 11659.3441   71   13 12045.0000 10478.7838  13.0%   9.5 3557s
 4400633 1393291 10878.9539   72   16 12045.0000 10478.9341  13.0%   9.5 3560s
 4404928 1394569 11923.1089   74   26 12045.0000 10479.3157  13.0%   9.5 3565s
 4409727 1395862 11736.0536   70   17 12045.0000 10479.7926  13.0%   9.5 3571s
 4414633 1397209 11990.1455   67   19 12045.0000 10480.2135  13.0%   9.5 3578s
 4417479 1397688 10918.2124   66   28 12045.0000 10480.4385  13.0%   9.5 3581s
 4419521 1398573 10558.1199   62   32 12045.0000 10480.6513  13.0%   9.5 3585s
 4425330 1399987     cutoff   73      12045.0000 10481.0813  13.0%   9.5 3591s
 4430557 1401086 11773.2455   65   20 12045.0000 10481.5269  13.0%   9.5 3597s
 4433361 1401627 11064.2570   69   22 12045.0000 10481.7176  13.0%   9.5 3600s

Cutting planes:
  Learned: 157
  Gomory: 192
  Cover: 4
  Implied bound: 4
  MIR: 1481
  StrongCG: 195
  Flow cover: 1883
  Inf proof: 148
  Zero half: 39
  RLT: 19
  Relax-and-lift: 40

Explored 4435235 nodes (42317798 simplex iterations) in 3600.27 seconds (635.01 work units)
Thread count was 16 (of 16 available processors)

Solution count 10: 12045 12118 12258 ... 12532

Time limit reached
Best objective 1.204500000000e+04, best bound 1.048200000000e+04, gap 12.9763%
Warning: constraint name "precedence between 0,0 to 0,1 if x_[0,0,0,1,3]=0, i.e. 0,1 before 0,0" has a space
Warning: constraint name "precedence between 0,0 to 0,1 if x_[0,0,0,1,3]=0, i.e. 0,1 before 0,0" has a space
Warning: default constraint names used to write mps file
