
Gurobi 10.0.1 (win64) logging started Sun Oct  8 11:23:39 2023

Set parameter LogFile to value "./results//log/FMS_15_deadline_heurTrue.log"
Gurobi Optimizer version 10.0.1 build v10.0.1rc0 (win64)

CPU model: AMD Ryzen 7 3700X 8-Core Processor, instruction set [SSE2|AVX|AVX2]
Thread count: 8 physical cores, 16 logical processors, using up to 16 threads

Optimize a model with 646 rows, 572 columns and 2622 nonzeros
Model fingerprint: 0x0022db79
Model has 1 quadratic constraint
Variable types: 0 continuous, 572 integer (516 binary)
Coefficient statistics:
  Matrix range     [1e+00, 1e+07]
  QMatrix range    [1e+00, 1e+00]
  QLMatrix range   [1e+00, 4e+02]
  Objective range  [1e+00, 1e+00]
  Bounds range     [1e+00, 1e+00]
  RHS range        [1e+00, 3e+07]

Warning: Completing partial solution with 530 unfixed non-continuous variables out of 572
User MIP start did not produce a new incumbent solution
User MIP start violates constraint initial_start_time_job0_stage0_machine2_constraint by 420.000000000

Presolve removed 83 rows and 296 columns
Presolve time: 0.01s
Presolved: 584 rows, 296 columns, 2618 nonzeros
Variable types: 0 continuous, 296 integer (220 binary)

Root relaxation: objective 0.000000e+00, 77 iterations, 0.00 seconds (0.00 work units)
Another try with MIP start

    Nodes    |    Current Node    |     Objective Bounds      |     Work
 Expl Unexpl |  Obj  Depth IntInf | Incumbent    BestBd   Gap | It/Node Time

     0     0    0.00000    0   26          -    0.00000      -     -    0s
H    0     0                    14157.000000    0.00000   100%     -    0s
H    0     0                    14156.000000    0.00000   100%     -    0s
H    0     0                    13637.000000    0.00000   100%     -    0s
H    0     0                    13635.000000    0.00000   100%     -    0s
     0     0    0.00000    0   52 13635.0000    0.00000   100%     -    0s
H    0     0                    13634.000000    0.00000   100%     -    0s
H    0     0                    13035.000000    0.00000   100%     -    0s
     0     0    0.00000    0   60 13035.0000    0.00000   100%     -    0s
H    0     0                    11484.000000    0.00000   100%     -    0s
H    0     0                    10895.000000    0.00000   100%     -    0s
     0     0    0.00000    0   44 10895.0000    0.00000   100%     -    0s
     0     0    0.00000    0   40 10895.0000    0.00000   100%     -    0s
H    0     0                    10565.000000  538.70505  94.9%     -    0s
     0     0  538.70505    0   49 10565.0000  538.70505  94.9%     -    0s
H    0     0                    10563.000000 1903.02783  82.0%     -    0s
     0     0 1903.02783    0   46 10563.0000 1903.02783  82.0%     -    0s
     0     0 1905.33736    0   47 10563.0000 1905.33736  82.0%     -    0s
H    0     0                    10379.000000 1905.33736  81.6%     -    0s
H    0     0                    9422.0000000 1905.33736  79.8%     -    0s
     0     0 2383.39259    0   53 9422.00000 2383.39259  74.7%     -    0s
H    0     0                    9325.0000000 2383.39259  74.4%     -    0s
     0     0 2383.39259    0   53 9325.00000 2383.39259  74.4%     -    0s
H    0     0                    9111.0000000 2383.39259  73.8%     -    0s
H    0     0                    9098.0000000 2383.39259  73.8%     -    0s
     0     0 2383.39261    0   52 9098.00000 2383.39261  73.8%     -    0s
     0     0 2383.99062    0   52 9098.00000 2383.99062  73.8%     -    0s
     0     0 2384.78693    0   57 9098.00000 2384.78693  73.8%     -    0s
     0     0 2384.78693    0   52 9098.00000 2384.78693  73.8%     -    0s
H    0     0                    9096.0000000 2384.78693  73.8%     -    0s
H    0     0                    9070.0000000 2384.78693  73.7%     -    0s
     0     2 2384.78693    0   49 9070.00000 2384.78693  73.7%     -    0s
H   35    31                    9045.0000000 2399.34433  73.5%   9.8    0s
H   73    72                    9044.0000000 2431.72727  73.1%   7.6    0s
H  116   108                    9043.0000000 2431.72727  73.1%   6.5    0s
H  119   108                    8939.0000000 2431.72727  72.8%   6.6    0s
H  179   169                    8497.0000000 2431.72727  71.4%   5.9    0s
H  387   342                    8131.0000000 2431.72727  70.1%   5.0    0s
H  570   460                    7675.0000000 2437.78693  68.2%   4.9    0s
H  599   460                    7477.0000000 2437.78693  67.4%   4.8    0s
*  721   513              58    7186.0000000 2456.40754  65.8%   4.8    0s
H 1786  1009                    6704.0000000 2675.07482  60.1%  11.1    3s
  1850  1032 2985.73387   28   76 6704.00000 2675.07482  60.1%  11.7    5s
H 1853   984                    6549.0000000 2675.07482  59.2%  11.7    5s
H 1914  1000                    6269.0000000 2675.07482  57.3%  11.7    5s
H 2044   984                    6203.0000000 2675.07482  56.9%  11.6    5s
H 2058   939                    6054.0000000 2675.07482  55.8%  11.6    5s
H13897  5018                    5743.0000000 2815.40498  51.0%  12.8    8s
 16534  6138 4563.00000   42   53 5743.00000 2840.12169  50.5%  13.2   10s
 28106  9868 infeasible   51      5743.00000 2928.44265  49.0%  13.4   15s
H28147  9868                    5742.0000000 2929.00000  49.0%  13.4   15s
 39357 13919 3602.67005   36   58 5742.00000 3008.67134  47.6%  14.1   20s
 41496 13929 3081.50917   30  102 5742.00000 3017.98500  47.4%  14.0   25s
 41546 13962 4334.16871   37  120 5742.00000 3017.98500  47.4%  14.0   30s
 41604 14001 4871.00000   42  145 5742.00000 3017.98500  47.4%  14.0   35s
 41658 14038 5622.39981   63   96 5742.00000 3085.61006  46.3%  14.4   40s
 41709 14072 4188.39384   29  110 5742.00000 3085.61006  46.3%  14.4   45s
H41745 13393                    5733.0000000 3085.61006  46.2%  14.8   47s
 42046 13539 3330.51376   60   58 5733.00000 3085.61006  46.2%  14.9   50s
 54819 14155 4862.04164   64   63 5733.00000 3295.13962  42.5%  15.8   55s
 69003 14460 4764.82244   67   36 5733.00000 3467.06066  39.5%  15.9   60s
 80911 14718 4785.64987   72   49 5733.00000 3551.59581  38.0%  15.8   65s
 92423 17628 3939.30491   63   65 5733.00000 3618.22093  36.9%  15.6   70s
 101236 20068 4099.00165   61   44 5733.00000 3662.00000  36.1%  15.6   75s
 112138 22901     cutoff   60      5733.00000 3714.00000  35.2%  15.6   80s
 120846 25151 infeasible   70      5733.00000 3740.63586  34.8%  15.6   85s
 130310 27583 4510.00000   73   51 5733.00000 3780.05571  34.1%  15.6   90s
 138556 29439 5265.99601   70   57 5733.00000 3810.52013  33.5%  15.6   95s
 146929 31194 3938.54746   71   76 5733.00000 3838.75554  33.0%  15.7  100s
 155806 33650 infeasible   66      5733.00000 3865.56975  32.6%  15.7  105s
 166578 35634     cutoff   73      5733.00000 3897.78383  32.0%  15.7  110s
 175053 37509 4939.12850   63   69 5733.00000 3923.31916  31.6%  15.7  115s
 183844 39487 4972.44368   62   56 5733.00000 3949.90405  31.1%  15.7  120s
H187683 37975                    5558.0000000 3962.00633  28.7%  15.7  122s
H188895 37585                    5525.0000000 3965.18465  28.2%  15.7  123s
 191942 38227     cutoff   64      5525.00000 3975.75661  28.0%  15.7  125s
 198666 39371 infeasible   71      5525.00000 3997.35340  27.6%  15.7  130s
 205774 40610 5100.18610   65   36 5525.00000 4023.55321  27.2%  15.7  135s
 214408 41923 infeasible   63      5525.00000 4048.73796  26.7%  15.7  140s
 222872 43167     cutoff   63      5525.00000 4073.52433  26.3%  15.6  145s
 229570 44197 5470.00000   67    6 5525.00000 4093.94759  25.9%  15.6  150s
 237827 45340 infeasible   74      5525.00000 4116.61520  25.5%  15.6  155s
 243373 46152 4422.97029   71   50 5525.00000 4131.00000  25.2%  15.6  160s
 250601 47182 5404.40250   72   16 5525.00000 4151.00000  24.9%  15.6  165s
 257445 48124     cutoff   68      5525.00000 4168.00000  24.6%  15.6  170s
 264448 49054 4606.78717   65   76 5525.00000 4187.38247  24.2%  15.5  175s
 268081 49319 infeasible   72      5525.00000 4194.64263  24.1%  15.5  180s
 274514 50355 5192.00000   68   39 5525.00000 4211.29768  23.8%  15.5  185s
 281361 51212 infeasible   73      5525.00000 4229.21808  23.5%  15.5  190s
 288066 52149 4868.41214   62   50 5525.00000 4246.85260  23.1%  15.5  196s
 293224 52839 infeasible   67      5525.00000 4259.10768  22.9%  15.5  200s
 300065 53671 infeasible   68      5525.00000 4274.96685  22.6%  15.5  205s
 306998 54474 5227.57716   74   46 5525.00000 4289.85399  22.4%  15.4  210s
 313929 55266 infeasible   72      5525.00000 4305.46086  22.1%  15.4  215s
 320749 56135 4965.85125   64   42 5525.00000 4319.31076  21.8%  15.4  220s
 327605 56902 4632.10402   71   30 5525.00000 4334.21883  21.6%  15.4  225s
 334772 57665 4699.21400   70   69 5525.00000 4348.99315  21.3%  15.4  231s
 339838 58210 4665.25060   64   70 5525.00000 4359.00000  21.1%  15.4  235s
 346864 59075 4925.05276   70   52 5525.00000 4372.00000  20.9%  15.4  240s
 353669 59647 4977.00000   74   20 5525.00000 4385.66534  20.6%  15.4  245s
 360381 60310 infeasible   78      5525.00000 4399.17767  20.4%  15.4  251s
 365737 60788 4504.46668   71   38 5525.00000 4408.96343  20.2%  15.4  255s
 372772 61476 5290.37289   82   24 5525.00000 4421.96959  20.0%  15.4  260s
 378054 61875 4548.40709   62   36 5525.00000 4432.76176  19.8%  15.4  265s
 385085 62415 5103.69680   70   44 5525.00000 4444.56485  19.6%  15.4  270s
 392107 62937 4525.00000   73   63 5525.00000 4457.18601  19.3%  15.4  275s
 398670 63290 infeasible   69      5525.00000 4469.34533  19.1%  15.4  281s
 403785 63706     cutoff   75      5525.00000 4478.29769  18.9%  15.4  285s
 409114 64179 5143.30285   76   28 5525.00000 4487.00000  18.8%  15.4  290s
 416093 64696 infeasible   80      5525.00000 4499.00000  18.6%  15.4  295s
 421307 65084 4635.29711   71   44 5525.00000 4507.38010  18.4%  15.4  300s
 428043 65493 5463.29060   74   22 5525.00000 4517.25997  18.2%  15.4  305s
 433382 65848 4860.04251   68   46 5525.00000 4525.96345  18.1%  15.4  310s
 438913 66332 infeasible   78      5525.00000 4534.76538  17.9%  15.4  315s
 445685 66935 5053.61902   74   28 5525.00000 4545.67780  17.7%  15.4  320s
 451033 67196 5205.88081   71   41 5525.00000 4552.39581  17.6%  15.4  325s
 457913 67693 infeasible   76      5525.00000 4561.63587  17.4%  15.3  331s
 463037 67957 4794.21737   84   29 5525.00000 4568.97071  17.3%  15.3  335s
 469191 68323 infeasible   68      5525.00000 4577.04625  17.2%  15.3  341s
 474708 68588 infeasible   91      5525.00000 4584.27411  17.0%  15.3  345s
 480222 68903 5176.15078   65   69 5525.00000 4591.86830  16.9%  15.3  350s
 485051 69112 5331.74916   71   38 5525.00000 4598.00000  16.8%  15.3  355s
 492208 69368 4872.00000   77   19 5525.00000 4607.82468  16.6%  15.3  361s
 497473 69582 5200.79713   72   17 5525.00000 4614.24030  16.5%  15.3  365s
 502679 69801 5418.07415   71   27 5525.00000 4621.00663  16.4%  15.3  370s
 509463 70000 5108.16808   67   57 5525.00000 4629.59809  16.2%  15.3  376s
 514625 70101 infeasible   70      5525.00000 4636.00000  16.1%  15.3  381s
 519681 70260 infeasible   79      5525.00000 4642.30976  16.0%  15.3  386s
 525000 70380 4931.00000   73   37 5525.00000 4648.00000  15.9%  15.3  390s
 530075 70500 infeasible   69      5525.00000 4654.82386  15.7%  15.3  395s
 535402 70628 infeasible   79      5525.00000 4662.00000  15.6%  15.3  400s
 540603 70746 4825.47009   85   38 5525.00000 4668.57732  15.5%  15.3  405s
 545685 70813 infeasible   91      5525.00000 4674.36262  15.4%  15.3  410s
 550877 70946 5186.70356   88   25 5525.00000 4681.48636  15.3%  15.3  415s
 555969 71045 infeasible   73      5525.00000 4687.18818  15.2%  15.3  420s
 561420 71146 infeasible   64      5525.00000 4693.44056  15.1%  15.3  426s
 566747 71203 5013.90231   79   41 5525.00000 4700.00000  14.9%  15.3  431s
 571819 71210 5145.00000   74   34 5525.00000 4706.43948  14.8%  15.3  436s
 575299 71186 5138.00000   78   28 5525.00000 4710.43982  14.7%  15.3  440s
 580719 71105     cutoff   75      5525.00000 4717.15212  14.6%  15.3  445s
 586229 71072 5213.87684   80   22 5525.00000 4724.00000  14.5%  15.3  450s
 591011 71038     cutoff   70      5525.00000 4729.51350  14.4%  15.3  455s
 596198 71038 5065.97091   64   58 5525.00000 4736.00000  14.3%  15.3  461s
 601671 71014 4983.50611   67   57 5525.00000 4742.41883  14.2%  15.3  466s
 606750 70896 5292.43787   72   44 5525.00000 4748.76740  14.0%  15.3  471s
 610424 70860 infeasible   83      5525.00000 4753.81933  14.0%  15.3  475s
 615881 70817 4811.78961   69   33 5525.00000 4759.95324  13.8%  15.3  480s
 619817 70606 infeasible   78      5525.00000 4764.96497  13.8%  15.3  486s
 623423 70466 5144.95156   62   40 5525.00000 4770.00000  13.7%  15.3  490s
 628812 70250 4825.98647   71   40 5525.00000 4776.56120  13.5%  15.3  495s
 634203 70166 infeasible   68      5525.00000 4783.25576  13.4%  15.3  501s
 637723 70121 4984.26687   68   44 5525.00000 4786.49049  13.4%  15.3  505s
 642882 69902 4853.93198   79   31 5525.00000 4793.00000  13.2%  15.3  510s
 648105 69773 4851.38403   69   32 5525.00000 4798.30817  13.2%  15.2  516s
 651628 69709 4886.33975   71   48 5525.00000 4802.22610  13.1%  15.2  520s
 656987 69497 4849.86422   84   19 5525.00000 4809.17660  13.0%  15.2  525s
 662290 69234 5008.00000   71   30 5525.00000 4816.00000  12.8%  15.2  531s
 665986 69049 4847.39119   69   32 5525.00000 4820.28350  12.8%  15.2  535s
 671237 68775 infeasible   80      5525.00000 4826.54161  12.6%  15.2  541s
 676618 68601 5467.25601   72   11 5525.00000 4832.17350  12.5%  15.2  546s
 680242 68427 infeasible   67      5525.00000 4836.88446  12.5%  15.2  550s
 685306 68218 4907.16076   71   39 5525.00000 4843.00000  12.3%  15.2  556s
 687479 67962 5111.73642   68   69 5525.00000 4845.00000  12.3%  15.2  560s
 693039 67718 5414.54628   72   34 5525.00000 4852.00000  12.2%  15.2  567s
 696628 67538 infeasible   70      5525.00000 4856.13464  12.1%  15.2  571s
 700344 67300 infeasible   73      5525.00000 4861.00000  12.0%  15.2  575s
 705601 66946 4868.00000   67   51 5525.00000 4867.01489  11.9%  15.2  580s
 711041 66670 5415.03474   64   63 5525.00000 4874.00000  11.8%  15.2  586s
 714478 66453 4922.78390   68   46 5525.00000 4878.04276  11.7%  15.2  590s
 719935 66123 infeasible   68      5525.00000 4884.00000  11.6%  15.2  596s
 723305 65907 5418.31553   71   51 5525.00000 4887.96861  11.5%  15.2  600s
 728887 65503 5455.51171   81   16 5525.00000 4894.14297  11.4%  15.2  606s
 732385 65222 4999.25188   84   33 5525.00000 4898.20908  11.3%  15.2  610s
 737404 64811 5181.40012   73   44 5525.00000 4904.15662  11.2%  15.2  616s
 741159 64528 infeasible   68      5525.00000 4909.02108  11.1%  15.2  620s
 746543 64224 4940.16205   72   41 5525.00000 4916.00000  11.0%  15.2  626s
 750175 63825 5409.31109   66   35 5525.00000 4920.11135  10.9%  15.2  630s
 755276 63445 5187.19119   66   36 5525.00000 4926.19953  10.8%  15.2  636s
 758893 63113 5050.00000   69   38 5525.00000 4930.27405  10.8%  15.2  640s
 764394 62679 5012.73137   67   45 5525.00000 4937.16331  10.6%  15.2  646s
 768024 62393 5430.71479   75   39 5525.00000 4941.94720  10.6%  15.2  650s
 773361 61931 5019.56772   64   57 5525.00000 4947.30739  10.5%  15.2  656s
 776978 61535 infeasible   72      5525.00000 4952.24433  10.4%  15.2  660s
 782483 61038 infeasible   66      5525.00000 4958.90978  10.2%  15.2  666s
 785731 60728 infeasible   76      5525.00000 4962.84916  10.2%  15.2  670s
 791378 60119 5241.00000   70   50 5525.00000 4969.39259  10.1%  15.2  676s
 794849 59769 infeasible   66      5525.00000 4974.35480  10.0%  15.2  680s
 800202 59267 infeasible  105      5525.00000 4980.87245  9.85%  15.2  685s
 802981 58852 5313.05867   59   53 5525.00000 4984.47560  9.78%  15.2  690s
 808630 58218 5021.19211   77   40 5525.00000 4991.25545  9.66%  15.2  696s
 812408 57816 5133.98409   72   50 5525.00000 4996.00000  9.57%  15.2  700s
 817671 57183 5060.00000   72   42 5525.00000 5003.00000  9.45%  15.2  706s
 821333 56729 5448.30690   67   40 5525.00000 5007.50228  9.37%  15.2  710s
 826936 56003 infeasible   86      5525.00000 5015.00000  9.23%  15.2  716s
 830572 55523 infeasible   74      5525.00000 5019.09410  9.16%  15.2  720s
 835586 54772 5113.00000   78   18 5525.00000 5025.78032  9.04%  15.2  726s
 839127 54305 infeasible   66      5525.00000 5030.13306  8.96%  15.1  730s
 844749 53542 5304.46362   72   38 5525.00000 5037.00000  8.83%  15.1  736s
 848527 53142 infeasible   78      5525.00000 5042.00000  8.74%  15.1  740s
 853655 52241 5215.02146   82   34 5525.00000 5048.31305  8.63%  15.1  746s
 857255 51702 5451.34762   82   27 5525.00000 5053.24995  8.54%  15.1  751s
 860904 51158 infeasible   78      5525.00000 5057.77834  8.46%  15.1  755s
 866175 50463 5306.00000   67   26 5525.00000 5065.82029  8.31%  15.1  761s
 869842 49975 infeasible   70      5525.00000 5070.17193  8.23%  15.1  765s
 875315 49166 5469.75090   75   17 5525.00000 5077.74818  8.10%  15.1  771s
 878993 48650 5161.76525   80   17 5525.00000 5082.35632  8.01%  15.1  775s
 880722 48301 infeasible   67      5525.00000 5085.00000  7.96%  15.1  780s
 886378 47259 5482.79100   64   44 5525.00000 5093.00000  7.82%  15.1  786s
 890117 46613 infeasible   73      5525.00000 5098.12584  7.73%  15.1  791s
 893863 46075     cutoff   76      5525.00000 5104.19544  7.62%  15.1  795s
 897412 45406 5119.79098   79   27 5525.00000 5110.00000  7.51%  15.1  800s
 902714 44416 infeasible   75      5525.00000 5117.04156  7.38%  15.1  806s
 906509 43701 5146.92970   80   55 5525.00000 5123.35231  7.27%  15.1  811s
 909962 43076     cutoff   78      5525.00000 5128.95904  7.17%  15.1  815s
 915444 42071 5449.03222   67   37 5525.00000 5137.00000  7.02%  15.1  821s
 918993 41374 5185.72111   71   53 5525.00000 5142.93096  6.92%  15.1  826s
 922297 40687 infeasible   80      5525.00000 5148.81631  6.81%  15.1  830s
 927698 39658 5233.00000   73   28 5525.00000 5156.84105  6.66%  15.1  836s
 931520 38843 infeasible   64      5525.00000 5162.45881  6.56%  15.1  841s
 935451 38068 5471.13330   72   51 5525.00000 5169.00000  6.44%  15.1  845s
 940620 37006 5466.00000   82   14 5525.00000 5177.69640  6.29%  15.1  852s
 944383 36154 5216.07492   81   30 5525.00000 5184.00000  6.17%  15.1  856s
 947793 35454     cutoff   63      5525.00000 5190.24111  6.06%  15.1  860s
 951533 34629 infeasible   78      5525.00000 5196.39903  5.95%  15.1  865s
 956799 33487 5230.84664   66   51 5525.00000 5205.68000  5.78%  15.1  871s
 960556 32731 5422.95944   72   38 5525.00000 5212.60607  5.65%  15.1  875s
 965793 31499 5251.00000   79   24 5525.00000 5221.52696  5.49%  15.1  881s
 969160 30734 5402.77395   71   38 5525.00000 5227.07363  5.39%  15.1  886s
 972735 29937 5290.84057   69   44 5525.00000 5234.06889  5.27%  15.1  890s
 978419 28581 5458.59231   77   32 5525.00000 5243.96402  5.09%  15.1  896s
 982320 27679 5294.46948   68   34 5525.00000 5252.01587  4.94%  15.1  901s
 985619 26891 infeasible   73      5525.00000 5258.00293  4.83%  15.1  905s
 989421 26041 infeasible   69      5525.00000 5265.21336  4.70%  15.1  910s
 994897 24580 5309.47762   73   42 5525.00000 5277.01462  4.49%  15.1  916s
 998213 23786 5502.76189   66   62 5525.00000 5283.48703  4.37%  15.1  920s
 1001682 22790 infeasible   69      5525.00000 5290.04273  4.25%  15.1  925s
 1007288 21116 infeasible   63      5525.00000 5302.24672  4.03%  15.1  931s
 1011004 20028 5345.27028   80   31 5525.00000 5310.23558  3.89%  15.1  936s
 1014469 19133 5425.01099   73   24 5525.00000 5318.00000  3.75%  15.1  941s
 1018228 18016 5349.00000   73   12 5525.00000 5327.57406  3.57%  15.1  945s
 1023673 16391 5352.95792   75   42 5525.00000 5340.82995  3.33%  15.1  951s
 1025291 16370 5405.00000   71   26 5525.00000 5346.00000  3.24%  15.1  955s
 1027341 15163 infeasible   72      5525.00000 5350.07430  3.17%  15.0  960s
 1031296 13884     cutoff   87      5525.00000 5361.00000  2.97%  15.0  965s
 1034823 12610 infeasible   77      5525.00000 5371.00000  2.79%  15.0  970s
 1040406 10649 5451.00000   87   11 5525.00000 5385.68779  2.52%  15.0  977s
 1044052  9208 infeasible   80      5525.00000 5398.00000  2.30%  15.0  982s
 1047881  7703 infeasible   82      5525.00000 5411.00000  2.06%  15.0  986s
 1051610  5948 5477.85063   71   47 5525.00000 5425.28622  1.80%  15.0  991s
 1054990  4112 infeasible   69      5525.00000 5442.22466  1.50%  15.0  995s
 1060241    78 infeasible   91      5525.00000 5486.52310  0.70%  15.0 1000s

Cutting planes:
  Learned: 294
  Gomory: 176
  Cover: 18
  Implied bound: 5
  Projected implied bound: 1
  MIR: 1054
  StrongCG: 209
  Flow cover: 1622
  Inf proof: 58
  Zero half: 57
  RLT: 4
  Relax-and-lift: 13

Explored 1062026 nodes (15969054 simplex iterations) in 1000.99 seconds (196.60 work units)
Thread count was 16 (of 16 available processors)

Solution count 10: 5525 5558 5733 ... 6704

Optimal solution found (tolerance 1.00e-04)
Best objective 5.525000000000e+03, best bound 5.525000000000e+03, gap 0.0000%
Warning: constraint name "precedence between 0,0 to 0,1 if x_[0,0,0,1,3]=0, i.e. 0,1 before 0,0" has a space
Warning: constraint name "precedence between 0,0 to 0,1 if x_[0,0,0,1,3]=0, i.e. 0,1 before 0,0" has a space
Warning: default constraint names used to write mps file
