
Gurobi 10.0.1 (win64) logging started Mon Oct  9 07:42:55 2023

Set parameter LogFile to value "./results//log/MetalMeca_makespan_heurFalse.log"
Gurobi Optimizer version 10.0.1 build v10.0.1rc0 (win64)

CPU model: AMD Ryzen 7 3700X 8-Core Processor, instruction set [SSE2|AVX|AVX2]
Thread count: 8 physical cores, 16 logical processors, using up to 16 threads

Optimize a model with 18596 rows, 88112 columns and 88194 nonzeros
Model fingerprint: 0xe67e44d2
Variable types: 0 continuous, 88112 integer (87568 binary)
Coefficient statistics:
  Matrix range     [1e+00, 1e+07]
  Objective range  [1e+00, 1e+00]
  Bounds range     [1e+00, 1e+00]
  RHS range        [1e+00, 3e+07]
Presolve removed 949 rows and 82762 columns
Presolve time: 0.38s
Presolved: 17647 rows, 5350 columns, 77533 nonzeros
Variable types: 0 continuous, 5350 integer (4807 binary)

Root relaxation: objective 4.008600e+05, 1954 iterations, 0.04 seconds (0.06 work units)

    Nodes    |    Current Node    |     Objective Bounds      |     Work
 Expl Unexpl |  Obj  Depth IntInf | Incumbent    BestBd   Gap | It/Node Time

     0     0 400860.000    0  278          - 400860.000      -     -    1s
     0     0 400986.230    0  445          - 400986.230      -     -    4s
     0     0 403303.224    0  480          - 403303.224      -     -    4s
     0     0 403303.224    0  478          - 403303.224      -     -    4s
     0     0 416680.371    0  533          - 416680.371      -     -    4s
     0     0 416682.783    0  526          - 416682.783      -     -    4s
     0     0 416684.856    0  522          - 416684.856      -     -    4s
     0     0 416684.856    0  524          - 416684.856      -     -    5s
     0     0 432590.121    0  429          - 432590.121      -     -    5s
     0     0 433706.617    0  488          - 433706.617      -     -    5s
     0     0 433812.106    0  484          - 433812.106      -     -    5s
     0     0 433812.106    0  485          - 433812.106      -     -    5s
     0     0 436147.760    0  434          - 436147.760      -     -    6s
     0     0 436473.907    0  441          - 436473.907      -     -    6s
     0     0 436478.536    0  436          - 436478.536      -     -    6s
     0     0 436500.645    0  509          - 436500.645      -     -    6s
     0     0 436815.010    0  493          - 436815.010      -     -    6s
     0     0 436829.829    0  491          - 436829.829      -     -    6s
     0     0 436829.829    0  491          - 436829.829      -     -    6s
     0     0 436884.910    0  497          - 436884.910      -     -    7s
     0     0 436941.367    0  473          - 436941.367      -     -    7s
     0     0 436942.047    0  428          - 436942.047      -     -    7s
     0     0 437350.716    0  450          - 437350.716      -     -    7s
     0     0 437365.325    0  475          - 437365.325      -     -    7s
     0     0 437367.242    0  478          - 437367.242      -     -    7s
     0     0 437436.984    0  475          - 437436.984      -     -    8s
     0     0 437437.002    0  478          - 437437.002      -     -    8s
     0     0 437442.301    0  487          - 437442.301      -     -    8s
     0     0 437462.613    0  487          - 437462.613      -     -    8s
     0     0 437463.253    0  491          - 437463.253      -     -    8s
     0     0 437473.792    0  493          - 437473.792      -     -    9s
     0     0 437477.989    0  487          - 437477.989      -     -    9s
     0     0 437480.077    0  494          - 437480.077      -     -    9s
     0     0 437480.077    0  436          - 437480.077      -     -    9s
     0     2 437480.077    0  436          - 437480.077      -     -   10s
   936   925 458235.676   99  242          - 438158.537      -  42.1   15s
  3019  2900 572603.000  300   62          - 438158.537      -  22.2   20s
  3920  3792 608242.000  397   24          - 438158.537      -  18.9   26s
* 4845  4237             483    627440.00000 438158.537  30.2%  16.2   28s
* 4846  4234             483    627146.00000 438158.537  30.1%  16.2   28s
  5507  4106     cutoff  549      627146.000 438166.556  30.1%  14.4   32s
H 5508  3507                    607655.00000 438166.556  27.9%  14.3   32s
H 5510  3433                    605073.00000 438171.867  27.6%  14.4   32s
H 5511  2821                    584140.00000 438171.867  25.0%  14.4   32s
H 5737  2814                    573712.00000 438171.867  23.6%  16.2   34s
  5738  2815 533586.000  169  436 573712.000 438171.867  23.6%  16.2   35s
H 5739  2675                    573650.00000 438171.867  23.6%  16.2   37s
H 5740  2541                    573649.00000 438171.867  23.6%  16.2   38s
  5741  2542 449070.016   31  604 573649.000 438171.867  23.6%  16.2   42s
H 5746  2417                    573648.00000 440302.093  23.2%  16.2   44s
  5749  2419 481632.006  162  641 573648.000 441084.611  23.1%  16.2   45s
H 5759  2305                    573647.00000 443104.531  22.8%  16.1   47s
H 5766  2194                    573645.00000 443469.096  22.7%  16.1   49s
H 5766  2084                    573644.00000 444365.204  22.5%  16.1   50s
H 5774  1984                    573642.00000 444625.043  22.5%  16.1   52s
H 5774  1884                    573641.00000 445125.435  22.4%  16.1   52s
H 5783  1795                    573639.00000 445554.746  22.3%  16.1   54s
H 5784  1705                    573638.00000 445700.638  22.3%  16.1   55s
H 5789  1622                    573637.00000 445901.345  22.3%  16.1   57s
H 5792  1542                    573635.00000 445956.950  22.3%  16.0   58s
H 5793  1465                    573633.00000 445956.950  22.3%  16.0   58s
H 5793  1390                    573632.00000 446048.188  22.2%  16.0   59s
H 5794  1320                    572042.00000 446048.188  22.0%  16.0   60s
H 5794  1253                    571351.00000 446048.188  21.9%  16.0   60s
H 5797  1191                    570777.00000 446104.466  21.8%  16.0   61s
H 5798  1132                    569143.00000 446104.466  21.6%  16.0   62s
H 5799  1075                    568495.00000 446140.616  21.5%  16.0   63s
H 5799  1020                    567225.00000 446140.616  21.3%  16.0   63s
H 5801   969                    566380.00000 446230.345  21.2%  16.0   63s
  5804   971 446273.606   11  741 566380.000 446273.606  21.2%  16.0   65s
H 5804   921                    566079.00000 446273.606  21.2%  16.0   66s
H 5807   876                    565959.00000 446298.971  21.1%  16.0   66s
H 5809   832                    565734.00000 446318.068  21.1%  16.0   68s
H 5811   791                    565484.00000 446335.738  21.1%  16.0   69s
H 5811   750                    565384.00000 446338.945  21.1%  16.0   69s
H 5812   711                    564691.00000 446338.945  21.0%  16.0   70s
H 5812   675                    564689.00000 446373.861  21.0%  16.0   70s
H 5814   641                    564307.00000 446388.074  20.9%  16.0   71s
H 5815   608                    564306.00000 446397.572  20.9%  16.0   72s
H 5817   578                    564305.00000 446416.193  20.9%  16.0   74s
H 5820   550                    558980.00000 446438.195  20.1%  16.0   75s
H 5821   521                    556419.00000 446438.195  19.8%  16.0   75s
H 5821   493                    556411.00000 446462.745  19.8%  16.0   76s
H 5823   469                    553529.00000 446464.992  19.3%  16.0   77s
H 5823   444                    553523.00000 446504.448  19.3%  16.0   78s
H 5828   423                    553517.00000 446554.839  19.3%  15.9   81s
H 5833   404                    553511.00000 446590.414  19.3%  15.9   82s
H 5835   384                    553505.00000 446595.755  19.3%  15.9   83s
H 5837   364                    548234.00000 446597.529  18.5%  15.9   84s
H 5837   344                    548230.00000 446598.418  18.5%  15.9   85s
H 5839   326                    548226.00000 446599.250  18.5%  15.9   86s
H 5841   310                    542054.00000 446599.403  17.6%  15.9   86s
  5847   315 542054.000  150  315 542054.000 446600.975  17.6%  31.2   90s
  5850   317 531479.000  166  693 542054.000 446600.975  17.6%  31.1   95s
  5861   325 446672.638   11  739 542054.000 446672.638  17.6%  31.1  100s
  5873   333 446880.713   18  698 542054.000 446880.713  17.6%  31.0  105s
H 5875   316                    540000.00000 446889.533  17.2%  31.0  106s
  5884   322 540000.000  244  707 540000.000 446940.847  17.2%  31.0  110s
  5889   328 446965.056   27  696 540000.000 446946.496  17.2%  38.7  115s
  5927   360 449166.351   31  746 540000.000 447009.799  17.2%  43.0  120s
  5977   395 449511.306   35  746 540000.000 447009.799  17.2%  46.5  127s
H 6000   397                    537205.00000 447009.799  16.8%  48.5  128s
H 6057   429                    536845.00000 447009.799  16.7%  51.0  129s
  6110   454 451963.435   41  718 536845.000 447009.799  16.7%  52.1  130s
H 6111   438                    536758.00000 447009.799  16.7%  52.1  130s
H 6116   422                    536488.00000 447009.799  16.7%  52.3  130s
H 6152   441                    535545.00000 447009.799  16.5%  52.9  132s
H 6212   470                    533821.00000 447009.799  16.3%  53.7  135s
H 6239   457                    532276.00000 447009.799  16.0%  54.3  138s
H 6289   478                    532150.00000 447009.799  16.0%  55.3  141s
H 6291   466                    532039.00000 447009.799  16.0%  55.4  141s
H 6294   454                    531988.00000 447009.799  16.0%  55.4  141s
H 6296   444                    531978.00000 447009.799  16.0%  55.5  142s
  6570   701 457507.647   55  495 531978.000 447009.799  16.0%  56.7  145s
  6969   981 460531.769   65  483 531978.000 447009.799  16.0%  58.4  152s
H 6972   980                    531940.00000 447009.799  16.0%  58.5  152s
H 6975   980                    531882.00000 447009.799  16.0%  58.6  152s
H 6976   980                    531768.00000 447009.799  15.9%  58.6  152s
  7156  1172 467587.431   73  430 531768.000 447009.799  15.9%  61.3  155s
H 7230  1180                    531725.00000 447009.799  15.9%  62.2  159s
  7312  1308 470687.974   83  374 531725.000 447009.799  15.9%  63.1  161s
  7689  1719 499719.000  122  173 531725.000 447009.799  15.9%  65.5  166s
  8091  2011 451858.741   32  749 531725.000 447052.170  15.9%  66.5  171s
  8373  2111 465728.777   47  684 531725.000 447052.170  15.9%  69.7  176s
H 8378  2111                    531712.00000 447052.170  15.9%  69.8  176s
  8588  2290 522560.899   80  273 531712.000 447373.834  15.9%  72.7  181s
  8930  2566 452738.059   45  635 531712.000 447376.522  15.9%  75.8  185s
  9082  2705 473177.484   59  513 531712.000 447376.522  15.9%  78.3  192s
  9337  2824 448857.685   34  792 531712.000 447425.416  15.9%  80.3  199s
H 9342  2823                    531259.00000 447425.416  15.8%  80.5  199s
  9392  2928 449434.463   37  747 531259.000 447425.416  15.8%  81.2  200s
H 9918  3319                    527984.00000 447577.800  15.2%  85.3  208s
 10101  3427 448982.651   44  701 527984.000 447577.800  15.2%  85.6  210s
H10253  3517                    526908.00000 447577.800  15.1%  87.2  214s
 10384  3772 459393.069   78  424 526908.000 447577.800  15.1%  88.5  218s
H10719  3746                    525809.00000 447577.800  14.9%  89.1  218s
 10720  3858     cutoff  177      525809.000 447987.368  14.8%  89.2  221s
 10854  4123 449241.776   42  767 525809.000 447987.368  14.8%  91.3  225s
 11342  4390 449374.008   40  727 525809.000 448064.322  14.8%  93.7  230s
 12160  5082 449486.012   40  746 525809.000 448070.835  14.8%  93.6  236s
 12709  5468 450395.097   46  680 525809.000 448204.788  14.8%  96.4  242s
 12948  5623 494237.948   68  381 525809.000 448213.994  14.8%  98.6  245s
 13179  5867 463772.451   50  553 525809.000 448251.802  14.8%   100  250s
 13781  6201 450511.325   32  820 525809.000 448358.417  14.7%   103  256s
 14416  6701 467318.483   48  635 525809.000 448426.323  14.7%   107  263s
 14801  6960 457839.107   48  714 525809.000 448435.703  14.7%   108  268s
 15304  7178 450077.324   49  719 525809.000 448481.175  14.7%   109  271s
 15676  7490 449520.704   34  798 525809.000 448521.514  14.7%   111  275s
 16108  7715 455828.488   42  732 525809.000 448563.922  14.7%   113  282s
 16591  7957 450278.769   39  711 525809.000 448580.268  14.7%   113  286s
 16976  8306 460281.789   51  589 525809.000 448630.185  14.7%   115  291s
 17561  9437 448990.939   44  812 525809.000 448679.505  14.7%   115  301s
H17588  9437                    525803.00000 448679.505  14.7%   116  301s
H17779  9433                    525681.00000 448679.505  14.6%   115  301s
H18829  9807                    525664.00000 448679.505  14.6%   111  307s
 19501 11012 470659.810   60  301 525664.000 448746.299  14.6%   110  314s
 20851 11386 452153.279   52  619 525664.000 448748.931  14.6%   106  321s
H21054 11180                    524990.00000 448748.931  14.5%   105  321s
H21178 10818                    523728.00000 448748.931  14.3%   105  321s
 21336 11165 517551.073   97  134 523728.000 448770.721  14.3%   106  326s
 21889 11376 449967.255   48  754 523728.000 448801.240  14.3%   106  336s
H21910 11349                    523592.00000 448801.240  14.3%   106  336s
H21929 11344                    523523.00000 448801.240  14.3%   106  336s
 22146 11684 500015.167   69  375 523523.000 448804.349  14.3%   107  340s
 22621 12077 451211.780   43  752 523523.000 448827.457  14.3%   108  345s
 23177 12451 455479.242   45  674 523523.000 448877.964  14.3%   109  350s
H23681 13119                    523473.00000 448898.829  14.2%   110  358s
H24416 13112                    523436.00000 448924.342  14.2%   110  358s
 24530 13437 454143.663   42  725 523436.000 448936.089  14.2%   110  364s
 25070 14186 465647.923   53  491 523436.000 448950.577  14.2%   110  371s
 26039 14543 450989.499   42  695 523436.000 448972.688  14.2%   110  379s
H26274 14538                    523424.00000 448991.823  14.2%   110  379s
H26398 14516                    523284.00000 449006.410  14.2%   111  379s
 26573 14889 451698.577   50  740 523284.000 449029.357  14.2%   111  386s
 27130 15258 470944.328   54  454 523284.000 449062.575  14.2%   112  394s
 27709 15653 450146.701   43  677 523284.000 449090.585  14.2%   113  401s
H27893 15650                    523225.00000 449092.549  14.2%   113  401s
H28217 15649                    523188.00000 449099.708  14.2%   114  401s
 28271 16218 449794.163   39  790 523188.000 449111.403  14.2%   114  406s
H28976 16807                    523015.00000 449131.875  14.1%   114  416s
H29777 16804                    522998.00000 449134.217  14.1%   115  569s
 29778 16805 474718.230   60  436 522998.000 449134.217  14.1%   115  573s
 29780 16806 453173.052   53  332 522998.000 449134.217  14.1%   115  576s
 29782 16808 458242.656   74  729 522998.000 449134.217  14.1%   115  583s
 29783 16808 464695.837   59  777 522998.000 449134.217  14.1%   115  585s
 29787 16811 467305.533   52  872 522998.000 449134.217  14.1%   115  590s
 29792 16814 472234.436   59  718 522998.000 449134.217  14.1%   115  597s
 29795 16816 518898.000  152  826 522998.000 449134.217  14.1%   115  600s
 29796 16817 487914.143  101  748 522998.000 449134.217  14.1%   115  607s
 29800 16820 518257.000  156  844 522998.000 449134.217  14.1%   115  611s
 29801 16820 489758.017   69  748 522998.000 449134.217  14.1%   115  618s
 29805 16823 464982.974   48  858 522998.000 449134.217  14.1%   115  621s
 29806 16824 497417.000  119  766 522998.000 449134.217  14.1%   115  626s
 29811 16827 451963.435   42  745 522998.000 449134.217  14.1%   115  631s
 29814 16829 450615.243   43  722 522998.000 449134.217  14.1%   115  636s
 29818 16832 491633.002   64  835 522998.000 449134.217  14.1%   115  641s
 29821 16834 454766.986   54  767 522998.000 449134.217  14.1%   114  647s
 29822 16834 490627.029   61  800 522998.000 449134.217  14.1%   114  650s
 29827 16838 454368.353   42  858 522998.000 449134.217  14.1%   114  655s
 29831 16840 495401.343   78  874 522998.000 449134.217  14.1%   114  660s
 29834 16842 455230.451   42  855 522998.000 449134.217  14.1%   114  666s
 29835 16843 470918.791   61  778 522998.000 449134.217  14.1%   114  672s
 29838 16845 515237.538   83  732 522998.000 449134.217  14.1%   114  679s
 29840 16846 460426.542   63  823 522998.000 449134.217  14.1%   114  682s
 29842 16848 455823.867   58  800 522998.000 449134.217  14.1%   114  685s
 29844 16849 482272.486   64  819 522998.000 449134.217  14.1%   114  690s
 29847 16851 521018.071   89  789 522998.000 449134.217  14.1%   114  695s
 29849 16852 451841.549   32  792 522998.000 449134.217  14.1%   114  700s
 29851 16854 451158.519   40  764 522998.000 449134.217  14.1%   114  705s
 29854 16856 511269.595   65  774 522998.000 449134.217  14.1%   114  711s
 29856 16857 487172.176   60  816 522998.000 449134.217  14.1%   114  719s
 29857 16858 510615.182  107  867 522998.000 449134.217  14.1%   114  721s
 29860 16860 484434.675   58  843 522998.000 449134.217  14.1%   114  726s
 29862 16861 455106.410   52  858 522998.000 449134.217  14.1%   114  731s
 29864 16862 487889.896   57  827 522998.000 449134.217  14.1%   114  736s
 29868 16865 481241.166   58  891 522998.000 449134.217  14.1%   114  742s
H29868 16020                    522973.00000 449134.217  14.1%   114  745s
H29868 15217                    522968.00000 449134.217  14.1%   114  747s
H29870 14456                    522865.00000 449134.217  14.1%   114  747s
 29872 14458 500821.452   86  777 522865.000 449134.217  14.1%   114  755s
 29874 14459 497970.057   80  756 522865.000 449134.217  14.1%   114  761s
 29876 14460 485760.034   60  757 522865.000 449134.217  14.1%   114  766s
 29878 14462 474718.230   60  768 522865.000 449134.217  14.1%   114  774s
 29879 14462 457954.565   49  865 522865.000 449134.217  14.1%   114  776s
 29881 14464 458942.616   47  820 522865.000 449134.217  14.1%   114  781s
 29883 14465 464695.837   59  841 522865.000 449134.217  14.1%   114  786s
 29884 14466 512269.458   76  754 522865.000 449134.217  14.1%   114  790s
 29886 14467 520221.000  154  768 522865.000 449134.217  14.1%   114  797s
 29888 14468 483891.484   67  885 522865.000 449134.217  14.1%   114  800s
 29890 14470 480941.306   90  850 522865.000 449134.217  14.1%   114  807s
 29892 14471 472234.436   59  870 522865.000 449134.217  14.1%   114  812s
 29893 14472 450976.255   31  765 522865.000 449134.217  14.1%   114  817s
 29894 14472 496853.203   70  820 522865.000 449134.217  14.1%   114  820s
 29896 14474 487914.143  101  859 522865.000 449134.217  14.1%   114  825s
 29898 14475 506153.847   69  858 522865.000 449134.217  14.1%   114  830s
 29900 14476 518257.000  156  865 522865.000 449134.217  14.1%   114  835s
 29901 14477 489758.017   69  771 522865.000 449134.217  14.1%   114  841s
 29903 14478 467837.236   58  809 522865.000 449134.217  14.1%   114  846s
 29905 14480 464982.974   48  790 522865.000 449134.217  14.1%   114  852s
 29907 14481 480344.230   99  771 522865.000 449134.217  14.1%   114  860s
 29909 14482 456765.447   39  782 522865.000 449134.217  14.1%   114  866s
 29911 14484 451963.435   42  813 522865.000 449134.217  14.1%   114  871s
 29913 14485 498949.294   61  790 522865.000 449134.217  14.1%   114  879s
 29914 14486 450615.243   43  826 522865.000 449134.217  14.1%   114  882s
 29915 14486 452529.450   57  803 522865.000 449134.217  14.1%   114  885s
 29917 14488 491089.072  117  793 522865.000 449134.217  14.1%   114  893s
 29918 14488 491633.002   64  849 522865.000 449134.217  14.1%   114  895s
 29920 14490 461384.528   56  841 522865.000 449134.217  14.1%   114  900s
 29923 14492 467164.772   55  792 522865.000 449134.217  14.1%   114  907s
 29924 14492 477551.315   63  846 522865.000 449134.217  14.1%   114  910s
 29926 14494 472180.421   56  845 522865.000 449134.217  14.1%   114  915s
 29928 14495 484782.126   59  852 522865.000 449134.217  14.1%   114  920s
 29930 14496 515235.205   72  890 522865.000 449134.217  14.1%   114  925s
 29932 14498 457369.825   68  840 522865.000 449134.217  14.1%   114  930s
 29934 14499 455230.451   42  845 522865.000 449134.217  14.1%   114  935s
 29936 14500 461913.881   56  853 522865.000 449134.217  14.1%   114  940s
 29937 14501 464873.133   64  767 522865.000 449134.217  14.1%   114  950s
 29939 14502 497889.565   81  801 522865.000 449134.217  14.1%   114  955s
 29941 14504 471159.392   68  833 522865.000 449134.217  14.1%   114  960s
 29943 14505 498287.874   71  783 522865.000 449134.217  14.1%   114  965s
 29946 14507 480110.451   61  770 522865.000 449134.217  14.1%   114  971s
 29948 14508 498769.445   73  796 522865.000 449134.217  14.1%   114  976s
 29950 14510 505590.942   92  779 522865.000 449134.217  14.1%   114  981s
 29953 14512 469302.558   55  806 522865.000 449134.217  14.1%   114  986s
 29956 14514 487172.176   60  802 522865.000 449134.217  14.1%   114  991s
 29958 14515 509696.904   61  853 522865.000 449134.217  14.1%   114  996s
 29960 14516 484434.675   58  762 522865.000 449134.217  14.1%   114 1001s
 29963 14518 458048.436   57  765 522865.000 449134.217  14.1%   114 1006s
 29965 14520 486941.970  106  799 522865.000 449134.217  14.1%   114 1011s
 29967 14521 457714.072   55  838 522865.000 449134.217  14.1%   114 1016s
 29969 14522 489285.744   98  861 522865.000 449134.217  14.1%   114 1021s
 29971 14524 449339.687   44  775 522865.000 449134.217  14.1%   114 1026s
 29973 14525 494139.451  109  784 522865.000 449134.217  14.1%   114 1031s
 29975 14526 486947.051   59  803 522865.000 449134.217  14.1%   114 1036s
 29977 14528 499959.361   93  763 522865.000 449134.217  14.1%   114 1044s
 29978 14528 474718.230   60  861 522865.000 449134.217  14.1%   114 1046s
H29978 13798                    522377.00000 449134.217  14.0%   114 1049s
 29980 13800 453173.052   53  884 522377.000 449134.217  14.0%   114 1052s
 29981 13800 458942.616   47  766 522377.000 449134.217  14.0%   114 1057s
 29983 13802 464695.837   59  814 522377.000 449134.217  14.0%   114 1062s
 29985 13803 494037.246   65  809 522377.000 449134.217  14.0%   114 1068s
 29986 13804 520221.000  154  893 522377.000 449134.217  14.0%   114 1070s
 29987 13804 467305.533   52  827 522377.000 449134.217  14.0%   114 1075s
 29989 13806 455041.739   51  793 522377.000 449134.217  14.0%   114 1080s
 29991 13807 452988.234   45  796 522377.000 449134.217  14.0%   114 1085s
 29993 13808 450976.255   31  761 522377.000 449134.217  14.0%   114 1092s
H29993 13114                    520821.00000 449134.217  13.8%   114 1092s
 29994 13115 496853.203   70  874 520821.000 449134.217  13.8%   114 1095s
 29996 13116 487914.143  101  844 520821.000 449134.217  13.8%   114 1100s
 29997 13117 486575.673   60  812 520821.000 449134.217  13.8%   114 1106s
 29999 13118 515612.466   63  786 520821.000 449134.217  13.8%   114 1114s
 30000 13119 518257.000  156  888 520821.000 449134.217  13.8%   114 1117s
 30001 13120 489758.017   69  784 520821.000 449134.217  13.8%   114 1122s
 30003 13121 467837.236   58  781 520821.000 449134.217  13.8%   114 1129s
 30004 13122 451536.190   60  891 520821.000 449134.217  13.8%   114 1132s
 30005 13122 464982.974   48  804 520821.000 449134.217  13.8%   114 1136s
 30007 13124 480344.230   99  780 520821.000 449134.217  13.8%   114 1142s
 30008 13124 451509.966   50  869 520821.000 449134.217  13.8%   114 1145s
 30010 13126 510888.732  104  875 520821.000 449134.217  13.8%   114 1150s
 30012 13127 449903.195   47  905 520821.000 449134.217  13.8%   114 1155s
 30014 13128 450615.243   43  875 520821.000 449134.217  13.8%   114 1161s
 30016 13130 464998.696   54  901 520821.000 449134.217  13.8%   114 1167s
 30017 13130 491089.072  117  784 520821.000 449134.217  13.8%   114 1170s
 30019 13132 468878.633   49  807 520821.000 449134.217  13.8%   114 1176s
 30021 13133 454766.986   54  789 520821.000 449134.217  13.8%   114 1184s
 30022 13134 490627.029   61  884 520821.000 449134.217  13.8%   114 1187s
 30024 13135 477551.315   63  794 520821.000 449134.217  13.8%   114 1192s
 30027 13142 449134.217   43  718 520821.000 449134.217  13.8%   124 1195s
 30055 13165 450821.731   46  836 520821.000 449134.217  13.8%   126 1200s
H30060 12502                    520629.00000 449134.217  13.7%   126 1200s
 30092 12528 450781.968   48  881 520629.000 449134.217  13.7%   126 1206s
H30094 11900                    520245.00000 449134.217  13.7%   126 1206s
 30109 11916 454936.317   50  725 520245.000 449134.217  13.7%   127 1212s
 30122 11926 453602.276   50  781 520245.000 449134.217  13.7%   127 1215s
H30137 11333                    519848.00000 449134.217  13.6%   127 1220s
H30139 10766                    519578.00000 449134.217  13.6%   127 1220s
 30157 10785 455942.712   53  699 519578.000 449134.217  13.6%   127 1227s
 30170 10789 456461.511   55  668 519578.000 449134.217  13.6%   128 1231s
 30192 10813 456073.437   56  684 519578.000 449134.217  13.6%   128 1237s
 30210 10820 456662.122   58  650 519578.000 449134.217  13.6%   128 1243s
 30223 10831 461184.379   59  694 519578.000 449134.217  13.6%   128 1246s
 30278 10867 463682.255   62  658 519578.000 449134.217  13.6%   129 1250s
 30337 10894 469489.852   66  606 519578.000 449134.217  13.6%   129 1256s
 30396 10936 466554.309   71  561 519578.000 449134.217  13.6%   129 1260s
H30477 10431                    518113.00000 449134.217  13.3%   130 1265s
 30537 10467 473823.040   80  568 518113.000 449134.217  13.3%   130 1271s
H30538  9956                    518077.00000 449134.217  13.3%   130 1271s
 30608  9968 477930.031   85  473 518077.000 449134.217  13.3%   131 1277s
 30683  9997 480050.533   89  466 518077.000 449134.217  13.3%   131 1282s
 30750 10056 493389.474  100  305 518077.000 449134.217  13.3%   132 1287s
H30771  9563                    517737.00000 449134.217  13.3%   132 1287s
H30873  9125                    517145.00000 449134.217  13.2%   132 1294s
 30892  9159 489432.641   92  411 517145.000 449134.217  13.2%   132 1296s
 30941  9170 450228.280   46  823 517145.000 449134.217  13.2%   133 1302s
 31050  9222 450463.703   48  825 517145.000 449134.217  13.2%   133 1309s
 31101  9230 451641.371   49  820 517145.000 449134.217  13.2%   134 1314s
 31144  9299 450572.988   50  808 517145.000 449134.217  13.2%   134 1319s
 31227  9339 450606.896   52  810 517145.000 449134.217  13.2%   134 1324s
 31309  9373 451024.813   55  764 517145.000 449134.217  13.2%   135 1329s
H31311  8934                    517089.00000 449134.217  13.1%   135 1329s
 31373  9009 451763.870   56  756 517089.000 449134.217  13.1%   135 1334s
H31450  8567                    517082.00000 449134.217  13.1%   135 1334s
H31464  8167                    517035.00000 449134.217  13.1%   135 1334s
 31507  8270 451240.462   58  758 517035.000 449134.217  13.1%   135 1338s
H31529  7885                    516969.00000 449134.217  13.1%   135 1338s
H31542  7524                    516880.00000 449134.217  13.1%   135 1338s
 31639  7516 451540.373   60  737 516880.000 449134.217  13.1%   135 1350s
H31666  7167                    516699.00000 449134.217  13.1%   135 1350s
 31705  7277 451800.402   63  730 516699.000 449134.217  13.1%   135 1355s
H31709  6953                    516629.00000 449134.217  13.1%   135 1355s
H31822  6596                    516209.00000 449134.217  13.0%   136 1355s
H31839  6410                    516110.00000 449134.217  13.0%   136 1364s
H31960  6157                    515846.00000 449134.217  12.9%   135 1371s
 32052  6212 452738.701   67  745 515846.000 449134.217  12.9%   136 1375s
H32258  5954                    515593.00000 449134.217  12.9%   137 1379s
 32311  5991 465431.224   72  626 515593.000 449134.217  12.9%   137 1384s
 32403  6033 464221.541   75  593 515593.000 449134.217  12.9%   137 1389s
H32450  5694                    515309.00000 449134.217  12.8%   138 1389s
 32507  5772 470770.442   80  564 515309.000 449134.217  12.8%   138 1393s
 32606  5924 474385.944   89  498 515309.000 449134.217  12.8%   138 1399s
 32853  6036 486225.777  110  450 515309.000 449134.217  12.8%   139 1408s
 33070  6087 510857.988  144  225 515309.000 449316.890  12.8%   139 1411s
 33249  6168 449700.412   47  905 515309.000 449316.890  12.8%   139 1416s
 33451  6357 457613.801   56  713 515309.000 449397.078  12.8%   140 1420s
 33740  6450 450110.676   53  846 515309.000 449397.078  12.8%   140 1426s
 34055  6456 463516.023   68  534 515309.000 449548.918  12.8%   141 1431s
 34182  6447 451009.393   52  804 515309.000 449548.918  12.8%   142 1439s
 34215  7217 452683.080   64  696 515309.000 449548.918  12.8%   143 1446s
 35025  7482 510247.000  169   88 515309.000 449548.918  12.8%   141 1451s
 35695  7448 513035.000  223   45 515309.000 449549.815  12.8%   139 1456s
 36037  7585 453251.891   58  748 515309.000 449646.683  12.7%   140 1462s
 36356  7683 451098.566   54  843 515309.000 449647.808  12.7%   140 1468s
 36616  7837 475878.698   71  515 515309.000 449666.199  12.7%   142 1475s
 36977  7934 450121.492   48  949 515309.000 449678.359  12.7%   143 1482s
 37340  8074 451570.618   47  878 515309.000 449754.697  12.7%   145 1490s
 37735  8159 467322.287   73  523 515309.000 449771.530  12.7%   146 1498s
 38061  8181 453060.841   59  762 515309.000 449799.365  12.7%   148 1505s
 38206  8610 459544.983   69  539 515309.000 449799.365  12.7%   149 1514s
 38570  8488 462320.857   56  708 515309.000 449799.365  12.7%   149 1515s
 38712  8991 506776.027  130  177 515309.000 449802.609  12.7%   149 1523s
 39421  9003 458735.195   68  623 515309.000 449819.946  12.7%   149 1530s
 39803  9131 452248.286   57  796 515309.000 449854.495  12.7%   151 1538s
 40160 10155 453294.728   54  910 515309.000 449886.367  12.7%   153 1550s
 41444 10277 505135.988  139  167 515309.000 449892.217  12.7%   150 1560s
H41874  9826                    515059.00000 449911.672  12.6%   150 1560s
H42111  9272                    514290.00000 449921.965  12.5%   150 1560s
 42180  9436 461647.278   70  668 514290.000 449927.522  12.5%   150 1569s
 42519  9595 457112.915   62  789 514290.000 449953.110  12.5%   151 1577s
 42929  9612 454156.865   54  795 514290.000 449974.733  12.5%   153 1607s
H42931  9092                    512580.00000 449974.733  12.2%   153 1607s
 43042  9324 454162.759   55  810 512580.000 449980.130  12.2%   153 1618s
H43246  9319                    512526.00000 449994.676  12.2%   153 1618s
 43585  9569 456155.984   60  805 512526.000 450022.184  12.2%   154 1627s
 43967  9826 453048.860   58  836 512526.000 450053.184  12.2%   156 1636s
 44363 10150 455017.472   64  710 512526.000 450105.119  12.2%   158 1652s
 44819 10857 450687.641   57  857 512526.000 450138.640  12.2%   159 1679s
H45304 10814                    512486.00000 450144.260  12.2%   160 1679s
 45788 11274 453262.592   55  822 512486.000 450202.850  12.2%   160 1692s
H45939 11253                    512410.00000 450210.846  12.1%   161 1692s
 46444 11686 500595.232   82  447 512410.000 450240.610  12.1%   163 1719s
H46748 11682                    512381.00000 450260.919  12.1%   164 1719s
H47046 11670                    512228.00000 450279.029  12.1%   165 1720s
 47121 12272 475106.328   70  542 512228.000 450291.406  12.1%   165 1744s
 47925 12866 451402.072   50  916 512228.000 450324.982  12.1%   166 1760s
 48761 13777 456796.852   63  744 512228.000 450349.383  12.1%   169 1786s
 49921 14449 453692.473   58  838 512228.000 450380.993  12.1%   170 1806s
 50869 14982 452447.272   52  845 512228.000 450404.294  12.1%   173 1827s
 51651 16070 452546.354   57  837 512228.000 450435.242  12.1%   176 1851s
 53065 16723 452125.934   56  896 512228.000 450463.136  12.1%   176 1873s
 53917 17390 453836.406   58  879 512228.000 450478.639  12.1%   178 1892s
 54892 18120 454348.101   52  781 512228.000 450504.165  12.1%   179 1921s
 55788 18718 451648.200   54  804 512228.000 450514.800  12.0%   181 1940s
 56575 19395 453607.648   58  735 512228.000 450532.202  12.0%   181 1963s
 57629 19467 453545.375   58  846 512228.000 450573.681  12.0%   183 2004s
 57761 19681 454025.764   59  778 512228.000 450573.681  12.0%   183 2041s
 58011 20366 462546.907   70  624 512228.000 450577.531  12.0%   184 2065s
 59128 21070 508370.369  105  347 512228.000 450611.502  12.0%   185 2085s
 60149 21894 452130.184   62  732 512228.000 450643.341  12.0%   186 2114s
H60759 21872                    512183.00000 450643.341  12.0%   187 2114s
H61142 22206                    512003.00000 450643.341  12.0%   187 2162s
 61621 23137 466542.878  102  400 512003.000 450679.796  12.0%   188 2185s
 62836 24204 455233.349   65  684 512003.000 450712.079  12.0%   189 2207s
 64226 25041 454453.443   56  706 512003.000 450728.726  12.0%   189 2227s
 65323 26452 452859.158   54  839 512003.000 450758.182  12.0%   189 2248s
 67044 26460 456156.195   72  708 512003.000 450777.355  12.0%   188 2330s
H67047 26402                    511931.00000 450777.355  11.9%   188 2330s
 67052 26891 456432.220   73  633 511931.000 450782.332  11.9%   188 2350s
H67665 27548                    511907.00000 450794.854  11.9%   188 2371s
 68537 28154 452032.412   55  849 511907.000 450804.924  11.9%   189 2391s
 69390 28777 452205.209   57  817 511907.000 450826.938  11.9%   190 2413s
 70183 29542 452746.256   48  803 511907.000 450838.199  11.9%   190 2431s
 71238 30402 452059.948   56  850 511907.000 450857.903  11.9%   191 2453s
 72298 31176 452293.677   57  835 511907.000 450868.181  11.9%   191 2473s
 73562 31727     cutoff  111      511907.000 450880.535  11.9%   191 2492s
 74356 32531 454266.679   57  736 511907.000 450894.264  11.9%   192 2525s
 75371 33490 455601.352   56  741 511907.000 450901.136  11.9%   193 2551s
 76671 34161 454824.093   67  681 511907.000 450910.996  11.9%   193 2572s
 77543 34839 455966.238   61  622 511907.000 450923.008  11.9%   194 2595s
 78494 35894 453525.450   62  778 511907.000 450938.738  11.9%   195 2624s
 79919 36533 464399.883   62  514 511907.000 450952.379  11.9%   195 2660s
 80878 37377 452520.160   55  745 511907.000 450965.505  11.9%   195 2681s
 81926 38133 452168.561   53  724 511907.000 450979.786  11.9%   195 2706s
 82918 38883 456843.306   66  671 511907.000 450990.623  11.9%   196 2727s
 83920 39461 464510.531   92  464 511907.000 451008.674  11.9%   196 2746s
 84734 39615 452171.981   63  775 511907.000 451023.078  11.9%   197 2799s
 84895 40561 458460.452   70  572 511907.000 451028.038  11.9%   197 2823s
 86199 41209 452338.360   62  794 511907.000 451041.986  11.9%   197 2847s
 87084 41673 455463.374   62  783 511907.000 451067.973  11.9%   198 2885s
 87723 41868 454492.357   62  722 511907.000 451073.293  11.9%   198 2916s
 88002 42980 474912.620   84  481 511907.000 451076.066  11.9%   199 2941s
 89497 43658 455208.929   65  666 511907.000 451097.465  11.9%   198 2959s
 90009 43658 455627.220   60  645 511907.000 451099.015  11.9%   198 2960s
 90341 44202 466919.105   78  564 511907.000 451108.072  11.9%   198 2977s
 91055 44708 452261.335   59  805 511907.000 451120.174  11.9%   199 2994s
 91808 45324 454802.349   55  841 511907.000 451136.833  11.9%   200 3015s
 92628 45809 456877.884   61  831 511907.000 451149.960  11.9%   200 3034s
 93317 46566 452573.127   60  779 511907.000 451165.017  11.9%   201 3058s
 94266 47404 453979.680   61  780 511907.000 451171.543  11.9%   202 3082s
 95414 47412 466829.605   75  559 511907.000 451178.313  11.9%   202 3193s
 95422 47578 467298.420   76  504 511907.000 451183.442  11.9%   202 3233s
 95614 48461 453810.140   65  813 511907.000 451183.785  11.9%   202 3270s
 96716 49461 453761.313   58  675 511907.000 451197.791  11.9%   202 3296s
 97974 50180 453685.012   59  830 511907.000 451214.336  11.9%   202 3337s
 98954 50797 481876.947   84  531 511907.000 451222.785  11.9%   202 3372s
 99735 51533 475244.550   77  508 511907.000 451238.894  11.9%   203 3411s
 100737 52344 452519.663   61  875 511907.000 451251.398  11.8%   203 3435s
 101805 53328 454380.141   61  807 511907.000 451263.961  11.8%   203 3461s
 103044 53882 452059.815   54  766 511907.000 451275.695  11.8%   204 3502s
 103809 54557 455471.303   56  731 511907.000 451295.994  11.8%   204 3553s
 104805 55633 452108.662   62  774 511907.000 451307.286  11.8%   205 3585s
 106377 55932 454086.004   63  658 511907.000 451321.330  11.8%   205 3600s

Cutting planes:
  Learned: 198
  Gomory: 169
  Implied bound: 328
  Projected implied bound: 2
  MIR: 6875
  StrongCG: 9
  Flow cover: 17032
  Inf proof: 1740
  Zero half: 183
  Mod-K: 1
  RLT: 187
  Relax-and-lift: 1781

Explored 106777 nodes (21869011 simplex iterations) in 3600.41 seconds (6015.15 work units)
Thread count was 16 (of 16 available processors)

Solution count 10: 511907 511931 512003 ... 512580

Time limit reached
Best objective 5.119070000000e+05, best bound 4.513213295491e+05, gap 11.8353%
Warning: constraint name "precedence between 0,0 to 1,0 if x_[0,0,1,0,18]=0, i.e. 1,0 before 0,0" has a space
Warning: constraint name "precedence between 0,0 to 1,0 if x_[0,0,1,0,18]=0, i.e. 1,0 before 0,0" has a space
Warning: default constraint names used to write mps file
