
Gurobi 10.0.1 (win64) logging started Sat Aug 26 11:58:44 2023

Set parameter LogFile to value "results//log/MetalMeca_makespan.log"
Gurobi Optimizer version 10.0.1 build v10.0.1rc0 (win64)

CPU model: AMD Ryzen 7 3700X 8-Core Processor, instruction set [SSE2|AVX|AVX2]
Thread count: 8 physical cores, 16 logical processors, using up to 16 threads

Optimize a model with 18596 rows, 88112 columns and 88194 nonzeros
Model fingerprint: 0x711693a0
Variable types: 543 continuous, 87569 integer (87568 binary)
Coefficient statistics:
  Matrix range     [1e+00, 1e+06]
  Objective range  [1e+00, 1e+00]
  Bounds range     [1e+00, 1e+00]
  RHS range        [1e+00, 3e+06]
Presolve removed 948 rows and 82761 columns
Presolve time: 0.24s
Presolved: 17648 rows, 5351 columns, 77575 nonzeros
Variable types: 543 continuous, 4808 integer (4807 binary)

Root relaxation: objective 4.008600e+05, 1882 iterations, 0.04 seconds (0.06 work units)

    Nodes    |    Current Node    |     Objective Bounds      |     Work
 Expl Unexpl |  Obj  Depth IntInf | Incumbent    BestBd   Gap | It/Node Time

     0     0 400860.000    0  290          - 400860.000      -     -    0s
     0     0 405890.215    0  367          - 405890.215      -     -    2s
     0     0 427121.322    0  417          - 427121.322      -     -    2s
     0     0 427121.322    0  423          - 427121.322      -     -    2s
     0     0 427121.322    0  427          - 427121.322      -     -    2s
     0     0 427121.322    0  423          - 427121.322      -     -    2s
     0     0 432960.000    0  384          - 432960.000      -     -    3s
H    0     0                    579525.00000 434191.655  25.1%     -    4s
H    0     0                    577975.00000 434191.655  24.9%     -    4s
     0     0 434191.655    0  387 577975.000 434191.655  24.9%     -    4s
     0     0 434962.755    0  377 577975.000 434962.755  24.7%     -    4s
     0     0 434971.261    0  383 577975.000 434971.261  24.7%     -    4s
     0     0 434971.883    0  380 577975.000 434971.883  24.7%     -    4s
H    0     0                    577681.00000 437530.211  24.3%     -    5s
H    0     0                    557419.00000 437530.211  21.5%     -    5s
     0     0 437531.000    0  393 557419.000 437531.000  21.5%     -    6s
H    0     0                    557031.00000 437857.560  21.4%     -    9s
H    0     0                    551050.00000 437857.560  20.5%     -    9s
     0     0 437857.560    0  377 551050.000 437857.560  20.5%     -    9s
     0     0 437857.560    0  377 551050.000 437857.560  20.5%     -    9s
     0     0 437897.055    0  400 551050.000 437897.055  20.5%     -    9s
     0     0 437947.587    0  403 551050.000 437947.587  20.5%     -    9s
     0     0 437978.513    0  411 551050.000 437978.513  20.5%     -    9s
     0     0 437978.513    0  411 551050.000 437978.513  20.5%     -    9s
     0     0 437981.105    0  414 551050.000 437981.105  20.5%     -    9s
     0     0 437981.105    0  414 551050.000 437981.105  20.5%     -    9s
     0     0 439712.000    0  349 551050.000 439712.000  20.2%     -   12s
H    0     0                    550447.00000 439712.000  20.1%     -   12s
     0     0 440029.967    0  396 550447.000 440029.967  20.1%     -   13s
     0     0 440125.717    0  408 550447.000 440125.717  20.0%     -   13s
     0     0 440286.726    0  424 550447.000 440286.726  20.0%     -   13s
     0     0 440311.303    0  439 550447.000 440311.303  20.0%     -   13s
     0     0 440328.723    0  421 550447.000 440328.723  20.0%     -   14s
     0     0 440341.428    0  428 550447.000 440341.428  20.0%     -   14s
     0     0 440343.875    0  431 550447.000 440343.875  20.0%     -   14s
H    0     0                    547046.00000 440343.875  19.5%     -   14s
     0     0 442025.000    0  399 547046.000 442025.000  19.2%     -   17s
     0     0 442025.000    0  462 547046.000 442025.000  19.2%     -   19s
H    0     0                    543346.00000 442025.000  18.6%     -   22s
     0     0 442025.000    0  290 543346.000 442025.000  18.6%     -   23s
H    0     0                    543313.00000 442025.000  18.6%     -   23s
H    0     0                    542726.00000 442025.000  18.6%     -   23s
     0     0 442025.000    0  375 542726.000 442025.000  18.6%     -   24s
     0     0 442128.000    0  490 542726.000 442128.000  18.5%     -   28s
H    0     0                    542588.00000 442128.000  18.5%     -   30s
     0     0 442128.000    0  435 542588.000 442128.000  18.5%     -   32s
     0     2 442128.000    0  430 542588.000 442128.000  18.5%     -   37s
    15    24 445002.299    4  529 542588.000 444324.714  18.1%   945   41s
    31    40 445078.232    5  527 542588.000 444769.849  18.0%   988   54s
H   35    40                    541841.00000 444791.803  17.9%   893   54s
    60    73 445309.097    7  527 541841.000 444809.273  17.9%   652   55s
H   72    84                    539057.00000 444809.273  17.5%   603   55s
H  120   132                    539055.00000 444809.273  17.5%   524   57s
   173   175 445820.125   15  509 539055.000 444809.273  17.5%   431   60s
H  175   175                    535782.00000 444809.273  17.0%   427   60s
   388   358 450805.725   22  485 535782.000 444809.273  17.0%   305   67s
   694   587 455926.993   48  438 535782.000 444809.273  17.0%   234   70s
H 1241   953                    535781.00000 444809.273  17.0%   197   73s
  1656  1210 494899.007  189  149 535781.000 444809.273  17.0%   171   75s
H 2319  1551                    535780.00000 444826.183  17.0%   142   78s
  2702  1889 446251.131    9  501 535780.000 444826.183  17.0%   131   80s
  3225  2013 474876.000  158  435 535780.000 444826.183  17.0%   118   92s
H 3226  1913                    535706.00000 444826.183  17.0%   118   95s
  3228  1914 500799.000  199  248 535706.000 444826.183  17.0%   118  105s
H 3229  1819                    535705.00000 444826.183  17.0%   118  117s
  3235  1823 493918.000  186  487 535705.000 445788.000  16.8%   118  127s
  3236  1823 520614.000  144  526 535705.000 445858.819  16.8%   118  133s
  3237  1824 450528.758   11  519 535705.000 445859.280  16.8%   118  135s
H 3237  1733                    535397.00000 446200.000  16.7%   118  139s
  3239  1734 451739.000   34  486 535397.000 446200.000  16.7%   118  143s
  3240  1735 452746.915   52  460 535397.000 446238.000  16.7%   117  152s
  3241  1736 480273.609   44  505 535397.000 446238.000  16.7%   117  156s
H 3241  1649                    534655.00000 446619.000  16.5%   117  163s
  3243  1650 452739.103   65  519 534655.000 446686.889  16.5%   117  165s
H 3248  1569                    534654.00000 447075.000  16.4%   117  171s
  3250  1571 495832.000  181  500 534654.000 447075.000  16.4%   117  176s
H 3250  1492                    534653.00000 447163.000  16.4%   117  182s
H 3250  1417                    534342.00000 447163.000  16.3%   117  184s
  3252  1418 493820.000  101  458 534342.000 447163.000  16.3%   117  188s
  3253  1419 506122.000  102  281 534342.000 447163.000  16.3%   117  202s
  3254  1419 491850.461   43  391 534342.000 447163.000  16.3%   117  206s
  3255  1420 449425.401   45  398 534342.000 447163.000  16.3%   117  221s
  3256  1421 452156.311   57  378 534342.000 447163.000  16.3%   117  231s
  3260  1424 510188.000  208  135 534342.000 447163.000  16.3%   153  236s
  3261  1425 515859.000  285  179 534342.000 447163.000  16.3%   153  242s
  3263  1426 447163.000    7  182 534342.000 447163.000  16.3%   153  251s
  3264  1427 525436.000  324  332 534342.000 447163.000  16.3%   153  256s
  3265  1428 491262.000   52  391 534342.000 447163.000  16.3%   153  264s
  3266  1428 502392.000  209  343 534342.000 447163.000  16.3%   153  312s
  3267  1429 496359.517   65  343 534342.000 447163.000  16.3%   153  320s
H 3267  1359                    534340.00000 447163.000  16.3%  45.9  321s
  3282  1376 447163.000   32  700 534340.000 447163.000  16.3%  58.6  326s
H 3298  1319                    534339.00000 447163.000  16.3%  73.1  348s
H 3299  1253                    533949.00000 447163.000  16.3%  73.3  348s
H 3301  1192                    533271.00000 447163.000  16.1%  74.9  348s
  3328  1219 447163.000   34  508 533271.000 447163.000  16.1%  76.6  350s
H 3344  1194                    532426.00000 447163.000  16.0%  77.0  350s
H 3437  1246                    532425.00000 447163.000  16.0%  83.8  358s
H 3449  1190                    532357.00000 447163.000  16.0%  88.2  358s
H 3451  1140                    531546.00000 447163.000  15.9%  90.3  358s
  3525  1250 448200.663   40  508 531546.000 447163.000  15.9%  99.0  374s
H 3560  1190                    531543.00000 447163.000  15.9%   105  374s
H 3566  1143                    531413.00000 447163.000  15.9%   108  374s
H 3655  1071                    530724.00000 447163.000  15.7%   116  374s
  3700  1252 448884.775   48  459 530724.000 447163.000  15.7%   119  386s
  4023  1265 449701.482   57  494 530724.000 447163.000  15.7%   133  396s
H 4051  1215                    530572.00000 447163.000  15.7%   138  396s
  4207  1347 450754.529   63  471 530572.000 447163.000  15.7%   153  410s
  4602  1416 451574.032   69  453 530572.000 447163.000  15.7%   161  417s
  4970  1497 456895.653   81  344 530572.000 447163.000  15.7%   165  426s
H 5365  1491                    530571.00000 447163.000  15.7%   169  441s
H 5679  1458                    530474.00000 447163.000  15.7%   167  441s
  5710  1646 462590.521  110  241 530474.000 447163.000  15.7%   169  457s
  5998  1840 464163.000  126  231 530474.000 447163.000  15.7%   169  471s
  6325  2200 474812.844  143  169 530474.000 447163.000  15.7%   169  481s
  6964  2475 506909.466  246   90 530474.000 447163.000  15.7%   170  505s
H 7259  2475                    530472.00000 447163.000  15.7%   164  505s
H 7274  2475                    529982.00000 447163.000  15.6%   165  505s
  7467  2732 infeasible  340      529982.000 447163.000  15.6%   164  515s
  8015  3007 450020.217   40  512 529982.000 447163.000  15.6%   164  524s
  8539  3134 447867.214   40  552 529982.000 447163.000  15.6%   166  540s
  8706  3509 449018.260   52  483 529982.000 447163.000  15.6%   168  555s
  9539  3938 447880.840   42  546 529982.000 447163.000  15.6%   164  567s
 10398  4136 448830.811   43  594 529982.000 447163.000  15.6%   163  586s
 10596  4685 449697.270   54  468 529982.000 447163.000  15.6%   166  597s
 11306  5061 449159.871   36  608 529982.000 447163.000  15.6%   170  606s
 11951  5393 450276.801   51  572 529982.000 447163.000  15.6%   172  620s
 12600  5685 447941.630   38  563 529982.000 447163.000  15.6%   174  636s
 13017  5843 448906.214   36  549 529982.000 447163.000  15.6%   178  654s
H13027  5836                    529353.00000 447163.000  15.5%   178  654s
 13202  6039 470170.879   49  464 529353.000 447163.000  15.5%   179  662s
H13339  6039                    529352.00000 447163.000  15.5%   180  662s
H13505  5987                    528312.00000 447163.000  15.4%   180  662s
 13562  6252 452254.714   48  521 528312.000 447163.000  15.4%   181  679s
H13564  6248                    528035.00000 447163.000  15.3%   181  679s
H13692  6245                    527940.00000 447163.000  15.3%   182  679s
H13822  6221                    527526.00000 447163.000  15.2%   182  679s
 13960  6446 448633.695   43  602 527526.000 447163.000  15.2%   183  699s
 14283  6705 450226.817   42  582 527526.000 447163.000  15.2%   187  717s
 14689  7070 450013.800   53  521 527526.000 447163.000  15.2%   190  726s
H14789  7059                    527329.00000 447163.000  15.2%   191  726s
 15206  7382 452799.871   44  492 527329.000 447163.000  15.2%   194  747s
H15643  7380                    527311.00000 447163.000  15.2%   196  747s
 15670  7728 450014.826   42  585 527311.000 447163.000  15.2%   196  763s
H15778  7716                    527095.00000 447163.000  15.2%   197  763s
H15843  7654                    526771.00000 447163.000  15.1%   197  763s
H16154  8318                    526651.00000 447163.000  15.1%   199  778s
H17380  8569                    526650.00000 447163.000  15.1%   197  804s
H17380  8464                    526322.00000 447163.000  15.0%   197  804s
H17429  8462                    526280.00000 447163.000  15.0%   198  804s
H17757  8452                    526064.00000 447163.000  15.0%   198  804s
 17807  8950 449109.255   44  575 526064.000 447163.000  15.0%   199  816s
H18090  8950                    525941.00000 447163.000  15.0%   199  816s
H18569  9320                    525888.00000 447163.000  15.0%   199  839s
 19116  9689 447938.781   41  618 525888.000 447163.000  15.0%   200  854s
H19230  9689                    525886.00000 447163.000  15.0%   201  854s
H19286  9688                    525851.00000 447163.000  15.0%   201  854s
H19384  9678                    525562.00000 447163.000  14.9%   201  854s
H19619 10227                    525516.00000 447163.000  14.9%   202  876s
H19809 10226                    525491.00000 447214.535  14.9%   203  876s
H20350 10976                    525489.00000 447263.589  14.9%   204  899s
H21307 10974                    525468.00000 447275.468  14.9%   201  900s
H21796 11381                    525409.00000 447314.616  14.9%   199  924s
 22354 11955 458854.693   61  473 525409.000 447410.551  14.8%   200  943s
H22446 11954                    525375.00000 447410.551  14.8%   200  943s
H22978 11948                    525238.00000 447477.071  14.8%   201  943s
 23218 12312 451845.709   44  551 525238.000 447558.271  14.8%   202  970s
H23262 12305                    525157.00000 447558.271  14.8%   202  970s
H23694 12239                    524388.00000 447635.685  14.6%   203  970s
H23778 12785                    524318.00000 447635.685  14.6%   203  993s
H24144 12759                    523947.00000 447667.185  14.6%   203  993s
H24638 13294                    523922.00000 447743.344  14.5%   203 1024s
H24728 13103                    521910.00000 447771.680  14.2%   203 1024s
 25381 13785 452158.227   51  515 521910.000 447816.353  14.2%   204 1056s
H25590 13771                    521801.00000 447816.353  14.2%   204 1056s
H25691 13720                    521131.00000 447832.997  14.1%   204 1056s
 26383 14109 449457.822   42  540 521131.000 447881.239  14.1%   204 1089s
H26695 14107                    521066.00000 447887.985  14.0%   204 1089s
 26949 15154 449218.710   41  568 521066.000 447911.821  14.0%   204 1106s
H28701 15897                    521065.00000 447936.286  14.0%   201 1128s
H29819 16600                    521063.00000 447958.441  14.0%   201 1143s
 30810 17376 457278.554   49  434 521063.000 447992.278  14.0%   203 1156s
H31911 18011                    521060.00000 448020.686  14.0%   203 1180s
 33158 18740 486830.189   89  224 521060.000 448038.693  14.0%   200 1192s
 34343 19380 464394.717   69  383 521060.000 448062.111  14.0%   198 1202s
 35218 20148 448479.451   35  596 521060.000 448070.687  14.0%   198 1213s
 36387 20666 451611.005   54  431 521060.000 448081.465  14.0%   197 1223s
 37259 21234 475837.826   68  286 521060.000 448092.249  14.0%   196 1233s
 38256 21651 450637.616   49  508 521060.000 448118.997  14.0%   195 1241s
 38943 22070 451880.325   42  487 521060.000 448148.167  14.0%   195 1267s
 39583 22522 452891.464   49  504 521060.000 448159.165  14.0%   195 1277s
 40249 23157 469839.756   71  378 521060.000 448174.430  14.0%   196 1286s
 41079 23799 514486.705   94  189 521060.000 448187.854  14.0%   197 1299s
 42272 24244 451836.767   44  507 521060.000 448195.274  14.0%   195 1309s
H42416 24224                    520842.00000 448196.168  13.9%   195 1309s
 42905 24659 482519.563   71  311 520842.000 448216.443  13.9%   196 1326s
H42963 24648                    520754.00000 448216.443  13.9%   196 1326s
H43109 24645                    520742.00000 448217.083  13.9%   196 1326s
H43454 25380                    520482.00000 448218.629  13.9%   197 1340s
 44655 26023 451199.222   44  529 520482.000 448225.472  13.9%   195 1354s
H45057 26023                    520481.00000 448229.988  13.9%   196 1354s
H45374 26020                    520457.00000 448231.490  13.9%   195 1354s
H45605 25964                    519974.00000 448234.146  13.8%   195 1354s
 45718 26398 448447.460   35  531 519974.000 448245.821  13.8%   196 1371s
H45789 26397                    519949.00000 448245.821  13.8%   196 1371s
H46084 26397                    519935.00000 448250.440  13.8%   196 1371s
 46342 27414 469182.561   51  414 519935.000 448259.394  13.8%   196 1391s
H46348 27402                    519832.00000 448259.394  13.8%   196 1391s
H48037 27900                    519831.00000 448273.053  13.8%   194 1401s
H48037 27865                    519589.00000 448273.053  13.7%   194 1401s
H48351 27818                    519290.00000 448282.470  13.7%   194 1401s
 48812 28384 497316.246  107  163 519290.000 448289.371  13.7%   193 1411s
H49819 28771                    519267.00000 448300.248  13.7%   193 1425s
 50356 29258 454730.811   46  508 519267.000 448305.755  13.7%   193 1435s
H50994 29239                    519071.00000 448314.827  13.6%   193 1436s
H51128 29678                    519023.00000 448316.253  13.6%   193 1448s
H51196 29674                    518980.00000 448323.410  13.6%   193 1448s
H51818 29652                    518866.00000 448326.912  13.6%   193 1448s
 51955 30202 449836.205   38  510 518866.000 448330.315  13.6%   193 1459s
 52805 30768 458049.338   65  397 518866.000 448350.829  13.6%   192 1471s
H53597 30764                    518824.00000 448356.174  13.6%   192 1471s
H53685 30763                    518813.00000 448356.756  13.6%   192 1471s
 53825 31355 513963.608  114  189 518813.000 448360.266  13.6%   192 1483s
 54836 31754 449995.682   45  567 518813.000 448372.834  13.6%   191 1496s
H55131 31748                    518770.00000 448372.834  13.6%   191 1496s
 55431 32255 460330.783   64  405 518770.000 448373.990  13.6%   191 1507s
H56314 32695                    518768.00000 448377.054  13.6%   191 1519s
 56915 33177 449251.840   49  537 518768.000 448389.989  13.6%   191 1531s
H57643 33659                    518767.00000 448394.618  13.6%   192 1542s
 58447 34164 449132.895   39  552 518767.000 448413.140  13.6%   192 1552s
H58709 34154                    518688.00000 448416.283  13.5%   192 1552s
 59163 34780 459256.181   56  495 518688.000 448423.350  13.5%   192 1571s
H59351 34780                    518681.00000 448424.427  13.5%   192 1571s
H59544 34773                    518645.00000 448428.239  13.5%   193 1572s
 59977 35436 464188.228   70  294 518645.000 448433.458  13.5%   193 1586s
H60369 35432                    518615.00000 448434.842  13.5%   193 1586s
H60648 35369                    518215.00000 448437.068  13.5%   193 1586s
H60955 36018                    518202.00000 448451.000  13.5%   193 1610s
H61987 36654                    518201.00000 448462.176  13.5%   194 1630s
H61987 36636                    518127.00000 448462.176  13.4%   194 1630s
 62858 37212 449231.328   47  573 518127.000 448470.213  13.4%   194 1653s
H62980 37207                    518073.00000 448470.213  13.4%   194 1653s
 63687 37897 458359.598   58  432 518073.000 448477.416  13.4%   195 1670s
 64811 38498 451595.138   46  528 518073.000 448487.396  13.4%   195 1685s
H64917 38494                    518065.00000 448487.396  13.4%   195 1685s
H65670 39084                    518043.00000 448498.089  13.4%   195 1707s
H65769 39079                    517990.00000 448499.423  13.4%   195 1707s
 66523 40027 450125.788   44  527 517990.000 448508.132  13.4%   195 1732s
H66745 40018                    517929.00000 448508.132  13.4%   195 1732s
H68006 40499                    517927.00000 448513.439  13.4%   194 1762s
H68099 40490                    517866.00000 448513.722  13.4%   194 1762s
 68677 41174 450976.687   42  468 517866.000 448523.685  13.4%   195 1793s
H68907 41172                    517860.00000 448523.685  13.4%   195 1793s
H69143 41171                    517854.00000 448524.837  13.4%   195 1793s
H69323 41171                    517850.00000 448525.134  13.4%   194 1793s
 69827 41892 461360.012   61  437 517850.000 448528.889  13.4%   194 1814s
H70221 41891                    517834.00000 448530.935  13.4%   194 1814s
 71034 42424 455510.328   53  468 517834.000 448535.408  13.4%   194 1837s
H71757 42423                    517827.00000 448536.819  13.4%   194 1837s
 71912 43172 450332.525   50  622 517827.000 448541.859  13.4%   194 1861s
H73238 43344                    517826.00000 448546.883  13.4%   193 1918s
H73238 43336                    517791.00000 448546.883  13.4%   193 1918s
 73499 43933 474991.000  105  205 517791.000 448548.376  13.4%   192 1941s
H74029 43932                    517785.00000 448549.454  13.4%   192 1941s
H74278 43932                    517784.00000 448551.440  13.4%   192 1941s
 74517 44652 466545.403   63  377 517784.000 448552.065  13.4%   192 1959s
H75503 45068                    517776.00000 448557.154  13.4%   192 1979s
H75992 45067                    517771.00000 448562.971  13.4%   193 1979s
H76096 45067                    517769.00000 448563.100  13.4%   193 1979s
 76156 45720 449178.960   41  578 517769.000 448569.043  13.4%   193 1998s
H76356 45720                    517757.00000 448569.043  13.4%   192 1998s
 77187 46385 507453.579  105  182 517757.000 448573.974  13.4%   193 2022s
 78222 46914 449669.637   51  476 517757.000 448583.515  13.4%   192 2037s
 79106 47277 509751.616   97  207 517757.000 448590.687  13.4%   192 2064s
 79616 48139 449914.299   44  559 517757.000 448597.259  13.4%   193 2084s
 81093 48212 450232.848   40  560 517757.000 448609.923  13.4%   192 2124s
 81166 48724 480640.934   67  309 517757.000 448614.642  13.4%   192 2137s
 81934 49230 501396.641   90  209 517757.000 448626.247  13.4%   193 2159s
 82677 49880 449928.090   39  510 517757.000 448631.586  13.4%   193 2175s
 83615 50403 452106.074   55  463 517757.000 448634.420  13.4%   194 2198s
 84358 51010 449974.877   38  576 517757.000 448643.875  13.3%   194 2223s
 85448 51018 457125.381   71  432 517757.000 448649.227  13.3%   194 2359s
 85456 51538 457546.231   72  394 517757.000 448649.887  13.3%   194 2382s
 86318 51995 449307.043   40  518 517757.000 448659.149  13.3%   194 2404s
 87064 52644 infeasible   98      517757.000 448667.882  13.3%   195 2423s
 87957 53243 451692.626   52  531 517757.000 448675.686  13.3%   195 2438s
 88885 53850 452054.435   39  542 517757.000 448689.051  13.3%   195 2459s
 89871 53978 471875.525   58  446 517757.000 448692.846  13.3%   195 2516s
H89926 53954                    517645.00000 448692.846  13.3%   195 2516s
 90042 56643 449632.180   38  621 517645.000 448694.855  13.3%   195 2601s
 94111 57646 452330.484   40  600 517645.000 448738.726  13.3%   196 2627s
H94757 57645                    517643.00000 448740.487  13.3%   196 2627s
H95946 58249                    517641.00000 448747.800  13.3%   195 2643s
 96877 58853 451083.339   45  564 517641.000 448754.322  13.3%   195 2660s
H97740 59500                    517639.00000 448758.895  13.3%   196 2677s
H97740 59499                    517637.00000 448758.895  13.3%   196 2677s
H98068 59491                    517565.00000 448762.178  13.3%   196 2677s
 98681 60332 455050.771   45  500 517565.000 448772.909  13.3%   196 2699s
 100094 60860 449552.981   46  593 517565.000 448781.829  13.3%   196 2716s
 100897 61444 463869.680   56  458 517565.000 448789.455  13.3%   196 2737s
 101754 62151 471346.865   69  350 517565.000 448799.682  13.3%   196 2758s
 102858 62734 484668.334   70  311 517565.000 448803.921  13.3%   196 2783s
 103728 63299 450090.238   47  581 517565.000 448808.178  13.3%   196 2806s
 104508 63347 503961.000   89  186 517565.000 448812.139  13.3%   197 2851s
 104571 68576 503961.000   90  183 517565.000 448814.441  13.3%   197 3007s
 112579 69134 477451.096   66  343 517565.000 448869.526  13.3%   198 3031s
 113476 70020 450588.028   41  591 517565.000 448876.681  13.3%   198 3053s
 114904 70725 451247.984   40  523 517565.000 448885.312  13.3%   198 3071s
 115902 71623 450384.167   46  522 517565.000 448890.625  13.3%   198 3092s
 117134 72347 453698.647   53  497 517565.000 448900.029  13.3%   199 3117s
 118156 72960 490811.557   93  231 517565.000 448905.932  13.3%   199 3136s
 119085 73905 452603.068   46  475 517565.000 448912.391  13.3%   199 3157s
 120406 74532 452226.684   62  541 517565.000 448915.024  13.3%   199 3172s
 121450 74947 508705.020   95  239 517565.000 448918.466  13.3%   199 3187s
 122084 75516 450443.007   50  594 517565.000 448923.588  13.3%   199 3203s
 122905 76088 451206.904   48  602 517565.000 448927.716  13.3%   199 3223s
 123745 76527 510377.595   86  213 517565.000 448933.874  13.3%   199 3248s
 124404 77145 449143.247   39  606 517565.000 448936.029  13.3%   199 3266s
 125236 77476 493774.814   71  297 517565.000 448940.463  13.3%   200 3284s
 125682 78136 493826.615   72  259 517565.000 448941.455  13.3%   200 3303s
 126730 78952 451405.803   42  556 517565.000 448947.866  13.3%   200 3324s
 127977 79630 470334.578   64  382 517565.000 448951.153  13.3%   200 3343s
 129009 80141 450106.540   39  624 517565.000 448956.619  13.3%   200 3360s
 129802 80663 458104.287   50  540 517565.000 448961.345  13.3%   200 3383s
H130656 81225                    517404.00000 448964.578  13.2%   200 3401s
 131606 81727 449457.069   47  601 517404.000 448974.656  13.2%   201 3428s
H132205 81725                    517396.00000 448977.139  13.2%   201 3428s
 132301 82276 461282.727   69  396 517396.000 448979.354  13.2%   201 3456s
H133225 82850                    517394.00000 448984.768  13.2%   201 3480s
 134042 83385 450042.752   40  589 517394.000 448991.225  13.2%   201 3518s
H134202 83296                    517097.00000 448992.595  13.2%   201 3518s
 134956 84085 450983.802   50  560 517097.000 448995.990  13.2%   201 3543s
 136262 84207 450558.581   49  578 517097.000 448999.864  13.2%   201 3571s
H136273 84207                    517095.00000 448999.864  13.2%   201 3571s
H136273 84191                    517011.00000 448999.864  13.2%   201 3571s
H136298 84189                    516999.00000 448999.864  13.2%   201 3571s
H136306 84149                    516829.00000 448999.864  13.1%   201 3571s
 136413 84695 459372.878   60  436 516829.000 449000.291  13.1%   201 3595s
H136504 84674                    516744.00000 449001.792  13.1%   201 3595s
H136741 84671                    516732.00000 449002.692  13.1%   201 3596s
 137253 85501 450098.592   43  481 516732.000 449008.001  13.1%   201 3646s
H137764 85473                    516647.00000 449009.193  13.1%   201 3647s
H138240 85447                    516576.00000 449010.289  13.1%   201 3647s
 138455 86113 450551.512   40  615 516576.000 449013.702  13.1%   201 3675s
H139230 85629                    515224.00000 449014.382  12.9%   201 3675s
 139587 86169 452515.861   51  539 515224.000 449018.878  12.8%   201 3702s
H139795 86125                    515139.00000 449018.930  12.8%   201 3702s
 140339 86625 456048.304   61  491 515139.000 449022.141  12.8%   201 3738s
 141133 86872 450908.738   56  507 515139.000 449030.141  12.8%   201 3865s
H141303 86872                    515138.00000 449030.550  12.8%   201 3865s
 141479 87378 453197.797   40  514 515138.000 449032.813  12.8%   202 3893s
H142135 87374                    515133.00000 449037.131  12.8%   202 3894s
 142212 88305     cutoff   75      515133.000 449037.314  12.8%   202 3921s
 143368 88609 463784.740   60  364 515133.000 449038.841  12.8%   202 3979s
H143462 88609                    515131.00000 449038.841  12.8%   202 3979s
 143786 89394 469151.088   62  398 515131.000 449040.406  12.8%   202 4002s
H145078 90247                    515129.00000 449045.704  12.8%   202 4035s
H146595 90905                    515128.00000 449049.781  12.8%   202 4065s
H147619 91552                    515127.00000 449056.151  12.8%   202 4101s
H148622 92205                    515125.00000 449063.126  12.8%   202 4122s
H149639 92745                    515123.00000 449067.214  12.8%   202 4141s
 150410 93356 453505.811   41  514 515123.000 449072.741  12.8%   202 4169s
H151279 94345                    515121.00000 449083.944  12.8%   202 4197s
H152959 94619                    514919.00000 449087.774  12.8%   201 4238s
 153518 95389 451581.674   61  500 514919.000 449093.193  12.8%   201 4261s
H154752 95997                    514918.00000 449097.668  12.8%   201 4281s
 155669 96644 449938.003   51  566 514918.000 449104.749  12.8%   201 4310s
H156521 97203                    514916.00000 449108.657  12.8%   201 4331s
 157330 98168 452378.178   48  513 514916.000 449115.294  12.8%   201 4360s
H159082 98640                    514914.00000 449119.988  12.8%   201 4395s
 159790 99268 455314.000   71  346 514914.000 449125.386  12.8%   201 4419s
H160914 99718                    514913.00000 449131.182  12.8%   201 4448s
H160914 99689                    514854.00000 449131.182  12.8%   201 4448s
H160982 99362                    514209.00000 449131.877  12.7%   201 4448s
H161150 99347                    514162.00000 449132.824  12.6%   201 4448s
H161324 99273                    514017.00000 449133.690  12.6%   201 4448s
 161513 99782 460910.076   59  398 514017.000 449135.013  12.6%   201 4474s
H161594 99778                    513999.00000 449135.013  12.6%   201 4474s
H161808 99773                    513987.00000 449137.205  12.6%   201 4474s
H162181 99709                    513873.00000 449139.104  12.6%   201 4474s
 162284 100245 452213.446   52  549 513873.000 449141.114  12.6%   201 4511s
H162406 100238                    513861.00000 449141.114  12.6%   201 4511s
 163083 100793 453811.595   50  516 513861.000 449143.383  12.6%   201 4562s
H163549 100784                    513835.00000 449144.598  12.6%   201 4562s
 163829 101377 468210.399   62  297 513835.000 449145.990  12.6%   201 4589s
H164742 102080                    513834.00000 449151.314  12.6%   201 4631s
H164742 102079                    513832.00000 449151.314  12.6%   201 4631s
H164872 102004                    513713.00000 449151.331  12.6%   201 4631s
 165775 102745 451253.211   41  574 513713.000 449160.423  12.6%   201 4673s
 166986 103411 451074.145   46  619 513713.000 449166.747  12.6%   201 4715s
H167435 103403                    513700.00000 449167.991  12.6%   202 4715s
H167974 103970                    513688.00000 449171.269  12.6%   202 4757s
H168476 103739                    513312.00000 449174.429  12.5%   202 4758s
H168810 104369                    513260.00000 449178.155  12.5%   202 4802s
H169380 104333                    513216.00000 449179.100  12.5%   202 4803s
 169780 104954 452067.639   40  564 513216.000 449182.073  12.5%   202 4843s
H170154 104876                    513101.00000 449182.950  12.5%   202 4843s
H170652 105692                    513083.00000 449186.569  12.5%   202 4899s
H171137 105667                    513054.00000 449187.819  12.4%   202 4899s
 171257 105667 465408.952   54  410 513054.000 449188.261  12.4%   203 4900s
H171868 105636                    513007.00000 449191.606  12.4%   202 5025s
 171876 106255 453552.091   42  572 513007.000 449191.729  12.4%   202 5063s
H172664 106242                    512984.00000 449196.449  12.4%   203 5063s
H172741 106766                    512816.00000 449196.449  12.4%   203 5103s
H172948 106752                    512803.00000 449197.003  12.4%   203 5104s
 173722 107404 453324.528   40  574 512803.000 449203.103  12.4%   203 5151s
H174182 107382                    512779.00000 449204.151  12.4%   203 5152s
H174650 108056                    512739.00000 449210.085  12.4%   203 5197s
H175502 108026                    512691.00000 449212.257  12.4%   203 5197s
 175615 108854 451114.493   44  467 512691.000 449216.325  12.4%   204 5241s
 177019 109436 450267.451   42  575 512691.000 449220.147  12.4%   203 5283s
H177150 109435                    512689.00000 449220.147  12.4%   203 5283s
H177903 110068                    512618.00000 449226.548  12.4%   204 5335s
 178956 110637 451207.923   47  548 512618.000 449233.373  12.4%   204 5375s
H179813 110633                    512616.00000 449234.539  12.4%   204 5376s
 179924 111182 450240.870   40  571 512616.000 449238.900  12.4%   204 5414s
H180403 111113                    512528.00000 449240.505  12.3%   204 5414s
H180712 112029                    512421.00000 449243.119  12.3%   204 5444s
 182184 112733 456904.507   65  425 512421.000 449245.644  12.3%   204 5481s
H182316 112733                    512420.00000 449245.644  12.3%   204 5481s
H183473 113313                    512419.00000 449247.128  12.3%   203 5556s
 184311 113767 488530.067   65  282 512419.000 449250.679  12.3%   203 5595s
H184972 114424                    512418.00000 449252.962  12.3%   204 5626s
H185230 114409                    512391.00000 449253.255  12.3%   204 5627s
H186052 114998                    512383.00000 449261.768  12.3%   204 5653s
 186925 115832 451408.830   42  572 512383.000 449269.500  12.3%   204 5689s
 188409 116471 451488.699   40  555 512383.000 449274.920  12.3%   204 5728s
 189269 116552 450709.961   38  613 512383.000 449280.902  12.3%   204 5732s

Cutting planes:
  Learned: 883
  Gomory: 158
  Lift-and-project: 104
  Implied bound: 959
  Projected implied bound: 8
  MIR: 7573
  Flow cover: 28235
  Inf proof: 1997
  RLT: 1080
  Relax-and-lift: 5613

Explored 189350 nodes (39043347 simplex iterations) in 5732.97 seconds (9981.16 work units)
Thread count was 16 (of 16 available processors)

Solution count 10: 512383 512391 512418 ... 512689

Solve interrupted
Best objective 5.123830000000e+05, best bound 4.492810000000e+05, gap 12.3154%
Warning: constraint name "precedence between 1,0 to 0,0 if x_[j,l,h,z,i]=1" has a space
Warning: constraint name "precedence between 1,0 to 0,0 if x_[j,l,h,z,i]=1" has a space
Warning: default constraint names used to write mps file
