
Gurobi 10.0.1 (win64) logging started Mon Oct  9 08:43:01 2023

Set parameter LogFile to value "./results//log/MetalMeca_makespan_heurTrue.log"
Gurobi Optimizer version 10.0.1 build v10.0.1rc0 (win64)

CPU model: AMD Ryzen 7 3700X 8-Core Processor, instruction set [SSE2|AVX|AVX2]
Thread count: 8 physical cores, 16 logical processors, using up to 16 threads

Optimize a model with 18596 rows, 88112 columns and 88194 nonzeros
Model fingerprint: 0x887ddb27
Variable types: 0 continuous, 88112 integer (87568 binary)
Coefficient statistics:
  Matrix range     [1e+00, 1e+07]
  Objective range  [1e+00, 1e+00]
  Bounds range     [1e+00, 1e+00]
  RHS range        [1e+00, 3e+07]

Warning: Completing partial solution with 87522 unfixed non-continuous variables out of 88112
User MIP start did not produce a new incumbent solution
User MIP start violates constraint initial_start_time_job0_stage0_machine19_constraint by 96.000000000

Presolve removed 949 rows and 82762 columns
Presolve time: 0.34s
Presolved: 17647 rows, 5350 columns, 77533 nonzeros
Variable types: 0 continuous, 5350 integer (4807 binary)

Root relaxation: objective 4.008600e+05, 1954 iterations, 0.04 seconds (0.06 work units)

    Nodes    |    Current Node    |     Objective Bounds      |     Work
 Expl Unexpl |  Obj  Depth IntInf | Incumbent    BestBd   Gap | It/Node Time

     0     0 400860.000    0  278          - 400860.000      -     -    1s
Another try with MIP start
     0     0 415477.853    0  501          - 415477.853      -     -    7s
     0     0 416538.097    0  593          - 416538.097      -     -    8s
     0     0 416543.385    0  595          - 416543.385      -     -    8s
     0     0 416543.385    0  588          - 416543.385      -     -    8s
     0     0 431718.001    0  513          - 431718.001      -     -    8s
     0     0 431976.709    0  521          - 431976.709      -     -    8s
     0     0 431976.709    0  522          - 431976.709      -     -    8s
     0     0 433635.567    0  487          - 433635.567      -     -    9s
     0     0 433643.355    0  486          - 433643.355      -     -    9s
     0     0 433643.355    0  486          - 433643.355      -     -    9s
H    0     0                    575802.00000 435469.421  24.4%     -    9s
     0     0 435469.421    0  453 575802.000 435469.421  24.4%     -    9s
     0     0 435688.137    0  469 575802.000 435688.137  24.3%     -   10s
     0     0 435733.001    0  480 575802.000 435733.001  24.3%     -   10s
     0     0 435747.516    0  488 575802.000 435747.516  24.3%     -   10s
     0     0 435747.516    0  488 575802.000 435747.516  24.3%     -   10s
H    0     0                    575511.00000 435747.516  24.3%     -   11s
H    0     0                    575391.00000 435747.516  24.3%     -   11s
     0     0 436017.703    0  495 575391.000 436017.703  24.2%     -   11s
H    0     0                    572560.00000 436017.870  23.8%     -   13s
     0     0 436017.870    0  478 572560.000 436017.870  23.8%     -   13s
     0     0 436074.459    0  504 572560.000 436074.459  23.8%     -   14s
     0     0 436075.084    0  511 572560.000 436075.084  23.8%     -   14s
     0     0 436477.874    0  503 572560.000 436477.874  23.8%     -   16s
H    0     0                    570296.00000 436573.962  23.4%     -   16s
     0     0 436573.962    0  520 570296.000 436573.962  23.4%     -   16s
     0     0 436682.421    0  533 570296.000 436682.421  23.4%     -   17s
     0     0 436700.920    0  532 570296.000 436700.920  23.4%     -   17s
     0     0 436735.573    0  528 570296.000 436735.573  23.4%     -   17s
     0     0 436735.573    0  529 570296.000 436735.573  23.4%     -   17s
     0     0 437053.646    0  549 570296.000 437053.646  23.4%     -   19s
     0     0 437136.232    0  568 570296.000 437136.232  23.3%     -   19s
     0     0 437146.655    0  568 570296.000 437146.655  23.3%     -   19s
     0     0 437146.969    0  583 570296.000 437146.969  23.3%     -   19s
H    0     0                    568455.00000 437146.969  23.1%     -   20s
H    0     0                    566698.00000 437308.604  22.8%     -   21s
     0     0 437308.604    0  595 566698.000 437308.604  22.8%     -   21s
     0     0 437308.691    0  600 566698.000 437308.691  22.8%     -   21s
     0     0 437313.830    0  618 566698.000 437313.830  22.8%     -   23s
     0     0 437317.623    0  632 566698.000 437317.623  22.8%     -   23s
     0     0 437393.362    0  588 566698.000 437393.362  22.8%     -   25s
     0     0 437393.362    0  588 566698.000 437393.362  22.8%     -   25s
H    0     0                    566141.00000 437695.856  22.7%     -   26s
     0     0 437695.856    0  586 566141.000 437695.856  22.7%     -   26s
     0     0 437702.372    0  614 566141.000 437702.372  22.7%     -   26s
     0     0 437702.459    0  618 566141.000 437702.459  22.7%     -   27s
     0     0 437808.055    0  631 566141.000 437808.055  22.7%     -   29s
     0     0 437842.997    0  618 566141.000 437842.997  22.7%     -   29s
     0     0 437886.341    0  626 566141.000 437886.341  22.7%     -   30s
     0     0 437954.475    0  641 566141.000 437954.475  22.6%     -   30s
     0     0 437967.999    0  642 566141.000 437967.999  22.6%     -   30s
     0     0 437969.284    0  648 566141.000 437969.284  22.6%     -   30s
     0     0 438181.608    0  628 566141.000 438181.608  22.6%     -   32s
     0     0 438212.531    0  653 566141.000 438212.531  22.6%     -   33s
     0     0 438213.974    0  657 566141.000 438213.974  22.6%     -   33s
H    0     0                    566088.00000 438292.107  22.6%     -   36s
     0     0 438292.107    0  655 566088.000 438292.107  22.6%     -   36s
H    0     0                    566086.00000 438292.107  22.6%     -   36s
     0     0 438302.987    0  654 566086.000 438302.987  22.6%     -   37s
     0     0 438306.209    0  649 566086.000 438306.209  22.6%     -   37s
     0     0 438442.410    0  676 566086.000 438442.410  22.5%     -   40s
H    0     0                    566084.00000 438442.410  22.5%     -   40s
     0     0 438567.207    0  667 566084.000 438567.207  22.5%     -   41s
H    0     0                    561800.00000 438584.263  21.9%     -   41s
     0     0 438584.263    0  688 561800.000 438584.263  21.9%     -   41s
     0     0 438589.970    0  681 561800.000 438589.970  21.9%     -   42s
H    0     0                    561624.00000 438589.970  21.9%     -   43s
     0     0 438846.748    0  676 561624.000 438846.748  21.9%     -   44s
     0     0 438905.340    0  670 561624.000 438905.340  21.9%     -   45s
     0     0 438922.820    0  692 561624.000 438922.820  21.8%     -   45s
     0     0 438924.516    0  678 561624.000 438924.516  21.8%     -   45s
     0     0 439286.877    0  677 561624.000 439286.877  21.8%     -   46s
     0     0 439334.785    0  690 561624.000 439334.785  21.8%     -   46s
     0     0 439342.845    0  676 561624.000 439342.845  21.8%     -   46s
     0     0 439345.757    0  679 561624.000 439345.757  21.8%     -   47s
     0     0 439451.247    0  688 561624.000 439451.247  21.8%     -   47s
     0     0 439472.587    0  684 561624.000 439472.587  21.7%     -   47s
     0     0 439487.965    0  702 561624.000 439487.965  21.7%     -   47s
     0     0 439495.818    0  691 561624.000 439495.818  21.7%     -   48s
     0     0 439496.565    0  692 561624.000 439496.565  21.7%     -   48s
     0     0 439557.260    0  687 561624.000 439557.260  21.7%     -   48s
     0     0 439560.680    0  689 561624.000 439560.680  21.7%     -   48s
     0     0 439611.502    0  683 561624.000 439611.502  21.7%     -   48s
     0     0 439623.857    0  691 561624.000 439623.857  21.7%     -   48s
     0     0 439625.820    0  688 561624.000 439625.820  21.7%     -   48s
     0     0 439636.198    0  690 561624.000 439636.198  21.7%     -   49s
     0     0 439636.198    0  568 561624.000 439636.198  21.7%     -   49s
     0     2 439637.179    0  568 561624.000 439637.179  21.7%     -   50s
H   80    83                    561472.00000 439821.577  21.7%   187   52s
H  201   198                    561160.00000 439821.577  21.6%   157   54s
   203   219 443481.866   21  497 561160.000 439821.577  21.6%   156   55s
H  234   243                    561009.00000 439821.577  21.6%   148   56s
H  277   279                    560055.00000 439821.577  21.5%   137   58s
H  281   279                    559625.00000 439821.577  21.4%   136   58s
   563   608 445412.587   46  415 559625.000 439821.577  21.4%   101   60s
H 1048   930                    559245.00000 439821.577  21.4%  79.6   65s
H 1050   927                    557252.00000 439821.577  21.1%  79.5   65s
H 1055   920                    552063.00000 439821.577  20.3%  79.6   65s
H 1057   928                    545557.00000 439821.577  19.4%  79.6   67s
  1475  1458 478792.002  136  197 545557.000 439821.577  19.4%  65.7   70s
H 2780  2448                    544051.00000 439918.114  19.1%  44.6   75s
  2784  2451 444976.491    7  595 544051.000 439918.114  19.1%  44.5   80s
  2799  2461 485788.000  169  730 544051.000 442876.188  18.6%  44.3   85s
  2810  2468 473963.003   95  793 544051.000 445134.037  18.2%  44.1   90s
  2833  2484 511449.000  213  720 544051.000 445842.009  18.1%  43.7   96s
  2848  2494 541188.000  287  738 544051.000 446113.112  18.0%  43.5  100s
H 2851  2370                    541781.00000 446149.651  17.7%  43.5  101s
H 2858  2254                    539873.00000 446210.152  17.3%  43.4  105s
H 2859  2140                    538976.00000 446216.674  17.2%  43.3  106s
H 2859  2032                    538277.00000 446216.674  17.1%  43.3  106s
  2875  2043 510435.000  182  828 538277.000 446282.413  17.1%  43.1  110s
  2887  2051 446369.157   14  830 538277.000 446369.157  17.1%  42.9  115s
H 2888  1947                    538141.00000 446387.859  17.1%  42.9  116s
H 2892  1850                    538007.00000 446407.110  17.0%  42.8  118s
H 2892  1756                    537999.00000 446413.042  17.0%  42.8  119s
  2896  1759 537999.000  120  799 537999.000 446419.755  17.0%  42.8  120s
H 2896  1669                    537856.00000 446432.485  17.0%  42.8  121s
H 2897  1584                    537380.00000 446432.485  16.9%  42.8  122s
H 2898  1503                    537350.00000 446444.032  16.9%  42.8  122s
H 2900  1427                    535935.00000 446448.961  16.7%  42.7  124s
H 2900  1354                    535783.00000 446453.425  16.7%  42.7  124s
  2902  1356 513830.000  125  760 535783.000 446459.504  16.7%  42.7  125s
H 2903  1286                    535525.00000 446464.371  16.6%  42.7  126s
H 2908  1223                    534673.00000 446477.254  16.5%  42.6  128s
  2913  1226 473725.000   88  823 534673.000 446492.593  16.5%  42.5  130s
H 2918  1166                    533954.00000 446501.968  16.4%  42.5  134s
  2920  1168 533954.000  289  807 533954.000 446506.350  16.4%  42.4  135s
  2931  1176 517945.000  141  312 533954.000 446523.075  16.4%  80.2  141s
  2933  1178 511449.000  213  747 533954.000 446523.075  16.4%  80.2  145s
  2944  1185 466851.001   98  713 533954.000 446561.617  16.4%  79.9  150s
  2961  1196 496512.000  146  657 533954.000 446811.056  16.3%  79.4  156s
  2971  1203 527682.000  226  749 533954.000 446974.085  16.3%  79.2  160s
H 2978  1146                    533628.00000 447058.307  16.2%  79.0  163s
  2982  1148 531682.001   56  760 533628.000 447103.829  16.2%  78.9  166s
H 2989  1095                    533454.00000 447135.163  16.2%  78.7  169s
  2991  1096 447138.777   57  822 533454.000 447138.777  16.2%  78.6  170s
H 2997  1043                    531900.00000 447154.586  15.9%  78.5  173s
  2999  1045 485788.000  169  753 531900.000 447161.897  15.9%  78.4  175s
H 3002   994                    531697.00000 447177.676  15.9%  78.3  177s
H 3002   943                    530424.00000 447177.676  15.7%  78.3  177s
H 3003   895                    530415.00000 447183.889  15.7%  78.3  178s
H 3007   851                    530414.00000 447202.407  15.7%  78.2  181s
H 3010   809                    530413.00000 447209.602  15.7%  78.1  182s
H 3013   769                    530412.00000 447214.743  15.7%  78.1  184s
H 3015   730                    530411.00000 447218.016  15.7%  78.0  185s
H 3019   695                    530266.00000 447231.363  15.7%  77.9  188s
  3022   697 530266.000  268  706 530266.000 447231.363  15.7%  77.8  191s
  3029   711 447454.074   32  743 530266.000 447252.934  15.7%   109  195s
  3090   751 452860.584   36  711 530266.000 447311.653  15.6%   126  201s
  3111   766 449313.749   37  779 530266.000 447311.653  15.6%   128  205s
  3131   779 449662.816   38  745 530266.000 447311.653  15.6%   130  210s
H 3184   771                    529220.00000 447311.653  15.5%   136  213s
H 3218   775                    529071.00000 447311.653  15.5%   137  215s
H 3232   737                    528920.00000 447311.653  15.4%   137  215s
H 3374   802                    528855.00000 447311.653  15.4%   137  219s
H 3382   769                    527217.00000 447311.653  15.2%   137  219s
  3393   818 452884.301   46  728 527217.000 447311.653  15.2%   137  220s
H 3446   791                    526790.00000 447311.653  15.1%   135  226s
H 3463   758                    526744.00000 447311.653  15.1%   135  226s
H 3464   741                    526007.00000 447311.653  15.0%   135  228s
  3693   941 451824.939   50  709 526007.000 447311.653  15.0%   131  231s
  4088  1134 460679.985   55  557 526007.000 447311.653  15.0%   124  235s
H 4090  1109                    525855.00000 447311.653  14.9%   124  235s
  4680  1569 468422.833   73  418 525855.000 447311.653  14.9%   117  240s
H 5260  1993                    525777.00000 447311.653  14.9%   113  248s
H 5265  1993                    525752.00000 447311.653  14.9%   113  248s
  5449  2227 448264.058   34  828 525752.000 447320.367  14.9%   111  250s
  5872  2472 463478.912   51  570 525752.000 447320.367  14.9%   113  257s
H 5876  2472                    525739.00000 447320.367  14.9%   113  257s
H 5929  2472                    525726.00000 447320.367  14.9%   113  257s
  6125  2650 516252.530   75  284 525726.000 447515.422  14.9%   113  260s
  6343  2733 448977.973   39  852 525726.000 447515.422  14.9%   116  266s
H 6344  2731                    525057.00000 447515.422  14.8%   116  266s
H 6347  2731                    525042.00000 447515.422  14.8%   116  266s
  6471  3011 450182.479   45  740 525042.000 447515.422  14.8%   117  270s
H 6895  3198                    525032.00000 447656.736  14.7%   118  273s
  6919  3217 448680.546   36  825 525032.000 447656.736  14.7%   119  277s
H 6920  3215                    524962.00000 447656.736  14.7%   119  277s
H 6930  3214                    524576.00000 447656.736  14.7%   119  277s
H 6936  3212                    524416.00000 447656.736  14.6%   119  277s
  7158  3411 459953.978   49  621 524416.000 447656.736  14.6%   120  282s
H 7186  3409                    524341.00000 447656.736  14.6%   120  282s
H 7382  3476                    522692.00000 447801.239  14.3%   121  287s
  7569  3695 452861.172   43  659 522692.000 447801.239  14.3%   125  291s
  7677  3762 454505.920   47  605 522692.000 447801.239  14.3%   127  295s
  8159  4203 507710.628   74  287 522692.000 447937.223  14.3%   126  301s
  8442  4369 451872.640   45  706 522692.000 447937.223  14.3%   127  308s
H 8488  4347                    522640.00000 447937.223  14.3%   127  308s
  8574  4558 454594.156   56  619 522640.000 447937.223  14.3%   129  310s
  9240  5197 450107.735   41  858 522640.000 447997.572  14.3%   127  317s
  9573  5432 457281.456   58  644 522640.000 448006.163  14.3%   127  320s
 10118  6161 458165.501   64  493 522640.000 448047.538  14.3%   129  329s
 10775  6413 451140.023   41  774 522640.000 448053.982  14.3%   126  332s
 11050  7155 472795.043   82  351 522640.000 448078.797  14.3%   127  337s
 11942  7432 448636.924   38  844 522640.000 448115.227  14.3%   122  342s
 12291  7832 449173.699   43  775 522640.000 448115.227  14.3%   122  346s
 12727  8269 452686.428   49  656 522640.000 448115.227  14.3%   123  350s
 13723  8972 462184.603   46  608 522640.000 448308.216  14.2%   124  358s
 14171  9445 449550.867   38  824 522640.000 448333.488  14.2%   124  363s
 14747 10381 452077.381   41  664 522640.000 448391.504  14.2%   124  369s
 15811 10711 450885.985   40  817 522640.000 448409.675  14.2%   120  373s
 16228 10899 496065.531   84  290 522640.000 448411.997  14.2%   120  375s
 16479 11218 450131.551   38  811 522640.000 448411.997  14.2%   121  380s
 17369 12489 462576.568   56  476 522640.000 448550.023  14.2%   122  390s
H18521 12428                    522610.00000 448573.386  14.2%   118  412s
H18522 12428                    522592.00000 448573.386  14.2%   118  412s
 18549 12855 450050.009   40  854 522592.000 448575.667  14.2%   118  419s
H18596 12849                    522518.00000 448575.667  14.2%   118  419s
H18737 12847                    522453.00000 448594.876  14.1%   118  419s
 19089 13747 452240.872   47  736 522453.000 448653.486  14.1%   118  426s
 20140 14175 450516.351   34  841 522453.000 448661.272  14.1%   116  431s
 20715 14650 450941.179   38  811 522453.000 448691.481  14.1%   117  438s
 21379 14932 451672.819   43  758 522453.000 448714.762  14.1%   117  442s
 21805 15390 453414.998   45  706 522453.000 448733.437  14.1%   119  449s
 22348 15859 452569.827   43  757 522453.000 448741.594  14.1%   120  455s
 22991 16551 454196.105   47  610 522453.000 448764.696  14.1%   121  464s
H23372 16549                    522426.00000 448773.879  14.1%   121  464s
 23805 16549 455948.452   45  739 522426.000 448786.855  14.1%   120  465s
 23861 16793 452711.076   46  733 522426.000 448792.242  14.1%   120  476s
H23920 16748                    522320.00000 448792.242  14.1%   121  476s
H24247 16722                    522173.00000 448814.053  14.0%   121  476s
 24437 17204 457935.525   53  621 522173.000 448818.604  14.0%   121  483s
H24476 17199                    522167.00000 448818.604  14.0%   121  483s
 25128 17759 454519.816   50  647 522167.000 448877.202  14.0%   122  491s
 25879 18167 451324.398   41  790 522167.000 448909.694  14.0%   123  497s
 26428 18763 453107.255   49  709 522167.000 448937.390  14.0%   124  504s
H26434 18763                    522161.00000 448937.390  14.0%   124  504s
H27330 19250                    522069.00000 448954.936  14.0%   124  515s
H27778 19163                    521823.00000 448975.036  14.0%   124  515s
 28284 19552 451424.190   40  851 521823.000 448990.151  14.0%   124  521s
H28844 20182                    521817.00000 449001.954  14.0%   125  531s
H28882 20099                    521734.00000 449003.550  13.9%   126  531s
H29624 20065                    521629.00000 449007.501  13.9%   126  645s
 29627 20067 511947.990   94  328 521629.000 449007.501  13.9%   126  652s
 29628 20068 461552.175   55  700 521629.000 449007.501  13.9%   126  657s
 29629 20069 501604.058  101  761 521629.000 449007.501  13.9%   126  660s
 29633 20071 519712.475   92  884 521629.000 449007.501  13.9%   126  665s
 29643 20078 453247.195   65  756 521629.000 449007.501  13.9%   126  672s
 29650 20083 495569.710   67  906 521629.000 449007.501  13.9%   126  675s
 29656 20087 482878.773   65  861 521629.000 449007.501  13.9%   126  682s
 29657 20087 478002.994   55  754 521629.000 449007.501  13.9%   126  685s
 29662 20091 473301.081   83  754 521629.000 449007.501  13.9%   125  692s
 29666 20093 476410.819   71  767 521629.000 449007.501  13.9%   125  699s
 29668 20095 478141.198   82  855 521629.000 449007.501  13.9%   125  700s
 29671 20097 509746.633  139  773 521629.000 449007.501  13.9%   125  705s
 29674 20099 484615.050   94  782 521629.000 449007.501  13.9%   125  710s
 29679 20102 497893.582   76  766 521629.000 449007.501  13.9%   125  715s
 29682 20104 511949.050   75  785 521629.000 449007.501  13.9%   125  720s
 29684 20105 452735.465   49  774 521629.000 449007.501  13.9%   125  725s
H29685 19099                    521037.00000 449007.501  13.8%   125  729s
H29685 18143                    521024.00000 449007.501  13.8%   125  729s
 29686 18144 519972.000  216  760 521024.000 449007.501  13.8%   125  732s
 29688 18145 472899.138   68  832 521024.000 449007.501  13.8%   125  736s
 29691 18147 460921.505   65  768 521024.000 449007.501  13.8%   125  741s
 29695 18150 512133.984   85  772 521024.000 449007.501  13.8%   125  748s
 29698 18152 487288.657   88  878 521024.000 449007.501  13.8%   125  751s
 29702 18154 520264.342  144  891 521024.000 449007.501  13.8%   125  756s
 29707 18158 471904.180   99  880 521024.000 449007.501  13.8%   125  761s
 29710 18160 498464.613   94  877 521024.000 449007.501  13.8%   125  766s
 29711 18160 487845.354   78  754 521024.000 449007.501  13.8%   125  771s
 29714 18162 489082.857   70  783 521024.000 449007.501  13.8%   125  775s
 29717 18164 462558.308   56  749 521024.000 449007.501  13.8%   125  780s
 29720 18166 456520.642   57  750 521024.000 449007.501  13.8%   125  785s
 29726 18170 475270.459   57  724 521024.000 449007.501  13.8%   125  790s
 29732 18174 465639.953   54  757 521024.000 449007.501  13.8%   125  795s
 29734 18176 514931.973   92  795 521024.000 449007.501  13.8%   125  802s
H29736 17266                    520989.00000 449007.501  13.8%   125  804s
 29738 17267 451682.463   45  727 520989.000 449007.501  13.8%   125  809s
 29741 17269 453312.565   54  885 520989.000 449007.501  13.8%   125  811s
 29744 17271 458831.782   51  881 520989.000 449007.501  13.8%   125  816s
 29746 17273 459173.302   56  851 520989.000 449007.501  13.8%   125  821s
 29749 17275 518472.789   76  890 520989.000 449007.501  13.8%   125  826s
 29751 17276 509435.624   69  856 520989.000 449007.501  13.8%   125  831s
 29752 17277 471972.270   68  783 520989.000 449007.501  13.8%   125  835s
 29755 17279 452328.029   46  738 520989.000 449007.501  13.8%   125  840s
 29757 17280 478002.994   55  773 520989.000 449007.501  13.8%   125  847s
 29759 17281 487223.843   74  770 520989.000 449007.501  13.8%   125  851s
 29762 17283 473301.081   83  760 520989.000 449007.501  13.8%   125  859s
 29763 17284 489944.000  110  848 520989.000 449007.501  13.8%   125  861s
 29765 17285 475830.265   61  862 520989.000 449007.501  13.8%   125  865s
 29766 17286 476410.819   71  780 520989.000 449007.501  13.8%   125  871s
 29768 17287 478141.198   82  807 520989.000 449007.501  13.8%   125  875s
 29770 17289 495544.490   74  843 520989.000 449007.501  13.8%   125  880s
 29773 17291 469410.775   65  851 520989.000 449007.501  13.8%   125  887s
 29776 17293 462224.719   60  864 520989.000 449007.501  13.8%   125  890s
 29780 17295 496874.138   80  799 520989.000 449007.501  13.8%   125  897s
 29782 17297 511949.050   75  787 520989.000 449007.501  13.8%   125  904s
 29783 17297 464277.975   58  813 520989.000 449007.501  13.8%   125  905s
 29786 17299 519972.000  216  836 520989.000 449007.501  13.8%   125  912s
 29787 17300 495719.057  106  761 520989.000 449007.501  13.8%   125  917s
 29789 17301 504416.835   96  861 520989.000 449007.501  13.8%   125  920s
 29792 17303 472364.531   76  758 520989.000 449007.501  13.8%   125  927s
 29796 17306 507179.111  103  781 520989.000 449007.501  13.8%   125  932s
 29799 17308 496014.265   65  805 520989.000 449007.501  13.8%   125  939s
 29800 17309 456682.630   53  838 520989.000 449007.501  13.8%   125  942s
 29802 17310 520264.342  144  872 520989.000 449007.501  13.8%   125  947s
 29803 17311 486063.680   63  771 520989.000 449007.501  13.8%   125  950s
 29805 17312 450220.467   44  767 520989.000 449007.501  13.8%   125  955s
 29807 17313 471904.180   99  775 520989.000 449007.501  13.8%   125  960s
 29809 17315 450013.389   44  782 520989.000 449007.501  13.8%   125  965s
 29811 17316 487845.354   78  771 520989.000 449007.501  13.8%   125  971s
 29814 17318 489082.857   70  772 520989.000 449007.501  13.8%   125  978s
 29816 17319 501105.658   72  865 520989.000 449007.501  13.8%   125  980s
 29819 17321 449455.709   43  842 520989.000 449007.501  13.8%   125  985s
 29821 17323 465746.931   58  794 520989.000 449007.501  13.8%   125  990s
 29822 17323 508908.943  133  755 520989.000 449007.501  13.8%   125  995s
 29824 17325 515834.000  130  844 520989.000 449007.501  13.8%   125 1000s
 29828 17327 461552.175   55  865 520989.000 449007.501  13.8%   125 1006s
 29830 17329 490382.390  100  826 520989.000 449007.501  13.8%   125 1011s
 29832 17330 465639.953   54  843 520989.000 449007.501  13.8%   125 1016s
 29834 17331 514931.973   92  872 520989.000 449007.501  13.8%   125 1020s
 29835 17332 476571.090   72  797 520989.000 449007.501  13.8%   125 1025s
 29838 17334 451682.463   45  859 520989.000 449007.501  13.8%   125 1031s
 29839 17335 451733.920   41  785 520989.000 449007.501  13.8%   125 1036s
 29841 17336 453312.565   54  791 520989.000 449007.501  13.8%   125 1041s
 29843 17337 453247.195   65  787 520989.000 449007.501  13.8%   125 1045s
 29845 17339 506901.317   70  809 520989.000 449007.501  13.8%   125 1050s
 29848 17341 455449.158   49  775 520989.000 449007.501  13.8%   125 1055s
 29850 17342 495569.710   67  756 520989.000 449007.501  13.8%   125 1060s
 29853 17344 465120.405   50  810 520989.000 449007.501  13.8%   125 1065s
 29855 17345 452328.029   46  782 520989.000 449007.501  13.8%   125 1072s
 29856 17346 482878.773   65  846 520989.000 449007.501  13.8%   125 1075s
 29859 17348 487223.843   74  756 520989.000 449007.501  13.8%   125 1082s
 29861 17349 462088.621   48  798 520989.000 449007.501  13.8%   125 1087s
 29863 17351 489944.000  110  802 520989.000 449007.501  13.8%   125 1091s
H29864 16480                    520845.00000 449007.501  13.8%   125 1095s
 29867 16482 495719.057  106  890 520845.000 449007.501  13.8%   125 1100s
 29869 16484 477271.959   83  840 520845.000 449007.501  13.8%   125 1105s
 29871 16485 509746.633  139  885 520845.000 449007.501  13.8%   125 1110s
 29873 16486 469410.775   65  863 520845.000 449007.501  13.8%   125 1116s
 29874 16487 484615.050   94  757 520845.000 449007.501  13.8%   125 1120s
 29876 16488 462224.719   60  789 520845.000 449007.501  13.8%   125 1125s
 29879 16490 497893.582   76  865 520845.000 449007.501  13.8%   125 1131s
 29881 16492 482167.747   57  865 520845.000 449007.501  13.8%   125 1136s
 29883 16493 464277.975   58  898 520845.000 449007.501  13.8%   125 1141s
 29884 16494 452735.465   49  799 520845.000 449007.501  13.8%   125 1146s
 29886 16495 519972.000  216  828 520845.000 449007.501  13.8%   125 1153s
 29887 16496 495719.057  106  870 520845.000 449007.501  13.8%   125 1155s
 29889 16497 504416.835   96  838 520845.000 449007.501  13.8%   125 1160s
 29891 16498 460921.505   65  863 520845.000 449007.501  13.8%   125 1165s
 29893 16500 461022.131   72  866 520845.000 449007.501  13.8%   125 1170s
 29894 16500 483987.632   56  780 520845.000 449007.501  13.8%   125 1175s
 29896 16502 507179.111  103  758 520845.000 449007.501  13.8%   125 1180s
 29899 16504 496014.265   65  872 520845.000 449007.501  13.8%   124 1187s
 29901 16505 519647.000  170  839 520845.000 449007.501  13.8%   124 1192s
 29903 16506 486063.680   63  854 520845.000 449007.501  13.8%   124 1196s
 29905 16508 450220.467   44  814 520845.000 449007.501  13.8%   124 1202s
 29906 16508 484984.163   89  764 520845.000 449007.501  13.8%   124 1206s
 29908 16510 500787.337  109  781 520845.000 449007.501  13.8%   124 1210s
 29910 16514 449007.501   41  787 520845.000 449007.501  13.8%   135 1215s
 29940 16540 449007.501   45  831 520845.000 449007.501  13.8%   136 1221s
 29976 16564 449007.501   47  825 520845.000 449007.501  13.8%   137 1225s
 30002 16585 449240.307   48  802 520845.000 449007.501  13.8%   137 1231s
 30014 16589 449363.001   49  779 520845.000 449007.501  13.8%   138 1236s
 30032 16606 449314.684   50  777 520845.000 449007.501  13.8%   138 1242s
 30045 16616 449314.684   51  776 520845.000 449007.501  13.8%   138 1245s
 30059 16619 449817.692   53  717 520845.000 449007.501  13.8%   138 1259s
 30067 16635 449526.391   53  723 520845.000 449007.501  13.8%   139 1261s
 30111 16675 462980.451   55  633 520845.000 449007.501  13.8%   139 1268s
 30180 16722 465182.622   58  615 520845.000 449007.501  13.8%   139 1271s
 30266 16748 466264.370   61  608 520845.000 449007.501  13.8%   139 1275s
 30359 16749 467612.860   63  620 520845.000 449007.501  13.8%   139 1287s
 30455 16803 471509.128   65  621 520845.000 449007.501  13.8%   140 1292s
 30536 16864 484018.701   77  417 520845.000 449007.501  13.8%   140 1295s
H30576 16020                    520389.00000 449007.501  13.7%   140 1295s
 30654 16115 496661.241   93  359 520389.000 449007.501  13.7%   140 1300s
H30665 15322                    520329.00000 449007.501  13.7%   140 1300s
H30689 14565                    520282.00000 449007.501  13.7%   140 1300s
H30692 13852                    520214.00000 449007.501  13.7%   140 1301s
 30714 13876 506082.107   99  287 520214.000 449007.501  13.7%   140 1308s
H30721 13197                    520201.00000 449007.501  13.7%   140 1308s
H30763 12541                    520191.00000 449007.501  13.7%   141 1308s
 30764 12594 511896.344  103  271 520191.000 449007.501  13.7%   141 1310s
 30857 12575 449081.077   46  844 520191.000 449007.501  13.7%   141 1316s
 30958 12622 449546.234   50  826 520191.000 449007.501  13.7%   141 1324s
 30978 12657 449565.173   51  832 520191.000 449007.501  13.7%   141 1327s
 31042 12650 449854.146   56  828 520191.000 449007.501  13.7%   141 1330s
H31057 12034                    519965.00000 449007.501  13.6%   142 1330s
 31084 12061 451927.357   61  761 519965.000 449007.501  13.6%   142 1341s
H31085 11480                    519779.00000 449007.501  13.6%   142 1341s
 31146 11547 454317.397   65  727 519779.000 449007.501  13.6%   143 1347s
 31189 11597 456370.017   69  717 519779.000 449007.501  13.6%   143 1351s
 31345 11686 466775.443   80  546 519779.000 449007.501  13.6%   144 1357s
H31451 11099                    519650.00000 449007.501  13.6%   144 1357s
 31459 11178 505025.702   97  294 519650.000 449007.501  13.6%   144 1362s
H31499 10641                    519648.00000 449007.501  13.6%   144 1362s
 31558 10717 449942.181   46  827 519648.000 449007.501  13.6%   145 1366s
H31575 10214                    519605.00000 449007.501  13.6%   144 1366s
H31669  9743                    518883.00000 449007.501  13.5%   145 1382s
 31702  9826 450246.554   55  773 518883.000 449007.501  13.5%   145 1386s
 31820  9886 458554.587   64  617 518883.000 449007.501  13.5%   145 1391s
 31932 10026 471922.152   70  537 518883.000 449007.501  13.5%   145 1395s
 32137 10104 487791.579   83  447 518883.000 449007.501  13.5%   145 1400s
 32528 10338 453642.961   55  650 518883.000 449007.501  13.5%   145 1408s
 32765 10364 461892.443   69  610 518883.000 449152.886  13.4%   145 1413s
 32928 10411 450107.308   47  848 518883.000 449152.886  13.4%   146 1419s
 33097 10474 452477.091   56  715 518883.000 449155.037  13.4%   147 1424s
 33252 10524 451189.551   50  781 518883.000 449155.037  13.4%   148 1429s
 33391 10692 452864.140   65  689 518883.000 449155.037  13.4%   149 1434s
 33649 10817 459841.173   85  579 518883.000 449155.037  13.4%   149 1441s
H33921 10277                    518835.00000 449155.037  13.4%   149 1441s
 33971 10348     cutoff  158      518835.000 449412.435  13.4%   149 1446s
 34066 10400 452621.718   51  774 518835.000 449412.435  13.4%   150 1451s
 34198 10570 454018.560   61  686 518835.000 449412.435  13.4%   151 1457s
 34435 10709 476288.915  119  280 518835.000 449424.366  13.4%   152 1462s
 34717 10964 451233.763   53  758 518835.000 449474.690  13.4%   152 1468s
 35144 11111 453244.853   57  772 518835.000 449560.397  13.4%   153 1474s
 35522 11190 451186.910   52  786 518835.000 449590.174  13.3%   154 1480s
 35841 11327 453884.883   53  809 518835.000 449672.957  13.3%   155 1487s
 36211 11330 451918.027   50  780 518835.000 449735.240  13.3%   157 1494s
 36337 11461 459820.689   62  651 518835.000 449735.440  13.3%   158 1499s
 36673 12187 451931.850   65  671 518835.000 449784.875  13.3%   159 1508s
 37585 12522 452359.385   53  798 518835.000 449784.875  13.3%   158 1517s
 38500 12485 513066.294  112  244 518835.000 449804.802  13.3%   157 1526s
 38987 12533 468465.379   67  509 518835.000 449839.753  13.3%   157 1533s
 39319 12945 455429.199   55  688 518835.000 449872.379  13.3%   159 1542s
 39897 13056 454317.260   55  736 518835.000 449893.692  13.3%   161 1551s
 40365 13174 453943.179   55  760 518835.000 449914.684  13.3%   162 1559s
 40749 13338 454310.496   51  778 518835.000 449971.998  13.3%   164 1566s
 41193 13539 458474.339   64  670 518835.000 450002.671  13.3%   165 1576s
 41678 13693 452176.700   52  741 518835.000 450028.322  13.3%   167 1586s
 42136 13817 453622.959   54  717 518835.000 450049.401  13.3%   168 1598s
 42513 14554 458649.945   56  800 518835.000 450124.861  13.2%   170 1610s
 43663 14609 455723.129   54  703 518835.000 450186.301  13.2%   168 1620s
 44277 14769 452724.418   53  757 518835.000 450219.922  13.2%   169 1635s
 44803 15064 452446.944   52  783 518835.000 450253.138  13.2%   171 1650s
 45522 15082 477459.379   71  572 518835.000 450299.586  13.2%   173 1674s
 45878 15787 457892.918   55  701 518835.000 450368.989  13.2%   175 1694s
 46580 15553 452732.895   55  805 518835.000 450387.949  13.2%   176 1695s
 46985 16232 454786.158   58  787 518835.000 450428.960  13.2%   177 1718s
 48019 16173 454964.726   60  695 518835.000 450449.706  13.2%   178 1794s
H48084 15620                    518630.00000 450449.706  13.1%   178 1795s
H48367 16338                    518423.00000 450449.706  13.1%   178 1822s
 50105 17023 456484.896   65  595 518423.000 450508.540  13.1%   179 1846s
 51772 17070 451865.804   51  798 518423.000 450563.391  13.1%   179 1862s
 52599 17393 487064.102   77  345 518423.000 450647.881  13.1%   179 1879s
 53439 17472 485106.592   81  477 518423.000 450707.607  13.1%   181 1940s
H53490 17375                    517932.00000 450707.607  13.0%   181 1940s
 53605 17491 451661.226   53  784 517932.000 450707.607  13.0%   181 1970s
 53722 18214 505426.363   86  284 517932.000 450714.943  13.0%   181 1987s
H54711 18766                    517803.00000 450774.025  12.9%   182 2005s
 55561 19349 452430.782   54  761 517803.000 450811.484  12.9%   183 2022s
H55658 19347                    517767.00000 450811.484  12.9%   183 2023s
H56263 19346                    517755.00000 450828.910  12.9%   184 2023s
H56390 20224                    517706.00000 450850.274  12.9%   184 2041s
H56941 20139                    517371.00000 450868.431  12.9%   185 2041s
H57566 20652                    517333.00000 450883.678  12.8%   185 2059s
H57794 20646                    517275.00000 450895.597  12.8%   185 2060s
H58323 21117                    517216.00000 450914.538  12.8%   186 2080s
H59022 21565                    517192.00000 450959.502  12.8%   188 2103s
H59117 21562                    517181.00000 450960.998  12.8%   188 2103s
H59826 22326                    517157.00000 450986.416  12.8%   189 2131s
 60881 23439 453052.520   55  753 517157.000 451030.066  12.8%   189 2156s
 62257 24443 455436.470   60  684 517157.000 451057.004  12.8%   189 2174s
 63544 24876 475791.958   74  545 517157.000 451070.644  12.8%   190 2204s
 64154 25520 453600.412   60  767 517157.000 451101.287  12.8%   191 2219s
 65050 26011 454257.031   50  853 517157.000 451126.438  12.8%   192 2235s
 65764 26417 471020.050   73  543 517157.000 451136.498  12.8%   193 2269s
 66332 26902     cutoff   82      517157.000 451146.402  12.8%   193 2291s
 67005 27574 470677.769   71  574 517157.000 451164.443  12.8%   194 2310s
 67980 28217 454067.904   56  789 517157.000 451189.748  12.8%   195 2329s
 68905 28801 452740.921   58  758 517157.000 451206.772  12.8%   196 2346s
 69784 29111 451743.032   57  799 517157.000 451228.542  12.7%   196 2369s
 70232 29343 453724.898   53  791 517157.000 451240.216  12.7%   197 2399s
 70607 30398 454046.360   54  814 517157.000 451253.966  12.7%   198 2422s
 72027 31078 457919.796   65  730 517157.000 451263.485  12.7%   197 2446s
 72951 32136 453099.180   58  778 517157.000 451283.656  12.7%   198 2469s
 74384 32702 456784.840   57  693 517157.000 451299.845  12.7%   197 2490s
 75176 33498 453408.860   60  744 517157.000 451317.771  12.7%   198 2514s
 76223 34421 454739.085   54  778 517157.000 451335.936  12.7%   199 2537s
H76862 34254                    516346.00000 451343.614  12.6%   199 2537s
H77529 34938                    516253.00000 451365.000  12.6%   199 2560s
H78500 35567                    516162.00000 451372.051  12.6%   199 2583s
 79537 36171 452921.281   60  731 516162.000 451398.121  12.5%   199 2603s
H79653 36148                    516089.00000 451398.121  12.5%   199 2603s
H80100 36076                    515836.00000 451408.238  12.5%   200 2603s
H80424 37052                    515797.00000 451418.273  12.5%   200 2643s
H80650 37040                    515746.00000 451422.628  12.5%   200 2643s
H80986 37023                    515707.00000 451423.378  12.5%   199 2643s
 81683 37427 453868.247   61  740 515707.000 451432.392  12.5%   199 2662s
 82367 38048 464490.464   72  558 515707.000 451448.454  12.5%   199 2678s
 83348 38742 455253.610   58  735 515707.000 451476.504  12.5%   199 2704s
 84268 39349 481802.398   76  468 515707.000 451481.070  12.5%   199 2724s
 84778 39349 461490.962   65  558 515707.000 451485.281  12.5%   199 2725s
 85413 39887 452550.655   54  774 515707.000 451503.514  12.4%   199 2744s
 86217 40787 452600.426   54  866 515707.000 451517.192  12.4%   200 2765s
 87359 41251 509584.792  111  229 515707.000 451532.166  12.4%   200 2792s
 88054 41922 460016.615   65  627 515707.000 451542.776  12.4%   200 2825s
 89096 42452 483479.450   87  387 515707.000 451552.797  12.4%   200 2849s
 89862 43136 454110.375   60  799 515707.000 451574.742  12.4%   200 2872s
 90809 43318 459901.104   61  603 515707.000 451589.533  12.4%   201 2926s
 91008 44192 464532.952   62  588 515707.000 451590.547  12.4%   201 2973s
 92139 45122 458716.809   69  519 515707.000 451603.941  12.4%   200 3004s
 93381 45896 466705.322   78  513 515707.000 451622.992  12.4%   200 3026s
 94481 46914 455181.051   53  786 515707.000 451644.947  12.4%   201 3051s
 95855 47924 454423.603   54  709 515707.000 451663.421  12.4%   201 3072s
 97145 48516 454056.847   65  612 515707.000 451675.251  12.4%   200 3098s
 97889 49315 468312.546   69  600 515707.000 451686.161  12.4%   201 3137s
 98980 49878 454606.056   59  761 515707.000 451696.276  12.4%   201 3163s
 99808 50698 458345.251   53  829 515707.000 451705.882  12.4%   202 3185s
 100900 51404 457279.615   58  806 515707.000 451724.572  12.4%   202 3208s
 101935 52075 453605.137   54  762 515707.000 451737.679  12.4%   202 3228s
 102884 52538 453747.186   55  787 515707.000 451753.977  12.4%   202 3280s
 103473 53413 459974.693   70  580 515707.000 451762.578  12.4%   202 3304s
 104733 54022 475160.499   72  386 515707.000 451777.761  12.4%   202 3326s
 105616 54485 453115.545   53  779 515707.000 451790.298  12.4%   202 3358s
 106326 55882 457205.835   64  719 515707.000 451795.432  12.4%   202 3386s
 108167 56735 458251.754   57  701 515707.000 451806.771  12.4%   202 3410s
 109349 56821 467106.733   88  396 515707.000 451811.337  12.4%   201 3480s
 109495 58047 456276.980   60  598 515707.000 451813.074  12.4%   201 3506s
 111058 58615 455812.435   61  810 515707.000 451829.487  12.4%   200 3524s
 111835 59109 511894.553   92  392 515707.000 451836.363  12.4%   201 3543s
 112571 59529 452711.304   52  782 515707.000 451849.197  12.4%   201 3562s
 113393 60411 467098.611   76  580 515707.000 451856.784  12.4%   201 3584s
 114608 60723 457068.560   59  781 515707.000 451868.893  12.4%   201 3600s

Cutting planes:
  Learned: 140
  Gomory: 161
  Cover: 1
  Implied bound: 325
  Projected implied bound: 6
  MIR: 5561
  StrongCG: 13
  Flow cover: 14799
  Inf proof: 1763
  Zero half: 157
  Mod-K: 3
  RLT: 93
  Relax-and-lift: 1681

Explored 115035 nodes (23175250 simplex iterations) in 3600.44 seconds (6495.06 work units)
Thread count was 16 (of 16 available processors)

Solution count 10: 515707 515746 515797 ... 517181

Time limit reached
Best objective 5.157070000000e+05, best bound 4.518723441200e+05, gap 12.3781%
Warning: constraint name "precedence between 0,0 to 1,0 if x_[0,0,1,0,18]=0, i.e. 1,0 before 0,0" has a space
Warning: constraint name "precedence between 0,0 to 1,0 if x_[0,0,1,0,18]=0, i.e. 1,0 before 0,0" has a space
Warning: default constraint names used to write mps file
