
Gurobi 10.0.1 (win64) logging started Tue Sep 19 07:54:52 2023

Set parameter LogFile to value "./results//log/MetalMeca_deadline.log"
Gurobi Optimizer version 10.0.1 build v10.0.1rc0 (win64)

CPU model: AMD Ryzen 7 3700X 8-Core Processor, instruction set [SSE2|AVX|AVX2]
Thread count: 8 physical cores, 16 logical processors, using up to 16 threads

Optimize a model with 18677 rows, 88153 columns and 88357 nonzeros
Model fingerprint: 0xe7727301
Model has 1 quadratic constraint
Variable types: 543 continuous, 87610 integer (87609 binary)
Coefficient statistics:
  Matrix range     [1e+00, 4e+04]
  QMatrix range    [1e+00, 1e+00]
  QLMatrix range   [1e+00, 2e+04]
  Objective range  [1e+00, 1e+00]
  Bounds range     [1e+00, 1e+00]
  RHS range        [1e+00, 1e+05]
Presolve removed 950 rows and 82762 columns
Presolve time: 0.22s
Presolved: 17768 rows, 5431 columns, 77895 nonzeros
Variable types: 583 continuous, 4848 integer (4847 binary)

Root relaxation: objective 0.000000e+00, 1978 iterations, 0.03 seconds (0.05 work units)

    Nodes    |    Current Node    |     Objective Bounds      |     Work
 Expl Unexpl |  Obj  Depth IntInf | Incumbent    BestBd   Gap | It/Node Time

     0     0    0.00000    0  122          -    0.00000      -     -    0s
     0     0    0.00000    0  238          -    0.00000      -     -    1s
     0     0    0.00000    0  235          -    0.00000      -     -    1s
     0     0    0.00000    0  147          -    0.00000      -     -    2s
     0     0    0.00000    0  176          -    0.00000      -     -    2s
     0     0    0.00000    0  103          -    0.00000      -     -    3s
     0     0    0.00000    0  270          -    0.00000      -     -    3s
     0     0    0.00000    0  204          -    0.00000      -     -    4s
     0     0 3165.17169    0  291          - 3165.17169      -     -    4s
     0     0 4623.46511    0  289          - 4623.46511      -     -    5s
     0     0 4623.46511    0  317          - 4623.46511      -     -    5s
     0     0 4624.64734    0  408          - 4624.64734      -     -    6s
     0     0 4624.77223    0  435          - 4624.77223      -     -    6s
     0     0 4624.77223    0  420          - 4624.77223      -     -    6s
     0     0 4648.85933    0  400          - 4648.85933      -     -    7s
     0     0 4669.57925    0  435          - 4669.57925      -     -    7s
     0     0 4669.57925    0  253          - 4669.57925      -     -    7s
     0     2 4669.57925    0  213          - 4669.57925      -     -    8s
    95    86 6630.00000   13  247          - 5013.00000      -   648   10s
  2354  1594 26338.0000  226  246          - 5013.00000      -   115   15s
  3613  2184 36438.0000  222  174          - 5013.00000      -   130   20s
  3620  2189 14995.0000   32  385          - 7252.00000      -   129   25s
  3625  2192 20182.0000  107  375          - 8699.84246      -   129   30s
  3627  2194 13890.0000  137  430          - 9324.30126      -   129   35s
  3629  2195 19769.0000   69  439          - 9460.30827      -   129   40s
  3639  2202 16201.0000   77  516          - 10374.2013      -   129   48s
  3646  2206 10419.7021   24  525          - 10419.7021      -   128   50s
H 3654  2100                    163052.00000 10638.0000  93.5%   128   57s
H 3654  1994                    156474.00000 10638.0000  93.2%   128   57s
H 3654  1894                    150963.00000 10638.0000  93.0%   128   57s
H 3654  1799                    149276.00000 10638.0000  92.9%   128   57s
H 3654  1708                    136514.00000 10638.0000  92.2%   128   57s
H 3654  1622                    123109.00000 10638.0000  91.4%   128   57s
H 3654  1540                    120707.00000 10638.0000  91.2%   128   57s
H 3654  1462                    120451.00000 10638.0000  91.2%   128   57s
H 3654  1388                    119959.00000 10638.0000  91.1%   128   57s
H 3654  1318                    117863.00000 10638.0000  91.0%   128   57s
  3660  1322 10732.0000   21  470 117863.000 10732.0000  90.9%   128   60s
H 3660  1255                    114766.00000 10732.0000  90.6%   128   62s
H 3660  1192                    102788.00000 10732.0000  89.6%   128   62s
  3674  1201 17871.0000  116  455 102788.000 10988.0000  89.3%   127   66s
H 3674  1140                    101617.00000 10988.0000  89.2%   127   71s
H 3678  1084                    101612.00000 11001.3281  89.2%   127   72s
H 3678  1029                    101532.00000 11036.0607  89.1%   127   72s
  3687  1035 12054.0000   79  499 101532.000 11138.6569  89.0%   127   75s
H 3696   988                    100615.00000 11193.3818  88.9%   127   78s
H 3696   937                    100614.00000 11201.2537  88.9%   127   79s
  3699   939 17241.0000   56  493 100614.000 11205.5838  88.9%   127   80s
H 3700   890                    100561.00000 11215.0793  88.8%   127   81s
H 3704   847                    98155.000000 11236.0689  88.6%   126   82s
H 3706   804                    97736.000000 11236.8232  88.5%   126   83s
H 3709   764                    97143.000000 11252.4915  88.4%   126   84s
  3713   767 36438.0000  222  482 97143.0000 11259.7540  88.4%   126   85s
H 3721   735                    97142.000000 11263.6249  88.4%   181   90s
H 3725   700                    93477.000000 11263.6249  88.0%   181   93s
  3728   702 11346.0000   30  335 93477.0000 11263.6249  88.0%   181   97s
H 3729   667                    91989.000000 11263.6249  87.8%   181  101s
  3732   669 11263.6249   34  370 91989.0000 11263.6249  87.8%   180  107s
  3734   670 11263.6249   15  466 91989.0000 11263.6249  87.8%   180  112s
  3736   672 18596.0000  129  314 91989.0000 11263.6249  87.8%   180  119s
  3737   672 22934.0000  216  386 91989.0000 11263.6249  87.8%   180  121s
H 3737   638                    91987.000000 11263.6249  87.8%   180  128s
  3739   640 16201.0000   77  481 91987.0000 11263.6249  87.8%   180  131s
H 3739   608                    91917.000000 11263.6249  87.7%   180  135s
H 3739   577                    91915.000000 11263.6249  87.7%   180  135s
H 3739   548                    91284.000000 11263.6249  87.7%   180  135s
H 3739   520                    89475.000000 11263.6249  87.4%   180  135s
H 3740   494                    87258.000000 11324.0000  87.0%   180  140s
H 3740   469                    86998.000000 11324.0000  87.0%   180  140s
H 3740   445                    86603.000000 11324.0000  86.9%   180  140s
H 3741   423                    85920.000000 11324.0000  86.8%   180  143s
H 3741   402                    82847.000000 11580.0000  86.0%   180  145s
  3744   404 20200.0000  208  290 82847.0000 11580.0000  86.0%   180  152s
H 3745   384                    82503.000000 11580.0000  86.0%   180  158s
  3748   386 27590.0000  238  357 82503.0000 11580.0000  86.0%   180  163s
H 3748   366                    81601.000000 11580.0000  85.8%   180  164s
  3749   366 41269.0000  311  393 81601.0000 11580.0000  85.8%   180  165s
  3752   368 21918.0000  114  348 81601.0000 11580.0000  85.8%   179  171s
H 3753   350                    81600.000000 11580.0000  85.8%   179  176s
  3754   351 13890.0000  152  318 81600.0000 11580.0000  85.8%   179  181s
H 3755   333                    80601.000000 11580.0000  85.6%   179  183s
H 3756   316                    80575.000000 11580.0000  85.6%   179  183s
  3757   320 11580.0000   27  310 80575.0000 11580.0000  85.6%   241  185s
  3763   330 11580.0000   29  377 80575.0000 11580.0000  85.6%   244  190s
H 3788   328                    80574.000000 11580.0000  85.6%   266  193s
H 3789   312                    79836.000000 11580.0000  85.5%   266  193s
H 3790   297                    79667.000000 11580.0000  85.5%   266  193s
  3828   327 13154.1333   33  511 79667.0000 11580.0000  85.5%   271  195s
H 3830   312                    79302.000000 11580.0000  85.4%   271  195s
H 3868   321                    77574.000000 11580.0000  85.1%   274  196s
  3933   378 13779.9792   39  487 77574.0000 11580.0000  85.1%   280  200s
H 3957   357                    77572.000000 11580.0000  85.1%   281  200s
H 3988   367                    77570.000000 11580.0000  85.1%   283  201s
H 3989   354                    77490.000000 11580.0000  85.1%   284  201s
H 4039   381                    76986.000000 11580.0000  85.0%   289  203s
H 4105   389                    76782.000000 11580.0000  84.9%   293  204s
  4108   415 16458.3351   45  334 76782.0000 11580.0000  84.9%   293  205s
H 4219   418                    76455.000000 11580.0000  84.9%   299  208s
H 4287   443                    76454.000000 11580.0000  84.9%   300  210s
H 4290   443                    73629.000000 11580.0000  84.3%   301  210s
H 4442   552                    71274.000000 11580.0000  83.8%   312  214s
  4481   581 21410.9173   57  285 71274.0000 11580.0000  83.8%   310  216s
H 4516   581                    71010.000000 11580.0000  83.7%   312  216s
H 4625   645                    70235.000000 11580.0000  83.5%   313  217s
  4776   698 22140.0068   70  343 70235.0000 11580.0000  83.5%   316  220s
H 4888   845                    70170.000000 11580.0000  83.5%   316  222s
H 4922   845                    70056.000000 11580.0000  83.5%   316  222s
  5117   959 26379.0000   85  317 70056.0000 11580.0000  83.5%   311  225s
H 5124   959                    69619.000000 11580.0000  83.4%   311  225s
H 5285  1011                    69554.000000 11580.0000  83.4%   310  226s
H 5392  1081                    69206.000000 11580.0000  83.3%   308  227s
H 5466  1081                    69142.000000 11580.0000  83.3%   304  227s
  5482  1121 32787.0607  102  238 69142.0000 11580.0000  83.3%   304  231s
  5762  1307 39135.0000  127  196 69142.0000 11580.0000  83.3%   303  239s
H 5791  1306                    68337.000000 11580.0000  83.1%   301  239s
  5858  1344 42527.2546  137  159 68337.0000 11580.0000  83.1%   302  241s
  6157  1606 38709.0818   45  249 68337.0000 11866.6571  82.6%   307  249s
  6306  1700 58035.0660   59  196 68337.0000 11866.6571  82.6%   309  252s
  6741  1894 14327.7239   34  493 68337.0000 11920.0664  82.6%   311  256s
H 6969  1968                    68240.000000 11920.0664  82.5%   310  258s
  7069  2050 52665.3469   60  263 68240.0000 11920.0664  82.5%   313  260s
  7771  2416 41496.0000   54  244 68240.0000 12552.6360  81.6%   314  267s
H 8060  2505                    68238.000000 12598.5352  81.5%   314  269s
  8231  2671 21434.3252   50  360 68238.0000 12600.6041  81.5%   314  271s
  8894  2958 42890.0000   78  201 68238.0000 12701.8146  81.4%   311  277s
H 9209  3148                    68236.000000 12701.8146  81.4%   310  280s
  9864  3559 14872.0906   37  497 68236.0000 12843.7199  81.2%   308  286s
H10489  3740                    68235.000000 12854.0023  81.2%   305  289s
 10717  3932 14027.3909   38  508 68235.0000 12881.7545  81.1%   304  293s
 11127  4091 19261.4283   42  379 68235.0000 12963.6331  81.0%   302  295s
H11711  4532                    68233.000000 12978.3307  81.0%   306  302s
 12161  4827 19700.9875   36  368 68233.0000 13002.6028  80.9%   306  306s
 12641  5148 60079.3395   71  185 68233.0000 13004.0987  80.9%   308  310s
H12784  5148                    68231.000000 13029.8164  80.9%   308  310s
 13767  5700 15380.5892   42  444 68231.0000 13119.5197  80.8%   305  318s
H14142  5976                    68086.000000 13119.5197  80.7%   309  323s
 14783  6376 15525.3821   33  469 68086.0000 13162.1649  80.7%   309  328s
H15438  6582                    68085.000000 13203.2543  80.6%   305  332s
 15891  6859 14513.7427   37  491 68085.0000 13203.2786  80.6%   303  335s
 16354  7103 52132.3395   76  161 68085.0000 13262.1702  80.5%   304  340s
H16787  7102                    68002.000000 13267.3888  80.5%   302  340s
H16840  7101                    67699.000000 13267.6591  80.4%   302  340s
H16907  7381                    67340.000000 13273.4638  80.3%   302  345s
H17068  7381                    67324.000000 13273.4638  80.3%   303  345s
H17368  7653                    67269.000000 13273.4638  80.3%   302  350s
 17961  8010 27218.8973   50  380 67269.0000 13331.9523  80.2%   301  356s
H18466  8010                    67221.000000 13349.7684  80.1%   300  356s
H18542  8007                    66229.000000 13350.3885  79.8%   300  374s
 18550  8327 38265.8404   52  275 66229.0000 13353.4705  79.8%   300  381s
 19114  8679 18731.8435   44  448 66229.0000 13356.3147  79.8%   301  387s
 19778  9134 16633.3784   41  518 66229.0000 13379.9577  79.8%   304  394s
H19872  9134                    66228.000000 13379.9577  79.8%   303  394s
 20649  9522 36577.9295   54  267 66228.0000 13393.1524  79.8%   301  401s
H20738  9522                    66154.000000 13393.1524  79.8%   301  401s
 21421  9955 15801.9348   43  475 66154.0000 13437.8893  79.7%   300  408s
H21720  9953                    65689.000000 13438.8121  79.5%   300  408s
H22251 10397                    65584.000000 13464.5050  79.5%   300  415s
H22315 10357                    64907.000000 13466.2946  79.3%   300  415s
 23067 10820 34236.3768   64  297 64907.0000 13490.0613  79.2%   298  422s
H23184 10810                    64764.000000 13490.0613  79.2%   298  422s
 24012 11160 15241.2724   45  462 64764.0000 13516.2756  79.1%   296  430s
H24249 11066                    63570.000000 13517.2880  78.7%   296  430s
 24640 11459 17325.2907   48  408 63570.0000 13537.0874  78.7%   297  438s
H25160 11452                    63516.000000 13561.2679  78.6%   299  438s
H25280 11407                    62992.000000 13570.5274  78.5%   299  438s
 25354 11888 45156.5834   85  261 62992.0000 13575.1968  78.4%   299  446s
H26308 12295                    62991.000000 13619.9337  78.4%   299  455s
 27104 12723 29357.0000   51  295 62991.0000 13633.9897  78.4%   304  462s
H27941 13147                    62990.000000 13650.5871  78.3%   305  471s
H28112 13132                    62878.000000 13666.1216  78.3%   306  471s
H28813 13515                    62838.000000 13692.5856  78.2%   306  478s
H29157 13506                    62725.000000 13697.6565  78.2%   305  479s
H29610 13923                    62300.000000 13707.5679  78.0%   306  620s
 30529 14353 26560.3963   61  348 62300.0000 13741.7724  77.9%   306  628s
H30749 14346                    62212.000000 13742.3486  77.9%   306  628s
 31356 14680 28146.9278   48  323 62212.0000 13765.1326  77.9%   307  636s
H31440 14673                    62176.000000 13765.1326  77.9%   307  636s
H31620 14671                    62155.000000 13766.9585  77.9%   307  636s
H31791 14666                    62119.000000 13772.9282  77.8%   308  636s
H31887 14650                    62024.000000 13774.9217  77.8%   308  636s
H32051 15036                    61968.000000 13783.7202  77.8%   309  644s
H32129 14978                    61537.000000 13784.1770  77.6%   309  644s
H32873 15386                    61503.000000 13795.8475  77.6%   310  653s
H33075 15383                    61481.000000 13806.7508  77.5%   310  653s
H33579 15383                    61468.000000 13831.1194  77.5%   311  653s
 33652 15511 28088.7276   58  285 61468.0000 13831.1194  77.5%   311  668s
H33676 15510                    61451.000000 13831.1194  77.5%   311  668s
H33790 15508                    61413.000000 13831.1194  77.5%   310  668s
 33906 15990 29420.6496   58  312 61413.0000 13831.2881  77.5%   311  678s
H34174 15934                    61017.000000 13834.0825  77.3%   311  678s
 35004 16302 15407.7772   40  521 61017.0000 13862.8502  77.3%   311  688s
H35297 16284                    60914.000000 13871.6960  77.2%   311  688s
 35878 16729 16962.6690   34  480 60914.0000 13885.6549  77.2%   312  699s
H36017 16728                    60902.000000 13885.6549  77.2%   312  699s
H36279 16558                    59702.000000 13889.5625  76.7%   311  699s
 36941 17024 22804.0000   54  335 59702.0000 13898.8998  76.7%   310  709s
H37303 17016                    59662.000000 13902.6746  76.7%   311  709s
H37454 16998                    59558.000000 13905.0633  76.7%   311  709s
 37936 17357 56837.8702   65  220 59558.0000 13915.5033  76.6%   311  718s
H38525 17351                    59530.000000 13926.3845  76.6%   312  718s
 38722 17777 14270.8457   41  443 59530.0000 13932.4545  76.6%   313  727s
H39615 18184                    59169.000000 13943.6095  76.4%   315  737s
 40531 18579 47346.5697   61  296 59169.0000 13969.6482  76.4%   316  745s
H41386 18971                    59052.000000 13981.9094  76.3%   317  753s
 42234 19515 39970.0000   71  241 59052.0000 14001.7874  76.3%   318  763s
 43361 19923 19695.6678   55  389 59052.0000 14029.2176  76.2%   317  772s
H43561 19904                    58999.000000 14029.6206  76.2%   317  772s
 44146 20377 19540.4903   45  406 58999.0000 14045.2564  76.2%   318  780s
 45046 20823 infeasible   63      58999.0000 14055.7201  76.2%   318  789s
 46009 21172 20291.6265   57  393 58999.0000 14067.8264  76.2%   317  798s
 46689 21552 24649.4203   37  433 58999.0000 14079.3214  76.1%   318  806s
 47487 21972 16762.3602   43  503 58999.0000 14097.5442  76.1%   318  814s
 48476 22353 22032.6929   46  338 58999.0000 14112.5944  76.1%   318  822s
 49258 22691 16961.0031   49  450 58999.0000 14123.9036  76.1%   318  830s
 49974 23084 53921.4902   80  293 58999.0000 14134.9697  76.0%   319  839s
 50815 23372 52434.3829   60  192 58999.0000 14147.0201  76.0%   320  847s
 51435 23800 22419.7659   60  366 58999.0000 14163.5803  76.0%   320  856s
 52372 24195 46687.0000   68  210 58999.0000 14187.0163  76.0%   320  864s
 53162 24637 17364.3211   37  494 58999.0000 14199.1656  75.9%   321  874s
 54143 24976 25405.2600   37  403 58999.0000 14210.5163  75.9%   321  881s
 54848 25298 44426.8702   51  250 58999.0000 14222.4384  75.9%   322  889s
 55571 25813 45971.4648   62  336 58999.0000 14246.7230  75.9%   323  899s
 56551 26188 17207.5780   45  462 58999.0000 14253.6232  75.8%   323  907s
 57350 26310 39205.0000   68  243 58999.0000 14267.8033  75.8%   324  925s
H57481 26309                    58994.000000 14269.5127  75.8%   324  925s
H57538 26249                    58695.000000 14269.5127  75.7%   324  925s
H57541 26215                    58587.000000 14269.5127  75.6%   324  925s
 57583 26662 15704.2214   42  482 58587.0000 14269.7029  75.6%   324  935s
 58497 27160 16397.1914   37  462 58587.0000 14273.3086  75.6%   325  944s
 59564 27499 16479.7660   37  481 58587.0000 14289.4209  75.6%   324  954s
 60406 27855 17881.2600   46  457 58587.0000 14305.4974  75.6%   325  962s
 61153 28320 24947.4264   51  345 58587.0000 14316.8910  75.6%   326  972s
 62041 28724 15900.5165   40  464 58587.0000 14326.6397  75.5%   327  981s
 62812 29119 infeasible   74      58587.0000 14333.6905  75.5%   328  991s
 63819 29563 15641.1440   41  478 58587.0000 14345.5098  75.5%   328 1000s
 64949 29985 57564.5124   82  163 58587.0000 14358.6214  75.5%   328 1009s
 65850 30402 20052.3927   44  480 58587.0000 14367.0448  75.5%   328 1018s
 66696 30807 17970.9527   48  439 58587.0000 14370.4113  75.5%   329 1026s
 67438 31242 17848.2967   52  408 58587.0000 14384.4306  75.4%   330 1035s
 68344 31633 43915.0000   72  200 58587.0000 14391.6986  75.4%   331 1043s
 69162 32120 17710.3227   47  461 58587.0000 14404.6129  75.4%   332 1052s
 70079 32439 19694.0714   52  449 58587.0000 14409.9499  75.4%   333 1061s
 70765 32716 15768.1727   40  471 58587.0000 14416.1788  75.4%   334 1069s
 71350 33138 30683.7027   60  347 58587.0000 14421.5043  75.4%   335 1078s
 72227 33466 24266.5580   58  382 58587.0000 14426.1646  75.4%   336 1087s
 72952 33837 16508.0604   52  476 58587.0000 14438.9412  75.4%   337 1096s
 73755 34107 14857.7928   40  474 58587.0000 14445.9983  75.3%   338 1105s
 74395 34428 30963.0000   63  316 58587.0000 14460.8838  75.3%   339 1114s
 75127 34738 15508.9589   41  489 58587.0000 14470.0456  75.3%   339 1123s
 75713 35046 16352.5520   40  477 58587.0000 14476.0726  75.3%   341 1134s
 76450 35573 21191.3039   48  447 58587.0000 14484.0870  75.3%   342 1148s
 77630 36061 17916.7570   42  450 58587.0000 14493.4522  75.3%   343 1160s
 78639 36523 28631.0000   61  356 58587.0000 14501.3042  75.2%   344 1171s
 79663 36906 17532.5705   49  427 58587.0000 14509.2514  75.2%   344 1180s
 80456 37363 15522.5110   37  519 58587.0000 14514.5185  75.2%   345 1191s
 81459 37804 18534.0202   38  434 58587.0000 14526.3335  75.2%   345 1202s
 82405 38240 15189.2148   40  418 58587.0000 14533.5429  75.2%   345 1212s
 83297 38740 16313.9611   43  483 58587.0000 14540.2069  75.2%   346 1223s
 84480 39123 15966.4238   50  448 58587.0000 14550.2984  75.2%   346 1232s
 85321 39486 34356.0000   64  325 58587.0000 14559.3934  75.1%   346 1242s
 86117 39822 20199.9828   50  408 58587.0000 14566.0783  75.1%   347 1252s
 86882 40324 16768.1495   37  495 58587.0000 14572.2303  75.1%   348 1262s
 87955 40779 15753.0000   41  508 58587.0000 14576.9953  75.1%   348 1272s
 88911 41105 15612.5786   41  475 58587.0000 14583.3186  75.1%   348 1282s
 89684 41358 16669.0233   44  434 58587.0000 14586.8272  75.1%   349 1291s
 90212 41830 26965.3688   47  435 58587.0000 14592.7619  75.1%   349 1303s
 91182 41849 44711.7090   74  182 58587.0000 14597.3296  75.1%   350 1335s
 91210 42376 47278.5987   79  145 58587.0000 14598.9067  75.1%   350 1349s
 92339 42774 25757.2867   58  301 58587.0000 14604.6522  75.1%   350 1361s
 93211 43189 50853.0923   67  268 58587.0000 14613.8348  75.1%   351 1371s
 94121 43654 55120.0369   85  247 58587.0000 14621.3825  75.0%   351 1384s
 95241 44003 17178.4057   38  510 58587.0000 14627.8545  75.0%   351 1394s
 95965 44407 28294.9836   60  345 58587.0000 14635.4477  75.0%   352 1404s
 96797 44814 15471.0906   38  479 58587.0000 14643.0502  75.0%   352 1416s
 97723 45239 17931.6315   52  486 58587.0000 14657.0586  75.0%   353 1426s
 98643 45696 15981.1876   41  453 58587.0000 14664.3684  75.0%   353 1438s
 99639 46051 21515.8254   57  399 58587.0000 14667.7210  75.0%   354 1448s
 100304 46540 infeasible   70      58587.0000 14671.4571  75.0%   355 1460s
 101458 46881 16781.1176   47  463 58587.0000 14679.8033  74.9%   355 1470s
 102222 47295 33933.5746   63  351 58587.0000 14688.3265  74.9%   355 1481s
 103180 47635 15356.8227   42  509 58587.0000 14696.5628  74.9%   356 1491s
 103871 47977 50613.1889   79  200 58587.0000 14699.2714  74.9%   357 1500s
 104715 48290 16346.4419   48  492 58587.0000 14708.0995  74.9%   357 1510s
 105411 48687 54216.4587   77  187 58587.0000 14711.9582  74.9%   357 1520s
 106267 49049 16644.3885   42  462 58587.0000 14718.9482  74.9%   358 1530s
 106981 49534 20389.5855   44  406 58587.0000 14723.7575  74.9%   359 1541s
 107932 49591 30091.0000   44  317 58587.0000 14727.2457  74.9%   359 1586s
 108073 50003 30091.0000   45  344 58587.0000 14728.8606  74.9%   359 1597s
 108853 50552 18794.1577   50  427 58587.0000 14733.8326  74.9%   359 1609s
 109951 51008 18991.5516   43  446 58587.0000 14745.2111  74.8%   359 1621s
 110761 51483 42067.2006   61  274 58587.0000 14751.2586  74.8%   359 1632s
 111654 51866 16311.3454   38  471 58587.0000 14761.0610  74.8%   359 1643s
 112351 52713 16388.8024   43  487 58587.0000 14764.4973  74.8%   359 1658s
 113867 53175 55131.0000   93  194 58587.0000 14765.4056  74.8%   359 1674s
H114339 53106                    58386.000000 14767.8940  74.7%   359 1674s
 114774 53634 17050.2061   46  451 58386.0000 14775.0559  74.7%   359 1685s
 115793 54135 27317.3769   54  332 58386.0000 14782.2961  74.7%   359 1698s
 116792 54524 21193.7111   52  410 58386.0000 14787.4953  74.7%   358 1708s
 117536 54976 17730.4119   45  434 58386.0000 14791.6491  74.7%   358 1719s
 118400 55393 18459.8226   45  503 58386.0000 14800.1906  74.7%   358 1731s
 119166 55927 18938.3202   49  406 58386.0000 14806.6306  74.6%   358 1743s
 120166 56372 33330.0000   63  315 58386.0000 14813.1131  74.6%   358 1755s
 121081 56858 19627.3212   41  385 58386.0000 14817.3868  74.6%   358 1766s
 121938 57325 32605.7127   71  338 58386.0000 14822.4963  74.6%   358 1781s
 122941 57801 24805.0308   37  476 58386.0000 14826.8926  74.6%   358 1792s
 123762 58372 56896.3943   72  245 58386.0000 14834.7307  74.6%   358 1807s
 124746 58913 infeasible   81      58386.0000 14837.6031  74.6%   357 1819s
 125710 59419 15410.3037   42  538 58386.0000 14843.8051  74.6%   357 1831s
 126683 59976 20652.1679   46  409 58386.0000 14846.5393  74.6%   357 1845s
 127732 60530 33428.9727   71  266 58386.0000 14853.4642  74.6%   357 1858s
 128740 61031 18332.9806   44  499 58386.0000 14861.7575  74.5%   357 1870s
 129599 61358 16024.5539   39  482 58386.0000 14866.9346  74.5%   357 1880s
 130196 61852 16147.7772   45  541 58386.0000 14871.0000  74.5%   357 1892s
H130199 61836                    58316.000000 14871.0000  74.5%   357 1892s
H130433 61793                    58173.000000 14872.7291  74.4%   357 1893s
 131091 62388 17361.2070   41  450 58173.0000 14875.7269  74.4%   357 1905s
 132198 62833 16121.7971   41  532 58173.0000 14882.9197  74.4%   357 1916s
 133027 63217 35468.1642   62  321 58173.0000 14887.2304  74.4%   356 1926s
 133762 63706 16568.3841   42  515 58173.0000 14894.0021  74.4%   356 1938s
 134700 64142 16863.7911   47  543 58173.0000 14899.7882  74.4%   356 1952s
 135530 64612 18336.0858   46  438 58173.0000 14907.7307  74.4%   356 1964s
 136430 65127 28994.4925   54  391 58173.0000 14913.1785  74.4%   356 1979s
 137390 65426 34601.0000   62  340 58173.0000 14917.7653  74.4%   357 1991s
 137952 66023 21443.3947   43  480 58173.0000 14920.0000  74.4%   358 2006s
 139098 66595 34011.7851   63  326 58173.0000 14928.0527  74.3%   357 2021s
 140295 67077 16695.8300   43  523 58173.0000 14935.3843  74.3%   357 2034s
 141187 67490 24424.9231   49  352 58173.0000 14944.7197  74.3%   357 2046s
 141975 68058 21597.1928   52  393 58173.0000 14951.2438  74.3%   356 2059s
 142875 68058 17343.7055   45  431 58173.0000 14960.3528  74.3%   356 2060s
 143003 68489 16152.3582   40  523 58173.0000 14961.0729  74.3%   356 2074s
 143742 68745     cutoff   77      58173.0000 14966.6152  74.3%   356 2097s
H144158 68745                    58171.000000 14969.3191  74.3%   357 2097s
H144250 69171                    57993.000000 14970.3966  74.2%   357 2112s
 145072 69662 29030.0000   44  327 57993.0000 14972.8905  74.2%   357 2125s
 145904 70150 27983.0000   47  406 57993.0000 14978.5627  74.2%   357 2138s
 146795 70642 51601.4895   75  187 57993.0000 14982.0021  74.2%   356 2151s
 147784 71128 16377.0274   38  477 57993.0000 14991.1212  74.2%   356 2162s
 148671 71420 19367.9195   45  402 57993.0000 14996.2228  74.1%   356 2174s
 149320 71912 17433.4890   41  499 57993.0000 15002.0000  74.1%   356 2186s
 150179 72276 15664.1715   46  512 57993.0000 15006.0000  74.1%   356 2199s
 150930 72726 28134.0000   46  307 57993.0000 15007.4900  74.1%   356 2212s
 151749 73334 17640.0551   40  431 57993.0000 15018.4109  74.1%   357 2226s
 152818 73831     cutoff   91      57993.0000 15024.3500  74.1%   356 2238s
 153733 74336 16207.9959   38  497 57993.0000 15028.9449  74.1%   356 2252s
 154662 74366 18470.0674   44  492 57993.0000 15033.5923  74.1%   356 2289s
 154724 74769 19619.5063   45  475 57993.0000 15034.4776  74.1%   356 2304s
 155524 75173 17402.0360   39  503 57993.0000 15037.5428  74.1%   356 2317s
 156284 75610 18773.2982   44  525 57993.0000 15039.6587  74.1%   356 2331s
 157125 76066 18086.0570   45  467 57993.0000 15044.1122  74.1%   356 2344s
 157586 76066 19825.7649   43  543 57993.0000 15046.0000  74.1%   356 2345s
 158018 76508 26778.0013   41  320 57993.0000 15048.8528  74.1%   356 2361s
 158892 77181 18777.1833   51  450 57993.0000 15054.3837  74.0%   356 2377s
 160088 77641 53139.0000   68  183 57993.0000 15058.4460  74.0%   356 2391s
 161023 78176 41924.5366   77  262 57993.0000 15063.0000  74.0%   355 2405s
 161925 78773 35808.6000   69  305 57993.0000 15068.9082  74.0%   355 2420s
 163005 79177 16605.7246   43  523 57993.0000 15074.0000  74.0%   355 2432s
 163679 79623 38456.4275   56  305 57993.0000 15078.0354  74.0%   355 2447s
 164492 80093 17301.9645   48  506 57993.0000 15083.3780  74.0%   355 2463s
 165372 80686 16312.1354   41  519 57993.0000 15089.0987  74.0%   355 2481s
 166431 81083 37937.8599   68  272 57993.0000 15095.4807  74.0%   355 2498s
 167292 81590 18122.7575   51  445 57993.0000 15099.1521  74.0%   355 2515s
 168247 82126 29648.6860   69  240 57993.0000 15109.3212  73.9%   355 2531s
 169216 82683 19870.3487   46  492 57993.0000 15120.8029  73.9%   355 2555s
 170321 82968 16852.6923   44  517 57993.0000 15128.5646  73.9%   354 2574s
 171021 83551 17905.9927   46  487 57993.0000 15132.5062  73.9%   355 2593s
 172093 84177 18532.1727   43  465 57993.0000 15138.2507  73.9%   355 2610s
 173275 84622 17410.9949   39  495 57993.0000 15141.1885  73.9%   354 2626s
 174085 85233 19300.6706   46  469 57993.0000 15147.1811  73.9%   355 2643s
 175215 85813 19688.5460   44  449 57993.0000 15152.4796  73.9%   355 2660s
 176230 86299 26862.8702   43  366 57993.0000 15156.9138  73.9%   354 2675s
 177170 86826 20760.3811   51  396 57993.0000 15161.7100  73.9%   354 2694s
 178077 87100 44612.4658   71  347 57993.0000 15171.0278  73.8%   354 2714s
 178540 87606 40673.9631   61  299 57993.0000 15173.7291  73.8%   355 2733s
 179550 88224 53571.2383   74  208 57993.0000 15178.2232  73.8%   355 2752s
 180759 88863 18329.2167   40  560 57993.0000 15187.0724  73.8%   355 2771s
 181888 89168 18566.7412   39  450 57993.0000 15191.0000  73.8%   355 2786s
 182534 89712 16841.5615   46  548 57993.0000 15193.5666  73.8%   355 2806s
 183573 90263 18486.4873   47  456 57993.0000 15198.7516  73.8%   355 2824s
 183844 90263 18195.3100   44  523 57993.0000 15199.0607  73.8%   355 2825s
 184559 90838 17032.3731   43  539 57993.0000 15204.6353  73.8%   355 2841s
 185567 91258 24358.4964   51  463 57993.0000 15210.4759  73.8%   355 2865s
 186408 91709 17472.1317   39  505 57993.0000 15215.7771  73.8%   355 2882s
 187303 92197 20084.3143   50  521 57993.0000 15221.4649  73.8%   355 2896s
 188155 92799 28874.3195   52  415 57993.0000 15225.0000  73.7%   355 2915s
 189292 93276 19000.1014   44  522 57993.0000 15227.8444  73.7%   355 2935s
 190145 93784 23292.0000   48  399 57993.0000 15230.6332  73.7%   355 2953s
 191166 94359 17806.1855   50  554 57993.0000 15236.0000  73.7%   355 2970s
 192248 94877 infeasible   95      57993.0000 15238.8081  73.7%   355 2987s
 193244 95148 16091.3993   47  501 57993.0000 15246.3507  73.7%   355 2998s
 193796 95751 16538.1933   46  536 57993.0000 15248.0374  73.7%   355 3017s
 194941 96210 56238.7461   98  158 57993.0000 15253.3248  73.7%   355 3033s
 195842 96864 33954.0000   67  303 57993.0000 15258.8826  73.7%   355 3051s
 197015 97301 20301.3037   53  417 57993.0000 15266.3563  73.7%   355 3070s
 197850 97800 16244.2883   41  542 57993.0000 15270.2835  73.7%   355 3088s
 198850 98359 18919.6483   38  496 57993.0000 15276.2911  73.7%   355 3104s
 199772 98359 18342.0317   41  502 57993.0000 15281.5727  73.6%   355 3105s
 199904 98722 19999.9887   43  513 57993.0000 15281.7590  73.6%   355 3127s
 200594 99186 36598.3483   74  195 57993.0000 15286.0999  73.6%   355 3144s
 201441 99815 20732.2765   57  417 57993.0000 15290.9013  73.6%   355 3166s
 202569 100395 18081.2920   45  459 57993.0000 15296.6901  73.6%   355 3185s
 203612 100401 43347.0000   67  301 57993.0000 15301.3532  73.6%   355 3348s
 203620 100541 44757.1986   68  275 57993.0000 15301.8902  73.6%   355 3366s
 203995 101086 24361.9723   52  421 57993.0000 15304.0000  73.6%   356 3384s
 204956 101542 17175.1026   39  506 57993.0000 15306.6803  73.6%   356 3400s
 205819 102008 17110.6342   45  533 57993.0000 15310.7768  73.6%   356 3419s
 206703 102461 17097.4439   45  503 57993.0000 15314.6490  73.6%   356 3434s
 207597 102995 17581.1657   46  511 57993.0000 15318.1900  73.6%   356 3450s
 208543 103373 20306.9732   44  500 57993.0000 15321.5868  73.6%   357 3465s
 209307 103732 infeasible   68      57993.0000 15324.4776  73.6%   357 3479s
 209979 104285 18552.1371   47  409 57993.0000 15327.4207  73.6%   357 3499s
 211037 104903 36491.9727   66  265 57993.0000 15331.1093  73.6%   356 3517s
 212116 105326 17738.1774   46  490 57993.0000 15335.0810  73.6%   357 3532s
 212969 105798 18180.0225   50  493 57993.0000 15342.2694  73.5%   357 3548s
 213908 106270 39611.1425   70  269 57993.0000 15345.6525  73.5%   357 3563s
 214825 106881 16487.0646   48  496 57993.0000 15349.4817  73.5%   357 3581s
 215940 107263 18517.6987   50  472 57993.0000 15355.2505  73.5%   357 3597s
 216699 107365 16752.5498   42  561 57993.0000 15359.3948  73.5%   357 3600s

Cutting planes:
  Learned: 448
  Gomory: 199
  Cover: 757
  Implied bound: 378
  Projected implied bound: 4
  Clique: 4
  MIR: 4278
  StrongCG: 11
  Flow cover: 16678
  Inf proof: 2007
  Zero half: 4
  RLT: 39
  Relax-and-lift: 494

Explored 216827 nodes (77421812 simplex iterations) in 3600.24 seconds (7959.60 work units)
Thread count was 16 (of 16 available processors)

Solution count 10: 57993 58171 58173 ... 59052

Time limit reached
Best objective 5.799300000000e+04, best bound 1.536000000000e+04, gap 73.5140%
Warning: constraint name "precedence between 1,0 to 0,0 if x_[0,0,1,0,18]=1, i.e. 0,0 before 1,0" has a space
Warning: constraint name "precedence between 1,0 to 0,0 if x_[0,0,1,0,18]=1, i.e. 0,0 before 1,0" has a space
Warning: default constraint names used to write mps file
