
Gurobi 10.0.1 (win64) logging started Sat Oct  7 13:15:30 2023

Set parameter LogFile to value "./results//log/URT_17_makespan_heurTrue.log"
Gurobi Optimizer version 10.0.1 build v10.0.1rc0 (win64)

CPU model: AMD Ryzen 7 3700X 8-Core Processor, instruction set [SSE2|AVX|AVX2]
Thread count: 8 physical cores, 16 logical processors, using up to 16 threads

Optimize a model with 1771 rows, 1217 columns and 7956 nonzeros
Model fingerprint: 0xf45250b9
Variable types: 0 continuous, 1217 integer (1120 binary)
Coefficient statistics:
  Matrix range     [1e+00, 1e+07]
  Objective range  [1e+00, 1e+00]
  Bounds range     [1e+00, 1e+00]
  RHS range        [1e+00, 3e+07]

Warning: Completing partial solution with 1153 unfixed non-continuous variables out of 1217
User MIP start did not produce a new incumbent solution
User MIP start violates constraint initial_start_time_job3_stage0_machine3_constraint by 2.000000000

Presolve removed 112 rows and 533 columns
Presolve time: 0.02s
Presolved: 1659 rows, 684 columns, 7762 nonzeros
Variable types: 0 continuous, 684 integer (588 binary)

Root relaxation: objective 8.100000e+01, 196 iterations, 0.00 seconds (0.00 work units)
Another try with MIP start

    Nodes    |    Current Node    |     Objective Bounds      |     Work
 Expl Unexpl |  Obj  Depth IntInf | Incumbent    BestBd   Gap | It/Node Time

     0     0   81.00000    0   91          -   81.00000      -     -    0s
H    0     0                     402.0000000   81.00000  79.9%     -    0s
H    0     0                     357.0000000   81.00000  77.3%     -    0s
H    0     0                     271.0000000   81.00000  70.1%     -    0s
     0     0   81.00000    0   48  271.00000   81.00000  70.1%     -    0s
     0     0   82.32171    0  121  271.00000   82.32171  69.6%     -    0s
     0     0   84.19356    0   78  271.00000   84.19356  68.9%     -    0s
     0     0   84.19356    0  107  271.00000   84.19356  68.9%     -    0s
     0     0   84.19356    0  130  271.00000   84.19356  68.9%     -    0s
     0     0   84.19356    0  123  271.00000   84.19356  68.9%     -    0s
     0     0   84.19356    0  120  271.00000   84.19356  68.9%     -    0s
     0     0   84.19356    0  118  271.00000   84.19356  68.9%     -    0s
     0     0   84.64664    0  110  271.00000   84.64664  68.8%     -    0s
     0     0   84.69821    0  123  271.00000   84.69821  68.7%     -    0s
     0     0   84.71365    0  120  271.00000   84.71365  68.7%     -    0s
     0     0   84.71911    0  118  271.00000   84.71911  68.7%     -    0s
     0     0   84.71911    0  125  271.00000   84.71911  68.7%     -    0s
     0     0   85.09904    0  118  271.00000   85.09904  68.6%     -    1s
     0     0   85.12235    0  127  271.00000   85.12235  68.6%     -    1s
     0     0   85.36245    0  101  271.00000   85.36245  68.5%     -    1s
     0     0   85.36245    0  112  271.00000   85.36245  68.5%     -    1s
     0     0   85.76274    0  116  271.00000   85.76274  68.4%     -    1s
     0     0   85.76274    0  129  271.00000   85.76274  68.4%     -    1s
     0     0   85.76284    0  125  271.00000   85.76284  68.4%     -    1s
     0     0   85.76286    0  127  271.00000   85.76286  68.4%     -    1s
H    0     0                     262.0000000   85.76286  67.3%     -    1s
     0     0   85.76286    0  130  262.00000   85.76286  67.3%     -    1s
     0     0   85.77403    0  122  262.00000   85.77403  67.3%     -    1s
     0     0   85.77756    0  125  262.00000   85.77756  67.3%     -    1s
     0     0   85.77756    0  126  262.00000   85.77756  67.3%     -    1s
     0     0   85.77950    0  133  262.00000   85.77950  67.3%     -    1s
H    0     0                     260.0000000   85.77950  67.0%     -    1s
     0     0   85.77950    0  129  260.00000   85.77950  67.0%     -    1s
     0     0   85.78030    0  123  260.00000   85.78030  67.0%     -    1s
     0     0   85.82615    0  126  260.00000   85.82615  67.0%     -    1s
     0     0   85.85362    0  124  260.00000   85.85362  67.0%     -    1s
     0     0   85.85601    0  120  260.00000   85.85601  67.0%     -    1s
     0     0   85.85952    0  119  260.00000   85.85952  67.0%     -    1s
     0     0   85.85952    0  123  260.00000   85.85952  67.0%     -    1s
     0     0   85.89593    0  116  260.00000   85.89593  67.0%     -    1s
     0     0   85.89896    0  124  260.00000   85.89896  67.0%     -    1s
     0     0   85.89896    0  123  260.00000   85.89896  67.0%     -    1s
     0     0   85.91827    0  115  260.00000   85.91827  67.0%     -    2s
     0     0   85.91827    0  113  260.00000   85.91827  67.0%     -    2s
     0     0   85.93833    0  102  260.00000   85.93833  66.9%     -    2s
     0     0   85.93833    0  116  260.00000   85.93833  66.9%     -    2s
H    0     0                     256.0000000   85.93833  66.4%     -    2s
     0     0   85.93833    0  119  256.00000   85.93833  66.4%     -    2s
     0     0   85.93833    0  114  256.00000   85.93833  66.4%     -    2s
     0     0   85.93833    0   69  256.00000   85.93833  66.4%     -    2s
     0     0   85.93833    0  105  256.00000   85.93833  66.4%     -    2s
     0     0   85.93833    0   91  256.00000   85.93833  66.4%     -    2s
     0     0   85.93833    0   70  256.00000   85.93833  66.4%     -    2s
     0     2   85.94430    0   66  256.00000   85.94430  66.4%     -    2s
H   83    96                     252.0000000   87.58952  65.2%  49.1    2s
H  122   136                     247.0000000   87.58952  64.5%  40.0    3s
H  133   136                     244.0000000   87.58952  64.1%  38.8    3s
  9901   814  191.00000 1192   24  244.00000   87.71764  64.1%   1.5    5s
 15910   961   93.28807   35  108  244.00000   90.23768  63.0%   1.3   10s
H15995   966                     238.0000000   90.23768  62.1%   1.5   10s
H16001   922                     234.0000000   90.23768  61.4%   1.5   10s
H16203   994                     232.0000000   90.23768  61.1%   1.8   11s
 25130  7217   92.15074   44  133  232.00000   92.09858  60.3%   6.4   15s
 35040 14274  102.39111   41  122  232.00000   92.69183  60.0%   8.7   20s
H38932 16309                     230.0000000   92.85212  59.6%   9.2   22s
 41436 18004  121.05057   46   70  230.00000   92.92244  59.6%   9.5   27s
 41456 18017  151.27931   65  124  230.00000   92.92244  59.6%   9.5   30s
 41479 18033  137.41683   65  148  230.00000   92.92244  59.6%   9.5   35s
 41503 18049  166.13333   65  130  230.00000   92.92244  59.6%   9.5   40s
 41528 18065  123.39999   63  123  230.00000   93.49624  59.3%   9.5   45s
 41552 18081  177.31020   57  187  230.00000   94.15204  59.1%   9.5   50s
 41576 18097  160.00000   73  139  230.00000   94.61264  58.9%   9.5   55s
 41609 18119  114.92132   49  157  230.00000   95.12115  58.6%   9.5   60s
 41749 18229   95.16762   48  141  230.00000   95.16762  58.6%  10.9   67s
H41750 17318                     227.0000000   95.16762  58.1%  10.9   67s
H41755 16454                     226.0000000   95.16762  57.9%  10.9   67s
 43949 17496  212.50000   89   48  226.00000   95.16762  57.9%  12.0   70s
 48967 19402 infeasible   72       226.00000   95.16762  57.9%  13.8   75s
 53110 21136     cutoff   96       226.00000   95.16762  57.9%  14.7   80s
H54935 20476                     225.0000000   95.16762  57.7%  15.1   83s
 55902 21297   95.16762   56  141  225.00000   95.16762  57.7%  15.3   85s
 59274 22545  109.26606   61  102  225.00000   95.16762  57.7%  15.9   91s
 62717 23997  220.00000   79   30  225.00000   95.16762  57.7%  16.1   96s
 65972 25237  108.11784   52  134  225.00000   95.16762  57.7%  16.6  101s
 67832 25828  109.22963   55  117  225.00000   95.16762  57.7%  16.8  105s
 71505 27334   99.23490   56  130  225.00000   95.24221  57.7%  17.2  112s
 72969 26861  127.60074   65   86  225.00000   95.30061  57.6%  17.4  124s
 72985 27781  134.66041   66   81  225.00000   95.30184  57.6%  17.4  127s
 75219 27878 infeasible   70       225.00000   95.35941  57.6%  17.6  130s
 76760 28628  100.46009   64  106  225.00000   95.41857  57.6%  17.7  135s
 79030 30099  138.16224   72   82  225.00000   95.49372  57.6%  17.9  140s
 82889 31349  186.82797   83   37  225.00000   95.57025  57.5%  18.1  146s
 84276 32650   96.85409   54  153  225.00000   95.59306  57.5%  18.1  151s
 86856 32869   97.36137   55  148  225.00000   95.65016  57.5%  18.3  155s
 90652 34868  100.80570   54  141  225.00000   95.72157  57.5%  18.5  161s
 94030 37210   99.10241   59  140  225.00000   95.80707  57.4%  18.6  167s
 96111 38487  194.59394   82   44  225.00000   95.81221  57.4%  18.7  170s
 99684 40507  130.01429   77   72  225.00000   95.87310  57.4%  18.8  175s
 103220 43397   98.31830   56  132  225.00000   95.93804  57.4%  18.9  181s
 104884 43656  103.87512   55  126  225.00000   95.95730  57.4%  19.0  187s
 105399 53625  104.41464   56  123  225.00000   95.95730  57.4%  19.0  219s
 109910 53625  112.34672   66   86  225.00000   95.97339  57.3%  19.1  220s
 119983 55249  102.67091   65  112  225.00000   96.18096  57.3%  19.3  225s
 124164 57460  134.84770   65   77  225.00000   96.26449  57.2%  19.4  231s
 128357 60508   96.97061   59  143  225.00000   96.32332  57.2%  19.5  236s
 131733 63227  130.97748   75   77  225.00000   96.37302  57.2%  19.6  241s
 135823 65966  213.00000  102   24  225.00000   96.39911  57.2%  19.5  245s
 138987 68454  103.34647   60  133  225.00000   96.43527  57.1%  19.6  250s
 144300 71694  106.33322   66   94  225.00000   96.49046  57.1%  19.7  256s
 147635 74389   96.63163   55  152  225.00000   96.51250  57.1%  19.7  261s
 152269 76791  101.76267   61  140  225.00000   96.54652  57.1%  19.7  266s
 155127 79176  111.98632   73   98  225.00000   96.56614  57.1%  19.8  271s
 158821 81568   97.58118   56  123  225.00000   96.61556  57.1%  19.8  276s
 162207 84029   98.40249   58  160  225.00000   96.64722  57.0%  19.9  281s
 165567 86431  100.12547   66   99  225.00000   96.68011  57.0%  19.9  285s
 169053 88969  117.53220   62   80  225.00000   96.70677  57.0%  20.0  290s
 172598 91314 infeasible  110       225.00000   96.73370  57.0%  20.0  295s
 176194 94195   97.60732   53  150  225.00000   96.76387  57.0%  20.0  301s
 180450 96271  113.78893   54  111  225.00000   96.78047  57.0%  20.0  305s
 183855 98867   99.70412   63  105  225.00000   96.79314  57.0%  20.0  310s
 187492 101083  217.04423   97   34  225.00000   96.82457  57.0%  20.0  315s
 190612 103703  155.05642   73   52  225.00000   96.85463  57.0%  20.1  320s
 194528 106815   97.79505   54  132  225.00000   96.87897  56.9%  20.1  325s
 200453 109324     cutoff   71       225.00000   96.89927  56.9%  20.0  330s
 203883 112414 infeasible   88       225.00000   96.92027  56.9%  20.1  336s
 207037 114979  136.44728   58   89  225.00000   96.94597  56.9%  20.1  341s
 210545 117532   97.62319   50  127  225.00000   96.96920  56.9%  20.1  345s
 214877 120435  131.31200   73   94  225.00000   96.99427  56.9%  20.1  351s
 217697 122606   98.04217   62  135  225.00000   97.00538  56.9%  20.1  355s
 222414 125359  193.92405   73   56  225.00000   97.03448  56.9%  20.1  361s
 225614 127998     cutoff   96       225.00000   97.05358  56.9%  20.1  367s
 229653 130446  213.52059   90   51  225.00000   97.07361  56.9%  20.1  371s
 232496 132276  100.04106   58  123  225.00000   97.09612  56.8%  20.2  376s
 235946 135121  109.95387   71  106  225.00000   97.12656  56.8%  20.2  382s
 239351 137337  102.51261   64  108  225.00000   97.13879  56.8%  20.3  387s
 241214 138818  101.76864   68  110  225.00000   97.14959  56.8%  20.3  390s
 245161 141441  114.65705   60  123  225.00000   97.17012  56.8%  20.3  395s
 248729 143885  201.10000   78   56  225.00000   97.19441  56.8%  20.4  400s
 252228 145763  105.39807   60  131  225.00000   97.21438  56.8%  20.4  405s
 255566 148379 infeasible   80       225.00000   97.23790  56.8%  20.4  411s
 258689 150946  107.04946   60  131  225.00000   97.25309  56.8%  20.4  417s
 260917 152611  100.20685   65  113  225.00000   97.26331  56.8%  20.4  420s
 265072 155132  140.00931   72   85  225.00000   97.28157  56.8%  20.4  425s
 268590 157447  155.84713   79   72  225.00000   97.29760  56.8%  20.5  430s
 271909 159595   97.82786   59  136  225.00000   97.31838  56.7%  20.5  435s
 276039 160897  102.81096   52  131  225.00000   97.34002  56.7%  20.5  445s
 276246 171703  103.25831   53  125  225.00000   97.34019  56.7%  20.5  481s
 292262 172543 infeasible   89       225.00000   97.41842  56.7%  20.5  487s
 295198 175480  155.25259   77   59  225.00000   97.43856  56.7%  20.6  492s
 297718 177003  115.60404   59   89  225.00000   97.44961  56.7%  20.6  495s
 301691 179198  195.25106   88   46  225.00000   97.47487  56.7%  20.6  500s
 306526 182949  115.57160   58  100  225.00000   97.50720  56.7%  20.6  507s
 309345 185167  101.88729   63  147  225.00000   97.51543  56.7%  20.6  511s
 313566 187654  187.00000   65   42  225.00000   97.53205  56.7%  20.6  515s
 317223 189963  107.19635   56  122  225.00000   97.54728  56.6%  20.6  520s
 321118 192670  106.71770   64   93  225.00000   97.56011  56.6%  20.6  525s
 324409 194750  101.81877   64  122  225.00000   97.57824  56.6%  20.6  530s
 328067 197644  209.00000   93   28  225.00000   97.60095  56.6%  20.6  535s
 331864 199998   97.89377   63  137  225.00000   97.61313  56.6%  20.6  540s
 337002 203944  192.00000  110   32  225.00000   97.62896  56.6%  20.6  547s
 341053 206276  189.25770   88   50  225.00000   97.64012  56.6%  20.6  552s
 342798 207613  111.74496   57  120  225.00000   97.64637  56.6%  20.6  555s
 346702 210266   99.65445   63  145  225.00000   97.65991  56.6%  20.6  560s
 349623 212591  126.24171   60   79  225.00000   97.67123  56.6%  20.6  565s
 354319 214984  188.12069   83   39  225.00000   97.68068  56.6%  20.5  571s
 357550 217442   98.18784   60  146  225.00000   97.69264  56.6%  20.6  575s
 360765 219420  109.08877   57  118  225.00000   97.70682  56.6%  20.6  580s
 364128 221851  101.48028   62  112  225.00000   97.71866  56.6%  20.6  586s
 368169 224527  121.47900   59   98  225.00000   97.73816  56.6%  20.6  591s
 370349 224535  114.93694   57  118  225.00000   97.74482  56.6%  20.6  606s
 371483 226411  101.32915   53  142  225.00000   97.74904  56.6%  20.6  612s
 373225 227666     cutoff   79       225.00000   97.75616  56.6%  20.6  615s
 376988 230421   98.36551   57  146  225.00000   97.77495  56.5%  20.6  621s
 380896 232759  100.98919   61  131  225.00000   97.79132  56.5%  20.6  626s
 384259 235090  144.57652   54   79  225.00000   97.80316  56.5%  20.6  632s
 386248 236374  145.38990   63   89  225.00000   97.80933  56.5%  20.6  635s
 390035 239098  137.07421   83   59  225.00000   97.82354  56.5%  20.6  640s
 393644 241762  111.41679   59   85  225.00000   97.83256  56.5%  20.6  645s
 398508 244328   99.82227   63  126  225.00000   97.84134  56.5%  20.6  652s
 402304 245700   99.72654   66  147  225.00000   97.85249  56.5%  20.6  659s
 402458 246553   99.83241   67  143  225.00000   97.85368  56.5%  20.6  662s
 403908 247649  105.44056   60  134  225.00000   97.86036  56.5%  20.6  665s
 407430 250576  108.84750   65  124  225.00000   97.87320  56.5%  20.6  671s
 410947 252631   99.53784   62  143  225.00000   97.88353  56.5%  20.6  676s
 414913 255409  151.77321   74   86  225.00000   97.89799  56.5%  20.6  682s
 416918 256547   98.29692   61  142  225.00000   97.90200  56.5%  20.6  685s
 420913 258900   99.21631   59  125  225.00000   97.91548  56.5%  20.6  690s
 424318 261029   98.38752   59  141  225.00000   97.92835  56.5%  20.6  695s
 428209 263673   99.90351   60  120  225.00000   97.93974  56.5%  20.6  701s
 431977 266400  102.09232   64  115  225.00000   97.95088  56.5%  20.6  706s
 435121 268688   99.57576   65  114  225.00000   97.96150  56.5%  20.6  711s
 438638 270485  116.76238   56   98  225.00000   97.97284  56.5%  20.6  716s
 441279 273117  124.99628   81   79  225.00000   97.98231  56.5%  20.7  721s
 445417 275766  152.69311   73   76  225.00000   97.99231  56.4%  20.7  727s
 447330 277502  118.14820   62  131  225.00000   97.99963  56.4%  20.7  730s
 451155 279903  100.90724   58  128  225.00000   98.00846  56.4%  20.7  735s
 456356 283257     cutoff   80       225.00000   98.02179  56.4%  20.7  742s
 458240 284471  104.91450   65  133  225.00000   98.02687  56.4%  20.7  745s
 463876 288175  137.20589   77   59  225.00000   98.04139  56.4%  20.6  752s
 467218 290793  108.74727   60  133  225.00000   98.05023  56.4%  20.6  757s
 468838 292190  160.84335   77   76  225.00000   98.05574  56.4%  20.6  760s
 472112 294457  187.00390   74   56  225.00000   98.06036  56.4%  20.6  765s
 476257 297340  148.81462   74   70  225.00000   98.07663  56.4%  20.6  772s
 480221 300018   98.40264   61  131  225.00000   98.08743  56.4%  20.6  777s
 482159 301381   99.93189   56  138  225.00000   98.09684  56.4%  20.7  780s
 485857 303874     cutoff   99       225.00000   98.11083  56.4%  20.7  786s
 489627 306279  155.00000   72   60  225.00000   98.11844  56.4%  20.7  792s
 491480 307416  203.02614   87   52  225.00000   98.12463  56.4%  20.7  795s
 495209 310046  104.24748   56  144  225.00000   98.13359  56.4%  20.7  800s
 499045 312612  126.83969   68   78  225.00000   98.14566  56.4%  20.7  806s
 502702 314877  160.14084   78   63  225.00000   98.15656  56.4%  20.7  812s
 504377 316011  208.82893  100   43  225.00000   98.16026  56.4%  20.7  815s
 508049 318465   99.34666   61  152  225.00000   98.17000  56.4%  20.7  820s
 512122 321823  106.46429   71  112  225.00000   98.18032  56.4%  20.7  827s
 516181 324386  118.01146   53  115  225.00000   98.18677  56.4%  20.7  832s
 519926 326780  223.00000   96   32  225.00000   98.19370  56.4%  20.7  837s
 523324 328862  124.58219   73   91  225.00000   98.20275  56.4%  20.7  842s
 526619 331376   99.97883   58  130  225.00000   98.21130  56.4%  20.7  847s
 528487 332649  113.98006   66   92  225.00000   98.21784  56.3%  20.7  850s
 532100 335225  214.00000  105   30  225.00000   98.22586  56.3%  20.7  855s
 535440 337867  170.26749   67   87  225.00000   98.23498  56.3%  20.7  861s
 537904 339278  104.11633   61  142  225.00000   98.24070  56.3%  20.7  865s
 542108 341794   99.71025   67  140  225.00000   98.25074  56.3%  20.7  871s
 546244 344426  135.63463   75   86  225.00000   98.26164  56.3%  20.7  877s
 548178 345554     cutoff   80       225.00000   98.26464  56.3%  20.7  880s
 552016 347874  115.66849   70  108  225.00000   98.27510  56.3%  20.7  886s
 555744 350690  103.99248   59  118  225.00000   98.28468  56.3%  20.7  892s
 557678 351913  188.00000   89   34  225.00000   98.29022  56.3%  20.7  895s
 561436 354164  104.64413   59  118  225.00000   98.29542  56.3%  20.7  900s
 564682 356597  208.00000   95   38  225.00000   98.30565  56.3%  20.7  906s
 568573 359319  201.00000   91   42  225.00000   98.31796  56.3%  20.7  911s
 572153 361765  134.82543   69   63  225.00000   98.32487  56.3%  20.7  917s
 573906 363133 infeasible   59       225.00000   98.32894  56.3%  20.8  920s
 577818 365743  196.70000   88   51  225.00000   98.33794  56.3%  20.7  926s
 581631 368853  111.98791   67   75  225.00000   98.34688  56.3%  20.7  932s
 585496 371244  111.56590   72  109  225.00000   98.35481  56.3%  20.7  937s
 587750 372205  109.22084   64  103  225.00000   98.35800  56.3%  20.7  940s
 590608 374750  122.06201   69   91  225.00000   98.36439  56.3%  20.7  945s
 594345 377421  116.77712   59  110  225.00000   98.37070  56.3%  20.7  951s
 597999 379793  102.99277   63  109  225.00000   98.37990  56.3%  20.7  956s
 599821 380967  162.02673   72   55  225.00000   98.38299  56.3%  20.7  960s
 604060 384004  103.86457   69  127  225.00000   98.39123  56.3%  20.7  967s
 606035 385193  100.06559   59  118  225.00000   98.39521  56.3%  20.7  970s
 609758 387782  217.16159   85   34  225.00000   98.40507  56.3%  20.7  976s
 613515 390110  201.06733   73   48  225.00000   98.41149  56.3%  20.7  982s
 616038 391839  109.26352   58  112  225.00000   98.41705  56.3%  20.7  986s
 617664 393372  124.54501   63   80  225.00000   98.42214  56.3%  20.7  990s
 621714 396048  101.33096   65  128  225.00000   98.42788  56.3%  20.7  997s
 623854 396989   99.42768   62  111  225.00000   98.43198  56.3%  20.7 1000s
 627612 399720  102.96172   66  120  225.00000   98.44234  56.2%  20.7 1006s
 631826 402415  104.32679   61  129  225.00000   98.44870  56.2%  20.7 1012s
 634989 404510  216.08000  102   29  225.00000   98.45690  56.2%  20.7 1017s
 636420 406084  115.96424   62  132  225.00000   98.46106  56.2%  20.7 1020s
 640452 408504   99.61231   60  136  225.00000   98.46948  56.2%  20.7 1025s
 644074 410819  148.79878   73   96  225.00000   98.47814  56.2%  20.7 1032s
 645961 411933   99.74093   64  132  225.00000   98.48294  56.2%  20.7 1035s
 649432 414763  192.00000   91   48  225.00000   98.49062  56.2%  20.7 1042s
 651746 416102  224.00000   93   33  225.00000   98.49537  56.2%  20.7 1045s
 655510 418761     cutoff   91       225.00000   98.50305  56.2%  20.7 1051s
 659471 421291  194.05369  111   22  225.00000   98.51343  56.2%  20.7 1057s
 663132 424203 infeasible   93       225.00000   98.51997  56.2%  20.7 1063s
 665672 425524  163.45707   84   76  225.00000   98.52469  56.2%  20.7 1066s
 668956 427520  219.01804   90   46  225.00000   98.52989  56.2%  20.7 1071s
 671470 429425  119.56093   76   82  225.00000   98.53608  56.2%  20.7 1077s
 673606 430778  150.04556   83   72  225.00000   98.53962  56.2%  20.7 1080s
 677599 434002   99.68711   60  137  225.00000   98.54669  56.2%  20.7 1086s
 681079 435943  113.24769   72  107  225.00000   98.55263  56.2%  20.7 1091s
 684011 438102  102.42498   74  102  225.00000   98.56075  56.2%  20.7 1098s
 686087 439087   98.98926   61  121  225.00000   98.56455  56.2%  20.7 1101s
 689947 441920  120.82504   66  129  225.00000   98.57248  56.2%  20.7 1107s
 691525 443304   99.27500   59  156  225.00000   98.57682  56.2%  20.7 1110s
 695519 445952  115.49016   64  106  225.00000   98.58217  56.2%  20.7 1117s
 697341 447325  120.26860   77   78  225.00000   98.58638  56.2%  20.7 1120s
 700983 450629  109.94566   72   94  225.00000   98.59061  56.2%  20.7 1126s
 705577 453196  100.15469   62  140  225.00000   98.59645  56.2%  20.7 1133s
 707586 454492  189.53071   74   54  225.00000   98.59982  56.2%  20.7 1136s
 709521 456256  179.13468   78   37  225.00000   98.60167  56.2%  20.7 1140s
 713001 458738  181.14236   91   48  225.00000   98.60784  56.2%  20.7 1146s
 716769 460784  156.00000   79   45  225.00000   98.61423  56.2%  20.7 1152s
 718190 462303  112.83377   70   84  225.00000   98.61564  56.2%  20.7 1155s
 722355 464404   99.59132   68  123  225.00000   98.62197  56.2%  20.7 1162s
 723919 465465  117.02373   63  119  225.00000   98.62577  56.2%  20.7 1165s
 727518 468191  125.00919   57  116  225.00000   98.63235  56.2%  20.7 1172s
 729650 469476  148.37911   72   82  225.00000   98.63822  56.2%  20.7 1175s
 733412 471983  110.93592   70  113  225.00000   98.64397  56.2%  20.7 1181s
 736771 474123  117.37309   61  135  225.00000   98.64918  56.2%  20.7 1187s
 738159 475528  113.07803   60  124  225.00000   98.65212  56.2%  20.7 1191s
 741413 477310  203.08427   94   27  225.00000   98.65658  56.2%  20.7 1197s
 742904 478359  206.14568   89   50  225.00000   98.66038  56.2%  20.7 1200s
 746297 480564  130.67426   49  112  225.00000   98.66567  56.1%  20.7 1207s
 748074 482177  115.90020   59  117  225.00000   98.67095  56.1%  20.7 1210s
 751987 484396   98.69242   60  133  225.00000   98.67815  56.1%  20.7 1216s
 755366 486775  111.52664   68  103  225.00000   98.68393  56.1%  20.7 1222s
 757211 488125  183.50764   82   58  225.00000   98.68758  56.1%  20.7 1225s
 760670 489919  103.87464   62  132  225.00000   98.69495  56.1%  20.7 1231s
 762040 491190  195.64706   95   43  225.00000   98.69851  56.1%  20.7 1235s
 765871 494267  100.07673   58  135  225.00000   98.70489  56.1%  20.7 1242s
 768207 495393 infeasible  109       225.00000   98.70814  56.1%  20.7 1245s
 772097 497896  117.24976   66  114  225.00000   98.71767  56.1%  20.7 1252s
 773480 498812  109.49796   59  129  225.00000   98.72091  56.1%  20.7 1255s
 777000 501758  208.11111   90   63  225.00000   98.72691  56.1%  20.7 1263s
 779325 502965   99.63594   60  116  225.00000   98.73156  56.1%  20.7 1266s
 781172 504426   99.24908   57  125  225.00000   98.73578  56.1%  20.7 1270s
 785020 506863  157.96328   73   89  225.00000   98.74259  56.1%  20.7 1276s
 786908 508055  120.43259   54   94  225.00000   98.74432  56.1%  20.7 1280s
 791280 511323  182.14891   92   51  225.00000   98.75362  56.1%  20.7 1288s
 793287 512291  108.19610   75  112  225.00000   98.75866  56.1%  20.7 1292s
 794750 513719  106.05807   65  132  225.00000   98.76156  56.1%  20.7 1296s
 796972 515161  106.08829   63  135  225.00000   98.76612  56.1%  20.7 1300s
 801505 517745     cutoff  102       225.00000   98.77311  56.1%  20.7 1307s
 802898 519010   99.15172   62  139  225.00000   98.77647  56.1%  20.7 1310s
 806613 521316  117.02655   63  125  225.00000   98.78306  56.1%  20.7 1318s
 808434 522383  126.25272   82   93  225.00000   98.78727  56.1%  20.7 1321s
 810277 523828  211.92677   80   59  225.00000   98.79280  56.1%  20.7 1325s
 814450 526443  193.31858   90   49  225.00000   98.79832  56.1%  20.7 1332s
 816054 527735  105.06970   68  110  225.00000   98.80352  56.1%  20.7 1335s
 819874 529669  117.92920   59  107  225.00000   98.80894  56.1%  20.7 1342s
 821050 530889  111.74416   60  120  225.00000   98.81000  56.1%  20.7 1346s
 824222 532062   99.88649   57  135  225.00000   98.81528  56.1%  20.7 1350s
 826848 534580  133.15575   84   62  225.00000   98.82092  56.1%  20.7 1357s
 828475 535595 infeasible   85       225.00000   98.82410  56.1%  20.7 1360s
 831994 538157  107.71712   64  121  225.00000   98.83077  56.1%  20.7 1368s
 833983 539801  117.18450   65  117  225.00000   98.83400  56.1%  20.7 1372s
 836245 541132   99.63419   58  137  225.00000   98.83833  56.1%  20.7 1376s
 839948 543590   99.84894   61  138  225.00000   98.84398  56.1%  20.7 1382s
 841829 544596  134.93149   92   65  225.00000   98.84686  56.1%  20.7 1385s
 845088 546947   99.41420   61  147  225.00000   98.85191  56.1%  20.7 1392s
 846659 547875     cutoff  101       225.00000   98.85485  56.1%  20.7 1395s
 850247 550576  102.89978   63  134  225.00000   98.85976  56.1%  20.7 1403s
 852221 551866  121.74427   58  111  225.00000   98.86359  56.1%  20.7 1407s
 854256 553094  101.14721   61  113  225.00000   98.86657  56.1%  20.7 1411s
 856205 554468  117.29059   64  113  225.00000   98.87136  56.1%  20.7 1415s
 858086 555924  105.50020   61  117  225.00000   98.87440  56.1%  20.7 1420s
 862337 558229  102.35392   69  124  225.00000   98.88228  56.1%  20.7 1427s
 863758 559777  100.20351   60  112  225.00000   98.88455  56.1%  20.7 1431s
 865875 560840  185.00000   82   44  225.00000   98.88753  56.0%  20.7 1435s
 869650 563312   98.98539   58  118  225.00000   98.89289  56.0%  20.7 1443s
 871311 564530  110.34777   70   97  225.00000   98.89609  56.0%  20.7 1446s
 873039 565720  100.29972   73  109  225.00000   98.89801  56.0%  20.7 1451s
 875039 566900     cutoff  102       225.00000   98.90219  56.0%  20.7 1455s
 878960 569466  196.00000   91   51  225.00000   98.90677  56.0%  20.7 1463s
 880797 570851  103.06612   63  126  225.00000   98.90971  56.0%  20.7 1467s
 882845 572673  108.92388   67  102  225.00000   98.91286  56.0%  20.7 1471s
 885265 573621     cutoff  102       225.00000   98.91558  56.0%  20.7 1475s
 887917 575425  108.30149   61  137  225.00000   98.92005  56.0%  20.7 1481s
 889551 576823  141.09200   62   75  225.00000   98.92368  56.0%  20.7 1485s
 893121 578897  111.47267   82  100  225.00000   98.92901  56.0%  20.7 1493s
 894989 580153  168.03213   85   57  225.00000   98.93077  56.0%  20.7 1497s
 896952 581538  122.69095   67   66  225.00000   98.93463  56.0%  20.7 1501s
 898765 582874  115.33066   66  112  225.00000   98.93737  56.0%  20.7 1505s
 902911 585491  117.26728   57  119  225.00000   98.94219  56.0%  20.7 1513s
 904601 586877  149.17244   70   81  225.00000   98.94478  56.0%  20.7 1518s
 906815 588419  164.06099   90   57  225.00000   98.94820  56.0%  20.7 1522s
 909031 589890  110.56724   68  132  225.00000   98.95235  56.0%  20.7 1526s
 911123 591083     cutoff   86       225.00000   98.95521  56.0%  20.7 1530s
 914408 593443  118.95784   62  126  225.00000   98.95982  56.0%  20.7 1537s
 916366 594642  117.07827   61  123  225.00000   98.96277  56.0%  20.7 1541s
 918062 596436  113.01807   68  104  225.00000   98.96565  56.0%  20.7 1545s
 920612 598115  202.12759   86   42  225.00000   98.96912  56.0%  20.7 1550s
 924691 600552  203.19999   89   46  225.00000   98.97473  56.0%  20.7 1557s
 926577 601796  111.15432   67  115  225.00000   98.97762  56.0%  20.7 1561s
 928482 602993  190.44695   90   58  225.00000   98.98030  56.0%  20.7 1565s
 932214 605425  187.80748   74   59  225.00000   98.98724  56.0%  20.7 1572s
 933769 606446  100.68897   62  124  225.00000   98.98847  56.0%  20.7 1575s
 936898 608857 infeasible   96       225.00000   98.99399  56.0%  20.7 1583s
 938918 610308  219.05263   88   40  225.00000   98.99599  56.0%  20.7 1587s
 941140 611470  100.79669   62  129  225.00000   98.99914  56.0%  20.7 1592s
 942726 612915  129.73527   85   62  225.00000   99.00085  56.0%  20.7 1596s
 945115 613861  132.99660   74   86  225.00000   99.00378  56.0%  20.7 1601s
 946591 615239  215.92869   70   51  225.00000   99.00646  56.0%  20.7 1605s
 948643 616436  199.74561   86   52  225.00000   99.01025  56.0%  20.7 1610s
 952827 618624  180.19053   90   51  225.00000   99.01763  56.0%  20.7 1618s
 954373 620124  208.05389   88   34  225.00000   99.01950  56.0%  20.7 1623s
 956616 621404  170.16541   84   38  225.00000   99.02356  56.0%  20.7 1627s
 958533 623029  116.61621   59  112  225.00000   99.02517  56.0%  20.7 1632s
 960741 624572  107.57197   62  130  225.00000   99.02751  56.0%  20.7 1636s
 963101 625395  102.46988   58  131  225.00000   99.03017  56.0%  20.7 1640s
 964314 627322  114.68131   72  118  225.00000   99.03240  56.0%  20.7 1647s
 967292 628709  136.77175   73   80  225.00000   99.03770  56.0%  20.7 1652s
 969416 629910  212.21290   85   52  225.00000   99.04132  56.0%  20.7 1657s
 971228 631345  100.85346   56  116  225.00000   99.04501  56.0%  20.7 1661s
 973445 633137  215.54433   89   34  225.00000   99.04908  56.0%  20.7 1666s
 977191 635462   99.56466   59  139  225.00000   99.05289  56.0%  20.7 1673s
 979168 636642  109.23920   62  131  225.00000   99.05580  56.0%  20.7 1678s
 980962 637682  214.02820   76   42  225.00000   99.05868  56.0%  20.7 1682s
 982584 638956  116.88158   63  127  225.00000   99.06198  56.0%  20.7 1686s
 984437 640322     cutoff  107       225.00000   99.06455  56.0%  20.7 1691s
 986430 641578  118.75065   62   86  225.00000   99.06604  56.0%  20.7 1695s
 988156 642867  100.55148   61  127  225.00000   99.06819  56.0%  20.7 1700s
 992189 645143  122.39212   65  134  225.00000   99.07420  56.0%  20.7 1709s
 993973 645976  179.46061   78   73  225.00000   99.07718  56.0%  20.7 1712s
 995157 647433  110.31218   64  126  225.00000   99.07868  56.0%  20.7 1717s
 997308 648805  101.77214   61  129  225.00000   99.08150  56.0%  20.7 1721s
 999323 649803  139.86502   74   74  225.00000   99.08461  56.0%  20.7 1725s
 1001118 651057  113.98164   65  101  225.00000   99.08809  56.0%  20.7 1730s
 1004000 652625  177.92308   78   41  225.00000   99.09277  56.0%  20.7 1736s
 1005365 653827  101.63365   65  144  225.00000   99.09278  56.0%  20.7 1741s
 1007141 655273  167.43295   80   73  225.00000   99.09801  56.0%  20.7 1746s
 1009345 656584  119.93258   57  110  225.00000   99.10215  56.0%  20.7 1750s
 1011322 658098  100.31178   64  121  225.00000   99.10510  56.0%  20.7 1756s
 1013569 659511  117.68743   61  127  225.00000   99.10737  56.0%  20.7 1760s
 1017557 661994  117.37259   74  110  225.00000   99.11218  56.0%  20.7 1768s
 1019569 663316  117.43653   63  121  225.00000   99.11496  55.9%  20.7 1773s
 1021599 664717  112.38918   66  119  225.00000   99.11846  55.9%  20.7 1777s
 1023634 665999  108.82039   70   99  225.00000   99.12287  55.9%  20.7 1781s
 1025480 667489  101.67980   64  127  225.00000   99.12497  55.9%  20.7 1786s
 1027530 668757  182.95000   86   44  225.00000   99.12692  55.9%  20.7 1791s
 1029457 670534  103.11150   61  124  225.00000   99.13055  55.9%  20.7 1796s
 1031929 671775  208.14782   88   57  225.00000   99.13282  55.9%  20.7 1801s
 1033977 673080  205.32427   89   49  225.00000   99.13587  55.9%  20.7 1805s
 1037484 675545  185.73626   73   52  225.00000   99.13980  55.9%  20.7 1813s
 1039320 676981  113.10049   60  117  225.00000   99.14260  55.9%  20.7 1817s
 1041333 678061  104.43061   63  134  225.00000   99.14485  55.9%  20.7 1821s
 1043001 678938  150.93953   78   68  225.00000   99.14732  55.9%  20.7 1825s
 1046348 680989  102.78766   63  132  225.00000   99.15298  55.9%  20.7 1834s
 1048360 682421  115.59883   67   97  225.00000   99.15620  55.9%  20.7 1838s
 1050499 683582  115.74440   62  118  225.00000   99.15934  55.9%  20.7 1843s
 1052201 684793  103.60598   64  124  225.00000   99.16081  55.9%  20.7 1847s
 1054200 686215  106.25512   68  107  225.00000   99.16493  55.9%  20.7 1852s
 1056263 687600  102.29413   61  114  225.00000   99.16736  55.9%  20.7 1856s
 1058265 689088  115.19995   67  131  225.00000   99.16927  55.9%  20.7 1861s
 1060379 690417  120.16568   64  115  225.00000   99.17217  55.9%  20.7 1865s
 1064132 692754  173.87500   63   45  225.00000   99.17636  55.9%  20.7 1873s
 1065907 694168  100.62752   62  117  225.00000   99.17850  55.9%  20.7 1877s
 1067817 695742  129.83333   69   77  225.00000   99.17988  55.9%  20.7 1882s
 1070198 697108  120.67241   75   96  225.00000   99.18414  55.9%  20.7 1888s
 1072391 697895  169.73103   79   74  225.00000   99.18622  55.9%  20.7 1892s
 1073970 699411  124.19421   69  102  225.00000   99.18738  55.9%  20.7 1896s
 1076043 700548  104.00811   70  121  225.00000   99.19105  55.9%  20.7 1900s
 1077852 701996  130.99207   77   85  225.00000   99.19184  55.9%  20.7 1905s
 1079987 703463  104.06992   68  119  225.00000   99.19491  55.9%  20.7 1910s
 1084190 706177  183.92465   90   48  225.00000   99.19949  55.9%  20.7 1919s
 1086134 707113  203.00000   88   46  225.00000   99.20229  55.9%  20.7 1923s
 1087521 708371  207.16950   86   42  225.00000   99.20380  55.9%  20.7 1927s
 1089406 709426  110.45328   60  122  225.00000   99.20681  55.9%  20.7 1932s
 1090775 710779  168.19602  107   45  225.00000   99.20798  55.9%  20.7 1937s
 1093090 711941  218.00000   95   34  225.00000   99.21132  55.9%  20.7 1941s
 1094797 712931   99.78656   59  138  225.00000   99.21306  55.9%  20.6 1945s
 1098529 715374  119.52328   67  125  225.00000   99.21681  55.9%  20.6 1954s
 1100280 716643  115.62568   68  123  225.00000   99.21924  55.9%  20.6 1958s
 1102164 717639  107.17364   66  137  225.00000   99.22287  55.9%  20.6 1962s
 1103623 718666  101.74231   61  144  225.00000   99.22397  55.9%  20.6 1966s
 1105038 720053  113.26550   77  103  225.00000   99.22560  55.9%  20.6 1971s
 1107044 721157  125.98311   68  104  225.00000   99.22884  55.9%  20.6 1976s
 1108758 722502  118.83704   69  114  225.00000   99.23046  55.9%  20.6 1981s
 1110739 723894  101.66125   65  140  225.00000   99.23341  55.9%  20.6 1985s
 1112896 725347  219.00000   90   43  225.00000   99.23655  55.9%  20.6 1991s
 1115009 726678  141.61103   82   88  225.00000   99.23853  55.9%  20.6 1995s
 1118707 729090     cutoff   99       225.00000   99.24359  55.9%  20.6 2003s
 1120483 730456  135.59641   62   85  225.00000   99.24511  55.9%  20.6 2008s
 1122367 731723   99.96160   64  151  225.00000   99.24764  55.9%  20.6 2012s
 1124270 732828  221.02869   81   40  225.00000   99.24997  55.9%  20.6 2016s
 1126008 733856  138.35800   65  102  225.00000   99.25223  55.9%  20.6 2020s
 1127556 734868  100.87560   55  138  225.00000   99.25561  55.9%  20.7 2025s
 1129946 735992  136.32295   71   64  225.00000   99.25816  55.9%  20.7 2030s
 1132901 738802  123.73268   75   72  225.00000   99.26146  55.9%  20.7 2039s
 1134749 740305  118.58670   61  101  225.00000   99.26403  55.9%  20.7 2044s
 1136071 740305  154.88288   75   83  225.00000   99.26514  55.9%  20.7 2045s
 1138857 743270  102.39847   61  141  225.00000   99.26951  55.9%  20.7 2054s
 1141332 744345  101.19899   63  140  225.00000   99.27042  55.9%  20.6 2058s
 1142872 745606  180.21553   77   67  225.00000   99.27262  55.9%  20.6 2062s
 1144815 746935  101.02982   64  156  225.00000   99.27504  55.9%  20.6 2067s
 1146859 747963  119.02321   70  128  225.00000   99.27770  55.9%  20.6 2071s
 1148415 749006  101.09018   64  138  225.00000   99.27954  55.9%  20.6 2075s
 1150013 750228  100.52250   64  122  225.00000   99.28105  55.9%  20.6 2080s
 1154012 752740     cutoff  103       225.00000   99.28472  55.9%  20.6 2089s
 1155272 754074  121.88762   78   68  225.00000   99.28623  55.9%  20.6 2094s
 1157097 755258 infeasible   69       225.00000   99.28902  55.9%  20.6 2100s
 1159007 756980  108.61265   69  129  225.00000   99.29219  55.9%  20.6 2105s
 1161282 757893  125.34563   62   96  225.00000   99.29450  55.9%  20.6 2110s
 1162702 759533  136.33849   75   91  225.00000   99.29593  55.9%  20.6 2115s
 1165190 760743  222.02075   91   33  225.00000   99.29827  55.9%  20.6 2120s
 1167250 761945     cutoff   84       225.00000   99.30129  55.9%  20.6 2125s
 1168949 763060  125.59042   62  103  225.00000   99.30279  55.9%  20.6 2130s
 1170704 764283  108.61147   66  127  225.00000   99.30742  55.9%  20.6 2135s
 1172647 765798  101.95393   69  106  225.00000   99.30982  55.9%  20.6 2141s
 1174867 767150  115.80385   60  107  225.00000   99.31351  55.9%  20.6 2146s
 1176731 768901  141.69381   82   60  225.00000   99.31546  55.9%  20.6 2152s
 1179151 770242  115.91004   63  111  225.00000   99.31804  55.9%  20.6 2157s
 1181169 770347  101.24016   65  138  225.00000   99.32033  55.9%  20.6 2168s
 1181321 771208  107.04768   68  125  225.00000   99.32042  55.9%  20.6 2172s
 1182573 772369  103.69356   67  111  225.00000   99.32133  55.9%  20.6 2179s
 1184208 773486   99.94169   60  126  225.00000   99.32276  55.9%  20.6 2185s
 1186142 775153  101.05184   69  138  225.00000   99.32590  55.9%  20.6 2191s
 1188575 776513  102.61739   61  125  225.00000   99.32863  55.9%  20.6 2197s
 1190579 777641  101.76899   62  116  225.00000   99.33119  55.9%  20.6 2202s
 1192261 778833  103.88634   64  128  225.00000   99.33390  55.9%  20.6 2207s
 1194208 779979  102.14726   74  145  225.00000   99.33687  55.9%  20.6 2212s
 1195940 781293  116.20773   64  127  225.00000   99.33924  55.8%  20.6 2217s
 1197903 782774  106.15020   61  124  225.00000   99.34328  55.8%  20.6 2224s
 1200123 783556  210.34237   79   66  225.00000   99.34611  55.8%  20.6 2228s
 1201623 784806  105.88024   70  125  225.00000   99.34839  55.8%  20.6 2233s
 1203412 786016  198.09917  105   41  225.00000   99.35018  55.8%  20.6 2238s
 1205347 786988  100.62867   62  144  225.00000   99.35158  55.8%  20.6 2243s
 1206712 788533  170.80364   70   75  225.00000   99.35158  55.8%  20.6 2248s
 1208856 790140  130.40526   65   87  225.00000   99.35488  55.8%  20.6 2254s
 1211150 791332  136.28250   66   77  225.00000   99.35737  55.8%  20.6 2260s
 1213084 792670   99.49239   63  143  225.00000   99.35984  55.8%  20.6 2265s
 1215155 793953  116.17332   65   91  225.00000   99.36184  55.8%  20.6 2270s
 1217018 795188  104.45892   74   86  225.00000   99.36314  55.8%  20.6 2275s
 1218948 796646  118.90719   69  110  225.00000   99.36578  55.8%  20.6 2281s
 1221116 798023  105.86811   62  110  225.00000   99.36845  55.8%  20.6 2286s
 1222992 799219  113.30251   65  123  225.00000   99.36956  55.8%  20.6 2291s
 1224836 800217  216.00000   91   30  225.00000   99.37298  55.8%  20.6 2296s
 1226657 801382 infeasible  110       225.00000   99.37552  55.8%  20.6 2301s
 1228529 803017   99.41238   60  137  225.00000   99.37843  55.8%  20.6 2306s
 1230749 804285  105.79477   64  121  225.00000   99.38062  55.8%  20.6 2312s
 1232714 805452  112.31128   61  123  225.00000   99.38279  55.8%  20.6 2316s
 1234396 806432  111.75857   70   89  225.00000   99.38520  55.8%  20.6 2321s
 1235673 808010  150.22724   81   65  225.00000   99.38581  55.8%  20.6 2327s
 1237864 809087  107.73179   67  130  225.00000   99.38833  55.8%  20.6 2332s
 1239579 810430  120.49568   63  114  225.00000   99.39061  55.8%  20.6 2338s
 1241660 811619  133.41598   60   94  225.00000   99.39324  55.8%  20.6 2343s
 1243447 812671  166.36316   85   51  225.00000   99.39574  55.8%  20.6 2348s
 1245023 814255  109.91582   64  120  225.00000   99.39781  55.8%  20.6 2354s
 1245903 814255     cutoff  104       225.00000   99.39875  55.8%  20.6 2355s
 1249025 816444  217.52873   96   26  225.00000   99.40134  55.8%  20.6 2365s
 1251007 817723  160.37463   90   61  225.00000   99.40500  55.8%  20.6 2370s
 1252897 819291  141.00000   91   50  225.00000   99.40757  55.8%  20.6 2376s
 1255181 820264  129.41894   74   75  225.00000   99.40996  55.8%  20.6 2381s
 1256578 821680  145.65517   67   84  225.00000   99.41117  55.8%  20.6 2387s
 1258787 823140  221.00000   91   43  225.00000   99.41474  55.8%  20.6 2393s
 1260897 824709  156.28196   89   57  225.00000   99.41718  55.8%  20.6 2399s
 1263150 825802  201.46231  105   36  225.00000   99.41889  55.8%  20.6 2404s
 1264779 826916  165.94072   75   64  225.00000   99.42052  55.8%  20.6 2409s
 1266537 828163     cutoff   84       225.00000   99.42280  55.8%  20.6 2415s
 1268427 829283  216.19277   92   37  225.00000   99.42515  55.8%  20.6 2420s
 1270081 830499     cutoff   95       225.00000   99.42752  55.8%  20.6 2426s
 1271965 832790  119.09103   74   93  225.00000   99.42853  55.8%  20.6 2434s
 1275085 833679  100.17453   66  139  225.00000   99.43074  55.8%  20.6 2439s
 1276496 834699   99.77936   58  131  225.00000   99.43308  55.8%  20.6 2444s
 1278158 835788  118.17570   62  119  225.00000   99.43467  55.8%  20.6 2449s
 1279772 837421   99.95922   66  111  225.00000   99.43644  55.8%  20.6 2455s
 1282085 838420  154.28804   69   64  225.00000   99.43848  55.8%  20.6 2461s
 1283580 840065  106.47935   64  114  225.00000   99.43994  55.8%  20.6 2468s
 1286069 841110  195.18654   97   40  225.00000   99.44275  55.8%  20.6 2473s
 1287598 842519  113.20686   81   84  225.00000   99.44456  55.8%  20.6 2480s
 1289748 843857  101.07490   62  139  225.00000   99.44629  55.8%  20.6 2486s
 1292027 844947  113.97568   69  116  225.00000   99.45027  55.8%  20.6 2493s
 1293745 846299  110.56875   62  116  225.00000   99.45201  55.8%  20.6 2498s
 1295763 848080  134.03914   64   82  225.00000   99.45461  55.8%  20.6 2505s
 1298139 849488  100.23536   61   95  225.00000   99.45607  55.8%  20.6 2510s
 1300088 850616  106.90725   59  109  225.00000   99.45801  55.8%  20.6 2516s
 1301930 852008  179.79231   90   57  225.00000   99.45848  55.8%  20.6 2522s
 1304002 853236  197.96952   76   75  225.00000   99.46239  55.8%  20.6 2528s
 1305909 854807  168.44022   68   75  225.00000   99.46384  55.8%  20.6 2534s
 1308080 856460   99.83978   61  124  225.00000   99.46578  55.8%  20.6 2539s
 1310364 857837 infeasible   79       225.00000   99.46771  55.8%  20.6 2545s
 1312428 859023  100.02084   58  140  225.00000   99.46947  55.8%  20.6 2550s
 1314164 859131  139.97173   86   59  225.00000   99.47143  55.8%  20.6 2566s
 1314307 859906  140.07507   87   57  225.00000   99.47154  55.8%  20.6 2571s
 1315340 861231  113.80681   61  111  225.00000   99.47178  55.8%  20.6 2577s
 1317224 862387  210.00000   80   39  225.00000   99.47515  55.8%  20.6 2583s
 1319428 863845 infeasible   90       225.00000   99.47657  55.8%  20.6 2590s
 1321398 865296  182.87653   81   58  225.00000   99.47885  55.8%  20.6 2596s
 1324020 866279  100.25950   59  140  225.00000   99.47983  55.8%  20.6 2601s
 1325442 867917  163.05217   81   70  225.00000   99.48110  55.8%  20.6 2608s
 1327689 868974  102.01624   61  135  225.00000   99.48274  55.8%  20.6 2613s
 1329305 870207  124.78294   79   84  225.00000   99.48442  55.8%  20.6 2619s
 1331231 871625  108.49447   76   89  225.00000   99.48700  55.8%  20.6 2625s
 1333206 872602  161.03122   75   54  225.00000   99.48903  55.8%  20.6 2630s
 1334944 873367  101.87378   63  127  225.00000   99.49127  55.8%  20.6 2635s
 1336244 874444  131.20696   66  113  225.00000   99.49279  55.8%  20.6 2641s
 1338151 875894  213.00000   89   42  225.00000   99.49438  55.8%  20.6 2647s
 1340325 876947  204.15385  102   30  225.00000   99.49641  55.8%  20.6 2654s
 1342331 878275  143.96377   83   82  225.00000   99.49866  55.8%  20.6 2660s
 1344336 879733  100.01359   67  148  225.00000   99.50111  55.8%  20.6 2666s
 1346344 881147     cutoff   91       225.00000   99.50276  55.8%  20.6 2674s
 1348510 882399  110.15049   68  129  225.00000   99.50546  55.8%  20.6 2680s
 1350494 883510  114.05308   65  131  225.00000   99.50866  55.8%  20.6 2686s
 1352253 884881  193.14199   88   53  225.00000   99.50999  55.8%  20.6 2692s
 1354344 886060  105.60259   64  132  225.00000   99.51183  55.8%  20.6 2698s
 1356212 887314 infeasible  101       225.00000   99.51441  55.8%  20.6 2704s
 1358113 888594  101.68047   64  119  225.00000   99.51749  55.8%  20.6 2710s
 1360025 890084  140.12827   62   77  225.00000   99.51943  55.8%  20.6 2717s
 1362009 891688  181.56027   93   60  225.00000   99.52165  55.8%  20.6 2723s
 1364454 893002  197.01117   97   29  225.00000   99.52324  55.8%  20.6 2729s
 1366501 894309  101.21118   74  142  225.00000   99.52496  55.8%  20.6 2735s
 1368360 895815  193.87273   96   43  225.00000   99.52700  55.8%  20.6 2741s
 1370615 897027  100.46354   61  141  225.00000   99.52910  55.8%  20.6 2747s
 1372296 898419  110.75986   77  100  225.00000   99.53096  55.8%  20.6 2753s
 1374267 899622 infeasible   89       225.00000   99.53382  55.8%  20.6 2758s
 1376102 900430  138.99514   74   67  225.00000   99.53695  55.8%  20.6 2764s
 1377306 901722  219.00000   85   28  225.00000   99.53791  55.8%  20.6 2770s
 1379239 903049  190.71694   81   69  225.00000   99.54024  55.8%  20.6 2776s
 1381061 904488  159.00000   81   55  225.00000   99.54234  55.8%  20.6 2783s
 1383285 905635  102.46907   62  139  225.00000   99.54551  55.8%  20.6 2789s
 1385063 907102  125.65083   81   87  225.00000   99.54726  55.8%  20.6 2795s
 1387081 908816  105.81253   67  129  225.00000   99.54957  55.8%  20.6 2801s
 1389562 909918  206.69079   84   58  225.00000   99.55180  55.8%  20.6 2808s
 1391452 911377  212.00000   93   33  225.00000   99.55388  55.8%  20.6 2815s
 1393608 912590 infeasible   93       225.00000   99.55656  55.8%  20.6 2821s
 1395222 913837  104.56649   66  103  225.00000   99.55752  55.8%  20.6 2828s
 1397162 915130     cutoff   83       225.00000   99.55975  55.8%  20.6 2835s
 1399136 916571  124.55249   71  107  225.00000   99.56188  55.8%  20.6 2842s
 1401269 918006     cutoff   86       225.00000   99.56402  55.7%  20.6 2849s
 1403464 919268  210.81804   92   62  225.00000   99.56704  55.7%  20.6 2856s
 1405550 920576  111.74964   68  109  225.00000   99.56920  55.7%  20.6 2863s
 1407650 921223  148.50832   85   66  225.00000   99.57184  55.7%  20.6 2870s
 1408526 922615  182.00000   99   55  225.00000   99.57252  55.7%  20.6 2877s
 1410650 924024  103.62468   67  136  225.00000   99.57486  55.7%  20.6 2884s
 1412628 925101  202.08264   96   29  225.00000   99.57684  55.7%  20.6 2891s
 1414752 926136  115.74802   56  113  225.00000   99.57844  55.7%  20.6 2898s
 1416456 927449  211.15537   84   45  225.00000   99.57944  55.7%  20.6 2904s
 1416673 927449  145.99781   70   94  225.00000   99.57952  55.7%  20.6 2905s
 1418552 928922  122.91091   70  115  225.00000   99.58166  55.7%  20.6 2911s
 1420582 929958  197.33905   81   53  225.00000   99.58269  55.7%  20.6 2918s
 1422201 931392  100.45600   66  143  225.00000   99.58493  55.7%  20.6 2925s
 1424367 932553  118.12048   59  124  225.00000   99.58731  55.7%  20.6 2931s
 1426044 933910  118.75747   68   88  225.00000   99.58912  55.7%  20.6 2938s
 1428159 935052  116.35713   58  117  225.00000   99.59137  55.7%  20.6 2944s
 1429980 936409   99.59312   58  143  225.00000   99.59312  55.7%  20.6 2951s
 1432056 937637  101.39851   57  136  225.00000   99.59559  55.7%  20.6 2957s
 1433750 939173  103.95391   63  132  225.00000   99.59763  55.7%  20.6 2965s
 1435810 940748  106.56283   63  127  225.00000   99.59977  55.7%  20.6 2971s
 1437889 941726  131.85685   72   93  225.00000   99.60075  55.7%  20.6 2978s
 1439416 943308  101.59813   58  138  225.00000   99.60284  55.7%  20.6 2986s
 1442015 944556     cutoff   88       225.00000   99.60512  55.7%  20.6 2993s
 1443975 946024   99.68507   62  127  225.00000   99.60779  55.7%  20.6 3000s
 1446169 946038  128.40179   83   74  225.00000   99.60779  55.7%  20.6 3034s
 1446186 946760  129.36505   84   73  225.00000   99.60779  55.7%  20.6 3040s
 1447029 948092  199.00000  116   29  225.00000   99.60887  55.7%  20.6 3047s
 1449056 949421  103.67938   62  110  225.00000   99.61293  55.7%  20.6 3055s
 1451042 950683  202.17000   89   39  225.00000   99.61467  55.7%  20.6 3062s
 1452868 951846  156.16909   79   73  225.00000   99.61706  55.7%  20.6 3069s
 1454538 953424  123.81001   70   85  225.00000   99.61829  55.7%  20.6 3077s
 1456651 954900  122.60367   64  116  225.00000   99.61980  55.7%  20.6 3084s
 1458802 956168  112.00876   70  121  225.00000   99.62209  55.7%  20.6 3091s
 1460747 957542  105.97188   70  133  225.00000   99.62432  55.7%  20.6 3099s
 1462752 959169  109.26672   57  137  225.00000   99.62682  55.7%  20.6 3107s
 1465125 960649  173.00000   95   41  225.00000   99.62855  55.7%  20.6 3115s
 1467339 961524  197.00000   84   43  225.00000   99.63080  55.7%  20.6 3122s
 1468702 963008  116.02659   68  101  225.00000   99.63220  55.7%  20.6 3130s
 1471026 964241  111.12504   70  129  225.00000   99.63437  55.7%  20.6 3137s
 1473046 965825     cutoff  101       225.00000   99.63630  55.7%  20.6 3144s
 1475446 966984     cutoff   89       225.00000   99.63809  55.7%  20.6 3151s
 1477225 968783  168.63559   74   59  225.00000   99.64104  55.7%  20.6 3160s
 1479781 970267  142.93150   92   68  225.00000   99.64290  55.7%  20.6 3167s
 1481900 971291  108.83708   69  128  225.00000   99.64525  55.7%  20.6 3172s
 1483265 972915  117.77958   66  104  225.00000   99.64622  55.7%  20.6 3179s
 1485563 974056  100.23501   65  151  225.00000   99.64772  55.7%  20.6 3186s
 1487296 975360  101.25660   68  119  225.00000   99.64940  55.7%  20.6 3193s
 1489257 976698  101.57987   67  135  225.00000   99.65234  55.7%  20.6 3199s
 1489900 976698  118.43473   67   94  225.00000   99.65265  55.7%  20.6 3200s
 1491210 977816  173.29422   83   71  225.00000   99.65437  55.7%  20.6 3206s
 1492996 979165  116.90704   68  132  225.00000   99.65716  55.7%  20.6 3213s
 1495044 980434   99.97306   68  133  225.00000   99.65957  55.7%  20.6 3221s
 1496944 981506  102.13172   61  121  225.00000   99.66170  55.7%  20.6 3227s
 1498640 982942 infeasible   90       225.00000   99.66275  55.7%  20.6 3235s
 1500804 984634   99.79082   56  125  225.00000   99.66510  55.7%  20.6 3243s
 1503190 986003  100.74037   61  101  225.00000   99.66677  55.7%  20.6 3251s
 1505315 986923  112.73158   64  123  225.00000   99.66984  55.7%  20.6 3259s
 1506735 988209  102.93298   64  132  225.00000   99.67101  55.7%  20.6 3267s
 1508875 989688  100.54445   66  133  225.00000   99.67338  55.7%  20.6 3274s
 1510933 990653     cutoff   74       225.00000   99.67541  55.7%  20.6 3281s
 1512375 991966  166.04979   83   68  225.00000   99.67734  55.7%  20.6 3288s
 1514357 992984  108.41745   62  123  225.00000   99.67909  55.7%  20.6 3296s
 1516044 994654  108.79490   66  137  225.00000   99.68156  55.7%  20.6 3304s
 1518451 996011  155.01900   75   52  225.00000   99.68458  55.7%  20.6 3311s
 1520460 997417  110.08197   60  131  225.00000   99.68628  55.7%  20.6 3319s
 1522542 998632  115.59181   57  111  225.00000   99.68901  55.7%  20.6 3326s
 1524449 1000072  100.09868   62  104  225.00000   99.69031  55.7%  20.6 3334s
 1526589 1001540  213.05983  100   30  225.00000   99.69299  55.7%  20.6 3341s
 1528722 1002950     cutoff   95       225.00000   99.69548  55.7%  20.6 3348s
 1530587 1004283     cutoff   97       225.00000   99.69745  55.7%  20.6 3356s
 1532954 1005536  108.87235   65  135  225.00000   99.69954  55.7%  20.6 3363s
 1534869 1006562  152.71799   86   61  225.00000   99.70122  55.7%  20.6 3370s
 1536358 1007784  105.62350   70   90  225.00000   99.70235  55.7%  20.6 3376s
 1538116 1009176  210.27545   90   33  225.00000   99.70336  55.7%  20.6 3383s
 1540495 1010674  118.80539   69  105  225.00000   99.70462  55.7%  20.6 3392s
 1542790 1011886  115.08830   64  105  225.00000   99.70735  55.7%  20.6 3398s
 1544463 1013004  123.82564   68   98  225.00000   99.70854  55.7%  20.6 3405s
 1546319 1014068  110.65644   62  125  225.00000   99.70981  55.7%  20.6 3412s
 1547903 1015340  106.50721   61  107  225.00000   99.71143  55.7%  20.6 3419s
 1549394 1015340  108.85423   66  113  225.00000   99.71218  55.7%  20.6 3420s
 1550122 1016644  118.15454   68  122  225.00000   99.71344  55.7%  20.6 3427s
 1552289 1017500  102.23151   64  118  225.00000   99.71493  55.7%  20.6 3433s
 1553575 1019169  110.00725   65  105  225.00000   99.71715  55.7%  20.6 3440s
 1555918 1020419  120.74384   82   98  225.00000   99.71900  55.7%  20.6 3448s
 1557793 1021693  136.19054   88   75  225.00000   99.72101  55.7%  20.6 3455s
 1559758 1022789  117.67728   66  112  225.00000   99.72340  55.7%  20.6 3464s
 1561291 1023678  101.70030   76  110  225.00000   99.72474  55.7%  20.6 3471s
 1562892 1025159  177.21931   77   51  225.00000   99.72615  55.7%  20.6 3480s
 1565131 1026843 infeasible   83       225.00000   99.72766  55.7%  20.6 3489s
 1567534 1028209  187.25224   78   76  225.00000   99.73072  55.7%  20.6 3497s
 1569642 1029507  102.35013   74  146  225.00000   99.73272  55.7%  20.6 3505s
 1571665 1031051  100.31402   60  123  225.00000   99.73469  55.7%  20.6 3513s
 1574026 1032208  116.97125   65  131  225.00000   99.73680  55.7%  20.6 3520s
 1575759 1033549  103.34780   67  127  225.00000   99.73855  55.7%  20.6 3529s
 1578116 1034523  117.19002   67  107  225.00000   99.74043  55.7%  20.6 3535s
 1579583 1035974  122.68578   66   96  225.00000   99.74126  55.7%  20.6 3543s
 1581984 1037421  101.17062   52  115  225.00000   99.74395  55.7%  20.6 3551s
 1583934 1038864  169.15572   84   44  225.00000   99.74563  55.7%  20.6 3559s
 1586193 1039782     cutoff   98       225.00000   99.74766  55.7%  20.6 3565s
 1587542 1040882  209.65359   84   52  225.00000   99.74887  55.7%  20.6 3573s
 1589131 1041975  119.11184   62  103  225.00000   99.75010  55.7%  20.6 3581s
 1590803 1043500  110.39472   56  141  225.00000   99.75186  55.7%  20.6 3588s
 1592867 1045334  103.45623   69  138  225.00000   99.75352  55.7%  20.6 3597s
 1595452 1045892  109.30047   62  122  225.00000   99.75448  55.7%  20.6 3600s

Cutting planes:
  Learned: 325
  Gomory: 174
  Cover: 12
  Implied bound: 1
  Projected implied bound: 1
  MIR: 2499
  StrongCG: 492
  Flow cover: 5109
  Inf proof: 8
  Zero half: 212
  Mod-K: 1
  RLT: 55
  Relax-and-lift: 10

Explored 1596220 nodes (32868088 simplex iterations) in 3600.38 seconds (816.84 work units)
Thread count was 16 (of 16 available processors)

Solution count 10: 225 226 227 ... 252

Time limit reached
Best objective 2.250000000000e+02, best bound 1.000000000000e+02, gap 55.5556%
Warning: constraint name "precedence between 0,0 to 0,2 if x_[0,0,0,2,3]=0, i.e. 0,2 before 0,0" has a space
Warning: constraint name "precedence between 0,0 to 0,2 if x_[0,0,0,2,3]=0, i.e. 0,2 before 0,0" has a space
Warning: default constraint names used to write mps file
