
Gurobi 10.0.1 (win64) logging started Sat Oct  7 18:16:13 2023

Set parameter LogFile to value "./results//log/URT_18_deadline_heurFalse.log"
Gurobi Optimizer version 10.0.1 build v10.0.1rc0 (win64)

CPU model: AMD Ryzen 7 3700X 8-Core Processor, instruction set [SSE2|AVX|AVX2]
Thread count: 8 physical cores, 16 logical processors, using up to 16 threads

Optimize a model with 2038 rows, 1540 columns and 8909 nonzeros
Model fingerprint: 0xb273d9e4
Model has 1 quadratic constraint
Variable types: 0 continuous, 1540 integer (1431 binary)
Coefficient statistics:
  Matrix range     [1e+00, 1e+07]
  QMatrix range    [1e+00, 1e+00]
  QLMatrix range   [1e+00, 2e+01]
  Objective range  [1e+00, 1e+00]
  Bounds range     [1e+00, 1e+00]
  RHS range        [1e+00, 3e+07]
Presolve removed 160 rows and 733 columns
Presolve time: 0.03s
Presolved: 1906 rows, 834 columns, 8835 nonzeros
Variable types: 0 continuous, 834 integer (698 binary)

Root relaxation: objective 0.000000e+00, 151 iterations, 0.00 seconds (0.00 work units)

    Nodes    |    Current Node    |     Objective Bounds      |     Work
 Expl Unexpl |  Obj  Depth IntInf | Incumbent    BestBd   Gap | It/Node Time

     0     0    0.00000    0    2          -    0.00000      -     -    0s
H    0     0                     319.0000000    0.00000   100%     -    0s
H    0     0                     317.0000000    0.00000   100%     -    0s
     0     0    0.00000    0   38  317.00000    0.00000   100%     -    0s
H    0     0                     316.0000000    0.00000   100%     -    0s
H    0     0                     314.0000000    0.00000   100%     -    0s
H    0     0                     303.0000000    0.00000   100%     -    0s
     0     0    0.00000    0   34  303.00000    0.00000   100%     -    0s
H    0     0                     288.0000000    0.00000   100%     -    0s
H    0     0                     265.0000000    0.00000   100%     -    0s
     0     0    0.00000    0    9  265.00000    0.00000   100%     -    0s
     0     0    0.00000    0   23  265.00000    0.00000   100%     -    0s
     0     0    0.00000    0   30  265.00000    0.00000   100%     -    0s
     0     0    0.00000    0   18  265.00000    0.00000   100%     -    0s
     0     0    0.00000    0   26  265.00000    0.00000   100%     -    0s
H    0     0                     259.0000000    0.00000   100%     -    0s
     0     0    0.00000    0    6  259.00000    0.00000   100%     -    0s
     0     0    0.00000    0   11  259.00000    0.00000   100%     -    0s
H    0     0                     254.0000000    0.00000   100%     -    0s
H    0     0                     245.0000000    0.00000   100%     -    0s
     0     0    0.00000    0    7  245.00000    0.00000   100%     -    0s
     0     0    0.00000    0    7  245.00000    0.00000   100%     -    1s
     0     2    0.00000    0    7  245.00000    0.00000   100%     -    1s
H   38    40                     244.0000000    0.00000   100%  53.2    1s
H  306   303                     243.0000000    0.00000   100%  30.5    1s
H 1368   643                     232.0000000    0.00000   100%  12.5    2s
H 1370   643                     227.0000000    0.00000   100%  12.5    2s
H 1376   640                     218.0000000    0.00000   100%  12.5    2s
H 2377   812                     215.0000000    0.00000   100%   8.4    2s
H 2545   854                     213.0000000    0.00000   100%   8.0    3s
H 2581   851                     202.0000000    0.00000   100%   8.0    3s
H 2617   851                     201.0000000    0.00000   100%   7.9    3s
H 2653   851                     194.0000000    0.00000   100%   7.8    3s
H 2671   851                     191.0000000    0.00000   100%   7.8    3s
 14459  1059  140.00000 1131   24  191.00000    0.00000   100%   1.7    5s
H17599  1031                     170.0000000    0.00000   100%   1.4    6s
H18258  1050                     163.0000000   13.00000  92.0%   2.5    9s
 18263  1054  163.00000   77   76  163.00000   13.00000  92.0%   2.5   10s
H18381  1085                     162.0000000   13.00000  92.0%   3.4   14s
 18426  1111   13.00000   47   61  162.00000   13.00000  92.0%   3.4   15s
H18433  1058                     156.0000000   13.00000  91.7%   3.4   15s
H18762  1161                     155.0000000   13.00000  91.6%   3.8   16s
H19994  1736                     153.0000000   13.00000  91.5%   4.5   16s
H27936  6352                     145.0000000   13.00000  91.0%   6.8   19s
 28310  6831   13.00000   49   68  145.00000   13.00000  91.0%   6.8   20s
H33878 10207                     144.0000000   13.00000  91.0%   7.7   22s
 42627 17642 infeasible  102       144.00000   13.00000  91.0%   8.7   27s
 55831 24258   66.00000   58   61  144.00000   13.00000  91.0%   9.5   30s
 75532 37948   98.00000  110   35  144.00000   14.00000  90.3%  10.0   35s
 103928 54593   14.00000   51   81  144.00000   14.00000  90.3%  10.2   40s
 106663 64918  120.00000   78   36  144.00000   14.00000  90.3%  10.2   45s
 128289 77787   27.00000   64   71  144.00000   14.00000  90.3%  10.6   52s
 146898 80789   23.00000   54   77  144.00000   14.00000  90.3%  10.7   55s
 168686 91911  123.15000   96   36  144.00000   14.00000  90.3%  10.7   60s
 170936 102949 infeasible   79       144.00000   14.00000  90.3%  10.7   68s
 186952 103064  124.00000  104   54  144.00000   14.00000  90.3%  11.1   71s
 187381 105812  131.00000   91   35  144.00000   14.00000  90.3%  11.1   75s
 212707 117624   81.00000   84   49  144.00000   14.00000  90.3%  11.2   81s
 212995 127032   81.00000   85   51  144.00000   14.00000  90.3%  11.2   85s
 239367 134017   62.04070   66   55  144.00000   14.00000  90.3%  11.2   90s
 255195 143315   53.00000   69   44  144.00000   14.00000  90.3%  11.3   95s
 277434 156894   28.00000   68   72  144.00000   14.00000  90.3%  11.4  100s
H282885 156340                     143.0000000   14.00000  90.2%  11.4  102s
 291002 161949  126.00000   93   29  143.00000   14.00000  90.2%  11.4  105s
 316667 177376   15.00000   57   73  143.00000   15.00000  89.5%  11.4  110s
 339304 189291   82.00000   95   44  143.00000   15.00000  89.5%  11.4  115s
 365555 206186   41.00000   66   54  143.00000   15.00000  89.5%  11.4  120s
 391071 218356   94.11628   87   47  143.00000   15.00000  89.5%  11.4  125s
 410601 231218 infeasible   95       143.00000   15.00000  89.5%  11.5  130s
 433667 246710   37.00000   76   66  143.00000   15.00000  89.5%  11.4  136s
 457712 256589  138.00000   85   35  143.00000   15.00000  89.5%  11.4  140s
 480056 271360  107.00000   96   48  143.00000   15.00000  89.5%  11.5  145s
 500962 282775   15.00000   54   75  143.00000   15.00000  89.5%  11.5  150s
 522824 296981  111.00000  119   23  143.00000   15.00000  89.5%  11.6  156s
 543300 305819  128.00000  102   32  143.00000   15.00000  89.5%  11.6  160s
 568233 318191 infeasible  118       143.00000   15.00000  89.5%  11.6  165s
 589662 331344  134.01227   74   35  143.00000   15.00000  89.5%  11.6  170s
 611688 344058   49.00000   72   61  143.00000   15.00000  89.5%  11.7  175s
 628902 355921   91.00000   94   39  143.00000   15.00000  89.5%  11.7  180s
 649924 369213  106.05357   75   56  143.00000   15.00000  89.5%  11.7  186s
 669586 377884   28.00000   61   59  143.00000   15.00000  89.5%  11.7  190s
 689830 388777   73.00000   61   49  143.00000   15.00000  89.5%  11.7  195s
 709855 400663   21.00000   68   85  143.00000   15.00000  89.5%  11.7  200s
 727471 410906   45.00000   89   65  143.00000   15.00000  89.5%  11.7  205s
 746046 421286   40.74576   69   62  143.00000   15.00000  89.5%  11.6  210s
 759677 430214   46.67176   62   78  143.00000   15.00000  89.5%  11.6  215s
 772486 435488  105.00000   88   46  143.00000   15.00000  89.5%  11.6  221s
 780918 442474   30.05952   54   71  143.00000   15.00000  89.5%  11.6  225s
 799936 453179  116.00000   86   35  143.00000   15.00000  89.5%  11.7  230s
 803121 463171   23.00000   66   74  143.00000   15.00000  89.5%  11.6  238s
 819137 464563   15.04627   67   83  143.00000   15.00000  89.5%  11.7  241s
 833397 472496  103.00000   91   36  143.00000   15.00000  89.5%  11.7  245s
 845697 479508   39.32879   62   72  143.00000   15.00000  89.5%  11.7  250s
 866493 491196  138.00000  106   46  143.00000   15.00000  89.5%  11.7  255s
 887937 503306   46.07471   86   51  143.00000   15.00000  89.5%  11.7  260s
 910201 516246   91.00000   75   49  143.00000   15.01863  89.5%  11.6  265s
 923179 522828   21.44444   73   67  143.00000   15.02548  89.5%  11.6  270s
 941188 534672  105.00000   85   40  143.00000   15.07821  89.5%  11.6  275s
 959440 544511   83.01863   71   46  143.00000   15.11270  89.4%  11.5  280s
 977854 555578   34.00000   61   70  143.00000   15.59440  89.1%  11.5  285s
 996711 569211   61.00000   75   61  143.00000   15.94444  88.9%  11.5  291s
 1014790 578715  136.00000   90   38  143.00000   16.00000  88.8%  11.5  295s
 1018307 588996  100.00000   75   34  143.00000   16.00000  88.8%  11.5  304s
 1030319 588996   53.00000   73   55  143.00000   16.00000  88.8%  11.5  305s
 1042246 595756  100.00000  115   27  143.00000   16.00000  88.8%  11.5  310s
 1059531 603828   51.00000   74   53  143.00000   16.00000  88.8%  11.4  315s
 1073960 613539   38.00000   64   73  143.00000   16.00000  88.8%  11.4  320s
 1095289 625645   40.33939   70   69  143.00000   16.00000  88.8%  11.4  325s
 1114276 637172   37.00000   74   65  143.00000   16.00000  88.8%  11.3  330s
 1131609 650470   54.00000   77   54  143.00000   16.00000  88.8%  11.3  336s
 1140555 653110   23.00000   65   71  143.00000   16.00000  88.8%  11.3  340s
 1156248 662047   36.27429   58   61  143.00000   16.00000  88.8%  11.3  345s
 1172197 672129   16.00000   58   71  143.00000   16.00000  88.8%  11.3  350s
 1178952 675834   24.11111   71   68  143.00000   16.00000  88.8%  11.3  355s
 1189870 680479 infeasible   92       143.00000   16.00000  88.8%  11.3  360s
 1202966 688096  107.00000   94   39  143.00000   16.00000  88.8%  11.3  365s
 1218284 696904   93.00000   86   46  143.00000   16.00000  88.8%  11.3  370s
 1233650 707470   48.00000   73   49  143.00000   16.00000  88.8%  11.3  375s
 1246635 713259   42.50000   74   60  143.00000   16.00000  88.8%  11.3  381s
 1255187 719962   23.00000   71   64  143.00000   16.00000  88.8%  11.3  385s
 1271560 729105   41.19818   83   69  143.00000   16.00000  88.8%  11.2  390s
 1288135 738514   64.05952   73   53  143.00000   16.00000  88.8%  11.2  395s
 1302010 747269  117.03681  101   52  143.00000   16.00000  88.8%  11.2  400s
 1312441 751469   52.00000   70   57  143.00000   16.00000  88.8%  11.2  405s
 1326658 760543  132.00000   92   49  143.00000   16.00000  88.8%  11.2  410s
 1341460 769271  138.19251   86   38  143.00000   16.00000  88.8%  11.2  415s
 1358125 778618  133.00000  100   36  143.00000   16.00000  88.8%  11.2  420s
 1372564 785152   19.01863   62   68  143.00000   16.00000  88.8%  11.2  427s
 1376636 788071   37.00000   76   55  143.00000   16.00000  88.8%  11.2  430s
 1388379 795899  128.00000  109   29  143.00000   16.00000  88.8%  11.2  435s
 1405501 804227  132.00000   96   24  143.00000   16.00000  88.8%  11.2  440s
 1421043 812855  116.00000   68   37  143.00000   16.00000  88.8%  11.2  445s
 1429053 821045   64.00000   71   44  143.00000   16.00000  88.8%  11.2  450s
 1441708 825769  112.09052  109   51  143.00000   16.00000  88.8%  11.2  456s
 1454855 833394   16.00000   61   61  143.00000   16.00000  88.8%  11.2  460s
 1470848 841339  130.03571   76   37  143.00000   16.00000  88.8%  11.2  465s
 1484240 849861   33.00000   72   82  143.00000   16.00000  88.8%  11.2  470s
 1490669 852606   97.00000   82   31  143.00000   16.00000  88.8%  11.2  475s
 1505114 862009  105.00000   96   33  143.00000   16.00000  88.8%  11.2  480s
 1520023 870005  123.28409  103   38  143.00000   16.00000  88.8%  11.2  485s
 1533605 878579   25.23271   75   86  143.00000   16.00000  88.8%  11.2  490s
 1546529 885318   69.00000   79   52  143.00000   16.00000  88.8%  11.2  495s
 1556570 898805  126.00000   91   23  143.00000   16.00000  88.8%  11.2  509s
 1563577 898805 infeasible   81       143.00000   16.00000  88.8%  11.2  510s
 1575516 900631   66.20488   75   78  143.00000   16.00000  88.8%  11.2  516s
 1585085 905984  101.00000   96   34  143.00000   16.00000  88.8%  11.2  523s
 1585469 915146  101.00000   97   32  143.00000   16.00000  88.8%  11.2  529s
 1601485 916549  127.00000  102   52  143.00000   16.00000  88.8%  11.2  531s
 1613174 922749   49.00000   81   65  143.00000   16.00000  88.8%  11.2  535s
 1628028 931560   96.00000  119   30  143.00000   16.00000  88.8%  11.2  540s
 1644575 940146   42.20000   87   64  143.00000   16.00000  88.8%  11.2  545s
 1659734 947424   17.61491   65   81  143.00000   16.00000  88.8%  11.2  552s
 1667879 953545   41.00000   75   61  143.00000   16.00000  88.8%  11.2  555s
 1674517 956149  130.10000   90   35  143.00000   16.00000  88.8%  11.2  560s
 1685698 964296  139.00000  118   35  143.00000   16.00000  88.8%  11.2  565s
 1700890 972472   28.00000   65   53  143.00000   16.00000  88.8%  11.2  570s
 1709115 976970   35.45570   72   61  143.00000   16.00000  88.8%  11.2  575s
 1724427 985722   16.49899   73   72  143.00000   16.00000  88.8%  11.2  580s
 1739154 994413  137.00000   76   36  143.00000   16.00000  88.8%  11.1  585s
 1755542 1004402  104.00000   85   58  143.00000   16.01863  88.8%  11.1  590s
 1764315 1007740   33.00000   74   54  143.00000   16.01900  88.8%  11.1  595s
 1775511 1015698   55.00000   77   43  143.00000   16.02469  88.8%  11.1  600s
 1792414 1024554   61.00000   90   47  143.00000   16.02548  88.8%  11.1  605s
 1807134 1034000  110.00000   88   40  143.00000   16.03082  88.8%  11.1  610s
 1813560 1036919  139.00000   81   28  143.00000   16.03681  88.8%  11.1  615s
 1827492 1046061  137.00000   89   29  143.00000   16.06024  88.8%  11.1  620s
 1843069 1054236  133.00000   96   23  143.00000   16.07784  88.8%  11.0  625s
 1858497 1063138 infeasible   66       143.00000   16.09039  88.7%  11.0  630s
 1872967 1071805   20.06122   72   72  143.00000   16.11785  88.7%  11.0  635s
 1879942 1076165   44.00000   59   64  143.00000   16.15215  88.7%  11.0  640s
 1894428 1083599 infeasible   90       143.00000   16.27591  88.6%  11.0  645s
 1907194 1091656  105.00000   92   47  143.00000   16.66667  88.3%  11.0  650s
 1921627 1100277   75.00000   80   36  143.00000   16.88889  88.2%  11.0  655s
 1936162 1108576  118.03427   89   37  143.00000   16.94171  88.2%  11.0  660s
 1950216 1115813  142.00000  107   29  143.00000   16.94479  88.2%  11.0  666s
 1951511 1120128   83.00000   78   45  143.00000   16.95398  88.1%  11.0  670s
 1958939 1121152   37.00000   75   67  143.00000   16.97061  88.1%  11.0  675s
 1970267 1129583   68.00000   70   43  143.00000   17.00000  88.1%  11.0  680s
 1983316 1135966 infeasible  123       143.00000   17.00000  88.1%  11.0  685s
 1990909 1140385   47.00000   76   51  143.00000   17.00000  88.1%  11.0  690s
 2000410 1147813   89.00000   87   39  143.00000   17.00000  88.1%  10.9  695s
 2016533 1156024   45.42636   69   66  143.00000   17.00000  88.1%  10.9  700s
 2025715 1162242  121.00000   82   34  143.00000   17.00000  88.1%  10.9  705s
 2039391 1171083 infeasible  107       143.00000   17.00000  88.1%  10.9  710s
 2049346 1174310  136.00000  105   28  143.00000   17.00000  88.1%  10.9  715s
 2060430 1183434   86.00000   83   49  143.00000   17.00000  88.1%  10.9  720s
 2074524 1189687  124.00000   92   25  143.00000   17.00000  88.1%  10.9  725s
 2086001 1197976 infeasible   90       143.00000   17.00000  88.1%  10.9  730s
 2101791 1204959   56.00000   81   68  143.00000   17.00000  88.1%  10.9  737s
 2107173 1209348  127.00000   89   42  143.00000   17.00000  88.1%  10.9  740s
 2120333 1215977   33.00000   74   60  143.00000   17.00000  88.1%  10.9  745s
 2133829 1223875   79.00000   77   60  143.00000   17.00000  88.1%  10.9  750s
 2146218 1232342  124.00000   96   39  143.00000   17.00000  88.1%  10.9  755s
 2157993 1237240   63.00000   85   57  143.00000   17.00000  88.1%  10.9  762s
 2162997 1241697   63.00000   65   57  143.00000   17.00000  88.1%  10.9  765s
 2175604 1248711 infeasible  113       143.00000   17.00000  88.1%  10.9  770s
 2189833 1257720 infeasible  100       143.00000   17.00000  88.1%  10.9  776s
 2202790 1264321   79.00000   75   50  143.00000   17.00000  88.1%  10.9  780s
 2213094 1273213  135.00000   87   23  143.00000   17.00000  88.1%  10.9  786s
 2224975 1276919   70.01863   88   55  143.00000   17.00000  88.1%  10.8  790s
 2232454 1280059   32.00000   66   59  143.00000   17.00000  88.1%  10.8  795s
 2244387 1286626  127.00000   99   43  143.00000   17.00000  88.1%  10.8  801s
 2254743 1292473  120.00000   93   37  143.00000   17.00000  88.1%  10.8  805s
 2264771 1299332   27.65586   63   75  143.00000   17.00000  88.1%  10.8  810s
 2280822 1307036   25.00000   77   68  143.00000   17.00000  88.1%  10.8  815s
 2294455 1315697   77.99730   91   50  143.00000   17.00000  88.1%  10.8  820s
 2297221 1325433   82.00000   78   66  143.00000   17.00000  88.1%  10.8  835s
 2316319 1327155   68.00000   86   49  143.00000   17.00000  88.1%  10.9  843s
 2316335 1332418   68.00000   87   47  143.00000   17.00000  88.1%  10.9  847s
 2329396 1335662   31.33333   69   59  143.00000   17.00000  88.1%  10.9  850s
 2334332 1338525   54.00000   79   74  143.00000   17.00000  88.1%  10.9  855s
 2347247 1345888  128.00000  110   30  143.00000   17.00000  88.1%  10.9  860s
 2360810 1352632     cutoff  135       143.00000   17.00000  88.1%  10.9  865s
 2374653 1360296  133.00000   97   38  143.00000   17.00000  88.1%  10.8  870s
 2387901 1367362   39.53333   70   59  143.00000   17.00000  88.1%  10.8  875s
 2402789 1375505   99.00000   78   59  143.00000   17.00000  88.1%  10.8  880s
 2413097 1384847   26.00000   77   56  143.00000   17.00000  88.1%  10.8  887s
 2421955 1384873   73.00000   94   40  143.00000   17.00000  88.1%  10.8  890s
 2430301 1391040  107.00000   77   43  143.00000   17.00000  88.1%  10.8  895s
 2442161 1396311   49.00000   65   64  143.00000   17.00000  88.1%  10.8  900s
 2454556 1402938   35.00000   63   58  143.00000   17.00000  88.1%  10.8  905s
 2465109 1408454 infeasible  106       143.00000   17.00000  88.1%  10.8  910s
 2475346 1415891   17.00000   62   75  143.00000   17.00000  88.1%  10.8  915s
 2480865 1418538  104.00000   81   42  143.00000   17.00000  88.1%  10.8  920s
 2493258 1424230   90.43023   75   49  143.00000   17.00000  88.1%  10.8  925s
 2504241 1431614   17.00000   60   72  143.00000   17.00000  88.1%  10.8  930s
 2516741 1438614   49.00000   68   66  143.00000   17.00000  88.1%  10.8  935s
 2530049 1444309   82.00000   86   44  143.00000   17.00000  88.1%  10.8  941s
 2539380 1450625  106.00000  102   33  143.00000   17.00000  88.1%  10.8  945s
 2546650 1453278  127.00000   99   35  143.00000   17.00000  88.1%  10.8  950s
 2558024 1461280  110.00000  102   31  143.00000   17.00000  88.1%  10.8  956s
 2565588 1469367   97.88889   96   38  143.00000   17.00000  88.1%  10.8  962s
 2577042 1471463   26.07471   67   71  143.00000   17.00000  88.1%  10.8  965s
 2590636 1477511  114.26613  109   49  143.00000   17.00000  88.1%  10.8  970s
 2596947 1480647   24.91873   67   74  143.00000   17.00000  88.1%  10.8  975s
 2607795 1487346  105.00000   95   41  143.00000   17.00000  88.1%  10.8  980s
 2617894 1492793  114.00000   85   49  143.00000   17.00000  88.1%  10.8  985s
 2629495 1503867   75.02484   81   57  143.00000   17.00000  88.1%  10.8  993s
 2639479 1506385   69.09143   85   55  143.00000   17.00000  88.1%  10.8  996s
 2650081 1512364  127.00000   86   46  143.00000   17.00000  88.1%  10.8 1000s
 2663960 1519973   42.00000   83   75  143.00000   17.00000  88.1%  10.8 1005s
 2675699 1525831  108.11494   86   44  143.00000   17.00000  88.1%  10.8 1010s
 2680207 1528631   90.00000   93   48  143.00000   17.00000  88.1%  10.9 1016s
 2690614 1534433  136.00000   95   25  143.00000   17.00000  88.1%  10.9 1020s
 2694882 1539878   65.00000   92   41  143.00000   17.00000  88.1%  10.9 1025s
 2712044 1544694   99.00000   86   41  143.00000   17.00000  88.1%  10.8 1030s
 2724694 1552611   62.00000   93   45  143.00000   17.00000  88.1%  10.9 1035s
 2734587 1558220   62.00000   85   46  143.00000   17.00000  88.1%  10.8 1040s
 2738644 1563600   41.05096   76   69  143.00000   17.00000  88.1%  10.9 1045s
 2747626 1563635  123.00000   88   36  143.00000   17.00000  88.1%  10.8 1054s
 2748531 1564648   47.07249   79   53  143.00000   17.00000  88.1%  10.8 1055s
 2755826 1570362   51.00000   67   58  143.00000   17.00000  88.1%  10.9 1060s
 2770418 1576276 infeasible   89       143.00000   17.00000  88.1%  10.9 1065s
 2782376 1583536 infeasible  110       143.00000   17.00000  88.1%  10.9 1070s
 2789845 1586955   18.00000   64   81  143.00000   17.00000  88.1%  10.9 1076s
 2798501 1591605  121.09091  100   43  143.00000   17.00000  88.1%  10.9 1080s
 2806271 1599748   65.00000   73   62  143.00000   17.00000  88.1%  10.9 1086s
 2821473 1605440   68.00000   79   48  143.00000   17.00000  88.1%  10.9 1090s
 2833245 1612024   69.00000   81   40  143.00000   17.00000  88.1%  10.8 1095s
 2847230 1620411  117.00000   90   51  143.00000   17.00000  88.1%  10.8 1100s
 2857970 1626488   65.20690   82   62  143.00000   17.00153  88.1%  10.8 1105s
 2863006 1628620  141.00000  141   21  143.00000   17.00627  88.1%  10.8 1110s
 2871418 1636963   55.00000   87   55  143.00000   17.01840  88.1%  10.8 1116s
 2885391 1641922   52.00000   87   65  143.00000   17.01900  88.1%  10.8 1120s
 2898254 1648179 infeasible  101       143.00000   17.02454  88.1%  10.8 1125s
 2909119 1655706   38.00000   81   66  143.00000   17.02548  88.1%  10.8 1130s
 2922445 1662287   88.00000   77   44  143.00000   17.03067  88.1%  10.8 1138s
 2925426 1665415 infeasible  110       143.00000   17.03082  88.1%  10.8 1140s
 2938798 1672965  121.02454  109   33  143.00000   17.04268  88.1%  10.8 1145s
 2952617 1681093  120.00000  120   23  143.00000   17.05422  88.1%  10.8 1150s
 2964504 1686839  107.02454   92   41  143.00000   17.05952  88.1%  10.8 1155s
 2974195 1693662  104.00000  103   51  143.00000   17.06548  88.1%  10.8 1160s
 2979390 1695629   95.00000  104   35  143.00000   17.06790  88.1%  10.8 1165s
 2988389 1702389   68.02484   75   70  143.00000   17.07372  88.1%  10.8 1171s
 2999683 1708423 infeasible   82       143.00000   17.08163  88.1%  10.8 1175s
 3012558 1715308  132.00000  116   21  143.00000   17.08645  88.1%  10.8 1180s
 3025383 1722787 infeasible  100       143.00000   17.09770  88.0%  10.8 1185s
 3037762 1729269  116.00000   90   36  143.00000   17.11111  88.0%  10.7 1190s
 3048066 1734535   64.00000   93   58  143.00000   17.12453  88.0%  10.7 1197s
 3051924 1738138   51.00000   79   62  143.00000   17.13536  88.0%  10.7 1200s
 3064371 1745316   31.00000   68   55  143.00000   17.15966  88.0%  10.7 1205s
 3076542 1751840 infeasible  121       143.00000   17.20833  88.0%  10.7 1210s
 3089156 1758864   77.00000  104   33  143.00000   17.33333  87.9%  10.7 1215s
 3100167 1764297   75.00000   68   53  143.00000   17.47819  87.8%  10.7 1222s
 3103495 1769319   75.06322   86   49  143.00000   17.52381  87.7%  10.7 1226s
 3114164 1773827   90.07558   89   44  143.00000   17.66331  87.6%  10.7 1230s
 3122569 1776968   50.00000   69   61  143.00000   17.73797  87.6%  10.7 1238s
 3124051 1778915   81.00000   86   52  143.00000   17.77027  87.6%  10.7 1240s
 3133455 1784626   90.00000   89   53  143.00000   17.85105  87.5%  10.7 1245s
 3141300 1787814   47.00000   73   53  143.00000   17.88235  87.5%  10.7 1251s
 3146036 1793556   23.00000   69   77  143.00000   17.88889  87.5%  10.7 1255s
 3158677 1797846   52.00000   74   59  143.00000   17.90752  87.5%  10.7 1260s
 3170567 1805281   87.01863   98   49  143.00000   17.94444  87.5%  10.7 1265s
 3178584 1808978   18.88235   67   67  143.00000   17.94479  87.5%  10.7 1272s
 3181947 1812422   76.42622   99   54  143.00000   17.95704  87.4%  10.7 1275s
 3194101 1818073   76.54976   92   66  143.00000   17.98087  87.4%  10.7 1283s
 3195616 1820291   63.31080   96   51  143.00000   17.98892  87.4%  10.7 1285s
 3207225 1826011 infeasible   96       143.00000   18.00000  87.4%  10.7 1290s
 3216111 1832589   45.00000   69   59  143.00000   18.00000  87.4%  10.7 1295s
 3227035 1838135  116.00000   97   42  143.00000   18.00000  87.4%  10.7 1300s
 3238077 1844849   82.00000   78   34  143.00000   18.00000  87.4%  10.7 1305s
 3247369 1850013   18.11646   69   69  143.00000   18.00000  87.4%  10.7 1310s
 3259361 1856068   50.00000   75   46  143.00000   18.00000  87.4%  10.7 1315s
 3266729 1860052   83.00000   96   42  143.00000   18.00000  87.4%  10.7 1321s
 3271979 1864822  114.00000  121   28  143.00000   18.00000  87.4%  10.7 1325s
 3275739 1870629   67.00000   85   46  143.00000   18.00000  87.4%  10.7 1330s
 3292163 1876701   94.00000   95   32  143.00000   18.00000  87.4%  10.7 1335s
 3303304 1883175   60.00000   89   48  143.00000   18.00000  87.4%  10.7 1340s
 3315187 1889734   67.00000   93   44  143.00000   18.00000  87.4%  10.7 1345s
 3318956 1891795   33.00000   74   70  143.00000   18.00000  87.4%  10.7 1351s
 3323683 1898632   55.44444   77   56  143.00000   18.00000  87.4%  10.7 1357s
 3337307 1903448  127.00000  103   31  143.00000   18.00000  87.4%  10.7 1361s
 3342590 1908490   74.00000   76   44  143.00000   18.00000  87.4%  10.7 1366s
 3357599 1913179  116.00000   89   37  143.00000   18.00000  87.4%  10.6 1370s
 3366741 1920860  107.00000  109   25  143.00000   18.00000  87.4%  10.6 1376s
 3378699 1925953   73.00000   80   52  143.00000   18.00000  87.4%  10.6 1380s
 3390566 1931298   32.00000   77   67  143.00000   18.00000  87.4%  10.6 1388s
 3391412 1934130   65.00000   94   45  143.00000   18.00000  87.4%  10.6 1390s
 3404751 1941201   94.00000   72   49  143.00000   18.00000  87.4%  10.6 1395s
 3409135 1947009   87.00000   82   45  143.00000   18.00000  87.4%  10.6 1401s
 3423572 1952191  130.07018  100   26  143.00000   18.00000  87.4%  10.6 1406s
 3431443 1956883   56.00000   78   48  143.00000   18.00000  87.4%  10.6 1410s
 3442999 1963150  134.41379   99   44  143.00000   18.00000  87.4%  10.6 1415s
 3453902 1969252   51.00000   85   54  143.00000   18.00000  87.4%  10.6 1423s
 3458665 1975426   73.00000   89   52  143.00000   18.00000  87.4%  10.6 1428s
 3467521 1978004   73.00000   84   46  143.00000   18.00000  87.4%  10.6 1430s
 3479953 1982767   31.00000   81   74  143.00000   18.00000  87.4%  10.6 1435s
 3490899 1990597   44.04059   87   76  143.00000   18.00000  87.4%  10.6 1440s
 3502042 1995474   66.00000   87   47  143.00000   18.00000  87.4%  10.6 1445s
 3511942 2000845   84.12791   93   48  143.00000   18.00000  87.4%  10.6 1454s
 3511961 2000903   93.18023   94   48  143.00000   18.00000  87.4%  10.6 1458s
 3513546 2002206   48.00000   80   53  143.00000   18.00000  87.4%  10.6 1460s
 3520905 2007963   46.00000   76   59  143.00000   18.00000  87.4%  10.6 1465s
 3532534 2012948   81.00000   85   65  143.00000   18.00000  87.4%  10.6 1470s
 3541086 2018636   29.67276   86   67  143.00000   18.00000  87.4%  10.6 1475s
 3551756 2023068  102.11796   79   56  143.00000   18.00000  87.4%  10.6 1483s
 3553947 2025694  118.00000  116   31  143.00000   18.00000  87.4%  10.6 1485s
 3564265 2032013   29.07471   77   56  143.00000   18.00000  87.4%  10.6 1491s
 3574626 2037436   83.00000   83   35  143.00000   18.00000  87.4%  10.6 1495s
 3584288 2042694  103.00000   84   56  143.00000   18.00000  87.4%  10.6 1500s
 3592800 2048474  138.00000   86   37  143.00000   18.00000  87.4%  10.6 1505s
 3604318 2054627  131.00000  100   35  143.00000   18.00000  87.4%  10.6 1510s
 3614564 2059000 infeasible  115       143.00000   18.00000  87.4%  10.6 1517s
 3616690 2062055   18.88889   74   71  143.00000   18.00000  87.4%  10.6 1520s
 3627697 2068379   89.06942   89   60  143.00000   18.00000  87.4%  10.6 1525s
 3632548 2072709   29.00000   87   60  143.00000   18.00000  87.4%  10.6 1530s
 3647828 2079549  111.00000   91   37  143.00000   18.00000  87.4%  10.6 1536s
 3658734 2084322   69.00000   90   46  143.00000   18.00000  87.4%  10.6 1540s
 3668394 2091043   52.00000   86   46  143.00000   18.00000  87.4%  10.6 1545s
 3675461 2097663 infeasible   84       143.00000   18.00000  87.4%  10.6 1551s
 3687062 2100330  137.00000  107   39  143.00000   18.00000  87.4%  10.6 1558s
 3688015 2102240  130.00000  105   51  143.00000   18.00000  87.4%  10.6 1560s
 3698845 2107056  116.00000  111   21  143.00000   18.00000  87.4%  10.6 1565s
 3709545 2114437 infeasible  106       143.00000   18.00000  87.4%  10.6 1571s
 3720508 2119193 infeasible  116       143.00000   18.00000  87.4%  10.6 1575s
 3729609 2125299   37.14713   91   66  143.00000   18.00000  87.4%  10.6 1580s
 3739556 2134623   56.00000   88   46  143.00000   18.00000  87.4%  10.6 1589s
 3749281 2134660  106.17178  107   40  143.00000   18.00000  87.4%  10.6 1595s
 3757763 2140144 infeasible  101       143.00000   18.00000  87.4%  10.6 1600s
 3765850 2146068   43.00000   83   55  143.00000   18.00000  87.4%  10.6 1605s
 3777428 2151873   26.00000   81   69  143.00000   18.00000  87.4%  10.6 1610s
 3783703 2159487   26.05882   56   77  143.00000   18.00000  87.4%  10.6 1617s
 3794059 2161213  106.00000  103   42  143.00000   18.00000  87.4%  10.6 1620s
 3804749 2171362   55.22346   81   48  143.00000   18.00000  87.4%  10.6 1629s
 3814909 2171406   30.00000   79   64  143.00000   18.00000  87.4%  10.6 1635s
 3823519 2178069 infeasible   95       143.00000   18.00000  87.4%  10.6 1640s
 3834436 2183307  137.03427   82   54  143.00000   18.00000  87.4%  10.6 1645s
 3844156 2188661   35.00000   73   64  143.00000   18.00000  87.4%  10.6 1650s
 3850694 2194266  130.49383  100   43  143.00000   18.00000  87.4%  10.6 1655s
 3864235 2198525   34.00000   85   64  143.00000   18.00000  87.4%  10.6 1665s
 3864322 2199000  112.20930   93   51  143.00000   18.00000  87.4%  10.6 1670s
 3873104 2203952   27.00000   63   69  143.00000   18.00000  87.4%  10.6 1676s
 3874026 2208150   69.02907   89   56  143.00000   18.00000  87.4%  10.6 1680s
 3886725 2211264 infeasible   97       143.00000   18.00000  87.4%  10.6 1685s
 3894525 2215260   55.00000   78   47  143.00000   18.00000  87.4%  10.6 1692s
 3894689 2224450   68.00000   79   43  143.00000   18.00000  87.4%  10.6 1706s
 3910705 2227881   70.00000   80   70  143.00000   18.00000  87.4%  10.6 1712s
 3920777 2231350  108.11732   98   38  143.00000   18.00000  87.4%  10.6 1716s
 3930822 2236722  116.22541   88   49  143.00000   18.00000  87.4%  10.6 1720s
 3942059 2241606  113.00000  107   39  143.00000   18.00000  87.4%  10.6 1730s
 3951970 2248502   37.05757   83   88  143.00000   18.00000  87.4%  10.6 1735s
 3963526 2254812 infeasible   89       143.00000   18.00000  87.4%  10.6 1740s
 3973940 2260333   45.88889   84   55  143.00000   18.00000  87.4%  10.6 1745s
 3985267 2266745   19.01227   82   71  143.00000   18.00000  87.4%  10.6 1750s
 3997423 2273143   19.00000   86   78  143.00000   18.00000  87.4%  10.6 1755s
 4003327 2279829   18.00000   78   92  143.00000   18.00000  87.4%  10.6 1762s
 4013247 2281548  109.00000   85   54  143.00000   18.00000  87.4%  10.6 1765s
 4023086 2285627   60.00000   83   46  143.00000   18.00000  87.4%  10.5 1774s
 4023183 2294853   64.00000   83   48  143.00000   18.00000  87.4%  10.5 1789s
 4027187 2294853  112.00000   93   46  143.00000   18.00000  87.4%  10.6 1790s
 4042134 2301348   34.00000   60   79  143.00000   18.00000  87.4%  10.6 1798s
 4050916 2303229  132.04908   97   35  143.00000   18.00000  87.4%  10.6 1801s
 4062262 2308928  122.00000   92   40  143.00000   18.00000  87.4%  10.6 1805s
 4072108 2314906   62.00000   80   65  143.00000   18.00000  87.4%  10.6 1810s
 4076081 2316927   65.00000   94   44  143.00000   18.00000  87.4%  10.6 1816s
 4087671 2323195  133.02809   94   41  143.00000   18.00000  87.4%  10.6 1821s
 4097284 2328240  126.00000   99   49  143.00000   18.00000  87.4%  10.6 1825s
 4109363 2334712   74.48555   84   55  143.00000   18.00000  87.4%  10.6 1830s
 4120067 2340504   66.00000   82   62  143.00000   18.00000  87.4%  10.6 1835s
 4129981 2345990   54.00000   64   57  143.00000   18.00000  87.4%  10.6 1840s
 4132654 2346030   34.03846   76   65  143.00000   18.00000  87.4%  10.6 1845s
 4137708 2353083  118.00000   95   38  143.00000   18.00000  87.4%  10.6 1852s
 4146511 2355489   63.00000   82   42  143.00000   18.00000  87.4%  10.6 1855s
 4159538 2361173  130.00000  110   40  143.00000   18.00000  87.4%  10.6 1860s
 4160435 2366255   73.00000   77   55  143.00000   18.00000  87.4%  10.6 1865s
 4174049 2370130 infeasible  101       143.00000   18.00000  87.4%  10.6 1870s
 4185128 2375687   51.00000   82   77  143.00000   18.00000  87.4%  10.6 1875s
 4193684 2379258 infeasible   95       143.00000   18.00000  87.4%  10.6 1884s
 4193703 2379698  140.00000   98   28  143.00000   18.00000  87.4%  10.6 1885s
 4202813 2388773   31.07471   75   60  143.00000   18.00000  87.4%  10.6 1893s
 4211236 2389181 infeasible  128       143.00000   18.00000  87.4%  10.6 1895s
 4219357 2394378   54.00000   90   63  143.00000   18.00000  87.4%  10.6 1900s
 4225723 2402217  103.03571   90   48  143.00000   18.00000  87.4%  10.6 1907s
 4235750 2402590   48.82531   79   68  143.00000   18.00000  87.4%  10.6 1910s
 4243910 2406513   82.05357   98   47  143.00000   18.00000  87.4%  10.6 1921s
 4246391 2408421   34.00000   80   74  143.00000   18.00000  87.4%  10.6 1929s
 4247136 2411016  100.23077   86   51  143.00000   18.00000  87.4%  10.6 1932s
 4251739 2417143  135.00000  107   26  143.00000   18.00000  87.4%  10.6 1939s
 4262857 2419204   46.80022   73   65  143.00000   18.00000  87.4%  10.6 1942s
 4267048 2421008   88.00000   96   50  143.00000   18.00000  87.4%  10.6 1945s
 4277970 2426855  104.12766  105   52  143.00000   18.00000  87.4%  10.6 1950s
 4288986 2432103  113.00000   89   46  143.00000   18.00000  87.4%  10.6 1955s
 4298911 2437142   55.00000   77   50  143.00000   18.00000  87.4%  10.6 1961s
 4305271 2441911  114.00000   93   34  143.00000   18.00000  87.4%  10.6 1965s
 4312446 2445536  105.00000   97   30  143.00000   18.00000  87.4%  10.6 1974s
 4314681 2447007   26.00000   84   82  143.00000   18.00000  87.4%  10.6 1976s
 4317380 2452400   18.01248   81   75  143.00000   18.00000  87.4%  10.6 1982s
 4326691 2454754  120.00629   98   58  143.00000   18.00000  87.4%  10.6 1985s
 4337476 2460180  123.12000  113   31  143.00000   18.00000  87.4%  10.6 1990s
 4347169 2466020   96.00000   83   50  143.00000   18.00000  87.4%  10.6 1995s
 4354627 2472077   34.00000   62   72  143.00000   18.00000  87.4%  10.6 2001s
 4365247 2475978   18.09226   78   81  143.00000   18.00000  87.4%  10.6 2006s
 4373768 2480173  130.03681  105   40  143.00000   18.00000  87.4%  10.6 2010s
 4383670 2485006   94.00000   89   46  143.00000   18.00000  87.4%  10.6 2015s
 4386034 2485310   19.00000   64   93  143.00000   18.00000  87.4%  10.6 2020s
 4395408 2491787  117.08822  106   51  143.00000   18.00000  87.4%  10.6 2026s
 4404199 2495335   84.00000   76   41  143.00000   18.00000  87.4%  10.6 2030s
 4413763 2501381  134.00000   96   28  143.00000   18.00000  87.4%  10.6 2035s
 4421531 2505532 infeasible  101       143.00000   18.00000  87.4%  10.6 2040s
 4429392 2509604  100.16770  104   37  143.00000   18.00000  87.4%  10.6 2047s
 4433201 2512274   76.00000   70   38  143.00000   18.00036  87.4%  10.6 2050s
 4442737 2519441  103.88889   81   50  143.00000   18.00418  87.4%  10.6 2056s
 4452627 2522272 infeasible   97       143.00000   18.01242  87.4%  10.6 2060s
 4462373 2529873   46.26840   82   68  143.00000   18.01840  87.4%  10.6 2066s
 4471111 2534219   33.21355   78   79  143.00000   18.01863  87.4%  10.6 2070s
 4473820 2534554   71.00000   98   52  143.00000   18.01863  87.4%  10.6 2076s
 4481120 2539072   68.00000   92   54  143.00000   18.01863  87.4%  10.6 2080s
 4489536 2544995  104.07362   80   43  143.00000   18.02439  87.4%  10.6 2085s
 4500647 2550706  111.00000   82   42  143.00000   18.02548  87.4%  10.6 2090s
 4509479 2555438  124.00000  104   32  143.00000   18.02794  87.4%  10.6 2095s
 4518478 2561667   34.08140   78   61  143.00000   18.03067  87.4%  10.6 2100s
 4526702 2569234   85.00000   80   47  143.00000   18.03086  87.4%  10.6 2106s
 4536333 2572136  110.04908   81   44  143.00000   18.03635  87.4%  10.5 2110s
 4540803 2573304   97.00000   87   64  143.00000   18.03704  87.4%  10.5 2116s
 4546547 2578238 infeasible  100       143.00000   18.04268  87.4%  10.5 2120s
 4556747 2584062   55.00000   85   48  143.00000   18.04848  87.4%  10.5 2125s
 4566912 2589929  111.05096  109   44  143.00000   18.05096  87.4%  10.5 2130s
 4576982 2595477   60.00000   85   52  143.00000   18.05357  87.4%  10.5 2135s
 4587073 2601104   89.00000   87   35  143.00000   18.05599  87.4%  10.5 2140s
 4597146 2607063   94.04762   99   43  143.00000   18.05952  87.4%  10.5 2145s
 4606278 2611490   63.11111   88   51  143.00000   18.06110  87.4%  10.5 2154s
 4606923 2612106   65.00000   81   61  143.00000   18.06167  87.4%  10.5 2155s
 4615067 2618232   69.10000   90   57  143.00000   18.06548  87.4%  10.5 2160s
 4626189 2623154   34.00000   77   62  143.00000   18.06977  87.4%  10.5 2165s
 4633880 2629707  115.10429   73   38  143.00000   18.07407  87.4%  10.5 2171s
 4645065 2633705   58.00000   67   56  143.00000   18.07784  87.4%  10.5 2175s
 4652796 2637891 infeasible  106       143.00000   18.08161  87.4%  10.5 2180s
 4660816 2642390   32.00000   66   57  143.00000   18.08459  87.4%  10.5 2185s
 4661501 2642398   73.04201   80   53  143.00000   18.08485  87.4%  10.5 2193s
 4661517 2642432   73.04201   81   53  143.00000   18.08485  87.4%  10.5 2198s
 4663804 2644340  128.02976   90   31  143.00000   18.08718  87.4%  10.5 2200s
 4672355 2649317 infeasible  123       143.00000   18.09024  87.3%  10.5 2205s
 4679290 2655459  127.00000   83   60  143.00000   18.09756  87.3%  10.5 2211s
 4689735 2659975 infeasible   90       143.00000   18.10715  87.3%  10.5 2215s
 4699715 2666070   53.00000   96   57  143.00000   18.11299  87.3%  10.5 2221s
 4703208 2666595 infeasible  125       143.00000   18.11472  87.3%  10.5 2232s
 4705182 2669193   80.00000   88   44  143.00000   18.11494  87.3%  10.5 2235s
 4713966 2674223   78.00000   81   70  143.00000   18.12426  87.3%  10.5 2240s
 4724893 2679104  112.00000  115   34  143.00000   18.14055  87.3%  10.5 2245s
 4734685 2685530   55.00000   82   46  143.00000   18.15206  87.3%  10.5 2250s
 4742120 2689810  130.00000  104   26  143.00000   18.16667  87.3%  10.5 2255s
 4750915 2694865  127.00000  105   19  143.00000   18.18182  87.3%  10.5 2260s
 4760053 2698620 infeasible  100       143.00000   18.22652  87.3%  10.5 2269s
 4760508 2699267   51.00000   82   65  143.00000   18.22652  87.3%  10.5 2270s
 4770005 2705067   75.24138   84   57  143.00000   18.26908  87.2%  10.5 2275s
 4779150 2710121   20.00000   83   81  143.00000   18.33792  87.2%  10.5 2280s
 4790500 2715688 infeasible   93       143.00000   18.43227  87.1%  10.5 2285s
 4799107 2720663 infeasible   65       143.00000   18.52941  87.0%  10.5 2290s
 4808314 2726695   64.00000   60   42  143.00000   18.66667  86.9%  10.5 2295s
 4817905 2731867   49.00000   89   73  143.00000   18.75278  86.9%  10.5 2300s
 4827031 2736926  138.00000  119   23  143.00000   18.80000  86.9%  10.5 2305s
 4834564 2740208   34.93333   74   75  143.00000   18.86667  86.8%  10.5 2313s
 4836755 2741863 infeasible  102       143.00000   18.88235  86.8%  10.5 2315s
 4846085 2748089   59.00000   77   60  143.00000   18.88889  86.8%  10.5 2320s
 4856035 2752761   48.00000   72   64  143.00000   18.88889  86.8%  10.5 2325s
 4865782 2758051   48.85917   82   59  143.00000   18.90754  86.8%  10.5 2330s
 4875789 2764442  140.00000   99   28  143.00000   18.92223  86.8%  10.5 2335s
 4884827 2768752   62.00000   92   51  143.00000   18.94444  86.8%  10.5 2344s
 4884854 2769086   62.00000   92   49  143.00000   18.94444  86.8%  10.5 2345s
 4893512 2775672 infeasible  138       143.00000   18.94444  86.8%  10.5 2350s
 4903236 2780140   98.00000  110   41  143.00000   18.95687  86.7%  10.5 2355s
 4911294 2785480  123.00000  110   26  143.00000   18.96308  86.7%  10.5 2360s
 4921001 2791102   58.09987   91   58  143.00000   18.97618  86.7%  10.5 2365s
 4931982 2796313   65.00000   73   50  143.00000   18.99735  86.7%  10.5 2370s
 4940367 2802485   48.00000   80   53  143.00000   19.00000  86.7%  10.5 2375s
 4949178 2806514     cutoff   83       143.00000   19.00000  86.7%  10.5 2380s
 4955773 2809909  134.00000  103   25  143.00000   19.00000  86.7%  10.5 2388s
 4956695 2810968   61.18293   70   66  143.00000   19.00000  86.7%  10.5 2390s
 4965124 2816937   41.00000   77   66  143.00000   19.00000  86.7%  10.5 2396s
 4974268 2822182   50.00000   80   50  143.00000   19.00000  86.7%  10.5 2401s
 4980080 2826336   38.08140   71   60  143.00000   19.00000  86.7%  10.5 2405s
 4991611 2832017   48.00000   83   56  143.00000   19.00000  86.7%  10.5 2411s
 5000419 2837787   81.00000   85   42  143.00000   19.00000  86.7%  10.5 2416s
 5004769 2842836   73.00000   89   48  143.00000   19.00000  86.7%  10.5 2422s
 5013213 2846270   41.00000   71   51  143.00000   19.00000  86.7%  10.4 2426s
 5021449 2848295   54.00000   87   49  143.00000   19.00000  86.7%  10.4 2434s
 5022171 2849373   20.00000   77   55  143.00000   19.00000  86.7%  10.4 2435s
 5028019 2856801   46.08589   82   56  143.00000   19.00000  86.7%  10.4 2443s
 5036118 2857273   51.12644   86   56  143.00000   19.00000  86.7%  10.4 2445s
 5044287 2863103  140.02454   93   31  143.00000   19.00000  86.7%  10.4 2450s
 5052580 2867592   80.00000   83   49  143.00000   19.00000  86.7%  10.4 2455s
 5060516 2872316   50.00000   71   45  143.00000   19.00000  86.7%  10.4 2460s
 5069697 2876340   34.00000   75   70  143.00000   19.00000  86.7%  10.4 2465s
 5078562 2880784   87.00000   86   33  143.00000   19.00000  86.7%  10.4 2483s
 5080131 2882184   44.22041   78   72  143.00000   19.00000  86.7%  10.4 2485s
 5087360 2888115   95.00000  110   38  143.00000   19.00000  86.7%  10.4 2492s
 5092306 2892807  104.01724   85   45  143.00000   19.00000  86.7%  10.4 2498s
 5099655 2893399   94.01227   92   48  143.00000   19.00000  86.7%  10.4 2500s
 5104661 2895884   73.00000   90   42  143.00000   19.00000  86.7%  10.4 2508s
 5106308 2898801     cutoff  121       143.00000   19.00000  86.7%  10.4 2511s
 5114363 2901810  111.21687  113   35  143.00000   19.00000  86.7%  10.4 2515s
 5115485 2906595  139.00000   92   26  143.00000   19.00000  86.7%  10.4 2520s
 5128465 2910349 infeasible   84       143.00000   19.00000  86.7%  10.4 2525s
 5137364 2917111  127.00581   99   37  143.00000   19.00000  86.7%  10.4 2532s
 5144989 2920567   52.00000   80   61  143.00000   19.00000  86.7%  10.4 2536s
 5154372 2924362   57.00000   84   44  143.00000   19.00000  86.7%  10.4 2540s
 5154939 2924375   69.00000   80   54  143.00000   19.00000  86.7%  10.4 2546s
 5158822 2928718   31.00000   76   69  143.00000   19.00000  86.7%  10.4 2551s
 5167231 2932818   67.00000   87   41  143.00000   19.00000  86.7%  10.4 2556s
 5176795 2938270   74.06897   89   46  143.00000   19.00000  86.7%  10.4 2561s
 5180744 2943534   51.00000   89   61  143.00000   19.00000  86.7%  10.4 2567s
 5189722 2945560 infeasible   77       143.00000   19.00000  86.7%  10.4 2570s
 5199805 2951403     cutoff   91       143.00000   19.00000  86.7%  10.4 2576s
 5206658 2956162 infeasible  127       143.00000   19.00000  86.7%  10.4 2581s
 5215219 2960370  139.00000   96   36  143.00000   19.00000  86.7%  10.4 2586s
 5222001 2963766  138.00000   98   25  143.00000   19.00000  86.7%  10.4 2590s
 5232199 2968320  136.00000   96   25  143.00000   19.00000  86.7%  10.4 2600s
 5237147 2973008   45.00000   80   65  143.00000   19.00000  86.7%  10.4 2605s
 5245062 2977436   52.00000   84   69  143.00000   19.00000  86.7%  10.4 2611s
 5255007 2982994  115.00000   88   53  143.00000   19.00000  86.7%  10.4 2616s
 5261911 2986889   53.00000   83   48  143.00000   19.00000  86.7%  10.4 2621s
 5269786 2989724   84.00000   76   42  143.00000   19.00000  86.7%  10.4 2625s
 5277047 2995083 infeasible   92       143.00000   19.00000  86.7%  10.4 2630s
 5284086 2999238   36.00000   74   62  143.00000   19.00000  86.7%  10.4 2635s
 5292143 3003453   72.00000   85   64  143.00000   19.00000  86.7%  10.4 2640s
 5297520 3004867  124.00000   95   37  143.00000   19.00000  86.7%  10.4 2648s
 5298945 3006457   50.00000   87   48  143.00000   19.00000  86.7%  10.4 2650s
 5306602 3010450  132.09581   93   36  143.00000   19.00000  86.7%  10.4 2655s
 5314485 3014567   86.60484   95   55  143.00000   19.00000  86.7%  10.4 2660s
 5321517 3019713 infeasible   97       143.00000   19.00000  86.7%  10.4 2665s
 5330599 3024799   63.02454   85   43  143.00000   19.00000  86.7%  10.4 2671s
 5334997 3029281 infeasible   94       143.00000   19.00000  86.7%  10.4 2677s
 5343097 3032533  111.00000   80   29  143.00000   19.00000  86.7%  10.4 2681s
 5351184 3034768   50.00000   90   46  143.00000   19.00000  86.7%  10.4 2685s
 5358891 3039227  123.00000   91   29  143.00000   19.00000  86.7%  10.4 2690s
 5366239 3044478   97.03797   96   45  143.00000   19.00000  86.7%  10.4 2695s
 5375930 3049844  136.00000  120   22  143.00000   19.00000  86.7%  10.4 2701s
 5379631 3051990   57.00000   89   45  143.00000   19.00000  86.7%  10.4 2710s
 5384280 3056983   69.00000   88   53  143.00000   19.00000  86.7%  10.4 2716s
 5391001 3059810   81.00000  104   64  143.00000   19.00000  86.7%  10.4 2720s
 5401433 3068481   92.00000   85   33  143.00000   19.00000  86.7%  10.4 2730s
 5412456 3070989   48.00000   90   51  143.00000   19.00000  86.7%  10.4 2735s
 5423308 3075667 infeasible   83       143.00000   19.00000  86.7%  10.4 2740s
 5424181 3081554   48.00000   78   42  143.00000   19.00000  86.7%  10.4 2747s
 5434675 3081600   43.00000   75   69  143.00000   19.00000  86.7%  10.4 2755s
 5439535 3085465   39.33333   70   66  143.00000   19.00000  86.7%  10.4 2760s
 5449200 3090588   96.00000  117   27  143.00000   19.00000  86.7%  10.4 2766s
 5455163 3094678 infeasible  108       143.00000   19.00000  86.7%  10.4 2770s
 5462678 3098449  106.12503   96   48  143.00000   19.00000  86.7%  10.4 2775s
 5469202 3100579   95.00000  103   36  143.00000   19.00000  86.7%  10.4 2786s
 5472142 3102696   94.00000   92   41  143.00000   19.00000  86.7%  10.4 2796s
 5474312 3106445   29.00000   77   69  143.00000   19.00000  86.7%  10.4 2801s
 5484301 3109719   83.00000  101   41  143.00000   19.00000  86.7%  10.4 2805s
 5491125 3116620   59.02976   85   53  143.00000   19.00000  86.7%  10.4 2813s
 5497748 3117045   91.00000   84   61  143.00000   19.00000  86.7%  10.4 2815s
 5505336 3121247 infeasible  100       143.00000   19.00000  86.7%  10.4 2820s
 5513490 3130302  139.00000  102   24  143.00000   19.00000  86.7%  10.4 2830s
 5525699 3133925  108.00000   91   39  143.00000   19.00000  86.7%  10.4 2835s
 5536008 3138528  101.00000   94   44  143.00000   19.00000  86.7%  10.4 2841s
 5537175 3142832   29.00000   74   54  143.00000   19.00000  86.7%  10.4 2845s
 5544712 3142837  137.00000  107   18  143.00000   19.00000  86.7%  10.4 2854s
 5544740 3143283  137.00000  108   17  143.00000   19.00000  86.7%  10.4 2855s
 5549247 3147340   79.00000   93   44  143.00000   19.00000  86.7%  10.4 2860s
 5557608 3152012  121.00000   91   32  143.00000   19.00000  86.7%  10.4 2865s
 5565227 3155541   87.00000   86   41  143.00000   19.00000  86.7%  10.4 2870s
 5574396 3160824  142.00000   88   27  143.00000   19.00000  86.7%  10.4 2875s
 5582424 3164408   85.00000   91   28  143.00000   19.00000  86.7%  10.4 2880s
 5590093 3169368   68.00000   79   44  143.00000   19.00000  86.7%  10.4 2886s
 5596497 3173350  133.00000  124   18  143.00000   19.00000  86.7%  10.4 2890s
 5600640 3178225  142.00000  119   19  143.00000   19.00000  86.7%  10.4 2896s
 5611850 3182069   46.34483   90   60  143.00000   19.00000  86.7%  10.4 2901s
 5615301 3182098   85.00000   78   55  143.00000   19.00000  86.7%  10.4 2908s
 5616879 3184893  141.00000  105   27  143.00000   19.00000  86.7%  10.4 2911s
 5624172 3187603   74.54547   75   59  143.00000   19.00000  86.7%  10.4 2915s
 5631668 3193361  142.00000   88   27  143.00000   19.00000  86.7%  10.4 2921s
 5638601 3197278   66.16352   74   66  143.00000   19.00000  86.7%  10.4 2925s
 5644044 3200804  110.01863   87   49  143.00000   19.00000  86.7%  10.4 2930s
 5652900 3205349 infeasible  106       143.00000   19.00000  86.7%  10.4 2936s
 5660618 3209004  113.00000   87   55  143.00000   19.00000  86.7%  10.4 2940s
 5667649 3213037  104.00000   92   49  143.00000   19.00000  86.7%  10.4 2945s
 5673679 3214923  120.02454  109   39  143.00000   19.00000  86.7%  10.4 2954s
 5673863 3215286  121.00000  110   37  143.00000   19.00000  86.7%  10.4 2955s
 5680871 3219382 infeasible   94       143.00000   19.00000  86.7%  10.4 2960s
 5685382 3223384  128.00000   97   47  143.00000   19.00000  86.7%  10.4 2965s
 5693429 3227650  111.04000   90   49  143.00000   19.00000  86.7%  10.4 2970s
 5702873 3232521   68.00000   93   49  143.00000   19.00000  86.7%  10.4 2976s
 5707148 3237650   19.22723   71   82  143.00000   19.00000  86.7%  10.4 2983s
 5715797 3238138   91.20690   90   41  143.00000   19.00000  86.7%  10.4 2985s
 5723788 3242541   61.00000   82   63  143.00000   19.00000  86.7%  10.4 2990s
 5731166 3246630   38.00000   83   64  143.00000   19.00000  86.7%  10.4 2995s
 5737807 3250179   98.00000   77   38  143.00000   19.00000  86.7%  10.4 3000s
 5745149 3254121   66.14201   91   54  143.00000   19.00000  86.7%  10.4 3010s
 5750224 3261367   28.00000   89   68  143.00000   19.00000  86.7%  10.4 3019s
 5758480 3261775   40.00000   82   61  143.00000   19.00000  86.7%  10.4 3021s
 5763020 3265626 infeasible   89       143.00000   19.00000  86.7%  10.4 3026s
 5770662 3273126  109.00000   88   40  143.00000   19.00000  86.7%  10.4 3035s
 5783347 3276637   25.78065   60   85  143.00000   19.00000  86.7%  10.4 3041s
 5789282 3280085   47.79928   81   67  143.00000   19.00000  86.7%  10.4 3045s
 5793369 3282376  100.74194   89   46  143.00000   19.00000  86.7%  10.4 3055s
 5798805 3287670   85.00000  102   44  143.00000   19.00000  86.7%  10.4 3062s
 5806725 3290476  106.00000   93   53  143.00000   19.00000  86.7%  10.4 3066s
 5816614 3294565  115.03333   99   45  143.00000   19.00000  86.7%  10.4 3071s
 5822103 3297036  128.00000  102   36  143.00000   19.00000  86.7%  10.4 3075s
 5831594 3301698  106.00000   85   55  143.00000   19.00000  86.7%  10.4 3081s
 5836851 3307899   27.78351   71   76  143.00000   19.00000  86.7%  10.4 3088s
 5843943 3307892  133.00000  136   19  143.00000   19.00000  86.7%  10.4 3098s
 5844829 3308902   91.00000   73   39  143.00000   19.00000  86.7%  10.4 3100s
 5847089 3309878  139.00000   99   26  143.00000   19.00000  86.7%  10.4 3108s
 5848821 3313654  108.37500  109   33  143.00000   19.00000  86.7%  10.4 3113s
 5854757 3316031  111.14286   97   48  143.00000   19.00000  86.7%  10.4 3116s
 5859914 3321148  107.00000   89   47  143.00000   19.00000  86.7%  10.4 3123s
 5868004 3321555 infeasible  115       143.00000   19.00000  86.7%  10.4 3125s
 5874459 3325015   89.00000   84   61  143.00000   19.00000  86.7%  10.4 3130s
 5879338 3329440   21.00000   75   72  143.00000   19.00000  86.7%  10.4 3135s
 5889808 3334901  128.00000   96   30  143.00000   19.00000  86.7%  10.4 3141s
 5896428 3338586  110.00000   78   55  143.00000   19.00000  86.7%  10.4 3145s
 5902405 3340247 infeasible  131       143.00000   19.00000  86.7%  10.4 3155s
 5902473 3349468 infeasible  132       143.00000   19.00000  86.7%  10.4 3175s
 5918489 3353406  129.00000  121   27  143.00000   19.00000  86.7%  10.4 3183s
 5925704 3355483   55.00000   85   60  143.00000   19.00000  86.7%  10.4 3187s
 5931884 3358370   21.90790   84   77  143.00000   19.00000  86.7%  10.4 3190s
 5942009 3363706   30.88889   79   69  143.00000   19.00000  86.7%  10.4 3195s
 5947293 3365629   81.08721   77   57  143.00000   19.00000  86.7%  10.4 3204s
 5948062 3374268   81.08721   78   57  143.00000   19.00000  86.7%  10.4 3215s
 5964078 3376093   27.00000   78   72  143.00000   19.00000  86.7%  10.4 3220s
 5970513 3380050   31.00000   82   72  143.00000   19.00000  86.7%  10.4 3225s
 5981401 3385327   28.00000   81   59  143.00000   19.00000  86.7%  10.4 3231s
 5989298 3389770  111.00000  104   26  143.00000   19.00000  86.7%  10.4 3235s
 5998469 3394689   97.00000  108   32  143.00000   19.00000  86.7%  10.4 3240s
 6006615 3398969   57.44444   86   49  143.00000   19.00000  86.7%  10.4 3245s
 6014508 3403722  113.00000   92   33  143.00000   19.00000  86.7%  10.4 3250s
 6025098 3408027   68.00000   90   61  143.00000   19.00000  86.7%  10.4 3255s
 6031916 3411580   21.00000   78   68  143.00000   19.00000  86.7%  10.4 3260s
 6035560 3415208  103.00000   85   41  143.00000   19.00000  86.7%  10.4 3265s
 6039775 3415235 infeasible  103       143.00000   19.00000  86.7%  10.4 3274s
 6039842 3415639   31.00000   62   75  143.00000   19.00000  86.7%  10.4 3275s
 6045895 3420206   53.00000   87   60  143.00000   19.00000  86.7%  10.4 3280s
 6055404 3425570   66.00000   92   51  143.00000   19.00000  86.7%  10.4 3286s
 6059924 3430580  100.85072   79   61  143.00000   19.00000  86.7%  10.4 3293s
 6068018 3430996   55.00000   87   42  143.00000   19.00000  86.7%  10.4 3295s
 6068768 3431080   36.00000   83   62  143.00000   19.00000  86.7%  10.4 3305s
 6074389 3435970  122.00000  111   22  143.00000   19.00000  86.7%  10.4 3311s
 6081348 3438812   65.71123   82   65  143.00000   19.00000  86.7%  10.4 3315s
 6089189 3444092   91.00000   88   52  143.00000   19.00000  86.7%  10.4 3321s
 6096135 3445820     cutoff   89       143.00000   19.00000  86.7%  10.4 3330s
 6101175 3450198  139.03727  102   43  143.00000   19.00000  86.7%  10.4 3335s
 6105106 3456176   76.00000   97   58  143.00000   19.00000  86.7%  10.4 3344s
 6115251 3456580   46.00000   90   43  143.00000   19.00000  86.7%  10.4 3346s
 6120048 3460187  118.00000  117   27  143.00000   19.00000  86.7%  10.4 3351s
 6125952 3469146   65.46667   96   49  143.00000   19.00000  86.7%  10.4 3362s
 6138863 3469475   61.09146   90   53  143.00000   19.00000  86.7%  10.4 3365s
 6144980 3474098 infeasible  107       143.00000   19.00000  86.7%  10.4 3371s
 6149059 3479273   59.00000   88   54  143.00000   19.00000  86.7%  10.4 3378s
 6157382 3479288  110.00000   87   38  143.00000   19.00000  86.7%  10.4 3387s
 6159120 3482184   70.00000   86   53  143.00000   19.00000  86.7%  10.4 3391s
 6168222 3485527   35.00000   84   68  143.00000   19.00000  86.7%  10.4 3396s
 6175410 3489507   48.00000   83   54  143.00000   19.00000  86.7%  10.4 3400s
 6182281 3494769   94.04579   99   45  143.00000   19.00000  86.7%  10.4 3406s
 6188419 3498255   59.00000   84   45  143.00000   19.00000  86.7%  10.4 3410s
 6195256 3501944  132.00000   91   48  143.00000   19.00000  86.7%  10.4 3416s
 6202641 3504309   32.01227   83   68  143.00000   19.00000  86.7%  10.4 3420s
 6203527 3504324   41.00000   84   61  143.00000   19.00000  86.7%  10.4 3430s
 6203544 3504337   43.00000   85   65  143.00000   19.00000  86.7%  10.4 3437s
 6205265 3505738 infeasible   99       143.00000   19.00000  86.7%  10.4 3440s
 6212144 3509373   93.45926   87   55  143.00000   19.00000  86.7%  10.4 3446s
 6212992 3514825  140.00000   91   24  143.00000   19.00000  86.7%  10.4 3452s
 6223225 3515201   29.00000   67   65  143.00000   19.00000  86.7%  10.4 3455s
 6229593 3519726  118.00000  142   29  143.00000   19.00000  86.7%  10.4 3461s
 6236961 3523724   92.00000  104   40  143.00000   19.00000  86.7%  10.4 3466s
 6243101 3527039   69.00000   83   55  143.00000   19.00000  86.7%  10.4 3470s
 6253197 3531972   32.00000   86   67  143.00000   19.00000  86.7%  10.4 3475s
 6256786 3537022   34.00000   78   64  143.00000   19.00000  86.7%  10.4 3482s
 6265002 3537077   66.00000   72   55  143.00000   19.00000  86.7%  10.4 3492s
 6266654 3539975   33.30518   78   77  143.00000   19.00000  86.7%  10.4 3495s
 6274386 3543570     cutoff  102       143.00000   19.00000  86.7%  10.4 3500s
 6281587 3547324  128.04706   98   32  143.00000   19.00000  86.7%  10.4 3505s
 6290623 3552270   80.00000   76   45  143.00000   19.00000  86.7%  10.4 3511s
 6297268 3555783   75.22764   94   46  143.00000   19.00000  86.7%  10.4 3515s
 6301364 3560841   63.00000   91   52  143.00000   19.00000  86.7%  10.4 3522s
 6310735 3563305   77.02454   85   50  143.00000   19.00000  86.7%  10.4 3526s
 6317944 3567042   53.00000   74   48  143.00000   19.00000  86.7%  10.4 3531s
 6323341 3569956  102.00000  100   31  143.00000   19.00000  86.7%  10.4 3535s
 6326613 3569964   85.00000  108   41  143.00000   19.00000  86.7%  10.4 3545s
 6331970 3574496  136.00000  110   36  143.00000   19.00000  86.7%  10.4 3551s
 6339927 3578554   42.00000   75   77  143.00000   19.00000  86.7%  10.4 3556s
 6343731 3583215   33.00000   82   67  143.00000   19.00000  86.7%  10.4 3563s
 6351772 3583680  115.00000   93   26  143.00000   19.00000  86.7%  10.4 3565s
 6358983 3587679   63.07927   84   54  143.00000   19.00000  86.7%  10.4 3570s
 6366532 3595021   54.00000   80   71  143.00000   19.00000  86.7%  10.4 3579s
 6373598 3595365  116.00000  101   29  143.00000   19.00000  86.7%  10.4 3580s
 6380413 3600108 infeasible  106       143.00000   19.00000  86.7%  10.4 3586s
 6387838 3604845  116.00000   81   40  143.00000   19.00000  86.7%  10.4 3591s
 6396035 3608846   82.00000   84   47  143.00000   19.00000  86.7%  10.4 3595s
 6404666 3613196   88.00000  123   39  143.00000   19.00036  86.7%  10.4 3600s

Cutting planes:
  Learned: 4
  Gomory: 3
  Implied bound: 7
  MIR: 4
  StrongCG: 2
  Flow cover: 16
  Zero half: 1
  RLT: 1

Explored 6405350 nodes (66344147 simplex iterations) in 3600.11 seconds (421.73 work units)
Thread count was 16 (of 16 available processors)

Solution count 10: 143 144 145 ... 191

Time limit reached
Best objective 1.430000000000e+02, best bound 2.000000000000e+01, gap 86.0140%
Warning: constraint name "precedence between 0,0 to 0,2 if x_[0,0,0,2,3]=0, i.e. 0,2 before 0,0" has a space
Warning: constraint name "precedence between 0,0 to 0,2 if x_[0,0,0,2,3]=0, i.e. 0,2 before 0,0" has a space
Warning: default constraint names used to write mps file
