
Gurobi 10.0.1 (win64) logging started Sun Oct  8 03:17:17 2023

Set parameter LogFile to value "./results//log/URT_20_deadline_heurTrue.log"
Gurobi Optimizer version 10.0.1 build v10.0.1rc0 (win64)

CPU model: AMD Ryzen 7 3700X 8-Core Processor, instruction set [SSE2|AVX|AVX2]
Thread count: 8 physical cores, 16 logical processors, using up to 16 threads

Optimize a model with 3409 rows, 3925 columns and 15668 nonzeros
Model fingerprint: 0x6de39faf
Model has 1 quadratic constraint
Variable types: 0 continuous, 3925 integer (3768 binary)
Coefficient statistics:
  Matrix range     [1e+00, 1e+07]
  QMatrix range    [1e+00, 1e+00]
  QLMatrix range   [1e+00, 2e+01]
  Objective range  [1e+00, 1e+00]
  Bounds range     [1e+00, 1e+00]
  RHS range        [1e+00, 3e+07]

Warning: Completing partial solution with 3805 unfixed non-continuous variables out of 3925
User MIP start did not produce a new incumbent solution
User MIP start violates constraint initial_start_time_job0_stage0_machine0_constraint by 479.000000000

Presolve removed 216 rows and 2561 columns
Presolve time: 0.04s
Presolved: 3193 rows, 1364 columns, 15088 nonzeros
Variable types: 0 continuous, 1364 integer (1208 binary)

Root relaxation: objective 5.697000e+03, 523 iterations, 0.01 seconds (0.01 work units)
Another try with MIP start

    Nodes    |    Current Node    |     Objective Bounds      |     Work
 Expl Unexpl |  Obj  Depth IntInf | Incumbent    BestBd   Gap | It/Node Time

     0     0 5697.00029    0   23          - 5697.00029      -     -    0s
     0     0 5697.00029    0   55          - 5697.00029      -     -    0s
     0     0 5697.00029    0   58          - 5697.00029      -     -    0s
     0     0 5697.00029    0   19          - 5697.00029      -     -    0s
     0     0 5697.01417    0   66          - 5697.01417      -     -    0s
     0     0 5697.33849    0   28          - 5697.33849      -     -    0s
     0     0 5697.33849    0   68          - 5697.33849      -     -    1s
     0     0 5698.28571    0   60          - 5698.28571      -     -    1s
     0     0 5698.28571    0   51          - 5698.28571      -     -    1s
     0     0 5698.28585    0   65          - 5698.28585      -     -    1s
     0     0 5698.28585    0   55          - 5698.28585      -     -    1s
     0     0 5698.28585    0   51          - 5698.28585      -     -    1s
     0     0 5698.28585    0   58          - 5698.28585      -     -    1s
     0     0 5698.28585    0   22          - 5698.28585      -     -    1s
     0     0 5698.28585    0   56          - 5698.28585      -     -    1s
     0     0 5698.28585    0   27          - 5698.28585      -     -    2s
     0     0 5698.28585    0   54          - 5698.28585      -     -    2s
     0     0 5698.28585    0   18          - 5698.28585      -     -    2s
     0     0 5698.28585    0   46          - 5698.28585      -     -    2s
     0     0 5698.28585    0   23          - 5698.28585      -     -    2s
     0     0 5698.28585    0   16          - 5698.28585      -     -    2s
H    0     0                    1.100001e+08 5698.28585   100%     -    2s
     0     2 5699.00000    0   13 1.1000e+08 5699.00000   100%     -    2s
H   31    40                    6988.0000000 5699.00000  18.4%  27.2    2s
H  215   222                    6424.0000000 5699.00000  11.3%   9.7    3s
H  473   523                    6381.0000000 5699.00000  10.7%   8.2    3s
H  667   680                    6340.0000000 5699.00000  10.1%   9.3    3s
H  749   680                    6334.0000000 5699.00000  10.0%   9.6    3s
H  802   746                    6296.0000000 5699.00000  9.48%   9.3    3s
H  952   831                    6222.0000000 5699.00000  8.41%   9.4    3s
H 1050   935                    6220.0000000 5699.00000  8.38%   9.3    3s
H 1138   935                    6212.0000000 5699.00000  8.26%   9.3    3s
H 2001  1102                    6197.0000000 5699.00000  8.04%   6.5    4s
H 2003  1101                    6165.0000000 5699.00000  7.56%   6.5    4s
H 2007  1100                    6139.0000000 5699.00000  7.17%   6.5    4s
H 2020  1102                    6109.0000000 5699.00000  6.71%   6.5    4s
  3996  1151 5969.00000  481   50 6109.00000 5699.00000  6.71%   3.4    5s
H14313  1145                    6098.0000000 5699.00000  6.54%   1.0    8s
 14801  1148 5787.00000   45  199 6098.00000 5705.33039  6.44%   0.9   10s
H14815  1098                    6097.0000000 5804.02719  4.81%   0.9   11s
H14865  1075                    6095.0000000 5821.85837  4.48%   0.9   14s
 14877  1083 5825.93707   16  196 6095.00000 5825.93707  4.41%   0.9   15s
 15015  1201 5877.97717   25  111 6095.00000 5839.23600  4.20%   4.2   20s
H16578  1803                    6090.0000000 5839.23600  4.12%   5.4   21s
H17196  2013                    6089.0000000 5839.23600  4.10%   5.8   21s
*17362  1679             105    6067.0000000 5839.23600  3.75%   5.9   21s
H17486  1088                    6034.0000000 5839.23600  3.23%   6.0   24s
H17508   875                    6012.0000000 5839.23600  2.87%   6.1   24s
H17510   875                    6002.0000000 5839.23600  2.71%   6.1   24s
 17856   884 5980.72727   32   82 6002.00000 5839.23600  2.71%   6.7   25s
 26903  5925 5997.00000   76   31 6002.00000 5875.62123  2.11%  13.3   30s
H31358  6018                    5994.0000000 5883.99051  1.84%  14.8   34s
H31361  4084                    5977.0000000 5883.99051  1.56%  14.8   34s
H31366  3810                    5974.0000000 5883.99051  1.51%  14.8   34s
 31380  4068     cutoff   75      5974.00000 5884.02777  1.51%  14.8   35s
 40019  8093 5915.73012   33  135 5974.00000 5891.42246  1.38%  16.9   40s
 41096  8094 5971.00000   49   16 5974.00000 5893.00000  1.36%  17.2   47s
 41121  8111 5971.00000   43  176 5974.00000 5893.00000  1.36%  17.2   50s
 41137  8121 5926.60733   32  190 5974.00000 5893.00000  1.36%  17.2   55s
H41141  7717                    5973.0000000 5893.00000  1.34%  17.2   56s
 41154  7726 5894.73822   28  221 5973.00000 5893.00000  1.34%  17.1   60s
H41167  7346                    5972.0000000 5893.00000  1.32%  17.1   64s
 41169  7348 5910.90123   31  180 5972.00000 5893.00000  1.32%  17.1   65s
 41198  7384 5893.00000   33  175 5972.00000 5893.00000  1.32%  18.5   70s
H41267  7055                    5971.0000000 5893.00000  1.31%  18.8   70s
H41339  6734                    5968.0000000 5893.00000  1.26%  18.8   74s
 41430  6753 5915.19809   39  102 5968.00000 5893.00000  1.26%  18.9   78s
H41436  6418                    5963.0000000 5893.00000  1.17%  18.9   78s
 42518  6557 5906.00000   50   58 5963.00000 5893.00000  1.17%  19.6   80s
 49428  7268 5904.01949   38   98 5963.00000 5893.00000  1.17%  22.5   85s
 54790  7547     cutoff   47      5963.00000 5893.00000  1.17%  24.1   90s
 60622  8065 5946.00000   64   42 5963.00000 5893.00000  1.17%  25.2   95s
 66684 10210 5923.63636   48   75 5963.00000 5893.00000  1.17%  26.3  100s
 71356 11929 5931.87012   41   82 5963.00000 5894.94048  1.14%  27.1  105s
 76868 14109 5912.10395   40  113 5963.00000 5897.70542  1.09%  27.6  111s
 82095 16027 5954.00000   54   48 5963.00000 5899.70400  1.06%  28.1  116s
 85915 17017     cutoff   45      5963.00000 5901.25450  1.04%  28.4  120s
 91327 18895 5929.13186   41  140 5963.00000 5903.56562  1.00%  28.8  125s
 95391 21417 5938.42857   47   93 5963.00000 5904.00917  0.99%  28.8  130s
 101588 23876     cutoff   70      5963.00000 5904.00917  0.99%  28.4  135s
 108067 26531 5945.00000   88   31 5963.00000 5904.00917  0.99%  27.9  141s
 112320 28310 5953.00000   91   42 5963.00000 5904.00917  0.99%  27.7  145s
 118464 30546 5911.84230   76   83 5963.00000 5904.00917  0.99%  27.4  150s
 124411 33757 5941.00000  105   44 5963.00000 5904.00917  0.99%  27.2  157s
 129757 35350 5905.04671   58  112 5963.00000 5904.00917  0.99%  27.0  161s
 134144 36815 5904.00917   63   71 5963.00000 5904.00917  0.99%  26.9  166s
 138265 38344 5933.25917   61   66 5963.00000 5904.00917  0.99%  26.8  170s
 144364 40557 5934.00000   62   54 5963.00000 5904.00917  0.99%  26.8  176s
 149020 42353 5959.00000  100   25 5963.00000 5904.00917  0.99%  26.7  181s
 154107 44068 5949.00000   67   50 5963.00000 5904.00917  0.99%  26.6  186s
 158243 45582 5907.15147   67   64 5963.00000 5904.00917  0.99%  26.6  190s
 163206 47098 infeasible   68      5963.00000 5904.00917  0.99%  26.5  195s
 167119 48901 5904.00917   66   66 5963.00000 5904.00917  0.99%  26.5  200s
*170726 48194             125    5962.0000000 5904.00917  0.97%  26.4  202s
 174027 49755 5926.40909   70   54 5962.00000 5904.00917  0.97%  26.4  207s
 178478 51186 5904.00917   63   68 5962.00000 5904.00917  0.97%  26.4  211s
 182581 52594     cutoff   79      5962.00000 5904.00917  0.97%  26.3  216s
 186614 53238     cutoff   89      5962.00000 5904.00917  0.97%  26.3  221s
 188523 54665 infeasible   74      5962.00000 5904.00917  0.97%  26.3  226s
 193143 56215     cutoff   63      5962.00000 5904.00917  0.97%  26.3  231s
 197290 57484     cutoff   69      5962.00000 5904.00917  0.97%  26.3  235s
 201059 58931 5948.00000   63   87 5962.00000 5904.00917  0.97%  26.3  240s
 204810 60089     cutoff   76      5962.00000 5904.00917  0.97%  26.3  245s
 208509 61159     cutoff   60      5962.00000 5904.00917  0.97%  26.4  250s
 213016 62334 5928.00917   73   72 5962.00000 5904.00917  0.97%  26.4  255s
 218155 63828 5913.00000   66   74 5962.00000 5904.37998  0.97%  26.4  261s
 222031 65672 5932.50000   68   68 5962.00000 5905.00000  0.96%  26.5  267s
 224999 66660 5959.00000   54   50 5962.00000 5905.00000  0.96%  26.5  271s
H228334 63728                    5960.0000000 5905.00000  0.92%  26.4  274s
 230225 64562 5909.00000   65   66 5960.00000 5905.00000  0.92%  26.4  277s
 232932 65524 infeasible   72      5960.00000 5905.00000  0.92%  26.4  281s
 238143 66862 5953.00000   95   28 5960.00000 5905.00000  0.92%  26.5  288s
 240624 67313     cutoff   85      5960.00000 5905.00000  0.92%  26.5  291s
 245651 68703 5937.00000   99   48 5960.00000 5905.00000  0.92%  26.5  298s
 247940 69425     cutoff   88      5960.00000 5905.00000  0.92%  26.5  301s
 250688 70148 5928.00917   67   64 5960.00000 5905.00000  0.92%  26.6  305s
 255762 71695 5923.00000   74   60 5960.00000 5905.00000  0.92%  26.6  312s
 258908 72345 5917.40909   62   91 5960.00000 5905.00000  0.92%  26.6  315s
 264152 74123     cutoff   84      5960.00000 5905.00000  0.92%  26.6  322s
 266797 74787     cutoff   76      5960.00000 5905.00000  0.92%  26.6  325s
 271919 76129 5905.35376   68  119 5960.00000 5905.00000  0.92%  26.7  332s
 274161 77004 infeasible   67      5960.00000 5905.00000  0.92%  26.7  336s
 279567 78337 infeasible   81      5960.00000 5905.00000  0.92%  26.7  342s
 281759 79013     cutoff   78      5960.00000 5905.00000  0.92%  26.7  345s
 286423 80357 5959.00000   71   61 5960.00000 5905.00000  0.92%  26.7  352s
 289161 81063 5919.48923   66   80 5960.00000 5905.00000  0.92%  26.7  355s
 294024 82557 5932.00000   74   49 5960.00000 5905.00000  0.92%  26.8  362s
 296784 83042 5912.06410   65   90 5960.00000 5905.00000  0.92%  26.8  365s
 302157 84541 5905.00000   65   49 5960.00000 5905.00000  0.92%  26.8  373s
*302606 81898             143    5959.0000000 5905.00000  0.91%  26.8  373s
 304454 82673 5929.00000   60   62 5959.00000 5905.00000  0.91%  26.8  376s
 307456 83290 5905.00000   56   81 5959.00000 5905.00000  0.91%  26.8  380s
 312649 84892 5905.00000   67   46 5959.00000 5905.00000  0.91%  26.8  387s
 315574 85408 5954.00000   78   40 5959.00000 5905.00000  0.91%  26.8  391s
 320647 86719 5927.00000   70   57 5959.00000 5905.00000  0.91%  26.8  398s
 322791 87486 5939.00000   68   59 5959.00000 5905.00000  0.91%  26.8  402s
 325492 87978 5949.01894   65   76 5959.00000 5905.00000  0.91%  26.8  405s
 330840 89285 5905.00917   69   53 5959.00000 5905.00000  0.91%  26.8  412s
 333163 90001 5915.77388   72   67 5959.00000 5905.00917  0.91%  26.9  416s
 338171 91185 5929.00000   72   38 5959.00000 5905.00917  0.91%  26.9  423s
 341089 91698 5909.00000   73   68 5959.00000 5905.01010  0.91%  26.9  427s
 343382 92567 5924.52941   70   52 5959.00000 5905.04506  0.91%  26.9  431s
 346577 92977 5913.41827   72   69 5959.00000 5905.06199  0.91%  26.9  435s
 351991 94607 5911.04175   64   93 5959.00000 5905.10310  0.90%  26.8  442s
 353927 95255     cutoff   44      5959.00000 5905.18428  0.90%  26.8  446s
 358445 96338 5906.00000   69   58 5959.00000 5905.24262  0.90%  26.8  452s
 360872 96694 5914.40909   78   67 5959.00000 5905.30772  0.90%  26.8  455s
 364634 97521 5949.00000   81   37 5959.00000 5905.53781  0.90%  26.8  461s
 366660 98221 5924.50245   44  114 5959.00000 5905.80000  0.89%  26.8  465s
 372092 99333 5940.00000   70   48 5959.00000 5906.00000  0.89%  26.8  473s
H372587 95728                    5957.0000000 5906.00000  0.86%  26.8  473s
 374086 96120     cutoff   56      5957.00000 5906.00000  0.86%  26.8  477s
 376526 96453 5937.29412   70   59 5957.00000 5906.00000  0.86%  26.9  481s
 379023 96917 5928.00000   75   52 5957.00000 5906.00000  0.86%  26.9  485s
 383930 98005 5941.00000   74   54 5957.00000 5906.05221  0.86%  26.9  493s
 386532 98353 5949.00000   84   46 5957.00000 5906.10299  0.85%  26.9  496s
 390456 99170 5915.00000   79   72 5957.00000 5906.24236  0.85%  26.9  502s
 392258 99563 5921.35811   48  108 5957.00000 5906.27364  0.85%  26.9  505s
*395396 96876             123    5956.0000000 5906.55305  0.83%  26.9  508s
 396053 97085 5925.01928   65  122 5956.00000 5906.69697  0.83%  26.9  512s
H396594 93487                    5954.0000000 5906.71795  0.79%  26.9  512s
 397211 93885 5942.20000   53   61 5954.00000 5906.73836  0.79%  26.9  516s
 399492 94289 infeasible   66      5954.00000 5907.00000  0.79%  26.9  520s
 404237 95005 5921.34028   53   89 5954.00000 5907.00917  0.79%  27.0  526s
 406307 95508     cutoff   72      5954.00000 5907.10227  0.79%  27.0  530s
 409961 96342 5909.65800   71   97 5954.00000 5907.43697  0.78%  27.0  536s
 412546 96921     cutoff   81      5954.00000 5907.63866  0.78%  27.0  540s
 417920 98515 5941.00000   79   54 5954.00000 5908.00000  0.77%  27.0  548s
 420458 99157 5944.87500   41  100 5954.00000 5908.00000  0.77%  27.0  552s
 423155 99721 5945.00000   90   22 5954.00000 5908.00000  0.77%  27.0  555s
H426324 94432                    5952.0000000 5908.00000  0.74%  27.0  559s
 427705 95018     cutoff   69      5952.00000 5908.00917  0.74%  27.0  562s
 429988 95867 5909.00000   60   64 5952.00000 5908.07778  0.74%  27.0  565s
 434260 97042 5919.14990   67   58 5952.00000 5908.19449  0.74%  27.0  571s
 438153 97916 5949.00000   65   25 5952.00000 5908.54529  0.73%  27.0  577s
 440250 98311 5924.00210   45  126 5952.00000 5908.72781  0.73%  27.0  580s
 444852 98975 5909.00000   75   57 5952.00000 5909.00000  0.72%  27.0  588s
 446620 99365 5909.73684   76   65 5952.00000 5909.00000  0.72%  27.0  591s
 448675 100211     cutoff   57      5952.00000 5909.00917  0.72%  27.0  595s
 453269 101277     cutoff   67      5952.00000 5909.00917  0.72%  27.0  602s
 456044 101680 infeasible   69      5952.00000 5909.00917  0.72%  27.0  606s
 458164 102149 5919.01636   73   61 5952.00000 5909.00917  0.72%  27.0  610s
 462986 103230 5910.63015   46  131 5952.00000 5909.00917  0.72%  27.0  617s
 465638 103651     cutoff   67      5952.00000 5909.00917  0.72%  27.0  621s
 467982 104133 5916.15784   64   59 5952.00000 5909.00917  0.72%  27.1  625s
 472707 105215 infeasible   80      5952.00000 5909.00917  0.72%  27.1  634s
 475843 105646 5914.75917   72   92 5952.00000 5909.00917  0.72%  27.1  638s
 477944 105989 5946.00917   70   44 5952.00000 5909.00917  0.72%  27.1  641s
 480329 106649 5909.00917   73   61 5952.00000 5909.00917  0.72%  27.1  646s
 483322 107135     cutoff   70      5952.00000 5909.00917  0.72%  27.1  650s
 488038 108082 5909.00917   72   63 5952.00000 5909.00917  0.72%  27.1  658s
 490358 108492 5915.00000   71   59 5952.00000 5909.00917  0.72%  27.2  662s
 492859 108945     cutoff   75      5952.00000 5909.00917  0.72%  27.2  666s
 495278 109368 5924.00000   85   62 5952.00000 5909.00917  0.72%  27.2  670s
 499881 110479     cutoff   80      5952.00000 5909.00917  0.72%  27.2  679s
 502879 111070     cutoff   77      5952.00000 5909.00917  0.72%  27.2  683s
 505491 111764     cutoff   69      5952.00000 5909.00917  0.72%  27.2  687s
 508215 112226 5912.00917   65   58 5952.00000 5909.00917  0.72%  27.3  691s
 510493 112592     cutoff   72      5952.00000 5909.00917  0.72%  27.3  696s
 512843 113245 5928.00000   69   66 5952.00000 5909.00917  0.72%  27.3  700s
 515794 113716 5912.00917   66   71 5952.00000 5909.00917  0.72%  27.3  705s
 520702 115127 5909.00917   62   72 5952.00000 5909.00917  0.72%  27.3  714s
 523657 115823     cutoff   74      5952.00000 5909.00917  0.72%  27.3  718s
 526500 116324 5933.00917   71   58 5952.00000 5909.00917  0.72%  27.3  722s
 528934 116865 5909.00917   68   63 5952.00000 5909.00917  0.72%  27.3  727s
 531401 117181 infeasible   68      5952.00000 5909.00917  0.72%  27.3  731s
H532358 104386                    5947.0000000 5909.00917  0.64%  27.4  731s
 532753 104887 infeasible   86      5947.00000 5909.00917  0.64%  27.4  735s
 535376 105446 5918.31520   68   70 5947.00000 5909.00917  0.64%  27.4  740s
 540108 106407 5943.00651   68   71 5947.00000 5909.00917  0.64%  27.4  749s
 542917 106952 5919.00000   68   59 5947.00000 5909.00917  0.64%  27.4  753s
 545370 107532 5910.36195   77   83 5947.00000 5909.00917  0.64%  27.4  758s
 547920 108184     cutoff   74      5947.00000 5909.00917  0.64%  27.5  763s
 550792 108733 5922.00000   77   48 5947.00000 5909.00917  0.64%  27.5  767s
 553217 109341 5934.00000   74   48 5947.00000 5909.00917  0.64%  27.5  771s
 555763 109919 5915.00917   73   60 5947.00000 5909.00917  0.64%  27.5  776s
 558016 110430     cutoff   74      5947.00000 5909.00917  0.64%  27.5  780s
 562420 111672 5941.00000   70   49 5947.00000 5909.00917  0.64%  27.6  788s
 565260 112298     cutoff   48      5947.00000 5909.00917  0.64%  27.6  792s
 567511 113554     cutoff   65      5947.00000 5909.00917  0.64%  27.6  796s
 570916 114577     cutoff   57      5947.00000 5909.00917  0.64%  27.5  800s
 575933 116097 5925.50000   63   87 5947.00000 5909.00917  0.64%  27.5  807s
 578440 116681 5928.00000   87   52 5947.00000 5909.16453  0.64%  27.5  811s
 582630 117582 5934.00917   76   64 5947.00000 5909.17930  0.64%  27.5  817s
 584367 118062     cutoff   41      5947.00000 5909.47737  0.63%  27.5  820s
 586484 118395 5917.00000   81   45 5947.00000 5909.66765  0.63%  27.5  825s
 591915 119383     cutoff   68      5947.00000 5910.00000  0.62%  27.5  834s
 594285 120100 5914.17241   77   99 5947.00000 5910.00000  0.62%  27.5  839s
 597577 120433 5916.04888   62   78 5947.00000 5910.00000  0.62%  27.5  843s
 599999 120815     cutoff   71      5947.00000 5910.00000  0.62%  27.5  848s
 602613 121236 5939.00000   72   51 5947.00000 5910.00000  0.62%  27.5  853s
 605332 121394 infeasible   70      5947.00000 5910.00000  0.62%  27.5  857s
H605453 114213                    5944.0000000 5910.00000  0.57%  27.5  857s
 606634 114583 5922.43165   70   87 5944.00000 5910.00000  0.57%  27.5  866s
 611064 114868 5910.00000   69   53 5944.00000 5910.00000  0.57%  27.6  873s
 613859 115255 infeasible   77      5944.00000 5910.00000  0.57%  27.6  879s
 617061 115387 5911.00000   67   55 5944.00000 5910.00000  0.57%  27.6  884s
 619691 115682 5915.00000   71   52 5944.00000 5910.00000  0.57%  27.7  890s
 622398 116135 5926.58067   70   89 5944.00000 5910.00000  0.57%  27.7  896s
 625645 116434     cutoff   69      5944.00000 5910.00000  0.57%  27.8  902s
 628149 116648 5910.00000   55   85 5944.00000 5910.00000  0.57%  27.8  906s
 630008 117008 5935.00000   67   49 5944.00000 5910.00000  0.57%  27.8  912s
 633254 117255 5917.00000   66   74 5944.00000 5910.00000  0.57%  27.8  917s
 635616 117593 5928.00000   74   38 5944.00000 5910.00000  0.57%  27.8  921s
 638198 118022 5932.01527   70   68 5944.00000 5910.00000  0.57%  27.9  926s
 640613 118371 5929.18344   80   74 5944.00000 5910.00000  0.57%  27.9  931s
 643191 118810     cutoff   73      5944.00000 5910.00000  0.57%  27.9  937s
 646098 119017     cutoff   68      5944.00000 5910.00000  0.57%  27.9  941s
 648395 119200 5935.00000   75   65 5944.00000 5910.00000  0.57%  28.0  946s
 650795 119413     cutoff   81      5944.00000 5910.00000  0.57%  28.0  951s
 652612 119715 5920.00000   77   45 5944.00000 5910.00000  0.57%  28.0  956s
 655553 119921 5930.00000   68   50 5944.00000 5910.00000  0.57%  28.0  961s
 658045 120190     cutoff   82      5944.00000 5910.00000  0.57%  28.1  967s
 660872 120665 5917.41827   65   90 5944.00000 5910.00917  0.57%  28.1  973s
 664007 120862 infeasible   79      5944.00000 5910.00917  0.57%  28.1  978s
 666530 121167 5914.90391   71   90 5944.00000 5910.00917  0.57%  28.1  983s
 669205 122564 5930.00000   71   48 5944.00000 5910.04888  0.57%  28.2  990s
 673564 123199 infeasible   97      5944.00000 5910.08197  0.57%  28.1  995s
 676616 124567 5940.00000   88   42 5944.00000 5910.08197  0.57%  28.1 1005s
 680613 125676 5910.12080   67   98 5944.00000 5910.08197  0.57%  28.1 1010s
 684009 126410 5920.02459   74   53 5944.00000 5910.14344  0.57%  28.1 1015s
 686920 127038 5927.01736   73   60 5944.00000 5910.14344  0.57%  28.0 1020s
 691352 127698 5939.00000   77   42 5944.00000 5910.50918  0.56%  28.0 1028s
 693804 127991     cutoff   68      5944.00000 5910.73684  0.56%  28.1 1033s
 696029 128155 5911.00000   71   57 5944.00000 5911.00000  0.56%  28.1 1038s
 698092 128627 5933.42151   74   53 5944.00000 5911.00000  0.56%  28.1 1043s
 701153 128868 5920.00000   79   30 5944.00000 5911.00000  0.56%  28.1 1049s
 703727 129203 5932.01227   72   68 5944.00000 5911.00000  0.56%  28.1 1054s
 706556 129404     cutoff   72      5944.00000 5911.00000  0.56%  28.1 1060s
 709083 129830 infeasible   72      5944.00000 5911.00000  0.56%  28.1 1065s
 711764 130542 5919.81305   57   89 5944.00000 5911.00000  0.56%  28.1 1071s
 714789 131236 5914.01376   65   42 5944.00000 5911.00000  0.56%  28.1 1078s
 718804 131495     cutoff   78      5944.00000 5911.00000  0.56%  28.1 1085s
 722073 131482 infeasible   83      5944.00000 5911.00000  0.56%  28.1 1091s
 724819 131546     cutoff   78      5944.00000 5911.00000  0.56%  28.1 1098s
 727485 131599 5914.00000   78   59 5944.00000 5911.00000  0.56%  28.1 1103s
 729793 131815 infeasible   77      5944.00000 5911.00000  0.56%  28.1 1110s
 732730 132210 5924.01376   67   64 5944.00000 5911.00000  0.56%  28.1 1116s
 735788 132502 5911.00000   66   38 5944.00000 5911.00000  0.56%  28.0 1121s
 738248 132968 5911.00000   75   53 5944.00000 5911.00000  0.56%  28.0 1127s
 741008 133206 infeasible   72      5944.00000 5911.00000  0.56%  28.0 1133s
 744092 133341     cutoff   82      5944.00000 5911.00000  0.56%  28.0 1139s
 746940 133557 5911.00000   67   54 5944.00000 5911.00000  0.56%  28.0 1145s
 749896 133615 infeasible   79      5944.00000 5911.00000  0.56%  28.0 1150s
 752245 133720 infeasible   75      5944.00000 5911.00000  0.56%  28.0 1156s
 755276 133842 5934.00000   72   39 5944.00000 5911.00000  0.56%  28.0 1162s
 758336 133954 5937.00000   75   39 5944.00000 5911.00000  0.56%  28.0 1168s
 761190 134001 5911.00000   76   35 5944.00000 5911.00000  0.56%  28.0 1174s
 763503 134120 5911.00000   72   59 5944.00000 5911.00000  0.56%  28.0 1180s
 766487 134256 5911.00000   80   52 5944.00000 5911.00000  0.56%  28.0 1186s
 769341 134420 5943.00000   82   36 5944.00000 5911.00000  0.56%  28.0 1192s
 772384 134524 5938.00000   85   45 5944.00000 5911.00000  0.56%  28.0 1198s
 774871 134623 5911.00000   68   49 5944.00000 5911.00000  0.56%  27.9 1204s
 777869 134750 infeasible   59      5944.00000 5911.00000  0.56%  27.9 1210s
 781007 134823 5911.00000   68   50 5944.00000 5911.00000  0.56%  27.9 1217s
 783850 135054 5927.00000   80   36 5944.00000 5911.00000  0.56%  27.9 1222s
 785951 135215 5922.00000   86   54 5944.00000 5911.00000  0.56%  27.9 1228s
 788959 135275 5911.00000   72   49 5944.00000 5911.00000  0.56%  27.9 1234s
 792016 135442 infeasible   76      5944.00000 5911.00000  0.56%  27.9 1240s
 796418 135680 infeasible   64      5944.00000 5911.00000  0.56%  27.9 1250s
 799408 135802 5911.00000   69   51 5944.00000 5911.00000  0.56%  27.9 1256s
 801806 135950 infeasible   74      5944.00000 5911.00000  0.56%  27.9 1263s
 805116 136127 infeasible   97      5944.00000 5911.00000  0.56%  27.9 1269s
 808464 136178 5911.00000   74   38 5944.00000 5911.00000  0.56%  27.8 1276s
 811428 136315 5911.00000   69   47 5944.00000 5911.00000  0.56%  27.8 1283s
 813919 136484 5931.00000   91   32 5944.00000 5911.00000  0.56%  27.8 1289s
 816990 136626     cutoff   71      5944.00000 5911.00000  0.56%  27.8 1297s
 820378 136770 infeasible   86      5944.00000 5911.00000  0.56%  27.8 1303s
 823550 136823 5911.03519   79   57 5944.00000 5911.00000  0.56%  27.8 1310s
 826022 137023 5936.00000   77   39 5944.00000 5911.00000  0.56%  27.8 1316s
 829232 137108 5943.00000   83   26 5944.00000 5911.00000  0.56%  27.7 1323s
 832192 137257 5911.00000   79   52 5944.00000 5911.00000  0.56%  27.7 1328s
 834351 137282 5914.44444   86   72 5944.00000 5911.00000  0.56%  27.7 1335s
 837289 137266 5911.00000   81   58 5944.00000 5911.00000  0.56%  27.7 1342s
 840392 137291 5917.00000   92   42 5944.00000 5911.00000  0.56%  27.7 1348s
 842741 137289 infeasible   54      5944.00000 5911.00000  0.56%  27.7 1356s
 845865 137337 infeasible   64      5944.00000 5911.00000  0.56%  27.7 1363s
 848679 137561 infeasible   84      5944.00000 5911.00000  0.56%  27.7 1369s
 851263 137827     cutoff   63      5944.00000 5911.00000  0.56%  27.8 1374s
 853161 138200 infeasible   73      5944.00000 5911.00000  0.56%  27.8 1380s
 856493 138528 5923.00000   81   56 5944.00000 5911.00000  0.56%  27.8 1385s
 858995 139110 5918.05071   69   79 5944.00000 5911.00000  0.56%  27.8 1391s
 861815 139217 5935.00000  100   32 5944.00000 5911.00000  0.56%  27.8 1395s
 865383 139240 5911.00917   64   63 5944.00000 5911.00000  0.56%  27.9 1404s
 867801 139306 infeasible   80      5944.00000 5911.00031  0.56%  27.9 1410s
 870062 140091 infeasible   68      5944.00000 5911.00381  0.56%  27.9 1417s
 874011 140729 5932.00000   74   59 5944.00000 5911.05769  0.55%  27.9 1423s
 876556 141608     cutoff   69      5944.00000 5911.06085  0.55%  27.9 1428s
 879663 142094 5937.00000   93   30 5944.00000 5911.08162  0.55%  27.8 1433s
 881818 142949 5930.35135   65   86 5944.00000 5911.08218  0.55%  27.8 1438s
 884792 144035     cutoff   82      5944.00000 5911.12500  0.55%  27.8 1443s
 888000 144668     cutoff   75      5944.00000 5911.13394  0.55%  27.8 1447s
 890152 145537 infeasible  109      5944.00000 5911.14815  0.55%  27.8 1452s
 892812 146137 5932.30133   93   55 5944.00000 5911.14946  0.55%  27.8 1456s
 895249 146485     cutoff   45      5944.00000 5911.16812  0.55%  27.7 1461s
 897111 146976 5920.00916   77   43 5944.00000 5911.39575  0.55%  27.7 1466s
 900111 147045 5923.43754   44  107 5944.00000 5911.54545  0.55%  27.7 1471s
 902013 147565 5912.00000   84   50 5944.00000 5911.82736  0.54%  27.8 1477s
 905034 147594 infeasible   80      5944.00000 5912.00000  0.54%  27.8 1487s
 905457 147805 5936.00000   79   44 5944.00000 5912.00000  0.54%  27.8 1494s
 908373 147978     cutoff   80      5944.00000 5912.00000  0.54%  27.8 1502s
 911164 148362 5918.70000   74   58 5944.00000 5912.00000  0.54%  27.8 1509s
 914089 148725     cutoff   83      5944.00000 5912.00000  0.54%  27.8 1515s
 916667 149081 infeasible   84      5944.00000 5912.00000  0.54%  27.8 1521s
 919240 149325 5935.00000   78   51 5944.00000 5912.00000  0.54%  27.8 1526s
 921666 149391 5922.43432   52  112 5944.00000 5912.00000  0.54%  27.8 1532s
 923906 149651 5941.17986   76   64 5944.00000 5912.00000  0.54%  27.8 1537s
 926226 150106     cutoff   70      5944.00000 5912.00000  0.54%  27.8 1542s
 928401 150703 infeasible   67      5944.00000 5912.00000  0.54%  27.8 1547s
 930899 151233 5912.00000   65   72 5944.00000 5912.00000  0.54%  27.8 1552s
 933163 151768 5943.00000   71   50 5944.00000 5912.00000  0.54%  27.9 1557s
 935537 152121 5925.00000   76   43 5944.00000 5912.00000  0.54%  27.9 1562s
 937473 152559 5920.00000   65   50 5944.00000 5912.00000  0.54%  27.9 1566s
 939436 152844 5921.00000   64   68 5944.00000 5912.00000  0.54%  27.9 1572s
 941740 153362 5943.00000   66   65 5944.00000 5912.00000  0.54%  28.0 1578s
 944665 153816 infeasible   72      5944.00000 5912.00000  0.54%  28.0 1584s
 947285 154472 5920.30061   48   92 5944.00000 5912.00000  0.54%  28.0 1591s
 950593 154912 5937.03192   72   77 5944.00000 5912.00000  0.54%  28.0 1598s
 953622 155626     cutoff   81      5944.00000 5912.00999  0.54%  28.0 1605s
 957319 155946     cutoff   66      5944.00000 5912.02409  0.54%  28.0 1612s
 958461 156588 5912.09091   75   53 5944.00000 5912.03061  0.54%  28.0 1617s
 960759 157611     cutoff   74      5944.00000 5912.06125  0.54%  28.0 1623s
 963804 158474 5928.63065   70   80 5944.00000 5912.08197  0.54%  27.9 1630s
 966944 159423 5938.00000   79   48 5944.00000 5912.08197  0.54%  27.9 1636s
 969761 160369     cutoff   83      5944.00000 5912.10246  0.54%  27.9 1641s
 972744 161168     cutoff   69      5944.00000 5912.11696  0.54%  27.9 1646s
 975369 161978     cutoff   71      5944.00000 5912.11783  0.54%  27.9 1651s
 977633 162766 5919.00000   68   73 5944.00000 5912.16599  0.54%  27.9 1656s
 980286 163303 5934.00917   83   48 5944.00000 5912.16599  0.54%  27.9 1661s
 982782 163721 5936.15160   55   99 5944.00000 5912.26536  0.53%  27.9 1667s
 985021 164014 5940.72208   47  107 5944.00000 5912.41574  0.53%  27.9 1672s
 987402 164182 5926.05195   44   89 5944.00000 5912.55827  0.53%  27.9 1678s
 989929 164590 5932.00000   66   57 5944.00000 5912.74756  0.53%  27.9 1684s
 992768 164737 5922.21053   70   54 5944.00000 5912.81318  0.52%  27.9 1692s
 995371 164816 5937.00000   93   41 5944.00000 5913.00000  0.52%  27.9 1700s
 998433 165063 5917.00000   78   44 5944.00000 5913.00000  0.52%  27.9 1707s
 1001454 165384 5943.00000   68   37 5944.00000 5913.00000  0.52%  27.9 1714s
 1003809 165811 5926.00000   70   49 5944.00000 5913.00000  0.52%  27.9 1720s
 1006717 166689 5922.00000   74   59 5944.00000 5913.00000  0.52%  27.9 1727s
 1010035 167240 infeasible   67      5944.00000 5913.00000  0.52%  27.8 1732s
 1012556 167970 5939.00000   63   50 5944.00000 5913.00000  0.52%  27.8 1737s
 1015326 169005 infeasible   92      5944.00000 5913.00000  0.52%  27.8 1743s
 1018393 169526 5923.00000   75   51 5944.00000 5913.00000  0.52%  27.8 1748s
 1020587 170268 5921.00976   61   56 5944.00000 5913.00000  0.52%  27.8 1753s
 1023512 170786     cutoff   72      5944.00000 5913.00000  0.52%  27.8 1759s
 1026208 171023 5913.00000   68   61 5944.00000 5913.00000  0.52%  27.8 1764s
 1028383 171342     cutoff   85      5944.00000 5913.00000  0.52%  27.8 1770s
 1030796 171460 5924.00000   78   48 5944.00000 5913.00000  0.52%  27.8 1775s
 1032739 171980 5913.08197   62   57 5944.00000 5913.00000  0.52%  27.8 1781s
 1035856 172499 5915.76826   64   68 5944.00000 5913.00788  0.52%  27.8 1787s
 1037931 172920 5913.01362   58   74 5944.00000 5913.00917  0.52%  27.8 1792s
 1040109 173256 infeasible   81      5944.00000 5913.00917  0.52%  27.9 1797s
 1042084 173485 5921.00917   65   53 5944.00000 5913.00917  0.52%  27.9 1803s
 1043969 173653     cutoff   74      5944.00000 5913.00917  0.52%  27.9 1807s
 1045150 174087     cutoff   73      5944.00000 5913.01204  0.52%  27.9 1816s
 1048821 174921 5926.12026   64   88 5944.00000 5913.01443  0.52%  28.0 1825s
 1052731 176226 5913.22426   66  104 5944.00000 5913.07009  0.52%  28.0 1832s
 1056387 177614 5926.00000   68   41 5944.00000 5913.08197  0.52%  27.9 1839s
 1057328 177614 infeasible   73      5944.00000 5913.08197  0.52%  27.9 1840s
 1060744 178865 5922.00000   78   50 5944.00000 5913.08197  0.52%  27.9 1846s
 1064570 179678 5913.09734   66   77 5944.00000 5913.08197  0.52%  27.9 1852s
 1067625 180237 5929.00000   77   41 5944.00000 5913.09734  0.52%  27.9 1858s
 1069983 180532 5915.11538   54   81 5944.00000 5913.11834  0.52%  27.9 1862s
 1071934 180873     cutoff   80      5944.00000 5913.15789  0.52%  27.9 1867s
 1074295 181101 5929.00000   68   41 5944.00000 5913.29348  0.52%  27.9 1872s
 1076361 181663 5935.91827   78   66 5944.00000 5913.40909  0.51%  27.9 1878s
 1079123 182067 infeasible   86      5944.00000 5913.41827  0.51%  27.9 1884s
 1081457 182712 5913.51362   68   64 5944.00000 5913.41827  0.51%  27.9 1890s
 1084458 183136 5934.00000   79   40 5944.00000 5913.41827  0.51%  27.9 1895s
 1086777 183655 5926.00000   66   67 5944.00000 5913.41827  0.51%  27.9 1900s
 1089461 183947     cutoff   78      5944.00000 5913.41827  0.51%  27.9 1905s
 1091567 184425 5917.00000   76   50 5944.00000 5913.41827  0.51%  27.9 1911s
 1094282 184981 5921.53771   66  103 5944.00000 5913.41827  0.51%  27.9 1917s
 1097043 185678 5914.40909   74   60 5944.00000 5913.42271  0.51%  27.8 1923s
 1100138 186327 5928.00917   78   75 5944.00000 5913.42271  0.51%  27.8 1929s
 1103017 186688 5933.00000   74   47 5944.00000 5913.42271  0.51%  27.8 1934s
 1104987 187192 5929.00000   82   36 5944.00000 5913.42271  0.51%  27.8 1940s
 1107636 187425 infeasible   71      5944.00000 5913.46948  0.51%  27.8 1946s
 1109717 187674 5924.28141   58  112 5944.00000 5913.54909  0.51%  27.8 1953s
 1112668 188018 5927.00000   64   47 5944.00000 5913.60952  0.51%  27.8 1959s
 1115204 188466     cutoff   58      5944.00000 5913.65684  0.51%  27.8 1965s
 1118051 188806 5924.29139   67   64 5944.00000 5913.66393  0.51%  27.8 1972s
 1120674 189212 5928.00917   66   56 5944.00000 5913.76471  0.51%  27.8 1979s
 1123450 189637 5936.00000   53   59 5944.00000 5913.77388  0.51%  27.8 1984s
 1125901 190134 5940.00917   62   57 5944.00000 5913.79495  0.51%  27.8 1991s
 1128974 190224 infeasible   83      5944.00000 5913.94456  0.51%  27.8 1999s
 1131093 191047 infeasible   67      5944.00000 5914.00000  0.50%  27.8 2007s
 1135001 192109 5916.00000   80   30 5944.00000 5914.00000  0.50%  27.8 2014s
 1138440 192713 5914.78125   93   42 5944.00000 5914.00000  0.50%  27.8 2020s
 1141119 193306 5933.00000  113   43 5944.00000 5914.00000  0.50%  27.8 2027s
 1144332 193572 5922.00696  100   53 5944.00000 5914.00000  0.50%  27.8 2034s
 1146833 194034     cutoff   65      5944.00000 5914.00000  0.50%  27.7 2041s
 1150138 194359 infeasible  100      5944.00000 5914.00000  0.50%  27.7 2048s
 1152937 194828 5917.00000   84   31 5944.00000 5914.00000  0.50%  27.7 2055s
 1156342 195171 infeasible  103      5944.00000 5914.00000  0.50%  27.7 2062s
 1159257 195450 infeasible  101      5944.00000 5914.00000  0.50%  27.6 2068s
 1161536 195885     cutoff  100      5944.00000 5914.00000  0.50%  27.6 2075s
 1164625 196175 infeasible  104      5944.00000 5914.00000  0.50%  27.6 2080s
 1167003 196526     cutoff   91      5944.00000 5914.00000  0.50%  27.6 2086s
 1169815 196831     cutoff   98      5944.00000 5914.00000  0.50%  27.6 2092s
 1172666 196980     cutoff  101      5944.00000 5914.00000  0.50%  27.5 2100s
 1175472 197375 5929.00000   94   44 5944.00000 5914.00000  0.50%  27.5 2107s
 1178654 197562 5914.00000  101   25 5944.00000 5914.00000  0.50%  27.5 2113s
 1181544 197792 infeasible   88      5944.00000 5914.00000  0.50%  27.5 2119s
 1183889 198336 5914.00000  108   30 5944.00000 5914.00000  0.50%  27.5 2125s
 1186417 198804 5939.00402  100   30 5944.00000 5914.00000  0.50%  27.5 2131s
 1188790 199377 5929.00000   92   42 5944.00000 5914.00000  0.50%  27.4 2137s
 1191817 199830 5928.71429   85   42 5944.00000 5914.00000  0.50%  27.4 2143s
 1194790 200244 5914.00000   82   47 5944.00000 5914.00000  0.50%  27.4 2150s
 1197557 200817 infeasible   90      5944.00000 5914.00000  0.50%  27.4 2156s
 1200671 201311 infeasible   78      5944.00000 5914.00000  0.50%  27.4 2163s
 1203651 201787     cutoff  114      5944.00000 5914.00000  0.50%  27.4 2169s
 1206384 202097 5934.00000   94   47 5944.00000 5914.00000  0.50%  27.3 2175s
 1208720 202569     cutoff   98      5944.00000 5914.00000  0.50%  27.3 2181s
 1211791 203030 5932.00000   98   30 5944.00000 5914.00000  0.50%  27.3 2187s
 1214568 203256     cutoff   81      5944.00000 5914.00000  0.50%  27.3 2194s
 1216933 203755 5914.00000   86   36 5944.00000 5914.00000  0.50%  27.3 2200s
 1220132 204130 5924.00000  102   34 5944.00000 5914.00000  0.50%  27.3 2205s
 1222652 204507     cutoff  104      5944.00000 5914.00000  0.50%  27.2 2211s
 1224952 204920     cutoff  114      5944.00000 5914.00000  0.50%  27.2 2216s
 1227721 205272 infeasible   98      5944.00000 5914.00000  0.50%  27.2 2222s
 1230365 205587     cutoff  101      5944.00000 5914.00000  0.50%  27.2 2228s
 1232541 206023 infeasible  100      5944.00000 5914.00000  0.50%  27.2 2233s
 1235283 206422     cutoff   70      5944.00000 5914.00000  0.50%  27.2 2239s
 1237841 206757 5928.00000  101   32 5944.00000 5914.00000  0.50%  27.2 2246s
 1240218 207275     cutoff   99      5944.00000 5914.00000  0.50%  27.2 2253s
 1243538 207671 5943.00000  113   34 5944.00000 5914.00000  0.50%  27.2 2260s
 1246164 208058 5925.30769  100   50 5944.00000 5914.00000  0.50%  27.2 2266s
 1248924 208571 5914.00000   84   39 5944.00000 5914.00000  0.50%  27.1 2273s
 1251895 209056 5919.15625   87   46 5944.00000 5914.00000  0.50%  27.1 2279s
 1254407 209628     cutoff   86      5944.00000 5914.00000  0.50%  27.1 2285s
 1257302 210113 5927.00000  105   42 5944.00000 5914.00000  0.50%  27.1 2291s
 1260169 210560 5923.00000   98   39 5944.00000 5914.00000  0.50%  27.1 2298s
 1262842 210887     cutoff   96      5944.00000 5914.00000  0.50%  27.1 2304s
 1265354 211293 5915.13659  101   51 5944.00000 5914.00000  0.50%  27.1 2310s
 1268147 211750     cutoff  101      5944.00000 5914.00000  0.50%  27.1 2316s
 1271158 212062 5925.00000  102   41 5944.00000 5914.00000  0.50%  27.1 2322s
 1273424 212070     cutoff  102      5944.00000 5914.00000  0.50%  27.1 2327s
 1273448 212331     cutoff  100      5944.00000 5914.00000  0.50%  27.1 2332s
 1275889 212611 5915.00000  106   51 5944.00000 5914.00000  0.50%  27.1 2338s
 1278027 212949 infeasible   89      5944.00000 5914.00000  0.50%  27.1 2345s
 1280794 213191 5937.00000   92   31 5944.00000 5914.00000  0.50%  27.1 2351s
 1283205 213456 5925.00000  106   45 5944.00000 5914.00000  0.50%  27.0 2358s
 1286019 213683     cutoff   78      5944.00000 5914.00000  0.50%  27.0 2366s
 1288784 213859 5942.50000   97   41 5944.00000 5914.00000  0.50%  27.0 2373s
 1291237 214150 5930.00000   77   41 5944.00000 5914.00000  0.50%  27.0 2380s
 1294091 214313     cutoff   89      5944.00000 5914.00000  0.50%  27.0 2387s
 1296516 214738 infeasible   80      5944.00000 5914.00000  0.50%  27.0 2394s
 1299651 215195     cutoff   85      5944.00000 5914.00000  0.50%  27.0 2400s
 1302726 215651 infeasible   85      5944.00000 5914.00000  0.50%  27.0 2407s
 1305319 216495 5914.00000   76   54 5944.00000 5914.00000  0.50%  27.0 2415s
 1308523 217256 5915.52632   85   39 5944.00000 5914.00000  0.50%  27.0 2421s
 1311549 217730 5914.08168   91   53 5944.00000 5914.00000  0.50%  27.0 2428s
 1314169 218314 5934.00000  103   21 5944.00000 5914.00000  0.50%  27.0 2434s
 1317329 218802 5914.00000   94   39 5944.00000 5914.00000  0.50%  26.9 2440s
 1320073 219363 5914.00000   91   30 5944.00000 5914.00000  0.50%  26.9 2446s
 1323159 219812 5918.00000  105   24 5944.00000 5914.00000  0.50%  26.9 2454s
 1326004 220443 5914.00000   83   69 5944.00000 5914.00000  0.50%  26.9 2461s
 1329430 220953     cutoff   99      5944.00000 5914.00000  0.50%  26.8 2468s
 1332378 221430 5914.00000   94   41 5944.00000 5914.00000  0.50%  26.8 2474s
 1335220 221746 5934.00000  110   15 5944.00000 5914.00000  0.50%  26.8 2480s
 1337387 222128 infeasible  101      5944.00000 5914.00000  0.50%  26.8 2486s
 1339876 222505 5914.00000   99   50 5944.00000 5914.00000  0.50%  26.8 2491s
 1342415 222856 5919.00000   71   41 5944.00000 5914.00000  0.50%  26.8 2497s
 1344534 223377 5914.08130   72   57 5944.00000 5914.00000  0.50%  26.7 2504s
 1347271 223847 infeasible   86      5944.00000 5914.00000  0.50%  26.7 2510s
 1350057 224251 5942.01306   90   39 5944.00000 5914.00000  0.50%  26.7 2516s
 1352344 224735 5922.50000   76   59 5944.00000 5914.00000  0.50%  26.7 2523s
 1355041 225287     cutoff   78      5944.00000 5914.00000  0.50%  26.7 2529s
 1357775 225693 5924.00000   89   31 5944.00000 5914.00000  0.50%  26.7 2536s
 1360166 226390 5921.01205   78   37 5944.00000 5914.00000  0.50%  26.7 2543s
 1363221 226839 5926.00000   74   42 5944.00000 5914.00000  0.50%  26.7 2549s
 1365886 227330 infeasible   86      5944.00000 5914.00000  0.50%  26.7 2556s
 1368380 228078 5914.00000   74   51 5944.00000 5914.00000  0.50%  26.7 2562s
 1371488 228794 5941.00000   88   41 5944.00000 5914.00000  0.50%  26.7 2568s
 1374302 229431     cutoff   97      5944.00000 5914.00000  0.50%  26.7 2575s
 1376954 229887     cutoff   77      5944.00000 5914.00000  0.50%  26.6 2580s
 1379039 230490 5932.00000   83   48 5944.00000 5914.00000  0.50%  26.6 2586s
 1381896 231038 5917.00000   85   51 5944.00000 5914.00000  0.50%  26.6 2592s
 1384552 231684 5928.00000   67   34 5944.00000 5914.00000  0.50%  26.6 2598s
 1386885 232286 5919.00000   75   33 5944.00000 5914.00000  0.50%  26.6 2604s
 1388667 232286 infeasible   97      5944.00000 5914.00000  0.50%  26.6 2605s
 1389734 232824 5930.00000   71   45 5944.00000 5914.00000  0.50%  26.6 2610s
 1392155 233458 5917.00000   92   37 5944.00000 5914.00000  0.50%  26.6 2617s
 1394778 234002 5915.00000   61   48 5944.00000 5914.00000  0.50%  26.6 2623s
 1397315 234615 5934.00000   85   41 5944.00000 5914.00000  0.50%  26.6 2629s
 1399707 235261 infeasible   76      5944.00000 5914.00000  0.50%  26.6 2636s
 1402644 235874 5927.00000   74   47 5944.00000 5914.00000  0.50%  26.6 2642s
 1405238 236420 5938.00000   63   46 5944.00000 5914.00000  0.50%  26.6 2648s
 1407624 237076 5927.00000   75   35 5944.00000 5914.00000  0.50%  26.6 2654s
 1409977 237789 5914.00000   62   57 5944.00000 5914.00000  0.50%  26.6 2662s
 1413042 238554 5914.00000   65   46 5944.00000 5914.00000  0.50%  26.6 2668s
*1413376 234087             135    5943.0000000 5914.00000  0.49%  26.5 2668s
 1416054 234592 infeasible   79      5943.00000 5914.00000  0.49%  26.5 2675s
 1418402 235253 5941.00000   82   44 5943.00000 5914.00000  0.49%  26.5 2681s
 1421118 235954 5941.02367   80   39 5943.00000 5914.00000  0.49%  26.5 2688s
 1423874 236580 5935.00000   86   43 5943.00000 5914.00000  0.49%  26.5 2696s
 1426719 237188 5935.00000   73   34 5943.00000 5914.00000  0.49%  26.5 2702s
 1429047 237862 5937.00000   89   30 5943.00000 5914.00000  0.49%  26.5 2709s
 1431729 238473 5918.43478   72   81 5943.00000 5914.00000  0.49%  26.5 2715s
 1434408 238872 infeasible   90      5943.00000 5914.00000  0.49%  26.5 2722s
 1436585 239588     cutoff   73      5943.00000 5914.00000  0.49%  26.5 2729s
 1439355 240349 infeasible   71      5943.00000 5914.00000  0.49%  26.5 2736s
 1442347 240769 5932.00000   88   39 5943.00000 5914.00000  0.49%  26.5 2743s
 1444597 241436 5930.00000   82   43 5943.00000 5914.00000  0.49%  26.5 2750s
 1447562 242099 infeasible   77      5943.00000 5914.00000  0.49%  26.5 2756s
 1450516 242654 5915.10653   76   74 5943.00000 5914.00000  0.49%  26.5 2763s
 1452796 243258 5938.01464   86   31 5943.00000 5914.00000  0.49%  26.5 2770s
 1455637 243826 5914.00000   69   52 5943.00000 5914.00000  0.49%  26.5 2777s
 1458513 244333     cutoff   90      5943.00000 5914.00000  0.49%  26.5 2784s
 1461040 244875     cutoff   75      5943.00000 5914.00000  0.49%  26.5 2791s
 1463876 245533 5930.00000   79   43 5943.00000 5914.00000  0.49%  26.5 2797s
 1466702 246077     cutoff   91      5943.00000 5914.00000  0.49%  26.5 2804s
 1469514 246623     cutoff   91      5943.00000 5914.00000  0.49%  26.5 2811s
 1472065 247172 5914.00000   79   56 5943.00000 5914.00000  0.49%  26.4 2818s
 1474704 247837 5924.54054   70   81 5943.00000 5914.00000  0.49%  26.4 2824s
 1476630 247837 5914.00000   78   59 5943.00000 5914.00000  0.49%  26.4 2825s
 1477472 248595 infeasible   74      5943.00000 5914.00000  0.49%  26.4 2831s
*1478504 222996             116    5939.0000000 5914.00000  0.42%  26.4 2831s
 1480277 223435 5936.00000   89   32 5939.00000 5914.00000  0.42%  26.4 2837s
*1481336 176682             118    5933.0000000 5914.00000  0.32%  26.4 2837s
 1482504 176953 5927.00000   86   59 5933.00000 5914.00000  0.32%  26.4 2844s
 1485253 177369     cutoff   70      5933.00000 5914.00000  0.32%  26.4 2851s
 1488076 177754 5914.00000   83   44 5933.00000 5914.00000  0.32%  26.4 2857s
 1490424 178326 5914.00000   67   58 5933.00000 5914.00000  0.32%  26.4 2864s
 1493301 178942     cutoff   85      5933.00000 5914.00000  0.32%  26.4 2871s
 1496224 179322 5925.00401   71   57 5933.00000 5914.00000  0.32%  26.4 2876s
 1498080 179898 5914.00000   75   57 5933.00000 5914.00000  0.32%  26.4 2882s
 1501024 180277     cutoff   88      5933.00000 5914.00000  0.32%  26.4 2888s
 1503409 180669 5914.00000   72   47 5933.00000 5914.00000  0.32%  26.4 2895s
 1506085 181211 5914.07407   86   58 5933.00000 5914.00000  0.32%  26.4 2902s
 1509051 181604     cutoff   82      5933.00000 5914.00000  0.32%  26.4 2909s
 1511416 182026     cutoff   85      5933.00000 5914.00000  0.32%  26.4 2916s
 1514058 182553 infeasible   66      5933.00000 5914.00000  0.32%  26.4 2923s
 1516797 182818 5914.00000   76   66 5933.00000 5914.00000  0.32%  26.4 2930s
 1519050 183310     cutoff   88      5933.00000 5914.00000  0.32%  26.4 2937s
 1521862 183719 5917.00000   67   65 5933.00000 5914.00000  0.32%  26.4 2943s
 1524205 184181     cutoff   81      5933.00000 5914.00000  0.32%  26.4 2950s
 1527049 184514 5915.00000   84   43 5933.00000 5914.00000  0.32%  26.4 2956s
 1529579 184888 5921.00000   83   41 5933.00000 5914.00000  0.32%  26.3 2963s
 1532425 185211 5927.00601   84   52 5933.00000 5914.00000  0.32%  26.3 2970s
 1534946 185485     cutoff   86      5933.00000 5914.00000  0.32%  26.3 2977s
 1537604 185907 infeasible   87      5933.00000 5914.00000  0.32%  26.3 2984s
 1539630 185907 5914.00000   84   41 5933.00000 5914.00000  0.32%  26.3 2985s
 1540292 186210 5917.00000   75   40 5933.00000 5914.00000  0.32%  26.3 2991s
 1542692 186594     cutoff   83      5933.00000 5914.00000  0.32%  26.3 2998s
 1545426 186992     cutoff   81      5933.00000 5914.00000  0.32%  26.3 3005s
 1547606 187295 infeasible   72      5933.00000 5914.00000  0.32%  26.3 3012s
 1550389 187653 infeasible   90      5933.00000 5914.00000  0.32%  26.3 3019s
 1553190 187964 infeasible   66      5933.00000 5914.00000  0.32%  26.3 3027s
 1555504 188377 5923.67568   89   57 5933.00000 5914.00000  0.32%  26.3 3034s
 1558214 188596 5914.00000   78   63 5933.00000 5914.00000  0.32%  26.3 3041s
 1560521 188900 infeasible   69      5933.00000 5914.00000  0.32%  26.3 3048s
 1563369 189118 5916.00000   58   58 5933.00000 5914.00000  0.32%  26.3 3055s
 1565805 189593 5914.00000   68   46 5933.00000 5914.00000  0.32%  26.3 3062s
 1568756 189994     cutoff   88      5933.00000 5914.00000  0.32%  26.3 3069s
 1571219 190585 5915.00000   71   46 5933.00000 5914.00000  0.32%  26.3 3076s
 1574188 191143 infeasible   73      5933.00000 5914.00000  0.32%  26.3 3083s
 1576936 191654 5920.00000   80   51 5933.00000 5914.00000  0.32%  26.3 3089s
 1578735 191654     cutoff   87      5933.00000 5914.00000  0.32%  26.3 3090s
 1579512 192157 5915.09589   75   74 5933.00000 5914.00000  0.32%  26.3 3096s
 1582178 192385 5926.00000   82   54 5933.00000 5914.00000  0.32%  26.3 3103s
 1584176 192784 5917.00000   84   51 5933.00000 5914.00000  0.32%  26.3 3111s
 1587474 193206 5914.00000   72   36 5933.00000 5914.00000  0.32%  26.3 3118s
 1590116 193662 5927.00000   88   44 5933.00000 5914.00000  0.32%  26.2 3126s
 1593079 194149 5931.00000   75   45 5933.00000 5914.00000  0.32%  26.2 3134s
 1596290 194510 5914.00000   79   44 5933.00000 5914.00000  0.32%  26.2 3141s
 1598941 194899 5914.00000   72   42 5933.00000 5914.00000  0.32%  26.2 3149s
 1601909 195245 5927.01376   82   46 5933.00000 5914.00000  0.32%  26.2 3156s
 1604344 195751 5914.21429   80   51 5933.00000 5914.00000  0.32%  26.2 3163s
 1607201 196138 5917.00000   88   52 5933.00000 5914.00000  0.32%  26.2 3170s
 1609992 196418     cutoff   93      5933.00000 5914.00000  0.32%  26.2 3177s
 1612353 196827 5914.00000   94   50 5933.00000 5914.00000  0.32%  26.2 3184s
 1615211 197091 5927.61145   98   72 5933.00000 5914.00000  0.32%  26.2 3192s
 1617266 197567 5914.00000   82   38 5933.00000 5914.00000  0.32%  26.2 3198s
 1619990 198025 5917.00000   84   32 5933.00000 5914.00000  0.32%  26.1 3205s
 1622397 198714 5925.00000   81   32 5933.00000 5914.00000  0.32%  26.1 3213s
 1625811 199162 5928.00000   85   44 5933.00000 5914.00000  0.32%  26.1 3220s
 1628329 199567 5922.00000   78   58 5933.00000 5914.00000  0.32%  26.1 3227s
 1631081 199961     cutoff   78      5933.00000 5914.00000  0.32%  26.1 3234s
 1633823 200298 infeasible   86      5933.00000 5914.00000  0.32%  26.1 3240s
 1636179 200698 5930.00000   86   42 5933.00000 5914.00000  0.32%  26.1 3247s
 1638823 201003 5918.07705   78  108 5933.00000 5914.00000  0.32%  26.1 3254s
 1641201 201405     cutoff   69      5933.00000 5914.00000  0.32%  26.1 3261s
 1643584 201847 5915.00000   69   42 5933.00000 5914.00000  0.32%  26.1 3268s
 1646624 202129 5914.62500   91   47 5933.00000 5914.00000  0.32%  26.1 3275s
 1649118 202497 5924.00693   84   61 5933.00000 5914.00000  0.32%  26.1 3282s
 1651873 202859 5914.00000   76   41 5933.00000 5914.00000  0.32%  26.1 3289s
 1654328 203184 infeasible   88      5933.00000 5914.00000  0.32%  26.1 3296s
 1657053 203448     cutoff   89      5933.00000 5914.00000  0.32%  26.1 3304s
 1659719 203773     cutoff   76      5933.00000 5914.00000  0.32%  26.1 3311s
 1662401 204052 5927.00000   86   40 5933.00000 5914.00000  0.32%  26.1 3318s
 1664545 204617 5927.33333   73   64 5933.00000 5914.00000  0.32%  26.1 3326s
 1668082 204928 5920.94595   74   79 5933.00000 5914.00000  0.32%  26.0 3334s
 1670455 205259 5927.00000   85   69 5933.00000 5914.00000  0.32%  26.0 3341s
H1672011 179222                    5930.0000000 5914.00000  0.27%  26.0 3341s
 1673176 179462 5914.00000   68   49 5930.00000 5914.00000  0.27%  26.0 3349s
 1675897 179720 5914.00000   87   59 5930.00000 5914.00000  0.27%  26.0 3356s
 1678093 180152 infeasible   88      5930.00000 5914.00000  0.27%  26.0 3364s
H1678098 140543                    5927.0000000 5914.00000  0.22%  26.0 3364s
 1680932 140653 5914.00000   79   34 5927.00000 5914.00000  0.22%  26.0 3373s
 1683632 140999 5918.07143   74   64 5927.00000 5914.00000  0.22%  26.0 3381s
 1686373 141266 5918.58943   66  107 5927.00000 5914.00000  0.22%  26.0 3388s
 1688729 141665 5915.00000   72   49 5927.00000 5914.00000  0.22%  26.0 3396s
 1691695 142007 5915.25000   79   40 5927.00000 5914.00000  0.22%  26.0 3404s
 1694303 142380 5918.00000   82   33 5927.00000 5914.00000  0.22%  26.0 3412s
 1697185 142608 5921.01306   80   49 5927.00000 5914.00000  0.22%  26.0 3420s
 1699681 142964 5917.00000   87   38 5927.00000 5914.00000  0.22%  26.0 3428s
 1702669 143307     cutoff   75      5927.00000 5914.00000  0.22%  26.0 3435s
 1704993 143696 infeasible   74      5927.00000 5914.00000  0.22%  26.0 3443s
 1707746 144137 5914.00000   97   39 5927.00000 5914.00000  0.22%  26.0 3451s
 1710790 144363 infeasible   97      5927.00000 5914.00000  0.22%  26.0 3458s
 1713469 144578 infeasible   92      5927.00000 5914.00000  0.22%  25.9 3466s
 1716584 144796     cutoff   95      5927.00000 5914.00000  0.22%  25.9 3474s
 1719528 145027 5922.00000   79   52 5927.00000 5914.00000  0.22%  25.9 3481s
 1721913 145260 5914.00000   70   66 5927.00000 5914.00000  0.22%  25.9 3488s
 1724507 145484 5914.00000   92   43 5927.00000 5914.00000  0.22%  25.9 3496s
 1726931 145886 5914.00000   82   37 5927.00000 5914.00000  0.22%  25.9 3503s
 1730054 146141 5917.00000   69   44 5927.00000 5914.00000  0.22%  25.9 3510s
 1732414 146422 5914.01800   88   48 5927.00000 5914.00000  0.22%  25.9 3517s
 1735147 146679 5914.00000   74   48 5927.00000 5914.00000  0.22%  25.8 3524s
 1737896 146925 5914.00000   81   45 5927.00000 5914.00000  0.22%  25.8 3530s
 1740315 147309     cutoff   90      5927.00000 5914.00000  0.22%  25.8 3538s
 1743130 147560 5920.16502   98   80 5927.00000 5914.00000  0.22%  25.8 3545s
 1745832 147689 5914.00000   73   42 5927.00000 5914.00000  0.22%  25.8 3553s
 1748218 147907 5914.00000   76   43 5927.00000 5914.00000  0.22%  25.8 3560s
 1750598 148367 5919.00000   78   52 5927.00000 5914.00000  0.22%  25.8 3568s
 1753381 148501 5921.00000   98   31 5927.00000 5914.00000  0.22%  25.8 3575s
H1753809 140446                    5926.0000000 5914.00000  0.20%  25.8 3575s
 1755702 140631     cutoff   81      5926.00000 5914.00000  0.20%  25.8 3584s
 1758464 140929 5919.00000   75   65 5926.00000 5914.00000  0.20%  25.8 3592s
 1761199 141155 5922.00000   79   16 5926.00000 5914.00000  0.20%  25.8 3600s

Cutting planes:
  Learned: 410
  Gomory: 104
  Lift-and-project: 1
  Cover: 9
  Implied bound: 37
  Projected implied bound: 18
  MIR: 1600
  StrongCG: 108
  Flow cover: 3134
  Inf proof: 317
  Zero half: 30
  Mod-K: 5
  RLT: 68
  Relax-and-lift: 54

Explored 1763888 nodes (45470677 simplex iterations) in 3600.76 seconds (591.53 work units)
Thread count was 16 (of 16 available processors)

Solution count 10: 5926 5927 5930 ... 5954

Time limit reached
Best objective 5.926000000000e+03, best bound 5.914000000000e+03, gap 0.2025%
Warning: constraint name "precedence between 0,0 to 1,0 if x_[0,0,1,0,8]=0, i.e. 1,0 before 0,0" has a space
Warning: constraint name "precedence between 0,0 to 1,0 if x_[0,0,1,0,8]=0, i.e. 1,0 before 0,0" has a space
Warning: default constraint names used to write mps file
