
Gurobi 10.0.1 (win64) logging started Sun Aug 27 03:42:02 2023

Set parameter LogFile to value "results//log/URT_18_makespan.log"
Gurobi Optimizer version 10.0.1 build v10.0.1rc0 (win64)

CPU model: AMD Ryzen 7 3700X 8-Core Processor, instruction set [SSE2|AVX|AVX2]
Thread count: 8 physical cores, 16 logical processors, using up to 16 threads

Optimize a model with 1952 rows, 1513 columns and 8739 nonzeros
Model fingerprint: 0x99e0ea55
Variable types: 108 continuous, 1405 integer (1404 binary)
Coefficient statistics:
  Matrix range     [1e+00, 1e+06]
  Objective range  [1e+00, 1e+00]
  Bounds range     [1e+00, 1e+00]
  RHS range        [1e+00, 3e+06]
Presolve removed 135 rows and 732 columns
Presolve time: 0.01s
Presolved: 1817 rows, 781 columns, 8549 nonzeros
Variable types: 108 continuous, 673 integer (672 binary)

Root relaxation: objective 8.800000e+01, 232 iterations, 0.01 seconds (0.00 work units)

    Nodes    |    Current Node    |     Objective Bounds      |     Work
 Expl Unexpl |  Obj  Depth IntInf | Incumbent    BestBd   Gap | It/Node Time

     0     0   88.00000    0   34          -   88.00000      -     -    0s
H    0     0                     498.0000000   88.00000  82.3%     -    0s
H    0     0                     425.0000000   88.00000  79.3%     -    0s
H    0     0                     405.0000000   88.00000  78.3%     -    0s
     0     0   88.00000    0   51  405.00000   88.00000  78.3%     -    0s
     0     0   89.12011    0   63  405.00000   89.12011  78.0%     -    0s
     0     0   90.00000    0   73  405.00000   90.00000  77.8%     -    0s
H    0     0                     353.0000000   90.00000  74.5%     -    0s
     0     0   90.00000    0   74  353.00000   90.00000  74.5%     -    0s
     0     0   90.00000    0   71  353.00000   90.00000  74.5%     -    0s
     0     0   90.34516    0   79  353.00000   90.34516  74.4%     -    0s
     0     0   90.46502    0   86  353.00000   90.46502  74.4%     -    0s
     0     0   90.55491    0   93  353.00000   90.55491  74.3%     -    0s
     0     0   90.55491    0   83  353.00000   90.55491  74.3%     -    0s
     0     0   91.80195    0   54  353.00000   91.80195  74.0%     -    0s
H    0     0                     352.0000000   91.80195  73.9%     -    0s
     0     0   91.90503    0   73  352.00000   91.90503  73.9%     -    0s
     0     0   91.97483    0   82  352.00000   91.97483  73.9%     -    0s
     0     0   91.98198    0   83  352.00000   91.98198  73.9%     -    0s
     0     0   91.98198    0   80  352.00000   91.98198  73.9%     -    0s
     0     0   91.98198    0   81  352.00000   91.98198  73.9%     -    0s
     0     0   91.98198    0   84  352.00000   91.98198  73.9%     -    0s
     0     0   92.03424    0   81  352.00000   92.03424  73.9%     -    0s
H    0     0                     346.0000000   92.03424  73.4%     -    0s
     0     0   92.05456    0   80  346.00000   92.05456  73.4%     -    0s
     0     0   92.05895    0   87  346.00000   92.05895  73.4%     -    0s
     0     0   92.05895    0   86  346.00000   92.05895  73.4%     -    0s
     0     0   92.31708    0   92  346.00000   92.31708  73.3%     -    0s
     0     0   92.47455    0   86  346.00000   92.47455  73.3%     -    0s
     0     0   92.51335    0  100  346.00000   92.51335  73.3%     -    0s
     0     0   92.51765    0   98  346.00000   92.51765  73.3%     -    1s
     0     0   92.51765    0   98  346.00000   92.51765  73.3%     -    1s
H    0     0                     344.0000000   92.51765  73.1%     -    1s
     0     0   92.64018    0   96  344.00000   92.64018  73.1%     -    1s
     0     0   92.76705    0   90  344.00000   92.76705  73.0%     -    1s
     0     0   92.76705    0   87  344.00000   92.76705  73.0%     -    1s
     0     0   92.86019    0   93  344.00000   92.86019  73.0%     -    1s
     0     0   92.87454    0   98  344.00000   92.87454  73.0%     -    1s
     0     0   92.87638    0   91  344.00000   92.87638  73.0%     -    1s
     0     0   92.87714    0   95  344.00000   92.87714  73.0%     -    1s
     0     0   92.89105    0   93  344.00000   92.89105  73.0%     -    1s
     0     0   92.89512    0   90  344.00000   92.89512  73.0%     -    1s
     0     0   92.89512    0   95  344.00000   92.89512  73.0%     -    1s
     0     0   92.97945    0   94  344.00000   92.97945  73.0%     -    1s
     0     0   92.98240    0   85  344.00000   92.98240  73.0%     -    1s
     0     0   92.98240    0   84  344.00000   92.98240  73.0%     -    1s
     0     0   93.06090    0   84  344.00000   93.06090  72.9%     -    1s
     0     0   93.06090    0   85  344.00000   93.06090  72.9%     -    1s
     0     0   93.06090    0   91  344.00000   93.06090  72.9%     -    1s
     0     0   93.06090    0   77  344.00000   93.06090  72.9%     -    1s
     0     0   93.06090    0   67  344.00000   93.06090  72.9%     -    1s
     0     0   93.06091    0   84  344.00000   93.06091  72.9%     -    1s
     0     0   93.06096    0   64  344.00000   93.06096  72.9%     -    1s
     0     0   94.00000    0   40  344.00000   94.00000  72.7%     -    1s
     0     0   94.00000    0   38  344.00000   94.00000  72.7%     -    1s
     0     2   94.00000    0   38  344.00000   94.00000  72.7%     -    1s
H   31    32                     343.0000000   94.00000  72.6%   292    2s
H   32    32                     328.0000000   94.00000  71.3%   290    2s
H   74    55                     326.0000000   94.00000  71.2%   193    2s
H  319   226                     305.0000000   94.00000  69.2%  87.7    3s
H  452   360                     303.9999999   94.00000  69.1%  73.1    3s
H  453   360                     294.0000000   94.00000  68.0%  73.4    3s
H  485   360                     293.0000000   94.00000  67.9%  70.5    3s
H  761   492                     289.0000000   94.00000  67.5%  54.1    4s
H  853   543                     280.0000000   94.00000  66.4%  51.2    4s
   912   618  114.72709   28   80  280.00000   94.00000  66.4%  50.1    5s
H 1487   824                     279.0000000   94.00000  66.3%  41.7    7s
H 1489   784                     274.0000000   94.00000  65.7%  41.6    7s
  1511   800  126.00000   30   81  274.00000   94.00000  65.7%  50.9   10s
H 1535   776                     270.0000000   96.00000  64.4%  59.4   12s
H 1553   748                     260.0000000   96.00000  63.1%  58.7   14s
H 1554   712                     259.0000000   96.00000  62.9%  67.2   14s
  1585   740   96.00000   37  142  259.00000   96.00000  62.9%  78.8   15s
  1794   799   98.32702   43  133  259.00000   96.00000  62.9%   104   21s
  4371  1631  107.00000   66  119  259.00000   96.00000  62.9%  98.4   27s
  6137  2524  114.00000   74   94  259.00000   96.00000  62.9%   108   35s
  8578  4014  122.00000   84   86  259.00000   96.00000  62.9%   109   40s
  9260  4377  167.00000  100   56  259.00000   96.00000  62.9%   110   45s
 11840  5983  203.00000   75   37  259.00000   98.00000  62.2%   113   50s
 14494  7482  114.84410   48   75  259.00000   98.00000  62.2%   111   55s
 15432  7502  108.11255   49   82  259.00000   98.00000  62.2%   111   60s
H15440  7500                     258.0000000   98.00000  62.0%   111   60s
H16988  8608                     257.0000000   98.00000  61.9%   109   64s
 17473  9137   98.65781   45   87  257.00000   98.00000  61.9%   109   65s
 19590 10266     cutoff   93       257.00000   98.00000  61.9%   108   70s
 22003 11550   99.00000   51   87  257.00000   98.00000  61.9%   107   76s
 24207 12724   99.00000   50   95  257.00000   98.00000  61.9%   106   81s
 26815 14397  103.00000   47  105  257.00000   98.00000  61.9%   106   87s
 28365 15383  109.53565   47   89  257.00000   98.00000  61.9%   105   90s
 31757 17118  100.97862   54   87  257.00000   99.00000  61.5%   104   96s
 33305 18010  166.51754   86   54  257.00000   99.00000  61.5%   103  100s
 36412 19782  121.12478   55   71  257.00000   99.00000  61.5%   102  107s
 38190 20671  128.00000   52   76  257.00000   99.00000  61.5%   102  110s
 41272 22760  133.15326   78   56  257.00000   99.00000  61.5%   102  127s
 43666 22770  110.06782   45   90  257.00000   99.00000  61.5%   101  141s
 43682 23848  110.95535   46   86  257.00000   99.00000  61.5%   101  147s
H45165 23741                     253.0000000   99.00000  60.9%   101  147s
 45745 23753  100.00000   42   96  253.00000   99.00000  60.9%   102  155s
 45761 24699  100.00000   42   78  253.00000   99.00000  60.9%   102  160s
 47500 25622  127.00000   57   83  253.00000   99.00000  60.9%   102  165s
 49175 26778  108.33351   49   85  253.00000   99.00000  60.9%   102  171s
 51257 27816  105.03378   51   87  253.00000   99.00000  60.9%   102  177s
 53221 28952  100.23664   49   80  253.00000   99.00000  60.9%   103  184s
 55365 30075  100.00000   49   91  253.00000   99.00000  60.9%   103  190s
 57445 32097  143.00000   66   64  253.00000   99.00000  60.9%   103  200s
 61074 33127  175.18750   68   55  253.00000   99.15681  60.8%   102  207s
 63040 34413  164.00000   73   52  253.00000  100.00000  60.5%   102  215s
 65523 35646  101.00000   47   72  253.00000  100.00000  60.5%   101  223s
 68033 36733  112.46214   45   86  253.00000  100.00000  60.5%   101  230s
 70206 38121  107.00000   57   67  253.00000  100.00000  60.5%   101  238s
 72931 39518  231.00000   88   39  253.00000  100.00000  60.5%   101  246s
 75579 40932  102.00000   53   87  253.00000  100.00000  60.5%   101  253s
 78206 42060  102.73858   51   92  253.00000  100.00000  60.5%   100  260s
 80292 43748  100.94150   46   75  253.00000  100.00000  60.5%   100  267s
 83290 44831  119.47958   49   78  253.00000  100.00000  60.5%   100  273s
 85232 45783  166.00000   73   49  253.00000  100.00000  60.5%   100  279s
 87013 47032  112.00000   53   68  253.00000  100.00000  60.5%   100  286s
 89283 48448  105.64399   50   81  253.00000  100.00000  60.5%   100  293s
 91864 49717  103.67828   47  100  253.00000  100.00000  60.5%   100  301s
 94238 50954  111.38344   48   89  253.00000  100.00000  60.5%   100  308s
 96547 51314  100.24671   46   89  253.00000  100.00000  60.5%   100  318s
 97213 52367     cutoff   92       253.00000  100.00000  60.5%   100  324s
 99200 53922  108.60074   53   72  253.00000  100.00000  60.5%   100  332s
 102043 55212  100.18940   51   90  253.00000  100.00000  60.5%   100  339s
 104423 56375  102.00000   54   77  253.00000  100.00000  60.5%   100  346s
 106875 57162  101.60681   47   87  253.00000  100.00000  60.5%  99.4  352s
 108350 57175  110.98953   47   78  253.00000  100.00000  60.5%  99.4  390s
 108366 59196  113.21692   48   65  253.00000  100.00000  60.5%  99.4  400s
 111892 61294  158.00000   60   66  253.00000  100.00000  60.5%  98.7  409s
 113350 61294  104.00000   51   78  253.00000  100.00000  60.5%  98.5  410s
 115505 62462  114.79457   54   67  253.00000  100.00000  60.5%  97.8  416s
 117691 64419  119.00000   52   66  253.00000  100.00000  60.5%  97.2  424s
 121117 65678  101.00000   52   70  253.00000  100.48011  60.3%  95.9  431s
 123369 67035  103.00000   49   85  253.00000  100.71376  60.2%  95.3  437s
 125754 67791  102.00000   50   84  253.00000  100.89884  60.1%  94.7  440s
 128916 70779  197.00000   82   32  253.00000  101.00000  60.1%  94.0  452s
 132433 72101  110.00000   52   77  253.00000  101.00000  60.1%  93.3  459s
 134779 73426  101.00000   49   82  253.00000  101.00000  60.1%  93.0  465s
 137248 74639  105.16157   60   97  253.00000  101.00000  60.1%  93.0  472s
 139445 75738  101.71789   54   80  253.00000  101.00000  60.1%  92.9  477s
 141477 76829  119.66017   49   80  253.00000  101.00000  60.1%  93.0  484s
 143413 78050  101.00000   49   87  253.00000  101.00000  60.1%  93.0  490s
 145669 79025  107.21174   52   88  253.00000  101.00000  60.1%  93.1  496s
 147448 80348  102.00000   51   76  253.00000  101.00000  60.1%  93.2  503s
 149784 81011  101.00000   47   90  253.00000  101.00000  60.1%  93.2  514s
 150935 83483  152.00000   57   50  253.00000  101.00000  60.1%  93.1  527s
 155622 84630  186.42269   74   48  253.00000  101.00000  60.1%  93.2  533s
 157697 85985  118.00000   54   68  253.00000  101.00000  60.1%  93.1  542s
 160050 87545  104.00000   53   91  253.00000  101.00000  60.1%  93.1  549s
 162846 88767  135.90191   71   61  253.00000  101.00000  60.1%  93.0  556s
 165068 90085  172.73461   63   73  253.00000  101.00000  60.1%  93.1  562s
 167538 91139  232.28384   73   39  253.00000  101.00000  60.1%  93.0  567s
 169429 92327  101.00000   50   77  253.00000  101.00000  60.1%  93.1  573s
 171584 93350  235.00000  100   22  253.00000  101.00000  60.1%  93.1  579s
 173557 94595  104.00000   51   77  253.00000  101.00000  60.1%  93.2  585s
 175752 94660  113.43161   58   81  253.00000  101.00000  60.1%  93.3  598s
 175871 95865  113.67917   59   81  253.00000  101.00000  60.1%  93.3  604s
 178315 97076 infeasible   97       253.00000  101.00000  60.1%  93.1  611s
 180536 98466  113.00162   55   83  253.00000  101.00000  60.1%  93.2  618s
 183136 99200  102.39726   47   85  253.00000  101.00000  60.1%  93.0  623s
 184624 100203  128.58990   58   61  253.00000  101.00000  60.1%  93.1  628s
 186466 101361  105.00000   56   63  253.00000  101.00000  60.1%  93.0  634s
 188590 102453  101.42673   51   88  253.00000  101.00000  60.1%  92.9  639s
 190559 103736  133.95925   59   59  253.00000  101.00000  60.1%  92.9  646s
 192934 103749  103.00000   58   87  253.00000  101.00000  60.1%  92.7  653s
 192950 112574  105.72582   59   85  253.00000  101.00000  60.1%  92.7  711s
 208966 112585  203.14208  113   36  253.00000  101.30915  60.0%  90.6  723s
 208982 113609  204.00000  114   35  253.00000  101.30920  60.0%  90.6  727s
 210810 114573  225.00000   97   33  253.00000  101.67130  59.8%  90.4  732s
 212632 115715  149.00000   64   58  253.00000  101.77821  59.8%  90.2  736s
 214506 117603  230.01772  108   26  253.00000  101.87404  59.7%  90.0  747s
 218080 118338  124.37229   52   75  253.00000  102.00000  59.7%  89.7  752s
 219477 119408  118.05409   50   73  253.00000  102.00000  59.7%  89.7  759s
 221467 120462  110.32660   61   69  253.00000  102.00000  59.7%  89.7  765s
 223537 121615  102.52640   50   94  253.00000  102.00000  59.7%  89.7  771s
 225649 122571  111.00000   48   83  253.00000  102.00000  59.7%  89.7  778s
 227468 123646  136.80872   60   67  253.00000  102.00000  59.7%  89.7  785s
 229501 124893  114.36640   56   81  253.00000  102.00000  59.7%  89.8  792s
 232087 126161  223.53571   77   40  253.00000  102.00000  59.7%  89.7  800s
 234522 127333  112.00000   60   81  253.00000  102.00000  59.7%  89.7  806s
 236679 128875  111.15133   61   84  253.00000  102.00000  59.7%  89.7  816s
 239594 130507  114.16694   51   71  253.00000  102.00000  59.7%  89.7  825s
 242737 131521  107.26140   51   82  253.00000  102.00000  59.7%  89.6  832s
 244685 132762  102.41978   49   79  253.00000  102.00000  59.7%  89.6  839s
 247007 134044  204.06254   85   49  253.00000  102.00000  59.7%  89.7  846s
 249365 134055  108.00000   47   73  253.00000  102.00000  59.7%  89.7  875s
 249381 135233  110.00000   48   80  253.00000  102.00000  59.7%  89.7  885s
 251620 135605  218.00000   70   39  253.00000  102.00000  59.7%  89.6  897s
 252374 136699  116.00000   48   72  253.00000  102.00000  59.7%  89.6  905s
 254590 138820  117.49941   54   78  253.00000  102.00000  59.7%  89.6  916s
 258327 140452  121.82405   59   77  253.00000  102.00000  59.7%  89.5  925s
 261228 141495  112.00000   54   84  253.00000  102.00000  59.7%  89.3  932s
 263157 142473  103.00000   53   83  253.00000  102.00000  59.7%  89.4  939s
 264910 143733  104.19140   57   96  253.00000  102.00000  59.7%  89.5  947s
 267381 144905  104.89412   50   87  253.00000  102.00000  59.7%  89.6  955s
 269634 146451  102.00000   50   82  253.00000  102.00000  59.7%  89.7  964s
 272434 147670  103.79267   55   82  253.00000  102.00000  59.7%  89.7  972s
 274645 149234  216.00000   61   39  253.00000  102.00000  59.7%  89.7  980s
 277437 150499  123.93780   59   67  253.00000  102.00000  59.7%  89.6  988s
 279746 151637  102.25888   51   87  253.00000  102.00000  59.7%  89.6  995s
 281987 152664  106.79054   45   94  253.00000  102.00000  59.7%  89.7 1002s
 284025 153612  107.00000   60   74  253.00000  102.00000  59.7%  89.7 1009s
 285924 154972  137.00000   62   46  253.00000  102.00000  59.7%  89.8 1017s
 288448 156460 infeasible   78       253.00000  102.00000  59.7%  89.8 1026s
 291074 157537  102.00000   50   84  253.00000  102.00000  59.7%  89.7 1034s
 293063 158493  117.00000   53   81  253.00000  102.00000  59.7%  89.7 1040s
 294842 160313  114.00000   48   78  253.00000  102.00000  59.7%  89.7 1048s
 297953 160376  103.00000   48   66  253.00000  102.00000  59.7%  89.5 1055s
 298059 161091  111.98710   51   64  253.00000  102.00000  59.7%  89.5 1061s
 299466 162377  111.00000   65   73  253.00000  102.00000  59.7%  89.6 1068s
 301812 163853  110.01166   51   90  253.00000  102.00000  59.7%  89.7 1074s
 301922 163853  109.80061   58   89  253.00000  102.00000  59.7%  89.7 1075s
 304335 164942  172.04522   78   45  253.00000  102.00000  59.7%  89.6 1080s
 306347 165811  103.00000   46   74  253.00000  102.00000  59.7%  89.6 1085s
 308477 166641  113.00000   59   67  253.00000  102.00000  59.7%  89.6 1090s
 309469 168204  117.99505   53   80  253.00000  102.00000  59.7%  89.6 1098s
 312290 170080  181.00000   75   40  253.00000  102.03898  59.7%  89.6 1107s
 315687 171383  104.00000   57   89  253.00000  102.07906  59.7%  89.4 1114s
 316976 171383  119.00000   73   72  253.00000  102.11101  59.6%  89.3 1115s
 318490 172590  157.00000   72   61  253.00000  102.14940  59.6%  89.2 1121s
 320721 173823  108.00000   64   70  253.00000  102.20803  59.6%  89.2 1128s
 323016 175333  115.51965   56   84  253.00000  102.26239  59.6%  89.1 1137s
 325820 176734  122.03282   60   58  253.00000  102.31239  59.6%  89.0 1144s
 328457 177962  247.00000   98   23  253.00000  102.41812  59.5%  88.8 1149s
 330671 177972  241.14396  106   26  253.00000  102.47822  59.5%  88.7 1164s
 330687 179003  220.00000  106   31  253.00000  102.48346  59.5%  88.7 1169s
 332671 179995  220.08110   93   36  253.00000  102.52729  59.5%  88.6 1174s
 334577 180851  167.00000   78   41  253.00000  102.62161  59.4%  88.5 1178s
 336153 181818  105.22763   54   86  253.00000  102.65573  59.4%  88.4 1183s
 338074 182750  115.34160   57   80  253.00000  102.73190  59.4%  88.3 1188s
 339758 184097  120.00000   63   67  253.00000  102.79714  59.4%  88.3 1193s
 342165 185223  217.00000   85   40  253.00000  102.81590  59.4%  88.0 1197s
 344175 187299  112.97749   54   70  253.00000  102.86302  59.3%  87.9 1208s
 347976 188337  130.00000   68   57  253.00000  102.93675  59.3%  87.8 1214s
 350105 189145  130.89539   60   66  253.00000  102.98152  59.3%  87.7 1218s
 351633 190049  118.00000   60   84  253.00000  103.00000  59.3%  87.7 1222s
 353244 190766  127.79183   70   74  253.00000  103.00000  59.3%  87.6 1227s
 354627 191460  115.06319   47   84  253.00000  103.00000  59.3%  87.7 1231s
 356028 192278  108.69111   59   83  253.00000  103.00000  59.3%  87.7 1237s
 357709 193303  131.13738   59   65  253.00000  103.00000  59.3%  87.7 1242s
 359691 194332  106.00000   55   85  253.00000  103.00000  59.3%  87.7 1248s
 361760 195303  114.05546   65   81  253.00000  103.00000  59.3%  87.7 1254s
 363608 196529  105.00000   59   80  253.00000  103.00000  59.3%  87.7 1261s
 366009 198022  243.30567   95   34  253.00000  103.00000  59.3%  87.7 1270s
 368928 199396  118.25282   60   73  253.00000  103.00000  59.3%  87.7 1278s
 371578 199972  110.86179   57   85  253.00000  103.00000  59.3%  87.7 1289s
 372333 199972  114.19984   58   84  253.00000  103.00000  59.3%  87.6 1290s
 372554 201490  225.00000  120   24  253.00000  103.00000  59.3%  87.6 1299s
 375575 202736  202.00000   73   46  253.00000  103.00000  59.3%  87.6 1307s
 378118 204201  240.12440   89   38  253.00000  103.00000  59.3%  87.6 1316s
 381038 205635  109.57061   55   77  253.00000  103.00000  59.3%  87.6 1324s
 383715 206890  126.00000   71   63  253.00000  103.00000  59.3%  87.6 1332s
 386023 208427  108.00000   56   87  253.00000  103.00000  59.3%  87.6 1342s
 388919 209919  111.00000   52   69  253.00000  103.00000  59.3%  87.6 1352s
 391907 209932  110.37366   50   88  253.00000  103.00000  59.3%  87.6 1378s
 391923 211293  147.99722   51   75  253.00000  103.00000  59.3%  87.6 1387s
 394491 213103  103.10325   51   91  253.00000  103.00000  59.3%  87.6 1398s
 397747 214029  109.00000   61   72  253.00000  103.00000  59.3%  87.5 1407s
 399625 215233  106.00000   60   69  253.00000  103.00000  59.3%  87.5 1414s
 401890 216771  109.65579   57   82  253.00000  103.00000  59.3%  87.5 1424s
 404767 217780  113.00000   60   88  253.00000  103.00000  59.3%  87.6 1433s
 406615 219702  106.02519   60   79  253.00000  103.00000  59.3%  87.7 1444s
 410128 220870  106.00000   57   85  253.00000  103.00000  59.3%  87.6 1452s
 412301 222715  231.00000   76   39  253.00000  103.00000  59.3%  87.6 1464s
 415813 223839  108.00000   55   93  253.00000  103.00000  59.3%  87.6 1473s
 417932 224380  125.00000   65   76  253.00000  103.00000  59.3%  87.7 1487s
 419002 226345  103.00000   55   77  253.00000  103.00000  59.3%  87.7 1499s
 422466 227710  104.00000   57  101  253.00000  103.00000  59.3%  87.7 1509s
 425083 228701 infeasible   98       253.00000  103.00000  59.3%  87.7 1518s
 426967 230592  106.07061   50   83  253.00000  103.00000  59.3%  87.8 1530s
 430502 231989  188.00000   86   41  253.00000  103.00000  59.3%  87.7 1539s
 432792 231989 infeasible  101       253.00000  103.00000  59.3%  87.7 1540s
 433134 233226  110.85052   60   93  253.00000  103.00000  59.3%  87.7 1549s
 435688 233779  110.05944   57   86  253.00000  103.00000  59.3%  87.8 1554s
 436744 235175  106.22418   60  105  253.00000  103.00000  59.3%  87.8 1564s
 439613 236780  119.78282   60   72  253.00000  103.00000  59.3%  87.7 1573s
 442546 238249  234.00000   90   26  253.00000  103.00000  59.3%  87.7 1583s
 445377 239305  116.00000   60   69  253.00000  103.00000  59.3%  87.7 1590s
 447475 240305  104.00000   58   81  253.00000  103.00000  59.3%  87.7 1597s
 449473 241469  108.00077   52   79  253.00000  103.00000  59.3%  87.8 1604s
 451627 242173  107.27649   57   93  253.00000  103.00000  59.3%  87.7 1611s
 453025 243169  119.88828   55   64  253.00000  103.00000  59.3%  87.8 1617s
 454903 243181  134.00000   61   67  253.00000  103.00000  59.3%  87.8 1663s
 454919 251854  135.00000   62   65  253.00000  103.00000  59.3%  87.8 1736s
 470935 252984  197.00000   85   44  253.00000  103.00000  59.3%  87.7 1749s
 472301 252984  217.00000   76   42  253.00000  103.02187  59.3%  87.6 1750s
 473200 252994  113.00000   61   66  253.00000  103.03861  59.3%  87.6 1760s
 473217 254979  113.00000   62   71  253.00000  103.04318  59.3%  87.6 1771s
 476697 257730  105.26442   62   82  253.00000  103.11598  59.2%  87.4 1787s
 481652 258513  207.00000  109   39  253.00000  103.16291  59.2%  87.2 1792s
 483145 259336  111.99820   50   87  253.00000  103.18859  59.2%  87.2 1797s
 484634 260411  104.00000   54   88  253.00000  103.21444  59.2%  87.2 1802s
 486450 261197  203.00000   81   39  253.00000  103.22836  59.2%  87.1 1807s
 487923 262252  175.00000   80   50  253.00000  103.25990  59.2%  87.0 1812s
 489823 263266  127.00000   65   70  253.00000  103.28487  59.2%  86.9 1817s
 491561 264271  151.63062   67   51  253.00000  103.30173  59.2%  86.9 1822s
 493390 265060  155.00000   69   61  253.00000  103.32847  59.2%  86.8 1826s
 494876 265972  127.93167   60   63  253.00000  103.36458  59.1%  86.8 1831s
 496531 266927  114.00000   56   80  253.00000  103.41904  59.1%  86.7 1836s
 498313 269026  173.53009   79   40  253.00000  103.46888  59.1%  86.7 1849s
 502078 270138  141.00000   62   50  253.00000  103.52977  59.1%  86.5 1856s
 504140 271328  107.20228   47   81  253.00000  103.56966  59.1%  86.5 1862s
 506188 272326  111.00000   58   79  253.00000  103.62868  59.0%  86.4 1867s
 508048 273464  238.00000  103   35  253.00000  103.65867  59.0%  86.4 1873s
 510144 274340  240.00000  104   40  253.00000  103.70451  59.0%  86.3 1879s
 512074 275189  122.92072   50   78  253.00000  103.75289  59.0%  86.2 1884s
 513645 276177  121.95261   64   57  253.00000  103.78299  59.0%  86.2 1889s
 514678 276177  129.85207   62   65  253.00000  103.80196  59.0%  86.2 1890s
 517248 278068  112.00000   64   65  253.00000  103.86541  58.9%  86.1 1899s
 518854 280657  196.29226   82   33  253.00000  103.88206  58.9%  86.1 1914s
 523728 281408  110.06216   60   71  253.00000  103.95230  58.9%  85.9 1919s
 525154 282141  110.00000   65   79  253.00000  103.98728  58.9%  85.9 1923s
 526450 282985  117.00000   58   71  253.00000  104.00000  58.9%  85.9 1927s
 528021 283925  131.09646   72   53  253.00000  104.00000  58.9%  85.8 1933s
 529855 285041  109.26998   65   82  253.00000  104.00000  58.9%  85.8 1939s
 532009 285667  109.00000   58   76  253.00000  104.00000  58.9%  85.7 1943s
 533172 286935  105.72500   51   87  253.00000  104.00000  58.9%  85.7 1949s
 533784 286935  104.00000   49   83  253.00000  104.00000  58.9%  85.7 1950s
 537059 288938  176.07665   67   55  253.00000  104.00000  58.9%  85.7 1960s
 538948 289970  159.00000   77   52  253.00000  104.00000  58.9%  85.7 1965s
 541059 291314  112.33363   55   78  253.00000  104.00000  58.9%  85.6 1974s
 541364 291314  130.21539   66   78  253.00000  104.00000  58.9%  85.6 1975s
 543743 292789  115.00000   59   76  253.00000  104.00000  58.9%  85.6 1983s
 546621 294547  134.75773   58   67  253.00000  104.00000  58.9%  85.6 1993s
 549896 296115  123.00000   53   79  253.00000  104.00000  58.9%  85.6 2001s
 552715 297630  172.49068   93   53  253.00000  104.00000  58.9%  85.5 2010s
 555468 299060  136.67332   55   72  253.00000  104.00000  58.9%  85.5 2018s
 558084 300190  115.00000   49   82  253.00000  104.00000  58.9%  85.5 2024s
 559749 300190  201.00000   73   41  253.00000  104.00000  58.9%  85.5 2025s
 560238 301414 infeasible   87       253.00000  104.00000  58.9%  85.5 2032s
 562471 302865  118.16131   60   70  253.00000  104.00000  58.9%  85.5 2042s
 565504 304267  123.00000   68   77  253.00000  104.00000  58.9%  85.4 2050s
 568237 305284  125.35488   68   76  253.00000  104.00000  58.9%  85.4 2058s
 570068 306785  123.00000   57   73  253.00000  104.00000  58.9%  85.5 2066s
 572959 308141  123.00000   61   72  253.00000  104.00000  58.9%  85.4 2074s
 575489 309800  224.00000   87   41  253.00000  104.00000  58.9%  85.4 2083s
 578383 311061  104.00000   51   74  253.00000  104.00000  58.9%  85.4 2090s
 580828 312495  153.00000   74   48  253.00000  104.00000  58.9%  85.5 2099s
 583494 314110  221.25928   96   38  253.00000  104.00000  58.9%  85.5 2108s
 586504 315422  105.00000   56   85  253.00000  104.00000  58.9%  85.5 2116s
 589017 316688  105.78706   58   92  253.00000  104.00000  58.9%  85.5 2124s
 591309 318284  109.57607   60   88  253.00000  104.00000  58.9%  85.5 2133s
 594375 319465  104.00000   57   89  253.00000  104.00000  58.9%  85.5 2141s
 596615 321099  117.00000   62   80  253.00000  104.00000  58.9%  85.5 2151s
 599862 322790  108.00000   54   87  253.00000  104.00000  58.9%  85.5 2160s
 603066 323988  120.00000   66   58  253.00000  104.00000  58.9%  85.5 2168s
 605218 325861  106.32905   53   80  253.00000  104.00000  58.9%  85.5 2178s
 608613 326727  107.00000   56   79  253.00000  104.00000  58.9%  85.4 2185s
 610421 327809  106.00000   60   82  253.00000  104.00000  58.9%  85.5 2191s
 612462 328924  105.00000   57   74  253.00000  104.00000  58.9%  85.5 2198s
 614590 330443 infeasible   76       253.00000  104.00000  58.9%  85.5 2208s
 617425 331778  109.13162   54   80  253.00000  104.00000  58.9%  85.6 2216s
 619973 333007  105.90938   57   81  253.00000  104.00000  58.9%  85.6 2224s
 622375 334530  115.00000   61   90  253.00000  104.00000  58.9%  85.6 2232s
 625078 335573  106.47498   61   83  253.00000  104.00000  58.9%  85.6 2241s
 626999 336727  121.91620   61   59  253.00000  104.00000  58.9%  85.7 2250s
 629101 338079  106.02310   57   94  253.00000  104.00000  58.9%  85.7 2261s
 631628 339661  114.23839   57   78  253.00000  104.00000  58.9%  85.7 2272s
 634562 341176  107.00000   63   69  253.00000  104.00000  58.9%  85.8 2283s
 637422 343212  111.00000   50   72  253.00000  104.00000  58.9%  85.8 2296s
 641280 344912  118.00000   61   71  253.00000  104.00000  58.9%  85.7 2307s
 644412 346168 infeasible  126       253.00000  104.00000  58.9%  85.7 2315s
 646728 347482  107.00000   59   74  253.00000  104.00000  58.9%  85.8 2325s
 649168 348641  117.83911   57   80  253.00000  104.00000  58.9%  85.8 2334s
 651359 349953  234.00000   97   23  253.00000  104.00000  58.9%  85.9 2344s
 653939 351144  109.53218   55   83  253.00000  104.00000  58.9%  85.9 2354s
 656184 352527  107.00000   58   76  253.00000  104.00000  58.9%  86.0 2365s
 658973 353999  122.52152   58   73  253.00000  104.00000  58.9%  86.0 2376s
 661855 355145  109.47539   59   83  253.00000  104.00000  58.9%  86.0 2385s
 664055 356533  107.00000   59   74  253.00000  104.00000  58.9%  86.0 2394s
 666638 358183  104.00000   56   70  253.00000  104.00000  58.9%  86.1 2406s
 669734 359400  115.42148   58   85  253.00000  104.00000  58.9%  86.1 2416s
 672070 360424  110.00000   60   78  253.00000  104.00000  58.9%  86.1 2423s
 674010 361624  106.00000   49   82  253.00000  104.00000  58.9%  86.1 2432s
 676379 362911  104.00000   55   86  253.00000  104.00000  58.9%  86.1 2441s
 678912 364312  111.00000   60   83  253.00000  104.00000  58.9%  86.1 2451s
 681381 366365  110.53289   59   95  253.00000  104.00000  58.9%  86.1 2462s
 684864 367238  109.27856   56   76  253.00000  104.00000  58.9%  86.0 2469s
 686335 367238  149.08300   72   64  253.00000  104.00000  58.9%  86.0 2470s
 686501 368364  149.00000   85   60  253.00000  104.00000  58.9%  86.1 2477s
 688671 369541  230.00000   95   34  253.00000  104.00000  58.9%  86.1 2485s
 690867 370187  114.36797   57   90  253.00000  104.00000  58.9%  86.1 2492s
 692129 372028  105.00000   50   83  253.00000  104.00000  58.9%  86.1 2503s
 695414 372955  134.69308   66   65  253.00000  104.00000  58.9%  86.1 2510s
 697153 373992  118.00000   68   67  253.00000  104.00000  58.9%  86.1 2517s
 699098 374910  111.22185   53   84  253.00000  104.00000  58.9%  86.2 2525s
 700838 375735  112.20824   53   88  253.00000  104.00000  58.9%  86.2 2532s
 702428 376737  113.00000   58   86  253.00000  104.00000  58.9%  86.2 2539s
 704366 378600  153.81595   62   67  253.00000  104.00000  58.9%  86.2 2550s
 707885 380472  122.00000   50   82  253.00000  104.00000  58.9%  86.2 2560s
 711362 382546  233.00000   87   31  253.00000  104.00000  58.9%  86.2 2572s
 715200 383631 infeasible   88       253.00000  104.06912  58.9%  86.1 2578s
 717081 384849  165.78455   90   44  253.00000  104.10742  58.9%  86.1 2583s
 719217 385932  117.83241   67   72  253.00000  104.11958  58.8%  86.0 2588s
 721249 386866  234.00000   66   52  253.00000  104.13227  58.8%  85.9 2593s
 722994 387666  106.00000   58   68  253.00000  104.14993  58.8%  85.9 2598s
 724476 388556  106.00000   59   80  253.00000  104.17063  58.8%  85.9 2602s
 726156 389418  106.00000   55   90  253.00000  104.18563  58.8%  85.8 2606s
 727743 390025  112.24847   66   77  253.00000  104.20034  58.8%  85.8 2610s
 728883 391080  242.00000   90   29  253.00000  104.21195  58.8%  85.8 2615s
 730703 392089  190.00000   97   37  253.00000  104.23046  58.8%  85.8 2620s
 732505 394750  211.01036   79   44  253.00000  104.24763  58.8%  85.7 2634s
 737299 395457  232.32052   78   37  253.00000  104.31258  58.8%  85.6 2638s
 738508 396359  112.68227   72   67  253.00000  104.32386  58.8%  85.7 2643s
 740088 397416  210.22563   83   39  253.00000  104.34103  58.8%  85.7 2647s
 742023 398176  116.00000   61   68  253.00000  104.36447  58.7%  85.6 2652s
 743468 399033  122.50018   58   77  253.00000  104.39172  58.7%  85.6 2656s
 745036 399895  113.00000   60   67  253.00000  104.41034  58.7%  85.6 2660s
 748117 401457  117.61004   55   83  253.00000  104.44810  58.7%  85.5 2669s
 749720 402400  138.22831   69   70  253.00000  104.49403  58.7%  85.5 2673s
 751412 403069  120.61249   62   73  253.00000  104.50608  58.7%  85.5 2678s
 752740 404251  157.00000   78   63  253.00000  104.53626  58.7%  85.4 2683s
 754841 406434  111.00000   48   80  253.00000  104.56446  58.7%  85.4 2696s
 758978 407254  140.00000   66   59  253.00000  104.63109  58.6%  85.3 2701s
 760546 408125  111.10455   66   76  253.00000  104.68836  58.6%  85.3 2705s
 762089 409050  139.72111   70   48  253.00000  104.70730  58.6%  85.3 2710s
 763818 409999  106.00000   57   90  253.00000  104.75948  58.6%  85.3 2715s
 765546 411037  106.23125   59   87  253.00000  104.77735  58.6%  85.2 2720s
 768082 412020  124.52736   63   74  253.00000  104.81176  58.6%  85.1 2725s
 770891 413001  106.00000   54   88  253.00000  104.84698  58.6%  85.1 2730s
 772737 414818  105.92896   59   84  253.00000  104.86044  58.6%  85.0 2738s
 774427 415581  118.00000   60   79  253.00000  104.88485  58.5%  85.0 2743s
 775867 417745  107.61304   64   79  253.00000  104.91084  58.5%  85.0 2755s
 779942 418622  112.38358   61   94  253.00000  104.97314  58.5%  84.9 2761s
 782845 419838  106.61524   60   91  253.00000  105.00000  58.5%  84.9 2768s
 784065 420699  106.97322   65   81  253.00000  105.00000  58.5%  84.9 2774s
 785723 421546  134.26213   63   61  253.00000  105.00000  58.5%  84.9 2778s
 787323 422493  116.32920   63   80  253.00000  105.00000  58.5%  84.9 2785s
 789131 423516  109.00000   57   79  253.00000  105.00000  58.5%  84.9 2791s
 791139 424370  173.00000   89   51  253.00000  105.00000  58.5%  84.9 2796s
 792793 425720  106.49446   61   89  253.00000  105.00000  58.5%  84.9 2805s
 795325 426926  115.80237   61   87  253.00000  105.00000  58.5%  84.9 2813s
 797625 428418  119.48613   59   81  253.00000  105.00000  58.5%  84.9 2822s
 800411 429915  164.00000   80   47  253.00000  105.00000  58.5%  84.9 2832s
 803268 431410  108.50752   63   83  253.00000  105.00000  58.5%  84.9 2842s
 805951 432487  133.00000   68   56  253.00000  105.00000  58.5%  84.9 2849s
 806637 432487  105.00000   59   80  253.00000  105.00000  58.5%  84.9 2850s
 808057 433849  234.37121   84   35  253.00000  105.00000  58.5%  84.9 2860s
 810677 435339  120.61804   66   74  253.00000  105.00000  58.5%  84.9 2869s
 813386 436516  115.75243   61   76  253.00000  105.00000  58.5%  84.9 2879s
 815652 438088  117.86033   62   76  253.00000  105.00000  58.5%  84.9 2889s
 817682 438088  109.00000   57   73  253.00000  105.00000  58.5%  84.8 2890s
 818671 439674  108.10161   50   83  253.00000  105.00000  58.5%  84.8 2899s
 821089 439674  164.77602   81   55  253.00000  105.00000  58.5%  84.8 2900s
 821796 440801  117.14525   48   79  253.00000  105.00000  58.5%  84.8 2908s
 823946 441949  115.00000   60   87  253.00000  105.00000  58.5%  84.8 2917s
 826200 443208  118.31954   51   84  253.00000  105.00000  58.5%  84.8 2926s
 828682 444491  108.00000   62   59  253.00000  105.00000  58.5%  84.8 2937s
 831193 445894  107.00000   52   87  253.00000  105.00000  58.5%  84.8 2947s
 833718 447605  151.00000   65   56  253.00000  105.00000  58.5%  84.8 2957s
 836892 449141  109.00000   69   87  253.00000  105.00000  58.5%  84.8 2968s
 839663 450426  143.07809   83   47  253.00000  105.00000  58.5%  84.8 2978s
 842151 451928  113.00000   54   69  253.00000  105.00000  58.5%  84.8 2989s
 844116 451928  106.55947   60   89  253.00000  105.00000  58.5%  84.8 2990s
 845189 453399  188.26196   84   39  253.00000  105.00000  58.5%  84.8 3001s
 848140 454602  145.00000   62   55  253.00000  105.00000  58.5%  84.8 3010s
 850381 455707  120.24752   58   82  253.00000  105.00000  58.5%  84.8 3020s
 852487 457416  132.00000   61   58  253.00000  105.00000  58.5%  84.8 3032s
 855538 459027  107.00000   60   90  253.00000  105.00000  58.5%  84.8 3043s
 858564 460586  107.00000   61   86  253.00000  105.00000  58.5%  84.7 3055s
 861347 461875  169.00000   73   50  253.00000  105.00000  58.5%  84.7 3066s
 863853 464070  126.00000   64   57  253.00000  105.00000  58.5%  84.7 3080s
 867690 465152  116.15126   55   67  253.00000  105.00000  58.5%  84.6 3088s
 869927 466461  113.59358   60   81  253.00000  105.00000  58.5%  84.6 3098s
 872376 467488  118.00000   56   81  253.00000  105.00000  58.5%  84.6 3107s
 874325 468404  118.81891   61   98  253.00000  105.00000  58.5%  84.6 3115s
 876069 470297  109.42095   58   81  253.00000  105.00000  58.5%  84.7 3128s
 879485 471453  115.00000   65   60  253.00000  105.00000  58.5%  84.7 3137s
 881879 472644  113.20096   57   72  253.00000  105.00000  58.5%  84.7 3147s
 884298 473865  105.00000   54   73  253.00000  105.00000  58.5%  84.7 3157s
 886703 475476  106.00000   56   86  253.00000  105.00000  58.5%  84.7 3168s
 889695 476909  116.10601   44   79  253.00000  105.00000  58.5%  84.7 3180s
 892399 478663  105.00000   58   69  253.00000  105.00000  58.5%  84.7 3192s
 895530 479950  177.00000   68   51  253.00000  105.00000  58.5%  84.6 3201s
 897999 481198  105.12949   52   90  253.00000  105.00000  58.5%  84.7 3211s
 900380 483119  109.00000   57   85  253.00000  105.00000  58.5%  84.7 3224s
 903874 484905  107.93808   60   77  253.00000  105.00000  58.5%  84.6 3236s
 907252 485684  106.00000   58   97  253.00000  105.00000  58.5%  84.6 3245s
 908923 487463  140.00000   74   74  253.00000  105.00000  58.5%  84.6 3257s
 912165 488449  109.34171   57   83  253.00000  105.00000  58.5%  84.5 3266s
 914172 489553  118.93063   55   71  253.00000  105.00000  58.5%  84.5 3275s
 916319 490674  115.72581   59   89  253.00000  105.00000  58.5%  84.6 3284s
 918420 491840  115.00000   59   84  253.00000  105.00000  58.5%  84.6 3294s
 920695 492924  231.00000   79   36  253.00000  105.00000  58.5%  84.6 3303s
 922950 494236  107.00000   64   98  253.00000  105.00000  58.5%  84.6 3314s
 925439 495504  115.44712   57   74  253.00000  105.00000  58.5%  84.7 3324s
 926320 495504  227.27039  104   32  253.00000  105.00000  58.5%  84.7 3325s
 927899 497017  108.26784   58   80  253.00000  105.00000  58.5%  84.7 3337s
 930740 498482  113.00000   70   69  253.00000  105.00000  58.5%  84.7 3348s
 933491 499868  105.00000   52   79  253.00000  105.00000  58.5%  84.7 3358s
 935986 501365  106.00000   55   92  253.00000  105.00000  58.5%  84.7 3370s
 938819 502599  185.00000   95   34  253.00000  105.00000  58.5%  84.7 3381s
 941086 503986  145.00000   83   53  253.00000  105.00000  58.5%  84.7 3392s
 943821 505051  160.00000   60   51  253.00000  105.00000  58.5%  84.7 3402s
 945876 506089  120.28890   57   69  253.00000  105.00000  58.5%  84.8 3413s
 948036 507733  105.00000   55   85  253.00000  105.00000  58.5%  84.8 3427s
 951039 509278  152.00000   57   68  253.00000  105.00000  58.5%  84.8 3439s
 952418 509278  222.00000  103   31  253.00000  105.00000  58.5%  84.8 3440s
 953951 510813  126.50535   53   69  253.00000  105.00000  58.5%  84.8 3452s
 956860 512082  105.00000   57   83  253.00000  105.00000  58.5%  84.8 3464s
 959285 513890  109.00000   60   77  253.00000  105.00000  58.5%  84.8 3477s
 962538 515834  112.00000   65   90  253.00000  105.00000  58.5%  84.8 3490s
 965984 517310  106.04742   59   82  253.00000  105.00000  58.5%  84.8 3503s
 968589 518664  205.19216   81   38  253.00000  105.00000  58.5%  84.8 3514s
 971159 520198  181.00000   80   41  253.00000  105.00000  58.5%  84.8 3527s
 974070 521257  108.24187   56   83  253.00000  105.00000  58.5%  84.8 3536s
 976037 522568  115.26690   58   84  253.00000  105.00000  58.5%  84.8 3546s
 978588 523945  114.00000   54   70  253.00000  105.00000  58.5%  84.8 3558s
 981242 525165  106.00000   63   91  253.00000  105.00000  58.5%  84.8 3569s
 983575 526503  125.00000   61   68  253.00000  105.00000  58.5%  84.9 3580s
 986080 527910  203.00000   71   35  253.00000  105.00000  58.5%  84.9 3592s
 988921 528713  115.00000   59   82  253.00000  105.00000  58.5%  84.9 3600s

Cutting planes:
  Learned: 822
  Gomory: 201
  Cover: 18
  Implied bound: 3
  MIR: 3777
  StrongCG: 4
  Flow cover: 5838
  Inf proof: 2
  Relax-and-lift: 22

Explored 990409 nodes (84134458 simplex iterations) in 3600.52 seconds (2170.36 work units)
Thread count was 16 (of 16 available processors)

Solution count 10: 253 257 258 ... 289

Time limit reached
Best objective 2.530000000000e+02, best bound 1.050000000000e+02, gap 58.4980%
Warning: constraint name "precedence between 0,1 to 0,0 if x_[j,l,h,z,i]=1" has a space
Warning: constraint name "precedence between 0,1 to 0,0 if x_[j,l,h,z,i]=1" has a space
Warning: default constraint names used to write mps file
