
Gurobi 10.0.1 (win64) logging started Fri Oct  6 16:53:15 2023

Set parameter LogFile to value "./results//log/URT_05_makespan_heurTrue.log"
Gurobi Optimizer version 10.0.1 build v10.0.1rc0 (win64)

CPU model: AMD Ryzen 7 3700X 8-Core Processor, instruction set [SSE2|AVX|AVX2]
Thread count: 8 physical cores, 16 logical processors, using up to 16 threads

Optimize a model with 52 rows, 49 columns and 170 nonzeros
Model fingerprint: 0x044b842e
Variable types: 0 continuous, 49 integer (42 binary)
Coefficient statistics:
  Matrix range     [1e+00, 1e+07]
  Objective range  [1e+00, 1e+00]
  Bounds range     [1e+00, 1e+00]
  RHS range        [1e+00, 3e+07]

User MIP start did not produce a new incumbent solution
User MIP start violates constraint initial_start_time_job1_stage0_machine1_constraint by 1.000000000

Found heuristic solution: objective 167.0000000
Presolve removed 32 rows and 36 columns
Presolve time: 0.00s
Presolved: 20 rows, 13 columns, 56 nonzeros
Variable types: 0 continuous, 13 integer (8 binary)

Root relaxation: objective 3.500000e+01, 7 iterations, 0.00 seconds (0.00 work units)

    Nodes    |    Current Node    |     Objective Bounds      |     Work
 Expl Unexpl |  Obj  Depth IntInf | Incumbent    BestBd   Gap | It/Node Time

     0     0   35.00000    0    7  167.00000   35.00000  79.0%     -    0s
H    0     0                     101.0000000   35.00000  65.3%     -    0s
     0     0  101.00000    0    6  101.00000  101.00000  0.00%     -    0s

Cutting planes:
  Implied bound: 3
  Relax-and-lift: 3

Explored 1 nodes (32 simplex iterations) in 0.05 seconds (0.00 work units)
Thread count was 16 (of 16 available processors)

Solution count 2: 101 167 

Optimal solution found (tolerance 1.00e-04)
Best objective 1.010000000000e+02, best bound 1.010000000000e+02, gap 0.0000%
Warning: constraint name "precedence between 0,0 to 0,1 if x_[0,0,0,1,1]=0, i.e. 0,1 before 0,0" has a space
Warning: constraint name "precedence between 0,0 to 0,1 if x_[0,0,0,1,1]=0, i.e. 0,1 before 0,0" has a space
Warning: default constraint names used to write mps file
