
Gurobi 10.0.1 (win64) logging started Fri Oct  6 19:21:57 2023

Set parameter LogFile to value "./results//log/URT_14_makespan_heurFalse.log"
Gurobi Optimizer version 10.0.1 build v10.0.1rc0 (win64)

CPU model: AMD Ryzen 7 3700X 8-Core Processor, instruction set [SSE2|AVX|AVX2]
Thread count: 8 physical cores, 16 logical processors, using up to 16 threads

Optimize a model with 819 rows, 568 columns and 3499 nonzeros
Model fingerprint: 0x95ee6db6
Variable types: 0 continuous, 568 integer (504 binary)
Coefficient statistics:
  Matrix range     [1e+00, 1e+07]
  Objective range  [1e+00, 1e+00]
  Bounds range     [1e+00, 1e+00]
  RHS range        [1e+00, 3e+07]
Found heuristic solution: objective 251.0000000
Presolve removed 82 rows and 237 columns
Presolve time: 0.01s
Presolved: 737 rows, 331 columns, 3357 nonzeros
Variable types: 0 continuous, 331 integer (268 binary)
Found heuristic solution: objective 248.0000000

Root relaxation: objective 6.200000e+01, 100 iterations, 0.00 seconds (0.00 work units)

    Nodes    |    Current Node    |     Objective Bounds      |     Work
 Expl Unexpl |  Obj  Depth IntInf | Incumbent    BestBd   Gap | It/Node Time

     0     0   62.00000    0   41  248.00000   62.00000  75.0%     -    0s
H    0     0                     245.0000000   62.00000  74.7%     -    0s
H    0     0                     185.0000000   62.00000  66.5%     -    0s
H    0     0                     179.0000000   63.00000  64.8%     -    0s
     0     0   63.00000    0   16  179.00000   63.00000  64.8%     -    0s
     0     0   63.28889    0   42  179.00000   63.28889  64.6%     -    0s
H    0     0                     166.0000000   63.28889  61.9%     -    0s
     0     0   64.09538    0   57  166.00000   64.09538  61.4%     -    0s
     0     0   64.69778    0   53  166.00000   64.69778  61.0%     -    0s
     0     0   64.69778    0   56  166.00000   64.69778  61.0%     -    0s
     0     0   64.69778    0   57  166.00000   64.69778  61.0%     -    0s
     0     0   64.81483    0   48  166.00000   64.81483  61.0%     -    0s
     0     0   64.83030    0   61  166.00000   64.83030  60.9%     -    0s
     0     0   64.83628    0   63  166.00000   64.83628  60.9%     -    0s
     0     0   64.84969    0   63  166.00000   64.84969  60.9%     -    0s
     0     0   64.85105    0   67  166.00000   64.85105  60.9%     -    0s
     0     0   64.85117    0   68  166.00000   64.85117  60.9%     -    0s
     0     0   65.30415    0   57  166.00000   65.30415  60.7%     -    0s
     0     0   65.41160    0   65  166.00000   65.41160  60.6%     -    0s
     0     0   65.41160    0   68  166.00000   65.41160  60.6%     -    0s
     0     0   65.45184    0   63  166.00000   65.45184  60.6%     -    0s
     0     0   65.52885    0   64  166.00000   65.52885  60.5%     -    0s
     0     0   65.53545    0   63  166.00000   65.53545  60.5%     -    0s
     0     0   65.53545    0   63  166.00000   65.53545  60.5%     -    0s
     0     0   65.63482    0   65  166.00000   65.63482  60.5%     -    0s
     0     0   65.63953    0   70  166.00000   65.63953  60.5%     -    0s
     0     0   65.64209    0   65  166.00000   65.64209  60.5%     -    0s
     0     0   65.64209    0   70  166.00000   65.64209  60.5%     -    0s
H    0     0                     160.0000000   65.64209  59.0%     -    0s
     0     0   65.64240    0   70  160.00000   65.64240  59.0%     -    0s
     0     0   65.64240    0   71  160.00000   65.64240  59.0%     -    0s
     0     0   65.64240    0   66  160.00000   65.64240  59.0%     -    0s
     0     0   65.66132    0   68  160.00000   65.66132  59.0%     -    0s
     0     0   65.66132    0   69  160.00000   65.66132  59.0%     -    0s
     0     0   65.68195    0   57  160.00000   65.68195  58.9%     -    1s
     0     0   65.68244    0   62  160.00000   65.68244  58.9%     -    1s
     0     0   65.70274    0   63  160.00000   65.70274  58.9%     -    1s
     0     0   65.71773    0   64  160.00000   65.71773  58.9%     -    1s
     0     0   65.71773    0   64  160.00000   65.71773  58.9%     -    1s
     0     0   65.71773    0   63  160.00000   65.71773  58.9%     -    1s
     0     0   65.71773    0   66  160.00000   65.71773  58.9%     -    1s
     0     0   65.71773    0   65  160.00000   65.71773  58.9%     -    1s
     0     0   65.72199    0   67  160.00000   65.72199  58.9%     -    1s
     0     0   65.72199    0   67  160.00000   65.72199  58.9%     -    1s
     0     0   65.72199    0   60  160.00000   65.72199  58.9%     -    1s
     0     0   65.72199    0   51  160.00000   65.72199  58.9%     -    1s
     0     2   65.80359    0   50  160.00000   65.80359  58.9%     -    1s
H  140   139                     146.0000000   67.19676  54.0%  12.8    1s
H  557   311                     142.0000000   67.19676  52.7%   6.7    1s
 15471   503   72.65561   28   65  142.00000   71.42334  49.7%   0.8    5s
H15668   609                     137.0000000   71.48600  47.8%   1.0    6s
 33346 10244   94.04315   40   45  137.00000   75.38355  45.0%   7.2   10s
 41897 14939  133.23810   52   79  137.00000   75.91640  44.6%   8.1   15s
 41952 14975  111.00000   54  102  137.00000   75.91640  44.6%   8.1   20s
 45268 16246   75.91640   43   81  137.00000   75.91640  44.6%   9.5   25s
 58234 19549  133.00000   67   29  137.00000   77.23514  43.6%  11.0   30s
 69432 22213   79.49453   50   99  137.00000   78.74811  42.5%  11.7   35s
 79871 24364  136.00000   80   11  137.00000   79.97691  41.6%  12.2   40s
 90587 27323  100.70993   61   31  137.00000   80.93174  40.9%  12.5   45s
 101260 33200     cutoff   71       137.00000   81.67754  40.4%  12.8   50s
 109740 37889  122.42472   73   26  137.00000   82.16485  40.0%  12.9   55s
 121842 44048   98.03051   52   39  137.00000   82.74286  39.6%  13.1   60s
 131779 49241   86.19829   49   66  137.00000   83.11932  39.3%  13.3   65s
 140491 53677 infeasible   73       137.00000   83.47424  39.1%  13.4   70s
 148689 57959   95.72565   55   52  137.00000   83.81039  38.8%  13.5   75s
 154894 61145  128.79237   64   38  137.00000   84.03036  38.7%  13.5   80s
 164185 64679   99.57847   54   57  137.00000   84.35740  38.4%  13.6   88s
 164955 65885  120.32000   66   24  137.00000   84.38429  38.4%  13.6   90s
 171400 68986  102.37778   49   79  137.00000   84.61699  38.2%  13.7   95s
 179435 72629   94.53161   52   45  137.00000   84.81548  38.1%  13.7  100s
 186976 76896  131.00000   66   16  137.00000   85.01918  37.9%  13.8  105s
 193311 80032   89.89847   65   60  137.00000   85.17022  37.8%  13.8  110s
 200712 83346   90.33807   57   66  137.00000   85.38131  37.7%  13.9  115s
 207161 86978  132.09188   66   41  137.00000   85.53659  37.6%  13.9  120s
 214284 90158   98.03769   56   66  137.00000   85.71423  37.4%  13.9  125s
 220572 93390  106.91766   51   77  137.00000   85.86140  37.3%  13.9  130s
 227890 96799     cutoff   78       137.00000   86.03149  37.2%  13.9  136s
 232352 99116  113.61325   74   32  137.00000   86.14404  37.1%  14.0  140s
 239097 102033  135.00729   55   37  137.00000   86.30120  37.0%  14.0  145s
 245852 105546  100.71837   58   57  137.00000   86.43354  36.9%  14.0  150s
 251661 107820  104.01553   56   64  137.00000   86.53775  36.8%  14.0  155s
 258710 109935   92.20507   57   53  137.00000   86.67172  36.7%  14.1  165s
 260716 111954   98.98011   61   43  137.00000   86.71378  36.7%  14.1  170s
 266773 114859  109.00000   62   27  137.00000   86.81841  36.6%  14.1  175s
 273884 118036  105.00000   65   41  137.00000   86.94890  36.5%  14.1  181s
 279767 120727  129.00000   79   18  137.00000   87.03501  36.5%  14.1  186s
 284732 122783   92.45463   55   65  137.00000   87.12426  36.4%  14.1  190s
 291790 125635  115.56164   60   37  137.00000   87.22155  36.3%  14.1  195s
 296374 127729  134.07059   74   27  137.00000   87.28073  36.3%  14.1  200s
 303496 130849     cutoff   72       137.00000   87.37388  36.2%  14.1  206s
 308880 133146  134.56923   66   37  137.00000   87.44880  36.2%  14.1  210s
 313634 135621   88.27998   51   80  137.00000   87.53238  36.1%  14.1  215s
 320365 138997  108.81472   66   34  137.00000   87.62711  36.0%  14.1  221s
 324240 140729   95.76507   54   59  137.00000   87.68132  36.0%  14.2  225s
 331529 144077  107.14695   59   39  137.00000   87.79055  35.9%  14.2  231s
 336807 146357  135.00000   72   16  137.00000   87.87701  35.9%  14.2  236s
 342057 149009  106.25974   53   46  137.00000   87.94907  35.8%  14.2  241s
 347365 151395   96.87905   53   70  137.00000   88.00482  35.8%  14.2  246s
 352133 153873   88.55789   52   63  137.00000   88.08061  35.7%  14.2  251s
 357810 156269     cutoff   60       137.00000   88.15254  35.7%  14.2  255s
 362992 158475     cutoff   82       137.00000   88.22552  35.6%  14.2  260s
 367872 160346  106.66667   62   25  137.00000   88.30795  35.5%  14.2  265s
 372679 162684  122.08139   64   50  137.00000   88.36895  35.5%  14.2  270s
 377881 165096   98.50423   51   54  137.00000   88.42786  35.5%  14.2  275s
 383386 167284     cutoff   71       137.00000   88.48892  35.4%  14.2  280s
 388183 169876   98.78889   64   47  137.00000   88.54333  35.4%  14.2  285s
 395112 173086   88.82236   53   63  137.00000   88.63072  35.3%  14.2  291s
 400305 175313   89.17011   59   59  137.00000   88.69907  35.3%  14.2  296s
 405209 177828  119.29167   65   40  137.00000   88.75789  35.2%  14.2  301s
 408943 179609   92.70656   60   56  137.00000   88.79687  35.2%  14.2  305s
 414310 181890  102.58684   57   45  137.00000   88.85229  35.1%  14.2  310s
 419685 184010  103.85847   52   68  137.00000   88.91878  35.1%  14.2  315s
 424755 186383   92.02893   61   45  137.00000   88.98067  35.1%  14.2  320s
 430315 188501  113.08472   51   53  137.00000   89.03376  35.0%  14.2  326s
 433358 189996  113.41633   52   47  137.00000   89.07177  35.0%  14.2  330s
 438106 191817  104.47887   56   60  137.00000   89.12824  34.9%  14.2  335s
 443054 194095  108.90254   56   61  137.00000   89.18058  34.9%  14.2  341s
 448684 196248     cutoff   57       137.00000   89.24861  34.9%  14.2  346s
 453117 198661   90.28887   52   63  137.00000   89.29005  34.8%  14.2  351s
 458198 200785     cutoff   65       137.00000   89.34844  34.8%  14.2  356s
 461662 202270  100.76415   53   56  137.00000   89.38915  34.8%  14.2  360s
 466635 204446  113.87081   53   28  137.00000   89.43791  34.7%  14.2  365s
 471097 206837     cutoff   63       137.00000   89.48186  34.7%  14.2  370s
 477080 208908   94.60566   59   57  137.00000   89.54097  34.6%  14.2  376s
 480483 210306   92.52488   54   58  137.00000   89.57571  34.6%  14.2  380s
 485405 212561   96.25156   52   47  137.00000   89.63422  34.6%  14.2  385s
 490519 215014     cutoff   69       137.00000   89.68761  34.5%  14.2  391s
 493535 216197  134.00000   65   34  137.00000   89.71301  34.5%  14.2  395s
 498774 218758  118.43446   60   43  137.00000   89.77411  34.5%  14.2  401s
 503730 220372   95.58491   56   58  137.00000   89.81974  34.4%  14.2  405s
 508333 222690   92.51737   56   59  137.00000   89.87363  34.4%  14.2  411s
 513436 224870   90.89800   50   64  137.00000   89.91940  34.4%  14.2  416s
 516687 226479  127.00000   68   21  137.00000   89.94606  34.3%  14.2  420s
 521711 228732 infeasible   69       137.00000   89.99714  34.3%  14.2  425s
 526955 230972  116.70833   56   52  137.00000   90.04661  34.3%  14.2  431s
 530430 232558  135.50661   62   28  137.00000   90.08319  34.2%  14.2  435s
 535597 235109  108.66330   59   43  137.00000   90.13706  34.2%  14.2  441s
 539194 236811  131.00000   68   26  137.00000   90.17788  34.2%  14.2  445s
 544283 238894     cutoff   66       137.00000   90.22646  34.1%  14.2  450s
 547300 240335   94.70453   54   63  137.00000   90.25749  34.1%  14.2  455s
 552818 242484   98.36985   61   49  137.00000   90.31212  34.1%  14.2  461s
 556407 244061     cutoff   70       137.00000   90.34266  34.1%  14.2  465s
 561469 246562  130.26558   60   33  137.00000   90.38703  34.0%  14.2  471s
 564959 248316   98.75597   61   42  137.00000   90.41922  34.0%  14.2  476s
H569756 247514                     136.0000000   90.45539  33.5%  14.2  480s
 573560 249603   95.17930   53   62  136.00000   90.49294  33.5%  14.2  486s
 577187 250834   95.01253   55   51  136.00000   90.51981  33.4%  14.2  490s
 582151 252758  122.73698   60   36  136.00000   90.56522  33.4%  14.2  496s
 585509 254247  119.00000   61   13  136.00000   90.59670  33.4%  14.2  500s
 590429 256466  127.66652   59   41  136.00000   90.65057  33.3%  14.2  506s
 594009 257929     cutoff   75       136.00000   90.67285  33.3%  14.2  510s
 599229 260149  102.28619   58   59  136.00000   90.71993  33.3%  14.2  516s
 602743 261613  109.00000   62   26  136.00000   90.75000  33.3%  14.2  520s
 607858 263933  111.37105   59   56  136.00000   90.78912  33.2%  14.2  526s
 611313 265363  102.35475   59   43  136.00000   90.81518  33.2%  14.2  530s
 616241 267311  112.16644   59   48  136.00000   90.85120  33.2%  14.2  536s
 619876 268761  119.73684   54   32  136.00000   90.88497  33.2%  14.2  540s
 624993 271222  130.00000   68   15  136.00000   90.91637  33.1%  14.2  546s
H628719 254659                     132.0000000   90.94004  31.1%  14.2  549s
 629817 255170  126.57077   63   50  132.00000   90.94772  31.1%  14.2  551s
 634567 256911     cutoff   71       132.00000   91.00000  31.1%  14.2  556s
 639341 259063  120.00000   76   25  132.00000   91.02273  31.0%  14.2  561s
 642871 260249  100.60462   65   64  132.00000   91.05878  31.0%  14.2  565s
 648230 262217  103.63089   54   50  132.00000   91.10006  31.0%  14.2  570s
 653521 264313  114.00233   58   24  132.00000   91.14718  30.9%  14.3  576s
 658294 266112  128.39107   60   55  132.00000   91.19077  30.9%  14.3  581s
 661706 267580  119.64242   63   40  132.00000   91.22097  30.9%  14.3  585s
 667217 269707  102.89506   60   46  132.00000   91.26934  30.9%  14.3  591s
 670744 270971  124.57107   63   41  132.00000   91.30025  30.8%  14.3  595s
 676356 273036  107.56835   64   63  132.00000   91.34254  30.8%  14.3  600s
 681438 274975     cutoff   76       132.00000   91.39029  30.8%  14.3  606s
 685150 276323   98.48548   53   73  132.00000   91.41634  30.7%  14.3  610s
 690176 278094  108.36364   73   23  132.00000   91.44880  30.7%  14.3  615s
 695399 279987  111.82901   57   51  132.00000   91.48592  30.7%  14.3  620s
 700436 281806  127.00000   68   25  132.00000   91.52533  30.7%  14.3  626s
 704354 283241   95.94229   53   76  132.00000   91.56041  30.6%  14.3  630s
 708374 285076  127.00000   71   29  132.00000   91.58795  30.6%  14.3  637s
 712380 286630   99.58253   60   50  132.00000   91.62024  30.6%  14.3  641s
 716291 288059  117.86726   58   60  132.00000   91.65228  30.6%  14.3  646s
 721556 290064     cutoff   54       132.00000   91.68762  30.5%  14.3  652s
 725203 291285  107.17224   59   52  132.00000   91.72275  30.5%  14.3  656s
 730116 293411  121.65518   58   35  132.00000   91.75439  30.5%  14.3  661s
 733703 294486  101.72236   59   48  132.00000   91.78751  30.5%  14.3  665s
 737409 295787  105.13208   70   34  132.00000   91.81232  30.4%  14.3  670s
 741763 297500 infeasible   72       132.00000   91.85016  30.4%  14.3  675s
 745347 298991   93.00070   55   52  132.00000   91.87791  30.4%  14.3  680s
 750490 300967   91.92298   53   58  132.00000   91.92298  30.4%  14.3  686s
 753577 302461  118.87850   60   52  132.00000   91.94829  30.3%  14.3  690s
 758978 304271     cutoff   74       132.00000   91.98626  30.3%  14.3  696s
 761991 305490  114.66667   60   25  132.00000   92.00000  30.3%  14.3  700s
 765104 306727   96.63462   59   53  132.00000   92.01415  30.3%  14.3  705s
 770801 309036   99.53488   49   49  132.00000   92.05183  30.3%  14.3  711s
 774463 310054   95.56871   60   85  132.00000   92.07287  30.2%  14.3  715s
 779383 312144  113.80000   54   43  132.00000   92.10989  30.2%  14.3  721s
 782789 313284  109.71008   59   63  132.00000   92.13002  30.2%  14.3  725s
 787581 314998  105.42233   66   68  132.00000   92.15356  30.2%  14.3  730s
 792207 316835  118.86523   68   34  132.00000   92.18871  30.2%  14.3  736s
 795711 317958  129.01422   67   34  132.00000   92.21465  30.1%  14.3  740s
 800834 320084  112.14280   57   45  132.00000   92.24966  30.1%  14.3  747s
 804478 321553   96.65760   59   62  132.00000   92.26986  30.1%  14.3  751s
 807705 322759 infeasible   67       132.00000   92.29681  30.1%  14.3  755s
 811473 323962   93.41881   58   62  132.00000   92.32703  30.1%  14.3  760s
 816789 325977 infeasible   67       132.00000   92.36309  30.0%  14.3  766s
 819992 327326  128.10031   56   54  132.00000   92.38680  30.0%  14.3  770s
 823834 328649   97.59782   61   58  132.00000   92.41270  30.0%  14.4  775s
 828485 329869  110.05705   67   40  132.00000   92.44164  30.0%  14.4  780s
 832689 331991   96.48869   54   61  132.00000   92.47863  29.9%  14.4  786s
 836254 333180   96.79917   59   47  132.00000   92.50069  29.9%  14.4  790s
 839588 334386   95.17730   60   59  132.00000   92.52586  29.9%  14.4  795s
 844430 336114  122.00000   59   23  132.00000   92.55810  29.9%  14.4  801s
 847640 337436  113.92857   71   19  132.00000   92.58029  29.9%  14.4  806s
 850832 338718  127.00000   75   27  132.00000   92.60047  29.8%  14.4  810s
 855923 340430  111.85000   69   34  132.00000   92.63068  29.8%  14.4  817s
 859533 341815  129.22222   64   30  132.00000   92.65488  29.8%  14.4  822s
 863030 342964     cutoff   69       132.00000   92.67997  29.8%  14.4  826s
 866515 344203   92.88852   49   69  132.00000   92.70243  29.8%  14.4  831s
 870144 345471  108.56594   66   45  132.00000   92.72377  29.8%  14.4  835s
 873472 346893  124.13135   62   33  132.00000   92.74517  29.7%  14.4  840s
 877352 347955  104.77122   55   59  132.00000   92.76519  29.7%  14.4  845s
 882294 349851   95.84746   56   62  132.00000   92.79657  29.7%  14.4  851s
 885554 351148   93.85511   58   64  132.00000   92.82085  29.7%  14.4  856s
 889169 352371  117.22437   55   60  132.00000   92.84473  29.7%  14.4  861s
 892479 353511  107.72202   63   46  132.00000   92.86725  29.6%  14.4  865s
 895688 354759  102.34274   60   53  132.00000   92.88661  29.6%  14.4  870s
 900955 356569     cutoff   70       132.00000   92.92046  29.6%  14.4  877s
 904575 357774  106.07143   62   31  132.00000   92.93887  29.6%  14.4  881s
 908044 359068  119.06386   73   39  132.00000   92.96092  29.6%  14.4  886s
 911214 360354  123.00000   64   33  132.00000   92.98386  29.6%  14.4  891s
 914933 361472   94.09191   53   68  132.00000   93.00000  29.5%  14.4  896s
 918898 362922  102.36762   62   72  132.00000   93.01890  29.5%  14.4  901s
 922287 364113  107.87579   58   50  132.00000   93.04161  29.5%  14.4  905s
 925817 365565  101.05961   52   58  132.00000   93.06301  29.5%  14.4  910s
 929357 366964  119.01772   64   31  132.00000   93.08442  29.5%  14.4  916s
 933314 368179  104.84757   59   47  132.00000   93.10121  29.5%  14.4  920s
 936774 369430  102.00000   60   44  132.00000   93.12382  29.5%  14.4  925s
 940241 370736  101.11803   60   66  132.00000   93.14615  29.4%  14.4  930s
 945356 372524  101.74345   62   72  132.00000   93.17483  29.4%  14.4  937s
 949040 373708     cutoff   72       132.00000   93.19446  29.4%  14.4  942s
 952177 374924  111.86122   59   37  132.00000   93.21393  29.4%  14.4  947s
 955585 376045  112.34699   59   37  132.00000   93.23490  29.4%  14.4  951s
 959351 377478     cutoff   70       132.00000   93.25393  29.4%  14.4  956s
 962570 378657  103.03673   57   57  132.00000   93.27502  29.3%  14.4  960s
 965537 379927  102.16777   65   45  132.00000   93.29616  29.3%  14.4  965s
 968998 381033   96.59574   56   66  132.00000   93.31818  29.3%  14.4  970s
 972565 382415     cutoff   65       132.00000   93.33854  29.3%  14.4  976s
 975767 383850     cutoff   72       132.00000   93.36187  29.3%  14.4  981s
 979251 385151  100.74707   55   57  132.00000   93.38133  29.3%  14.4  986s
 983064 386416     cutoff   69       132.00000   93.40091  29.2%  14.4  991s
 986655 387676  107.64098   66   52  132.00000   93.42379  29.2%  14.4  995s
 989981 388826  106.93578   53   49  132.00000   93.44444  29.2%  14.4 1001s
 993397 390160  127.04762   67   26  132.00000   93.45922  29.2%  14.4 1006s
 997026 391175  124.26945   55   46  132.00000   93.48196  29.2%  14.4 1011s
 1000420 392462     cutoff   76       132.00000   93.50133  29.2%  14.4 1015s
 1003459 393708   98.88831   59   61  132.00000   93.52266  29.1%  14.4 1020s
 1007062 394909     cutoff   67       132.00000   93.54156  29.1%  14.4 1025s
 1010393 396194   97.52579   59   69  132.00000   93.55998  29.1%  14.4 1030s
 1013804 397327   97.40438   58   46  132.00000   93.58228  29.1%  14.4 1035s
 1017262 398676  116.40465   66   46  132.00000   93.60843  29.1%  14.4 1040s
 1020433 399805  105.01004   60   57  132.00000   93.62688  29.1%  14.4 1045s
 1023495 401226  110.71257   51   51  132.00000   93.64568  29.1%  14.4 1051s
 1027445 401797  106.22588   65   40  132.00000   93.66705  29.0%  14.4 1060s
H1027547 377424                     129.0000000   93.66705  27.4%  14.4 1060s
 1028635 378243  100.89953   52   50  129.00000   93.67431  27.4%  14.4 1065s
 1032209 379521 infeasible   59       129.00000   93.69947  27.4%  14.4 1071s
 1036186 380739     cutoff   58       129.00000   93.72591  27.3%  14.4 1077s
 1037975 381208 infeasible   71       129.00000   93.73804  27.3%  14.4 1080s
 1041688 382256     cutoff   74       129.00000   93.75939  27.3%  14.4 1086s
 1044861 383413   97.19971   56   65  129.00000   93.77778  27.3%  14.4 1091s
 1048538 384708     cutoff   62       129.00000   93.79778  27.3%  14.4 1097s
 1050443 385240  126.92006   60   44  129.00000   93.80999  27.3%  14.4 1100s
 1053946 386558  119.41151   52   50  129.00000   93.83718  27.3%  14.5 1106s
 1057576 387599  100.35213   53   42  129.00000   93.85816  27.2%  14.5 1111s
 1061345 388989   99.71741   58   71  129.00000   93.88460  27.2%  14.5 1117s
 1063145 389430   99.22462   54   69  129.00000   93.89353  27.2%  14.5 1120s
 1066341 390555  122.83603   70   23  129.00000   93.91243  27.2%  14.5 1126s
 1070127 391818  113.73086   69   33  129.00000   93.93130  27.2%  14.5 1131s
 1073729 392843  127.55000   57   33  129.00000   93.95298  27.2%  14.5 1137s
 1076846 394241  105.99060   51   53  129.00000   93.97550  27.2%  14.5 1142s
 1078882 394796   95.46423   51   69  129.00000   93.98529  27.1%  14.5 1145s
 1082346 396044     cutoff   62       129.00000   94.00000  27.1%  14.5 1151s
 1086037 397045  104.50413   63   58  129.00000   94.00947  27.1%  14.5 1156s
 1090154 398321  122.69091   73   28  129.00000   94.03176  27.1%  14.5 1162s
 1091643 398854  109.00000   76   28  129.00000   94.04043  27.1%  14.5 1165s
 1095194 400051  101.13315   58   27  129.00000   94.06322  27.1%  14.5 1170s
 1099197 401098 infeasible   63       129.00000   94.08139  27.1%  14.5 1176s
 1103053 402340  106.12387   56   56  129.00000   94.10119  27.1%  14.5 1181s
 1106066 403203  105.53950   63   58  129.00000   94.11514  27.0%  14.5 1186s
 1109858 404279  123.77166   58   45  129.00000   94.13275  27.0%  14.5 1192s
 1111299 404817  124.84385   63   19  129.00000   94.14172  27.0%  14.5 1195s
 1114826 405740  111.45881   65   72  129.00000   94.15911  27.0%  14.5 1200s
 1117875 406925  111.72000   60   31  129.00000   94.17779  27.0%  14.5 1205s
 1121245 407974  127.83914   56   38  129.00000   94.19283  27.0%  14.5 1210s
 1124836 409049  100.14968   54   55  129.00000   94.21489  27.0%  14.5 1215s
 1127748 410141  119.69205   62   50  129.00000   94.23628  26.9%  14.5 1220s
 1131005 411221  108.40828   63   51  129.00000   94.25717  26.9%  14.5 1225s
 1134343 412340  118.53435   71   33  129.00000   94.27732  26.9%  14.5 1230s
 1137686 413538  117.61181   52   55  129.00000   94.29659  26.9%  14.5 1236s
 1141557 414506   96.74960   63   51  129.00000   94.31931  26.9%  14.5 1241s
 1144813 415782  123.50000   64   23  129.00000   94.33621  26.9%  14.5 1247s
 1146972 416279     cutoff   73       129.00000   94.34802  26.9%  14.5 1250s
 1150028 417526  102.18759   62   48  129.00000   94.36957  26.8%  14.5 1255s
 1153832 418712  100.46820   57   35  129.00000   94.39234  26.8%  14.5 1261s
 1157776 419774  104.90000   59   46  129.00000   94.41286  26.8%  14.5 1266s
 1160978 421113  119.41473   68   43  129.00000   94.42865  26.8%  14.5 1271s
 1164841 422191  126.36530   60   41  129.00000   94.44713  26.8%  14.5 1276s
 1168137 423263  107.05300   58   46  129.00000   94.46416  26.8%  14.5 1281s
 1171475 424317     cutoff   67       129.00000   94.48075  26.8%  14.5 1286s
 1174980 425574  119.13333   60   40  129.00000   94.50162  26.7%  14.5 1292s
 1178532 426819  127.50000   69   18  129.00000   94.52246  26.7%  14.5 1297s
 1182083 427928  107.06743   56   52  129.00000   94.54138  26.7%  14.5 1302s
 1183690 428507   98.95285   59   67  129.00000   94.55020  26.7%  14.5 1305s
 1186317 429378  103.15577   54   55  129.00000   94.56066  26.7%  14.5 1310s
 1189714 430592  109.45918   58   58  129.00000   94.58424  26.7%  14.5 1315s
 1193551 431677  119.00000   66   24  129.00000   94.60669  26.7%  14.5 1321s
 1197215 432881  106.27922   56   40  129.00000   94.62616  26.6%  14.5 1326s
 1200591 434217  125.62911   69   37  129.00000   94.64700  26.6%  14.5 1332s
 1202627 434747  104.35504   60   51  129.00000   94.65788  26.6%  14.5 1335s
 1205894 435952  103.32741   60   31  129.00000   94.67771  26.6%  14.5 1340s
 1209396 436996  108.59553   58   43  129.00000   94.69695  26.6%  14.5 1345s
 1212950 438073  107.33333   67   37  129.00000   94.71565  26.6%  14.5 1350s
 1216321 439148  124.28844   61   49  129.00000   94.73317  26.6%  14.5 1355s
 1219723 440364   97.77751   56   70  129.00000   94.74825  26.6%  14.5 1361s
 1223575 441658   97.54212   61   53  129.00000   94.76412  26.5%  14.5 1367s
 1226732 442229   94.83010   56   53  129.00000   94.77644  26.5%  14.5 1370s
 1228966 443434  117.61096   54   51  129.00000   94.79089  26.5%  14.5 1375s
 1232254 444501  105.25000   58   32  129.00000   94.81115  26.5%  14.5 1380s
 1235598 445532  123.35900   52   73  129.00000   94.83010  26.5%  14.5 1385s
 1239071 446710   95.82679   50   48  129.00000   94.84942  26.5%  14.5 1391s
 1242518 447848  110.27528   64   56  129.00000   94.86679  26.5%  14.5 1396s
 1246575 448927  114.27778   61   38  129.00000   94.88416  26.4%  14.5 1402s
 1250231 449992  120.51170   54   55  129.00000   94.90476  26.4%  14.5 1407s
 1251757 450473   99.22323   52   64  129.00000   94.90991  26.4%  14.5 1410s
 1255089 451526  104.28258   61   44  129.00000   94.92700  26.4%  14.5 1415s
 1258430 452663  125.81988   70   22  129.00000   94.94486  26.4%  14.5 1421s
 1262299 453906     cutoff   67       129.00000   94.96403  26.4%  14.5 1426s
 1265805 455105  102.16868   60   64  129.00000   94.98543  26.4%  14.5 1432s
 1267776 455649  123.03834   59   47  129.00000   94.99611  26.4%  14.5 1435s
 1271389 456749   96.86490   49   61  129.00000   95.00000  26.4%  14.6 1440s
 1275127 457841     cutoff   64       129.00000   95.01623  26.3%  14.6 1446s
 1278255 458876   99.12873   59   51  129.00000   95.03070  26.3%  14.6 1451s
 1281735 459938  124.00000   65   21  129.00000   95.05121  26.3%  14.6 1457s
 1283317 460582  116.80258   51   38  129.00000   95.06006  26.3%  14.6 1460s
 1287198 461768  111.04824   63   51  129.00000   95.07593  26.3%  14.6 1465s
 1290755 462751   96.97255   62   52  129.00000   95.09453  26.3%  14.6 1470s
 1294229 463901  104.13210   67   51  129.00000   95.11254  26.3%  14.6 1476s
 1297859 465087     cutoff   73       129.00000   95.12717  26.3%  14.6 1481s
 1301235 465835  114.88129   64   43  129.00000   95.14457  26.2%  14.6 1487s
H1301374 430623                     126.0000000   95.14462  24.5%  14.6 1487s
 1301547 430913   97.19770   55   69  126.00000   95.14534  24.5%  14.6 1490s
 1305098 432207  119.46154   61   31  126.00000   95.16253  24.5%  14.6 1498s
 1307301 432708  106.65543   55   57  126.00000   95.17025  24.5%  14.6 1501s
 1309196 433250  123.05172   67   21  126.00000   95.18495  24.5%  14.6 1505s
 1313265 434431  115.64829   64   51  126.00000   95.20695  24.4%  14.6 1512s
 1315270 435036  102.45986   61   67  126.00000   95.21630  24.4%  14.6 1515s
 1319217 436108  105.00000   58   36  126.00000   95.23882  24.4%  14.6 1521s
 1322605 437061  106.00000   68   22  126.00000   95.25879  24.4%  14.6 1527s
 1325933 438125  117.17217   59   52  126.00000   95.27418  24.4%  14.6 1533s
 1327959 438516  113.90000   57   32  126.00000   95.28229  24.4%  14.6 1536s
 1331149 439516  120.63087   61   44  126.00000   95.30066  24.4%  14.6 1542s
 1332960 439973  111.27674   66   36  126.00000   95.31034  24.4%  14.6 1545s
 1336829 441046   97.79294   51   73  126.00000   95.33043  24.3%  14.6 1551s
 1340320 441827     cutoff   72       126.00000   95.34853  24.3%  14.6 1556s
 1341705 442492   98.18304   54   53  126.00000   95.35874  24.3%  14.6 1560s
 1345788 443544  112.91736   62   55  126.00000   95.37860  24.3%  14.6 1566s
 1349261 444613     cutoff   60       126.00000   95.40009  24.3%  14.6 1572s
 1351268 445038  117.81818   57   32  126.00000   95.40959  24.3%  14.6 1575s
 1354547 446082  124.60024   65   28  126.00000   95.42755  24.3%  14.6 1580s
 1357990 447156  113.76615   63   49  126.00000   95.44477  24.3%  14.6 1586s
 1361672 448009     cutoff   62       126.00000   95.46500  24.2%  14.6 1591s
 1363022 448593     cutoff   60       126.00000   95.47076  24.2%  14.6 1595s
 1367064 449670     cutoff   68       126.00000   95.48898  24.2%  14.6 1601s
 1370539 450556  107.48718   62   51  126.00000   95.50738  24.2%  14.6 1607s
 1372475 451159  108.57458   67   49  126.00000   95.51798  24.2%  14.6 1610s
 1376118 452105  114.09325   64   43  126.00000   95.53898  24.2%  14.6 1616s
 1379165 452614  119.97619   61   21  126.00000   95.55365  24.2%  14.6 1621s
 1381379 453657     cutoff   58       126.00000   95.56752  24.2%  14.6 1627s
 1383310 454080  115.42865   69   37  126.00000   95.57528  24.1%  14.6 1630s
 1386668 455059  121.45983   61   31  126.00000   95.59032  24.1%  14.6 1636s
 1390370 456119  104.59473   57   63  126.00000   95.60554  24.1%  14.6 1642s
 1393966 457005     cutoff   66       126.00000   95.62413  24.1%  14.6 1647s
 1395590 457443  122.22830   63   38  126.00000   95.63361  24.1%  14.6 1650s
 1399102 458496  117.21919   55   36  126.00000   95.65121  24.1%  14.6 1656s
 1402290 459373   96.53562   56   63  126.00000   95.66884  24.1%  14.6 1661s
 1405882 460308  118.92641   54   47  126.00000   95.68533  24.1%  14.6 1667s
 1409208 461220  115.00000   72   34  126.00000   95.70196  24.0%  14.6 1672s
 1410936 461606  100.06086   55   68  126.00000   95.70976  24.0%  14.6 1675s
 1414252 462500   97.05427   59   67  126.00000   95.72658  24.0%  14.6 1680s
 1417587 463449  102.34635   69   52  126.00000   95.74581  24.0%  14.6 1686s
 1421232 464286     cutoff   59       126.00000   95.75892  24.0%  14.6 1692s
 1422956 464795  102.20650   49   62  126.00000   95.76677  24.0%  14.6 1695s
 1426218 465694  111.55220   60   36  126.00000   95.78362  24.0%  14.6 1701s
 1429858 466680     cutoff   63       126.00000   95.80520  24.0%  14.6 1707s
 1431591 467132  119.05305   58   50  126.00000   95.81395  24.0%  14.6 1710s
 1434932 468096  113.01813   70   51  126.00000   95.83120  23.9%  14.6 1716s
 1438583 469128  100.15426   55   70  126.00000   95.84956  23.9%  14.6 1722s
 1440547 469602  101.33649   55   41  126.00000   95.85776  23.9%  14.6 1725s
 1444102 470448   96.92788   55   49  126.00000   95.87404  23.9%  14.6 1731s
 1447363 471374  105.06667   63   37  126.00000   95.88889  23.9%  14.6 1737s
 1449125 471999  120.62250   60   42  126.00000   95.89766  23.9%  14.6 1740s
 1452891 472934  101.94330   65   43  126.00000   95.91885  23.9%  14.6 1746s
 1456175 474039  119.00885   68   28  126.00000   95.93350  23.9%  14.6 1752s
 1458075 474590  117.22391   61   34  126.00000   95.94167  23.9%  14.6 1755s
 1461582 475417  124.00000   60   21  126.00000   95.95781  23.8%  14.7 1761s
 1464619 476571  113.30130   73   39  126.00000   95.97295  23.8%  14.7 1767s
 1467074 476995  119.50000   65   23  126.00000   95.98384  23.8%  14.6 1770s
 1470778 478038  125.00000   62   25  126.00000   96.00000  23.8%  14.7 1777s
 1472820 478553  101.43750   63   33  126.00000   96.00000  23.8%  14.7 1780s
 1476544 479506  102.00470   62   69  126.00000   96.00607  23.8%  14.7 1786s
 1479926 480495     cutoff   65       126.00000   96.02347  23.8%  14.7 1792s
 1481787 481007     cutoff   62       126.00000   96.03313  23.8%  14.7 1795s
 1485413 481916   99.35727   55   56  126.00000   96.04725  23.8%  14.7 1801s
 1489320 482818  115.36367   51   61  126.00000   96.06344  23.8%  14.7 1807s
 1490941 483250  115.42927   63   55  126.00000   96.07241  23.8%  14.7 1810s
 1494500 484139  116.42438   65   47  126.00000   96.08824  23.7%  14.7 1817s
 1496300 484758  113.00000   56   20  126.00000   96.09640  23.7%  14.7 1820s
 1500465 485663  119.12711   70   35  126.00000   96.11538  23.7%  14.7 1826s
 1503474 486498     cutoff   62       126.00000   96.12924  23.7%  14.7 1832s
 1505190 487053 infeasible   59       126.00000   96.13636  23.7%  14.7 1836s
 1509012 487873  117.39890   64   46  126.00000   96.15556  23.7%  14.7 1842s
 1512172 488901  124.67514   67   44  126.00000   96.17149  23.7%  14.7 1848s
 1514185 489419     cutoff   60       126.00000   96.18004  23.7%  14.7 1851s
 1518014 490274  120.01307   62   21  126.00000   96.19722  23.7%  14.7 1857s
 1519702 490721  123.33416   55   54  126.00000   96.20633  23.6%  14.7 1860s
 1523085 491783   99.19835   55   45  126.00000   96.21867  23.6%  14.7 1866s
 1526851 492758   97.20000   62   35  126.00000   96.23662  23.6%  14.7 1872s
 1528617 493204     cutoff   68       126.00000   96.24471  23.6%  14.7 1875s
 1532146 494238  100.62563   59   60  126.00000   96.26088  23.6%  14.7 1881s
 1533769 494755  100.20000   61   37  126.00000   96.26785  23.6%  14.7 1885s
 1537542 495886  120.05288   52   51  126.00000   96.28640  23.6%  14.7 1891s
 1541340 496771     cutoff   66       126.00000   96.30202  23.6%  14.7 1897s
 1543036 497170  123.06980   63   15  126.00000   96.30745  23.6%  14.7 1900s
 1546481 498229  106.61923   63   62  126.00000   96.32353  23.6%  14.7 1906s
 1548539 498690  114.16531   48   54  126.00000   96.33137  23.5%  14.7 1910s
 1551786 499606  113.22692   51   58  126.00000   96.34685  23.5%  14.7 1916s
 1554976 500551  115.29412   62   45  126.00000   96.36366  23.5%  14.7 1922s
 1557128 501130  111.11617   60   39  126.00000   96.37348  23.5%  14.7 1926s
 1561017 502172  125.00000   70   27  126.00000   96.39097  23.5%  14.7 1932s
 1562743 502668   98.50514   64   54  126.00000   96.39870  23.5%  14.7 1936s
 1566776 503747  104.08156   56   52  126.00000   96.41740  23.5%  14.7 1942s
 1568555 504225  117.18306   55   41  126.00000   96.42413  23.5%  14.7 1946s
 1571964 505289  122.24315   54   41  126.00000   96.44045  23.5%  14.7 1952s
 1574033 505870   98.81091   57   53  126.00000   96.44675  23.5%  14.7 1955s
 1577473 506778  116.05269   65   43  126.00000   96.46103  23.4%  14.7 1961s
 1580875 507830     cutoff   61       126.00000   96.47485  23.4%  14.7 1967s
 1582754 508366  116.38889   63   44  126.00000   96.48286  23.4%  14.7 1970s
 1586262 509377  122.80147   81   20  126.00000   96.49780  23.4%  14.7 1977s
 1588254 509750     cutoff   70       126.00000   96.50748  23.4%  14.7 1980s
 1591959 510737   97.99358   59   72  126.00000   96.52642  23.4%  14.7 1986s
 1595817 511768  114.85286   56   60  126.00000   96.53731  23.4%  14.7 1992s
 1597575 512262 infeasible   70       126.00000   96.54478  23.4%  14.7 1995s
 1600937 513341     cutoff   61       126.00000   96.56031  23.4%  14.7 2001s
 1604549 514173  102.73362   62   63  126.00000   96.57504  23.4%  14.7 2007s
 1606303 514627  106.01011   60   54  126.00000   96.58333  23.3%  14.7 2010s
 1609808 515730  100.98858   58   64  126.00000   96.59733  23.3%  14.7 2016s
 1613423 516509  102.41090   62   67  126.00000   96.61363  23.3%  14.7 2022s
 1616801 517334     cutoff   64       126.00000   96.62430  23.3%  14.7 2027s
 1618263 517774   98.61118   60   60  126.00000   96.63235  23.3%  14.7 2030s
 1622105 518828  102.15865   61   48  126.00000   96.64814  23.3%  14.7 2036s
 1625382 519655  107.63013   55   52  126.00000   96.65845  23.3%  14.7 2042s
 1626788 520143  103.66227   60   59  126.00000   96.66652  23.3%  14.7 2045s
 1630911 521293     cutoff   63       126.00000   96.68324  23.3%  14.7 2052s
 1632690 521809  103.16274   62   55  126.00000   96.69074  23.3%  14.7 2055s
 1636129 522693  101.04023   62   47  126.00000   96.70425  23.3%  14.7 2061s
 1639775 523578     cutoff   60       126.00000   96.72020  23.2%  14.7 2067s
 1641512 523989     cutoff   66       126.00000   96.72727  23.2%  14.7 2070s
 1643140 524014  110.81166   65   40  126.00000   96.73333  23.2%  14.7 2075s
 1644393 524896  102.97251   57   46  126.00000   96.73952  23.2%  14.7 2081s
 1646620 525543  103.23379   61   54  126.00000   96.74755  23.2%  14.7 2085s
 1650790 526612     cutoff   61       126.00000   96.76318  23.2%  14.7 2092s
 1652777 527167     cutoff   64       126.00000   96.77118  23.2%  14.7 2096s
 1656704 528098  122.15135   59   39  126.00000   96.78894  23.2%  14.7 2103s
 1658602 528636  124.97403   62   53  126.00000   96.79774  23.2%  14.7 2106s
 1662026 529486  115.33333   65   21  126.00000   96.81171  23.2%  14.7 2113s
 1663912 529832     cutoff   61       126.00000   96.82000  23.2%  14.7 2116s
 1667528 530777  111.11510   62   42  126.00000   96.83379  23.1%  14.7 2123s
 1669346 531139  104.43610   66   57  126.00000   96.84264  23.1%  14.7 2126s
 1673209 532178  111.93449   65   41  126.00000   96.85989  23.1%  14.7 2133s
 1674941 532622  108.75061   60   43  126.00000   96.86817  23.1%  14.7 2136s
 1678457 533825  122.05743   59   34  126.00000   96.88620  23.1%  14.7 2143s
 1680534 534369   99.52426   61   56  126.00000   96.89378  23.1%  14.7 2146s
 1683977 535364  116.20930   69   27  126.00000   96.90832  23.1%  14.7 2152s
 1685852 535875  105.31974   63   48  126.00000   96.91596  23.1%  14.7 2155s
 1689360 536638     cutoff   71       126.00000   96.92806  23.1%  14.7 2161s
 1690989 537114   99.37333   50   51  126.00000   96.93630  23.1%  14.7 2165s
 1694592 538224  119.77241   69   34  126.00000   96.95192  23.1%  14.7 2171s
 1696780 538604  109.47802   63   47  126.00000   96.95943  23.0%  14.7 2175s
 1700452 539621  106.53788   69   53  126.00000   96.97348  23.0%  14.7 2181s
 1704267 540677     cutoff   65       126.00000   96.98899  23.0%  14.7 2187s
 1706013 541200  106.82151   59   44  126.00000   96.99562  23.0%  14.7 2190s
 1710580 542283  118.23077   63   37  126.00000   97.00000  23.0%  14.7 2197s
 1712380 542768  112.02309   50   55  126.00000   97.00000  23.0%  14.7 2201s
 1715987 543745  104.97737   64   62  126.00000   97.01026  23.0%  14.7 2207s
 1717768 544172  110.45214   62   59  126.00000   97.01715  23.0%  14.7 2210s
 1721258 545039  123.68123   62   32  126.00000   97.02894  23.0%  14.7 2216s
 1722962 545664  106.80398   65   44  126.00000   97.03571  23.0%  14.7 2220s
 1726629 546571  110.58245   53   57  126.00000   97.04817  23.0%  14.7 2226s
 1728646 547130  100.41258   58   49  126.00000   97.05628  23.0%  14.7 2230s
 1733070 548150   98.33928   55   57  126.00000   97.06950  23.0%  14.7 2237s
 1735308 548634  117.91263   67   49  126.00000   97.07560  23.0%  14.7 2240s
 1738924 549532  120.03584   63   28  126.00000   97.08949  22.9%  14.7 2247s
 1740816 550094  110.42848   57   59  126.00000   97.09834  22.9%  14.7 2250s
 1744559 550831  122.00000   65   22  126.00000   97.11111  22.9%  14.7 2256s
 1747543 551933  110.67045   59   32  126.00000   97.12293  22.9%  14.7 2262s
 1749568 552316  120.93678   67   24  126.00000   97.13115  22.9%  14.7 2265s
 1753071 553145  100.98490   51   80  126.00000   97.14372  22.9%  14.7 2271s
 1756576 554213     cutoff   70       126.00000   97.15828  22.9%  14.8 2277s
 1758633 554621  118.00000   59   36  126.00000   97.16667  22.9%  14.8 2280s
 1761831 555444  116.19693   62   38  126.00000   97.18032  22.9%  14.8 2286s
 1765506 556206  122.69850   68   25  126.00000   97.19199  22.9%  14.8 2292s
 1767339 556735   99.10881   53   71  126.00000   97.19850  22.9%  14.8 2295s
 1770987 557658  113.04880   73   34  126.00000   97.21075  22.8%  14.8 2301s
 1774137 558491  116.31240   52   42  126.00000   97.22236  22.8%  14.8 2307s
 1776026 558981  108.96123   63   55  126.00000   97.23030  22.8%  14.8 2310s
 1779710 559936  100.37936   58   64  126.00000   97.24465  22.8%  14.8 2317s
 1781549 560355  105.74444   56   36  126.00000   97.25151  22.8%  14.8 2320s
 1785086 561383  103.16813   58   41  126.00000   97.26404  22.8%  14.8 2327s
 1787276 561932  115.09240   61   47  126.00000   97.27190  22.8%  14.8 2330s
 1790674 562778  106.33231   59   53  126.00000   97.28713  22.8%  14.8 2336s
 1792604 563351  112.64121   60   46  126.00000   97.29450  22.8%  14.8 2340s
 1796691 564271  106.84605   59   52  126.00000   97.30830  22.8%  14.8 2346s
 1800017 564986  118.13373   59   51  126.00000   97.31889  22.8%  14.8 2352s
 1801741 565601  124.64491   61   52  126.00000   97.32761  22.8%  14.8 2355s
 1805904 566441     cutoff   62       126.00000   97.34091  22.7%  14.8 2361s
 1809277 567288  115.30114   67   50  126.00000   97.35387  22.7%  14.8 2368s
 1810938 567711  101.33944   57   58  126.00000   97.35918  22.7%  14.8 2370s
 1814466 568681   98.55118   52   63  126.00000   97.37327  22.7%  14.8 2377s
 1816177 569241  123.17037   71   27  126.00000   97.37978  22.7%  14.8 2380s
 1819921 570302  122.70827   60   26  126.00000   97.39377  22.7%  14.8 2387s
 1822112 570701  110.97413   51   61  126.00000   97.40103  22.7%  14.8 2390s
 1825246 571502  106.03587   54   50  126.00000   97.41678  22.7%  14.8 2396s
 1828784 572374  121.46819   62   46  126.00000   97.42936  22.7%  14.8 2402s
 1830541 573011  118.14035   53   25  126.00000   97.43708  22.7%  14.8 2406s
 1834248 573941     cutoff   60       126.00000   97.44861  22.7%  14.8 2412s
 1836105 574423  121.51990   63   49  126.00000   97.45705  22.7%  14.8 2415s
 1839978 575382  115.84109   61   38  126.00000   97.47125  22.6%  14.8 2421s
 1843287 576155  106.42884   59   49  126.00000   97.48377  22.6%  14.8 2427s
 1845050 576646  104.15320   55   48  126.00000   97.49215  22.6%  14.8 2431s
 1849086 577592     cutoff   61       126.00000   97.50266  22.6%  14.8 2437s
 1850893 578003  101.80286   55   51  126.00000   97.51173  22.6%  14.8 2440s
 1854485 578570  101.26858   56   54  126.00000   97.52670  22.6%  14.8 2445s
 1855152 579901     cutoff   65       126.00000   97.52670  22.6%  14.8 2457s
 1860659 580507  122.69047   65   49  126.00000   97.54647  22.6%  14.8 2460s
 1865195 581675  121.96941   62   36  126.00000   97.56217  22.6%  14.8 2467s
 1867001 582203  100.39080   51   64  126.00000   97.56834  22.6%  14.8 2470s
 1870868 583205  120.49317   68   32  126.00000   97.58101  22.6%  14.8 2477s
 1872744 583664  102.54254   62   50  126.00000   97.58745  22.5%  14.8 2480s
 1876600 584619   97.60408   59   54  126.00000   97.60067  22.5%  14.8 2486s
 1880002 585494  106.99068   62   57  126.00000   97.61465  22.5%  14.8 2492s
 1881895 586028  100.83773   58   69  126.00000   97.62214  22.5%  14.8 2495s
 1885860 587075  104.91233   62   45  126.00000   97.63559  22.5%  14.8 2501s
 1889454 587965  123.23897   60   40  126.00000   97.64898  22.5%  14.8 2507s
 1891236 588416  101.73507   59   51  126.00000   97.65475  22.5%  14.8 2510s
 1894783 589401     cutoff   69       126.00000   97.66845  22.5%  14.8 2517s
 1896800 589966  107.27625   62   48  126.00000   97.67531  22.5%  14.8 2520s
 1900915 590816  104.08403   64   46  126.00000   97.68915  22.5%  14.8 2526s
 1904400 591698  107.55504   55   40  126.00000   97.70110  22.5%  14.8 2532s
 1906329 592145  114.77188   64   48  126.00000   97.70821  22.5%  14.8 2535s
 1910223 592992  105.93348   58   60  126.00000   97.72228  22.4%  14.8 2541s
 1913472 593936  120.68686   74   21  126.00000   97.73282  22.4%  14.8 2546s
 1917451 595018  123.00000   72   24  126.00000   97.74752  22.4%  14.8 2553s
 1919370 595397  125.00000   56   32  126.00000   97.75180  22.4%  14.8 2555s
 1923019 596302     cutoff   67       126.00000   97.76344  22.4%  14.8 2561s
 1926537 596873   99.36845   62   50  126.00000   97.77461  22.4%  14.8 2566s
 1929972 597686  116.72179   60   55  126.00000   97.78618  22.4%  14.8 2572s
 1931788 598091  107.94697   62   36  126.00000   97.79336  22.4%  14.8 2575s
 1935613 598998     cutoff   57       126.00000   97.80513  22.4%  14.8 2581s
 1939043 599861  116.00805   68   45  126.00000   97.81884  22.4%  14.8 2587s
 1940613 600308  116.08035   63   42  126.00000   97.82531  22.4%  14.8 2590s
 1944148 601323  107.00000   58   40  126.00000   97.83895  22.4%  14.8 2596s
 1947731 602142  115.07097   70   37  126.00000   97.85230  22.3%  14.8 2602s
 1949366 602664  117.09231   58   44  126.00000   97.85714  22.3%  14.8 2605s
 1953407 603665     cutoff   70       126.00000   97.86933  22.3%  14.8 2611s
 1957545 604576  117.40657   62   39  126.00000   97.88069  22.3%  14.8 2617s
 1959433 604964     cutoff   60       126.00000   97.88718  22.3%  14.8 2620s
 1963435 605820   98.35102   55   58  126.00000   97.89953  22.3%  14.8 2626s
 1966942 606699 infeasible   67       126.00000   97.91211  22.3%  14.8 2632s
 1968639 607330  111.02020   60   40  126.00000   97.91990  22.3%  14.8 2635s
 1972680 608229  124.17357   65   52  126.00000   97.93163  22.3%  14.8 2641s
 1976373 609061  114.00000   61   40  126.00000   97.94252  22.3%  14.8 2647s
 1978477 609470     cutoff   73       126.00000   97.94872  22.3%  14.8 2650s
 1981690 610396  104.80653   63   56  126.00000   97.96011  22.3%  14.8 2656s
 1985296 611326  101.45002   61   54  126.00000   97.97454  22.2%  14.8 2662s
 1987015 611913     cutoff   56       126.00000   97.98207  22.2%  14.8 2665s
 1990450 612824   98.58629   52   57  126.00000   97.99380  22.2%  14.8 2672s
 1992850 613358  102.31830   62   64  126.00000   98.00000  22.2%  14.8 2676s
 1995810 613923  100.49606   54   50  126.00000   98.00000  22.2%  14.8 2682s
 1997554 614509  109.00000   55   38  126.00000   98.00000  22.2%  14.8 2686s
 1999729 614924     cutoff   64       126.00000   98.00609  22.2%  14.8 2690s
 2003831 615817  117.39050   64   52  126.00000   98.02189  22.2%  14.8 2697s
 2005843 616272     cutoff   62       126.00000   98.02847  22.2%  14.8 2700s
 2009455 617362  105.82242   63   49  126.00000   98.03903  22.2%  14.8 2706s
 2013533 618322  117.87323   60   48  126.00000   98.05174  22.2%  14.8 2712s
 2015252 618736  123.45952   65   29  126.00000   98.05848  22.2%  14.8 2715s
 2018652 619762  122.00000   68   40  126.00000   98.07100  22.2%  14.8 2721s
 2022546 620722 infeasible   76       126.00000   98.08332  22.2%  14.8 2727s
 2024502 621122 infeasible   59       126.00000   98.08974  22.2%  14.8 2730s
 2028420 622025     cutoff   61       126.00000   98.10326  22.1%  14.8 2736s
 2031525 622875  109.65031   59   59  126.00000   98.11400  22.1%  14.8 2742s
 2033286 623421  107.87602   66   44  126.00000   98.11936  22.1%  14.8 2745s
 2037193 624395  117.19702   62   50  126.00000   98.13115  22.1%  14.8 2751s
 2040103 625252  108.97273   61   48  126.00000   98.14286  22.1%  14.8 2756s
 2043843 626272  105.72386   61   58  126.00000   98.15102  22.1%  14.8 2762s
 2045483 626773  106.12500   55   40  126.00000   98.15636  22.1%  14.8 2765s
 2049169 627922  117.00000   67   28  126.00000   98.16786  22.1%  14.8 2772s
 2052922 628572  102.44106   55   55  126.00000   98.17886  22.1%  14.8 2777s
 2054546 628926 infeasible   64       126.00000   98.18647  22.1%  14.8 2780s
 2057994 629843  101.00140   59   59  126.00000   98.19888  22.1%  14.8 2786s
 2061874 630696     cutoff   62       126.00000   98.21144  22.1%  14.8 2792s
 2063492 631114  122.12214   60   58  126.00000   98.21712  22.0%  14.8 2795s
 2067428 632189  118.54939   70   32  126.00000   98.22778  22.0%  14.8 2801s
 2071244 633080   99.05402   59   62  126.00000   98.24061  22.0%  14.8 2808s
 2073200 633536  100.26852   59   44  126.00000   98.24658  22.0%  14.8 2811s
 2077420 634481     cutoff   73       126.00000   98.25832  22.0%  14.8 2817s
 2079208 634885  111.51048   60   58  126.00000   98.26251  22.0%  14.8 2820s
 2082728 635746  123.00000   69   40  126.00000   98.27500  22.0%  14.8 2826s
 2085991 636764  122.23897   66   29  126.00000   98.28522  22.0%  14.8 2832s
 2088190 637148     cutoff   60       126.00000   98.29152  22.0%  14.8 2835s
 2091691 637996  118.57143   67   32  126.00000   98.30333  22.0%  14.8 2842s
 2093593 638468  118.00000   62   30  126.00000   98.30924  22.0%  14.8 2845s
 2097530 639441   99.05793   59   56  126.00000   98.32002  22.0%  14.8 2852s
 2099899 639924  103.91137   57   58  126.00000   98.32680  22.0%  14.8 2855s
 2103561 640667  105.58006   51   43  126.00000   98.33738  22.0%  14.8 2861s
 2106918 641483  117.90831   64   37  126.00000   98.34790  21.9%  14.8 2868s
 2108753 641901  117.53217   66   35  126.00000   98.35275  21.9%  14.8 2871s
 2112513 642890  118.71851   59   53  126.00000   98.36535  21.9%  14.8 2877s
 2114357 643443  123.92741   68   35  126.00000   98.37046  21.9%  14.8 2880s
 2117916 644305  103.95695   64   44  126.00000   98.38121  21.9%  14.8 2886s
 2121661 645164 infeasible   70       126.00000   98.39390  21.9%  14.8 2892s
 2123728 645688     cutoff   68       126.00000   98.40000  21.9%  14.8 2896s
 2127566 646468  115.02121   63   38  126.00000   98.41198  21.9%  14.8 2902s
 2129131 646897 infeasible   72       126.00000   98.41722  21.9%  14.8 2905s
 2131010 646900  123.50091   58   33  126.00000   98.42222  21.9%  14.8 2912s
 2131034 647115     cutoff   58       126.00000   98.42254  21.9%  14.8 2915s
 2133826 647927  110.18396   59   70  126.00000   98.43151  21.9%  14.8 2921s
 2137246 648630     cutoff   66       126.00000   98.44233  21.9%  14.8 2928s
 2139103 649112  109.25816   61   61  126.00000   98.44799  21.9%  14.8 2931s
 2142908 649974  118.55082   78   36  126.00000   98.45985  21.9%  14.8 2938s
 2144848 650485     cutoff   63       126.00000   98.46667  21.9%  14.8 2941s
 2148764 651362  113.77547   57   53  126.00000   98.47925  21.8%  14.8 2948s
 2150589 651786     cutoff   67       126.00000   98.48413  21.8%  14.8 2951s
 2152478 652114  103.59212   66   51  126.00000   98.49035  21.8%  14.8 2955s
 2156096 653059  110.96154   59   40  126.00000   98.50011  21.8%  14.8 2962s
 2158165 653600 infeasible   67       126.00000   98.50679  21.8%  14.8 2965s
 2160135 653626     cutoff   65       126.00000   98.51131  21.8%  14.8 2973s
 2160228 654080     cutoff   66       126.00000   98.51230  21.8%  14.8 2976s
 2162140 654547  106.73743   65   63  126.00000   98.52028  21.8%  14.8 2980s
 2166176 655519     cutoff   56       126.00000   98.53278  21.8%  14.8 2987s
 2168142 656034  121.02578   63   34  126.00000   98.53947  21.8%  14.8 2991s
 2170805 656515     cutoff   71       126.00000   98.54748  21.8%  14.8 2995s
 2174093 657396  106.50183   60   39  126.00000   98.56032  21.8%  14.8 3001s
 2175929 657749  125.00000   66   28  126.00000   98.56412  21.8%  14.8 3005s
 2179487 658575     cutoff   68       126.00000   98.57472  21.8%  14.8 3011s
 2182780 659318  112.22243   63   49  126.00000   98.58780  21.8%  14.8 3017s
 2184834 659748 infeasible   65       126.00000   98.59353  21.8%  14.8 3020s
 2188677 660667  114.11047   58   64  126.00000   98.60673  21.7%  14.8 3027s
 2190527 661053  109.78930   68   44  126.00000   98.61278  21.7%  14.8 3030s
 2194295 661977  120.26034   58   61  126.00000   98.62420  21.7%  14.8 3037s
 2196124 662390  114.48648   64   37  126.00000   98.62953  21.7%  14.8 3040s
 2199811 663292  110.25455   60   26  126.00000   98.64192  21.7%  14.8 3047s
 2201815 663689     cutoff   62       126.00000   98.64694  21.7%  14.8 3050s
 2205574 664528  106.75483   59   46  126.00000   98.65968  21.7%  14.8 3057s
 2207427 664988  121.39540   60   35  126.00000   98.66662  21.7%  14.8 3060s
 2210743 665708     cutoff   73       126.00000   98.67553  21.7%  14.8 3066s
 2212604 666210  107.44444   59   29  126.00000   98.68170  21.7%  14.8 3070s
 2216475 667099  100.36451   66   54  126.00000   98.69492  21.7%  14.8 3076s
 2218373 667720  105.92166   56   73  126.00000   98.70091  21.7%  14.8 3080s
 2222158 668383  100.94604   57   67  126.00000   98.71103  21.7%  14.8 3085s
 2225497 669217     cutoff   72       126.00000   98.72052  21.7%  14.8 3091s
 2229360 669933  111.30358   63   45  126.00000   98.73424  21.6%  14.8 3097s
 2230939 670377   99.30936   50   59  126.00000   98.73936  21.6%  14.8 3100s
 2234438 671322  115.41667   59   52  126.00000   98.75000  21.6%  14.8 3106s
 2236492 671893  102.58735   60   77  126.00000   98.75556  21.6%  14.8 3110s
 2239940 672713  111.85929   66   54  126.00000   98.76656  21.6%  14.8 3116s
 2243727 673528  108.94200   60   62  126.00000   98.77849  21.6%  14.8 3122s
 2245422 673992  113.37105   65   45  126.00000   98.78374  21.6%  14.8 3125s
 2248891 674863  100.73242   57   72  126.00000   98.79703  21.6%  14.8 3132s
 2250709 675250   99.70055   62   47  126.00000   98.80210  21.6%  14.8 3135s
 2254646 676244  107.69751   59   60  126.00000   98.81700  21.6%  14.8 3142s
 2256572 676740  104.08586   64   36  126.00000   98.82199  21.6%  14.8 3145s
 2260246 677533  124.27972   69   22  126.00000   98.83220  21.6%  14.8 3152s
 2262201 677920  113.72402   56   49  126.00000   98.83799  21.6%  14.8 3155s
 2265847 678959  102.47103   55   41  126.00000   98.84950  21.5%  14.8 3162s
 2268264 679324  103.54242   61   41  126.00000   98.85671  21.5%  14.8 3165s
 2271844 680142  107.91118   61   48  126.00000   98.86679  21.5%  14.8 3171s
 2275268 681046     cutoff   72       126.00000   98.87879  21.5%  14.8 3178s
 2277191 681601  105.25253   56   45  126.00000   98.88411  21.5%  14.8 3181s
 2281210 682339     cutoff   65       126.00000   98.89499  21.5%  14.8 3188s
 2282939 682676     cutoff   71       126.00000   98.90079  21.5%  14.8 3191s
 2286701 683684  110.30288   61   38  126.00000   98.91217  21.5%  14.8 3198s
 2288773 684051  102.01316   58   45  126.00000   98.91830  21.5%  14.8 3201s
 2292363 684969  108.10085   64   44  126.00000   98.92843  21.5%  14.8 3207s
 2294263 685280 infeasible   57       126.00000   98.93333  21.5%  14.8 3210s
 2298132 686173  104.84269   62   53  126.00000   98.94568  21.5%  14.8 3217s
 2300063 686556  115.00000   60   40  126.00000   98.95000  21.5%  14.8 3220s
 2303583 687335  124.88301   60   39  126.00000   98.96003  21.5%  14.8 3226s
 2305252 687733     cutoff   60       126.00000   98.96548  21.5%  14.8 3230s
 2308909 688725     cutoff   55       126.00000   98.97701  21.4%  14.8 3237s
 2311231 689123  103.93130   65   32  126.00000   98.98479  21.4%  14.8 3241s
 2313033 689683  108.50895   67   47  126.00000   98.99061  21.4%  14.8 3245s
 2315606 690202  112.27413   54   55  126.00000   98.99767  21.4%  14.8 3250s
 2318822 690778  118.00000   59   22  126.00000   99.00000  21.4%  14.8 3255s
 2322811 691770  114.36364   65   31  126.00000   99.00000  21.4%  14.8 3262s
 2324726 692117  102.41275   62   50  126.00000   99.00000  21.4%  14.8 3265s
 2328352 693086  101.27273   62   36  126.00000   99.00980  21.4%  14.8 3272s
 2330290 693543  109.36672   53   49  126.00000   99.01661  21.4%  14.8 3275s
 2334728 694591  118.53501   67   39  126.00000   99.02770  21.4%  14.8 3282s
 2336686 695004  122.44113   64   31  126.00000   99.03314  21.4%  14.8 3286s
 2340197 695796     cutoff   67       126.00000   99.04391  21.4%  14.8 3292s
 2342079 696371  116.42200   58   43  126.00000   99.04872  21.4%  14.8 3296s
 2346237 697287  124.74447   65   22  126.00000   99.06036  21.4%  14.8 3302s
 2347949 697732  121.00476   56   35  126.00000   99.06524  21.4%  14.8 3306s
 2351803 698702  114.25236   57   33  126.00000   99.07542  21.4%  14.8 3312s
 2353815 699127  101.07064   60   61  126.00000   99.08182  21.4%  14.8 3315s
 2357237 699987  105.72177   58   52  126.00000   99.09201  21.4%  14.8 3322s
 2359118 700480  113.35291   65   42  126.00000   99.09784  21.4%  14.8 3326s
 2363335 701528  113.20513   66   46  126.00000   99.10972  21.3%  14.8 3333s
 2365331 701977  116.39369   65   41  126.00000   99.11438  21.3%  14.8 3336s
 2369015 702911  111.79641   75   43  126.00000   99.12646  21.3%  14.8 3342s
 2370781 703417   99.40183   57   61  126.00000   99.13052  21.3%  14.8 3346s
 2374521 704334  109.27972   66   35  126.00000   99.14138  21.3%  14.8 3352s
 2376378 704768  123.76657   57   44  126.00000   99.14583  21.3%  14.8 3356s
 2380309 705630  100.62755   54   61  126.00000   99.15611  21.3%  14.8 3362s
 2382178 706005  115.15550   61   77  126.00000   99.16110  21.3%  14.8 3365s
 2385874 706806  115.22475   59   49  126.00000   99.17184  21.3%  14.8 3372s
 2387735 707205  123.17440   54   50  126.00000   99.17769  21.3%  14.8 3376s
 2389261 707799  110.00000   61   30  126.00000   99.18276  21.3%  14.8 3380s
 2393832 708839     cutoff   79       126.00000   99.19429  21.3%  14.8 3387s
 2395747 709217  112.96429   54   34  126.00000   99.20000  21.3%  14.8 3390s
 2399433 710147  124.36216   67   23  126.00000   99.20903  21.3%  14.8 3397s
 2401193 710635  111.49414   52   66  126.00000   99.21554  21.3%  14.8 3401s
 2405311 711384  107.80574   63   47  126.00000   99.22619  21.2%  14.8 3407s
 2406901 711768     cutoff   74       126.00000   99.23134  21.2%  14.8 3410s
 2410743 712614  116.83326   66   49  126.00000   99.24056  21.2%  14.8 3416s
 2412436 713010  102.88158   57   75  126.00000   99.24622  21.2%  14.8 3420s
 2416012 713841  106.80000   62   31  126.00000   99.25537  21.2%  14.8 3426s
 2417905 714290  115.85380   56   41  126.00000   99.26211  21.2%  14.8 3430s
 2422054 715172  119.79508   63   33  126.00000   99.27387  21.2%  14.8 3437s
 2423953 715620  116.00000   59   24  126.00000   99.28037  21.2%  14.8 3440s
 2427488 716513     cutoff   65       126.00000   99.29159  21.2%  14.8 3447s
 2429425 717017  124.06887   71   33  126.00000   99.29825  21.2%  14.8 3450s
 2432959 717754  110.05351   59   61  126.00000   99.30821  21.2%  14.8 3456s
 2434852 718144     cutoff   61       126.00000   99.31445  21.2%  14.8 3460s
 2438538 718991  106.78888   64   51  126.00000   99.32521  21.2%  14.8 3466s
 2440367 719598  113.58333   64   28  126.00000   99.33045  21.2%  14.8 3470s
 2444336 720375     cutoff   69       126.00000   99.34151  21.2%  14.8 3477s
 2446117 720911  104.26696   55   67  126.00000   99.34694  21.2%  14.8 3480s
 2450066 721831  110.49814   60   39  126.00000   99.35667  21.1%  14.8 3487s
 2452229 722192  124.16127   59   50  126.00000   99.36288  21.1%  14.8 3490s
 2455460 723094  120.95298   52   37  126.00000   99.37325  21.1%  14.8 3496s
 2458940 723892  124.00000   68   22  126.00000   99.38212  21.1%  14.8 3502s
 2460924 724418  117.54552   59   49  126.00000   99.38847  21.1%  14.8 3505s
 2464961 725176  113.69710   57   53  126.00000   99.40036  21.1%  14.8 3512s
 2466753 725635  122.48393   70   32  126.00000   99.40546  21.1%  14.8 3515s
 2470777 726458  100.76008   58   57  126.00000   99.41843  21.1%  14.8 3522s
 2472498 726832  115.33224   66   58  126.00000   99.42190  21.1%  14.8 3526s
 2476285 727702  117.93304   61   39  126.00000   99.43448  21.1%  14.9 3533s
 2478317 728049  101.53177   59   50  126.00000   99.44036  21.1%  14.9 3536s
 2480132 728684  107.47500   67   39  126.00000   99.44449  21.1%  14.9 3540s
 2484471 729459  113.81818   64   34  126.00000   99.45516  21.1%  14.9 3547s
 2486110 729834  105.60190   60   53  126.00000   99.46131  21.1%  14.9 3550s
 2489969 730879  110.99707   56   55  126.00000   99.47314  21.1%  14.9 3557s
 2492001 731288  107.43270   57   49  126.00000   99.48000  21.0%  14.9 3561s
 2495592 732113  102.67606   58   73  126.00000   99.49074  21.0%  14.9 3567s
 2497373 732471  103.06000   61   42  126.00000   99.49655  21.0%  14.9 3570s
 2500817 733235 infeasible   61       126.00000   99.50587  21.0%  14.9 3577s
 2503002 733770  114.53333   62   30  126.00000   99.51154  21.0%  14.9 3581s
 2506962 734635     cutoff   65       126.00000   99.52381  21.0%  14.9 3587s
 2508842 735084     cutoff   66       126.00000   99.52964  21.0%  14.9 3591s
 2511453 735586  109.94023   57   56  126.00000   99.53545  21.0%  14.9 3595s
 2514656 736117     cutoff   69       126.00000   99.54631  21.0%  14.9 3600s

Cutting planes:
  Learned: 385
  Gomory: 207
  Lift-and-project: 4
  Cover: 28
  Implied bound: 5
  Projected implied bound: 1
  MIR: 1524
  StrongCG: 500
  Flow cover: 2819
  Inf proof: 154
  Zero half: 196
  Mod-K: 2
  RLT: 53
  Relax-and-lift: 19

Explored 2515609 nodes (37365290 simplex iterations) in 3600.20 seconds (576.40 work units)
Thread count was 16 (of 16 available processors)

Solution count 10: 126 129 132 ... 179

Time limit reached
Best objective 1.260000000000e+02, best bound 1.000000000000e+02, gap 20.6349%
Warning: constraint name "precedence between 0,0 to 0,1 if x_[0,0,0,1,3]=0, i.e. 0,1 before 0,0" has a space
Warning: constraint name "precedence between 0,0 to 0,1 if x_[0,0,0,1,3]=0, i.e. 0,1 before 0,0" has a space
Warning: default constraint names used to write mps file
