
Gurobi 10.0.1 (win64) logging started Fri Oct  6 22:22:18 2023

Set parameter LogFile to value "./results//log/URT_14_deadline_heurTrue.log"
Gurobi Optimizer version 10.0.1 build v10.0.1rc0 (win64)

CPU model: AMD Ryzen 7 3700X 8-Core Processor, instruction set [SSE2|AVX|AVX2]
Thread count: 8 physical cores, 16 logical processors, using up to 16 threads

Optimize a model with 881 rows, 589 columns and 3603 nonzeros
Model fingerprint: 0xbe0ef753
Model has 1 quadratic constraint
Variable types: 0 continuous, 589 integer (525 binary)
Coefficient statistics:
  Matrix range     [1e+00, 1e+07]
  QMatrix range    [1e+00, 1e+00]
  QLMatrix range   [1e+00, 1e+01]
  Objective range  [1e+00, 1e+00]
  Bounds range     [1e+00, 1e+00]
  RHS range        [1e+00, 3e+07]

Warning: Completing partial solution with 547 unfixed non-continuous variables out of 589
User MIP start did not produce a new incumbent solution
User MIP start violates constraint initial_start_time_job2_stage0_machine6_constraint by 2.000000000

Presolve removed 104 rows and 237 columns
Presolve time: 0.02s
Presolved: 799 rows, 373 columns, 3583 nonzeros
Variable types: 0 continuous, 373 integer (288 binary)

Root relaxation: objective 0.000000e+00, 82 iterations, 0.00 seconds (0.00 work units)
Another try with MIP start

    Nodes    |    Current Node    |     Objective Bounds      |     Work
 Expl Unexpl |  Obj  Depth IntInf | Incumbent    BestBd   Gap | It/Node Time

     0     0    0.00000    0   25          -    0.00000      -     -    0s
H    0     0                     148.0000000    0.00000   100%     -    0s
H    0     0                     140.0000000    0.00000   100%     -    0s
     0     0    0.00000    0   11  140.00000    0.00000   100%     -    0s
H    0     0                     138.0000000    0.00000   100%     -    0s
     0     0    0.00000    0   13  138.00000    0.00000   100%     -    0s
H    0     0                     137.0000000    0.00000   100%     -    0s
     0     0    0.00000    0    5  137.00000    0.00000   100%     -    0s
H    0     0                     135.0000000    0.00000   100%     -    0s
     0     0    0.00000    0   12  135.00000    0.00000   100%     -    0s
H    0     0                     124.0000000    0.00000   100%     -    0s
H    0     0                     113.0000000    0.00000   100%     -    0s
     0     0    0.00000    0    3  113.00000    0.00000   100%     -    0s
     0     0    0.00000    0   16  113.00000    0.00000   100%     -    0s
     0     0    0.00000    0    6  113.00000    0.00000   100%     -    0s
     0     0    0.00000    0   15  113.00000    0.00000   100%     -    0s
     0     0    0.00000    0    3  113.00000    0.00000   100%     -    1s
     0     0    0.00000    0    9  113.00000    0.00000   100%     -    1s
     0     0    0.00000    0   14  113.00000    0.00000   100%     -    1s
     0     0    0.00000    0   11  113.00000    0.00000   100%     -    1s
     0     2    0.00000    0   10  113.00000    0.00000   100%     -    1s
H   68    79                     112.0000000    2.00000  98.2%  32.7    1s
H   85    94                     109.0000000    2.00000  98.2%  27.1    1s
H  206   190                     108.0000000    2.00000  98.1%  15.5    1s
H12489   271                      99.0000000    2.00000  98.0%   0.3    1s
H26339   271                      81.0000000    2.00000  97.5%   0.2    2s
 27644   295   65.00000   24   37   81.00000    5.27145  93.5%   0.1    5s
 40279  8511   73.00000   74    8   81.00000    8.00000  90.1%   2.9   10s
H43437 10918                      78.0000000    9.00000  88.5%   3.2   11s
H50308 15034                      77.0000000    9.00000  88.3%   3.8   11s
H51391 14341                      74.0000000    9.00000  87.8%   4.0   14s
H51481 13678                      70.0000000    9.00000  87.1%   4.1   14s
H51488 12996                      67.0000000    9.00000  86.6%   4.1   14s
 51494 13029   16.89908   42   29   67.00000    9.00000  86.6%   4.1   15s
H51515 12377                      66.0000000    9.00000  86.4%   4.1   15s
H51542 11770                      58.0000000    9.00000  84.5%   4.1   15s
 82393 16867   28.00000   60   34   58.00000   11.00000  81.0%   8.2   20s
 125859 35115   11.00000   51   50   58.00000   11.00000  81.0%  10.3   25s
 191070 59835   35.00000   59   28   58.00000   12.00000  79.3%  11.1   30s
 231610 75036   17.00000   54   48   58.00000   12.00000  79.3%  11.6   35s
 279554 94132   29.00000   61   40   58.00000   12.00000  79.3%  12.0   40s
 316824 109062   49.06329   60   20   58.00000   12.00000  79.3%  12.2   45s
 375497 130750   51.00000   66   14   58.00000   12.00000  79.3%  12.4   50s
 434681 154964   13.00000   61   42   58.00000   12.10345  79.1%  12.5   55s
 496547 178424   29.00000   54   40   58.00000   13.00000  77.6%  12.3   60s
 558625 202104   23.00000   63   34   58.00000   13.00000  77.6%  12.2   65s
 621837 225851   56.00000   64   17   58.00000   13.00000  77.6%  12.1   70s
 682376 251129   28.00000   66   24   58.00000   13.00000  77.6%  12.1   75s
 739851 269313   36.32877   68   23   58.00000   13.00000  77.6%  12.1   80s
 797596 290151   30.52848   60   44   58.00000   13.00000  77.6%  12.2   85s
 856051 312021   51.00000   62   22   58.00000   13.00000  77.6%  12.2   90s
 906659 329771   43.11340   64   25   58.00000   13.71766  76.3%  12.2   95s
 987457 356497 infeasible   73        58.00000   14.00000  75.9%  12.0  100s
 1055776 380699   39.47059   68   29   58.00000   14.00000  75.9%  11.9  105s
 1125514 403465   50.09524   66   24   58.00000   14.00000  75.9%  11.9  110s
 1195445 427844 infeasible   81        58.00000   14.00000  75.9%  11.9  115s
 1261092 449860   51.00000   66   13   58.00000   14.00000  75.9%  11.9  120s
 1339752 474929   41.00000   65   24   58.00000   15.00000  74.1%  11.8  125s
 1411126 496654   47.00000   67   14   58.00000   15.00000  74.1%  11.7  130s
 1476642 517970   42.00000   69   25   58.00000   15.00000  74.1%  11.7  135s
 1547465 543033   38.14894   70   41   58.00000   15.00000  74.1%  11.6  140s
 1618144 563685   41.33333   76   25   58.00000   15.00000  74.1%  11.6  145s
 1687450 585050   47.19298   66   24   58.00000   15.21212  73.8%  11.6  150s
 1758705 607106   54.09091   70   24   58.00000   16.00000  72.4%  11.5  155s
 1827156 628937   32.00000   59   22   58.00000   16.00000  72.4%  11.4  160s
 1894976 652097   34.00000   61   37   58.00000   16.00000  72.4%  11.4  165s
 1957521 670668   16.00000   57   38   58.00000   16.00000  72.4%  11.4  170s
 2024412 690210   40.00000   70   15   58.00000   16.00000  72.4%  11.4  175s
 2076789 705276   36.00000   67   22   58.00000   16.00000  72.4%  11.4  180s
 2136668 722400   50.11613   72   30   58.00000   17.00000  70.7%  11.4  185s
 2196766 743156 infeasible   64        58.00000   17.00000  70.7%  11.4  190s
 2261096 758968   32.00000   66   25   58.00000   17.00000  70.7%  11.4  195s
 2317632 776225   18.00000   67   33   58.00000   17.00000  70.7%  11.4  200s
 2380629 794219   35.00000   74   18   58.00000   17.00000  70.7%  11.4  205s
 2434856 810594   17.00000   50   43   58.00000   17.00000  70.7%  11.4  210s
 2487547 826034   18.00000   57   35   58.00000   17.00000  70.7%  11.4  215s
 2541340 840796 infeasible   66        58.00000   17.00000  70.7%  11.4  220s
 2596317 857520 infeasible   57        58.00000   17.93333  69.1%  11.4  225s
 2656909 875845   30.00000   69   27   58.00000   18.00000  69.0%  11.4  230s
 2715194 894013   37.00000   67   18   58.00000   18.00000  69.0%  11.4  235s
 2765999 906345   57.00000   54   30   58.00000   18.00000  69.0%  11.3  240s
 2822306 922878 infeasible   73        58.00000   18.00000  69.0%  11.3  245s
 2884222 940776   28.07484   64   37   58.00000   18.00000  69.0%  11.3  250s
 2939242 956999   53.00000   77   11   58.00000   18.00000  69.0%  11.3  255s
 3002276 973862   48.20000   68   25   58.00000   18.00000  69.0%  11.3  260s
 3052844 989588   39.00000   70   28   58.00000   18.00000  69.0%  11.3  265s
 3099876 1003361   50.00000   71   21   58.00000   18.09524  68.8%  11.3  270s
 3164562 1021915 infeasible   81        58.00000   19.00000  67.2%  11.3  275s
 3213945 1035958   25.00000   62   34   58.00000   19.00000  67.2%  11.2  280s
 3251973 1047259 infeasible   66        58.00000   19.00000  67.2%  11.2  285s
 3309281 1064754   41.00000   66   18   58.00000   19.00000  67.2%  11.2  290s
 3341050 1072772 infeasible   80        58.00000   19.00000  67.2%  11.2  295s
 3383791 1085116 infeasible   67        58.00000   19.00000  67.2%  11.2  300s
 3438443 1099896 infeasible   80        58.00000   19.00000  67.2%  11.2  305s
 3492681 1114680   35.00000   68   30   58.00000   19.00000  67.2%  11.2  310s
 3538257 1129319   38.00000   70   25   58.00000   19.00000  67.2%  11.2  315s
 3601153 1145726 infeasible   69        58.00000   19.00000  67.2%  11.2  320s
 3656499 1159198   56.00000   82   13   58.00000   19.00000  67.2%  11.1  325s
 3709455 1173722   33.00000   69   20   58.00000   19.00000  67.2%  11.2  330s
 3752812 1186217 infeasible   63        58.00000   19.00000  67.2%  11.2  335s
 3808236 1201754 infeasible   82        58.00000   19.00000  67.2%  11.2  340s
 3855790 1216918   48.76000   65   27   58.00000   19.09611  67.1%  11.1  345s
 3903265 1229488   55.00000   65   12   58.00000   20.00000  65.5%  11.1  350s
 3960767 1245000 infeasible   73        58.00000   20.00000  65.5%  11.1  355s
 4003838 1256465 infeasible   61        58.00000   20.00000  65.5%  11.1  360s
 4044908 1268848   38.00000   78   20   58.00000   20.00000  65.5%  11.1  365s
 4100533 1282916   33.00000   65   24   58.00000   20.00000  65.5%  11.1  370s
 4151959 1296131   44.00000   73   26   58.00000   20.00000  65.5%  11.0  375s
 4196185 1309550   35.00000   63   22   58.00000   20.00000  65.5%  11.0  380s
 4244819 1322427   21.00000   60   26   58.00000   20.00000  65.5%  11.0  385s
 4292575 1334019   56.00000   74   17   58.00000   20.00000  65.5%  11.0  390s
 4343693 1348545   49.00000   77   18   58.00000   20.00000  65.5%  11.0  395s
 4388325 1358939   46.96970   67   25   58.00000   20.00000  65.5%  11.0  400s
 4440010 1373213 infeasible   69        58.00000   20.00000  65.5%  11.0  405s
 4486610 1384598   41.11521   64   22   58.00000   20.00000  65.5%  11.0  410s
 4530564 1396246   39.00000   59   21   58.00000   20.00000  65.5%  11.0  415s
 4580401 1409493 infeasible   67        58.00000   20.00000  65.5%  11.0  420s
 4610148 1417219   25.00000   60   28   58.00000   20.00000  65.5%  11.0  425s
 4650411 1427942   45.37202   54   25   58.00000   20.00000  65.5%  11.0  430s
 4700722 1441886   49.00000   69   32   58.00000   20.00000  65.5%  11.0  435s
 4748538 1455574   43.09524   64   25   58.00000   20.09524  65.4%  11.0  440s
 4799342 1468936 infeasible   72        58.00000   20.93939  63.9%  11.0  445s
 4842859 1479779   31.00000   61   19   58.00000   21.00000  63.8%  10.9  450s
 4893851 1493267   22.25253   63   35   58.00000   21.00000  63.8%  10.9  455s
 4942073 1505534   40.00000   80   20   58.00000   21.00000  63.8%  10.9  460s
 4978348 1516985   44.00000   64   24   58.00000   21.00000  63.8%  10.9  465s
 5026765 1528296   33.00000   66   22   58.00000   21.00000  63.8%  10.9  470s
 5077305 1540732   45.00000   64   18   58.00000   21.00000  63.8%  10.9  475s
 5120243 1551783 infeasible   78        58.00000   21.00000  63.8%  10.9  480s
 5164136 1562914   28.00000   64   24   58.00000   21.00000  63.8%  10.9  485s
 5209000 1574364 infeasible   84        58.00000   21.00000  63.8%  10.8  490s
 5251158 1585197 infeasible   70        58.00000   21.00000  63.8%  10.8  495s
 5297786 1597969   39.00000   61   28   58.00000   21.00000  63.8%  10.8  500s
 5337307 1607997   54.00000   70   16   58.00000   21.00000  63.8%  10.8  505s
 5380052 1617855   53.00000   70   19   58.00000   21.00000  63.8%  10.8  510s
 5420028 1629997   21.00000   61   26   58.00000   21.00000  63.8%  10.8  515s
 5463739 1639835 infeasible   65        58.00000   21.00000  63.8%  10.8  520s
 5505343 1649184 infeasible   71        58.00000   21.00000  63.8%  10.8  525s
 5545143 1660306   37.00000   65   25   58.00000   21.00000  63.8%  10.8  530s
 5585935 1669263   39.00000   54   35   58.00000   21.00000  63.8%  10.8  535s
 5621749 1680157   46.06329   54   36   58.00000   21.00000  63.8%  10.8  540s
 5661106 1688623 infeasible   70        58.00000   21.08187  63.7%  10.8  545s
 5705236 1700145   44.00000   61   25   58.00000   21.56890  62.8%  10.8  550s
 5724567 1705472   40.00000   62   34   58.00000   21.93333  62.2%  10.8  555s
 5762890 1715686   47.76000   74   19   58.00000   22.00000  62.1%  10.8  560s
 5808327 1726138   33.00000   56   24   58.00000   22.00000  62.1%  10.8  565s
 5849073 1736032 infeasible   70        58.00000   22.00000  62.1%  10.8  570s
 5889622 1745956 infeasible   60        58.00000   22.00000  62.1%  10.8  575s
 5935219 1758020   40.00000   58   23   58.00000   22.00000  62.1%  10.8  580s
 5976395 1768052   53.46154   67   19   58.00000   22.00000  62.1%  10.7  585s
 6017482 1779204   53.00000   73   11   58.00000   22.00000  62.1%  10.7  590s
 6059833 1789209   22.15267   52   34   58.00000   22.00000  62.1%  10.7  595s
 6102690 1799805   28.00000   65   29   58.00000   22.00000  62.1%  10.7  600s
 6142597 1809197   42.00000   71   19   58.00000   22.00000  62.1%  10.7  605s
 6184815 1820154   37.00000   71   24   58.00000   22.00000  62.1%  10.7  610s
 6222331 1828835 infeasible   79        58.00000   22.00000  62.1%  10.7  615s
 6253858 1838849   43.00000   61   19   58.00000   22.00000  62.1%  10.7  620s
 6302207 1848379 infeasible   68        58.00000   22.00000  62.1%  10.7  625s
 6341764 1857889   23.00000   59   27   58.00000   22.00000  62.1%  10.7  630s
 6374331 1866440   32.00000   66   36   58.00000   22.00000  62.1%  10.7  635s
 6415011 1875703   35.00000   74   20   58.00000   22.00000  62.1%  10.6  640s
 6459357 1887977   34.00000   68   30   58.00000   22.00000  62.1%  10.6  645s
 6490837 1896139   39.00000   58   21   58.00000   22.00000  62.1%  10.6  650s
 6535178 1906843   45.00000   65   20   58.00000   22.00000  62.1%  10.6  655s
 6579892 1916832   53.00000   57   29   58.00000   22.00000  62.1%  10.6  660s
 6613436 1924621 infeasible   62        58.00000   22.00000  62.1%  10.6  665s
 6641954 1932035   35.00000   65   20   58.00000   22.00000  62.1%  10.6  671s
 6656130 1934240   45.00000   74   12   58.00000   22.00000  62.1%  10.6  675s
 6691892 1945158 infeasible   69        58.00000   22.00000  62.1%  10.6  680s
 6732744 1953560   52.77714   81   24   58.00000   22.00000  62.1%  10.6  685s
 6775997 1963370   38.12069   62   33   58.00000   22.00000  62.1%  10.6  690s
 6817586 1973520 infeasible   64        58.00000   22.00000  62.1%  10.6  695s
 6848395 1981793   35.00000   63   35   58.00000   22.00000  62.1%  10.6  700s
 6890436 1992232   23.00000   60   32   58.00000   22.00000  62.1%  10.6  705s
 6929734 2002170   30.00000   69   21   58.00000   22.06329  62.0%  10.6  710s
 6972569 2013383   23.00000   60   25   58.00000   22.20536  61.7%  10.6  715s
 7005824 2021822 infeasible   64        58.00000   22.69444  60.9%  10.6  720s
 7040483 2030511   48.38462   75   17   58.00000   23.00000  60.3%  10.6  725s
 7077490 2039550   48.00000   61   14   58.00000   23.00000  60.3%  10.6  730s
 7112912 2047829   41.44681   70   22   58.00000   23.00000  60.3%  10.6  735s
 7151730 2058091   46.00000   78   22   58.00000   23.00000  60.3%  10.6  740s
 7189006 2066106   32.00000   68   22   58.00000   23.00000  60.3%  10.6  745s
 7228341 2076078   31.00000   62   18   58.00000   23.00000  60.3%  10.6  750s
 7266552 2086004   46.07229   67   26   58.00000   23.00000  60.3%  10.6  755s
 7303629 2093457   33.00000   68   23   58.00000   23.00000  60.3%  10.6  760s
 7333689 2100396 infeasible   77        58.00000   23.00000  60.3%  10.5  765s
 7376175 2110670 infeasible   71        58.00000   23.00000  60.3%  10.5  770s
 7410450 2119510   40.00000   63   18   58.00000   23.00000  60.3%  10.5  775s
 7446136 2127423     cutoff   70        58.00000   23.00000  60.3%  10.5  780s
 7481801 2136151   41.00000   71   15   58.00000   23.00000  60.3%  10.5  785s
 7521317 2145603   35.00000   66   29   58.00000   23.00000  60.3%  10.5  790s
 7554912 2153810   57.00000   72   12   58.00000   23.00000  60.3%  10.5  795s
 7593601 2163224 infeasible   68        58.00000   23.00000  60.3%  10.5  800s
 7635075 2173096 infeasible   65        58.00000   23.00000  60.3%  10.5  806s
 7658526 2179659   39.00000   72   39   58.00000   23.00000  60.3%  10.5  810s
 7699770 2189154   36.00000   69   19   58.00000   23.00000  60.3%  10.5  815s
 7719926 2194527   42.00000   80   15   58.00000   23.00000  60.3%  10.5  820s
 7759133 2203716   35.00000   61   25   58.00000   23.00000  60.3%  10.5  825s
 7794890 2211359   53.00000   72   13   58.00000   23.00000  60.3%  10.5  833s
 7810928 2214969   50.16667   72   28   58.00000   23.00000  60.3%  10.5  836s
 7834804 2220270   42.00000   72   19   58.00000   23.00000  60.3%  10.5  840s
 7869685 2228764 infeasible   68        58.00000   23.00000  60.3%  10.5  845s
 7906439 2238063   41.00000   60   29   58.00000   23.00000  60.3%  10.5  850s
 7940796 2247860 infeasible   72        58.00000   23.00000  60.3%  10.5  855s
 7980406 2257510   34.16667   61   23   58.00000   23.00000  60.3%  10.5  860s
 8012458 2264607   23.00000   73   24   58.00000   23.00000  60.3%  10.5  865s
 8047004 2273192   28.00000   67   30   58.00000   23.00000  60.3%  10.5  870s
 8081847 2280377   34.19048   62   32   58.00000   23.00000  60.3%  10.5  875s
 8116128 2289092 infeasible   67        58.00000   23.00000  60.3%  10.5  880s
 8155694 2299282   23.00000   65   33   58.00000   23.00000  60.3%  10.5  885s
 8190348 2306927   53.00000   69   18   58.00000   23.00000  60.3%  10.5  890s
 8227931 2315520   23.50000   55   40   58.00000   23.00000  60.3%  10.5  895s
 8260187 2324043   39.00000   71   23   58.00000   23.00000  60.3%  10.5  900s
 8291774 2329980 infeasible   75        58.00000   23.00000  60.3%  10.5  905s
 8323412 2337592 infeasible   75        58.00000   23.00000  60.3%  10.5  910s
 8364157 2347352   55.00000   77   17   58.00000   23.00000  60.3%  10.5  915s
 8397009 2354916   43.06395   71   28   58.00000   23.00000  60.3%  10.5  920s
 8431587 2363403   36.00000   69   23   58.00000   23.00000  60.3%  10.5  925s
 8467917 2371624   42.59454   61   26   58.00000   23.00000  60.3%  10.5  930s
 8503144 2380560 infeasible   73        58.00000   23.00000  60.3%  10.5  935s
 8534655 2387778 infeasible   64        58.00000   23.00000  60.3%  10.5  941s
 8561437 2395445   30.00000   58   27   58.00000   23.00000  60.3%  10.5  945s
 8598573 2404883   30.00000   55   28   58.00000   23.00000  60.3%  10.5  950s
 8630917 2412312   30.00000   59   23   58.00000   23.00990  60.3%  10.5  955s
 8665712 2420147   55.00000   73   15   58.00000   23.04545  60.3%  10.5  960s
 8698552 2429424 infeasible   81        58.00000   23.09524  60.2%  10.5  965s
 8737731 2438508 infeasible   69        58.00000   23.22557  60.0%  10.4  970s
 8771528 2446904   29.00000   57   23   58.00000   23.51724  59.5%  10.4  975s
 8807312 2455216   44.25000   66   30   58.00000   23.91667  58.8%  10.4  980s
 8838878 2463075   46.00000   72   23   58.00000   24.00000  58.6%  10.4  985s
 8870184 2470560   33.00000   73   31   58.00000   24.00000  58.6%  10.4  990s
 8901714 2475542   45.00000   65   21   58.00000   24.00000  58.6%  10.4  995s
 8933772 2483547   56.00000   80   14   58.00000   24.00000  58.6%  10.4 1000s
 8967952 2489586   24.00000   63   24   58.00000   24.00000  58.6%  10.4 1005s
 9000367 2496561   41.00000   71   17   58.00000   24.00000  58.6%  10.4 1010s
 9027887 2503088   47.00000   71   22   58.00000   24.00000  58.6%  10.4 1015s
 9060434 2510267   24.00000   63   22   58.00000   24.00000  58.6%  10.4 1020s
 9097563 2517488   38.00000   68   20   58.00000   24.00000  58.6%  10.4 1025s
 9131590 2524842   35.00000   68   20   58.00000   24.00000  58.6%  10.4 1030s
 9146567 2528397   42.00000   67   19   58.00000   24.00000  58.6%  10.4 1035s
 9180499 2534926 infeasible   80        58.00000   24.00000  58.6%  10.4 1040s
 9211685 2541439 infeasible   77        58.00000   24.00000  58.6%  10.4 1045s
 9234682 2546274 infeasible   68        58.00000   24.00000  58.6%  10.4 1050s
 9273819 2555396   38.00000   67   22   58.00000   24.00000  58.6%  10.4 1055s
 9303518 2562816   33.00000   62   25   58.00000   24.00000  58.6%  10.4 1060s
 9330501 2568320   24.03125   62   35   58.00000   24.00000  58.6%  10.4 1065s
 9363325 2575236   52.00000   77   18   58.00000   24.00000  58.6%  10.4 1070s
 9388595 2581231   44.16000   60   27   58.00000   24.00000  58.6%  10.4 1075s
 9425724 2589368 infeasible   70        58.00000   24.00000  58.6%  10.4 1080s
 9457887 2596383   43.00000   61   31   58.00000   24.00000  58.6%  10.3 1085s
 9489999 2603847   32.00000   67   23   58.00000   24.00000  58.6%  10.3 1090s
 9517990 2609846 infeasible   80        58.00000   24.00000  58.6%  10.3 1095s
 9547433 2618177   39.00000   75   17   58.00000   24.00000  58.6%  10.3 1100s
 9581675 2624034   34.00000   62   29   58.00000   24.00000  58.6%  10.3 1105s
 9613293 2632747   36.09524   68   22   58.00000   24.00000  58.6%  10.3 1110s
 9646078 2639487 infeasible   69        58.00000   24.00000  58.6%  10.3 1115s
 9674724 2645416   56.00000   71   17   58.00000   24.00000  58.6%  10.3 1120s
 9709834 2652931   24.00000   61   31   58.00000   24.00000  58.6%  10.3 1125s
 9736710 2658919 infeasible   67        58.00000   24.00000  58.6%  10.3 1131s
 9761444 2665513   34.00000   72   26   58.00000   24.00000  58.6%  10.3 1135s
 9794492 2672029   52.00000   76   25   58.00000   24.00000  58.6%  10.3 1140s
 9822646 2678954   36.00000   75   17   58.00000   24.00000  58.6%  10.3 1145s
 9856584 2685728   33.30769   62   29   58.00000   24.00000  58.6%  10.3 1150s
 9886786 2692389 infeasible   59        58.00000   24.00000  58.6%  10.3 1155s
 9919294 2699537 infeasible   65        58.00000   24.00000  58.6%  10.3 1160s
 9949743 2705929   43.00000   70   19   58.00000   24.00000  58.6%  10.3 1165s
 9973293 2711165   43.00000   65   22   58.00000   24.00000  58.6%  10.3 1170s
 10000685 2718376   35.00000   61   37   58.00000   24.00000  58.6%  10.3 1175s
 10038409 2725926 infeasible   70        58.00000   24.00000  58.6%  10.3 1180s
 10058173 2730058   37.00000   67   29   58.00000   24.00000  58.6%  10.3 1185s
 10088323 2738383 infeasible   61        58.00000   24.00000  58.6%  10.3 1190s
 10124133 2745190   55.00000   68   23   58.00000   24.00000  58.6%  10.3 1195s
 10154307 2751716   52.00000   80   24   58.00000   24.00000  58.6%  10.3 1200s
 10185885 2758331 infeasible   75        58.00000   24.00000  58.6%  10.3 1205s
 10216125 2765199 infeasible   69        58.00000   24.00000  58.6%  10.3 1211s
 10240051 2770796   48.11905   61   28   58.00000   24.00000  58.6%  10.3 1215s
 10272954 2778881   28.00000   76   25   58.00000   24.00000  58.6%  10.3 1220s
 10295247 2782844 infeasible   68        58.00000   24.00000  58.6%  10.3 1225s
 10328151 2790959   30.00000   61   33   58.00000   24.00000  58.6%  10.3 1230s
 10361318 2797855   46.06329   64   34   58.00000   24.00000  58.6%  10.3 1235s
 10392494 2803928 infeasible   70        58.00000   24.00000  58.6%  10.3 1240s
 10414677 2808968   57.00000   68   17   58.00000   24.00000  58.6%  10.3 1245s
 10448369 2816763   28.00000   64   31   58.00000   24.00000  58.6%  10.3 1250s
 10468894 2820733   24.00000   68   23   58.00000   24.00000  58.6%  10.3 1255s
 10501639 2828690   42.00000   71   26   58.00000   24.00000  58.6%  10.3 1260s
 10530740 2835541   24.00000   60   44   58.00000   24.00000  58.6%  10.3 1265s
 10558268 2841295   50.00000   63   17   58.00000   24.00000  58.6%  10.3 1270s
 10585109 2846370   48.00000   72   18   58.00000   24.00000  58.6%  10.3 1275s
 10614667 2852096   38.00000   63   21   58.00000   24.00000  58.6%  10.3 1280s
 10642096 2859376   45.00000   74   15   58.00000   24.00000  58.6%  10.3 1285s
 10678261 2866734   45.00000   66   21   58.00000   24.00000  58.6%  10.3 1290s
 10710005 2873501 infeasible   74        58.00000   24.00000  58.6%  10.3 1295s
 10742713 2880699 infeasible   82        58.00000   24.00000  58.6%  10.3 1300s
 10761704 2885753   48.00000   67   23   58.00000   24.00000  58.6%  10.3 1305s
 10801392 2893642 infeasible   77        58.00000   24.00000  58.6%  10.3 1310s
 10822200 2898163   52.00000   69   34   58.00000   24.00000  58.6%  10.3 1316s
 10844611 2903223   38.00000   62   17   58.00000   24.00000  58.6%  10.3 1320s
 10868695 2908698   55.00000   69   23   58.00000   24.00000  58.6%  10.3 1325s
 10893496 2915028   53.00000   74   15   58.00000   24.00000  58.6%  10.3 1330s
 10927567 2922184   25.00000   60   39   58.00000   24.00000  58.6%  10.3 1335s
 10956635 2928546 infeasible   57        58.00000   24.00000  58.6%  10.3 1340s
 10986165 2935804 infeasible   67        58.00000   24.02198  58.6%  10.3 1346s
 11012367 2941436 infeasible   77        58.00000   24.03297  58.6%  10.3 1350s
 11044705 2949774 infeasible   59        58.00000   24.08247  58.5%  10.3 1355s
 11075706 2957425 infeasible   77        58.00000   24.13542  58.4%  10.3 1360s
 11108009 2965214   42.00000   70   16   58.00000   24.20040  58.3%  10.3 1365s
 11113143 2966085   31.00000   58   20   58.00000   24.22353  58.2%  10.3 1370s
 11141276 2973174   35.00000   72   28   58.00000   24.44444  57.9%  10.3 1375s
 11172047 2978925   52.06250   67   24   58.00000   24.75758  57.3%  10.3 1380s
 11201360 2986463 infeasible   65        58.00000   24.93939  57.0%  10.3 1385s
 11225666 2992411   44.06329   70   22   58.00000   25.00000  56.9%  10.3 1390s
 11252509 2997847   49.60000   71   18   58.00000   25.00000  56.9%  10.3 1395s
 11282879 3003594   25.00000   73   24   58.00000   25.00000  56.9%  10.3 1400s
 11310208 3008417 infeasible   64        58.00000   25.00000  56.9%  10.3 1405s
 11346167 3015538 infeasible   73        58.00000   25.00000  56.9%  10.2 1410s
 11366448 3019625   25.00000   57   24   58.00000   25.00000  56.9%  10.2 1415s
 11397057 3025609 infeasible   60        58.00000   25.00000  56.9%  10.2 1420s
 11426078 3031563 infeasible   75        58.00000   25.00000  56.9%  10.2 1425s
 11450245 3036754   52.00000   77   22   58.00000   25.00000  56.9%  10.2 1430s
 11483436 3044732   39.00000   69   17   58.00000   25.00000  56.9%  10.2 1435s
 11512221 3050487   35.00000   69   28   58.00000   25.00000  56.9%  10.2 1440s
 11545008 3058111   47.00000   77   18   58.00000   25.00000  56.9%  10.2 1445s
 11574634 3062775   51.00000   76   12   58.00000   25.00000  56.9%  10.2 1450s
 11597324 3067559 infeasible   71        58.00000   25.00000  56.9%  10.2 1455s
 11624239 3073427   28.00000   65   28   58.00000   25.00000  56.9%  10.2 1460s
 11657710 3079152 infeasible   83        58.00000   25.00000  56.9%  10.2 1465s
 11680809 3084211   36.32941   63   38   58.00000   25.00000  56.9%  10.2 1470s
 11709419 3090960   43.00000   70   16   58.00000   25.00000  56.9%  10.2 1475s
 11743172 3097791 infeasible   74        58.00000   25.00000  56.9%  10.2 1480s
 11772478 3105583   27.00000   70   33   58.00000   25.00000  56.9%  10.2 1485s
 11798912 3109754 infeasible   69        58.00000   25.00000  56.9%  10.2 1490s
 11829085 3115948   45.02041   71   33   58.00000   25.00000  56.9%  10.2 1495s
 11841672 3119024 infeasible   76        58.00000   25.00000  56.9%  10.2 1500s
 11876637 3126357   32.16216   71   30   58.00000   25.00000  56.9%  10.2 1505s
 11905133 3133584   54.00000   71   14   58.00000   25.00000  56.9%  10.2 1510s
 11934432 3139049   41.00000   74   20   58.00000   25.00000  56.9%  10.2 1515s
 11963921 3144594   36.00000   65   26   58.00000   25.00000  56.9%  10.2 1520s
 11995366 3149884 infeasible   85        58.00000   25.00000  56.9%  10.2 1525s
 12025066 3155782   54.00000   69   19   58.00000   25.00000  56.9%  10.2 1530s
 12055677 3162039 infeasible   64        58.00000   25.00000  56.9%  10.2 1535s
 12081198 3169292   56.00000   66   20   58.00000   25.00000  56.9%  10.2 1540s
 12115019 3175396   47.00000   77   17   58.00000   25.00000  56.9%  10.2 1545s
 12134948 3180379   27.00000   64   23   58.00000   25.00000  56.9%  10.2 1550s
 12170764 3189141   56.00000   74   16   58.00000   25.00000  56.9%  10.2 1555s
 12191471 3192160   43.12658   62   20   58.00000   25.00000  56.9%  10.2 1560s
 12225262 3199532   31.00000   76   19   58.00000   25.00000  56.9%  10.2 1565s
 12255807 3206114 infeasible   63        58.00000   25.00000  56.9%  10.1 1570s
 12282536 3212258   45.00000   71   14   58.00000   25.00000  56.9%  10.1 1575s
 12306739 3216673   36.00000   72   25   58.00000   25.00000  56.9%  10.1 1580s
 12332901 3221007 infeasible   78        58.00000   25.00000  56.9%  10.1 1585s
 12363745 3227095 infeasible   77        58.00000   25.00000  56.9%  10.1 1590s
 12377857 3230036   56.00000   82   12   58.00000   25.00000  56.9%  10.1 1595s
 12407470 3237066   42.00000   74   28   58.00000   25.00000  56.9%  10.1 1600s
 12436208 3244858   52.00000   58   21   58.00000   25.00000  56.9%  10.1 1605s
 12457777 3248164   48.00000   64   30   58.00000   25.00000  56.9%  10.1 1610s
 12491098 3255388   35.00000   73   26   58.00000   25.00000  56.9%  10.1 1615s
 12521215 3262425   46.00000   67   22   58.00000   25.00000  56.9%  10.1 1620s
 12553812 3268446   34.00000   72   24   58.00000   25.00000  56.9%  10.1 1625s
 12583373 3274977   37.00000   58   28   58.00000   25.00000  56.9%  10.1 1630s
 12608634 3280437   30.00000   62   32   58.00000   25.00000  56.9%  10.1 1635s
 12637461 3287862 infeasible   62        58.00000   25.00000  56.9%  10.1 1640s
 12667264 3293678   38.00000   77   16   58.00000   25.00000  56.9%  10.1 1645s
 12697574 3299846   26.00000   69   19   58.00000   25.00000  56.9%  10.1 1650s
 12728291 3305276   25.00000   60   27   58.00000   25.00000  56.9%  10.1 1655s
 12755739 3311113   38.00000   67   28   58.00000   25.00000  56.9%  10.1 1660s
 12786852 3317575   35.00000   67   36   58.00000   25.00000  56.9%  10.1 1665s
 12814633 3324534 infeasible   76        58.00000   25.00000  56.9%  10.1 1670s
 12834271 3327879   30.00000   73   20   58.00000   25.00000  56.9%  10.1 1675s
 12865997 3335182   54.00000   73   11   58.00000   25.00000  56.9%  10.1 1680s
 12892977 3341420   25.10588   61   29   58.00000   25.00000  56.9%  10.1 1685s
 12918659 3347388   25.00000   74   29   58.00000   25.00000  56.9%  10.1 1690s
 12948469 3353233   51.00000   66   18   58.00000   25.00000  56.9%  10.1 1695s
 12976509 3360998     cutoff   59        58.00000   25.00000  56.9%  10.1 1700s
 13002177 3365024 infeasible   66        58.00000   25.00000  56.9%  10.1 1705s
 13031086 3371506   46.00000   67   18   58.00000   25.00000  56.9%  10.1 1710s
 13059861 3376803   35.00000   63   35   58.00000   25.00000  56.9%  10.1 1715s
 13087283 3383695   29.12658   76   30   58.00000   25.00000  56.9%  10.1 1720s
 13112987 3387710   39.47272   67   44   58.00000   25.00000  56.9%  10.1 1725s
 13146618 3394836 infeasible   67        58.00000   25.00000  56.9%  10.1 1730s
 13163851 3398595   45.00000   66   21   58.00000   25.00000  56.9%  10.1 1735s
 13196171 3405568 infeasible   61        58.00000   25.00000  56.9%  10.1 1740s
 13223749 3411432   54.37363   68   24   58.00000   25.00000  56.9%  10.1 1745s
 13246046 3416265 infeasible   75        58.00000   25.00000  56.9%  10.1 1750s
 13275727 3423396   31.00000   70   17   58.00000   25.00000  56.9%  10.1 1755s
 13307722 3429551   54.00000   68   16   58.00000   25.00000  56.9%  10.1 1760s
 13326955 3434510   49.00000   62   12   58.00000   25.00000  56.9%  10.1 1765s
 13360020 3440446   55.00000   66   17   58.00000   25.00000  56.9%  10.1 1770s
 13388669 3446387 infeasible   70        58.00000   25.00000  56.9%  10.1 1775s
 13414356 3451992   29.00000   54   33   58.00000   25.00000  56.9%  10.1 1780s
 13441806 3458905   49.00000   65   23   58.00000   25.00000  56.9%  10.1 1785s
 13469019 3463070   47.00000   66   11   58.00000   25.00000  56.9%  10.1 1790s
 13499391 3470529   37.76000   60   20   58.00000   25.00000  56.9%  10.1 1795s
 13519562 3474105   48.00000   65   30   58.00000   25.00000  56.9%  10.1 1800s
 13549384 3480537   49.75580   72   26   58.00000   25.00000  56.9%  10.1 1805s
 13577082 3487502   25.00000   66   18   58.00000   25.00000  56.9%  10.1 1810s
 13599662 3492284   39.10588   67   35   58.00000   25.00000  56.9%  10.1 1815s
 13628425 3497416   42.00000   62   25   58.00000   25.00000  56.9%  10.1 1820s
 13657798 3503772   51.00000   67   22   58.00000   25.00000  56.9%  10.1 1825s
 13677638 3508864     cutoff   67        58.00000   25.00000  56.9%  10.1 1830s
 13704408 3514323 infeasible   67        58.00000   25.00000  56.9%  10.1 1835s
 13735418 3520625   25.00000   61   37   58.00000   25.00000  56.9%  10.1 1840s
 13764500 3526595 infeasible   60        58.00000   25.00000  56.9%  10.1 1845s
 13783046 3531905 infeasible   60        58.00000   25.00000  56.9%  10.1 1850s
 13813886 3537572   48.32877   64   37   58.00000   25.00000  56.9%  10.1 1855s
 13836807 3543665   35.10588   60   31   58.00000   25.00000  56.9%  10.1 1860s
 13870773 3551015 infeasible   92        58.00000   25.00050  56.9%  10.1 1865s
 13899696 3557674   49.00000   72   22   58.00000   25.03125  56.8%  10.1 1870s
 13928156 3564479   43.00000   70   25   58.00000   25.06061  56.8%  10.1 1875s
 13962359 3572797   32.02306   64   33   58.00000   25.07188  56.8%  10.1 1880s
 13988845 3579448   45.61111   61   29   58.00000   25.10345  56.7%  10.1 1885s
 14019102 3585844   28.26633   65   42   58.00000   25.16437  56.6%  10.1 1890s
 14049604 3593032   42.00000   66   29   58.00000   25.23614  56.5%  10.1 1895s
 14072371 3597491   28.00000   73   40   58.00000   25.34146  56.3%  10.1 1900s
 14102883 3603772   37.00000   62   22   58.00000   25.53089  56.0%  10.1 1905s
 14115143 3605991   42.00000   57   33   58.00000   25.63743  55.8%  10.1 1910s
 14137715 3610933   32.00000   66   31   58.00000   25.77778  55.6%  10.1 1915s
 14165777 3617538   26.00000   64   32   58.00000   25.93939  55.3%  10.1 1920s
 14192617 3622669   46.00000   68   16   58.00000   26.00000  55.2%  10.1 1925s
 14219307 3628116 infeasible   76        58.00000   26.00000  55.2%  10.1 1930s
 14247872 3633232   32.00000   64   27   58.00000   26.00000  55.2%  10.1 1935s
 14277610 3638095     cutoff   69        58.00000   26.00000  55.2%  10.1 1940s
 14306316 3643416   32.00000   68   23   58.00000   26.00000  55.2%  10.1 1945s
 14332999 3648143 infeasible   69        58.00000   26.00000  55.2%  10.1 1950s
 14358906 3652559   42.00000   65   22   58.00000   26.00000  55.2%  10.1 1955s
 14382470 3657635   48.00000   67   19   58.00000   26.00000  55.2%  10.1 1960s
 14411898 3662329   54.00000   65   14   58.00000   26.00000  55.2%  10.1 1965s
 14440928 3667522   36.00000   60   16   58.00000   26.00000  55.2%  10.1 1970s
 14468051 3673356   43.00000   74   15   58.00000   26.00000  55.2%  10.1 1975s
 14488431 3676889   36.00000   62   21   58.00000   26.00000  55.2%  10.1 1980s
 14517506 3680991   49.00000   56   19   58.00000   26.00000  55.2%  10.1 1985s
 14542913 3686466   51.00000   75   14   58.00000   26.00000  55.2%  10.1 1990s
 14573948 3691243   55.00000   66   16   58.00000   26.00000  55.2%  10.1 1995s
 14600779 3695814 infeasible   72        58.00000   26.00000  55.2%  10.1 2000s
 14619891 3699462   34.00000   66   31   58.00000   26.00000  55.2%  10.1 2005s
 14646113 3704921 infeasible   67        58.00000   26.00000  55.2%  10.1 2010s
 14674627 3708885   43.00000   65   23   58.00000   26.00000  55.2%  10.1 2015s
 14702290 3714497   37.00000   67   33   58.00000   26.00000  55.2%  10.1 2020s
 14731108 3719035   28.00000   65   30   58.00000   26.00000  55.2%  10.1 2025s
 14761295 3724806   44.00000   64   22   58.00000   26.00000  55.2%  10.1 2030s
 14788647 3729723 infeasible   70        58.00000   26.00000  55.2%  10.1 2035s
 14812111 3735057   53.00000   69   13   58.00000   26.00000  55.2%  10.1 2040s
 14843358 3739904   36.00000   68   22   58.00000   26.00000  55.2%  10.1 2045s
 14862396 3743990   52.00000   74   23   58.00000   26.00000  55.2%  10.1 2050s
 14896158 3749076   45.00000   70   23   58.00000   26.00000  55.2%  10.1 2055s
 14926256 3755066   47.00000   69   26   58.00000   26.00000  55.2%  10.0 2060s
 14954273 3760157   42.00000   71   12   58.00000   26.00000  55.2%  10.0 2065s
 14981409 3764898 infeasible   76        58.00000   26.00000  55.2%  10.0 2070s
 15007135 3769491 infeasible   66        58.00000   26.00000  55.2%  10.0 2075s
 15035999 3775118   48.00000   67   17   58.00000   26.00000  55.2%  10.0 2080s
 15064828 3781406   32.04199   61   40   58.00000   26.00000  55.2%  10.0 2085s
 15090714 3787098   54.00000   68   20   58.00000   26.00000  55.2%  10.0 2090s
 15109610 3789187   28.00000   61   18   58.00000   26.00000  55.2%  10.0 2095s
 15137467 3795599   56.00000   67   16   58.00000   26.00000  55.2%  10.0 2100s
 15170594 3801218   41.00000   65   17   58.00000   26.00000  55.2%  10.0 2105s
 15199413 3807107   39.00000   68   30   58.00000   26.00000  55.2%  10.0 2110s
 15219587 3811066   50.00000   73   18   58.00000   26.00000  55.2%  10.0 2115s
 15253446 3818049   28.00000   72   33   58.00000   26.00000  55.2%  10.0 2120s
 15284411 3823088   54.00000   60   18   58.00000   26.00000  55.2%  10.0 2125s
 15311452 3827521 infeasible   62        58.00000   26.00000  55.2%  10.0 2130s
 15339609 3832624 infeasible   76        58.00000   26.00000  55.2%  10.0 2135s
 15354199 3835282 infeasible   78        58.00000   26.00000  55.2%  10.0 2140s
 15381029 3841056     cutoff   73        58.00000   26.00000  55.2%  10.0 2145s
 15406946 3846278   52.00000   81   17   58.00000   26.00000  55.2%  10.0 2150s
 15422740 3848505 infeasible   77        58.00000   26.00000  55.2%  10.0 2155s
 15447827 3854448   31.00000   71   29   58.00000   26.00000  55.2%  10.0 2160s
 15475441 3859254 infeasible   84        58.00000   26.00000  55.2%  10.0 2165s
 15503417 3864244   55.00000   63   11   58.00000   26.00000  55.2%  10.0 2170s
 15533730 3869839   51.00000   63   20   58.00000   26.00000  55.2%  10.0 2175s
 15546331 3872994   52.00000   61   22   58.00000   26.00000  55.2%  10.0 2180s
 15579959 3878730   37.00000   64   24   58.00000   26.00000  55.2%  10.0 2185s
 15609361 3885071 infeasible   68        58.00000   26.00000  55.2%  10.0 2190s
 15640204 3889764   26.00000   60   27   58.00000   26.00000  55.2%  10.0 2195s
 15663271 3895078   51.00000   70   20   58.00000   26.00000  55.2%  10.0 2200s
 15684504 3897932 infeasible   75        58.00000   26.00000  55.2%  10.0 2205s
 15714370 3903890 infeasible   60        58.00000   26.00000  55.2%  10.0 2210s
 15746206 3911025   27.00000   67   26   58.00000   26.00000  55.2%  10.0 2215s
 15774914 3916156   37.00000   65   26   58.00000   26.00000  55.2%  10.0 2220s
 15807189 3921986   56.00000   63   14   58.00000   26.00000  55.2%  10.0 2225s
 15833111 3927358   49.00000   84   19   58.00000   26.00000  55.2%  10.0 2230s
 15861396 3933391   46.00000   69   23   58.00000   26.00000  55.2%  10.0 2235s
 15887996 3937199   26.00000   52   29   58.00000   26.00000  55.2%  10.0 2240s
 15917307 3942801   36.00000   66   23   58.00000   26.00000  55.2%  10.0 2245s
 15937443 3947233   37.00000   70   16   58.00000   26.00000  55.2%  10.0 2250s
 15965920 3951902   43.00000   66   22   58.00000   26.00000  55.2%  10.0 2255s
 15993942 3957821   31.67034   60   29   58.00000   26.00000  55.2%  10.0 2260s
 16022702 3963224   47.66667   58   21   58.00000   26.00000  55.2%  10.0 2265s
 16047090 3968175   36.00000   75   29   58.00000   26.00000  55.2%  10.0 2271s
 16065951 3972163 infeasible   66        58.00000   26.00000  55.2%  10.0 2275s
 16086675 3977150 infeasible   71        58.00000   26.00000  55.2%  10.0 2280s
 16117011 3982190   50.00000   65   15   58.00000   26.00000  55.2%  10.0 2285s
 16144429 3987761   43.00000   62   21   58.00000   26.00000  55.2%  10.0 2290s
 16175187 3994501   44.00000   69   24   58.00000   26.00000  55.2%  10.0 2295s
 16204001 3999273   56.00000   58   16   58.00000   26.00000  55.2%  10.0 2300s
 16226220 4003568   39.00000   72   23   58.00000   26.00000  55.2%  10.0 2308s
 16226300 4003636 infeasible   73        58.00000   26.00000  55.2%  10.0 2310s
 16249198 4008738   48.00000   70   17   58.00000   26.00000  55.2%  10.0 2315s
 16278397 4013251   53.00000   67   20   58.00000   26.00000  55.2%  10.0 2320s
 16304943 4018873   27.00000   62   30   58.00000   26.00000  55.2%  10.0 2325s
 16322542 4021456   44.00000   62   18   58.00000   26.00000  55.2%  10.0 2330s
 16336385 4023446   48.49470   63   29   58.00000   26.00000  55.2%  10.0 2335s
 16357489 4028124   48.00000   78   12   58.00000   26.00000  55.2%  10.0 2340s
 16384246 4032519   26.00000   61   33   58.00000   26.00000  55.2%  10.0 2345s
 16410170 4038206 infeasible   75        58.00000   26.00000  55.2%  10.0 2351s
 16432893 4042644   35.00000   64   27   58.00000   26.00000  55.2%  10.0 2355s
 16461496 4048418 infeasible   66        58.00000   26.00000  55.2%  10.0 2360s
 16487981 4054904   35.00000   68   18   58.00000   26.00000  55.2%  10.0 2365s
 16514582 4059649 infeasible   67        58.00000   26.00000  55.2%  10.0 2370s
 16544138 4066587   36.00000   61   18   58.00000   26.00000  55.2%  10.0 2375s
 16569477 4070912   41.00000   75   20   58.00000   26.00000  55.2%  10.0 2380s
 16596361 4075450   50.00000   61   11   58.00000   26.00000  55.2%  10.0 2385s
 16622892 4080786   30.00000   67   43   58.00000   26.00000  55.2%  10.0 2390s
 16653246 4086727 infeasible   71        58.00000   26.00000  55.2%  10.0 2395s
 16682157 4092378 infeasible   57        58.00000   26.00000  55.2%  10.0 2400s
 16707513 4097953   45.04878   79   33   58.00000   26.00000  55.2%  10.0 2405s
 16734936 4103856   51.00000   62   16   58.00000   26.00000  55.2%  10.0 2410s
 16759766 4108161 infeasible   67        58.00000   26.00000  55.2%  10.0 2415s
 16790303 4115128 infeasible   68        58.00000   26.00000  55.2%  10.0 2420s
 16807228 4118777   54.00000   64   15   58.00000   26.00000  55.2%  10.0 2425s
 16837343 4123815   37.00000   63   40   58.00000   26.00000  55.2%  10.0 2430s
 16867458 4130365   42.17708   74   30   58.00000   26.00000  55.2%  10.0 2435s
 16900017 4136902   49.00000   62   26   58.00000   26.00000  55.2%  10.0 2440s
 16917317 4139359 infeasible   64        58.00000   26.00000  55.2%  10.0 2445s
 16948922 4145198   35.00000   64   24   58.00000   26.00000  55.2%  10.0 2450s
 16980576 4151661   31.06379   67   43   58.00000   26.00000  55.2%  10.0 2455s
 17004967 4156254 infeasible   62        58.00000   26.00000  55.2%  10.0 2460s
 17028465 4161144 infeasible   67        58.00000   26.00000  55.2%  10.0 2466s
 17051271 4167130   53.06522   63   28   58.00000   26.00000  55.2%  10.0 2470s
 17075912 4172770 infeasible   70        58.00000   26.00000  55.2%  10.0 2475s
 17092290 4175917   34.00000   58   25   58.00000   26.00000  55.2%  10.0 2480s
 17127392 4182740   56.06807   63   31   58.00000   26.00000  55.2%  10.0 2485s
 17156056 4188321 infeasible   72        58.00000   26.00000  55.2%  10.0 2490s
 17181290 4193749   41.00000   68   18   58.00000   26.02632  55.1%  10.0 2495s
 17210140 4199393   43.25000   64   25   58.00000   26.03896  55.1%  10.0 2500s
 17238256 4204886 infeasible   81        58.00000   26.06329  55.1%  10.0 2505s
 17262682 4211610   37.44382   63   36   58.00000   26.07955  55.0%  10.0 2510s
 17283203 4214754 infeasible   63        58.00000   26.09890  55.0%  10.0 2515s
 17313862 4220980 infeasible   75        58.00000   26.14286  54.9%  10.0 2520s
 17340523 4227174   47.00000   69   17   58.00000   26.17582  54.9%  10.0 2525s
 17365352 4231745 infeasible   73        58.00000   26.25000  54.7%  10.0 2530s
 17390953 4236716   27.00000   82   26   58.00000   26.38327  54.5%  10.0 2535s
 17417470 4240709   50.00000   60   16   58.00000   26.53089  54.3%  10.0 2540s
 17434829 4244301   45.00000   79   26   58.00000   26.67901  54.0%  10.0 2545s
 17463170 4248808   54.00000   66   16   58.00000   26.85714  53.7%  10.0 2550s
 17486311 4254344   50.00000   56   17   58.00000   26.95000  53.5%  10.0 2555s
 17512980 4258042   52.00000   74   19   58.00000   27.00000  53.4%  10.0 2561s
 17528961 4261023   40.00000   77   23   58.00000   27.00000  53.4%  10.0 2565s
 17556857 4265489   37.00000   65   18   58.00000   27.00000  53.4%  10.0 2570s
 17583274 4269102 infeasible   70        58.00000   27.00000  53.4%  10.0 2575s
 17603168 4272001   57.00000   77   14   58.00000   27.00000  53.4%  10.0 2580s
 17628178 4275834   34.00000   75   26   58.00000   27.00000  53.4%  10.0 2585s
 17650137 4279105   31.00000   66   22   58.00000   27.00000  53.4%  10.0 2590s
 17673842 4283703 infeasible   66        58.00000   27.00000  53.4%  10.0 2595s
 17694853 4285763   27.00000   79   22   58.00000   27.00000  53.4%  10.0 2600s
 17719521 4291336   51.24719   61   28   58.00000   27.00000  53.4%  10.0 2605s
 17747915 4294661   40.00000   70   13   58.00000   27.00000  53.4%  10.0 2610s
 17769108 4299041   28.00000   61   21   58.00000   27.00000  53.4%  10.0 2615s
 17795834 4303080 infeasible   71        58.00000   27.00000  53.4%  10.0 2620s
 17816592 4305497 infeasible   81        58.00000   27.00000  53.4%  10.0 2625s
 17839337 4308950   38.00000   62   20   58.00000   27.00000  53.4%  10.0 2630s
 17863040 4312765 infeasible   75        58.00000   27.00000  53.4%  10.0 2635s
 17889913 4317150 infeasible   71        58.00000   27.00000  53.4%  10.0 2640s
 17910624 4320696   29.00000   72   28   58.00000   27.00000  53.4%  10.0 2645s
 17937994 4325164   42.00000   71   17   58.00000   27.00000  53.4%  10.0 2650s
 17960603 4330010   39.48485   75   25   58.00000   27.00000  53.4%  10.0 2655s
 17988183 4333839   39.00000   68   20   58.00000   27.00000  53.4%  10.0 2660s
 18014610 4338353   53.05435   72   17   58.00000   27.00000  53.4%   9.9 2665s
 18038190 4342921 infeasible   65        58.00000   27.00000  53.4%   9.9 2670s
 18063400 4347381   50.00000   80   14   58.00000   27.00000  53.4%   9.9 2675s
 18075110 4348711   41.00000   72   17   58.00000   27.00000  53.4%   9.9 2681s
 18089442 4351469   45.00000   71   28   58.00000   27.00000  53.4%   9.9 2685s
 18116823 4355951   42.00000   65   27   58.00000   27.00000  53.4%   9.9 2690s
 18138963 4360528 infeasible   71        58.00000   27.00000  53.4%   9.9 2695s
 18168894 4364820 infeasible   69        58.00000   27.00000  53.4%   9.9 2700s
 18192976 4368751   44.00000   78   18   58.00000   27.00000  53.4%   9.9 2705s
 18220109 4374069   27.00000   64   25   58.00000   27.00000  53.4%   9.9 2710s
 18238619 4377923   44.00000   79   13   58.00000   27.00000  53.4%   9.9 2715s
 18265732 4382356 infeasible   62        58.00000   27.00000  53.4%   9.9 2720s
 18286304 4385775   31.00000   63   33   58.00000   27.00000  53.4%   9.9 2725s
 18316074 4390387   52.00000   68   19   58.00000   27.00000  53.4%   9.9 2730s
 18334688 4392764 infeasible   64        58.00000   27.00000  53.4%   9.9 2735s
 18359608 4397997   38.00000   70   22   58.00000   27.00000  53.4%   9.9 2740s
 18385950 4401923   38.00000   70   22   58.00000   27.00000  53.4%   9.9 2745s
 18399400 4404434   30.00000   76   24   58.00000   27.00000  53.4%   9.9 2750s
 18423334 4409795   36.00000   67   22   58.00000   27.00000  53.4%   9.9 2755s
 18453514 4414518   29.00000   71   19   58.00000   27.00000  53.4%   9.9 2760s
 18484123 4419575 infeasible   81        58.00000   27.00000  53.4%   9.9 2765s
 18509021 4424179   39.00000   69   21   58.00000   27.00000  53.4%   9.9 2770s
 18536756 4428358 infeasible   74        58.00000   27.00000  53.4%   9.9 2775s
 18560323 4432454   52.00000   71   26   58.00000   27.00000  53.4%   9.9 2780s
 18585605 4438071   27.00000   69   19   58.00000   27.00000  53.4%   9.9 2785s
 18613452 4441834 infeasible   68        58.00000   27.00000  53.4%   9.9 2790s
 18630167 4446100   37.00000   57   25   58.00000   27.00000  53.4%   9.9 2795s
 18658291 4450096   44.00000   63   17   58.00000   27.00000  53.4%   9.9 2800s
 18676132 4452738 infeasible   70        58.00000   27.00000  53.4%   9.9 2805s
 18696521 4457196 infeasible   70        58.00000   27.00000  53.4%   9.9 2810s
 18728105 4462398   33.00000   64   23   58.00000   27.00000  53.4%   9.9 2815s
 18753759 4467937   27.00000   70   23   58.00000   27.00000  53.4%   9.9 2820s
 18767000 4469338   52.00000   69   14   58.00000   27.00000  53.4%   9.9 2825s
 18786590 4472605 infeasible   64        58.00000   27.00000  53.4%   9.9 2831s
 18800789 4475927   53.07216   63   18   58.00000   27.00000  53.4%   9.9 2835s
 18829807 4481330   50.00000   64   21   58.00000   27.00000  53.4%   9.9 2840s
 18854499 4485873   37.00000   82   22   58.00000   27.00000  53.4%   9.9 2845s
 18883144 4490487   35.00000   71   32   58.00000   27.00000  53.4%   9.9 2850s
 18905131 4494736   55.00000   60   17   58.00000   27.00000  53.4%   9.9 2855s
 18927312 4499039   42.00000   67   20   58.00000   27.00000  53.4%   9.9 2860s
 18946983 4502063   34.00000   66   18   58.00000   27.00000  53.4%   9.9 2865s
 18970795 4505543   33.42857   62   33   58.00000   27.00000  53.4%   9.9 2870s
 18992737 4509317 infeasible   74        58.00000   27.00000  53.4%   9.9 2875s
 19022845 4515069   37.00000   64   21   58.00000   27.00000  53.4%   9.9 2880s
 19035696 4518515   40.00000   60   21   58.00000   27.00000  53.4%   9.9 2885s
 19066491 4522787   45.00000   77   18   58.00000   27.00000  53.4%   9.9 2890s
 19094485 4528819   39.00000   73   25   58.00000   27.00000  53.4%   9.9 2895s
 19120892 4532311   35.00000   59   42   58.00000   27.00000  53.4%   9.9 2900s
 19137904 4535203   50.00000   69   18   58.00000   27.00000  53.4%   9.9 2905s
 19162688 4539748   52.62500   71   25   58.00000   27.00000  53.4%   9.9 2910s
 19190311 4544922 infeasible   74        58.00000   27.00000  53.4%   9.9 2915s
 19204316 4547511   36.00000   70   31   58.00000   27.00000  53.4%   9.9 2920s
 19231882 4552319 infeasible   74        58.00000   27.00000  53.4%   9.9 2925s
 19259025 4557336   44.00000   61   28   58.00000   27.00000  53.4%   9.9 2930s
 19287329 4562345 infeasible   72        58.00000   27.00000  53.4%   9.9 2935s
 19309000 4565833 infeasible   67        58.00000   27.00000  53.4%   9.9 2947s
 19316451 4567094 infeasible   71        58.00000   27.00000  53.4%   9.9 2950s
 19335428 4569953   36.00000   57   30   58.00000   27.00000  53.4%   9.9 2955s
 19362339 4574893   34.00000   66   26   58.00000   27.00000  53.4%   9.9 2960s
 19389132 4579832   27.00000   62   37   58.00000   27.00000  53.4%   9.9 2965s
 19413579 4584090   31.00000   67   25   58.00000   27.00000  53.4%   9.9 2970s
 19438444 4588351   27.00000   62   35   58.00000   27.00000  53.4%   9.9 2975s
 19463928 4593224 infeasible   67        58.00000   27.00000  53.4%   9.9 2980s
 19490769 4597528   50.67812   69   34   58.00000   27.00000  53.4%   9.9 2985s
 19514836 4602556   41.00000   62   23   58.00000   27.00000  53.4%   9.9 2990s
 19527765 4604086   40.00000   78   20   58.00000   27.00000  53.4%   9.9 2995s
 19551274 4608694   46.69350   79   33   58.00000   27.00000  53.4%   9.9 3000s
 19578184 4613495   52.00000   72   19   58.00000   27.00000  53.4%   9.9 3005s
 19607059 4619045 infeasible   75        58.00000   27.00000  53.4%   9.9 3010s
 19635299 4624425   27.00000   73   30   58.00000   27.00000  53.4%   9.9 3015s
 19658845 4628750   47.00000   82   16   58.00000   27.00000  53.4%   9.9 3020s
 19679298 4633220   32.00000   71   24   58.00000   27.00000  53.4%   9.9 3025s
 19706538 4638419   54.00000   71   16   58.00000   27.00000  53.4%   9.9 3030s
 19730279 4642363     cutoff   64        58.00000   27.00000  53.4%   9.9 3035s
 19752554 4647209   36.00000   67   18   58.00000   27.00000  53.4%   9.9 3040s
 19780625 4651393   36.00000   75   22   58.00000   27.00000  53.4%   9.9 3046s
 19796819 4654473   28.00000   62   23   58.00000   27.00000  53.4%   9.9 3050s
 19822463 4659069   30.00000   67   33   58.00000   27.00000  53.4%   9.9 3055s
 19850058 4664999   52.52812   75   38   58.00000   27.00000  53.4%   9.9 3060s
 19873324 4668629 infeasible   84        58.00000   27.00000  53.4%   9.9 3065s
 19892070 4671492 infeasible   61        58.00000   27.00000  53.4%   9.9 3071s
 19911180 4674934 infeasible   69        58.00000   27.00000  53.4%   9.9 3075s
 19938505 4679941   55.00000   73   15   58.00000   27.00000  53.4%   9.9 3080s
 19965881 4685690   36.00000   72   23   58.00000   27.00000  53.4%   9.9 3085s
 19987929 4689025   40.00000   77   23   58.00000   27.00000  53.4%   9.9 3090s
 20006789 4693209   38.00000   66   26   58.00000   27.00000  53.4%   9.9 3095s
 20034971 4698766   36.00000   63   20   58.00000   27.00000  53.4%   9.9 3100s
 20058116 4702175   52.00000   68   22   58.00000   27.00000  53.4%   9.9 3105s
 20079208 4707252   37.00000   62   29   58.00000   27.00000  53.4%   9.9 3110s
 20091467 4708999   27.00000   64   19   58.00000   27.00000  53.4%   9.9 3115s
 20115981 4713702   50.00000   67   29   58.00000   27.00000  53.4%   9.9 3120s
 20141100 4718067   43.00000   70   14   58.00000   27.00000  53.4%   9.9 3125s
 20165875 4722816   44.00000   66   22   58.00000   27.00000  53.4%   9.9 3130s
 20193475 4727205   33.00000   72   34   58.00000   27.00000  53.4%   9.9 3135s
 20214579 4731589   44.00000   70   20   58.00000   27.00000  53.4%   9.9 3140s
 20238448 4736066   45.00000   69   10   58.00000   27.00000  53.4%   9.9 3145s
 20261265 4739522   28.00000   63   28   58.00000   27.00000  53.4%   9.9 3150s
 20275738 4741906   48.00000   68   20   58.00000   27.00000  53.4%   9.9 3155s
 20299429 4746036   52.05495   81   18   58.00000   27.00000  53.4%   9.9 3160s
 20314082 4748972   41.00000   71   24   58.00000   27.00000  53.4%   9.9 3165s
 20337210 4753245   37.00000   70   22   58.00000   27.00000  53.4%   9.9 3171s
 20358602 4756644 infeasible   82        58.00000   27.00000  53.4%   9.9 3175s
 20385156 4762378   48.00000   70   26   58.00000   27.00000  53.4%   9.9 3180s
 20412745 4766221   45.00000   59   28   58.00000   27.00000  53.4%   9.9 3185s
 20434578 4770463 infeasible   65        58.00000   27.00000  53.4%   9.9 3190s
 20446310 4772246     cutoff   74        58.00000   27.00000  53.4%   9.9 3195s
 20472364 4777056   53.00000   72   39   58.00000   27.00000  53.4%   9.9 3200s
 20495995 4782118   47.00000   72   30   58.00000   27.00000  53.4%   9.9 3205s
 20517407 4786516   40.00000   61   20   58.00000   27.00000  53.4%   9.9 3210s
 20548418 4791355   38.99982   63   40   58.00000   27.00000  53.4%   9.9 3216s
 20560599 4794461   55.00000   62   10   58.00000   27.00000  53.4%   9.9 3220s
 20589167 4798598   37.00000   65   35   58.00000   27.00000  53.4%   9.9 3225s
 20611634 4802357     cutoff   66        58.00000   27.00000  53.4%   9.9 3230s
 20621335 4804685 infeasible   66        58.00000   27.00000  53.4%   9.9 3235s
 20644518 4809178   51.00000   71   17   58.00000   27.00000  53.4%   9.9 3240s
 20672047 4813409   27.00000   56   36   58.00000   27.00000  53.4%   9.9 3245s
 20697432 4818281 infeasible   61        58.00000   27.00000  53.4%   9.9 3250s
 20716713 4822339 infeasible   66        58.00000   27.00000  53.4%   9.9 3255s
 20742113 4826863 infeasible   71        58.00000   27.02151  53.4%   9.9 3260s
 20763678 4830549   47.00000   73   17   58.00000   27.03125  53.4%   9.9 3265s
 20783790 4834417   42.00000   67   34   58.00000   27.04545  53.4%   9.9 3270s
 20808853 4839302   41.00000   73   24   58.00000   27.06329  53.3%   9.9 3275s
 20830710 4844060   39.00000   58   24   58.00000   27.06395  53.3%   9.9 3280s
 20840765 4845926 infeasible   80        58.00000   27.07715  53.3%   9.9 3285s
 20864195 4851312   41.00000   67   15   58.00000   27.10345  53.3%   9.9 3290s
 20890186 4855657   57.00000   79   15   58.00000   27.14286  53.2%   9.9 3295s
 20913979 4859933 infeasible   71        58.00000   27.17440  53.1%   9.9 3300s
 20940117 4864851 infeasible   80        58.00000   27.22708  53.1%   9.9 3305s
 20960742 4868395   28.00000   66   20   58.00000   27.29052  52.9%   9.9 3310s
 20970788 4870015   28.00000   59   37   58.00000   27.34694  52.9%   9.9 3315s
 20992182 4874056   37.00000   62   26   58.00000   27.48630  52.6%   9.9 3321s
 21009481 4876776 infeasible   78        58.00000   27.57143  52.5%   9.9 3325s
 21033653 4880553 infeasible   82        58.00000   27.75000  52.2%   9.9 3330s
 21058981 4885844 infeasible   71        58.00000   27.86210  52.0%   9.9 3335s
 21082938 4892030   31.09897   60   42   58.00000   27.93939  51.8%   9.9 3340s
 21104447 4895892 infeasible   70        58.00000   28.00000  51.7%   9.9 3345s
 21122235 4897381 infeasible   67        58.00000   28.00000  51.7%   9.9 3352s
 21138533 4899041   56.00000   73   10   58.00000   28.00000  51.7%   9.9 3356s
 21154767 4901020 infeasible   77        58.00000   28.00000  51.7%   9.9 3360s
 21177189 4904013 infeasible   80        58.00000   28.00000  51.7%   9.9 3365s
 21189136 4906099 infeasible   79        58.00000   28.00000  51.7%   9.9 3371s
 21211930 4908382   32.00000   70   20   58.00000   28.00000  51.7%   9.9 3375s
 21235278 4912212   41.00000   69   18   58.00000   28.00000  51.7%   9.9 3380s
 21256877 4915350   55.00000   72   13   58.00000   28.00000  51.7%   9.9 3385s
 21283455 4918225   42.00000   71   13   58.00000   28.00000  51.7%   9.9 3390s
 21300914 4920610   48.00000   74   17   58.00000   28.00000  51.7%   9.9 3395s
 21324053 4923041 infeasible   69        58.00000   28.00000  51.7%   9.9 3400s
 21343500 4925562   49.00000   73   19   58.00000   28.00000  51.7%   9.9 3406s
 21354506 4927886   42.00000   75   21   58.00000   28.00000  51.7%   9.9 3410s
 21381064 4931020   39.00000   69   18   58.00000   28.00000  51.7%   9.9 3415s
 21403694 4935298   30.00000   68   21   58.00000   28.00000  51.7%   9.9 3420s
 21429533 4938447 infeasible   69        58.00000   28.00000  51.7%   9.9 3425s
 21442778 4940936   48.00000   65   28   58.00000   28.00000  51.7%   9.9 3430s
 21462659 4943833   43.00000   67   21   58.00000   28.00000  51.7%   9.9 3435s
 21488954 4946906   52.00000   63   21   58.00000   28.00000  51.7%   9.9 3440s
 21505820 4949278   39.00000   71   10   58.00000   28.00000  51.7%   9.9 3445s
 21516480 4950042   46.00000   69   18   58.00000   28.00000  51.7%   9.9 3450s
 21538234 4952976 infeasible   70        58.00000   28.00000  51.7%   9.9 3455s
 21561893 4956135   47.46667   63   24   58.00000   28.00000  51.7%   9.9 3460s
 21580351 4958764   48.00000   67   16   58.00000   28.00000  51.7%   9.9 3465s
 21603851 4962888   37.96970   63   19   58.00000   28.00000  51.7%   9.8 3470s
 21621779 4966473   48.00000   64   17   58.00000   28.00000  51.7%   9.8 3475s
 21649530 4969884 infeasible   73        58.00000   28.00000  51.7%   9.8 3480s
 21671882 4973409 infeasible   74        58.00000   28.00000  51.7%   9.8 3485s
 21694191 4976658 infeasible   65        58.00000   28.00000  51.7%   9.8 3490s
 21714676 4979945 infeasible   72        58.00000   28.00000  51.7%   9.8 3495s
 21730765 4982447   42.10928   67   34   58.00000   28.00000  51.7%   9.8 3502s
 21740346 4984893   29.00000   64   25   58.00000   28.00000  51.7%   9.8 3505s
 21767178 4988657   43.00000   72   22   58.00000   28.00000  51.7%   9.8 3510s
 21791480 4991993   52.00000   65   12   58.00000   28.00000  51.7%   9.8 3518s
 21792013 4993178   50.00000   67   24   58.00000   28.00000  51.7%   9.8 3520s
 21820431 4997210   34.00000   68   18   58.00000   28.00000  51.7%   9.8 3525s
 21845636 5000147 infeasible   69        58.00000   28.00000  51.7%   9.8 3530s
 21861151 5003630   41.00000   77   15   58.00000   28.00000  51.7%   9.8 3535s
 21885834 5007034   29.00000   60   17   58.00000   28.00000  51.7%   9.8 3540s
 21899791 5008249   52.00000   71   31   58.00000   28.00000  51.7%   9.8 3545s
 21923174 5011139   43.00000   75   14   58.00000   28.00000  51.7%   9.8 3550s
 21943483 5014767   41.00000   71   17   58.00000   28.00000  51.7%   9.8 3555s
 21963772 5017748   53.00000   69   13   58.00000   28.00000  51.7%   9.8 3560s
 21989027 5021845   36.00000   72   32   58.00000   28.00000  51.7%   9.8 3565s
 22008931 5023905   29.78249   59   44   58.00000   28.00000  51.7%   9.8 3570s
 22032032 5027521 infeasible   76        58.00000   28.00000  51.7%   9.8 3575s
 22053936 5030779 infeasible   66        58.00000   28.00000  51.7%   9.8 3580s
 22076504 5034794   55.00000   78   17   58.00000   28.00000  51.7%   9.8 3585s
 22097670 5038134   28.00000   68   28   58.00000   28.00000  51.7%   9.8 3590s
 22122111 5041701   40.00000   64   21   58.00000   28.00000  51.7%   9.8 3595s
 22137659 5044306   38.00000   73   14   58.00000   28.00000  51.7%   9.8 3600s

Cutting planes:
  Learned: 6
  Gomory: 15
  Cover: 3
  Implied bound: 12
  MIR: 6
  StrongCG: 1
  Flow cover: 30
  Zero half: 1
  RLT: 2
  Relax-and-lift: 1

Explored 22138784 nodes (217615987 simplex iterations) in 3600.03 seconds (791.78 work units)
Thread count was 16 (of 16 available processors)

Solution count 10: 58 66 67 ... 108

Time limit reached
Best objective 5.800000000000e+01, best bound 2.800000000000e+01, gap 51.7241%
Warning: constraint name "precedence between 0,0 to 0,1 if x_[0,0,0,1,3]=0, i.e. 0,1 before 0,0" has a space
Warning: constraint name "precedence between 0,0 to 0,1 if x_[0,0,0,1,3]=0, i.e. 0,1 before 0,0" has a space
Warning: default constraint names used to write mps file
