
Gurobi 10.0.1 (win64) logging started Sat Oct  7 16:15:59 2023

Set parameter LogFile to value "./results//log/URT_18_makespan_heurFalse.log"
Gurobi Optimizer version 10.0.1 build v10.0.1rc0 (win64)

CPU model: AMD Ryzen 7 3700X 8-Core Processor, instruction set [SSE2|AVX|AVX2]
Thread count: 8 physical cores, 16 logical processors, using up to 16 threads

Optimize a model with 1958 rows, 1513 columns and 8775 nonzeros
Model fingerprint: 0xc75c32ca
Variable types: 0 continuous, 1513 integer (1404 binary)
Coefficient statistics:
  Matrix range     [1e+00, 1e+07]
  Objective range  [1e+00, 1e+00]
  Bounds range     [1e+00, 1e+00]
  RHS range        [1e+00, 3e+07]
Presolve removed 130 rows and 732 columns
Presolve time: 0.02s
Presolved: 1828 rows, 781 columns, 8549 nonzeros
Variable types: 0 continuous, 781 integer (673 binary)

Root relaxation: objective 9.200000e+01, 205 iterations, 0.00 seconds (0.00 work units)

    Nodes    |    Current Node    |     Objective Bounds      |     Work
 Expl Unexpl |  Obj  Depth IntInf | Incumbent    BestBd   Gap | It/Node Time

     0     0   92.00000    0   77          -   92.00000      -     -    0s
H    0     0                     417.0000000   92.00000  77.9%     -    0s
H    0     0                     412.0000000   92.00000  77.7%     -    0s
H    0     0                     400.0000000   92.00000  77.0%     -    0s
H    0     0                     398.0000000   92.00000  76.9%     -    0s
     0     0   92.00000    0   48  398.00000   92.00000  76.9%     -    0s
H    0     0                     397.0000000   92.00000  76.8%     -    0s
H    0     0                     355.0000000   92.00000  74.1%     -    0s
     0     0   92.88027    0  108  355.00000   92.88027  73.8%     -    0s
     0     0   94.19253    0   53  355.00000   94.19253  73.5%     -    0s
     0     0   94.19253    0   90  355.00000   94.19253  73.5%     -    0s
     0     0   94.19253    0  110  355.00000   94.19253  73.5%     -    0s
H    0     0                     335.0000000   94.26587  71.9%     -    0s
     0     0   94.26587    0  109  335.00000   94.26587  71.9%     -    0s
H    0     0                     329.0000000   94.26587  71.3%     -    0s
     0     0   94.32696    0  112  329.00000   94.32696  71.3%     -    0s
     0     0   94.48035    0  115  329.00000   94.48035  71.3%     -    0s
     0     0   94.48035    0  112  329.00000   94.48035  71.3%     -    0s
     0     0   95.05991    0   84  329.00000   95.05991  71.1%     -    0s
     0     0   95.10068    0  116  329.00000   95.10068  71.1%     -    0s
     0     0   95.10360    0  120  329.00000   95.10360  71.1%     -    0s
     0     0   95.10360    0  106  329.00000   95.10360  71.1%     -    0s
     0     0   95.10386    0  120  329.00000   95.10386  71.1%     -    0s
     0     0   95.10386    0  107  329.00000   95.10386  71.1%     -    0s
     0     0   95.10386    0  118  329.00000   95.10386  71.1%     -    0s
     0     0   95.10386    0  114  329.00000   95.10386  71.1%     -    0s
     0     0   95.10386    0   58  329.00000   95.10386  71.1%     -    0s
     0     0   95.10386    0   90  329.00000   95.10386  71.1%     -    0s
     0     0   95.10386    0   65  329.00000   95.10386  71.1%     -    0s
     0     0   95.10386    0   99  329.00000   95.10386  71.1%     -    0s
     0     0   95.10386    0   58  329.00000   95.10386  71.1%     -    1s
     0     0   95.10386    0  115  329.00000   95.10386  71.1%     -    1s
     0     0   95.10386    0   63  329.00000   95.10386  71.1%     -    1s
     0     0   95.10386    0   61  329.00000   95.10386  71.1%     -    1s
     0     2   95.10386    0   51  329.00000   95.10386  71.1%     -    1s
H  176   183                     320.0000000   96.69371  69.8%  27.0    2s
H  177   183                     309.0000000   96.69371  68.7%  26.9    2s
H  178   183                     294.0000000   96.69371  67.1%  26.8    2s
H  490   490                     288.0000000   96.72123  66.4%  16.7    2s
H  701   622                     287.0000000   96.72123  66.3%  15.8    2s
H  725   622                     286.0000000   96.72123  66.2%  15.7    2s
H  883   749                     285.0000000   96.72123  66.1%  14.9    3s
H  885   749                     283.0000000   96.72123  65.8%  14.8    3s
H  888   749                     275.0000000   96.72123  64.8%  14.8    3s
  1509  1018  113.00001   34  130  275.00000   98.10890  64.3%  11.1    5s
H 1665  1084                     272.0000000   99.49892  63.4%  13.5    7s
H 1808  1129                     269.0000000   99.49892  63.0%  14.8    7s
H 5111  3146                     268.0000000   99.96732  62.7%  15.7    8s
H 5694  3390                     267.0000000   99.96732  62.6%  15.6   10s
H 5695  3383                     266.0000000   99.96732  62.4%  15.6   10s
H 5702  3365                     262.0000000   99.96732  61.8%  15.6   10s
H 5970  3621                     255.0000000   99.96732  60.8%  15.6   10s
 14066 10249  134.60762   58   72  255.00000  101.28131  60.3%  14.4   15s
H19995 14062                     254.0000000  101.61907  60.0%  14.2   17s
 24936 18369  117.84240   53  115  254.00000  101.81345  59.9%  14.1   20s
 36226 25707  105.20510   54  120  254.00000  102.18186  59.8%  13.9   25s
 41692 29487  196.90324   83   61  254.00000  102.26562  59.7%  13.9   31s
 41725 29509  150.35657   52  144  254.00000  102.26562  59.7%  13.8   35s
H41741 28043                     253.0000000  102.26562  59.6%  13.8   37s
 41751 28049  121.69446   49  184  253.00000  102.26562  59.6%  13.8   40s
H41756 26649                     252.0000000  102.26562  59.4%  13.8   40s
H41758 25316                     250.0000000  102.26562  59.1%  13.8   41s
 41778 25329  246.00000  101  155  250.00000  102.40620  59.0%  13.8   45s
 41804 25347  177.53000   67  129  250.00000  103.36454  58.7%  13.8   50s
 41830 25364  216.01745   74  184  250.00000  104.31333  58.3%  13.8   55s
H42022 24229                     247.0000000  104.31333  57.8%  14.9   57s
 44885 25637  145.29535  103   99  247.00000  104.31333  57.8%  16.5   60s
 49030 27434  104.44366   57  138  247.00000  104.31333  57.8%  17.9   65s
H51225 26751                     244.0000000  104.44362  57.2%  18.3   67s
 53242 27658  126.90441   56  125  244.00000  104.66601  57.1%  18.7   70s
 57836 29802  139.09873   65   83  244.00000  105.03933  57.0%  19.4   75s
 62788 32190  162.61100   76   91  244.00000  105.20570  56.9%  19.7   80s
 64035 31936  128.43793   64  123  244.00000  105.24427  56.9%  19.9   87s
 64146 33053  110.12134   63  117  244.00000  105.24427  56.9%  19.9   90s
 67794 33642  108.67048   60  145  244.00000  105.35542  56.8%  20.1   95s
 70664 35155  208.89838   89   51  244.00000  105.46181  56.8%  20.2  100s
 74749 36877  112.13033   60  142  244.00000  105.56946  56.7%  20.6  106s
 77870 38501  113.98601   63  135  244.00000  105.62779  56.7%  21.0  111s
 81723 39482  146.37450   61   84  244.00000  105.69422  56.7%  21.1  116s
 83156 40741  106.07812   61  123  244.00000  105.71938  56.7%  21.2  120s
 87069 41279  108.58551   63  124  244.00000  105.79791  56.6%  21.5  125s
 90337 43075     cutoff  104       244.00000  105.83783  56.6%  21.6  130s
 95099 43695  106.70856   57  150  244.00000  105.89277  56.6%  21.8  135s
 97598 45649  126.90304   61  145  244.00000  105.93352  56.6%  21.9  140s
 100689 47262  106.42162   55  157  244.00000  105.98107  56.6%  22.1  145s
 104721 48412  131.66810   68   86  244.00000  106.01185  56.6%  22.0  150s
 107932 50570  155.79724   79   65  244.00000  106.04904  56.5%  22.2  157s
 110553 51187  128.10420   84  103  244.00000  106.08952  56.5%  22.3  160s
 114665 54049     cutoff   77       244.00000  106.13115  56.5%  22.4  166s
 118172 56708  106.72370   62  151  244.00000  106.17960  56.5%  22.6  172s
H121549 57216                     238.0000000  106.20128  55.4%  22.6  174s
 121985 58350  193.06806  104   49  238.00000  106.20339  55.4%  22.6  177s
 123708 59648  205.39748   93   62  238.00000  106.21878  55.4%  22.6  180s
 126935 61903  110.49215   63  131  238.00000  106.25793  55.4%  22.8  186s
H127435 61707                     237.0000000  106.26098  55.2%  22.8  186s
 128816 63348  157.30612   88   76  237.00000  106.27684  55.2%  22.8  190s
 133519 66135  108.23148   60  116  237.00000  106.31890  55.1%  23.0  197s
 135319 67516  107.50315   66  131  237.00000  106.33188  55.1%  23.0  200s
 138986 70314  173.04874   77   94  237.00000  106.35529  55.1%  23.1  206s
 141063 71534  122.02170   62  105  237.00000  106.38263  55.1%  23.2  210s
 143115 71547  128.17860   65  103  237.00000  106.40165  55.1%  23.2  227s
 143134 72706  132.16670   66  107  237.00000  106.40200  55.1%  23.2  230s
 145666 74444  111.27269   62  132  237.00000  106.42623  55.1%  23.3  236s
 148867 76939  165.13583   90   59  237.00000  106.43856  55.1%  23.3  243s
 150969 78239  109.50349   64  150  237.00000  106.45318  55.1%  23.3  246s
 152756 79354  228.28732   83   63  237.00000  106.47110  55.1%  23.3  250s
 155706 81654  134.87073   70  103  237.00000  106.49398  55.1%  23.4  256s
 157593 83017  204.26112   94   62  237.00000  106.50580  55.1%  23.4  260s
 161403 85704  109.02753   67  136  237.00000  106.52955  55.1%  23.5  267s
 164374 87615  106.97715   61  152  237.00000  106.54516  55.0%  23.6  272s
 166143 88766  109.44716   57  124  237.00000  106.55836  55.0%  23.6  276s
 168089 89924  108.40935   73  120  237.00000  106.56922  55.0%  23.6  280s
 171714 92777  122.59929   66  109  237.00000  106.59643  55.0%  23.8  287s
 173601 94338  181.33308   77   68  237.00000  106.60361  55.0%  23.8  290s
 177654 96537  117.59755   61  122  237.00000  106.61544  55.0%  23.8  297s
 180410 98169  108.50233   62  120  237.00000  106.63939  55.0%  23.8  302s
 181925 99285  109.38634   63  143  237.00000  106.65224  55.0%  23.9  306s
 185804 102090  209.48618  102   65  237.00000  106.67077  55.0%  23.9  312s
 187709 103342  108.18273   60  141  237.00000  106.68356  55.0%  24.0  315s
 191219 106100  162.92593   91   63  237.00000  106.70376  55.0%  24.0  322s
 193461 107034  107.38099   59  146  237.00000  106.71621  55.0%  24.1  325s
 197010 109727     cutoff  102       237.00000  106.73690  55.0%  24.1  331s
 200622 112279  107.41712   65  147  237.00000  106.74964  55.0%  24.1  337s
 202453 113284  119.76667   61  132  237.00000  106.75781  55.0%  24.1  340s
 205620 115891  123.32691   76   88  237.00000  106.77901  54.9%  24.2  346s
 209248 118251  229.00069  104   46  237.00000  106.78715  54.9%  24.2  351s
 211258 119313  145.73023   78   98  237.00000  106.80374  54.9%  24.3  355s
 214812 121726  108.94950   58  128  237.00000  106.82441  54.9%  24.3  361s
 217653 124079  110.00268   67  126  237.00000  106.84415  54.9%  24.4  366s
 220817 126275  109.48040   64  119  237.00000  106.85916  54.9%  24.4  372s
 222197 128028 infeasible  101       237.00000  106.86320  54.9%  24.4  376s
 224470 129403  160.88547   79   87  237.00000  106.87019  54.9%  24.4  380s
 228072 131724  111.14739   67  118  237.00000  106.89092  54.9%  24.4  386s
 229672 132922  140.93614   80   80  237.00000  106.89351  54.9%  24.4  390s
 233862 135674  124.74381   83   86  237.00000  106.91535  54.9%  24.4  396s
 236811 137489  108.78650   62  131  237.00000  106.92270  54.9%  24.4  402s
 240120 139933  112.98450   71  143  237.00000  106.93810  54.9%  24.4  407s
 241989 140748  149.13378   80   90  237.00000  106.94568  54.9%  24.5  410s
 244741 143234  169.16032   78   68  237.00000  106.95572  54.9%  24.5  416s
 248772 145486  108.00021   61  136  237.00000  106.97297  54.9%  24.5  422s
 250151 146496  107.85100   66  127  237.00000  106.97915  54.9%  24.5  425s
 253599 149039  107.82512   57  130  237.00000  106.99588  54.9%  24.6  431s
 255360 149050  109.17768   70  146  237.00000  107.00545  54.9%  24.6  445s
 256466 150855  117.49263   70  122  237.00000  107.01152  54.8%  24.6  451s
 258060 152520  117.75180   70  128  237.00000  107.01710  54.8%  24.6  456s
 262099 154980  172.00000   87   55  237.00000  107.03455  54.8%  24.7  463s
 264002 156314  109.16612   68  119  237.00000  107.04547  54.8%  24.7  467s
 266075 157859  108.18056   61  152  237.00000  107.05752  54.8%  24.7  471s
 268099 159168  108.81539   60  109  237.00000  107.06176  54.8%  24.7  475s
 269889 160404  128.68326   76   96  237.00000  107.06927  54.8%  24.7  480s
 273728 163243  115.95326   68  122  237.00000  107.08412  54.8%  24.8  487s
 275776 164671  134.56163   69   89  237.00000  107.09182  54.8%  24.8  491s
 279548 166408     cutoff   90       237.00000  107.10508  54.8%  24.8  496s
 282613 168848  122.60034   84   91  237.00000  107.11399  54.8%  24.8  503s
 284573 170170  131.84747   71   98  237.00000  107.12486  54.8%  24.9  506s
 286495 171435  108.73113   70  111  237.00000  107.13462  54.8%  24.9  510s
 290143 173830  200.00000   99   42  237.00000  107.14596  54.8%  24.9  516s
 292763 175349  177.16005   87   69  237.00000  107.15359  54.8%  24.9  520s
 295508 177557  115.30359   66  124  237.00000  107.16543  54.8%  24.9  526s
 297179 178971  210.17450   90   65  237.00000  107.17304  54.8%  25.0  530s
 301028 181193  151.03745   68   97  237.00000  107.18192  54.8%  24.9  536s
 303931 183376  108.95383   60  147  237.00000  107.19644  54.8%  24.9  542s
 305701 184524  107.90847   61  151  237.00000  107.20007  54.8%  25.0  545s
 309228 186636  124.93714   64  126  237.00000  107.21909  54.8%  25.0  552s
 311037 187530  129.96110   83  105  237.00000  107.22677  54.8%  25.0  555s
 314331 189994  190.43383   80   67  237.00000  107.23985  54.8%  25.1  562s
 315975 191356  235.50129  102   45  237.00000  107.24768  54.7%  25.1  565s
 319372 193965  107.98174   65  149  237.00000  107.25967  54.7%  25.1  574s
 321884 195577  119.42533   67  128  237.00000  107.27253  54.7%  25.1  577s
 323936 197032  108.60348   66  155  237.00000  107.27865  54.7%  25.2  581s
 327692 199492  179.53018   81   63  237.00000  107.29008  54.7%  25.2  588s
 329709 200672  187.91591   89   71  237.00000  107.30047  54.7%  25.2  591s
 333167 203389  127.33704   74   82  237.00000  107.31291  54.7%  25.2  598s
 335127 204717     cutoff  105       237.00000  107.31733  54.7%  25.2  601s
 338884 207097  221.56152   93   54  237.00000  107.33035  54.7%  25.2  608s
 340518 208492  115.60807   60  103  237.00000  107.33567  54.7%  25.2  612s
 342864 209724  136.00722   72  112  237.00000  107.34429  54.7%  25.2  616s
 344715 211229  227.00681  101   57  237.00000  107.34796  54.7%  25.2  620s
 348416 213512  134.91297   69  107  237.00000  107.35898  54.7%  25.2  626s
 351803 216149  199.63155   92   72  237.00000  107.36942  54.7%  25.3  633s
 353914 216929  107.96016   62  135  237.00000  107.37301  54.7%  25.3  636s
 357253 219567  213.68648   74   51  237.00000  107.38245  54.7%  25.3  643s
 358988 221043  107.55650   64  121  237.00000  107.38770  54.7%  25.3  646s
 361107 222395  124.04724   69  102  237.00000  107.39322  54.7%  25.3  650s
 365025 224926     cutoff   90       237.00000  107.40492  54.7%  25.3  657s
 366592 226137 infeasible   81       237.00000  107.41152  54.7%  25.3  661s
 370081 228271  110.97677   65  138  237.00000  107.42318  54.7%  25.3  667s
 371736 229006  113.52354   66  126  237.00000  107.42836  54.7%  25.3  670s
 374822 231279  120.86943   65  143  237.00000  107.43775  54.7%  25.4  677s
 376552 233175  236.00000   91   36  237.00000  107.44401  54.7%  25.4  681s
 380510 235480  130.11880   73  110  237.00000  107.45495  54.7%  25.4  688s
 382443 236582  108.55022   62  141  237.00000  107.46048  54.7%  25.4  691s
 384196 237937  219.56596   89   56  237.00000  107.46641  54.7%  25.4  695s
 388272 241001  172.28571   95   60  237.00000  107.47556  54.7%  25.4  702s
 390562 242004  108.63338   66  128  237.00000  107.48199  54.6%  25.4  706s
 394097 244021  130.59446   71  123  237.00000  107.49225  54.6%  25.4  712s
 395713 244879  128.94068   65  129  237.00000  107.49638  54.6%  25.4  715s
 398822 247158  198.13889   84   53  237.00000  107.50493  54.6%  25.4  721s
 402334 249421  119.28622   79  110  237.00000  107.51446  54.6%  25.4  728s
 403949 250681  138.08159   69  105  237.00000  107.52104  54.6%  25.4  731s
 405812 251800  130.91587   84   80  237.00000  107.52674  54.6%  25.4  735s
 409512 254143  123.38249   69  123  237.00000  107.53582  54.6%  25.5  742s
 411170 254315  212.50149   84   50  237.00000  107.53975  54.6%  25.5  753s
 411462 254966  214.98905   85   61  237.00000  107.53976  54.6%  25.5  756s
 412538 256616  128.14762   69   95  237.00000  107.54457  54.6%  25.5  760s
 416261 258842     cutoff   98       237.00000  107.55225  54.6%  25.5  768s
 418229 260231 infeasible  101       237.00000  107.55810  54.6%  25.5  772s
 420324 261586  142.89336   80   84  237.00000  107.56153  54.6%  25.6  776s
 422244 262883  107.77731   63  131  237.00000  107.56774  54.6%  25.6  780s
 426385 265530  211.27413   91   69  237.00000  107.57746  54.6%  25.6  787s
 428159 267205  135.91018   77   96  237.00000  107.58414  54.6%  25.6  791s
 431865 269366  116.12185   72  106  237.00000  107.59467  54.6%  25.6  798s
 433730 270496  111.18094   71  139  237.00000  107.60010  54.6%  25.6  801s
 435448 271829  118.21405   57  115  237.00000  107.60445  54.6%  25.6  805s
 439616 273770  108.80448   66  142  237.00000  107.61436  54.6%  25.6  812s
 440830 274817  107.97378   67  139  237.00000  107.61873  54.6%  25.6  815s
 444369 277200     cutoff  104       237.00000  107.62606  54.6%  25.7  822s
 446127 278274  108.48392   66  155  237.00000  107.63217  54.6%  25.7  826s
 448996 281372  201.05348  122   37  237.00000  107.63654  54.6%  25.7  834s
 451671 281372  111.01251   69  130  237.00000  107.63933  54.6%  25.7  835s
 454083 283665  108.58903   64  141  237.00000  107.65133  54.6%  25.7  842s
 456809 285520  191.28166   75   71  237.00000  107.65921  54.6%  25.7  848s
 458624 286981  117.29095   64  144  237.00000  107.66362  54.6%  25.7  852s
 460835 288148  190.64527   81   75  237.00000  107.67066  54.6%  25.7  856s
 462644 289544  125.84777   66  152  237.00000  107.67564  54.6%  25.8  860s
 466309 292487  116.68660   75  110  237.00000  107.68083  54.6%  25.8  868s
 468843 293589     cutoff   86       237.00000  107.68559  54.6%  25.8  872s
 470474 295153  125.74454   73   86  237.00000  107.69079  54.6%  25.8  877s
 472985 295169  202.77398   86   63  237.00000  107.69687  54.6%  25.8  894s
 473001 295894  203.25785   87   58  237.00000  107.69770  54.6%  25.8  897s
 474269 297100  229.20321  112   30  237.00000  107.70062  54.6%  25.8  902s
 476533 298124  111.91857   72  127  237.00000  107.70474  54.6%  25.8  905s
 479741 300956  198.91337   81   61  237.00000  107.71048  54.6%  25.8  913s
 481880 301931  194.48219   82   71  237.00000  107.71351  54.6%  25.8  917s
 483419 303169  138.14388   71  130  237.00000  107.71746  54.5%  25.8  921s
 485408 304765  112.89106   72  107  237.00000  107.72200  54.5%  25.8  925s
 487684 306386  136.17857   74  123  237.00000  107.72426  54.5%  25.8  930s
 492022 309038  131.60875   82  100  237.00000  107.73170  54.5%  25.8  938s
 493782 310276  108.81680   67  145  237.00000  107.73571  54.5%  25.8  941s
 495563 311453  116.91405   58  144  237.00000  107.73976  54.5%  25.8  945s
 499014 313640  206.24421   90   56  237.00000  107.74950  54.5%  25.8  952s
 500826 314962  109.11465   66  135  237.00000  107.75276  54.5%  25.8  956s
 504546 317575  193.00000   94   52  237.00000  107.75963  54.5%  25.8  963s
 506540 318791  156.90645   93   67  237.00000  107.76450  54.5%  25.8  967s
 508383 320139     cutoff  107       237.00000  107.76686  54.5%  25.8  970s
 511787 323072  176.06128  100   58  237.00000  107.77321  54.5%  25.8  978s
 514317 324013  217.58272   88   56  237.00000  107.77624  54.5%  25.8  981s
 515671 325242  153.00223   71   83  237.00000  107.77956  54.5%  25.8  985s
 518662 327838  117.24538   74  101  237.00000  107.78785  54.5%  25.8  991s
 522376 329078  114.23177   62  135  237.00000  107.79323  54.5%  25.8  995s
 524326 331243  130.84883   75   97  237.00000  107.79801  54.5%  25.8 1001s
 527382 332875  226.08063   94   62  237.00000  107.80446  54.5%  25.8 1007s
 528360 334056  110.57678   68  144  237.00000  107.80703  54.5%  25.8 1011s
 532205 336877  121.42506   72  109  237.00000  107.81475  54.5%  25.8 1019s
 533974 338120     cutoff   92       237.00000  107.81833  54.5%  25.9 1023s
 535924 339318  178.61103   75   68  237.00000  107.82058  54.5%  25.9 1026s
 537681 340596  112.11960   73  138  237.00000  107.82691  54.5%  25.9 1030s
 539635 340872  114.24399   65  139  237.00000  107.83186  54.5%  25.9 1037s
 540041 342055  116.34238   69   98  237.00000  107.83226  54.5%  25.9 1041s
 541880 343531  108.91708   68  141  237.00000  107.83706  54.5%  25.9 1046s
 544087 344883  108.41573   72  142  237.00000  107.84129  54.5%  25.9 1050s
 546218 346097  116.34514   72  122  237.00000  107.84758  54.5%  25.9 1055s
 550211 348781     cutoff  108       237.00000  107.85527  54.5%  25.9 1063s
 551903 350795  228.96149   94   52  237.00000  107.86167  54.5%  25.9 1067s
 554407 351812  164.49198   88   79  237.00000  107.86381  54.5%  25.9 1071s
 556099 352866  160.09404   81   73  237.00000  107.86847  54.5%  25.9 1075s
 557923 354236  109.95408   69  152  237.00000  107.87192  54.5%  25.9 1080s
 562153 357099  173.74017   83   72  237.00000  107.88124  54.5%  25.9 1088s
 564266 357827     cutoff   90       237.00000  107.88529  54.5%  25.9 1092s
 565462 359411  124.80172   62  110  237.00000  107.88763  54.5%  25.9 1096s
 567597 360691  124.84875   73   96  237.00000  107.89248  54.5%  25.9 1100s
 569611 362095  111.08546   70  129  237.00000  107.89761  54.5%  25.9 1105s
 573638 364542  121.17115   74  101  237.00000  107.90468  54.5%  25.9 1112s
 575377 365796  145.81103   70   98  237.00000  107.90970  54.5%  26.0 1117s
 577324 367036  109.63003   66  144  237.00000  107.91523  54.5%  26.0 1121s
 580625 369065  109.04142   66  156  237.00000  107.92283  54.5%  26.0 1129s
 582491 370537  137.07918   72  119  237.00000  107.92808  54.5%  26.0 1133s
 584642 371777  222.50000   81   42  237.00000  107.93309  54.5%  26.0 1137s
 586466 372937  230.00000   93   33  237.00000  107.93522  54.5%  26.0 1141s
 588341 374411  116.41080   64  134  237.00000  107.94090  54.5%  26.0 1145s
 592131 376693  111.15608   66  142  237.00000  107.94634  54.5%  26.0 1152s
 593538 377762  156.48324   73   70  237.00000  107.94848  54.5%  26.0 1156s
 595186 379164  117.15856   75  135  237.00000  107.95258  54.5%  26.0 1161s
 597530 380649  131.46805   79   97  237.00000  107.95693  54.4%  26.0 1166s
 599663 382303  124.42579   63  141  237.00000  107.95996  54.4%  26.0 1170s
 603486 384630  176.98388   88   71  237.00000  107.96690  54.4%  26.0 1176s
 605226 385771  108.85399   66  134  237.00000  107.96871  54.4%  26.0 1180s
 608385 387862  213.51823   88   53  237.00000  107.97613  54.4%  26.0 1187s
 610113 388691  109.22276   70  132  237.00000  107.98077  54.4%  26.0 1191s
 613448 391488     cutoff   96       237.00000  107.98611  54.4%  26.0 1198s
 615163 392320  110.47710   67  141  237.00000  107.98758  54.4%  26.0 1201s
 616478 393569  114.82118   70  147  237.00000  107.99094  54.4%  26.0 1205s
 618216 394889  108.11478   66  158  237.00000  107.99365  54.4%  26.0 1210s
 621972 397896  111.14489   60  161  237.00000  108.00294  54.4%  26.0 1218s
 624658 398933  191.68008  106   37  237.00000  108.00434  54.4%  26.0 1222s
 626294 399891  119.99334   67  140  237.00000  108.00680  54.4%  26.0 1225s
 629206 402287  109.54501   66  141  237.00000  108.01300  54.4%  26.0 1232s
 631283 403620  189.23959   91   66  237.00000  108.01594  54.4%  26.0 1236s
 633130 404780  110.74573   63  154  237.00000  108.01848  54.4%  26.0 1240s
 636655 406858  211.88723   82   59  237.00000  108.02419  54.4%  26.0 1248s
 638183 407868  149.57685   63  128  237.00000  108.02797  54.4%  26.0 1251s
 639765 409387  171.56686   73   80  237.00000  108.03089  54.4%  26.0 1256s
 641903 410522 infeasible   82       237.00000  108.03351  54.4%  26.0 1260s
 645610 412776  111.15821   70  114  237.00000  108.03924  54.4%  26.0 1268s
 647430 413869  130.08128   75   95  237.00000  108.04219  54.4%  26.0 1272s
 649100 415174  110.60600   65  117  237.00000  108.04520  54.4%  26.1 1276s
 650900 416355  203.35185   89   58  237.00000  108.04857  54.4%  26.1 1280s
 654690 419522  170.25205   84   66  237.00000  108.05536  54.4%  26.1 1288s
 656986 420259  164.66457   69   83  237.00000  108.05701  54.4%  26.0 1292s
 658129 421433  154.70797   85   84  237.00000  108.06064  54.4%  26.0 1296s
 659858 423005     cutoff  112       237.00000  108.06460  54.4%  26.1 1301s
 662107 424118  128.26395   69  100  237.00000  108.06735  54.4%  26.0 1305s
 663841 425456  108.61100   59  168  237.00000  108.07030  54.4%  26.1 1310s
 666208 426579     cutoff   85       237.00000  108.07314  54.4%  26.1 1315s
 668044 427850  210.74233   79   65  237.00000  108.07645  54.4%  26.1 1320s
 671805 431014  123.69796   66  145  237.00000  108.08511  54.4%  26.1 1329s
 674438 432086  144.82498   79   85  237.00000  108.08752  54.4%  26.0 1333s
 676114 433184  122.20754   71  130  237.00000  108.09014  54.4%  26.0 1337s
 677901 434425  124.63694   70  121  237.00000  108.09399  54.4%  26.1 1341s
 679562 435709  149.20202  103   62  237.00000  108.09676  54.4%  26.1 1345s
 681477 436760  221.07407   90   50  237.00000  108.09910  54.4%  26.1 1350s
 683572 438053  222.05748  101   41  237.00000  108.10199  54.4%  26.1 1355s
 686913 440220  159.37589   84   93  237.00000  108.10840  54.4%  26.1 1363s
 688465 441304  181.11063   89   63  237.00000  108.11116  54.4%  26.1 1368s
 690475 442622  200.78139   95   63  237.00000  108.11369  54.4%  26.1 1372s
 692535 443690  115.46328   69  114  237.00000  108.11810  54.4%  26.1 1377s
 694562 444974  176.81280   80   54  237.00000  108.12160  54.4%  26.1 1381s
 696530 446183  143.01990   79  100  237.00000  108.12678  54.4%  26.1 1386s
 698630 447289  156.60668   67  107  237.00000  108.13042  54.4%  26.1 1390s
 700324 448720  108.34676   67  146  237.00000  108.13303  54.4%  26.1 1395s
 703688 450641  110.29038   71  156  237.00000  108.13907  54.4%  26.1 1403s
 705367 451517  140.16661   77   90  237.00000  108.14142  54.4%  26.1 1407s
 706672 453037  235.00000  106   30  237.00000  108.14387  54.4%  26.1 1413s
 709042 454803  124.35270   66   94  237.00000  108.14946  54.4%  26.1 1419s
 711588 456447  218.00000  121   35  237.00000  108.15493  54.4%  26.1 1424s
 713815 457773  178.36149   97   49  237.00000  108.15666  54.4%  26.1 1429s
 715938 459213  115.59979   67  115  237.00000  108.15685  54.4%  26.1 1433s
 718126 460516  127.05762   77  102  237.00000  108.15992  54.4%  26.1 1438s
 720032 461980  151.16270   79   96  237.00000  108.16200  54.4%  26.1 1442s
 722173 463045  130.76434   66  102  237.00000  108.16355  54.4%  26.1 1447s
 723885 464405  170.88667   78   65  237.00000  108.16724  54.4%  26.1 1451s
 725963 465891  163.92308   66   71  237.00000  108.17018  54.4%  26.1 1456s
 728308 467070  126.59597   72   81  237.00000  108.17328  54.4%  26.1 1460s
 730256 468204  194.69255   91   58  237.00000  108.17564  54.4%  26.1 1465s
 732738 470158  114.40175   68  110  237.00000  108.17884  54.4%  26.1 1472s
 734506 471389  130.38865   76   94  237.00000  108.18162  54.4%  26.1 1476s
 736436 472502  127.63448   70  115  237.00000  108.18528  54.4%  26.1 1481s
 738207 474326  175.23239   87   51  237.00000  108.18890  54.4%  26.1 1486s
 740677 475244  137.79883   69   99  237.00000  108.19167  54.3%  26.1 1491s
 742398 476668  152.37066   74   78  237.00000  108.19469  54.3%  26.1 1495s
 744441 478129  110.42766   72  128  237.00000  108.19789  54.3%  26.1 1500s
 746377 479459  209.00000   87   46  237.00000  108.19916  54.3%  26.1 1505s
 750618 481821  138.70333   70   99  237.00000  108.20522  54.3%  26.1 1513s
 752261 482784  134.60413   81  114  237.00000  108.20711  54.3%  26.1 1517s
 753792 483988  109.99447   67  147  237.00000  108.21019  54.3%  26.1 1521s
 755515 485362  108.83789   66  152  237.00000  108.21224  54.3%  26.1 1525s
 759148 487894  229.20000   90   45  237.00000  108.21803  54.3%  26.1 1534s
 761094 489219  131.78955   70  117  237.00000  108.22131  54.3%  26.1 1538s
 762942 490955  110.65588   69  134  237.00000  108.22495  54.3%  26.1 1543s
 765237 492240     cutoff  117       237.00000  108.22640  54.3%  26.1 1548s
 767201 493791  109.73009   60  140  237.00000  108.22994  54.3%  26.1 1553s
 769257 495160  190.50000   84   62  237.00000  108.23254  54.3%  26.1 1557s
 771240 496426  109.80972   69  124  237.00000  108.23511  54.3%  26.1 1562s
 773175 497461  206.63389   87   73  237.00000  108.23801  54.3%  26.1 1566s
 775021 498658  127.91865   75  125  237.00000  108.23963  54.3%  26.1 1570s
 778167 501182  204.58386   77   56  237.00000  108.24629  54.3%  26.1 1578s
 780846 502183  230.04082  109   41  237.00000  108.24634  54.3%  26.1 1582s
 782629 503229  111.80693   69  129  237.00000  108.24840  54.3%  26.0 1586s
 783977 504457  147.09090   68   89  237.00000  108.25090  54.3%  26.0 1590s
 787059 505910  109.82619   70  137  237.00000  108.25375  54.3%  26.0 1595s
 787821 507505  113.57956   74  130  237.00000  108.25552  54.3%  26.0 1600s
 791840 509794 infeasible   82       237.00000  108.25949  54.3%  26.0 1608s
 793552 510537  174.18756   76   81  237.00000  108.26375  54.3%  26.0 1613s
 794670 511731  129.91007   72  101  237.00000  108.26596  54.3%  26.0 1617s
 796426 513178  163.71972   73   79  237.00000  108.27018  54.3%  26.0 1622s
 798569 513878  109.68335   59  145  237.00000  108.27272  54.3%  26.0 1626s
 799483 515497  131.98574   67  118  237.00000  108.27321  54.3%  26.0 1631s
 801586 517087  145.89757   83   92  237.00000  108.27539  54.3%  26.0 1636s
 803904 518915  115.85724   79  121  237.00000  108.27913  54.3%  26.0 1641s
 806240 520355  213.02577  116   53  237.00000  108.28104  54.3%  26.0 1646s
 808595 521665  235.01070  105   24  237.00000  108.28357  54.3%  26.0 1651s
 810714 522774  198.35966   84   58  237.00000  108.28632  54.3%  26.0 1656s
 812410 524269  117.27229   75  144  237.00000  108.28870  54.3%  26.0 1661s
 815938 526261  140.45849   71  116  237.00000  108.29377  54.3%  26.0 1669s
 817690 527695 infeasible  103       237.00000  108.29736  54.3%  26.0 1674s
 819813 528822  110.09178   67  140  237.00000  108.29990  54.3%  26.0 1679s
 821617 530016  115.23742   64  142  237.00000  108.30305  54.3%  26.0 1683s
 823449 531033  111.64895   71  138  237.00000  108.30623  54.3%  26.0 1688s
 825024 532211  133.88412   80   67  237.00000  108.30970  54.3%  26.0 1693s
 826869 533518  125.17408   72  154  237.00000  108.31339  54.3%  26.0 1698s
 828780 534691  144.77603   82  107  237.00000  108.31593  54.3%  26.0 1703s
 830698 536058  131.44157   64  132  237.00000  108.31884  54.3%  26.0 1708s
 832735 537172  142.21830   72   93  237.00000  108.32274  54.3%  26.0 1713s
 834399 538131  132.48825   75   97  237.00000  108.32599  54.3%  26.0 1717s
 835971 539366  167.34208   66  116  237.00000  108.32878  54.3%  26.1 1723s
 837885 541055  126.39895   67  136  237.00000  108.33257  54.3%  26.1 1728s
 840320 542587  218.30051  103   44  237.00000  108.33513  54.3%  26.1 1733s
 842345 543833  162.79730   82   59  237.00000  108.33853  54.3%  26.0 1739s
 844369 545759  162.83092   92   63  237.00000  108.34070  54.3%  26.0 1744s
 846946 546835  110.56501   64  146  237.00000  108.34270  54.3%  26.0 1748s
 848529 548293  110.31410   67  144  237.00000  108.34530  54.3%  26.0 1753s
 850631 549139  109.26617   65  147  237.00000  108.34702  54.3%  26.0 1758s
 852003 550842  149.08944   76   84  237.00000  108.34953  54.3%  26.0 1764s
 854625 551775  114.13986   65  157  237.00000  108.35209  54.3%  26.0 1768s
 856032 552794  115.49996   72  131  237.00000  108.35419  54.3%  26.0 1772s
 857634 553561  234.06533   93   38  237.00000  108.35682  54.3%  26.0 1776s
 858807 554821  202.39314   85   69  237.00000  108.35972  54.3%  26.0 1780s
 860683 555857  118.88733   64  139  237.00000  108.36219  54.3%  26.0 1785s
 862211 557284  110.90622   68  141  237.00000  108.36448  54.3%  26.0 1790s
 864241 558595  121.28489   71  114  237.00000  108.36742  54.3%  26.0 1795s
 866343 560034  109.82943   64  116  237.00000  108.36987  54.3%  26.0 1800s
 868508 561206  126.98299   70  129  237.00000  108.37296  54.3%  26.0 1805s
 870269 562388  231.06250  105   38  237.00000  108.37422  54.3%  26.0 1810s
 872072 563653  111.04720   67  142  237.00000  108.37775  54.3%  26.0 1815s
 873902 565197  177.61402   93   87  237.00000  108.37878  54.3%  26.0 1821s
 876200 566118  128.01298   68  112  237.00000  108.38330  54.3%  26.0 1825s
 877558 567340  186.40111   77   85  237.00000  108.38560  54.3%  26.1 1830s
 879532 568795  161.49745   74   73  237.00000  108.38828  54.3%  26.1 1835s
 881501 569955  114.43665   70  103  237.00000  108.39035  54.3%  26.0 1840s
 883370 571478  113.39357   69  100  237.00000  108.39302  54.3%  26.1 1845s
 887019 573690  109.40857   65  140  237.00000  108.39682  54.3%  26.1 1854s
 888801 574931  109.10732   65  151  237.00000  108.39942  54.3%  26.1 1860s
 890780 576035  176.62178  104   71  237.00000  108.40201  54.3%  26.1 1865s
 892664 577223 infeasible   96       237.00000  108.40455  54.3%  26.1 1870s
 894450 578719  220.14700  102   41  237.00000  108.40691  54.3%  26.1 1876s
 896583 579910  117.36536   68  153  237.00000  108.40802  54.3%  26.1 1880s
 898430 580921  115.62257   71  112  237.00000  108.41129  54.3%  26.1 1885s
 900098 582084  123.58004   67  105  237.00000  108.41477  54.3%  26.1 1890s
 903364 584756 infeasible   93       237.00000  108.41790  54.3%  26.1 1899s
 905617 586064     cutoff  114       237.00000  108.41929  54.3%  26.1 1904s
 907613 587153  112.52383   62  133  237.00000  108.42238  54.3%  26.1 1909s
 909230 588003  128.29891   65  116  237.00000  108.42419  54.3%  26.1 1913s
 910732 589051  125.98419   72  112  237.00000  108.42587  54.3%  26.1 1918s
 912432 590511 infeasible   88       237.00000  108.42692  54.3%  26.1 1924s
 914655 591706  111.61708   72  121  237.00000  108.43029  54.2%  26.1 1929s
 916417 593217  204.23611   88   58  237.00000  108.43333  54.2%  26.1 1935s
 918743 594220  125.28114   62  108  237.00000  108.43551  54.2%  26.1 1940s
 921506 596685  114.79053   71  135  237.00000  108.43943  54.2%  26.1 1950s
 923796 597991  219.24085   70   59  237.00000  108.44121  54.2%  26.1 1955s
 925751 599161  132.32996   61  123  237.00000  108.44485  54.2%  26.1 1961s
 927516 600437     cutoff   99       237.00000  108.44779  54.2%  26.1 1966s
 929428 602013  116.40578   65  119  237.00000  108.45136  54.2%  26.1 1972s
 931549 603252  159.17737   81   65  237.00000  108.45185  54.2%  26.1 1977s
 933629 604559  108.96156   70  155  237.00000  108.45460  54.2%  26.1 1983s
 935608 605545  119.06717   66  138  237.00000  108.45725  54.2%  26.1 1988s
 937189 606856  148.82876   77  108  237.00000  108.46010  54.2%  26.1 1994s
 939274 607928  209.83415   80   48  237.00000  108.46355  54.2%  26.1 1999s
 940963 609460  110.89817   69  130  237.00000  108.46579  54.2%  26.1 2005s
 943200 610592  200.95450   92   60  237.00000  108.46852  54.2%  26.1 2010s
 944908 612145  140.78678   63  111  237.00000  108.47208  54.2%  26.1 2016s
 947086 613312  111.33990   66  119  237.00000  108.47472  54.2%  26.1 2022s
 948706 614969  112.81677   64  147  237.00000  108.47655  54.2%  26.1 2027s
 950873 615800  181.12787   87   64  237.00000  108.47896  54.2%  26.1 2032s
 952142 617083  110.53003   67  156  237.00000  108.48034  54.2%  26.1 2038s
 954048 618013  200.14010   89   68  237.00000  108.48332  54.2%  26.1 2043s
 955627 619173  139.44531   77  107  237.00000  108.48640  54.2%  26.1 2049s
 957463 620858 infeasible   93       237.00000  108.48978  54.2%  26.1 2055s
 959808 621956  120.80827   71   97  237.00000  108.49172  54.2%  26.1 2061s
 961536 623499  209.93766   88   64  237.00000  108.49452  54.2%  26.1 2067s
 963877 624778  163.47277   76   88  237.00000  108.49911  54.2%  26.1 2073s
 965668 626060  209.07769  108   57  237.00000  108.50028  54.2%  26.1 2079s
 967636 627493  110.34557   63  152  237.00000  108.50409  54.2%  26.1 2085s
 969837 628849  109.89101   68  142  237.00000  108.50597  54.2%  26.1 2091s
 971983 629854  153.20462   79   99  237.00000  108.50923  54.2%  26.1 2097s
 973626 631291  117.08121   71  134  237.00000  108.50986  54.2%  26.1 2102s
 975623 632494  185.01723   88   78  237.00000  108.51211  54.2%  26.1 2108s
 977585 633946  129.32586   65  120  237.00000  108.51501  54.2%  26.1 2114s
 979735 635108  113.07080   68  150  237.00000  108.51666  54.2%  26.1 2120s
 981530 636630  109.39615   70  140  237.00000  108.51972  54.2%  26.1 2126s
 983747 637674  109.03423   65  146  237.00000  108.52215  54.2%  26.1 2132s
 985403 639249  136.53791   82   97  237.00000  108.52404  54.2%  26.1 2137s
 987569 640579  115.13961   71  136  237.00000  108.52629  54.2%  26.1 2143s
 989685 642024     cutoff   83       237.00000  108.52945  54.2%  26.1 2148s
 991763 642875  112.91220   67  138  237.00000  108.53175  54.2%  26.1 2153s
 993344 643987  117.98695   79   96  237.00000  108.53313  54.2%  26.1 2158s
 995178 645621  117.19976   69  132  237.00000  108.53627  54.2%  26.1 2164s
 997231 647014  122.22134   63  119  237.00000  108.53782  54.2%  26.1 2169s
 999366 648073  110.74472   62  139  237.00000  108.54047  54.2%  26.1 2174s
 1000925 649053  134.05772   68  108  237.00000  108.54322  54.2%  26.1 2179s
 1002460 650250  128.61052   71  101  237.00000  108.54426  54.2%  26.1 2185s
 1004606 651376  169.27426   76   70  237.00000  108.54752  54.2%  26.1 2191s
 1006261 653076  233.90909   86   53  237.00000  108.55064  54.2%  26.1 2197s
 1008575 654409  121.80208   65  127  237.00000  108.55311  54.2%  26.1 2202s
 1010432 656012  146.94884   91   66  237.00000  108.55503  54.2%  26.1 2208s
 1012659 657262  207.02272  102   51  237.00000  108.55688  54.2%  26.1 2213s
 1014455 659113  123.31144   68  119  237.00000  108.55793  54.2%  26.1 2219s
 1016978 659962  115.32805   66  132  237.00000  108.55960  54.2%  26.1 2224s
 1018578 661053  110.44143   65  142  237.00000  108.56068  54.2%  26.1 2229s
 1020244 662362  110.90712   68  116  237.00000  108.56367  54.2%  26.1 2235s
 1022219 663533  113.15469   69  147  237.00000  108.56551  54.2%  26.1 2240s
 1024002 664801  114.72201   70  101  237.00000  108.56792  54.2%  26.1 2246s
 1025769 666451  109.78929   68  126  237.00000  108.56912  54.2%  26.1 2253s
 1028000 667437  200.93517   82   74  237.00000  108.57186  54.2%  26.1 2258s
 1029572 668681  121.30435   68  143  237.00000  108.57328  54.2%  26.1 2265s
 1031797 669959 infeasible   80       237.00000  108.57644  54.2%  26.1 2271s
 1034030 671611  117.69178   62  136  237.00000  108.57924  54.2%  26.1 2278s
 1036383 672920  109.15206   67  145  237.00000  108.58239  54.2%  26.1 2284s
 1038262 674297     cutoff   88       237.00000  108.58476  54.2%  26.1 2290s
 1040259 675538  119.48016   66  136  237.00000  108.58686  54.2%  26.1 2295s
 1042115 676818 infeasible   94       237.00000  108.58860  54.2%  26.1 2302s
 1044143 678205  109.95520   66  125  237.00000  108.59139  54.2%  26.1 2307s
 1046080 679188  108.68204   67  142  237.00000  108.59258  54.2%  26.1 2313s
 1047648 681070  109.29735   72  141  237.00000  108.59561  54.2%  26.1 2321s
 1050239 682621  108.61625   66  132  237.00000  108.59905  54.2%  26.1 2327s
 1052534 684028  198.37921   80   70  237.00000  108.60156  54.2%  26.1 2334s
 1054599 685207  151.70678   77  111  237.00000  108.60339  54.2%  26.1 2340s
 1056487 686471  222.18998   91   59  237.00000  108.60523  54.2%  26.1 2345s
 1058426 687987  110.34256   69  119  237.00000  108.60740  54.2%  26.1 2351s
 1060438 689506  110.10681   68  136  237.00000  108.60941  54.2%  26.1 2357s
 1062570 690713  113.55140   78  142  237.00000  108.61153  54.2%  26.1 2362s
 1064298 692111 infeasible  101       237.00000  108.61457  54.2%  26.1 2368s
 1066430 693653  171.89850   76   89  237.00000  108.61689  54.2%  26.1 2374s
 1068591 694833  217.78061   91   57  237.00000  108.61881  54.2%  26.1 2381s
 1070455 696222  117.47370   67  125  237.00000  108.62169  54.2%  26.1 2387s
 1072503 697674  120.72407   70  132  237.00000  108.62421  54.2%  26.1 2394s
 1074745 698684  109.78863   69  146  237.00000  108.62677  54.2%  26.1 2399s
 1076180 699768  114.80023   67  127  237.00000  108.62790  54.2%  26.1 2405s
 1077972 701239  109.67636   62  150  237.00000  108.63001  54.2%  26.1 2411s
 1080100 702182     cutoff   86       237.00000  108.63205  54.2%  26.1 2416s
 1081492 703539  144.67500   78   77  237.00000  108.63347  54.2%  26.1 2422s
 1083615 704686  112.33063   63  129  237.00000  108.63566  54.2%  26.1 2428s
 1085407 705930  217.84788   95   63  237.00000  108.63736  54.2%  26.1 2435s
 1087425 707291  116.68664   70  147  237.00000  108.63992  54.2%  26.1 2441s
 1089403 708589  216.26899   82   63  237.00000  108.64199  54.2%  26.1 2448s
 1091367 709843  229.29764   99   40  237.00000  108.64451  54.2%  26.1 2453s
 1093084 710978  117.88173   61  132  237.00000  108.64623  54.2%  26.1 2459s
 1094767 712072  111.89806   62  123  237.00000  108.64855  54.2%  26.1 2465s
 1096845 713144  173.91862   77   79  237.00000  108.65144  54.2%  26.1 2472s
 1098935 714470  138.31140   98   83  237.00000  108.65462  54.2%  26.1 2478s
 1101250 715862  187.79137   79   84  237.00000  108.65647  54.2%  26.1 2484s
 1103202 715862  109.81052   68  134  237.00000  108.65833  54.2%  26.1 2485s
 1103341 717112  225.33386  101   67  237.00000  108.65866  54.2%  26.1 2490s
 1105304 718244  121.03617   65   95  237.00000  108.66155  54.2%  26.1 2496s
 1107105 719480  219.96056  105   54  237.00000  108.66386  54.2%  26.1 2502s
 1108960 720514  191.15670   77   72  237.00000  108.66609  54.1%  26.1 2508s
 1110804 721896  117.09547   66  142  237.00000  108.66867  54.1%  26.1 2515s
 1112887 722948  149.97424   80   87  237.00000  108.67172  54.1%  26.1 2520s
 1114572 724160  126.64278   72  124  237.00000  108.67354  54.1%  26.1 2526s
 1116174 725165  125.08262   72  136  237.00000  108.67507  54.1%  26.1 2531s
 1117651 726304 infeasible   88       237.00000  108.67615  54.1%  26.1 2538s
 1119642 727587  230.66244  111   44  237.00000  108.67892  54.1%  26.1 2544s
 1121795 729163  148.19967   85   75  237.00000  108.68158  54.1%  26.1 2550s
 1123888 730411  134.00123   71   73  237.00000  108.68320  54.1%  26.1 2557s
 1125977 732044     cutoff   87       237.00000  108.68494  54.1%  26.1 2563s
 1128266 733486  199.15789  100   54  237.00000  108.68769  54.1%  26.1 2569s
 1130265 734953  114.47674   67  121  237.00000  108.68925  54.1%  26.1 2575s
 1132345 736092  194.44707   87   72  237.00000  108.69159  54.1%  26.1 2582s
 1134145 737541  109.33273   57  143  237.00000  108.69349  54.1%  26.1 2589s
 1136159 738840  162.31072   81   82  237.00000  108.69592  54.1%  26.1 2595s
 1138092 740420  230.83333   99   32  237.00000  108.69813  54.1%  26.1 2602s
 1140575 741557  111.66418   65  139  237.00000  108.70055  54.1%  26.1 2609s
 1142240 742474  132.68198   66  144  237.00000  108.70286  54.1%  26.1 2614s
 1143652 744095  133.10543   74  111  237.00000  108.70412  54.1%  26.1 2621s
 1145909 745452  200.86364   98   60  237.00000  108.70773  54.1%  26.1 2628s
 1148084 746687  110.33266   59  158  237.00000  108.71141  54.1%  26.1 2635s
 1149988 748461  112.28623   65  123  237.00000  108.71392  54.1%  26.1 2641s
 1152449 749916  228.15329   93   50  237.00000  108.71631  54.1%  26.1 2648s
 1154501 751471  113.54778   82  142  237.00000  108.71792  54.1%  26.1 2655s
 1156664 752937  109.58356   63  132  237.00000  108.71975  54.1%  26.1 2661s
 1158766 754669  110.75823   63  141  237.00000  108.72169  54.1%  26.1 2667s
 1161034 755700  115.72228   70  145  237.00000  108.72316  54.1%  26.1 2672s
 1162507 757269  157.21818   88   79  237.00000  108.72460  54.1%  26.1 2677s
 1164662 758182  160.25943   72   75  237.00000  108.72500  54.1%  26.1 2683s
 1166366 759205  189.88159   86   65  237.00000  108.72678  54.1%  26.1 2688s
 1168125 760249     cutoff   99       237.00000  108.72945  54.1%  26.1 2693s
 1169751 761418  109.50591   70  129  237.00000  108.73160  54.1%  26.1 2699s
 1171578 762468  119.58644   78  106  237.00000  108.73391  54.1%  26.1 2704s
 1173068 763712  112.10290   63  141  237.00000  108.73537  54.1%  26.1 2710s
 1174914 764890  203.39281   81   67  237.00000  108.73711  54.1%  26.1 2717s
 1176821 766767  122.07685   67  133  237.00000  108.73978  54.1%  26.1 2724s
 1179366 767690  134.72261   76   76  237.00000  108.74179  54.1%  26.1 2730s
 1180830 769284  128.31768   81   91  237.00000  108.74385  54.1%  26.1 2736s
 1183086 770462  111.20827   70  150  237.00000  108.74579  54.1%  26.1 2742s
 1184754 771981  204.05166   91   59  237.00000  108.74801  54.1%  26.1 2748s
 1186992 773108  234.44244   96   53  237.00000  108.74967  54.1%  26.1 2753s
 1188578 774618  192.01042   93   49  237.00000  108.75105  54.1%  26.1 2760s
 1191096 775925  147.62457   76  105  237.00000  108.75210  54.1%  26.1 2766s
 1192881 776891  108.76132   67  160  237.00000  108.75359  54.1%  26.1 2772s
 1194619 778017  125.77466   67  109  237.00000  108.75528  54.1%  26.1 2778s
 1196480 779076  220.01075   83   54  237.00000  108.75754  54.1%  26.1 2784s
 1198221 780405  111.82117   63  104  237.00000  108.76041  54.1%  26.1 2792s
 1200411 781611  109.05600   63  147  237.00000  108.76309  54.1%  26.1 2799s
 1202448 782970  168.57286   76   77  237.00000  108.76620  54.1%  26.1 2806s
 1204700 784364  112.05252   63  119  237.00000  108.76874  54.1%  26.1 2813s
 1206833 785725  109.95944   69  145  237.00000  108.76953  54.1%  26.1 2820s
 1208992 786924  110.61081   63  151  237.00000  108.77121  54.1%  26.1 2826s
 1210668 788521  209.30303   92   59  237.00000  108.77295  54.1%  26.1 2832s
 1212966 790319  121.97236   84  113  237.00000  108.77461  54.1%  26.1 2839s
 1215282 791481  111.42365   71  140  237.00000  108.77595  54.1%  26.1 2845s
 1216918 793099  109.52891   68  144  237.00000  108.77718  54.1%  26.1 2852s
 1219151 794016  224.11340  106   32  237.00000  108.77912  54.1%  26.1 2858s
 1220972 795498  229.01981   95   51  237.00000  108.78048  54.1%  26.1 2864s
 1223053 796553  118.93975   66  134  237.00000  108.78227  54.1%  26.1 2870s
 1224634 797633  230.00000  104   30  237.00000  108.78355  54.1%  26.1 2875s
 1226365 798605  208.78658   97   62  237.00000  108.78539  54.1%  26.1 2881s
 1227882 799984  141.16667   76   69  237.00000  108.78792  54.1%  26.1 2888s
 1230015 801313  170.90646   95   78  237.00000  108.79052  54.1%  26.1 2894s
 1230431 801313  145.39565   76   83  237.00000  108.79068  54.1%  26.1 2895s
 1231973 802359     cutoff  101       237.00000  108.79213  54.1%  26.1 2901s
 1233669 803580  129.69213   78   92  237.00000  108.79447  54.1%  26.1 2907s
 1235528 805206  140.27662   71   76  237.00000  108.79670  54.1%  26.1 2914s
 1237871 806414  170.50000   89   56  237.00000  108.79893  54.1%  26.1 2922s
 1239785 808032  152.88588   73  108  237.00000  108.80129  54.1%  26.1 2929s
 1242124 809712  184.89639   91   55  237.00000  108.80289  54.1%  26.1 2935s
 1244477 810332  117.59925   65  138  237.00000  108.80527  54.1%  26.1 2941s
 1245519 811703  146.50154   89   91  237.00000  108.80666  54.1%  26.1 2947s
 1247496 813279  112.98420   70  122  237.00000  108.80787  54.1%  26.1 2953s
 1249740 814314  112.13629   70  125  237.00000  108.80952  54.1%  26.1 2959s
 1250227 814314  117.56275   67  137  237.00000  108.80965  54.1%  26.1 2960s
 1251417 815253  197.00000   76   56  237.00000  108.81119  54.1%  26.1 2965s
 1252875 816493  110.75801   67  139  237.00000  108.81288  54.1%  26.1 2972s
 1254740 817995  151.80612   67   88  237.00000  108.81504  54.1%  26.1 2979s
 1256982 818932  201.36161   92   67  237.00000  108.81681  54.1%  26.1 2986s
 1258467 820126  161.33652   80   80  237.00000  108.81907  54.1%  26.1 2992s
 1260198 821273  110.89973   67  150  237.00000  108.82006  54.1%  26.1 2999s
 1261847 823299  110.89973   67  150  237.00000  108.82236  54.1%  26.1 3007s
 1264565 824615  207.01579  102   49  237.00000  108.82397  54.1%  26.1 3014s
 1266578 825805  115.12545   70  146  237.00000  108.82621  54.1%  26.1 3020s
 1268464 827335  122.28696   65  103  237.00000  108.82856  54.1%  26.1 3026s
 1270350 828782  109.89417   69  127  237.00000  108.83027  54.1%  26.1 3033s
 1272457 830247  109.09459   68  155  237.00000  108.83134  54.1%  26.1 3039s
 1273110 830247  119.83945   70  128  237.00000  108.83210  54.1%  26.1 3040s
 1274772 832087  110.85134   73  138  237.00000  108.83363  54.1%  26.1 3046s
 1277360 832993  218.07500   90   68  237.00000  108.83531  54.1%  26.1 3052s
 1279006 834379  190.85122   85   71  237.00000  108.83837  54.1%  26.1 3060s
 1281167 835811  138.40565   74   92  237.00000  108.84072  54.1%  26.1 3066s
 1283105 836974  129.33181   71  127  237.00000  108.84249  54.1%  26.1 3072s
 1284942 838312  109.81220   62  125  237.00000  108.84444  54.1%  26.1 3079s
 1286868 839638  137.86372   79   98  237.00000  108.84614  54.1%  26.1 3087s
 1288981 840862  133.50644   68  124  237.00000  108.84829  54.1%  26.1 3094s
 1290838 842197  138.49453   73  132  237.00000  108.85023  54.1%  26.1 3101s
 1292920 843595  116.64190   73  119  237.00000  108.85254  54.1%  26.1 3108s
 1295022 844571  116.56642   76  137  237.00000  108.85351  54.1%  26.1 3114s
 1296501 845605  130.60095   63  132  237.00000  108.85596  54.1%  26.1 3121s
 1298135 846812  115.88133   72  119  237.00000  108.85756  54.1%  26.1 3129s
 1300049 848310  194.17319   84   60  237.00000  108.85939  54.1%  26.1 3136s
 1302058 849411  112.71821   68  164  237.00000  108.86037  54.1%  26.1 3142s
 1303781 851032  227.42857   91   36  237.00000  108.86203  54.1%  26.1 3149s
 1306034 852319  113.95098   67  118  237.00000  108.86450  54.1%  26.1 3156s
 1307977 853809  124.52531   71  132  237.00000  108.86692  54.1%  26.1 3163s
 1310214 854971  133.41652   75  127  237.00000  108.86872  54.1%  26.1 3170s
 1312021 855980  116.59695   64  131  237.00000  108.87021  54.1%  26.1 3177s
 1313560 857287  122.65744   69  106  237.00000  108.87193  54.1%  26.1 3184s
 1315490 859095  110.98091   65  128  237.00000  108.87483  54.1%  26.1 3191s
 1317933 860295  120.75799   81  118  237.00000  108.87608  54.1%  26.1 3197s
 1319831 861456  138.22795   75  109  237.00000  108.87743  54.1%  26.1 3204s
 1321672 862856     cutoff   97       237.00000  108.87926  54.1%  26.1 3211s
 1323863 864164  110.52506   69  149  237.00000  108.88057  54.1%  26.1 3217s
 1325778 865643  138.28639   88   84  237.00000  108.88227  54.1%  26.1 3224s
 1327663 866725  111.25066   66  142  237.00000  108.88352  54.1%  26.1 3230s
 1329371 868091  120.52249   66  106  237.00000  108.88575  54.1%  26.1 3236s
 1331468 869138     cutoff   94       237.00000  108.88750  54.1%  26.1 3242s
 1333120 870415  222.00000  104   34  237.00000  108.88834  54.1%  26.1 3249s
 1335095 871589  211.10204  103   57  237.00000  108.89059  54.1%  26.1 3256s
 1336967 872571  120.61513   74  122  237.00000  108.89230  54.1%  26.1 3262s
 1338423 873914  111.69328   67  120  237.00000  108.89361  54.1%  26.1 3269s
 1340663 874807  117.34632   74  113  237.00000  108.89554  54.1%  26.1 3275s
 1341994 875746  113.62222   75  168  237.00000  108.89728  54.1%  26.1 3282s
 1343835 877206  140.71324   69  100  237.00000  108.89900  54.1%  26.1 3289s
 1346032 878218  119.57166   62  120  237.00000  108.90090  54.1%  26.1 3295s
 1347589 879598  217.54453   77   82  237.00000  108.90255  54.0%  26.1 3302s
 1349725 880920  109.78257   65  143  237.00000  108.90627  54.0%  26.1 3308s
 1351653 881863  190.04023   86   70  237.00000  108.90722  54.0%  26.1 3314s
 1353343 883130  128.97152   80  123  237.00000  108.90842  54.0%  26.1 3322s
 1355375 884823  110.43944   65  150  237.00000  108.91137  54.0%  26.1 3328s
 1357717 885902  112.86126   69  147  237.00000  108.91333  54.0%  26.1 3335s
 1359484 887367  116.35377   75  146  237.00000  108.91492  54.0%  26.1 3341s
 1361585 888108  170.00000   96   62  237.00000  108.91700  54.0%  26.1 3349s
 1362649 889553  147.35693   72  107  237.00000  108.91774  54.0%  26.1 3355s
 1364572 890913  118.47296   69  136  237.00000  108.91849  54.0%  26.1 3363s
 1366689 892342  149.97021   66  122  237.00000  108.92045  54.0%  26.1 3369s
 1368532 893668  209.76120  104   52  237.00000  108.92151  54.0%  26.1 3375s
 1370550 895013  125.17375   68  126  237.00000  108.92350  54.0%  26.1 3382s
 1372633 896181  115.72174   69  141  237.00000  108.92509  54.0%  26.1 3389s
 1373740 896181  132.64223   77  116  237.00000  108.92599  54.0%  26.1 3390s
 1374399 897527  197.05856   74   88  237.00000  108.92667  54.0%  26.1 3396s
 1376534 898799  142.42351   70   86  237.00000  108.92833  54.0%  26.1 3403s
 1378404 900433  127.18627   69  103  237.00000  108.93029  54.0%  26.1 3410s
 1380775 901828     cutoff  104       237.00000  108.93177  54.0%  26.1 3417s
 1382752 903501  109.87554   63  154  237.00000  108.93311  54.0%  26.1 3424s
 1384980 904636  148.75204   77   87  237.00000  108.93462  54.0%  26.1 3431s
 1386807 906571  136.09539   69  107  237.00000  108.93697  54.0%  26.1 3439s
 1389496 908077  113.35171   70  140  237.00000  108.93959  54.0%  26.1 3446s
 1391555 909163 infeasible   97       237.00000  108.94122  54.0%  26.1 3452s
 1393243 910338  202.33418   91   49  237.00000  108.94341  54.0%  26.1 3459s
 1395089 911820  112.18231   70  113  237.00000  108.94494  54.0%  26.1 3465s
 1397170 912970  123.18255   69  112  237.00000  108.94700  54.0%  26.1 3471s
 1399056 914496  128.91642   72  123  237.00000  108.94914  54.0%  26.1 3478s
 1401294 915927  111.51279   68  135  237.00000  108.95045  54.0%  26.1 3484s
 1403200 917390  180.08543   93   48  237.00000  108.95159  54.0%  26.1 3491s
 1405385 918744  110.90174   62  146  237.00000  108.95271  54.0%  26.1 3498s
 1407480 920303  131.84360   64  130  237.00000  108.95564  54.0%  26.1 3505s
 1409801 921044  206.51328   87   63  237.00000  108.95731  54.0%  26.1 3510s
 1410955 922266  110.04661   69  123  237.00000  108.95833  54.0%  26.1 3517s
 1412830 924374  174.97086   94   66  237.00000  108.96091  54.0%  26.1 3524s
 1415490 925467     cutoff   98       237.00000  108.96209  54.0%  26.1 3530s
 1417229 926650  116.67372   78  116  237.00000  108.96358  54.0%  26.1 3537s
 1419127 927703  111.73909   66  133  237.00000  108.96513  54.0%  26.1 3544s
 1420864 929397  111.52647   62  155  237.00000  108.96687  54.0%  26.1 3550s
 1423154 930848  170.86598   80   55  237.00000  108.96915  54.0%  26.1 3557s
 1425569 931696  122.41444   67  120  237.00000  108.97111  54.0%  26.1 3564s
 1426889 933299  126.04000   72  109  237.00000  108.97240  54.0%  26.1 3571s
 1429113 934304  177.23667   83   54  237.00000  108.97372  54.0%  26.1 3577s
 1430716 935715  115.02798   70  144  237.00000  108.97439  54.0%  26.1 3583s
 1432728 936875  145.41929   81   86  237.00000  108.97647  54.0%  26.1 3588s
 1434412 938032     cutoff  100       237.00000  108.97770  54.0%  26.1 3595s
 1436330 938796  126.65704   64  120  237.00000  108.97990  54.0%  26.1 3600s

Cutting planes:
  Learned: 482
  Gomory: 335
  Lift-and-project: 7
  Cover: 22
  Implied bound: 3
  MIR: 2590
  StrongCG: 789
  Flow cover: 5828
  Inf proof: 44
  Zero half: 327
  Mod-K: 1
  RLT: 99
  Relax-and-lift: 28

Explored 1437534 nodes (37487010 simplex iterations) in 3600.44 seconds (852.82 work units)
Thread count was 16 (of 16 available processors)

Solution count 10: 237 238 244 ... 262

Time limit reached
Best objective 2.370000000000e+02, best bound 1.090000000000e+02, gap 54.0084%
Warning: constraint name "precedence between 0,0 to 0,2 if x_[0,0,0,2,3]=0, i.e. 0,2 before 0,0" has a space
Warning: constraint name "precedence between 0,0 to 0,2 if x_[0,0,0,2,3]=0, i.e. 0,2 before 0,0" has a space
Warning: default constraint names used to write mps file
