
Gurobi 10.0.1 (win64) logging started Sun Oct  8 00:17:11 2023

Set parameter LogFile to value "./results//log/URT_20_makespan_heurFalse.log"
Gurobi Optimizer version 10.0.1 build v10.0.1rc0 (win64)

CPU model: AMD Ryzen 7 3700X 8-Core Processor, instruction set [SSE2|AVX|AVX2]
Thread count: 8 physical cores, 16 logical processors, using up to 16 threads

Optimize a model with 3374 rows, 3913 columns and 15621 nonzeros
Model fingerprint: 0xb7ab54c3
Variable types: 0 continuous, 3913 integer (3756 binary)
Coefficient statistics:
  Matrix range     [1e+00, 1e+07]
  Objective range  [1e+00, 1e+00]
  Bounds range     [1e+00, 1e+00]
  RHS range        [1e+00, 3e+07]
Presolve removed 181 rows and 2549 columns
Presolve time: 0.04s
Presolved: 3193 rows, 1364 columns, 15088 nonzeros
Variable types: 0 continuous, 1364 integer (1208 binary)

Root relaxation: objective 5.853000e+03, 453 iterations, 0.02 seconds (0.01 work units)

    Nodes    |    Current Node    |     Objective Bounds      |     Work
 Expl Unexpl |  Obj  Depth IntInf | Incumbent    BestBd   Gap | It/Node Time

     0     0 5853.00019    0   22          - 5853.00019      -     -    0s
     0     0 5853.00019    0   56          - 5853.00019      -     -    0s
     0     0 5853.00019    0   56          - 5853.00019      -     -    0s
     0     0 5854.00000    0   32          - 5854.00000      -     -    0s
     0     0 5854.00000    0   23          - 5854.00000      -     -    0s
     0     0 5854.01417    0   65          - 5854.01417      -     -    0s
     0     0 5854.01417    0   63          - 5854.01417      -     -    0s
     0     0 5854.01417    0   58          - 5854.01417      -     -    0s
     0     0 5854.01417    0   64          - 5854.01417      -     -    0s
     0     0 5854.01417    0   62          - 5854.01417      -     -    0s
     0     0 5854.01417    0   63          - 5854.01417      -     -    0s
     0     0 5854.01417    0   23          - 5854.01417      -     -    0s
     0     0 5854.01417    0   53          - 5854.01417      -     -    0s
     0     0 5854.01417    0   29          - 5854.01417      -     -    1s
     0     0 5854.01417    0   65          - 5854.01417      -     -    1s
     0     0 5854.01417    0   32          - 5854.01417      -     -    1s
     0     0 5854.01417    0   75          - 5854.01417      -     -    1s
     0     0 5854.01417    0   31          - 5854.01417      -     -    1s
     0     0 5854.01417    0   18          - 5854.01417      -     -    1s
H    0     0                    1.100002e+08 5854.01417   100%     -    1s
     0     2 5854.01417    0   16 1.1000e+08 5854.01417   100%     -    1s
H  510   519                    1.000008e+08 5856.00000   100%   9.3    1s
H  544   628                    9.000130e+07 5856.00000   100%   9.3    2s
H  861   844                    6.000302e+07 5856.00000   100%  10.8    2s
H 1138  1010                    5.000363e+07 5856.00000   100%  10.3    2s
H 1173  1010                    4.000427e+07 5856.00000   100%  10.6    2s
H 1323  1010                    4.000423e+07 5856.00000   100%   9.7    2s
H 1627  1067                    3.000486e+07 5856.00000   100%   8.4    2s
H 1780  1067                    1.000601e+07 5856.00000   100%   7.8    2s
H 2129  1070                    6458.0000000 5856.00000  9.32%   6.6    2s
 14207  1169 6257.00001  956   36 6458.00000 5856.00000  9.32%   1.1    5s
H15515  1169                    6454.0000000 5856.00000  9.27%   1.0    5s
H15518  1112                    6395.0000000 5856.00000  8.43%   1.0    5s
H15537  1068                    6352.0000000 5961.68912  6.14%   1.0    7s
H15538  1015                    6351.0000000 5962.70119  6.11%   1.0    7s
H15538   964                    6337.0000000 5962.70119  5.91%   1.0    7s
H15540   917                    6299.0000000 5963.38024  5.33%   1.0    7s
H15557   880                    6297.0000000 5968.33415  5.22%   1.0    8s
H15570   844                    6277.0000000 5978.85174  4.75%   1.0    9s
H15575   806                    6274.0000000 5979.15620  4.70%   2.3    9s
 15580   809 5979.15620   16  160 6274.00000 5979.15620  4.70%   2.3   10s
H15583   770                    6273.0000000 5979.15620  4.68%   2.3   10s
H15780   882                    6272.0000000 5979.15620  4.67%   3.7   11s
H15792   841                    6271.0000000 5979.15620  4.65%   3.7   11s
H15853   853                    6263.0000000 5979.15620  4.53%   3.7   12s
H15860   818                    6220.0000000 5979.15620  3.87%   3.7   12s
H16343  1005                    6215.0000000 5979.15620  3.79%   4.0   15s
H16348   973                    6197.0000000 5979.15620  3.52%   4.0   15s
H17513  1349                    6194.0000000 5983.98406  3.39%   4.9   16s
 28198  8109 6067.51795   38  104 6194.00000 6020.27602  2.80%   9.4   20s
 33373 11222 6191.00000   54   36 6194.00000 6026.34483  2.71%  10.3   25s
 41413 15482 6159.00000   52   18 6194.00000 6032.92447  2.60%  11.4   34s
 41427 15491 6157.00000   48  176 6194.00000 6032.92447  2.60%  11.4   35s
 41448 15505 6180.00000   65  190 6194.00000 6032.92447  2.60%  11.4   40s
 41469 15519 6173.00000   44  176 6194.00000 6032.92447  2.60%  11.4   45s
 41484 15529 6188.00000   56  186 6194.00000 6032.92447  2.60%  11.4   50s
 41496 15537 6175.00000   73  182 6194.00000 6032.92447  2.60%  11.4   55s
 41508 15545 6071.13333   40  191 6194.00000 6032.92447  2.60%  11.4   60s
 41522 15555 6174.00000   78  206 6194.00000 6032.92447  2.60%  11.4   65s
 41534 15563 6191.00000   64  174 6194.00000 6032.92447  2.60%  11.4   70s
 41547 15571 6189.00000   47  217 6194.00000 6032.92447  2.60%  11.4   75s
 41578 15592 6174.00000   66  206 6194.00000 6032.92447  2.60%  11.4   80s
 41606 15611 6130.00000   55  204 6194.00000 6032.92447  2.60%  11.4   85s
 41630 15627 6192.00000   98  177 6194.00000 6032.92447  2.60%  11.4   90s
 41645 15637 6190.00000  104  194 6194.00000 6032.92447  2.60%  11.4   95s
 41676 15674 6032.92447   41  171 6194.00000 6032.92447  2.60%  15.0  100s
 45819 16856 6050.94423   45  116 6194.00000 6032.92447  2.60%  16.7  109s
H45820 15877                    6191.0000000 6032.92447  2.55%  16.7  109s
H45835 14979                    6189.0000000 6032.92447  2.52%  16.7  109s
 45840 15039 6050.94423   46  115 6189.00000 6032.92447  2.52%  16.7  110s
 53095 16545 6163.34559   66   53 6189.00000 6032.92447  2.52%  18.3  115s
*54660 16208             166    6188.0000000 6032.92447  2.51%  18.8  116s
 61421 17892 infeasible   76      6188.00000 6032.92447  2.51%  19.4  120s
 69798 19543 6056.06535   54  125 6188.00000 6038.04943  2.42%  20.0  125s
 77645 21543 6047.89307   54   71 6188.00000 6041.93476  2.36%  20.3  130s
*81884 20610             126    6186.0000000 6044.00000  2.30%  20.5  132s
*84150 19997             159    6184.0000000 6044.91529  2.25%  20.7  134s
 84383 20986 6125.00000   55   51 6184.00000 6045.00360  2.25%  20.6  135s
 92142 24684 6115.17950   51   94 6184.00000 6048.08138  2.20%  21.0  140s
H95822 26003                    6183.0000000 6049.15457  2.16%  21.0  143s
 97657 26909 6166.00000   54   57 6183.00000 6049.85714  2.15%  21.0  145s
*104062 23563             136    6174.0000000 6051.01187  1.99%  21.1  149s
 104726 23946     cutoff   65      6174.00000 6051.06952  1.99%  21.1  150s
 110346 26904 6072.21548   50  100 6174.00000 6052.50000  1.97%  21.2  155s
H114290 28215                    6173.0000000 6053.51513  1.94%  21.3  158s
 117507 29740 6145.00000   59   41 6173.00000 6054.35699  1.92%  21.3  160s
H120655 29914                    6172.0000000 6055.00000  1.90%  21.4  161s
 124751 32833 6160.00000   59   23 6172.00000 6055.41298  1.89%  21.4  166s
*125158 32222             125    6171.0000000 6055.41298  1.87%  21.3  166s
*125159 31449             125    6170.0000000 6055.41298  1.86%  21.3  166s
*127193 26967             125    6162.0000000 6055.96429  1.72%  21.4  167s
 130397 28879 6111.20870   52   83 6162.00000 6056.21035  1.72%  21.4  170s
 136705 31954 6154.00000   81   33 6162.00000 6056.96429  1.70%  21.3  175s
 141385 33313 6159.00000   85   10 6162.00000 6057.91304  1.69%  21.4  186s
H141386 22718                    6144.0000000 6057.91304  1.40%  21.4  186s
H141388 22301                    6143.0000000 6057.91304  1.39%  21.4  186s
 144208 23739 6103.28966   54   60 6143.00000 6058.50725  1.38%  21.5  190s
 148785 25896 6110.00000   77   36 6143.00000 6059.01777  1.37%  21.6  195s
 154715 28565 6138.00000   91   34 6143.00000 6060.00000  1.35%  21.6  201s
 158360 29930 6131.95223   54  109 6143.00000 6060.66667  1.34%  21.7  205s
 164758 33290 infeasible  115      6143.00000 6061.00000  1.33%  21.6  211s
 169174 35341 6111.00000   94   40 6143.00000 6061.00000  1.33%  21.6  215s
*173324 33166             149    6139.0000000 6061.00000  1.27%  21.5  218s
 173709 34142     cutoff  122      6139.00000 6061.00000  1.27%  21.5  220s
*174502 31671             147    6136.0000000 6061.01305  1.22%  21.5  220s
 179232 33600 6135.00000  104   20 6136.00000 6062.00000  1.21%  21.5  225s
 184820 35666 6124.00000   92   42 6136.00000 6062.00000  1.21%  21.5  230s
 189756 37727 6102.00000   91   32 6136.00000 6062.00000  1.21%  21.6  235s
 193212 40195 6118.00000   77   33 6136.00000 6063.00000  1.19%  21.5  240s
*197750 39113             139    6134.0000000 6063.00000  1.16%  21.4  242s
 199916 40417     cutoff   76      6134.00000 6063.00000  1.16%  21.4  246s
 204368 42212     cutoff   97      6134.00000 6063.90687  1.14%  21.5  251s
 208583 44926 6126.00000  122   10 6134.00000 6064.00000  1.14%  21.4  256s
 213620 47818 6108.00000   97   35 6134.00000 6064.00000  1.14%  21.3  262s
 218771 49749 6086.00000   80   34 6134.00000 6064.00000  1.14%  21.2  266s
 223476 51834     cutoff   74      6134.00000 6064.00000  1.14%  21.1  271s
 227877 53979 6104.00000   99   45 6134.00000 6064.00000  1.14%  21.0  275s
 233924 56883 6068.00000   79   42 6134.00000 6064.00000  1.14%  20.9  282s
 236465 58331 6065.00000   81   65 6134.00000 6064.00000  1.14%  20.8  285s
 242231 60670     cutoff   87      6134.00000 6064.00000  1.14%  20.7  291s
 247351 62777 6105.00000  113   24 6134.00000 6064.00000  1.14%  20.6  296s
 251775 65517     cutoff   82      6134.00000 6064.00000  1.14%  20.5  301s
*252353 59997             161    6130.0000000 6064.00000  1.08%  20.5  301s
 257167 62649     cutoff   88      6130.00000 6064.00000  1.08%  20.4  308s
 260693 63733 infeasible   88      6130.00000 6064.00000  1.08%  20.3  311s
 266013 66071 6121.29167   90   30 6130.00000 6064.00000  1.08%  20.3  316s
 270700 68236 6073.00000   73   42 6130.00000 6064.00000  1.08%  20.2  321s
*272564 66736             145    6129.0000000 6064.00000  1.06%  20.1  321s
 276192 68856 6123.00000  105   28 6129.00000 6064.00000  1.06%  20.1  327s
 278954 70383 6086.00000   75   36 6129.00000 6064.00000  1.06%  20.0  331s
 285307 72756 6115.00000  151   12 6129.00000 6064.00000  1.06%  20.0  337s
 289640 74827 6086.00000   86   34 6129.00000 6064.00000  1.06%  19.9  342s
 294966 77163 6067.01366   83   60 6129.00000 6064.00000  1.06%  19.9  348s
 297583 78266 6094.00000   87   40 6129.00000 6064.00000  1.06%  19.8  350s
*298405 74503             144    6127.0000000 6064.00000  1.03%  19.8  350s
 303779 76777 6120.00000   98   23 6127.00000 6064.00000  1.03%  19.8  357s
H305848 74720                    6125.0000000 6064.00000  1.00%  19.7  359s
 308792 75826 infeasible   84      6125.00000 6064.00000  1.00%  19.7  363s
*309187 74127             128    6124.0000000 6064.00000  0.98%  19.7  363s
 311662 75159 6112.00000  126   18 6124.00000 6064.00000  0.98%  19.6  366s
*313611 73726             124    6123.0000000 6064.00000  0.96%  19.6  366s
*316521 73190             127    6122.0000000 6064.00000  0.95%  19.6  369s
 317197 74157     cutoff   98      6122.00000 6064.00000  0.95%  19.6  371s
H318345 69080                    6119.0000000 6064.00000  0.90%  19.5  371s
 322187 71477 6072.00962   60  112 6119.00000 6064.00000  0.90%  19.5  378s
 325526 72223 6115.00000   81   27 6119.00000 6064.00661  0.90%  19.5  380s
 330454 74734 6103.00948   91   36 6119.00000 6064.01257  0.90%  19.4  387s
*331168 73002             145    6118.0000000 6064.01257  0.88%  19.4  387s
 333427 74097 6090.00000   98   24 6118.00000 6064.01258  0.88%  19.4  390s
 338830 75660 6094.00000   88   50 6118.00000 6064.03409  0.88%  19.3  396s
 343244 77568 6116.00000   98   15 6118.00000 6064.10000  0.88%  19.3  403s
 346180 78225 6109.00000  104   28 6118.00000 6064.11194  0.88%  19.3  405s
 350778 79725 infeasible   95      6118.00000 6064.18121  0.88%  19.3  411s
 355142 81091 6094.00000   88   46 6118.00000 6064.36842  0.88%  19.3  417s
 357371 81769     cutoff   87      6118.00000 6064.49127  0.87%  19.3  420s
*360447 80244             123    6117.0000000 6064.75704  0.85%  19.3  423s
 362040 80531 6103.00000  101   30 6117.00000 6064.76667  0.85%  19.3  426s
 366085 82368 6074.00000   79   50 6117.00000 6065.00000  0.85%  19.3  433s
 369068 83223 6095.00000   83   44 6117.00000 6065.00000  0.85%  19.3  436s
 373531 84745 6076.33333   76   56 6117.00000 6065.00000  0.85%  19.3  442s
 376152 85701 6107.00000   80   36 6117.00000 6065.00000  0.85%  19.3  445s
 380727 87126 6114.00000   63   60 6117.00000 6065.00000  0.85%  19.3  450s
 385186 88975 6069.02593   61  108 6117.00000 6065.01021  0.85%  19.3  457s
 387668 89780 6074.10725   78  103 6117.00000 6065.01021  0.85%  19.3  460s
 392218 91089 6087.00816   81   64 6117.00000 6065.09308  0.85%  19.4  466s
 396360 92637 infeasible   55      6117.00000 6065.13253  0.85%  19.4  471s
*400333 88134             135    6115.0000000 6065.36227  0.81%  19.4  474s
*400351 85747             141    6114.0000000 6065.36227  0.80%  19.4  474s
 400940 86402 6097.00000   93   28 6114.00000 6065.50000  0.79%  19.4  477s
 403710 86923     cutoff   49      6114.00000 6065.58721  0.79%  19.4  480s
 408275 88768 6090.00000   83   37 6114.00000 6066.00000  0.79%  19.4  488s
 411243 89554 6084.00000   97   47 6114.00000 6066.00000  0.79%  19.4  491s
 415662 90919 6078.00000   80   39 6114.00000 6066.00000  0.79%  19.4  497s
 418205 91678 6066.00000   64   46 6114.00000 6066.00000  0.79%  19.4  500s
*423350 90320             150    6113.0000000 6066.00000  0.77%  19.5  504s
 423364 90843 6066.60308   85   73 6113.00000 6066.00000  0.77%  19.5  506s
 425265 91666 6099.00000   64   50 6113.00000 6066.00000  0.77%  19.5  510s
 430049 93152 6090.00000   73   42 6113.00000 6066.00000  0.77%  19.5  517s
 432789 93835 6098.00000   90   26 6113.00000 6066.00000  0.77%  19.5  520s
 437766 95146 6099.01235  104   39 6113.00000 6066.00000  0.77%  19.6  527s
 439869 96035 infeasible  107      6113.00000 6066.01504  0.77%  19.6  531s
 445303 98429 6091.00000   91   46 6113.00000 6066.04699  0.77%  19.6  538s
*446942 96134             119    6112.0000000 6066.04699  0.75%  19.6  538s
 448271 96443 6105.00000   76   34 6112.00000 6066.04699  0.75%  19.6  542s
H448508 94303                    6111.0000000 6066.04699  0.74%  19.6  542s
 449100 95098 6109.00000   77   33 6111.00000 6066.04699  0.74%  19.6  545s
*453108 84519             138    6106.0000000 6066.04699  0.65%  19.6  549s
 454262 85226 6083.00000   73   53 6106.00000 6066.04699  0.65%  19.5  553s
 456846 86051 6103.00000   78   40 6106.00000 6066.04699  0.65%  19.5  556s
 459364 86850 6096.00000   92   34 6106.00000 6066.04699  0.65%  19.5  560s
 464133 88330 6070.11229   71   81 6106.00000 6066.07994  0.65%  19.5  566s
 466579 88953 6083.00000   80   50 6106.00000 6066.07994  0.65%  19.5  570s
 471431 90528 6098.00000  111   27 6106.00000 6066.12645  0.65%  19.6  577s
 474044 90975 6077.08244   52  111 6106.00000 6066.13802  0.65%  19.6  581s
 475965 91609 6083.00000   93   27 6106.00000 6066.16638  0.65%  19.6  585s
 481267 92775 6067.00000   73   45 6106.00000 6066.29846  0.65%  19.6  592s
 483549 93206 6076.00000   80   30 6106.00000 6066.29846  0.65%  19.6  595s
 487613 94336     cutoff   77      6106.00000 6066.89459  0.64%  19.6  602s
 490555 95098 6095.00000   76   36 6106.00000 6067.00000  0.64%  19.6  606s
 493570 95823 6070.20678   74   77 6106.00000 6067.00000  0.64%  19.6  611s
 498559 97120 6082.00982   75   47 6106.00000 6067.00000  0.64%  19.6  619s
 501664 97813 6094.00000   84   37 6106.00000 6067.00000  0.64%  19.6  623s
 504336 98508 6083.36011   94   30 6106.00000 6067.00000  0.64%  19.6  627s
 507008 99010 6090.00000   82   67 6106.00000 6067.00000  0.64%  19.6  631s
 509926 99839 6074.00000   64   56 6106.00000 6067.00000  0.64%  19.7  635s
 514841 101160 6081.00000   75   40 6106.00000 6067.00000  0.64%  19.7  642s
 516941 101967 6073.00818   85   51 6106.00000 6067.00246  0.64%  19.7  646s
 519799 102748 infeasible  113      6106.00000 6067.01411  0.64%  19.7  650s
 524979 104311 6098.00000   87   39 6106.00000 6067.03727  0.64%  19.7  657s
 526973 105309 6081.00000   94   36 6106.00000 6067.04092  0.64%  19.7  660s
 531919 106831     cutoff   71      6106.00000 6067.04115  0.64%  19.7  667s
 534584 107576 6090.09601   84   45 6106.00000 6067.04922  0.64%  19.7  671s
 537361 108154 6075.16389   73   87 6106.00000 6067.06557  0.64%  19.7  675s
 541916 109218 infeasible   88      6106.00000 6067.07388  0.64%  19.7  680s
 545688 111089 6086.00000   89   39 6106.00000 6067.07461  0.64%  19.7  687s
 548384 111605 6081.00000   79   43 6106.00000 6067.09530  0.64%  19.6  690s
 553236 113222 infeasible   78      6106.00000 6067.14994  0.64%  19.6  698s
 555855 114103 6102.00000   82   34 6106.00000 6067.21935  0.64%  19.6  702s
 558640 114730 6094.00000   82   53 6106.00000 6067.22675  0.64%  19.6  706s
 562757 115767 6088.23571   54   89 6106.00000 6067.44277  0.63%  19.6  713s
 565581 116332 6070.09245   74   81 6106.00000 6067.59584  0.63%  19.6  717s
 568268 116741 6104.00000   99   10 6106.00000 6067.81671  0.63%  19.6  720s
 570004 117608 6095.00000   65   63 6106.00000 6067.89601  0.62%  19.7  725s
 575949 118971 6097.00000   95   28 6106.00000 6068.00000  0.62%  19.7  733s
 578224 119773 infeasible  110      6106.00000 6068.00000  0.62%  19.7  738s
*579265 115482             128    6105.0000000 6068.00000  0.61%  19.7  738s
 581091 116203     cutoff   85      6105.00000 6068.00000  0.61%  19.7  742s
 583796 116906 infeasible   85      6105.00000 6068.00000  0.61%  19.7  746s
 586487 117711 6079.00695   75   51 6105.00000 6068.00000  0.61%  19.7  750s
*588229 113778             125    6104.0000000 6068.00000  0.59%  19.6  750s
 591024 114723 infeasible   82      6104.00000 6068.00000  0.59%  19.7  757s
 593731 115324 6102.00000   86   29 6104.00000 6068.00000  0.59%  19.7  761s
 596293 115758 6095.00000   92   25 6104.00000 6068.00000  0.59%  19.7  765s
 601031 117029 6078.89474   81   56 6104.00000 6068.00000  0.59%  19.7  773s
 603731 117757 6096.00000   84   41 6104.00000 6068.00000  0.59%  19.7  777s
 606211 118558     cutoff   81      6104.00000 6068.00000  0.59%  19.7  781s
 611051 119774 6101.00000   87   35 6104.00000 6068.00456  0.59%  19.7  788s
 613788 120464     cutoff   97      6104.00000 6068.01209  0.59%  19.7  793s
 616553 121162     cutoff   84      6104.00000 6068.03938  0.59%  19.7  797s
 619197 121570     cutoff   78      6104.00000 6068.03938  0.59%  19.7  801s
 623996 123200 6102.00000  101   33 6104.00000 6068.06057  0.59%  19.7  809s
 626629 123733 6085.40000  100   59 6104.00000 6068.06057  0.59%  19.7  813s
 628789 124343 6090.68409   76   57 6104.00000 6068.15896  0.59%  19.7  817s
 631497 124818 6101.00000   81   34 6104.00000 6068.23156  0.59%  19.7  821s
 634145 125157 6069.55646   75  110 6104.00000 6068.37110  0.58%  19.7  825s
 636154 125775 6069.00000   85   32 6104.00000 6068.53333  0.58%  19.8  830s
 641961 126823 6078.51893   56   77 6104.00000 6068.84846  0.58%  19.8  838s
 644273 127498 infeasible   77      6104.00000 6069.00000  0.57%  19.8  843s
 647418 128032 6103.00000   86   25 6104.00000 6069.00000  0.57%  19.8  847s
 650035 128466 6103.00000  114   10 6104.00000 6069.00000  0.57%  19.8  851s
 652255 129052     cutoff   90      6104.00000 6069.00000  0.57%  19.8  856s
 655011 129607 infeasible   85      6104.00000 6069.00000  0.57%  19.8  860s
 659480 130585 infeasible   76      6104.00000 6069.00000  0.57%  19.8  868s
 662263 131255 6097.00000   88   43 6104.00000 6069.00246  0.57%  19.8  872s
 664923 131787 6091.00000   86   32 6104.00000 6069.00246  0.57%  19.8  876s
 667298 132446 6099.00000   90   36 6104.00000 6069.00246  0.57%  19.8  880s
 669966 133110 6098.00000   85   38 6104.00000 6069.00246  0.57%  19.8  885s
 675626 134851     cutoff  105      6104.00000 6069.05450  0.57%  19.8  893s
 677714 135447 6097.00000   81   52 6104.00000 6069.05450  0.57%  19.8  897s
 680431 136089     cutoff   77      6104.00000 6069.05792  0.57%  19.8  901s
 682862 136608 6089.00000   92   33 6104.00000 6069.05792  0.57%  19.8  906s
 687324 137519     cutoff   95      6104.00000 6069.05792  0.57%  19.8  914s
 689989 138103     cutoff   95      6104.00000 6069.05792  0.57%  19.9  918s
 692399 138424 6102.00000   77   29 6104.00000 6069.08639  0.57%  19.9  922s
 694419 139147 6072.00000   92   35 6104.00000 6069.10920  0.57%  19.9  927s
 697406 139796 6088.00000   93   40 6104.00000 6069.19965  0.57%  19.9  931s
 700200 140236 6072.70833   84   53 6104.00000 6069.25000  0.57%  19.9  935s
 704923 141287 6092.01294   85   46 6104.00000 6069.50000  0.57%  19.9  943s
 707766 141563     cutoff   66      6104.00000 6069.59569  0.56%  19.9  947s
 709858 142195     cutoff   81      6104.00000 6069.75639  0.56%  19.9  952s
 712711 143151     cutoff   95      6104.00000 6069.92568  0.56%  19.9  957s
*715375 131834             133    6102.0000000 6069.96419  0.53%  19.9  957s
 715984 132456 6082.00000   87   24 6102.00000 6070.00000  0.52%  19.9  961s
 717960 133525 6095.03270   85   66 6102.00000 6070.00000  0.52%  19.9  966s
 721757 134295 6087.00723   98   26 6102.00000 6070.00000  0.52%  19.9  971s
 724605 135093 6096.00000   88   32 6102.00000 6070.00000  0.52%  19.9  975s
 729570 136454 6093.00000   87   26 6102.00000 6070.00000  0.52%  19.9  983s
 732277 137120 6070.00000   82   36 6102.00000 6070.00000  0.52%  19.9  986s
 734878 137876 infeasible   81      6102.00000 6070.00000  0.52%  19.9  991s
 737568 138798     cutoff   83      6102.00000 6070.00000  0.52%  19.9  995s
 742428 140080     cutoff   96      6102.00000 6070.00000  0.52%  19.8 1003s
 745180 140853 6070.00000   94   50 6102.00000 6070.00000  0.52%  19.8 1007s
 747982 141651     cutoff   88      6102.00000 6070.00000  0.52%  19.8 1011s
 750695 142336 6100.00000   87   28 6102.00000 6070.00000  0.52%  19.8 1015s
 755419 143837 6089.00723   86   37 6102.00000 6070.00000  0.52%  19.8 1024s
 758161 144734     cutoff   78      6102.00000 6070.00000  0.52%  19.8 1028s
 760995 145468 6076.00000   84   26 6102.00000 6070.00000  0.52%  19.8 1032s
 763216 146106     cutoff   89      6102.00000 6070.00000  0.52%  19.8 1036s
 765295 147072 6070.00000   86   54 6102.00000 6070.00000  0.52%  19.8 1040s
 768176 147959 6086.00000   85   43 6102.00000 6070.00000  0.52%  19.8 1045s
 773853 149408 6070.00000   83   41 6102.00000 6070.00000  0.52%  19.8 1053s
 775911 150022 infeasible  117      6102.00000 6070.00000  0.52%  19.8 1057s
 778653 150764     cutoff   84      6102.00000 6070.00000  0.52%  19.8 1062s
 781381 151413 infeasible  113      6102.00000 6070.00000  0.52%  19.8 1067s
 783987 152069 6096.00000   79   39 6102.00000 6070.00000  0.52%  19.8 1071s
 786593 152578 infeasible   83      6102.00000 6070.00000  0.52%  19.8 1075s
 788621 153358     cutoff   90      6102.00000 6070.00000  0.52%  19.8 1080s
*793339 123618             126    6096.0000000 6070.00000  0.43%  19.8 1085s
*795884 99307             135    6091.0000000 6070.00000  0.34%  19.8 1089s
 797038 99629 6086.00000   98   35 6091.00000 6070.00000  0.34%  19.8 1093s
 799042 100206 infeasible   82      6091.00000 6070.00000  0.34%  19.8 1097s
 801507 100665 6086.06969   82   47 6091.00000 6070.00000  0.34%  19.8 1102s
 803936 101032     cutoff   85      6091.00000 6070.00000  0.34%  19.8 1107s
 806243 101713     cutoff   76      6091.00000 6070.00000  0.34%  19.8 1112s
 809315 102195 6073.00000   74   37 6091.00000 6070.00000  0.34%  19.8 1117s
 812245 102819 6090.00000   85   24 6091.00000 6070.00000  0.34%  19.8 1122s
 815128 103305 6070.00000   82   47 6091.00000 6070.00000  0.34%  19.8 1127s
 817432 104046 6089.00000   95   31 6091.00000 6070.00000  0.34%  19.8 1132s
 820283 104589 6078.33333  104   61 6091.00000 6070.00000  0.34%  19.8 1137s
 823225 104977 infeasible   76      6091.00000 6070.00000  0.34%  19.8 1141s
 825325 105819     cutoff   95      6091.00000 6070.00000  0.34%  19.8 1146s
 828703 106269 6070.00000   67   56 6091.00000 6070.00000  0.34%  19.8 1151s
 831424 106837 6081.00000   83   32 6091.00000 6070.00000  0.34%  19.8 1156s
 834120 107114 6070.00584   82   68 6091.00000 6070.00000  0.34%  19.8 1160s
 839003 108143 6081.00094   86   63 6091.00000 6070.00000  0.34%  19.8 1168s
 841309 108788 6084.00000  105   30 6091.00000 6070.00000  0.34%  19.8 1173s
 844226 109354 6071.17651   78   48 6091.00000 6070.00000  0.34%  19.8 1178s
 846678 109786 6086.00000   87   29 6091.00000 6070.00000  0.34%  19.8 1183s
 849509 109930 6089.17647  100   26 6091.00000 6070.00000  0.34%  19.8 1188s
 851744 110490     cutoff  101      6091.00000 6070.00000  0.34%  19.8 1192s
*853301 100116             137    6089.0000000 6070.00000  0.31%  19.8 1192s
 854637 100453     cutoff   84      6089.00000 6070.00000  0.31%  19.8 1197s
 856984 100872 infeasible   85      6089.00000 6070.00000  0.31%  19.8 1202s
 860058 101482     cutoff   82      6089.00000 6070.00000  0.31%  19.8 1208s
 863157 101899     cutoff   95      6089.00000 6070.00000  0.31%  19.8 1212s
 865112 102235 6078.00000   92   43 6089.00000 6070.00000  0.31%  19.8 1217s
 867697 102570 6078.00000   93   34 6089.00000 6070.00000  0.31%  19.8 1223s
 870312 103086     cutoff   94      6089.00000 6070.00000  0.31%  19.8 1228s
 873283 103306 6070.00000   92   49 6089.00000 6070.00000  0.31%  19.8 1233s
 875664 103593 6070.50000   87   31 6089.00000 6070.00000  0.31%  19.8 1238s
 878522 103833 6076.00000   70   44 6089.00000 6070.00000  0.31%  19.7 1243s
 880827 104421 6074.13796   75   76 6089.00000 6070.00000  0.31%  19.8 1248s
 883843 104770 6071.00000   78   46 6089.00000 6070.00000  0.31%  19.8 1254s
 886605 105103 6086.00000   73   38 6089.00000 6070.00000  0.31%  19.8 1258s
 888705 105681 6080.00000   94   29 6089.00000 6070.00000  0.31%  19.8 1264s
 892083 106231 6072.00000   92   37 6089.00000 6070.00000  0.31%  19.8 1270s
 895046 106491 6076.00000   79   43 6089.00000 6070.00000  0.31%  19.8 1275s
 897327 106877 6074.00000   95   54 6089.00000 6070.00000  0.31%  19.8 1280s
 900673 107154 6078.06147   77   78 6089.00000 6070.00000  0.31%  19.8 1285s
 902298 107386     cutoff   98      6089.00000 6070.00000  0.31%  19.8 1290s
 903974 107745 6077.50000  104   45 6089.00000 6070.00000  0.31%  19.8 1295s
 906717 108122 6078.00000  103   45 6089.00000 6070.00000  0.31%  19.8 1301s
 910067 108275 infeasible   78      6089.00000 6070.00000  0.31%  19.8 1306s
 912241 108482     cutoff   86      6089.00000 6070.00000  0.31%  19.8 1311s
 915013 108619 6077.03982   71   88 6089.00000 6070.00000  0.31%  19.8 1316s
 917520 108892     cutoff   86      6089.00000 6070.00000  0.31%  19.8 1322s
 920576 109071 6084.00000   90   53 6089.00000 6070.00412  0.31%  19.8 1327s
 922670 109294     cutoff   98      6089.00000 6070.00412  0.31%  19.8 1333s
 925618 109459 infeasible   91      6089.00000 6070.00412  0.31%  19.9 1338s
 928196 109689 6073.00000   90   44 6089.00000 6070.00412  0.31%  19.9 1343s
 931085 109716 6075.09736   79   78 6089.00000 6070.00412  0.31%  19.9 1348s
 932932 109964 6078.05085   78   64 6089.00000 6070.02679  0.31%  19.9 1354s
 936374 110342 6083.00000   98   28 6089.00000 6070.05738  0.31%  19.9 1359s
*937525 104882             132    6088.0000000 6070.06148  0.29%  19.9 1359s
 938872 104899     cutoff  113      6088.00000 6070.09794  0.29%  19.9 1365s
 941812 104819     cutoff   95      6088.00000 6070.14000  0.29%  19.9 1370s
 944439 104888 6071.17651   75   50 6088.00000 6070.25000  0.29%  19.9 1375s
 947163 104812 6076.01747   82   46 6088.00000 6070.36215  0.29%  19.9 1380s
 949511 104725     cutoff   60      6088.00000 6070.50144  0.29%  19.9 1385s
 954064 105175     cutoff   95      6088.00000 6070.95094  0.28%  19.9 1395s
 957411 105405 6074.00000   78   27 6088.00000 6071.00000  0.28%  19.9 1400s
 959910 105763 6071.00000   95   31 6088.00000 6071.00000  0.28%  20.0 1406s
 962659 106035 6076.00188   84   57 6088.00000 6071.00000  0.28%  20.0 1411s
 965811 106182     cutoff  108      6088.00000 6071.00000  0.28%  20.0 1417s
 968190 106619 6084.00000   85   37 6088.00000 6071.00000  0.28%  20.0 1422s
 971404 106761     cutoff  103      6088.00000 6071.00000  0.28%  20.0 1428s
*971881 87940             124    6085.0000000 6071.00000  0.23%  20.0 1428s
 973919 87966     cutoff   78      6085.00000 6071.00000  0.23%  20.0 1433s
 976299 88259 6073.25943   83   63 6085.00000 6071.00000  0.23%  20.0 1439s
 979290 88220 6075.01800   85   44 6085.00000 6071.00000  0.23%  20.0 1444s
 981392 88507 6082.83333  101   48 6085.00000 6071.00000  0.23%  20.0 1449s
 984504 88548 6071.00000   82   50 6085.00000 6071.00000  0.23%  20.0 1454s
 986799 88617     cutoff   88      6085.00000 6071.00000  0.23%  20.0 1460s
 989537 88660 6077.00000   95   43 6085.00000 6071.00000  0.23%  20.0 1465s
 992309 88615     cutoff   86      6085.00000 6071.00000  0.23%  20.0 1470s
 994568 88699 6075.00000   77   41 6085.00000 6071.00000  0.23%  20.0 1476s
 997178 88671 6078.01493  106   53 6085.00000 6071.00000  0.23%  20.0 1480s
 999087 89086 infeasible   98      6085.00000 6071.00000  0.23%  20.0 1487s
 1002657 89346 6076.95339   81   62 6085.00000 6071.00000  0.23%  20.1 1493s
 1005624 89502 6082.01740   86   51 6085.00000 6071.00000  0.23%  20.1 1499s
 1008018 89659 6071.00000   86   44 6085.00000 6071.00000  0.23%  20.1 1505s
 1010845 89740 6071.15000   81   57 6085.00000 6071.00000  0.23%  20.1 1511s
 1013543 89873     cutoff   87      6085.00000 6071.00000  0.23%  20.1 1517s
 1016262 90005 6076.00000   77   45 6085.00000 6071.00000  0.23%  20.2 1522s
 1018728 90179 6072.01320   91   44 6085.00000 6071.00000  0.23%  20.2 1527s
 1020950 90561 infeasible   80      6085.00000 6071.00000  0.23%  20.2 1532s
 1023479 90971     cutoff   93      6085.00000 6071.00000  0.23%  20.2 1538s
 1026322 91397 6075.32562   82   76 6085.00000 6071.00000  0.23%  20.3 1543s
 1028987 91791 6078.00000   92   46 6085.00000 6071.00000  0.23%  20.3 1548s
 1032082 92045 6071.01374   90   76 6085.00000 6071.00000  0.23%  20.3 1553s
 1034892 92210 6083.00000  107   49 6085.00000 6071.00000  0.23%  20.3 1559s
 1037221 92268     cutoff  109      6085.00000 6071.00000  0.23%  20.4 1564s
 1039748 92400 6083.00000  114   43 6085.00000 6071.00000  0.23%  20.4 1569s
 1041945 92414 infeasible   98      6085.00000 6071.00000  0.23%  20.4 1574s
 1044358 92538 6071.00000  100   43 6085.00000 6071.00000  0.23%  20.4 1580s
 1047129 92659 6071.00000  105   45 6085.00000 6071.00000  0.23%  20.5 1586s
 1049830 92815 6071.00000   88   33 6085.00000 6071.00000  0.23%  20.5 1591s
 1051828 92994 infeasible  114      6085.00000 6071.00000  0.23%  20.5 1597s
 1054636 93102     cutoff   99      6085.00000 6071.00000  0.23%  20.6 1603s
 1057455 93195 6071.00000  103   37 6085.00000 6071.00000  0.23%  20.6 1609s
 1059919 93267     cutoff  108      6085.00000 6071.00000  0.23%  20.6 1615s
 1063793 93420 6074.06195   79   65 6085.00000 6071.00000  0.23%  20.7 1620s
 1064663 93581 infeasible  102      6085.00000 6071.00000  0.23%  20.7 1625s
 1067124 93704 infeasible  103      6085.00000 6071.00000  0.23%  20.7 1631s
 1069852 93811 infeasible  100      6085.00000 6071.00000  0.23%  20.8 1637s
 1072496 93978 6079.00000   85   41 6085.00000 6071.00000  0.23%  20.8 1643s
 1074998 94157     cutoff   96      6085.00000 6071.00000  0.23%  20.9 1649s
 1076759 94157 6071.01831  100   49 6085.00000 6071.00000  0.23%  20.9 1650s
 1077772 94339     cutoff  103      6085.00000 6071.00000  0.23%  20.9 1656s
 1080540 94520 6071.00000  101   60 6085.00000 6071.00000  0.23%  20.9 1662s
 1083167 94618 6071.00000  102   45 6085.00000 6071.00000  0.23%  21.0 1666s
 1084653 94735 6083.00000  105   58 6085.00000 6071.00000  0.23%  21.0 1673s
 1087791 94841 6076.00000  103   59 6085.00000 6071.00000  0.23%  21.1 1679s
 1090852 94967 6071.00000   96   60 6085.00000 6071.00000  0.23%  21.1 1686s
 1093936 94987 6079.00000   97   54 6085.00000 6071.00000  0.23%  21.1 1692s
 1096559 95086     cutoff  101      6085.00000 6071.00000  0.23%  21.2 1698s
 1099717 95461 6073.04591   77   61 6085.00000 6071.00943  0.23%  21.2 1704s
 1103051 95662 6073.00000   84   46 6085.00000 6071.01761  0.23%  21.2 1710s
 1105553 95818 6074.00000   88   54 6085.00000 6071.01831  0.23%  21.2 1715s
 1107579 95937 6077.00000   96   43 6085.00000 6071.02068  0.23%  21.2 1721s
 1110402 96123 infeasible  104      6085.00000 6071.02620  0.23%  21.2 1727s
 1113270 96214     cutoff   92      6085.00000 6071.03751  0.23%  21.2 1732s
 1115546 96774 infeasible   73      6085.00000 6071.05350  0.23%  21.2 1738s
 1118270 97082 6079.00000   66   45 6085.00000 6071.05350  0.23%  21.2 1743s
 1120503 97570     cutoff   70      6085.00000 6071.05350  0.23%  21.2 1748s
 1123288 97912     cutoff   75      6085.00000 6071.05350  0.23%  21.2 1753s
 1125669 98227 6071.05350   70   88 6085.00000 6071.05350  0.23%  21.3 1758s
 1128423 98375     cutoff   72      6085.00000 6071.05350  0.23%  21.3 1762s
 1130070 98376     cutoff   77      6085.00000 6071.05821  0.23%  21.3 1767s
 1132979 98115 infeasible   88      6085.00000 6071.07546  0.23%  21.3 1773s
 1136117 97970 6078.01722   82   56 6085.00000 6071.12052  0.23%  21.3 1779s
 1138327 97864 6083.89736   64   71 6085.00000 6071.20000  0.23%  21.3 1784s
H1141103 76889                    6082.0000000 6071.50000  0.17%  21.3 1791s
 1143881 76645     cutoff   77      6082.00000 6071.53422  0.17%  21.3 1796s
 1146207 76608 6079.00412  101   35 6082.00000 6072.00000  0.16%  21.3 1802s
 1149677 76440 6072.00000   80   32 6082.00000 6072.00000  0.16%  21.3 1810s
 1153315 76649     cutoff   78      6082.00000 6072.00000  0.16%  21.3 1816s
 1156950 76737     cutoff   72      6082.00000 6072.00000  0.16%  21.3 1821s
 1159199 76771 infeasible  115      6082.00000 6072.00000  0.16%  21.3 1827s
 1162218 76732 6072.00000   91   39 6082.00000 6072.00000  0.16%  21.3 1832s
 1164559 76895     cutoff  104      6082.00000 6072.00000  0.16%  21.3 1837s
 1167260 76907 6074.00000  114   32 6082.00000 6072.00000  0.16%  21.3 1842s
 1169660 76963 6079.00000   68   74 6082.00000 6072.00000  0.16%  21.3 1847s
 1172263 77186     cutoff   67      6082.00000 6072.00000  0.16%  21.3 1852s
 1174947 77264 6080.00000  118   32 6082.00000 6072.00000  0.16%  21.3 1857s
 1176908 77411     cutoff   75      6082.00000 6072.00000  0.16%  21.3 1862s
 1179617 77534     cutoff   87      6082.00000 6072.00000  0.16%  21.4 1867s
 1181800 77590     cutoff   93      6082.00000 6072.00000  0.16%  21.4 1873s
 1184464 77624 6073.00000   93   45 6082.00000 6072.00000  0.16%  21.4 1879s
 1186685 77775 6072.29737  101   67 6082.00000 6072.00000  0.16%  21.4 1885s
 1189438 77876 6073.78656  103   38 6082.00000 6072.00000  0.16%  21.5 1891s
 1192274 77815 6080.95822  101   64 6082.00000 6072.00000  0.16%  21.5 1897s
 1194588 77689 infeasible   81      6082.00000 6072.00000  0.16%  21.5 1903s
 1197052 77754 infeasible   94      6082.00000 6072.00823  0.16%  21.5 1910s
 1199936 77492 6073.11556   95   66 6082.00000 6072.01104  0.16%  21.5 1917s
 1202352 77289 6073.08416   88  100 6082.00000 6072.02246  0.16%  21.5 1924s
 1204830 77429 infeasible   74      6082.00000 6072.04839  0.16%  21.6 1929s
 1207584 77499 6072.05821   81   72 6082.00000 6072.05350  0.16%  21.6 1934s
 1209260 77713     cutoff   73      6082.00000 6072.05350  0.16%  21.6 1940s
 1211794 77964     cutoff   70      6082.00000 6072.05350  0.16%  21.6 1946s
 1214846 78179 6078.00000   77   26 6082.00000 6072.05350  0.16%  21.6 1952s
 1217392 78418 6072.05821   78   93 6082.00000 6072.05352  0.16%  21.6 1957s
 1219551 78525     cutoff   79      6082.00000 6072.05352  0.16%  21.6 1963s
 1222359 78548 6073.04852   72   79 6082.00000 6072.05352  0.16%  21.6 1971s
 1223128 78613     cutoff   73      6082.00000 6072.05352  0.16%  21.6 1977s
 1225546 78714 6072.05821   75   68 6082.00000 6072.05821  0.16%  21.6 1984s
 1228515 78756 6076.68462   76   87 6082.00000 6072.05821  0.16%  21.6 1988s
 1230218 78784 infeasible   78      6082.00000 6072.05821  0.16%  21.6 1995s
 1232741 78638 infeasible   85      6082.00000 6072.05821  0.16%  21.6 2001s
 1235383 78556     cutoff   85      6082.00000 6072.05886  0.16%  21.6 2008s
 1237539 78340 6072.07089   84   96 6082.00000 6072.06570  0.16%  21.6 2015s
 1240533 77980 6081.00000   79   27 6082.00000 6072.07089  0.16%  21.6 2022s
 1243366 77651 6080.30390   83   95 6082.00000 6072.11227  0.16%  21.6 2030s
 1246233 77091     cutoff   95      6082.00000 6072.21601  0.16%  21.6 2037s
 1249079 76547 6073.00000   84   59 6082.00000 6072.40000  0.16%  21.7 2044s
 1251877 76434 6073.73891   86   93 6082.00000 6072.69565  0.15%  21.7 2051s
 1255497 76492 6074.99999   89   47 6082.00000 6072.99999  0.15%  21.7 2057s
 1257865 76898 infeasible   94      6082.00000 6073.00000  0.15%  21.7 2064s
 1261586 77112 infeasible  111      6082.00000 6073.00000  0.15%  21.7 2069s
 1264168 77396     cutoff  101      6082.00000 6073.00000  0.15%  21.6 2075s
 1267477 77762 6076.00000   87   26 6082.00000 6073.00000  0.15%  21.6 2082s
 1270536 78130 6076.00000   94   37 6082.00000 6073.00000  0.15%  21.6 2087s
 1273615 78319 6073.00000   82   36 6082.00000 6073.00000  0.15%  21.6 2093s
 1276099 78709     cutoff   83      6082.00000 6073.00000  0.15%  21.6 2098s
 1278812 79033 6076.10000   76   71 6082.00000 6073.00000  0.15%  21.6 2104s
 1281920 79389 6076.00000   86   25 6082.00000 6073.00000  0.15%  21.6 2109s
 1284996 79600     cutoff   92      6082.00000 6073.00000  0.15%  21.6 2114s
 1287432 79813 6078.00000  103   25 6082.00000 6073.00000  0.15%  21.6 2120s
 1290403 80024 infeasible   97      6082.00000 6073.00000  0.15%  21.6 2126s
 1293432 80272 infeasible   95      6082.00000 6073.00000  0.15%  21.6 2132s
 1296255 80397 6073.00000   92   34 6082.00000 6073.00000  0.15%  21.6 2137s
 1298648 80657 infeasible  100      6082.00000 6073.00000  0.15%  21.6 2143s
 1301485 80903 6073.00000   90   45 6082.00000 6073.00000  0.15%  21.6 2148s
 1303780 81025     cutoff   92      6082.00000 6073.00000  0.15%  21.6 2154s
 1306368 81243 6073.03288   82   64 6082.00000 6073.00000  0.15%  21.6 2160s
 1309559 81508 infeasible   91      6082.00000 6073.00000  0.15%  21.6 2166s
 1312544 81644 6073.00000  101   35 6082.00000 6073.00000  0.15%  21.6 2172s
 1315165 81795     cutoff   81      6082.00000 6073.00000  0.15%  21.6 2178s
 1318374 82065 6073.10345  109   33 6082.00000 6073.00000  0.15%  21.6 2184s
 1321515 82274 6077.01885  104   37 6082.00000 6073.00000  0.15%  21.6 2190s
 1323955 82449 6073.00000   83   26 6082.00000 6073.00000  0.15%  21.6 2196s
 1327475 82689 6073.00000   75   33 6082.00000 6073.00000  0.15%  21.6 2202s
 1330384 82812 6075.36321   88   57 6082.00000 6073.00000  0.15%  21.6 2208s
 1333196 83015 6077.00000   99   46 6082.00000 6073.00000  0.15%  21.6 2213s
 1335607 83190 infeasible  106      6082.00000 6073.00000  0.15%  21.6 2218s
 1338357 83413 6081.00000   87   34 6082.00000 6073.00000  0.15%  21.6 2224s
 1341293 83624 6073.00000  106   31 6082.00000 6073.00000  0.15%  21.6 2229s
 1343283 83853     cutoff   84      6082.00000 6073.00000  0.15%  21.6 2235s
 1345933 84088 6080.00000   90   51 6082.00000 6073.00000  0.15%  21.6 2241s
 1348982 84252 6073.00000   95   30 6082.00000 6073.00000  0.15%  21.6 2246s
 1351447 84496     cutoff   91      6082.00000 6073.00000  0.15%  21.6 2252s
 1354484 84722     cutoff  102      6082.00000 6073.00000  0.15%  21.6 2258s
 1357489 84957 6073.00000   84   36 6082.00000 6073.00000  0.15%  21.6 2264s
 1359926 85220     cutoff  104      6082.00000 6073.00000  0.15%  21.6 2269s
 1362943 85458     cutoff   99      6082.00000 6073.00000  0.15%  21.6 2275s
 1365838 85595 6077.00411  106   42 6082.00000 6073.00000  0.15%  21.6 2281s
 1368079 85959 6073.00412  108   43 6082.00000 6073.00000  0.15%  21.6 2287s
 1371556 86146 6073.00000   93   48 6082.00000 6073.00000  0.15%  21.5 2293s
 1374540 86243 6073.00000   78   42 6082.00000 6073.00000  0.15%  21.5 2299s
 1377045 86402 6079.00000   78   28 6082.00000 6073.00000  0.15%  21.5 2305s
 1379966 86657     cutoff   79      6082.00000 6073.00000  0.15%  21.5 2310s
 1382900 86862 6076.69361  101   80 6082.00000 6073.00000  0.15%  21.5 2315s
 1385257 87066 infeasible   86      6082.00000 6073.00000  0.15%  21.5 2321s
 1388186 87217 6073.88889  104   29 6082.00000 6073.00000  0.15%  21.5 2327s
 1390842 87356 6074.00712   86   56 6082.00000 6073.00000  0.15%  21.5 2332s
 1393245 87505 6078.02395  104   38 6082.00000 6073.00000  0.15%  21.5 2338s
 1396177 87852     cutoff  102      6082.00000 6073.00000  0.15%  21.5 2344s
 1398872 88018 infeasible  112      6082.00000 6073.00000  0.15%  21.5 2350s
 1401516 88218 6078.00000   96   24 6082.00000 6073.00000  0.15%  21.5 2356s
 1404510 88421 6073.00000  109   25 6082.00000 6073.00000  0.15%  21.5 2362s
 1407592 88535 6076.00810  101   36 6082.00000 6073.00000  0.15%  21.5 2368s
 1410623 88681 6079.00165   78   76 6082.00000 6073.00000  0.15%  21.5 2374s
 1412850 88904 infeasible  101      6082.00000 6073.00000  0.15%  21.5 2380s
 1416361 89007 6078.00000  102   49 6082.00000 6073.00000  0.15%  21.5 2387s
 1419254 89192 infeasible  114      6082.00000 6073.00000  0.15%  21.5 2392s
 1421612 89422 6073.07729  104   73 6082.00000 6073.00000  0.15%  21.5 2398s
 1424626 89589     cutoff  104      6082.00000 6073.00000  0.15%  21.5 2404s
 1426938 89589     cutoff  113      6082.00000 6073.00000  0.15%  21.5 2405s
 1427703 89630 6078.50620  101   77 6082.00000 6073.00000  0.15%  21.5 2410s
 1429905 89863     cutoff   89      6082.00000 6073.00000  0.15%  21.5 2416s
 1433088 90011 6074.00000   94   36 6082.00000 6073.00000  0.15%  21.5 2422s
 1435799 90140 infeasible   97      6082.00000 6073.00000  0.15%  21.5 2427s
 1437837 90295 6073.00000   73   34 6082.00000 6073.00000  0.15%  21.5 2434s
 1440993 90606 infeasible   94      6082.00000 6073.00000  0.15%  21.5 2440s
 1444141 90703 6073.25126   84   73 6082.00000 6073.00000  0.15%  21.5 2445s
 1446601 90818     cutoff   97      6082.00000 6073.00000  0.15%  21.5 2452s
 1449665 91038     cutoff   79      6082.00000 6073.00000  0.15%  21.5 2458s
 1452679 91217     cutoff  101      6082.00000 6073.00000  0.15%  21.5 2464s
 1455102 91498 6073.00000   86   32 6082.00000 6073.00000  0.15%  21.5 2469s
 1457877 91637 6079.00000   99   27 6082.00000 6073.00000  0.15%  21.5 2475s
 1460582 91754 6078.00000  102   34 6082.00000 6073.00000  0.15%  21.5 2480s
 1462870 91965     cutoff  113      6082.00000 6073.00000  0.15%  21.5 2485s
 1465437 92303     cutoff   83      6082.00000 6073.00000  0.15%  21.5 2491s
 1468389 92338     cutoff   80      6082.00000 6073.00000  0.15%  21.5 2496s
 1470536 92472 infeasible   99      6082.00000 6073.00000  0.15%  21.5 2502s
 1473458 92623 infeasible  103      6082.00000 6073.00000  0.15%  21.5 2508s
 1476367 92700 infeasible  106      6082.00000 6073.00000  0.15%  21.5 2514s
 1478510 92843 infeasible   96      6082.00000 6073.00000  0.15%  21.5 2521s
 1481758 92926     cutoff  105      6082.00000 6073.00000  0.15%  21.5 2526s
 1484349 93114 6077.00000   99   33 6082.00000 6073.00000  0.15%  21.5 2533s
 1487521 93442 6075.42857  106   42 6082.00000 6073.00000  0.15%  21.5 2539s
 1490720 93618 6075.22776  106   55 6082.00000 6073.00000  0.15%  21.5 2545s
 1493148 93719     cutoff  115      6082.00000 6073.00000  0.15%  21.5 2551s
 1496168 93839     cutoff  108      6082.00000 6073.00000  0.15%  21.5 2557s
 1499147 93821 6073.05783  123   70 6082.00000 6073.00000  0.15%  21.5 2562s
 1501365 93848 infeasible   86      6082.00000 6073.00000  0.15%  21.5 2569s
 1504298 93891     cutoff   93      6082.00000 6073.00000  0.15%  21.5 2576s
 1506932 94110 6077.00000  101   43 6082.00000 6073.00000  0.15%  21.5 2582s
 1509983 94298 6075.01809   86   43 6082.00000 6073.00000  0.15%  21.5 2589s
 1512993 94398 6075.00000  101   47 6082.00000 6073.00000  0.15%  21.5 2595s
 1515570 94552 6073.00000  100   36 6082.00000 6073.00000  0.15%  21.5 2601s
 1518631 94692 infeasible   98      6082.00000 6073.00000  0.15%  21.5 2607s
 1521551 94718 6073.00000   92   35 6082.00000 6073.00000  0.15%  21.5 2613s
 1523699 94907 6073.00000   76   37 6082.00000 6073.00000  0.15%  21.5 2619s
 1527073 94942 infeasible  118      6082.00000 6073.00000  0.15%  21.5 2625s
 1529297 95003 6075.00000  113   39 6082.00000 6073.00000  0.15%  21.5 2632s
 1532283 95102 6073.00000   89   37 6082.00000 6073.00000  0.15%  21.5 2638s
 1535087 95167 6073.00000   76   31 6082.00000 6073.00000  0.15%  21.5 2644s
 1537399 95286     cutoff   92      6082.00000 6073.00000  0.15%  21.5 2650s
 1540550 95437 6077.00000   99   36 6082.00000 6073.00000  0.15%  21.5 2657s
 1543402 95514 6073.00412   99   39 6082.00000 6073.00000  0.15%  21.5 2663s
 1545416 95677 6073.00000   80   36 6082.00000 6073.00000  0.15%  21.5 2672s
 1549590 95807 infeasible  131      6082.00000 6073.00000  0.15%  21.5 2679s
 1552198 96115 6080.03851   94   31 6082.00000 6073.00000  0.15%  21.5 2685s
 1555753 96234 infeasible   95      6082.00000 6073.00000  0.15%  21.5 2691s
 1558604 96422 infeasible  105      6082.00000 6073.00000  0.15%  21.5 2698s
 1561360 96586 6073.00000   79   36 6082.00000 6073.00000  0.15%  21.5 2704s
 1564174 96663     cutoff  105      6082.00000 6073.00000  0.15%  21.5 2709s
 1566246 96877     cutoff   86      6082.00000 6073.00000  0.15%  21.5 2716s
 1569386 96928 6073.00411  101   37 6082.00000 6073.00000  0.15%  21.5 2722s
 1571928 97150 6073.07453   97   39 6082.00000 6073.00000  0.15%  21.5 2729s
 1575360 97265 6076.00000   89   31 6082.00000 6073.00000  0.15%  21.5 2735s
 1578293 97426 6077.00000   90   32 6082.00000 6073.00000  0.15%  21.5 2741s
 1580576 97651 6078.50000   98   51 6082.00000 6073.00000  0.15%  21.5 2746s
 1583447 97902 infeasible   88      6082.00000 6073.00000  0.15%  21.5 2752s
 1586457 98058 6081.00000  117   28 6082.00000 6073.00000  0.15%  21.5 2757s
 1588534 98351 6073.00000   94   47 6082.00000 6073.00000  0.15%  21.5 2763s
 1591820 98540 6073.00411   86   41 6082.00000 6073.00000  0.15%  21.5 2768s
 1594082 98718 6078.00000   92   28 6082.00000 6073.00000  0.15%  21.5 2774s
 1596877 98819     cutoff  109      6082.00000 6073.00000  0.15%  21.5 2781s
 1599890 98944     cutoff  121      6082.00000 6073.00000  0.15%  21.5 2786s
 1602333 99170 infeasible   97      6082.00000 6073.00000  0.15%  21.5 2792s
 1605117 99392 6076.36321  109   65 6082.00000 6073.00000  0.15%  21.5 2798s
 1607818 99519 6079.19811   96   44 6082.00000 6073.00000  0.15%  21.5 2803s
 1610133 99600     cutoff   94      6082.00000 6073.00000  0.15%  21.5 2810s
 1612850 99755 6073.00411   84   46 6082.00000 6073.00000  0.15%  21.5 2816s
 1615856 99975 6079.00255   95   69 6082.00000 6073.00000  0.15%  21.5 2821s
 1618391 100329 infeasible   92      6082.00000 6073.00000  0.15%  21.5 2827s
 1621383 100525 6073.00000  106   38 6082.00000 6073.00000  0.15%  21.5 2833s
 1624157 100680 infeasible   98      6082.00000 6073.00000  0.15%  21.5 2838s
 1626395 100742 6073.00000  106   28 6082.00000 6073.00000  0.15%  21.5 2844s
 1628865 100942 6081.00000  113   45 6082.00000 6073.00000  0.15%  21.5 2850s
 1631518 100979 6075.31132  113   59 6082.00000 6073.00000  0.15%  21.5 2855s
 1633707 101081 infeasible  101      6082.00000 6073.00000  0.15%  21.5 2861s
 1636519 101206 6073.00000  104   33 6082.00000 6073.00000  0.15%  21.5 2866s
 1639230 101282 6079.00000  101   33 6082.00000 6073.00000  0.15%  21.5 2872s
 1641768 101450     cutoff   84      6082.00000 6073.00000  0.15%  21.5 2878s
 1644661 101666     cutoff  103      6082.00000 6073.00000  0.15%  21.5 2883s
 1647209 101852 6073.00000   95   47 6082.00000 6073.00000  0.15%  21.5 2889s
 1650294 102013 6078.00000   83   32 6082.00000 6073.00000  0.15%  21.5 2895s
 1652923 102087 infeasible   96      6082.00000 6073.00000  0.15%  21.5 2900s
 1655097 102208 6073.00000  111   29 6082.00000 6073.00000  0.15%  21.5 2906s
 1658066 102368 6074.00000   77   33 6082.00000 6073.00000  0.15%  21.5 2912s
 1660880 102622 6077.00000   98   35 6082.00000 6073.00000  0.15%  21.5 2917s
 1663513 102867 6078.76901   97   86 6082.00000 6073.00000  0.15%  21.5 2923s
 1666781 103088 6073.00000   96   50 6082.00000 6073.00000  0.15%  21.5 2929s
 1669737 103139 6073.00000   97   46 6082.00000 6073.00000  0.15%  21.4 2934s
 1672241 103357     cutoff  113      6082.00000 6073.00000  0.15%  21.4 2940s
 1674869 103429 6073.00000   97   35 6082.00000 6073.00000  0.15%  21.4 2945s
 1677382 103582 infeasible   91      6082.00000 6073.00000  0.15%  21.4 2951s
 1679346 103776 6073.00000   89   30 6082.00000 6073.00000  0.15%  21.4 2957s
 1682753 103835 6073.00000   90   37 6082.00000 6073.00000  0.15%  21.4 2963s
 1685473 103908 6073.00000   90   50 6082.00000 6073.00000  0.15%  21.4 2969s
 1687987 103933     cutoff  100      6082.00000 6073.00000  0.15%  21.4 2975s
 1690759 104017 6078.00000   91   27 6082.00000 6073.00000  0.15%  21.4 2981s
 1693070 104224     cutoff   96      6082.00000 6073.00000  0.15%  21.4 2986s
 1695846 104463 6076.00000  109   49 6082.00000 6073.00000  0.15%  21.4 2992s
 1698516 104502 6075.00000   91   29 6082.00000 6073.00000  0.15%  21.4 2997s
 1700621 104667     cutoff   97      6082.00000 6073.00000  0.15%  21.4 3003s
 1703366 104700 6078.32117   88   76 6082.00000 6073.00000  0.15%  21.4 3008s
 1705567 104828 infeasible  103      6082.00000 6073.00000  0.15%  21.4 3014s
 1708098 104841 6073.00000   91   31 6082.00000 6073.00000  0.15%  21.4 3020s
 1710546 105052 6078.00000   92   39 6082.00000 6073.00000  0.15%  21.4 3026s
 1713532 105226 6079.77587   78  102 6082.00000 6073.00000  0.15%  21.4 3032s
 1716000 105350 6073.00000   90   35 6082.00000 6073.00000  0.15%  21.4 3037s
 1718528 105484 6077.00000   96   44 6082.00000 6073.00000  0.15%  21.4 3043s
 1721495 105775 infeasible   97      6082.00000 6073.00000  0.15%  21.4 3049s
 1724471 105855 6076.00000   86   28 6082.00000 6073.00000  0.15%  21.4 3054s
 1726829 106079     cutoff   90      6082.00000 6073.00000  0.15%  21.4 3060s
 1729739 106224     cutoff   95      6082.00000 6073.00000  0.15%  21.4 3066s
 1732748 106154     cutoff   89      6082.00000 6073.00000  0.15%  21.4 3072s
 1735068 106252 infeasible   93      6082.00000 6073.00000  0.15%  21.4 3078s
 1738076 106241 6073.00000   84   39 6082.00000 6073.00000  0.15%  21.4 3084s
 1740210 106438     cutoff   93      6082.00000 6073.00000  0.15%  21.4 3091s
 1743751 106529 6073.27535   99  101 6082.00000 6073.00000  0.15%  21.4 3097s
 1746182 106692 6073.00000   85   45 6082.00000 6073.00000  0.15%  21.4 3103s
 1749057 106925     cutoff   99      6082.00000 6073.00000  0.15%  21.4 3109s
 1752022 107093     cutoff   93      6082.00000 6073.00000  0.15%  21.4 3114s
 1754261 107180 6077.00512   97   30 6082.00000 6073.00000  0.15%  21.4 3121s
 1756908 107308 6074.00000   93   39 6082.00000 6073.00000  0.15%  21.4 3128s
 1760002 107482 6081.00000   92   46 6082.00000 6073.00000  0.15%  21.4 3133s
 1762207 107807     cutoff  114      6082.00000 6073.00000  0.15%  21.4 3139s
 1765455 107915     cutoff   92      6082.00000 6073.00000  0.15%  21.4 3145s
 1767822 108023 infeasible   81      6082.00000 6073.00000  0.15%  21.4 3151s
 1770422 108128 6073.00000   85   35 6082.00000 6073.00000  0.15%  21.4 3158s
 1773220 108234 6073.00000   99   43 6082.00000 6073.00000  0.15%  21.4 3164s
 1775667 108368 6079.00000   64   50 6082.00000 6073.00000  0.15%  21.4 3170s
 1778627 108431     cutoff   87      6082.00000 6073.00000  0.15%  21.4 3176s
 1781327 108563 6081.00000  100   43 6082.00000 6073.00000  0.15%  21.4 3183s
 1783850 108689     cutoff   96      6082.00000 6073.00000  0.15%  21.4 3188s
 1786395 108838 infeasible   80      6082.00000 6073.00000  0.15%  21.4 3195s
 1789188 109060     cutoff   73      6082.00000 6073.00000  0.15%  21.4 3201s
 1791605 109256 6078.00255   90   61 6082.00000 6073.00000  0.15%  21.4 3207s
 1794988 109397     cutoff  121      6082.00000 6073.00000  0.15%  21.4 3213s
 1798006 109434 6078.00000   99   37 6082.00000 6073.00000  0.15%  21.4 3218s
 1800437 109572 6073.00000  124   29 6082.00000 6073.00000  0.15%  21.4 3224s
 1803140 109609 6073.00000  121   34 6082.00000 6073.00000  0.15%  21.4 3230s
 1805511 109729     cutoff  113      6082.00000 6073.00000  0.15%  21.4 3236s
 1807881 109855 6076.02547   88   74 6082.00000 6073.00000  0.15%  21.4 3242s
 1810376 109930 6073.00000   76   53 6082.00000 6073.00000  0.15%  21.4 3248s
 1812696 110006 6078.00000   88   57 6082.00000 6073.00000  0.15%  21.4 3254s
 1815560 110050     cutoff  106      6082.00000 6073.00000  0.15%  21.4 3260s
 1818358 110108     cutoff   98      6082.00000 6073.00000  0.15%  21.4 3265s
 1820632 110181     cutoff   92      6082.00000 6073.00000  0.15%  21.4 3272s
 1823463 110204     cutoff  100      6082.00000 6073.00000  0.15%  21.4 3278s
 1826052 110329 infeasible   93      6082.00000 6073.00000  0.15%  21.5 3285s
 1829257 110419     cutoff   87      6082.00000 6073.00000  0.15%  21.5 3291s
 1831362 110529 infeasible  102      6082.00000 6073.00000  0.15%  21.5 3297s
 1834567 110584 infeasible   89      6082.00000 6073.00000  0.15%  21.5 3304s
 1837412 110616 6073.40678   83   35 6082.00000 6073.00000  0.15%  21.5 3310s
 1839373 110754 6078.00000   98   45 6082.00000 6073.00000  0.15%  21.5 3317s
 1842568 110934 6079.27744   88   70 6082.00000 6073.00000  0.15%  21.5 3323s
 1845153 111112 6073.00000  108   55 6082.00000 6073.00000  0.15%  21.5 3329s
 1848144 111230 infeasible  123      6082.00000 6073.00000  0.15%  21.5 3336s
 1851332 111294 6080.81071   94   80 6082.00000 6073.00000  0.15%  21.5 3341s
 1853283 111384     cutoff   91      6082.00000 6073.00000  0.15%  21.5 3348s
 1856587 111524 infeasible   97      6082.00000 6073.00000  0.15%  21.5 3354s
 1858730 111524 6073.00000   98   41 6082.00000 6073.00000  0.15%  21.5 3355s
 1859055 111717 6074.00000   96   28 6082.00000 6073.00000  0.15%  21.5 3361s
 1861790 111802     cutoff   95      6082.00000 6073.00000  0.15%  21.5 3367s
 1864707 111844     cutoff  103      6082.00000 6073.00000  0.15%  21.5 3373s
 1867257 111970 6073.00000   91   50 6082.00000 6073.00000  0.15%  21.5 3380s
 1870201 111958 6073.00000   87   39 6082.00000 6073.00000  0.15%  21.5 3386s
 1873035 112003     cutoff   93      6082.00000 6073.00000  0.15%  21.5 3392s
 1875577 112025     cutoff   80      6082.00000 6073.00000  0.15%  21.5 3398s
 1877945 112043     cutoff  130      6082.00000 6073.00000  0.15%  21.5 3407s
H1878120 98102                    6081.0000000 6073.00000  0.13%  21.5 3407s
 1878621 97965     cutoff   94      6081.00000 6073.00000  0.13%  21.5 3416s
 1882629 97992 infeasible   81      6081.00000 6073.00000  0.13%  21.5 3424s
 1885300 97935 6074.00000   90   39 6081.00000 6073.00000  0.13%  21.5 3433s
 1889065 97853     cutoff   82      6081.00000 6073.00000  0.13%  21.5 3441s
 1892599 97649 6073.00000   89   47 6081.00000 6073.00000  0.13%  21.5 3449s
 1895334 97583 6074.00000  101   44 6081.00000 6073.00000  0.13%  21.5 3456s
 1898062 97441 infeasible   85      6081.00000 6073.00000  0.13%  21.5 3463s
 1900928 97492     cutoff  109      6081.00000 6073.00000  0.13%  21.5 3471s
 1904408 97572     cutoff   74      6081.00000 6073.00000  0.13%  21.6 3479s
 1907800 97522 6073.26877   79   44 6081.00000 6073.00000  0.13%  21.6 3485s
 1909558 97498 infeasible   92      6081.00000 6073.00000  0.13%  21.6 3493s
 1913153 97610 infeasible   77      6081.00000 6073.00000  0.13%  21.6 3500s
 1916151 97729     cutoff   68      6081.00000 6073.00000  0.13%  21.6 3507s
 1918468 97804 6073.44411   85   90 6081.00000 6073.00000  0.13%  21.6 3513s
 1921537 97845 6076.00000   75   37 6081.00000 6073.00000  0.13%  21.6 3520s
 1924732 97961     cutoff  105      6081.00000 6073.00000  0.13%  21.6 3528s
 1927855 97874     cutoff   66      6081.00000 6073.00000  0.13%  21.6 3534s
 1930294 97866 infeasible   71      6081.00000 6073.00000  0.13%  21.6 3541s
 1933293 97859 infeasible   91      6081.00000 6073.00000  0.13%  21.6 3546s
 1935673 97825     cutoff   91      6081.00000 6073.00000  0.13%  21.6 3553s
 1938414 97764 6074.00000   91   35 6081.00000 6073.00000  0.13%  21.6 3558s
 1939277 97685 infeasible   97      6081.00000 6073.00000  0.13%  21.7 3564s
 1941620 97614 infeasible  105      6081.00000 6073.00000  0.13%  21.7 3571s
 1944460 97547 infeasible  102      6081.00000 6073.00000  0.13%  21.7 3579s
 1948103 97479 6074.00000   98   51 6081.00000 6073.00000  0.13%  21.7 3588s
 1951299 97382 6076.67925  101   56 6081.00000 6073.00000  0.13%  21.7 3596s
 1954305 97318 infeasible   97      6081.00000 6073.00000  0.13%  21.7 3600s

Cutting planes:
  Learned: 300
  Gomory: 126
  Lift-and-project: 1
  Cover: 13
  Implied bound: 49
  Projected implied bound: 21
  MIR: 1984
  StrongCG: 132
  Flow cover: 3382
  Inf proof: 415
  Zero half: 19
  Mod-K: 1
  RLT: 86
  Relax-and-lift: 66

Explored 1955369 nodes (42478573 simplex iterations) in 3600.26 seconds (634.25 work units)
Thread count was 16 (of 16 available processors)

Solution count 10: 6081 6082 6085 ... 6105

Time limit reached
Best objective 6.081000000000e+03, best bound 6.073000000000e+03, gap 0.1316%
Warning: constraint name "precedence between 0,0 to 1,0 if x_[0,0,1,0,8]=0, i.e. 1,0 before 0,0" has a space
Warning: constraint name "precedence between 0,0 to 1,0 if x_[0,0,1,0,8]=0, i.e. 1,0 before 0,0" has a space
Warning: default constraint names used to write mps file
