
Gurobi 10.0.1 (win64) logging started Tue Aug 29 07:57:59 2023

Set parameter LogFile to value "results//log/URT_19_deadline.log"
Gurobi Optimizer version 10.0.1 build v10.0.1rc0 (win64)

CPU model: AMD Ryzen 7 3700X 8-Core Processor, instruction set [SSE2|AVX|AVX2]
Thread count: 8 physical cores, 16 logical processors, using up to 16 threads

Optimize a model with 2861 rows, 2234 columns and 12864 nonzeros
Model fingerprint: 0x1fb1f99c
Model has 1 quadratic constraint
Variable types: 132 continuous, 2102 integer (2101 binary)
Coefficient statistics:
  Matrix range     [1e+00, 1e+06]
  QMatrix range    [1e+00, 1e+00]
  QLMatrix range   [1e+00, 2e+01]
  Objective range  [1e+00, 1e+00]
  Bounds range     [1e+00, 1e+00]
  RHS range        [1e+00, 3e+06]
Presolve removed 165 rows and 1094 columns
Presolve time: 0.03s
Presolved: 2730 rows, 1173 columns, 12814 nonzeros
Variable types: 165 continuous, 1008 integer (1007 binary)

Root relaxation: objective 0.000000e+00, 199 iterations, 0.00 seconds (0.00 work units)

    Nodes    |    Current Node    |     Objective Bounds      |     Work
 Expl Unexpl |  Obj  Depth IntInf | Incumbent    BestBd   Gap | It/Node Time

     0     0    0.00000    0   10          -    0.00000      -     -    0s
     0     0    0.00000    0   30          -    0.00000      -     -    0s
     0     0    0.00000    0   45          -    0.00000      -     -    0s
     0     0    0.00000    0    9          -    0.00000      -     -    0s
     0     0    0.00000    0   21          -    0.00000      -     -    0s
H    0     0                     486.0000000    0.00000   100%     -    0s
H    0     0                     480.0000000    0.00000   100%     -    0s
     0     0    0.00000    0   13  480.00000    0.00000   100%     -    0s
H    0     0                     477.0000000    0.00000   100%     -    0s
     0     0    0.00000    0   28  477.00000    0.00000   100%     -    0s
     0     0    0.00000    0   16  477.00000    0.00000   100%     -    0s
H    0     0                     441.0000000    0.00000   100%     -    0s
     0     0    0.00000    0   42  441.00000    0.00000   100%     -    0s
     0     0    0.00000    0   41  441.00000    0.00000   100%     -    1s
     0     0    0.00000    0   31  441.00000    0.00000   100%     -    1s
     0     2    0.00000    0   25  441.00000    0.00000   100%     -    1s
H   33    40                     440.0000000    0.00000   100%   205    1s
H   64    84                     439.0000000    0.00000   100%   118    1s
H   67    84                     433.0000000    0.00000   100%   113    1s
H   82    84                     418.0000000    0.00000   100%  94.5    1s
H  300   373                     416.0000000    0.00000   100%  40.5    1s
H  423   373                     412.0000000    0.00000   100%  32.5    1s
H  520   430                     411.0000000    0.00000   100%  29.1    1s
H  540   430                     371.9999999    0.00000   100%  28.5    1s
H  962   849                     361.0000000    0.00000   100%  20.8    2s
H  984   849                     352.0000000    0.00000   100%  20.5    2s
H 1224   982                     351.0000000    0.00000   100%  18.6    2s
H 1279   982                     349.0000000    0.00000   100%  18.1    2s
H 1374  1039                     295.0000000    0.00000   100%  17.4    2s
H 1847  1219                     286.0000000    0.00000   100%  18.5    4s
  1855  1224   37.00000   35  114  286.00000    7.58401  97.3%  18.4    5s
H 1855  1163                     285.0000000    8.00000  97.2%  18.4    5s
H 1875  1116                     284.0000000    8.40985  97.0%  18.2    7s
H 1903  1079                     282.0000000    8.45223  97.0%  34.0    9s
H 1905  1025                     281.0000000    8.45223  97.0%  34.0    9s
H 1907   976                     280.0000000    8.45223  97.0%  34.0   10s
H 1907   927                     278.0000000    8.45223  97.0%  34.0   10s
H 1915   885                     272.0000000    9.00000  96.7%  33.8   10s
H 1927   850                     270.0000000    9.00000  96.7%  45.2   12s
H 1935   812                     259.0000000    9.00000  96.5%  45.0   12s
H 1987   807                     252.0000000    9.00000  96.4%  52.3   13s
  2148   905    9.00000   43   77  252.00000    9.00000  96.4%  50.5   16s
H 3460  1724                     251.0000000    9.00000  96.4%  39.7   18s
H 4574  2476                     250.0000000    9.00000  96.4%  33.3   19s
H 5714  3221                     249.0000000    9.00000  96.4%  29.0   19s
  6190  3760   78.00000   81   61  249.00000    9.00000  96.4%  27.8   20s
H12365  8125                     248.0000000    9.00000  96.4%  21.5   21s
 29044 17914   69.57143   77   60  248.00000    9.00000  96.4%  15.5   26s
H29065 17897                     247.0000000    9.00000  96.4%  15.6   26s
 44065 32540  240.00000  104   33  247.00000    9.00000  96.4%  13.9   34s
 51571 33059 infeasible  113       247.00000    9.00000  96.4%  13.4   35s
 71368 45778   55.00000   80   62  247.00000    9.00000  96.4%  12.5   40s
H71449 45744                     246.0000000    9.00000  96.3%  12.5   40s
 73137 46342  206.00000  149   20  246.00000    9.00000  96.3%  12.5   46s
 82980 54182   16.30134   68   73  246.00000    9.00000  96.3%  12.5   50s
 102054 64532  163.00000   96   47  246.00000    9.00000  96.3%  12.2   55s
 118379 75808   34.45936   84   58  246.00000    9.00000  96.3%  12.0   60s
 135775 85457 infeasible  118       246.00000    9.00000  96.3%  11.8   65s
 151270 97081   26.00000   67   70  246.00000    9.00000  96.3%  11.7   70s
 163143 101293  116.00000   89   50  246.00000    9.00000  96.3%  11.6   76s
H164060 99708                     235.0000000    9.00000  96.2%  11.6   78s
 166025 101749  216.02877  121   30  235.00000    9.00000  96.2%  11.7   80s
H166505 101207                     233.0000000    9.00000  96.1%  11.7   80s
H170795 103906                     232.0000000    9.00000  96.1%  11.7   81s
 182241 111825   80.00000   85   51  232.00000    9.00000  96.1%  11.6   85s
 200420 123134  226.00000  107   33  232.00000    9.00000  96.1%  11.5   90s
 216780 136376  200.00000   91   39  232.00000    9.00000  96.1%  11.5   95s
 233437 143586   66.40741   81   62  232.00000    9.00000  96.1%  11.4  100s
 241768 147348  203.00000   92   41  232.00000    9.00000  96.1%  11.4  105s
 248929 152864  150.02324   96   54  232.00000    9.00000  96.1%  11.4  110s
H251075 153623                     229.0000000    9.00000  96.1%  11.4  111s
H253920 150233                     221.0000000    9.00000  95.9%  11.4  112s
H254903 149650                     220.0000000    9.00000  95.9%  11.4  112s
H255714 149046                     219.0000000    9.00000  95.9%  11.4  112s
 261909 153337  108.00000  101   45  219.00000    9.00000  95.9%  11.4  115s
 274286 160429  201.41935  106   40  219.00000    9.00000  95.9%  11.4  122s
 277885 163411 infeasible  106       219.00000    9.00000  95.9%  11.4  125s
 288707 171282   99.00000   84   62  219.00000    9.00000  95.9%  11.4  130s
 299558 176217  195.00000   99   38  219.00000    9.00000  95.9%  11.4  137s
 299575 185860 infeasible  100       219.00000    9.00000  95.9%  11.4  143s
 315591 190862 infeasible   99       219.00000    9.00000  95.9%  11.6  148s
 323510 193737    9.00000   74   69  219.00000    9.00000  95.9%  11.6  151s
 336158 200756   91.11457   82   56  219.00000    9.00000  95.9%  11.5  155s
 353962 211381   25.45271   69   72  219.00000    9.00000  95.9%  11.4  160s
 370560 222011  199.00000  109   42  219.00000    9.00000  95.9%  11.3  165s
 388362 232032  205.00000  117   34  219.00000    9.00000  95.9%  11.3  173s
 388392 241970  211.00000  118   33  219.00000    9.00000  95.9%  11.3  179s
 400404 241970   79.05410   82   60  219.00000    9.00000  95.9%  11.4  180s
 412369 250042   68.46151   71   61  219.00000    9.00000  95.9%  11.4  186s
 427062 257952  100.00000   87   51  219.00000    9.00000  95.9%  11.4  190s
 442247 267421 infeasible  106       219.00000    9.00000  95.9%  11.3  195s
 446817 268840   47.00000   91   65  219.00000    9.00000  95.9%  11.3  200s
 450130 272409  128.00000  114   45  219.00000    9.00000  95.9%  11.3  205s
 464780 280745 infeasible  103       219.00000    9.00000  95.9%  11.2  210s
 476903 290331  125.06808   92   54  219.00000    9.00000  95.9%  11.2  215s
 490280 297793  106.00000   90   39  219.00000    9.00000  95.9%  11.2  220s
 504793 305698 infeasible  139       219.00000    9.00000  95.9%  11.1  225s
 515954 313977  191.00000  100   30  219.00000    9.00000  95.9%  11.2  230s
 527608 322459  115.00000   74   53  219.00000    9.00000  95.9%  11.3  235s
 532849 323551  183.44267   80   52  219.00000    9.00000  95.9%  11.3  240s
 540650 330661   70.01147   82   62  219.00000    9.00000  95.9%  11.4  245s
 555374 338711 infeasible   95       219.00000    9.00000  95.9%  11.3  250s
 565829 348332   90.00000   86   45  219.00000    9.00000  95.9%  11.3  256s
 578553 354033    9.55549   67   81  219.00000    9.00000  95.9%  11.3  260s
 592079 362736   80.01992   85   69  219.00000    9.00000  95.9%  11.3  265s
 602668 371022  100.06252   87   53  219.00000    9.00000  95.9%  11.3  270s
 609808 378440  164.00000   94   47  219.00000    9.00000  95.9%  11.3  275s
 627288 385194  135.65087   87   57  219.00000    9.00000  95.9%  11.3  280s
 638492 393543    9.00000   68   71  219.00000    9.00000  95.9%  11.4  285s
 648962 397489  192.00000  104   36  219.00000    9.00000  95.9%  11.4  291s
 655618 401753 infeasible  103       219.00000    9.00000  95.9%  11.4  295s
 658636 403905  199.00000  100   33  219.00000    9.00000  95.9%  11.4  300s
 668430 411231   26.58158   78   70  219.00000    9.00000  95.9%  11.4  305s
 680641 418671   12.44704   70   78  219.00000    9.00000  95.9%  11.5  311s
 691373 424995  216.00000  116   43  219.00000    9.00000  95.9%  11.5  315s
 702454 431256   68.00000   95   61  219.00000    9.00000  95.9%  11.5  320s
 708758 433286   71.01547   99   60  219.00000    9.00000  95.9%  11.5  325s
 716357 440223   58.00000   81   70  219.00000    9.00000  95.9%  11.6  331s
 727851 445045   73.10833   78   57  219.00000    9.00000  95.9%  11.6  335s
 738177 453678   76.02326   99   61  219.00000    9.00000  95.9%  11.6  340s
 748992 458579   96.03906   89   54  219.00000    9.00000  95.9%  11.6  345s
 761117 465495 infeasible  129       219.00000    9.00000  95.9%  11.6  350s
 774164 474147  110.00000   81   58  219.00000    9.00000  95.9%  11.6  355s
 784564 482904   58.01443   83   63  219.00000    9.00000  95.9%  11.6  361s
 795451 487663  163.10825   86   52  219.00000    9.00000  95.9%  11.6  365s
 802025 489643   35.55927   82   61  219.00000    9.00000  95.9%  11.6  370s
 807855 497029   70.00000   88   58  219.00000    9.00000  95.9%  11.7  376s
 820304 501795  174.00000  118   33  219.00000    9.00000  95.9%  11.7  380s
 830253 508740  188.01853  100   50  219.00000    9.00000  95.9%  11.7  385s
 843086 516961  132.00000   76   58  219.00000    9.00000  95.9%  11.7  390s
 849480 522834  146.00000   97   57  219.00000    9.00000  95.9%  11.7  397s
 855899 527250  167.00000   89   40  219.00000    9.00000  95.9%  11.8  401s
 863085 527260  198.00000  123   35  219.00000    9.00000  95.9%  11.8  406s
 867166 531827   13.47270   68   77  219.00000    9.00000  95.9%  11.8  410s
 876825 536885   75.18447   89   60  219.00000    9.00000  95.9%  11.8  415s
 885223 543538   13.85171   65   77  219.00000    9.00000  95.9%  11.8  420s
 892902 548495  102.55340   90   55  219.00000    9.00000  95.9%  11.8  425s
 902277 553943 infeasible   98       219.00000    9.00000  95.9%  11.8  430s
 913077 560889 infeasible   96       219.00000    9.00000  95.9%  11.9  435s
 920978 565399   15.41892   58   81  219.00000    9.00000  95.9%  11.9  440s
 929729 570044  192.00000  126   30  219.00000    9.00000  95.9%  11.9  447s
 932329 575456   18.57892   69   75  219.00000    9.00000  95.9%  11.9  452s
 939440 578353   28.00000   80   68  219.00000    9.00000  95.9%  11.9  455s
 948682 583971  192.00000  122   28  219.00000    9.00000  95.9%  11.9  461s
 956397 588623   51.03906   72   63  219.00000    9.00000  95.9%  12.0  466s
 963613 592035 infeasible  105       219.00000    9.00000  95.9%  12.0  471s
 969639 597190   50.11622   81   61  219.00000    9.00000  95.9%  12.0  476s
 979592 601881  131.55340   87   60  219.00000    9.00000  95.9%  12.0  480s
 987326 607125  106.00000   89   53  219.00000    9.00000  95.9%  12.0  485s
 994066 612118 infeasible  114       219.00000    9.00000  95.9%  12.0  490s
 1005256 616474 infeasible  104       219.00000    9.00000  95.9%  12.0  499s
 1005800 616879  122.00000   95   46  219.00000    9.00000  95.9%  12.0  504s
 1005816 617471  122.00000   96   47  219.00000    9.00000  95.9%  12.0  505s
 1010452 620748   13.00000   71   75  219.00000    9.00000  95.9%  12.0  510s
 1017665 625279   31.45770   67   72  219.00000    9.00000  95.9%  12.0  515s
 1025157 629731   81.41892   70   58  219.00000    9.00000  95.9%  12.0  520s
 1033360 636202  202.00000  111   23  219.00000    9.00000  95.9%  12.0  526s
 1039980 639238  173.00000  100   43  219.00000    9.00000  95.9%  12.0  530s
 1049130 645571  215.00000  106   38  219.00000    9.00000  95.9%  12.0  535s
 1058104 650003   95.00000  100   40  219.00000    9.00000  95.9%  12.0  540s
 1065034 655345    9.00000   65   68  219.00000    9.00000  95.9%  12.1  545s
 1067537 655360    9.61369   67   77  219.00000    9.00000  95.9%  12.1  550s
 1071928 661318   70.60797   92   57  219.00000    9.00000  95.9%  12.1  556s
 1080438 664397  211.00000  131   22  219.00000    9.00000  95.9%  12.1  560s
 1085979 669676  176.02713  107   35  219.00000    9.00000  95.9%  12.1  565s
H1096753 651300                     209.0000000    9.00000  95.7%  12.1  571s
 1101326 655945    9.00000   74   74  209.00000    9.00000  95.7%  12.1  575s
 1109618 661888   97.84000   74   68  209.00000    9.00000  95.7%  12.1  581s
 1118234 665002   20.00000   64   78  209.00000    9.00000  95.7%  12.1  585s
 1125954 670679    9.00000   63   77  209.00000    9.00000  95.7%  12.1  590s
 1134277 675536   61.00000   93   55  209.00000    9.00000  95.7%  12.1  596s
 1141942 679255  196.35129   76   65  209.00000    9.00000  95.7%  12.1  604s
 1141970 679770 infeasible   76       209.00000    9.00000  95.7%  12.1  605s
 1146095 683410   30.77922   72   73  209.00000    9.00000  95.7%  12.1  610s
H1150119 679841                     207.0000000    9.00000  95.7%  12.1  614s
 1151940 680975   66.32888   84   58  207.00000    9.00000  95.7%  12.1  616s
 1159861 686225   91.73906   87   59  207.00000    9.00000  95.7%  12.2  621s
 1164311 689222  179.00000  103   33  207.00000    9.00000  95.7%  12.2  625s
 1173573 696110  117.12042   88   48  207.00000    9.00000  95.7%  12.2  632s
 1180858 698401 infeasible  121       207.00000    9.00000  95.7%  12.2  635s
 1182224 698587   56.09712   75   69  207.00000    9.00000  95.7%  12.2  640s
 1186713 702998   30.70352   85   63  207.00000    9.00000  95.7%  12.2  646s
 1191118 703887   41.00000   88   55  207.00000    9.00000  95.7%  12.2  652s
 1192682 705721  143.01029  101   48  207.00000    9.00000  95.7%  12.2  655s
 1199068 709683 infeasible   86       207.00000    9.00000  95.7%  12.2  660s
 1204411 714464    9.00000   71   80  207.00000    9.00000  95.7%  12.2  665s
 1212287 719065  197.00000  107   35  207.00000    9.00000  95.7%  12.2  670s
 1219511 724054   87.03605  107   47  207.00000    9.00000  95.7%  12.2  675s
 1226531 728082  190.00000  101   48  207.00000    9.00000  95.7%  12.2  680s
 1235438 734413  200.00000  113   34  207.00000    9.00000  95.7%  12.2  687s
 1240794 736551   15.00000   74   73  207.00000    9.00000  95.7%  12.2  690s
 1249519 741960  109.00000   92   52  207.00000    9.00000  95.7%  12.2  695s
 1257132 746059  201.00000  115   27  207.00000    9.00000  95.7%  12.2  700s
 1264288 752246    9.11789   75   79  207.00000    9.00000  95.7%  12.2  706s
 1268274 752255 infeasible  104       207.00000    9.00000  95.7%  12.2  711s
 1271643 755202  126.19633   73   56  207.00000    9.00000  95.7%  12.2  716s
 1277358 758370   78.00000   76   58  207.00000    9.00000  95.7%  12.2  720s
 1284699 763661   32.00000   69   73  207.00000    9.00000  95.7%  12.2  725s
 1290873 768195  177.00000  100   46  207.00000    9.00000  95.7%  12.2  730s
 1298448 772548    9.00000   59   79  207.00000    9.00000  95.7%  12.2  735s
 1302716 776768  183.00000  100   27  207.00000    9.00000  95.7%  12.3  740s
 1311553 781893  102.00000   85   49  207.00000    9.00000  95.7%  12.3  746s
 1319130 785926  119.00000   94   47  207.00000    9.00000  95.7%  12.3  750s
 1326127 793269    9.00000   74   74  207.00000    9.00000  95.7%  12.3  757s
 1334202 795767  182.00000   83   37  207.00000    9.00000  95.7%  12.3  761s
 1341659 798732  167.21576   98   42  207.00000    9.00000  95.7%  12.3  769s
 1341677 799365  167.21576   99   42  207.00000    9.00000  95.7%  12.3  770s
 1345462 803213   59.00000   89   53  207.00000    9.00000  95.7%  12.3  775s
 1353795 806921  162.00000   95   39  207.00000    9.00000  95.7%  12.3  780s
 1360940 811519    9.00000   61   78  207.00000    9.00000  95.7%  12.3  785s
 1368818 816735   56.00000   73   74  207.00000    9.00000  95.7%  12.3  791s
 1370579 819133  137.00000   92   47  207.00000    9.00000  95.7%  12.3  797s
 1374237 821194  164.09254  100   42  207.00000    9.00000  95.7%  12.3  800s
 1381731 828458   22.42770   74   82  207.00000    9.00000  95.7%  12.3  808s
 1389064 831573   64.00000   90   64  207.00000    9.00000  95.7%  12.3  811s
 1395251 832515  182.03605   97   51  207.00000    9.00000  95.7%  12.3  818s
 1395271 834010  189.03605   98   51  207.00000    9.00000  95.7%  12.3  820s
H1398152 813249                     201.0000000    9.00000  95.5%  12.3  824s
 1399181 814691  140.00000   95   49  201.00000    9.00000  95.5%  12.3  827s
 1401967 818354   74.00000   86   54  201.00000    9.00000  95.5%  12.3  831s
 1409689 822605  190.01669  117   38  201.00000    9.00000  95.5%  12.3  835s
 1417930 826780  125.01924  114   32  201.00000    9.00000  95.5%  12.3  841s
 1425589 831383   82.00000   93   58  201.00000    9.00000  95.5%  12.3  845s
 1432552 835745  141.44797   97   45  201.00000    9.00000  95.5%  12.3  850s
 1440020 841120   75.85989   85   69  201.00000    9.00000  95.5%  12.3  856s
 1445442 843760   92.39340   69   60  201.00000    9.00000  95.5%  12.3  860s
 1452216 848202   63.02736   88   58  201.00000    9.00000  95.5%  12.4  865s
 1455348 848216   66.66611   81   81  201.00000    9.00000  95.5%  12.4  870s
 1457497 851329 infeasible  118       201.00000    9.00000  95.5%  12.4  875s
 1465894 857632  173.77596   71   46  201.00000    9.00000  95.5%  12.4  882s
 1471386 861094 infeasible   93       201.00000    9.00000  95.5%  12.4  886s
 1479562 865368   20.06252   63   80  201.00000    9.00000  95.5%  12.4  891s
 1484083 868078   32.48109   74   67  201.00000    9.00000  95.5%  12.4  895s
 1491749 872631 infeasible   98       201.00000    9.00000  95.5%  12.4  900s
 1500073 878595   67.00643   91   60  201.00000    9.00000  95.5%  12.4  906s
 1504995 880675   13.00000   70   64  201.00000    9.00000  95.5%  12.4  910s
 1511231 885176   48.39498   79   71  201.00000    9.00000  95.5%  12.4  915s
 1518139 887435   54.06252   73   67  201.00000    9.00000  95.5%  12.4  921s
H1518150 883169                     200.0000000    9.00000  95.5%  12.4  921s
H1518156 874284                     198.0000000    9.00000  95.5%  12.4  921s
 1518160 874297   64.06252   74   66  198.00000    9.00000  95.5%  12.4  925s
 1520475 876737   71.19878   82   63  198.00000    9.00000  95.5%  12.4  930s
 1524565 882993  177.08468  104   46  198.00000    9.00000  95.5%  12.4  936s
 1534325 886582 infeasible   92       198.00000    9.00000  95.5%  12.4  941s
 1541613 891820  158.55340   83   41  198.00000    9.00000  95.5%  12.4  947s
 1546981 893860  181.09853  100   37  198.00000    9.00000  95.5%  12.4  950s
 1555680 899377  183.00000  128   26  198.00000    9.00000  95.5%  12.4  956s
 1561789 903050   26.28646   76   78  198.00000    9.00000  95.5%  12.5  960s
 1569038 907696  123.00000  106   56  198.00000    9.00000  95.5%  12.5  966s
 1575214 911513 infeasible   98       198.00000    9.00000  95.5%  12.5  970s
H1579658 908995                     197.0000000    9.00000  95.4%  12.5  973s
H1581704 900038                     195.0000000    9.00000  95.4%  12.5  974s
 1582189 901418  120.42988   93   61  195.00000    9.00000  95.4%  12.5  976s
 1584591 901431    9.00000   66   78  195.00000    9.00000  95.4%  12.5  987s
 1585320 902880   79.00000   92   56  195.00000    9.00000  95.4%  12.5  990s
 1589179 905580 infeasible  117       195.00000    9.00000  95.4%  12.5  995s
 1593951 909997   27.90761   73   78  195.00000    9.00000  95.4%  12.5 1001s
 1599280 912263  186.00000  131   40  195.00000    9.00000  95.4%  12.5 1005s
 1609029 917700   63.27635   83   64  195.00000    9.00000  95.4%  12.5 1012s
 1613486 920046   19.62445   77   76  195.00000    9.00000  95.4%  12.5 1016s
 1621139 924139   23.06644   78   82  195.00000    9.00000  95.4%  12.5 1021s
 1627912 928618   47.00000   77   64  195.00000    9.00000  95.4%  12.5 1026s
 1631418 929083  106.00000  112   56  195.00000    9.00000  95.4%  12.5 1031s
 1632140 939037  150.00000  131   39  195.00000    9.00000  95.4%  12.5 1039s
 1639147 939037  141.00000  120   39  195.00000    9.00000  95.4%  12.5 1040s
 1648156 943240   89.84000   74   57  195.00000    9.00000  95.4%  12.6 1046s
 1654892 945428  162.84000  114   49  195.00000    9.00000  95.4%  12.6 1050s
 1663990 950459    9.00000   66   71  195.00000    9.00000  95.4%  12.6 1056s
 1669304 953578 infeasible  104       195.00000    9.00000  95.4%  12.6 1060s
 1677567 959411   89.45144   85   55  195.00000    9.00000  95.4%  12.6 1065s
 1687208 963808  114.00000   87   57  195.00000    9.00000  95.4%  12.6 1071s
 1694758 966821   10.84000   73   78  195.00000    9.00000  95.4%  12.6 1079s
 1695557 968662  189.00000  113   37  195.00000    9.00000  95.4%  12.6 1081s
 1700023 972401 infeasible   99       195.00000    9.00000  95.4%  12.6 1085s
 1709917 977201  139.03454  104   44  195.00000    9.00000  95.4%  12.6 1090s
 1716060 981293    9.41892   76   85  195.00000    9.00000  95.4%  12.6 1095s
 1720274 982472  179.84000  101   48  195.00000    9.00000  95.4%  12.6 1100s
 1723112 987442  186.00000  129   28  195.00000    9.00000  95.4%  12.6 1105s
 1733499 990401   51.42023   88   57  195.00000    9.00000  95.4%  12.6 1110s
 1740955 994931   98.05940  110   54  195.00000    9.00000  95.4%  12.6 1115s
 1746893 1000012    9.00000   76   75  195.00000    9.00000  95.4%  12.6 1121s
 1754745 1004011  178.00000  111   33  195.00000    9.00000  95.4%  12.6 1126s
 1758504 1006914   96.00000   98   50  195.00000    9.00000  95.4%  12.6 1130s
 1762242 1007479   97.00000  100   51  195.00000    9.00000  95.4%  12.6 1135s
 1764710 1009720   40.25336   79   77  195.00000    9.00000  95.4%  12.6 1140s
 1772529 1015212   42.27331   87   72  195.00000    9.00000  95.4%  12.6 1146s
 1778662 1018924   93.67398   84   54  195.00000    9.00000  95.4%  12.6 1150s
 1783375 1019718  104.03891   83   59  195.00000    9.00000  95.4%  12.6 1155s
 1787695 1022752  164.00000   93   55  195.00000    9.00000  95.4%  12.6 1160s
 1793856 1027923   51.21570   86   79  195.00000    9.00000  95.4%  12.7 1165s
 1800554 1032015  179.00195  106   42  195.00000    9.00000  95.4%  12.7 1170s
 1807497 1034998  179.41653  110   38  195.00000    9.00000  95.4%  12.7 1175s
 1815223 1038960   81.06557   79   56  195.00000    9.00000  95.4%  12.7 1184s
 1815249 1039631  109.06557   80   49  195.00000    9.00000  95.4%  12.7 1185s
 1819125 1043749   54.61407   90   69  195.00000    9.00000  95.4%  12.7 1190s
 1827645 1048400   82.00000   81   56  195.00000    9.00000  95.4%  12.7 1196s
 1832551 1052394   22.84000   87   76  195.00000    9.00000  95.4%  12.7 1202s
 1841572 1055643  192.18447   97   37  195.00000    9.00000  95.4%  12.7 1206s
 1846546 1059801  159.00688  102   48  195.00000    9.00000  95.4%  12.7 1210s
 1853936 1065223    9.00000   75   73  195.00000    9.00000  95.4%  12.7 1216s
 1861744 1069320  165.00000  108   30  195.00000    9.00000  95.4%  12.7 1221s
 1868151 1071552  175.00000  124   31  195.00000    9.00000  95.4%  12.7 1228s
 1869221 1072913  141.01147   91   52  195.00000    9.00000  95.4%  12.7 1230s
 1870354 1072927  161.00000  123   42  195.00000    9.00000  95.4%  12.7 1235s
 1873004 1076889   21.41018   65   72  195.00000    9.00000  95.4%  12.7 1240s
 1878778 1081171   87.29778   78   53  195.00000    9.00000  95.4%  12.7 1245s
 1887694 1085491   46.03148   97   71  195.00000    9.00000  95.4%  12.7 1251s
 1891854 1088451 infeasible   93       195.00000    9.00000  95.4%  12.7 1255s
 1900061 1095886   83.10111   98   59  195.00000    9.00000  95.4%  12.7 1263s
 1907258 1096835  142.00000   82   54  195.00000    9.00000  95.4%  12.7 1265s
 1913889 1101962   57.41892   73   62  195.00000    9.00000  95.4%  12.7 1271s
 1920675 1105003   85.00000   74   59  195.00000    9.00000  95.4%  12.7 1275s
 1928292 1110682    9.00000   73   78  195.00000    9.00000  95.4%  12.7 1280s
 1931390 1110694  139.77231  103   50  195.00000    9.00000  95.4%  12.7 1285s
 1933428 1112080   76.89474  100   59  195.00000    9.00000  95.4%  12.7 1291s
 1936264 1114694   54.00000   86   62  195.00000    9.00000  95.4%  12.7 1295s
 1942188 1118282  187.28000  103   36  195.00000    9.00000  95.4%  12.7 1300s
 1948977 1122511  128.00000   90   37  195.00000    9.00000  95.4%  12.7 1305s
 1954423 1127322  129.04848  104   48  195.00000    9.00000  95.4%  12.7 1310s
 1963792 1133181  109.59125   91   56  195.00000    9.00000  95.4%  12.7 1317s
 1969927 1135367 infeasible   88       195.00000    9.00000  95.4%  12.7 1320s
 1978325 1140680 infeasible  116       195.00000    9.00000  95.4%  12.7 1327s
 1980776 1143293   96.00000   82   55  195.00000    9.00000  95.4%  12.7 1330s
 1987609 1146657  141.00000   92   57  195.00000    9.00000  95.4%  12.7 1335s
 1995221 1150595  148.06041   90   44  195.00000    9.00000  95.4%  12.7 1343s
 1996510 1152267  125.10505   82   45  195.00000    9.00000  95.4%  12.7 1346s
 1999315 1155676  159.00000   95   41  195.00000    9.00000  95.4%  12.7 1350s
 2010132 1159768  142.84000   86   48  195.00000    9.00000  95.4%  12.7 1359s
 2010160 1169648  142.84000   87   50  195.00000    9.00000  95.4%  12.7 1371s
 2026176 1171855   17.00000   93   69  195.00000    9.00000  95.4%  12.8 1377s
 2029939 1175181  151.00000  105   44  195.00000    9.00000  95.4%  12.8 1381s
 2035751 1178074  169.00000  105   38  195.00000    9.00000  95.4%  12.8 1385s
 2040171 1178085  171.00000   98   45  195.00000    9.00000  95.4%  12.8 1391s
 2042305 1180817  151.00000   89   41  195.00000    9.00000  95.4%  12.8 1395s
 2049227 1185636   67.99243   81   60  195.00000    9.00000  95.4%  12.8 1401s
 2054200 1189091  113.02444  124   54  195.00000    9.00000  95.4%  12.8 1405s
 2060952 1193230  150.00000  105   45  195.00000    9.00000  95.4%  12.8 1411s
 2066269 1196119   81.23719  107   59  195.00000    9.00000  95.4%  12.8 1415s
 2073704 1200152   79.86812   78   62  195.00000    9.00000  95.4%  12.8 1421s
 2077112 1203152  130.84000   98   55  195.00000    9.00000  95.4%  12.8 1425s
 2081535 1207875  143.00000   94   40  195.00000    9.00000  95.4%  12.8 1432s
 2087066 1207883   21.38698   76   71  195.00000    9.00000  95.4%  12.8 1437s
 2088233 1210737  169.01754  115   38  195.00000    9.00000  95.4%  12.8 1441s
 2093119 1213378   10.90773   85   67  195.00000    9.00000  95.4%  12.8 1445s
 2099873 1217933   24.31161   78   69  195.00000    9.00000  95.4%  12.8 1451s
 2104658 1218832   32.00000   90   62  195.00000    9.00000  95.4%  12.8 1459s
 2104676 1220310   32.00000   91   63  195.00000    9.00000  95.4%  12.8 1463s
 2107410 1223711   73.12473   93   56  195.00000    9.00000  95.4%  12.8 1468s
 2112991 1224569    9.00000   77   69  195.00000    9.00000  95.4%  12.8 1471s
 2119079 1229602  136.00000  127   35  195.00000    9.00000  95.4%  12.8 1477s
 2123829 1233001  175.00000  103   40  195.00000    9.00000  95.4%  12.8 1483s
 2129303 1235507  186.00000   89   41  195.00000    9.00000  95.4%  12.8 1487s
 2133424 1237923   76.00000  103   49  195.00000    9.00000  95.4%  12.8 1491s
 2140145 1241277  142.00000  102   51  195.00000    9.00000  95.4%  12.8 1496s
 2145537 1246186   25.77081   93   67  195.00000    9.00000  95.4%  12.8 1503s
 2150945 1247080  186.00000  123   36  195.00000    9.00000  95.4%  12.8 1505s
 2154235 1250223 infeasible  110       195.00000    9.00000  95.4%  12.8 1510s
 2161788 1254254  182.00000  105   39  195.00000    9.00000  95.4%  12.8 1516s
 2164996 1256883  125.00703  107   54  195.00000    9.00000  95.4%  12.8 1520s
 2172802 1259503  142.00688  109   58  195.00000    9.00000  95.4%  12.8 1531s
 2173644 1260051  158.00000  125   38  195.00000    9.00000  95.4%  12.8 1536s
 2175795 1262085   35.04362   82   63  195.00000    9.00000  95.4%  12.8 1541s
 2178380 1265557  115.00000  110   47  195.00000    9.00000  95.4%  12.8 1546s
 2184056 1268148  161.00000  107   39  195.00000    9.00000  95.4%  12.8 1551s
 2190889 1271406   10.52941   81   70  195.00000    9.00000  95.4%  12.8 1557s
 2192471 1271628  151.00000  104   46  195.00000    9.00000  95.4%  12.8 1562s
 2192779 1273735  159.00000  105   42  195.00000    9.00000  95.4%  12.8 1567s
 2196225 1278521   23.57892   77   70  195.00000    9.00000  95.4%  12.8 1572s
 2203640 1281219   61.45688   81   62  195.00000    9.00000  95.4%  12.8 1576s
 2211257 1283849   37.67785   81   71  195.00000    9.00000  95.4%  12.8 1581s
 2216522 1287008   36.09866   92   74  195.00000    9.00000  95.4%  12.8 1585s
 2220765 1290287 infeasible  118       195.00000    9.00000  95.4%  12.8 1590s
 2227078 1293092  113.19914   76   57  195.00000    9.00000  95.4%  12.8 1595s
 2231717 1295145 infeasible  109       195.00000    9.00000  95.4%  12.8 1604s
 2231741 1295600  193.19142  109   40  195.00000    9.00000  95.4%  12.8 1605s
 2233235 1296174  160.00000  103   42  195.00000    9.00000  95.4%  12.8 1614s
 2233254 1305970  171.00000  104   37  195.00000    9.00000  95.4%  12.8 1626s
 2249270 1310199  137.00000   85   53  195.00000    9.00000  95.4%  12.9 1634s
 2256086 1312727 infeasible  111       195.00000    9.00000  95.4%  12.8 1638s
 2260073 1314298  181.00000   94   45  195.00000    9.00000  95.4%  12.8 1641s
 2265144 1317214  152.07393   87   42  195.00000    9.00000  95.4%  12.8 1646s
 2270562 1319089    9.00000   80   73  195.00000    9.00000  95.4%  12.8 1656s
 2273231 1322112   12.05943   78   80  195.00000    9.00000  95.4%  12.8 1660s
 2278091 1326113  151.26437   84   39  195.00000    9.00000  95.4%  12.8 1666s
 2283188 1328844  188.00000   72   38  195.00000    9.00000  95.4%  12.8 1671s
 2289063 1331814  156.01696   70   53  195.00000    9.00000  95.4%  12.8 1675s
 2294162 1334481   84.00000   88   63  195.00000    9.00000  95.4%  12.8 1680s
 2298120 1338331  105.00000   95   47  195.00000    9.00000  95.4%  12.8 1685s
 2302882 1344577   41.57892   82   79  195.00000    9.00000  95.4%  12.8 1694s
 2311591 1345088   59.00000   83   65  195.00000    9.00000  95.4%  12.8 1696s
 2314967 1348161   16.75864   70   74  195.00000    9.00000  95.4%  12.8 1701s
 2318677 1350974   86.13401   90   51  195.00000    9.00000  95.4%  12.8 1705s
 2324507 1354547  173.00000   98   46  195.00000    9.00000  95.4%  12.8 1710s
 2330672 1357112  154.00000   94   49  195.00000    9.00000  95.4%  12.8 1715s
 2336209 1361296     cutoff   70       195.00000    9.00000  95.4%  12.8 1721s
 2340070 1361943  169.00000  112   43  195.00000    9.00000  95.4%  12.9 1728s
 2341150 1363341 infeasible  117       195.00000    9.00000  95.4%  12.9 1731s
 2344912 1365950   62.84000   77   71  195.00000    9.00000  95.4%  12.9 1736s
 2346462 1369558   40.00000   78   65  195.00000    9.00000  95.4%  12.9 1741s
 2352025 1371544  134.85258  103   59  195.00000    9.00000  95.4%  12.9 1745s
 2360360 1376575  107.00000  115   46  195.00000    9.00000  95.4%  12.9 1752s
 2364898 1378976   26.88067   75   79  195.00000    9.00000  95.4%  12.9 1756s
 2372412 1381922   70.84000   87   72  195.00000    9.00000  95.4%  12.9 1761s
 2375804 1384955  125.00000  127   31  195.00000    9.00000  95.4%  12.9 1765s
 2382130 1388958  129.00000   85   48  195.00000    9.00000  95.4%  12.9 1771s
 2385681 1391547  184.00000  107   33  195.00000    9.00000  95.4%  12.9 1775s
 2392982 1394510    9.00000   75   77  195.00000    9.00000  95.4%  12.9 1781s
 2396470 1396761  137.00000  103   36  195.00000    9.00000  95.4%  12.9 1785s
 2401501 1399751   21.45958   77   69  195.00000    9.00000  95.4%  12.9 1790s
 2406237 1403468  136.00000  100   47  195.00000    9.00000  95.4%  12.9 1795s
 2408910 1403475   22.00000   87   68  195.00000    9.00000  95.4%  12.9 1801s
 2411353 1407020   37.43065   77   68  195.00000    9.00000  95.4%  12.9 1808s
 2414141 1410098  169.10825   96   47  195.00000    9.00000  95.4%  12.9 1813s
 2419628 1410105  193.00000  118   34  195.00000    9.00000  95.4%  12.9 1822s
 2420641 1411715  116.00000   98   50  195.00000    9.00000  95.4%  12.9 1827s
 2422512 1412763   43.09163   89   66  195.00000    9.00000  95.4%  12.9 1830s
 2428641 1417597   61.17924   77   70  195.00000    9.00000  95.4%  12.9 1838s
 2432826 1418470   86.57892   89   60  195.00000    9.00000  95.4%  12.9 1841s
 2434401 1422343   41.00000   96   73  195.00000    9.00000  95.4%  12.9 1846s
 2442017 1422907  155.00000   99   52  195.00000    9.00000  95.4%  12.9 1854s
 2442056 1423589 infeasible  100       195.00000    9.00000  95.4%  12.9 1855s
 2444603 1426329  154.00000  117   38  195.00000    9.00000  95.4%  12.9 1861s
 2449037 1429522  120.00000  118   42  195.00000    9.00000  95.4%  12.9 1866s
 2455744 1432214   64.00000   84   62  195.00000    9.00000  95.4%  12.9 1872s
 2457230 1436554  133.84000   85   45  195.00000    9.00000  95.4%  12.9 1877s
 2465370 1439908   91.42047   80   54  195.00000    9.00000  95.4%  12.9 1882s
 2469104 1441102  176.00000  102   43  195.00000    9.00000  95.4%  12.9 1885s
 2474581 1445594   26.31161   87   71  195.00000    9.00000  95.4%  12.9 1892s
 2478458 1446535   71.02215   99   59  195.00000    9.00000  95.4%  12.9 1895s
 2479862 1450848   81.84000  100   47  195.00000    9.00000  95.4%  12.9 1900s
 2489086 1452727   34.00000   87   81  195.00000    9.00000  95.4%  12.9 1905s
 2494130 1457168   27.64535   79   75  195.00000    9.00000  95.4%  12.9 1911s
 2498463 1459379   42.58596   82   74  195.00000    9.00000  95.4%  12.9 1915s
 2500777 1462267  180.00662  142   33  195.00000    9.00000  95.4%  12.9 1920s
 2508926 1466052   28.00000   74   72  195.00000    9.00000  95.4%  12.9 1926s
 2511620 1466061 infeasible  101       195.00000    9.00000  95.4%  12.9 1932s
 2512714 1467237   24.75633   88   67  195.00000    9.00000  95.4%  12.9 1935s
 2516131 1469290   74.28000   95   58  195.00000    9.00000  95.4%  12.9 1941s
 2520428 1473113   62.91394   85   61  195.00000    9.00000  95.4%  12.9 1947s
 2524099 1473990  172.13656   93   47  195.00000    9.00000  95.4%  12.9 1950s
 2530885 1478641  171.00000   92   56  195.00000    9.00000  95.4%  12.9 1957s
 2533450 1480343   25.53722   68   70  195.00000    9.00000  95.4%  12.9 1960s
 2537567 1483122   14.00000   64   74  195.00000    9.00000  95.4%  12.9 1966s
 2545007 1486173  167.00000  126   34  195.00000    9.00000  95.4%  12.9 1972s
 2546671 1489767   61.00000  102   56  195.00000    9.00000  95.4%  12.9 1977s
 2553838 1492816   47.41892   59   76  195.00000    9.00000  95.4%  12.9 1982s
 2559019 1495249   47.20551   74   71  195.00000    9.00000  95.4%  12.9 1986s
 2561879 1497219   38.41892   66   78  195.00000    9.00000  95.4%  12.9 1990s
 2566359 1499979  179.59029   98   55  195.00000    9.00000  95.4%  12.9 1995s
 2572035 1501187  186.60996   89   45  195.00000    9.00000  95.4%  12.9 2004s
 2572066 1501843     cutoff   90       195.00000    9.00000  95.4%  12.9 2006s
 2574601 1503359  179.62500  116   37  195.00000    9.00000  95.4%  12.9 2010s
 2577528 1506448  154.00000   98   46  195.00000    9.00000  95.4%  12.9 2016s
 2581378 1508841  161.84000   85   56  195.00000    9.00000  95.4%  12.9 2020s
 2586327 1512040  142.00000  112   45  195.00000    9.00000  95.4%  12.9 2025s
 2590251 1514828  181.00000  111   31  195.00000    9.00000  95.4%  12.9 2030s
 2594497 1514820 infeasible  122       195.00000    9.00000  95.4%  12.9 2039s
 2594532 1515172   13.00000   77   75  195.00000    9.00000  95.4%  12.9 2040s
 2597227 1517460 infeasible   97       195.00000    9.00000  95.4%  12.9 2046s
 2600258 1521142  123.04537   97   46  195.00000    9.00000  95.4%  12.9 2052s
 2604701 1523415 infeasible  111       195.00000    9.00000  95.4%  12.9 2056s
 2609916 1524172   46.06303   88   60  195.00000    9.00000  95.4%  12.9 2065s
 2612589 1527207   62.91394   84   61  195.00000    9.00000  95.4%  13.0 2073s
 2615240 1531635   71.00000   94   62  195.00000    9.00000  95.4%  13.0 2079s
 2622274 1533810  156.16027   83   58  195.00000    9.00000  95.4%  13.0 2083s
 2625957 1535088  183.00000  111   36  195.00000    9.00000  95.4%  13.0 2085s
 2631484 1537939  168.01946   93   44  195.00000    9.00000  95.4%  13.0 2091s
 2636713 1541028   36.40059   91   75  195.00000    9.00000  95.4%  13.0 2096s
 2640875 1544987 infeasible  110       195.00000    9.00000  95.4%  13.0 2102s
 2644969 1546879   13.12387   77   76  195.00000    9.00000  95.4%  13.0 2106s
 2649864 1549207   19.85713   62   78  195.00000    9.00000  95.4%  13.0 2111s
 2654125 1553502   65.00000   92   59  195.00000    9.00000  95.4%  13.0 2118s
 2659568 1555497  133.00000  107   51  195.00000    9.00000  95.4%  13.0 2122s
 2663315 1557647   26.35892   71   86  195.00000    9.00000  95.4%  13.0 2126s
 2668418 1559992   71.00688   87   57  195.00000    9.00000  95.4%  13.0 2130s
 2672820 1563789 infeasible  114       195.00000    9.00000  95.4%  13.0 2136s
 2675438 1566141    9.48877   75   80  195.00000    9.00000  95.4%  13.0 2140s
 2680124 1566771 infeasible   97       195.00000    9.00000  95.4%  13.0 2149s
 2680142 1567275  156.34250   98   50  195.00000    9.00000  95.4%  13.0 2150s
 2682709 1569284   40.00000   86   66  195.00000    9.00000  95.4%  13.0 2155s
 2689277 1574512   85.01147   85   61  195.00000    9.00000  95.4%  13.0 2163s
 2693109 1575407   51.01147   59   67  195.00000    9.00000  95.4%  13.0 2165s
 2697286 1580306  175.00000  124   29  195.00000    9.00000  95.4%  13.0 2173s
 2701949 1580834  192.00000  106   32  195.00000    9.00000  95.4%  13.0 2175s
 2705551 1583914 infeasible  109       195.00000    9.00000  95.4%  13.0 2180s
 2711535 1588009   16.75827   67   71  195.00000    9.00000  95.4%  13.0 2187s
 2714723 1589476   44.45834   80   76  195.00000    9.00000  95.4%  13.0 2190s
 2717841 1593143  118.00651  113   44  195.00000    9.00000  95.4%  13.0 2196s
 2724698 1594874   25.88362   80   74  195.00000    9.00000  95.4%  13.0 2200s
 2729478 1598676   16.00000   79   74  195.00000    9.00000  95.4%  13.0 2206s
 2734718 1601084  114.00000  104   47  195.00000    9.00000  95.4%  13.0 2210s
 2738658 1605583   39.00000  108   70  195.00000    9.00000  95.4%  13.0 2217s
 2743816 1606214  127.00000   81   53  195.00000    9.00000  95.4%  13.0 2226s
 2746119 1609743  194.00000  101   34  195.00000    9.00000  95.4%  13.0 2233s
 2749377 1610493  155.00000   93   46  195.00000    9.00000  95.4%  13.0 2235s
 2754481 1614651   97.00000  114   45  195.00000    9.00000  95.4%  13.0 2241s
 2758575 1617144   93.53753   92   67  195.00000    9.00000  95.4%  13.0 2246s
 2765955 1620136   89.00000   78   59  195.00000    9.00000  95.4%  13.0 2251s
 2769648 1623328   30.05729   76   76  195.00000    9.00000  95.4%  13.0 2257s
 2772702 1625538   70.54818   94   68  195.00000    9.00000  95.4%  13.0 2260s
 2777886 1628630   45.00000   89   66  195.00000    9.00000  95.4%  13.0 2265s
 2780691 1628635   93.09753   89   55  195.00000    9.00000  95.4%  13.0 2274s
 2780716 1629135   93.11003   90   56  195.00000    9.00000  95.4%  13.0 2275s
 2782893 1631513   25.00000   75   70  195.00000    9.00000  95.4%  13.0 2281s
 2785507 1631526   62.86812   77   69  195.00000    9.00000  95.4%  13.0 2286s
 2785526 1633070   62.86812   78   69  195.00000    9.00000  95.4%  13.0 2290s
 2787626 1637772   80.00000  101   54  195.00000    9.00000  95.4%  13.0 2295s
 2796761 1639674   12.00000   77   83  195.00000    9.00000  95.4%  13.0 2300s
 2802527 1644125   39.00000   89   66  195.00000    9.00000  95.4%  13.0 2307s
 2807364 1646622   50.00000   89   71  195.00000    9.00000  95.4%  13.0 2311s
 2811465 1648739  149.00000  103   42  195.00000    9.00000  95.4%  13.0 2315s
 2817957 1651617 infeasible  115       195.00000    9.00000  95.4%  13.0 2320s
 2822286 1655544 infeasible  103       195.00000    9.00000  95.4%  13.0 2326s
 2826930 1660048  152.28000  102   52  195.00000    9.00000  95.4%  13.0 2333s
 2832499 1662240 infeasible   96       195.00000    9.00000  95.4%  13.0 2336s
 2837316 1665016   38.98768   87   67  195.00000    9.00000  95.4%  13.0 2341s
 2840733 1665026    9.42047   74   75  195.00000    9.00000  95.4%  13.0 2347s
 2842046 1666444   25.51440   84   64  195.00000    9.00000  95.4%  13.0 2350s
 2844507 1669746  192.00000  102   39  195.00000    9.00000  95.4%  13.0 2355s
 2851884 1672234   37.00000   88   69  195.00000    9.00000  95.4%  13.0 2361s
 2856764 1676420  154.04077   94   58  195.00000    9.00000  95.4%  13.0 2366s
 2860508 1678774  155.00000  103   41  195.00000    9.00000  95.4%  13.0 2370s
 2865431 1681596   11.00000   81   77  195.00000    9.00000  95.4%  13.0 2375s
 2872986 1685205 infeasible   82       195.00000    9.00000  95.4%  13.0 2381s
 2877619 1688731  102.94518   83   62  195.00000    9.00000  95.4%  13.0 2386s
 2880947 1691275  180.00688  116   39  195.00000    9.00000  95.4%  13.0 2390s
 2887078 1693461   78.54818   89   67  195.00000    9.00000  95.4%  13.0 2395s
 2890359 1697752 infeasible  106       195.00000    9.00000  95.4%  13.0 2400s
 2898420 1699793   26.86962   97   70  195.00000    9.00000  95.4%  13.0 2410s
 2901777 1703801  105.00000  109   55  195.00000    9.00000  95.4%  13.0 2417s
 2904784 1705748  116.92490  106   50  195.00000    9.00000  95.4%  13.0 2420s
 2911249 1708786   57.88759   93   60  195.00000    9.00000  95.4%  13.0 2425s
 2912804 1713238   49.26047   87   74  195.00000    9.00000  95.4%  13.0 2430s
 2924021 1716389   16.51998   80   77  195.00000    9.00000  95.4%  13.0 2436s
 2929069 1718332   18.45083   94   70  195.00000    9.00000  95.4%  13.0 2440s
 2932777 1722373    9.00000   70   86  195.00000    9.00000  95.4%  13.0 2446s
 2937571 1725142   32.00000   85   77  195.00000    9.00000  95.4%  13.0 2451s
 2942556 1727545  120.92084   93   53  195.00000    9.00000  95.4%  13.0 2455s
 2949205 1731665   75.59366   75   60  195.00000    9.00000  95.4%  13.0 2462s
 2953970 1734586   48.39730  101   68  195.00000    9.00000  95.4%  13.0 2468s
 2957938 1735991   40.12709   75   75  195.00000    9.00000  95.4%  13.0 2470s
 2961356 1736557   44.97259   92   73  195.00000    9.00000  95.4%  13.1 2478s
 2962050 1736946   34.54818   85   83  195.00000    9.00000  95.4%  13.1 2488s
 2963261 1738526   44.89416   80   76  195.00000    9.00000  95.4%  13.1 2491s
 2965815 1740354   75.00000   96   56  195.00000    9.00000  95.4%  13.1 2495s
 2968774 1743885  176.00000  111   44  195.00000    9.00000  95.4%  13.1 2501s
 2977350 1747330 infeasible  112       195.00000    9.00000  95.4%  13.1 2507s
 2978780 1751557   31.79537   93   71  195.00000    9.00000  95.4%  13.1 2512s
 2986189 1753120   38.00000   72   70  195.00000    9.00000  95.4%  13.1 2515s
 2992506 1757527   94.43214  103   58  195.00000    9.00000  95.4%  13.1 2521s
 2996504 1759813  158.00000  105   36  195.00000    9.00000  95.4%  13.1 2525s
 3003739 1762193 infeasible  114       195.00000    9.00000  95.4%  13.1 2536s
 3005680 1763878  133.42047  106   51  195.00000    9.00000  95.4%  13.1 2540s
 3009458 1768125   51.96091   84   76  195.00000    9.00000  95.4%  13.1 2548s
 3014094 1769321   89.18127   91   69  195.00000    9.00000  95.4%  13.1 2550s
 3020176 1772709   84.00000   86   52  195.00000    9.00000  95.4%  13.1 2556s
 3021932 1775950  190.07850  113   46  195.00000    9.00000  95.4%  13.1 2561s
 3028842 1778313  130.00000   97   55  195.00000    9.00000  95.4%  13.1 2567s
 3031896 1780360 infeasible  120       195.00000    9.00000  95.4%  13.1 2570s
 3036756 1782581   48.84000   89   71  195.00000    9.00000  95.4%  13.1 2575s
 3040907 1785673 infeasible  116       195.00000    9.00000  95.4%  13.1 2581s
 3046854 1787614  159.00000  106   44  195.00000    9.00000  95.4%  13.1 2586s
 3050078 1789602   19.25791   83   74  195.00000    9.00000  95.4%  13.1 2590s
 3055826 1791869  141.02239  117   38  195.00000    9.00000  95.4%  13.1 2595s
 3058972 1794804   11.86067   83   77  195.00000    9.00000  95.4%  13.1 2601s
 3063522 1799386   65.04463   77   65  195.00000    9.00000  95.4%  13.1 2609s
 3069145 1799393     cutoff   89       195.00000    9.00000  95.4%  13.1 2618s
 3069890 1800559  171.00000   99   49  195.00000    9.00000  95.4%  13.1 2621s
 3072663 1802235  115.68162   85   58  195.00000    9.00000  95.4%  13.1 2626s
 3074212 1805010 infeasible   81       195.00000    9.00000  95.4%  13.1 2630s
 3082211 1807440  131.25827   97   58  195.00000    9.00000  95.4%  13.1 2636s
 3083408 1809992    9.00000   87   71  195.00000    9.00000  95.4%  13.1 2640s
 3090937 1813833   98.02798   98   54  195.00000    9.00000  95.4%  13.1 2647s
 3094985 1816421  145.02821  100   56  195.00000    9.00000  95.4%  13.1 2652s
 3098538 1817975 infeasible  114       195.00000    9.00000  95.4%  13.1 2655s
 3102225 1820094 infeasible  110       195.00000    9.00000  95.4%  13.1 2660s
 3104905 1822588   56.87012   91   76  195.00000    9.00000  95.4%  13.1 2665s
 3113236 1825796  159.00000  122   46  195.00000    9.00000  95.4%  13.1 2671s
 3117297 1828174   54.00000   65   68  195.00000    9.00000  95.4%  13.1 2676s
 3122028 1830969 infeasible  113       195.00000    9.00000  95.4%  13.1 2681s
 3126284 1835159  158.87797   93   56  195.00000    9.00000  95.4%  13.1 2689s
 3130225 1835721   60.00000   87   70  195.00000    9.00000  95.4%  13.1 2691s
 3134610 1838253    9.00000   83   72  195.00000    9.00000  95.4%  13.1 2696s
 3135692 1840321 infeasible   88       195.00000    9.00000  95.4%  13.1 2700s
 3142109 1841938 infeasible  108       195.00000    9.00000  95.4%  13.1 2710s
 3144055 1843518  115.97225  104   50  195.00000    9.00000  95.4%  13.1 2715s
 3146313 1846040  132.01730   81   44  195.00000    9.00000  95.4%  13.1 2721s
 3149371 1846048 infeasible  128       195.00000    9.00000  95.4%  13.1 2733s
 3149390 1855799   10.00000  107   65  195.00000    9.00000  95.4%  13.1 2751s
 3165406 1860309  116.00000  100   47  195.00000    9.00000  95.4%  13.1 2761s
 3173257 1860321  178.00000  112   43  195.00000    9.00000  95.4%  13.1 2770s
 3173276 1869900  189.00000  113   36  195.00000    9.00000  95.4%  13.1 2779s
 3180283 1869900 infeasible  117       195.00000    9.00000  95.4%  13.1 2780s
 3189292 1871309 infeasible  111       195.00000    9.00000  95.4%  13.1 2785s
 3194401 1874927   61.18744   98   63  195.00000    9.00000  95.4%  13.1 2792s
 3198450 1876480 infeasible  115       195.00000    9.00000  95.4%  13.1 2795s
 3201881 1878973   26.60773   92   75  195.00000    9.00000  95.4%  13.1 2800s
 3206097 1881179  184.02982  127   43  195.00000    9.00000  95.4%  13.1 2805s
 3212303 1883556   17.24558   70   72  195.00000    9.00000  95.4%  13.1 2810s
 3216156 1888227  108.60221   90   52  195.00000    9.00000  95.4%  13.1 2818s
 3221348 1888656  174.22226  118   46  195.00000    9.00000  95.4%  13.1 2820s
 3224586 1891520  194.00000  133   36  195.00000    9.00000  95.4%  13.1 2825s
 3230527 1894713   70.45958   83   78  195.00000    9.00000  95.4%  13.1 2831s
 3233730 1897113  157.00000  117   46  195.00000    9.00000  95.4%  13.1 2836s
 3238542 1902010   10.38545   75   72  195.00000    9.00000  95.4%  13.1 2845s
 3246548 1904401  124.00000  115   44  195.00000    9.00000  95.4%  13.1 2850s
 3249290 1904412   80.84688   90   64  195.00000    9.00000  95.4%  13.1 2858s
 3249308 1905010   94.84688   90   63  195.00000    9.00000  95.4%  13.1 2860s
 3252780 1908323  154.00000  117   44  195.00000    9.00000  95.4%  13.1 2866s
 3257543 1911840   76.62571   86   59  195.00000    9.00000  95.4%  13.1 2872s
 3261670 1913028  155.91434  104   48  195.00000    9.00000  95.4%  13.1 2875s
 3267114 1916222  104.02830  125   47  195.00000    9.00000  95.4%  13.1 2881s
 3272489 1918548     cutoff  112       195.00000    9.00000  95.4%  13.1 2886s
 3276612 1921854  190.42261  117   34  195.00000    9.00000  95.4%  13.1 2891s
 3280795 1926372   33.00000   70   69  195.00000    9.00000  95.4%  13.1 2899s
 3287399 1927052  189.07143  100   38  195.00000    9.00000  95.4%  13.1 2901s
 3292548 1929820 infeasible  110       195.00000    9.00000  95.4%  13.1 2906s
 3296220 1933199   97.95837   95   56  195.00000    9.00000  95.4%  13.1 2911s
 3300572 1936721  172.00000  113   26  195.00000    9.00000  95.4%  13.1 2916s
 3306860 1937611  179.00000   97   37  195.00000    9.00000  95.4%  13.1 2925s
 3306926 1937621  183.00000   98   34  195.00000    9.00000  95.4%  13.1 2931s
 3309018 1939508   17.85892   72   75  195.00000    9.00000  95.4%  13.1 2936s
 3311635 1941177   32.47359   89   77  195.00000    9.00000  95.4%  13.1 2940s
 3316699 1944082  168.00000  102   32  195.00000    9.00000  95.4%  13.1 2946s
 3317983 1944094  131.53089  107   46  195.00000    9.00000  95.4%  13.1 2956s
 3319552 1945986   89.57892   85   59  195.00000    9.00000  95.4%  13.1 2960s
 3322602 1950071   59.54545   81   57  195.00000    9.00000  95.4%  13.1 2968s
 3328031 1950872  118.00000   92   49  195.00000    9.00000  95.4%  13.1 2971s
 3333528 1953882   98.05139   85   56  195.00000    9.00000  95.4%  13.1 2976s
 3334777 1955623   65.00000   65   64  195.00000    9.00000  95.4%  13.1 2980s
 3337899 1955633   27.84000   61   73  195.00000    9.00000  95.4%  13.1 2987s
 3339010 1956969  136.00000  100   32  195.00000    9.00000  95.4%  13.1 2991s
 3341697 1960316   95.41892   83   54  195.00000    9.00000  95.4%  13.2 2997s
 3347863 1962241   28.26016   74   75  195.00000    9.00000  95.4%  13.1 3001s
 3352272 1965881  188.00000  101   41  195.00000    9.00000  95.4%  13.2 3007s
 3355912 1968399   25.26092   69   80  195.00000    9.00000  95.4%  13.2 3011s
 3359901 1970497  186.00000  123   29  195.00000    9.00000  95.4%  13.2 3015s
 3366845 1973743  138.00000   90   60  195.00000    9.00000  95.4%  13.1 3021s
 3370302 1976332  108.07952   91   58  195.00000    9.00000  95.4%  13.1 3026s
 3373354 1979219  128.00000   81   53  195.00000    9.00000  95.4%  13.2 3030s
 3380041 1982820  193.01372  121   33  195.00000    9.00000  95.4%  13.1 3037s
 3383156 1983941  156.00000  116   36  195.00000    9.00000  95.4%  13.1 3040s
 3384792 1987566  182.00000   94   38  195.00000    9.00000  95.4%  13.2 3045s
 3392183 1990668    9.00000   79   80  195.00000    9.00000  95.4%  13.2 3050s
 3399144 1993215  169.14357  114   46  195.00000    9.00000  95.4%  13.1 3055s
 3400120 1993226  147.42047  105   49  195.00000    9.00000  95.4%  13.2 3063s
 3400875 1994341   83.00000  105   61  195.00000    9.00000  95.4%  13.2 3066s
 3403326 1997128  127.55556  113   43  195.00000    9.00000  95.4%  13.2 3071s
 3408194 2002332  152.00000   99   46  195.00000    9.00000  95.4%  13.2 3080s
 3416500 2004792  149.06619  107   47  195.00000    9.00000  95.4%  13.2 3085s
 3420726 2007613  181.60773  105   56  195.00000    9.00000  95.4%  13.2 3090s
 3427256 2010383   64.00000   78   60  195.00000    9.00000  95.4%  13.2 3095s
 3428736 2013742   70.00000   93   60  195.00000    9.00000  95.4%  13.2 3101s
 3435971 2017396  191.17988  107   41  195.00000    9.00000  95.4%  13.2 3108s
 3440558 2019673  182.37490  109   40  195.00000    9.00000  95.4%  13.2 3111s
 3445426 2022179  144.00000  100   39  195.00000    9.00000  95.4%  13.2 3116s
 3448412 2025296  119.00000  112   42  195.00000    9.00000  95.4%  13.2 3121s
 3453980 2027670   71.87649   81   57  195.00000    9.00000  95.4%  13.2 3125s
 3459927 2029995  181.00000  120   31  195.00000    9.00000  95.4%  13.1 3130s
 3463097 2033010  175.00000  121   46  195.00000    9.00000  95.4%  13.2 3135s
 3469793 2035598   97.00000  103   53  195.00000    9.00000  95.4%  13.2 3146s
 3469809 2045366  101.00000  104   52  195.00000    9.00000  95.4%  13.2 3161s
 3485825 2047022   97.00000  112   50  195.00000    9.00000  95.4%  13.2 3168s
 3488599 2050601  185.00000  118   36  195.00000    9.00000  95.4%  13.2 3175s
 3494465 2050614   69.00000   78   63  195.00000    9.00000  95.4%  13.2 3189s
 3494483 2060323   87.00000   79   61  195.00000    9.00000  95.4%  13.2 3200s
 3510499 2060335  175.00000  105   32  195.00000    9.00000  95.4%  13.2 3213s
 3510519 2060970  175.00000  106   32  195.00000    9.00000  95.4%  13.2 3215s
 3513710 2063866   50.12709   77   79  195.00000    9.00000  95.4%  13.2 3222s
 3516317 2064764  127.00000   97   43  195.00000    9.00000  95.4%  13.2 3225s
 3517785 2068881   55.60100   85   67  195.00000    9.00000  95.4%  13.2 3232s
 3524664 2069605  140.00000  102   44  195.00000    9.00000  95.4%  13.2 3235s
 3528991 2073248   16.00000   59   74  195.00000    9.00000  95.4%  13.2 3242s
 3533061 2076449   53.69147   89   73  195.00000    9.00000  95.4%  13.2 3248s
 3536881 2078772   96.08721   90   45  195.00000    9.00000  95.4%  13.2 3254s
 3541053 2079250  176.01748  123   30  195.00000    9.00000  95.4%  13.2 3256s
 3541954 2081342  148.09263   96   45  195.00000    9.00000  95.4%  13.2 3260s
 3546455 2083796    9.00000   80   76  195.00000    9.00000  95.4%  13.2 3265s
 3551845 2085643   35.73734   78   70  195.00000    9.00000  95.4%  13.2 3270s
 3556260 2089143   22.84193   73   81  195.00000    9.00000  95.4%  13.2 3277s
 3558952 2090115   58.37995   78   67  195.00000    9.00000  95.4%  13.2 3281s
 3560551 2094483  192.00000  119   30  195.00000    9.00000  95.4%  13.2 3288s
 3567903 2096191  153.00000   94   47  195.00000    9.00000  95.4%  13.2 3291s
 3571550 2098725  172.00000  119   29  195.00000    9.00000  95.4%  13.2 3297s
 3574681 2098735 infeasible   98       195.00000    9.00000  95.4%  13.2 3305s
 3576773 2100546 infeasible  135       195.00000    9.00000  95.4%  13.2 3311s
 3579195 2103414  102.94408  109   50  195.00000    9.00000  95.4%  13.2 3318s
 3582871 2105334  142.01368   91   42  195.00000    9.00000  95.4%  13.2 3323s
 3586429 2105984 infeasible   88       195.00000    9.00000  95.4%  13.2 3325s
 3590567 2110464  161.00000  109   42  195.00000    9.00000  95.4%  13.2 3333s
 3594403 2111092  150.00000   95   43  195.00000    9.00000  95.4%  13.2 3335s
 3598201 2114585   47.90428   83   63  195.00000    9.00000  95.4%  13.2 3342s
 3602233 2117211   82.84000   73   55  195.00000    9.00000  95.4%  13.2 3348s
 3605394 2120131 infeasible   89       195.00000    9.00000  95.4%  13.2 3353s
 3610144 2120620 infeasible  126       195.00000    9.00000  95.4%  13.2 3356s
 3613343 2122716  118.00000  103   51  195.00000    9.00000  95.4%  13.2 3361s
 3617587 2126379   67.98166   89   63  195.00000    9.00000  95.4%  13.2 3367s
 3621305 2128986   43.88194   83   68  195.00000    9.00000  95.4%  13.2 3373s
 3624897 2130562 infeasible  117       195.00000    9.00000  95.4%  13.2 3376s
 3628947 2135482   79.00000  103   46  195.00000    9.00000  95.4%  13.2 3386s
 3634989 2137355  183.00000  111   37  195.00000    9.00000  95.4%  13.2 3391s
 3638915 2138154  175.00000   90   51  195.00000    9.00000  95.4%  13.2 3401s
 3640271 2139632 infeasible  102       195.00000    9.00000  95.4%  13.2 3406s
 3643064 2142998  116.00000   79   50  195.00000    9.00000  95.4%  13.2 3413s
 3647247 2145648  180.00000   92   37  195.00000    9.00000  95.4%  13.2 3418s
 3651230 2146523 infeasible  122       195.00000    9.00000  95.4%  13.2 3422s
 3652716 2150447  126.18447   80   55  195.00000    9.00000  95.4%  13.2 3429s
 3659195 2152254  111.62522  100   56  195.00000    9.00000  95.4%  13.2 3434s
 3662210 2152933  103.84191   76   58  195.00000    9.00000  95.4%  13.2 3436s
 3663358 2155371  133.00000   85   53  195.00000    9.00000  95.4%  13.2 3440s
 3670040 2157952 infeasible  116       195.00000    9.00000  95.4%  13.2 3446s
 3671122 2160189   10.00000   68   79  195.00000    9.00000  95.4%  13.2 3450s
 3674612 2162738    9.00000   60   71  195.00000    9.00000  95.4%  13.2 3455s
 3679650 2165559  186.00000  100   37  195.00000    9.00000  95.4%  13.2 3461s
 3682941 2167247   68.00000   99   57  195.00000    9.00000  95.4%  13.2 3465s
 3688963 2169717  152.03488   82   53  195.00000    9.00000  95.4%  13.2 3470s
 3692588 2173156   97.68000   75   64  195.00000    9.00000  95.4%  13.2 3477s
 3695735 2174116    9.00000   52   75  195.00000    9.00000  95.4%  13.2 3481s
 3697429 2177256 infeasible   88       195.00000    9.00000  95.4%  13.2 3487s
 3702281 2179125   67.44388   67   68  195.00000    9.00000  95.4%  13.2 3492s
 3705307 2179134  182.00000  118   26  195.00000    9.00000  95.4%  13.2 3501s
 3706431 2179863    9.00000   72   83  195.00000    9.00000  95.4%  13.2 3518s
 3706447 2180849    9.00000   73   81  195.00000    9.00000  95.4%  13.2 3520s
 3709271 2182662  141.00000   90   54  195.00000    9.00000  95.4%  13.2 3526s
 3712121 2184769   96.00000  102   50  195.00000    9.00000  95.4%  13.2 3532s
 3713866 2188183  101.02913   98   54  195.00000    9.00000  95.4%  13.2 3537s
 3719407 2189958  112.00000  103   46  195.00000    9.00000  95.4%  13.2 3542s
 3722227 2190881 infeasible   84       195.00000    9.00000  95.4%  13.2 3545s
 3723726 2193424    9.00000   59   77  195.00000    9.00000  95.4%  13.2 3550s
 3728233 2195422  119.91434  104   50  195.00000    9.00000  95.4%  13.2 3555s
 3733825 2197655  174.00000  101   42  195.00000    9.00000  95.4%  13.2 3560s
 3737709 2201221  176.00000  115   39  195.00000    9.00000  95.4%  13.2 3568s
 3740839 2202803  170.57183   82   48  195.00000    9.00000  95.4%  13.2 3572s
 3743400 2205098    9.24276   79   76  195.00000    9.00000  95.4%  13.2 3577s
 3747302 2207240    9.00000   82   76  195.00000    9.00000  95.4%  13.2 3581s
 3751825 2207927   36.08865   79   80  195.00000    9.00000  95.4%  13.2 3593s
 3751841 2208588   36.08865   80   79  195.00000    9.00000  95.4%  13.2 3595s
 3754220 2210050  192.38545   80   39  195.00000    9.00000  95.4%  13.2 3600s

Cutting planes:
  Learned: 5
  Cover: 1
  Implied bound: 17
  MIR: 7
  Flow cover: 6

Explored 3755430 nodes (49539958 simplex iterations) in 3600.27 seconds (482.99 work units)
Thread count was 16 (of 16 available processors)

Solution count 10: 195 197 198 ... 221

Time limit reached
Best objective 1.950000000000e+02, best bound 9.000000000000e+00, gap 95.3846%
Warning: constraint name "precedence between 0,2 to 0,0 if x_[j,l,h,z,i]=1" has a space
Warning: constraint name "precedence between 0,2 to 0,0 if x_[j,l,h,z,i]=1" has a space
Warning: default constraint names used to write mps file
