
Gurobi 10.0.1 (win64) logging started Sun Aug 27 00:41:17 2023

Set parameter LogFile to value "results//log/URT_15_makespan.log"
Gurobi Optimizer version 10.0.1 build v10.0.1rc0 (win64)

CPU model: AMD Ryzen 7 3700X 8-Core Processor, instruction set [SSE2|AVX|AVX2]
Thread count: 8 physical cores, 16 logical processors, using up to 16 threads

Optimize a model with 811 rows, 568 columns and 3456 nonzeros
Model fingerprint: 0x0a173e1c
Variable types: 63 continuous, 505 integer (504 binary)
Coefficient statistics:
  Matrix range     [1e+00, 1e+06]
  Objective range  [1e+00, 1e+00]
  Bounds range     [1e+00, 1e+00]
  RHS range        [1e+00, 3e+06]
Found heuristic solution: objective 216.0000000
Presolve removed 84 rows and 240 columns
Presolve time: 0.01s
Presolved: 727 rows, 328 columns, 3342 nonzeros
Variable types: 63 continuous, 265 integer (264 binary)
Found heuristic solution: objective 215.0000000

Root relaxation: objective 5.900000e+01, 102 iterations, 0.00 seconds (0.00 work units)

    Nodes    |    Current Node    |     Objective Bounds      |     Work
 Expl Unexpl |  Obj  Depth IntInf | Incumbent    BestBd   Gap | It/Node Time

     0     0   59.00000    0   13  215.00000   59.00000  72.6%     -    0s
H    0     0                     185.0000000   59.00000  68.1%     -    0s
     0     0   59.00003    0   19  185.00000   59.00003  68.1%     -    0s
H    0     0                     148.0000000   60.00000  59.5%     -    0s
     0     0   61.00000    0   11  148.00000   61.00000  58.8%     -    0s
     0     0   61.00000    0   15  148.00000   61.00000  58.8%     -    0s
     0     0   61.00000    0   30  148.00000   61.00000  58.8%     -    0s
     0     0   61.00000    0   30  148.00000   61.00000  58.8%     -    0s
     0     0   61.00111    0   28  148.00000   61.00111  58.8%     -    0s
     0     0   61.17017    0   40  148.00000   61.17017  58.7%     -    0s
     0     0   61.38073    0   49  148.00000   61.38073  58.5%     -    0s
     0     0   61.40058    0   50  148.00000   61.40058  58.5%     -    0s
     0     0   61.40858    0   50  148.00000   61.40858  58.5%     -    0s
     0     0   61.43074    0   51  148.00000   61.43074  58.5%     -    0s
     0     0   61.43074    0   47  148.00000   61.43074  58.5%     -    0s
     0     0   62.65017    0   47  148.00000   62.65017  57.7%     -    0s
     0     0   62.75878    0   50  148.00000   62.75878  57.6%     -    0s
     0     0   62.76390    0   51  148.00000   62.76390  57.6%     -    0s
     0     0   62.76390    0   51  148.00000   62.76390  57.6%     -    0s
     0     0   62.93968    0   52  148.00000   62.93968  57.5%     -    0s
     0     0   63.10580    0   52  148.00000   63.10580  57.4%     -    0s
     0     0   63.12481    0   50  148.00000   63.12481  57.3%     -    0s
     0     0   63.12852    0   48  148.00000   63.12852  57.3%     -    0s
     0     0   63.12852    0   52  148.00000   63.12852  57.3%     -    0s
     0     0   63.14238    0   45  148.00000   63.14238  57.3%     -    0s
     0     0   63.14970    0   55  148.00000   63.14970  57.3%     -    0s
     0     0   63.15546    0   46  148.00000   63.15546  57.3%     -    0s
     0     0   63.15985    0   50  148.00000   63.15985  57.3%     -    0s
     0     0   63.15985    0   51  148.00000   63.15985  57.3%     -    0s
     0     0   63.15985    0   51  148.00000   63.15985  57.3%     -    0s
     0     0   63.22700    0   37  148.00000   63.22700  57.3%     -    0s
     0     0   63.24218    0   55  148.00000   63.24218  57.3%     -    0s
     0     0   63.24297    0   51  148.00000   63.24297  57.3%     -    0s
     0     0   63.24418    0   48  148.00000   63.24418  57.3%     -    0s
     0     0   63.24418    0   47  148.00000   63.24418  57.3%     -    0s
     0     0   63.28386    0   50  148.00000   63.28386  57.2%     -    0s
     0     0   63.28386    0   50  148.00000   63.28386  57.2%     -    0s
     0     0   63.28389    0   51  148.00000   63.28389  57.2%     -    1s
     0     0   63.28389    0   50  148.00000   63.28389  57.2%     -    1s
     0     0   63.28389    0   46  148.00000   63.28389  57.2%     -    1s
     0     0   63.28389    0   30  148.00000   63.28389  57.2%     -    1s
     0     1   63.28389    0   30  148.00000   63.28389  57.2%     -    1s
H  117    89                     141.0000000   65.00000  53.9%  64.9    1s
H  169   123                     137.0000000   65.00000  52.6%  53.2    1s
H  514   302                     135.0000000   65.00000  51.9%  29.0    1s
H 3269  1483                     132.0000000   66.00000  50.0%   4.4    5s
H 3822  1603                     131.0000000   66.00000  49.6%   5.3    7s
H 4411  1677                     125.0000000   66.00000  47.2%   5.6    8s
 19559  8531   68.00000   35   23  125.00000   66.00000  47.2%   7.4   10s
 41991 21367   66.36713   41   26  125.00000   66.00000  47.2%   7.7   15s
H43180 20188                     119.0000000   66.00000  44.5%   7.7   15s
H46354 19986                     118.0000000   66.00000  44.1%   7.6   15s
H46807 19374                     116.0000000   66.00000  43.1%   7.6   16s
 74817 32815   66.00000   33   23  116.00000   66.00000  43.1%   8.0   20s
 100257 45479  111.18182   61   13  116.00000   66.00000  43.1%   8.4   25s
 137600 59040   81.00000   45   18  116.00000   66.00000  43.1%   8.5   30s
 177392 77442  113.09052   54   18  116.00000   66.00000  43.1%   8.8   35s
 198046 86793   88.00000   36   16  116.00000   66.00000  43.1%   8.9   40s
 240317 100609   69.00000   39   26  116.00000   66.00000  43.1%   9.0   45s
 277573 115346  112.00000   56   13  116.00000   66.15511  43.0%   9.1   51s
 301075 124297   76.00000   38   18  116.00000   66.32762  42.8%   9.1   55s
 347321 144115   69.00000   43   22  116.00000   67.00000  42.2%   9.1   60s
 419715 172141   91.00000   43   19  116.00000   67.00000  42.2%   9.0   65s
 477817 194329 infeasible   60       116.00000   67.82018  41.5%   8.9   70s
 544741 220786   88.00000   60   17  116.00000   68.00000  41.4%   8.8   75s
 613103 244594  102.00000   60   17  116.00000   68.04852  41.3%   8.7   80s
 688301 273732   96.00000   52   18  116.00000   69.00000  40.5%   8.6   85s
 753955 298966   98.02229   49   20  116.00000   69.00000  40.5%   8.6   90s
 823391 323196   71.00000   43   25  116.00000   69.00000  40.5%   8.5   95s
 893174 346934 infeasible   69       116.00000   70.00000  39.7%   8.5  100s
H895963 346497                     115.0000000   70.00000  39.1%   8.5  100s
 960814 369207   81.00000   57   21  115.00000   70.00000  39.1%   8.4  105s
 1027020 392086 infeasible   58       115.00000   70.00000  39.1%   8.4  110s
 1092431 413117  100.00000   48   11  115.00000   70.20126  39.0%   8.4  115s
 1158616 436875   79.55396   40   22  115.00000   71.00000  38.3%   8.4  120s
 1225194 459684   92.24920   60   15  115.00000   71.00000  38.3%   8.3  125s
 1291427 480717 infeasible   54       115.00000   71.00000  38.3%   8.3  130s
 1355297 501395  100.25879   55   13  115.00000   71.25879  38.0%   8.3  135s
 1415418 521499 infeasible   58       115.00000   72.00000  37.4%   8.3  140s
 1484258 545700   79.00000   48   20  115.00000   72.00000  37.4%   8.2  145s
 1554609 569649  108.24590   53   20  115.00000   72.00000  37.4%   8.2  150s
 1626336 590168   92.00000   42   23  115.00000   72.00000  37.4%   8.2  155s
 1695634 614743   95.32673   42   16  115.00000   72.36114  37.1%   8.2  160s
 1765506 636591  105.19934   59   16  115.00000   73.00000  36.5%   8.2  165s
 1840824 660283   73.00000   49   21  115.00000   73.00000  36.5%   8.1  170s
 1908965 681123 infeasible   57       115.00000   73.00000  36.5%   8.1  175s
 1976026 703740   94.00000   41   20  115.00000   73.00000  36.5%   8.1  180s
 2042433 721555  102.00000   49   18  115.00000   73.03261  36.5%   8.2  185s
 2112313 745278   83.40764   45   20  115.00000   73.25879  36.3%   8.1  190s
 2181855 766621   74.00000   44   26  115.00000   73.97576  35.7%   8.1  195s
 2254974 790707 infeasible   48       115.00000   74.00000  35.7%   8.1  200s
 2321986 812864   95.00000   45   17  115.00000   74.00000  35.7%   8.1  205s
 2390253 835506   85.00000   54   17  115.00000   74.00000  35.7%   8.0  210s
 2456658 857199  103.00000   48   16  115.00000   74.00000  35.7%   8.0  215s
 2523823 876680   98.00000   58   13  115.00000   74.00000  35.7%   8.0  220s
 2581961 891514  102.00000   50   15  115.00000   74.00000  35.7%   8.0  225s
 2645924 912388  105.00000   58   12  115.00000   74.15730  35.5%   8.0  230s
 2713693 931802   95.00000   51   15  115.00000   74.42670  35.3%   8.0  235s
 2779848 952751  105.00000   51   11  115.00000   75.00000  34.8%   8.0  240s
 2851899 974299  109.00000   66   11  115.00000   75.00000  34.8%   8.0  245s
 2922623 995688 infeasible   64       115.00000   75.00000  34.8%   8.0  250s
 2990994 1016294   91.48607   56   17  115.00000   75.00000  34.8%   8.0  255s
 3059581 1036408   87.00000   54   17  115.00000   75.00000  34.8%   8.0  260s
 3125006 1053373  102.03358   57   13  115.00000   75.00000  34.8%   8.0  265s
 3187043 1070225   84.00000   40   23  115.00000   75.05660  34.7%   8.0  270s
 3254041 1090590   87.00000   50   22  115.00000   75.23962  34.6%   8.0  275s
 3307791 1105483  108.00000   49   15  115.00000   75.42511  34.4%   8.0  280s
 3375864 1125559   76.00000   46   22  115.00000   76.00000  33.9%   8.0  285s
 3444873 1146036   90.00000   55   17  115.00000   76.00000  33.9%   7.9  290s
 3514421 1167899  107.25879   55   16  115.00000   76.00000  33.9%   7.9  295s
 3582811 1186122   77.00000   49   23  115.00000   76.00000  33.9%   7.9  300s
 3649630 1205227 infeasible   66       115.00000   76.00000  33.9%   7.9  305s
 3714388 1223321 infeasible   57       115.00000   76.00000  33.9%   7.9  310s
 3773775 1239901   80.00000   49   26  115.00000   76.00000  33.9%   7.9  315s
 3839053 1257671   87.15766   42   22  115.00000   76.04399  33.9%   7.9  320s
 3904631 1275364   86.00000   48   21  115.00000   76.17647  33.8%   7.9  325s
 3967108 1293197   97.15517   48   14  115.00000   76.34509  33.6%   7.9  330s
 4021662 1308846  102.00000   59   16  115.00000   76.82857  33.2%   7.9  335s
 4073929 1323892   77.86071   52   22  115.00000   77.00000  33.0%   7.9  340s
 4140651 1343410 infeasible   59       115.00000   77.00000  33.0%   7.9  345s
 4204040 1361726   77.00000   46   20  115.00000   77.00000  33.0%   7.9  350s
 4263517 1378365   85.00000   52   17  115.00000   77.00000  33.0%   7.9  355s
 4331000 1397121   93.00000   53   17  115.00000   77.00000  33.0%   7.9  360s
 4381444 1412152 infeasible   54       115.00000   77.00000  33.0%   7.9  365s
 4446669 1428394   78.32588   52   20  115.00000   77.00000  33.0%   7.9  370s
 4499986 1442035   97.00000   53   18  115.00000   77.00000  33.0%   7.9  375s
 4557053 1456356  103.00000   57   17  115.00000   77.00000  33.0%   7.9  380s
 4596441 1466808   86.00000   46   21  115.00000   77.04399  33.0%   7.9  385s
 4662101 1486333  101.15730   54   14  115.00000   77.15672  32.9%   7.9  390s
 4695072 1495585   97.23962   51   17  115.00000   77.23962  32.8%   7.9  395s
 4757888 1512744 infeasible   44       115.00000   77.39479  32.7%   7.9  400s
 4824672 1531193  104.00000   61   14  115.00000   77.91941  32.2%   7.9  405s
 4882242 1547166  108.00000   69    9  115.00000   78.00000  32.2%   7.8  410s
 4953442 1567059   95.00000   58   13  115.00000   78.00000  32.2%   7.8  415s
 5013406 1582945 infeasible   52       115.00000   78.00000  32.2%   7.8  420s
 5068726 1597587 infeasible   56       115.00000   78.00000  32.2%   7.8  425s
 5137489 1615127  103.22279   57   20  115.00000   78.00000  32.2%   7.8  430s
 5201581 1633240   92.11526   44   19  115.00000   78.00000  32.2%   7.8  435s
 5257310 1646498 infeasible   61       115.00000   78.00000  32.2%   7.8  440s
 5314700 1660353   91.00000   54   21  115.00000   78.00000  32.2%   7.8  445s
 5357917 1671845  100.36364   48   17  115.00000   78.00000  32.2%   7.8  450s
 5421784 1688402   93.52648   48   21  115.00000   78.00000  32.2%   7.8  455s
 5474605 1700461   88.00000   56   16  115.00000   78.02521  32.2%   7.8  460s
 5543752 1721500  103.00000   48   19  115.00000   78.12460  32.1%   7.8  465s
 5600747 1735056  107.00000   55   12  115.00000   78.24658  32.0%   7.8  470s
 5671031 1753771   87.00000   53   20  115.00000   78.41202  31.8%   7.8  475s
 5728843 1768384   96.00000   47   17  115.00000   78.85714  31.4%   7.8  480s
 5800658 1787400   96.48956   55   17  115.00000   79.00000  31.3%   7.8  485s
 5872852 1806994  109.18182   60   11  115.00000   79.00000  31.3%   7.8  490s
 5937944 1823901   90.00000   58   16  115.00000   79.00000  31.3%   7.8  495s
 6000931 1840601 infeasible   50       115.00000   79.00000  31.3%   7.8  500s
 6059194 1854291   98.12453   56   16  115.00000   79.00000  31.3%   7.8  505s
 6095812 1862823 infeasible   48       115.00000   79.00000  31.3%   7.8  510s
 6167758 1880575   97.04852   51   20  115.00000   79.00000  31.3%   7.8  515s
 6228692 1895396   96.00000   57   20  115.00000   79.00000  31.3%   7.8  520s
 6290163 1909699  103.00000   46   19  115.00000   79.00000  31.3%   7.8  525s
 6335302 1921075   85.00000   46   23  115.00000   79.00000  31.3%   7.8  530s
 6394493 1933691 infeasible   58       115.00000   79.00000  31.3%   7.8  535s
 6459995 1948577   82.00000   45   24  115.00000   79.00000  31.3%   7.8  540s
 6531079 1968382  100.18091   43   21  115.00000   79.08546  31.2%   7.8  545s
 6586415 1982436   97.00000   45   24  115.00000   79.15498  31.2%   7.8  550s
 6661005 2001999 infeasible   52       115.00000   79.28023  31.1%   7.8  555s
 6717801 2014924   89.00000   51   16  115.00000   79.49426  30.9%   7.8  560s
 6787518 2033000  111.00000   59   16  115.00000   79.94654  30.5%   7.8  565s
 6858200 2051636 infeasible   60       115.00000   80.00000  30.4%   7.8  570s
 6918962 2067566   80.04399   46   22  115.00000   80.00000  30.4%   7.8  575s
 6985002 2084716  100.00000   50   14  115.00000   80.00000  30.4%   7.8  580s
 7041727 2098450   80.00000   54   18  115.00000   80.00000  30.4%   7.8  585s
 7111060 2115227 infeasible   50       115.00000   80.00000  30.4%   7.8  590s
 7152854 2125246   89.00000   60   17  115.00000   80.00000  30.4%   7.8  595s
 7219445 2141446 infeasible   52       115.00000   80.00000  30.4%   7.8  600s
 7274007 2154761  111.00000   59   14  115.00000   80.00000  30.4%   7.8  605s
 7339084 2169685 infeasible   67       115.00000   80.00000  30.4%   7.8  610s
 7364275 2175253  105.53846   53   16  115.00000   80.00000  30.4%   7.8  615s
 7430498 2190264   85.00000   46   20  115.00000   80.00000  30.4%   7.8  620s
 7481285 2203235  107.00000   65   11  115.00000   80.00000  30.4%   7.8  625s
 7545879 2218427 infeasible   58       115.00000   80.00000  30.4%   7.8  630s
 7598741 2228845 infeasible   55       115.00000   80.00000  30.4%   7.8  635s
 7652417 2240886 infeasible   48       115.00000   80.00000  30.4%   7.8  640s
 7718884 2257479  101.00000   46   16  115.00000   80.06792  30.4%   7.8  645s
 7775245 2272623  112.00000   53   14  115.00000   80.12260  30.3%   7.8  650s
 7845735 2288510  105.00000   57   10  115.00000   80.21868  30.2%   7.8  655s
 7899612 2302120   91.00000   57   15  115.00000   80.28302  30.2%   7.8  660s
 7967264 2318656  109.00000   53    9  115.00000   80.50438  30.0%   7.8  665s
 8022450 2332140  101.00000   49   18  115.00000   80.83146  29.7%   7.7  670s
 8089521 2349419   94.00000   50   12  115.00000   81.00000  29.6%   7.7  675s
 8156035 2365987     cutoff   56       115.00000   81.00000  29.6%   7.7  680s
 8196260 2375852  111.00000   47   14  115.00000   81.00000  29.6%   7.7  685s
 8264622 2391192 infeasible   55       115.00000   81.00000  29.6%   7.7  690s
 8316401 2403638  111.00000   61   12  115.00000   81.00000  29.6%   7.7  695s
 8367795 2415284   84.00000   51   17  115.00000   81.00000  29.6%   7.7  700s
 8430251 2431502   93.12453   54   16  115.00000   81.00000  29.6%   7.7  705s
 8483294 2443242   85.00000   48   20  115.00000   81.00000  29.6%   7.7  710s
 8545889 2457413   81.00000   43   23  115.00000   81.00000  29.6%   7.7  715s
 8595750 2469065  110.00000   53   14  115.00000   81.00000  29.6%   7.7  720s
 8632398 2475624   86.00000   44   21  115.00000   81.00000  29.6%   7.7  725s
 8690130 2487891 infeasible   62       115.00000   81.00000  29.6%   7.7  730s
 8721067 2496988   83.00000   51   20  115.00000   81.00000  29.6%   7.7  736s
 8778146 2506784 infeasible   56       115.00000   81.00000  29.6%   7.7  740s
 8817258 2515356  100.00000   51   13  115.00000   81.00000  29.6%   7.7  745s
 8871279 2527744  107.11223   54   15  115.00000   81.00000  29.6%   7.7  750s
 8919770 2538572   81.00000   44   22  115.00000   81.00000  29.6%   7.7  755s
 8959178 2546912   82.62242   44   20  115.00000   81.00000  29.6%   7.7  760s
 9002395 2556246   81.15600   57   23  115.00000   81.00000  29.6%   7.7  765s
 9048290 2566795 infeasible   52       115.00000   81.00000  29.6%   7.7  770s
 9081757 2574050 infeasible   57       115.00000   81.02317  29.5%   7.7  775s
 9129155 2585430   96.00000   52   16  115.00000   81.06554  29.5%   7.7  780s
 9178513 2598766   92.00000   55   17  115.00000   81.10547  29.5%   7.7  785s
 9215168 2605406  109.13684   52   12  115.00000   81.13585  29.4%   7.7  790s
 9261083 2616154     cutoff   61       115.00000   81.19169  29.4%   7.7  795s
 9297415 2624634 infeasible   56       115.00000   81.24741  29.4%   7.7  800s
 9333355 2633697 infeasible   52       115.00000   81.28000  29.3%   7.7  805s
 9367320 2641677   98.06734   47   16  115.00000   81.35637  29.3%   7.7  810s
 9415009 2653663  112.00000   45   13  115.00000   81.56067  29.1%   7.7  815s
 9463877 2664515   87.00000   53   18  115.00000   81.82788  28.8%   7.7  820s
 9512565 2676511 infeasible   55       115.00000   82.00000  28.7%   7.7  825s
 9546691 2684118   91.00000   52   19  115.00000   82.00000  28.7%   7.7  830s
 9593813 2696129   96.00000   46   17  115.00000   82.00000  28.7%   7.7  835s
 9645063 2707497  111.09011   58   12  115.00000   82.00000  28.7%   7.7  840s
 9684086 2716637     cutoff   54       115.00000   82.00000  28.7%   7.7  845s
 9723867 2725633   95.00000   46   12  115.00000   82.00000  28.7%   7.7  850s
 9764952 2734967   83.00000   54   23  115.00000   82.00000  28.7%   7.7  855s
 9810865 2745473 infeasible   64       115.00000   82.00000  28.7%   7.7  860s
 9842235 2754165 infeasible   57       115.00000   82.00000  28.7%   7.7  865s
 9887584 2763300  106.10100   50   18  115.00000   82.00000  28.7%   7.7  870s
 9933290 2772645   96.00000   48   17  115.00000   82.00000  28.7%   7.7  875s
 9964641 2778893  107.09333   64   11  115.00000   82.00000  28.7%   7.7  881s
 9990677 2784333   99.00000   50   17  115.00000   82.00000  28.7%   7.7  885s
 10033735 2793536 infeasible   57       115.00000   82.00000  28.7%   7.7  890s
 10061216 2799257 infeasible   56       115.00000   82.00000  28.7%   7.7  896s
 10079690 2803216  110.00000   63    8  115.00000   82.00000  28.7%   7.7  900s
 10126458 2813000 infeasible   40       115.00000   82.00000  28.7%   7.7  905s
 10156644 2818926  103.00000   55   14  115.00000   82.00000  28.7%   7.7  910s
 10199777 2827569  113.00000   53   15  115.00000   82.00000  28.7%   7.7  915s
 10243207 2836760 infeasible   40       115.00000   82.00000  28.7%   7.7  920s
 10277311 2844304  112.00000   53   16  115.00000   82.00000  28.7%   7.7  925s
 10318575 2853670 infeasible   45       115.00000   82.00000  28.7%   7.7  930s
 10362451 2863301   95.00000   60   13  115.00000   82.00000  28.7%   7.7  935s
 10404575 2872230   97.00000   51   21  115.00000   82.00000  28.7%   7.7  940s
 10437710 2879258  109.00000   61   11  115.00000   82.00000  28.7%   7.7  945s
 10475548 2888871  109.00000   47   18  115.00000   82.00000  28.7%   7.7  950s
 10512200 2894939 infeasible   57       115.00000   82.00000  28.7%   7.7  955s
 10555397 2904616 infeasible   52       115.00000   82.00000  28.7%   7.7  960s
 10580718 2909737  110.08372   62   17  115.00000   82.00000  28.7%   7.7  965s
 10611590 2916410  102.00000   58   16  115.00000   82.00000  28.7%   7.7  970s
 10656676 2924414 infeasible   49       115.00000   82.00000  28.7%   7.7  975s
 10697679 2933436  102.00000   50   13  115.00000   82.00000  28.7%   7.7  980s
 10726854 2938617 infeasible   50       115.00000   82.00000  28.7%   7.7  985s
 10770797 2949441   97.03214   48   19  115.00000   82.04241  28.7%   7.7  990s
 10816526 2960905   84.00000   47   20  115.00000   82.07287  28.6%   7.7  995s
 10850040 2969919   85.00000   50   17  115.00000   82.10547  28.6%   7.7 1000s
 10891947 2979369 infeasible   44       115.00000   82.13433  28.6%   7.7 1005s
 10939502 2989359   94.21782   55   20  115.00000   82.19088  28.5%   7.7 1010s
 10971320 2996919   82.24920   49   19  115.00000   82.24658  28.5%   7.7 1015s
 11016075 3007393 infeasible   52       115.00000   82.27734  28.5%   7.7 1020s
 11045769 3013624  111.00000   46   15  115.00000   82.32930  28.4%   7.7 1025s
 11088014 3022956  105.91164   56   18  115.00000   82.45465  28.3%   7.7 1030s
 11131291 3033740  110.00000   46   12  115.00000   82.66667  28.1%   7.7 1035s
 11175735 3042984  111.00000   63    9  115.00000   82.84874  28.0%   7.7 1040s
 11212255 3050843 infeasible   48       115.00000   82.98962  27.8%   7.7 1046s
 11234929 3056441   87.00000   48   16  115.00000   83.00000  27.8%   7.7 1050s
 11256708 3059869 infeasible   53       115.00000   83.00000  27.8%   7.7 1055s
 11291957 3068092 infeasible   55       115.00000   83.00000  27.8%   7.7 1060s
 11328795 3077248  110.30810   67   14  115.00000   83.00000  27.8%   7.7 1065s
 11364231 3083247  107.00000   60   14  115.00000   83.00000  27.8%   7.7 1070s
 11397880 3090588  113.00000   54   11  115.00000   83.00000  27.8%   7.7 1075s
 11422628 3094870  107.00000   52   15  115.00000   83.00000  27.8%   7.7 1081s
 11438235 3097869 infeasible   58       115.00000   83.00000  27.8%   7.7 1085s
 11477718 3106334 infeasible   58       115.00000   83.00000  27.8%   7.7 1090s
 11516612 3113661  106.14607   53   15  115.00000   83.00000  27.8%   7.7 1095s
 11545274 3118869 infeasible   53       115.00000   83.00000  27.8%   7.7 1100s
 11585425 3127113  100.00000   46   14  115.00000   83.00000  27.8%   7.7 1105s
 11624296 3134947  100.00000   54   15  115.00000   83.00000  27.8%   7.7 1110s
 11654627 3140990   94.07395   56   20  115.00000   83.00000  27.8%   7.7 1115s
 11694608 3149056 infeasible   64       115.00000   83.00000  27.8%   7.7 1120s
 11734118 3156897   90.00000   51   16  115.00000   83.00000  27.8%   7.7 1125s
 11758914 3161820 infeasible   65       115.00000   83.00000  27.8%   7.7 1130s
 11801064 3169631   83.00000   48   17  115.00000   83.00000  27.8%   7.7 1135s
 11843286 3178589   95.00000   53   18  115.00000   83.00000  27.8%   7.7 1141s
 11865155 3183037   91.20897   52   21  115.00000   83.00000  27.8%   7.7 1145s
 11893311 3187704   86.00000   53   18  115.00000   83.00000  27.8%   7.7 1150s
 11930323 3195208 infeasible   63       115.00000   83.00000  27.8%   7.7 1155s
 11967132 3201904 infeasible   53       115.00000   83.00000  27.8%   7.7 1160s
 11993941 3206748   84.00000   52   17  115.00000   83.00000  27.8%   7.7 1165s
 12031167 3214106   98.00000   53   17  115.00000   83.00000  27.8%   7.7 1170s
 12066454 3222602 infeasible   50       115.00000   83.00000  27.8%   7.7 1175s
 12093385 3226359   84.00000   51   20  115.00000   83.00000  27.8%   7.7 1180s
 12125453 3233771 infeasible   61       115.00000   83.00000  27.8%   7.7 1185s
 12163626 3240217  100.00000   59   16  115.00000   83.00000  27.8%   7.7 1190s
 12201903 3246785  107.00000   54   14  115.00000   83.00000  27.8%   7.7 1195s
 12237064 3254323  113.00000   51   15  115.00000   83.00000  27.8%   7.7 1200s
 12274888 3260259  112.01261   58   12  115.00000   83.00000  27.8%   7.7 1205s
 12300944 3265291 infeasible   57       115.00000   83.00000  27.8%   7.7 1210s
 12334023 3272134  112.00000   55   10  115.00000   83.00000  27.8%   7.7 1215s
 12373155 3278767   97.06226   55   21  115.00000   83.00000  27.8%   7.7 1220s
 12401936 3283967 infeasible   55       115.00000   83.00000  27.8%   7.7 1225s
 12429687 3289644  103.00000   57   15  115.00000   83.00000  27.8%   7.7 1230s
 12467882 3296183   90.07287   43   18  115.00000   83.00000  27.8%   7.7 1235s
 12490499 3300393   94.00000   46   17  115.00000   83.00000  27.8%   7.7 1240s
 12511069 3304588  109.09474   76   12  115.00000   83.02521  27.8%   7.7 1245s
 12549181 3312886   92.24024   50   18  115.00000   83.04852  27.8%   7.7 1250s
 12586333 3322899  108.02299   64   16  115.00000   83.07759  27.8%   7.7 1255s
 12624433 3331183  109.00000   56   13  115.00000   83.10547  27.7%   7.7 1260s
 12646912 3334514  103.06102   63   14  115.00000   83.12453  27.7%   7.7 1265s
 12685624 3342238 infeasible   49       115.00000   83.16387  27.7%   7.7 1270s
 12720139 3348982  106.00000   48   11  115.00000   83.20976  27.6%   7.7 1278s
 12731771 3351839  101.31629   57   16  115.00000   83.23798  27.6%   7.7 1280s
 12772573 3361576 infeasible   44       115.00000   83.25879  27.6%   7.7 1285s
 12803167 3367436  103.14607   44   15  115.00000   83.30769  27.6%   7.7 1290s
 12842451 3376218 infeasible   56       115.00000   83.39657  27.5%   7.7 1295s
 12882025 3384689  102.00000   62   13  115.00000   83.55396  27.3%   7.7 1300s
 12914140 3390720   86.00000   54   21  115.00000   83.70116  27.2%   7.7 1305s
 12943008 3397184  109.00000   51   17  115.00000   83.83217  27.1%   7.7 1310s
 12983441 3405369  102.00000   54   13  115.00000   83.98818  27.0%   7.7 1315s
 13017716 3413242   96.00000   61   14  115.00000   84.00000  27.0%   7.7 1320s
 13039928 3417600  100.00000   52   14  115.00000   84.00000  27.0%   7.7 1325s
 13080076 3425384   96.00000   55   11  115.00000   84.00000  27.0%   7.7 1330s
 13115284 3433495   91.00000   53   19  115.00000   84.00000  27.0%   7.7 1335s
 13154633 3440853 infeasible   61       115.00000   84.00000  27.0%   7.7 1340s
 13180695 3446841  105.00000   52   16  115.00000   84.00000  27.0%   7.7 1345s
 13217882 3453123 infeasible   55       115.00000   84.00000  27.0%   7.7 1350s
 13251856 3460436   98.00000   59   16  115.00000   84.00000  27.0%   7.7 1355s
 13275610 3464328  113.00000   51   13  115.00000   84.00000  27.0%   7.7 1360s
 13306254 3470907   96.69231   62   17  115.00000   84.00000  27.0%   7.7 1365s
 13340358 3477109   98.00000   51   18  115.00000   84.00000  27.0%   7.7 1370s
 13373161 3483503   93.00000   56   18  115.00000   84.00000  27.0%   7.7 1375s
 13400905 3488424 infeasible   61       115.00000   84.00000  27.0%   7.7 1380s
 13424223 3492696 infeasible   59       115.00000   84.00000  27.0%   7.7 1385s
 13453532 3498723  106.00000   57   15  115.00000   84.00000  27.0%   7.7 1390s
 13481205 3503179   84.00419   55   20  115.00000   84.00000  27.0%   7.7 1396s
 13481328 3505237  103.00000   56   17  115.00000   84.00000  27.0%   7.7 1401s
 13515143 3509468  101.00000   57   16  115.00000   84.00000  27.0%   7.7 1405s
 13544508 3514789   91.00000   50   18  115.00000   84.00000  27.0%   7.7 1410s
 13572591 3519642 infeasible   60       115.00000   84.00000  27.0%   7.7 1417s
 13585970 3522458  106.00000   60   15  115.00000   84.00000  27.0%   7.7 1420s
 13616364 3527492  111.00000   53   13  115.00000   84.00000  27.0%   7.7 1425s
 13646273 3533285   87.00000   52   20  115.00000   84.00000  27.0%   7.7 1430s
 13662560 3536430 infeasible   49       115.00000   84.00000  27.0%   7.7 1435s
 13690208 3541126  105.00000   57   12  115.00000   84.00000  27.0%   7.7 1440s
 13719479 3546944 infeasible   48       115.00000   84.00000  27.0%   7.7 1445s
 13745222 3551063  105.02891   63   15  115.00000   84.00000  27.0%   7.7 1452s
 13758917 3553276   89.00000   54   17  115.00000   84.00000  27.0%   7.7 1455s
 13785126 3558094 infeasible   59       115.00000   84.00000  27.0%   7.7 1460s
 13813371 3563755  102.63798   50   18  115.00000   84.00000  27.0%   7.7 1465s
 13839264 3567482  101.00000   53   18  115.00000   84.00000  27.0%   7.7 1470s
 13857177 3570623  112.36364   56   13  115.00000   84.00000  27.0%   7.7 1475s
 13883401 3576035   91.48456   48   18  115.00000   84.00000  27.0%   7.7 1480s
 13912184 3581088 infeasible   50       115.00000   84.00000  27.0%   7.7 1485s
 13938350 3587005 infeasible   54       115.00000   84.00000  27.0%   7.7 1490s
 13951819 3588775  100.00000   47   16  115.00000   84.00000  27.0%   7.7 1497s
 13962445 3590503  102.00000   50   16  115.00000   84.00000  27.0%   7.7 1500s
 13968221 3590897  102.00000   47   10  115.00000   84.00000  27.0%   7.7 1505s
 13991449 3594136 infeasible   46       115.00000   84.00000  27.0%   7.7 1510s
 14019364 3598999  108.00000   55   14  115.00000   84.00000  27.0%   7.7 1515s
 14046193 3603779  102.18182   63   13  115.00000   84.00000  27.0%   7.7 1520s
 14065841 3607418  112.00000   60   13  115.00000   84.00000  27.0%   7.7 1525s
 14091064 3612053  109.00000   51   10  115.00000   84.00000  27.0%   7.7 1530s
 14119042 3617229   85.00000   51   17  115.00000   84.00000  27.0%   7.7 1535s
 14149049 3622596   92.93975   54   20  115.00000   84.00000  27.0%   7.7 1540s
 14174035 3626994   87.11784   47   19  115.00000   84.00000  27.0%   7.7 1546s
 14190788 3631120 infeasible   50       115.00000   84.00000  27.0%   7.7 1550s
 14219644 3635847   89.15730   44   20  115.00000   84.00000  27.0%   7.7 1555s
 14247209 3640602 infeasible   54       115.00000   84.00000  27.0%   7.7 1560s
 14276957 3645185  111.05474   56   19  115.00000   84.00000  27.0%   7.7 1565s
 14304166 3649722 infeasible   50       115.00000   84.00000  27.0%   7.7 1572s
 14319244 3652329 infeasible   53       115.00000   84.00000  27.0%   7.7 1575s
 14344907 3656411  102.00000   48   13  115.00000   84.00000  27.0%   7.7 1580s
 14353803 3657873  110.76190   53   20  115.00000   84.00000  27.0%   7.7 1585s
 14381912 3662571  104.02239   54   18  115.00000   84.00000  27.0%   7.7 1590s
 14408873 3668261   84.00000   49   20  115.00000   84.00000  27.0%   7.7 1595s
 14425312 3670971   95.02521   52   18  115.00000   84.01095  26.9%   7.7 1600s
 14457877 3677877  102.00000   56   15  115.00000   84.02521  26.9%   7.7 1605s
 14488157 3684724   97.00000   60   18  115.00000   84.05207  26.9%   7.7 1610s
 14519764 3692431 infeasible   58       115.00000   84.07287  26.9%   7.7 1615s
 14546117 3698765  105.00000   52   13  115.00000   84.09706  26.9%   7.7 1620s
 14569011 3703436   94.00000   55   15  115.00000   84.10547  26.9%   7.7 1625s
 14597950 3709180 infeasible   62       115.00000   84.12453  26.8%   7.7 1630s
 14627666 3715085   85.00000   53   16  115.00000   84.15088  26.8%   7.7 1635s
 14657087 3721370   91.00000   50   18  115.00000   84.19047  26.8%   7.7 1640s
 14672604 3723933   95.00000   60   16  115.00000   84.21269  26.8%   7.7 1645s
 14700639 3730544  112.00000   52   19  115.00000   84.24658  26.7%   7.7 1650s
 14735428 3738132  105.00000   52   13  115.00000   84.25879  26.7%   7.7 1655s
 14767095 3744935  101.12453   45   16  115.00000   84.31172  26.7%   7.7 1660s
 14798567 3751450 infeasible   65       115.00000   84.38462  26.6%   7.7 1666s
 14822263 3756489 infeasible   51       115.00000   84.46154  26.6%   7.7 1670s
 14856311 3763778 infeasible   59       115.00000   84.61111  26.4%   7.7 1675s
 14889837 3770607  100.00000   50   17  115.00000   84.75879  26.3%   7.7 1680s
 14923071 3777072 infeasible   67       115.00000   84.88506  26.2%   7.7 1685s
 14941170 3780508  100.00000   46   14  115.00000   84.94219  26.1%   7.7 1690s
 14974797 3786567  100.00000   57   12  115.00000   85.00000  26.1%   7.7 1695s
 15004620 3791897   97.00000   63   15  115.00000   85.00000  26.1%   7.7 1700s
 15031002 3797293  101.61538   52   13  115.00000   85.00000  26.1%   7.7 1705s
 15065720 3802816   85.63088   40   17  115.00000   85.00000  26.1%   7.7 1710s
 15095367 3808241   95.00000   50   19  115.00000   85.00000  26.1%   7.7 1717s
 15095496 3810760  104.00000   51   19  115.00000   85.00000  26.1%   7.7 1720s
 15122794 3812873  100.00000   46   16  115.00000   85.00000  26.1%   7.7 1725s
 15149391 3817914   93.01031   55   16  115.00000   85.00000  26.1%   7.7 1730s
 15176009 3822898   86.00000   54   17  115.00000   85.00000  26.1%   7.7 1735s
 15185165 3825580  108.00000   62   10  115.00000   85.00000  26.1%   7.7 1740s
 15213874 3830300   99.00000   56   10  115.00000   85.00000  26.1%   7.7 1745s
 15242938 3834703  111.40000   60   15  115.00000   85.00000  26.1%   7.7 1750s
 15269791 3839691   93.00000   64   16  115.00000   85.00000  26.1%   7.7 1755s
 15289001 3842861  107.12871   65   15  115.00000   85.00000  26.1%   7.7 1760s
 15310863 3847442 infeasible   61       115.00000   85.00000  26.1%   7.7 1765s
 15340433 3851744   90.00000   53   18  115.00000   85.00000  26.1%   7.7 1772s
 15351215 3854100  103.00000   60   12  115.00000   85.00000  26.1%   7.7 1775s
 15377403 3858866   93.83217   58   17  115.00000   85.00000  26.1%   7.7 1780s
 15403577 3862384  111.06529   54   16  115.00000   85.00000  26.1%   7.7 1785s
 15424197 3866048   96.14433   64   15  115.00000   85.00000  26.1%   7.7 1790s
 15434652 3866917   94.00000   47   16  115.00000   85.00000  26.1%   7.7 1797s
 15442272 3868095 infeasible   59       115.00000   85.00000  26.1%   7.7 1801s
 15460838 3870881  101.14433   57   14  115.00000   85.00000  26.1%   7.7 1805s
 15480457 3874235  108.00000   60   10  115.00000   85.00000  26.1%   7.7 1810s
 15510606 3878343 infeasible   54       115.00000   85.00000  26.1%   7.7 1815s
 15536334 3882940   94.00000   55   15  115.00000   85.00000  26.1%   7.7 1820s
 15559319 3887038 infeasible   66       115.00000   85.00000  26.1%   7.7 1826s
 15571327 3890084  112.44860   61   13  115.00000   85.00000  26.1%   7.7 1830s
 15601563 3894251   87.45415   45   18  115.00000   85.00000  26.1%   7.7 1835s
 15613262 3896006  113.00000   56   11  115.00000   85.00000  26.1%   7.7 1840s
 15636903 3899781   93.00000   56   15  115.00000   85.00000  26.1%   7.7 1845s
 15662454 3904911   95.40984   55   18  115.00000   85.00000  26.1%   7.7 1850s
 15679519 3907506 infeasible   50       115.00000   85.00000  26.1%   7.7 1855s
 15706684 3912521  112.00000   50   12  115.00000   85.00000  26.1%   7.7 1860s
 15731832 3917014   95.00000   41   16  115.00000   85.00000  26.1%   7.7 1865s
 15753926 3920365 infeasible   62       115.00000   85.00000  26.1%   7.7 1871s
 15768751 3923409   96.00000   57   16  115.00000   85.00000  26.1%   7.7 1875s
 15797244 3927221  108.00000   59   12  115.00000   85.00000  26.1%   7.7 1880s
 15824378 3931954   89.00000   69   19  115.00000   85.00000  26.1%   7.7 1885s
 15850394 3936164  101.00000   55   13  115.00000   85.00000  26.1%   7.7 1890s
 15869484 3939222 infeasible   56       115.00000   85.00000  26.1%   7.7 1895s
 15891015 3943620  108.00000   51   16  115.00000   85.00000  26.1%   7.7 1900s
 15916812 3946945 infeasible   51       115.00000   85.00000  26.1%   7.7 1905s
 15942512 3951877   88.18750   59   18  115.00000   85.00000  26.1%   7.7 1910s
 15966429 3955655  107.66667   49   20  115.00000   85.00000  26.1%   7.7 1916s
 15981223 3958254  111.09278   63   14  115.00000   85.00000  26.1%   7.7 1920s
 16008020 3963038  106.00000   64   13  115.00000   85.00000  26.1%   7.7 1925s
 16030961 3967270  108.00000   53    9  115.00000   85.00000  26.1%   7.7 1930s
 16057778 3970839 infeasible   66       115.00000   85.00000  26.1%   7.7 1935s
 16078118 3973978   97.00000   56   21  115.00000   85.00000  26.1%   7.7 1940s
 16099154 3977498  102.00000   51   12  115.00000   85.00000  26.1%   7.7 1945s
 16122400 3981110  107.00000   63    9  115.00000   85.00000  26.1%   7.7 1952s
 16131243 3982387 infeasible   48       115.00000   85.00000  26.1%   7.7 1955s
 16158245 3986950  108.00000   58   13  115.00000   85.00000  26.1%   7.7 1960s
 16180584 3990581  105.05213   62   18  115.00000   85.00000  26.1%   7.7 1965s
 16193582 3992743  109.06667   48   16  115.00000   85.00000  26.1%   7.7 1970s
 16213028 3995885  103.15730   59   16  115.00000   85.00000  26.1%   7.7 1975s
 16235322 4000055  109.16495   58   18  115.00000   85.00000  26.1%   7.7 1980s
 16255827 4003716 infeasible   45       115.00000   85.00000  26.1%   7.7 1985s
 16280388 4007852   92.72032   52   16  115.00000   85.00000  26.1%   7.7 1990s
 16305410 4011515 infeasible   60       115.00000   85.00000  26.1%   7.7 1995s
 16320430 4013809  103.00000   50   14  115.00000   85.00000  26.1%   7.7 2001s
 16337305 4017078   97.20168   69   19  115.00000   85.00000  26.1%   7.7 2005s
 16361745 4020632  108.00000   58   10  115.00000   85.00000  26.1%   7.7 2010s
 16384664 4024309  103.00000   53   16  115.00000   85.00000  26.1%   7.7 2015s
 16408157 4027935   90.15730   60   20  115.00000   85.00000  26.1%   7.7 2020s
 16428339 4031426 infeasible   39       115.00000   85.00000  26.1%   7.7 2025s
 16444639 4033279  103.00000   60   13  115.00000   85.00000  26.1%   7.7 2031s
 16460211 4036938   97.29571   51   17  115.00000   85.00000  26.1%   7.7 2036s
 16480723 4040245  112.76190   56   15  115.00000   85.00000  26.1%   7.7 2040s
 16506877 4044164   99.00000   64   19  115.00000   85.00000  26.1%   7.7 2045s
 16528993 4047731  111.00000   66   14  115.00000   85.01149  26.1%   7.7 2050s
 16554662 4052946 infeasible   52       115.00000   85.02521  26.1%   7.7 2055s
 16580795 4057963  112.00000   58   13  115.00000   85.03700  26.1%   7.7 2060s
 16602241 4062060 infeasible   57       115.00000   85.05726  26.0%   7.7 2067s
 16614162 4065552   86.06554   35   27  115.00000   85.06383  26.0%   7.7 2070s
 16639630 4069730   91.12670   47   15  115.00000   85.08070  26.0%   7.7 2075s
 16664115 4074463   94.08163   50   15  115.00000   85.10547  26.0%   7.7 2080s
 16689167 4079941 infeasible   54       115.00000   85.11583  26.0%   7.7 2085s
 16712613 4083888 infeasible   59       115.00000   85.13483  26.0%   7.7 2090s
 16736258 4088133   88.15058   45   19  115.00000   85.15385  26.0%   7.7 2095s
 16760498 4093164  107.04480   55   15  115.00000   85.17712  25.9%   7.7 2100s
 16764317 4094862   96.32806   63   17  115.00000   85.17998  25.9%   7.7 2105s
 16795498 4099291  111.00000   49   15  115.00000   85.22445  25.9%   7.7 2110s
 16819027 4104420 infeasible   42       115.00000   85.24658  25.9%   7.7 2115s
 16843285 4110108  109.02678   68    7  115.00000   85.25879  25.9%   7.7 2120s
 16865165 4114697   85.27170   40   19  115.00000   85.26923  25.9%   7.7 2125s
 16890240 4119253  100.06226   47   15  115.00000   85.30703  25.8%   7.7 2132s
 16900527 4122223 infeasible   51       115.00000   85.32635  25.8%   7.7 2135s
 16918086 4124469   99.14107   50   21  115.00000   85.36917  25.8%   7.7 2142s
 16918297 4127107   92.00000   51   15  115.00000   85.36949  25.8%   7.7 2146s
 16944305 4130313   89.00000   56   15  115.00000   85.42857  25.7%   7.7 2150s
 16970206 4134802   87.00000   48   19  115.00000   85.51212  25.6%   7.7 2155s
 16979661 4136514  107.07575   55   20  115.00000   85.56000  25.6%   7.7 2163s
 16979682 4136531 infeasible   55       115.00000   85.56000  25.6%   7.7 2166s
 16990019 4138188   85.66662   44   19  115.00000   85.61288  25.6%   7.7 2170s
 17007979 4141585 infeasible   54       115.00000   85.69703  25.5%   7.7 2175s
 17031679 4145759  100.80000   62   19  115.00000   85.78571  25.4%   7.7 2180s
 17051470 4149206 infeasible   66       115.00000   85.86364  25.3%   7.7 2185s
 17069904 4154190   99.47723   56   19  115.00000   85.92857  25.3%   7.7 2190s
 17093458 4158083  105.37143   60   15  115.00000   86.00000  25.2%   7.7 2195s
 17116257 4162302  100.31894   50   15  115.00000   86.00000  25.2%   7.7 2200s
 17124557 4163622  111.00000   54   16  115.00000   86.00000  25.2%   7.7 2205s
 17146143 4168458  100.09011   66   18  115.00000   86.00000  25.2%   7.7 2210s
 17165631 4172103  101.00000   64   13  115.00000   86.00000  25.2%   7.7 2215s
 17185198 4175877  109.00000   56   15  115.00000   86.00000  25.2%   7.7 2220s
 17208632 4179514 infeasible   59       115.00000   86.00000  25.2%   7.7 2225s
 17229600 4183623  108.00000   66   13  115.00000   86.00000  25.2%   7.7 2230s
 17239803 4185562   86.20128   50   15  115.00000   86.00000  25.2%   7.7 2235s
 17260782 4188913  111.00000   61    8  115.00000   86.00000  25.2%   7.7 2240s
 17279879 4192283  114.00000   67    8  115.00000   86.00000  25.2%   7.7 2245s
 17300827 4197029   95.00000   47   13  115.00000   86.00000  25.2%   7.7 2251s
 17322124 4199940   89.00000   53   18  115.00000   86.00000  25.2%   7.7 2255s
 17342481 4203658  102.00000   55   12  115.00000   86.00000  25.2%   7.7 2260s
 17355954 4205726  109.86643   62   12  115.00000   86.00000  25.2%   7.7 2265s
 17379605 4210426  108.00000   59   10  115.00000   86.00000  25.2%   7.7 2270s
 17400364 4213901  111.00000   51   11  115.00000   86.00000  25.2%   7.7 2275s
 17424381 4218569 infeasible   48       115.00000   86.00000  25.2%   7.7 2280s
 17439224 4220516  104.07668   48   15  115.00000   86.00000  25.2%   7.7 2285s
 17457811 4223578   88.00000   46   16  115.00000   86.00000  25.2%   7.7 2290s
 17481243 4227567 infeasible   69       115.00000   86.00000  25.2%   7.7 2295s
 17503209 4231396   94.00000   52   19  115.00000   86.00000  25.2%   7.7 2300s
 17525431 4235415   86.06149   59   20  115.00000   86.00000  25.2%   7.7 2305s
 17535526 4238206   99.02239   64   18  115.00000   86.00000  25.2%   7.7 2310s
 17546481 4238918 infeasible   54       115.00000   86.00000  25.2%   7.7 2315s
 17568152 4242149  105.00000   62   10  115.00000   86.00000  25.2%   7.7 2320s
 17589620 4245570  101.00000   57   18  115.00000   86.00000  25.2%   7.7 2325s
 17612654 4249036   95.00000   59   14  115.00000   86.00000  25.2%   7.7 2330s
 17626240 4250923 infeasible   60       115.00000   86.00000  25.2%   7.7 2335s
 17642041 4252974  112.02586   58   10  115.00000   86.00000  25.2%   7.7 2340s
 17663560 4256075  110.00000   56   14  115.00000   86.00000  25.2%   7.7 2345s
 17685036 4259523   91.00000   45   19  115.00000   86.00000  25.2%   7.7 2350s
 17706702 4262922  110.05821   61   16  115.00000   86.00000  25.2%   7.7 2355s
 17726102 4265527 infeasible   62       115.00000   86.00000  25.2%   7.7 2361s
 17741404 4267726  104.10547   54   15  115.00000   86.00000  25.2%   7.7 2365s
 17762949 4271157   92.00000   49   18  115.00000   86.00000  25.2%   7.7 2370s
 17784811 4274551 infeasible   61       115.00000   86.00000  25.2%   7.7 2375s
 17807334 4277865   97.00000   49   13  115.00000   86.00000  25.2%   7.7 2382s
 17817057 4279388 infeasible   52       115.00000   86.00000  25.2%   7.7 2385s
 17840548 4283451   97.00000   50   17  115.00000   86.00000  25.2%   7.7 2390s
 17863105 4287254   94.00000   47   15  115.00000   86.00000  25.2%   7.7 2395s
 17885925 4291112   86.24658   50   19  115.00000   86.00000  25.2%   7.7 2400s
 17909557 4295015  106.16495   59   17  115.00000   86.00000  25.2%   7.7 2405s
 17921171 4297470  104.00000   54   15  115.00000   86.00000  25.2%   7.7 2410s
 17941632 4301049   99.00000   59   13  115.00000   86.00000  25.2%   7.7 2415s
 17964383 4304507  112.00000   47   13  115.00000   86.00000  25.2%   7.7 2420s
 17988685 4308082  107.00000   47   14  115.00000   86.00000  25.2%   7.7 2425s
 18000246 4310007  102.12329   71   13  115.00000   86.00000  25.2%   7.7 2430s
 18022469 4313747  110.00000   67   11  115.00000   86.00000  25.2%   7.7 2435s
 18045272 4317296 infeasible   52       115.00000   86.00000  25.2%   7.7 2440s
 18065384 4321069   89.25879   57   19  115.00000   86.00000  25.2%   7.7 2445s
 18085696 4323976   95.00000   52   18  115.00000   86.00000  25.2%   7.7 2450s
 18099234 4325218   87.13575   54   21  115.00000   86.00000  25.2%   7.7 2455s
 18120739 4328769 infeasible   60       115.00000   86.00000  25.2%   7.7 2460s
 18141673 4332212   95.00000   60   17  115.00000   86.00000  25.2%   7.7 2465s
 18163791 4336008   89.00000   63   19  115.00000   86.00000  25.2%   7.7 2470s
 18187254 4339051 infeasible   50       115.00000   86.00000  25.2%   7.7 2475s
 18195925 4340208   92.00000   53   19  115.00000   86.00000  25.2%   7.7 2480s
 18213178 4342806  112.00000   71    7  115.00000   86.00000  25.2%   7.7 2487s
 18223222 4345145   91.00000   61   16  115.00000   86.00000  25.2%   7.7 2490s
 18245942 4348621   94.00000   61   18  115.00000   86.00000  25.2%   7.7 2495s
 18268563 4352479   94.11583   54   18  115.00000   86.00000  25.2%   7.7 2500s
 18289175 4356130  102.00000   59   16  115.00000   86.00000  25.2%   7.7 2505s
 18312917 4360237   96.00000   51   19  115.00000   86.00000  25.2%   7.7 2510s
 18332772 4362989 infeasible   62       115.00000   86.00000  25.2%   7.7 2519s
 18332802 4363144 infeasible   63       115.00000   86.00000  25.2%   7.7 2520s
 18341851 4364338  110.03358   59   19  115.00000   86.00000  25.2%   7.7 2525s
 18360364 4366363 infeasible   68       115.00000   86.00000  25.2%   7.7 2530s
 18382988 4369443   91.00000   59   19  115.00000   86.00000  25.2%   7.7 2535s
 18403518 4373191  113.00000   58   15  115.00000   86.00000  25.2%   7.7 2540s
 18425213 4376131   87.00000   47   20  115.00000   86.00000  25.2%   7.7 2545s
 18446003 4379440 infeasible   49       115.00000   86.00000  25.2%   7.7 2550s
 18467177 4382897 infeasible   57       115.00000   86.00000  25.2%   7.7 2555s
 18477840 4384708  103.00000   51   10  115.00000   86.00000  25.2%   7.7 2560s
 18494899 4387972 infeasible   61       115.00000   86.00000  25.2%   7.7 2565s
 18517561 4390880 infeasible   64       115.00000   86.00000  25.2%   7.7 2570s
 18533004 4394081 infeasible   52       115.00000   86.00000  25.2%   7.7 2575s
 18553506 4396915   90.00000   48   17  115.00000   86.00000  25.2%   7.7 2580s
 18573771 4401027 infeasible   55       115.00000   86.00000  25.2%   7.7 2585s
 18592425 4403251  112.00000   53   16  115.00000   86.00000  25.2%   7.7 2590s
 18598665 4403941   91.00000   54   15  115.00000   86.00000  25.2%   7.7 2595s
 18616651 4406935  113.00000   48   13  115.00000   86.00000  25.2%   7.7 2600s
 18634769 4409381  102.00000   64   12  115.00000   86.00000  25.2%   7.7 2605s
 18654061 4412379  105.46643   65   18  115.00000   86.00000  25.2%   7.7 2610s
 18673666 4415568  101.34091   53   17  115.00000   86.00000  25.2%   7.7 2615s
 18689020 4418607   99.43192   52   15  115.00000   86.00000  25.2%   7.7 2620s
 18710679 4422181   98.20000   61   17  115.00000   86.00000  25.2%   7.7 2625s
 18718184 4422572  100.00000   59   18  115.00000   86.00000  25.2%   7.7 2630s
 18734819 4426080   91.00000   55   19  115.00000   86.00000  25.2%   7.7 2635s
 18752314 4428601   91.00000   43   20  115.00000   86.00000  25.2%   7.7 2640s
 18773539 4431426  108.00000   64   11  115.00000   86.00000  25.2%   7.7 2645s
 18793408 4434833   98.00000   59   15  115.00000   86.00000  25.2%   7.7 2650s
 18811050 4437308   96.64706   57   16  115.00000   86.00000  25.2%   7.7 2655s
 18828805 4440154 infeasible   60       115.00000   86.00000  25.2%   7.7 2660s
 18846437 4443589 infeasible   56       115.00000   86.00000  25.2%   7.7 2665s
 18865499 4445616   95.00000   51   21  115.00000   86.00000  25.2%   7.7 2673s
 18872367 4447989   86.00000   46   24  115.00000   86.00000  25.2%   7.7 2676s
 18887148 4449530   86.00000   49   21  115.00000   86.00000  25.2%   7.7 2680s
 18904826 4452847   91.68591   58   18  115.00000   86.00000  25.2%   7.7 2685s
 18919570 4454537 infeasible   50       115.00000   86.00000  25.2%   7.7 2691s
 18929749 4456993   90.00000   64   20  115.00000   86.00000  25.2%   7.7 2695s
 18951285 4459913   87.00000   48   19  115.00000   86.00000  25.2%   7.7 2700s
 18969651 4463184  114.00000   60   10  115.00000   86.00547  25.2%   7.7 2705s
 18989513 4466562  100.00000   56   16  115.00000   86.02239  25.2%   7.7 2710s
 18993770 4467230  102.02521   54   13  115.00000   86.02503  25.2%   7.7 2715s
 19014342 4471378  111.00000   65   11  115.00000   86.02521  25.2%   7.7 2720s
 19034129 4475263 infeasible   55       115.00000   86.02947  25.2%   7.7 2725s
 19053341 4479200   86.06316   54   19  115.00000   86.04178  25.2%   7.7 2730s
 19074409 4482612 infeasible   52       115.00000   86.05213  25.2%   7.7 2735s
 19096062 4487939   92.00000   54   13  115.00000   86.06716  25.2%   7.7 2740s
 19116230 4493084  107.00000   56   14  115.00000   86.07759  25.1%   7.7 2746s
 19130402 4494558 infeasible   51       115.00000   86.08759  25.1%   7.7 2751s
 19141968 4497660 infeasible   58       115.00000   86.10189  25.1%   7.7 2756s
 19161811 4501865   87.00000   45   24  115.00000   86.10973  25.1%   7.7 2760s
 19182626 4504914   98.12438   54   14  115.00000   86.12345  25.1%   7.7 2765s
 19198912 4507763  112.20690   63   13  115.00000   86.13419  25.1%   7.7 2770s
 19216504 4511367  106.00000   49    9  115.00000   86.14080  25.1%   7.7 2775s
 19237548 4514642  111.05875   61   14  115.00000   86.16019  25.1%   7.7 2780s
 19255639 4518033 infeasible   60       115.00000   86.18450  25.1%   7.7 2785s
 19275668 4521336 infeasible   56       115.00000   86.20415  25.0%   7.7 2790s
 19294092 4525020     cutoff   59       115.00000   86.23667  25.0%   7.7 2795s
 19302698 4526691 infeasible   59       115.00000   86.24020  25.0%   7.7 2800s
 19320154 4529909  109.14737   55   17  115.00000   86.24920  25.0%   7.7 2805s
 19339342 4533878 infeasible   62       115.00000   86.25879  25.0%   7.7 2810s
 19356950 4538261 infeasible   57       115.00000   86.26927  25.0%   7.7 2815s
 19378872 4541771  106.14737   57   19  115.00000   86.30188  25.0%   7.7 2820s
 19398666 4545824   96.34494   42   17  115.00000   86.34311  24.9%   7.7 2825s
 19419881 4549447   95.00000   56   21  115.00000   86.39344  24.9%   7.7 2830s
 19438785 4553241   87.00000   52   18  115.00000   86.43912  24.8%   7.7 2835s
 19452540 4555693  105.00000   61   15  115.00000   86.49169  24.8%   7.7 2840s
 19470139 4558547 infeasible   53       115.00000   86.55396  24.7%   7.7 2845s
 19487559 4561263 infeasible   55       115.00000   86.61538  24.7%   7.7 2854s
 19489028 4561583  102.00000   56   16  115.00000   86.63000  24.7%   7.7 2855s
 19499927 4563400  106.00000   50   13  115.00000   86.66667  24.6%   7.7 2861s
 19512387 4565801  103.36792   53   22  115.00000   86.72169  24.6%   7.7 2865s
 19532468 4570242  102.00000   60   13  115.00000   86.79442  24.5%   7.7 2871s
 19551817 4574067  112.00000   50   13  115.00000   86.85667  24.5%   7.7 2875s
 19570807 4577267 infeasible   65       115.00000   86.91267  24.4%   7.7 2880s
 19589540 4580807   96.18750   40   21  115.00000   86.97136  24.4%   7.7 2885s
 19603312 4583838 infeasible   50       115.00000   87.00000  24.3%   7.7 2890s
 19624299 4586219 infeasible   67       115.00000   87.00000  24.3%   7.7 2895s
 19639235 4587856 infeasible   54       115.00000   87.00000  24.3%   7.7 2900s
 19656975 4590441 infeasible   57       115.00000   87.00000  24.3%   7.7 2905s
 19665288 4591774   99.00000   56   17  115.00000   87.00000  24.3%   7.7 2910s
 19679841 4593522  113.00000   65   13  115.00000   87.00000  24.3%   7.7 2921s
 19691884 4595338  113.00000   52   10  115.00000   87.00000  24.3%   7.7 2925s
 19709102 4597352  101.00000   64   14  115.00000   87.00000  24.3%   7.7 2930s
 19726243 4599347  105.00000   50   11  115.00000   87.00000  24.3%   7.7 2938s
 19726836 4600521  109.19523   54   13  115.00000   87.00000  24.3%   7.7 2940s
 19749052 4602376 infeasible   61       115.00000   87.00000  24.3%   7.7 2945s
 19763430 4605113 infeasible   56       115.00000   87.00000  24.3%   7.7 2950s
 19783644 4607114   87.00000   54   14  115.00000   87.00000  24.3%   7.7 2955s
 19803491 4610868   88.00000   52   20  115.00000   87.00000  24.3%   7.7 2961s
 19822209 4613201 infeasible   52       115.00000   87.00000  24.3%   7.7 2965s
 19828264 4613642 infeasible   56       115.00000   87.00000  24.3%   7.7 2970s
 19843616 4615540 infeasible   52       115.00000   87.00000  24.3%   7.7 2975s
 19859752 4617907   96.16944   50   19  115.00000   87.00000  24.3%   7.7 2980s
 19876123 4620587   87.16498   55   18  115.00000   87.00000  24.3%   7.7 2985s
 19895737 4622923   87.24408   53   18  115.00000   87.00000  24.3%   7.7 2990s
 19914347 4625678 infeasible   58       115.00000   87.00000  24.3%   7.7 2995s
 19932226 4628445   90.41315   48   18  115.00000   87.00000  24.3%   7.7 3002s
 19940746 4629747 infeasible   51       115.00000   87.00000  24.3%   7.7 3005s
 19958618 4632274   97.00000   49   13  115.00000   87.00000  24.3%   7.7 3010s
 19976964 4634994  104.11957   52   14  115.00000   87.00000  24.3%   7.7 3015s
 19996129 4637750   92.00000   55   14  115.00000   87.00000  24.3%   7.7 3020s
 20014077 4640288 infeasible   59       115.00000   87.00000  24.3%   7.7 3027s
 20020141 4641152   98.00000   54   18  115.00000   87.00000  24.3%   7.7 3030s
 20037463 4643509   87.00000   51   18  115.00000   87.00000  24.3%   7.7 3035s
 20056728 4646034  108.00000   54    8  115.00000   87.00000  24.3%   7.7 3040s
 20074039 4648160   93.00000   57   13  115.00000   87.00000  24.3%   7.7 3045s
 20090000 4650236  103.00000   58   10  115.00000   87.00000  24.3%   7.7 3051s
 20105743 4651683   89.83333   50   21  115.00000   87.00000  24.3%   7.7 3055s
 20117602 4653042 infeasible   59       115.00000   87.00000  24.3%   7.7 3061s
 20127920 4654764  105.00000   60   16  115.00000   87.00000  24.3%   7.7 3065s
 20146177 4656583  106.00000   49   13  115.00000   87.00000  24.3%   7.7 3070s
 20164556 4659015  102.00000   56   16  115.00000   87.00000  24.3%   7.7 3075s
 20181368 4661914  111.01779   52   10  115.00000   87.00000  24.3%   7.7 3080s
 20200728 4664133   89.47807   54   20  115.00000   87.00000  24.3%   7.7 3085s
 20209645 4665337   87.10547   42   15  115.00000   87.00000  24.3%   7.7 3090s
 20228404 4668363   99.24658   55   16  115.00000   87.00000  24.3%   7.7 3096s
 20245811 4670329 infeasible   54       115.00000   87.00000  24.3%   7.7 3100s
 20263120 4673202   90.00000   43   23  115.00000   87.00000  24.3%   7.7 3105s
 20281034 4675016 infeasible   63       115.00000   87.00000  24.3%   7.7 3110s
 20287217 4675856 infeasible   57       115.00000   87.00000  24.3%   7.7 3115s
 20302395 4678622  106.00000   60   10  115.00000   87.00000  24.3%   7.7 3120s
 20319912 4680472   88.00000   64   18  115.00000   87.00000  24.3%   7.7 3125s
 20337551 4682911  110.03457   57   12  115.00000   87.00000  24.3%   7.7 3130s
 20350559 4684975  102.00000   47   14  115.00000   87.00000  24.3%   7.7 3135s
 20371955 4687490  111.00000   57   17  115.00000   87.00000  24.3%   7.7 3141s
 20390121 4689373  106.00000   55   12  115.00000   87.00000  24.3%   7.7 3145s
 20399773 4690643  112.00000   54   17  115.00000   87.00000  24.3%   7.7 3151s
 20409451 4691680   96.24920   55   16  115.00000   87.00000  24.3%   7.7 3158s
 20413690 4692857  111.00000   65   11  115.00000   87.00000  24.3%   7.7 3160s
 20434227 4694903  108.00000   57   15  115.00000   87.00000  24.3%   7.7 3165s
 20450900 4696991 infeasible   67       115.00000   87.00000  24.3%   7.7 3170s
 20470727 4699780 infeasible   59       115.00000   87.00000  24.3%   7.7 3175s
 20487226 4702242  109.00000   60   14  115.00000   87.00000  24.3%   7.7 3180s
 20495483 4702733  108.00000   53   12  115.00000   87.00000  24.3%   7.7 3185s
 20514421 4704749  105.10870   75   12  115.00000   87.00000  24.3%   7.7 3190s
 20530315 4707647  103.00000   56   17  115.00000   87.00000  24.3%   7.7 3195s
 20552926 4710090  108.00000   62    7  115.00000   87.00000  24.3%   7.7 3200s
 20571304 4713034   97.00000   58   13  115.00000   87.00000  24.3%   7.7 3205s
 20590257 4715208 infeasible   61       115.00000   87.00000  24.3%   7.7 3210s
 20599120 4716605 infeasible   67       115.00000   87.00000  24.3%   7.7 3215s
 20617133 4718858 infeasible   58       115.00000   87.00000  24.3%   7.7 3220s
 20635139 4721324   94.00000   58   17  115.00000   87.00000  24.3%   7.7 3225s
 20655634 4724239 infeasible   55       115.00000   87.00000  24.3%   7.7 3230s
 20673987 4726765 infeasible   51       115.00000   87.00000  24.3%   7.7 3235s
 20693206 4729355   94.00000   50   16  115.00000   87.00000  24.3%   7.7 3240s
 20708385 4732218   89.00000   60   15  115.00000   87.00000  24.3%   7.7 3245s
 20721634 4733566 infeasible   56       115.00000   87.00000  24.3%   7.7 3250s
 20740948 4736209  114.00000   58   10  115.00000   87.00000  24.3%   7.7 3255s
 20757997 4738888  105.10547   48   16  115.00000   87.00000  24.3%   7.7 3260s
 20775859 4741954   87.73376   48   22  115.00000   87.00000  24.3%   7.7 3265s
 20796050 4744287   98.00000   60   14  115.00000   87.00000  24.3%   7.7 3270s
 20811252 4746241  110.48071   50   14  115.00000   87.00000  24.3%   7.7 3276s
 20819918 4747210 infeasible   49       115.00000   87.00000  24.3%   7.7 3280s
 20838823 4749582  102.00000   60   15  115.00000   87.00000  24.3%   7.7 3285s
 20856485 4751353  112.00000   58   14  115.00000   87.00000  24.3%   7.7 3290s
 20872923 4753122 infeasible   59       115.00000   87.00000  24.3%   7.7 3295s
 20888597 4754587 infeasible   56       115.00000   87.00000  24.3%   7.7 3302s
 20896169 4755332 infeasible   55       115.00000   87.00000  24.3%   7.7 3305s
 20900758 4755892  107.00000   58   12  115.00000   87.00000  24.3%   7.7 3310s
 20920582 4758541 infeasible   59       115.00000   87.00000  24.3%   7.7 3316s
 20937664 4760562  106.00000   56   16  115.00000   87.00000  24.3%   7.7 3320s
 20953772 4762986 infeasible   58       115.00000   87.00000  24.3%   7.7 3325s
 20958039 4762968 infeasible   60       115.00000   87.00000  24.3%   7.7 3332s
 20961594 4763342 infeasible   54       115.00000   87.00000  24.3%   7.7 3336s
 20973437 4764812     cutoff   58       115.00000   87.00000  24.3%   7.7 3340s
 20989959 4766532   88.00000   55   18  115.00000   87.00000  24.3%   7.7 3345s
 21003950 4768614   92.00000   54   15  115.00000   87.00000  24.3%   7.7 3350s
 21024561 4771985   99.00000   52   21  115.00000   87.00000  24.3%   7.7 3355s
 21043548 4773724  105.13495   58   14  115.00000   87.00000  24.3%   7.7 3360s
 21063311 4776510  107.00000   53   10  115.00000   87.00000  24.3%   7.7 3365s
 21082576 4779031  102.00000   56   17  115.00000   87.00000  24.3%   7.7 3373s
 21086510 4779722  103.00000   59   19  115.00000   87.00000  24.3%   7.7 3375s
 21103162 4782678   97.25879   50   16  115.00000   87.00000  24.3%   7.7 3380s
 21122275 4784847  109.00000   66   15  115.00000   87.00000  24.3%   7.7 3385s
 21141382 4787507  105.00000   58   13  115.00000   87.00000  24.3%   7.7 3390s
 21158197 4790247  105.03261   59   10  115.00000   87.00000  24.3%   7.7 3395s
 21178523 4793753 infeasible   45       115.00000   87.00000  24.3%   7.7 3401s
 21196675 4795306   89.00000   58   22  115.00000   87.00000  24.3%   7.7 3405s
 21213894 4797567   96.18698   59   18  115.00000   87.00000  24.3%   7.7 3410s
 21232941 4800943   90.00000   57   24  115.00000   87.00000  24.3%   7.7 3415s
 21240530 4801395 infeasible   61       115.00000   87.00000  24.3%   7.7 3420s
 21257654 4803693   99.00000   59   17  115.00000   87.00000  24.3%   7.7 3425s
 21275441 4806183  104.00000   55   17  115.00000   87.00000  24.3%   7.7 3430s
 21294718 4809860   95.56837   50   18  115.00000   87.00000  24.3%   7.7 3436s
 21312389 4811668 infeasible   60       115.00000   87.00000  24.3%   7.7 3440s
 21331235 4815069  107.01261   57   15  115.00000   87.00000  24.3%   7.7 3446s
 21347949 4816963   99.00000   63   19  115.00000   87.00000  24.3%   7.7 3450s
 21359165 4818467  112.09783   52   12  115.00000   87.00000  24.3%   7.7 3455s
 21374788 4821209     cutoff   54       115.00000   87.00000  24.3%   7.7 3460s
 21393525 4823258 infeasible   54       115.00000   87.00000  24.3%   7.7 3465s
 21395769 4823447 infeasible   46       115.00000   87.00000  24.3%   7.7 3470s
 21407736 4825951   95.00000   59   25  115.00000   87.00000  24.3%   7.7 3475s
 21427595 4827968 infeasible   54       115.00000   87.00000  24.3%   7.7 3480s
 21442328 4830855  107.29508   55   16  115.00000   87.00000  24.3%   7.7 3485s
 21450679 4831007   87.00000   49   23  115.00000   87.00000  24.3%   7.7 3490s
 21464597 4832781  109.00000   45   18  115.00000   87.00000  24.3%   7.7 3495s
 21479155 4835436  100.05792   52   21  115.00000   87.00000  24.3%   7.7 3500s
 21497138 4838398  107.16423   59   12  115.00000   87.00000  24.3%   7.7 3505s
 21513854 4840453   87.00000   49   19  115.00000   87.00000  24.3%   7.7 3510s
 21528048 4843328  111.00000   52   15  115.00000   87.00000  24.3%   7.7 3515s
 21549257 4845422 infeasible   59       115.00000   87.00000  24.3%   7.7 3520s
 21565946 4847718  110.31894   55   12  115.00000   87.00000  24.3%   7.7 3525s
 21570058 4848193  109.00000   65   16  115.00000   87.00000  24.3%   7.7 3530s
 21586787 4850893 infeasible   58       115.00000   87.00000  24.3%   7.7 3535s
 21604231 4853497 infeasible   68       115.00000   87.01149  24.3%   7.7 3540s
 21621823 4856285 infeasible   56       115.00000   87.02521  24.3%   7.7 3545s
 21638324 4860076  103.00000   58   15  115.00000   87.02521  24.3%   7.7 3550s
 21658517 4862825  103.23052   63   17  115.00000   87.03300  24.3%   7.7 3555s
 21676083 4865591 infeasible   50       115.00000   87.04399  24.3%   7.7 3560s
 21692571 4868186 infeasible   57       115.00000   87.05444  24.3%   7.7 3565s
 21695586 4868224 infeasible   60       115.00000   87.05792  24.3%   7.7 3570s
 21711058 4871966  106.00000   52   17  115.00000   87.06667  24.3%   7.7 3575s
 21731618 4875151   98.00000   56   15  115.00000   87.07759  24.3%   7.7 3580s
 21749829 4878367 infeasible   57       115.00000   87.09052  24.3%   7.7 3585s
 21768082 4881461   87.10547   53   19  115.00000   87.10547  24.3%   7.7 3590s
 21786400 4884875   95.61538   57   15  115.00000   87.10778  24.3%   7.7 3595s
 21805277 4887901  102.10547   46   18  115.00000   87.12134  24.2%   7.7 3600s

Cutting planes:
  Learned: 1
  Gomory: 3
  Implied bound: 2
  MIR: 8
  Flow cover: 10

Explored 21805441 nodes (167577387 simplex iterations) in 3600.06 seconds (611.58 work units)
Thread count was 16 (of 16 available processors)

Solution count 10: 115 116 118 ... 141

Time limit reached
Best objective 1.150000000000e+02, best bound 8.800000000000e+01, gap 23.4783%
Warning: constraint name "precedence between 0,1 to 0,0 if x_[j,l,h,z,i]=1" has a space
Warning: constraint name "precedence between 0,1 to 0,0 if x_[j,l,h,z,i]=1" has a space
Warning: default constraint names used to write mps file
