
Gurobi 10.0.1 (win64) logging started Tue Aug 29 02:57:10 2023

Set parameter LogFile to value "results//log/URT_14_deadline.log"
Gurobi Optimizer version 10.0.1 build v10.0.1rc0 (win64)

CPU model: AMD Ryzen 7 3700X 8-Core Processor, instruction set [SSE2|AVX|AVX2]
Thread count: 8 physical cores, 16 logical processors, using up to 16 threads

Optimize a model with 838 rows, 589 columns and 3472 nonzeros
Model fingerprint: 0x26ac05a5
Model has 1 quadratic constraint
Variable types: 63 continuous, 526 integer (525 binary)
Coefficient statistics:
  Matrix range     [1e+00, 1e+06]
  QMatrix range    [1e+00, 1e+00]
  QLMatrix range   [1e+00, 1e+01]
  Objective range  [1e+00, 1e+00]
  Bounds range     [1e+00, 1e+00]
  RHS range        [1e+00, 3e+06]
Presolve removed 85 rows and 237 columns
Presolve time: 0.01s
Presolved: 775 rows, 373 columns, 3464 nonzeros
Variable types: 84 continuous, 289 integer (288 binary)

Root relaxation: objective 0.000000e+00, 86 iterations, 0.00 seconds (0.00 work units)

    Nodes    |    Current Node    |     Objective Bounds      |     Work
 Expl Unexpl |  Obj  Depth IntInf | Incumbent    BestBd   Gap | It/Node Time

     0     0    0.00000    0    3          -    0.00000      -     -    0s
H    0     0                      93.0000000    0.00000   100%     -    0s
H    0     0                      91.0000000    0.00000   100%     -    0s
H    0     0                      80.0000000    0.00000   100%     -    0s
     0     0    0.00000    0   18   80.00000    0.00000   100%     -    0s
     0     0    0.00000    0   11   80.00000    0.00000   100%     -    0s
     0     0    0.00000    0    4   80.00000    0.00000   100%     -    0s
     0     0    0.00000    0    9   80.00000    0.00000   100%     -    0s
     0     0    0.00000    0    9   80.00000    0.00000   100%     -    0s
     0     0    0.00000    0    6   80.00000    0.00000   100%     -    0s
     0     0    0.00000    0    8   80.00000    0.00000   100%     -    0s
     0     0    0.00000    0   14   80.00000    0.00000   100%     -    0s
H    0     0                      74.0000000    0.00000   100%     -    0s
     0     0    0.00000    0    7   74.00000    0.00000   100%     -    0s
     0     0    0.00000    0    7   74.00000    0.00000   100%     -    0s
     0     2    0.00000    0    7   74.00000    0.00000   100%     -    0s
H   34    36                      71.0000000    0.00000   100%  76.6    0s
H  122   123                      70.0000000    0.00000   100%  28.8    0s
H  263   222                      69.0000000    0.00000   100%  18.4    1s
H  277   222                      64.0000000    0.00000   100%  17.7    1s
H  560   393                      61.0000000    7.00000  88.5%  12.8    1s
 14039  7380   41.31614   61   19   61.00000    7.00000  88.5%   8.5    5s
*16487  8715              76      58.0000000    7.00000  87.9%   8.6    5s
H42155 21505                      57.0000000    7.00000  87.7%   8.3    8s
 42175 21519   10.00000   34   30   57.00000   10.00000  82.5%   8.3   10s
H42219 20481                      56.0000000   10.00000  82.1%   8.6   11s
 66758 24479   54.00000   80   13   56.00000   10.15854  81.9%   9.6   15s
 110824 33090   26.00000   72   16   56.00000   10.15854  81.9%  10.5   20s
 184068 65061   34.00000   79   11   56.00000   11.00000  80.4%  10.7   25s
 261330 92890   45.00000   64   16   56.00000   11.00000  80.4%  10.6   30s
 302361 110301   12.16931   67   23   56.00000   11.00000  80.4%  10.8   35s
 365343 133511   25.00000   79   20   56.00000   11.00000  80.4%  10.9   40s
 420926 153126 infeasible   82        56.00000   11.00000  80.4%  10.8   45s
 468018 169277     cutoff   76        56.00000   11.00000  80.4%  10.9   50s
 517375 189613   36.00000   78   17   56.00000   12.00000  78.6%  10.9   55s
 578641 210841   29.85330   72   19   56.00000   12.00000  78.6%  10.9   60s
 621349 224002   16.00000   77   17   56.00000   12.00000  78.6%  10.9   65s
 676511 242927   52.00000   79   12   56.00000   12.00000  78.6%  10.9   70s
 731318 261491   44.00000   74   12   56.00000   12.00000  78.6%  11.0   75s
 782924 278727   27.00000   74   20   56.00000   12.00000  78.6%  11.0   80s
 843628 299100 infeasible   78        56.00000   12.15854  78.3%  11.0   85s
 914143 322504   49.00000   88    9   56.00000   13.00000  76.8%  10.9   90s
 988387 345542   25.00000   72   17   56.00000   13.00000  76.8%  10.9   95s
 1061743 368126 infeasible   78        56.00000   13.00000  76.8%  10.9  100s
 1131399 390079   18.00000   69   28   56.00000   13.00000  76.8%  10.9  105s
 1200163 412243   26.00000   75   20   56.00000   13.00000  76.8%  10.9  110s
 1274902 436521   40.00000   74   17   56.00000   14.00000  75.0%  10.9  115s
 1341437 457603   24.00000   62   20   56.00000   14.00000  75.0%  10.8  120s
 1413484 478794   35.18872   67   15   56.00000   14.00000  75.0%  10.8  125s
 1485225 499371 infeasible   68        56.00000   14.00000  75.0%  10.8  130s
 1553482 519066   35.15727   68   23   56.00000   14.00000  75.0%  10.8  135s
 1620050 538834   26.00000   80   20   56.00000   14.37643  74.3%  10.8  140s
*1692286 556970              99      55.0000000   15.00000  72.7%  10.7  144s
 1694480 557467   48.00000   90   12   55.00000   15.00000  72.7%  10.7  145s
 1762984 576653   30.00000   83   18   55.00000   15.00000  72.7%  10.7  150s
 1833978 596515   31.00000   70   14   55.00000   15.00000  72.7%  10.7  155s
 1900345 613991   48.00000   74   12   55.00000   15.00000  72.7%  10.7  160s
 1970331 633480   48.11423   65   24   55.00000   15.00000  72.7%  10.7  165s
 2046562 655913   17.00000   62   23   55.00000   16.00000  70.9%  10.6  170s
 2115066 675887   43.23210   85   17   55.00000   16.00000  70.9%  10.6  175s
 2185614 696691   16.00000   71   17   55.00000   16.00000  70.9%  10.6  180s
 2256275 716564   22.00000   77   19   55.00000   16.00000  70.9%  10.6  185s
 2326819 735783   28.00000   71   18   55.00000   16.00000  70.9%  10.5  190s
 2389045 753871   35.00000   67   16   55.00000   16.00000  70.9%  10.5  195s
 2455742 770714 infeasible   77        55.00000   16.00000  70.9%  10.5  200s
 2512697 787112   45.00000   74   13   55.00000   17.00000  69.1%  10.5  205s
 2577604 805051   41.00000   86   10   55.00000   17.00000  69.1%  10.5  210s
 2644962 824785   45.00000   76   14   55.00000   17.00000  69.1%  10.5  215s
 2710059 840627   44.00000   73   18   55.00000   17.00000  69.1%  10.5  220s
 2771726 856222   34.00000   78   24   55.00000   17.00000  69.1%  10.4  225s
 2832769 871538   33.00000   81   17   55.00000   17.00000  69.1%  10.4  230s
 2892215 887745   50.00000   82   10   55.00000   17.00000  69.1%  10.4  235s
 2952668 901521   39.00000   77   23   55.00000   17.00000  69.1%  10.4  240s
 3007835 915229 infeasible   83        55.00000   17.00000  69.1%  10.4  245s
 3069849 931509   25.00000   68   20   55.00000   17.64356  67.9%  10.4  250s
 3133608 950039   41.00000   80   12   55.00000   18.00000  67.3%  10.4  255s
 3193079 965483   35.00000   75   14   55.00000   18.00000  67.3%  10.3  260s
 3252156 981288   43.00000   79   13   55.00000   18.00000  67.3%  10.3  265s
 3309999 996436   41.00000   93   13   55.00000   18.00000  67.3%  10.3  270s
 3357152 1007835   38.00000   85   13   55.00000   18.00000  67.3%  10.3  275s
 3416787 1021735 infeasible   76        55.00000   18.00000  67.3%  10.3  280s
 3473800 1035949   45.00000   78   15   55.00000   18.00000  67.3%  10.3  285s
 3532758 1049663 infeasible   77        55.00000   18.00000  67.3%  10.3  290s
 3586186 1062197   37.34138   78   14   55.00000   18.00000  67.3%  10.3  295s
 3643402 1074403   32.00000   75   21   55.00000   18.00000  67.3%  10.3  300s
 3695058 1087213   27.00000   78   20   55.00000   18.06474  67.2%  10.3  305s
 3754484 1101886 infeasible   63        55.00000   19.00000  65.5%  10.2  310s
 3809406 1114694 infeasible   88        55.00000   19.00000  65.5%  10.2  315s
 3860437 1125932 infeasible   91        55.00000   19.00000  65.5%  10.2  320s
 3913117 1137592   25.75000   82   20   55.00000   19.00000  65.5%  10.2  325s
 3958679 1146908 infeasible   73        55.00000   19.00000  65.5%  10.2  330s
 4008386 1157516   28.00000   74   23   55.00000   19.00000  65.5%  10.2  335s
 4049074 1167037   31.08000   70   19   55.00000   19.00000  65.5%  10.2  340s
 4102225 1177714   42.00000   76   13   55.00000   19.00000  65.5%  10.2  345s
 4144653 1187285   39.00000   75   13   55.00000   19.00000  65.5%  10.2  350s
 4197300 1200187   39.00000   78   14   55.00000   19.00000  65.5%  10.2  355s
 4249002 1210594   47.49480   73   23   55.00000   19.00000  65.5%  10.2  360s
 4301860 1222452   19.00000   65   21   55.00000   19.00000  65.5%  10.2  365s
 4327452 1228069 infeasible   77        55.00000   19.26834  65.0%  10.2  370s
 4375440 1238560   45.00000   84   12   55.00000   20.00000  63.6%  10.2  375s
 4409535 1246431 infeasible   74        55.00000   20.00000  63.6%  10.2  380s
 4443353 1255776   39.00000   65   13   55.00000   20.00000  63.6%  10.2  385s
 4499027 1264886   26.00000   74   19   55.00000   20.00000  63.6%  10.2  390s
 4549383 1275576 infeasible   74        55.00000   20.00000  63.6%  10.2  395s
 4597467 1285531   28.00000   75   19   55.00000   20.00000  63.6%  10.2  400s
 4640976 1295915   34.00000   60   23   55.00000   20.00000  63.6%  10.2  405s
 4691928 1306430   43.03954   76   20   55.00000   20.00000  63.6%  10.2  411s
*4724234 1273283              89      53.0000000   20.00000  62.3%  10.2  414s
 4727994 1274552   40.00000   82   15   53.00000   20.00000  62.3%  10.2  415s
 4766471 1280863   21.00000   64   18   53.00000   20.00000  62.3%  10.2  420s
H4779869 1254790                      52.0000000   20.00000  61.5%  10.2  421s
 4806653 1260020   41.00000   71   10   52.00000   20.00000  61.5%  10.2  425s
 4844299 1266948   28.00000   86   17   52.00000   20.00000  61.5%  10.2  430s
 4887530 1274724   46.00000   80   11   52.00000   20.00000  61.5%  10.3  435s
 4933520 1283278   35.00000   76   24   52.00000   20.00000  61.5%  10.3  440s
 4975623 1291706   31.50000   79   15   52.00000   20.00000  61.5%  10.3  446s
 5006959 1298494 infeasible   85        52.00000   20.34731  60.9%  10.3  450s
 5052650 1307251   50.00000   76   14   52.00000   21.00000  59.6%  10.3  455s
 5097080 1315504   37.87448   78   15   52.00000   21.00000  59.6%  10.3  460s
 5141357 1322612   27.00000   73   17   52.00000   21.00000  59.6%  10.3  465s
 5187398 1329919 infeasible   68        52.00000   21.00000  59.6%  10.3  470s
 5228372 1336708   38.00000   81   14   52.00000   21.00000  59.6%  10.3  475s
 5282196 1345112 infeasible   84        52.00000   21.00000  59.6%  10.3  480s
 5339203 1355893   37.00000   71   19   52.00000   21.00000  59.6%  10.3  485s
 5389269 1363916 infeasible   81        52.00000   21.00000  59.6%  10.3  490s
 5438693 1372094 infeasible   75        52.00000   21.00000  59.6%  10.3  495s
 5466709 1376613 infeasible   76        52.00000   21.00000  59.6%  10.3  500s
 5515030 1384604 infeasible   86        52.00000   21.00000  59.6%  10.3  505s
 5561512 1392483   45.50000   73   12   52.00000   21.00000  59.6%  10.3  510s
 5611187 1401023   43.00000   74   16   52.00000   21.00000  59.6%  10.3  515s
 5667091 1411768 infeasible   81        52.00000   21.00000  59.6%  10.4  520s
 5724103 1423103 infeasible   71        52.00000   21.38462  58.9%  10.3  525s
 5776372 1434048   47.00000   74   12   52.00000   22.00000  57.7%  10.3  530s
 5828300 1443883   44.00000   89   11   52.00000   22.00000  57.7%  10.3  535s
 5875990 1451210   44.00000   75   11   52.00000   22.00000  57.7%  10.3  540s
 5921463 1457972 infeasible   75        52.00000   22.00000  57.7%  10.3  545s
 5975956 1466697   41.71429   75   13   52.00000   22.00000  57.7%  10.3  550s
 6020264 1473308 infeasible   78        52.00000   22.00000  57.7%  10.3  555s
 6062220 1480126 infeasible   85        52.00000   22.00000  57.7%  10.4  560s
 6107602 1487218 infeasible   82        52.00000   22.00000  57.7%  10.4  565s
 6155315 1495417   22.00000   70   18   52.00000   22.00000  57.7%  10.4  570s
 6204671 1504336   22.00000   78   20   52.00000   22.00000  57.7%  10.4  575s
 6253763 1512736   22.00000   70   20   52.00000   22.00000  57.7%  10.4  580s
 6301823 1519865   25.00000   71   19   52.00000   22.00000  57.7%  10.4  585s
 6351682 1529051   49.00000   83   15   52.00000   22.00000  57.7%  10.4  590s
 6401024 1538258   28.00000   70   26   52.00000   22.00000  57.7%  10.4  595s
 6452101 1545300   49.00000   77   13   52.00000   22.00000  57.7%  10.4  600s
 6487650 1551389   27.00000   77   22   52.00000   22.00000  57.7%  10.4  605s
 6537473 1560190   22.00000   66   19   52.00000   22.00000  57.7%  10.4  610s
 6584710 1567288 infeasible   67        52.00000   22.00000  57.7%  10.4  615s
 6630166 1574287   22.00000   71   22   52.00000   22.00000  57.7%  10.4  620s
 6675898 1582362   43.00000   80   16   52.00000   22.00000  57.7%  10.4  625s
 6724895 1591135   41.00000   80   11   52.00000   22.27311  57.2%  10.4  630s
 6767920 1598445   42.00000   80   15   52.00000   23.00000  55.8%  10.4  635s
 6813924 1607402   33.00000   76   16   52.00000   23.00000  55.8%  10.4  640s
 6850838 1613119 infeasible   81        52.00000   23.00000  55.8%  10.4  645s
 6891393 1618599 infeasible   78        52.00000   23.00000  55.8%  10.4  652s
 6918901 1622747   27.00000   70   16   52.00000   23.00000  55.8%  10.4  655s
 6965971 1629086   30.00000   79   19   52.00000   23.00000  55.8%  10.4  660s
 7012767 1635069   45.00000   77   11   52.00000   23.00000  55.8%  10.4  665s
 7052206 1640640   26.00000   74   19   52.00000   23.00000  55.8%  10.4  670s
 7095026 1646282   39.00000   73   13   52.00000   23.00000  55.8%  10.4  675s
 7139492 1652000   38.00000   76   13   52.00000   23.00000  55.8%  10.5  680s
 7180181 1656465   44.00000   76   13   52.00000   23.00000  55.8%  10.5  685s
 7221903 1661979   29.00000   71   15   52.00000   23.00000  55.8%  10.5  690s
 7266215 1668216 infeasible   86        52.00000   23.00000  55.8%  10.5  695s
 7306810 1673100   24.00000   73   21   52.00000   23.00000  55.8%  10.5  700s
 7336583 1677082   27.00000   73   18   52.00000   23.00000  55.8%  10.5  705s
 7376330 1682948   24.45863   63   21   52.00000   23.00000  55.8%  10.5  710s
 7419877 1689426   40.07143   78   13   52.00000   23.00000  55.8%  10.5  715s
 7464532 1694290   33.06474   77   20   52.00000   23.00000  55.8%  10.5  720s
 7508320 1700478   49.00000   81   15   52.00000   23.00000  55.8%  10.5  725s
 7550489 1707323   23.00000   74   20   52.00000   23.00000  55.8%  10.5  730s
 7592867 1712310   38.00000   79   14   52.00000   23.00000  55.8%  10.5  735s
 7639232 1719646   31.00000   71   20   52.00000   23.00000  55.8%  10.5  740s
 7676155 1723783   29.00000   76   15   52.00000   23.00000  55.8%  10.5  745s
 7718550 1729893   31.00000   76   18   52.00000   23.00000  55.8%  10.5  750s
 7757088 1735449   37.00000   75   16   52.00000   23.12990  55.5%  10.5  756s
 7788549 1740344   41.00000   73   13   52.00000   23.82231  54.2%  10.5  760s
 7833451 1748353   24.00000   79   17   52.00000   24.00000  53.8%  10.5  765s
 7868550 1754893   50.00000   78   13   52.00000   24.00000  53.8%  10.5  770s
 7897699 1759624   37.00000   82   10   52.00000   24.00000  53.8%  10.5  775s
 7927889 1763328 infeasible   78        52.00000   24.00000  53.8%  10.5  780s
 7959232 1766699 infeasible   76        52.00000   24.00000  53.8%  10.5  785s
 7990146 1770137 infeasible   88        52.00000   24.00000  53.8%  10.5  790s
 8021839 1773698   38.00000   79   13   52.00000   24.00000  53.8%  10.5  795s
 8056974 1777771   30.00000   83   17   52.00000   24.00000  53.8%  10.5  800s
 8088100 1781937 infeasible   83        52.00000   24.00000  53.8%  10.5  805s
 8119918 1786087   40.00000   74   15   52.00000   24.00000  53.8%  10.5  810s
 8152255 1789789   49.00000   74   10   52.00000   24.00000  53.8%  10.5  815s
 8180603 1792671 infeasible   77        52.00000   24.00000  53.8%  10.5  820s
 8207658 1795179   47.64286   83   14   52.00000   24.00000  53.8%  10.5  826s
 8227286 1797874   24.00000   64   19   52.00000   24.00000  53.8%  10.5  830s
 8258910 1801230 infeasible   76        52.00000   24.00000  53.8%  10.5  835s
 8292830 1805348 infeasible   85        52.00000   24.00000  53.8%  10.5  840s
 8323149 1808575   38.00000   82   16   52.00000   24.00000  53.8%  10.5  845s
 8357842 1812261   25.27445   74   20   52.00000   24.00000  53.8%  10.5  850s
 8389472 1815932   46.43899   69   11   52.00000   24.00000  53.8%  10.5  855s
 8411204 1818484 infeasible   77        52.00000   24.00000  53.8%  10.5  860s
 8442008 1821662   34.00000   73   15   52.00000   24.00000  53.8%  10.6  865s
 8477087 1826020   39.00000   74   16   52.00000   24.00000  53.8%  10.6  870s
 8509080 1830249   35.00000   70   19   52.00000   24.00000  53.8%  10.6  875s
 8529249 1832616   44.00000   83   12   52.00000   24.00000  53.8%  10.6  880s
 8563564 1836215   34.00000   68   17   52.00000   24.00000  53.8%  10.6  885s
 8597393 1840067   37.00000   75   18   52.00000   24.00000  53.8%  10.6  890s
 8631161 1844119   39.00000   72   17   52.00000   24.00000  53.8%  10.6  895s
 8661856 1847496   30.05503   77   22   52.00000   24.00000  53.8%  10.6  900s
 8697035 1851807   43.03125   71   23   52.00000   24.00000  53.8%  10.6  905s
 8729066 1856036 infeasible   76        52.00000   24.00000  53.8%  10.6  910s
 8760126 1860032 infeasible   81        52.00000   24.00000  53.8%  10.6  915s
 8794748 1864460   43.00000   79   17   52.00000   24.00000  53.8%  10.6  920s
 8827142 1869719   30.43899   75   22   52.00000   24.04183  53.8%  10.6  925s
 8860145 1874550   24.69291   77   22   52.00000   24.44177  53.0%  10.6  930s
 8895051 1879721   45.00000   68   17   52.00000   25.00000  51.9%  10.6  935s
 8927979 1884490 infeasible   71        52.00000   25.00000  51.9%  10.6  940s
 8964912 1889632   40.00000   71   14   52.00000   25.00000  51.9%  10.6  945s
 8994137 1893883   48.00000   76   15   52.00000   25.00000  51.9%  10.6  950s
 9023783 1897606   50.00000   79    9   52.00000   25.00000  51.9%  10.6  956s
 9044324 1899925 infeasible   76        52.00000   25.00000  51.9%  10.6  960s
 9074657 1903279 infeasible   76        52.00000   25.00000  51.9%  10.6  965s
 9110141 1907331 infeasible   82        52.00000   25.00000  51.9%  10.6  970s
 9144029 1911034   50.00000   79   12   52.00000   25.00000  51.9%  10.6  975s
 9170831 1913857   42.77273   81   11   52.00000   25.00000  51.9%  10.6  980s
 9204041 1917169 infeasible   85        52.00000   25.00000  51.9%  10.6  985s
 9235870 1920441   37.17787   76   15   52.00000   25.00000  51.9%  10.6  990s
 9266355 1923766 infeasible   77        52.00000   25.00000  51.9%  10.6  995s
 9297574 1927567   42.00000   79   12   52.00000   25.00000  51.9%  10.6 1000s
 9329923 1930833 infeasible   89        52.00000   25.00000  51.9%  10.6 1005s
 9356563 1933354   50.00000   68   15   52.00000   25.00000  51.9%  10.6 1011s
 9379714 1936008 infeasible   80        52.00000   25.00000  51.9%  10.6 1015s
 9402038 1938523 infeasible   75        52.00000   25.00000  51.9%  10.6 1020s
 9430799 1941804 infeasible   79        52.00000   25.00000  51.9%  10.6 1025s
 9465578 1945847 infeasible   75        52.00000   25.00000  51.9%  10.6 1030s
 9495613 1949768 infeasible   70        52.00000   25.00000  51.9%  10.6 1035s
 9529656 1953374   42.00000   79   13   52.00000   25.00000  51.9%  10.6 1040s
 9560484 1956302   47.75000   76   15   52.00000   25.00000  51.9%  10.6 1045s
 9592120 1959022 infeasible   86        52.00000   25.00000  51.9%  10.6 1050s
 9623125 1962192 infeasible   75        52.00000   25.00000  51.9%  10.6 1055s
 9656744 1965377 infeasible   74        52.00000   25.00000  51.9%  10.6 1060s
 9687306 1968590   45.00000   73   15   52.00000   25.00000  51.9%  10.6 1065s
 9711968 1970924   38.00000   78   13   52.00000   25.00000  51.9%  10.6 1070s
 9736451 1973620 infeasible   79        52.00000   25.00000  51.9%  10.6 1075s
 9767992 1977078   38.00000   72   17   52.00000   25.00000  51.9%  10.6 1080s
 9799739 1980465   38.00000   68   15   52.00000   25.00000  51.9%  10.7 1085s
 9829152 1983326 infeasible   82        52.00000   25.00000  51.9%  10.7 1090s
 9858469 1986482 infeasible   79        52.00000   25.00000  51.9%  10.7 1095s
 9888315 1989955   35.00000   75   18   52.00000   25.00000  51.9%  10.7 1100s
 9915576 1993145   31.90053   75   16   52.00000   25.00000  51.9%  10.7 1105s
 9946938 1996659   42.00000   70   12   52.00000   25.00000  51.9%  10.7 1112s
 9965138 1999053   36.00000   73   13   52.00000   25.00000  51.9%  10.7 1115s
 9997836 2002757 infeasible   77        52.00000   25.00000  51.9%  10.7 1120s
 10030854 2007165   44.00000   79   11   52.00000   25.00000  51.9%  10.7 1125s
 10060747 2010444 infeasible   81        52.00000   25.00000  51.9%  10.7 1130s
 10089762 2014635   41.11185   77   17   52.00000   25.17787  51.6%  10.7 1135s
 10120103 2018347   47.00000   66   14   52.00000   25.74702  50.5%  10.7 1140s
 10135636 2020710   33.00000   83   16   52.00000   26.00000  50.0%  10.7 1145s
 10168254 2025094 infeasible   78        52.00000   26.00000  50.0%  10.7 1150s
 10196851 2028920   39.00000   72   14   52.00000   26.00000  50.0%  10.7 1155s
 10226639 2032797   40.00000   71   11   52.00000   26.00000  50.0%  10.7 1160s
 10257152 2036715 infeasible   84        52.00000   26.00000  50.0%  10.7 1165s
 10284419 2039377   26.00000   70   16   52.00000   26.00000  50.0%  10.7 1170s
 10313594 2042153   39.14656   78   17   52.00000   26.00000  50.0%  10.7 1175s
 10343639 2045335   45.00000   76   15   52.00000   26.00000  50.0%  10.7 1180s
 10370174 2048560 infeasible   78        52.00000   26.00000  50.0%  10.7 1185s
 10400511 2052048 infeasible   81        52.00000   26.00000  50.0%  10.7 1190s
 10427063 2054873   26.00000   85   12   52.00000   26.00000  50.0%  10.7 1195s
 10457540 2057881 infeasible   76        52.00000   26.00000  50.0%  10.7 1200s
 10485991 2060503 infeasible   83        52.00000   26.00000  50.0%  10.7 1205s
 10516152 2063218 infeasible   70        52.00000   26.00000  50.0%  10.7 1210s
 10543745 2065760 infeasible   88        52.00000   26.00000  50.0%  10.7 1215s
 10556443 2067602 infeasible   85        52.00000   26.00000  50.0%  10.7 1220s
 10586220 2070267   26.00000   70   24   52.00000   26.00000  50.0%  10.7 1225s
 10613482 2073047 infeasible   78        52.00000   26.00000  50.0%  10.7 1230s
 10644802 2076122 infeasible   83        52.00000   26.00000  50.0%  10.7 1235s
 10674111 2078917   30.01437   77   15   52.00000   26.00000  50.0%  10.7 1240s
 10703725 2081710   42.00000   79   12   52.00000   26.00000  50.0%  10.7 1245s
 10732164 2084656   49.46160   72   16   52.00000   26.00000  50.0%  10.7 1250s
 10761784 2087595 infeasible   77        52.00000   26.00000  50.0%  10.7 1255s
 10790238 2090122   32.00000   83   16   52.00000   26.00000  50.0%  10.7 1260s
 10813558 2092184   48.00000   77   13   52.00000   26.00000  50.0%  10.7 1265s
 10842852 2094979   49.00000   75    8   52.00000   26.00000  50.0%  10.7 1270s
 10870016 2097468   37.00000   77   17   52.00000   26.00000  50.0%  10.7 1275s
 10880806 2098631   39.00000   78   12   52.00000   26.00000  50.0%  10.7 1280s
 10908141 2101385 infeasible   75        52.00000   26.00000  50.0%  10.7 1285s
 10937545 2103899 infeasible   76        52.00000   26.00000  50.0%  10.7 1290s
 10960705 2105925   43.00000   74   14   52.00000   26.00000  50.0%  10.7 1295s
 10989426 2109039   47.00000   72   20   52.00000   26.00000  50.0%  10.7 1300s
 11016141 2111310   46.05503   77   16   52.00000   26.00000  50.0%  10.7 1305s
 11046339 2114356   46.01598   75   16   52.00000   26.00000  50.0%  10.7 1310s
 11075866 2117007   45.23024   73   16   52.00000   26.00000  50.0%  10.7 1315s
 11105202 2120243 infeasible   69        52.00000   26.00000  50.0%  10.7 1320s
 11134913 2122767   48.00000   81   12   52.00000   26.00000  50.0%  10.7 1327s
 11150171 2124362 infeasible   74        52.00000   26.00000  50.0%  10.7 1330s
 11177270 2126598 infeasible   76        52.00000   26.00000  50.0%  10.7 1335s
 11206512 2129308   47.00000   77    7   52.00000   26.00000  50.0%  10.7 1340s
 11236087 2132317 infeasible   78        52.00000   26.00000  50.0%  10.7 1345s
 11264399 2135137 infeasible   79        52.00000   26.00000  50.0%  10.7 1350s
 11293044 2137965 infeasible   72        52.00000   26.00000  50.0%  10.7 1355s
 11317028 2140210 infeasible   74        52.00000   26.00000  50.0%  10.7 1360s
 11343676 2142733   32.00000   82   14   52.00000   26.00000  50.0%  10.7 1365s
 11377325 2146357   37.60000   77   16   52.00000   26.00000  50.0%  10.7 1370s
 11411644 2149842   46.37338   75   19   52.00000   26.00000  50.0%  10.7 1375s
 11438413 2152882 infeasible   83        52.00000   26.00000  50.0%  10.7 1380s
 11469787 2157057 infeasible   82        52.00000   26.17366  49.7%  10.7 1385s
 11502324 2160138 infeasible   81        52.00000   26.58624  48.9%  10.7 1390s
 11536688 2164215   40.05121   76   18   52.00000   27.00000  48.1%  10.7 1395s
 11560721 2167254   40.00000   75   11   52.00000   27.00000  48.1%  10.7 1400s
 11597821 2171768 infeasible   80        52.00000   27.00000  48.1%  10.7 1405s
 11632826 2175732   27.00000   67   18   52.00000   27.00000  48.1%  10.7 1410s
 11667210 2179453 infeasible   78        52.00000   27.00000  48.1%  10.7 1415s
 11699110 2182299   38.71429   83   13   52.00000   27.00000  48.1%  10.7 1420s
 11733965 2185716 infeasible   67        52.00000   27.00000  48.1%  10.7 1425s
 11762393 2188765   27.00000   79   18   52.00000   27.00000  48.1%  10.7 1430s
 11797896 2191872   47.00000   79   10   52.00000   27.00000  48.1%  10.7 1435s
 11829868 2194295   41.00000   81   12   52.00000   27.00000  48.1%  10.7 1440s
 11865251 2197476   40.00000   80   14   52.00000   27.00000  48.1%  10.7 1445s
 11889229 2199070   27.00000   81   19   52.00000   27.00000  48.1%  10.7 1450s
 11924149 2201829   46.00000   77   10   52.00000   27.00000  48.1%  10.7 1455s
 11953698 2204020   37.00000   84   17   52.00000   27.00000  48.1%  10.7 1461s
 11978152 2206255   39.00000   74   14   52.00000   27.00000  48.1%  10.7 1465s
 12010741 2208176   38.00000   72   18   52.00000   27.00000  48.1%  10.7 1470s
 12041393 2210077   39.00000   90   15   52.00000   27.00000  48.1%  10.7 1475s
 12076939 2213138 infeasible   94        52.00000   27.00000  48.1%  10.7 1480s
 12108544 2215860   41.00000   83   12   52.00000   27.00000  48.1%  10.7 1485s
 12138230 2218561   28.00000   76   18   52.00000   27.00000  48.1%  10.7 1490s
 12170592 2221390 infeasible   84        52.00000   27.00000  48.1%  10.7 1495s
 12196040 2222993   48.00000   84    9   52.00000   27.00000  48.1%  10.7 1500s
 12227007 2225234   34.00000   82   15   52.00000   27.00000  48.1%  10.7 1505s
 12255556 2227800   34.00000   67   20   52.00000   27.00000  48.1%  10.7 1510s
 12289795 2230876   47.00000   76   12   52.00000   27.00000  48.1%  10.7 1515s
 12307728 2232429   37.33333   71   18   52.00000   27.00000  48.1%  10.7 1520s
 12335905 2234424 infeasible   80        52.00000   27.00000  48.1%  10.7 1525s
 12367886 2236956 infeasible   80        52.00000   27.00000  48.1%  10.7 1530s
 12399613 2239818 infeasible   80        52.00000   27.00000  48.1%  10.7 1535s
 12431422 2242464   50.00000   80   11   52.00000   27.00000  48.1%  10.7 1540s
 12460307 2245085   36.59283   69   17   52.00000   27.00000  48.1%  10.7 1545s
 12492172 2247616     cutoff   78        52.00000   27.00000  48.1%  10.7 1550s
 12522181 2249790 infeasible   81        52.00000   27.00000  48.1%  10.7 1555s
 12548465 2252916 infeasible   82        52.00000   27.00000  48.1%  10.7 1560s
 12576911 2255442 infeasible   78        52.00000   27.00000  48.1%  10.7 1565s
 12609176 2257963   46.00000   74   14   52.00000   27.00000  48.1%  10.7 1570s
 12638404 2260203   27.00000   81   15   52.00000   27.00000  48.1%  10.7 1575s
 12668124 2262688   34.31401   64   22   52.00000   27.00000  48.1%  10.7 1580s
 12699394 2265316   35.00000   68   18   52.00000   27.00000  48.1%  10.7 1585s
 12717217 2266707 infeasible   74        52.00000   27.00000  48.1%  10.7 1590s
 12750107 2269704   29.00000   69   24   52.00000   27.00000  48.1%  10.7 1595s
 12781558 2272491 infeasible   72        52.00000   27.00000  48.1%  10.7 1600s
 12810470 2274955   27.00000   70   18   52.00000   27.00000  48.1%  10.7 1605s
 12844375 2278223 infeasible   85        52.00000   27.00000  48.1%  10.7 1610s
 12862920 2280897   37.00000   81   14   52.00000   27.00000  48.1%  10.7 1615s
 12898507 2285268   38.00000   69   13   52.00000   27.00000  48.1%  10.7 1620s
 12933410 2289234   35.84375   71   18   52.00000   27.00000  48.1%  10.7 1625s
 12961585 2292688 infeasible   76        52.00000   27.08333  47.9%  10.7 1630s
 12992503 2296360 infeasible   79        52.00000   27.30769  47.5%  10.7 1636s
 13011623 2298150   45.00000   85   14   52.00000   27.52584  47.1%  10.7 1640s
 13041490 2301010   41.00000   65   11   52.00000   28.00000  46.2%  10.7 1645s
 13074131 2304566   28.00000   71   16   52.00000   28.00000  46.2%  10.7 1650s
 13105553 2308331   50.00000   82   10   52.00000   28.00000  46.2%  10.7 1655s
 13135142 2311907   29.00000   73   17   52.00000   28.00000  46.2%  10.7 1660s
 13170601 2315491   45.00000   80   13   52.00000   28.00000  46.2%  10.7 1665s
 13182983 2316275   38.00000   75   14   52.00000   28.00000  46.2%  10.7 1670s
 13208783 2318793   38.50000   76   14   52.00000   28.00000  46.2%  10.7 1675s
 13234379 2320669   28.00000   81   15   52.00000   28.00000  46.2%  10.7 1680s
 13259417 2322994   29.00000   73   14   52.00000   28.00000  46.2%  10.7 1685s
 13285084 2324977   33.00000   81   12   52.00000   28.00000  46.2%  10.7 1690s
 13310676 2326636   40.00000   70   16   52.00000   28.00000  46.2%  10.7 1695s
 13335473 2328258 infeasible   85        52.00000   28.00000  46.2%  10.7 1700s
 13362725 2329929   28.00000   65   17   52.00000   28.00000  46.2%  10.7 1705s
 13387778 2331403   29.00000   76   13   52.00000   28.00000  46.2%  10.7 1710s
 13410213 2332943 infeasible   86        52.00000   28.00000  46.2%  10.7 1715s
 13434091 2334630   38.00000   81   12   52.00000   28.00000  46.2%  10.7 1720s
 13457612 2336625   48.00000   83   10   52.00000   28.00000  46.2%  10.7 1725s
 13482389 2338465   46.00000   75   15   52.00000   28.00000  46.2%  10.7 1730s
 13505606 2339610   43.00000   78   10   52.00000   28.00000  46.2%  10.7 1735s
 13531065 2341331   46.00000   71   14   52.00000   28.00000  46.2%  10.7 1740s
 13558475 2343810 infeasible   87        52.00000   28.00000  46.2%  10.7 1745s
 13571343 2344662 infeasible   81        52.00000   28.00000  46.2%  10.7 1750s
 13596823 2346734   36.00000   86   11   52.00000   28.00000  46.2%  10.7 1755s
 13621604 2348521 infeasible   77        52.00000   28.00000  46.2%  10.7 1760s
 13644482 2350261 infeasible   69        52.00000   28.00000  46.2%  10.7 1765s
 13669082 2352226 infeasible   82        52.00000   28.00000  46.2%  10.7 1770s
 13696976 2354595 infeasible   75        52.00000   28.00000  46.2%  10.7 1775s
 13721971 2356835   38.03983   77   18   52.00000   28.00000  46.2%  10.7 1780s
 13743725 2358495   37.00000   83   13   52.00000   28.00000  46.2%  10.7 1785s
 13769390 2360349   50.00000   71   11   52.00000   28.00000  46.2%  10.7 1790s
 13793898 2362066   50.00000   86   14   52.00000   28.00000  46.2%  10.7 1795s
 13816538 2363497   51.00000   71   17   52.00000   28.00000  46.2%  10.7 1801s
 13835717 2364977 infeasible   85        52.00000   28.00000  46.2%  10.7 1805s
 13857503 2366385   45.00000   81   11   52.00000   28.00000  46.2%  10.7 1810s
 13882075 2368196 infeasible   75        52.00000   28.00000  46.2%  10.7 1815s
 13906680 2369974   49.00000   89   10   52.00000   28.00000  46.2%  10.7 1820s
 13928365 2371496   50.00000   78    8   52.00000   28.00000  46.2%  10.7 1825s
 13953485 2373729   49.00000   80    7   52.00000   28.00000  46.2%  10.7 1830s
 13978319 2375592 infeasible   77        52.00000   28.00000  46.2%  10.7 1835s
 14000786 2377326   28.00000   74   16   52.00000   28.00000  46.2%  10.7 1840s
 14019894 2378788 infeasible   78        52.00000   28.00000  46.2%  10.7 1845s
 14033008 2379597 infeasible   82        52.00000   28.00000  46.2%  10.7 1850s
 14057685 2380890   41.21527   74   18   52.00000   28.00000  46.2%  10.7 1855s
 14081890 2382632 infeasible   81        52.00000   28.00000  46.2%  10.7 1860s
 14106709 2384592   28.00000   71   18   52.00000   28.00000  46.2%  10.7 1865s
 14134223 2387007   29.00000   74   18   52.00000   28.00000  46.2%  10.7 1870s
 14158850 2388884 infeasible   71        52.00000   28.00000  46.2%  10.7 1875s
 14179439 2390378 infeasible   79        52.00000   28.00000  46.2%  10.7 1880s
 14204459 2392118   35.00000   77   20   52.00000   28.00000  46.2%  10.7 1885s
 14228716 2394239   35.00000   80   21   52.00000   28.00000  46.2%  10.7 1890s
 14250773 2395862 infeasible   78        52.00000   28.00000  46.2%  10.7 1895s
 14275384 2397821 infeasible   78        52.00000   28.00000  46.2%  10.7 1900s
 14295254 2399267   33.00000   79   19   52.00000   28.00000  46.2%  10.7 1905s
 14316368 2400894   46.00000   73   13   52.00000   28.00000  46.2%  10.7 1910s
 14343103 2403125   32.00000   78   18   52.00000   28.00000  46.2%  10.7 1915s
 14359831 2404331 infeasible   75        52.00000   28.00000  46.2%  10.7 1920s
 14367660 2404963   28.00000   76   29   52.00000   28.00000  46.2%  10.7 1925s
 14391882 2406759   48.00000   73   20   52.00000   28.00000  46.2%  10.7 1930s
 14417446 2408664   39.00000   76   14   52.00000   28.00000  46.2%  10.7 1935s
 14443298 2410860   34.00000   80   14   52.00000   28.00000  46.2%  10.7 1940s
 14470757 2413879   43.82930   79   15   52.00000   28.00000  46.2%  10.7 1945s
 14495669 2415588 infeasible   89        52.00000   28.00000  46.2%  10.7 1950s
 14520895 2417482   34.75391   79   16   52.00000   28.00000  46.2%  10.7 1955s
 14545083 2419116   51.00000   84    7   52.00000   28.02160  46.1%  10.7 1960s
 14571262 2421951   41.00000   72   12   52.00000   28.17366  45.8%  10.7 1965s
 14594077 2423937 infeasible   80        52.00000   28.34230  45.5%  10.7 1970s
 14615701 2425531   29.00000   69   18   52.00000   28.61728  45.0%  10.7 1975s
 14635121 2427479   39.00000   72   13   52.00000   29.00000  44.2%  10.7 1980s
 14662791 2430273 infeasible   83        52.00000   29.00000  44.2%  10.7 1985s
 14687064 2433116   34.00000   65   18   52.00000   29.00000  44.2%  10.7 1990s
 14712436 2436035 infeasible   89        52.00000   29.00000  44.2%  10.7 1995s
 14736722 2438474 infeasible   87        52.00000   29.00000  44.2%  10.7 2000s
 14764475 2441219   37.00000   81   14   52.00000   29.00000  44.2%  10.7 2005s
 14777799 2442726   29.00000   74   16   52.00000   29.00000  44.2%  10.7 2010s
 14801805 2445056   35.50000   71   16   52.00000   29.00000  44.2%  10.7 2015s
 14826886 2447025 infeasible   85        52.00000   29.00000  44.2%  10.7 2020s
 14852001 2448687 infeasible   81        52.00000   29.00000  44.2%  10.7 2025s
 14863141 2449432 infeasible   85        52.00000   29.00000  44.2%  10.7 2030s
 14888430 2451038 infeasible   77        52.00000   29.00000  44.2%  10.7 2035s
 14911330 2452415 infeasible   65        52.00000   29.00000  44.2%  10.7 2040s
 14936610 2454158   30.00000   75   15   52.00000   29.00000  44.2%  10.7 2045s
 14962138 2455570   39.00000   84   15   52.00000   29.00000  44.2%  10.7 2053s
 14966595 2456053   51.00000   79    6   52.00000   29.00000  44.2%  10.7 2055s
 14993032 2457502   37.00000   83   15   52.00000   29.00000  44.2%  10.7 2060s
 15017976 2458757   34.90181   86   19   52.00000   29.00000  44.2%  10.7 2065s
 15039708 2460021   35.00000   80    9   52.00000   29.00000  44.2%  10.7 2070s
 15064845 2461560   50.00000   82   10   52.00000   29.00000  44.2%  10.7 2075s
 15083904 2462420   41.00000   80   12   52.00000   29.00000  44.2%  10.7 2080s
 15109416 2463550   48.00000   83   12   52.00000   29.00000  44.2%  10.7 2085s
 15134614 2464871   29.00000   78   14   52.00000   29.00000  44.2%  10.7 2090s
 15155274 2466400 infeasible   83        52.00000   29.00000  44.2%  10.7 2095s
 15180315 2467613   41.00000   83   12   52.00000   29.00000  44.2%  10.7 2100s
 15202630 2468794   37.00000   78   15   52.00000   29.00000  44.2%  10.7 2105s
 15227436 2469908 infeasible   77        52.00000   29.00000  44.2%  10.7 2110s
 15249595 2470797   43.00000   77    9   52.00000   29.00000  44.2%  10.7 2115s
 15272844 2472026 infeasible   75        52.00000   29.00000  44.2%  10.7 2120s
 15297853 2473476 infeasible   81        52.00000   29.00000  44.2%  10.7 2125s
 15317728 2474342   32.00000   75   15   52.00000   29.00000  44.2%  10.7 2131s
 15335652 2475334   35.00000   77   16   52.00000   29.00000  44.2%  10.7 2135s
 15360496 2476896   36.00000   74   16   52.00000   29.00000  44.2%  10.7 2140s
 15382984 2478241 infeasible   68        52.00000   29.00000  44.2%  10.7 2145s
 15407891 2479301   42.00000   77   10   52.00000   29.00000  44.2%  10.7 2150s
 15432631 2480522   44.00000   77   11   52.00000   29.00000  44.2%  10.7 2155s
 15454332 2481561   45.00000   76   14   52.00000   29.00000  44.2%  10.7 2160s
 15479179 2482699 infeasible   78        52.00000   29.00000  44.2%  10.7 2165s
 15500209 2483908 infeasible   76        52.00000   29.00000  44.2%  10.7 2170s
 15524991 2485278 infeasible   79        52.00000   29.00000  44.2%  10.7 2175s
 15549916 2487014 infeasible   74        52.00000   29.00000  44.2%  10.7 2180s
 15572368 2488442   45.00000   76   12   52.00000   29.00000  44.2%  10.7 2185s
 15592834 2489559 infeasible   85        52.00000   29.00000  44.2%  10.7 2190s
 15610768 2490297   44.00000   76   12   52.00000   29.00000  44.2%  10.7 2196s
 15629139 2491503 infeasible   73        52.00000   29.00000  44.2%  10.7 2200s
 15654326 2492886   44.00000   78   17   52.00000   29.00000  44.2%  10.7 2205s
 15678843 2494154   45.03983   80   14   52.00000   29.00000  44.2%  10.7 2210s
 15703629 2495413   43.00000   78   14   52.00000   29.00000  44.2%  10.7 2215s
 15728388 2497001   38.18297   66   20   52.00000   29.00000  44.2%  10.7 2220s
 15752895 2498618   29.00000   78   18   52.00000   29.00000  44.2%  10.7 2225s
 15775561 2499811   29.00000   83   17   52.00000   29.00000  44.2%  10.7 2230s
 15800280 2500988 infeasible   77        52.00000   29.00000  44.2%  10.7 2235s
 15823051 2502037   29.00000   70   20   52.00000   29.00000  44.2%  10.7 2240s
 15844879 2503308 infeasible   76        52.00000   29.00000  44.2%  10.7 2245s
 15868244 2504684 infeasible   76        52.00000   29.00000  44.2%  10.7 2250s
 15890301 2505849 infeasible   73        52.00000   29.00000  44.2%  10.7 2255s
 15912974 2507040   50.00000   90    8   52.00000   29.00000  44.2%  10.7 2260s
 15938216 2508612   45.00000   76   13   52.00000   29.00000  44.2%  10.7 2265s
 15955258 2509291   51.00000   90   14   52.00000   29.00000  44.2%  10.7 2270s
 15978672 2510893 infeasible   68        52.00000   29.00000  44.2%  10.7 2275s
 16002484 2512327   48.00000   80   14   52.00000   29.00000  44.2%  10.7 2280s
 16031598 2514249   46.43444   72   16   52.00000   29.00000  44.2%  10.7 2285s
 16059846 2516021 infeasible   80        52.00000   29.00000  44.2%  10.7 2290s
 16086517 2518046   30.00000   73   15   52.00000   29.00000  44.2%  10.7 2295s
 16117014 2519833 infeasible   80        52.00000   29.00000  44.2%  10.7 2300s
 16144022 2521282 infeasible   81        52.00000   29.00000  44.2%  10.7 2305s
 16173941 2522583   45.00000   75   14   52.00000   29.00000  44.2%  10.7 2310s
 16199951 2524339 infeasible   86        52.00000   29.03983  44.2%  10.7 2315s
 16227822 2526507   46.38348   83   15   52.00000   29.17673  43.9%  10.7 2320s
 16250944 2527612   39.00000   83   14   52.00000   29.34230  43.6%  10.7 2325s
 16272763 2528769   37.00000   77   17   52.00000   29.61728  43.0%  10.7 2330s
 16297895 2530228   49.00000   80    9   52.00000   30.00000  42.3%  10.7 2335s
 16323586 2532753   37.00000   77   15   52.00000   30.00000  42.3%  10.7 2340s
 16356113 2535732 infeasible   80        52.00000   30.00000  42.3%  10.7 2345s
 16382926 2538411   38.00000   70   13   52.00000   30.00000  42.3%  10.7 2350s
 16415330 2541309   37.00000   83   13   52.00000   30.00000  42.3%  10.7 2355s
 16439933 2543289 infeasible   71        52.00000   30.00000  42.3%  10.7 2360s
 16470249 2545404   38.00000   80   13   52.00000   30.00000  42.3%  10.7 2365s
 16500022 2547131   43.64039   79   15   52.00000   30.00000  42.3%  10.7 2370s
 16524507 2548266 infeasible   86        52.00000   30.00000  42.3%  10.7 2375s
 16551987 2549600   31.57143   81   18   52.00000   30.00000  42.3%  10.7 2380s
 16578747 2551013   30.00000   73   16   52.00000   30.00000  42.3%  10.7 2385s
 16602808 2552195   30.00000   68   15   52.00000   30.00000  42.3%  10.7 2390s
 16629389 2553693 infeasible   79        52.00000   30.00000  42.3%  10.7 2395s
 16654691 2555165 infeasible   75        52.00000   30.00000  42.3%  10.7 2400s
 16682815 2556380 infeasible   71        52.00000   30.00000  42.3%  10.7 2405s
 16704248 2557038   45.50000   84   10   52.00000   30.00000  42.3%  10.7 2410s
 16728880 2558261   47.00000   79    9   52.00000   30.00000  42.3%  10.7 2415s
 16756353 2559267 infeasible   86        52.00000   30.00000  42.3%  10.7 2422s
 16768701 2559649 infeasible   82        52.00000   30.00000  42.3%  10.7 2425s
 16794084 2560608 infeasible   74        52.00000   30.00000  42.3%  10.7 2430s
 16818904 2561380   38.00000   87    9   52.00000   30.00000  42.3%  10.7 2435s
 16844292 2562537   45.00000   87   10   52.00000   30.00000  42.3%  10.7 2440s
 16872747 2563808 infeasible   88        52.00000   30.00000  42.3%  10.7 2445s
 16880539 2564117   31.00000   73   15   52.00000   30.00000  42.3%  10.7 2450s
 16902812 2565079 infeasible   82        52.00000   30.00000  42.3%  10.7 2455s
 16930046 2566262 infeasible   85        52.00000   30.00000  42.3%  10.7 2460s
 16950271 2567371   50.00000   82    8   52.00000   30.00000  42.3%  10.7 2465s
 16974738 2568091   47.00000   78   14   52.00000   30.00000  42.3%  10.7 2470s
 16998852 2569248   44.00000   68   15   52.00000   30.00000  42.3%  10.7 2475s
 17025084 2570400   30.00000   78   17   52.00000   30.00000  42.3%  10.7 2480s
 17049773 2571432 infeasible   75        52.00000   30.00000  42.3%  10.7 2485s
 17073472 2572493   45.00000   80   16   52.00000   30.00000  42.3%  10.7 2490s
 17100829 2573612 infeasible   87        52.00000   30.00000  42.3%  10.7 2495s
 17125172 2574837   41.54321   81   14   52.00000   30.00000  42.3%  10.7 2500s
 17150519 2575845   48.00000   78   10   52.00000   30.00000  42.3%  10.7 2505s
 17174460 2576588   38.00000   83   11   52.00000   30.00000  42.3%  10.7 2510s
 17198917 2577632 infeasible   83        52.00000   30.00000  42.3%  10.7 2515s
 17222118 2578857 infeasible   78        52.00000   30.00000  42.3%  10.7 2520s
 17246219 2580179   49.00000   79    7   52.00000   30.00000  42.3%  10.7 2525s
 17273161 2580984 infeasible   81        52.00000   30.00000  42.3%  10.7 2530s
 17297273 2582227 infeasible   76        52.00000   30.00000  42.3%  10.7 2535s
 17320499 2583288 infeasible   80        52.00000   30.00000  42.3%  10.7 2540s
 17345530 2584564   44.00000   84   14   52.00000   30.00000  42.3%  10.7 2545s
 17369584 2585350 infeasible   81        52.00000   30.00000  42.3%  10.7 2550s
 17394059 2586194   30.00000   79   15   52.00000   30.00000  42.3%  10.7 2555s
 17417961 2586918   30.00000   68   18   52.00000   30.00000  42.3%  10.7 2560s
 17442430 2587651   36.70000   77   17   52.00000   30.00000  42.3%  10.7 2565s
 17467282 2588818 infeasible   81        52.00000   30.00000  42.3%  10.7 2570s
 17484023 2589551   42.00000   81   13   52.00000   30.00000  42.3%  10.7 2575s
 17506198 2590466   46.00000   73   11   52.00000   30.00000  42.3%  10.7 2580s
 17529164 2591336 infeasible   71        52.00000   30.00000  42.3%  10.7 2585s
 17547672 2592192 infeasible   82        52.00000   30.00000  42.3%  10.7 2590s
 17570400 2593204   41.00000   79   11   52.00000   30.00000  42.3%  10.7 2595s
 17592275 2594308 infeasible   81        52.00000   30.00000  42.3%  10.7 2600s
 17612037 2595394 infeasible   70        52.00000   30.00000  42.3%  10.7 2605s
 17637009 2597038 infeasible   83        52.00000   30.00000  42.3%  10.7 2610s
 17649103 2597693 infeasible   87        52.00000   30.00000  42.3%  10.7 2615s
 17669751 2598513   42.05748   71   18   52.00000   30.00000  42.3%  10.7 2620s
 17687778 2599878 infeasible   82        52.00000   30.00000  42.3%  10.7 2625s
 17709800 2601503     cutoff   73        52.00000   30.00000  42.3%  10.7 2630s
 17732031 2602629   30.00000   73   18   52.00000   30.00000  42.3%  10.7 2635s
 17754472 2603766   31.00000   74   28   52.00000   30.00000  42.3%  10.7 2640s
 17777048 2604684   30.00000   74   31   52.00000   30.00000  42.3%  10.7 2645s
 17800127 2606286   44.00000   79    9   52.00000   30.00000  42.3%  10.7 2650s
 17822669 2607654   48.50000   86    8   52.00000   30.00000  42.3%  10.7 2655s
 17842288 2608426   47.00000   75   12   52.00000   30.00000  42.3%  10.7 2661s
 17857221 2608901   47.00000   75   12   52.00000   30.00000  42.3%  10.7 2665s
 17880175 2609812 infeasible   80        52.00000   30.00000  42.3%  10.7 2670s
 17900898 2611118   36.28538   76   16   52.00000   30.00000  42.3%  10.7 2675s
 17922559 2612413   32.00000   71   16   52.00000   30.11512  42.1%  10.7 2680s
 17942283 2613866 infeasible   81        52.00000   30.19311  41.9%  10.7 2685s
 17963615 2614623 infeasible   87        52.00000   30.34731  41.6%  10.7 2690s
 17984199 2615364   49.00000   79   12   52.00000   30.62144  41.1%  10.7 2695s
 18006320 2616460   42.00000   75    9   52.00000   31.00000  40.4%  10.7 2700s
 18027958 2618068   49.00000   73   13   52.00000   31.00000  40.4%  10.7 2705s
 18047949 2619468   31.00000   78   14   52.00000   31.00000  40.4%  10.7 2710s
 18069774 2620784   44.00000   70   15   52.00000   31.00000  40.4%  10.7 2715s
 18092203 2622478 infeasible   69        52.00000   31.00000  40.4%  10.7 2720s
 18113664 2623992 infeasible   79        52.00000   31.00000  40.4%  10.7 2725s
 18137545 2625642 infeasible   74        52.00000   31.00000  40.4%  10.7 2730s
 18155503 2626673   35.00000   76   15   52.00000   31.00000  40.4%  10.7 2736s
 18170278 2628037   51.00000   81   11   52.00000   31.00000  40.4%  10.7 2740s
 18195505 2629278 infeasible   75        52.00000   31.00000  40.4%  10.7 2745s
 18217982 2630378   49.00000   88    8   52.00000   31.00000  40.4%  10.7 2750s
 18240862 2631128   49.00000   84   12   52.00000   31.00000  40.4%  10.7 2755s
 18259784 2631736 infeasible   82        52.00000   31.00000  40.4%  10.7 2760s
 18282749 2632602 infeasible   87        52.00000   31.00000  40.4%  10.7 2765s
 18305697 2633349     cutoff   86        52.00000   31.00000  40.4%  10.7 2770s
 18327303 2634395     cutoff   80        52.00000   31.00000  40.4%  10.7 2775s
 18350075 2635306   44.00000   74   22   52.00000   31.00000  40.4%  10.7 2780s
 18373177 2636236   44.00000   79    9   52.00000   31.00000  40.4%  10.7 2785s
 18396179 2636911 infeasible   83        52.00000   31.00000  40.4%  10.7 2790s
 18415457 2637674 infeasible   78        52.00000   31.00000  40.4%  10.7 2795s
 18425808 2637878 infeasible   85        52.00000   31.00000  40.4%  10.7 2800s
 18443007 2638742   33.00000   80   13   52.00000   31.00000  40.4%  10.7 2805s
 18464856 2639375   37.05503   75   14   52.00000   31.00000  40.4%  10.7 2810s
 18488068 2640064   48.00000   80   16   52.00000   31.00000  40.4%  10.7 2815s
 18510505 2640869 infeasible   89        52.00000   31.00000  40.4%  10.7 2820s
 18521553 2641206   35.00000   88   12   52.00000   31.00000  40.4%  10.7 2825s
 18543807 2641636 infeasible   91        52.00000   31.00000  40.4%  10.7 2830s
 18566150 2642372   51.00000   79   12   52.00000   31.00000  40.4%  10.7 2835s
 18588585 2642808   45.00000   86    7   52.00000   31.00000  40.4%  10.7 2840s
 18610622 2643354   33.00000   78   16   52.00000   31.00000  40.4%  10.7 2845s
 18635690 2643718   35.00000   79   13   52.00000   31.00000  40.4%  10.7 2850s
 18643624 2644140   48.00000   86    8   52.00000   31.00000  40.4%  10.7 2855s
 18669752 2644918   48.00000   77   11   52.00000   31.00000  40.4%  10.7 2860s
 18692407 2646108   40.00000   80   14   52.00000   31.00000  40.4%  10.7 2865s
 18714163 2646836   34.00000   78   17   52.00000   31.00000  40.4%  10.7 2870s
 18740309 2647716   44.00000   83   10   52.00000   31.00000  40.4%  10.7 2875s
 18765210 2648512 infeasible   72        52.00000   31.00000  40.4%  10.7 2880s
 18789881 2649191   38.00000   81   12   52.00000   31.00000  40.4%  10.7 2885s
 18814593 2650047   39.00000   72   13   52.00000   31.00000  40.4%  10.7 2890s
 18842109 2650501   37.00000   83   15   52.00000   31.00000  40.4%  10.7 2895s
 18864466 2650832   49.00000   83    8   52.00000   31.00000  40.4%  10.7 2900s
 18890341 2651811   41.00000   76   11   52.00000   31.00000  40.4%  10.7 2905s
 18917432 2652705   31.00000   79   15   52.00000   31.00000  40.4%  10.7 2910s
 18940956 2653488 infeasible   77        52.00000   31.00000  40.4%  10.7 2915s
 18969275 2654302 infeasible   88        52.00000   31.00000  40.4%  10.7 2920s
 18993568 2655076   31.00000   72   13   52.00000   31.00000  40.4%  10.7 2925s
 19018737 2655857   31.00000   80   18   52.00000   31.00000  40.4%  10.7 2930s
 19028558 2656024 infeasible   75        52.00000   31.00000  40.4%  10.7 2936s
 19048885 2657112   45.15254   75   12   52.00000   31.00000  40.4%  10.7 2940s
 19076564 2658016   37.23989   70   18   52.00000   31.00000  40.4%  10.7 2945s
 19100925 2658568 infeasible   78        52.00000   31.00000  40.4%  10.7 2950s
 19128154 2659439   34.00000   77   18   52.00000   31.00000  40.4%  10.7 2955s
 19155554 2660216   36.43899   77   20   52.00000   31.00000  40.4%  10.7 2960s
 19171518 2660977   47.71429   75   14   52.00000   31.00000  40.4%  10.7 2965s
 19199101 2662218 infeasible   81        52.00000   31.00000  40.4%  10.7 2970s
 19226221 2663025 infeasible   80        52.00000   31.00000  40.4%  10.7 2975s
 19252982 2663936 infeasible   81        52.00000   31.00000  40.4%  10.7 2980s
 19277759 2664642 infeasible   75        52.00000   31.00000  40.4%  10.7 2985s
 19304985 2665535 infeasible   77        52.00000   31.00000  40.4%  10.7 2990s
 19334405 2667323 infeasible   78        52.00000   31.00000  40.4%  10.7 2995s
 19358571 2668419   39.00000   72   17   52.00000   31.00000  40.4%  10.7 3000s
 19385686 2669506 infeasible   72        52.00000   31.00000  40.4%  10.7 3005s
 19410880 2670381 infeasible   79        52.00000   31.00000  40.4%  10.7 3010s
 19433853 2671454   42.00000   75   16   52.00000   31.00000  40.4%  10.7 3015s
 19461619 2672524   31.00000   71   22   52.00000   31.00000  40.4%  10.7 3020s
 19483967 2673429 infeasible   84        52.00000   31.00000  40.4%  10.7 3025s
 19513012 2675546   42.55934   73   20   52.00000   31.00000  40.4%  10.7 3030s
 19538346 2676839   31.00000   68   19   52.00000   31.00000  40.4%  10.7 3035s
 19563209 2677862   31.00000   72   15   52.00000   31.00000  40.4%  10.7 3040s
 19588410 2679039   32.95000   76   14   52.00000   31.00000  40.4%  10.7 3045s
 19616710 2680262 infeasible   76        52.00000   31.00000  40.4%  10.7 3050s
 19642133 2681314   44.00000   74   10   52.00000   31.00000  40.4%  10.7 3055s
 19669907 2682061 infeasible   86        52.00000   31.00000  40.4%  10.7 3060s
 19694734 2683406   49.00000   77   13   52.00000   31.00000  40.4%  10.7 3065s
 19719086 2684780   36.17354   68   17   52.00000   31.01771  40.4%  10.7 3070s
 19733183 2685467   50.00000   79   15   52.00000   31.08333  40.2%  10.7 3075s
 19756688 2687151 infeasible   77        52.00000   31.17787  40.0%  10.7 3080s
 19782193 2687299   41.00000   81   15   52.00000   31.34731  39.7%  10.7 3085s
 19802973 2687806   43.00000   82   15   52.00000   31.58624  39.3%  10.7 3092s
 19812683 2688252 infeasible   72        52.00000   31.80991  38.8%  10.7 3095s
 19838510 2689637   41.82258   77   14   52.00000   32.00000  38.5%  10.7 3100s
 19866519 2691060 infeasible   80        52.00000   32.00000  38.5%  10.7 3105s
 19894056 2692050 infeasible   71        52.00000   32.00000  38.5%  10.7 3110s
 19921908 2693650 infeasible   75        52.00000   32.00000  38.5%  10.7 3115s
 19939154 2694571 infeasible   73        52.00000   32.00000  38.5%  10.7 3120s
 19966898 2695912   39.00000   77   16   52.00000   32.00000  38.5%  10.6 3125s
 19994773 2697228   42.00000   96   13   52.00000   32.00000  38.5%  10.6 3130s
 20020070 2698517   44.00000   82   10   52.00000   32.00000  38.5%  10.6 3135s
 20050460 2699846 infeasible   84        52.00000   32.00000  38.5%  10.6 3140s
 20071602 2700510 infeasible   78        52.00000   32.00000  38.5%  10.6 3145s
 20099878 2701196   34.00000   73   15   52.00000   32.00000  38.5%  10.6 3152s
 20111231 2701453 infeasible   75        52.00000   32.00000  38.5%  10.6 3155s
 20139422 2702311 infeasible   87        52.00000   32.00000  38.5%  10.6 3160s
 20167132 2703086 infeasible   72        52.00000   32.00000  38.5%  10.6 3165s
 20192808 2703623   36.00000   75   16   52.00000   32.00000  38.5%  10.6 3170s
 20215935 2704341   35.00000   80   13   52.00000   32.00000  38.5%  10.6 3175s
 20238992 2704851 infeasible   70        52.00000   32.00000  38.5%  10.6 3180s
 20261494 2705104 infeasible   84        52.00000   32.00000  38.5%  10.6 3185s
 20284497 2705779   36.00000   77   13   52.00000   32.00000  38.5%  10.6 3190s
 20307282 2706078 infeasible   83        52.00000   32.00000  38.5%  10.6 3195s
 20328802 2706353   32.00000   79   13   52.00000   32.00000  38.5%  10.6 3200s
 20351205 2706647 infeasible   89        52.00000   32.00000  38.5%  10.6 3205s
 20371645 2706973   37.00000   77   14   52.00000   32.00000  38.5%  10.6 3210s
 20392887 2707005   40.00000   75   13   52.00000   32.00000  38.5%  10.6 3215s
 20412855 2707072   46.00000   76    8   52.00000   32.00000  38.5%  10.6 3220s
 20435415 2707020   43.00000   91   13   52.00000   32.00000  38.5%  10.6 3225s
 20455638 2707362   36.74702   77   16   52.00000   32.00000  38.5%  10.6 3232s
 20466215 2707587 infeasible   76        52.00000   32.00000  38.5%  10.6 3235s
 20488367 2708186   40.00000   84    8   52.00000   32.00000  38.5%  10.6 3240s
 20510818 2708675 infeasible   76        52.00000   32.00000  38.5%  10.6 3245s
 20533516 2709153   37.00000   76   14   52.00000   32.00000  38.5%  10.6 3250s
 20556136 2709411   42.00000   74   19   52.00000   32.00000  38.5%  10.6 3255s
 20578320 2709831   45.00000   75   14   52.00000   32.00000  38.5%  10.6 3260s
 20597773 2710068   46.00000   80   13   52.00000   32.00000  38.5%  10.6 3265s
 20621263 2710351   49.75000   85   11   52.00000   32.00000  38.5%  10.6 3270s
 20641360 2710481   44.00000   78   14   52.00000   32.00000  38.5%  10.6 3275s
 20652148 2710769   46.07274   83   13   52.00000   32.00000  38.5%  10.6 3280s
 20674875 2710982   37.23899   78   15   52.00000   32.00000  38.5%  10.6 3285s
 20697679 2711407 infeasible   80        52.00000   32.00000  38.5%  10.6 3290s
 20710333 2711533   42.00000   89    8   52.00000   32.00000  38.5%  10.6 3295s
 20731941 2712045 infeasible   76        52.00000   32.00000  38.5%  10.6 3300s
 20754251 2712460 infeasible   83        52.00000   32.00000  38.5%  10.6 3305s
 20776616 2712722 infeasible   80        52.00000   32.00000  38.5%  10.6 3310s
 20799432 2712833 infeasible   78        52.00000   32.00000  38.5%  10.6 3315s
 20821847 2713195   39.00000   80   16   52.00000   32.00000  38.5%  10.6 3320s
 20841797 2713611 infeasible   81        52.00000   32.00000  38.5%  10.6 3325s
 20864633 2714364   44.00000   72   13   52.00000   32.00000  38.5%  10.6 3330s
 20882547 2714838   50.00000   77   11   52.00000   32.00000  38.5%  10.6 3335s
 20903277 2715212 infeasible   75        52.00000   32.00000  38.5%  10.6 3340s
 20925842 2715546 infeasible   83        52.00000   32.00000  38.5%  10.6 3345s
 20934878 2715768 infeasible   74        52.00000   32.00000  38.5%  10.6 3351s
 20951728 2716391 infeasible   70        52.00000   32.00000  38.5%  10.6 3355s
 20973838 2716588 infeasible   81        52.00000   32.00000  38.5%  10.6 3360s
 20993049 2717070 infeasible   87        52.00000   32.00000  38.5%  10.6 3365s
 21015177 2717253   41.00000   82   17   52.00000   32.00000  38.5%  10.6 3370s
 21037814 2717464   41.00000   79   11   52.00000   32.00000  38.5%  10.6 3375s
 21059172 2718292   51.00000   67   11   52.00000   32.00000  38.5%  10.6 3380s
 21083337 2718918   49.00000   77   14   52.00000   32.00000  38.5%  10.6 3385s
 21103835 2719169   45.10169   71   16   52.00000   32.00000  38.5%  10.6 3390s
 21126204 2719764   46.00000   81   13   52.00000   32.00000  38.5%  10.6 3395s
 21148817 2720298 infeasible   75        52.00000   32.00000  38.5%  10.6 3400s
 21170101 2721296 infeasible   84        52.00000   32.00000  38.5%  10.6 3405s
 21192249 2721952   44.00000   72   18   52.00000   32.00000  38.5%  10.6 3410s
 21214810 2722399 infeasible   90        52.00000   32.00000  38.5%  10.6 3415s
 21234069 2722982   45.00000   75   15   52.00000   32.00000  38.5%  10.6 3420s
 21253229 2723286   34.00000   79    9   52.00000   32.00000  38.5%  10.6 3425s
 21277796 2723752   37.00000   73   15   52.00000   32.00000  38.5%  10.6 3430s
 21294025 2723961   50.00000   76   14   52.00000   32.00000  38.5%  10.6 3435s
 21319466 2724761 infeasible   73        52.00000   32.00000  38.5%  10.6 3440s
 21341194 2725760 infeasible   78        52.00000   32.00000  38.5%  10.6 3445s
 21363133 2726365   40.00000   78   15   52.00000   32.00000  38.5%  10.6 3452s
 21373708 2726729 infeasible   69        52.00000   32.00000  38.5%  10.6 3455s
 21392697 2727351 infeasible   72        52.00000   32.00000  38.5%  10.6 3460s
 21416133 2728028 infeasible   78        52.00000   32.00000  38.5%  10.6 3465s
 21438908 2728692   32.00000   82   12   52.00000   32.00000  38.5%  10.6 3470s
 21460308 2729103   42.21937   76   17   52.00000   32.00000  38.5%  10.6 3475s
 21483411 2729659   48.18848   83   14   52.00000   32.00000  38.5%  10.6 3480s
 21506332 2730475   36.62500   84   17   52.00000   32.00000  38.5%  10.6 3485s
 21529865 2730996   33.00000   68   22   52.00000   32.00000  38.5%  10.6 3490s
 21552425 2731372   32.17787   70   22   52.00000   32.00000  38.5%  10.6 3495s
 21571448 2731513 infeasible   76        52.00000   32.00000  38.5%  10.6 3500s
 21594218 2732663 infeasible   84        52.00000   32.00000  38.5%  10.6 3505s
 21617289 2733587   47.00000   79   14   52.00000   32.00847  38.4%  10.6 3510s
 21635740 2734134   39.00000   68   12   52.00000   32.10097  38.3%  10.6 3515s
 21659994 2735494   39.00000   68   18   52.00000   32.19174  38.1%  10.6 3520s
 21679137 2735742   35.34230   75   17   52.00000   32.34230  37.8%  10.6 3525s
 21693860 2735463   33.17001   76   20   52.00000   32.44345  37.6%  10.6 3530s
 21714747 2735543   49.62500   73   11   52.00000   32.74074  37.0%  10.6 3535s
 21736392 2736053   33.00000   75   14   52.00000   33.00000  36.5%  10.6 3540s
 21755514 2737061 infeasible   88        52.00000   33.00000  36.5%  10.6 3545s
 21781137 2738080   42.00000   89   10   52.00000   33.00000  36.5%  10.6 3550s
 21803683 2739095   35.00000   82   15   52.00000   33.00000  36.5%  10.6 3555s
 21825751 2739941   33.00000   78   11   52.00000   33.00000  36.5%  10.6 3560s
 21849163 2740994 infeasible   81        52.00000   33.00000  36.5%  10.6 3565s
 21869428 2741769 infeasible   81        52.00000   33.00000  36.5%  10.6 3570s
 21891885 2742383 infeasible   92        52.00000   33.00000  36.5%  10.6 3575s
 21915136 2743394   40.00000   72   14   52.00000   33.00000  36.5%  10.6 3580s
 21938058 2744102 infeasible   78        52.00000   33.00000  36.5%  10.6 3585s
 21959099 2744303   42.00000   81   11   52.00000   33.00000  36.5%  10.6 3590s
 21981192 2744848   43.00000   79   10   52.00000   33.00000  36.5%  10.6 3595s

Cutting planes:
  Learned: 16
  Gomory: 8
  Implied bound: 10
  MIR: 1
  Flow cover: 5
  GUB cover: 1

Explored 22005106 nodes (233500021 simplex iterations) in 3600.03 seconds (790.37 work units)
Thread count was 16 (of 16 available processors)

Solution count 10: 52 53 55 ... 70

Time limit reached
Best objective 5.200000000000e+01, best bound 3.300000000000e+01, gap 36.5385%
Warning: constraint name "precedence between 0,2 to 0,0 if x_[j,l,h,z,i]=1" has a space
Warning: constraint name "precedence between 0,2 to 0,0 if x_[j,l,h,z,i]=1" has a space
Warning: default constraint names used to write mps file
