
Gurobi 10.0.1 (win64) logging started Sun Aug 27 02:41:59 2023

Set parameter LogFile to value "results//log/URT_17_makespan.log"
Gurobi Optimizer version 10.0.1 build v10.0.1rc0 (win64)

CPU model: AMD Ryzen 7 3700X 8-Core Processor, instruction set [SSE2|AVX|AVX2]
Thread count: 8 physical cores, 16 logical processors, using up to 16 threads

Optimize a model with 1777 rows, 1217 columns and 7977 nonzeros
Model fingerprint: 0xe2c51409
Variable types: 96 continuous, 1121 integer (1120 binary)
Coefficient statistics:
  Matrix range     [1e+00, 1e+06]
  Objective range  [1e+00, 1e+00]
  Bounds range     [1e+00, 1e+00]
  RHS range        [1e+00, 3e+06]
Presolve removed 120 rows and 532 columns
Presolve time: 0.03s
Presolved: 1657 rows, 685 columns, 7811 nonzeros
Variable types: 96 continuous, 589 integer (588 binary)

Root relaxation: objective 8.000000e+01, 201 iterations, 0.00 seconds (0.00 work units)

    Nodes    |    Current Node    |     Objective Bounds      |     Work
 Expl Unexpl |  Obj  Depth IntInf | Incumbent    BestBd   Gap | It/Node Time

     0     0   80.00000    0   32          -   80.00000      -     -    0s
H    0     0                     394.0000000   80.00000  79.7%     -    0s
     0     0   80.00001    0   48  394.00000   80.00001  79.7%     -    0s
     0     0   82.00000    0   66  394.00000   82.00000  79.2%     -    0s
H    0     0                     313.0000000   82.00000  73.8%     -    0s
     0     0   82.29092    0   80  313.00000   82.29092  73.7%     -    0s
H    0     0                     311.0000000   82.29092  73.5%     -    0s
     0     0   82.56572    0   79  311.00000   82.56572  73.5%     -    0s
     0     0   82.56572    0   77  311.00000   82.56572  73.5%     -    0s
     0     0   84.19468    0   71  311.00000   84.19468  72.9%     -    0s
H    0     0                     310.0000000   84.19468  72.8%     -    0s
     0     0   84.37210    0   76  310.00000   84.37210  72.8%     -    0s
     0     0   84.50702    0   75  310.00000   84.50702  72.7%     -    0s
     0     0   84.50898    0   76  310.00000   84.50898  72.7%     -    0s
     0     0   84.52322    0   79  310.00000   84.52322  72.7%     -    0s
H    0     0                     309.0000000   84.52331  72.6%     -    0s
     0     0   84.52331    0   73  309.00000   84.52331  72.6%     -    0s
     0     0   84.84832    0   76  309.00000   84.84832  72.5%     -    0s
H    0     0                     308.0000000   84.84832  72.5%     -    0s
     0     0   85.12990    0   72  308.00000   85.12990  72.4%     -    0s
     0     0   85.12990    0   73  308.00000   85.12990  72.4%     -    0s
     0     0   85.29525    0   78  308.00000   85.29525  72.3%     -    0s
     0     0   85.31233    0   80  308.00000   85.31233  72.3%     -    0s
     0     0   85.31233    0   81  308.00000   85.31233  72.3%     -    0s
     0     0   85.31233    0   82  308.00000   85.31233  72.3%     -    0s
H    0     0                     304.0000000   85.31233  71.9%     -    0s
     0     0   85.31480    0   82  304.00000   85.31480  71.9%     -    0s
     0     0   85.31480    0   79  304.00000   85.31480  71.9%     -    0s
     0     0   85.31815    0   75  304.00000   85.31815  71.9%     -    0s
     0     0   86.00000    0   45  304.00000   86.00000  71.7%     -    1s
H    0     0                     298.0000000   86.00000  71.1%     -    1s
     0     0   86.00000    0   61  298.00000   86.00000  71.1%     -    1s
     0     0   86.00000    0   53  298.00000   86.00000  71.1%     -    1s
     0     0   86.00000    0   55  298.00000   86.00000  71.1%     -    1s
     0     0   86.00000    0   30  298.00000   86.00000  71.1%     -    1s
H    0     0                     294.0000000   86.00000  70.7%     -    1s
     0     0   86.00000    0   49  294.00000   86.00000  70.7%     -    1s
     0     0   86.00000    0   35  294.00000   86.00000  70.7%     -    1s
     0     0   86.00000    0   64  294.00000   86.00000  70.7%     -    1s
H    0     0                     269.0000000   86.00000  68.0%     -    1s
     0     0   86.00000    0   28  269.00000   86.00000  68.0%     -    1s
     0     0   86.00000    0   27  269.00000   86.00000  68.0%     -    2s
     0     2   86.00000    0   23  269.00000   86.00000  68.0%     -    2s
H   72    63                     267.0000000   86.00000  67.8%   185    2s
H  134   105                     265.0000000   86.00000  67.5%   126    2s
H  176   140                     264.0000000   86.00000  67.4%   108    2s
H  234   160                     252.0000000   86.00000  65.9%  89.9    4s
H  236   160                     251.0000000   86.00000  65.7%  89.8    4s
   500   312  105.00000   46   42  251.00000   86.00000  65.7%  54.0    5s
H  503   312                     249.0000000   86.00000  65.5%  53.8    5s
  1583   922  145.00000   47   65  249.00000   88.00000  64.7%  43.1   10s
  1751  1009   88.76547   47  122  249.00000   88.00000  64.7%  53.1   17s
H 1758   959                     246.0000000   88.00000  64.2%  53.5   17s
  1905  1002   89.00000   51  121  246.00000   88.00000  64.2%  62.2   22s
  2160  1063   98.00000   55   95  246.00000   88.00000  64.2%  65.2   25s
  6359  2710 infeasible   95       246.00000   88.00000  64.2%  73.2   30s
  9945  4630  104.19779   86   61  246.00000   88.00000  64.2%  75.5   35s
 10356  4642   88.00000   53   71  246.00000   88.00000  64.2%  75.8   41s
 12296  5898   89.00000   50   84  246.00000   88.00000  64.2%  75.0   45s
 14890  7040   90.74495   53   74  246.00000   88.00000  64.2%  76.5   50s
H14893  6992                     240.0000000   88.00000  63.3%  76.5   50s
 17257  8513  111.00000   55   51  240.00000   88.41371  63.2%  76.6   55s
 19839 10082   93.51339   57   79  240.00000   89.00000  62.9%  77.8   60s
 21831 11606  121.90634   70   56  240.00000   89.00000  62.9%  78.4   66s
 24940 12885   90.00000   49   83  240.00000   89.00000  62.9%  77.0   70s
 27213 13956  101.35758   49   80  240.00000   89.00000  62.9%  77.7   75s
H27268 13938                     239.0000000   89.00000  62.8%  77.8   75s
 28126 13950  107.00000   78   60  239.00000   89.00000  62.8%  78.5   82s
 28142 14386  107.77741   79   63  239.00000   89.00000  62.8%  78.5   96s
 29773 15984   89.00000   51   89  239.00000   89.00000  62.8%  79.3  104s
 31974 16803   90.00000   54   83  239.00000   89.00000  62.8%  79.6  108s
 33606 18274  102.00000   61   68  239.00000   89.00000  62.8%  79.6  113s
 36218 19161   90.00000   58   84  239.00000   89.00000  62.8%  79.1  117s
 37901 20192   91.00000   55   75  239.00000   89.00000  62.8%  79.6  121s
 39783 21106   92.01056   57   76  239.00000   89.00000  62.8%  80.1  125s
 41467 22538   90.58219   53   93  239.00000   89.00000  62.8%  80.6  140s
 44200 23491  113.06110   64   62  239.00000   89.00000  62.8%  80.9  145s
 45967 24635  104.00000   81   56  239.00000   89.17075  62.7%  81.9  151s
 48962 26201  119.00000   65   55  239.00000   89.86939  62.4%  82.2  159s
 51034 27170   93.00000   55   79  239.00000   90.00000  62.3%  82.0  164s
 52927 27971   92.44907   57   80  239.00000   90.00000  62.3%  82.6  169s
 54523 29112  109.66710   78   58  239.00000   90.00000  62.3%  83.3  174s
 56639 30037   92.00000   57   91  239.00000   90.00000  62.3%  84.2  180s
 58469 31130  104.00000   60   70  239.00000   90.00000  62.3%  84.8  185s
 60619 31964  100.68816   58   85  239.00000   90.00000  62.3%  84.8  190s
 62199 32936   91.56355   55   87  239.00000   90.00000  62.3%  85.3  196s
 64183 34195  105.48316   59   61  239.00000   90.00000  62.3%  86.1  203s
 66491 34883   92.00000   60   86  239.00000   90.00000  62.3%  86.7  213s
H66810 34167                     228.0000000   90.00000  60.5%  86.8  213s
 67765 35262   92.00000   57   86  228.00000   90.00000  60.5%  87.2  220s
 69928 36125   93.76036   52   91  228.00000   90.00000  60.5%  87.7  226s
 71528 37356   91.00000   51   88  228.00000   90.00000  60.5%  88.1  232s
 73855 38637   97.07283   62   68  228.00000   90.00000  60.5%  88.8  239s
 76369 39917   92.00000   61   89  228.00000   90.00000  60.5%  88.7  246s
 78700 40842   92.79104   54   90  228.00000   90.00000  60.5%  89.0  252s
 80402 42048  111.56777   73   58  228.00000   90.00000  60.5%  89.2  259s
 82714 42814  123.00000   63   49  228.00000   90.00000  60.5%  89.5  264s
 84125 44245   91.00000   59   90  228.00000   90.00000  60.5%  89.7  270s
 86739 46161  128.00000   76   48  228.00000   90.01656  60.5%  89.6  280s
 90190 47520  218.00000   96   22  228.00000   90.72383  60.2%  89.4  286s
 92763 48857  195.00000   86   33  228.00000   91.00000  60.1%  88.9  291s
 95237 50209  219.12776  123   23  228.00000   91.00000  60.1%  88.7  298s
 97684 51028   96.20953   59   76  228.00000   91.00000  60.1%  88.3  303s
 99268 51925  102.62359   61   64  228.00000   91.00000  60.1%  88.3  308s
 101069 52020   97.42312   60   78  228.00000   91.00000  60.1%  88.3  336s
 101214 52922  101.23692   65   55  228.00000   91.00000  60.1%  88.4  341s
 103028 54019  224.00000   89   25  228.00000   91.00000  60.1%  88.4  347s
 105129 55414   92.00000   58   78  228.00000   91.00000  60.1%  88.4  355s
 107741 56397   94.00000   68   76  228.00000   91.00000  60.1%  88.2  360s
 109626 57248   91.00000   58   77  228.00000   91.00000  60.1%  88.2  365s
 111154 58482   93.00000   59   85  228.00000   91.00000  60.1%  88.3  371s
 113490 59614   91.93295   58   84  228.00000   91.00000  60.1%  88.3  377s
 115676 60757   91.00000   61   79  228.00000   91.00000  60.1%  88.5  383s
 117833 60768  111.80768   61   78  228.00000   91.00000  60.1%  88.6  407s
 117849 61779  112.00000   62   75  228.00000   91.00000  60.1%  88.6  414s
 119005 61779   93.00000   58   77  228.00000   91.00000  60.1%  88.5  415s
 119819 63253   96.00000   59   80  228.00000   91.00000  60.1%  88.6  422s
 122469 64457  100.20585   58   73  228.00000   91.00000  60.1%  88.5  429s
 124760 65819   92.54835   58   87  228.00000   91.00000  60.1%  88.7  435s
 127223 66839  101.73126   59   78  228.00000   91.00000  60.1%  88.8  441s
 129264 67869   99.58351   65   87  228.00000   91.00000  60.1%  88.9  446s
 131202 68739  132.00000   73   54  228.00000   91.00000  60.1%  89.0  451s
 132959 69683  222.00000  108   24  228.00000   91.00000  60.1%  89.0  455s
 134808 70710  103.78156   58   75  228.00000   91.00000  60.1%  89.1  460s
 136760 71650   93.09312   59   80  228.00000   91.00000  60.1%  89.3  465s
 138499 72436   92.23884   60   85  228.00000   91.00000  60.1%  89.4  470s
 140185 73722   96.46582   56   87  228.00000   91.00000  60.1%  89.5  477s
 142637 75466  116.10873   59   58  228.00000   91.00000  60.1%  89.4  486s
 146073 75475  130.12324   66   43  228.00000   91.03109  60.1%  89.2  512s
 146090 77174  130.94005   67   44  228.00000   91.04195  60.1%  89.2  521s
 149442 79617  160.00000   81   37  228.00000   91.28476  60.0%  88.9  533s
 154033 80420  123.13428   74   50  228.00000   91.85219  59.7%  88.6  537s
 155512 81149  165.13844   72   46  228.00000   91.92682  59.7%  88.4  540s
 158055 82425   96.96437   67   88  228.00000   92.00000  59.6%  88.4  546s
 159540 83093  101.10795   66   65  228.00000   92.00000  59.6%  88.3  550s
 162592 84922  101.19335   74   58  228.00000   92.00000  59.6%  88.4  558s
 164395 85689  101.00000   67   92  228.00000   92.00000  59.6%  88.3  563s
 165922 86689   99.30118   59   63  228.00000   92.00000  59.6%  88.4  568s
 167804 88011   94.00000   58   66  228.00000   92.00000  59.6%  88.4  573s
 170181 89572  193.81210  105   41  228.00000   92.00000  59.6%  88.4  582s
 173045 90954  116.34897   68   65  228.00000   92.00000  59.6%  88.4  589s
 175787 92159   95.27383   64   83  228.00000   92.00000  59.6%  88.4  595s
 178208 93185  147.00000   87   51  228.00000   92.00000  59.6%  88.4  601s
 180304 94170  112.22904   66   68  228.00000   92.00000  59.6%  88.5  607s
 182269 95198  120.37707   59   63  228.00000   92.00000  59.6%  88.6  614s
 184505 97255  152.00000   77   51  228.00000   92.00000  59.6%  88.6  623s
 188259 98573   93.13020   60   82  228.00000   92.00000  59.6%  88.5  630s
 190985 99625   92.25290   52   74  228.00000   92.00000  59.6%  88.5  636s
 193209 101073  102.01219   64   67  228.00000   92.00000  59.6%  88.5  645s
 196162 102997  107.71885   62   69  228.00000   92.00000  59.6%  88.5  655s
 199774 104328   96.32569   60   73  228.00000   92.00000  59.6%  88.4  661s
 202220 104342  115.00000   57   75  228.00000   92.00000  59.6%  88.5  683s
 202236 105400  115.00000   58   63  228.00000   92.00000  59.6%  88.5  692s
 204294 105821   98.00000   63   73  228.00000   92.00000  59.6%  88.6  719s
 205114 107380   99.35732   57   80  228.00000   92.00000  59.6%  88.6  728s
 208165 108889   92.81735   62   80  228.00000   92.00000  59.6%  88.7  738s
 211118 110075   95.00000   66   80  228.00000   92.00000  59.6%  88.8  746s
 213685 111501  107.00000   63   66  228.00000   92.00000  59.6%  88.8  756s
 216477 112734   93.47793   65   72  228.00000   92.00000  59.6%  88.9  764s
 218805 114102  124.00000   74   54  228.00000   92.00000  59.6%  89.1  772s
 221400 115272   95.94028   64   82  228.00000   92.00000  59.6%  89.1  781s
 223755 116489  205.46170   97   30  228.00000   92.00000  59.6%  89.2  790s
 226283 117492   92.00000   50   68  228.00000   92.00000  59.6%  89.2  797s
 228247 118532   94.00000   63   86  228.00000   92.00000  59.6%  89.3  805s
 230217 119900  105.20243   69   76  228.00000   92.00000  59.6%  89.4  815s
 232775 121289  151.00000   88   43  228.00000   92.00000  59.6%  89.5  823s
 235435 122394   95.00000   59   85  228.00000   92.00000  59.6%  89.5  831s
 237543 124055   93.00000   62   89  228.00000   92.00000  59.6%  89.6  841s
 240668 125164  105.69523   65   72  228.00000   92.00000  59.6%  89.6  848s
 242861 126303   93.00000   58   89  228.00000   92.00000  59.6%  89.6  855s
 245072 127442   94.00270   54   75  228.00000   92.00000  59.6%  89.7  863s
 247366 128614   92.53772   60   86  228.00000   92.00000  59.6%  89.8  871s
 249529 129103  109.34868   69   63  228.00000   92.00000  59.6%  89.8  907s
 250369 130240   93.60893   55   84  228.00000   92.00000  59.6%  89.8  914s
 252550 131442  101.73189   57   91  228.00000   92.00000  59.6%  89.8  921s
 254820 132496  210.00000   98   31  228.00000   92.00000  59.6%  89.8  929s
 256785 133825  142.00000   75   41  228.00000   92.00000  59.6%  90.0  937s
 259327 134878   92.00000   62   83  228.00000   92.00000  59.6%  89.9  943s
 261208 135379   94.00000   63   69  228.00000   92.00000  59.6%  90.0  949s
 262175 136542   92.85272   53   82  228.00000   92.00000  59.6%  90.0  957s
 264408 138054  106.89677   63   55  228.00000   92.00000  59.6%  90.1  966s
 267135 139006  106.93849   58   86  228.00000   92.00000  59.6%  90.1  972s
 268975 140531  135.00000   66   53  228.00000   92.00000  59.6%  90.2  981s
 271762 141582   93.70998   60   82  228.00000   92.00000  59.6%  90.1  988s
 273702 142819  120.86959   55   61  228.00000   92.00000  59.6%  90.1  995s
 276054 143648  102.60492   61   71  228.00000   92.00000  59.6%  90.1 1001s
 277670 143658  206.00000   98   29  228.00000   92.00000  59.6%  90.2 1029s
 277705 151998   98.20130   59   81  228.00000   92.00000  59.6%  90.2 1097s
 287715 151998   98.90509   64   76  228.00000   92.00000  59.6%  90.1 1100s
 293721 152672  103.00000   84   50  228.00000   92.00000  59.6%  90.0 1106s
 295243 152778  197.32388   94   33  228.00000   92.00000  59.6%  90.0 1123s
 295455 153693   98.80877   67   71  228.00000   92.00000  59.6%  90.0 1128s
 297347 154072   92.00000   68   77  228.00000   92.00000  59.6%  90.0 1136s
 298055 154719   95.15584   69   86  228.00000   92.00000  59.6%  90.0 1141s
 299338 156896   92.03910   66   83  228.00000   92.00000  59.6%  90.1 1152s
 303631 157677  114.06512   56   77  228.00000   92.00000  59.6%  89.8 1156s
 305090 158659   95.00000   62   68  228.00000   92.00000  59.6%  89.8 1160s
 308566 160095   95.20351   59   67  228.00000   92.00000  59.6%  89.6 1167s
 309740 161021   92.71736   57   80  228.00000   92.21682  59.6%  89.6 1171s
 311555 162011   98.97912   65   62  228.00000   92.27888  59.5%  89.5 1175s
 313592 163052  158.00000   97   44  228.00000   92.31942  59.5%  89.4 1180s
 317421 164791  162.13988   70   46  228.00000   92.48438  59.4%  89.2 1188s
 319097 165590  129.00000   73   54  228.00000   92.52557  59.4%  89.1 1192s
 320600 167473 infeasible   98       228.00000   92.57588  59.4%  89.1 1202s
 324378 168423  128.00000   70   50  228.00000   92.69107  59.3%  88.9 1207s
 326286 169442  123.41377   73   82  228.00000   92.77684  59.3%  88.8 1211s
 328216 170347  156.00000   69   43  228.00000   92.86922  59.3%  88.7 1215s
 331725 172251  140.00000   81   45  228.00000   92.94915  59.2%  88.6 1223s
 333627 173051   95.36543   60   73  228.00000   92.99411  59.2%  88.5 1227s
 335181 173890   99.00000   63   84  228.00000   93.00000  59.2%  88.5 1231s
 336855 174659   98.26258   67   69  228.00000   93.00000  59.2%  88.4 1235s
 340133 176266  105.39811   67   66  228.00000   93.00000  59.2%  88.3 1243s
 341649 177826  123.12755   65   56  228.00000   93.00000  59.2%  88.3 1252s
 344607 179176  111.71062   58   66  228.00000   93.00000  59.2%  88.3 1259s
 346611 179176   98.53224   59   71  228.00000   93.00000  59.2%  88.3 1260s
 347378 180837  111.46728   77   70  228.00000   93.00000  59.2%  88.3 1268s
 350729 182121  102.63462   66   77  228.00000   93.00000  59.2%  88.2 1274s
 353233 183297   98.02098   65   91  228.00000   93.00000  59.2%  88.1 1280s
 355539 184480  102.88235   65   68  228.00000   93.00000  59.2%  88.1 1287s
 357998 185545  112.36844   73   72  228.00000   93.00000  59.2%  88.1 1293s
 360113 186427  107.19925   63   59  228.00000   93.00000  59.2%  88.1 1301s
 361737 187894   95.41937   59   75  228.00000   93.00000  59.2%  88.0 1310s
 364552 189113   93.00366   69   83  228.00000   93.00000  59.2%  88.0 1317s
 366951 190452   94.03600   67   81  228.00000   93.00000  59.2%  88.1 1326s
 369682 190509  101.58556   60   77  228.00000   93.00000  59.2%  88.1 1354s
 369808 192012  100.00890   60   70  228.00000   93.00000  59.2%  88.1 1364s
 370504 192012  112.37403   71   72  228.00000   93.00000  59.2%  88.1 1365s
 372636 193259  101.00000   67   88  228.00000   93.00000  59.2%  88.1 1373s
 375003 194787  102.31465   61   74  228.00000   93.00000  59.2%  88.1 1383s
 377952 196261   93.00000   58   71  228.00000   93.00000  59.2%  88.2 1393s
 380844 197499  101.68627   65   75  228.00000   93.00000  59.2%  88.2 1402s
 383158 199053   98.00000   62   69  228.00000   93.00000  59.2%  88.2 1413s
 386221 200177  123.00000   77   48  228.00000   93.00000  59.2%  88.2 1421s
 388540 201772  112.71093   62   67  228.00000   93.00000  59.2%  88.2 1431s
 391579 202314   93.47914   55   85  228.00000   93.00000  59.2%  88.2 1445s
 392671 203719   95.00000   66   89  228.00000   93.00000  59.2%  88.2 1456s
 395377 205273   98.75449   67   79  228.00000   93.00000  59.2%  88.2 1466s
 398450 206604   93.00000   62   75  228.00000   93.00000  59.2%  88.2 1476s
 401088 208029  110.07662   62   79  228.00000   93.00000  59.2%  88.3 1486s
 403851 209480  115.12491   69   82  228.00000   93.00000  59.2%  88.3 1495s
 406646 210828   97.03035   65   73  228.00000   93.00000  59.2%  88.4 1505s
 409181 212114  101.00000   66   65  228.00000   93.00000  59.2%  88.4 1514s
 411761 212964  140.00000   71   48  228.00000   93.00000  59.2%  88.4 1522s
 413483 214309   99.00000   71   67  228.00000   93.00000  59.2%  88.4 1531s
 416144 215795   93.00000   65   71  228.00000   93.00000  59.2%  88.5 1541s
 419100 217066   94.00000   57   80  228.00000   93.00000  59.2%  88.5 1550s
 421710 218840   93.00000   61   74  228.00000   93.00000  59.2%  88.5 1560s
 424932 220011  109.43675   58   68  228.00000   93.00000  59.2%  88.5 1569s
 427264 221277   93.00000   62   84  228.00000   93.00000  59.2%  88.6 1577s
 429697 222551   93.00000   62   81  228.00000   93.00000  59.2%  88.6 1586s
 432177 224175  219.00000   82   25  228.00000   93.00000  59.2%  88.6 1596s
 435293 225551  101.54838   64   72  228.00000   93.00000  59.2%  88.6 1606s
 438056 226229   96.21101   59   74  228.00000   93.00000  59.2%  88.7 1623s
 439375 228299   97.29340   63   70  228.00000   93.00000  59.2%  88.7 1635s
 443430 229653   94.51461   65   92  228.00000   93.00000  59.2%  88.6 1644s
 446102 229742   97.25365   63   73  228.00000   93.00000  59.2%  88.6 1664s
 446285 231376   99.27445   64   65  228.00000   93.00000  59.2%  88.6 1673s
 449355 232677   93.00000   57   66  228.00000   93.00000  59.2%  88.6 1682s
 452077 233848   93.00000   62   65  228.00000   93.00000  59.2%  88.6 1690s
 454448 235050   97.67229   64   81  228.00000   93.00000  59.2%  88.6 1698s
 456860 236243   96.54200   69   65  228.00000   93.00000  59.2%  88.7 1706s
 459196 237673  186.00000   85   29  228.00000   93.00000  59.2%  88.7 1714s
 460061 237673  101.55037   67   78  228.00000   93.00000  59.2%  88.7 1715s
 462007 239385   94.00000   62   86  228.00000   93.00000  59.2%  88.7 1724s
 465142 240880   99.00000   61   66  228.00000   93.00000  59.2%  88.7 1733s
 468054 242127   94.99580   60   88  228.00000   93.00000  59.2%  88.7 1741s
 470413 243287  110.61981   63   90  228.00000   93.00000  59.2%  88.7 1749s
 472692 244885  113.88080   62   83  228.00000   93.00000  59.2%  88.8 1758s
 475703 246510   93.00000   59   72  228.00000   93.00000  59.2%  88.8 1766s
 478671 247766   93.00000   65   84  228.00000   93.00000  59.2%  88.9 1774s
 480307 247766   94.83567   57   83  228.00000   93.00000  59.2%  88.9 1775s
 480996 249044  100.50875   65   83  228.00000   93.00000  59.2%  88.9 1782s
 483471 249521  218.00000   95   30  228.00000   93.00000  59.2%  89.0 1793s
 484465 250633  103.35299   66   64  228.00000   93.00000  59.2%  89.0 1801s
 486603 252136   93.00000   61   89  228.00000   93.00000  59.2%  89.1 1811s
 489634 253344   98.00000   59   72  228.00000   93.00000  59.2%  89.1 1820s
 492173 254973   98.00000   64   86  228.00000   93.00000  59.2%  89.1 1830s
 495197 256497   96.59114   63   83  228.00000   93.00000  59.2%  89.2 1839s
 498382 257479   93.00000   58   66  228.00000   93.00000  59.2%  89.2 1846s
 500305 258693  119.58344   80   50  228.00000   93.00000  59.2%  89.2 1853s
 502591 259829  103.07820   69   78  228.00000   93.00000  59.2%  89.2 1860s
 504832 260801   96.29961   67   77  228.00000   93.00000  59.2%  89.2 1866s
 506702 261911  202.00000   90   34  228.00000   93.00000  59.2%  89.2 1873s
 508946 263041  101.00000   56   75  228.00000   93.00000  59.2%  89.2 1880s
 511097 264494   96.00000   72   66  228.00000   93.00000  59.2%  89.2 1889s
 513844 265916  108.99639   63   65  228.00000   93.00000  59.2%  89.2 1896s
 516459 266929   94.00000   67   72  228.00000   93.00000  59.2%  89.3 1903s
 518472 267948   98.02221   66   74  228.00000   93.00000  59.2%  89.3 1910s
 520577 267954  132.00000   78   58  228.00000   93.00000  59.2%  89.3 1928s
 520593 269397  132.00000   79   54  228.00000   93.00000  59.2%  89.3 1937s
 523332 270252   93.00000   57   68  228.00000   93.00000  59.2%  89.3 1945s
 525146 271165  103.60415   56   67  228.00000   93.00000  59.2%  89.3 1952s
 526981 272037  150.00000   74   47  228.00000   93.00000  59.2%  89.4 1959s
 528784 272373   93.00000   59   67  228.00000   93.00000  59.2%  89.4 1971s
 529442 273506  174.00000   94   30  228.00000   93.00000  59.2%  89.4 1980s
 531776 274788   96.60290   64   69  228.00000   93.00000  59.2%  89.5 1989s
 534192 276160   94.00000   61   76  228.00000   93.00000  59.2%  89.5 1999s
 537030 277177  107.18631   72   71  228.00000   93.00000  59.2%  89.4 2007s
 538964 278522  106.00000   69   66  228.00000   93.00000  59.2%  89.4 2017s
 541404 279413   96.53877   66   80  228.00000   93.00000  59.2%  89.4 2024s
 543112 280848  104.00000   63   78  228.00000   93.00000  59.2%  89.5 2034s
 545916 281648  113.00000   67   77  228.00000   93.00000  59.2%  89.4 2040s
 547550 282539  109.27554   72   69  228.00000   93.00000  59.2%  89.5 2047s
 549311 283290  127.65015   68   60  228.00000   93.00000  59.2%  89.5 2053s
 550807 284539   99.00000   80   60  228.00000   93.00000  59.2%  89.5 2062s
 553138 286016   98.29182   62   89  228.00000   93.00000  59.2%  89.6 2072s
 555968 287536  150.00000   82   63  228.00000   93.00000  59.2%  89.5 2083s
 558861 289483   93.00000   66   68  228.00000   93.00000  59.2%  89.5 2098s
 562809 290759  176.00000   89   39  228.00000   93.07340  59.2%  89.3 2106s
 565119 291448  132.00000   68   55  228.00000   93.12091  59.2%  89.3 2110s
 566497 292551  126.00000   76   53  228.00000   93.12500  59.2%  89.2 2117s
 568439 293546  160.00000   97   29  228.00000   93.15356  59.1%  89.2 2123s
 570334 294464  165.00000   67   42  228.00000   93.17726  59.1%  89.1 2129s
 572143 295422  110.00000   66   64  228.00000   93.20000  59.1%  89.1 2134s
 573931 296306  103.00000   75   54  228.00000   93.22863  59.1%  89.0 2139s
 575028 296306  100.74052   71   65  228.00000   93.24806  59.1%  89.0 2140s
 575542 297279  119.00000   81   50  228.00000   93.25988  59.1%  89.0 2145s
 577343 298169     cutoff   96       228.00000   93.27162  59.1%  89.0 2151s
 579052 299058  114.00000   63   68  228.00000   93.30274  59.1%  88.9 2156s
 580799 301204  104.00000   66   65  228.00000   93.32458  59.1%  88.9 2171s
 584935 302114   98.00000   60   78  228.00000   93.38204  59.0%  88.8 2178s
 586729 302970  223.01418   99   21  228.00000   93.43103  59.0%  88.7 2183s
 588328 303830   96.55299   62   75  228.00000   93.47475  59.0%  88.7 2188s
 589975 305016  123.33942   85   61  228.00000   93.50391  59.0%  88.7 2194s
 592185 305708  137.00000   70   40  228.00000   93.51820  59.0%  88.5 2199s
 593441 306593   99.00000   68   63  228.00000   93.54707  59.0%  88.5 2204s
 595079 307390   97.05928   67   72  228.00000   93.57648  59.0%  88.4 2209s
 596617 308376   95.40508   59   84  228.00000   93.60415  58.9%  88.4 2215s
 598403 309338  120.00000   71   73  228.00000   93.65475  58.9%  88.3 2220s
 600099 310079   96.00000   65   71  228.00000   93.67379  58.9%  88.3 2225s
 601541 312438  107.43935   60   79  228.00000   93.71332  58.9%  88.2 2239s
 605906 313282  101.00000   66   67  228.00000   93.79809  58.9%  88.1 2244s
 607494 314088  102.00000   68   71  228.00000   93.81823  58.9%  88.1 2248s
 609131 314564  108.12521   69   64  228.00000   93.85153  58.8%  88.0 2252s
 610039 315421  190.26860   97   30  228.00000   93.86819  58.8%  88.0 2257s
 611738 315566 infeasible   92       228.00000   93.89251  58.8%  88.0 2269s
 612137 316133  115.33878   71   57  228.00000   93.90007  58.8%  88.0 2273s
 613539 317201  124.00000   76   47  228.00000   93.91862  58.8%  87.9 2279s
 614112 317201  145.00000   81   42  228.00000   93.92475  58.8%  87.9 2280s
 615565 318527  100.00000   72   66  228.00000   93.92782  58.8%  87.8 2285s
 617801 319468  119.00000   79   55  228.00000   93.95652  58.8%  87.8 2291s
 619678 320341  117.00000   60   68  228.00000   93.97847  58.8%  87.7 2296s
 621566 321413  117.00000   75   63  228.00000   94.00000  58.8%  87.6 2301s
 623469 323147  177.00000   97   28  228.00000   94.00000  58.8%  87.6 2312s
 626879 324478  107.44870   71   78  228.00000   94.00000  58.8%  87.5 2320s
 629355 325617  100.39688   59   74  228.00000   94.00000  58.8%  87.4 2329s
 631753 326782  109.25813   69   80  228.00000   94.00000  58.8%  87.4 2337s
 634253 327946  107.66277   72   74  228.00000   94.00000  58.8%  87.4 2346s
 636695 328192  102.00000   68   78  228.00000   94.00000  58.8%  87.3 2363s
 637114 329800  128.00000   77   48  228.00000   94.00000  58.8%  87.4 2374s
 640323 331296  108.09497   67   74  228.00000   94.00000  58.8%  87.3 2383s
 643129 332562  127.00000   73   53  228.00000   94.00000  58.8%  87.3 2392s
 645547 334460  110.27690   69   64  228.00000   94.00000  58.8%  87.3 2404s
 649284 335540  153.00000   75   33  228.00000   94.00000  58.8%  87.2 2411s
 651413 336200  110.79348   59   64  228.00000   94.00000  58.8%  87.2 2421s
 652617 337774  108.87490   62   76  228.00000   94.00000  58.8%  87.2 2430s
 655530 339044  106.00128   73   64  228.00000   94.00000  58.8%  87.1 2439s
 658061 340601   96.00000   65   84  228.00000   94.00000  58.8%  87.1 2448s
 661234 341666  116.03329   70   66  228.00000   94.00000  58.8%  87.1 2456s
 663271 342592  105.81081   57   67  228.00000   94.00000  58.8%  87.1 2464s
 665098 344163   94.00000   64   75  228.00000   94.00000  58.8%  87.1 2473s
 668067 346082  109.00000   67   79  228.00000   94.00000  58.8%  87.0 2485s
 671661 347156  102.06273   66   80  228.00000   94.00000  58.8%  87.0 2492s
 673736 348544  108.00000   74   64  228.00000   94.00000  58.8%  87.0 2501s
 676394 348643 infeasible  111       228.00000   94.00000  58.8%  86.9 2512s
 676573 349846  125.17649   70   60  228.00000   94.00000  58.8%  87.0 2521s
 678922 351049   98.45356   64   83  228.00000   94.00000  58.8%  86.9 2529s
 680780 351049  104.64300   70   69  228.00000   94.00000  58.8%  86.9 2530s
 681112 352387  189.00000   96   22  228.00000   94.00000  58.8%  86.9 2540s
 683797 353914   94.00000   65   73  228.00000   94.00000  58.8%  86.9 2551s
 686758 355171  104.00000   66   53  228.00000   94.00000  58.8%  86.9 2561s
 689150 356561  100.82218   70   75  228.00000   94.00000  58.8%  86.9 2572s
 691891 357644   94.00000   56   70  228.00000   94.00000  58.8%  86.9 2583s
 694090 359137  185.30087   79   47  228.00000   94.00000  58.8%  86.9 2620s
 697098 360715  100.53266   63   79  228.00000   94.00000  58.8%  86.9 2633s
 700176 362326  102.45415   76   74  228.00000   94.00000  58.8%  86.9 2646s
 703392 364082  226.26030   93   26  228.00000   94.00000  58.8%  86.9 2660s
 706672 365713   99.33573   73   68  228.00000   94.00000  58.8%  86.8 2672s
 709820 366876   99.53498   65   75  228.00000   94.00000  58.8%  86.8 2683s
 712146 368319  100.58978   65   68  228.00000   94.00000  58.8%  86.8 2695s
 715000 369825   98.47080   61   74  228.00000   94.00000  58.8%  86.8 2706s
 717772 371113  109.06009   62   57  228.00000   94.00000  58.8%  86.8 2716s
 720157 372406   99.01542   60   76  228.00000   94.00000  58.8%  86.8 2726s
 722708 373536  126.81281   67   65  228.00000   94.00000  58.8%  86.8 2737s
 724892 375177  102.09511   67   73  228.00000   94.00000  58.8%  86.9 2748s
 727923 375849  102.92041   71   76  228.00000   94.00000  58.8%  86.8 2764s
 729156 375858   95.00000   67   74  228.00000   94.00000  58.8%  86.8 2794s
 729172 377281   95.00000   68   73  228.00000   94.00000  58.8%  86.8 2806s
 731931 378578   98.21992   65   82  228.00000   94.00000  58.8%  86.8 2817s
 734499 379994  106.58316   61   67  228.00000   94.00000  58.8%  86.9 2829s
 737252 381539  100.58462   60   65  228.00000   94.00000  58.8%  86.9 2840s
 740324 382984   95.00000   64   96  228.00000   94.00000  58.8%  86.8 2851s
 743129 384185   98.00000   68   76  228.00000   94.00000  58.8%  86.8 2860s
 745469 385598  108.28393   69   64  228.00000   94.00000  58.8%  86.9 2870s
 748116 386748   94.00000   66   57  228.00000   94.00000  58.8%  86.8 2878s
 750349 387951   95.96548   71   86  228.00000   94.00000  58.8%  86.8 2888s
 752663 389063  139.76773   81   49  228.00000   94.00000  58.8%  86.8 2898s
 754790 391168   99.01249   67   65  228.00000   94.00000  58.8%  86.9 2912s
 758679 392516   96.00000   69   80  228.00000   94.00000  58.8%  86.9 2923s
 761270 393940   97.82823   65   73  228.00000   94.00000  58.8%  86.9 2932s
 763943 395397   94.00000   64   74  228.00000   94.00000  58.8%  86.8 2941s
 766571 396134   94.00000   65   75  228.00000   94.00000  58.8%  86.9 2953s
 768000 397447 infeasible  107       228.00000   94.00000  58.8%  86.9 2963s
 770617 398602  176.00000   89   33  228.00000   94.00000  58.8%  87.0 2973s
 772953 400188   97.00000   68   60  228.00000   94.00000  58.8%  87.0 2984s
 776097 401404   94.00000   63   85  228.00000   94.00000  58.8%  87.0 2994s
 778526 402669   94.00000   62  131  228.00000   94.00000  58.8%  87.0 3005s
 781023 404427  106.82949   60   81  228.00000   94.00000  58.8%  87.0 3016s
 784265 406279   98.28958   73   76  228.00000   94.00000  58.8%  87.0 3027s
 787633 407172  109.67882   62   68  228.00000   94.00000  58.8%  87.0 3036s
 789408 408542   94.85047   59   83  228.00000   94.00000  58.8%  87.1 3046s
 792032 409913   97.62994   59   73  228.00000   94.00000  58.8%  87.0 3056s
 794709 410527  107.00000   82   54  228.00000   94.00000  58.8%  87.1 3069s
 795786 411898   95.14956   60   94  228.00000   94.00000  58.8%  87.0 3079s
 798467 413276   99.64691   67   70  228.00000   94.00000  58.8%  87.1 3091s
 801110 414477   97.60203   67   73  228.00000   94.00000  58.8%  87.1 3100s
 803395 415812   95.00000   64   79  228.00000   94.00000  58.8%  87.1 3111s
 805960 415836  116.00000   76   57  228.00000   94.00000  58.8%  87.1 3134s
 806002 417442  116.39262   77   53  228.00000   94.00000  58.8%  87.1 3147s
 809052 418777   94.77592   58   78  228.00000   94.00000  58.8%  87.1 3159s
 811291 418777  103.94459   67   62  228.00000   94.00000  58.8%  87.1 3160s
 811720 420291  114.00000   73   60  228.00000   94.00000  58.8%  87.1 3172s
 814577 421374  101.11147   71   76  228.00000   94.00000  58.8%  87.1 3183s
 816767 422655   97.34533   62   86  228.00000   94.00000  58.8%  87.1 3195s
 819454 423726   96.13037   63   80  228.00000   94.00000  58.8%  87.2 3206s
 821531 424828   96.65592   60   82  228.00000   94.00000  58.8%  87.2 3218s
 823747 426744  101.09051   68   83  228.00000   94.00000  58.8%  87.2 3233s
 827409 428911   95.20767   59   74  228.00000   94.00000  58.8%  87.2 3250s
 831308 430378   99.00000   60   76  228.00000   94.00000  58.8%  87.2 3262s
 834127 431558   94.00000   67   81  228.00000   94.00000  58.8%  87.2 3275s
 836445 432023  109.01526   58   62  228.00000   94.00000  58.8%  87.2 3292s
 837303 433597   95.39853   69   75  228.00000   94.00000  58.8%  87.2 3307s
 840321 434675  104.32926   60   80  228.00000   94.00000  58.8%  87.2 3324s
 842297 436466  110.88311   61   74  228.00000   94.00000  58.8%  87.2 3342s
 845817 438001  103.04281   64   70  228.00000   94.00000  58.8%  87.2 3356s
 849073 439368 infeasible   99       228.00000   94.00000  58.8%  87.2 3369s
 850631 439368   95.48669   66   80  228.00000   94.00000  58.8%  87.2 3370s
 851826 441228   94.97989   56   74  228.00000   94.00000  58.8%  87.2 3384s
 852313 441228   94.95293   68   86  228.00000   94.00000  58.8%  87.2 3385s
 855340 442483   95.00000   72   66  228.00000   94.00000  58.8%  87.2 3396s
 857786 443650  112.05015   68   67  228.00000   94.00000  58.8%  87.2 3406s
 860061 444903  118.00000   72   53  228.00000   94.00000  58.8%  87.2 3417s
 862504 446415   95.00000   74   79  228.00000   94.00000  58.8%  87.3 3429s
 865470 447443   95.00000   57   70  228.00000   94.00000  58.8%  87.2 3438s
 867489 448894   99.44095   61   73  228.00000   94.00000  58.8%  87.3 3449s
 870198 450384   94.25422   69   69  228.00000   94.00000  58.8%  87.3 3460s
 873071 451575   94.00000   57   80  228.00000   94.00000  58.8%  87.2 3470s
 875294 452709   99.00000   66   82  228.00000   94.00000  58.8%  87.3 3479s
 875649 452709  102.08391   68   82  228.00000   94.00000  58.8%  87.3 3480s
 877455 454119   99.63266   59   80  228.00000   94.00000  58.8%  87.3 3491s
 880168 455660   99.05918   64   80  228.00000   94.00000  58.8%  87.3 3502s
 883011 457368   95.00000   60   89  228.00000   94.00000  58.8%  87.3 3515s
 886308 457385   94.86975   60   83  228.00000   94.00000  58.8%  87.2 3539s
 886351 457725   97.67073   61   74  228.00000   94.00000  58.8%  87.2 3552s
 887038 459203  106.00000   76   74  228.00000   94.00000  58.8%  87.2 3564s
 889867 460772  165.44471   97   30  228.00000   94.00000  58.8%  87.3 3576s
 892812 462043   94.00000   63   74  228.00000   94.00000  58.8%  87.3 3587s
 895419 463258   94.00000   65   81  228.00000   94.00000  58.8%  87.3 3598s
 897972 463379   94.00000   65   71  228.00000   94.00000  58.8%  87.3 3600s

Cutting planes:
  Learned: 741
  Gomory: 180
  Cover: 21
  Implied bound: 4
  Projected implied bound: 2
  MIR: 3475
  Flow cover: 5377
  Inf proof: 2
  Relax-and-lift: 29

Explored 898137 nodes (78470538 simplex iterations) in 3600.21 seconds (1889.00 work units)
Thread count was 16 (of 16 available processors)

Solution count 10: 228 239 240 ... 267

Time limit reached
Best objective 2.280000000000e+02, best bound 9.400000000000e+01, gap 58.7719%
Warning: constraint name "precedence between 0,1 to 0,0 if x_[j,l,h,z,i]=1" has a space
Warning: constraint name "precedence between 0,1 to 0,0 if x_[j,l,h,z,i]=1" has a space
Warning: default constraint names used to write mps file
