
Gurobi 10.0.1 (win64) logging started Sat Oct  7 14:15:37 2023

Set parameter LogFile to value "./results//log/URT_17_deadline_heurFalse.log"
Gurobi Optimizer version 10.0.1 build v10.0.1rc0 (win64)

CPU model: AMD Ryzen 7 3700X 8-Core Processor, instruction set [SSE2|AVX|AVX2]
Thread count: 8 physical cores, 16 logical processors, using up to 16 threads

Optimize a model with 1842 rows, 1241 columns and 8075 nonzeros
Model fingerprint: 0x89cda46b
Model has 1 quadratic constraint
Variable types: 0 continuous, 1241 integer (1144 binary)
Coefficient statistics:
  Matrix range     [1e+00, 1e+07]
  QMatrix range    [1e+00, 1e+00]
  QLMatrix range   [1e+00, 2e+01]
  Objective range  [1e+00, 1e+00]
  Bounds range     [1e+00, 1e+00]
  RHS range        [1e+00, 3e+07]
Presolve removed 135 rows and 532 columns
Presolve time: 0.03s
Presolved: 1732 rows, 733 columns, 8027 nonzeros
Variable types: 0 continuous, 733 integer (612 binary)

Root relaxation: objective 0.000000e+00, 164 iterations, 0.01 seconds (0.00 work units)

    Nodes    |    Current Node    |     Objective Bounds      |     Work
 Expl Unexpl |  Obj  Depth IntInf | Incumbent    BestBd   Gap | It/Node Time

     0     0    0.00000    0    4          -    0.00000      -     -    0s
H    0     0                     309.0000000    0.00000   100%     -    0s
H    0     0                     307.0000000    0.00000   100%     -    0s
     0     0    0.00000    0   19  307.00000    0.00000   100%     -    0s
H    0     0                     306.0000000    0.00000   100%     -    0s
     0     0    0.00000    0   29  306.00000    0.00000   100%     -    0s
H    0     0                     270.0000000    0.00000   100%     -    0s
     0     0    0.00000    0    4  270.00000    0.00000   100%     -    0s
H    0     0                     269.0000000    0.00000   100%     -    0s
H    0     0                     248.0000000    0.00000   100%     -    0s
     0     0    0.00000    0   18  248.00000    0.00000   100%     -    0s
H    0     0                     247.0000000    0.00000   100%     -    0s
H    0     0                     237.0000000    0.00000   100%     -    0s
     0     0    0.00000    0    5  237.00000    0.00000   100%     -    0s
H    0     0                     189.0000000    0.00000   100%     -    0s
     0     0    0.00000    0   13  189.00000    0.00000   100%     -    0s
     0     0    0.00000    0   12  189.00000    0.00000   100%     -    0s
     0     0    0.00000    0    6  189.00000    0.00000   100%     -    0s
H    0     0                     188.0000000    0.00000   100%     -    0s
     0     0    0.00000    0   25  188.00000    0.00000   100%     -    0s
     0     0    0.00000    0    4  188.00000    0.00000   100%     -    1s
     0     0    0.00000    0    4  188.00000    0.00000   100%     -    1s
     0     2    0.00000    0    4  188.00000    0.00000   100%     -    1s
H   31    38                     187.0000000    0.00000   100%  91.7    1s
H   64   104                     186.0000000    0.00000   100%  59.5    1s
H  133   217                     159.0000000    0.00000   100%  55.4    1s
H  435   323                     146.0000000    0.00000   100%  25.3    2s
H  657   478                     144.0000000    0.00000   100%  19.9    2s
H 1905   745                     143.0000000    0.00000   100%  10.8    3s
H 1905   742                     141.0000000    0.00000   100%  10.8    3s
H 2544   750                     139.0000000    0.00000   100%   8.5    3s
H 2545   748                     133.0000000    0.00000   100%   8.6    3s
  6913   898   98.00000  972   43  133.00000    0.00000   100%   3.5    5s
 15981   996    7.00000   19   68  133.00000    5.00000  96.2%   2.8   10s
 16033  1033   28.00000   32   82  133.00000    6.00000  95.5%   5.4   15s
H16130  1058                     130.0000000    6.00000  95.4%   5.1   19s
H16554  1224                     128.0000000    6.00000  95.3%   5.7   19s
 16611  1401    6.00000   64   57  128.00000    6.00000  95.3%   5.7   20s
 30701  9679   90.00000   83   39  128.00000    6.00000  95.3%  10.4   26s
 42031 19186   91.00000   75   41  128.00000    6.00000  95.3%  11.8   32s
 49553 22071    7.00000   75   65  128.00000    6.00000  95.3%  12.0   35s
 62129 30817   22.15484   93   45  128.00000    6.00000  95.3%  12.8   40s
 89165 48335    8.00000   73   74  128.00000    6.00000  95.3%  13.1   45s
 106304 56580   64.00000   89   36  128.00000    6.00000  95.3%  13.2   50s
 134911 73798   93.00000   88   42  128.00000    6.00000  95.3%  13.3   55s
 138788 75578   32.00000   76   47  128.00000    6.00000  95.3%  13.4   60s
 153059 83685   88.00000   98   41  128.00000    6.00000  95.3%  13.5   65s
 164522 92474   43.00000   88   47  128.00000    6.00000  95.3%  13.7   70s
 192593 107858   30.00000   86   54  128.00000    6.00000  95.3%  13.8   75s
 206482 117000   16.01360   72   63  128.00000    6.00000  95.3%  13.9   80s
 236916 133180   25.00000   94   64  128.00000    6.00000  95.3%  13.9   86s
 251127 142526   84.01360   83   37  128.00000    6.00000  95.3%  13.9   90s
 261198 157386 infeasible  116       128.00000    6.00000  95.3%  14.0   97s
 277214 157462 infeasible  100       128.00000    6.00000  95.3%  14.1  101s
 287997 165300   73.00000   99   35  128.00000    6.00000  95.3%  14.1  105s
 300433 172137   50.55247   93   64  128.00000    6.00000  95.3%  14.0  110s
 325838 186855   81.44444   87   37  128.00000    6.00000  95.3%  14.0  115s
 345985 198739   35.00000   82   63  128.00000    6.00000  95.3%  13.9  120s
 358566 205561   51.00000   77   59  128.00000    6.00000  95.3%  13.9  125s
 381955 219742    6.00000   78   70  128.00000    6.00000  95.3%  13.9  130s
 393462 225144   21.00000   79   59  128.00000    6.00000  95.3%  13.8  136s
 394367 234541   99.09859   98   43  128.00000    6.00000  95.3%  13.8  141s
 410270 234610   13.00000   81   69  128.00000    6.00000  95.3%  13.9  145s
 426708 246040   30.44000   73   70  128.00000    6.00000  95.3%  13.9  150s
 440250 253200  123.20769  103   28  128.00000    6.00000  95.3%  13.9  155s
 458506 265243   33.56643   90   47  128.00000    6.00000  95.3%  13.9  160s
 475137 275639    6.00000   74   61  128.00000    6.00000  95.3%  13.9  165s
 487155 282852   14.00000   83   71  128.00000    6.00000  95.3%  13.8  170s
*491114 278918             155     124.0000000    6.00000  95.2%  13.8  171s
 504389 288805   86.00000  102   44  124.00000    6.00000  95.2%  13.8  175s
 514002 293270    7.00000   72   64  124.00000    6.00000  95.2%  13.8  180s
 520679 297908   61.00000   85   47  124.00000    6.00000  95.2%  13.8  185s
 524324 307597   88.00000  117   37  124.00000    6.00000  95.2%  13.8  192s
 540340 307840   31.00000   87   50  124.00000    6.00000  95.2%  13.9  196s
H540456 305902                     123.0000000    6.00000  95.1%  13.9  196s
H540463 297156                     119.0000000    6.00000  95.0%  13.9  196s
 551855 305433   12.70000   84   58  119.00000    6.00000  95.0%  13.9  200s
 569715 317293  102.12308  109   48  119.00000    6.00000  95.0%  13.8  205s
H574616 315301                     118.0000000    6.00000  94.9%  13.8  207s
 585624 323114   32.00000   98   53  118.00000    6.00000  94.9%  13.8  210s
 594540 328456  108.00000  122   18  118.00000    6.00000  94.9%  13.8  215s
 608958 335692   59.00000   96   31  118.00000    6.00000  94.9%  13.8  220s
H608960 325364                     114.0000000    6.00000  94.7%  13.8  220s
H609064 308472                     108.0000000    6.00000  94.4%  13.8  220s
 625083 319181   53.00000   94   46  108.00000    6.00000  94.4%  13.8  225s
H628196 306999                     104.0000000    6.00000  94.2%  13.8  227s
 634230 311031 infeasible  124       104.00000    6.00000  94.2%  13.8  230s
 643791 317432     cutoff   84       104.00000    6.00000  94.2%  13.9  235s
 656901 324077   30.00000   75   51  104.00000    6.00000  94.2%  13.9  240s
 663495 326797   41.00000   84   46  104.00000    6.00000  94.2%  13.9  245s
 669647 332668 infeasible   96       104.00000    6.00000  94.2%  13.9  250s
 682346 339472   85.00000   98   32  104.00000    6.00000  94.2%  13.9  255s
 695314 346278    6.00000   79   66  104.00000    6.00000  94.2%  13.9  260s
 704922 352394   92.00000   84   36  104.00000    6.00000  94.2%  14.0  265s
 714945 357630   84.00000  108   38  104.00000    6.00000  94.2%  14.0  270s
 731404 365127   95.00000  105   26  104.00000    6.00000  94.2%  14.0  275s
 746947 374012   14.08219   71   71  104.00000    6.00000  94.2%  14.0  281s
 758887 381804   55.00000  101   47  104.00000    6.00000  94.2%  14.0  285s
 765834 384190   38.00000   85   49  104.00000    6.00000  94.2%  14.0  291s
 768488 386839   10.18543   71   64  104.00000    6.00000  94.2%  14.0  295s
 779080 392480 infeasible   88       104.00000    6.00000  94.2%  14.0  300s
 792083 399545   38.00000   83   38  104.00000    6.00000  94.2%  14.0  305s
 802792 405217   30.09211   74   56  104.00000    6.00000  94.2%  14.0  310s
 816235 412127   38.00000   93   41  104.00000    6.00000  94.2%  14.0  315s
 830741 420596   56.88000   96   64  104.00000    6.00000  94.2%  14.0  321s
 841207 427827   73.00000   90   48  104.00000    6.00000  94.2%  14.1  325s
 852333 433960   82.00000   82   40  104.00000    6.00000  94.2%  14.1  330s
 864939 440475   15.00000   80   57  104.00000    6.00000  94.2%  14.1  335s
 874509 447031   20.00000   76   58  104.00000    6.00000  94.2%  14.1  340s
 886275 450197   23.00000   77   57  104.00000    6.00000  94.2%  14.1  347s
 888275 451961    7.01562   75   67  104.00000    6.00000  94.2%  14.1  350s
 902605 459042  102.00000  107   24  104.00000    6.00000  94.2%  14.1  355s
 912657 464791   51.00000   93   40  104.00000    6.00000  94.2%  14.1  360s
 929796 473510   34.73913   82   65  104.00000    6.00000  94.2%  14.1  366s
 939978 479669    7.00000   77   63  104.00000    6.00000  94.2%  14.1  371s
 950593 487407 infeasible  107       104.00000    6.00000  94.2%  14.1  375s
 965199 494532   33.11268   78   67  104.00000    6.00000  94.2%  14.1  380s
 974770 498248   72.00000   84   34  104.00000    6.00000  94.2%  14.1  387s
 975159 499268    6.00000   68   62  104.00000    6.00000  94.2%  14.1  390s
 984101 507647   34.00000   86   55  104.00000    6.00000  94.2%  14.1  397s
 991873 509823   62.00000   85   41  104.00000    6.00000  94.2%  14.2  400s
 1002379 515746   72.16667   92   48  104.00000    6.00000  94.2%  14.2  405s
 1019982 523237   22.35661   69   57  104.00000    6.00000  94.2%  14.2  410s
 1029225 533314   69.00000   98   37  104.00000    6.00000  94.2%  14.2  417s
 1039298 533926 infeasible   90       104.00000    6.00000  94.2%  14.2  420s
 1054769 542214   35.06799   87   52  104.00000    6.00000  94.2%  14.2  426s
 1066864 550074 infeasible  118       104.00000    6.00000  94.2%  14.2  430s
 1076569 555004 infeasible  108       104.00000    6.00000  94.2%  14.2  435s
 1087894 560707   10.07801   80   68  104.00000    6.00000  94.2%  14.2  440s
 1103306 568554   81.00000   85   32  104.00000    6.00000  94.2%  14.2  447s
 1103427 569284  102.00000   87   26  104.00000    6.00000  94.2%  14.2  450s
 1111524 574903   71.16318  104   40  104.00000    6.00000  94.2%  14.2  455s
 1122695 580733   91.00000  113   30  104.00000    6.00000  94.2%  14.3  460s
 1137955 587288   69.00000   90   39  104.00000    6.00000  94.2%  14.2  465s
 1148584 593484   35.00000   96   42  104.00000    6.00000  94.2%  14.3  471s
 1151244 597786   84.00000  132   17  104.00000    6.00000  94.2%  14.3  475s
 1160098 607453   29.00000   77   54  104.00000    6.00000  94.2%  14.3  482s
 1177850 610834    6.00000   73   62  104.00000    6.00000  94.2%  14.2  485s
 1182076 616129    9.00000   86   65  104.00000    6.00000  94.2%  14.2  491s
 1194523 620994   48.00000   94   47  104.00000    6.00000  94.2%  14.3  496s
 1207415 625866   75.00000  123   38  104.00000    6.00000  94.2%  14.2  500s
 1216882 629737   70.00000   91   38  104.00000    6.00000  94.2%  14.2  506s
 1223972 633971   29.00000   79   50  104.00000    6.00000  94.2%  14.2  510s
 1234278 639441   42.06260   88   70  104.00000    6.00000  94.2%  14.3  516s
 1244647 645123   94.00000  113   26  104.00000    6.00000  94.2%  14.3  521s
 1250080 650801   12.35743   83   73  104.00000    6.00000  94.2%  14.3  525s
 1262804 655910   87.00000   88   41  104.00000    6.00000  94.2%  14.3  530s
 1275110 661710   85.00000   89   31  104.00000    6.00000  94.2%  14.3  535s
 1285296 667212   68.00000   89   47  104.00000    6.00000  94.2%  14.3  540s
 1295638 672318   50.16318  104   49  104.00000    6.00000  94.2%  14.3  545s
 1302137 675670   36.00000   84   52  104.00000    6.00000  94.2%  14.3  551s
 1308897 679166 infeasible  117       104.00000    6.00000  94.2%  14.3  556s
 1316270 685132   24.00000   91   63  104.00000    6.00000  94.2%  14.3  562s
 1326564 689631   36.00000   94   46  104.00000    6.00000  94.2%  14.3  566s
 1336954 696023    6.00000   78   57  104.00000    6.00000  94.2%  14.3  570s
 1348350 702082 infeasible   86       104.00000    6.00000  94.2%  14.3  575s
 1359930 710608   97.00000  101   31  104.00000    6.00000  94.2%  14.3  581s
 1371687 713286   94.00000   86   28  104.00000    6.00000  94.2%  14.3  585s
 1382177 718729   12.00000   73   59  104.00000    6.00000  94.2%  14.3  590s
 1393362 726068   43.00000   93   53  104.00000    6.00000  94.2%  14.3  595s
 1406341 732847   85.00000   84   36  104.00000    6.00000  94.2%  14.3  600s
 1414622 735346   20.00000   81   62  104.00000    6.00000  94.2%  14.3  607s
 1419601 739102   84.02027   93   48  104.00000    6.00000  94.2%  14.3  610s
 1429227 743078   73.00000   91   52  104.00000    6.00000  94.2%  14.3  615s
 1439528 748831 infeasible  123       104.00000    6.00000  94.2%  14.3  620s
 1452263 755646   65.00000  111   28  104.00000    6.00000  94.2%  14.3  626s
 1459864 761569   66.00000   92   48  104.00000    6.00000  94.2%  14.3  630s
 1471160 768513 infeasible   98       104.00000    6.00000  94.2%  14.3  636s
 1481282 772883   40.18534   78   50  104.00000    6.00000  94.2%  14.3  640s
 1492439 777208 infeasible  105       104.00000    6.00000  94.2%  14.3  645s
 1507837 786063   32.00000   84   56  104.00000    6.00000  94.2%  14.3  651s
 1514240 790701 infeasible   95       104.00000    6.00000  94.2%  14.3  656s
 1523108 794074   26.23077   88   44  104.00000    6.00000  94.2%  14.3  662s
 1523727 795603   78.00000   87   45  104.00000    6.00000  94.2%  14.3  665s
 1530882 802435 infeasible  102       104.00000    6.00000  94.2%  14.3  671s
 1541909 807708   59.00000  114   67  104.00000    6.00000  94.2%  14.3  676s
 1555873 812311 infeasible  111       104.00000    6.00000  94.2%  14.3  681s
 1567295 818675   16.56000   76   57  104.00000    6.00000  94.2%  14.3  686s
 1577196 827292   30.00000   96   64  104.00000    6.00000  94.2%  14.3  690s
 1587869 830515   54.00000   81   33  104.00000    6.00000  94.2%  14.3  695s
 1598261 838620   44.00000   95   50  104.00000    6.00000  94.2%  14.3  701s
 1609188 841570   46.92929   64   59  104.00000    6.00000  94.2%  14.3  705s
 1620893 850108   23.04380   87   58  104.00000    6.00000  94.2%  14.3  710s
 1632850 855431   63.00000  100   55  104.00000    6.00000  94.2%  14.3  715s
 1638727 856694   49.00000   95   44  104.00000    6.00000  94.2%  14.3  721s
 1644166 861370 infeasible   90       104.00000    6.00000  94.2%  14.3  726s
 1653908 864692 infeasible  101       104.00000    6.00000  94.2%  14.3  731s
 1662385 871039   47.00000   85   50  104.00000    6.00000  94.2%  14.3  735s
 1673878 877373   59.00000   93   42  104.00000    6.00000  94.2%  14.3  740s
 1684775 882712   50.00000   88   50  104.00000    6.00000  94.2%  14.3  746s
 1689551 887162  103.00000   96   23  104.00000    6.00000  94.2%  14.3  751s
 1698433 891487   69.00000   99   42  104.00000    6.00000  94.2%  14.3  755s
 1706634 896709   81.00000  100   29  104.00000    6.00000  94.2%  14.3  760s
 1719033 901852   36.00000   82   54  104.00000    6.00000  94.2%  14.3  765s
 1729318 906687   99.04167   84   50  104.00000    6.00000  94.2%  14.3  770s
 1743473 913799 infeasible  110       104.00000    6.00000  94.2%  14.3  775s
 1751921 919718   28.00000   87   57  104.00000    6.00000  94.2%  14.3  780s
 1757424 920291   75.00000  100   52  104.00000    6.00000  94.2%  14.3  786s
H1757441 909226                     102.0000000    6.00000  94.1%  14.3  786s
 1761394 912743   66.00000   81   53  102.00000    6.00000  94.1%  14.3  790s
 1776726 921733   58.00000   89   50  102.00000    6.00000  94.1%  14.4  796s
 1783253 923522   74.00000   94   55  102.00000    6.00000  94.1%  14.4  800s
 1797835 932208   21.56643   86   56  102.00000    6.00000  94.1%  14.4  805s
 1805512 936214   27.00000   79   65  102.00000    6.00000  94.1%  14.4  810s
 1818861 945130   66.00000   95   41  102.00000    6.00000  94.1%  14.4  815s
 1828356 948739   73.00000   84   33  102.00000    6.00000  94.1%  14.4  820s
 1840386 956813   66.00000   91   38  102.00000    6.00000  94.1%  14.4  825s
 1850615 960392   41.00000   88   42  102.00000    6.00000  94.1%  14.4  830s
 1856666 963205 infeasible  101       102.00000    6.00000  94.1%  14.4  836s
 1859289 964831   58.00000   94   51  102.00000    6.00000  94.1%  14.4  840s
 1870407 973116     cutoff   98       102.00000    6.00000  94.1%  14.4  846s
 1882724 979164   80.00000   95   33  102.00000    6.00000  94.1%  14.4  850s
 1888899 982767   56.00000   84   39  102.00000    6.00000  94.1%  14.4  855s
 1904596 990039   15.00000   77   58  102.00000    6.00000  94.1%  14.4  862s
 1906011 994059   95.13719   89   44  102.00000    6.00000  94.1%  14.4  866s
 1919002 999756   69.14279  105   40  102.00000    6.00000  94.1%  14.4  870s
 1931521 1003887   19.00000   85   66  102.00000    6.00000  94.1%  14.4  875s
 1941253 1011013   76.00000   89   35  102.00000    6.00000  94.1%  14.4  880s
 1956339 1018201 infeasible  100       102.00000    6.00000  94.1%  14.4  885s
 1962513 1021339 infeasible   94       102.00000    6.00000  94.1%  14.4  890s
 1976382 1028625 infeasible  100       102.00000    6.00000  94.1%  14.4  895s
 1983981 1032238   94.21757  106   31  102.00000    6.00000  94.1%  14.4  900s
 1986449 1034135 infeasible   97       102.00000    6.00000  94.1%  14.4  905s
 1991429 1038247   89.00000   95   33  102.00000    6.00000  94.1%  14.4  910s
 2004374 1044928 infeasible   89       102.00000    6.00000  94.1%  14.4  915s
 2010230 1047988   22.19328   85   62  102.00000    6.00000  94.1%  14.4  920s
 2025459 1055031   55.00000   73   72  102.00000    6.00000  94.1%  14.4  925s
 2030349 1058924   42.00000   93   60  102.00000    6.00000  94.1%  14.4  930s
 2042583 1065821   15.34783   78   56  102.00000    6.00000  94.1%  14.4  935s
 2050588 1068452   56.00000   84   39  102.00000    6.00000  94.1%  14.4  940s
 2061023 1076333   77.00000   96   31  102.00000    6.00000  94.1%  14.4  945s
 2076289 1082735   36.00000   80   63  102.00000    6.00000  94.1%  14.4  950s
 2081425 1086975 infeasible   84       102.00000    6.00000  94.1%  14.4  955s
 2094191 1093663 infeasible  114       102.00000    6.00000  94.1%  14.4  960s
 2102799 1101636   89.00000   95   41  102.00000    6.00000  94.1%  14.4  968s
 2112051 1103723   21.00000   69   55  102.00000    6.00000  94.1%  14.5  970s
 2116026 1103737    7.00000   71   65  102.00000    6.00000  94.1%  14.4  976s
 2122602 1108231   22.00000   80   58  102.00000    6.00000  94.1%  14.4  981s
 2125847 1110774   75.00000   84   42  102.00000    6.00000  94.1%  14.5  985s
 2139615 1118323 infeasible  105       102.00000    6.00000  94.1%  14.5  991s
 2145059 1119826   23.00000   85   53  102.00000    6.00000  94.1%  14.5  995s
 2156491 1127275   21.06383   74   64  102.00000    6.00000  94.1%  14.5 1001s
 2166172 1132587 infeasible  105       102.00000    6.00000  94.1%  14.5 1005s
 2172896 1136114   22.00000   79   47  102.00000    6.00000  94.1%  14.5 1011s
 2186252 1142538   33.10219   84   52  102.00000    6.00000  94.1%  14.4 1015s
 2197179 1147129   30.23826   75   65  102.00000    6.00000  94.1%  14.4 1021s
 2197609 1147843   52.08333   79   55  102.00000    6.00000  94.1%  14.4 1025s
 2209374 1153387   26.00000   80   49  102.00000    6.00000  94.1%  14.4 1032s
 2209694 1161943   70.00000   86   53  102.00000    6.00000  94.1%  14.4 1040s
 2225703 1161954   83.00000  105   33  102.00000    6.00000  94.1%  14.5 1049s
 2225720 1163382   83.00000  106   29  102.00000    6.00000  94.1%  14.5 1050s
 2235354 1167505    8.08844   84   71  102.00000    6.00000  94.1%  14.5 1056s
 2235778 1175992   39.43537   93   56  102.00000    6.00000  94.1%  14.5 1062s
 2251794 1176826 infeasible   97       102.00000    6.00000  94.1%  14.5 1065s
 2257777 1181523 infeasible  106       102.00000    6.00000  94.1%  14.5 1071s
 2268532 1187386   17.00000   81   52  102.00000    6.00000  94.1%  14.5 1076s
 2275960 1189237   24.55556   84   63  102.00000    6.00000  94.1%  14.4 1080s
 2285668 1194857   41.00000   88   48  102.00000    6.00000  94.1%  14.4 1085s
 2297180 1200954   89.00000  109   31  102.00000    6.00000  94.1%  14.4 1090s
 2302216 1202944   59.00000  101   41  102.00000    6.00000  94.1%  14.4 1095s
 2313253 1210913   91.00000   98   29  102.00000    6.00000  94.1%  14.5 1101s
 2321966 1217088   38.00000   77   56  102.00000    6.00000  94.1%  14.4 1105s
 2329885 1218575   25.00000   72   41  102.00000    6.00000  94.1%  14.4 1110s
 2331268 1219421 infeasible   86       102.00000    6.00000  94.1%  14.4 1115s
 2339568 1223481 infeasible   81       102.00000    6.00000  94.1%  14.5 1121s
 2347781 1228437   31.00000   77   57  102.00000    6.00000  94.1%  14.5 1125s
 2357385 1234791 infeasible   84       102.00000    6.00000  94.1%  14.5 1130s
 2364861 1236939  100.00000  102   30  102.00000    6.00000  94.1%  14.5 1135s
 2365222 1243949   64.00000   79   49  102.00000    6.00000  94.1%  14.5 1144s
 2379292 1245284   51.00000   81   36  102.00000    6.00000  94.1%  14.5 1149s
 2381994 1249332   60.00000   83   48  102.00000    6.00000  94.1%  14.5 1152s
 2389562 1251664   78.00000   82   51  102.00000    6.00000  94.1%  14.5 1155s
 2401457 1255790    9.00000   73   64  102.00000    6.00000  94.1%  14.5 1161s
 2409962 1262100   66.00000   96   43  102.00000    6.00000  94.1%  14.5 1165s
 2419895 1267857   54.21769   88   56  102.00000    6.00000  94.1%  14.5 1170s
 2430660 1271765   38.00000   81   50  102.00000    6.00000  94.1%  14.5 1176s
 2436041 1274720   61.00000   78   53  102.00000    6.00000  94.1%  14.5 1184s
 2436060 1282999   31.00000   78   54  102.00000    6.00000  94.1%  14.5 1192s
 2452076 1284233   64.00000   87   36  102.00000    6.00000  94.1%  14.5 1198s
 2454525 1287706   38.00000   76   42  102.00000    6.00000  94.1%  14.5 1200s
 2461489 1296218   11.00000   79   64  102.00000    6.00000  94.1%  14.5 1210s
 2477505 1296236   65.05634   92   50  102.00000    6.00000  94.1%  14.5 1215s
 2483580 1303021   30.00000   83   52  102.00000    6.00000  94.1%  14.5 1220s
 2495480 1307325 infeasible   98       102.00000    6.00000  94.1%  14.5 1225s
 2501433 1309164   16.17219   78   68  102.00000    6.00000  94.1%  14.5 1230s
 2510957 1316252   48.13415   86   47  102.00000    6.00000  94.1%  14.5 1236s
 2522365 1321889 infeasible   95       102.00000    6.00000  94.1%  14.5 1240s
 2533179 1326232   15.00000   80   56  102.00000    6.00000  94.1%  14.5 1248s
 2535382 1328761   24.00000   81   64  102.00000    6.00000  94.1%  14.6 1250s
 2547470 1334609   65.00000   82   42  102.00000    6.00000  94.1%  14.6 1255s
 2556720 1338670   76.00000   79   52  102.00000    6.00000  94.1%  14.6 1262s
 2560847 1340925   70.00000   88   45  102.00000    6.00000  94.1%  14.6 1269s
 2562125 1342398   30.00000  103   57  102.00000    6.00000  94.1%  14.6 1270s
 2570220 1346201   69.00000   89   40  102.00000    6.00000  94.1%  14.6 1277s
 2570703 1352185   75.00000   90   39  102.00000    6.00000  94.1%  14.6 1283s
 2582185 1353988   69.00000   97   35  102.00000    6.00000  94.1%  14.6 1286s
 2585281 1354528   21.00000   84   59  102.00000    6.00000  94.1%  14.6 1290s
 2592138 1359381   99.00000  102   30  102.00000    6.00000  94.1%  14.6 1295s
 2606867 1366483   89.00000   75   49  102.00000    6.00000  94.1%  14.6 1300s
 2614198 1369463   48.00000   93   46  102.00000    6.00000  94.1%  14.6 1306s
 2614574 1377631   59.00000   94   46  102.00000    6.00000  94.1%  14.6 1314s
 2616576 1377631   15.00000   86   67  102.00000    6.00000  94.1%  14.6 1315s
 2630441 1378605   79.00000   99   43  102.00000    6.00000  94.1%  14.6 1321s
 2638982 1385042   37.00000   84   47  102.00000    6.00000  94.1%  14.6 1326s
 2651507 1391147   29.00000   94   56  102.00000    6.00000  94.1%  14.6 1330s
 2661958 1397168   78.00000   86   39  102.00000    6.00000  94.1%  14.6 1337s
 2670979 1402247   87.88889   86   27  102.00000    6.00000  94.1%  14.6 1341s
 2680041 1406690   24.05970   79   60  102.00000    6.00000  94.1%  14.6 1345s
 2689318 1409707 infeasible  103       102.00000    6.00000  94.1%  14.6 1353s
 2689342 1409757   24.00000   81   56  102.00000    6.00000  94.1%  14.6 1357s
 2694246 1412895    6.00000   69   64  102.00000    6.00000  94.1%  14.6 1362s
 2701640 1417131   61.00000   85   36  102.00000    6.00000  94.1%  14.6 1366s
 2703975 1418383   71.00000   84   37  102.00000    6.00000  94.1%  14.6 1370s
 2713159 1424175   95.07483   84   34  102.00000    6.00000  94.1%  14.6 1375s
 2725270 1431156  100.00000  121   18  102.00000    6.00000  94.1%  14.6 1381s
 2729485 1431919   74.00000  107   32  102.00000    6.00000  94.1%  14.6 1385s
 2739551 1438573   21.00000   78   68  102.00000    6.00000  94.1%  14.6 1390s
 2748111 1442105 infeasible   94       102.00000    6.00000  94.1%  14.6 1396s
 2752783 1447562   52.00000   87   47  102.00000    6.00000  94.1%  14.6 1401s
 2764676 1452401   38.00000   90   51  102.00000    6.00000  94.1%  14.6 1406s
 2770583 1456559   15.00000   83   59  102.00000    6.00000  94.1%  14.6 1410s
 2777959 1458278   80.00000  103   36  102.00000    6.00000  94.1%  14.6 1415s
 2785510 1461917   59.00000   82   36  102.00000    6.00000  94.1%  14.6 1423s
 2785560 1462295   59.00000   83   34  102.00000    6.00000  94.1%  14.6 1426s
 2791124 1466260   12.00000   82   65  102.00000    6.00000  94.1%  14.6 1430s
 2798841 1471247   21.22222   87   50  102.00000    6.00000  94.1%  14.6 1435s
 2808373 1474005   21.00000   77   56  102.00000    6.00000  94.1%  14.6 1441s
 2811633 1478960   14.00000   76   64  102.00000    6.00000  94.1%  14.6 1446s
 2817901 1478972   26.00000   86   61  102.00000    6.00000  94.1%  14.6 1450s
 2824844 1484386    6.00000   91   66  102.00000    6.00000  94.1%  14.7 1455s
 2833258 1487870   15.00000   78   64  102.00000    6.00000  94.1%  14.7 1461s
 2837867 1493382   46.00000  102   49  102.00000    6.00000  94.1%  14.7 1466s
 2851574 1497624   53.00000  102   42  102.00000    6.00000  94.1%  14.6 1470s
 2853040 1506302   23.00000   89   62  102.00000    6.00000  94.1%  14.7 1484s
 2864051 1506302 infeasible  104       102.00000    6.00000  94.1%  14.7 1485s
 2869056 1506822   85.00000  124   21  102.00000    6.00000  94.1%  14.7 1490s
 2876937 1512995   76.46667   90   44  102.00000    6.00000  94.1%  14.7 1495s
 2893664 1520741   44.04511   81   54  102.00000    6.00000  94.1%  14.7 1500s
 2898273 1522050   24.00000   83   65  102.00000    6.00000  94.1%  14.7 1505s
 2898604 1530397   73.00000   84   52  102.00000    6.00000  94.1%  14.7 1516s
 2914620 1530523 infeasible  117       102.00000    6.00000  94.1%  14.7 1523s
 2917006 1532744   65.03974   86   48  102.00000    6.00000  94.1%  14.7 1525s
 2926461 1538044   21.00000   88   55  102.00000    6.00000  94.1%  14.7 1530s
 2939139 1543622   58.00000   98   32  102.00000    6.00000  94.1%  14.7 1537s
 2944506 1546776   17.00000   81   58  102.00000    6.00000  94.1%  14.7 1540s
 2954202 1553268   48.06757   80   53  102.00000    6.00000  94.1%  14.7 1545s
 2958092 1554254   65.00000   96   43  102.00000    6.00000  94.1%  14.7 1550s
 2970269 1560660   73.22174   92   49  102.00000    6.00000  94.1%  14.7 1556s
 2975081 1562431   31.18387   72   68  102.00000    6.00000  94.1%  14.7 1561s
 2980702 1567417     cutoff   95       102.00000    6.00000  94.1%  14.7 1565s
 2991208 1572026    6.00000   74   64  102.00000    6.00000  94.1%  14.7 1570s
 3003997 1579614 infeasible  129       102.00000    6.00000  94.1%  14.7 1576s
 3007080 1579739    6.00000   73   67  102.00000    6.00000  94.1%  14.7 1580s
 3007327 1588195    6.00000   73   63  102.00000    6.00000  94.1%  14.7 1589s
 3020340 1588195   64.10591  102   43  102.00000    6.00000  94.1%  14.7 1590s
 3023343 1588515   47.00000   88   58  102.00000    6.00000  94.1%  14.7 1595s
 3023869 1588543   10.00000   81   65  102.00000    6.00000  94.1%  14.7 1600s
 3031502 1592795   39.00000   83   54  102.00000    6.00000  94.1%  14.7 1608s
 3031690 1601548 infeasible  103       102.00000    6.00000  94.1%  14.7 1615s
 3050921 1604958   94.00000   87   33  102.00000    6.00000  94.1%  14.7 1620s
 3058831 1607454   43.00000   92   45  102.00000    6.00000  94.1%  14.7 1626s
 3065440 1612686   36.27972   90   63  102.00000    6.00000  94.1%  14.7 1630s
 3076236 1619164   58.00000   90   51  102.00000    6.00000  94.1%  14.6 1636s
 3081959 1619619 infeasible  102       102.00000    6.00000  94.1%  14.6 1640s
 3090797 1625740   23.00000   94   74  102.00000    6.00000  94.1%  14.6 1645s
 3100450 1631786   85.00000   98   34  102.00000    6.00000  94.1%  14.6 1651s
 3105699 1632007   17.13158   87   62  102.00000    6.00000  94.1%  14.6 1655s
 3112008 1636963   82.11679  102   34  102.00000    6.00000  94.1%  14.6 1660s
 3122084 1643202 infeasible  113       102.00000    6.00000  94.1%  14.6 1668s
 3129513 1646942   17.00000   79   56  102.00000    6.00000  94.1%  14.6 1671s
 3140944 1650780   22.00000   93   57  102.00000    6.00000  94.1%  14.6 1676s
 3150743 1654951   64.00000  101   47  102.00000    6.00000  94.1%  14.6 1684s
 3151728 1655938   90.09868   87   38  102.00000    6.00000  94.1%  14.6 1685s
 3161704 1663156   61.00000   89   38  102.00000    6.00000  94.1%  14.6 1691s
 3167072 1663832   49.70000   74   41  102.00000    6.00000  94.1%  14.6 1696s
 3167732 1663844   24.25000   78   66  102.00000    6.00000  94.1%  14.6 1701s
 3173930 1667551   67.00000   94   39  102.00000    6.00000  94.1%  14.6 1708s
 3174680 1668636   71.00000   95   42  102.00000    6.00000  94.1%  14.6 1710s
 3186472 1674833   37.00000   79   56  102.00000    6.00000  94.1%  14.6 1716s
 3188140 1676385    6.06207   81   65  102.00000    6.00000  94.1%  14.6 1720s
 3198494 1681168 infeasible  108       102.00000    6.00000  94.1%  14.6 1725s
 3208073 1686409 infeasible  112       102.00000    6.00000  94.1%  14.6 1730s
 3212216 1688814   60.00000   89   47  102.00000    6.00000  94.1%  14.6 1736s
 3222004 1694799   38.00000  100   41  102.00000    6.00000  94.1%  14.6 1741s
 3226486 1695607   62.29293   99   55  102.00000    6.00000  94.1%  14.6 1746s
 3232902 1700240    6.00000   83   62  102.00000    6.00000  94.1%  14.6 1751s
 3242189 1705072   75.00000  101   43  102.00000    6.00000  94.1%  14.6 1755s
 3247861 1707361   53.00000   89   59  102.00000    6.00000  94.1%  14.6 1760s
 3255594 1714588   54.00000   92   45  102.00000    6.00000  94.1%  14.6 1766s
 3263570 1715267   90.00000  104   30  102.00000    6.00000  94.1%  14.6 1771s
 3268251 1718357   76.00000   95   37  102.00000    6.00000  94.1%  14.6 1775s
 3279223 1726439   17.00000   94   63  102.00000    6.00000  94.1%  14.6 1782s
 3285355 1726457   88.03871   99   40  102.00000    6.00000  94.1%  14.6 1786s
 3288101 1730146 infeasible  104       102.00000    6.00000  94.1%  14.6 1790s
 3299854 1734112   85.00000  107   27  102.00000    6.00000  94.1%  14.6 1800s
 3299875 1742268 infeasible  108       102.00000    6.00000  94.1%  14.6 1815s
 3315891 1746520 infeasible  113       102.00000    6.00000  94.1%  14.6 1820s
 3324438 1746997   67.00000  102   34  102.00000    6.00000  94.1%  14.6 1825s
 3325403 1754826   76.00000  102   36  102.00000    6.00000  94.1%  14.6 1832s
 3340485 1754836 infeasible  102       102.00000    6.00000  94.1%  14.6 1838s
 3343005 1757566   89.00000   91   31  102.00000    6.00000  94.1%  14.6 1840s
 3355046 1762525   74.00000  106   41  102.00000    6.00000  94.1%  14.6 1849s
 3356002 1763402   29.00000   84   64  102.00000    6.00000  94.1%  14.6 1850s
 3365302 1769488    6.00000   83   64  102.00000    6.00000  94.1%  14.6 1855s
 3373808 1772587 infeasible  101       102.00000    6.00000  94.1%  14.6 1862s
 3376385 1776569   39.12083   83   72  102.00000    6.00000  94.1%  14.6 1865s
 3389234 1780670   21.15789   82   55  102.00000    6.00000  94.1%  14.5 1873s
 3391160 1785487    6.00000   69   60  102.00000    6.00000  94.1%  14.5 1877s
 3402388 1788566   38.00000   88   48  102.00000    6.00000  94.1%  14.5 1880s
 3410998 1793401   39.00000   81   52  102.00000    6.00000  94.1%  14.5 1886s
 3416063 1798704   71.00000   89   35  102.00000    6.00000  94.1%  14.5 1891s
 3422945 1798775   40.00000   87   47  102.00000    6.00000  94.1%  14.5 1897s
 3423062 1799005   66.00000   88   39  102.00000    6.00000  94.1%  14.5 1902s
 3427317 1801823   47.00000   87   50  102.00000    6.00000  94.1%  14.5 1905s
 3435943 1806808   15.00000   91   62  102.00000    6.00000  94.1%  14.5 1914s
 3438886 1807827 infeasible   96       102.00000    6.00000  94.1%  14.5 1915s
 3447733 1813200    6.00000   81   61  102.00000    6.00000  94.1%  14.5 1920s
 3456948 1816284   93.00000   90   42  102.00000    6.00000  94.1%  14.5 1927s
 3457275 1824636   96.00000   91   38  102.00000    6.00000  94.1%  14.5 1938s
 3473287 1825271    9.00000   79   62  102.00000    6.00000  94.1%  14.5 1945s
 3482064 1829741 infeasible   89       102.00000    6.00000  94.1%  14.5 1954s
 3482562 1838152   98.10959   89   34  102.00000    6.00000  94.1%  14.5 1960s
 3501605 1841312   94.00000   93   32  102.00000    6.00000  94.1%  14.5 1965s
 3512403 1847096   16.00000   73   54  102.00000    6.00000  94.1%  14.5 1970s
 3522608 1851696   59.00000   77   50  102.00000    6.00000  94.1%  14.5 1976s
 3528476 1855174   96.22081   82   38  102.00000    6.00000  94.1%  14.5 1983s
 3530335 1856821   72.00000   93   33  102.00000    6.00000  94.1%  14.5 1985s
 3541226 1862484   55.00000   91   46  102.00000    6.00000  94.1%  14.5 1992s
 3545738 1863321   71.00000  110   39  102.00000    6.00000  94.1%  14.5 1998s
 3545757 1863435   80.00000  111   40  102.00000    6.00000  94.1%  14.5 2002s
 3549216 1866325   80.00552   88   46  102.00000    6.00000  94.1%  14.5 2006s
 3557853 1870018   74.12500  103   45  102.00000    6.00000  94.1%  14.5 2013s
 3560788 1873506   33.00000   84   58  102.00000    6.00000  94.1%  14.5 2016s
 3570568 1878555    8.00000   76   82  102.00000    6.00000  94.1%  14.5 2021s
 3575534 1878583 infeasible   94       102.00000    6.00000  94.1%  14.5 2025s
 3581865 1883598   55.00000   82   52  102.00000    6.00000  94.1%  14.5 2030s
 3591485 1889653   80.03497  120   36  102.00000    6.00000  94.1%  14.5 2035s
 3596525 1890171   16.00000   82   66  102.00000    6.00000  94.1%  14.5 2040s
 3606163 1895010 infeasible   98       102.00000    6.00000  94.1%  14.5 2045s
 3615111 1900558   59.00000   92   45  102.00000    6.00000  94.1%  14.5 2053s
 3620130 1904986   96.00000   98   21  102.00000    6.00000  94.1%  14.5 2057s
 3628002 1908405    6.00000   83   77  102.00000    6.00000  94.1%  14.5 2060s
 3636705 1910928 infeasible   99       102.00000    6.00000  94.1%  14.5 2068s
 3637521 1914190   95.00000  100   33  102.00000    6.00000  94.1%  14.5 2071s
 3643463 1917779   69.37500   93   50  102.00000    6.00000  94.1%  14.5 2075s
 3654768 1920769   45.00000   95   55  102.00000    6.00000  94.1%  14.5 2082s
 3658499 1922361   63.02899  111   48  102.00000    6.00000  94.1%  14.5 2090s
 3658652 1930411   65.02899  112   46  102.00000    6.00000  94.1%  14.5 2101s
 3674668 1931211   16.00000   87   63  102.00000    6.00000  94.1%  14.5 2108s
 3676253 1933258 infeasible   94       102.00000    6.00000  94.1%  14.5 2115s
 3685043 1935801   25.00000   66   68  102.00000    6.00000  94.1%  14.5 2123s
 3687770 1938251   58.47380  104   50  102.00000    6.00000  94.1%  14.5 2125s
 3699807 1944594   98.00000   93   43  102.00000    6.00000  94.1%  14.5 2130s
 3702320 1944601   27.19737   89   65  102.00000    6.00000  94.1%  14.5 2135s
 3702339 1953012   13.04605   87   60  102.00000    6.00000  94.1%  14.5 2142s
 3718355 1953644   33.00000   87   54  102.00000    6.00000  94.1%  14.5 2146s
 3725754 1957706 infeasible  100       102.00000    6.00000  94.1%  14.5 2150s
 3734868 1961963   13.00000   79   57  102.00000    6.00000  94.1%  14.5 2157s
 3739793 1964975   13.09868   85   66  102.00000    6.00000  94.1%  14.5 2160s
 3750187 1973965   22.00000   78   53  102.00000    6.00000  94.1%  14.5 2167s
 3757372 1974251   68.00000   79   41  102.00000    6.00000  94.1%  14.5 2172s
 3761959 1977129   60.00000  112   41  102.00000    6.00000  94.1%  14.5 2175s
 3771306 1983701   16.00000   87   58  102.00000    6.00000  94.1%  14.5 2184s
 3774432 1987534    6.00000   74   64  102.00000    6.00000  94.1%  14.5 2187s
 3781473 1987548   41.00000   90   56  102.00000    6.00000  94.1%  14.5 2194s
 3781489 1987713   52.00000   91   53  102.00000    6.00000  94.1%  14.5 2199s
 3781787 1988444   73.00000   92   50  102.00000    6.00000  94.1%  14.5 2200s
 3788288 1992988   39.00000   99   57  102.00000    6.00000  94.1%  14.5 2205s
 3792611 1993089 infeasible   92       102.00000    6.00000  94.1%  14.5 2210s
 3792815 2001683 infeasible   92       102.00000    6.00000  94.1%  14.5 2222s
 3808831 2003055   18.00000   82   54  102.00000    6.00000  94.1%  14.5 2230s
 3818155 2009015   19.32006   90   67  102.00000    6.00000  94.1%  14.5 2236s
 3827890 2011583   58.47075   85   56  102.00000    6.00000  94.1%  14.5 2243s
 3830284 2014203   34.00000   79   60  102.00000    6.00000  94.1%  14.5 2245s
 3840305 2020729     cutoff  102       102.00000    6.00000  94.1%  14.5 2250s
 3854435 2026758   65.00000   87   43  102.00000    6.00000  94.1%  14.5 2255s
 3862059 2029543   61.00000   95   51  102.00000    6.00000  94.1%  14.5 2263s
 3862608 2035232   70.00000   92   40  102.00000    6.00000  94.1%  14.5 2270s
 3876879 2037501   30.00000   83   56  102.00000    6.00000  94.1%  14.5 2279s
 3877711 2041222   99.00000  105   24  102.00000    6.00000  94.1%  14.5 2282s
 3885083 2042905   66.90909   91   50  102.00000    6.00000  94.1%  14.5 2285s
 3888324 2042914   60.00000   85   38  102.00000    6.00000  94.1%  14.5 2292s
 3893387 2046246   35.00000   88   67  102.00000    6.00000  94.1%  14.5 2295s
 3898609 2048052   75.38618   99   49  102.00000    6.00000  94.1%  14.5 2302s
 3901338 2051345   35.00000   86   54  102.00000    6.00000  94.1%  14.5 2305s
 3910197 2057848   32.00000   91   58  102.00000    6.00000  94.1%  14.5 2311s
 3920806 2061026   11.29478   87   64  102.00000    6.00000  94.1%  14.5 2315s
 3923598 2061886   43.00000   90   49  102.00000    6.00000  94.1%  14.5 2320s
 3930561 2066700 infeasible   82       102.00000    6.00000  94.1%  14.5 2325s
 3940172 2071516   84.00000   90   31  102.00000    6.00000  94.1%  14.5 2330s
 3945351 2072404   36.33333   91   57  102.00000    6.00000  94.1%  14.5 2335s
 3951025 2077304   74.00000   91   41  102.00000    6.00000  94.1%  14.5 2340s
 3962684 2082628   94.00000   99   29  102.00000    6.00000  94.1%  14.5 2345s
 3966745 2083307   79.15886  110   32  102.00000    6.00000  94.1%  14.5 2352s
 3971384 2086244   19.00000   81   53  102.00000    6.00000  94.1%  14.5 2355s
 3980505 2091572 infeasible  101       102.00000    6.00000  94.1%  14.5 2360s
 3990831 2095587   16.00000   76   52  102.00000    6.00000  94.1%  14.5 2369s
 3990953 2096190   16.00000   77   54  102.00000    6.00000  94.1%  14.5 2370s
 3996551 2102282   73.00000  102   34  102.00000    6.00000  94.1%  14.5 2376s
 4006830 2103753   74.00000   80   55  102.00000    6.00000  94.1%  14.5 2385s
 4006853 2103876   82.00000   81   51  102.00000    6.00000  94.1%  14.5 2390s
 4013456 2107082   88.00000  101   32  102.00000    6.00000  94.1%  14.5 2400s
 4019544 2110393 infeasible  116       102.00000    6.00000  94.1%  14.5 2409s
 4019835 2118608   99.00000  117   34  102.00000    6.00000  94.1%  14.5 2420s
 4035851 2119724   90.00000   88   39  102.00000    6.00000  94.1%  14.6 2428s
 4037940 2123661   90.00000   89   37  102.00000    6.00000  94.1%  14.6 2432s
 4045093 2126317   48.43686   84   56  102.00000    6.00000  94.1%  14.6 2435s
 4057460 2130313   47.00000   79   45  102.00000    6.00000  94.1%  14.5 2443s
 4059999 2132770    8.00000   78   61  102.00000    6.00000  94.1%  14.5 2445s
 4070593 2138961   75.05185  105   38  102.00000    6.00000  94.1%  14.5 2451s
 4081402 2143929    7.00000   87   62  102.00000    6.00000  94.1%  14.5 2455s
 4085169 2145308   64.35743   96   38  102.00000    6.00000  94.1%  14.5 2462s
 4089499 2148699    9.00000   82   55  102.00000    6.00000  94.1%  14.5 2465s
 4097127 2153413   60.26667   93   51  102.00000    6.00000  94.1%  14.5 2470s
 4106941 2157412   24.00000   80   49  102.00000    6.00000  94.1%  14.5 2481s
 4106963 2157514   24.00000   80   49  102.00000    6.00000  94.1%  14.5 2485s
 4112592 2162720   20.00000   73   55  102.00000    6.00000  94.1%  14.5 2493s
 4116302 2164013   15.04286   80   68  102.00000    6.00000  94.1%  14.5 2495s
 4123919 2168941   54.00000   93   42  102.00000    6.00000  94.1%  14.5 2500s
 4127905 2170007   58.78261   74   52  102.00000    6.00000  94.1%  14.5 2505s
 4134955 2175596   83.00000  101   39  102.00000    6.00000  94.1%  14.6 2511s
 4144457 2177897   90.00000   98   40  102.00000    6.00000  94.1%  14.5 2519s
 4146021 2179735   34.00000   80   50  102.00000    6.00000  94.1%  14.6 2521s
 4153507 2184447   83.00000   80   37  102.00000    6.00000  94.1%  14.6 2525s
 4164698 2188855   30.00000   79   64  102.00000    6.00000  94.1%  14.6 2534s
 4164739 2189479   39.00000   80   55  102.00000    6.00000  94.1%  14.6 2535s
 4173583 2194372   39.07801   92   53  102.00000    6.00000  94.1%  14.6 2540s
 4183611 2199233   85.60855   84   65  102.00000    6.00000  94.1%  14.6 2545s
 4184919 2199318   19.05439   70   57  102.00000    6.00000  94.1%  14.6 2550s
 4190647 2204034   73.00000  100   30  102.00000    6.00000  94.1%  14.6 2555s
 4199382 2210082   72.00000   87   41  102.00000    6.00000  94.1%  14.6 2561s
 4210276 2212672   32.20979   88   65  102.00000    6.00000  94.1%  14.6 2570s
 4217074 2218227   21.00000   94   69  102.00000    6.00000  94.1%  14.6 2576s
 4222699 2221548    6.00000   89   71  102.00000    6.00000  94.1%  14.6 2580s
 4227521 2221708 infeasible  115       102.00000    6.00000  94.1%  14.6 2585s
 4229072 2222531   60.00000  101   45  102.00000    6.00000  94.1%  14.6 2592s
 4232558 2226473   32.31276   85   54  102.00000    6.00000  94.1%  14.6 2596s
 4236503 2226573   65.32832  112   49  102.00000    6.00000  94.1%  14.6 2602s
 4240241 2231399   52.06145   84   52  102.00000    6.00000  94.1%  14.6 2607s
 4249107 2234171   63.00000   90   45  102.00000    6.00000  94.1%  14.6 2610s
 4258627 2239594   98.71429   90   32  102.00000    6.00000  94.1%  14.6 2616s
 4263208 2241144   50.00000   86   56  102.00000    6.00000  94.1%  14.6 2623s
 4265644 2244516   39.00000   86   69  102.00000    6.00000  94.1%  14.6 2626s
 4271029 2248510   65.00000   89   51  102.00000    6.00000  94.1%  14.6 2631s
 4282116 2253118   84.00000  108   37  102.00000    6.00000  94.1%  14.6 2635s
 4289695 2255514   30.23829   95   57  102.00000    6.00000  94.1%  14.6 2643s
 4290891 2258009   49.00000  117   50  102.00000    6.00000  94.1%  14.6 2645s
 4300372 2263245   53.16197   89   47  102.00000    6.00000  94.1%  14.6 2650s
 4311228 2268056   10.00000   71   57  102.00000    6.00000  94.1%  14.6 2655s
 4319716 2272024    9.44000   70   67  102.00000    6.00000  94.1%  14.6 2664s
 4320541 2273102   20.00000   89   55  102.00000    6.00000  94.1%  14.6 2665s
 4328451 2278714   77.00000  102   51  102.00000    6.00000  94.1%  14.6 2670s
 4337336 2282718   57.37445   90   57  102.00000    6.00000  94.1%  14.6 2677s
 4339602 2284167   36.00000   72   53  102.00000    6.00000  94.1%  14.6 2680s
 4342466 2284180   30.00000   90   46  102.00000    6.00000  94.1%  14.6 2687s
 4345318 2286202    8.00000   73   53  102.00000    6.00000  94.1%  14.6 2695s
 4348629 2291043   63.00000   87   34  102.00000    6.00000  94.1%  14.6 2700s
 4357818 2294995    9.00000   75   58  102.00000    6.00000  94.1%  14.6 2705s
 4369582 2299861 infeasible   92       102.00000    6.00000  94.1%  14.6 2710s
 4375001 2301581   88.00000   99   32  102.00000    6.00000  94.1%  14.6 2716s
 4377177 2305213   49.00000   90   40  102.00000    6.00000  94.1%  14.6 2720s
 4389511 2310400   44.00000   84   41  102.00000    6.00000  94.1%  14.6 2725s
 4393422 2311888 infeasible   97       102.00000    6.00000  94.1%  14.6 2732s
 4395692 2314614   26.00000   83   54  102.00000    6.00000  94.1%  14.6 2735s
 4403180 2319495    6.00000   70   66  102.00000    6.00000  94.1%  14.6 2740s
 4413286 2322917   58.00000   95   52  102.00000    6.00000  94.1%  14.6 2745s
 4417388 2324518 infeasible  121       102.00000    6.00000  94.1%  14.6 2752s
 4419912 2327366   49.00000   80   57  102.00000    6.00000  94.1%  14.6 2755s
 4428398 2333058   89.00000   95   40  102.00000    6.00000  94.1%  14.6 2761s
 4434732 2335933   12.61538   86   65  102.00000    6.00000  94.1%  14.6 2765s
 4443558 2338529   15.00000   82   53  102.00000    6.00000  94.1%  14.6 2773s
 4445130 2341110   91.00000  104   25  102.00000    6.00000  94.1%  14.6 2775s
 4453687 2345516   93.03605  102   45  102.00000    6.00000  94.1%  14.6 2780s
 4464522 2350166   41.00000   88   51  102.00000    6.00000  94.1%  14.6 2789s
 4464703 2350840   54.00000   90   52  102.00000    6.00000  94.1%  14.6 2790s
 4473973 2355720   60.00000   81   47  102.00000    6.00000  94.1%  14.6 2795s
 4480973 2359184   84.01290  100   48  102.00000    6.00000  94.1%  14.6 2806s
 4480990 2359192 infeasible  101       102.00000    6.00000  94.1%  14.6 2811s
 4485605 2362409   68.16514   86   48  102.00000    6.00000  94.1%  14.6 2815s
 4492628 2365556   88.00000  106   41  102.00000    6.00000  94.1%  14.6 2824s
 4493541 2367443   44.00000   93   63  102.00000    6.00000  94.1%  14.6 2827s
 4497161 2371281   73.00000   95   31  102.00000    6.00000  94.1%  14.6 2831s
 4508260 2374315   13.00000   86   62  102.00000    6.00000  94.1%  14.6 2835s
 4519411 2379771   64.06849   84   47  102.00000    6.00000  94.1%  14.6 2840s
 4520237 2379790   26.00000   85   56  102.00000    6.00000  94.1%  14.6 2846s
 4526450 2383667 infeasible  101       102.00000    6.00000  94.1%  14.6 2850s
 4534480 2389317   46.00000   71   59  102.00000    6.00000  94.1%  14.6 2855s
 4543414 2393633   24.02920   92   52  102.00000    6.00000  94.1%  14.6 2860s
 4546373 2393662  100.00000   95   23  102.00000    6.00000  94.1%  14.6 2865s
 4552434 2398754   73.00000   90   32  102.00000    6.00000  94.1%  14.6 2870s
 4560069 2404773   33.00000   80   58  102.00000    6.00000  94.1%  14.6 2877s
 4568618 2405846   13.00000   76   60  102.00000    6.00000  94.1%  14.6 2883s
 4570105 2408094 infeasible   92       102.00000    6.00000  94.1%  14.6 2886s
 4577649 2412336 infeasible  112       102.00000    6.00000  94.1%  14.6 2890s
 4589108 2416977   43.00000   78   58  102.00000    6.00000  94.1%  14.6 2896s
 4590267 2417117   40.00000   75   50  102.00000    6.00000  94.1%  14.6 2901s
 4595462 2420736   88.00000   77   38  102.00000    6.00000  94.1%  14.6 2905s
 4604402 2425405    6.03731   82   83  102.00000    6.00000  94.1%  14.6 2910s
 4614620 2430044   50.00000  102   53  102.00000    6.00000  94.1%  14.6 2921s
 4614641 2430271   50.00000  103   55  102.00000    6.00000  94.1%  14.6 2927s
 4617943 2432651   77.28571  115   42  102.00000    6.00000  94.1%  14.6 2930s
 4625507 2438187  100.00000  114   33  102.00000    6.00000  94.1%  14.6 2936s
 4630008 2438240 infeasible   93       102.00000    6.00000  94.1%  14.6 2942s
 4632462 2441666   65.00000   97   42  102.00000    6.00000  94.1%  14.6 2945s
 4643305 2446390 infeasible   96       102.00000    6.00000  94.1%  14.6 2950s
 4649721 2449566   29.00000   78   56  102.00000    6.00000  94.1%  14.6 2959s
 4650405 2454251   21.00000   84   55  102.00000    6.00000  94.1%  14.6 2963s
 4658622 2455009   73.00000  105   28  102.00000    6.00000  94.1%  14.6 2965s
 4665921 2460528   44.00000   79   46  102.00000    6.00000  94.1%  14.6 2970s
 4671180 2465450   43.00000   99   46  102.00000    6.00000  94.1%  14.6 2975s
 4678239 2465532   93.00000   90   30  102.00000    6.00000  94.1%  14.6 2981s
 4681085 2468705   51.00000  103   60  102.00000    6.00000  94.1%  14.6 2985s
 4692379 2474147   55.01460   94   68  102.00000    6.00000  94.1%  14.6 2991s
 4700717 2477930   88.00000   89   40  102.00000    6.00000  94.1%  14.6 3000s
 4707385 2483718   35.27174   88   50  102.00000    6.00000  94.1%  14.6 3006s
 4717506 2487963   28.00000   91   56  102.00000    6.00000  94.1%  14.6 3010s
 4722097 2489998 infeasible   99       102.00000    6.00000  94.1%  14.6 3018s
 4722366 2490204 infeasible   99       102.00000    6.00000  94.1%  14.6 3024s
 4722788 2490882   38.00000   83   55  102.00000    6.00000  94.1%  14.6 3025s
 4729007 2493915 infeasible  101       102.00000    6.00000  94.1%  14.6 3034s
 4729807 2495773   27.00000   93   76  102.00000    6.00000  94.1%  14.6 3036s
 4735961 2499267    6.07801   76   69  102.00000    6.00000  94.1%  14.6 3040s
 4744710 2501861 infeasible  107       102.00000    6.00000  94.1%  14.6 3049s
 4744798 2502294     cutoff  108       102.00000    6.00000  94.1%  14.6 3050s
 4752010 2507156   89.00000   83   44  102.00000    6.00000  94.1%  14.6 3055s
 4761235 2510711 infeasible   92       102.00000    6.00000  94.1%  14.6 3060s
 4767095 2513458   96.00000  111   29  102.00000    6.00000  94.1%  14.6 3068s
 4769042 2516209   93.00000  103   30  102.00000    6.00000  94.1%  14.6 3070s
 4778626 2522314   68.00000  102   38  102.00000    6.00000  94.1%  14.6 3076s
 4787294 2524796   71.04000   99   48  102.00000    6.00000  94.1%  14.6 3080s
 4790887 2526222   20.00000   84   58  102.00000    6.00000  94.1%  14.6 3086s
 4795631 2530941   69.00000   99   34  102.00000    6.00000  94.1%  14.6 3090s
 4804196 2535391   21.00000   94   51  102.00000    6.00000  94.1%  14.5 3095s
 4812042 2537785    6.00000   72   63  102.00000    6.00000  94.1%  14.5 3103s
 4813115 2538936 infeasible  100       102.00000    6.00000  94.1%  14.5 3105s
 4823057 2545740   11.00000   79   75  102.00000    6.00000  94.1%  14.5 3112s
 4828720 2547156   21.00000   84   51  102.00000    6.00000  94.1%  14.5 3115s
 4837422 2550769   65.00000  107   43  102.00000    6.00000  94.1%  14.5 3124s
 4837526 2551363   66.00000  108   49  102.00000    6.00000  94.1%  14.5 3125s
 4843822 2557018   70.00000  101   39  102.00000    6.00000  94.1%  14.5 3131s
 4851765 2559505   84.00000  104   24  102.00000    6.00000  94.1%  14.5 3135s
 4855755 2560796   16.00000   84   68  102.00000    6.00000  94.1%  14.5 3144s
 4855772 2560807   16.00000   85   61  102.00000    6.00000  94.1%  14.5 3150s
 4860829 2563934   94.00000  106   19  102.00000    6.00000  94.1%  14.5 3155s
 4867716 2567364   77.00000  108   25  102.00000    6.00000  94.1%  14.5 3165s
 4872149 2572359    6.00000   60   65  102.00000    6.00000  94.1%  14.5 3171s
 4882665 2575467   30.00000   94   59  102.00000    6.00000  94.1%  14.5 3175s
 4888111 2578435   99.00000  101   45  102.00000    6.00000  94.1%  14.5 3183s
 4889419 2580662   84.05295  103   34  102.00000    6.00000  94.1%  14.5 3186s
 4893370 2584306   44.85000   97   48  102.00000    6.00000  94.1%  14.5 3190s
 4905831 2587856 infeasible   96       102.00000    6.00000  94.1%  14.5 3199s
 4906687 2590504   79.00000  102   39  102.00000    6.00000  94.1%  14.5 3202s
 4913206 2594425   86.11465   97   37  102.00000    6.00000  94.1%  14.5 3207s
 4922259 2596792   95.13158  100   44  102.00000    6.00000  94.1%  14.5 3210s
 4923411 2597278    6.00000   83   63  102.00000    6.00000  94.1%  14.5 3215s
 4932818 2602815   99.05161   98   37  102.00000    6.00000  94.1%  14.5 3221s
 4940382 2605796   97.00000  105   30  102.00000    6.00000  94.1%  14.5 3231s
 4946125 2610744   68.00000   92   44  102.00000    6.00000  94.1%  14.5 3236s
 4953873 2615157   16.00000   85   59  102.00000    6.00000  94.1%  14.5 3241s
 4960399 2616401   73.00000   92   37  102.00000    6.00000  94.1%  14.5 3248s
 4961555 2617664 infeasible   95       102.00000    6.00000  94.1%  14.5 3250s
 4970498 2623667   18.00000   85   47  102.00000    6.00000  94.1%  14.5 3256s
 4976009 2627737   33.00000   91   51  102.00000    6.00000  94.1%  14.5 3261s
 4981823 2627780   32.00000   78   53  102.00000    6.00000  94.1%  14.5 3267s
 4983007 2628374   99.00000   77   37  102.00000    6.00000  94.1%  14.5 3276s
 4984456 2629128   95.00000   82   31  102.00000    6.00000  94.1%  14.5 3283s
 4985696 2630577   40.26381   74   64  102.00000    6.00000  94.1%  14.5 3285s
 4987169 2630739   17.00000   72   64  102.00000    6.00000  94.1%  14.5 3291s
 4991264 2635290   41.00000   75   52  102.00000    6.00000  94.1%  14.5 3297s
 4997743 2639046   38.05263   90   54  102.00000    6.00000  94.1%  14.5 3302s
 5003416 2639318   20.00000   89   48  102.00000    6.00000  94.1%  14.5 3309s
 5003986 2640102   26.00000   90   48  102.00000    6.00000  94.1%  14.5 3310s
 5011038 2645271    9.00000   70   55  102.00000    6.00000  94.1%  14.5 3315s
 5019764 2649215   44.00000   78   56  102.00000    6.00000  94.1%  14.5 3325s
 5027787 2653268   47.00000   77   54  102.00000    6.00000  94.1%  14.5 3330s
 5035672 2658799   54.00000   81   47  102.00000    6.00000  94.1%  14.5 3337s
 5044488 2661244   69.48057   98   57  102.00000    6.00000  94.1%  14.5 3346s
 5047830 2664762   16.00000   88   54  102.00000    6.00000  94.1%  14.5 3351s
 5057094 2668085   26.00000   94   66  102.00000    6.00000  94.1%  14.5 3355s
 5065471 2672416   34.00000   86   61  102.00000    6.00000  94.1%  14.5 3360s
 5069520 2674069   13.00000   85   67  102.00000    6.00000  94.1%  14.5 3368s
 5070483 2675130   39.00000   88   59  102.00000    6.00000  94.1%  14.5 3370s
 5078687 2680709 infeasible   91       102.00000    6.00000  94.1%  14.5 3376s
 5083664 2685033 infeasible   78       102.00000    6.00000  94.1%  14.5 3381s
 5089932 2685715   60.00000   87   57  102.00000    6.00000  94.1%  14.5 3385s
 5091276 2685758   68.05036   82   42  102.00000    6.00000  94.1%  14.5 3391s
 5094125 2689087 infeasible   93       102.00000    6.00000  94.1%  14.5 3395s
 5103046 2692041   93.00000   91   36  102.00000    6.00000  94.1%  14.5 3407s
 5103065 2700368   93.39130   92   41  102.00000    6.00000  94.1%  14.5 3427s
 5119081 2702058   56.04605   88   51  102.00000    6.00000  94.1%  14.5 3431s
 5122009 2706027   59.30000  106   51  102.00000    6.00000  94.1%  14.5 3435s
 5129760 2706458   15.00000   74   59  102.00000    6.00000  94.1%  14.5 3443s
 5130504 2714997   74.00000  111   31  102.00000    6.00000  94.1%  14.5 3452s
 5146386 2715051   25.00000   74   55  102.00000    6.00000  94.1%  14.5 3463s
 5146481 2716884   36.00000   75   50  102.00000    6.00000  94.1%  14.5 3465s
 5156742 2722023   21.00000   93   55  102.00000    6.00000  94.1%  14.5 3470s
 5166900 2725356   23.00000   90   70  102.00000    6.00000  94.1%  14.5 3481s
 5172099 2729978   75.00000  114   28  102.00000    6.00000  94.1%  14.5 3486s
 5181726 2734771    6.00000   81   73  102.00000    6.00000  94.1%  14.5 3491s
 5189814 2738910   86.05769   88   41  102.00000    6.00000  94.1%  14.5 3495s
 5193123 2739043 infeasible  111       102.00000    6.00000  94.1%  14.5 3502s
 5193479 2745510   82.50000  110   44  102.00000    6.00000  94.1%  14.5 3513s
 5206238 2747112   19.02445   86   60  102.00000    6.00000  94.1%  14.5 3523s
 5209165 2750769   88.00000  119   32  102.00000    6.00000  94.1%  14.5 3527s
 5216336 2753102   23.00000   76   48  102.00000    6.00000  94.1%  14.5 3531s
 5221065 2753113    6.00000   73   67  102.00000    6.00000  94.1%  14.5 3547s
 5225233 2756890   85.00000  120   19  102.00000    6.00000  94.1%  14.5 3550s
 5230406 2758423   19.00000   84   64  102.00000    6.00000  94.1%  14.5 3558s
 5231633 2759494   48.00000   92   49  102.00000    6.00000  94.1%  14.5 3560s
 5241632 2764734   78.00000   83   49  102.00000    6.00000  94.1%  14.5 3565s
 5249541 2769784   13.00000   88   60  102.00000    6.00000  94.1%  14.5 3570s
 5251945 2769901   77.70073  116   39  102.00000    6.00000  94.1%  14.5 3575s
 5257555 2774927   38.09211   88   52  102.00000    6.00000  94.1%  14.5 3581s
 5265934 2776912   59.00000   91   39  102.00000    6.00000  94.1%  14.5 3590s
 5274129 2782153   37.00000   93   45  102.00000    6.00000  94.1%  14.5 3596s
 5278902 2786141   11.00000   78   52  102.00000    6.00000  94.1%  14.5 3600s

Cutting planes:
  Learned: 8
  Gomory: 4
  Cover: 2
  Implied bound: 12
  MIR: 3
  Flow cover: 24
  RLT: 2
  Relax-and-lift: 1

Explored 5282542 nodes (76601073 simplex iterations) in 3600.58 seconds (529.69 work units)
Thread count was 16 (of 16 available processors)

Solution count 10: 102 104 108 ... 130

Time limit reached
Best objective 1.020000000000e+02, best bound 6.000000000000e+00, gap 94.1176%
Warning: constraint name "precedence between 0,0 to 0,2 if x_[0,0,0,2,3]=0, i.e. 0,2 before 0,0" has a space
Warning: constraint name "precedence between 0,0 to 0,2 if x_[0,0,0,2,3]=0, i.e. 0,2 before 0,0" has a space
Warning: default constraint names used to write mps file
