
Gurobi 10.0.1 (win64) logging started Sat Aug 26 21:38:15 2023

Set parameter LogFile to value "results//log/URT_07_makespan.log"
Gurobi Optimizer version 10.0.1 build v10.0.1rc0 (win64)

CPU model: AMD Ryzen 7 3700X 8-Core Processor, instruction set [SSE2|AVX|AVX2]
Thread count: 8 physical cores, 16 logical processors, using up to 16 threads

Optimize a model with 150 rows, 118 columns and 553 nonzeros
Model fingerprint: 0xfedd7589
Variable types: 18 continuous, 100 integer (99 binary)
Coefficient statistics:
  Matrix range     [1e+00, 1e+06]
  Objective range  [1e+00, 1e+00]
  Bounds range     [1e+00, 1e+00]
  RHS range        [1e+00, 3e+06]
Found heuristic solution: objective 65.0000000
Presolve removed 31 rows and 62 columns
Presolve time: 0.01s
Presolved: 119 rows, 56 columns, 502 nonzeros
Variable types: 18 continuous, 38 integer (37 binary)

Root relaxation: objective 2.800000e+01, 24 iterations, 0.00 seconds (0.00 work units)

    Nodes    |    Current Node    |     Objective Bounds      |     Work
 Expl Unexpl |  Obj  Depth IntInf | Incumbent    BestBd   Gap | It/Node Time

     0     0   28.00000    0    3   65.00000   28.00000  56.9%     -    0s
H    0     0                      44.0000000   28.00000  36.4%     -    0s
H    0     0                      39.0000000   28.00000  28.2%     -    0s
H    0     0                      38.0000000   28.00000  26.3%     -    0s
H    0     0                      37.0000000   28.00000  24.3%     -    0s
     0     0   28.00000    0    1   37.00000   28.00000  24.3%     -    0s
     0     0   28.00000    0    4   37.00000   28.00000  24.3%     -    0s
     0     0   29.00000    0    3   37.00000   29.00000  21.6%     -    0s
     0     0   29.00000    0    6   37.00000   29.00000  21.6%     -    0s
     0     0   29.00000    0    8   37.00000   29.00000  21.6%     -    0s
     0     0   29.00000    0    7   37.00000   29.00000  21.6%     -    0s
     0     0   29.00000    0    3   37.00000   29.00000  21.6%     -    0s
     0     0   29.00000    0    7   37.00000   29.00000  21.6%     -    0s
     0     0   29.00000    0    4   37.00000   29.00000  21.6%     -    0s
     0     0   29.00000    0    4   37.00000   29.00000  21.6%     -    0s
H    0     2                      36.0000000   29.00000  19.4%     -    0s
     0     2   29.00000    0    4   36.00000   29.00000  19.4%     -    0s
 202153     1   35.00000 200283    4   36.00000   35.00000  2.78%   0.0    5s
 315475     1   35.00000 313605    4   36.00000   35.00000  2.78%   0.0   10s
 401869     1   35.00000 399999    4   36.00000   35.00000  2.78%   0.0   15s
 474799     1   35.00000 472929    4   36.00000   35.00000  2.78%   0.0   20s
 538753     1   35.00000 536883    4   36.00000   35.00000  2.78%   0.0   25s
 597097     1   35.00000 595227    4   36.00000   35.00000  2.78%   0.0   30s
 649831     1   35.00000 647961    4   36.00000   35.00000  2.78%   0.0   35s
 699199     1   35.00000 697329    4   36.00000   35.00000  2.78%   0.0   40s
 745201     1   35.00000 743331    4   36.00000   35.00000  2.78%   0.0   45s
 789520     1   35.00000 787650    4   36.00000   35.00000  2.78%   0.0   50s
 832156     1   35.00000 830286    4   36.00000   35.00000  2.78%   0.0   55s
 873109     1   35.00000 871239    4   36.00000   35.00000  2.78%   0.0   60s
 910696     1   35.00000 908826    4   36.00000   35.00000  2.78%   0.0   65s
 948844     1   35.00000 946974    4   36.00000   35.00000  2.78%   0.0   70s
 984748     1   35.00000 982878    4   36.00000   35.00000  2.78%   0.0   75s
 1019530     1   35.00000 1017660    4   36.00000   35.00000  2.78%   0.0   80s
 1053190     1   35.00000 1051320    4   36.00000   35.00000  2.78%   0.0   85s
 1085728     1   35.00000 1083858    4   36.00000   35.00000  2.78%   0.0   90s
 1117144     1   35.00000 1115274    4   36.00000   35.00000  2.78%   0.0   95s
 1149682     1   35.00000 1147812    4   36.00000   35.00000  2.78%   0.0  100s
 1180537     1   35.00000 1178667    4   36.00000   35.00000  2.78%   0.0  105s
 1210831     1   35.00000 1208961    4   36.00000   35.00000  2.78%   0.0  110s
 1240003     1   35.00000 1238133    4   36.00000   35.00000  2.78%   0.0  115s
 1268614     1   35.00000 1266744    4   36.00000   35.00000  2.78%   0.0  120s
 1297225     1   35.00000 1295355    4   36.00000   35.00000  2.78%   0.0  125s
 1324714     1   35.00000 1322844    4   36.00000   35.00000  2.78%   0.0  130s
 1351642     1   35.00000 1349772    4   36.00000   35.00000  2.78%   0.0  135s
 1377448     1   35.00000 1375578    4   36.00000   35.00000  2.78%   0.0  140s
 1404376     1   35.00000 1402506    4   36.00000   35.00000  2.78%   0.0  145s
 1430182     1   35.00000 1428312    4   36.00000   35.00000  2.78%   0.0  150s
 1455427     1   35.00000 1453557    4   36.00000   35.00000  2.78%   0.0  155s
 1480111     1   35.00000 1478241    4   36.00000   35.00000  2.78%   0.0  160s
 1504795     1   35.00000 1502925    4   36.00000   35.00000  2.78%   0.0  165s
 1529479     1   35.00000 1527609    4   36.00000   35.00000  2.78%   0.0  170s
 1553041     1   35.00000 1551171    4   36.00000   35.00000  2.78%   0.0  175s
 1576603     1   35.00000 1574733    4   36.00000   35.00000  2.78%   0.0  180s
 1600165     1   35.00000 1598295    4   36.00000   35.00000  2.78%   0.0  185s
 1622605     1   35.00000 1620735    4   36.00000   35.00000  2.78%   0.0  190s
 1645045     1   35.00000 1643175    4   36.00000   35.00000  2.78%   0.0  195s
 1667485     1   35.00000 1665615    4   36.00000   35.00000  2.78%   0.0  200s
 1689925     1   35.00000 1688055    4   36.00000   35.00000  2.78%   0.0  205s
 1711804     1   35.00000 1709934    4   36.00000   35.00000  2.78%   0.0  210s
 1733683     1   35.00000 1731813    4   36.00000   35.00000  2.78%   0.0  215s
 1755001     1   35.00000 1753131    4   36.00000   35.00000  2.78%   0.0  220s
 1775758     1   35.00000 1773888    4   36.00000   35.00000  2.78%   0.0  225s
 1796515     1   35.00000 1794645    4   36.00000   35.00000  2.78%   0.0  230s
 1816711     1   35.00000 1814841    4   36.00000   35.00000  2.78%   0.0  235s
 1838029     1   35.00000 1836159    4   36.00000   35.00000  2.78%   0.0  240s
 1857103     1   35.00000 1855233    4   36.00000   35.00000  2.78%   0.0  245s
 1877299     1   35.00000 1875429    4   36.00000   35.00000  2.78%   0.0  250s
 1897495     1   35.00000 1895625    4   36.00000   35.00000  2.78%   0.0  255s
 1917130     1   35.00000 1915260    4   36.00000   35.00000  2.78%   0.0  260s
 1936204     1   35.00000 1934334    4   36.00000   35.00000  2.78%   0.0  265s
 1955278     1   35.00000 1953408    4   36.00000   35.00000  2.78%   0.0  270s
 1974352     1   35.00000 1972482    4   36.00000   35.00000  2.78%   0.0  275s
 1992304     1   35.00000 1990434    4   36.00000   35.00000  2.78%   0.0  280s
 2011939     1   35.00000 2010069    4   36.00000   35.00000  2.78%   0.0  285s
 2029891     1   35.00000 2028021    4   36.00000   35.00000  2.78%   0.0  290s
 2047843     1   35.00000 2045973    4   36.00000   35.00000  2.78%   0.0  295s
 2066356     1   35.00000 2064486    4   36.00000   35.00000  2.78%   0.0  300s
 2084308     1   35.00000 2082438    4   36.00000   35.00000  2.78%   0.0  305s
 2102260     1   35.00000 2100390    4   36.00000   35.00000  2.78%   0.0  310s
 2119651     1   35.00000 2117781    4   36.00000   35.00000  2.78%   0.0  315s
 2137603     1   35.00000 2135733    4   36.00000   35.00000  2.78%   0.0  320s
 2155555     1   35.00000 2153685    4   36.00000   35.00000  2.78%   0.0  325s
 2172385     1   35.00000 2170515    4   36.00000   35.00000  2.78%   0.0  330s
 2189215     1   35.00000 2187345    4   36.00000   35.00000  2.78%   0.0  335s
 2207167     1   35.00000 2205297    4   36.00000   35.00000  2.78%   0.0  340s
 2223997     1   35.00000 2222127    4   36.00000   35.00000  2.78%   0.0  345s
 2240827     1   35.00000 2238957    4   36.00000   35.00000  2.78%   0.0  350s
 2257096     1   35.00000 2255226    4   36.00000   35.00000  2.78%   0.0  355s
 2273926     1   35.00000 2272056    4   36.00000   35.00000  2.78%   0.0  360s
 2289634     1   35.00000 2287764    4   36.00000   35.00000  2.78%   0.0  365s
 2306464     1   35.00000 2304594    4   36.00000   35.00000  2.78%   0.0  370s
 2322733     1   35.00000 2320863    4   36.00000   35.00000  2.78%   0.0  375s
 2338441     1   35.00000 2336571    4   36.00000   35.00000  2.78%   0.0  380s
 2354149     1   35.00000 2352279    4   36.00000   35.00000  2.78%   0.0  385s
 2370979     1   35.00000 2369109    4   36.00000   35.00000  2.78%   0.0  390s
 2386687     1   35.00000 2384817    4   36.00000   35.00000  2.78%   0.0  395s
 2401834     1   35.00000 2399964    4   36.00000   35.00000  2.78%   0.0  400s
 2417542     1   35.00000 2415672    4   36.00000   35.00000  2.78%   0.0  405s
 2432689     1   35.00000 2430819    4   36.00000   35.00000  2.78%   0.0  410s
 2448397     1   35.00000 2446527    4   36.00000   35.00000  2.78%   0.0  415s
 2463544     1   35.00000 2461674    4   36.00000   35.00000  2.78%   0.0  420s
 2479252     1   35.00000 2477382    4   36.00000   35.00000  2.78%   0.0  425s
 2493838     1   35.00000 2491968    4   36.00000   35.00000  2.78%   0.0  430s
 2508985     1   35.00000 2507115    4   36.00000   35.00000  2.78%   0.0  435s
 2523571     1   35.00000 2521701    4   36.00000   35.00000  2.78%   0.0  440s
 2538718     1   35.00000 2536848    4   36.00000   35.00000  2.78%   0.0  445s
 2553304     1   35.00000 2551434    4   36.00000   35.00000  2.78%   0.0  450s
 2568451     1   35.00000 2566581    4   36.00000   35.00000  2.78%   0.0  455s
 2583037     1   35.00000 2581167    4   36.00000   35.00000  2.78%   0.0  460s
 2597623     1   35.00000 2595753    4   36.00000   35.00000  2.78%   0.0  465s
 2612209     1   35.00000 2610339    4   36.00000   35.00000  2.78%   0.0  470s
 2626234     1   35.00000 2624364    4   36.00000   35.00000  2.78%   0.0  475s
 2640259     1   35.00000 2638389    4   36.00000   35.00000  2.78%   0.0  480s
 2654845     1   35.00000 2652975    4   36.00000   35.00000  2.78%   0.0  485s
 2668870     1   35.00000 2667000    4   36.00000   35.00000  2.78%   0.0  490s
 2682895     1   35.00000 2681025    4   36.00000   35.00000  2.78%   0.0  495s
 2696920     1   35.00000 2695050    4   36.00000   35.00000  2.78%   0.0  500s
 2710945     1   35.00000 2709075    4   36.00000   35.00000  2.78%   0.0  505s
 2724970     1   35.00000 2723100    4   36.00000   35.00000  2.78%   0.0  510s
 2738434     1   35.00000 2736564    4   36.00000   35.00000  2.78%   0.0  515s
 2752459     1   35.00000 2750589    4   36.00000   35.00000  2.78%   0.0  520s
 2765923     1   35.00000 2764053    4   36.00000   35.00000  2.78%   0.0  525s
 2779948     1   35.00000 2778078    4   36.00000   35.00000  2.78%   0.0  530s
 2793412     1   35.00000 2791542    4   36.00000   35.00000  2.78%   0.0  535s
 2806315     1   35.00000 2804445    4   36.00000   35.00000  2.78%   0.0  540s
 2819779     1   35.00000 2817909    4   36.00000   35.00000  2.78%   0.0  545s
 2833243     1   35.00000 2831373    4   36.00000   35.00000  2.78%   0.0  550s
 2846707     1   35.00000 2844837    4   36.00000   35.00000  2.78%   0.0  555s
 2859610     1   35.00000 2857740    4   36.00000   35.00000  2.78%   0.0  560s
 2873074     1   35.00000 2871204    4   36.00000   35.00000  2.78%   0.0  565s
 2885977     1   35.00000 2884107    4   36.00000   35.00000  2.78%   0.0  570s
 2898880     1   35.00000 2897010    4   36.00000   35.00000  2.78%   0.0  575s
 2912344     1   35.00000 2910474    4   36.00000   35.00000  2.78%   0.0  580s
 2925247     1   35.00000 2923377    4   36.00000   35.00000  2.78%   0.0  585s
 2938150     1   35.00000 2936280    4   36.00000   35.00000  2.78%   0.0  590s
 2951053     1   35.00000 2949183    4   36.00000   35.00000  2.78%   0.0  595s
 2963395     1   35.00000 2961525    4   36.00000   35.00000  2.78%   0.0  600s
 2976298     1   35.00000 2974428    4   36.00000   35.00000  2.78%   0.0  605s
 2989201     1   35.00000 2987331    4   36.00000   35.00000  2.78%   0.0  610s
 3001543     1   35.00000 2999673    4   36.00000   35.00000  2.78%   0.0  615s
 3014446     1   35.00000 3012576    4   36.00000   35.00000  2.78%   0.0  620s
 3026788     1   35.00000 3024918    4   36.00000   35.00000  2.78%   0.0  625s
 3039130     1   35.00000 3037260    4   36.00000   35.00000  2.78%   0.0  630s
 3051472     1   35.00000 3049602    4   36.00000   35.00000  2.78%   0.0  635s
 3063814     1   35.00000 3061944    4   36.00000   35.00000  2.78%   0.0  640s
 3076156     1   35.00000 3074286    4   36.00000   35.00000  2.78%   0.0  645s
 3088498     1   35.00000 3086628    4   36.00000   35.00000  2.78%   0.0  650s
 3100840     1   35.00000 3098970    4   36.00000   35.00000  2.78%   0.0  655s
 3113182     1   35.00000 3111312    4   36.00000   35.00000  2.78%   0.0  660s
 3125524     1   35.00000 3123654    4   36.00000   35.00000  2.78%   0.0  665s
 3137305     1   35.00000 3135435    4   36.00000   35.00000  2.78%   0.0  670s
 3149647     1   35.00000 3147777    4   36.00000   35.00000  2.78%   0.0  675s
 3161428     1   35.00000 3159558    4   36.00000   35.00000  2.78%   0.0  680s
 3173770     1   35.00000 3171900    4   36.00000   35.00000  2.78%   0.0  685s
 3185551     1   35.00000 3183681    4   36.00000   35.00000  2.78%   0.0  690s
 3197332     1   35.00000 3195462    4   36.00000   35.00000  2.78%   0.0  695s
 3208552     1   35.00000 3206682    4   36.00000   35.00000  2.78%   0.0  700s
 3220333     1   35.00000 3218463    4   36.00000   35.00000  2.78%   0.0  705s
 3231553     1   35.00000 3229683    4   36.00000   35.00000  2.78%   0.0  710s
 3243334     1   35.00000 3241464    4   36.00000   35.00000  2.78%   0.0  715s
 3254554     1   35.00000 3252684    4   36.00000   35.00000  2.78%   0.0  720s
 3266335     1   35.00000 3264465    4   36.00000   35.00000  2.78%   0.0  725s
 3277555     1   35.00000 3275685    4   36.00000   35.00000  2.78%   0.0  730s
 3288775     1   35.00000 3286905    4   36.00000   35.00000  2.78%   0.0  735s
 3299995     1   35.00000 3298125    4   36.00000   35.00000  2.78%   0.0  740s
 3311215     1   35.00000 3309345    4   36.00000   35.00000  2.78%   0.0  745s
 3321874     1   35.00000 3320004    4   36.00000   35.00000  2.78%   0.0  750s
 3333094     1   35.00000 3331224    4   36.00000   35.00000  2.78%   0.0  755s
 3344314     1   35.00000 3342444    4   36.00000   35.00000  2.78%   0.0  760s
 3354973     1   35.00000 3353103    4   36.00000   35.00000  2.78%   0.0  765s
 3366193     1   35.00000 3364323    4   36.00000   35.00000  2.78%   0.0  770s
 3377413     1   35.00000 3375543    4   36.00000   35.00000  2.78%   0.0  775s
 3388072     1   35.00000 3386202    4   36.00000   35.00000  2.78%   0.0  780s
 3399292     1   35.00000 3397422    4   36.00000   35.00000  2.78%   0.0  785s
 3409951     1   35.00000 3408081    4   36.00000   35.00000  2.78%   0.0  790s
 3420610     1   35.00000 3418740    4   36.00000   35.00000  2.78%   0.0  795s
 3431269     1   35.00000 3429399    4   36.00000   35.00000  2.78%   0.0  800s
 3442489     1   35.00000 3440619    4   36.00000   35.00000  2.78%   0.0  805s
 3453148     1   35.00000 3451278    4   36.00000   35.00000  2.78%   0.0  810s
 3463807     1   35.00000 3461937    4   36.00000   35.00000  2.78%   0.0  815s
 3474466     1   35.00000 3472596    4   36.00000   35.00000  2.78%   0.0  820s
 3485125     1   35.00000 3483255    4   36.00000   35.00000  2.78%   0.0  825s
 3495784     1   35.00000 3493914    4   36.00000   35.00000  2.78%   0.0  830s
 3505882     1   35.00000 3504012    4   36.00000   35.00000  2.78%   0.0  835s
 3516541     1   35.00000 3514671    4   36.00000   35.00000  2.78%   0.0  840s
 3527200     1   35.00000 3525330    4   36.00000   35.00000  2.78%   0.0  845s
 3537298     1   35.00000 3535428    4   36.00000   35.00000  2.78%   0.0  850s
 3547957     1   35.00000 3546087    4   36.00000   35.00000  2.78%   0.0  855s
 3558616     1   35.00000 3556746    4   36.00000   35.00000  2.78%   0.0  860s
 3568714     1   35.00000 3566844    4   36.00000   35.00000  2.78%   0.0  865s
 3579373     1   35.00000 3577503    4   36.00000   35.00000  2.78%   0.0  870s
 3589471     1   35.00000 3587601    4   36.00000   35.00000  2.78%   0.0  875s
 3599569     1   35.00000 3597699    4   36.00000   35.00000  2.78%   0.0  880s
 3610228     1   35.00000 3608358    4   36.00000   35.00000  2.78%   0.0  885s
 3620326     1   35.00000 3618456    4   36.00000   35.00000  2.78%   0.0  890s
 3630424     1   35.00000 3628554    4   36.00000   35.00000  2.78%   0.0  895s
 3640522     1   35.00000 3638652    4   36.00000   35.00000  2.78%   0.0  900s
 3650620     1   35.00000 3648750    4   36.00000   35.00000  2.78%   0.0  905s
 3660718     1   35.00000 3658848    4   36.00000   35.00000  2.78%   0.0  910s
 3671377     1   35.00000 3669507    4   36.00000   35.00000  2.78%   0.0  915s
 3680914     1   35.00000 3679044    4   36.00000   35.00000  2.78%   0.0  920s
 3691012     1   35.00000 3689142    4   36.00000   35.00000  2.78%   0.0  925s
 3701110     1   35.00000 3699240    4   36.00000   35.00000  2.78%   0.0  930s
 3711208     1   35.00000 3709338    4   36.00000   35.00000  2.78%   0.0  935s
 3721306     1   35.00000 3719436    4   36.00000   35.00000  2.78%   0.0  940s
 3731404     1   35.00000 3729534    4   36.00000   35.00000  2.78%   0.0  945s
 3741502     1   35.00000 3739632    4   36.00000   35.00000  2.78%   0.0  950s
 3751039     1   35.00000 3749169    4   36.00000   35.00000  2.78%   0.0  955s
 3761137     1   35.00000 3759267    4   36.00000   35.00000  2.78%   0.0  960s
 3770674     1   35.00000 3768804    4   36.00000   35.00000  2.78%   0.0  965s
 3780772     1   35.00000 3778902    4   36.00000   35.00000  2.78%   0.0  970s
 3790309     1   35.00000 3788439    4   36.00000   35.00000  2.78%   0.0  975s
 3800407     1   35.00000 3798537    4   36.00000   35.00000  2.78%   0.0  980s
 3809944     1   35.00000 3808074    4   36.00000   35.00000  2.78%   0.0  985s
 3819481     1   35.00000 3817611    4   36.00000   35.00000  2.78%   0.0  990s
 3829579     1   35.00000 3827709    4   36.00000   35.00000  2.78%   0.0  995s
 3839116     1   35.00000 3837246    4   36.00000   35.00000  2.78%   0.0 1000s
 3848653     1   35.00000 3846783    4   36.00000   35.00000  2.78%   0.0 1005s
 3858190     1   35.00000 3856320    4   36.00000   35.00000  2.78%   0.0 1010s
 3868288     1   35.00000 3866418    4   36.00000   35.00000  2.78%   0.0 1015s
 3877825     1   35.00000 3875955    4   36.00000   35.00000  2.78%   0.0 1020s
 3886801     1   35.00000 3884931    4   36.00000   35.00000  2.78%   0.0 1025s
 3896338     1   35.00000 3894468    4   36.00000   35.00000  2.78%   0.0 1030s
 3905875     1   35.00000 3904005    4   36.00000   35.00000  2.78%   0.0 1035s
 3915412     1   35.00000 3913542    4   36.00000   35.00000  2.78%   0.0 1040s
 3924949     1   35.00000 3923079    4   36.00000   35.00000  2.78%   0.0 1045s
 3934486     1   35.00000 3932616    4   36.00000   35.00000  2.78%   0.0 1050s
 3943462     1   35.00000 3941592    4   36.00000   35.00000  2.78%   0.0 1055s
 3952999     1   35.00000 3951129    4   36.00000   35.00000  2.78%   0.0 1060s
 3962536     1   35.00000 3960666    4   36.00000   35.00000  2.78%   0.0 1065s
 3972073     1   35.00000 3970203    4   36.00000   35.00000  2.78%   0.0 1070s
 3981049     1   35.00000 3979179    4   36.00000   35.00000  2.78%   0.0 1075s
 3990586     1   35.00000 3988716    4   36.00000   35.00000  2.78%   0.0 1080s
 3999562     1   35.00000 3997692    4   36.00000   35.00000  2.78%   0.0 1085s
 4009099     1   35.00000 4007229    4   36.00000   35.00000  2.78%   0.0 1090s
 4018075     1   35.00000 4016205    4   36.00000   35.00000  2.78%   0.0 1095s
 4027612     1   35.00000 4025742    4   36.00000   35.00000  2.78%   0.0 1100s
 4036588     1   35.00000 4034718    4   36.00000   35.00000  2.78%   0.0 1105s
 4046125     1   35.00000 4044255    4   36.00000   35.00000  2.78%   0.0 1110s
 4055101     1   35.00000 4053231    4   36.00000   35.00000  2.78%   0.0 1115s
 4064077     1   35.00000 4062207    4   36.00000   35.00000  2.78%   0.0 1120s
 4073614     1   35.00000 4071744    4   36.00000   35.00000  2.78%   0.0 1125s
 4082590     1   35.00000 4080720    4   36.00000   35.00000  2.78%   0.0 1130s
 4091566     1   35.00000 4089696    4   36.00000   35.00000  2.78%   0.0 1135s
 4100542     1   35.00000 4098672    4   36.00000   35.00000  2.78%   0.0 1140s
 4110079     1   35.00000 4108209    4   36.00000   35.00000  2.78%   0.0 1145s
 4119055     1   35.00000 4117185    4   36.00000   35.00000  2.78%   0.0 1150s
 4127470     1   35.00000 4125600    4   36.00000   35.00000  2.78%   0.0 1155s
 4137007     1   35.00000 4135137    4   36.00000   35.00000  2.78%   0.0 1160s
 4145422     1   35.00000 4143552    4   36.00000   35.00000  2.78%   0.0 1165s
 4154398     1   35.00000 4152528    4   36.00000   35.00000  2.78%   0.0 1170s
 4163374     1   35.00000 4161504    4   36.00000   35.00000  2.78%   0.0 1175s
 4172350     1   35.00000 4170480    4   36.00000   35.00000  2.78%   0.0 1180s
 4181326     1   35.00000 4179456    4   36.00000   35.00000  2.78%   0.0 1185s
 4190302     1   35.00000 4188432    4   36.00000   35.00000  2.78%   0.0 1190s
 4199278     1   35.00000 4197408    4   36.00000   35.00000  2.78%   0.0 1195s
 4207693     1   35.00000 4205823    4   36.00000   35.00000  2.78%   0.0 1200s
 4216669     1   35.00000 4214799    4   36.00000   35.00000  2.78%   0.0 1205s
 4225645     1   35.00000 4223775    4   36.00000   35.00000  2.78%   0.0 1210s
 4234621     1   35.00000 4232751    4   36.00000   35.00000  2.78%   0.0 1215s
 4243036     1   35.00000 4241166    4   36.00000   35.00000  2.78%   0.0 1220s
 4252012     1   35.00000 4250142    4   36.00000   35.00000  2.78%   0.0 1225s
 4260427     1   35.00000 4258557    4   36.00000   35.00000  2.78%   0.0 1230s
 4269403     1   35.00000 4267533    4   36.00000   35.00000  2.78%   0.0 1235s
 4277818     1   35.00000 4275948    4   36.00000   35.00000  2.78%   0.0 1240s
 4286794     1   35.00000 4284924    4   36.00000   35.00000  2.78%   0.0 1245s
 4295209     1   35.00000 4293339    4   36.00000   35.00000  2.78%   0.0 1250s
 4304185     1   35.00000 4302315    4   36.00000   35.00000  2.78%   0.0 1255s
 4312600     1   35.00000 4310730    4   36.00000   35.00000  2.78%   0.0 1260s
 4321015     1   35.00000 4319145    4   36.00000   35.00000  2.78%   0.0 1265s
 4329430     1   35.00000 4327560    4   36.00000   35.00000  2.78%   0.0 1270s
 4337845     1   35.00000 4335975    4   36.00000   35.00000  2.78%   0.0 1275s
 4346260     1   35.00000 4344390    4   36.00000   35.00000  2.78%   0.0 1280s
 4355236     1   35.00000 4353366    4   36.00000   35.00000  2.78%   0.0 1285s
 4363651     1   35.00000 4361781    4   36.00000   35.00000  2.78%   0.0 1290s
 4372066     1   35.00000 4370196    4   36.00000   35.00000  2.78%   0.0 1295s
 4380481     1   35.00000 4378611    4   36.00000   35.00000  2.78%   0.0 1300s
 4388896     1   35.00000 4387026    4   36.00000   35.00000  2.78%   0.0 1305s
 4397311     1   35.00000 4395441    4   36.00000   35.00000  2.78%   0.0 1310s
 4405726     1   35.00000 4403856    4   36.00000   35.00000  2.78%   0.0 1315s
 4414141     1   35.00000 4412271    4   36.00000   35.00000  2.78%   0.0 1320s
 4422556     1   35.00000 4420686    4   36.00000   35.00000  2.78%   0.0 1325s
 4430971     1   35.00000 4429101    4   36.00000   35.00000  2.78%   0.0 1330s
 4439386     1   35.00000 4437516    4   36.00000   35.00000  2.78%   0.0 1335s
 4447801     1   35.00000 4445931    4   36.00000   35.00000  2.78%   0.0 1340s
 4456216     1   35.00000 4454346    4   36.00000   35.00000  2.78%   0.0 1345s
 4464631     1   35.00000 4462761    4   36.00000   35.00000  2.78%   0.0 1350s
 4472485     1   35.00000 4470615    4   36.00000   35.00000  2.78%   0.0 1355s
 4480900     1   35.00000 4479030    4   36.00000   35.00000  2.78%   0.0 1360s
 4489315     1   35.00000 4487445    4   36.00000   35.00000  2.78%   0.0 1365s
 4497730     1   35.00000 4495860    4   36.00000   35.00000  2.78%   0.0 1370s
 4505584     1   35.00000 4503714    4   36.00000   35.00000  2.78%   0.0 1375s
 4513999     1   35.00000 4512129    4   36.00000   35.00000  2.78%   0.0 1380s
 4521853     1   35.00000 4519983    4   36.00000   35.00000  2.78%   0.0 1385s
 4530268     1   35.00000 4528398    4   36.00000   35.00000  2.78%   0.0 1390s
 4538683     1   35.00000 4536813    4   36.00000   35.00000  2.78%   0.0 1395s
 4546537     1   35.00000 4544667    4   36.00000   35.00000  2.78%   0.0 1400s
 4554952     1   35.00000 4553082    4   36.00000   35.00000  2.78%   0.0 1405s
 4562806     1   35.00000 4560936    4   36.00000   35.00000  2.78%   0.0 1410s
 4571221     1   35.00000 4569351    4   36.00000   35.00000  2.78%   0.0 1415s
 4579075     1   35.00000 4577205    4   36.00000   35.00000  2.78%   0.0 1420s
 4587490     1   35.00000 4585620    4   36.00000   35.00000  2.78%   0.0 1425s
 4595344     1   35.00000 4593474    4   36.00000   35.00000  2.78%   0.0 1430s
 4603198     1   35.00000 4601328    4   36.00000   35.00000  2.78%   0.0 1435s
 4611613     1   35.00000 4609743    4   36.00000   35.00000  2.78%   0.0 1440s
 4619467     1   35.00000 4617597    4   36.00000   35.00000  2.78%   0.0 1445s
 4627882     1   35.00000 4626012    4   36.00000   35.00000  2.78%   0.0 1450s
 4635736     1   35.00000 4633866    4   36.00000   35.00000  2.78%   0.0 1455s
 4643590     1   35.00000 4641720    4   36.00000   35.00000  2.78%   0.0 1460s
 4652005     1   35.00000 4650135    4   36.00000   35.00000  2.78%   0.0 1465s
 4659859     1   35.00000 4657989    4   36.00000   35.00000  2.78%   0.0 1470s
 4667713     1   35.00000 4665843    4   36.00000   35.00000  2.78%   0.0 1475s
 4675567     1   35.00000 4673697    4   36.00000   35.00000  2.78%   0.0 1480s
 4683982     1   35.00000 4682112    4   36.00000   35.00000  2.78%   0.0 1485s
 4691836     1   35.00000 4689966    4   36.00000   35.00000  2.78%   0.0 1490s
 4699690     1   35.00000 4697820    4   36.00000   35.00000  2.78%   0.0 1495s
 4707544     1   35.00000 4705674    4   36.00000   35.00000  2.78%   0.0 1500s
 4715398     1   35.00000 4713528    4   36.00000   35.00000  2.78%   0.0 1505s
 4723252     1   35.00000 4721382    4   36.00000   35.00000  2.78%   0.0 1510s
 4731106     1   35.00000 4729236    4   36.00000   35.00000  2.78%   0.0 1515s
 4738960     1   35.00000 4737090    4   36.00000   35.00000  2.78%   0.0 1520s
 4746814     1   35.00000 4744944    4   36.00000   35.00000  2.78%   0.0 1525s
 4754668     1   35.00000 4752798    4   36.00000   35.00000  2.78%   0.0 1530s
 4763083     1   35.00000 4761213    4   36.00000   35.00000  2.78%   0.0 1535s
 4770937     1   35.00000 4769067    4   36.00000   35.00000  2.78%   0.0 1540s
 4778791     1   35.00000 4776921    4   36.00000   35.00000  2.78%   0.0 1545s
 4786645     1   35.00000 4784775    4   36.00000   35.00000  2.78%   0.0 1550s
 4795060     1   35.00000 4793190    4   36.00000   35.00000  2.78%   0.0 1555s
 4802353     1   35.00000 4800483    4   36.00000   35.00000  2.78%   0.0 1560s
 4810768     1   35.00000 4808898    4   36.00000   35.00000  2.78%   0.0 1565s
 4818622     1   35.00000 4816752    4   36.00000   35.00000  2.78%   0.0 1570s
 4826476     1   35.00000 4824606    4   36.00000   35.00000  2.78%   0.0 1575s
 4834330     1   35.00000 4832460    4   36.00000   35.00000  2.78%   0.0 1580s
 4842184     1   35.00000 4840314    4   36.00000   35.00000  2.78%   0.0 1585s
 4850038     1   35.00000 4848168    4   36.00000   35.00000  2.78%   0.0 1590s
 4857892     1   35.00000 4856022    4   36.00000   35.00000  2.78%   0.0 1595s
 4865746     1   35.00000 4863876    4   36.00000   35.00000  2.78%   0.0 1600s
 4873600     1   35.00000 4871730    4   36.00000   35.00000  2.78%   0.0 1605s
 4881454     1   35.00000 4879584    4   36.00000   35.00000  2.78%   0.0 1610s
 4889308     1   35.00000 4887438    4   36.00000   35.00000  2.78%   0.0 1615s
 4897162     1   35.00000 4895292    4   36.00000   35.00000  2.78%   0.0 1620s
 4905016     1   35.00000 4903146    4   36.00000   35.00000  2.78%   0.0 1625s
 4912870     1   35.00000 4911000    4   36.00000   35.00000  2.78%   0.0 1630s
 4920724     1   35.00000 4918854    4   36.00000   35.00000  2.78%   0.0 1635s
 4928578     1   35.00000 4926708    4   36.00000   35.00000  2.78%   0.0 1640s
 4935871     1   35.00000 4934001    4   36.00000   35.00000  2.78%   0.0 1645s
 4943725     1   35.00000 4941855    4   36.00000   35.00000  2.78%   0.0 1650s
 4951579     1   35.00000 4949709    4   36.00000   35.00000  2.78%   0.0 1655s
 4959433     1   35.00000 4957563    4   36.00000   35.00000  2.78%   0.0 1660s
 4966726     1   35.00000 4964856    4   36.00000   35.00000  2.78%   0.0 1665s
 4974580     1   35.00000 4972710    4   36.00000   35.00000  2.78%   0.0 1670s
 4982434     1   35.00000 4980564    4   36.00000   35.00000  2.78%   0.0 1675s
 4990288     1   35.00000 4988418    4   36.00000   35.00000  2.78%   0.0 1680s
 4997581     1   35.00000 4995711    4   36.00000   35.00000  2.78%   0.0 1685s
 5005435     1   35.00000 5003565    4   36.00000   35.00000  2.78%   0.0 1690s
 5012728     1   35.00000 5010858    4   36.00000   35.00000  2.78%   0.0 1695s
 5020582     1   35.00000 5018712    4   36.00000   35.00000  2.78%   0.0 1700s
 5028436     1   35.00000 5026566    4   36.00000   35.00000  2.78%   0.0 1705s
 5035729     1   35.00000 5033859    4   36.00000   35.00000  2.78%   0.0 1710s
 5043583     1   35.00000 5041713    4   36.00000   35.00000  2.78%   0.0 1715s
 5050876     1   35.00000 5049006    4   36.00000   35.00000  2.78%   0.0 1720s
 5058730     1   35.00000 5056860    4   36.00000   35.00000  2.78%   0.0 1725s
 5066023     1   35.00000 5064153    4   36.00000   35.00000  2.78%   0.0 1730s
 5073877     1   35.00000 5072007    4   36.00000   35.00000  2.78%   0.0 1735s
 5081170     1   35.00000 5079300    4   36.00000   35.00000  2.78%   0.0 1740s
 5088463     1   35.00000 5086593    4   36.00000   35.00000  2.78%   0.0 1745s
 5096317     1   35.00000 5094447    4   36.00000   35.00000  2.78%   0.0 1750s
 5103610     1   35.00000 5101740    4   36.00000   35.00000  2.78%   0.0 1755s
 5111464     1   35.00000 5109594    4   36.00000   35.00000  2.78%   0.0 1760s
 5118757     1   35.00000 5116887    4   36.00000   35.00000  2.78%   0.0 1765s
 5126050     1   35.00000 5124180    4   36.00000   35.00000  2.78%   0.0 1770s
 5133904     1   35.00000 5132034    4   36.00000   35.00000  2.78%   0.0 1775s
 5141197     1   35.00000 5139327    4   36.00000   35.00000  2.78%   0.0 1780s
 5149051     1   35.00000 5147181    4   36.00000   35.00000  2.78%   0.0 1785s
 5156344     1   35.00000 5154474    4   36.00000   35.00000  2.78%   0.0 1790s
 5163637     1   35.00000 5161767    4   36.00000   35.00000  2.78%   0.0 1795s
 5170930     1   35.00000 5169060    4   36.00000   35.00000  2.78%   0.0 1800s
 5178223     1   35.00000 5176353    4   36.00000   35.00000  2.78%   0.0 1805s
 5186077     1   35.00000 5184207    4   36.00000   35.00000  2.78%   0.0 1810s
 5193370     1   35.00000 5191500    4   36.00000   35.00000  2.78%   0.0 1815s
 5200663     1   35.00000 5198793    4   36.00000   35.00000  2.78%   0.0 1820s
 5207956     1   35.00000 5206086    4   36.00000   35.00000  2.78%   0.0 1825s
 5215249     1   35.00000 5213379    4   36.00000   35.00000  2.78%   0.0 1830s
 5222542     1   35.00000 5220672    4   36.00000   35.00000  2.78%   0.0 1835s
 5229274     1   35.00000 5227404    4   36.00000   35.00000  2.78%   0.0 1840s
 5236567     1   35.00000 5234697    4   36.00000   35.00000  2.78%   0.0 1845s
 5243860     1   35.00000 5241990    4   36.00000   35.00000  2.78%   0.0 1850s
 5251153     1   35.00000 5249283    4   36.00000   35.00000  2.78%   0.0 1855s
 5257885     1   35.00000 5256015    4   36.00000   35.00000  2.78%   0.0 1860s
 5265178     1   35.00000 5263308    4   36.00000   35.00000  2.78%   0.0 1865s
 5272471     1   35.00000 5270601    4   36.00000   35.00000  2.78%   0.0 1870s
 5279764     1   35.00000 5277894    4   36.00000   35.00000  2.78%   0.0 1875s
 5286496     1   35.00000 5284626    4   36.00000   35.00000  2.78%   0.0 1880s
 5293789     1   35.00000 5291919    4   36.00000   35.00000  2.78%   0.0 1885s
 5300521     1   35.00000 5298651    4   36.00000   35.00000  2.78%   0.0 1890s
 5307814     1   35.00000 5305944    4   36.00000   35.00000  2.78%   0.0 1895s
 5315107     1   35.00000 5313237    4   36.00000   35.00000  2.78%   0.0 1900s
 5321839     1   35.00000 5319969    4   36.00000   35.00000  2.78%   0.0 1905s
 5329132     1   35.00000 5327262    4   36.00000   35.00000  2.78%   0.0 1910s
 5336425     1   35.00000 5334555    4   36.00000   35.00000  2.78%   0.0 1915s
 5343157     1   35.00000 5341287    4   36.00000   35.00000  2.78%   0.0 1920s
 5350450     1   35.00000 5348580    4   36.00000   35.00000  2.78%   0.0 1925s
 5357182     1   35.00000 5355312    4   36.00000   35.00000  2.78%   0.0 1930s
 5364475     1   35.00000 5362605    4   36.00000   35.00000  2.78%   0.0 1935s
 5371207     1   35.00000 5369337    4   36.00000   35.00000  2.78%   0.0 1940s
 5378500     1   35.00000 5376630    4   36.00000   35.00000  2.78%   0.0 1945s
 5385232     1   35.00000 5383362    4   36.00000   35.00000  2.78%   0.0 1950s
 5391964     1   35.00000 5390094    4   36.00000   35.00000  2.78%   0.0 1955s
 5399257     1   35.00000 5397387    4   36.00000   35.00000  2.78%   0.0 1960s
 5405989     1   35.00000 5404119    4   36.00000   35.00000  2.78%   0.0 1965s
 5413282     1   35.00000 5411412    4   36.00000   35.00000  2.78%   0.0 1970s
 5420014     1   35.00000 5418144    4   36.00000   35.00000  2.78%   0.0 1975s
 5427307     1   35.00000 5425437    4   36.00000   35.00000  2.78%   0.0 1980s
 5434039     1   35.00000 5432169    4   36.00000   35.00000  2.78%   0.0 1985s
 5440771     1   35.00000 5438901    4   36.00000   35.00000  2.78%   0.0 1990s
 5448064     1   35.00000 5446194    4   36.00000   35.00000  2.78%   0.0 1995s
 5454796     1   35.00000 5452926    4   36.00000   35.00000  2.78%   0.0 2000s
 5461528     1   35.00000 5459658    4   36.00000   35.00000  2.78%   0.0 2005s
 5468821     1   35.00000 5466951    4   36.00000   35.00000  2.78%   0.0 2010s
 5475553     1   35.00000 5473683    4   36.00000   35.00000  2.78%   0.0 2015s
 5482285     1   35.00000 5480415    4   36.00000   35.00000  2.78%   0.0 2020s
 5489017     1   35.00000 5487147    4   36.00000   35.00000  2.78%   0.0 2025s
 5496310     1   35.00000 5494440    4   36.00000   35.00000  2.78%   0.0 2030s
 5503042     1   35.00000 5501172    4   36.00000   35.00000  2.78%   0.0 2035s
 5509774     1   35.00000 5507904    4   36.00000   35.00000  2.78%   0.0 2040s
 5516506     1   35.00000 5514636    4   36.00000   35.00000  2.78%   0.0 2045s
 5523238     1   35.00000 5521368    4   36.00000   35.00000  2.78%   0.0 2050s
 5530531     1   35.00000 5528661    4   36.00000   35.00000  2.78%   0.0 2055s
 5537263     1   35.00000 5535393    4   36.00000   35.00000  2.78%   0.0 2060s
 5543995     1   35.00000 5542125    4   36.00000   35.00000  2.78%   0.0 2065s
 5550727     1   35.00000 5548857    4   36.00000   35.00000  2.78%   0.0 2070s
 5557459     1   35.00000 5555589    4   36.00000   35.00000  2.78%   0.0 2075s
 5564191     1   35.00000 5562321    4   36.00000   35.00000  2.78%   0.0 2080s
 5570923     1   35.00000 5569053    4   36.00000   35.00000  2.78%   0.0 2085s
 5577655     1   35.00000 5575785    4   36.00000   35.00000  2.78%   0.0 2090s
 5584387     1   35.00000 5582517    4   36.00000   35.00000  2.78%   0.0 2095s
 5591680     1   35.00000 5589810    4   36.00000   35.00000  2.78%   0.0 2100s
 5598412     1   35.00000 5596542    4   36.00000   35.00000  2.78%   0.0 2105s
 5605144     1   35.00000 5603274    4   36.00000   35.00000  2.78%   0.0 2110s
 5611876     1   35.00000 5610006    4   36.00000   35.00000  2.78%   0.0 2115s
 5618608     1   35.00000 5616738    4   36.00000   35.00000  2.78%   0.0 2120s
 5625340     1   35.00000 5623470    4   36.00000   35.00000  2.78%   0.0 2125s
 5632072     1   35.00000 5630202    4   36.00000   35.00000  2.78%   0.0 2130s
 5638804     1   35.00000 5636934    4   36.00000   35.00000  2.78%   0.0 2135s
 5645536     1   35.00000 5643666    4   36.00000   35.00000  2.78%   0.0 2140s
 5652268     1   35.00000 5650398    4   36.00000   35.00000  2.78%   0.0 2145s
 5659000     1   35.00000 5657130    4   36.00000   35.00000  2.78%   0.0 2150s
 5665171     1   35.00000 5663301    4   36.00000   35.00000  2.78%   0.0 2155s
 5671903     1   35.00000 5670033    4   36.00000   35.00000  2.78%   0.0 2160s
 5678635     1   35.00000 5676765    4   36.00000   35.00000  2.78%   0.0 2165s
 5685367     1   35.00000 5683497    4   36.00000   35.00000  2.78%   0.0 2170s
 5692099     1   35.00000 5690229    4   36.00000   35.00000  2.78%   0.0 2175s
 5698831     1   35.00000 5696961    4   36.00000   35.00000  2.78%   0.0 2180s
 5705563     1   35.00000 5703693    4   36.00000   35.00000  2.78%   0.0 2185s
 5711734     1   35.00000 5709864    4   36.00000   35.00000  2.78%   0.0 2190s
 5718466     1   35.00000 5716596    4   36.00000   35.00000  2.78%   0.0 2195s
 5725198     1   35.00000 5723328    4   36.00000   35.00000  2.78%   0.0 2200s
 5731930     1   35.00000 5730060    4   36.00000   35.00000  2.78%   0.0 2205s
 5738662     1   35.00000 5736792    4   36.00000   35.00000  2.78%   0.0 2210s
 5744833     1   35.00000 5742963    4   36.00000   35.00000  2.78%   0.0 2215s
 5751565     1   35.00000 5749695    4   36.00000   35.00000  2.78%   0.0 2220s
 5758297     1   35.00000 5756427    4   36.00000   35.00000  2.78%   0.0 2225s
 5764468     1   35.00000 5762598    4   36.00000   35.00000  2.78%   0.0 2230s
 5771200     1   35.00000 5769330    4   36.00000   35.00000  2.78%   0.0 2235s
 5777932     1   35.00000 5776062    4   36.00000   35.00000  2.78%   0.0 2240s
 5784103     1   35.00000 5782233    4   36.00000   35.00000  2.78%   0.0 2245s
 5790835     1   35.00000 5788965    4   36.00000   35.00000  2.78%   0.0 2250s
 5797567     1   35.00000 5795697    4   36.00000   35.00000  2.78%   0.0 2255s
 5803738     1   35.00000 5801868    4   36.00000   35.00000  2.78%   0.0 2260s
 5810470     1   35.00000 5808600    4   36.00000   35.00000  2.78%   0.0 2265s
 5817202     1   35.00000 5815332    4   36.00000   35.00000  2.78%   0.0 2270s
 5823373     1   35.00000 5821503    4   36.00000   35.00000  2.78%   0.0 2275s
 5830105     1   35.00000 5828235    4   36.00000   35.00000  2.78%   0.0 2280s
 5836276     1   35.00000 5834406    4   36.00000   35.00000  2.78%   0.0 2285s
 5843008     1   35.00000 5841138    4   36.00000   35.00000  2.78%   0.0 2290s
 5849179     1   35.00000 5847309    4   36.00000   35.00000  2.78%   0.0 2295s
 5855911     1   35.00000 5854041    4   36.00000   35.00000  2.78%   0.0 2300s
 5862082     1   35.00000 5860212    4   36.00000   35.00000  2.78%   0.0 2305s
 5868814     1   35.00000 5866944    4   36.00000   35.00000  2.78%   0.0 2310s
 5875546     1   35.00000 5873676    4   36.00000   35.00000  2.78%   0.0 2315s
 5881717     1   35.00000 5879847    4   36.00000   35.00000  2.78%   0.0 2320s
 5888449     1   35.00000 5886579    4   36.00000   35.00000  2.78%   0.0 2325s
 5894620     1   35.00000 5892750    4   36.00000   35.00000  2.78%   0.0 2330s
 5901352     1   35.00000 5899482    4   36.00000   35.00000  2.78%   0.0 2335s
 5907523     1   35.00000 5905653    4   36.00000   35.00000  2.78%   0.0 2340s
 5913694     1   35.00000 5911824    4   36.00000   35.00000  2.78%   0.0 2345s
 5920426     1   35.00000 5918556    4   36.00000   35.00000  2.78%   0.0 2350s
 5926597     1   35.00000 5924727    4   36.00000   35.00000  2.78%   0.0 2355s
 5933329     1   35.00000 5931459    4   36.00000   35.00000  2.78%   0.0 2360s
 5939500     1   35.00000 5937630    4   36.00000   35.00000  2.78%   0.0 2365s
 5945671     1   35.00000 5943801    4   36.00000   35.00000  2.78%   0.0 2370s
 5952403     1   35.00000 5950533    4   36.00000   35.00000  2.78%   0.0 2375s
 5958574     1   35.00000 5956704    4   36.00000   35.00000  2.78%   0.0 2380s
 5965306     1   35.00000 5963436    4   36.00000   35.00000  2.78%   0.0 2385s
 5971477     1   35.00000 5969607    4   36.00000   35.00000  2.78%   0.0 2390s
 5977648     1   35.00000 5975778    4   36.00000   35.00000  2.78%   0.0 2395s
 5983819     1   35.00000 5981949    4   36.00000   35.00000  2.78%   0.0 2400s
 5990551     1   35.00000 5988681    4   36.00000   35.00000  2.78%   0.0 2405s
 5996722     1   35.00000 5994852    4   36.00000   35.00000  2.78%   0.0 2410s
 6002893     1   35.00000 6001023    4   36.00000   35.00000  2.78%   0.0 2415s
 6009064     1   35.00000 6007194    4   36.00000   35.00000  2.78%   0.0 2420s
 6015796     1   35.00000 6013926    4   36.00000   35.00000  2.78%   0.0 2425s
 6021967     1   35.00000 6020097    4   36.00000   35.00000  2.78%   0.0 2430s
 6028699     1   35.00000 6026829    4   36.00000   35.00000  2.78%   0.0 2435s
 6034870     1   35.00000 6033000    4   36.00000   35.00000  2.78%   0.0 2440s
 6041602     1   35.00000 6039732    4   36.00000   35.00000  2.78%   0.0 2445s
 6047773     1   35.00000 6045903    4   36.00000   35.00000  2.78%   0.0 2450s
 6054505     1   35.00000 6052635    4   36.00000   35.00000  2.78%   0.0 2455s
 6060676     1   35.00000 6058806    4   36.00000   35.00000  2.78%   0.0 2460s
 6067408     1   35.00000 6065538    4   36.00000   35.00000  2.78%   0.0 2465s
 6073579     1   35.00000 6071709    4   36.00000   35.00000  2.78%   0.0 2470s
 6079750     1   35.00000 6077880    4   36.00000   35.00000  2.78%   0.0 2475s
 6086482     1   35.00000 6084612    4   36.00000   35.00000  2.78%   0.0 2480s
 6092653     1   35.00000 6090783    4   36.00000   35.00000  2.78%   0.0 2485s
 6099385     1   35.00000 6097515    4   36.00000   35.00000  2.78%   0.0 2490s
 6105556     1   35.00000 6103686    4   36.00000   35.00000  2.78%   0.0 2495s
 6111727     1   35.00000 6109857    4   36.00000   35.00000  2.78%   0.0 2500s
 6118459     1   35.00000 6116589    4   36.00000   35.00000  2.78%   0.0 2505s
 6124630     1   35.00000 6122760    4   36.00000   35.00000  2.78%   0.0 2510s
 6130801     1   35.00000 6128931    4   36.00000   35.00000  2.78%   0.0 2515s
 6137533     1   35.00000 6135663    4   36.00000   35.00000  2.78%   0.0 2520s
 6143704     1   35.00000 6141834    4   36.00000   35.00000  2.78%   0.0 2525s
 6149875     1   35.00000 6148005    4   36.00000   35.00000  2.78%   0.0 2530s
 6156607     1   35.00000 6154737    4   36.00000   35.00000  2.78%   0.0 2535s
 6162778     1   35.00000 6160908    4   36.00000   35.00000  2.78%   0.0 2540s
 6168949     1   35.00000 6167079    4   36.00000   35.00000  2.78%   0.0 2545s
 6175120     1   35.00000 6173250    4   36.00000   35.00000  2.78%   0.0 2550s
 6181291     1   35.00000 6179421    4   36.00000   35.00000  2.78%   0.0 2555s
 6188023     1   35.00000 6186153    4   36.00000   35.00000  2.78%   0.0 2560s
 6194194     1   35.00000 6192324    4   36.00000   35.00000  2.78%   0.0 2565s
 6200365     1   35.00000 6198495    4   36.00000   35.00000  2.78%   0.0 2570s
 6206536     1   35.00000 6204666    4   36.00000   35.00000  2.78%   0.0 2575s
 6212707     1   35.00000 6210837    4   36.00000   35.00000  2.78%   0.0 2580s
 6219439     1   35.00000 6217569    4   36.00000   35.00000  2.78%   0.0 2585s
 6225610     1   35.00000 6223740    4   36.00000   35.00000  2.78%   0.0 2590s
 6231781     1   35.00000 6229911    4   36.00000   35.00000  2.78%   0.0 2595s
 6237952     1   35.00000 6236082    4   36.00000   35.00000  2.78%   0.0 2600s
 6244123     1   35.00000 6242253    4   36.00000   35.00000  2.78%   0.0 2605s
 6250294     1   35.00000 6248424    4   36.00000   35.00000  2.78%   0.0 2610s
 6256465     1   35.00000 6254595    4   36.00000   35.00000  2.78%   0.0 2615s
 6263197     1   35.00000 6261327    4   36.00000   35.00000  2.78%   0.0 2620s
 6269368     1   35.00000 6267498    4   36.00000   35.00000  2.78%   0.0 2625s
 6275539     1   35.00000 6273669    4   36.00000   35.00000  2.78%   0.0 2630s
 6281710     1   35.00000 6279840    4   36.00000   35.00000  2.78%   0.0 2635s
 6287881     1   35.00000 6286011    4   36.00000   35.00000  2.78%   0.0 2640s
 6294052     1   35.00000 6292182    4   36.00000   35.00000  2.78%   0.0 2645s
 6300223     1   35.00000 6298353    4   36.00000   35.00000  2.78%   0.0 2650s
 6306394     1   35.00000 6304524    4   36.00000   35.00000  2.78%   0.0 2655s
 6312565     1   35.00000 6310695    4   36.00000   35.00000  2.78%   0.0 2660s
 6318736     1   35.00000 6316866    4   36.00000   35.00000  2.78%   0.0 2665s
 6324907     1   35.00000 6323037    4   36.00000   35.00000  2.78%   0.0 2670s
 6331078     1   35.00000 6329208    4   36.00000   35.00000  2.78%   0.0 2675s
 6337249     1   35.00000 6335379    4   36.00000   35.00000  2.78%   0.0 2680s
 6343420     1   35.00000 6341550    4   36.00000   35.00000  2.78%   0.0 2685s
 6349591     1   35.00000 6347721    4   36.00000   35.00000  2.78%   0.0 2690s
 6355762     1   35.00000 6353892    4   36.00000   35.00000  2.78%   0.0 2695s
 6361933     1   35.00000 6360063    4   36.00000   35.00000  2.78%   0.0 2700s
 6368104     1   35.00000 6366234    4   36.00000   35.00000  2.78%   0.0 2705s
 6374275     1   35.00000 6372405    4   36.00000   35.00000  2.78%   0.0 2710s
 6379885     1   35.00000 6378015    4   36.00000   35.00000  2.78%   0.0 2715s
 6386056     1   35.00000 6384186    4   36.00000   35.00000  2.78%   0.0 2720s
 6392227     1   35.00000 6390357    4   36.00000   35.00000  2.78%   0.0 2725s
 6398398     1   35.00000 6396528    4   36.00000   35.00000  2.78%   0.0 2730s
 6404008     1   35.00000 6402138    4   36.00000   35.00000  2.78%   0.0 2735s
 6410179     1   35.00000 6408309    4   36.00000   35.00000  2.78%   0.0 2740s
 6415789     1   35.00000 6413919    4   36.00000   35.00000  2.78%   0.0 2745s
 6421960     1   35.00000 6420090    4   36.00000   35.00000  2.78%   0.0 2750s
 6428131     1   35.00000 6426261    4   36.00000   35.00000  2.78%   0.0 2755s
 6433741     1   35.00000 6431871    4   36.00000   35.00000  2.78%   0.0 2760s
 6439912     1   35.00000 6438042    4   36.00000   35.00000  2.78%   0.0 2765s
 6445522     1   35.00000 6443652    4   36.00000   35.00000  2.78%   0.0 2770s
 6451693     1   35.00000 6449823    4   36.00000   35.00000  2.78%   0.0 2775s
 6457303     1   35.00000 6455433    4   36.00000   35.00000  2.78%   0.0 2780s
 6463474     1   35.00000 6461604    4   36.00000   35.00000  2.78%   0.0 2785s
 6469084     1   35.00000 6467214    4   36.00000   35.00000  2.78%   0.0 2790s
 6475255     1   35.00000 6473385    4   36.00000   35.00000  2.78%   0.0 2795s
 6480865     1   35.00000 6478995    4   36.00000   35.00000  2.78%   0.0 2800s
 6487036     1   35.00000 6485166    4   36.00000   35.00000  2.78%   0.0 2805s
 6492646     1   35.00000 6490776    4   36.00000   35.00000  2.78%   0.0 2810s
 6498817     1   35.00000 6496947    4   36.00000   35.00000  2.78%   0.0 2815s
 6504427     1   35.00000 6502557    4   36.00000   35.00000  2.78%   0.0 2820s
 6510598     1   35.00000 6508728    4   36.00000   35.00000  2.78%   0.0 2825s
 6516208     1   35.00000 6514338    4   36.00000   35.00000  2.78%   0.0 2830s
 6521818     1   35.00000 6519948    4   36.00000   35.00000  2.78%   0.0 2835s
 6527989     1   35.00000 6526119    4   36.00000   35.00000  2.78%   0.0 2840s
 6533599     1   35.00000 6531729    4   36.00000   35.00000  2.78%   0.0 2845s
 6539209     1   35.00000 6537339    4   36.00000   35.00000  2.78%   0.0 2850s
 6545380     1   35.00000 6543510    4   36.00000   35.00000  2.78%   0.0 2855s
 6550990     1   35.00000 6549120    4   36.00000   35.00000  2.78%   0.0 2860s
 6557161     1   35.00000 6555291    4   36.00000   35.00000  2.78%   0.0 2865s
 6562771     1   35.00000 6560901    4   36.00000   35.00000  2.78%   0.0 2870s
 6568381     1   35.00000 6566511    4   36.00000   35.00000  2.78%   0.0 2875s
 6574552     1   35.00000 6572682    4   36.00000   35.00000  2.78%   0.0 2880s
 6580162     1   35.00000 6578292    4   36.00000   35.00000  2.78%   0.0 2885s
 6585772     1   35.00000 6583902    4   36.00000   35.00000  2.78%   0.0 2890s
 6591382     1   35.00000 6589512    4   36.00000   35.00000  2.78%   0.0 2895s
 6597553     1   35.00000 6595683    4   36.00000   35.00000  2.78%   0.0 2900s
 6603163     1   35.00000 6601293    4   36.00000   35.00000  2.78%   0.0 2905s
 6608773     1   35.00000 6606903    4   36.00000   35.00000  2.78%   0.0 2910s
 6614944     1   35.00000 6613074    4   36.00000   35.00000  2.78%   0.0 2915s
 6620554     1   35.00000 6618684    4   36.00000   35.00000  2.78%   0.0 2920s
 6626164     1   35.00000 6624294    4   36.00000   35.00000  2.78%   0.0 2925s
 6631774     1   35.00000 6629904    4   36.00000   35.00000  2.78%   0.0 2930s
 6637945     1   35.00000 6636075    4   36.00000   35.00000  2.78%   0.0 2935s
 6643555     1   35.00000 6641685    4   36.00000   35.00000  2.78%   0.0 2940s
 6649165     1   35.00000 6647295    4   36.00000   35.00000  2.78%   0.0 2945s
 6654775     1   35.00000 6652905    4   36.00000   35.00000  2.78%   0.0 2950s
 6660385     1   35.00000 6658515    4   36.00000   35.00000  2.78%   0.0 2955s
 6666556     1   35.00000 6664686    4   36.00000   35.00000  2.78%   0.0 2960s
 6672166     1   35.00000 6670296    4   36.00000   35.00000  2.78%   0.0 2965s
 6677776     1   35.00000 6675906    4   36.00000   35.00000  2.78%   0.0 2970s
 6683386     1   35.00000 6681516    4   36.00000   35.00000  2.78%   0.0 2975s
 6688996     1   35.00000 6687126    4   36.00000   35.00000  2.78%   0.0 2980s
 6695167     1   35.00000 6693297    4   36.00000   35.00000  2.78%   0.0 2985s
 6700777     1   35.00000 6698907    4   36.00000   35.00000  2.78%   0.0 2990s
 6706387     1   35.00000 6704517    4   36.00000   35.00000  2.78%   0.0 2995s
 6711997     1   35.00000 6710127    4   36.00000   35.00000  2.78%   0.0 3000s
 6717607     1   35.00000 6715737    4   36.00000   35.00000  2.78%   0.0 3005s
 6723217     1   35.00000 6721347    4   36.00000   35.00000  2.78%   0.0 3010s
 6728827     1   35.00000 6726957    4   36.00000   35.00000  2.78%   0.0 3015s
 6734437     1   35.00000 6732567    4   36.00000   35.00000  2.78%   0.0 3020s
 6740047     1   35.00000 6738177    4   36.00000   35.00000  2.78%   0.0 3025s
 6745657     1   35.00000 6743787    4   36.00000   35.00000  2.78%   0.0 3030s
 6751267     1   35.00000 6749397    4   36.00000   35.00000  2.78%   0.0 3035s
 6756877     1   35.00000 6755007    4   36.00000   35.00000  2.78%   0.0 3040s
 6762487     1   35.00000 6760617    4   36.00000   35.00000  2.78%   0.0 3045s
 6768658     1   35.00000 6766788    4   36.00000   35.00000  2.78%   0.0 3050s
 6774268     1   35.00000 6772398    4   36.00000   35.00000  2.78%   0.0 3055s
 6779878     1   35.00000 6778008    4   36.00000   35.00000  2.78%   0.0 3060s
 6785488     1   35.00000 6783618    4   36.00000   35.00000  2.78%   0.0 3065s
 6791098     1   35.00000 6789228    4   36.00000   35.00000  2.78%   0.0 3070s
 6796708     1   35.00000 6794838    4   36.00000   35.00000  2.78%   0.0 3075s
 6802318     1   35.00000 6800448    4   36.00000   35.00000  2.78%   0.0 3080s
 6807928     1   35.00000 6806058    4   36.00000   35.00000  2.78%   0.0 3085s
 6813538     1   35.00000 6811668    4   36.00000   35.00000  2.78%   0.0 3090s
 6819148     1   35.00000 6817278    4   36.00000   35.00000  2.78%   0.0 3095s
 6824758     1   35.00000 6822888    4   36.00000   35.00000  2.78%   0.0 3100s
 6830368     1   35.00000 6828498    4   36.00000   35.00000  2.78%   0.0 3105s
 6835978     1   35.00000 6834108    4   36.00000   35.00000  2.78%   0.0 3110s
 6841588     1   35.00000 6839718    4   36.00000   35.00000  2.78%   0.0 3115s
 6847198     1   35.00000 6845328    4   36.00000   35.00000  2.78%   0.0 3120s
 6852808     1   35.00000 6850938    4   36.00000   35.00000  2.78%   0.0 3125s
 6857857     1   35.00000 6855987    4   36.00000   35.00000  2.78%   0.0 3130s
 6863467     1   35.00000 6861597    4   36.00000   35.00000  2.78%   0.0 3135s
 6869077     1   35.00000 6867207    4   36.00000   35.00000  2.78%   0.0 3140s
 6874687     1   35.00000 6872817    4   36.00000   35.00000  2.78%   0.0 3145s
 6880297     1   35.00000 6878427    4   36.00000   35.00000  2.78%   0.0 3150s
 6885907     1   35.00000 6884037    4   36.00000   35.00000  2.78%   0.0 3155s
 6891517     1   35.00000 6889647    4   36.00000   35.00000  2.78%   0.0 3160s
 6897127     1   35.00000 6895257    4   36.00000   35.00000  2.78%   0.0 3165s
 6902176     1   35.00000 6900306    4   36.00000   35.00000  2.78%   0.0 3170s
 6907786     1   35.00000 6905916    4   36.00000   35.00000  2.78%   0.0 3175s
 6913396     1   35.00000 6911526    4   36.00000   35.00000  2.78%   0.0 3180s
 6919006     1   35.00000 6917136    4   36.00000   35.00000  2.78%   0.0 3185s
 6924616     1   35.00000 6922746    4   36.00000   35.00000  2.78%   0.0 3190s
 6929665     1   35.00000 6927795    4   36.00000   35.00000  2.78%   0.0 3195s
 6935275     1   35.00000 6933405    4   36.00000   35.00000  2.78%   0.0 3200s
 6940885     1   35.00000 6939015    4   36.00000   35.00000  2.78%   0.0 3205s
 6946495     1   35.00000 6944625    4   36.00000   35.00000  2.78%   0.0 3210s
 6952105     1   35.00000 6950235    4   36.00000   35.00000  2.78%   0.0 3215s
 6957154     1   35.00000 6955284    4   36.00000   35.00000  2.78%   0.0 3220s
 6962764     1   35.00000 6960894    4   36.00000   35.00000  2.78%   0.0 3225s
 6968374     1   35.00000 6966504    4   36.00000   35.00000  2.78%   0.0 3230s
 6973984     1   35.00000 6972114    4   36.00000   35.00000  2.78%   0.0 3235s
 6979033     1   35.00000 6977163    4   36.00000   35.00000  2.78%   0.0 3240s
 6984643     1   35.00000 6982773    4   36.00000   35.00000  2.78%   0.0 3245s
 6990253     1   35.00000 6988383    4   36.00000   35.00000  2.78%   0.0 3250s
 6995863     1   35.00000 6993993    4   36.00000   35.00000  2.78%   0.0 3255s
 7000912     1   35.00000 6999042    4   36.00000   35.00000  2.78%   0.0 3260s
 7006522     1   35.00000 7004652    4   36.00000   35.00000  2.78%   0.0 3265s
 7012132     1   35.00000 7010262    4   36.00000   35.00000  2.78%   0.0 3270s
 7017181     1   35.00000 7015311    4   36.00000   35.00000  2.78%   0.0 3275s
 7022791     1   35.00000 7020921    4   36.00000   35.00000  2.78%   0.0 3280s
 7028401     1   35.00000 7026531    4   36.00000   35.00000  2.78%   0.0 3285s
 7034011     1   35.00000 7032141    4   36.00000   35.00000  2.78%   0.0 3290s
 7039060     1   35.00000 7037190    4   36.00000   35.00000  2.78%   0.0 3295s
 7044670     1   35.00000 7042800    4   36.00000   35.00000  2.78%   0.0 3300s
 7050280     1   35.00000 7048410    4   36.00000   35.00000  2.78%   0.0 3305s
 7055329     1   35.00000 7053459    4   36.00000   35.00000  2.78%   0.0 3310s
 7060939     1   35.00000 7059069    4   36.00000   35.00000  2.78%   0.0 3315s
 7066549     1   35.00000 7064679    4   36.00000   35.00000  2.78%   0.0 3320s
 7071598     1   35.00000 7069728    4   36.00000   35.00000  2.78%   0.0 3325s
 7077208     1   35.00000 7075338    4   36.00000   35.00000  2.78%   0.0 3330s
 7082818     1   35.00000 7080948    4   36.00000   35.00000  2.78%   0.0 3335s
 7088428     1   35.00000 7086558    4   36.00000   35.00000  2.78%   0.0 3340s
 7094038     1   35.00000 7092168    4   36.00000   35.00000  2.78%   0.0 3345s
 7099087     1   35.00000 7097217    4   36.00000   35.00000  2.78%   0.0 3350s
 7104697     1   35.00000 7102827    4   36.00000   35.00000  2.78%   0.0 3355s
 7110307     1   35.00000 7108437    4   36.00000   35.00000  2.78%   0.0 3360s
 7115917     1   35.00000 7114047    4   36.00000   35.00000  2.78%   0.0 3365s
 7121527     1   35.00000 7119657    4   36.00000   35.00000  2.78%   0.0 3370s
 7126576     1   35.00000 7124706    4   36.00000   35.00000  2.78%   0.0 3375s
 7132186     1   35.00000 7130316    4   36.00000   35.00000  2.78%   0.0 3380s
 7137796     1   35.00000 7135926    4   36.00000   35.00000  2.78%   0.0 3385s
 7143406     1   35.00000 7141536    4   36.00000   35.00000  2.78%   0.0 3390s
 7149016     1   35.00000 7147146    4   36.00000   35.00000  2.78%   0.0 3395s
 7154065     1   35.00000 7152195    4   36.00000   35.00000  2.78%   0.0 3400s
 7159675     1   35.00000 7157805    4   36.00000   35.00000  2.78%   0.0 3405s
 7165285     1   35.00000 7163415    4   36.00000   35.00000  2.78%   0.0 3410s
 7170334     1   35.00000 7168464    4   36.00000   35.00000  2.78%   0.0 3415s
 7175944     1   35.00000 7174074    4   36.00000   35.00000  2.78%   0.0 3420s
 7181554     1   35.00000 7179684    4   36.00000   35.00000  2.78%   0.0 3425s
 7187164     1   35.00000 7185294    4   36.00000   35.00000  2.78%   0.0 3430s
 7192213     1   35.00000 7190343    4   36.00000   35.00000  2.78%   0.0 3435s
 7197823     1   35.00000 7195953    4   36.00000   35.00000  2.78%   0.0 3440s
 7203433     1   35.00000 7201563    4   36.00000   35.00000  2.78%   0.0 3445s
 7208482     1   35.00000 7206612    4   36.00000   35.00000  2.78%   0.0 3450s
 7214092     1   35.00000 7212222    4   36.00000   35.00000  2.78%   0.0 3455s
 7219702     1   35.00000 7217832    4   36.00000   35.00000  2.78%   0.0 3460s
 7224751     1   35.00000 7222881    4   36.00000   35.00000  2.78%   0.0 3465s
 7230361     1   35.00000 7228491    4   36.00000   35.00000  2.78%   0.0 3470s
 7235971     1   35.00000 7234101    4   36.00000   35.00000  2.78%   0.0 3475s
 7241020     1   35.00000 7239150    4   36.00000   35.00000  2.78%   0.0 3480s
 7246630     1   35.00000 7244760    4   36.00000   35.00000  2.78%   0.0 3485s
 7252240     1   35.00000 7250370    4   36.00000   35.00000  2.78%   0.0 3490s
 7257289     1   35.00000 7255419    4   36.00000   35.00000  2.78%   0.0 3495s
 7262899     1   35.00000 7261029    4   36.00000   35.00000  2.78%   0.0 3500s
 7268509     1   35.00000 7266639    4   36.00000   35.00000  2.78%   0.0 3505s
 7273558     1   35.00000 7271688    4   36.00000   35.00000  2.78%   0.0 3510s
 7279168     1   35.00000 7277298    4   36.00000   35.00000  2.78%   0.0 3515s
 7284217     1   35.00000 7282347    4   36.00000   35.00000  2.78%   0.0 3520s
 7289827     1   35.00000 7287957    4   36.00000   35.00000  2.78%   0.0 3525s
 7294876     1   35.00000 7293006    4   36.00000   35.00000  2.78%   0.0 3530s
 7300486     1   35.00000 7298616    4   36.00000   35.00000  2.78%   0.0 3535s
 7306096     1   35.00000 7304226    4   36.00000   35.00000  2.78%   0.0 3540s
 7311145     1   35.00000 7309275    4   36.00000   35.00000  2.78%   0.0 3545s
 7316755     1   35.00000 7314885    4   36.00000   35.00000  2.78%   0.0 3550s
 7321804     1   35.00000 7319934    4   36.00000   35.00000  2.78%   0.0 3555s
 7327414     1   35.00000 7325544    4   36.00000   35.00000  2.78%   0.0 3560s
 7332463     1   35.00000 7330593    4   36.00000   35.00000  2.78%   0.0 3565s
 7338073     1   35.00000 7336203    4   36.00000   35.00000  2.78%   0.0 3570s
 7343122     1   35.00000 7341252    4   36.00000   35.00000  2.78%   0.0 3575s
 7348732     1   35.00000 7346862    4   36.00000   35.00000  2.78%   0.0 3580s
 7353781     1   35.00000 7351911    4   36.00000   35.00000  2.78%   0.0 3585s
 7359391     1   35.00000 7357521    4   36.00000   35.00000  2.78%   0.0 3590s
 7364440     1   35.00000 7362570    4   36.00000   35.00000  2.78%   0.0 3595s

Cutting planes:
  Learned: 14
  Cover: 3
  MIR: 12
  Flow cover: 8

Explored 7370050 nodes (544 simplex iterations) in 3600.57 seconds (164.41 work units)
Thread count was 16 (of 16 available processors)

Solution count 6: 36 37 38 ... 65

Time limit reached
Best objective 3.600000000000e+01, best bound 3.500000000000e+01, gap 2.7778%
Warning: constraint name "precedence between 0,1 to 0,0 if x_[j,l,h,z,i]=1" has a space
Warning: constraint name "precedence between 0,1 to 0,0 if x_[j,l,h,z,i]=1" has a space
Warning: default constraint names used to write mps file
