
Gurobi 10.0.1 (win64) logging started Sat Aug 26 22:38:18 2023

Set parameter LogFile to value "results//log/URT_10_makespan.log"
Gurobi Optimizer version 10.0.1 build v10.0.1rc0 (win64)

CPU model: AMD Ryzen 7 3700X 8-Core Processor, instruction set [SSE2|AVX|AVX2]
Thread count: 8 physical cores, 16 logical processors, using up to 16 threads

Optimize a model with 217 rows, 193 columns and 823 nonzeros
Model fingerprint: 0x1bdf6ab8
Variable types: 24 continuous, 169 integer (168 binary)
Coefficient statistics:
  Matrix range     [1e+00, 1e+06]
  Objective range  [1e+00, 1e+00]
  Bounds range     [1e+00, 1e+00]
  RHS range        [1e+00, 3e+06]
Found heuristic solution: objective 114.0000000
Presolve removed 42 rows and 106 columns
Presolve time: 0.01s
Presolved: 175 rows, 87 columns, 753 nonzeros
Variable types: 24 continuous, 63 integer (62 binary)

Root relaxation: objective 3.800000e+01, 29 iterations, 0.00 seconds (0.00 work units)

    Nodes    |    Current Node    |     Objective Bounds      |     Work
 Expl Unexpl |  Obj  Depth IntInf | Incumbent    BestBd   Gap | It/Node Time

     0     0   38.00000    0    6  114.00000   38.00000  66.7%     -    0s
H    0     0                      97.0000000   38.00000  60.8%     -    0s
H    0     0                      91.0000000   38.00000  58.2%     -    0s
H    0     0                      90.0000000   38.00000  57.8%     -    0s
H    0     0                      84.0000000   38.00000  54.8%     -    0s
H    0     0                      83.0000000   38.00000  54.2%     -    0s
     0     0   38.00000    0    5   83.00000   38.00000  54.2%     -    0s
H    0     0                      72.0000000   38.00000  47.2%     -    0s
H    0     0                      71.0000000   38.00000  46.5%     -    0s
     0     0   39.00000    0   13   71.00000   39.00000  45.1%     -    0s
     0     0   40.00000    0    8   71.00000   40.00000  43.7%     -    0s
     0     0   40.00000    0    7   71.00000   40.00000  43.7%     -    0s
H    0     0                      70.0000000   40.00000  42.9%     -    0s
H    0     0                      67.0000000   40.00000  40.3%     -    0s
     0     0   40.93818    0    8   67.00000   40.93818  38.9%     -    0s
     0     0   41.00000    0   10   67.00000   41.00000  38.8%     -    0s
     0     0   41.00000    0   12   67.00000   41.00000  38.8%     -    0s
     0     0   41.00001    0   11   67.00000   41.00001  38.8%     -    0s
     0     0   41.00001    0   11   67.00000   41.00001  38.8%     -    0s
     0     0   41.83334    0    7   67.00000   41.83334  37.6%     -    0s
     0     0   42.00000    0   10   67.00000   42.00000  37.3%     -    0s
     0     0   42.00000    0    8   67.00000   42.00000  37.3%     -    0s
     0     0   42.00000    0   19   67.00000   42.00000  37.3%     -    0s
     0     0   42.00000    0   18   67.00000   42.00000  37.3%     -    0s
     0     0   42.00000    0   20   67.00000   42.00000  37.3%     -    0s
     0     0   42.00001    0   19   67.00000   42.00001  37.3%     -    0s
     0     0   42.26316    0   19   67.00000   42.26316  36.9%     -    0s
     0     0   42.26316    0   19   67.00000   42.26316  36.9%     -    0s
     0     0   42.26316    0   19   67.00000   42.26316  36.9%     -    0s
     0     0   42.29610    0   20   67.00000   42.29610  36.9%     -    0s
     0     0   42.29610    0   15   67.00000   42.29610  36.9%     -    0s
     0     1   42.29610    0   15   67.00000   42.29610  36.9%     -    0s
 172462     1   63.00000 170719    3   67.00000   63.00000  5.97%   0.1    5s
 295273     1   63.00000 293530    3   67.00000   63.00000  5.97%   0.0   10s
 391083     1   63.00000 389340    3   67.00000   63.00000  5.97%   0.0   15s
 472957     1   63.00000 471214    3   67.00000   63.00000  5.97%   0.0   20s
 542637     1   63.00000 540894    3   67.00000   63.00000  5.97%   0.0   25s
 607091     1   63.00000 605348    3   67.00000   63.00000  5.97%   0.0   30s
 666319     1   63.00000 664576    3   67.00000   63.00000  5.97%   0.0   35s
 720321     1   63.00000 718578    3   67.00000   63.00000  5.97%   0.0   40s
 771710     1   63.00000 769967    3   67.00000   63.00000  5.97%   0.0   45s
 820486     1   63.00000 818743    3   67.00000   63.00000  5.97%   0.0   50s
 867520     1   63.00000 865777    3   67.00000   63.00000  5.97%   0.0   55s
 911941     1   63.00000 910198    3   67.00000   63.00000  5.97%   0.0   60s
 955491     1   63.00000 953748    3   67.00000   63.00000  5.97%   0.0   65s
 995557     1   63.00000 993814    3   67.00000   63.00000  5.97%   0.0   70s
 1034752     1   63.00000 1033009    3   67.00000   63.00000  5.97%   0.0   75s
 1073076     1   63.00000 1071333    3   67.00000   63.00000  5.97%   0.0   80s
 1111400     1   63.00000 1109657    3   67.00000   63.00000  5.97%   0.0   85s
 1147982     1   63.00000 1146239    3   67.00000   63.00000  5.97%   0.0   90s
 1183693     1   63.00000 1181950    3   67.00000   63.00000  5.97%   0.0   95s
 1217662     1   63.00000 1215919    3   67.00000   63.00000  5.97%   0.0  100s
 1252502     1   63.00000 1250759    3   67.00000   63.00000  5.97%   0.0  105s
 1285600     1   63.00000 1283857    3   67.00000   63.00000  5.97%   0.0  110s
 1318698     1   63.00000 1316955    3   67.00000   63.00000  5.97%   0.0  115s
 1350054     1   63.00000 1348311    3   67.00000   63.00000  5.97%   0.0  120s
 1381410     1   63.00000 1379667    3   67.00000   63.00000  5.97%   0.0  125s
 1411895     1   63.00000 1410152    3   67.00000   63.00000  5.97%   0.0  130s
 1440638     1   63.00000 1438895    3   67.00000   63.00000  5.97%   0.0  135s
 1470252     1   63.00000 1468509    3   67.00000   63.00000  5.97%   0.0  140s
 1498124     1   63.00000 1496381    3   67.00000   63.00000  5.97%   0.0  145s
 1526867     1   63.00000 1525124    3   67.00000   63.00000  5.97%   0.0  150s
 1554739     1   63.00000 1552996    3   67.00000   63.00000  5.97%   0.0  155s
 1581740     1   63.00000 1579997    3   67.00000   63.00000  5.97%   0.0  160s
 1609612     1   63.00000 1607869    3   67.00000   63.00000  5.97%   0.0  165s
 1635742     1   63.00000 1633999    3   67.00000   63.00000  5.97%   0.0  170s
 1662743     1   63.00000 1661000    3   67.00000   63.00000  5.97%   0.0  175s
 1688873     1   63.00000 1687130    3   67.00000   63.00000  5.97%   0.0  180s
 1714132     1   63.00000 1712389    3   67.00000   63.00000  5.97%   0.0  185s
 1739391     1   63.00000 1737648    3   67.00000   63.00000  5.97%   0.0  190s
 1764650     1   63.00000 1762907    3   67.00000   63.00000  5.97%   0.0  195s
 1788167     1   63.00000 1786424    3   67.00000   63.00000  5.97%   0.0  200s
 1812555     1   63.00000 1810812    3   67.00000   63.00000  5.97%   0.0  205s
 1836943     1   63.00000 1835200    3   67.00000   63.00000  5.97%   0.0  210s
 1860460     1   63.00000 1858717    3   67.00000   63.00000  5.97%   0.0  215s
 1883106     1   63.00000 1881363    3   67.00000   63.00000  5.97%   0.0  220s
 1906623     1   63.00000 1904880    3   67.00000   63.00000  5.97%   0.0  225s
 1930140     1   63.00000 1928397    3   67.00000   63.00000  5.97%   0.0  230s
 1952786     1   63.00000 1951043    3   67.00000   63.00000  5.97%   0.0  235s
 1975432     1   63.00000 1973689    3   67.00000   63.00000  5.97%   0.0  240s
 1998078     1   63.00000 1996335    3   67.00000   63.00000  5.97%   0.0  245s
 2019853     1   63.00000 2018110    3   67.00000   63.00000  5.97%   0.0  250s
 2041628     1   63.00000 2039885    3   67.00000   63.00000  5.97%   0.0  255s
 2062532     1   63.00000 2060789    3   67.00000   63.00000  5.97%   0.0  260s
 2083436     1   63.00000 2081693    3   67.00000   63.00000  5.97%   0.0  265s
 2104340     1   63.00000 2102597    3   67.00000   63.00000  5.97%   0.0  270s
 2126115     1   63.00000 2124372    3   67.00000   63.00000  5.97%   0.0  275s
 2147019     1   63.00000 2145276    3   67.00000   63.00000  5.97%   0.0  280s
 2167052     1   63.00000 2165309    3   67.00000   63.00000  5.97%   0.0  285s
 2187956     1   63.00000 2186213    3   67.00000   63.00000  5.97%   0.0  290s
 2208860     1   63.00000 2207117    3   67.00000   63.00000  5.97%   0.0  295s
 2228893     1   63.00000 2227150    3   67.00000   63.00000  5.97%   0.0  300s
 2248926     1   63.00000 2247183    3   67.00000   63.00000  5.97%   0.0  305s
 2268088     1   63.00000 2266345    3   67.00000   63.00000  5.97%   0.0  310s
 2288121     1   63.00000 2286378    3   67.00000   63.00000  5.97%   0.0  315s
 2307283     1   63.00000 2305540    3   67.00000   63.00000  5.97%   0.0  320s
 2326445     1   63.00000 2324702    3   67.00000   63.00000  5.97%   0.0  325s
 2345607     1   63.00000 2343864    3   67.00000   63.00000  5.97%   0.0  330s
 2363898     1   63.00000 2362155    3   67.00000   63.00000  5.97%   0.0  335s
 2383060     1   63.00000 2381317    3   67.00000   63.00000  5.97%   0.0  340s
 2401351     1   63.00000 2399608    3   67.00000   63.00000  5.97%   0.0  345s
 2419642     1   63.00000 2417899    3   67.00000   63.00000  5.97%   0.0  350s
 2438804     1   63.00000 2437061    3   67.00000   63.00000  5.97%   0.0  355s
 2457095     1   63.00000 2455352    3   67.00000   63.00000  5.97%   0.0  360s
 2475386     1   63.00000 2473643    3   67.00000   63.00000  5.97%   0.0  365s
 2493677     1   63.00000 2491934    3   67.00000   63.00000  5.97%   0.0  370s
 2511968     1   63.00000 2510225    3   67.00000   63.00000  5.97%   0.0  375s
 2530259     1   63.00000 2528516    3   67.00000   63.00000  5.97%   0.0  380s
 2547679     1   63.00000 2545936    3   67.00000   63.00000  5.97%   0.0  385s
 2565099     1   63.00000 2563356    3   67.00000   63.00000  5.97%   0.0  390s
 2582519     1   63.00000 2580776    3   67.00000   63.00000  5.97%   0.0  395s
 2599939     1   63.00000 2598196    3   67.00000   63.00000  5.97%   0.0  400s
 2617359     1   63.00000 2615616    3   67.00000   63.00000  5.97%   0.0  405s
 2634779     1   63.00000 2633036    3   67.00000   63.00000  5.97%   0.0  410s
 2652199     1   63.00000 2650456    3   67.00000   63.00000  5.97%   0.0  415s
 2668748     1   63.00000 2667005    3   67.00000   63.00000  5.97%   0.0  420s
 2685297     1   63.00000 2683554    3   67.00000   63.00000  5.97%   0.0  425s
 2702717     1   63.00000 2700974    3   67.00000   63.00000  5.97%   0.0  430s
 2719266     1   63.00000 2717523    3   67.00000   63.00000  5.97%   0.0  435s
 2735815     1   63.00000 2734072    3   67.00000   63.00000  5.97%   0.0  440s
 2752364     1   63.00000 2750621    3   67.00000   63.00000  5.97%   0.0  445s
 2768913     1   63.00000 2767170    3   67.00000   63.00000  5.97%   0.0  450s
 2784591     1   63.00000 2782848    3   67.00000   63.00000  5.97%   0.0  455s
 2801140     1   63.00000 2799397    3   67.00000   63.00000  5.97%   0.0  460s
 2816818     1   63.00000 2815075    3   67.00000   63.00000  5.97%   0.0  465s
 2833367     1   63.00000 2831624    3   67.00000   63.00000  5.97%   0.0  470s
 2849045     1   63.00000 2847302    3   67.00000   63.00000  5.97%   0.0  475s
 2864723     1   63.00000 2862980    3   67.00000   63.00000  5.97%   0.0  480s
 2881272     1   63.00000 2879529    3   67.00000   63.00000  5.97%   0.0  485s
 2896950     1   63.00000 2895207    3   67.00000   63.00000  5.97%   0.0  490s
 2912628     1   63.00000 2910885    3   67.00000   63.00000  5.97%   0.0  495s
 2928306     1   63.00000 2926563    3   67.00000   63.00000  5.97%   0.0  500s
 2943984     1   63.00000 2942241    3   67.00000   63.00000  5.97%   0.0  505s
 2958791     1   63.00000 2957048    3   67.00000   63.00000  5.97%   0.0  510s
 2974469     1   63.00000 2972726    3   67.00000   63.00000  5.97%   0.0  515s
 2989276     1   63.00000 2987533    3   67.00000   63.00000  5.97%   0.0  520s
 3004954     1   63.00000 3003211    3   67.00000   63.00000  5.97%   0.0  525s
 3019761     1   63.00000 3018018    3   67.00000   63.00000  5.97%   0.0  530s
 3034568     1   63.00000 3032825    3   67.00000   63.00000  5.97%   0.0  535s
 3049375     1   63.00000 3047632    3   67.00000   63.00000  5.97%   0.0  540s
 3065053     1   63.00000 3063310    3   67.00000   63.00000  5.97%   0.0  545s
 3079860     1   63.00000 3078117    3   67.00000   63.00000  5.97%   0.0  550s
 3094667     1   63.00000 3092924    3   67.00000   63.00000  5.97%   0.0  555s
 3109474     1   63.00000 3107731    3   67.00000   63.00000  5.97%   0.0  560s
 3124281     1   63.00000 3122538    3   67.00000   63.00000  5.97%   0.0  565s
 3139088     1   63.00000 3137345    3   67.00000   63.00000  5.97%   0.0  570s
 3153024     1   63.00000 3151281    3   67.00000   63.00000  5.97%   0.0  575s
 3167831     1   63.00000 3166088    3   67.00000   63.00000  5.97%   0.0  580s
 3182638     1   63.00000 3180895    3   67.00000   63.00000  5.97%   0.0  585s
 3196574     1   63.00000 3194831    3   67.00000   63.00000  5.97%   0.0  590s
 3210510     1   63.00000 3208767    3   67.00000   63.00000  5.97%   0.0  595s
 3224446     1   63.00000 3222703    3   67.00000   63.00000  5.97%   0.0  600s
 3239253     1   63.00000 3237510    3   67.00000   63.00000  5.97%   0.0  605s
 3253189     1   63.00000 3251446    3   67.00000   63.00000  5.97%   0.0  610s
 3267125     1   63.00000 3265382    3   67.00000   63.00000  5.97%   0.0  615s
 3281061     1   63.00000 3279318    3   67.00000   63.00000  5.97%   0.0  620s
 3295868     1   63.00000 3294125    3   67.00000   63.00000  5.97%   0.0  625s
 3309804     1   63.00000 3308061    3   67.00000   63.00000  5.97%   0.0  630s
 3323740     1   63.00000 3321997    3   67.00000   63.00000  5.97%   0.0  635s
 3337676     1   63.00000 3335933    3   67.00000   63.00000  5.97%   0.0  640s
 3352483     1   63.00000 3350740    3   67.00000   63.00000  5.97%   0.0  645s
 3365548     1   63.00000 3363805    3   67.00000   63.00000  5.97%   0.0  650s
 3380355     1   63.00000 3378612    3   67.00000   63.00000  5.97%   0.0  655s
 3393420     1   63.00000 3391677    3   67.00000   63.00000  5.97%   0.0  660s
 3407356     1   63.00000 3405613    3   67.00000   63.00000  5.97%   0.0  665s
 3421292     1   63.00000 3419549    3   67.00000   63.00000  5.97%   0.0  670s
 3435228     1   63.00000 3433485    3   67.00000   63.00000  5.97%   0.0  675s
 3449164     1   63.00000 3447421    3   67.00000   63.00000  5.97%   0.0  680s
 3462229     1   63.00000 3460486    3   67.00000   63.00000  5.97%   0.0  685s
 3476165     1   63.00000 3474422    3   67.00000   63.00000  5.97%   0.0  690s
 3490101     1   63.00000 3488358    3   67.00000   63.00000  5.97%   0.0  695s
 3503166     1   63.00000 3501423    3   67.00000   63.00000  5.97%   0.0  700s
 3517102     1   63.00000 3515359    3   67.00000   63.00000  5.97%   0.0  705s
 3530167     1   63.00000 3528424    3   67.00000   63.00000  5.97%   0.0  710s
 3543232     1   63.00000 3541489    3   67.00000   63.00000  5.97%   0.0  715s
 3556297     1   63.00000 3554554    3   67.00000   63.00000  5.97%   0.0  720s
 3570233     1   63.00000 3568490    3   67.00000   63.00000  5.97%   0.0  725s
 3583298     1   63.00000 3581555    3   67.00000   63.00000  5.97%   0.0  730s
 3596363     1   63.00000 3594620    3   67.00000   63.00000  5.97%   0.0  735s
 3609428     1   63.00000 3607685    3   67.00000   63.00000  5.97%   0.0  740s
 3622493     1   63.00000 3620750    3   67.00000   63.00000  5.97%   0.0  745s
 3635558     1   63.00000 3633815    3   67.00000   63.00000  5.97%   0.0  750s
 3648623     1   63.00000 3646880    3   67.00000   63.00000  5.97%   0.0  755s
 3661688     1   63.00000 3659945    3   67.00000   63.00000  5.97%   0.0  760s
 3674753     1   63.00000 3673010    3   67.00000   63.00000  5.97%   0.0  765s
 3687818     1   63.00000 3686075    3   67.00000   63.00000  5.97%   0.0  770s
 3700012     1   63.00000 3698269    3   67.00000   63.00000  5.97%   0.0  775s
 3713077     1   63.00000 3711334    3   67.00000   63.00000  5.97%   0.0  780s
 3726142     1   63.00000 3724399    3   67.00000   63.00000  5.97%   0.0  785s
 3738336     1   63.00000 3736593    3   67.00000   63.00000  5.97%   0.0  790s
 3751401     1   63.00000 3749658    3   67.00000   63.00000  5.97%   0.0  795s
 3763595     1   63.00000 3761852    3   67.00000   63.00000  5.97%   0.0  800s
 3776660     1   63.00000 3774917    3   67.00000   63.00000  5.97%   0.0  805s
 3788854     1   63.00000 3787111    3   67.00000   63.00000  5.97%   0.0  810s
 3801919     1   63.00000 3800176    3   67.00000   63.00000  5.97%   0.0  815s
 3814113     1   63.00000 3812370    3   67.00000   63.00000  5.97%   0.0  820s
 3827178     1   63.00000 3825435    3   67.00000   63.00000  5.97%   0.0  825s
 3839372     1   63.00000 3837629    3   67.00000   63.00000  5.97%   0.0  830s
 3851566     1   63.00000 3849823    3   67.00000   63.00000  5.97%   0.0  835s
 3863760     1   63.00000 3862017    3   67.00000   63.00000  5.97%   0.0  840s
 3875954     1   63.00000 3874211    3   67.00000   63.00000  5.97%   0.0  845s
 3889019     1   63.00000 3887276    3   67.00000   63.00000  5.97%   0.0  850s
 3901213     1   63.00000 3899470    3   67.00000   63.00000  5.97%   0.0  855s
 3912536     1   63.00000 3910793    3   67.00000   63.00000  5.97%   0.0  860s
 3924730     1   63.00000 3922987    3   67.00000   63.00000  5.97%   0.0  865s
 3936924     1   63.00000 3935181    3   67.00000   63.00000  5.97%   0.0  870s
 3949118     1   63.00000 3947375    3   67.00000   63.00000  5.97%   0.0  875s
 3961312     1   63.00000 3959569    3   67.00000   63.00000  5.97%   0.0  880s
 3973506     1   63.00000 3971763    3   67.00000   63.00000  5.97%   0.0  885s
 3985700     1   63.00000 3983957    3   67.00000   63.00000  5.97%   0.0  890s
 3997023     1   63.00000 3995280    3   67.00000   63.00000  5.97%   0.0  895s
 4009217     1   63.00000 4007474    3   67.00000   63.00000  5.97%   0.0  900s
 4021411     1   63.00000 4019668    3   67.00000   63.00000  5.97%   0.0  905s
 4033605     1   63.00000 4031862    3   67.00000   63.00000  5.97%   0.0  910s
 4044928     1   63.00000 4043185    3   67.00000   63.00000  5.97%   0.0  915s
 4057122     1   63.00000 4055379    3   67.00000   63.00000  5.97%   0.0  920s
 4068445     1   63.00000 4066702    3   67.00000   63.00000  5.97%   0.0  925s
 4079768     1   63.00000 4078025    3   67.00000   63.00000  5.97%   0.0  930s
 4091091     1   63.00000 4089348    3   67.00000   63.00000  5.97%   0.0  935s
 4102414     1   63.00000 4100671    3   67.00000   63.00000  5.97%   0.0  940s
 4113737     1   63.00000 4111994    3   67.00000   63.00000  5.97%   0.0  945s
 4125060     1   63.00000 4123317    3   67.00000   63.00000  5.97%   0.0  950s
 4136383     1   63.00000 4134640    3   67.00000   63.00000  5.97%   0.0  955s
 4147706     1   63.00000 4145963    3   67.00000   63.00000  5.97%   0.0  960s
 4159029     1   63.00000 4157286    3   67.00000   63.00000  5.97%   0.0  965s
 4170352     1   63.00000 4168609    3   67.00000   63.00000  5.97%   0.0  970s
 4181675     1   63.00000 4179932    3   67.00000   63.00000  5.97%   0.0  975s
 4192998     1   63.00000 4191255    3   67.00000   63.00000  5.97%   0.0  980s
 4203450     1   63.00000 4201707    3   67.00000   63.00000  5.97%   0.0  985s
 4214773     1   63.00000 4213030    3   67.00000   63.00000  5.97%   0.0  990s
 4226096     1   63.00000 4224353    3   67.00000   63.00000  5.97%   0.0  995s
 4236548     1   63.00000 4234805    3   67.00000   63.00000  5.97%   0.0 1000s
 4247871     1   63.00000 4246128    3   67.00000   63.00000  5.97%   0.0 1005s
 4259194     1   63.00000 4257451    3   67.00000   63.00000  5.97%   0.0 1010s
 4269646     1   63.00000 4267903    3   67.00000   63.00000  5.97%   0.0 1015s
 4280969     1   63.00000 4279226    3   67.00000   63.00000  5.97%   0.0 1020s
 4292292     1   63.00000 4290549    3   67.00000   63.00000  5.97%   0.0 1025s
 4302744     1   63.00000 4301001    3   67.00000   63.00000  5.97%   0.0 1030s
 4314067     1   63.00000 4312324    3   67.00000   63.00000  5.97%   0.0 1035s
 4324519     1   63.00000 4322776    3   67.00000   63.00000  5.97%   0.0 1040s
 4335842     1   63.00000 4334099    3   67.00000   63.00000  5.97%   0.0 1045s
 4346294     1   63.00000 4344551    3   67.00000   63.00000  5.97%   0.0 1050s
 4356746     1   63.00000 4355003    3   67.00000   63.00000  5.97%   0.0 1055s
 4367198     1   63.00000 4365455    3   67.00000   63.00000  5.97%   0.0 1060s
 4378521     1   63.00000 4376778    3   67.00000   63.00000  5.97%   0.0 1065s
 4388973     1   63.00000 4387230    3   67.00000   63.00000  5.97%   0.0 1070s
 4399425     1   63.00000 4397682    3   67.00000   63.00000  5.97%   0.0 1075s
 4410748     1   63.00000 4409005    3   67.00000   63.00000  5.97%   0.0 1080s
 4421200     1   63.00000 4419457    3   67.00000   63.00000  5.97%   0.0 1085s
 4431652     1   63.00000 4429909    3   67.00000   63.00000  5.97%   0.0 1090s
 4442975     1   63.00000 4441232    3   67.00000   63.00000  5.97%   0.0 1095s
 4453427     1   63.00000 4451684    3   67.00000   63.00000  5.97%   0.0 1100s
 4463879     1   63.00000 4462136    3   67.00000   63.00000  5.97%   0.0 1105s
 4474331     1   63.00000 4472588    3   67.00000   63.00000  5.97%   0.0 1110s
 4484783     1   63.00000 4483040    3   67.00000   63.00000  5.97%   0.0 1115s
 4492758     1   63.00000 4491015    3   67.00000   63.00000  5.97%   0.0 1120s
 4501332     1   63.00000 4499589    3   67.00000   63.00000  5.97%   0.0 1125s
 4512655     1   63.00000 4510912    3   67.00000   63.00000  5.97%   0.0 1130s
 4523107     1   63.00000 4521364    3   67.00000   63.00000  5.97%   0.0 1135s
 4533559     1   63.00000 4531816    3   67.00000   63.00000  5.97%   0.0 1140s
 4543140     1   63.00000 4541397    3   67.00000   63.00000  5.97%   0.0 1145s
 4553592     1   63.00000 4551849    3   67.00000   63.00000  5.97%   0.0 1150s
 4564044     1   63.00000 4562301    3   67.00000   63.00000  5.97%   0.0 1155s
 4574496     1   63.00000 4572753    3   67.00000   63.00000  5.97%   0.0 1160s
 4584948     1   63.00000 4583205    3   67.00000   63.00000  5.97%   0.0 1165s
 4595400     1   63.00000 4593657    3   67.00000   63.00000  5.97%   0.0 1170s
 4604981     1   63.00000 4603238    3   67.00000   63.00000  5.97%   0.0 1175s
 4615433     1   63.00000 4613690    3   67.00000   63.00000  5.97%   0.0 1180s
 4625885     1   63.00000 4624142    3   67.00000   63.00000  5.97%   0.0 1185s
 4635466     1   63.00000 4633723    3   67.00000   63.00000  5.97%   0.0 1190s
 4645918     1   63.00000 4644175    3   67.00000   63.00000  5.97%   0.0 1195s
 4656370     1   63.00000 4654627    3   67.00000   63.00000  5.97%   0.0 1200s
 4665951     1   63.00000 4664208    3   67.00000   63.00000  5.97%   0.0 1205s
 4676403     1   63.00000 4674660    3   67.00000   63.00000  5.97%   0.0 1210s
 4685984     1   63.00000 4684241    3   67.00000   63.00000  5.97%   0.0 1215s
 4696436     1   63.00000 4694693    3   67.00000   63.00000  5.97%   0.0 1220s
 4706017     1   63.00000 4704274    3   67.00000   63.00000  5.97%   0.0 1225s
 4716469     1   63.00000 4714726    3   67.00000   63.00000  5.97%   0.0 1230s
 4726050     1   63.00000 4724307    3   67.00000   63.00000  5.97%   0.0 1235s
 4736502     1   63.00000 4734759    3   67.00000   63.00000  5.97%   0.0 1240s
 4746083     1   63.00000 4744340    3   67.00000   63.00000  5.97%   0.0 1245s
 4756535     1   63.00000 4754792    3   67.00000   63.00000  5.97%   0.0 1250s
 4766116     1   63.00000 4764373    3   67.00000   63.00000  5.97%   0.0 1255s
 4775697     1   63.00000 4773954    3   67.00000   63.00000  5.97%   0.0 1260s
 4785278     1   63.00000 4783535    3   67.00000   63.00000  5.97%   0.0 1265s
 4795730     1   63.00000 4793987    3   67.00000   63.00000  5.97%   0.0 1270s
 4805311     1   63.00000 4803568    3   67.00000   63.00000  5.97%   0.0 1275s
 4815763     1   63.00000 4814020    3   67.00000   63.00000  5.97%   0.0 1280s
 4825344     1   63.00000 4823601    3   67.00000   63.00000  5.97%   0.0 1285s
 4834925     1   63.00000 4833182    3   67.00000   63.00000  5.97%   0.0 1290s
 4844506     1   63.00000 4842763    3   67.00000   63.00000  5.97%   0.0 1295s
 4854958     1   63.00000 4853215    3   67.00000   63.00000  5.97%   0.0 1300s
 4864539     1   63.00000 4862796    3   67.00000   63.00000  5.97%   0.0 1305s
 4874120     1   63.00000 4872377    3   67.00000   63.00000  5.97%   0.0 1310s
 4883701     1   63.00000 4881958    3   67.00000   63.00000  5.97%   0.0 1315s
 4893282     1   63.00000 4891539    3   67.00000   63.00000  5.97%   0.0 1320s
 4902863     1   63.00000 4901120    3   67.00000   63.00000  5.97%   0.0 1325s
 4912444     1   63.00000 4910701    3   67.00000   63.00000  5.97%   0.0 1330s
 4922025     1   63.00000 4920282    3   67.00000   63.00000  5.97%   0.0 1335s
 4931606     1   63.00000 4929863    3   67.00000   63.00000  5.97%   0.0 1340s
 4941187     1   63.00000 4939444    3   67.00000   63.00000  5.97%   0.0 1345s
 4951639     1   63.00000 4949896    3   67.00000   63.00000  5.97%   0.0 1350s
 4961220     1   63.00000 4959477    3   67.00000   63.00000  5.97%   0.0 1355s
 4970801     1   63.00000 4969058    3   67.00000   63.00000  5.97%   0.0 1360s
 4980382     1   63.00000 4978639    3   67.00000   63.00000  5.97%   0.0 1365s
 4989963     1   63.00000 4988220    3   67.00000   63.00000  5.97%   0.0 1370s
 4998673     1   63.00000 4996930    3   67.00000   63.00000  5.97%   0.0 1375s
 5008254     1   63.00000 5006511    3   67.00000   63.00000  5.97%   0.0 1380s
 5017835     1   63.00000 5016092    3   67.00000   63.00000  5.97%   0.0 1385s
 5027416     1   63.00000 5025673    3   67.00000   63.00000  5.97%   0.0 1390s
 5036997     1   63.00000 5035254    3   67.00000   63.00000  5.97%   0.0 1395s
 5046578     1   63.00000 5044835    3   67.00000   63.00000  5.97%   0.0 1400s
 5055288     1   63.00000 5053545    3   67.00000   63.00000  5.97%   0.0 1405s
 5064869     1   63.00000 5063126    3   67.00000   63.00000  5.97%   0.0 1410s
 5074450     1   63.00000 5072707    3   67.00000   63.00000  5.97%   0.0 1415s
 5084031     1   63.00000 5082288    3   67.00000   63.00000  5.97%   0.0 1420s
 5092741     1   63.00000 5090998    3   67.00000   63.00000  5.97%   0.0 1425s
 5102322     1   63.00000 5100579    3   67.00000   63.00000  5.97%   0.0 1430s
 5111903     1   63.00000 5110160    3   67.00000   63.00000  5.97%   0.0 1435s
 5121484     1   63.00000 5119741    3   67.00000   63.00000  5.97%   0.0 1440s
 5130194     1   63.00000 5128451    3   67.00000   63.00000  5.97%   0.0 1445s
 5139775     1   63.00000 5138032    3   67.00000   63.00000  5.97%   0.0 1450s
 5148485     1   63.00000 5146742    3   67.00000   63.00000  5.97%   0.0 1455s
 5158066     1   63.00000 5156323    3   67.00000   63.00000  5.97%   0.0 1460s
 5166776     1   63.00000 5165033    3   67.00000   63.00000  5.97%   0.0 1465s
 5176357     1   63.00000 5174614    3   67.00000   63.00000  5.97%   0.0 1470s
 5185938     1   63.00000 5184195    3   67.00000   63.00000  5.97%   0.0 1475s
 5194648     1   63.00000 5192905    3   67.00000   63.00000  5.97%   0.0 1480s
 5204229     1   63.00000 5202486    3   67.00000   63.00000  5.97%   0.0 1485s
 5212939     1   63.00000 5211196    3   67.00000   63.00000  5.97%   0.0 1490s
 5222520     1   63.00000 5220777    3   67.00000   63.00000  5.97%   0.0 1495s
 5231230     1   63.00000 5229487    3   67.00000   63.00000  5.97%   0.0 1500s
 5240811     1   63.00000 5239068    3   67.00000   63.00000  5.97%   0.0 1505s
 5249521     1   63.00000 5247778    3   67.00000   63.00000  5.97%   0.0 1510s
 5258231     1   63.00000 5256488    3   67.00000   63.00000  5.97%   0.0 1515s
 5267812     1   63.00000 5266069    3   67.00000   63.00000  5.97%   0.0 1520s
 5276522     1   63.00000 5274779    3   67.00000   63.00000  5.97%   0.0 1525s
 5286103     1   63.00000 5284360    3   67.00000   63.00000  5.97%   0.0 1530s
 5294813     1   63.00000 5293070    3   67.00000   63.00000  5.97%   0.0 1535s
 5304394     1   63.00000 5302651    3   67.00000   63.00000  5.97%   0.0 1540s
 5313975     1   63.00000 5312232    3   67.00000   63.00000  5.97%   0.0 1545s
 5322685     1   63.00000 5320942    3   67.00000   63.00000  5.97%   0.0 1550s
 5332266     1   63.00000 5330523    3   67.00000   63.00000  5.97%   0.0 1555s
 5340976     1   63.00000 5339233    3   67.00000   63.00000  5.97%   0.0 1560s
 5350557     1   63.00000 5348814    3   67.00000   63.00000  5.97%   0.0 1565s
 5359267     1   63.00000 5357524    3   67.00000   63.00000  5.97%   0.0 1570s
 5368848     1   63.00000 5367105    3   67.00000   63.00000  5.97%   0.0 1575s
 5377558     1   63.00000 5375815    3   67.00000   63.00000  5.97%   0.0 1580s
 5386268     1   63.00000 5384525    3   67.00000   63.00000  5.97%   0.0 1585s
 5395849     1   63.00000 5394106    3   67.00000   63.00000  5.97%   0.0 1590s
 5404559     1   63.00000 5402816    3   67.00000   63.00000  5.97%   0.0 1595s
 5413269     1   63.00000 5411526    3   67.00000   63.00000  5.97%   0.0 1600s
 5422850     1   63.00000 5421107    3   67.00000   63.00000  5.97%   0.0 1605s
 5431560     1   63.00000 5429817    3   67.00000   63.00000  5.97%   0.0 1610s
 5440270     1   63.00000 5438527    3   67.00000   63.00000  5.97%   0.0 1615s
 5448980     1   63.00000 5447237    3   67.00000   63.00000  5.97%   0.0 1620s
 5458561     1   63.00000 5456818    3   67.00000   63.00000  5.97%   0.0 1625s
 5467271     1   63.00000 5465528    3   67.00000   63.00000  5.97%   0.0 1630s
 5475981     1   63.00000 5474238    3   67.00000   63.00000  5.97%   0.0 1635s
 5484691     1   63.00000 5482948    3   67.00000   63.00000  5.97%   0.0 1640s
 5494272     1   63.00000 5492529    3   67.00000   63.00000  5.97%   0.0 1645s
 5502982     1   63.00000 5501239    3   67.00000   63.00000  5.97%   0.0 1650s
 5511692     1   63.00000 5509949    3   67.00000   63.00000  5.97%   0.0 1655s
 5520402     1   63.00000 5518659    3   67.00000   63.00000  5.97%   0.0 1660s
 5529112     1   63.00000 5527369    3   67.00000   63.00000  5.97%   0.0 1665s
 5538693     1   63.00000 5536950    3   67.00000   63.00000  5.97%   0.0 1670s
 5547403     1   63.00000 5545660    3   67.00000   63.00000  5.97%   0.0 1675s
 5556113     1   63.00000 5554370    3   67.00000   63.00000  5.97%   0.0 1680s
 5564823     1   63.00000 5563080    3   67.00000   63.00000  5.97%   0.0 1685s
 5573533     1   63.00000 5571790    3   67.00000   63.00000  5.97%   0.0 1690s
 5582243     1   63.00000 5580500    3   67.00000   63.00000  5.97%   0.0 1695s
 5590953     1   63.00000 5589210    3   67.00000   63.00000  5.97%   0.0 1700s
 5599663     1   63.00000 5597920    3   67.00000   63.00000  5.97%   0.0 1705s
 5608373     1   63.00000 5606630    3   67.00000   63.00000  5.97%   0.0 1710s
 5617083     1   63.00000 5615340    3   67.00000   63.00000  5.97%   0.0 1715s
 5625793     1   63.00000 5624050    3   67.00000   63.00000  5.97%   0.0 1720s
 5634503     1   63.00000 5632760    3   67.00000   63.00000  5.97%   0.0 1725s
 5643213     1   63.00000 5641470    3   67.00000   63.00000  5.97%   0.0 1730s
 5651923     1   63.00000 5650180    3   67.00000   63.00000  5.97%   0.0 1735s
 5660633     1   63.00000 5658890    3   67.00000   63.00000  5.97%   0.0 1740s
 5669343     1   63.00000 5667600    3   67.00000   63.00000  5.97%   0.0 1745s
 5678053     1   63.00000 5676310    3   67.00000   63.00000  5.97%   0.0 1750s
 5686763     1   63.00000 5685020    3   67.00000   63.00000  5.97%   0.0 1755s
 5695473     1   63.00000 5693730    3   67.00000   63.00000  5.97%   0.0 1760s
 5703312     1   63.00000 5701569    3   67.00000   63.00000  5.97%   0.0 1765s
 5712022     1   63.00000 5710279    3   67.00000   63.00000  5.97%   0.0 1770s
 5720732     1   63.00000 5718989    3   67.00000   63.00000  5.97%   0.0 1775s
 5729442     1   63.00000 5727699    3   67.00000   63.00000  5.97%   0.0 1780s
 5738152     1   63.00000 5736409    3   67.00000   63.00000  5.97%   0.0 1785s
 5745991     1   63.00000 5744248    3   67.00000   63.00000  5.97%   0.0 1790s
 5754701     1   63.00000 5752958    3   67.00000   63.00000  5.97%   0.0 1795s
 5763411     1   63.00000 5761668    3   67.00000   63.00000  5.97%   0.0 1800s
 5772121     1   63.00000 5770378    3   67.00000   63.00000  5.97%   0.0 1805s
 5780831     1   63.00000 5779088    3   67.00000   63.00000  5.97%   0.0 1810s
 5788670     1   63.00000 5786927    3   67.00000   63.00000  5.97%   0.0 1815s
 5797380     1   63.00000 5795637    3   67.00000   63.00000  5.97%   0.0 1820s
 5806090     1   63.00000 5804347    3   67.00000   63.00000  5.97%   0.0 1825s
 5813929     1   63.00000 5812186    3   67.00000   63.00000  5.97%   0.0 1830s
 5822639     1   63.00000 5820896    3   67.00000   63.00000  5.97%   0.0 1835s
 5830478     1   63.00000 5828735    3   67.00000   63.00000  5.97%   0.0 1840s
 5839188     1   63.00000 5837445    3   67.00000   63.00000  5.97%   0.0 1845s
 5847027     1   63.00000 5845284    3   67.00000   63.00000  5.97%   0.0 1850s
 5854866     1   63.00000 5853123    3   67.00000   63.00000  5.97%   0.0 1855s
 5863576     1   63.00000 5861833    3   67.00000   63.00000  5.97%   0.0 1860s
 5871415     1   63.00000 5869672    3   67.00000   63.00000  5.97%   0.0 1865s
 5879254     1   63.00000 5877511    3   67.00000   63.00000  5.97%   0.0 1870s
 5887093     1   63.00000 5885350    3   67.00000   63.00000  5.97%   0.0 1875s
 5895803     1   63.00000 5894060    3   67.00000   63.00000  5.97%   0.0 1880s
 5903642     1   63.00000 5901899    3   67.00000   63.00000  5.97%   0.0 1885s
 5912352     1   63.00000 5910609    3   67.00000   63.00000  5.97%   0.0 1890s
 5920191     1   63.00000 5918448    3   67.00000   63.00000  5.97%   0.0 1895s
 5928030     1   63.00000 5926287    3   67.00000   63.00000  5.97%   0.0 1900s
 5935869     1   63.00000 5934126    3   67.00000   63.00000  5.97%   0.0 1905s
 5944579     1   63.00000 5942836    3   67.00000   63.00000  5.97%   0.0 1910s
 5952418     1   63.00000 5950675    3   67.00000   63.00000  5.97%   0.0 1915s
 5960257     1   63.00000 5958514    3   67.00000   63.00000  5.97%   0.0 1920s
 5968096     1   63.00000 5966353    3   67.00000   63.00000  5.97%   0.0 1925s
 5976806     1   63.00000 5975063    3   67.00000   63.00000  5.97%   0.0 1930s
 5984645     1   63.00000 5982902    3   67.00000   63.00000  5.97%   0.0 1935s
 5992484     1   63.00000 5990741    3   67.00000   63.00000  5.97%   0.0 1940s
 6000323     1   63.00000 5998580    3   67.00000   63.00000  5.97%   0.0 1945s
 6008162     1   63.00000 6006419    3   67.00000   63.00000  5.97%   0.0 1950s
 6016001     1   63.00000 6014258    3   67.00000   63.00000  5.97%   0.0 1955s
 6023840     1   63.00000 6022097    3   67.00000   63.00000  5.97%   0.0 1960s
 6032550     1   63.00000 6030807    3   67.00000   63.00000  5.97%   0.0 1965s
 6040389     1   63.00000 6038646    3   67.00000   63.00000  5.97%   0.0 1970s
 6048228     1   63.00000 6046485    3   67.00000   63.00000  5.97%   0.0 1975s
 6056067     1   63.00000 6054324    3   67.00000   63.00000  5.97%   0.0 1980s
 6063906     1   63.00000 6062163    3   67.00000   63.00000  5.97%   0.0 1985s
 6071745     1   63.00000 6070002    3   67.00000   63.00000  5.97%   0.0 1990s
 6079584     1   63.00000 6077841    3   67.00000   63.00000  5.97%   0.0 1995s
 6087423     1   63.00000 6085680    3   67.00000   63.00000  5.97%   0.0 2000s
 6095262     1   63.00000 6093519    3   67.00000   63.00000  5.97%   0.0 2005s
 6103101     1   63.00000 6101358    3   67.00000   63.00000  5.97%   0.0 2010s
 6110940     1   63.00000 6109197    3   67.00000   63.00000  5.97%   0.0 2015s
 6118779     1   63.00000 6117036    3   67.00000   63.00000  5.97%   0.0 2020s
 6126618     1   63.00000 6124875    3   67.00000   63.00000  5.97%   0.0 2025s
 6134457     1   63.00000 6132714    3   67.00000   63.00000  5.97%   0.0 2030s
 6142296     1   63.00000 6140553    3   67.00000   63.00000  5.97%   0.0 2035s
 6150135     1   63.00000 6148392    3   67.00000   63.00000  5.97%   0.0 2040s
 6157103     1   63.00000 6155360    3   67.00000   63.00000  5.97%   0.0 2045s
 6164942     1   63.00000 6163199    3   67.00000   63.00000  5.97%   0.0 2050s
 6172781     1   63.00000 6171038    3   67.00000   63.00000  5.97%   0.0 2055s
 6180620     1   63.00000 6178877    3   67.00000   63.00000  5.97%   0.0 2060s
 6188459     1   63.00000 6186716    3   67.00000   63.00000  5.97%   0.0 2065s
 6196298     1   63.00000 6194555    3   67.00000   63.00000  5.97%   0.0 2070s
 6204137     1   63.00000 6202394    3   67.00000   63.00000  5.97%   0.0 2075s
 6211976     1   63.00000 6210233    3   67.00000   63.00000  5.97%   0.0 2080s
 6219815     1   63.00000 6218072    3   67.00000   63.00000  5.97%   0.0 2085s
 6227654     1   63.00000 6225911    3   67.00000   63.00000  5.97%   0.0 2090s
 6235493     1   63.00000 6233750    3   67.00000   63.00000  5.97%   0.0 2095s
 6242461     1   63.00000 6240718    3   67.00000   63.00000  5.97%   0.0 2100s
 6250300     1   63.00000 6248557    3   67.00000   63.00000  5.97%   0.0 2105s
 6258139     1   63.00000 6256396    3   67.00000   63.00000  5.97%   0.0 2110s
 6265978     1   63.00000 6264235    3   67.00000   63.00000  5.97%   0.0 2115s
 6273817     1   63.00000 6272074    3   67.00000   63.00000  5.97%   0.0 2120s
 6280785     1   63.00000 6279042    3   67.00000   63.00000  5.97%   0.0 2125s
 6288624     1   63.00000 6286881    3   67.00000   63.00000  5.97%   0.0 2130s
 6296463     1   63.00000 6294720    3   67.00000   63.00000  5.97%   0.0 2135s
 6304302     1   63.00000 6302559    3   67.00000   63.00000  5.97%   0.0 2140s
 6311270     1   63.00000 6309527    3   67.00000   63.00000  5.97%   0.0 2145s
 6319109     1   63.00000 6317366    3   67.00000   63.00000  5.97%   0.0 2150s
 6326948     1   63.00000 6325205    3   67.00000   63.00000  5.97%   0.0 2155s
 6334787     1   63.00000 6333044    3   67.00000   63.00000  5.97%   0.0 2160s
 6341755     1   63.00000 6340012    3   67.00000   63.00000  5.97%   0.0 2165s
 6349594     1   63.00000 6347851    3   67.00000   63.00000  5.97%   0.0 2170s
 6357433     1   63.00000 6355690    3   67.00000   63.00000  5.97%   0.0 2175s
 6364401     1   63.00000 6362658    3   67.00000   63.00000  5.97%   0.0 2180s
 6372240     1   63.00000 6370497    3   67.00000   63.00000  5.97%   0.0 2185s
 6379208     1   63.00000 6377465    3   67.00000   63.00000  5.97%   0.0 2190s
 6387047     1   63.00000 6385304    3   67.00000   63.00000  5.97%   0.0 2195s
 6394886     1   63.00000 6393143    3   67.00000   63.00000  5.97%   0.0 2200s
 6401854     1   63.00000 6400111    3   67.00000   63.00000  5.97%   0.0 2205s
 6409693     1   63.00000 6407950    3   67.00000   63.00000  5.97%   0.0 2210s
 6417532     1   63.00000 6415789    3   67.00000   63.00000  5.97%   0.0 2215s
 6424500     1   63.00000 6422757    3   67.00000   63.00000  5.97%   0.0 2220s
 6432339     1   63.00000 6430596    3   67.00000   63.00000  5.97%   0.0 2225s
 6440178     1   63.00000 6438435    3   67.00000   63.00000  5.97%   0.0 2230s
 6447146     1   63.00000 6445403    3   67.00000   63.00000  5.97%   0.0 2235s
 6454985     1   63.00000 6453242    3   67.00000   63.00000  5.97%   0.0 2240s
 6461953     1   63.00000 6460210    3   67.00000   63.00000  5.97%   0.0 2245s
 6469792     1   63.00000 6468049    3   67.00000   63.00000  5.97%   0.0 2250s
 6476760     1   63.00000 6475017    3   67.00000   63.00000  5.97%   0.0 2255s
 6484599     1   63.00000 6482856    3   67.00000   63.00000  5.97%   0.0 2260s
 6491567     1   63.00000 6489824    3   67.00000   63.00000  5.97%   0.0 2265s
 6499406     1   63.00000 6497663    3   67.00000   63.00000  5.97%   0.0 2270s
 6506374     1   63.00000 6504631    3   67.00000   63.00000  5.97%   0.0 2275s
 6514213     1   63.00000 6512470    3   67.00000   63.00000  5.97%   0.0 2280s
 6521181     1   63.00000 6519438    3   67.00000   63.00000  5.97%   0.0 2285s
 6529020     1   63.00000 6527277    3   67.00000   63.00000  5.97%   0.0 2290s
 6535988     1   63.00000 6534245    3   67.00000   63.00000  5.97%   0.0 2295s
 6543827     1   63.00000 6542084    3   67.00000   63.00000  5.97%   0.0 2300s
 6550795     1   63.00000 6549052    3   67.00000   63.00000  5.97%   0.0 2305s
 6557763     1   63.00000 6556020    3   67.00000   63.00000  5.97%   0.0 2310s
 6565602     1   63.00000 6563859    3   67.00000   63.00000  5.97%   0.0 2315s
 6572570     1   63.00000 6570827    3   67.00000   63.00000  5.97%   0.0 2320s
 6580409     1   63.00000 6578666    3   67.00000   63.00000  5.97%   0.0 2325s
 6587377     1   63.00000 6585634    3   67.00000   63.00000  5.97%   0.0 2330s
 6594345     1   63.00000 6592602    3   67.00000   63.00000  5.97%   0.0 2335s
 6601313     1   63.00000 6599570    3   67.00000   63.00000  5.97%   0.0 2340s
 6608281     1   63.00000 6606538    3   67.00000   63.00000  5.97%   0.0 2345s
 6616120     1   63.00000 6614377    3   67.00000   63.00000  5.97%   0.0 2350s
 6623088     1   63.00000 6621345    3   67.00000   63.00000  5.97%   0.0 2355s
 6630927     1   63.00000 6629184    3   67.00000   63.00000  5.97%   0.0 2360s
 6637895     1   63.00000 6636152    3   67.00000   63.00000  5.97%   0.0 2365s
 6644863     1   63.00000 6643120    3   67.00000   63.00000  5.97%   0.0 2370s
 6651831     1   63.00000 6650088    3   67.00000   63.00000  5.97%   0.0 2375s
 6659670     1   63.00000 6657927    3   67.00000   63.00000  5.97%   0.0 2380s
 6666638     1   63.00000 6664895    3   67.00000   63.00000  5.97%   0.0 2385s
 6673606     1   63.00000 6671863    3   67.00000   63.00000  5.97%   0.0 2390s
 6680574     1   63.00000 6678831    3   67.00000   63.00000  5.97%   0.0 2395s
 6688413     1   63.00000 6686670    3   67.00000   63.00000  5.97%   0.0 2400s
 6695381     1   63.00000 6693638    3   67.00000   63.00000  5.97%   0.0 2405s
 6702349     1   63.00000 6700606    3   67.00000   63.00000  5.97%   0.0 2410s
 6709317     1   63.00000 6707574    3   67.00000   63.00000  5.97%   0.0 2415s
 6717156     1   63.00000 6715413    3   67.00000   63.00000  5.97%   0.0 2420s
 6724124     1   63.00000 6722381    3   67.00000   63.00000  5.97%   0.0 2425s
 6731092     1   63.00000 6729349    3   67.00000   63.00000  5.97%   0.0 2430s
 6738931     1   63.00000 6737188    3   67.00000   63.00000  5.97%   0.0 2435s
 6745899     1   63.00000 6744156    3   67.00000   63.00000  5.97%   0.0 2440s
 6752867     1   63.00000 6751124    3   67.00000   63.00000  5.97%   0.0 2445s
 6760706     1   63.00000 6758963    3   67.00000   63.00000  5.97%   0.0 2450s
 6767674     1   63.00000 6765931    3   67.00000   63.00000  5.97%   0.0 2455s
 6774642     1   63.00000 6772899    3   67.00000   63.00000  5.97%   0.0 2460s
 6782481     1   63.00000 6780738    3   67.00000   63.00000  5.97%   0.0 2465s
 6789449     1   63.00000 6787706    3   67.00000   63.00000  5.97%   0.0 2470s
 6796417     1   63.00000 6794674    3   67.00000   63.00000  5.97%   0.0 2475s
 6804256     1   63.00000 6802513    3   67.00000   63.00000  5.97%   0.0 2480s
 6811224     1   63.00000 6809481    3   67.00000   63.00000  5.97%   0.0 2485s
 6818192     1   63.00000 6816449    3   67.00000   63.00000  5.97%   0.0 2490s
 6826031     1   63.00000 6824288    3   67.00000   63.00000  5.97%   0.0 2495s
 6832999     1   63.00000 6831256    3   67.00000   63.00000  5.97%   0.0 2500s
 6839967     1   63.00000 6838224    3   67.00000   63.00000  5.97%   0.0 2505s
 6846935     1   63.00000 6845192    3   67.00000   63.00000  5.97%   0.0 2510s
 6853903     1   63.00000 6852160    3   67.00000   63.00000  5.97%   0.0 2515s
 6861742     1   63.00000 6859999    3   67.00000   63.00000  5.97%   0.0 2520s
 6868710     1   63.00000 6866967    3   67.00000   63.00000  5.97%   0.0 2525s
 6875678     1   63.00000 6873935    3   67.00000   63.00000  5.97%   0.0 2530s
 6883517     1   63.00000 6881774    3   67.00000   63.00000  5.97%   0.0 2535s
 6890485     1   63.00000 6888742    3   67.00000   63.00000  5.97%   0.0 2540s
 6897453     1   63.00000 6895710    3   67.00000   63.00000  5.97%   0.0 2545s
 6904421     1   63.00000 6902678    3   67.00000   63.00000  5.97%   0.0 2550s
 6912260     1   63.00000 6910517    3   67.00000   63.00000  5.97%   0.0 2555s
 6919228     1   63.00000 6917485    3   67.00000   63.00000  5.97%   0.0 2560s
 6926196     1   63.00000 6924453    3   67.00000   63.00000  5.97%   0.0 2565s
 6933164     1   63.00000 6931421    3   67.00000   63.00000  5.97%   0.0 2570s
 6940132     1   63.00000 6938389    3   67.00000   63.00000  5.97%   0.0 2575s
 6947971     1   63.00000 6946228    3   67.00000   63.00000  5.97%   0.0 2580s
 6954939     1   63.00000 6953196    3   67.00000   63.00000  5.97%   0.0 2585s
 6961907     1   63.00000 6960164    3   67.00000   63.00000  5.97%   0.0 2590s
 6968875     1   63.00000 6967132    3   67.00000   63.00000  5.97%   0.0 2595s
 6975843     1   63.00000 6974100    3   67.00000   63.00000  5.97%   0.0 2600s
 6982811     1   63.00000 6981068    3   67.00000   63.00000  5.97%   0.0 2605s
 6990650     1   63.00000 6988907    3   67.00000   63.00000  5.97%   0.0 2610s
 6997618     1   63.00000 6995875    3   67.00000   63.00000  5.97%   0.0 2615s
 7004586     1   63.00000 7002843    3   67.00000   63.00000  5.97%   0.0 2620s
 7011554     1   63.00000 7009811    3   67.00000   63.00000  5.97%   0.0 2625s
 7018522     1   63.00000 7016779    3   67.00000   63.00000  5.97%   0.0 2630s
 7025490     1   63.00000 7023747    3   67.00000   63.00000  5.97%   0.0 2635s
 7032458     1   63.00000 7030715    3   67.00000   63.00000  5.97%   0.0 2640s
 7039426     1   63.00000 7037683    3   67.00000   63.00000  5.97%   0.0 2645s
 7046394     1   63.00000 7044651    3   67.00000   63.00000  5.97%   0.0 2650s
 7054233     1   63.00000 7052490    3   67.00000   63.00000  5.97%   0.0 2655s
 7061201     1   63.00000 7059458    3   67.00000   63.00000  5.97%   0.0 2660s
 7068169     1   63.00000 7066426    3   67.00000   63.00000  5.97%   0.0 2665s
 7075137     1   63.00000 7073394    3   67.00000   63.00000  5.97%   0.0 2670s
 7082105     1   63.00000 7080362    3   67.00000   63.00000  5.97%   0.0 2675s
 7088202     1   63.00000 7086459    3   67.00000   63.00000  5.97%   0.0 2680s
 7095170     1   63.00000 7093427    3   67.00000   63.00000  5.97%   0.0 2685s
 7102138     1   63.00000 7100395    3   67.00000   63.00000  5.97%   0.0 2690s
 7109106     1   63.00000 7107363    3   67.00000   63.00000  5.97%   0.0 2695s
 7116074     1   63.00000 7114331    3   67.00000   63.00000  5.97%   0.0 2700s
 7123042     1   63.00000 7121299    3   67.00000   63.00000  5.97%   0.0 2705s
 7130010     1   63.00000 7128267    3   67.00000   63.00000  5.97%   0.0 2710s
 7136978     1   63.00000 7135235    3   67.00000   63.00000  5.97%   0.0 2715s
 7143946     1   63.00000 7142203    3   67.00000   63.00000  5.97%   0.0 2720s
 7150914     1   63.00000 7149171    3   67.00000   63.00000  5.97%   0.0 2725s
 7157882     1   63.00000 7156139    3   67.00000   63.00000  5.97%   0.0 2730s
 7164850     1   63.00000 7163107    3   67.00000   63.00000  5.97%   0.0 2735s
 7171818     1   63.00000 7170075    3   67.00000   63.00000  5.97%   0.0 2740s
 7177915     1   63.00000 7176172    3   67.00000   63.00000  5.97%   0.0 2745s
 7184883     1   63.00000 7183140    3   67.00000   63.00000  5.97%   0.0 2750s
 7191851     1   63.00000 7190108    3   67.00000   63.00000  5.97%   0.0 2755s
 7198819     1   63.00000 7197076    3   67.00000   63.00000  5.97%   0.0 2760s
 7204916     1   63.00000 7203173    3   67.00000   63.00000  5.97%   0.0 2765s
 7211884     1   63.00000 7210141    3   67.00000   63.00000  5.97%   0.0 2770s
 7218852     1   63.00000 7217109    3   67.00000   63.00000  5.97%   0.0 2775s
 7224949     1   63.00000 7223206    3   67.00000   63.00000  5.97%   0.0 2780s
 7231917     1   63.00000 7230174    3   67.00000   63.00000  5.97%   0.0 2785s
 7238885     1   63.00000 7237142    3   67.00000   63.00000  5.97%   0.0 2790s
 7244982     1   63.00000 7243239    3   67.00000   63.00000  5.97%   0.0 2795s
 7251950     1   63.00000 7250207    3   67.00000   63.00000  5.97%   0.0 2800s
 7258918     1   63.00000 7257175    3   67.00000   63.00000  5.97%   0.0 2805s
 7265015     1   63.00000 7263272    3   67.00000   63.00000  5.97%   0.0 2810s
 7271983     1   63.00000 7270240    3   67.00000   63.00000  5.97%   0.0 2815s
 7278080     1   63.00000 7276337    3   67.00000   63.00000  5.97%   0.0 2820s
 7285048     1   63.00000 7283305    3   67.00000   63.00000  5.97%   0.0 2825s
 7291145     1   63.00000 7289402    3   67.00000   63.00000  5.97%   0.0 2830s
 7298113     1   63.00000 7296370    3   67.00000   63.00000  5.97%   0.0 2835s
 7304210     1   63.00000 7302467    3   67.00000   63.00000  5.97%   0.0 2840s
 7311178     1   63.00000 7309435    3   67.00000   63.00000  5.97%   0.0 2845s
 7318146     1   63.00000 7316403    3   67.00000   63.00000  5.97%   0.0 2850s
 7324243     1   63.00000 7322500    3   67.00000   63.00000  5.97%   0.0 2855s
 7331211     1   63.00000 7329468    3   67.00000   63.00000  5.97%   0.0 2860s
 7337308     1   63.00000 7335565    3   67.00000   63.00000  5.97%   0.0 2865s
 7344276     1   63.00000 7342533    3   67.00000   63.00000  5.97%   0.0 2870s
 7350373     1   63.00000 7348630    3   67.00000   63.00000  5.97%   0.0 2875s
 7357341     1   63.00000 7355598    3   67.00000   63.00000  5.97%   0.0 2880s
 7363438     1   63.00000 7361695    3   67.00000   63.00000  5.97%   0.0 2885s
 7370406     1   63.00000 7368663    3   67.00000   63.00000  5.97%   0.0 2890s
 7376503     1   63.00000 7374760    3   67.00000   63.00000  5.97%   0.0 2895s
 7383471     1   63.00000 7381728    3   67.00000   63.00000  5.97%   0.0 2900s
 7389568     1   63.00000 7387825    3   67.00000   63.00000  5.97%   0.0 2905s
 7396536     1   63.00000 7394793    3   67.00000   63.00000  5.97%   0.0 2910s
 7402633     1   63.00000 7400890    3   67.00000   63.00000  5.97%   0.0 2915s
 7409601     1   63.00000 7407858    3   67.00000   63.00000  5.97%   0.0 2920s
 7415698     1   63.00000 7413955    3   67.00000   63.00000  5.97%   0.0 2925s
 7422666     1   63.00000 7420923    3   67.00000   63.00000  5.97%   0.0 2930s
 7428763     1   63.00000 7427020    3   67.00000   63.00000  5.97%   0.0 2935s
 7435731     1   63.00000 7433988    3   67.00000   63.00000  5.97%   0.0 2940s
 7441828     1   63.00000 7440085    3   67.00000   63.00000  5.97%   0.0 2945s
 7448796     1   63.00000 7447053    3   67.00000   63.00000  5.97%   0.0 2950s
 7454893     1   63.00000 7453150    3   67.00000   63.00000  5.97%   0.0 2955s
 7461861     1   63.00000 7460118    3   67.00000   63.00000  5.97%   0.0 2960s
 7467958     1   63.00000 7466215    3   67.00000   63.00000  5.97%   0.0 2965s
 7474055     1   63.00000 7472312    3   67.00000   63.00000  5.97%   0.0 2970s
 7481023     1   63.00000 7479280    3   67.00000   63.00000  5.97%   0.0 2975s
 7487120     1   63.00000 7485377    3   67.00000   63.00000  5.97%   0.0 2980s
 7494088     1   63.00000 7492345    3   67.00000   63.00000  5.97%   0.0 2985s
 7500185     1   63.00000 7498442    3   67.00000   63.00000  5.97%   0.0 2990s
 7506282     1   63.00000 7504539    3   67.00000   63.00000  5.97%   0.0 2995s
 7513250     1   63.00000 7511507    3   67.00000   63.00000  5.97%   0.0 3000s
 7519347     1   63.00000 7517604    3   67.00000   63.00000  5.97%   0.0 3005s
 7526315     1   63.00000 7524572    3   67.00000   63.00000  5.97%   0.0 3010s
 7532412     1   63.00000 7530669    3   67.00000   63.00000  5.97%   0.0 3015s
 7538509     1   63.00000 7536766    3   67.00000   63.00000  5.97%   0.0 3020s
 7545477     1   63.00000 7543734    3   67.00000   63.00000  5.97%   0.0 3025s
 7551574     1   63.00000 7549831    3   67.00000   63.00000  5.97%   0.0 3030s
 7558542     1   63.00000 7556799    3   67.00000   63.00000  5.97%   0.0 3035s
 7564639     1   63.00000 7562896    3   67.00000   63.00000  5.97%   0.0 3040s
 7570736     1   63.00000 7568993    3   67.00000   63.00000  5.97%   0.0 3045s
 7577704     1   63.00000 7575961    3   67.00000   63.00000  5.97%   0.0 3050s
 7583801     1   63.00000 7582058    3   67.00000   63.00000  5.97%   0.0 3055s
 7590769     1   63.00000 7589026    3   67.00000   63.00000  5.97%   0.0 3060s
 7596866     1   63.00000 7595123    3   67.00000   63.00000  5.97%   0.0 3065s
 7603834     1   63.00000 7602091    3   67.00000   63.00000  5.97%   0.0 3070s
 7609931     1   63.00000 7608188    3   67.00000   63.00000  5.97%   0.0 3075s
 7616899     1   63.00000 7615156    3   67.00000   63.00000  5.97%   0.0 3080s
 7622996     1   63.00000 7621253    3   67.00000   63.00000  5.97%   0.0 3085s
 7629964     1   63.00000 7628221    3   67.00000   63.00000  5.97%   0.0 3090s
 7636061     1   63.00000 7634318    3   67.00000   63.00000  5.97%   0.0 3095s
 7643029     1   63.00000 7641286    3   67.00000   63.00000  5.97%   0.0 3100s
 7649126     1   63.00000 7647383    3   67.00000   63.00000  5.97%   0.0 3105s
 7656094     1   63.00000 7654351    3   67.00000   63.00000  5.97%   0.0 3110s
 7662191     1   63.00000 7660448    3   67.00000   63.00000  5.97%   0.0 3115s
 7668288     1   63.00000 7666545    3   67.00000   63.00000  5.97%   0.0 3120s
 7675256     1   63.00000 7673513    3   67.00000   63.00000  5.97%   0.0 3125s
 7681353     1   63.00000 7679610    3   67.00000   63.00000  5.97%   0.0 3130s
 7688321     1   63.00000 7686578    3   67.00000   63.00000  5.97%   0.0 3135s
 7694418     1   63.00000 7692675    3   67.00000   63.00000  5.97%   0.0 3140s
 7701386     1   63.00000 7699643    3   67.00000   63.00000  5.97%   0.0 3145s
 7707483     1   63.00000 7705740    3   67.00000   63.00000  5.97%   0.0 3150s
 7713580     1   63.00000 7711837    3   67.00000   63.00000  5.97%   0.0 3155s
 7720548     1   63.00000 7718805    3   67.00000   63.00000  5.97%   0.0 3160s
 7726645     1   63.00000 7724902    3   67.00000   63.00000  5.97%   0.0 3165s
 7732742     1   63.00000 7730999    3   67.00000   63.00000  5.97%   0.0 3170s
 7739710     1   63.00000 7737967    3   67.00000   63.00000  5.97%   0.0 3175s
 7745807     1   63.00000 7744064    3   67.00000   63.00000  5.97%   0.0 3180s
 7752775     1   63.00000 7751032    3   67.00000   63.00000  5.97%   0.0 3185s
 7758872     1   63.00000 7757129    3   67.00000   63.00000  5.97%   0.0 3190s
 7764969     1   63.00000 7763226    3   67.00000   63.00000  5.97%   0.0 3195s
 7771937     1   63.00000 7770194    3   67.00000   63.00000  5.97%   0.0 3200s
 7778034     1   63.00000 7776291    3   67.00000   63.00000  5.97%   0.0 3205s
 7784131     1   63.00000 7782388    3   67.00000   63.00000  5.97%   0.0 3210s
 7791099     1   63.00000 7789356    3   67.00000   63.00000  5.97%   0.0 3215s
 7797196     1   63.00000 7795453    3   67.00000   63.00000  5.97%   0.0 3220s
 7803293     1   63.00000 7801550    3   67.00000   63.00000  5.97%   0.0 3225s
 7809390     1   63.00000 7807647    3   67.00000   63.00000  5.97%   0.0 3230s
 7815487     1   63.00000 7813744    3   67.00000   63.00000  5.97%   0.0 3235s
 7822455     1   63.00000 7820712    3   67.00000   63.00000  5.97%   0.0 3240s
 7828552     1   63.00000 7826809    3   67.00000   63.00000  5.97%   0.0 3245s
 7834649     1   63.00000 7832906    3   67.00000   63.00000  5.97%   0.0 3250s
 7841617     1   63.00000 7839874    3   67.00000   63.00000  5.97%   0.0 3255s
 7847714     1   63.00000 7845971    3   67.00000   63.00000  5.97%   0.0 3260s
 7853811     1   63.00000 7852068    3   67.00000   63.00000  5.97%   0.0 3265s
 7859908     1   63.00000 7858165    3   67.00000   63.00000  5.97%   0.0 3270s
 7866876     1   63.00000 7865133    3   67.00000   63.00000  5.97%   0.0 3275s
 7872973     1   63.00000 7871230    3   67.00000   63.00000  5.97%   0.0 3280s
 7879070     1   63.00000 7877327    3   67.00000   63.00000  5.97%   0.0 3285s
 7885167     1   63.00000 7883424    3   67.00000   63.00000  5.97%   0.0 3290s
 7891264     1   63.00000 7889521    3   67.00000   63.00000  5.97%   0.0 3295s
 7897361     1   63.00000 7895618    3   67.00000   63.00000  5.97%   0.0 3300s
 7904329     1   63.00000 7902586    3   67.00000   63.00000  5.97%   0.0 3305s
 7910426     1   63.00000 7908683    3   67.00000   63.00000  5.97%   0.0 3310s
 7916523     1   63.00000 7914780    3   67.00000   63.00000  5.97%   0.0 3315s
 7922620     1   63.00000 7920877    3   67.00000   63.00000  5.97%   0.0 3320s
 7928717     1   63.00000 7926974    3   67.00000   63.00000  5.97%   0.0 3325s
 7934814     1   63.00000 7933071    3   67.00000   63.00000  5.97%   0.0 3330s
 7940911     1   63.00000 7939168    3   67.00000   63.00000  5.97%   0.0 3335s
 7947008     1   63.00000 7945265    3   67.00000   63.00000  5.97%   0.0 3340s
 7953105     1   63.00000 7951362    3   67.00000   63.00000  5.97%   0.0 3345s
 7959202     1   63.00000 7957459    3   67.00000   63.00000  5.97%   0.0 3350s
 7965299     1   63.00000 7963556    3   67.00000   63.00000  5.97%   0.0 3355s
 7971396     1   63.00000 7969653    3   67.00000   63.00000  5.97%   0.0 3360s
 7977493     1   63.00000 7975750    3   67.00000   63.00000  5.97%   0.0 3365s
 7983590     1   63.00000 7981847    3   67.00000   63.00000  5.97%   0.0 3370s
 7989687     1   63.00000 7987944    3   67.00000   63.00000  5.97%   0.0 3375s
 7995784     1   63.00000 7994041    3   67.00000   63.00000  5.97%   0.0 3380s
 8001881     1   63.00000 8000138    3   67.00000   63.00000  5.97%   0.0 3385s
 8007978     1   63.00000 8006235    3   67.00000   63.00000  5.97%   0.0 3390s
 8014075     1   63.00000 8012332    3   67.00000   63.00000  5.97%   0.0 3395s
 8020172     1   63.00000 8018429    3   67.00000   63.00000  5.97%   0.0 3400s
 8026269     1   63.00000 8024526    3   67.00000   63.00000  5.97%   0.0 3405s
 8032366     1   63.00000 8030623    3   67.00000   63.00000  5.97%   0.0 3410s
 8038463     1   63.00000 8036720    3   67.00000   63.00000  5.97%   0.0 3415s
 8043689     1   63.00000 8041946    3   67.00000   63.00000  5.97%   0.0 3420s
 8049786     1   63.00000 8048043    3   67.00000   63.00000  5.97%   0.0 3425s
 8055883     1   63.00000 8054140    3   67.00000   63.00000  5.97%   0.0 3430s
 8061980     1   63.00000 8060237    3   67.00000   63.00000  5.97%   0.0 3435s
 8068077     1   63.00000 8066334    3   67.00000   63.00000  5.97%   0.0 3440s
 8074174     1   63.00000 8072431    3   67.00000   63.00000  5.97%   0.0 3445s
 8079400     1   63.00000 8077657    3   67.00000   63.00000  5.97%   0.0 3450s
 8085497     1   63.00000 8083754    3   67.00000   63.00000  5.97%   0.0 3455s
 8091594     1   63.00000 8089851    3   67.00000   63.00000  5.97%   0.0 3460s
 8097691     1   63.00000 8095948    3   67.00000   63.00000  5.97%   0.0 3465s
 8103788     1   63.00000 8102045    3   67.00000   63.00000  5.97%   0.0 3470s
 8109885     1   63.00000 8108142    3   67.00000   63.00000  5.97%   0.0 3475s
 8115982     1   63.00000 8114239    3   67.00000   63.00000  5.97%   0.0 3480s
 8122079     1   63.00000 8120336    3   67.00000   63.00000  5.97%   0.0 3485s
 8128176     1   63.00000 8126433    3   67.00000   63.00000  5.97%   0.0 3490s
 8133402     1   63.00000 8131659    3   67.00000   63.00000  5.97%   0.0 3495s
 8139499     1   63.00000 8137756    3   67.00000   63.00000  5.97%   0.0 3500s
 8145596     1   63.00000 8143853    3   67.00000   63.00000  5.97%   0.0 3505s
 8151693     1   63.00000 8149950    3   67.00000   63.00000  5.97%   0.0 3510s
 8157790     1   63.00000 8156047    3   67.00000   63.00000  5.97%   0.0 3515s
 8163016     1   63.00000 8161273    3   67.00000   63.00000  5.97%   0.0 3520s
 8169113     1   63.00000 8167370    3   67.00000   63.00000  5.97%   0.0 3525s
 8175210     1   63.00000 8173467    3   67.00000   63.00000  5.97%   0.0 3530s
 8181307     1   63.00000 8179564    3   67.00000   63.00000  5.97%   0.0 3535s
 8187404     1   63.00000 8185661    3   67.00000   63.00000  5.97%   0.0 3540s
 8193501     1   63.00000 8191758    3   67.00000   63.00000  5.97%   0.0 3545s
 8198727     1   63.00000 8196984    3   67.00000   63.00000  5.97%   0.0 3550s
 8204824     1   63.00000 8203081    3   67.00000   63.00000  5.97%   0.0 3555s
 8210921     1   63.00000 8209178    3   67.00000   63.00000  5.97%   0.0 3560s
 8216147     1   63.00000 8214404    3   67.00000   63.00000  5.97%   0.0 3565s
 8222244     1   63.00000 8220501    3   67.00000   63.00000  5.97%   0.0 3570s
 8228341     1   63.00000 8226598    3   67.00000   63.00000  5.97%   0.0 3575s
 8234438     1   63.00000 8232695    3   67.00000   63.00000  5.97%   0.0 3580s
 8240535     1   63.00000 8238792    3   67.00000   63.00000  5.97%   0.0 3585s
 8245761     1   63.00000 8244018    3   67.00000   63.00000  5.97%   0.0 3590s
 8251858     1   63.00000 8250115    3   67.00000   63.00000  5.97%   0.0 3595s

Cutting planes:
  Learned: 80
  Gomory: 9
  Cover: 7
  Implied bound: 15
  MIR: 34
  StrongCG: 1
  Flow cover: 72
  Inf proof: 7
  Relax-and-lift: 1

Explored 8257955 nodes (13854 simplex iterations) in 3600.61 seconds (201.77 work units)
Thread count was 16 (of 16 available processors)

Solution count 10: 67 70 71 ... 114

Time limit reached
Best objective 6.700000000000e+01, best bound 6.300000000000e+01, gap 5.9701%
Warning: constraint name "precedence between 0,1 to 0,0 if x_[j,l,h,z,i]=1" has a space
Warning: constraint name "precedence between 0,1 to 0,0 if x_[j,l,h,z,i]=1" has a space
Warning: default constraint names used to write mps file
