
Gurobi 10.0.1 (win64) logging started Sun Oct  8 02:17:15 2023

Set parameter LogFile to value "./results//log/URT_20_deadline_heurFalse.log"
Gurobi Optimizer version 10.0.1 build v10.0.1rc0 (win64)

CPU model: AMD Ryzen 7 3700X 8-Core Processor, instruction set [SSE2|AVX|AVX2]
Thread count: 8 physical cores, 16 logical processors, using up to 16 threads

Optimize a model with 3409 rows, 3925 columns and 15668 nonzeros
Model fingerprint: 0xeee65196
Model has 1 quadratic constraint
Variable types: 0 continuous, 3925 integer (3768 binary)
Coefficient statistics:
  Matrix range     [1e+00, 1e+07]
  QMatrix range    [1e+00, 1e+00]
  QLMatrix range   [1e+00, 2e+01]
  Objective range  [1e+00, 1e+00]
  Bounds range     [1e+00, 1e+00]
  RHS range        [1e+00, 3e+07]
Presolve removed 216 rows and 2561 columns
Presolve time: 0.06s
Presolved: 3193 rows, 1364 columns, 15088 nonzeros
Variable types: 0 continuous, 1364 integer (1208 binary)

Root relaxation: objective 5.697000e+03, 523 iterations, 0.01 seconds (0.01 work units)

    Nodes    |    Current Node    |     Objective Bounds      |     Work
 Expl Unexpl |  Obj  Depth IntInf | Incumbent    BestBd   Gap | It/Node Time

     0     0 5697.00029    0   23          - 5697.00029      -     -    0s
     0     0 5697.00029    0   55          - 5697.00029      -     -    0s
     0     0 5697.00029    0   58          - 5697.00029      -     -    0s
     0     0 5697.00029    0   18          - 5697.00029      -     -    0s
     0     0 5697.01422    0   70          - 5697.01422      -     -    0s
     0     0 5697.01422    0   69          - 5697.01422      -     -    0s
     0     0 5697.01422    0   25          - 5697.01422      -     -    0s
     0     0 5697.01422    0   57          - 5697.01422      -     -    0s
     0     0 5697.33907    0   68          - 5697.33907      -     -    1s
     0     0 5697.33907    0   71          - 5697.33907      -     -    1s
     0     0 5697.51475    0   65          - 5697.51475      -     -    1s
     0     0 5698.01475    0   33          - 5698.01475      -     -    1s
     0     0 5698.01475    0   77          - 5698.01475      -     -    1s
     0     0 5698.28629    0   56          - 5698.28629      -     -    1s
     0     0 5698.28629    0   63          - 5698.28629      -     -    1s
     0     0 5698.28629    0   59          - 5698.28629      -     -    1s
     0     0 5698.28629    0   65          - 5698.28629      -     -    1s
     0     0 5698.28629    0   26          - 5698.28629      -     -    2s
     0     0 5698.28629    0   71          - 5698.28629      -     -    2s
     0     0 5698.28629    0   34          - 5698.28629      -     -    2s
     0     0 5698.28629    0   67          - 5698.28629      -     -    2s
     0     0 5698.28629    0   40          - 5698.28629      -     -    2s
H    0     0                    9.999976e+07 5698.28629   100%     -    2s
     0     0 5698.28629    0   34 1.0000e+08 5698.28629   100%     -    2s
     0     2 5699.00058    0   17 1.0000e+08 5699.00058   100%     -    3s
H  161   171                    6819.0000000 5700.00000  16.4%  14.6    3s
H  559   588                    6764.0000000 5700.00000  15.7%   9.9    3s
H  752   713                    6657.0000000 5700.00000  14.4%  10.7    3s
H  804   796                    6556.0000000 5700.00000  13.1%  10.9    3s
H 1008   807                    6552.0000000 5700.00000  13.0%   9.9    3s
H 1069   804                    6453.0000000 5700.00000  11.7%   9.4    3s
H 1073   803                    6410.0000000 5700.00000  11.1%   9.5    3s
H 1150   847                    6381.0000000 5700.00000  10.7%   9.0    3s
H 1237   847                    6364.0000000 5700.00000  10.4%   8.6    3s
H 1320   850                    6309.0000000 5700.00000  9.65%   8.4    4s
H 1322   850                    6255.0000000 5700.00000  8.87%   8.4    4s
H 2533   982                    6183.0000000 5700.00000  7.81%   4.9    4s
H 3722  1033                    6159.0000000 5700.00000  7.45%   3.6    4s
  4932  1085 5875.00000   41   15 6159.00000 5700.00000  7.45%   2.8    5s
H 8190  1124                    6139.0000000 5700.00000  7.15%   1.8    5s
H14723  1133                    6106.0000000 5700.00000  6.65%   1.0    7s
H14742  1086                    6102.0000000 5801.39132  4.93%   1.0    8s
H14759  1042                    6090.0000000 5811.53171  4.57%   1.0    9s
H14760   990                    6088.0000000 5815.19302  4.48%   1.0    9s
 14763   992 5815.32293   46  163 6088.00000 5815.32293  4.48%   1.0   10s
H14773   948                    6086.0000000 5816.26985  4.43%   1.0   10s
 14837   991 5948.00000   54  165 6086.00000 5833.89471  4.14%   3.2   15s
H15946  1389                    6085.0000000 5833.89471  4.13%   5.0   16s
H15953  1338                    6074.0000000 5833.89471  3.95%   5.0   16s
H15955  1293                    6072.0000000 5833.89471  3.92%   5.0   16s
H16182  1241                    6055.0000000 5833.89471  3.65%   5.2   19s
H16185  1199                    6041.0000000 5833.89471  3.43%   5.2   19s
 16566  1192 6025.00000   44   38 6041.00000 5833.89471  3.43%   5.7   20s
 27086  7260 5880.38555   27  122 6041.00000 5862.08217  2.96%  10.4   25s
H29697  8093                    6039.0000000 5863.58042  2.90%  10.8   28s
H29706  4497                    6017.0000000 5863.58042  2.55%  10.8   28s
 31843  6030 6014.00000   65   27 6017.00000 5866.27043  2.51%  11.4   30s
 42326 11605 5940.00000   36   34 6017.00000 5873.73822  2.38%  12.6   41s
 42355 11624 5947.00000   57  180 6017.00000 5873.73822  2.38%  12.6   45s
H42364 11047                    6016.0000000 5873.73822  2.36%  12.6   48s
H42368 10497                    6009.0000000 5873.73822  2.25%  12.6   49s
 42371 10499 5997.00000   81  204 6009.00000 5873.73822  2.25%  12.6   50s
H42375  9976                    6008.0000000 5873.73822  2.23%  12.6   52s
H42378  9478                    6003.0000000 5873.73822  2.15%  12.6   54s
H42379  9004                    6002.0000000 5873.73822  2.14%  12.6   55s
H42381  8554                    6001.0000000 5873.73822  2.12%  12.6   56s
H42384  8128                    6000.0000000 5873.73822  2.10%  12.6   57s
 42391  8132 5879.45455   37  189 6000.00000 5873.73822  2.10%  12.6   60s
 42400  8138 6000.00000   60  211 6000.00000 5873.73822  2.10%  12.6   65s
 42486  8213 5892.51782   34  132 6000.00000 5873.73822  2.10%  14.1   72s
H42644  7835                    5999.0000000 5873.73822  2.09%  14.3   72s
 43371  8025 5952.17457   48   93 5999.00000 5873.73822  2.09%  14.6   76s
H43373  7636                    5996.0000000 5873.73822  2.04%  14.6   76s
H43378  7265                    5994.0000000 5873.73822  2.01%  14.6   76s
 48314  8193 5987.00000   64   44 5994.00000 5873.73822  2.01%  16.3   80s
 54575  9427 5884.65388   40  110 5994.00000 5873.73822  2.01%  17.8   85s
H56669  9055                    5993.0000000 5873.73822  1.99%  18.1   87s
 60200  9732 5988.00000   78   34 5993.00000 5873.89401  1.99%  18.4   90s
 66682 12074 5985.00000   59   41 5993.00000 5878.82562  1.91%  19.2   95s
 74051 15457 5937.92800   45   96 5993.00000 5881.54259  1.86%  19.6  100s
 80854 18647     cutoff   72      5993.00000 5884.71382  1.81%  20.2  105s
 86610 21074 5972.00000   53   56 5993.00000 5886.87386  1.77%  20.6  110s
 93395 24359 5983.00000   56   37 5993.00000 5889.30556  1.73%  20.9  116s
 98923 26469 5915.34468   44   91 5993.00000 5890.85734  1.70%  20.9  120s
 104081 28491 5924.36250   46   80 5993.00000 5892.10895  1.68%  21.1  125s
 109752 30973 infeasible   51      5993.00000 5893.38301  1.66%  21.2  130s
 115434 33065 5967.00000   49   53 5993.00000 5894.27024  1.65%  21.3  135s
 120382 34589 5959.31799   45   94 5993.00000 5895.48039  1.63%  21.4  140s
 125266 37043 5912.03217   38   90 5993.00000 5896.76543  1.61%  21.5  145s
*130924 36139             103    5991.0000000 5897.73594  1.56%  21.6  149s
 131051 36941     cutoff   55      5991.00000 5897.83333  1.56%  21.6  151s
 136530 39200 5930.00329   47  102 5991.00000 5899.00000  1.54%  21.7  156s
 140189 40774 5940.00000   73   33 5991.00000 5899.36009  1.53%  21.7  160s
 146226 42369 5921.94521   43  101 5991.00000 5900.17763  1.52%  21.7  169s
H146231 39327                    5989.0000000 5900.17763  1.48%  21.7  169s
 146286 39706 5935.40000   44   97 5989.00000 5900.19483  1.48%  21.7  170s
 151145 41766 5959.87703   43   73 5989.00000 5901.15171  1.47%  21.8  176s
 154943 43477 infeasible   70      5989.00000 5901.86717  1.45%  21.8  181s
 159513 46071     cutoff   65      5989.00000 5902.00000  1.45%  21.8  185s
 166243 48630 5971.00000   64   45 5989.00000 5902.00000  1.45%  21.6  190s
 171699 50676 5974.00000   60   38 5989.00000 5903.17750  1.43%  21.6  196s
 175650 52435 5940.00000   68   48 5989.00000 5904.00000  1.42%  21.6  200s
 181195 54950     cutoff   44      5989.00000 5904.57151  1.41%  21.7  206s
 186615 57367     cutoff   77      5989.00000 5905.00000  1.40%  21.5  211s
*190692 56532             123    5988.0000000 5905.00000  1.39%  21.4  213s
 191028 58097 infeasible   66      5988.00000 5905.00000  1.39%  21.4  216s
 197241 60035 5963.00000   67   45 5988.00000 5905.01069  1.39%  21.3  221s
 201509 61910 5982.00000   62   19 5988.00000 5905.85657  1.37%  21.3  225s
 207006 64110     cutoff   48      5988.00000 5906.00000  1.37%  21.3  231s
 211828 66015 5938.00558   51   98 5988.00000 5906.54562  1.36%  21.3  236s
 216590 67755 5983.00000   79   25 5988.00000 5907.00000  1.35%  21.3  240s
 222138 69932 5941.00000   43   65 5988.00000 5907.00678  1.35%  21.2  246s
 226635 72417 5942.45460   50  104 5988.00000 5907.89330  1.34%  21.3  252s
 231921 74891 5987.00000   78   23 5988.00000 5908.00000  1.34%  21.2  257s
 233977 76949 infeasible   77      5988.00000 5908.00000  1.34%  21.1  260s
H234068 74029                    5987.0000000 5908.00000  1.32%  21.1  260s
*236533 71754             135    5986.0000000 5908.00000  1.30%  21.0  260s
*239015 69560             134    5985.0000000 5908.00000  1.29%  21.0  262s
 241749 71298 5970.00000   72   16 5985.00000 5908.00000  1.29%  20.9  265s
 248041 74408 5981.00000   94   19 5985.00000 5908.00000  1.29%  20.7  270s
 253513 77138 5921.00766   59   63 5985.00000 5908.00000  1.29%  20.6  276s
 258802 79772 5955.00000   84   17 5985.00000 5908.00000  1.29%  20.6  281s
*260358 77297             134    5984.0000000 5908.00367  1.27%  20.5  281s
 263202 79288 5977.00000   90   31 5984.00000 5908.00367  1.27%  20.5  285s
*263974 76405             136    5983.0000000 5908.00367  1.25%  20.4  285s
*265594 72319             125    5981.0000000 5908.00367  1.22%  20.4  287s
 269087 74002 5946.00000   80   32 5981.00000 5908.00367  1.22%  20.3  291s
H270851 71408                    5980.0000000 5908.00367  1.20%  20.3  291s
 273182 72861 5913.00172   73   46 5980.00000 5908.00454  1.20%  20.2  296s
 277038 74796 5965.00000   90   28 5980.00000 5908.00459  1.20%  20.2  301s
 281763 76249 5966.00000   84   27 5980.00000 5908.00459  1.20%  20.1  305s
*284233 74939             126    5979.0000000 5908.00459  1.19%  20.1  307s
H284857 68019                    5976.0000000 5908.00459  1.14%  20.1  307s
 288200 69905 5975.00000  118    4 5976.00000 5908.01069  1.14%  20.0  311s
H291307 68411                    5975.0000000 5908.01069  1.12%  20.0  313s
 291893 69492     cutoff   96      5975.00000 5908.01069  1.12%  20.0  315s
 297999 72232 5918.04822   63   62 5975.00000 5908.05079  1.12%  19.9  322s
 301875 72953     cutoff   49      5975.00000 5908.28571  1.12%  19.9  325s
 305478 74249 5942.27362   51   67 5975.00000 5908.72414  1.11%  19.9  330s
*308013 73250             137    5974.0000000 5909.00000  1.09%  19.9  333s
 310600 74346     cutoff   86      5974.00000 5909.00000  1.09%  19.9  336s
 315921 76352 5929.11261   60   53 5974.00000 5909.00000  1.09%  19.9  341s
 320620 78888 5966.00000   80   27 5974.00000 5909.00000  1.09%  19.8  347s
*322302 74291             141    5972.0000000 5909.00000  1.05%  19.8  347s
*322317 68881             138    5969.0000000 5909.00000  1.01%  19.8  347s
 324060 69299 5941.00000   74   25 5969.00000 5909.00000  1.01%  19.8  350s
*327476 68751             149    5968.0000000 5909.00367  0.99%  19.7  352s
 328326 69376 5938.00000   82   49 5968.00000 5909.00368  0.99%  19.7  355s
*328438 67715             139    5967.0000000 5909.00368  0.97%  19.7  355s
 334031 70010 5911.48255   61   87 5967.00000 5909.00454  0.97%  19.7  362s
 338531 71612 5945.00000   76   25 5967.00000 5909.01069  0.97%  19.6  366s
H339307 65651                    5964.0000000 5909.01069  0.92%  19.6  366s
 342360 67700 5955.00000   59   31 5964.00000 5909.01069  0.92%  19.6  371s
 347419 69757     cutoff   75      5964.00000 5909.01069  0.92%  19.5  375s
*349096 67917             123    5963.0000000 5909.01069  0.91%  19.5  376s
 351653 69342 5954.00000   79   25 5963.00000 5909.01069  0.91%  19.5  380s
 357283 71377 5945.80952   41   80 5963.00000 5909.04940  0.90%  19.5  386s
 360383 72269 5958.00000   90   24 5963.00000 5909.23832  0.90%  19.5  390s
 363494 73528 5923.00516   60   71 5963.00000 5909.52174  0.90%  19.5  395s
*367979 72019             122    5962.0000000 5910.00000  0.87%  19.5  398s
 368018 73149 5911.15599   43  112 5962.00000 5910.00000  0.87%  19.5  401s
*368357 71148             139    5961.0000000 5910.00000  0.86%  19.5  401s
*368364 68990             139    5960.0000000 5910.00000  0.84%  19.5  401s
*373077 67976             138    5959.0000000 5910.00000  0.82%  19.5  404s
 374184 68854 5910.00322   63   62 5959.00000 5910.00000  0.82%  19.5  407s
 376840 69741 5951.00000   85   42 5959.00000 5910.00000  0.82%  19.5  410s
 381419 71448 5954.00000   95   30 5959.00000 5910.00459  0.82%  19.5  415s
*385929 70860             129    5958.0000000 5910.01069  0.81%  19.4  418s
 386931 71952 infeasible   89      5958.00000 5910.01069  0.81%  19.4  420s
*389820 69094             140    5956.0000000 5910.01069  0.77%  19.4  423s
 391470 69639 5934.00000   82   44 5956.00000 5910.01069  0.77%  19.4  425s
 395473 71321 5936.00000   73   35 5956.00000 5910.01069  0.77%  19.4  430s
 399703 72923 5955.00000  107   14 5956.00000 5910.04143  0.77%  19.3  435s
 405361 74590 5944.00000   78   18 5956.00000 5910.13873  0.77%  19.3  442s
*407497 70899             128    5954.0000000 5910.31364  0.73%  19.3  444s
 408904 71481 5928.00000   55   55 5954.00000 5910.41667  0.73%  19.4  447s
 411481 71942 5929.00000   57   55 5954.00000 5910.41667  0.73%  19.4  450s
 416883 73841     cutoff   66      5954.00000 5911.00000  0.72%  19.4  457s
*419182 69278             124    5952.0000000 5911.00000  0.69%  19.4  457s
 420050 69985     cutoff   65      5952.00000 5911.00000  0.69%  19.4  460s
 425477 71615 5935.00000   72   49 5952.00000 5911.00000  0.69%  19.4  466s
 428237 72472     cutoff   47      5952.00000 5911.00000  0.69%  19.4  470s
 433649 74030     cutoff   72      5952.00000 5911.00000  0.69%  19.4  477s
 436076 74667     cutoff   78      5952.00000 5911.00000  0.69%  19.4  480s
 440723 76133 5923.00000   74   49 5952.00000 5911.00000  0.69%  19.5  486s
 445731 77630 5940.00000  120    7 5952.00000 5911.00000  0.69%  19.5  493s
*445763 75492             146    5951.0000000 5911.00000  0.67%  19.5  493s
 448252 76162     cutoff   94      5951.00000 5911.00000  0.67%  19.5  496s
*450299 72095             148    5949.0000000 5911.00000  0.64%  19.5  496s
 452897 73736 5927.00000   70   46 5949.00000 5911.00459  0.64%  19.5  502s
 455488 74368     cutoff   77      5949.00000 5911.00867  0.64%  19.5  505s
 459355 75629 5911.01915   54  113 5949.00000 5911.01560  0.64%  19.5  510s
 463162 77174 5911.01915   59  105 5949.00000 5911.01915  0.64%  19.5  515s
 467057 78582 5915.03415   69   83 5949.00000 5911.01915  0.64%  19.5  520s
 471905 80047 infeasible   79      5949.00000 5911.05493  0.64%  19.5  526s
 475795 81036 infeasible   78      5949.00000 5911.06403  0.64%  19.5  531s
 479793 81724 5912.00000   62   68 5949.00000 5911.54529  0.63%  19.5  537s
 481873 82741 5926.01502   68   62 5949.00000 5911.80705  0.63%  19.5  541s
 485037 83892 5947.00000   69   24 5949.00000 5912.00000  0.62%  19.5  545s
 490750 85308 5912.00000   63   64 5949.00000 5912.00000  0.62%  19.5  552s
 493665 85939     cutoff   68      5949.00000 5912.00000  0.62%  19.5  556s
 498027 87274 5918.00000   55   60 5949.00000 5912.00000  0.62%  19.5  563s
 501124 88043 5914.00092   70   68 5949.00000 5912.00000  0.62%  19.5  567s
 504218 88853     cutoff   80      5949.00000 5912.00000  0.62%  19.5  571s
*505475 86552             116    5948.0000000 5912.00229  0.61%  19.5  571s
 506629 87693 infeasible   74      5948.00000 5912.00459  0.61%  19.5  575s
 512708 89535 5927.00000   71   39 5948.00000 5912.00459  0.61%  19.5  583s
 515527 90236 infeasible   72      5948.00000 5912.00459  0.61%  19.5  586s
 517854 91180 5942.00000   68   34 5948.00000 5912.00459  0.61%  19.5  590s
 523610 92935     cutoff   94      5948.00000 5912.00459  0.61%  19.4  598s
 526418 93761 5925.00238   78   51 5948.00000 5912.00459  0.61%  19.4  602s
 529117 94441 5932.00000   81   45 5948.00000 5912.00459  0.61%  19.4  605s
*529812 88865             115    5946.0000000 5912.00459  0.57%  19.4  605s
 533988 90289 5938.00000   84   25 5946.00000 5912.00867  0.57%  19.4  612s
H534435 68616                    5938.0000000 5912.00867  0.44%  19.4  612s
 536472 69210 5914.44269   65   62 5938.00000 5912.00867  0.44%  19.4  616s
 541223 70656 5919.00000   62   53 5938.00000 5912.01886  0.44%  19.4  623s
 543253 71336 5912.01886   56   92 5938.00000 5912.01886  0.44%  19.4  626s
H544269 68275                    5937.0000000 5912.01886  0.42%  19.4  626s
 547448 69527 5924.05802   68   91 5937.00000 5912.01886  0.42%  19.4  633s
 550338 70045 5914.32036   76   76 5937.00000 5912.01894  0.42%  19.4  636s
 552627 70661 infeasible   81      5937.00000 5912.02263  0.42%  19.5  641s
 555766 71083 5917.06426   72   54 5937.00000 5912.02802  0.42%  19.5  645s
 561182 71857     cutoff   59      5937.00000 5912.05532  0.42%  19.5  652s
 563445 72179     cutoff   79      5937.00000 5912.11838  0.42%  19.5  655s
 567216 72782     cutoff   74      5937.00000 5912.34001  0.42%  19.5  662s
 569738 72881 5921.00000   59   57 5937.00000 5912.50000  0.41%  19.5  665s
 573792 73977 infeasible   53      5937.00000 5912.90769  0.41%  19.5  672s
 577133 74511 5925.00000   78   31 5937.00000 5913.00000  0.40%  19.5  677s
 579868 75022 5917.00000   82   40 5937.00000 5913.00000  0.40%  19.5  681s
 582686 75482 5935.00000   74   49 5937.00000 5913.00000  0.40%  19.5  685s
 587972 76068 infeasible   71      5937.00000 5913.00000  0.40%  19.5  692s
 590018 76434 5914.77778   57   85 5937.00000 5913.00000  0.40%  19.5  695s
 594608 77031     cutoff   84      5937.00000 5913.00000  0.40%  19.5  703s
 596896 77377     cutoff   57      5937.00000 5913.00000  0.40%  19.5  707s
 599468 78338     cutoff   66      5937.00000 5913.00321  0.40%  19.5  711s
 602757 78949 5925.00000   80   18 5937.00000 5913.00459  0.40%  19.5  715s
 607845 80302 5919.00000   61   37 5937.00000 5913.00459  0.40%  19.5  722s
 610746 81025 5921.00455   78   70 5937.00000 5913.00459  0.40%  19.5  726s
 613679 81429 infeasible   81      5937.00000 5913.00704  0.40%  19.5  730s
 618395 82591     cutoff   71      5937.00000 5913.01631  0.40%  19.5  736s
 621667 82898     cutoff   77      5937.00000 5913.03714  0.40%  19.5  740s
 624708 83724 5929.00000   79   45 5937.00000 5913.03714  0.40%  19.5  746s
 629111 84056 5921.07216   46  106 5937.00000 5913.23489  0.40%  19.5  752s
 630756 84308 infeasible  108      5937.00000 5913.49905  0.40%  19.5  755s
 635857 85660 5921.00000   64   30 5937.00000 5913.89385  0.39%  19.5  763s
 639337 86228 5930.00000   92   24 5937.00000 5914.00000  0.39%  19.5  767s
 642137 86861     cutoff   84      5937.00000 5914.00000  0.39%  19.5  772s
 645049 87388 5922.00797   73   50 5937.00000 5914.00000  0.39%  19.5  777s
 648328 87711     cutoff   76      5937.00000 5914.00000  0.39%  19.5  781s
 651316 87927     cutoff   82      5937.00000 5914.00000  0.39%  19.5  785s
 656544 88706 5932.28592   72   54 5937.00000 5914.00000  0.39%  19.5  793s
 658993 88993 5926.00000   77   35 5937.00000 5914.00000  0.39%  19.5  798s
 661848 89216     cutoff   65      5937.00000 5914.00000  0.39%  19.5  802s
 664591 89425 5926.00000   84   33 5937.00000 5914.00000  0.39%  19.5  806s
 666919 89682 5934.00000   74   40 5937.00000 5914.00000  0.39%  19.5  810s
 672366 90111 infeasible   51      5937.00000 5914.00000  0.39%  19.5  818s
 674064 90407 5935.00000   71   52 5937.00000 5914.00000  0.39%  19.5  823s
 677436 90606 infeasible   64      5937.00000 5914.00000  0.39%  19.5  827s
 679987 90861 5927.04819   71   52 5937.00000 5914.00000  0.39%  19.5  832s
 682819 91361 5934.02359   76   68 5937.00000 5914.00000  0.39%  19.5  837s
 685845 91710 5923.01097   62   81 5937.00000 5914.00000  0.39%  19.5  841s
 688425 92251 5920.00172   83   61 5937.00000 5914.00000  0.39%  19.5  846s
 691501 92705 5936.00000   70   33 5937.00000 5914.00172  0.39%  19.5  850s
 696477 93742     cutoff   72      5937.00000 5914.00402  0.39%  19.5  857s
 699164 94228 5930.00000  116   17 5937.00000 5914.00673  0.39%  19.5  861s
 704122 94925 infeasible   78      5937.00000 5914.01079  0.39%  19.5  869s
 706388 95311 5929.00000   48   86 5937.00000 5914.01097  0.39%  19.5  873s
 709074 95556 5929.20000   73   40 5937.00000 5914.01613  0.39%  19.5  877s
 711332 96076 infeasible   74      5937.00000 5914.03580  0.39%  19.5  881s
 713824 96559 infeasible   75      5937.00000 5914.04668  0.39%  19.5  885s
 718379 97025 5936.00000   98   21 5937.00000 5914.06403  0.39%  19.5  892s
 720589 97169 5924.00000   86   29 5937.00000 5914.20588  0.38%  19.5  896s
 722823 97358     cutoff   46      5937.00000 5914.50229  0.38%  19.5  900s
 727360 98255 5928.00494   57   56 5937.00000 5914.93548  0.37%  19.5  908s
 730818 98696     cutoff   62      5937.00000 5915.00000  0.37%  19.5  913s
 733557 99090 5927.07663   75   59 5937.00000 5915.00000  0.37%  19.5  918s
 736175 99530 5922.00000   64   49 5937.00000 5915.00000  0.37%  19.5  923s
 738585 99811 5931.00000   71   44 5937.00000 5915.00000  0.37%  19.5  927s
 741301 99956 infeasible   66      5937.00000 5915.00000  0.37%  19.5  931s
 743331 100264 5928.06817   79   58 5937.00000 5915.00000  0.37%  19.5  936s
 746117 100583     cutoff   83      5937.00000 5915.00000  0.37%  19.5  941s
 748677 101137 infeasible   72      5937.00000 5915.00229  0.37%  19.5  946s
 751860 101867 5922.40000   70   62 5937.00000 5915.00241  0.37%  19.5  950s
 754977 102271 5915.15004   69   77 5937.00000 5915.00241  0.37%  19.5  955s
 759775 103382 5930.04082   71   37 5937.00000 5915.00716  0.37%  19.5  963s
 762271 103745 5918.00239   53   57 5937.00000 5915.00716  0.37%  19.5  967s
 764795 104113 5920.01044   66   69 5937.00000 5915.01002  0.37%  19.5  971s
 767055 104630 infeasible   79      5937.00000 5915.01002  0.37%  19.5  975s
 769630 105079 infeasible   80      5937.00000 5915.02024  0.37%  19.5  980s
 774647 105855 5931.00000   66   48 5937.00000 5915.03263  0.37%  19.5  988s
 776710 106217     cutoff   69      5937.00000 5915.04323  0.37%  19.5  991s
 780701 107365 infeasible   61      5937.00000 5915.04694  0.37%  19.5  998s
 782960 107997 5930.12975   77   79 5937.00000 5915.04694  0.37%  19.6 1003s
 785862 108394 5930.00000   61   52 5937.00000 5915.04736  0.37%  19.6 1007s
 788712 108562     cutoff   70      5937.00000 5915.08889  0.37%  19.6 1012s
 790574 108798 5930.00000   73   28 5937.00000 5915.10460  0.37%  19.6 1016s
 793130 108937 5932.00000   66   34 5937.00000 5915.33761  0.36%  19.6 1021s
 795498 109135     cutoff   75      5937.00000 5915.52384  0.36%  19.6 1025s
 797913 109473 5922.50532   70   97 5937.00000 5915.74146  0.36%  19.6 1030s
 803203 110148     cutoff   77      5937.00000 5916.00000  0.35%  19.6 1038s
 806489 110484     cutoff   85      5937.00000 5916.00000  0.35%  19.6 1043s
 808747 110872 5936.00000   96   17 5937.00000 5916.00000  0.35%  19.6 1047s
 811605 111232 5936.00000   81   41 5937.00000 5916.00000  0.35%  19.6 1051s
 814261 111481 5916.00000   65   39 5937.00000 5916.00000  0.35%  19.6 1056s
 816518 111927 5916.00057   82   44 5937.00000 5916.00000  0.35%  19.6 1060s
 819317 112169 infeasible   68      5937.00000 5916.00000  0.35%  19.6 1065s
 823997 112521 5930.20081   60   78 5937.00000 5916.00000  0.35%  19.7 1075s
 827438 112638 5927.00000   59   53 5937.00000 5916.00000  0.35%  19.7 1080s
 830010 113171 infeasible   65      5937.00000 5916.00229  0.35%  19.7 1086s
 833332 113520     cutoff   77      5937.00000 5916.00230  0.35%  19.7 1090s
 835947 114061     cutoff   63      5937.00000 5916.00230  0.35%  19.7 1095s
 839213 114480     cutoff   77      5937.00000 5916.00805  0.35%  19.7 1102s
 842725 114548 5916.00813   78   70 5937.00000 5916.00813  0.35%  19.7 1108s
 845387 114550 5916.00813   84   68 5937.00000 5916.00813  0.35%  19.6 1114s
 847847 114550     cutoff   75      5937.00000 5916.00813  0.35%  19.6 1115s
 848684 114700     cutoff   92      5937.00000 5916.00813  0.35%  19.6 1120s
 854120 115309 5922.09804   93   44 5937.00000 5916.00960  0.35%  19.6 1129s
 855950 115519 5930.00000   67   46 5937.00000 5916.01012  0.35%  19.6 1133s
 858196 115936 infeasible   75      5937.00000 5916.02236  0.35%  19.6 1137s
 860805 116329 5926.04357   73   46 5937.00000 5916.03202  0.35%  19.6 1141s
 863352 116586     cutoff   64      5937.00000 5916.04938  0.35%  19.6 1146s
 865242 116954     cutoff   64      5937.00000 5916.06575  0.35%  19.6 1150s
 867991 116905 5925.92308   67   45 5937.00000 5916.12997  0.35%  19.7 1155s
 873078 117238 5925.15000   47   99 5937.00000 5916.52113  0.34%  19.7 1164s
 875742 117711 5920.79167   67   60 5937.00000 5916.75229  0.34%  19.7 1169s
 879040 118228 5919.00000   68   35 5937.00000 5916.91667  0.34%  19.7 1174s
 881957 118916     cutoff   79      5937.00000 5917.00000  0.34%  19.7 1180s
 885891 119441 5933.00000   84   33 5937.00000 5917.00000  0.34%  19.7 1185s
 891179 119745 5917.00000   79   33 5937.00000 5917.00000  0.34%  19.6 1190s
 894317 120319 infeasible  102      5937.00000 5917.00000  0.34%  19.6 1198s
 896499 120825 5928.00000   76   21 5937.00000 5917.00000  0.34%  19.6 1202s
 899488 121141 infeasible   82      5937.00000 5917.00000  0.34%  19.6 1207s
 902302 121471 5917.00000   72   28 5937.00000 5917.00000  0.34%  19.6 1211s
 904555 121887 5933.00000  104   14 5937.00000 5917.00000  0.34%  19.6 1215s
 907519 122043     cutoff   79      5937.00000 5917.00000  0.34%  19.6 1220s
 910670 122301     cutoff   85      5937.00000 5917.00000  0.34%  19.6 1225s
 915069 122640 5919.00000   84   21 5937.00000 5917.00000  0.34%  19.6 1233s
 917744 122940 5928.00000   79   44 5937.00000 5917.00000  0.34%  19.6 1237s
 919917 123320 5917.00000   75   27 5937.00000 5917.00000  0.34%  19.6 1241s
 922880 123660 5927.11776   75   63 5937.00000 5917.00000  0.34%  19.6 1246s
 925934 124137 5919.00000   81   24 5937.00000 5917.00000  0.34%  19.6 1251s
 928823 124422 5931.00000   85   43 5937.00000 5917.00000  0.34%  19.5 1256s
 931223 124849 5925.00000   89   33 5937.00000 5917.00000  0.34%  19.5 1260s
 933913 125482 5917.00000   73   36 5937.00000 5917.00000  0.34%  19.5 1266s
 937930 125956 5919.00000   85   23 5937.00000 5917.00000  0.34%  19.5 1271s
 940629 126329 5917.00000   85   29 5937.00000 5917.00000  0.34%  19.5 1276s
 943913 126671 5927.00000   60   48 5937.00000 5917.00000  0.34%  19.5 1281s
 946933 126951 5919.10762   87   69 5937.00000 5917.00000  0.34%  19.5 1286s
 949336 127477     cutoff   93      5937.00000 5917.00000  0.34%  19.5 1291s
 954537 128105 5933.00000  105   30 5937.00000 5917.00000  0.34%  19.5 1299s
 957608 128576 5925.00000   86   27 5937.00000 5917.00000  0.34%  19.5 1304s
 960623 128839 5917.33333   85   45 5937.00000 5917.00000  0.34%  19.5 1308s
 962715 129340 5919.11283   84   79 5937.00000 5917.00000  0.34%  19.5 1312s
 965462 129797     cutoff   88      5937.00000 5917.00000  0.34%  19.5 1316s
 968320 130142 5929.00000   58   38 5937.00000 5917.00000  0.34%  19.4 1321s
 971098 130441 5918.00000   82   57 5937.00000 5917.00000  0.34%  19.4 1326s
 973497 130946 infeasible   83      5937.00000 5917.00000  0.34%  19.4 1331s
 977000 131210 infeasible   77      5937.00000 5917.00000  0.34%  19.4 1336s
 979884 131574 5922.26316   80   89 5937.00000 5917.00000  0.34%  19.4 1341s
 982754 131733 5926.00000   64   42 5937.00000 5917.00000  0.34%  19.4 1345s
 985087 132137 5919.00000   63   58 5937.00000 5917.00000  0.34%  19.4 1350s
 988030 132487 infeasible   71      5937.00000 5917.00000  0.34%  19.4 1355s
 993010 133449 5917.00000   79   52 5937.00000 5917.00000  0.34%  19.4 1364s
 996509 133359 5927.00000   87   41 5937.00000 5917.00000  0.34%  19.4 1371s
 999157 133514 infeasible   82      5937.00000 5917.00000  0.34%  19.4 1375s
 1001856 133695 5917.01567   92   45 5937.00000 5917.00000  0.34%  19.4 1380s
 1004670 133934 5922.00000   65   45 5937.00000 5917.00000  0.34%  19.4 1385s
 1009386 134371 5929.00000   76   44 5937.00000 5917.00000  0.34%  19.4 1393s
 1011489 134622 5917.00000   91   51 5937.00000 5917.00000  0.34%  19.4 1398s
 1014222 134893     cutoff   80      5937.00000 5917.00000  0.34%  19.4 1403s
 1017055 135128 5934.00000   86   24 5937.00000 5917.00000  0.34%  19.4 1408s
 1019403 135272 infeasible   90      5937.00000 5917.00000  0.34%  19.3 1413s
 1021396 135848     cutoff   77      5937.00000 5917.00000  0.34%  19.3 1419s
 1024696 136000     cutoff   65      5937.00000 5917.00000  0.34%  19.3 1424s
 1027496 136377     cutoff   86      5937.00000 5917.00000  0.34%  19.3 1430s
 1030962 136716 5925.00000   89   41 5937.00000 5917.00000  0.34%  19.3 1436s
 1034166 137070     cutoff   76      5937.00000 5917.00000  0.34%  19.3 1442s
 1037396 137356 5917.00000   70   46 5937.00000 5917.00000  0.34%  19.3 1447s
 1039621 137834 infeasible   83      5937.00000 5917.00000  0.34%  19.3 1452s
 1043189 138110 5935.02439   87   42 5937.00000 5917.00000  0.34%  19.3 1457s
 1046220 138270 5917.00000   85   71 5937.00000 5917.00000  0.34%  19.3 1462s
 1048581 138601     cutoff   95      5937.00000 5917.00000  0.34%  19.3 1467s
 1051751 138839 infeasible   97      5937.00000 5917.00000  0.34%  19.3 1472s
 1054518 139161     cutoff   92      5937.00000 5917.00000  0.34%  19.3 1477s
 1057429 139500 5928.00000   90   47 5937.00000 5917.00000  0.34%  19.3 1482s
 1060096 139664 5917.00000   81   55 5937.00000 5917.00000  0.34%  19.3 1487s
 1062293 140024     cutoff   79      5937.00000 5917.00000  0.34%  19.3 1493s
 1065761 140276 5919.00000   62   79 5937.00000 5917.00000  0.34%  19.3 1499s
 1068803 140492     cutoff   91      5937.00000 5917.00000  0.34%  19.3 1503s
 1071229 140720 infeasible   82      5937.00000 5917.00000  0.34%  19.3 1509s
 1074169 140965     cutoff   72      5937.00000 5917.00000  0.34%  19.3 1515s
 1077175 141134 5917.00000   78   50 5937.00000 5917.00000  0.34%  19.3 1521s
 1078046 141400     cutoff   85      5937.00000 5917.00000  0.34%  19.3 1526s
 1080636 141645 infeasible   97      5937.00000 5917.00000  0.34%  19.3 1532s
 1083056 141989 infeasible   75      5937.00000 5917.00000  0.34%  19.3 1538s
 1086393 142273 infeasible   96      5937.00000 5917.00000  0.34%  19.3 1544s
 1089293 142459 infeasible   77      5937.00000 5917.00000  0.34%  19.3 1550s
 1092291 142653 5923.00000   68   57 5937.00000 5917.00000  0.34%  19.3 1555s
 1094445 142840     cutoff   75      5937.00000 5917.00000  0.34%  19.3 1560s
 1097405 143027     cutoff   74      5937.00000 5917.00000  0.34%  19.3 1566s
 1100331 143346 infeasible   90      5937.00000 5917.00000  0.34%  19.3 1571s
 1103281 143390 5917.00000   97   46 5937.00000 5917.00000  0.34%  19.3 1577s
 1105388 143559 5922.00000   61   60 5937.00000 5917.00000  0.34%  19.3 1583s
 1108777 143902 infeasible   78      5937.00000 5917.00000  0.34%  19.3 1589s
 1111816 144256 infeasible  100      5937.00000 5917.00000  0.34%  19.3 1594s
 1113942 144835 5923.00000   65   29 5937.00000 5917.00000  0.34%  19.3 1599s
 1117039 145451 5924.04545   67   65 5937.00000 5917.00000  0.34%  19.3 1604s
 1119629 145852 5917.00000   75   42 5937.00000 5917.00000  0.34%  19.3 1609s
 1121682 146165 5917.00000   86   42 5937.00000 5917.00000  0.34%  19.4 1614s
 1124089 146458 5923.00278   82   50 5937.00000 5917.00000  0.34%  19.4 1618s
 1126115 146865 5917.00000   68   52 5937.00000 5917.00000  0.34%  19.4 1625s
 1129435 147001 5925.04855   63   92 5937.00000 5917.00000  0.34%  19.4 1630s
 1131877 147250 5926.00000   57   52 5937.00000 5917.00000  0.34%  19.4 1636s
 1134791 147535     cutoff   66      5937.00000 5917.00000  0.34%  19.4 1642s
 1137760 147615 5923.06562  100   73 5937.00000 5917.00000  0.34%  19.4 1647s
 1139854 147914 5917.00000   80   58 5937.00000 5917.00000  0.34%  19.4 1653s
 1143078 148096 5921.00023   73   66 5937.00000 5917.00000  0.34%  19.4 1659s
 1146131 148204 5922.00000   73   62 5937.00000 5917.00000  0.34%  19.4 1663s
 1147986 148805     cutoff   66      5937.00000 5917.00000  0.34%  19.4 1669s
 1151498 149109 5927.10639   78   43 5937.00000 5917.00000  0.34%  19.5 1674s
 1153815 149669 5933.01634   69   32 5937.00000 5917.00184  0.34%  19.5 1679s
 1156941 150036 5919.10686   72   67 5937.00000 5917.00230  0.34%  19.5 1683s
 1159437 150482 5932.00000   74   39 5937.00000 5917.00346  0.34%  19.5 1689s
 1160744 150482 5918.06517   61   82 5937.00000 5917.00411  0.34%  19.5 1690s
 1161634 150940 5932.00000   90   18 5937.00000 5917.00411  0.34%  19.5 1695s
 1164517 151080     cutoff   64      5937.00000 5917.00610  0.34%  19.5 1700s
 1167079 151490 5925.14462   65   46 5937.00000 5917.00813  0.34%  19.5 1705s
 1169506 151942 infeasible   62      5937.00000 5917.01069  0.34%  19.5 1710s
 1174329 152845     cutoff   62      5937.00000 5917.01852  0.34%  19.5 1718s
 1176901 153079 5932.00000   84   29 5937.00000 5917.02253  0.34%  19.5 1723s
 1179365 153251 5920.12308   69   84 5937.00000 5917.04035  0.34%  19.5 1728s
 1181512 153632 5929.66674   61   70 5937.00000 5917.05165  0.34%  19.5 1733s
 1184361 153664 5924.08330   72   70 5937.00000 5917.07834  0.34%  19.5 1738s
 1186587 153704 5923.18568   60   87 5937.00000 5917.09717  0.34%  19.5 1742s
 1188656 153917 5927.00000   72   40 5937.00000 5917.17945  0.33%  19.5 1747s
 1190620 153968 5918.66667   64   93 5937.00000 5917.22878  0.33%  19.5 1751s
 1192798 154322 5920.52805   67   90 5937.00000 5917.30848  0.33%  19.5 1756s
 1195390 154643 5922.05625   69   94 5937.00000 5917.40802  0.33%  19.5 1762s
 1198160 154983 5919.09284   61   83 5937.00000 5917.50000  0.33%  19.5 1767s
 1201172 155146     cutoff   48      5937.00000 5917.55556  0.33%  19.5 1772s
 1203613 155209 infeasible   71      5937.00000 5917.66430  0.33%  19.5 1777s
 1206075 155674 5929.00000   77   26 5937.00000 5917.88889  0.32%  19.5 1782s
 1209837 155921 5922.00000   64   38 5937.00000 5918.00000  0.32%  19.5 1787s
 1212285 156285 infeasible   90      5937.00000 5918.00000  0.32%  19.5 1793s
 1215571 156548 5928.00000  113   27 5937.00000 5918.00000  0.32%  19.5 1799s
 1218581 156773 5925.00000   90   21 5937.00000 5918.00000  0.32%  19.5 1803s
 1220962 157070     cutoff   99      5937.00000 5918.00000  0.32%  19.5 1808s
 1223809 157481 5918.05933  102   33 5937.00000 5918.00000  0.32%  19.5 1814s
 1226708 157952 5928.30769   96   42 5937.00000 5918.00000  0.32%  19.5 1818s
 1229462 158185 5922.23794  107   60 5937.00000 5918.00000  0.32%  19.5 1823s
 1231683 158696 infeasible   82      5937.00000 5918.00000  0.32%  19.5 1828s
 1234792 159024 infeasible   91      5937.00000 5918.00000  0.32%  19.5 1833s
 1237185 159281     cutoff   79      5937.00000 5918.00000  0.32%  19.5 1837s
 1239403 159539 infeasible  104      5937.00000 5918.00000  0.32%  19.4 1842s
 1242184 159831 5928.00000   76   27 5937.00000 5918.00000  0.32%  19.4 1847s
 1244967 160145 5930.00000   94   26 5937.00000 5918.00000  0.32%  19.4 1852s
 1247810 160328 5920.00743   78   29 5937.00000 5918.00000  0.32%  19.4 1856s
 1250033 160596 5925.00000  102   26 5937.00000 5918.00000  0.32%  19.4 1861s
 1252734 160832     cutoff   98      5937.00000 5918.00000  0.32%  19.4 1866s
 1255391 160991 infeasible   86      5937.00000 5918.00000  0.32%  19.4 1871s
 1257805 161526 5918.00000   72   48 5937.00000 5918.00000  0.32%  19.4 1877s
 1261120 161791 5921.00000   69   34 5937.00000 5918.00000  0.32%  19.4 1882s
 1263887 162047 5927.02023  103   38 5937.00000 5918.00000  0.32%  19.4 1887s
 1266407 162341 5936.00000   71   24 5937.00000 5918.00000  0.32%  19.4 1891s
 1268672 162672 infeasible   91      5937.00000 5918.00000  0.32%  19.4 1896s
 1271612 162933 5928.02309   69   35 5937.00000 5918.00000  0.32%  19.4 1901s
 1274498 163248 5934.00000   71   23 5937.00000 5918.00000  0.32%  19.4 1906s
 1277007 163446 5927.00000   68   25 5937.00000 5918.00000  0.32%  19.4 1912s
 1279600 163835     cutoff  108      5937.00000 5918.00000  0.32%  19.4 1917s
 1282960 164285 infeasible   90      5937.00000 5918.00000  0.32%  19.4 1923s
 1285897 164624     cutoff   85      5937.00000 5918.00000  0.32%  19.4 1928s
 1288894 164951     cutoff   68      5937.00000 5918.00000  0.32%  19.4 1933s
 1291055 165180 5933.00000  100   23 5937.00000 5918.00000  0.32%  19.4 1938s
 1293871 165510 5918.00000   91   47 5937.00000 5918.00000  0.32%  19.3 1943s
 1296802 165711     cutoff   73      5937.00000 5918.00000  0.32%  19.3 1948s
 1299127 165992     cutoff  104      5937.00000 5918.00000  0.32%  19.3 1954s
 1302085 166379 infeasible  107      5937.00000 5918.00000  0.32%  19.3 1960s
 1305456 166699 5921.16163   73   71 5937.00000 5918.00000  0.32%  19.3 1966s
 1307909 166993 infeasible   90      5937.00000 5918.00000  0.32%  19.3 1971s
 1310875 167313 5918.00000   70   45 5937.00000 5918.00000  0.32%  19.3 1977s
 1313946 167636 5921.00000   80   38 5937.00000 5918.00000  0.32%  19.3 1983s
 1316602 167884     cutoff   82      5937.00000 5918.00000  0.32%  19.3 1988s
*1317502 161656             118    5936.0000000 5918.00000  0.30%  19.3 1988s
 1318895 161938 5918.00552  105   69 5936.00000 5918.00000  0.30%  19.3 1993s
 1321644 162247 infeasible   73      5936.00000 5918.00000  0.30%  19.3 1999s
 1324241 162492 5933.00000   78   31 5936.00000 5918.00000  0.30%  19.3 2004s
 1326631 162773 5925.00000   96   24 5936.00000 5918.00000  0.30%  19.3 2009s
 1329526 162953 5918.00000   84   35 5936.00000 5918.00000  0.30%  19.3 2016s
 1332709 163075 5925.00000   99   33 5936.00000 5918.00000  0.30%  19.3 2022s
 1335615 163254 5918.00000   75   45 5936.00000 5918.00000  0.30%  19.3 2027s
 1337765 163518 infeasible   85      5936.00000 5918.00000  0.30%  19.3 2032s
 1340598 163770 5929.00000   85   22 5936.00000 5918.00000  0.30%  19.3 2038s
 1343499 163976     cutoff   87      5936.00000 5918.00000  0.30%  19.3 2043s
 1345717 164263 5918.00000   70   31 5936.00000 5918.00000  0.30%  19.3 2048s
 1348718 164462 5930.00000   86   42 5936.00000 5918.00000  0.30%  19.3 2053s
 1351486 164819 5918.00000   83   31 5936.00000 5918.00000  0.30%  19.3 2058s
 1353796 165020     cutoff   98      5936.00000 5918.00000  0.30%  19.3 2064s
 1356160 165373 5932.00000   70   27 5936.00000 5918.00000  0.30%  19.3 2069s
 1359279 165647 5927.01250   87   48 5936.00000 5918.00000  0.30%  19.3 2075s
*1360533 151964             121    5934.0000000 5918.00000  0.27%  19.3 2075s
 1361790 152028 5918.08251   59   49 5934.00000 5918.00000  0.27%  19.3 2081s
 1364117 152200 5918.85425   75   84 5934.00000 5918.00000  0.27%  19.3 2088s
 1367539 152302     cutoff   97      5934.00000 5918.00000  0.27%  19.3 2094s
 1369986 152497 5929.00000   78   39 5934.00000 5918.00000  0.27%  19.2 2100s
 1372954 152864     cutoff   79      5934.00000 5918.00000  0.27%  19.2 2106s
 1375842 153170     cutoff   74      5934.00000 5918.00000  0.27%  19.2 2112s
 1378387 153373 5923.26426   94   49 5934.00000 5918.00000  0.27%  19.2 2119s
 1381702 153564 5918.00000   82   42 5934.00000 5918.00000  0.27%  19.2 2127s
 1384798 153817     cutoff  108      5934.00000 5918.00000  0.27%  19.2 2134s
 1387832 153910 5927.00000   99   39 5934.00000 5918.00000  0.27%  19.2 2140s
 1390132 154091 5918.00000   82   41 5934.00000 5918.00000  0.27%  19.2 2147s
 1393088 154441 5931.00000   99   37 5934.00000 5918.00000  0.27%  19.2 2154s
 1396218 154740     cutoff   93      5934.00000 5918.00000  0.27%  19.2 2159s
 1398592 154950     cutoff   89      5934.00000 5918.00000  0.27%  19.2 2165s
 1400243 155239     cutoff   98      5934.00000 5918.00000  0.27%  19.2 2172s
 1403484 155388 5918.00000  103   32 5934.00000 5918.00000  0.27%  19.2 2179s
 1406279 155564 5921.60000   74   60 5934.00000 5918.00000  0.27%  19.2 2186s
 1409027 155828 5925.00000   88   27 5934.00000 5918.00000  0.27%  19.2 2192s
 1411851 155895     cutoff   80      5934.00000 5918.00000  0.27%  19.2 2198s
 1414145 156092 5918.00000   95   30 5934.00000 5918.00000  0.27%  19.2 2204s
 1416923 156185 5923.00000   64   69 5934.00000 5918.00000  0.27%  19.2 2210s
 1421312 156189 5927.88618   67   83 5934.00000 5918.00000  0.27%  19.2 2219s
 1423064 156189 infeasible   67      5934.00000 5918.00000  0.27%  19.2 2220s
 1423301 156330 5921.00000   73   32 5934.00000 5918.00106  0.27%  19.2 2225s
 1426063 156609 5918.50612   84   76 5934.00000 5918.00230  0.27%  19.2 2231s
 1428579 156799 5919.00000   66   57 5934.00000 5918.00342  0.27%  19.2 2236s
 1431037 157080 5930.00000   72   36 5934.00000 5918.00457  0.27%  19.2 2242s
 1433516 157328     cutoff   81      5934.00000 5918.00822  0.27%  19.2 2248s
 1436335 157673     cutoff   78      5934.00000 5918.01111  0.27%  19.2 2253s
 1439183 157911 5921.01646   87   58 5934.00000 5918.01658  0.27%  19.2 2258s
 1441425 158203 5922.03226  103   34 5934.00000 5918.01987  0.27%  19.2 2263s
 1443798 158414     cutoff   70      5934.00000 5918.03279  0.27%  19.2 2268s
 1446294 158468     cutoff   70      5934.00000 5918.04780  0.27%  19.2 2273s
*1448507 132825             135    5931.0000000 5918.08251  0.22%  19.2 2274s
 1448554 132817 infeasible   66      5931.00000 5918.08592  0.22%  19.2 2279s
 1451265 132572     cutoff   69      5931.00000 5918.14286  0.22%  19.2 2284s
 1453029 132192     cutoff   73      5931.00000 5918.23523  0.22%  19.2 2290s
 1455656 132003     cutoff   55      5931.00000 5918.39596  0.21%  19.2 2296s
 1458186 131555     cutoff   49      5931.00000 5918.57568  0.21%  19.3 2302s
 1460895 131547 5921.02041   66   54 5931.00000 5918.83641  0.21%  19.3 2308s
 1464096 132104 5929.00000   99   20 5931.00000 5919.00000  0.20%  19.3 2317s
 1468987 132419 5930.00000   84   34 5931.00000 5919.00000  0.20%  19.2 2324s
 1471902 132866 infeasible   98      5931.00000 5919.00000  0.20%  19.2 2330s
 1475336 133172 5919.12422   84   55 5931.00000 5919.00000  0.20%  19.2 2335s
 1477991 133502 5929.00000   86   27 5931.00000 5919.00000  0.20%  19.2 2341s
 1480697 133770     cutoff   82      5931.00000 5919.00000  0.20%  19.2 2346s
 1483357 133854     cutoff   85      5931.00000 5919.00000  0.20%  19.2 2351s
 1485410 133995 5921.00000   90   30 5931.00000 5919.00000  0.20%  19.2 2356s
 1487995 134182     cutoff   94      5931.00000 5919.00000  0.20%  19.2 2361s
 1490797 134439     cutoff   72      5931.00000 5919.00000  0.20%  19.2 2367s
 1493641 134566 infeasible   83      5931.00000 5919.00000  0.20%  19.2 2373s
 1496263 134878 5925.00000  114   38 5931.00000 5919.00000  0.20%  19.2 2379s
 1499219 135110 5929.00000   90   22 5931.00000 5919.00000  0.20%  19.2 2384s
 1500619 135110 5919.00000   71   29 5931.00000 5919.00000  0.20%  19.2 2385s
 1502412 135185 5921.00000   84   29 5931.00000 5919.00000  0.20%  19.2 2390s
 1504710 135432     cutoff   94      5931.00000 5919.00000  0.20%  19.1 2395s
 1507677 135709     cutoff   95      5931.00000 5919.00000  0.20%  19.1 2401s
 1510553 135807 5919.00000   82   24 5931.00000 5919.00000  0.20%  19.1 2406s
 1512778 136057 infeasible   72      5931.00000 5919.00000  0.20%  19.1 2412s
 1515785 136210     cutoff   89      5931.00000 5919.00000  0.20%  19.1 2418s
 1518666 136286 5928.00000   70   42 5931.00000 5919.00000  0.20%  19.1 2423s
 1520853 136528     cutoff   91      5931.00000 5919.00000  0.20%  19.1 2429s
 1523949 136789 infeasible   85      5931.00000 5919.00000  0.20%  19.1 2435s
 1526893 137128     cutoff   76      5931.00000 5919.00000  0.20%  19.1 2440s
 1529483 137379     cutoff   97      5931.00000 5919.00000  0.20%  19.1 2445s
 1532561 137649 5919.00000  102   22 5931.00000 5919.00000  0.20%  19.1 2450s
 1535304 137654 5919.00000  100   31 5931.00000 5919.00000  0.20%  19.1 2455s
 1537361 137694 5919.00000   89   28 5931.00000 5919.00000  0.20%  19.1 2461s
 1539948 137660 infeasible   77      5931.00000 5919.00000  0.20%  19.1 2467s
 1542351 137809 infeasible   81      5931.00000 5919.00000  0.20%  19.1 2473s
*1543785 125661             108    5930.0000000 5919.00000  0.19%  19.1 2473s
 1544694 125698 infeasible   79      5930.00000 5919.00000  0.19%  19.1 2480s
 1548005 125815 5919.00000   63   54 5930.00000 5919.00000  0.19%  19.1 2487s
 1551018 125988 5920.61761   72   72 5930.00000 5919.00000  0.19%  19.1 2493s
 1553496 126058 infeasible   81      5930.00000 5919.00000  0.19%  19.1 2500s
 1556608 126271 5919.00000   77   46 5930.00000 5919.00000  0.19%  19.1 2506s
 1559336 126248     cutoff   92      5930.00000 5919.00000  0.19%  19.1 2512s
 1562121 126138 5920.06974   82   49 5930.00000 5919.00000  0.19%  19.1 2518s
 1564076 126158 infeasible   64      5930.00000 5919.00000  0.19%  19.1 2525s
 1567362 126140 infeasible   64      5930.00000 5919.00000  0.19%  19.1 2531s
 1569791 126437 5923.00000   68   38 5930.00000 5919.00000  0.19%  19.1 2540s
 1573582 126535 5919.00000   84   38 5930.00000 5919.00000  0.19%  19.1 2548s
 1576993 126533     cutoff   71      5930.00000 5919.00000  0.19%  19.1 2555s
 1579376 126712 5920.64765   64   78 5930.00000 5919.00000  0.19%  19.1 2562s
 1582596 126664 5929.00000  103   28 5930.00000 5919.00000  0.19%  19.1 2570s
 1585466 126629 5922.00000   80   31 5930.00000 5919.00000  0.19%  19.1 2576s
 1588386 126682 5923.00000   60   57 5930.00000 5919.00000  0.19%  19.1 2583s
 1591047 126693 infeasible   81      5930.00000 5919.00000  0.19%  19.1 2588s
 1592940 126764 5924.29862   66   58 5930.00000 5919.00000  0.19%  19.2 2594s
 1593123 126764     cutoff   74      5930.00000 5919.00000  0.19%  19.2 2595s
 1596137 126699     cutoff   64      5930.00000 5919.00000  0.19%  19.2 2601s
 1598310 126756 5927.00000   67   46 5930.00000 5919.00000  0.19%  19.2 2607s
 1601273 126690     cutoff   75      5930.00000 5919.00000  0.19%  19.2 2614s
 1603740 126697 5921.00000   74   33 5930.00000 5919.00000  0.19%  19.2 2621s
 1606881 126533     cutoff   79      5930.00000 5919.01042  0.19%  19.2 2627s
 1609318 126530     cutoff   77      5930.00000 5919.01440  0.19%  19.2 2634s
 1612393 126508 5923.54715   57   86 5930.00000 5919.02804  0.19%  19.2 2639s
 1613982 126508 5926.00000   78   26 5930.00000 5919.03122  0.18%  19.2 2640s
 1614854 126440 5923.06458   66   45 5930.00000 5919.04323  0.18%  19.2 2645s
 1617095 126282 5926.00000   78   25 5930.00000 5919.06061  0.18%  19.2 2652s
 1619825 125969 5925.00000   77   35 5930.00000 5919.10836  0.18%  19.2 2657s
 1622251 125710 5924.07627   78   66 5930.00000 5919.20000  0.18%  19.2 2663s
 1624379 125384 5926.00000   67   36 5930.00000 5919.38350  0.18%  19.2 2668s
 1626817 125260 infeasible   65      5930.00000 5919.55953  0.18%  19.2 2673s
 1629686 124842 5921.27646   68   84 5930.00000 5919.72043  0.17%  19.2 2679s
 1632611 124560 5927.00000  106   24 5930.00000 5920.00000  0.17%  19.2 2687s
 1636041 124498     cutoff   94      5930.00000 5920.00000  0.17%  19.2 2694s
 1639154 124368     cutoff  105      5930.00000 5920.00000  0.17%  19.2 2700s
H1640403 109136                    5929.0000000 5920.00000  0.15%  19.2 2701s
 1641667 108930     cutoff   68      5929.00000 5920.00000  0.15%  19.2 2708s
 1644794 108647 5924.00000  109   43 5929.00000 5920.00000  0.15%  19.2 2716s
 1648187 108380 5920.00000   70   46 5929.00000 5920.00000  0.15%  19.2 2723s
 1650855 108320 5920.00000  110   39 5929.00000 5920.00000  0.15%  19.2 2732s
 1654280 108188 infeasible   76      5929.00000 5920.00000  0.15%  19.2 2738s
 1656705 107987     cutoff   77      5929.00000 5920.00000  0.15%  19.2 2745s
 1658951 107796     cutoff   75      5929.00000 5920.00000  0.15%  19.2 2752s
 1661709 107677 5925.07241   61   58 5929.00000 5920.00000  0.15%  19.2 2758s
 1664326 107655 5920.00000   80   28 5929.00000 5920.00000  0.15%  19.2 2766s
 1667294 107751 5920.00000   73   43 5929.00000 5920.00000  0.15%  19.2 2772s
 1670148 107935 infeasible   86      5929.00000 5920.00000  0.15%  19.2 2779s
 1672739 108300 5920.00000   79   49 5929.00000 5920.00000  0.15%  19.2 2785s
 1675821 108633 5925.00000   64   38 5929.00000 5920.00000  0.15%  19.3 2790s
 1678249 108987 5927.50000   81   87 5929.00000 5920.00000  0.15%  19.3 2796s
 1680944 109201     cutoff   67      5929.00000 5920.00000  0.15%  19.3 2801s
 1683253 109493 5920.46154   94   54 5929.00000 5920.00000  0.15%  19.3 2806s
 1686188 109738 5920.00000   91   51 5929.00000 5920.00000  0.15%  19.3 2812s
 1689021 109832 5920.00000   84   44 5929.00000 5920.00000  0.15%  19.3 2818s
 1691911 109879     cutoff  100      5929.00000 5920.00000  0.15%  19.3 2824s
 1694286 109949 5921.47768   96   92 5929.00000 5920.00000  0.15%  19.3 2830s
 1697089 110038 5920.00000   93   43 5929.00000 5920.00000  0.15%  19.3 2835s
 1699435 110319 5920.00000   94   37 5929.00000 5920.00000  0.15%  19.3 2842s
 1702540 110425 5920.00000   85   37 5929.00000 5920.00000  0.15%  19.3 2847s
 1705017 110557 5921.00000   90   42 5929.00000 5920.00000  0.15%  19.3 2853s
 1707850 110723 infeasible   70      5929.00000 5920.00000  0.15%  19.3 2859s
 1710612 111012 5920.00000   77   38 5929.00000 5920.00000  0.15%  19.3 2865s
 1713515 111205 5920.00000   77   43 5929.00000 5920.00000  0.15%  19.3 2871s
 1715998 111375 5924.00000   93   54 5929.00000 5920.00000  0.15%  19.3 2877s
 1718904 111681     cutoff   98      5929.00000 5920.00000  0.15%  19.3 2882s
 1721329 111957 5920.00000   89   46 5929.00000 5920.00000  0.15%  19.3 2888s
 1724302 112252 5921.00000  105   26 5929.00000 5920.00000  0.15%  19.3 2894s
 1727463 112247     cutoff   88      5929.00000 5920.00000  0.15%  19.3 2900s
 1729680 112421 5920.00000   76   62 5929.00000 5920.00000  0.15%  19.3 2906s
 1732398 112516 5920.32143   75   80 5929.00000 5920.00000  0.15%  19.3 2912s
 1735156 112533 infeasible  115      5929.00000 5920.00000  0.15%  19.3 2918s
 1737425 112570     cutoff  100      5929.00000 5920.00000  0.15%  19.3 2924s
 1740326 112663 5920.05133   75   74 5929.00000 5920.00000  0.15%  19.3 2930s
 1742858 112718 5920.00000   80   41 5929.00000 5920.00000  0.15%  19.3 2940s
 1744516 112633 5920.00000   98   41 5929.00000 5920.00000  0.15%  19.3 2948s
 1747791 112842 5920.00000   84   52 5929.00000 5920.00000  0.15%  19.3 2955s
 1751598 112816     cutoff  111      5929.00000 5920.00000  0.15%  19.3 2962s
 1754385 112955     cutoff   83      5929.00000 5920.00000  0.15%  19.3 2969s
 1757547 112955     cutoff   80      5929.00000 5920.00000  0.15%  19.3 2970s
 1757740 113046 5920.00000   73   43 5929.00000 5920.00000  0.15%  19.3 2976s
 1760827 113059 5920.00000   73   44 5929.00000 5920.00000  0.15%  19.3 2982s
 1762953 113140 5920.01350   71   52 5929.00000 5920.00000  0.15%  19.3 2989s
 1766408 113281 5920.00000   78   56 5929.00000 5920.00000  0.15%  19.3 2996s
 1769524 113225     cutoff   81      5929.00000 5920.00000  0.15%  19.3 3003s
 1771922 113444 infeasible   93      5929.00000 5920.00000  0.15%  19.3 3009s
 1773395 113444 infeasible  100      5929.00000 5920.00000  0.15%  19.3 3010s
 1775311 113546 5920.00000   89   49 5929.00000 5920.00000  0.15%  19.3 3016s
 1778298 113651     cutoff  103      5929.00000 5920.00000  0.15%  19.3 3023s
 1781368 113616     cutoff  102      5929.00000 5920.00000  0.15%  19.3 3028s
 1783500 113706     cutoff   91      5929.00000 5920.00000  0.15%  19.4 3035s
 1786770 113829 5920.00000   89   49 5929.00000 5920.00000  0.15%  19.4 3042s
 1789885 113778 5920.00000   71   42 5929.00000 5920.00000  0.15%  19.4 3048s
 1792345 113771     cutoff  103      5929.00000 5920.00000  0.15%  19.4 3055s
 1795336 113820     cutoff   90      5929.00000 5920.00000  0.15%  19.4 3061s
 1798404 113881 5920.00000   89   34 5929.00000 5920.00000  0.15%  19.4 3068s
 1800912 114290     cutoff   98      5929.00000 5920.00000  0.15%  19.4 3074s
 1804167 114661 5920.00000   81   56 5929.00000 5920.00000  0.15%  19.4 3080s
 1806949 114727 infeasible   91      5929.00000 5920.00000  0.15%  19.4 3085s
 1809213 114912     cutoff   95      5929.00000 5920.00000  0.15%  19.4 3092s
 1812227 115084 5920.82243   90   90 5929.00000 5920.00000  0.15%  19.4 3098s
 1815152 115182 5920.00000   73   63 5929.00000 5920.00000  0.15%  19.4 3104s
 1818152 115122 5920.51986   94   87 5929.00000 5920.00000  0.15%  19.4 3110s
 1820355 115257 5920.00000   92   52 5929.00000 5920.00000  0.15%  19.4 3116s
 1823170 115443 5920.00000   87   48 5929.00000 5920.00000  0.15%  19.4 3122s
 1826196 115416     cutoff   79      5929.00000 5920.00000  0.15%  19.4 3128s
 1828236 115602     cutoff   91      5929.00000 5920.00000  0.15%  19.4 3136s
 1831957 116032 5920.51986   92   84 5929.00000 5920.00000  0.15%  19.4 3142s
 1835344 116198 5920.07333   81   95 5929.00000 5920.00000  0.15%  19.4 3148s
 1837785 116427 5920.00000   92   46 5929.00000 5920.00000  0.15%  19.4 3154s
 1840704 116577 5921.00000   78   43 5929.00000 5920.00000  0.15%  19.4 3160s
 1843544 116612 5920.00000   82   50 5929.00000 5920.00000  0.15%  19.4 3166s
 1845905 116901 5920.00000   64   42 5929.00000 5920.00000  0.15%  19.4 3172s
 1848968 117146     cutoff   85      5929.00000 5920.00000  0.15%  19.4 3177s
 1851511 117193 5920.00000   89   29 5929.00000 5920.00000  0.15%  19.4 3183s
 1853816 117443 5924.00000   86   54 5929.00000 5920.00000  0.15%  19.4 3190s
 1856988 117651     cutoff   96      5929.00000 5920.00000  0.15%  19.4 3196s
 1860080 117756     cutoff  106      5929.00000 5920.00000  0.15%  19.4 3202s
 1862608 117750     cutoff  105      5929.00000 5920.00000  0.15%  19.4 3208s
 1865039 117935 5920.00000  103   60 5929.00000 5920.00000  0.15%  19.4 3214s
 1865895 117935 5920.00000   86   47 5929.00000 5920.00000  0.15%  19.4 3215s
 1868275 118129     cutoff   86      5929.00000 5920.00000  0.15%  19.4 3221s
 1871276 118130 5920.00000   85   50 5929.00000 5920.00000  0.15%  19.4 3226s
 1873416 118259 5920.00000   81   45 5929.00000 5920.00000  0.15%  19.4 3233s
 1876934 118276     cutoff   80      5929.00000 5920.00000  0.15%  19.4 3240s
 1879882 118135     cutoff  107      5929.00000 5920.00000  0.15%  19.4 3246s
 1882425 118319     cutoff   84      5929.00000 5920.00000  0.15%  19.4 3253s
 1885561 118403 5924.00000   85   29 5929.00000 5920.00000  0.15%  19.4 3259s
 1888597 118347 5920.00000   84   43 5929.00000 5920.00000  0.15%  19.4 3265s
 1891002 118520 5924.00000   87   45 5929.00000 5920.00000  0.15%  19.4 3272s
 1893964 118576     cutoff   92      5929.00000 5920.00000  0.15%  19.4 3279s
 1896590 118573 5920.00000  101   42 5929.00000 5920.00000  0.15%  19.4 3284s
 1896877 118573     cutoff   90      5929.00000 5920.00000  0.15%  19.4 3285s
 1898923 118707 infeasible   87      5929.00000 5920.00000  0.15%  19.4 3291s
 1901978 118727     cutoff  101      5929.00000 5920.00000  0.15%  19.4 3297s
 1904990 118831 infeasible   99      5929.00000 5920.00000  0.15%  19.4 3303s
 1908031 118791 5922.07255  106   52 5929.00000 5920.00000  0.15%  19.4 3309s
 1910367 118878 5920.00000   85   66 5929.00000 5920.00000  0.15%  19.4 3314s
 1913224 118912 5920.00000  100   54 5929.00000 5920.00000  0.15%  19.4 3321s
 1915972 119010     cutoff   98      5929.00000 5920.00000  0.15%  19.4 3327s
 1918593 118894 5920.00000   93   40 5929.00000 5920.00000  0.15%  19.4 3333s
 1920868 118981     cutoff   90      5929.00000 5920.00000  0.15%  19.4 3339s
 1923500 119116 5920.00000   77   50 5929.00000 5920.00000  0.15%  19.4 3346s
 1926631 118995 5926.00000   84   41 5929.00000 5920.00000  0.15%  19.4 3352s
 1928891 119033 5920.00000   76   57 5929.00000 5920.00000  0.15%  19.4 3359s
 1932015 119152 5920.00000   87   34 5929.00000 5920.00000  0.15%  19.4 3366s
 1935000 119007 infeasible   77      5929.00000 5920.00000  0.15%  19.4 3372s
 1937278 119030 infeasible   75      5929.00000 5920.00000  0.15%  19.4 3380s
H1937699 106950                    5928.0000000 5920.00000  0.13%  19.4 3380s
 1938304 106695 5920.00000   96   49 5928.00000 5920.00000  0.13%  19.4 3386s
 1940175 106432 5920.00000   89   51 5928.00000 5920.00000  0.13%  19.5 3393s
 1942704 106445 5920.57778   86   53 5928.00000 5920.00000  0.13%  19.5 3400s
 1945362 106532 5920.00000   83   32 5928.00000 5920.00000  0.13%  19.5 3409s
 1949475 106683     cutoff   83      5928.00000 5920.00000  0.13%  19.5 3417s
 1952820 106380 infeasible   74      5928.00000 5920.00000  0.13%  19.5 3425s
 1955386 106405 5920.00000   78   60 5928.00000 5920.00000  0.13%  19.5 3432s
 1958593 106078 5920.00000   90   55 5928.00000 5920.00000  0.13%  19.5 3440s
 1960834 105831 5920.00000   88   56 5928.00000 5920.00000  0.13%  19.5 3447s
 1963191 105739     cutoff   88      5928.00000 5920.00000  0.13%  19.5 3455s
 1966474 105361 5920.00000   91   54 5928.00000 5920.00000  0.13%  19.5 3462s
 1968780 105015 5920.00000   93   46 5928.00000 5920.00000  0.13%  19.6 3469s
 1970279 105015 5920.00000   80   51 5928.00000 5920.00000  0.13%  19.6 3470s
 1971325 104594 infeasible   72      5928.00000 5920.00000  0.13%  19.6 3477s
 1973976 104099 infeasible   81      5928.00000 5920.00000  0.13%  19.6 3486s
 1976495 103747 5924.04984   90   63 5928.00000 5920.00000  0.13%  19.6 3493s
 1979165 103797 infeasible   79      5928.00000 5920.00000  0.13%  19.6 3501s
 1982295 104023 infeasible   65      5928.00000 5920.00000  0.13%  19.6 3506s
 1984616 104039 5920.00000   66   58 5928.00000 5920.00000  0.13%  19.6 3512s
 1987294 104180 5920.00000   74   64 5928.00000 5920.00000  0.13%  19.6 3518s
 1990476 104227 5920.00000   87   45 5928.00000 5920.00000  0.13%  19.6 3523s
 1993417 104269 5921.00000   87   50 5928.00000 5920.00000  0.13%  19.6 3529s
 1995756 104350 5920.00000   84   36 5928.00000 5920.00000  0.13%  19.6 3535s
 1998815 104405 5925.00000   85   45 5928.00000 5920.00000  0.13%  19.6 3541s
 2001843 104481 5920.00000   85   38 5928.00000 5920.00000  0.13%  19.7 3547s
 2004740 104519 5920.00000   81   35 5928.00000 5920.00000  0.13%  19.7 3552s
 2007011 104630 infeasible   80      5928.00000 5920.00000  0.13%  19.7 3557s
 2009820 104673 5921.00000   86   37 5928.00000 5920.00000  0.13%  19.7 3563s
 2012417 104719 5920.00000   83   30 5928.00000 5920.00000  0.13%  19.7 3568s
 2015233 104773 5920.00000   98   29 5928.00000 5920.00000  0.13%  19.7 3573s
 2017063 104818 5920.00000   84   36 5928.00000 5920.00000  0.13%  19.7 3579s
 2019890 104838 5923.00000   99   35 5928.00000 5920.00000  0.13%  19.7 3585s
 2022604 104868 5920.00000   90   44 5928.00000 5920.00000  0.13%  19.7 3590s
 2024859 104901 5920.00000   94   34 5928.00000 5920.00000  0.13%  19.7 3596s
 2027812 104970 infeasible   90      5928.00000 5920.00000  0.13%  19.7 3600s

Cutting planes:
  Learned: 448
  Gomory: 139
  Lift-and-project: 134
  Cover: 18
  Implied bound: 48
  Projected implied bound: 21
  MIR: 1349
  StrongCG: 101
  Flow cover: 2641
  Inf proof: 483
  Zero half: 35
  Mod-K: 2
  RLT: 78
  Relax-and-lift: 69

Explored 2029252 nodes (40049584 simplex iterations) in 3600.30 seconds (563.19 work units)
Thread count was 16 (of 16 available processors)

Solution count 10: 5928 5929 5930 ... 5948

Time limit reached
Best objective 5.928000000000e+03, best bound 5.920000000000e+03, gap 0.1350%
Warning: constraint name "precedence between 0,0 to 1,0 if x_[0,0,1,0,8]=0, i.e. 1,0 before 0,0" has a space
Warning: constraint name "precedence between 0,0 to 1,0 if x_[0,0,1,0,8]=0, i.e. 1,0 before 0,0" has a space
Warning: default constraint names used to write mps file
