
Gurobi 10.0.1 (win64) logging started Sat Oct  7 11:15:02 2023

Set parameter LogFile to value "./results//log/URT_16_deadline_heurTrue.log"
Gurobi Optimizer version 10.0.1 build v10.0.1rc0 (win64)

CPU model: AMD Ryzen 7 3700X 8-Core Processor, instruction set [SSE2|AVX|AVX2]
Thread count: 8 physical cores, 16 logical processors, using up to 16 threads

Optimize a model with 1070 rows, 745 columns and 4445 nonzeros
Model fingerprint: 0xcd0da748
Model has 1 quadratic constraint
Variable types: 0 continuous, 745 integer (672 binary)
Coefficient statistics:
  Matrix range     [1e+00, 1e+07]
  QMatrix range    [1e+00, 1e+00]
  QLMatrix range   [1e+00, 1e+01]
  Objective range  [1e+00, 1e+00]
  Bounds range     [1e+00, 1e+00]
  RHS range        [1e+00, 3e+07]

Warning: Completing partial solution with 697 unfixed non-continuous variables out of 745
User MIP start did not produce a new incumbent solution
User MIP start violates constraint initial_start_time_job4_stage0_machine4_constraint by 1.000000000

Presolve removed 107 rows and 311 columns
Presolve time: 0.02s
Presolved: 988 rows, 458 columns, 4432 nonzeros
Variable types: 0 continuous, 458 integer (361 binary)

Root relaxation: objective 0.000000e+00, 97 iterations, 0.00 seconds (0.00 work units)
Another try with MIP start

    Nodes    |    Current Node    |     Objective Bounds      |     Work
 Expl Unexpl |  Obj  Depth IntInf | Incumbent    BestBd   Gap | It/Node Time

     0     0    0.00000    0    1          -    0.00000      -     -    0s
H    0     0                     179.0000000    0.00000   100%     -    0s
H    0     0                     178.0000000    0.00000   100%     -    0s
H    0     0                     176.0000000    0.00000   100%     -    0s
     0     0    0.00000    0   29  176.00000    0.00000   100%     -    0s
H    0     0                     175.0000000    0.00000   100%     -    0s
     0     0    0.00000    0   40  175.00000    0.00000   100%     -    0s
     0     0    0.00000    0   39  175.00000    0.00000   100%     -    0s
     0     0    0.00000    0    8  175.00000    0.00000   100%     -    0s
H    0     0                     174.0000000    0.00000   100%     -    0s
H    0     0                     152.0000000    0.00000   100%     -    0s
     0     0    0.00000    0   21  152.00000    0.00000   100%     -    0s
     0     0    0.00000    0    3  152.00000    0.00000   100%     -    0s
H    0     0                     145.0000000    0.00000   100%     -    0s
     0     0    0.00000    0   11  145.00000    0.00000   100%     -    0s
H    0     0                     129.0000000    0.00000   100%     -    0s
     0     0    0.00000    0    4  129.00000    0.00000   100%     -    0s
     0     0    0.00000    0   12  129.00000    0.00000   100%     -    0s
H    0     0                     124.0000000    0.00000   100%     -    0s
H    0     0                     117.0000000    0.00000   100%     -    0s
H    0     0                     111.0000000    0.00000   100%     -    0s
     0     0    0.00000    0    3  111.00000    0.00000   100%     -    0s
     0     0    0.00000    0    3  111.00000    0.00000   100%     -    0s
     0     2    0.00000    0    3  111.00000    0.00000   100%     -    0s
H  707   284                     108.0000000    0.00000   100%  13.9    1s
H  797   284                      98.0000000    0.00000   100%  12.4    1s
H 1583   345                      94.0000000    0.00000   100%   6.7    1s
H 2367   358                      93.0000000    0.00000   100%   4.5    1s
H 2637   358                      90.0000000    0.00000   100%   4.1    1s
H14937   382                      89.0000000    2.00000  97.8%   0.8    3s
 14968   404    7.34444   17   30   89.00000    2.00000  97.8%   2.0    5s
H15168   536                      87.0000000    2.00000  97.7%   2.4    6s
H15171   515                      84.0000000    2.00000  97.6%   2.4    6s
H15335   573                      82.0000000    2.00000  97.6%   2.5    7s
H15341   553                      80.0000000    2.00000  97.5%   2.6    7s
H15351   560                      73.0000000    2.00000  97.3%   2.6    9s
 23921  6653   23.00000   51   25   73.00000    2.00000  97.3%   5.9   10s
H29543  8779                      70.0000000    2.00000  97.1%   6.6   11s
 41100 16310   61.00000   63   32   70.00000    2.00000  97.1%   7.5   16s
 72646 32010 infeasible   60        70.00000    2.00000  97.1%   8.6   21s
 93560 44994   67.00000   54   17   70.00000    2.00000  97.1%   9.0   25s
 130507 63190    5.00000   53   39   70.00000    2.00000  97.1%   9.2   30s
 165535 82404   27.00000   49   37   70.00000    2.00000  97.1%   9.3   35s
 186115 91693    6.00000   52   31   70.00000    2.00000  97.1%   9.4   40s
*200605 97403              86      68.0000000    2.00000  97.1%   9.4   41s
H204486 98013                      67.0000000    2.00000  97.0%   9.4   42s
 216896 107748   25.00000   53   35   67.00000    2.00000  97.0%   9.4   45s
H244339 112261                      63.0000000    2.00000  96.8%   9.5   48s
 252795 117062   12.00000   47   37   63.00000    2.00000  96.8%   9.5   50s
 287018 132859   57.00000   55   15   63.00000    2.00000  96.8%   9.5   55s
 312042 144214   18.00000   49   36   63.00000    2.00000  96.8%   9.6   60s
H312071 136634                      59.0000000    2.00000  96.6%   9.6   60s
 339346 149334   36.00000   52   32   59.00000    2.00000  96.6%   9.7   65s
 368747 163322 infeasible   63        59.00000    2.00000  96.6%   9.7   70s
 397426 176509 infeasible   63        59.00000    2.00000  96.6%   9.7   75s
 427098 190619   13.00000   46   44   59.00000    2.00000  96.6%   9.8   80s
 449609 198822   13.00000   46   46   59.00000    2.00000  96.6%   9.8   85s
 473836 212197   37.00000   54   24   59.00000    2.00000  96.6%   9.8   90s
 508416 226382   19.00000   53   32   59.00000    2.00000  96.6%   9.8   95s
 544163 243068   42.00000   63   29   59.00000    2.00000  96.6%   9.8  100s
 581578 258985   33.00000   57   33   59.00000    2.00000  96.6%   9.8  105s
 614536 273523 infeasible   67        59.00000    2.00000  96.6%   9.8  111s
 625127 278442 infeasible   56        59.00000    2.00000  96.6%   9.9  115s
 649508 289100    2.00000   42   53   59.00000    2.00000  96.6%   9.9  120s
 678645 307226 infeasible   65        59.00000    2.01075  96.6%   9.9  125s
 707327 316254   36.00000   58   24   59.00000    2.01370  96.6%   9.9  130s
 749525 333364 infeasible   64        59.00000    2.05263  96.5%   9.8  135s
 783632 348308    2.50000   40   44   59.00000    2.50000  95.8%   9.7  140s
 791924 354714   38.00000   59   40   59.00000    2.50000  95.8%   9.8  145s
 846487 375006   15.00000   51   36   59.00000    3.00000  94.9%   9.6  150s
 901072 400367   39.00000   59   23   59.00000    3.00000  94.9%   9.5  155s
 957311 426150   52.00000   57   17   59.00000    3.00000  94.9%   9.5  160s
 1017695 452627 infeasible   59        59.00000    3.00000  94.9%   9.4  165s
 1073915 480604   16.00000   53   36   59.00000    3.00000  94.9%   9.3  170s
 1129572 502063   44.00000   59   20   59.00000    3.00000  94.9%   9.3  175s
 1187772 527528 infeasible   73        59.00000    3.00000  94.9%   9.3  180s
 1241756 552524   45.00000   60   25   59.00000    3.00000  94.9%   9.2  185s
 1294589 574550   31.00000   57   32   59.00000    3.00000  94.9%   9.2  190s
 1351463 597280 infeasible   61        59.00000    3.00000  94.9%   9.2  195s
 1405380 619653   50.00000   72   14   59.00000    3.00000  94.9%   9.2  200s
 1455173 640598   50.00000   65   21   59.00000    3.00000  94.9%   9.1  205s
 1506134 662715   20.00000   60   33   59.00000    3.00000  94.9%   9.1  210s
 1561016 686226   47.00000   57   25   59.00000    3.01075  94.9%   9.0  215s
 1612385 708417   45.00000   62   19   59.00000    3.05828  94.8%   9.0  220s
 1664384 731771 infeasible   60        59.00000    4.00000  93.2%   9.0  225s
 1717894 754701   40.00000   47   18   59.00000    4.00000  93.2%   8.9  230s
 1772677 778900   58.00000   57   30   59.00000    4.00000  93.2%   8.9  235s
 1823071 803109   58.00000   65    9   59.00000    4.00000  93.2%   8.8  240s
 1875339 827153    8.00000   53   26   59.00000    4.00000  93.2%   8.8  245s
 1927069 852110   35.00000   59   24   59.00000    4.00000  93.2%   8.8  250s
 1976397 874930    8.00000   55   35   59.00000    4.00000  93.2%   8.7  255s
 2025011 897895   54.00000   69   20   59.00000    4.00000  93.2%   8.7  260s
 2075373 919026   43.00000   56   20   59.00000    4.00000  93.2%   8.7  265s
 2107902 932588 infeasible   76        59.00000    4.00000  93.2%   8.7  270s
 2156794 954842   20.00000   57   30   59.00000    4.00000  93.2%   8.7  275s
 2193009 968966   48.00000   65   19   59.00000    4.00000  93.2%   8.6  280s
 2225971 983155 infeasible   75        59.00000    4.00000  93.2%   8.6  285s
 2260375 996720 infeasible   65        59.00000    4.00000  93.2%   8.6  290s
 2299619 1011900 infeasible   63        59.00000    4.00000  93.2%   8.6  295s
 2334012 1027427 infeasible   87        59.00000    4.00000  93.2%   8.6  300s
 2369452 1043136   45.00000   42   22   59.00000    4.00000  93.2%   8.6  305s
 2404958 1060960   57.00000   70    9   59.00000    4.00000  93.2%   8.6  310s
 2423195 1073744   41.00000   61   20   59.00000    4.00000  93.2%   8.6  315s
 2465720 1085039   44.00000   55   28   59.00000    4.00000  93.2%   8.6  321s
 2484076 1093498   26.00000   55   26   59.00000    4.00000  93.2%   8.5  325s
 2486843 1100432 infeasible   64        59.00000    4.00030  93.2%   8.5  331s
 2509378 1106480   47.00000   72   26   59.00000    4.05755  93.1%   8.6  335s
 2544752 1118869   47.00000   63   25   59.00000    4.50000  92.4%   8.5  340s
 2591006 1139765 infeasible   63        59.00000    5.00000  91.5%   8.5  345s
 2636808 1160415 infeasible   64        59.00000    5.00000  91.5%   8.5  350s
 2685038 1181117   54.00000   65   17   59.00000    5.00000  91.5%   8.5  355s
 2732637 1202478 infeasible   71        59.00000    5.00000  91.5%   8.5  360s
 2777813 1220558   21.00000   57   32   59.00000    5.00000  91.5%   8.4  365s
 2821822 1239880   41.00000   63   33   59.00000    5.00000  91.5%   8.4  370s
 2863892 1255389 infeasible   67        59.00000    5.00000  91.5%   8.4  375s
 2908842 1273120   34.00000   54   21   59.00000    5.00000  91.5%   8.4  380s
 2948629 1291116   39.00000   59   28   59.00000    5.00000  91.5%   8.4  385s
 2989898 1306437   55.00000   52   17   59.00000    5.00000  91.5%   8.4  390s
 3033605 1322396   13.00000   55   30   59.00000    5.00000  91.5%   8.4  395s
 3074293 1338819   15.00000   62   43   59.00000    5.00000  91.5%   8.4  400s
 3112418 1355633   41.00000   52   23   59.00000    5.00000  91.5%   8.4  405s
 3156971 1373901   48.57143   61   24   59.00000    5.00000  91.5%   8.4  410s
 3198295 1390438   47.00000   54   27   59.00000    5.00000  91.5%   8.4  415s
 3242457 1410717   29.00000   46   30   59.00000    5.01081  91.5%   8.3  420s
 3285734 1427808   46.00000   66   13   59.00000    5.15385  91.3%   8.3  425s
 3329529 1444727 infeasible   63        59.00000    6.00000  89.8%   8.3  430s
 3369060 1462042   58.00000   67   14   59.00000    6.00000  89.8%   8.3  435s
 3398106 1473605   31.00000   56   32   59.00000    6.00000  89.8%   8.3  440s
 3435275 1490450   25.00000   54   27   59.00000    6.00000  89.8%   8.3  445s
 3478446 1507618   40.00000   60   17   59.00000    6.00000  89.8%   8.3  450s
 3517217 1523805 infeasible   65        59.00000    6.00000  89.8%   8.3  455s
 3554501 1541012 infeasible   56        59.00000    6.00000  89.8%   8.3  460s
 3595115 1555036   47.00000   65   34   59.00000    6.00000  89.8%   8.3  465s
 3632693 1571084 infeasible   63        59.00000    6.00000  89.8%   8.2  470s
 3672161 1586360 infeasible   62        59.00000    6.00000  89.8%   8.2  475s
 3710009 1600015   57.00000   69   15   59.00000    6.00000  89.8%   8.2  480s
 3746665 1615730 infeasible   71        59.00000    6.00000  89.8%   8.2  485s
 3782244 1628184   31.00000   43   32   59.00000    6.00000  89.8%   8.2  490s
 3819980 1642631   40.00000   70   22   59.00000    6.00000  89.8%   8.2  495s
 3856222 1659053    7.00000   52   37   59.00000    6.00000  89.8%   8.2  500s
 3892270 1670361    6.00000   48   37   59.00000    6.00000  89.8%   8.2  505s
 3931492 1684511   51.00000   58   20   59.00000    6.00000  89.8%   8.2  510s
 3965647 1698240    6.00000   53   35   59.00000    6.00000  89.8%   8.2  515s
 3987929 1705157   24.00000   55   23   59.00000    6.00000  89.8%   8.2  520s
 4022827 1719142   20.50000   58   34   59.00000    6.00000  89.8%   8.2  525s
 4057571 1733185   42.01818   59   31   59.00000    6.00000  89.8%   8.2  530s
 4093751 1746935 infeasible   65        59.00000    6.00538  89.8%   8.2  535s
 4129012 1761275   37.50000   59   34   59.00000    6.02227  89.8%   8.2  540s
 4162768 1774566    7.00000   47   38   59.00000    6.04846  89.7%   8.2  545s
 4199346 1789093    6.54992   49   42   59.00000    6.20000  89.5%   8.2  550s
 4235388 1804042   56.00000   65   14   59.00000    7.00000  88.1%   8.2  555s
 4266727 1816096   41.00000   48   22   59.00000    7.00000  88.1%   8.2  560s
 4303298 1829337   42.00000   58   20   59.00000    7.00000  88.1%   8.2  565s
 4337492 1841432   50.00000   75   14   59.00000    7.00000  88.1%   8.2  570s
 4372467 1857712 infeasible   71        59.00000    7.00000  88.1%   8.2  575s
 4407005 1870564 infeasible   77        59.00000    7.00000  88.1%   8.2  580s
*4436149 1858772              81      58.0000000    7.00000  87.9%   8.2  584s
 4438672 1862090   33.00000   56   23   58.00000    7.00000  87.9%   8.2  585s
 4471403 1872876 infeasible   59        58.00000    7.00000  87.9%   8.2  590s
 4504321 1886107 infeasible   66        58.00000    7.00000  87.9%   8.1  595s
 4536894 1899697   43.00000   56   24   58.00000    7.00000  87.9%   8.1  600s
 4569941 1913151   35.00000   58   25   58.00000    7.00000  87.9%   8.1  605s
 4600407 1924754   44.00000   67   25   58.00000    7.00000  87.9%   8.1  610s
 4634825 1937667 infeasible   50        58.00000    7.00000  87.9%   8.1  615s
 4668583 1950551   53.00000   54   15   58.00000    7.00000  87.9%   8.1  620s
 4699680 1963137   47.00000   56   25   58.00000    7.00000  87.9%   8.1  625s
 4731264 1975442   27.00000   60   28   58.00000    7.00000  87.9%   8.1  630s
 4762149 1987714   53.00000   64   19   58.00000    7.00000  87.9%   8.1  635s
 4792031 1997942 infeasible   67        58.00000    7.00000  87.9%   8.1  640s
 4823029 2011067   20.00000   59   41   58.00000    7.00000  87.9%   8.1  645s
 4853174 2022184   18.00000   57   34   58.00000    7.00000  87.9%   8.1  650s
 4884848 2033152   45.00000   74   26   58.00000    7.00000  87.9%   8.1  655s
 4909925 2044424   33.00000   57   26   58.00000    7.00000  87.9%   8.1  660s
 4940534 2054677 infeasible   71        58.00000    7.00000  87.9%   8.1  665s
 4969762 2065430   29.00000   72   40   58.00000    7.00000  87.9%   8.1  670s
 4980996 2068184   30.00000   58   30   58.00000    7.00000  87.9%   8.1  675s
 5009114 2079634   38.00000   63   27   58.00000    7.00000  87.9%   8.1  680s
 5039990 2090263     cutoff   59        58.00000    7.00000  87.9%   8.1  685s
 5072413 2101856   48.00000   78   17   58.00000    7.00000  87.9%   8.1  690s
 5099454 2111590    8.00000   57   44   58.00000    7.00000  87.9%   8.1  695s
 5127951 2122731   54.00000   64   28   58.00000    7.00000  87.9%   8.1  700s
 5154772 2133272   28.00000   63   34   58.00000    7.00000  87.9%   8.1  705s
 5185011 2142315   20.00000   49   34   58.00000    7.00000  87.9%   8.1  710s
 5211870 2152138    8.00000   65   24   58.00000    7.00000  87.9%   8.1  715s
 5240906 2163490    7.00000   55   34   58.00000    7.00000  87.9%   8.1  720s
 5270122 2173717 infeasible   61        58.00000    7.00000  87.9%   8.1  725s
 5298380 2185288   34.00000   50   28   58.00000    7.00000  87.9%   8.1  730s
 5324893 2196284   51.00000   63   21   58.00000    7.00000  87.9%   8.1  735s
 5355252 2206752     cutoff   53        58.00000    7.00000  87.9%   8.1  740s
 5384485 2218542     cutoff   63        58.00000    7.00000  87.9%   8.1  745s
 5412369 2230432   26.00000   49   31   58.00000    7.00000  87.9%   8.1  750s
 5440309 2242278   43.00000   58   23   58.00000    7.00170  87.9%   8.1  755s
 5470406 2252077 infeasible   75        58.00000    7.00685  87.9%   8.1  760s
 5497903 2264284   33.00000   64   28   58.00000    7.01075  87.9%   8.1  765s
 5526963 2275518   43.00000   65   31   58.00000    7.02143  87.9%   8.1  770s
 5554110 2285230   18.06122   61   32   58.00000    7.03030  87.9%   8.0  775s
 5580345 2294286   32.00000   61   19   58.00000    7.04233  87.9%   8.0  780s
 5608758 2304046   33.00000   54   16   58.00000    7.05286  87.8%   8.0  785s
 5633381 2314385   24.00000   57   26   58.00000    7.09589  87.8%   8.0  790s
 5663132 2323290 infeasible   61        58.00000    7.20000  87.6%   8.0  795s
 5689692 2333803    8.00000   47   39   58.00000    7.50000  87.1%   8.0  800s
 5718021 2345245    8.00000   49   40   58.00000    7.76190  86.6%   8.0  805s
 5741253 2354982 infeasible   64        58.00000    8.00000  86.2%   8.0  810s
 5772338 2362841   46.00000   56   21   58.00000    8.00000  86.2%   8.0  815s
 5801783 2373805   56.00000   63   17   58.00000    8.00000  86.2%   8.0  820s
 5827614 2384670   12.00000   46   33   58.00000    8.00000  86.2%   8.0  825s
 5857652 2394044   27.00000   62   36   58.00000    8.00000  86.2%   8.0  830s
 5881497 2403130   22.00000   52   30   58.00000    8.00000  86.2%   8.0  835s
 5910686 2415812 infeasible   66        58.00000    8.00000  86.2%   8.0  840s
 5935877 2427312   51.00000   58   19   58.00000    8.00000  86.2%   8.0  845s
 5964524 2439471   21.00000   55   32   58.00000    8.00000  86.2%   8.0  850s
 5992209 2449631   34.00000   67   24   58.00000    8.00000  86.2%   8.0  855s
 6018406 2459375   21.00000   55   22   58.00000    8.00000  86.2%   8.0  860s
 6044747 2469593 infeasible   77        58.00000    8.00000  86.2%   8.0  865s
 6071990 2481897 infeasible   71        58.00000    8.00000  86.2%   8.0  870s
 6098750 2493559   48.00000   55   14   58.00000    8.00000  86.2%   8.0  875s
 6126671 2502097   52.00000   64   18   58.00000    8.00000  86.2%   8.0  880s
 6151857 2513171   38.15625   63   22   58.00000    8.00000  86.2%   8.0  885s
 6177988 2522268   35.00000   59   21   58.00000    8.00000  86.2%   8.0  890s
 6204069 2532720   22.00000   57   28   58.00000    8.00000  86.2%   8.0  895s
 6233145 2543816   54.00000   64   19   58.00000    8.00000  86.2%   8.0  900s
 6256529 2553881   49.00000   44   26   58.00000    8.00000  86.2%   8.0  905s
 6285160 2564739   51.00000   69   18   58.00000    8.00000  86.2%   7.9  910s
 6309414 2575284   42.00000   57   21   58.00000    8.00000  86.2%   7.9  915s
 6332263 2583738   19.00000   64   32   58.00000    8.00000  86.2%   7.9  920s
 6358377 2594369   21.01322   57   34   58.00000    8.00000  86.2%   7.9  925s
 6385889 2602587 infeasible   66        58.00000    8.00000  86.2%   7.9  930s
 6411154 2612036 infeasible   59        58.00000    8.00000  86.2%   7.9  935s
 6432441 2621374   29.00000   67   27   58.00000    8.00000  86.2%   7.9  940s
 6458732 2630134 infeasible   73        58.00000    8.00000  86.2%   7.9  945s
 6482655 2640170   17.00000   59   26   58.00000    8.00000  86.2%   7.9  950s
 6508682 2650273   22.00000   54   29   58.00000    8.00000  86.2%   7.9  955s
 6532884 2660472   49.00000   74   24   58.00000    8.00000  86.2%   7.9  960s
 6558789 2670702 infeasible   62        58.00000    8.00000  86.2%   7.9  965s
 6582672 2679091 infeasible   74        58.00000    8.00000  86.2%   7.9  970s
 6607690 2688835   49.00000   78   17   58.00000    8.00000  86.2%   7.9  975s
 6630708 2698234 infeasible   53        58.00000    8.00000  86.2%   7.9  980s
 6651944 2706336   56.00000   67   14   58.00000    8.00000  86.2%   7.9  985s
 6674963 2715086   48.00000   64   21   58.00000    8.00000  86.2%   7.9  990s
 6699392 2724511 infeasible   60        58.00000    8.00000  86.2%   7.9  995s
 6724230 2731912     cutoff   58        58.00000    8.00000  86.2%   7.9 1000s
 6747236 2742067   29.00000   67   24   58.00000    8.00000  86.2%   7.9 1005s
 6769076 2750170   21.00000   61   26   58.00000    8.00000  86.2%   7.9 1010s
 6792889 2757497   51.00000   61   23   58.00000    8.00000  86.2%   7.9 1015s
 6813690 2765111   42.00000   60   17   58.00000    8.00000  86.2%   7.9 1020s
 6834849 2772183   23.00000   60   33   58.00000    8.00000  86.2%   7.9 1025s
 6858089 2780561 infeasible   76        58.00000    8.00000  86.2%   7.9 1030s
 6881781 2787404   41.00000   68   21   58.00000    8.00000  86.2%   7.9 1035s
 6904830 2794905   23.75758   60   38   58.00000    8.00000  86.2%   7.9 1040s
 6931071 2802717 infeasible   74        58.00000    8.00000  86.2%   7.9 1045s
 6953465 2810538 infeasible   56        58.00000    8.00000  86.2%   7.9 1050s
 6970210 2818616   52.00000   60   25   58.00000    8.00000  86.2%   7.9 1055s
 6993066 2826845   39.00000   69   25   58.00000    8.00000  86.2%   7.9 1060s
 7021088 2834377   26.00000   59   27   58.00000    8.00000  86.2%   7.9 1065s
 7043038 2842041   31.00000   57   24   58.00000    8.00000  86.2%   7.9 1070s
 7067305 2850650    8.00000   64   34   58.00000    8.00000  86.2%   7.9 1075s
 7087501 2857856 infeasible   65        58.00000    8.00000  86.2%   7.9 1080s
 7111276 2866220 infeasible   60        58.00000    8.00000  86.2%   7.9 1085s
 7118950 2870417   39.00000   70   18   58.00000    8.00000  86.2%   7.9 1090s
 7141039 2877212   27.09091   57   30   58.00000    8.00000  86.2%   7.9 1095s
 7163117 2886959   13.00333   55   39   58.00000    8.00000  86.2%   7.9 1100s
 7186831 2895159 infeasible   57        58.00000    8.00000  86.2%   7.9 1105s
 7210281 2903082 infeasible   69        58.00000    8.00000  86.2%   7.9 1110s
 7233030 2911550 infeasible   69        58.00000    8.00000  86.2%   7.9 1115s
 7255602 2920501   42.00000   59   27   58.00000    8.00000  86.2%   7.9 1120s
 7276377 2928938   23.00000   63   31   58.00000    8.00000  86.2%   7.9 1125s
 7298592 2938640   44.26696   57   34   58.00000    8.00000  86.2%   7.9 1130s
 7320894 2943888     cutoff   69        58.00000    8.00000  86.2%   7.9 1135s
 7343056 2951747   31.00000   55   31   58.00000    8.00000  86.2%   7.9 1140s
 7365242 2961018   53.00000   67   12   58.00000    8.00000  86.2%   7.9 1145s
 7385767 2967069   24.00000   61   32   58.00000    8.00000  86.2%   7.9 1150s
 7407452 2975693    9.09907   51   46   58.00000    8.00000  86.2%   7.9 1155s
 7428116 2981692   11.01075   49   31   58.00000    8.00000  86.2%   7.9 1160s
 7452996 2989834   31.00000   59   27   58.00000    8.00000  86.2%   7.9 1165s
 7472406 2997723   14.00667   54   44   58.00000    8.00000  86.2%   7.9 1170s
 7495251 3006207   12.00000   53   44   58.00000    8.00000  86.2%   7.9 1175s
 7516988 3013030   45.00000   55   31   58.00000    8.00000  86.2%   7.9 1180s
 7540046 3021707   28.00000   55   36   58.00000    8.00000  86.2%   7.9 1185s
 7562603 3026765   15.00000   66   25   58.00000    8.00000  86.2%   7.9 1190s
 7583027 3034736   54.00000   57   20   58.00000    8.00000  86.2%   7.9 1195s
 7606472 3045132   34.00000   70   26   58.00000    8.00000  86.2%   7.9 1201s
 7628556 3052371   37.00000   64   24   58.00000    8.00000  86.2%   7.9 1205s
 7649639 3058393   40.00667   50   34   58.00000    8.00000  86.2%   7.9 1210s
 7669968 3066465 infeasible   58        58.00000    8.00000  86.2%   7.9 1215s
 7692948 3074738   34.00000   48   27   58.00000    8.00000  86.2%   7.9 1220s
 7717296 3082713    8.00000   52   28   58.00000    8.00000  86.2%   7.9 1225s
 7739910 3093305   11.00000   57   39   58.00000    8.00000  86.2%   7.9 1231s
 7760511 3099934   54.04301   71   22   58.00000    8.00000  86.2%   7.9 1235s
 7785578 3108030   29.00000   59   27   58.00000    8.00000  86.2%   7.9 1240s
 7802024 3117501   21.00000   53   27   58.00000    8.00333  86.2%   7.9 1245s
 7823715 3126627 infeasible   63        58.00000    8.00333  86.2%   7.9 1250s
 7853561 3132721   30.00000   61   24   58.00000    8.00333  86.2%   7.9 1255s
 7874377 3141889   31.00000   57   35   58.00000    8.00538  86.2%   7.9 1260s
 7896812 3149739   34.00000   69   33   58.00000    8.01075  86.2%   7.9 1265s
 7917869 3156854   49.00000   56   29   58.00000    8.01081  86.2%   7.8 1270s
 7923102 3157925 infeasible   56        58.00000    8.01081  86.2%   7.8 1275s
 7941315 3164789   23.00000   46   25   58.00000    8.02740  86.2%   7.8 1280s
 7961365 3171742   39.00000   63   23   58.00000    8.03483  86.1%   7.8 1285s
 7981818 3177729   34.00000   52   24   58.00000    8.04462  86.1%   7.8 1290s
 8002584 3185765 infeasible   55        58.00000    8.05263  86.1%   7.8 1295s
 8024353 3193682   42.00000   56   22   58.00000    8.06000  86.1%   7.8 1300s
 8046294 3200670 infeasible   62        58.00000    8.07692  86.1%   7.8 1305s
 8066529 3207271 infeasible   66        58.00000    8.10000  86.0%   7.8 1310s
 8088081 3214095    9.00000   54   46   58.00000    8.20000  85.9%   7.8 1315s
 8108777 3221562    9.00000   56   34   58.00000    8.44086  85.4%   7.8 1320s
 8131153 3229690   29.00000   66   20   58.00000    8.61538  85.1%   7.8 1325s
 8152759 3238056 infeasible   62        58.00000    9.00000  84.5%   7.8 1330s
 8175487 3246300   37.00000   61   27   58.00000    9.00000  84.5%   7.8 1335s
 8196737 3255466   22.00000   58   23   58.00000    9.00000  84.5%   7.8 1340s
 8219268 3262458   33.00000   62   23   58.00000    9.00000  84.5%   7.8 1345s
 8240888 3269675   54.00000   49   19   58.00000    9.00000  84.5%   7.8 1350s
 8261498 3277615   34.00000   56   25   58.00000    9.00000  84.5%   7.8 1355s
 8282640 3286309    9.00000   49   39   58.00000    9.00000  84.5%   7.8 1360s
 8307154 3294480 infeasible   65        58.00000    9.00000  84.5%   7.8 1365s
 8328471 3301695   39.00000   61   22   58.00000    9.00000  84.5%   7.8 1370s
 8348239 3309492   38.00000   51   21   58.00000    9.00000  84.5%   7.8 1375s
 8369743 3317809   53.00000   53   15   58.00000    9.00000  84.5%   7.8 1380s
 8391144 3327571   27.00000   47   30   58.00000    9.00000  84.5%   7.8 1385s
 8412235 3334413   44.00000   61   23   58.00000    9.00000  84.5%   7.8 1390s
 8432240 3344026   43.10256   64   21   58.00000    9.00000  84.5%   7.8 1395s
 8452606 3352909    9.12308   45   33   58.00000    9.00000  84.5%   7.8 1400s
 8474574 3361700   46.00000   64   14   58.00000    9.00000  84.5%   7.8 1405s
 8496021 3370729   14.00000   62   27   58.00000    9.00000  84.5%   7.8 1410s
 8515413 3377038   50.00000   76    7   58.00000    9.00000  84.5%   7.8 1415s
 8536936 3384206   33.00000   51   19   58.00000    9.00000  84.5%   7.8 1420s
 8555309 3392300   22.00000   59   27   58.00000    9.00000  84.5%   7.8 1425s
 8578431 3400103   48.00000   60   18   58.00000    9.00000  84.5%   7.8 1430s
 8599480 3408671   14.00000   53   28   58.00000    9.00000  84.5%   7.8 1435s
 8620215 3417537   46.00000   62   24   58.00000    9.00000  84.5%   7.8 1440s
 8641055 3426236   18.00000   63   29   58.00000    9.00000  84.5%   7.8 1445s
 8662400 3433909   53.14000   59   35   58.00000    9.00000  84.5%   7.8 1450s
 8682202 3441669   30.00000   45   22   58.00000    9.00000  84.5%   7.8 1455s
 8704362 3449935   28.20000   56   26   58.00000    9.00000  84.5%   7.8 1460s
 8723228 3458517 infeasible   64        58.00000    9.00000  84.5%   7.8 1465s
 8745419 3466261   41.00000   59   20   58.00000    9.00000  84.5%   7.8 1470s
 8764992 3473825   19.00000   64   31   58.00000    9.00000  84.5%   7.8 1475s
 8781117 3482359   36.00000   66   26   58.00000    9.00000  84.5%   7.8 1480s
 8804449 3490795   42.00000   49   23   58.00000    9.00000  84.5%   7.8 1486s
 8822672 3496722   40.34783   70   20   58.00000    9.00000  84.5%   7.8 1490s
 8845074 3504238   26.00000   59   27   58.00000    9.00000  84.5%   7.8 1495s
 8866247 3513453   51.06650   54   30   58.00000    9.00000  84.5%   7.8 1500s
 8886449 3521189   25.00000   64   29   58.00000    9.00000  84.5%   7.8 1505s
 8907056 3527815   21.00000   42   29   58.00000    9.00000  84.5%   7.8 1510s
 8926454 3536385 infeasible   47        58.00000    9.00000  84.5%   7.8 1515s
 8947559 3543414 infeasible   72        58.00000    9.00000  84.5%   7.8 1520s
 8967542 3551392 infeasible   64        58.00000    9.00000  84.5%   7.8 1525s
 8986869 3558399   29.00000   48   30   58.00000    9.00000  84.5%   7.8 1530s
 9004650 3566888   16.00000   58   27   58.00000    9.00000  84.5%   7.8 1535s
 9024394 3575227   10.00000   51   22   58.00000    9.00000  84.5%   7.8 1540s
 9046491 3580561 infeasible   63        58.00000    9.00000  84.5%   7.8 1545s
 9064503 3587245   26.00000   73   21   58.00000    9.00000  84.5%   7.8 1550s
 9081602 3594201   38.00000   64   24   58.00000    9.00000  84.5%   7.8 1555s
 9103566 3601166 infeasible   77        58.00000    9.00000  84.5%   7.8 1560s
 9122133 3607979   40.00000   55   22   58.00000    9.00000  84.5%   7.8 1565s
 9137538 3615967 infeasible   61        58.00000    9.00000  84.5%   7.8 1570s
 9155422 3620807    9.00000   51   36   58.00000    9.00000  84.5%   7.8 1575s
 9177816 3628832   11.00000   65   35   58.00000    9.00000  84.5%   7.8 1580s
 9190753 3632500 infeasible   64        58.00000    9.00000  84.5%   7.8 1588s
 9197571 3635213    9.00000   45   27   58.00000    9.00000  84.5%   7.8 1590s
 9214662 3641512   21.00000   64   30   58.00000    9.00000  84.5%   7.8 1595s
 9236650 3649715   41.00000   62   26   58.00000    9.00000  84.5%   7.8 1600s
 9249584 3656706    9.00000   64   30   58.00000    9.00000  84.5%   7.8 1605s
 9270903 3664344   49.00000   64   17   58.00000    9.00000  84.5%   7.8 1610s
 9290682 3671025     cutoff   69        58.00000    9.00000  84.5%   7.8 1615s
 9313474 3678797 infeasible   74        58.00000    9.00000  84.5%   7.8 1620s
 9332723 3686092   40.00000   60   18   58.00000    9.00000  84.5%   7.7 1625s
 9352321 3693273   33.00000   60   17   58.00000    9.00000  84.5%   7.7 1630s
 9373604 3701237   48.00000   60   16   58.00000    9.00000  84.5%   7.7 1635s
 9392531 3707918 infeasible   58        58.00000    9.00000  84.5%   7.7 1640s
 9413521 3714467   24.00000   47   30   58.00000    9.00000  84.5%   7.7 1645s
 9434210 3722258   35.00000   63   23   58.00000    9.00000  84.5%   7.7 1650s
 9451221 3730631   53.00000   52   19   58.00000    9.00000  84.5%   7.7 1655s
 9473366 3736386   30.00000   55   34   58.00000    9.00000  84.5%   7.7 1660s
 9493080 3744257   39.00000   68   28   58.00000    9.00000  84.5%   7.7 1665s
 9511585 3749936 infeasible   64        58.00000    9.00000  84.5%   7.7 1670s
 9530527 3756798 infeasible   68        58.00000    9.00000  84.5%   7.7 1675s
 9548450 3764438 infeasible   70        58.00000    9.00000  84.5%   7.7 1680s
 9567275 3770821 infeasible   59        58.00000    9.00000  84.5%   7.7 1685s
 9583132 3777474   21.00000   54   39   58.00000    9.00000  84.5%   7.7 1690s
 9604583 3785001 infeasible   72        58.00000    9.00000  84.5%   7.7 1695s
 9627593 3789976   35.00000   49   28   58.00000    9.00000  84.5%   7.7 1700s
 9642641 3796458   37.00000   76   10   58.00000    9.00000  84.5%   7.7 1705s
 9664038 3802858   11.00000   55   35   58.00000    9.00000  84.5%   7.7 1710s
 9683118 3810459   38.00000   69   30   58.00000    9.00000  84.5%   7.7 1715s
 9702274 3816546   26.00000   74   38   58.00000    9.00000  84.5%   7.7 1720s
 9723478 3824493     cutoff   66        58.00000    9.00000  84.5%   7.7 1725s
 9739234 3831971 infeasible   65        58.00000    9.00000  84.5%   7.7 1730s
 9761201 3837720     cutoff   71        58.00000    9.00000  84.5%   7.7 1735s
 9778483 3844558   42.00000   66   33   58.00000    9.00000  84.5%   7.7 1740s
 9798200 3852088   51.00000   61   19   58.00000    9.00000  84.5%   7.7 1745s
 9818497 3858832 infeasible   75        58.00000    9.00000  84.5%   7.7 1750s
 9836362 3865950   31.00000   65   22   58.00000    9.00000  84.5%   7.7 1755s
 9856590 3873645    9.00000   54   24   58.00000    9.00000  84.5%   7.7 1760s
 9876006 3880903   24.00000   55   38   58.00000    9.00000  84.5%   7.7 1765s
 9896749 3887990   42.00000   53   36   58.00000    9.00000  84.5%   7.7 1770s
 9912702 3896168   47.00000   61   19   58.00000    9.00000  84.5%   7.7 1775s
 9934744 3901926   27.00000   59   23   58.00000    9.00000  84.5%   7.7 1780s
 9950558 3907992    9.00000   57   35   58.00000    9.00000  84.5%   7.7 1785s
 9971757 3914016   38.00000   58   29   58.00000    9.00000  84.5%   7.7 1790s
 9986702 3920153   21.00000   51   28   58.00000    9.00000  84.5%   7.7 1795s
 10009719 3926617 infeasible   76        58.00000    9.00000  84.5%   7.7 1800s
 10022133 3932357   50.00000   61   22   58.00000    9.00000  84.5%   7.7 1805s
 10044159 3938252   56.00000   71   15   58.00000    9.00000  84.5%   7.7 1810s
 10062992 3945708 infeasible   79        58.00000    9.00000  84.5%   7.7 1815s
 10080105 3950818 infeasible   70        58.00000    9.00000  84.5%   7.7 1820s
 10097940 3956816   51.00980   61   26   58.00000    9.00000  84.5%   7.7 1825s
 10116094 3962636 infeasible   59        58.00000    9.00000  84.5%   7.7 1830s
 10134489 3969216   47.00000   58   18   58.00000    9.00000  84.5%   7.7 1835s
 10150861 3975559   56.00000   64   28   58.00000    9.00000  84.5%   7.7 1840s
 10168925 3981442   37.00000   68   24   58.00000    9.00000  84.5%   7.7 1845s
 10189534 3988599   50.00000   70   25   58.00000    9.00000  84.5%   7.7 1850s
 10206872 3994265   52.00000   66   13   58.00000    9.00000  84.5%   7.7 1855s
 10225680 4000184   33.00000   59   25   58.00000    9.00000  84.5%   7.7 1860s
 10242524 4008534   10.00000   49   42   58.00000    9.00000  84.5%   7.7 1866s
 10261587 4013124   18.00000   59   35   58.00000    9.00000  84.5%   7.7 1870s
 10278592 4019023    9.00000   55   23   58.00000    9.00000  84.5%   7.7 1875s
 10298274 4025138   25.00000   66   23   58.00000    9.00000  84.5%   7.7 1880s
 10319670 4031908 infeasible   68        58.00000    9.00000  84.5%   7.7 1885s
 10337240 4037774   44.35294   65   22   58.00000    9.00000  84.5%   7.7 1890s
 10351902 4044014 infeasible   62        58.00000    9.00000  84.5%   7.7 1895s
 10369109 4048084   29.00000   53   31   58.00000    9.00000  84.5%   7.7 1902s
 10379621 4051668   39.05747   59   32   58.00000    9.00000  84.5%   7.7 1905s
 10394235 4058992 infeasible   70        58.00000    9.00000  84.5%   7.7 1910s
 10415930 4066227   52.00000   73   25   58.00000    9.00000  84.5%   7.7 1916s
 10433906 4070733   17.00000   55   26   58.00000    9.00000  84.5%   7.7 1920s
 10455056 4077292   10.00000   54   31   58.00000    9.00000  84.5%   7.7 1925s
 10474365 4084126   29.00000   56   25   58.00000    9.00000  84.5%   7.7 1930s
 10488806 4089931   10.76190   51   40   58.00000    9.00000  84.5%   7.7 1935s
 10507402 4096215   39.00000   73   25   58.00000    9.00000  84.5%   7.7 1940s
 10526397 4103470   31.46535   65   38   58.00000    9.00000  84.5%   7.7 1946s
 10543234 4108668   31.00000   62   29   58.00000    9.00000  84.5%   7.7 1950s
 10564747 4115317   17.00000   58   34   58.00000    9.00000  84.5%   7.7 1955s
 10582948 4122489   46.00000   61   19   58.00000    9.00000  84.5%   7.7 1960s
 10602893 4129489 infeasible   67        58.00000    9.00000  84.5%   7.7 1965s
 10620170 4136987   32.00000   63   28   58.00000    9.00000  84.5%   7.7 1970s
 10641852 4143459   38.00000   61   25   58.00000    9.00000  84.5%   7.7 1975s
 10659672 4152594   43.00000   63   20   58.00000    9.00000  84.5%   7.7 1981s
 10678466 4157438   13.15179   56   48   58.00000    9.00000  84.5%   7.7 1985s
 10698617 4164013   53.00000   64   16   58.00000    9.00000  84.5%   7.7 1990s
 10716358 4169622 infeasible   61        58.00000    9.00000  84.5%   7.7 1995s
 10733944 4177076   19.00000   50   34   58.00000    9.00000  84.5%   7.7 2000s
 10755614 4183912 infeasible   60        58.00000    9.00000  84.5%   7.7 2005s
 10775079 4191260   31.00000   53   30   58.00000    9.00000  84.5%   7.7 2010s
 10791772 4197677   55.00000   60   15   58.00000    9.00000  84.5%   7.7 2015s
 10810215 4205064   41.00000   57   20   58.00000    9.00140  84.5%   7.7 2020s
 10828963 4211803 infeasible   61        58.00000    9.00333  84.5%   7.7 2025s
 10847068 4219199   49.00000   77   11   58.00000    9.00500  84.5%   7.7 2030s
 10866228 4226491   10.00000   49   33   58.00000    9.00667  84.5%   7.7 2035s
 10880528 4233868   25.01075   53   40   58.00000    9.01075  84.5%   7.7 2040s
 10903239 4242054   44.01075   61   40   58.00000    9.01075  84.5%   7.7 2046s
 10923328 4248288   48.00000   57   26   58.00000    9.01081  84.5%   7.7 2050s
 10944261 4257694   56.00000   66   27   58.00000    9.01081  84.5%   7.7 2055s
 10962719 4264589   43.08751   64   35   58.00000    9.01990  84.4%   7.7 2060s
 10979763 4270481   21.00000   62   31   58.00000    9.02740  84.4%   7.7 2065s
 10995310 4275796   30.00000   67   27   58.00000    9.03500  84.4%   7.7 2070s
 11010380 4282048   34.00000   58   36   58.00000    9.04040  84.4%   7.7 2075s
 11030247 4287732   56.00000   66   17   58.00000    9.04975  84.4%   7.7 2080s
 11046528 4292633   10.05286   57   38   58.00000    9.05286  84.4%   7.7 2085s
 11062449 4298631   23.11000   61   37   58.00000    9.05519  84.4%   7.7 2090s
 11078458 4304114   18.01075   60   36   58.00000    9.06581  84.4%   7.7 2095s
 11094146 4310606   49.00000   54   22   58.00000    9.07179  84.4%   7.7 2101s
 11109942 4314631   25.00000   62   34   58.00000    9.09184  84.3%   7.7 2105s
 11127030 4320524   21.00000   49   29   58.00000    9.10000  84.3%   7.7 2110s
 11144017 4325783   45.00000   63   16   58.00000    9.12308  84.3%   7.7 2115s
 11145999 4326338   49.50000   60   21   58.00000    9.13108  84.3%   7.7 2123s
 11148879 4327480   56.00000   68   26   58.00000    9.14213  84.2%   7.7 2125s
 11166304 4333296   54.00000   62   12   58.00000    9.19492  84.1%   7.7 2130s
 11182174 4341175   49.10377   63   32   58.00000    9.21552  84.1%   7.7 2136s
 11199095 4345380   26.00000   66   26   58.00000    9.33333  83.9%   7.7 2140s
 11218171 4352156 infeasible   56        58.00000    9.50000  83.6%   7.7 2145s
 11236327 4359329   32.00000   58   43   58.00000    9.56801  83.5%   7.7 2150s
 11254371 4365212   23.00000   56   22   58.00000    9.78373  83.1%   7.7 2155s
 11272694 4372052   41.00000   69   21   58.00000   10.00000  82.8%   7.7 2160s
 11290453 4378891   24.00000   55   25   58.00000   10.00000  82.8%   7.7 2165s
 11307193 4385948   47.00000   62   20   58.00000   10.00000  82.8%   7.7 2170s
 11324870 4391363   34.00000   53   30   58.00000   10.00000  82.8%   7.7 2175s
 11343047 4399369   20.00000   59   23   58.00000   10.00000  82.8%   7.7 2180s
 11358444 4405346   21.13240   63   26   58.00000   10.00000  82.8%   7.7 2185s
 11376113 4410785   38.00000   63   21   58.00000   10.00000  82.8%   7.7 2190s
 11392645 4416351   40.00000   55   26   58.00000   10.00000  82.8%   7.7 2195s
 11411877 4423298   24.00000   50   36   58.00000   10.00000  82.8%   7.7 2201s
 11424900 4428085   52.00000   68   12   58.00000   10.00000  82.8%   7.7 2205s
 11446366 4434199 infeasible   59        58.00000   10.00000  82.8%   7.7 2210s
 11463317 4441321   36.00000   66   20   58.00000   10.00000  82.8%   7.7 2215s
 11481393 4448034 infeasible   61        58.00000   10.00000  82.8%   7.7 2220s
 11499302 4454944   29.00000   53   35   58.00000   10.00000  82.8%   7.7 2225s
 11515023 4463534   38.00000   65   31   58.00000   10.00000  82.8%   7.7 2230s
 11533849 4468510   18.00000   55   24   58.00000   10.00000  82.8%   7.7 2235s
 11551869 4475782   38.00000   50   18   58.00000   10.00000  82.8%   7.7 2240s
 11569620 4481351   29.00000   54   23   58.00000   10.00000  82.8%   7.7 2245s
 11589616 4488672 infeasible   76        58.00000   10.00000  82.8%   7.7 2250s
 11603239 4495180   50.00000   60   16   58.00000   10.00000  82.8%   7.7 2255s
 11622831 4501225   21.00000   57   24   58.00000   10.00000  82.8%   7.7 2260s
 11639205 4507828   15.00000   59   38   58.00000   10.00000  82.8%   7.7 2265s
 11656914 4513783     cutoff   63        58.00000   10.00000  82.8%   7.7 2270s
 11674086 4520210   56.00000   66    9   58.00000   10.00000  82.8%   7.7 2275s
 11691887 4527706   14.00000   55   29   58.00000   10.00000  82.8%   7.7 2280s
 11710266 4533192 infeasible   60        58.00000   10.00000  82.8%   7.7 2285s
 11726219 4540154 infeasible   69        58.00000   10.00000  82.8%   7.7 2290s
 11744902 4545610 infeasible   61        58.00000   10.00000  82.8%   7.7 2295s
 11760552 4551395   15.00000   65   29   58.00000   10.00000  82.8%   7.7 2300s
 11775740 4556862   29.00000   67   20   58.00000   10.00000  82.8%   7.7 2305s
 11794459 4563482 infeasible   61        58.00000   10.00000  82.8%   7.7 2310s
 11810420 4569199   52.00000   63   15   58.00000   10.00000  82.8%   7.7 2315s
 11828073 4575496 infeasible   66        58.00000   10.00000  82.8%   7.7 2320s
 11844311 4581537 infeasible   57        58.00000   10.00000  82.8%   7.7 2325s
 11860393 4587703   23.00000   67   22   58.00000   10.00000  82.8%   7.7 2330s
 11876136 4593143   48.00000   57   26   58.00000   10.00000  82.8%   7.7 2335s
 11888255 4598273   25.00000   57   39   58.00000   10.00000  82.8%   7.7 2340s
 11909384 4603750   45.00000   54   15   58.00000   10.00000  82.8%   7.7 2345s
 11927338 4610597   33.00000   60   21   58.00000   10.00000  82.8%   7.7 2350s
 11944743 4616099   22.00000   49   28   58.00000   10.00000  82.8%   7.7 2355s
 11961158 4622191   39.00000   57   26   58.00000   10.00000  82.8%   7.7 2360s
 11977781 4628267 infeasible   57        58.00000   10.00000  82.8%   7.7 2365s
 11995779 4634548 infeasible   76        58.00000   10.00000  82.8%   7.7 2370s
 12010820 4639931   42.00000   63   17   58.00000   10.00000  82.8%   7.7 2375s
 12026538 4647723   32.00000   60   18   58.00000   10.00000  82.8%   7.7 2380s
 12044844 4653619   16.00000   55   29   58.00000   10.00000  82.8%   7.7 2385s
 12062339 4660211 infeasible   66        58.00000   10.00000  82.8%   7.7 2390s
 12079108 4665320 infeasible   62        58.00000   10.00000  82.8%   7.7 2395s
 12097016 4672886   52.00000   64   22   58.00000   10.00000  82.8%   7.7 2400s
 12114083 4680512   16.00000   54   27   58.00000   10.00000  82.8%   7.7 2406s
 12131045 4684336   32.00000   54   27   58.00000   10.00000  82.8%   7.7 2410s
 12147261 4689867   39.00000   61   20   58.00000   10.00000  82.8%   7.7 2415s
 12163905 4695816   44.00000   74   23   58.00000   10.00000  82.8%   7.7 2420s
 12181256 4701622 infeasible   68        58.00000   10.00000  82.8%   7.7 2425s
 12196484 4707885   30.00000   54   18   58.00000   10.00000  82.8%   7.7 2430s
 12212492 4713969   29.00000   59   23   58.00000   10.00000  82.8%   7.7 2435s
 12229572 4719344   31.00000   60   43   58.00000   10.00000  82.8%   7.7 2440s
 12243243 4724685   13.00000   56   29   58.00000   10.00000  82.8%   7.7 2445s
 12262491 4730249   33.00000   64   23   58.00000   10.00000  82.8%   7.7 2450s
 12274711 4735921   44.00000   54   22   58.00000   10.00000  82.8%   7.7 2455s
 12294072 4742451   34.00000   49   27   58.00000   10.00000  82.8%   7.7 2460s
 12308283 4747262   32.00000   55   28   58.00000   10.00000  82.8%   7.7 2465s
 12326768 4753532   27.00000   55   33   58.00000   10.00000  82.8%   7.7 2470s
 12341042 4759507 infeasible   67        58.00000   10.00000  82.8%   7.7 2475s
 12358826 4763844 infeasible   72        58.00000   10.00000  82.8%   7.7 2480s
 12372690 4769740   41.00000   64   24   58.00000   10.00000  82.8%   7.7 2485s
 12391404 4776153   34.00000   60   26   58.00000   10.00000  82.8%   7.7 2490s
 12406184 4783858   40.01000   60   30   58.00000   10.00000  82.8%   7.7 2496s
 12421316 4787943   30.00000   54   23   58.00000   10.00000  82.8%   7.7 2500s
 12438083 4792824 infeasible   76        58.00000   10.00000  82.8%   7.7 2505s
 12450224 4798089   28.00000   62   28   58.00000   10.00000  82.8%   7.7 2510s
 12467302 4802717   39.00000   59   24   58.00000   10.00000  82.8%   7.7 2515s
 12480141 4806888 infeasible   65        58.00000   10.00000  82.8%   7.7 2520s
 12496893 4813957   10.00000   56   36   58.00000   10.00000  82.8%   7.7 2526s
 12511235 4818473   23.00000   58   29   58.00000   10.00000  82.8%   7.7 2530s
 12528709 4824354   29.00000   54   32   58.00000   10.00000  82.8%   7.7 2535s
 12542519 4830340   28.00000   56   31   58.00000   10.00000  82.8%   7.7 2541s
 12559181 4834794   33.00000   56   23   58.00000   10.00000  82.8%   7.7 2545s
 12573124 4839977   54.00000   75   10   58.00000   10.00000  82.8%   7.7 2550s
 12587624 4845212   21.00000   61   27   58.00000   10.00000  82.8%   7.7 2555s
 12603195 4849812   54.00000   73   14   58.00000   10.00000  82.8%   7.7 2560s
 12617388 4854771   45.00000   56   28   58.00000   10.00000  82.8%   7.7 2567s
 12625560 4859674   50.00000   65   16   58.00000   10.00000  82.8%   7.7 2571s
 12642791 4864161 infeasible   72        58.00000   10.00000  82.8%   7.7 2575s
 12658231 4869426   53.00000   63   19   58.00000   10.00000  82.8%   7.7 2580s
 12669973 4874952 infeasible   58        58.00000   10.00000  82.8%   7.7 2585s
 12686676 4880521   11.00000   51   33   58.00000   10.00000  82.8%   7.7 2590s
 12701771 4884879   39.00000   62   20   58.00000   10.00000  82.8%   7.7 2595s
 12711238 4888729   48.00000   60   23   58.00000   10.00000  82.8%   7.7 2600s
 12724880 4893888   29.00000   61   20   58.00000   10.00000  82.8%   7.7 2605s
 12741829 4899102 infeasible   71        58.00000   10.00000  82.8%   7.6 2610s
 12756377 4904441   56.00000   50   20   58.00000   10.00000  82.8%   7.6 2615s
 12765920 4907588   32.00000   64   18   58.00000   10.00000  82.8%   7.6 2620s
 12776982 4912714   40.00000   65   21   58.00000   10.00000  82.8%   7.6 2625s
 12794305 4918641   23.00000   60   27   58.00000   10.00000  82.8%   7.6 2630s
 12809289 4924188   43.00000   58   19   58.00000   10.00000  82.8%   7.6 2635s
 12820038 4926986 infeasible   65        58.00000   10.00000  82.8%   7.6 2640s
 12835269 4933034   51.00000   59   19   58.00000   10.00000  82.8%   7.6 2645s
 12851610 4937691   49.00000   65   21   58.00000   10.00000  82.8%   7.6 2650s
 12866087 4944266 infeasible   59        58.00000   10.00000  82.8%   7.6 2656s
 12878722 4947177   35.45946   78   34   58.00000   10.00000  82.8%   7.6 2665s
 12887166 4952612   49.00000   65   21   58.00000   10.00000  82.8%   7.6 2670s
 12901305 4955879   57.00000   64   18   58.00000   10.00000  82.8%   7.6 2675s
 12916929 4959890 infeasible   74        58.00000   10.00000  82.8%   7.6 2680s
 12924505 4963300   48.00000   71   12   58.00000   10.00000  82.8%   7.6 2685s
 12942754 4968646   36.00000   70   19   58.00000   10.00000  82.8%   7.6 2690s
 12953259 4971252 infeasible   71        58.00000   10.00000  82.8%   7.6 2695s
 12969413 4976548   20.00000   51   34   58.00000   10.00000  82.8%   7.6 2700s
 12983077 4980883   34.00000   62   22   58.00000   10.00000  82.8%   7.6 2705s
 12996987 4985062   33.00000   57   31   58.00000   10.00000  82.8%   7.6 2712s
 12997440 4986932 infeasible   71        58.00000   10.00000  82.8%   7.6 2715s
 13016956 4992775   20.00000   53   42   58.00000   10.00000  82.8%   7.6 2720s
 13035777 4997608 infeasible   71        58.00000   10.00000  82.8%   7.6 2725s
 13044694 5002750   52.00000   66   19   58.00000   10.00000  82.8%   7.6 2730s
 13063219 5007052   37.15385   53   30   58.00000   10.00000  82.8%   7.6 2735s
 13077414 5011995   27.00000   54   33   58.00000   10.00000  82.8%   7.6 2740s
 13091085 5017873   54.00903   52   35   58.00000   10.00000  82.8%   7.6 2745s
 13103933 5021073   36.00000   57   19   58.00000   10.00000  82.8%   7.6 2751s
 13113283 5025054   39.00000   59   18   58.00000   10.00000  82.8%   7.6 2755s
 13130647 5028377   57.00000   74   11   58.00000   10.00000  82.8%   7.6 2760s
 13144937 5032871   10.00000   59   24   58.00000   10.00000  82.8%   7.6 2766s
 13154648 5036072 infeasible   73        58.00000   10.00000  82.8%   7.6 2770s
 13167338 5040388 infeasible   61        58.00000   10.00000  82.8%   7.6 2775s
 13180484 5046514   52.00000   68   19   58.00000   10.00000  82.8%   7.6 2780s
 13190482 5048171 infeasible   50        58.00000   10.00000  82.8%   7.6 2785s
 13202468 5054493   48.01075   63   24   58.00000   10.00000  82.8%   7.6 2790s
 13219763 5057938 infeasible   45        58.00000   10.00000  82.8%   7.6 2795s
 13233459 5063619   46.00000   58   17   58.00000   10.00000  82.8%   7.6 2800s
 13247932 5067007     cutoff   68        58.00000   10.00000  82.8%   7.6 2806s
 13259545 5071685     cutoff   66        58.00000   10.00000  82.8%   7.7 2810s
 13270545 5076568   47.00000   65   21   58.00000   10.00000  82.8%   7.7 2815s
 13285165 5079289 infeasible   49        58.00000   10.00000  82.8%   7.7 2820s
 13300877 5083668   21.00000   54   32   58.00000   10.00000  82.8%   7.7 2825s
 13311898 5088173   21.00000   50   39   58.00000   10.00000  82.8%   7.7 2830s
 13326353 5092275   16.00000   66   35   58.00000   10.00000  82.8%   7.7 2835s
 13342264 5096540   31.00000   69   23   58.00000   10.00000  82.8%   7.7 2841s
 13349034 5099858   47.41379   57   45   58.00000   10.00000  82.8%   7.7 2846s
 13363289 5104017   20.00000   49   28   58.00000   10.00000  82.8%   7.7 2850s
 13375268 5107600   42.00000   61   33   58.00000   10.00000  82.8%   7.7 2855s
 13392035 5112333   39.00000   61   24   58.00000   10.00000  82.8%   7.7 2860s
 13403873 5115958   54.00000   65   22   58.00000   10.00000  82.8%   7.7 2866s
 13412836 5119872   23.00000   68   28   58.00000   10.00000  82.8%   7.7 2870s
 13425606 5122948   36.00000   64   29   58.00000   10.00000  82.8%   7.7 2875s
 13439374 5127664   22.00000   46   24   58.00000   10.00000  82.8%   7.7 2880s
 13455313 5132400   34.00000   53   27   58.00000   10.00000  82.8%   7.7 2885s
 13461841 5135692   38.00000   63   20   58.00000   10.00000  82.8%   7.7 2890s
 13476542 5139139   15.00000   52   43   58.00000   10.00000  82.8%   7.7 2895s
 13492333 5144118   40.00000   60   24   58.00000   10.00000  82.8%   7.7 2900s
 13502905 5148734   56.00000   63   17   58.00000   10.00000  82.8%   7.7 2905s
 13520168 5155085   28.00000   70   24   58.00000   10.00000  82.8%   7.7 2910s
 13529218 5156740   28.00000   54   34   58.00000   10.00000  82.8%   7.7 2916s
 13542457 5162691 infeasible   73        58.00000   10.00000  82.8%   7.7 2921s
 13553787 5167568   31.00000   56   29   58.00000   10.00000  82.8%   7.7 2925s
 13572078 5172091   49.00000   73   20   58.00000   10.00000  82.8%   7.7 2931s
 13584841 5176881   31.53521   62   32   58.00000   10.00000  82.8%   7.7 2935s
 13598901 5183371   42.00000   73   32   58.00000   10.00000  82.8%   7.7 2941s
 13610904 5184725 infeasible   70        58.00000   10.00000  82.8%   7.7 2945s
 13622307 5190455   54.00000   58   23   58.00000   10.00000  82.8%   7.7 2950s
 13636745 5194910   44.00000   61   23   58.00000   10.00000  82.8%   7.7 2955s
 13646427 5197726   53.00000   53   19   58.00000   10.00000  82.8%   7.7 2960s
 13662572 5201717   10.00000   56   40   58.00000   10.00000  82.8%   7.7 2965s
 13675991 5205760   50.00000   66   16   58.00000   10.00000  82.8%   7.7 2970s
 13686663 5211560 infeasible   59        58.00000   10.00000  82.8%   7.7 2976s
 13697829 5213092   10.14359   50   44   58.00000   10.00000  82.8%   7.7 2980s
 13710328 5216707 infeasible   72        58.00000   10.00000  82.8%   7.7 2985s
 13713858 5217728   26.00000   52   36   58.00000   10.00000  82.8%   7.7 2993s
 13717284 5220269   43.04167   66   28   58.00000   10.00000  82.8%   7.7 2995s
 13730254 5224601   57.00000   59   25   58.00000   10.00000  82.8%   7.7 3001s
 13741704 5226996 infeasible   78        58.00000   10.00000  82.8%   7.7 3005s
 13752537 5231563   30.00000   55   33   58.00000   10.00000  82.8%   7.7 3012s
 13764219 5234206   31.00000   60   35   58.00000   10.00000  82.8%   7.7 3015s
 13774701 5238948   30.00000   55   26   58.00000   10.00000  82.8%   7.7 3020s
 13791412 5243576   24.06414   56   40   58.00000   10.00000  82.8%   7.7 3026s
 13804060 5246400   25.00000   53   39   58.00000   10.00000  82.8%   7.7 3030s
 13815446 5250882 infeasible   60        58.00000   10.00000  82.8%   7.7 3036s
 13830516 5254067   29.00000   69   22   58.00000   10.00000  82.8%   7.7 3040s
 13843927 5258319   36.00000   59   24   58.00000   10.00000  82.8%   7.7 3045s
 13854260 5262092 infeasible   64        58.00000   10.00000  82.8%   7.7 3050s
 13863049 5266983   22.20000   54   49   58.00000   10.00000  82.8%   7.7 3055s
 13883011 5271440   38.00000   58   20   58.00000   10.00000  82.8%   7.7 3060s
 13892779 5275102   11.00000   54   28   58.00000   10.00000  82.8%   7.7 3065s
 13906463 5278716   33.00000   70   21   58.00000   10.00000  82.8%   7.7 3070s
 13920505 5284346 infeasible   61        58.00000   10.00000  82.8%   7.7 3075s
 13930437 5288833   57.00000   52   13   58.00000   10.00000  82.8%   7.7 3080s
 13948335 5293139 infeasible   61        58.00000   10.00000  82.8%   7.7 3085s
 13959399 5297805   52.00000   64   25   58.00000   10.00000  82.8%   7.7 3090s
 13974926 5304312   13.00000   58   37   58.00000   10.00000  82.8%   7.7 3096s
 13983803 5305193   20.00000   59   30   58.00000   10.00000  82.8%   7.7 3100s
 13996620 5311928 infeasible   67        58.00000   10.00000  82.8%   7.7 3106s
 14007845 5314189   36.00000   55   33   58.00000   10.00000  82.8%   7.7 3110s
 14019748 5319261 infeasible   63        58.00000   10.00000  82.8%   7.7 3115s
 14036031 5323173   33.00000   59   33   58.00000   10.00000  82.8%   7.7 3120s
 14043271 5327824   37.00000   57   33   58.00000   10.00000  82.8%   7.7 3125s
 14060232 5332152 infeasible   79        58.00000   10.00000  82.8%   7.7 3130s
 14074218 5337282   36.00000   61   21   58.00000   10.00000  82.8%   7.7 3135s
 14086080 5340654   34.31776   58   35   58.00000   10.00000  82.8%   7.7 3140s
 14100136 5345474 infeasible   61        58.00000   10.00000  82.8%   7.7 3145s
 14110495 5348868   38.00903   61   34   58.00000   10.00000  82.8%   7.7 3150s
 14121060 5353580 infeasible   64        58.00000   10.00000  82.8%   7.7 3155s
 14136859 5358725   36.00000   60   13   58.00000   10.00000  82.8%   7.7 3160s
 14149037 5362583   56.00000   60   16   58.00000   10.00000  82.8%   7.7 3167s
 14156902 5366536   26.00000   48   32   58.00000   10.00000  82.8%   7.7 3170s
 14172552 5371420   57.00000   54   13   58.00000   10.00000  82.8%   7.7 3175s
 14186580 5376457   49.00000   71   15   58.00000   10.00000  82.8%   7.7 3180s
 14200689 5380690   56.00000   67   17   58.00000   10.00000  82.8%   7.7 3185s
 14212750 5385171   21.00000   55   20   58.00000   10.00000  82.8%   7.7 3190s
 14226401 5390346 infeasible   65        58.00000   10.00000  82.8%   7.6 3195s
 14240155 5395362   25.00000   53   28   58.00000   10.00000  82.8%   7.6 3201s
 14249713 5399992 infeasible   53        58.00000   10.00000  82.8%   7.6 3205s
 14259114 5402005 infeasible   55        58.00000   10.00000  82.8%   7.6 3210s
 14271555 5406430   40.00000   50   16   58.00000   10.00000  82.8%   7.6 3215s
 14282060 5410217   22.00000   51   25   58.00000   10.00000  82.8%   7.6 3220s
 14295360 5415008   15.75918   62   35   58.00000   10.00170  82.8%   7.6 3226s
 14307077 5421659   15.55556   56   34   58.00000   10.00333  82.8%   7.6 3231s
 14321758 5423851 infeasible   73        58.00000   10.00340  82.8%   7.6 3235s
 14332170 5428110   24.00500   66   26   58.00000   10.00500  82.8%   7.6 3243s
 14334587 5429579   15.00538   66   35   58.00000   10.00538  82.7%   7.6 3245s
 14349452 5433331     cutoff   75        58.00000   10.00717  82.7%   7.6 3250s
 14363699 5438653 infeasible   59        58.00000   10.01064  82.7%   7.6 3255s
 14373977 5444673   25.01075   61   35   58.00000   10.01075  82.7%   7.6 3260s
 14381361 5444669   36.00000   58   35   58.00000   10.01075  82.7%   7.6 3271s
 14389015 5449170   19.00000   57   30   58.00000   10.01081  82.7%   7.6 3276s
 14402048 5453802 infeasible   55        58.00000   10.01081  82.7%   7.6 3280s
 14416838 5459394   38.01036   61   25   58.00000   10.01478  82.7%   7.6 3285s
 14430958 5463660   27.00000   58   23   58.00000   10.02151  82.7%   7.6 3290s
 14438123 5466646   50.00000   56   19   58.00000   10.02379  82.7%   7.6 3295s
 14452625 5471032   44.00000   58   19   58.00000   10.02941  82.7%   7.6 3301s
 14460813 5475049 infeasible   61        58.00000   10.03207  82.7%   7.6 3305s
 14476915 5478572   31.00000   68   31   58.00000   10.03612  82.7%   7.6 3310s
 14487799 5483272   31.13216   58   32   58.00000   10.03965  82.7%   7.6 3315s
 14495373 5485793   10.04103   41   37   58.00000   10.04103  82.7%   7.6 3320s
 14509569 5490043     cutoff   54        58.00000   10.04453  82.7%   7.6 3325s
 14522307 5495016   37.00000   60   28   58.00000   10.05181  82.7%   7.6 3330s
 14535741 5498449 infeasible   74        58.00000   10.05473  82.7%   7.6 3335s
 14547139 5504592   41.00000   59   32   58.00000   10.05500  82.7%   7.6 3341s
 14559782 5507706   55.00000   60   21   58.00000   10.06186  82.7%   7.6 3345s
 14570117 5511002   30.00000   60   27   58.00000   10.06818  82.6%   7.6 3350s
 14584866 5516507 infeasible   66        58.00000   10.07179  82.6%   7.6 3355s
 14599781 5520454   30.00000   65   30   58.00000   10.08532  82.6%   7.6 3360s
 14611357 5523657   32.09453   54   32   58.00000   10.09500  82.6%   7.6 3365s
 14622203 5527134   46.00000   57   24   58.00000   10.10048  82.6%   7.6 3372s
 14628260 5530300   17.07570   44   35   58.00000   10.10377  82.6%   7.6 3375s
 14642300 5535075   55.00000   69   16   58.00000   10.12308  82.5%   7.6 3380s
 14654684 5539973   12.07463   49   33   58.00000   10.15222  82.5%   7.6 3385s
 14668997 5544038 infeasible   63        58.00000   10.20000  82.4%   7.6 3390s
 14682865 5549714   11.00000   51   31   58.00000   10.20000  82.4%   7.6 3395s
 14695790 5554392 infeasible   62        58.00000   10.27285  82.3%   7.6 3400s
 14707422 5559134   54.00000   48   26   58.00000   10.33333  82.2%   7.6 3405s
 14719570 5563766 infeasible   57        58.00000   10.41237  82.0%   7.6 3410s
 14729071 5565744   17.00000   53   32   58.00000   10.50000  81.9%   7.6 3415s
 14743467 5570488 infeasible   53        58.00000   10.50000  81.9%   7.6 3420s
 14755854 5575119 infeasible   63        58.00000   10.53846  81.8%   7.6 3425s
 14768019 5579235   20.00000   64   26   58.00000   10.61538  81.7%   7.6 3430s
 14775395 5581587   54.00000   69   11   58.00000   10.71429  81.5%   7.6 3435s
 14779208 5582207   23.00000   49   25   58.00000   10.75000  81.5%   7.6 3445s
 14790494 5586744   42.00000   56   20   58.00000   10.89474  81.2%   7.6 3450s
 14803259 5591939 infeasible   75        58.00000   11.00000  81.0%   7.6 3455s
 14820850 5597528 infeasible   72        58.00000   11.00000  81.0%   7.6 3460s
 14833604 5601823   44.00000   62   17   58.00000   11.00000  81.0%   7.6 3465s
 14841382 5605011 infeasible   56        58.00000   11.00000  81.0%   7.6 3470s
 14856167 5609807   54.00000   67   14   58.00000   11.00000  81.0%   7.6 3475s
 14869867 5615473   41.00000   53   30   58.00000   11.00000  81.0%   7.6 3480s
 14879718 5618807   23.00000   61   27   58.00000   11.00000  81.0%   7.6 3485s
 14895592 5624634   54.00000   66   11   58.00000   11.00000  81.0%   7.6 3490s
 14909163 5629452   37.00000   58   21   58.00000   11.00000  81.0%   7.6 3495s
 14917923 5633329   32.00000   64   23   58.00000   11.00000  81.0%   7.6 3500s
 14934250 5638827   57.00000   61   21   58.00000   11.00000  81.0%   7.6 3505s
 14943781 5641360   56.00000   60   22   58.00000   11.00000  81.0%   7.6 3510s
 14957204 5648726   39.00000   59   23   58.00000   11.00000  81.0%   7.6 3516s
 14970742 5652183   18.00000   52   26   58.00000   11.00000  81.0%   7.6 3520s
 14988943 5657615   20.00000   56   25   58.00000   11.00000  81.0%   7.6 3525s
 15000040 5661180   33.00000   52   24   58.00000   11.00000  81.0%   7.6 3531s
 15011187 5667207   31.00000   55   23   58.00000   11.00000  81.0%   7.6 3536s
 15022590 5672367   42.00000   51   21   58.00000   11.00000  81.0%   7.6 3540s
 15039969 5677124   21.13189   49   38   58.00000   11.00000  81.0%   7.6 3545s
 15054718 5682306   16.08738   56   31   58.00000   11.00000  81.0%   7.6 3550s
 15065129 5685258   57.00000   53   15   58.00000   11.00000  81.0%   7.6 3555s
 15079193 5690740 infeasible   67        58.00000   11.00000  81.0%   7.6 3560s
 15093792 5696123   46.00000   52   24   58.00000   11.00000  81.0%   7.6 3565s
 15107818 5701361   38.00000   66   22   58.00000   11.00000  81.0%   7.6 3570s
 15119864 5705657   35.00000   53   23   58.00000   11.00000  81.0%   7.6 3575s
 15131386 5709843   43.00000   62   20   58.00000   11.00000  81.0%   7.6 3580s
 15147177 5715507   56.00000   61   16   58.00000   11.00000  81.0%   7.6 3585s
 15158101 5720231 infeasible   59        58.00000   11.00000  81.0%   7.6 3590s
 15169273 5724046   45.00000   66   17   58.00000   11.00000  81.0%   7.6 3595s
 15182921 5727816   55.00000   71   26   58.00000   11.00000  81.0%   7.6 3600s

Cutting planes:
  Learned: 1
  Gomory: 1
  Cover: 2
  Implied bound: 13
  MIR: 3
  Flow cover: 15
  RLT: 1

Explored 15183657 nodes (116012820 simplex iterations) in 3600.05 seconds (441.62 work units)
Thread count was 16 (of 16 available processors)

Solution count 10: 58 59 63 ... 84

Time limit reached
Best objective 5.800000000000e+01, best bound 1.100000000000e+01, gap 81.0345%
Warning: constraint name "precedence between 0,0 to 0,2 if x_[0,0,0,2,3]=0, i.e. 0,2 before 0,0" has a space
Warning: constraint name "precedence between 0,0 to 0,2 if x_[0,0,0,2,3]=0, i.e. 0,2 before 0,0" has a space
Warning: default constraint names used to write mps file
