
Gurobi 10.0.1 (win64) logging started Thu May 18 16:25:14 2023

Set parameter LogFile to value "results/log/Fattahi_setup_10_modificated.log"
Gurobi Optimizer version 10.0.1 build v10.0.1rc0 (win64)

CPU model: AMD Ryzen 7 3700X 8-Core Processor, instruction set [SSE2|AVX|AVX2]
Thread count: 8 physical cores, 16 logical processors, using up to 16 threads

Optimize a model with 147 rows, 185 columns and 488 nonzeros
Model fingerprint: 0x6e580207
Variable types: 0 continuous, 185 integer (164 binary)
Coefficient statistics:
  Matrix range     [1e+00, 1e+09]
  Objective range  [1e+00, 1e+00]
  Bounds range     [1e+00, 1e+00]
  RHS range        [1e+00, 3e+09]
Warning: Model contains large matrix coefficients
Warning: Model contains large rhs
         Consider reformulating model or setting NumericFocus parameter
         to avoid numerical issues.
Presolve removed 57 rows and 127 columns
Presolve time: 0.00s
Presolved: 90 rows, 58 columns, 371 nonzeros
Variable types: 0 continuous, 58 integer (38 binary)

Root relaxation: objective 1.537000e+03, 21 iterations, 0.00 seconds (0.00 work units)

    Nodes    |    Current Node    |     Objective Bounds      |     Work
 Expl Unexpl |  Obj  Depth IntInf | Incumbent    BestBd   Gap | It/Node Time

     0     0 1537.00003    0    7          - 1537.00003      -     -    0s
H    0     0                    2328.0000000 1537.00003  34.0%     -    0s
H    0     0                    2219.0000000 1547.00000  30.3%     -    0s
     0     0 1572.00000    0    9 2219.00000 1572.00000  29.2%     -    0s
H    0     0                    2161.0000000 1572.00000  27.3%     -    0s
H    0     0                    2101.0000000 1572.00000  25.2%     -    0s
H    0     0                    2078.0000000 1582.00000  23.9%     -    0s
H    0     0                    2002.0000000 1582.00000  21.0%     -    0s
     0     0 1588.00000    0   14 2002.00000 1588.00000  20.7%     -    0s
H    0     0                    1984.0000000 1588.00000  20.0%     -    0s
H    0     0                    1901.0000000 1590.00000  16.4%     -    0s
     0     0 1590.00000    0   14 1901.00000 1590.00000  16.4%     -    0s
     0     0 1625.00001    0   10 1901.00000 1625.00001  14.5%     -    0s
     0     0 1628.00000    0   10 1901.00000 1628.00000  14.4%     -    0s
     0     0 1671.00000    0    9 1901.00000 1671.00000  12.1%     -    0s
     0     0 1671.00000    0    9 1901.00000 1671.00000  12.1%     -    0s
     0     2 1671.00000    0    9 1901.00000 1671.00000  12.1%     -    0s
H  184    13                    1899.0000000 1679.00000  11.6%   3.6    0s

Cutting planes:
  Learned: 2
  Implied bound: 4
  MIR: 3
  Flow cover: 10
  RLT: 1
  Relax-and-lift: 1

Explored 244 nodes (931 simplex iterations) in 0.05 seconds (0.01 work units)
Thread count was 16 (of 16 available processors)

Solution count 9: 1899 1901 1984 ... 2328

Optimal solution found (tolerance 1.00e-04)
Best objective 1.899000000000e+03, best bound 1.899000000000e+03, gap 0.0000%
Warning: variable name "y[job:0, stage:0, machine:1]" has a space
Warning: constraint name "precedence between 1,0 to 0,0 if x_[j,l,h,z,i]=1" has a space
Warning: to let Gurobi read it back, use rlp format
Warning: variable name "y[job:0, stage:0, machine:1]" has a space
Warning: constraint name "precedence between 1,0 to 0,0 if x_[j,l,h,z,i]=1" has a space
Warning: default variable names used to write mps file
Warning: default constraint names used to write mps file
Warning: variable name "y[job:0, stage:0, machine:1]" has a space
Warning: default variable names used to write solution file
