
Gurobi 10.0.1 (win64) logging started Thu Jul 13 16:55:27 2023

Set parameter LogFile to value "results/log/PlasticInjection_deadline.log"
Gurobi Optimizer version 10.0.1 build v10.0.1rc0 (win64)

CPU model: AMD Ryzen 7 3700X 8-Core Processor, instruction set [SSE2|AVX|AVX2]
Thread count: 8 physical cores, 16 logical processors, using up to 16 threads

Optimize a model with 2253 rows, 3890 columns and 9106 nonzeros
Model fingerprint: 0x8753e00d
Model has 1 quadratic constraint
Variable types: 0 continuous, 3890 integer (3692 binary)
Coefficient statistics:
  Matrix range     [1e+00, 1e+08]
  QMatrix range    [1e+00, 1e+00]
  QLMatrix range   [1e+00, 1e+07]
  Objective range  [1e+00, 1e+00]
  Bounds range     [1e+00, 1e+00]
  RHS range        [1e+00, 3e+08]
Presolve removed 573 rows and 2995 columns
Presolve time: 0.02s
Presolved: 1824 rows, 1019 columns, 8140 nonzeros
Variable types: 0 continuous, 1019 integer (698 binary)
Found heuristic solution: objective 8.553384e+08
Found heuristic solution: objective 5.757846e+08

Root relaxation: objective 2.058484e+08, 145 iterations, 0.00 seconds (0.00 work units)

    Nodes    |    Current Node    |     Objective Bounds      |     Work
 Expl Unexpl |  Obj  Depth IntInf | Incumbent    BestBd   Gap | It/Node Time

     0     0 2.0585e+08    0   86 5.7578e+08 2.0585e+08  64.2%     -    0s
H    0     0                    3.558468e+08 2.0585e+08  42.2%     -    0s
H    0     0                    3.549703e+08 2.0585e+08  42.0%     -    0s
H    0     0                    3.356425e+08 2.0585e+08  38.7%     -    0s
     0     0 2.4952e+08    0  117 3.3564e+08 2.4952e+08  25.7%     -    0s
     0     0 2.5425e+08    0  109 3.3564e+08 2.5425e+08  24.3%     -    0s
     0     0 2.5677e+08    0   95 3.3564e+08 2.5677e+08  23.5%     -    0s
     0     0 2.5677e+08    0   99 3.3564e+08 2.5677e+08  23.5%     -    0s
     0     0 2.5682e+08    0  120 3.3564e+08 2.5682e+08  23.5%     -    0s
H    0     0                    3.300325e+08 2.5682e+08  22.2%     -    0s
H    0     0                    3.285929e+08 2.5682e+08  21.8%     -    0s
     0     0 2.5682e+08    0  110 3.2859e+08 2.5682e+08  21.8%     -    0s
     0     0 2.5730e+08    0  114 3.2859e+08 2.5730e+08  21.7%     -    0s
H    0     0                    3.275989e+08 2.5730e+08  21.5%     -    0s
     0     0 2.5730e+08    0  120 3.2760e+08 2.5730e+08  21.5%     -    0s
H    0     0                    3.275714e+08 2.5730e+08  21.5%     -    0s
     0     0 2.5745e+08    0  115 3.2757e+08 2.5745e+08  21.4%     -    0s
     0     0 2.5746e+08    0  110 3.2757e+08 2.5746e+08  21.4%     -    0s
H    0     0                    3.251311e+08 2.5746e+08  20.8%     -    0s
     0     0 2.5746e+08    0  118 3.2513e+08 2.5746e+08  20.8%     -    0s
     0     0 2.5746e+08    0   76 3.2513e+08 2.5746e+08  20.8%     -    0s
H    0     0                    3.245393e+08 2.5746e+08  20.7%     -    0s
H    0     0                    3.212065e+08 2.5746e+08  19.8%     -    0s
     0     2 2.5746e+08    0   66 3.2121e+08 2.5746e+08  19.8%     -    0s
H   36    40                    3.209591e+08 2.5868e+08  19.4%  26.7    0s
H   81    96                    3.191999e+08 2.5869e+08  19.0%  14.2    0s
H  263   320                    3.187911e+08 2.5869e+08  18.9%   8.8    0s
H  383   462                    3.187258e+08 2.5869e+08  18.8%   7.7    0s
H  384   462                    3.180120e+08 2.5869e+08  18.7%   7.6    0s
H  394   462                    3.160115e+08 2.5869e+08  18.1%   7.6    0s
H 1235  1235                    3.134881e+08 2.5869e+08  17.5%   5.2    1s
H 2266  1978                    3.128838e+08 2.5873e+08  17.3%   4.6    1s
H 2294  1802                    3.120449e+08 2.5873e+08  17.1%   4.6    1s
H 2299  1714                    3.111991e+08 2.5873e+08  16.9%   4.6    2s
H 2299  1628                    3.108097e+08 2.5873e+08  16.8%   4.6    2s
H 2300  1547                    3.105925e+08 2.5873e+08  16.7%   4.6    2s
H 2338  1511                    3.105925e+08 2.5942e+08  16.5%   8.1    2s
H 2386  1468                    3.096215e+08 2.5942e+08  16.2%   8.4    3s
H 2388  1398                    3.087594e+08 2.5942e+08  16.0%   8.4    3s
H 2436  1379                    3.079321e+08 2.5942e+08  15.8%   8.4    3s
H 2446  1311                    3.043859e+08 2.5942e+08  14.8%   8.4    3s
H 2664  1411                    3.040102e+08 2.5942e+08  14.7%   8.4    3s
H 2671  1351                    3.033872e+08 2.5942e+08  14.5%   8.4    3s
H 2677  1294                    3.026105e+08 2.5942e+08  14.3%   8.4    3s
H 3495  1731                    3.016113e+08 2.5942e+08  14.0%   7.7    4s
H 3496  1680                    3.010253e+08 2.5942e+08  13.8%   7.7    4s
H 3501  1631                    3.009323e+08 2.5942e+08  13.8%   7.7    4s
H 3504  1585                    3.005657e+08 2.5942e+08  13.7%   7.7    4s
H 3511  1540                    3.002369e+08 2.5942e+08  13.6%   7.7    4s
  3750  1809 2.7892e+08   59  133 3.0024e+08 2.5942e+08  13.6%   7.6    5s
H 4835  2401                    2.997238e+08 2.5942e+08  13.4%   7.4    5s
 18011 13094     cutoff   58      2.9972e+08 2.5959e+08  13.4%   6.2   10s
H18467 12977                    2.988331e+08 2.5959e+08  13.1%   6.3   10s
H18473 12905                    2.982822e+08 2.5959e+08  13.0%   6.3   10s
H18481 12658                    2.973708e+08 2.5959e+08  12.7%   6.3   11s
H18482 12051                    2.959492e+08 2.5959e+08  12.3%   6.3   11s
H19582 12801                    2.956076e+08 2.5959e+08  12.2%   6.3   12s
 26928 19223 2.9129e+08  106   89 2.9561e+08 2.5979e+08  12.1%   6.3   15s
H39161 29611                    2.956076e+08 2.5995e+08  12.1%   6.4   19s
H42294 30450                    2.954661e+08 2.6002e+08  12.0%   6.3   21s
H44178 28500                    2.947108e+08 2.6158e+08  11.2%   6.5   24s
 45573 29311 2.8129e+08  133   96 2.9471e+08 2.6158e+08  11.2%   6.5   25s
H47535 28720                    2.941575e+08 2.6158e+08  11.1%   6.5   26s
H48941 28081                    2.939823e+08 2.6158e+08  11.0%   6.5   27s
 56436 31785 infeasible  114      2.9398e+08 2.6173e+08  11.0%   6.6   30s
 63343 32721 2.7331e+08   66  121 2.9398e+08 2.6180e+08  10.9%   6.7   35s
H63541 31220                    2.932625e+08 2.6180e+08  10.7%   6.9   37s
 69213 33692 2.9293e+08   89   85 2.9326e+08 2.6256e+08  10.5%   7.1   40s
 80180 38384     cutoff   73      2.9326e+08 2.6340e+08  10.2%   7.5   45s
 90665 42697 2.9312e+08   97   73 2.9326e+08 2.6389e+08  10.0%   7.7   50s
 99756 46443 2.8149e+08   74   83 2.9326e+08 2.6420e+08  9.91%   7.9   55s
 106874 50516 2.7325e+08   63  113 2.9326e+08 2.6433e+08  9.87%   8.0   61s
 113427 52462 infeasible   97      2.9326e+08 2.6445e+08  9.82%   8.1   65s
 123357 55666 2.9129e+08   69   95 2.9326e+08 2.6457e+08  9.78%   8.1   70s
 128092 58922 2.8989e+08   99   70 2.9326e+08 2.6463e+08  9.76%   8.2   75s
 137749 60545 2.8584e+08   94   72 2.9326e+08 2.6473e+08  9.73%   8.3   80s
 145041 63506 2.7781e+08   66  107 2.9326e+08 2.6484e+08  9.69%   8.3   85s
 154137 66407 2.7282e+08   57  132 2.9326e+08 2.6492e+08  9.66%   8.4   90s
 161075 70474 2.8231e+08   72   98 2.9326e+08 2.6500e+08  9.64%   8.4   95s
 169607 76373 2.6795e+08   61  110 2.9326e+08 2.6507e+08  9.61%   8.4  100s
 176630 81116 2.9124e+08   85   81 2.9326e+08 2.6513e+08  9.59%   8.5  105s
 185108 86462 2.7927e+08   68  102 2.9326e+08 2.6519e+08  9.57%   8.5  111s
 191016 91432 2.8870e+08   76   80 2.9326e+08 2.6523e+08  9.56%   8.6  115s
 199047 96625 2.6664e+08   52  116 2.9326e+08 2.6529e+08  9.54%   8.6  120s
 207517 102899 2.9217e+08   89   82 2.9326e+08 2.6536e+08  9.52%   8.6  125s
 214719 107637 2.8374e+08   66   92 2.9326e+08 2.6540e+08  9.50%   8.6  130s
 221166 112387 2.6567e+08   50  144 2.9326e+08 2.6544e+08  9.49%   8.6  135s
 229390 117814 2.9153e+08   74  101 2.9326e+08 2.6546e+08  9.48%   8.6  140s
 235960 122523 2.9252e+08   75  104 2.9326e+08 2.6550e+08  9.47%   8.7  145s
 243123 127457 2.8362e+08  102   70 2.9326e+08 2.6553e+08  9.46%   8.7  151s
 249914 131731 2.9066e+08   98   72 2.9326e+08 2.6557e+08  9.44%   8.7  156s
 255543 135424 2.8599e+08   66   98 2.9326e+08 2.6559e+08  9.44%   8.7  160s
 262351 140599 2.9318e+08   99   66 2.9326e+08 2.6562e+08  9.42%   8.7  166s
 268242 144344 2.7484e+08   59  106 2.9326e+08 2.6566e+08  9.41%   8.7  170s
 275882 148951 infeasible   77      2.9326e+08 2.6568e+08  9.41%   8.7  175s
 282773 153861 2.7234e+08   65  115 2.9326e+08 2.6571e+08  9.40%   8.7  180s
 290052 158858 2.9237e+08   85   70 2.9326e+08 2.6573e+08  9.39%   8.7  185s
 294689 161761     cutoff  128      2.9326e+08 2.6574e+08  9.38%   8.7  190s
 298578 169851 2.9214e+08  103   71 2.9326e+08 2.6577e+08  9.38%   8.7  201s
 310717 172904 2.6969e+08   60  111 2.9326e+08 2.6581e+08  9.36%   8.7  205s
 318355 177874 2.6933e+08   64  135 2.9326e+08 2.6583e+08  9.35%   8.8  211s
 322858 181583 2.9289e+08   86   79 2.9326e+08 2.6584e+08  9.35%   8.8  215s
 330100 186589 2.9274e+08   93   74 2.9326e+08 2.6586e+08  9.34%   8.8  220s
 337604 191826 2.9044e+08   67   96 2.9326e+08 2.6589e+08  9.33%   8.8  225s
 345079 197077 2.7466e+08   69  111 2.9326e+08 2.6591e+08  9.33%   8.8  231s
 352355 201993 2.8726e+08   71   93 2.9326e+08 2.6593e+08  9.32%   8.8  236s
 358352 205929 2.7112e+08   64   98 2.9326e+08 2.6594e+08  9.32%   8.8  240s
 365253 210697     cutoff   74      2.9326e+08 2.6597e+08  9.31%   8.8  246s
 371713 214832 2.8926e+08   85   92 2.9326e+08 2.6599e+08  9.30%   8.8  250s
 378868 219891 2.9265e+08   91   59 2.9326e+08 2.6601e+08  9.29%   8.8  255s
 385866 225166 2.8968e+08   95   78 2.9326e+08 2.6603e+08  9.29%   8.8  260s
 390243 228068 2.7503e+08   59  132 2.9326e+08 2.6604e+08  9.28%   8.8  265s
 398037 233044 infeasible   87      2.9326e+08 2.6606e+08  9.27%   8.8  271s
 404217 237356 2.7809e+08   72  101 2.9326e+08 2.6607e+08  9.27%   8.8  276s
 410035 241481 2.9293e+08  107   60 2.9326e+08 2.6609e+08  9.27%   8.8  280s
 416705 246125     cutoff   74      2.9326e+08 2.6611e+08  9.26%   8.8  285s
 423970 250783 2.7581e+08   69  108 2.9326e+08 2.6613e+08  9.25%   8.8  291s
 430101 254731 2.8726e+08   76   87 2.9326e+08 2.6614e+08  9.25%   8.8  295s
 437130 259942 2.8980e+08  106   89 2.9326e+08 2.6615e+08  9.24%   8.8  300s
 444523 264669 2.7087e+08   58  127 2.9326e+08 2.6616e+08  9.24%   8.8  306s
 449839 268217 2.6752e+08   65  116 2.9326e+08 2.6618e+08  9.24%   8.8  310s
 456200 272944 2.7085e+08   64  114 2.9326e+08 2.6619e+08  9.23%   8.8  315s
 463726 278303 2.6701e+08   56  125 2.9326e+08 2.6620e+08  9.23%   8.8  320s
 469320 282420 2.7897e+08   63  105 2.9326e+08 2.6621e+08  9.23%   8.8  325s
 476539 287768 2.7947e+08   91   88 2.9326e+08 2.6623e+08  9.22%   8.8  331s
 482340 291296 2.9067e+08   76   86 2.9326e+08 2.6623e+08  9.22%   8.7  335s
 489421 296231 2.8872e+08   85   80 2.9326e+08 2.6625e+08  9.21%   8.8  340s
 495105 299486 2.8885e+08   94   75 2.9326e+08 2.6626e+08  9.21%   8.8  345s
 500594 304155 2.9031e+08   85   82 2.9326e+08 2.6627e+08  9.20%   8.8  351s
 507226 308497 2.6982e+08   67  112 2.9326e+08 2.6629e+08  9.20%   8.8  356s
 513776 312291 2.8870e+08  122   64 2.9326e+08 2.6630e+08  9.19%   8.8  360s

Cutting planes:
  Learned: 22
  Gomory: 19
  Implied bound: 3
  MIR: 8
  Flow cover: 1700
  Inf proof: 13
  Zero half: 2
  RLT: 221
  Relax-and-lift: 47

Explored 514586 nodes (4511685 simplex iterations) in 360.07 seconds (67.38 work units)
Thread count was 16 (of 16 available processors)

Solution count 10: 2.93263e+08 2.93982e+08 2.94158e+08 ... 2.97371e+08

Time limit reached
Best objective 2.932625120000e+08, best bound 2.662996264896e+08, gap 9.1941%
Warning: variable name "b[job:0, stage:0, machine:9]" has a space
Warning: constraint name "precedence between 1,0 to 0,0 if x_[j,l,h,z,i]=1" has a space
Warning: to let Gurobi read it back, use rlp format
Warning: variable name "b[job:0, stage:0, machine:9]" has a space
Warning: constraint name "precedence between 1,0 to 0,0 if x_[j,l,h,z,i]=1" has a space
Warning: default variable names used to write mps file
Warning: default constraint names used to write mps file
Warning: variable name "b[job:0, stage:0, machine:9]" has a space
Warning: default variable names used to write solution file
