
Gurobi 10.0.1 (win64) logging started Fri Jul 14 08:45:10 2023

Set parameter LogFile to value "results-360s-mipfocus2-integralityfocus1/log/MetalMeca_makespan.log"
Gurobi Optimizer version 10.0.1 build v10.0.1rc0 (win64)

CPU model: AMD Ryzen 7 3700X 8-Core Processor, instruction set [SSE2|AVX|AVX2]
Thread count: 8 physical cores, 16 logical processors, using up to 16 threads

Optimize a model with 18596 rows, 45876 columns and 88194 nonzeros
Model fingerprint: 0xc6d8a281
Variable types: 0 continuous, 45876 integer (45332 binary)
Coefficient statistics:
  Matrix range     [1e+00, 1e+08]
  Objective range  [1e+00, 1e+00]
  Bounds range     [1e+00, 1e+00]
  RHS range        [1e+00, 3e+08]
Presolve removed 949 rows and 40526 columns
Presolve time: 0.19s
Presolved: 17647 rows, 5350 columns, 77533 nonzeros
Variable types: 0 continuous, 5350 integer (4807 binary)
Root relaxation presolve removed 73 rows and 0 columns
Root relaxation presolved: 17574 rows, 5423 columns, 77387 nonzeros


Root relaxation: objective 4.008600e+05, 2416 iterations, 0.09 seconds (0.11 work units)

    Nodes    |    Current Node    |     Objective Bounds      |     Work
 Expl Unexpl |  Obj  Depth IntInf | Incumbent    BestBd   Gap | It/Node Time

     0     0 400860.000    0  136          - 400860.000      -     -    0s
     0     0 400860.041    0  403          - 400860.041      -     -    1s
     0     0 400860.041    0  402          - 400860.041      -     -    1s
     0     0 422164.429    0  385          - 422164.429      -     -    1s
     0     0 425374.154    0  336          - 425374.154      -     -    1s
     0     0 425374.154    0  329          - 425374.154      -     -    1s
     0     0 432229.119    0  424          - 432229.119      -     -    2s
     0     0 432229.119    0  418          - 432229.119      -     -    2s
     0     0 434089.920    0  382          - 434089.920      -     -    3s
     0     0 434251.438    0  387          - 434251.438      -     -    3s
     0     0 434292.068    0  405          - 434292.068      -     -    3s
     0     0 434292.236    0  410          - 434292.236      -     -    3s
     0     0 435987.814    0  352          - 435987.814      -     -    4s
     0     0 436081.118    0  411          - 436081.118      -     -    4s
     0     0 436144.800    0  409          - 436144.800      -     -    4s
     0     0 436144.800    0  407          - 436144.800      -     -    5s
     0     0 437566.607    0  528          - 437566.607      -     -    6s
     0     0 437595.092    0  513          - 437595.092      -     -    6s
     0     0 437679.811    0  501          - 437679.811      -     -    6s
     0     0 437703.403    0  518          - 437703.403      -     -    6s
     0     0 437704.586    0  497          - 437704.586      -     -    6s
     0     0 438640.398    0  540          - 438640.398      -     -    7s
     0     0 438805.585    0  556          - 438805.585      -     -    7s
     0     0 438900.337    0  564          - 438900.337      -     -    8s
     0     0 438971.044    0  559          - 438971.044      -     -    8s
     0     0 438995.438    0  557          - 438995.438      -     -    8s
     0     0 439006.107    0  560          - 439006.107      -     -    8s
     0     0 439028.053    0  569          - 439028.053      -     -    8s
     0     0 439037.615    0  558          - 439037.615      -     -    8s
     0     0 439038.121    0  563          - 439038.121      -     -    8s
     0     0 439639.596    0  522          - 439639.596      -     -    9s
     0     0 439821.856    0  537          - 439821.856      -     -   10s
     0     0 439879.965    0  532          - 439879.965      -     -   10s
     0     0 439920.402    0  537          - 439920.402      -     -   10s
     0     0 439935.117    0  544          - 439935.117      -     -   10s
     0     0 439936.221    0  541          - 439936.221      -     -   10s
     0     0 440819.121    0  504          - 440819.121      -     -   12s
     0     0 440951.510    0  506          - 440951.510      -     -   12s
     0     0 440997.939    0  519          - 440997.939      -     -   12s
     0     0 441018.907    0  519          - 441018.907      -     -   12s
     0     0 441097.875    0  531          - 441097.875      -     -   13s
     0     0 441098.590    0  530          - 441098.590      -     -   13s
     0     0 441501.806    0  460          - 441501.806      -     -   14s
     0     0 441617.952    0  497          - 441617.952      -     -   14s
     0     0 441641.913    0  493          - 441641.913      -     -   14s
     0     0 441650.973    0  520          - 441650.973      -     -   14s
     0     0 441655.080    0  520          - 441655.080      -     -   14s
     0     0 442044.033    0  454          - 442044.033      -     -   15s
     0     0 442060.240    0  472          - 442060.240      -     -   16s
     0     0 442077.806    0  486          - 442077.806      -     -   16s
     0     0 442088.328    0  483          - 442088.328      -     -   16s
     0     0 442094.257    0  516          - 442094.257      -     -   16s
     0     0 442302.540    0  526          - 442302.540      -     -   17s
     0     0 442413.100    0  520          - 442413.100      -     -   18s
     0     0 442463.003    0  529          - 442463.003      -     -   18s
     0     0 442477.277    0  535          - 442477.277      -     -   18s
     0     0 442480.427    0  532          - 442480.427      -     -   18s
     0     0 442612.035    0  511          - 442612.035      -     -   19s
     0     0 442714.112    0  554          - 442714.112      -     -   20s
     0     0 442722.396    0  543          - 442722.396      -     -   20s
     0     0 442725.836    0  549          - 442725.836      -     -   20s
     0     0 442826.318    0  541          - 442826.318      -     -   21s
     0     0 442867.982    0  553          - 442867.982      -     -   22s
     0     0 442879.056    0  555          - 442879.056      -     -   22s
     0     0 442886.952    0  525          - 442886.952      -     -   22s
     0     0 442897.660    0  546          - 442897.660      -     -   22s
     0     0 442900.097    0  546          - 442900.097      -     -   22s
     0     0 442984.392    0  518          - 442984.392      -     -   23s
     0     0 443009.802    0  541          - 443009.802      -     -   23s
     0     0 443014.087    0  550          - 443014.087      -     -   24s
     0     0 443042.040    0  543          - 443042.040      -     -   25s
     0     0 443055.257    0  543          - 443055.257      -     -   25s
     0     0 443055.946    0  543          - 443055.946      -     -   25s
     0     0 443097.564    0  530          - 443097.564      -     -   26s
     0     0 443097.564    0  530          - 443097.564      -     -   26s
     0     2 443097.564    0  530          - 443097.564      -     -   27s
   168   186 445206.712   19  453          - 443185.767      -   221   30s
  2895  2453 472640.239  151  170          - 443185.767      -  62.9   35s
H 9161  3176                    700303.00000 443185.767  36.7%  22.6   39s
H 9335  3179                    619811.00000 443185.767  28.5%  22.2   42s
H 9336  3147                    594990.00000 443185.767  25.5%  22.2   42s
H 9338  3142                    582400.00000 443185.767  23.9%  22.2   42s
H 9400  3148                    581833.00000 443288.295  23.8%  22.2   43s
H 9517  3153                    574743.00000 443288.295  22.9%  22.2   44s
H 9590  3141                    574090.00000 443288.295  22.8%  22.2   45s
  9593  3143 452806.178   71  338 574090.000 443288.295  22.8%  22.2   51s
H 9593  2985                    573104.00000 443288.295  22.7%  22.2   53s
  9598  2989 445526.320   14  736 573104.000 444074.709  22.5%  22.2   55s
  9604  2993 564245.000  747  660 573104.000 444806.616  22.4%  22.2   61s
  9611  2997 451752.171   82  659 573104.000 445267.375  22.3%  22.2   68s
H 9618  2852                    572192.00000 445415.975  22.2%  22.2   70s
  9627  2858 505210.000  222  817 572192.000 445861.339  22.1%  22.1   75s
H 9627  2714                    571484.00000 445861.514  22.0%  22.1   76s
H 9628  2579                    570920.00000 445861.514  21.9%  22.1   78s
  9629  2579 447270.808   31  657 570920.000 446044.070  21.9%  22.1   81s
H 9629  2449                    569445.00000 446044.070  21.7%  22.1   82s
H 9629  2326                    568873.00000 446044.070  21.6%  22.1   82s
H 9629  2209                    568038.00000 446044.070  21.5%  22.1   82s
H 9629  2098                    566836.00000 446044.070  21.3%  22.1   82s
H 9629  1992                    566143.00000 446044.070  21.2%  22.1   82s
H 9629  1892                    564060.00000 446044.070  20.9%  22.1   82s
H 9629  1797                    561721.00000 446044.070  20.6%  22.1   82s
  9638  1803 477815.000  179  710 561721.000 446206.860  20.6%  22.1   86s
H 9640  1714                    561543.00000 446230.002  20.5%  22.1   87s
H 9644  1629                    561531.00000 446238.036  20.5%  22.1   88s
H 9645  1548                    561472.00000 446238.036  20.5%  22.1   90s
H 9645  1469                    561119.00000 446238.036  20.5%  22.1   90s
H 9645  1395                    561118.00000 446325.303  20.5%  22.1   91s
H 9652  1329                    560950.00000 446386.717  20.4%  22.1   94s
H 9652  1261                    560914.00000 446386.717  20.4%  22.1   94s
H 9653  1197                    560744.00000 446386.717  20.4%  22.1   96s
H 9653  1136                    560329.00000 446386.717  20.3%  22.1   96s
H 9653  1078                    559919.00000 446386.717  20.3%  22.1   96s
H 9653  1023                    559203.00000 446386.717  20.2%  22.1   96s
H 9653   971                    559201.00000 446409.496  20.2%  22.1   97s
H 9654   923                    557756.00000 446409.496  20.0%  22.1   98s
H 9654   875                    557406.00000 446409.496  19.9%  22.1   98s
H 9656   831                    557107.00000 446429.221  19.9%  22.1  100s
H 9657   790                    557083.00000 446465.217  19.9%  22.1  101s
H 9663   753                    557079.00000 446510.267  19.8%  22.1  104s
H 9669   718                    557075.00000 446558.799  19.8%  22.0  105s
H 9674   683                    557071.00000 446581.116  19.8%  22.0  108s
H 9680   651                    557067.00000 446601.436  19.8%  22.0  109s
  9681   652 454749.946  109  734 557067.000 446601.436  19.8%  22.0  110s
H 9683   619                    555210.00000 446606.280  19.6%  22.0  110s
H 9684   587                    555029.00000 446606.280  19.5%  22.0  111s
H 9691   561                    554986.00000 446651.157  19.5%  22.0  114s
  9695   563 498042.000  261  780 554986.000 446665.802  19.5%  22.0  115s
H 9695   533                    554963.00000 446675.364  19.5%  22.0  116s
H 9700   509                    554472.00000 446687.724  19.4%  22.0  118s
  9703   511 504797.000  337  810 554472.000 446718.110  19.4%  22.0  120s
H 9712   489                    554316.00000 446748.008  19.4%  22.0  124s
  9713   489 461029.234  126  736 554316.000 446753.493  19.4%  21.9  125s
  9723   496 446788.983   40  730 554316.000 446788.983  19.4%  21.9  130s
H 9728   471                    553384.00000 446794.012  19.3%  21.9  132s
H 9733   452                    553383.00000 446796.398  19.3%  32.8  135s
H 9733   429                    553381.00000 446796.398  19.3%  32.8  138s
H 9734   408                    553380.00000 446796.398  19.3%  32.8  139s
  9735   409 446796.398   44  711 553380.000 446796.398  19.3%  32.8  141s
H 9736   389                    553378.00000 446796.398  19.3%  32.8  141s
H 9745   375                    553377.00000 446800.852  19.3%  32.7  146s
H 9747   357                    553375.00000 446803.159  19.3%  32.7  148s
H 9748   340                    553373.00000 446803.159  19.3%  32.7  149s
H 9748   323                    553372.00000 446838.439  19.3%  32.7  150s
H 9755   310                    553370.00000 446870.022  19.2%  32.7  154s
H 9755   294                    553369.00000 446951.273  19.2%  32.7  155s
H 9756   280                    553367.00000 446951.273  19.2%  32.7  155s
  9766   287 488477.000  233  692 553367.000 447183.710  19.2%  32.7  163s
H 9766   272                    553186.00000 447183.710  19.2%  32.7  163s
H 9766   258                    553114.00000 447183.710  19.2%  32.7  163s
  9770   260 484208.771  207  798 553114.000 447196.912  19.1%  32.7  165s
H 9771   247                    552124.00000 447223.624  19.0%  32.7  168s
H 9777   238                    552121.00000 447308.161  19.0%  32.6  172s
H 9778   226                    552054.00000 447308.161  19.0%  32.6  172s
H 9778   214                    552025.00000 447308.161  19.0%  32.6  172s
H 9782   204                    551873.00000 447319.363  18.9%  32.6  174s
H 9783   194                    551613.00000 447319.363  18.9%  32.6  175s
H 9784   184                    551095.00000 447335.298  18.8%  32.6  176s
H 9787   176                    550661.00000 447347.965  18.8%  32.6  177s
H 9788   166                    550611.00000 447347.965  18.8%  32.6  178s
H 9788   157                    550474.00000 447347.965  18.7%  32.6  178s
H 9789   149                    550143.00000 447360.389  18.7%  32.6  179s
H 9792   143                    550142.00000 447376.094  18.7%  32.6  181s
H 9797   137                    550141.00000 447389.731  18.7%  32.6  182s
H 9801   132                    550140.00000 447397.799  18.7%  32.6  184s
H 9802   125                    548513.00000 447397.799  18.4%  32.5  184s
  9805   127 447402.639   25  788 548513.000 447402.639  18.4%  32.5  185s
H 9805   120                    548371.00000 447406.536  18.4%  32.5  186s
  9813   125 461029.234  126  803 548371.000 447419.472  18.4%  32.5  190s
H 9817   120                    547147.00000 447426.609  18.2%  32.5  194s
H 9817   112                    547049.00000 447426.609  18.2%  32.5  196s
  9849   142 450314.833   29  740 547049.000 447443.115  18.2%  42.6  201s
H 9883   158                    546335.00000 447443.115  18.1%  44.4  204s
  9891   163 450601.924   31  735 546335.000 447443.115  18.1%  44.8  206s
  9922   184 450747.673   33  706 546335.000 447443.115  18.1%  46.3  211s
H 9923   177                    545969.00000 447443.115  18.0%  46.3  211s
  9985   234 451334.496   37  725 545969.000 447443.115  18.0%  48.8  215s
H10013   228                    545674.00000 447443.115  18.0%  49.9  216s
H10043   253                    545544.00000 447443.115  18.0%  50.7  219s
H10047   246                    544835.00000 447443.115  17.9%  50.9  219s
H10093   292                    544799.00000 447443.115  17.9%  51.9  221s
H10095   292                    544617.00000 447443.115  17.8%  52.0  221s
H10104   292                    544096.00000 447443.115  17.8%  52.3  221s
H10155   341                    544048.00000 447443.115  17.8%  53.1  224s
H10157   341                    543937.00000 447443.115  17.7%  53.2  224s
H10159   341                    543785.00000 447443.115  17.7%  53.3  224s
 10161   374 453236.412   45  642 543785.000 447443.115  17.7%  53.3  225s
H10202   388                    543532.00000 447443.115  17.7%  54.1  226s
 10261   461 454053.479   52  585 543532.000 447443.115  17.7%  54.8  230s
H10264   461                    543448.00000 447443.115  17.7%  54.9  230s
H10269   461                    543381.00000 447443.115  17.7%  55.0  230s
H10409   595                    543341.00000 447443.115  17.6%  55.8  234s
 10489   756 456232.993   62  530 543341.000 447443.115  17.6%  56.4  235s
 10986  1207 474262.047   82  366 543341.000 447443.115  17.6%  57.1  241s
H11003  1207                    543303.00000 447443.115  17.6%  57.2  241s
H11082  1207                    543119.00000 447443.115  17.6%  57.1  241s
H11084  1207                    542767.00000 447443.115  17.6%  57.2  242s
H11087  1215                    542697.00000 447443.115  17.6%  57.3  243s
 11247  1546 489079.106  102  361 542697.000 447443.115  17.6%  57.3  245s
 12184  2305 447685.640   29  785 542697.000 447479.215  17.5%  55.7  250s
H12270  2305                    542659.00000 447479.215  17.5%  55.9  250s
 12686  2576 451758.098   37  734 542659.000 447479.215  17.5%  56.7  255s
 12931  2849 447823.303   31  850 542659.000 447482.555  17.5%  59.8  261s
H13088  2849                    542442.00000 447482.555  17.5%  60.7  263s
 13097  2868 447970.667   33  801 542442.000 447482.555  17.5%  61.0  265s
H13110  2868                    542420.00000 447482.555  17.5%  61.0  265s
 13404  3157 448900.861   39  775 542420.000 447482.555  17.5%  64.5  270s
 13768  3430 450121.716   44  701 542420.000 447482.555  17.5%  67.1  276s
H13903  3372                    541513.00000 447482.555  17.4%  68.5  278s
 13929  3450 454987.376   51  575 541513.000 447482.555  17.4%  69.2  281s
H13935  3446                    541162.00000 447482.555  17.3%  69.2  281s
H13944  3446                    541065.00000 447482.555  17.3%  69.5  281s
H13987  3433                    539130.00000 447482.555  17.0%  69.7  281s
 14160  3645 472346.226   61  495 539130.000 447482.555  17.0%  71.2  285s
H14310  3765                    538159.00000 447482.555  16.8%  72.2  288s
 14463  4043 517414.016  108  220 538159.000 447743.979  16.8%  72.6  291s
H14902  4149                    538154.00000 447744.003  16.8%  74.0  293s
 15001  4276 448970.301   38  746 538154.000 447744.003  16.8%  74.8  295s
H15168  4290                    538149.00000 447744.003  16.8%  75.9  299s
H15176  4289                    537930.00000 447744.003  16.8%  76.1  299s
H15179  4286                    537753.00000 447744.003  16.7%  76.2  299s
 15183  4474 450732.960   43  688 537753.000 447744.003  16.7%  76.3  302s
 15391  4737 455900.888   48  615 537753.000 447744.003  16.7%  77.8  305s
H15835  4881                    537752.00000 447744.003  16.7%  79.5  308s
 15871  5187 461815.898   56  556 537752.000 447744.003  16.7%  80.1  311s
 16269  5300 485862.940   69  395 537752.000 447745.207  16.7%  81.4  316s
H16385  5300                    537747.00000 448100.081  16.7%  81.5  316s
H16388  5293                    537570.00000 448100.081  16.6%  81.6  316s
 16547  5579 450130.322   39  746 537570.000 448100.081  16.6%  84.1  321s
 16733  6001 453991.746   46  617 537570.000 448100.081  16.6%  86.0  325s
H16748  5998                    537260.00000 448100.081  16.6%  86.1  325s
 17255  6164 472255.071   57  540 537260.000 448100.081  16.6%  86.5  330s
H17315  6164                    537259.00000 448100.081  16.6%  87.0  330s
H17408  6162                    537240.00000 448100.081  16.6%  86.9  330s
 17493  6560 493995.504   71  387 537240.000 448163.513  16.6%  87.4  335s
H17972  7048                    537148.00000 448202.734  16.6%  88.3  339s
H18108  7048                    537133.00000 448202.734  16.6%  88.8  339s
 18493  7550 465704.859   59  556 537133.000 448207.091  16.6%  88.1  344s
H19049  7459                    535302.00000 448207.091  16.3%  87.3  344s
 19166  7580 449857.261   37  721 535302.000 448207.091  16.3%  87.5  349s
H19177  7364                    532847.00000 448207.091  15.9%  87.6  349s
 19345  7663 453667.446   48  534 532847.000 448244.469  15.9%  87.9  353s
 19748  7842 451564.463   38  696 532847.000 448286.942  15.9%  89.6  356s
 19970  8178 480388.287   63  405 532847.000 448299.044  15.9%  91.0  360s

Cutting planes:
  Learned: 94
  Gomory: 56
  Implied bound: 71
  MIR: 836
  Flow cover: 2684
  Inf proof: 410
  Zero half: 31
  RLT: 32
  Relax-and-lift: 731

Explored 20417 nodes (1906587 simplex iterations) in 360.16 seconds (513.03 work units)
Thread count was 16 (of 16 available processors)

Solution count 10: 532847 535302 537133 ... 537752

Time limit reached
Best objective 5.328470000000e+05, best bound 4.483400000000e+05, gap 15.8595%
Warning: constraint name "precedence between 1,0 to 0,0 if x_[j,l,h,z,i]=1" has a space
Warning: constraint name "precedence between 1,0 to 0,0 if x_[j,l,h,z,i]=1" has a space
Warning: default constraint names used to write mps file
