
Gurobi 10.0.1 (win64) logging started Thu Jul 13 17:26:10 2023

Set parameter LogFile to value "results/log/MetalMeca_makespan.log"
Gurobi Optimizer version 10.0.1 build v10.0.1rc0 (win64)

CPU model: AMD Ryzen 7 3700X 8-Core Processor, instruction set [SSE2|AVX|AVX2]
Thread count: 8 physical cores, 16 logical processors, using up to 16 threads

Optimize a model with 18596 rows, 45876 columns and 89198 nonzeros
Model fingerprint: 0x444cce72
Variable types: 0 continuous, 45876 integer (45332 binary)
Coefficient statistics:
  Matrix range     [1e+00, 1e+08]
  Objective range  [1e+00, 1e+00]
  Bounds range     [1e+00, 1e+00]
  RHS range        [1e+00, 3e+08]
Presolve removed 949 rows and 40526 columns
Presolve time: 0.20s
Presolved: 17647 rows, 5350 columns, 77533 nonzeros
Variable types: 0 continuous, 5350 integer (4807 binary)
Root relaxation presolve removed 73 rows and 0 columns
Root relaxation presolved: 17574 rows, 5423 columns, 77387 nonzeros


Root relaxation: objective 2.368020e+06, 2835 iterations, 0.11 seconds (0.10 work units)

    Nodes    |    Current Node    |     Objective Bounds      |     Work
 Expl Unexpl |  Obj  Depth IntInf | Incumbent    BestBd   Gap | It/Node Time

     0     0 2368020.00    0  484          - 2368020.00      -     -    0s
     0     0 2375888.26    0  816          - 2375888.26      -     -    0s
     0     0 2385806.12    0  726          - 2385806.12      -     -    0s
     0     0 2385806.12    0  683          - 2385806.12      -     -    0s
     0     0 2488252.84    0  668          - 2488252.84      -     -    1s
     0     0 2488252.84    0  624          - 2488252.84      -     -    1s
     0     0 2488558.32    0  623          - 2488558.32      -     -    1s
     0     0 2488558.32    0  639          - 2488558.32      -     -    1s
     0     0 2491891.94    0  676          - 2491891.94      -     -    1s
     0     0 2492014.77    0  655          - 2492014.77      -     -    2s
     0     0 2492701.92    0  650          - 2492701.92      -     -    2s
     0     0 2492704.49    0  654          - 2492704.49      -     -    2s
     0     0 2495248.59    0  661          - 2495248.59      -     -    2s
     0     0 2497308.81    0  656          - 2497308.81      -     -    2s
     0     0 2497573.52    0  666          - 2497573.52      -     -    2s
     0     0 2497593.77    0  643          - 2497593.77      -     -    2s
     0     0 2499937.75    0  693          - 2499937.75      -     -    3s
     0     0 2500762.83    0  689          - 2500762.83      -     -    3s
     0     0 2500822.14    0  691          - 2500822.14      -     -    3s
     0     0 2501065.53    0  681          - 2501065.53      -     -    3s
     0     0 2501067.23    0  699          - 2501067.23      -     -    3s
     0     0 2504212.43    0  661          - 2504212.43      -     -    3s
     0     0 2504391.14    0  667          - 2504391.14      -     -    3s
     0     0 2504682.81    0  666          - 2504682.81      -     -    3s
     0     0 2504706.85    0  667          - 2504706.85      -     -    3s
     0     0 2537950.10    0  649          - 2537950.10      -     -    4s
     0     0 2538537.11    0  657          - 2538537.11      -     -    4s
     0     0 2538648.04    0  664          - 2538648.04      -     -    4s
     0     0 2538676.84    0  676          - 2538676.84      -     -    4s
     0     0 2539042.32    0  655          - 2539042.32      -     -    4s
     0     0 2539316.34    0  684          - 2539316.34      -     -    4s
     0     0 2539366.97    0  662          - 2539366.97      -     -    4s
     0     0 2539368.33    0  678          - 2539368.33      -     -    4s
H    0     0                    4043580.0000 2539368.33  37.2%     -    5s
     0     0 2539774.19    0  658 4043580.00 2539774.19  37.2%     -    5s
H    0     0                    4014889.0000 2539811.33  36.7%     -    6s
H    0     0                    3445006.0000 2539811.33  26.3%     -    6s
H    0     0                    3444662.0000 2539811.33  26.3%     -    6s
     0     0 2539811.33    0  666 3444662.00 2539811.33  26.3%     -    6s
     0     0 2539821.22    0  675 3444662.00 2539821.22  26.3%     -    6s
     0     0 2540177.12    0  672 3444662.00 2540177.12  26.3%     -    7s
H    0     0                    3444579.0000 2540177.12  26.3%     -    7s
     0     0 2540212.31    0  685 3444579.00 2540212.31  26.3%     -    7s
     0     0 2540220.06    0  707 3444579.00 2540220.06  26.3%     -    7s
     0     0 2540442.80    0  722 3444579.00 2540442.80  26.2%     -    7s
H    0     0                    3444499.0000 2540442.80  26.2%     -    7s
     0     0 2540592.95    0  729 3444499.00 2540592.95  26.2%     -    7s
     0     0 2540686.10    0  720 3444499.00 2540686.10  26.2%     -    7s
     0     0 2540797.07    0  722 3444499.00 2540797.07  26.2%     -    7s
     0     0 2540871.02    0  721 3444499.00 2540871.02  26.2%     -    7s
     0     0 2540984.72    0  742 3444499.00 2540984.72  26.2%     -    8s
     0     0 2541065.70    0  732 3444499.00 2541065.70  26.2%     -    8s
     0     0 2541117.66    0  759 3444499.00 2541117.66  26.2%     -    8s
     0     0 2541144.85    0  760 3444499.00 2541144.85  26.2%     -    8s
H    0     0                    3440892.0000 2543672.03  26.1%     -    8s
     0     0 2543672.03    0  772 3440892.00 2543672.03  26.1%     -    8s
     0     0 2545076.14    0  804 3440892.00 2545076.14  26.0%     -    8s
     0     0 2545681.16    0  793 3440892.00 2545681.16  26.0%     -    9s
     0     0 2546034.52    0  783 3440892.00 2546034.52  26.0%     -    9s
H    0     0                    3427438.0000 2546259.34  25.7%     -    9s
     0     0 2546259.34    0  806 3427438.00 2546259.34  25.7%     -    9s
H    0     0                    3418905.0000 2546421.68  25.5%     -    9s
     0     0 2546421.68    0  793 3418905.00 2546421.68  25.5%     -    9s
     0     0 2546868.69    0  806 3418905.00 2546868.69  25.5%     -    9s
H    0     0                    3404289.0000 2547012.26  25.2%     -    9s
     0     0 2547012.26    0  810 3404289.00 2547012.26  25.2%     -    9s
     0     0 2547060.36    0  805 3404289.00 2547060.36  25.2%     -    9s
     0     0 2547066.44    0  804 3404289.00 2547066.44  25.2%     -    9s
H    0     0                    3393529.0000 2547066.44  24.9%     -   10s
     0     0 2549639.62    0  827 3393529.00 2549639.62  24.9%     -   10s
H    0     0                    3388463.0000 2549639.62  24.8%     -   10s
     0     0 2549984.25    0  824 3388463.00 2549984.25  24.7%     -   10s
     0     0 2550069.26    0  843 3388463.00 2550069.26  24.7%     -   10s
     0     0 2550106.61    0  827 3388463.00 2550106.61  24.7%     -   10s
H    0     0                    3361027.0000 2550106.61  24.1%     -   11s
     0     0 2551333.99    0  821 3361027.00 2551333.99  24.1%     -   11s
H    0     0                    3351471.0000 2551333.99  23.9%     -   11s
     0     0 2551546.89    0  814 3351471.00 2551546.89  23.9%     -   11s
     0     0 2551600.84    0  830 3351471.00 2551600.84  23.9%     -   11s
     0     0 2551614.30    0  803 3351471.00 2551614.30  23.9%     -   11s
H    0     0                    3291876.0000 2551614.30  22.5%     -   12s
H    0     0                    3282163.0000 2551614.30  22.3%     -   12s
H    0     0                    3272724.0000 2552306.72  22.0%     -   12s
     0     0 2552306.72    0  806 3272724.00 2552306.72  22.0%     -   12s
H    0     0                    3269165.0000 2552306.72  21.9%     -   12s
     0     0 2552681.34    0  840 3269165.00 2552681.34  21.9%     -   12s
     0     0 2552790.61    0  853 3269165.00 2552790.61  21.9%     -   12s
     0     0 2552818.42    0  836 3269165.00 2552818.42  21.9%     -   12s
H    0     0                    3231165.0000 2552818.42  21.0%     -   13s
H    0     0                    3216195.0000 2553493.21  20.6%     -   13s
     0     0 2553493.21    0  813 3216195.00 2553493.21  20.6%     -   13s
H    0     0                    3213405.0000 2553493.21  20.5%     -   13s
     0     0 2553672.45    0  807 3213405.00 2553672.45  20.5%     -   13s
H    0     0                    3210003.0000 2553764.78  20.4%     -   13s
     0     0 2553764.78    0  807 3210003.00 2553764.78  20.4%     -   13s
     0     0 2553797.26    0  820 3210003.00 2553797.26  20.4%     -   13s
H    0     0                    3203401.0000 2553797.26  20.3%     -   14s
     0     0 2554212.14    0  805 3203401.00 2554212.14  20.3%     -   14s
H    0     0                    3198479.0000 2554212.14  20.1%     -   14s
H    0     0                    3176940.0000 2554409.64  19.6%     -   15s
     0     0 2554409.64    0  825 3176940.00 2554409.64  19.6%     -   15s
     0     0 2554492.80    0  827 3176940.00 2554492.80  19.6%     -   15s
     0     0 2554527.45    0  850 3176940.00 2554527.45  19.6%     -   15s
H    0     0                    3169771.0000 2554527.45  19.4%     -   16s
     0     0 2555033.97    0  814 3169771.00 2555033.97  19.4%     -   16s
H    0     0                    3168116.0000 2555033.97  19.4%     -   16s
     0     0 2555158.54    0  839 3168116.00 2555158.54  19.3%     -   16s
     0     0 2555234.68    0  829 3168116.00 2555234.68  19.3%     -   16s
     0     0 2555261.10    0  822 3168116.00 2555261.10  19.3%     -   16s
     0     0 2555545.76    0  829 3168116.00 2555545.76  19.3%     -   17s
H    0     0                    3166308.0000 2555545.76  19.3%     -   17s
     0     0 2555709.24    0  836 3166308.00 2555709.24  19.3%     -   17s
     0     0 2555726.52    0  845 3166308.00 2555726.52  19.3%     -   17s
     0     0 2555885.57    0  875 3166308.00 2555885.57  19.3%     -   18s
H    0     0                    3164392.0000 2555885.57  19.2%     -   18s
     0     0 2555952.63    0  843 3164392.00 2555952.63  19.2%     -   18s
     0     0 2555973.23    0  855 3164392.00 2555973.23  19.2%     -   18s
     0     0 2556219.95    0  853 3164392.00 2556219.95  19.2%     -   18s
     0     0 2556219.95    0  789 3164392.00 2556219.95  19.2%     -   19s
H    0     0                    3146798.0000 2556219.95  18.8%     -   19s
     0     2 2556219.95    0  787 3146798.00 2556219.95  18.8%     -   19s
     1     4 2557037.49    1  773 3146798.00 2556221.72  18.8%   711   20s
H   34    40                    3140866.0000 2559667.27  18.5%   535   22s
H   76    80                    3140420.0000 2559667.27  18.5%   271   23s
H  106   115                    3139839.0000 2559667.27  18.5%   207   24s
H  110   115                    3138081.0000 2559667.27  18.4%   200   24s
H  111   115                    3137592.0000 2559667.27  18.4%   198   24s
H  113   115                    3136631.0000 2559667.27  18.4%   195   24s
H  114   123                    3129129.0000 2559667.27  18.2%   195   26s
H  141   157                    3128742.0000 2559667.27  18.2%   167   26s
H  143   157                    3122921.0000 2559667.27  18.0%   165   27s
H  190   201                    3121891.0000 2559667.27  18.0%   133   27s
H  191   201                    3120758.0000 2559667.27  18.0%   133   27s
H  192   201                    3119008.0000 2559667.27  17.9%   132   27s
H  227   235                    3118685.0000 2559667.27  17.9%   123   28s
H  228   235                    3109700.0000 2559667.27  17.7%   123   28s
H  278   276                    3104131.0000 2559667.27  17.5%   126   29s
   347   356 2565188.14   27  797 3104131.00 2559667.27  17.5%   120   30s
H  348   356                    3102232.0000 2559667.27  17.5%   120   30s
H  349   356                    3097841.0000 2559667.27  17.4%   120   30s
H 1020   989                    3088050.0000 2559667.27  17.1%  88.7   36s
H 1261  1217                    3087326.0000 2559667.27  17.1%  80.3   38s
H 1265  1217                    3086734.0000 2559667.27  17.1%  80.4   38s
H 1269  1217                    3083374.0000 2559667.27  17.0%  80.6   38s
  1562  1582 2583231.97   81  685 3083374.00 2559667.27  17.0%  72.6   40s
  4094  4105 2857963.00  232  129 3083374.00 2559667.27  17.0%  44.4   45s
H 4790  4373                    3082109.0000 2560309.94  16.9%  43.5   48s
H 4792  3948                    3082083.0000 2560309.94  16.9%  43.5   50s
H 4792  3751                    3082060.0000 2560309.94  16.9%  43.5   52s
  4794  3752 2576805.78   75  794 3082060.00 2560309.94  16.9%  43.4   55s
  4807  3761 2968850.32  392  806 3082060.00 2560309.94  16.9%  43.3   61s
  4812  3764 2564505.15   16  828 3082060.00 2564505.15  16.8%  43.3   66s
  4818  3768 2569862.70   22  840 3082060.00 2566370.62  16.7%  43.2   70s
  4823  3771 2722525.26  211  801 3082060.00 2567401.16  16.7%  43.2   75s
  4831  3777 2693842.00  227  852 3082060.00 2568101.38  16.7%  43.1   80s
  4837  3781 2655650.67  183  788 3082060.00 2568715.17  16.7%  43.1   87s
  4842  3784 2701134.00  224  818 3082060.00 2568979.22  16.6%  43.0   90s
  4846  3787 2727544.02  297  810 3082060.00 2569120.91  16.6%  43.0   95s
  4851  3790 2629282.45  197  850 3082060.00 2569254.34  16.6%  42.9  100s
  4855  3793 2976192.02  328  800 3082060.00 2569386.43  16.6%  42.9  105s
  4858  3795 2620864.82  182  830 3082060.00 2569425.32  16.6%  42.9  110s
  4874  3814 2571194.97   15  772 3082060.00 2569773.54  16.6%  53.7  115s
  4980  3885 2572056.65   22  766 3082060.00 2569824.67  16.6%  58.6  121s
  5005  3909 2572396.84   23  765 3082060.00 2569824.67  16.6%  59.1  125s
  5094  3959 2574628.82   28  745 3082060.00 2569824.67  16.6%  61.1  131s
H 5158  3805                    3079442.0000 2569824.67  16.5%  62.5  134s
H 5198  3655                    3077057.0000 2569824.67  16.5%  63.1  135s
H 5243  3510                    3074867.0000 2569824.67  16.4%  64.0  137s
H 5244  3346                    3073645.0000 2569824.67  16.4%  64.1  137s
  5425  3513 2587126.55   42  659 3073645.00 2569824.67  16.4%  65.8  140s
  5861  3803 2636198.43   51  596 3073645.00 2569824.67  16.4%  67.1  145s
H 5881  3642                    3072255.0000 2569824.67  16.4%  67.2  145s
H 5941  3474                    3070113.0000 2569824.67  16.3%  66.7  145s
H 6628  3686                    3065181.0000 2569824.67  16.2%  67.7  152s
H 6634  3537                    3058494.0000 2569824.67  16.0%  67.7  152s
H 6955  3559                    3049524.0000 2569824.67  15.7%  67.1  157s
H 6959  3437                    3049381.0000 2569824.67  15.7%  67.1  157s
  7435  3909 2963349.06  229  166 3049381.00 2569824.67  15.7%  66.0  160s
H 8254  4101                    3049251.0000 2569887.91  15.7%  64.3  163s
H 8264  3984                    3047699.0000 2569887.91  15.7%  64.4  163s
  8349  4223 2649380.61   39  576 3047699.00 2569887.91  15.7%  65.0  170s
H 8505  4065                    3047499.0000 2569887.91  15.7%  64.1  170s
  9298  4388 2616733.98   35  661 3047499.00 2570101.13  15.7%  65.6  176s
H 9649  4448                    3047450.0000 2570226.74  15.7%  66.7  179s
H 9685  4339                    3047277.0000 2570226.74  15.7%  66.6  179s
  9693  4801 2571884.76   23  750 3047277.00 2570226.74  15.7%  66.6  184s
H 9705  4695                    3044441.0000 2570226.74  15.6%  66.6  184s
H 9815  4649                    3043927.0000 2570226.74  15.6%  66.1  184s
H 9902  4625                    3041055.0000 2570226.74  15.5%  65.7  184s
 10207  5001 2575141.69   36  708 3041055.00 2570226.74  15.5%  64.8  185s
H11111  5563                    3040767.0000 2570226.74  15.5%  64.4  190s
H11242  5556                    3040292.0000 2570348.07  15.5%  64.7  191s
H11343  5635                    3038076.0000 2570348.07  15.4%  64.9  193s
 11476  5917 2574654.28   24  762 3038076.00 2570348.07  15.4%  65.1  195s
 12268  6434 2773621.85   69  406 3038076.00 2570348.07  15.4%  67.5  201s
H12513  6680                    3036903.0000 2570740.14  15.3%  68.2  203s
 12741  7238 2583376.37   25  695 3036903.00 2570740.14  15.3%  68.7  206s
H13674  7421                    3036448.0000 2570839.57  15.3%  68.9  235s
H13675  7416                    3036122.0000 2570839.57  15.3%  68.9  235s
H13676  7318                    3028465.0000 2570839.57  15.1%  68.9  235s
H13707  7634                    3028203.0000 2570839.57  15.1%  69.1  238s
 14070  8013 2601693.06   65  545 3028203.00 2570839.57  15.1%  69.1  241s
 14503  8794 2685880.41  108  345 3028203.00 2571024.33  15.1%  68.9  247s
H15452  8799                    3026677.0000 2571059.95  15.1%  67.8  251s
 15655  9256 2575895.99   28  706 3026677.00 2571059.95  15.1%  68.4  255s
 16039  9446 2645283.06   39  595 3026677.00 2571163.49  15.0%  68.9  260s
H16157  9442                    3026364.0000 2571163.49  15.0%  68.7  260s
 16702 10482 2610578.89   30  649 3026364.00 2571163.49  15.0%  69.1  268s
 17454 11107 infeasible   73      3026364.00 2571305.56  15.0%  68.5  272s
H17455 11105                    3026344.0000 2571305.56  15.0%  68.5  272s
H17636 11102                    3025684.0000 2571305.56  15.0%  68.3  272s
H18130 11100                    3025465.0000 2571305.56  15.0%  68.1  272s
 18157 11703 2579265.05   29  680 3025465.00 2571305.56  15.0%  68.3  276s
 18861 12703 2667716.16  101  397 3025465.00 2571349.50  15.0%  68.0  280s
H20163 13053                    3025122.0000 2571456.54  15.0%  66.0  283s
H20294 13052                    3024981.0000 2571456.54  15.0%  66.1  283s
H20384 13042                    3024487.0000 2571456.54  15.0%  66.0  283s
H20490 13041                    3024346.0000 2571456.54  15.0%  66.5  284s
H20539 13050                    3024039.0000 2571456.54  15.0%  66.6  292s
H20547 13045                    3023858.0000 2571456.54  15.0%  66.5  292s
 20554 14278 2753315.13  107  307 3023858.00 2571460.26  15.0%  66.6  296s
H21911 14694                    3023791.0000 2571506.95  15.0%  64.3  299s
H22059 14692                    3023753.0000 2571506.95  15.0%  64.6  299s
 22446 15499 2977859.79   96  277 3023753.00 2571525.69  15.0%  64.5  303s
 23527 15824 2647670.93   44  508 3023753.00 2571640.98  15.0%  63.8  306s
 24569 17097 2814254.09   57  391 3023753.00 2571727.71  14.9%  64.7  314s
 25457 17395 2576781.91   24  751 3023753.00 2571727.71  14.9%  64.0  318s
 25817 17993 2986723.79  102  268 3023753.00 2571792.21  14.9%  64.5  322s
 26723 18332 2587281.34   26  657 3023753.00 2571886.60  14.9%  64.6  325s
 27070 19525 2689656.89   37  484 3023753.00 2571888.13  14.9%  66.0  330s
 29353 21070 2580318.80   28  797 3023753.00 2571932.28  14.9%  64.9  339s
 30303 21688 2742871.08   55  446 3023753.00 2571957.39  14.9%  65.7  344s
H31026 21667                    3022934.0000 2571979.66  14.9%  66.0  344s
 31081 22322 2685723.12   45  540 3022934.00 2571985.60  14.9%  66.2  351s
 31911 24270 2599089.88   49  507 3022934.00 2572056.47  14.9%  66.5  358s
 34147 24276 2602307.92   29  667 3022934.00 2572059.23  14.9%  64.5  360s

Cutting planes:
  Learned: 76
  Gomory: 80
  Implied bound: 80
  MIR: 972
  StrongCG: 2
  Flow cover: 2535
  Inf proof: 369
  Zero half: 24
  RLT: 16
  Relax-and-lift: 706

Explored 34205 nodes (2238494 simplex iterations) in 360.12 seconds (488.39 work units)
Thread count was 16 (of 16 available processors)

Solution count 10: 3.02293e+06 3.02375e+06 3.02379e+06 ... 3.02547e+06

Time limit reached
Best objective 3.022934000000e+06, best bound 2.572059231881e+06, gap 14.9151%
Warning: constraint name "precedence between 1,0 to 0,0 if x_[j,l,h,z,i]=1" has a space
Warning: constraint name "precedence between 1,0 to 0,0 if x_[j,l,h,z,i]=1" has a space
Warning: default constraint names used to write mps file
